Q:
size: 6
(0,0,4.91219) (1,1,4.91219) (2,2,4.91219) (3,3,4.91219) (4,3,0) (3,4,0) (4,4,4.91219) (5,5,4.91219) 
policy_converges:
1
Q:
size: 21
(0,0,9.82438) (1,0,4.91219) (15,0,4.91219) (0,1,4.91219) (1,1,9.82438) (2,2,9.82438) (3,2,-3.10862e-15) (4,2,4.79079) (5,2,0) (6,2,4.91219) (9,2,4.79079) (10,2,3.47344) (11,2,3.10862e-15) (12,2,3.47344) (2,3,-3.55271e-15) (3,3,9.82438) (4,3,1.08531) (5,3,4.91219) (9,3,1.08531) (13,3,3.55271e-15) (16,3,4.91219) (2,4,4.79079) (3,4,1.08531) (4,4,9.82438) (5,4,1.08531) (8,4,4.15503) (11,4,1.08531) (13,4,4.79079) (14,4,4.79079) (18,4,1.08531) (2,5,0) (3,5,4.91219) (4,5,1.08531) (5,5,9.82438) (12,5,3.47344) (2,6,4.91219) (6,6,9.82438) (7,6,4.88498e-15) (8,6,3.47344) (9,6,4.79079) (10,6,3.47344) (11,6,2.22045e-15) (12,6,3.47344) (19,6,4.91219) (6,7,5.32907e-15) (7,7,9.82438) (8,7,3.47344) (10,7,3.47344) (14,7,-4.88498e-15) (17,7,4.91219) (19,7,3.9968e-15) (20,7,-3.9968e-15) (4,8,4.15503) (6,8,3.47344) (7,8,3.47344) (8,8,9.82438) (11,8,3.47344) (13,8,3.47344) (14,8,3.47344) (18,8,3.47344) (19,8,3.47344) (2,9,4.79079) (3,9,1.08531) (6,9,4.79079) (9,9,9.82438) (10,9,4.15503) (11,9,1.08531) (12,9,4.15503) (13,9,4.79079) (16,9,1.08531) (2,10,3.47344) (6,10,3.47344) (7,10,3.47344) (9,10,4.15503) (10,10,9.82438) (11,10,3.47344) (12,10,4.91219) (14,10,3.47344) (17,10,3.47344) (20,10,3.47344) (2,11,2.66454e-15) (4,11,1.08531) (6,11,1.77636e-15) (8,11,3.47344) (9,11,1.08531) (10,11,3.47344) (11,11,9.82438) (12,11,3.47344) (13,11,-2.66454e-15) (14,11,-2.22045e-15) (18,11,4.91219) (2,12,3.47344) (5,12,3.47344) (6,12,3.47344) (9,12,4.15503) (10,12,4.91219) (11,12,3.47344) (12,12,9.82438) (3,13,3.10862e-15) (4,13,4.79079) (8,13,3.47344) (9,13,4.79079) (11,13,-3.10862e-15) (13,13,9.82438) (14,13,4.91219) (16,13,0) (18,13,0) (4,14,4.79079) (7,14,-4.88498e-15) (8,14,3.47344) (10,14,3.47344) (11,14,-2.22045e-15) (13,14,4.91219) (14,14,9.82438) (17,14,-8.88178e-16) (18,14,8.88178e-16) (20,14,4.91219) (0,15,4.91219) (15,15,4.91219) (3,16,4.91219) (9,16,1.08531) (13,16,0) (16,16,4.91219) (7,17,4.91219) (10,17,3.47344) (14,17,-8.88178e-16) (17,17,4.91219) (20,17,0) (4,18,1.08531) (8,18,3.47344) (11,18,4.91219) (13,18,0) (14,18,8.88178e-16) (18,18,4.91219) (6,19,4.91219) (7,19,3.9968e-15) (8,19,3.47344) (19,19,4.91219) (7,20,-3.9968e-15) (10,20,3.47344) (14,20,4.91219) (17,20,0) (20,20,4.91219) 
policy_converges:
1
Q:
size: 6
(0,0,4.91219) (1,1,4.91219) (2,2,4.91219) (3,3,4.91219) (4,3,0) (3,4,0) (4,4,4.91219) (5,5,4.91219) 
policy_converges:
1
Q:
size: 10
(0,0,9.82438) (1,0,4.91219) (0,1,4.91219) (1,1,9.82438) (2,2,9.82438) (3,2,4.79079) (4,2,0) (5,2,4.91219) (6,2,4.79079) (7,2,3.47344) (2,3,4.79079) (3,3,9.82438) (4,3,1.08531) (8,3,4.79079) (9,3,4.79079) (2,4,0) (3,4,1.08531) (4,4,9.82438) (7,4,3.47344) (2,5,4.91219) (5,5,9.82438) (6,5,4.79079) (7,5,3.47344) (2,6,4.79079) (5,6,4.79079) (6,6,9.82438) (7,6,4.15503) (8,6,4.79079) (2,7,3.47344) (4,7,3.47344) (5,7,3.47344) (6,7,4.15503) (7,7,9.82438) (3,8,4.79079) (6,8,4.79079) (8,8,9.82438) (9,8,4.91219) (3,9,4.79079) (8,9,4.91219) (9,9,9.82438) 
policy_converges:
1
Q:
size: 2
(0,0,4.91219) (1,1,4.91219) 
policy_converges:
1
Q:
size: 9
(0,0,9.82438) (1,0,4.91209) (5,0,-0.0109852) (6,0,0.0109852) (0,1,4.91209) (1,1,9.82438) (5,1,-0.041499) (7,1,0.041499) (2,2,9.82438) (3,2,4.91124) (2,3,4.91124) (3,3,9.82438) (8,3,-4.91124) (4,4,9.82438) (0,5,-0.0109852) (1,5,-0.041499) (5,5,4.91219) (0,6,0.0109852) (6,6,4.91219) (1,7,0.041499) (7,7,4.91219) (3,8,-4.91124) (8,8,4.91219) 
policy_converges:
1
Q:
size: 5
(0,0,9.82438) (1,0,-0.917309) (0,1,-0.917309) (1,1,9.82438) (3,1,2.92071) (2,2,9.82438) (1,3,2.92071) (3,3,9.82438) (4,4,9.82438) 
policy_converges:
1
Q:
size: 1
(0,0,4.91219) 
policy_converges:
1
Q:
size: 2
(0,0,9.82438) (1,0,4.91175) (0,1,4.91175) (1,1,9.82438) 
policy_converges:
1
Q:
size: 1
(0,0,9.82438) 
policy_converges:
1
Q:
size: 9
(0,0,9.82438) (6,0,-2.93962) (7,0,2.93962) (1,1,4.91219) (2,2,4.91219) (4,2,0) (3,3,4.91219) (5,3,0) (2,4,0) (4,4,4.91219) (3,5,0) (5,5,4.91219) (0,6,-2.93962) (6,6,4.91219) (0,7,2.93962) (7,7,4.91219) (8,8,4.91219) 
policy_converges:
1
Q:
size: 2
(0,0,9.82438) (1,1,9.82438) 
policy_converges:
1
Q:
size: 1
(0,0,9.82438) 
policy_converges:
1
Q:
size: 17
(0,0,9.82438) (1,0,4.91209) (2,0,4.09242) (3,0,4.90509) (4,0,-4.91185) (5,0,0.505773) (9,0,-0.0115927) (11,0,0.0115927) (0,1,4.91209) (1,1,9.82438) (2,1,4.10929) (4,1,4.91211) (6,1,4.35395) (7,1,-1.53795) (9,1,-0.0422348) (12,1,0.0422348) (0,2,4.09242) (1,2,4.10929) (2,2,9.82438) (5,2,2.28113) (6,2,-2.39618) (9,2,-2.72658) (13,2,2.72658) (0,3,4.90509) (3,3,9.82438) (4,3,-4.90787) (5,3,0.242441) (10,3,-0.275579) (11,3,0.275579) (0,4,-4.91185) (1,4,4.91211) (3,4,-4.90787) (4,4,9.82438) (5,4,-0.447987) (6,4,4.34119) (7,4,-1.56397) (11,4,-0.0696512) (12,4,0.0696512) (0,5,0.505773) (2,5,2.28113) (3,5,0.242441) (4,5,-0.447987) (5,5,9.82438) (6,5,2.68497) (11,5,-4.88488) (13,5,4.88488) (1,6,4.35395) (2,6,-2.39618) (4,6,4.34119) (5,6,2.68497) (6,6,9.82438) (7,6,0.796845) (12,6,-2.23685) (13,6,2.23685) (1,7,-1.53795) (4,7,-1.56397) (6,7,0.796845) (7,7,9.82438) (12,7,-4.67827) (14,7,4.67827) (15,7,-1.49779) (8,8,9.82438) (0,9,-0.0115927) (1,9,-0.0422348) (2,9,-2.72658) (9,9,4.91219) (3,10,-0.275579) (10,10,4.91219) (0,11,0.0115927) (3,11,0.275579) (4,11,-0.0696512) (5,11,-4.88488) (11,11,4.91219) (1,12,0.0422348) (4,12,0.0696512) (6,12,-2.23685) (7,12,-4.67827) (12,12,4.91219) (2,13,2.72658) (5,13,4.88488) (6,13,2.23685) (13,13,4.91219) (7,14,4.67827) (14,14,4.91219) (15,14,0) (7,15,-1.49779) (14,15,0) (15,15,4.91219) (16,16,4.91219) 
policy_converges:
1
Q:
size: 1
(0,0,9.82438) 
policy_converges:
1
