solve status: 0
N:
size: 21 21
(1,0,-1) (4,0,1) (1,1,-1) (7,1,1) (1,2,-1) (10,2,1) (1,3,-1) (13,3,1) (1,4,-1) (16,4,1) (1,5,-1) (19,5,1) (4,6,-1) (7,6,1) (4,7,-1) (10,7,1) (4,8,-1) (13,8,1) (4,9,-1) (16,9,1) (4,10,-1) (19,10,1) (7,11,-1) (10,11,1) (7,12,-1) (13,12,1) (7,13,-1) (16,13,1) (7,14,-1) (19,14,1) (10,15,-1) (13,15,1) (10,16,-1) (16,16,1) (10,17,-1) (19,17,1) (13,18,-1) (16,18,1) (13,19,-1) (19,19,1) (16,20,-1) (19,20,1) 
Q:
size: 21 21
(0,0,2) (1,0,1) (2,0,1) (3,0,1) (4,0,1) (5,0,1) (6,0,-1) (7,0,-1) (8,0,-1) (9,0,-1) (10,0,-1) (0,1,1) (1,1,2) (2,1,1) (3,1,1) (4,1,1) (5,1,1) (6,1,1) (11,1,-1) (12,1,-1) (13,1,-1) (14,1,-1) (0,2,1) (1,2,1) (2,2,2) (3,2,1) (4,2,1) (5,2,1) (7,2,1) (11,2,1) (15,2,-1) (16,2,-1) (17,2,-1) (0,3,1) (1,3,1) (2,3,1) (3,3,2) (4,3,1) (5,3,1) (8,3,1) (12,3,1) (15,3,1) (18,3,-1) (19,3,-1) (0,4,1) (1,4,1) (2,4,1) (3,4,1) (4,4,2) (5,4,1) (9,4,1) (13,4,1) (16,4,1) (18,4,1) (20,4,-1) (0,5,1) (1,5,1) (2,5,1) (3,5,1) (4,5,1) (5,5,2) (10,5,1) (14,5,1) (17,5,1) (19,5,1) (20,5,1) (0,6,-1) (1,6,1) (6,6,2) (7,6,1) (8,6,1) (9,6,1) (10,6,1) (11,6,-1) (12,6,-1) (13,6,-1) (14,6,-1) (0,7,-1) (2,7,1) (6,7,1) (7,7,2) (8,7,1) (9,7,1) (10,7,1) (11,7,1) (15,7,-1) (16,7,-1) (17,7,-1) (0,8,-1) (3,8,1) (6,8,1) (7,8,1) (8,8,2) (9,8,1) (10,8,1) (12,8,1) (15,8,1) (18,8,-1) (19,8,-1) (0,9,-1) (4,9,1) (6,9,1) (7,9,1) (8,9,1) (9,9,2) (10,9,1) (13,9,1) (16,9,1) (18,9,1) (20,9,-1) (0,10,-1) (5,10,1) (6,10,1) (7,10,1) (8,10,1) (9,10,1) (10,10,2) (14,10,1) (17,10,1) (19,10,1) (20,10,1) (1,11,-1) (2,11,1) (6,11,-1) (7,11,1) (11,11,2) (12,11,1) (13,11,1) (14,11,1) (15,11,-1) (16,11,-1) (17,11,-1) (1,12,-1) (3,12,1) (6,12,-1) (8,12,1) (11,12,1) (12,12,2) (13,12,1) (14,12,1) (15,12,1) (18,12,-1) (19,12,-1) (1,13,-1) (4,13,1) (6,13,-1) (9,13,1) (11,13,1) (12,13,1) (13,13,2) (14,13,1) (16,13,1) (18,13,1) (20,13,-1) (1,14,-1) (5,14,1) (6,14,-1) (10,14,1) (11,14,1) (12,14,1) (13,14,1) (14,14,2) (17,14,1) (19,14,1) (20,14,1) (2,15,-1) (3,15,1) (7,15,-1) (8,15,1) (11,15,-1) (12,15,1) (15,15,2) (16,15,1) (17,15,1) (18,15,-1) (19,15,-1) (2,16,-1) (4,16,1) (7,16,-1) (9,16,1) (11,16,-1) (13,16,1) (15,16,1) (16,16,2) (17,16,1) (18,16,1) (20,16,-1) (2,17,-1) (5,17,1) (7,17,-1) (10,17,1) (11,17,-1) (14,17,1) (15,17,1) (16,17,1) (17,17,2) (19,17,1) (20,17,1) (3,18,-1) (4,18,1) (8,18,-1) (9,18,1) (12,18,-1) (13,18,1) (15,18,-1) (16,18,1) (18,18,2) (19,18,1) (20,18,-1) (3,19,-1) (5,19,1) (8,19,-1) (10,19,1) (12,19,-1) (14,19,1) (15,19,-1) (17,19,1) (18,19,1) (19,19,2) (20,19,1) (4,20,-1) (5,20,1) (9,20,-1) (10,20,1) (13,20,-1) (14,20,1) (16,20,-1) (17,20,1) (18,20,-1) (19,20,1) (20,20,2) 
Minv:
size: 21 21
(0,0,1) (1,1,1) (2,2,2) (3,3,1) (4,4,1) (5,5,2) (6,6,1) (7,7,1) (8,8,2) (9,9,1) (10,10,1) (11,11,2) (12,12,1) (13,13,1) (14,14,2) (15,15,1) (16,16,1) (17,17,2) (18,18,1) (19,19,1) (20,20,2) 
v0:
size: 21 1
(0,0,0) (1,0,1) (2,0,0) (3,0,0) (4,0,0.5) (5,0,0) (6,0,0) (7,0,0.25) (8,0,0) (9,0,0) (10,0,0) (11,0,0) (12,0,0) (13,0,-0.25) (14,0,0) (15,0,0) (16,0,-0.5) (17,0,0) (18,0,0) (19,0,-1) (20,0,0) 
ipopt_sol:
size: 21 1
(0,0,0.407281) (1,0,0.293438) (2,0,0.255559) (3,0,0.236713) (4,0,0.226163) (5,0,0.580846) (6,0,0.458413) (7,0,0.288078) (8,0,0.232379) (9,0,0.202248) (10,0,0.226163) (11,0,0.484776) (12,0,0.297982) (13,0,0.232379) (14,0,0.236713) (15,0,0.484776) (16,0,0.288078) (17,0,0.255559) (18,0,0.458413) (19,0,0.293438) (20,0,0.407281) 
policy_sol:
size: 21 1
(0,0,0.142857) (1,0,0.214286) (2,0,0.285714) (3,0,0.357143) (4,0,0.428571) (5,0,0.571429) (6,0,0.0714286) (7,0,0.142857) (8,0,0.214286) (9,0,0.285714) (10,0,0.428571) (11,0,0.0714286) (12,0,0.142857) (13,0,0.214286) (14,0,0.357143) (15,0,0.0714286) (16,0,0.142857) (17,0,0.285714) (18,0,0.0714286) (19,0,0.214286) (20,0,0.142857) 

policy_converges:
1
ipopt_converges:
0
