solve status: 0
N:
size: 9 3
(0,0,-1) (3,0,1) (0,1,-0.524404) (1,1,-0.851469) (6,1,0.524404) (7,1,0.851469) (3,2,0.45) (4,2,-0.893029) (6,2,-0.45) (7,2,0.893029) 
Q:
size: 3 3
(0,0,2) (1,0,0.524404) (2,0,0.45) (0,1,0.524404) (1,1,2) (2,1,0.524404) (0,2,0.45) (1,2,0.524404) (2,2,2) 
Minv:
size: 9 9
(0,0,1) (1,1,1) (2,2,2) (3,3,1) (4,4,1) (5,5,2) (6,6,1) (7,7,1) (8,8,2) 
v0:
size: 9 1
(0,0,1) (1,0,0) (2,0,0) (3,0,0) (4,0,0) (5,0,0) (6,0,0.9) (7,0,-1.78606) (8,0,0) 
ipopt_sol:
size: 3 1
(0,0,0.354839) (1,0,1.04881) (2,0,1.64516) 
policy_sol:
size: 3 1
(0,0,0.354839) (1,0,1.04881) (2,0,1.64516) 

policy_converges:
1
ipopt_converges:
1
