Git Revision:     3cfe7dc3fe6810e9e399640d632720aa3564fe80
Build Mode:       Debug
C Compiler:       /usr/bin/cc
C++ Compiler:     /usr/bin/c++
Fortran Compiler: gfortran
Body count: 9
No end time specified. Simulation will run indefinitely.
N:
size: 27 18
(0,0,0.0781613) (1,0,-0.996941) (3,0,-0.0781613) (4,0,0.996941) (0,1,0.000409151) (1,1,-1) (6,1,-0.000409151) (7,1,1) (0,2,-0.706844) (1,2,-0.707369) (12,2,0.706844) (13,2,0.707369) (0,3,-0.425466) (1,3,-0.904975) (15,3,0.425466) (16,3,0.904975) (0,4,-0.8839) (1,4,-0.467676) (21,4,0.8839) (22,4,0.467676) (3,5,-0.726334) (4,5,0.687342) (9,5,0.726334) (10,5,-0.687342) (3,6,-0.999232) (4,6,0.0391874) (12,6,0.999232) (13,6,-0.0391874) (3,7,-0.709893) (4,7,-0.704309) (15,7,0.709893) (16,7,0.704309) (3,8,-1) (4,8,-0.000894478) (21,8,1) (22,8,0.000894478) (6,9,-0.437826) (7,9,0.89906) (9,9,0.437826) (10,9,-0.89906) (6,10,-0.682075) (7,10,0.731282) (12,10,0.682075) (13,10,-0.731282) (6,11,-0.999433) (7,11,-0.0336696) (15,11,0.999433) (16,11,0.0336696) (6,12,-0.886974) (7,12,0.461819) (21,12,0.886974) (22,12,-0.461819) (6,13,-0.999983) (7,13,0.00584176) (24,13,0.999983) (25,13,-0.00584176) (9,14,-0.000799964) (10,14,-1) (12,14,0.000799964) (13,14,1) (9,15,-0.68959) (10,15,-0.7242) (21,15,0.68959) (22,15,0.7242) (15,16,-0.679727) (16,16,0.733465) (21,16,0.679727) (22,16,-0.733465) (21,17,-0.011196) (22,17,-0.999937) (24,17,0.011196) (25,17,0.999937) 
Q:
size: 18 18
(0,0,0.0795775) (1,0,0.0396683) (2,0,0.025861) (3,0,0.0345745) (4,0,0.0158024) (5,0,0.0295237) (6,0,0.004662) (7,0,-0.0257301) (8,0,0.00307446) (0,1,0.0396683) (1,1,0.0795775) (2,1,0.0281338) (3,1,0.0360009) (4,1,0.0185938) (9,1,0.0357796) (10,1,0.0291079) (11,1,-0.0013234) (12,1,0.0183896) (13,1,0.000248715) (0,2,0.025861) (1,2,0.0281338) (2,2,0.0795775) (3,2,0.0374368) (4,2,0.0380221) (6,2,0.0269999) (10,2,-0.00139919) (14,2,0.0281678) (0,3,0.0345745) (1,3,0.0360009) (2,3,0.0374368) (3,3,0.0795775) (4,3,0.0318033) (7,3,0.0373782) (11,3,0.0181315) (16,3,0.0149035) (0,4,0.0158024) (1,4,0.0185938) (2,4,0.0380221) (3,4,0.0318033) (4,4,0.0795775) (8,4,0.0351859) (12,4,0.0226006) (15,4,0.0377285) (16,4,0.010257) (17,4,-0.0190008) (0,5,0.0295237) (5,5,0.0795775) (6,5,0.0299494) (7,5,0.00125408) (8,5,0.0288754) (9,5,0.037241) (14,5,0.0273253) (15,5,-0.000123356) (0,6,0.004662) (2,6,0.0269999) (5,6,0.0299494) (6,6,0.0795775) (7,6,0.0271259) (8,6,0.0397568) (10,6,0.0282583) (14,6,-0.00152741) (0,7,-0.0257301) (3,7,0.0373782) (5,7,0.00125408) (6,7,0.0271259) (7,7,0.0795775) (8,7,0.0282708) (11,7,0.0291733) (16,7,0.00135491) (0,8,0.00307446) (4,8,0.0351859) (5,8,0.0288754) (6,8,0.0397568) (7,8,0.0282708) (8,8,0.0795775) (12,8,0.0352751) (15,8,0.0274637) (16,8,0.0270194) (17,8,-0.000481064) (1,9,0.0357796) (5,9,0.037241) (9,9,0.0795775) (10,9,0.0380419) (11,9,0.0162062) (12,9,0.031972) (13,9,0.0176292) (14,9,0.0357585) (15,9,0.0138934) (1,10,0.0291079) (2,10,-0.00139919) (6,10,0.0282583) (9,10,0.0380419) (10,10,0.0795775) (11,10,0.0261439) (12,10,0.037509) (13,10,0.0273084) (14,10,-0.0290751) (1,11,-0.0013234) (3,11,0.0181315) (7,11,0.0291733) (9,11,0.0162062) (10,11,0.0261439) (11,11,0.0795775) (12,11,0.0346529) (13,11,0.0397577) (16,11,-0.0260475) (1,12,0.0183896) (4,12,0.0226006) (8,12,0.0352751) (9,12,0.031972) (10,12,0.037509) (11,12,0.0346529) (12,12,0.0795775) (13,12,0.0353983) (15,12,0.0110294) (16,12,0.0374662) (17,12,0.0179789) (1,13,0.000248715) (9,13,0.0176292) (10,13,0.0273084) (11,13,0.0397577) (12,13,0.0353983) (13,13,0.0795775) (17,13,0.000213047) (2,14,0.0281678) (5,14,0.0273253) (6,14,-0.00152741) (9,14,0.0357585) (10,14,-0.0290751) (14,14,0.0795775) (15,14,0.0288369) (4,15,0.0377285) (5,15,-0.000123356) (8,15,0.0274637) (9,15,0.0138934) (12,15,0.0110294) (14,15,0.0288369) (15,15,0.0795775) (16,15,-0.00248449) (17,15,-0.0291204) (3,16,0.0149035) (4,16,0.010257) (7,16,0.00135491) (8,16,0.0270194) (11,16,-0.0260475) (12,16,0.0374662) (15,16,-0.00248449) (16,16,0.0795775) (17,16,0.028879) (4,17,-0.0190008) (8,17,-0.000481064) (12,17,0.0179789) (13,17,0.000213047) (15,17,-0.0291204) (16,17,0.028879) (17,17,0.0795775) 
Minv:
size: 27 27
(0,0,0.0397887) (1,1,0.0397887) (2,2,0.0795775) (3,3,0.0397887) (4,4,0.0397887) (5,5,0.0795775) (6,6,0.0397887) (7,7,0.0397887) (8,8,0.0795775) (9,9,0.0397887) (10,10,0.0397887) (11,11,0.0795775) (12,12,0.0397887) (13,13,0.0397887) (14,14,0.0795775) (15,15,0.0397887) (16,16,0.0397887) (17,17,0.0795775) (18,18,0.0397887) (19,19,0.0397887) (20,20,0.0795775) (21,21,0.0397887) (22,22,0.0397887) (23,23,0.0795775) (24,24,0.0397887) (25,25,0.0397887) (26,26,0.0795775) 
v0:
size: 27 1
(0,0,-0.495994) (1,0,0.52861) (2,0,0) (3,0,0.818189) (4,0,-0.139084) (5,0,0) (6,0,0.750238) (7,0,0.153419) (8,0,0) (9,0,-0.329434) (10,0,0.453516) (11,0,0) (12,0,-0.907715) (13,0,-0.233167) (14,0,0) (15,0,-0.94773) (16,0,0.494288) (17,0,0) (18,0,0.571377) (19,0,-0.937865) (20,0,0) (21,0,-0.942487) (22,0,0.795637) (23,0,0) (24,0,0.619923) (25,0,0.703189) (26,0,0) 
ipopt_sol:
size: 18 1
(0,0,16.5729) (1,0,2.73734e-07) (2,0,4.0816e-07) (3,0,1.20057e-07) (4,0,1.02147e-07) (5,0,0.289157) (6,0,35.0214) (7,0,3.48241e-07) (8,0,14.9962) (9,0,1.84426e-07) (10,0,1.61624e-07) (11,0,31.5643) (12,0,24.7959) (13,0,3.87304e-08) (14,0,17.8427) (15,0,9.6933e-08) (16,0,1.16943e-06) (17,0,3.04977e-07) 
policy_sol:
size: 18 1
(0,0,16.5729) (1,0,0) (2,0,0) (3,0,0) (4,0,0) (5,0,0.289147) (6,0,35.0214) (7,0,0) (8,0,14.9962) (9,0,0) (10,0,0) (11,0,31.5643) (12,0,24.7959) (13,0,0) (14,0,17.8428) (15,0,0) (16,0,0) (17,0,0) 

policy_converges:
1
