Git Revision:     18345a57b34405566a64d0bf3d2a118f1cdbade3
Build Mode:       Debug
C Compiler:       /usr/bin/cc
C++ Compiler:     /usr/bin/c++
Fortran Compiler: gfortran
Body count: 9
No end time specified. Simulation will run indefinitely.
N:
size: 27 21
(0,0,-0.0146754) (1,0,-0.999892) (3,0,0.0146754) (4,0,0.999892) (0,1,-0.0067093) (1,1,-0.999977) (6,1,0.0067093) (7,1,0.999977) (0,2,-0.998849) (1,2,-0.0479592) (9,2,0.998849) (10,2,0.0479592) (0,3,-0.999442) (1,3,-0.0334079) (18,3,0.999442) (19,3,0.0334079) (0,4,-0.896472) (1,4,-0.443101) (21,4,0.896472) (22,4,0.443101) (0,5,-0.709149) (1,5,-0.705059) (24,5,0.709149) (25,5,0.705059) (3,6,-0.732773) (4,6,0.680474) (9,6,0.732773) (10,6,-0.680474) (3,7,-0.906409) (4,7,0.4224) (18,7,0.906409) (19,7,-0.4224) (3,8,-0.999918) (4,8,0.0128394) (21,8,0.999918) (22,8,-0.0128394) (6,9,-0.470763) (7,9,0.88226) (9,9,0.470763) (10,9,-0.88226) (6,10,-0.725103) (7,10,0.68864) (12,10,0.725103) (13,10,-0.68864) (6,11,-0.998211) (7,11,-0.0597855) (15,11,0.998211) (16,11,0.0597855) (6,12,-0.724967) (7,12,0.688784) (18,12,0.724967) (19,12,-0.688784) (6,13,-0.891546) (7,13,0.45293) (21,13,0.891546) (22,13,-0.45293) (6,14,-0.999905) (7,14,-0.0137712) (24,14,0.999905) (25,14,0.0137712) (9,15,-0.71068) (10,15,-0.703515) (21,15,0.71068) (22,15,0.703515) (12,16,0.00916405) (13,16,-0.999958) (15,16,-0.00916405) (16,16,0.999958) (12,17,-0.999872) (13,17,0.0159798) (21,17,0.999872) (22,17,-0.0159798) (12,18,-0.691029) (13,18,-0.722827) (24,18,0.691029) (25,18,0.722827) (15,19,-0.663224) (16,19,0.748421) (21,19,0.663224) (22,19,-0.748421) (21,20,-0.036052) (22,20,-0.99935) (24,20,0.036052) (25,20,0.99935) 
Q:
size: 21 21
(0,0,0.0795775) (1,0,0.0397875) (2,0,0.00249127) (3,0,0.0019127) (4,0,0.018152) (5,0,0.0284645) (6,0,0.0266444) (7,0,0.0162757) (8,0,-7.30587e-05) (0,1,0.0397875) (1,1,0.0795775) (2,1,0.00217484) (3,1,0.00159603) (4,1,0.0178693) (5,1,0.0282421) (9,1,0.0349775) (10,1,0.0272059) (11,1,-0.00264521) (12,1,0.0272117) (13,1,0.0177831) (14,1,-0.000814857) (0,2,0.00249127) (1,2,0.00217484) (2,2,0.0795775) (3,2,0.0397845) (4,2,0.036474) (5,2,0.0295291) (6,2,0.027824) (9,2,0.0170259) (15,2,-0.029587) (0,3,0.0019127) (1,3,0.00159603) (2,3,0.0397845) (3,3,0.0795775) (4,3,0.0362386) (5,3,0.0291376) (7,3,0.0354833) (12,3,0.0279138) (0,4,0.018152) (1,4,0.0178693) (2,4,0.036474) (3,4,0.0362386) (4,4,0.0795775) (5,4,0.0377254) (8,4,0.0354402) (13,4,0.0238156) (15,4,0.0377529) (17,4,0.0353832) (19,4,0.0104619) (20,4,-0.0189049) (0,5,0.0284645) (1,5,0.0282421) (2,5,0.0295291) (3,5,0.0291376) (4,5,0.0377254) (5,5,0.0795775) (14,5,0.0285998) (18,5,0.0397759) (20,5,0.0290524) (0,6,0.0266444) (2,6,0.027824) (6,6,0.0795775) (7,6,0.0378639) (8,6,0.0295013) (9,6,0.0376129) (15,6,-0.00167285) (0,7,0.0162757) (3,7,0.0354833) (6,7,0.0378639) (7,7,0.0795775) (8,7,0.0362777) (12,7,0.0377221) (0,8,-7.30587e-05) (4,8,0.0354402) (6,8,0.0295013) (7,8,0.0362777) (8,8,0.0795775) (13,8,0.0357019) (15,8,0.0279153) (17,8,0.0397885) (19,8,0.026769) (20,8,-0.000923815) (1,9,0.0349775) (2,9,0.0170259) (6,9,0.0376129) (9,9,0.0795775) (10,9,0.037756) (11,9,0.0165988) (12,9,0.0377585) (13,9,0.0325993) (14,9,0.0182458) (15,9,0.0113844) (1,10,0.0272059) (9,10,0.037756) (10,10,0.0795775) (11,10,0.0271612) (12,10,0.0397887) (13,10,0.0381323) (14,10,0.0284709) (16,10,0.0276634) (17,10,-0.0292851) (18,10,-0.000131273) (1,11,-0.00264521) (9,11,0.0165988) (10,11,0.0271612) (11,11,0.0795775) (12,11,0.0271555) (13,11,0.0343326) (14,11,0.0397466) (16,11,0.00201472) (19,11,-0.0245613) (1,12,0.0272117) (3,12,0.0279138) (7,12,0.0377221) (9,12,0.0377585) (10,12,0.0397887) (11,12,0.0271555) (12,12,0.0795775) (13,12,0.03813) (14,12,0.0284654) (1,13,0.0177831) (4,13,0.0238156) (8,13,0.0357019) (9,13,0.0325993) (10,13,0.0381323) (11,13,0.0343326) (12,13,0.03813) (13,13,0.0795775) (14,13,0.0352219) (15,13,0.0125319) (17,13,0.0357569) (19,13,0.0370145) (20,13,0.0167309) (1,14,-0.000814857) (5,14,0.0285998) (9,14,0.0182458) (10,14,0.0284709) (11,14,0.0397466) (12,14,0.0284654) (13,14,0.0352219) (14,14,0.0795775) (18,14,0.0278886) (20,14,0.00198191) (2,15,-0.029587) (4,15,0.0377529) (6,15,-0.00167285) (8,15,0.0279153) (9,15,0.0113844) (13,15,0.0125319) (15,15,0.0795775) (17,15,0.0278261) (19,15,-0.00219577) (20,15,-0.0289932) (10,16,0.0276634) (11,16,0.00201472) (16,16,0.0795775) (17,16,-0.00100037) (18,16,0.0285072) (19,16,0.0300193) (4,17,0.0353832) (8,17,0.0397885) (10,17,-0.0292851) (13,17,0.0357569) (15,17,0.0278261) (16,17,-0.00100037) (17,17,0.0795775) (18,17,0.0270321) (19,17,0.0268613) (20,17,-0.00079888) (5,18,0.0397759) (10,18,-0.000131273) (14,18,0.0278886) (16,18,0.0285072) (17,18,0.0270321) (18,18,0.0795775) (20,18,0.0297329) (4,19,0.0104619) (8,19,0.026769) (11,19,-0.0245613) (13,19,0.0370145) (15,19,-0.00219577) (16,19,0.0300193) (17,19,0.0268613) (19,19,0.0795775) (20,19,0.028808) (4,20,-0.0189049) (5,20,0.0290524) (8,20,-0.000923815) (13,20,0.0167309) (14,20,0.00198191) (15,20,-0.0289932) (17,20,-0.00079888) (18,20,0.0297329) (19,20,0.028808) (20,20,0.0795775) 
Minv:
size: 27 27
(0,0,0.0397887) (1,1,0.0397887) (2,2,0.0795775) (3,3,0.0397887) (4,4,0.0397887) (5,5,0.0795775) (6,6,0.0397887) (7,7,0.0397887) (8,8,0.0795775) (9,9,0.0397887) (10,10,0.0397887) (11,11,0.0795775) (12,12,0.0397887) (13,13,0.0397887) (14,14,0.0795775) (15,15,0.0397887) (16,16,0.0397887) (17,17,0.0795775) (18,18,0.0397887) (19,19,0.0397887) (20,20,0.0795775) (21,21,0.0397887) (22,22,0.0397887) (23,23,0.0795775) (24,24,0.0397887) (25,25,0.0397887) (26,26,0.0795775) 
v0:
size: 27 1
(0,0,0.894392) (1,0,-0.306038) (2,0,0) (3,0,0.234819) (4,0,-0.858019) (5,0,0) (6,0,0.945906) (7,0,-0.797981) (8,0,0) (9,0,-0.519084) (10,0,-0.506276) (11,0,0) (12,0,0.393296) (13,0,0.8431) (14,0,0) (15,0,0.530312) (16,0,0.751453) (17,0,0) (18,0,-0.0897227) (19,0,-0.987412) (20,0,0) (21,0,-0.79437) (22,0,-0.238786) (23,0,0) (24,0,0.719092) (25,0,-0.525756) (26,0,0) 
ipopt_sol:
size: 21 1
(0,0,10.727) (1,0,7.4705e-08) (2,0,27.3517) (3,0,11.3596) (4,0,2.91469e-07) (5,0,7.49825e-08) (6,0,6.74481) (7,0,2.46795e-07) (8,0,7.09788e-07) (9,0,8.28415e-08) (10,0,57.0462) (11,0,9.04502e-08) (12,0,5.75272e-08) (13,0,1.80809e-07) (14,0,6.63571e-08) (15,0,2.26145e-07) (16,0,5.77543e-08) (17,0,50.4681) (18,0,5.47592e-06) (19,0,6.19488e-08) (20,0,6.34296) 
policy_sol:
size: 21 1
(0,0,10.727) (1,0,0) (2,0,27.3517) (3,0,11.3596) (4,0,0) (5,0,0) (6,0,6.74481) (7,0,0) (8,0,0) (9,0,0) (10,0,57.0462) (11,0,0) (12,0,0) (13,0,0) (14,0,0) (15,0,0) (16,0,0) (17,0,50.4681) (18,0,0) (19,0,0) (20,0,6.34296) 

policy_converges:
1
ipopt_converges:
0
