Git Revision:     18345a57b34405566a64d0bf3d2a118f1cdbade3
Build Mode:       Debug
C Compiler:       /usr/bin/cc
C++ Compiler:     /usr/bin/c++
Fortran Compiler: gfortran
Body count: 9
No end time specified. Simulation will run indefinitely.
N:
size: 27 15
(0,0,0.0283054) (1,0,-0.999599) (3,0,-0.0283054) (4,0,0.999599) (0,1,-0.0253255) (1,1,-0.999679) (6,1,0.0253255) (7,1,0.999679) (0,2,-0.999992) (1,2,0.00389819) (18,2,0.999992) (19,2,-0.00389819) (0,3,-0.876019) (1,3,-0.482276) (21,3,0.876019) (22,3,0.482276) (0,4,-0.712414) (1,4,-0.70176) (24,4,0.712414) (25,4,0.70176) (3,5,-0.890545) (4,5,0.454895) (18,5,0.890545) (19,5,-0.454895) (3,6,-0.999858) (4,6,-0.0168537) (21,6,0.999858) (22,6,0.0168537) (9,7,-0.999946) (10,7,0.0103877) (18,7,0.999946) (19,7,-0.0103877) (12,8,-0.701296) (13,8,0.71287) (18,8,0.701296) (19,8,-0.71287) (12,9,-0.99806) (13,9,-0.0622554) (21,9,0.99806) (22,9,0.0622554) (12,10,-0.717556) (13,10,-0.696501) (24,10,0.717556) (25,10,0.696501) (15,11,-0.707018) (16,11,0.707196) (21,11,0.707018) (22,11,-0.707196) (15,12,-0.999996) (16,12,0.00282312) (24,12,0.999996) (25,12,-0.00282312) (18,13,-0.00675226) (19,13,-0.999977) (24,13,0.00675226) (25,13,0.999977) (21,14,-0.0917946) (22,14,-0.995778) (24,14,0.0917946) (25,14,0.995778) 
Q:
size: 15 15
(0,0,0.0795775) (1,0,0.0397315) (2,0,-0.00128127) (3,0,0.0181949) (4,0,0.0271086) (5,0,0.0190954) (6,0,0.000455758) (0,1,0.0397315) (1,1,0.0795775) (2,1,0.000852608) (3,1,0.0200658) (4,1,0.0286311) (0,2,-0.00128127) (1,2,0.000852608) (2,2,0.0795775) (3,2,0.0347806) (4,2,0.028237) (5,2,0.0355039) (7,2,0.0397879) (8,2,0.0280141) (13,2,-0.000113561) (0,3,0.0181949) (1,3,0.0200658) (2,3,0.0347806) (3,3,0.0795775) (4,3,0.0382979) (6,3,0.0351741) (9,3,0.0359827) (11,3,0.0110731) (14,3,-0.0223077) (0,4,0.0271086) (1,4,0.0286311) (2,4,0.028237) (3,4,0.0382979) (4,4,0.0795775) (10,4,0.0397877) (12,4,0.0282671) (13,4,0.0281129) (14,4,0.0304063) (0,5,0.0190954) (2,5,0.0355039) (5,5,0.0795775) (6,5,0.0351236) (7,5,0.0356198) (8,5,0.0377522) (13,5,0.01786) (0,6,0.000455758) (3,6,0.0351741) (5,6,0.0351236) (6,6,0.0795775) (9,6,0.0397477) (11,6,0.0276531) (14,6,-0.00431963) (2,7,0.0397879) (5,7,0.0356198) (7,7,0.0795775) (8,7,0.0281968) (13,7,0.000144653) (2,8,0.0280141) (5,8,0.0377522) (7,8,0.0281968) (8,8,0.0795775) (9,8,0.0260837) (10,8,0.000266795) (13,8,0.0281751) (3,9,0.0359827) (6,9,0.0397477) (8,9,0.0260837) (9,9,0.0795775) (10,9,0.0302205) (11,9,0.026325) (14,9,-0.00611191) (4,10,0.0397877) (8,10,0.000266795) (9,10,0.0302205) (10,10,0.0795775) (12,10,0.0284723) (13,10,0.027905) (14,10,0.0302167) (3,11,0.0110731) (6,11,0.0276531) (9,11,0.026325) (11,11,0.0795775) (12,11,0.0282107) (14,11,0.0254373) (4,12,0.0282671) (10,12,0.0284723) (11,12,0.0282107) (12,12,0.0795775) (13,12,0.000156337) (14,12,0.00354052) (2,13,-0.000113561) (4,13,0.0281129) (5,13,0.01786) (7,13,0.000144653) (8,13,0.0281751) (10,13,0.027905) (12,13,0.000156337) (13,13,0.0795775) (14,13,0.0396445) (3,14,-0.0223077) (4,14,0.0304063) (6,14,-0.00431963) (9,14,-0.00611191) (10,14,0.0302167) (11,14,0.0254373) (12,14,0.00354052) (13,14,0.0396445) (14,14,0.0795775) 
Minv:
size: 27 27
(0,0,0.0397887) (1,1,0.0397887) (2,2,0.0795775) (3,3,0.0397887) (4,4,0.0397887) (5,5,0.0795775) (6,6,0.0397887) (7,7,0.0397887) (8,8,0.0795775) (9,9,0.0397887) (10,10,0.0397887) (11,11,0.0795775) (12,12,0.0397887) (13,13,0.0397887) (14,14,0.0795775) (15,15,0.0397887) (16,16,0.0397887) (17,17,0.0795775) (18,18,0.0397887) (19,19,0.0397887) (20,20,0.0795775) (21,21,0.0397887) (22,22,0.0397887) (23,23,0.0795775) (24,24,0.0397887) (25,25,0.0397887) (26,26,0.0795775) 
v0:
size: 27 1
(0,0,-0.147984) (1,0,0.813043) (2,0,0) (3,0,-0.0256644) (4,0,-0.230053) (5,0,0) (6,0,-0.953731) (7,0,-0.0194168) (8,0,0) (9,0,0.613337) (10,0,-0.794755) (11,0,0) (12,0,0.835955) (13,0,0.248955) (14,0,0) (15,0,0.526885) (16,0,0.65361) (17,0,0) (18,0,-0.387588) (19,0,-0.13063) (20,0,0) (21,0,-0.488216) (22,0,0.371927) (23,0,0) (24,0,0.424203) (25,0,-0.151927) (26,0,0) 
ipopt_sol:
size: 15 1
(0,0,20.7717) (1,0,11.0572) (2,0,1.65262e-07) (3,0,1.71118e-07) (4,0,1.02726e-07) (5,0,1.51261e-07) (6,0,2.17148e-07) (7,0,25.328) (8,0,2.02552e-07) (9,0,34.0627) (10,0,2.54452e-07) (11,0,3.42045e-07) (12,0,1.9213) (13,0,1.6862e-07) (14,0,13.536) 
policy_sol:
size: 15 1
(0,0,20.7717) (1,0,11.0572) (2,0,0) (3,0,0) (4,0,0) (5,0,0) (6,0,0) (7,0,25.328) (8,0,0) (9,0,34.0627) (10,0,0) (11,0,0) (12,0,1.9213) (13,0,0) (14,0,13.536) 

policy_converges:
1
ipopt_converges:
1
