solve status: 0
N:
size: 27 16
(0,0,-0.463898) (1,0,-0.885889) (15,0,0.463898) (16,0,0.885889) (0,1,-0.893706) (1,1,-0.448652) (21,1,0.893706) (22,1,0.448652) (3,2,0.0362599) (4,2,-0.999342) (6,2,-0.0362599) (7,2,0.999342) (3,3,-0.999974) (4,3,0.00723531) (12,3,0.999974) (13,3,-0.00723531) (3,4,-0.689181) (4,4,-0.724589) (15,4,0.689181) (16,4,0.724589) (3,5,-0.999698) (4,5,-0.0245694) (21,5,0.999698) (22,5,0.0245694) (6,6,-0.466097) (7,6,0.884734) (9,6,0.466097) (10,6,-0.884734) (6,7,-0.695677) (7,7,0.718354) (12,7,0.695677) (13,7,-0.718354) (6,8,-0.999999) (7,8,0.00115894) (15,8,0.999999) (16,8,-0.00115894) (6,9,-0.893962) (7,9,0.448143) (21,9,0.893962) (22,9,-0.448143) (9,10,0.00520961) (10,10,-0.999986) (15,10,-0.00520961) (16,10,0.999986) (9,11,-0.995244) (10,11,0.0974175) (18,11,0.995244) (19,11,-0.0974175) (9,12,-0.695631) (10,12,-0.718399) (21,12,0.695631) (22,12,0.718399) (12,13,-0.0112551) (13,13,-0.999937) (15,13,0.0112551) (16,13,0.999937) (12,14,-0.998394) (13,14,-0.0566562) (21,14,0.998394) (22,14,0.0566562) (15,15,-0.693358) (16,15,0.720593) (21,15,0.693358) (22,15,-0.720593) 
Q:
size: 16 16
(0,0,0.0795775) (1,0,0.0323102) (4,0,0.0382614) (8,0,0.018417) (10,0,0.0351518) (13,0,0.0354539) (15,0,0.0126018) (0,1,0.0323102) (1,1,0.0795775) (5,1,0.0359873) (9,1,0.0237889) (12,1,0.0375606) (14,1,0.0365137) (15,1,0.0117919) (2,2,0.0795775) (3,2,-0.00173039) (4,2,0.0278172) (5,2,-0.000465355) (6,2,0.0358517) (7,2,0.0295673) (8,2,0.00148882) (9,2,0.0191091) (2,3,-0.00173039) (3,3,0.0795775) (4,3,0.0272123) (5,3,0.0397686) (7,3,0.0278862) (13,3,-0.000159947) (14,3,-0.0397075) (0,4,0.0382614) (2,4,0.0278172) (3,4,0.0272123) (4,4,0.0795775) (5,4,0.0281217) (8,4,0.0273882) (10,4,0.0286873) (13,4,0.0291373) (15,4,0.00176205) (1,5,0.0359873) (2,5,-0.000465355) (3,5,0.0397686) (4,5,0.0281217) (5,5,0.0795775) (9,5,0.0351208) (12,5,0.0283722) (14,5,0.0397682) (15,5,0.0268751) (2,6,0.0358517) (6,6,0.0795775) (7,6,0.0381894) (8,6,0.0185862) (9,6,0.0323546) (10,6,0.0352986) (11,6,-0.0218865) (12,6,0.0123887) (2,7,0.0295673) (3,7,0.0278862) (6,7,0.0381894) (7,7,0.0795775) (8,7,0.0277132) (9,7,0.037554) (13,7,0.0282691) (14,7,-0.0260163) (0,8,0.018417) (2,8,0.00148882) (4,8,0.0273882) (6,8,0.0185862) (7,8,0.0277132) (8,8,0.0795775) (9,8,0.0355903) (10,8,-0.000253396) (13,8,0.000401714) (15,8,-0.0276211) (1,9,0.0237889) (2,9,0.0191091) (5,9,0.0351208) (6,9,0.0323546) (7,9,0.037554) (8,9,0.0355903) (9,9,0.0795775) (12,9,0.0119335) (14,9,0.0345022) (15,9,0.0375114) (0,10,0.0351518) (4,10,0.0286873) (6,10,0.0352986) (8,10,-0.000253396) (10,10,0.0795775) (11,10,-0.00408237) (12,10,0.0284396) (13,10,0.0397833) (15,10,0.0288148) (6,11,-0.0218865) (10,11,-0.00408237) (11,11,0.0795775) (12,11,0.024762) (1,12,0.0375606) (5,12,0.0283722) (6,12,0.0123887) (9,12,0.0119335) (10,12,0.0284396) (11,12,0.024762) (12,12,0.0795775) (14,12,0.0292533) (15,12,-0.00140662) (0,13,0.0354539) (3,13,-0.000159947) (4,13,0.0291373) (7,13,0.0282691) (8,13,0.000401714) (10,13,0.0397833) (13,13,0.0795775) (14,13,0.00270124) (15,13,0.0283592) (1,14,0.0365137) (3,14,-0.0397075) (5,14,0.0397682) (7,14,-0.0260163) (9,14,0.0345022) (12,14,0.0292533) (13,14,0.00270124) (14,14,0.0795775) (15,14,0.0259191) (0,15,0.0126018) (1,15,0.0117919) (4,15,0.00176205) (5,15,0.0268751) (8,15,-0.0276211) (9,15,0.0375114) (10,15,0.0288148) (12,15,-0.00140662) (13,15,0.0283592) (14,15,0.0259191) (15,15,0.0795775) 
Minv:
size: 27 27
(0,0,0.0397887) (1,1,0.0397887) (2,2,0.0795775) (3,3,0.0397887) (4,4,0.0397887) (5,5,0.0795775) (6,6,0.0397887) (7,7,0.0397887) (8,8,0.0795775) (9,9,0.0397887) (10,10,0.0397887) (11,11,0.0795775) (12,12,0.0397887) (13,13,0.0397887) (14,14,0.0795775) (15,15,0.0397887) (16,16,0.0397887) (17,17,0.0795775) (18,18,0.0397887) (19,19,0.0397887) (20,20,0.0795775) (21,21,0.0397887) (22,22,0.0397887) (23,23,0.0795775) (24,24,0.0397887) (25,25,0.0397887) (26,26,0.0795775) 
v0:
size: 27 1
(0,0,-0.0485775) (1,0,-0.71933) (2,0,0) (3,0,-0.354015) (4,0,0.710294) (5,0,0) (6,0,0.403545) (7,0,-0.657489) (8,0,0) (9,0,0.992536) (10,0,0.00467459) (11,0,0) (12,0,-0.534597) (13,0,0.378967) (14,0,0) (15,0,-0.755846) (16,0,-0.666297) (17,0,0) (18,0,0.768397) (19,0,-0.462615) (20,0,0) (21,0,-0.632135) (22,0,-0.114693) (23,0,0) (24,0,0.638919) (25,0,0.657689) (26,0,0) 
ipopt_sol:
size: 16 1
(0,0,0) (1,0,0) (2,0,29.735) (3,0,0.570932) (4,0,5.22846) (5,0,0) (6,0,0) (7,0,7.99158) (8,0,28.028) (9,0,0) (10,0,0) (11,0,0) (12,0,30.7691) (13,0,17.2123) (14,0,0) (15,0,11.8566) 
policy_sol:
size: 16 1
(0,0,0) (1,0,0) (2,0,29.1524) (3,0,0) (4,0,6.02621) (5,0,0) (6,0,0) (7,0,8.80288) (8,0,27.4847) (9,0,0) (10,0,0) (11,0,0) (12,0,30.7691) (13,0,16.6335) (14,0,0) (15,0,11.8566) 

policy_converges:
1
ipopt_converges:
0
