solve status: 0
N:
size: 27 14
(0,0,-0.685354) (1,0,-0.72821) (12,0,0.685354) (13,0,0.72821) (0,1,-0.903991) (1,1,-0.427551) (21,1,0.903991) (22,1,0.427551) (3,2,-0.0719868) (4,2,-0.997406) (6,2,0.0719868) (7,2,0.997406) (3,3,-0.999719) (4,3,-0.0237026) (12,3,0.999719) (13,3,0.0237026) (3,4,-0.750921) (4,4,-0.660392) (15,4,0.750921) (16,4,0.660392) (3,5,-0.999702) (4,5,0.0244033) (21,5,0.999702) (22,5,-0.0244033) (3,6,-0.894701) (4,6,-0.446665) (24,6,0.894701) (25,6,0.446665) (9,7,0.0392345) (10,7,-0.99923) (12,7,-0.0392345) (13,7,0.99923) (9,8,-0.704043) (10,8,-0.710157) (21,8,0.704043) (22,8,0.710157) (9,9,-0.429895) (10,9,-0.902879) (24,9,0.429895) (25,9,0.902879) (15,10,-0.702418) (16,10,0.711765) (21,10,0.702418) (22,10,-0.711765) (15,11,-0.996419) (16,11,-0.0845521) (24,11,0.996419) (25,11,0.0845521) (18,12,0.00492301) (19,12,-0.999988) (24,12,-0.00492301) (25,12,0.999988) (21,13,-0.00352324) (22,13,-0.999994) (24,13,0.00352324) (25,13,0.999994) 
Q:
size: 14 14
(0,0,0.0795775) (1,0,0.0370394) (3,0,0.0279485) (7,0,0.0278823) (0,1,0.0370394) (1,1,0.0795775) (5,1,0.0355428) (8,1,0.0374045) (10,1,0.0131567) (13,1,-0.0171383) (2,2,0.0795775) (3,2,0.00380411) (4,2,0.0283588) (5,2,0.00189495) (6,2,0.0202888) (0,3,0.0279485) (2,3,0.00380411) (3,3,0.0795775) (4,3,0.0304926) (5,3,0.0397427) (6,3,0.0360103) (7,3,-0.000618281) (2,4,0.0283588) (3,4,0.0304926) (4,4,0.0795775) (5,4,0.0292281) (6,4,0.0384687) (10,4,-0.00228454) (11,4,-0.0319929) (1,5,0.0355428) (2,5,0.00189495) (3,5,0.0397427) (4,5,0.0292281) (5,5,0.0795775) (6,5,0.0351547) (8,5,0.0273151) (10,5,0.0286311) (13,5,0.000830827) (2,6,0.0202888) (3,6,0.0360103) (4,6,0.0384687) (5,6,0.0351547) (6,6,0.0795775) (9,6,0.03135) (11,6,0.0369742) (12,6,0.0175968) (13,6,0.0178976) (0,7,0.0278823) (3,7,-0.000618281) (7,7,0.0795775) (8,7,0.0271354) (9,7,0.0352257) (1,8,0.0374045) (5,8,0.0273151) (7,8,0.0271354) (8,8,0.0795775) (9,8,0.0375546) (10,8,-0.000434999) (13,8,-0.0283548) (6,9,0.03135) (7,9,0.0352257) (8,9,0.0375546) (9,9,0.0795775) (11,9,0.0200812) (12,9,0.0358398) (13,9,0.0359845) (1,10,0.0131567) (4,10,-0.00228454) (5,10,0.0286311) (8,10,-0.000434999) (10,10,0.0795775) (11,10,0.0254537) (13,10,0.0282216) (4,11,-0.0319929) (6,11,0.0369742) (9,11,0.0200812) (10,11,0.0254537) (11,11,0.0795775) (12,11,0.003169) (13,11,0.00350388) (6,12,0.0175968) (9,12,0.0358398) (11,12,0.003169) (12,12,0.0795775) (13,12,0.0397873) (1,13,-0.0171383) (5,13,0.000830827) (6,13,0.0178976) (8,13,-0.0283548) (9,13,0.0359845) (10,13,0.0282216) (11,13,0.00350388) (12,13,0.0397873) (13,13,0.0795775) 
Minv:
size: 27 27
(0,0,0.0397887) (1,1,0.0397887) (2,2,0.0795775) (3,3,0.0397887) (4,4,0.0397887) (5,5,0.0795775) (6,6,0.0397887) (7,7,0.0397887) (8,8,0.0795775) (9,9,0.0397887) (10,10,0.0397887) (11,11,0.0795775) (12,12,0.0397887) (13,13,0.0397887) (14,14,0.0795775) (15,15,0.0397887) (16,16,0.0397887) (17,17,0.0795775) (18,18,0.0397887) (19,19,0.0397887) (20,20,0.0795775) (21,21,0.0397887) (22,22,0.0397887) (23,23,0.0795775) (24,24,0.0397887) (25,25,0.0397887) (26,26,0.0795775) 
v0:
size: 27 1
(0,0,-0.11475) (1,0,-0.692355) (2,0,0) (3,0,0.404971) (4,0,0.846415) (5,0,0) (6,0,-0.728599) (7,0,0.176845) (8,0,0) (9,0,0.273589) (10,0,-0.161003) (11,0,0) (12,0,-0.96427) (13,0,-0.345299) (14,0,0) (15,0,0.955857) (16,0,0.0993418) (17,0,0) (18,0,0.730677) (19,0,-0.269771) (20,0,0) (21,0,-0.848663) (22,0,-0.168637) (23,0,0) (24,0,0.928833) (25,0,-0.628875) (26,0,0) 
ipopt_sol:
size: 14 1
(0,0,0) (1,0,0) (2,0,17.1961) (3,0,34.291) (4,0,0) (5,0,0) (6,0,0) (7,0,0) (8,0,23.2876) (9,0,0) (10,0,24.0426) (11,0,0) (12,0,4.61253) (13,0,8.87458) 
policy_sol:
size: 14 1
(0,0,0) (1,0,0) (2,0,17.1961) (3,0,34.291) (4,0,0) (5,0,0) (6,0,0) (7,0,0) (8,0,23.2876) (9,0,0) (10,0,24.0426) (11,0,0) (12,0,4.61253) (13,0,8.87458) 

policy_converges:
1
ipopt_converges:
0
