Git Revision:     18345a57b34405566a64d0bf3d2a118f1cdbade3
Build Mode:       Debug
C Compiler:       /usr/bin/cc
C++ Compiler:     /usr/bin/c++
Fortran Compiler: gfortran
Body count: 9
No end time specified. Simulation will run indefinitely.
N:
size: 27 15
(0,0,0.0169751) (1,0,-0.999856) (6,0,-0.0169751) (7,0,0.999856) (0,1,-0.718538) (1,1,-0.695488) (12,1,0.718538) (13,1,0.695488) (3,2,-0.0175731) (4,2,-0.999846) (6,2,0.0175731) (7,2,0.999846) (3,3,-0.749358) (4,3,0.662166) (9,3,0.749358) (10,3,-0.662166) (3,4,-0.999985) (4,4,-0.00547079) (12,4,0.999985) (13,4,0.00547079) (3,5,-0.715985) (4,5,-0.698116) (15,5,0.715985) (16,5,0.698116) (3,6,-0.999749) (4,6,-0.0224039) (21,6,0.999749) (22,6,0.0224039) (3,7,-0.891448) (4,7,-0.453124) (24,7,0.891448) (25,7,0.453124) (6,8,-0.484857) (7,8,0.874594) (9,8,0.484857) (10,8,-0.874594) (6,9,-0.746296) (7,9,0.665614) (12,9,0.746296) (13,9,-0.665614) (6,10,-0.999453) (7,10,-0.0330581) (24,10,0.999453) (25,10,0.0330581) (9,11,-0.010674) (10,11,-0.999943) (12,11,0.010674) (13,11,0.999943) (9,12,-0.701512) (10,12,-0.712657) (21,12,0.701512) (22,12,0.712657) (15,13,-0.999554) (16,13,-0.0298602) (24,13,0.999554) (25,13,0.0298602) (18,14,-0.0196121) (19,14,-0.999808) (21,14,0.0196121) (22,14,0.999808) 
Q:
size: 15 15
(0,0,0.0795775) (1,0,0.0271833) (2,0,0.039765) (8,0,0.0351214) (9,0,0.0269842) (10,0,-0.000640103) (0,1,0.0271833) (1,1,0.0795775) (4,1,0.0287407) (9,1,0.00291712) (11,1,0.0279762) (0,2,0.039765) (2,2,0.0795775) (3,2,-0.0258187) (4,2,0.000916842) (5,2,0.0282735) (6,2,0.00159032) (7,2,0.0186497) (8,2,0.0344546) (9,2,0.025958) (10,2,-0.00201397) (2,3,-0.0258187) (3,3,0.0795775) (4,3,0.0296714) (5,3,0.00295473) (6,3,0.0292182) (7,3,0.0146411) (8,3,0.0374992) (11,3,0.026027) (12,3,-0.00214009) (1,4,0.0287407) (2,4,0.000916842) (3,4,0.0296714) (4,4,0.0795775) (5,4,0.0286397) (6,4,0.039783) (7,4,0.0355677) (9,4,0.0295488) (11,4,0.000642363) (2,5,0.0282735) (3,5,0.00295473) (4,5,0.0286397) (5,5,0.0795775) (6,5,0.0291033) (7,5,0.0379822) (13,5,-0.0293049) (2,6,0.00159032) (3,6,0.0292182) (4,6,0.039783) (5,6,0.0291033) (6,6,0.0795775) (7,6,0.0358646) (12,6,0.0285406) (14,6,0.0016714) (2,7,0.0186497) (3,7,0.0146411) (4,7,0.0355677) (5,7,0.0379822) (6,7,0.0358646) (7,7,0.0795775) (10,7,0.0360462) (13,7,0.0359921) (0,8,0.0351214) (2,8,0.0344546) (3,8,0.0374992) (8,8,0.0795775) (9,8,0.0375601) (10,8,0.0181309) (11,8,0.0345911) (12,8,0.0112663) (0,9,0.0269842) (1,9,0.00291712) (2,9,0.025958) (4,9,0.0295488) (8,9,0.0375601) (9,9,0.0795775) (10,9,0.0288024) (11,9,-0.0261655) (0,10,-0.000640103) (2,10,-0.00201397) (7,10,0.0360462) (8,10,0.0181309) (9,10,0.0288024) (10,10,0.0795775) (13,10,0.0397885) (1,11,0.0279762) (3,11,0.026027) (4,11,0.000642363) (8,11,0.0345911) (9,11,-0.0261655) (11,11,0.0795775) (12,11,0.0286521) (3,12,-0.00214009) (6,12,0.0285406) (8,12,0.0112663) (11,12,0.0286521) (12,12,0.0795775) (14,12,0.0288977) (5,13,-0.0293049) (7,13,0.0359921) (10,13,0.0397885) (13,13,0.0795775) (6,14,0.0016714) (12,14,0.0288977) (14,14,0.0795775) 
Minv:
size: 27 27
(0,0,0.0397887) (1,1,0.0397887) (2,2,0.0795775) (3,3,0.0397887) (4,4,0.0397887) (5,5,0.0795775) (6,6,0.0397887) (7,7,0.0397887) (8,8,0.0795775) (9,9,0.0397887) (10,10,0.0397887) (11,11,0.0795775) (12,12,0.0397887) (13,13,0.0397887) (14,14,0.0795775) (15,15,0.0397887) (16,16,0.0397887) (17,17,0.0795775) (18,18,0.0397887) (19,19,0.0397887) (20,20,0.0795775) (21,21,0.0397887) (22,22,0.0397887) (23,23,0.0795775) (24,24,0.0397887) (25,25,0.0397887) (26,26,0.0795775) 
v0:
size: 27 1
(0,0,-0.240924) (1,0,-0.85432) (2,0,0) (3,0,0.839752) (4,0,0.344699) (5,0,0) (6,0,-0.0659564) (7,0,-0.867235) (8,0,0) (9,0,-0.0469068) (10,0,-0.239337) (11,0,0) (12,0,-0.658533) (13,0,-0.428158) (14,0,0) (15,0,-0.0927647) (16,0,0.175876) (17,0,0) (18,0,0.345718) (19,0,-0.79636) (20,0,0) (21,0,0.319226) (22,0,-0.851585) (23,0,0) (24,0,-0.378653) (25,0,0.919568) (26,0,0) 
ipopt_sol:
size: 15 1
(0,0,6.45046e-08) (1,0,7.28927e-08) (2,0,31.5648) (3,0,3.07454) (4,0,36.2335) (5,0,3.54447e-07) (6,0,1.42667e-07) (7,0,1.40916e-07) (8,0,2.59876e-07) (9,0,1.68094e-07) (10,0,5.14268) (11,0,2.25382) (12,0,3.77034) (13,0,4.0525) (14,0,0.03187) 
policy_sol:
size: 15 1
(0,0,0) (1,0,0) (2,0,31.5648) (3,0,3.07457) (4,0,36.2335) (5,0,0) (6,0,0) (7,0,0) (8,0,0) (9,0,0) (10,0,5.14268) (11,0,2.25376) (12,0,3.77048) (13,0,4.0525) (14,0,0.0315446) 

policy_converges:
1
ipopt_converges:
0
