Git Revision:     3cfe7dc3fe6810e9e399640d632720aa3564fe80
Build Mode:       Debug
C Compiler:       /usr/bin/cc
C++ Compiler:     /usr/bin/c++
Fortran Compiler: gfortran
Body count: 9
No end time specified. Simulation will run indefinitely.
N:
size: 27 23
(0,0,-0.999946) (1,0,0.0103814) (9,0,0.999946) (10,0,-0.0103814) (0,1,-0.999987) (1,1,0.00516984) (18,1,0.999987) (19,1,-0.00516984) (3,2,-0.730408) (4,2,0.683011) (9,2,0.730408) (10,2,-0.683011) (3,3,-0.999884) (4,3,-0.015242) (12,3,0.999884) (13,3,0.015242) (3,4,-0.690156) (4,4,-0.723661) (15,4,0.690156) (16,4,0.723661) (3,5,-0.901677) (4,5,0.432411) (18,5,0.901677) (19,5,-0.432411) (3,6,-0.999929) (4,6,-0.011908) (21,6,0.999929) (22,6,0.011908) (3,7,-0.885038) (4,7,-0.465519) (24,7,0.885038) (25,7,0.465519) (6,8,-0.475423) (7,8,0.879757) (9,8,0.475423) (10,8,-0.879757) (9,9,0.0382839) (10,9,-0.999267) (12,9,-0.0382839) (13,9,0.999267) (9,10,0.000300964) (10,10,-1) (15,10,-0.000300964) (16,10,1) (9,11,-0.707233) (10,11,-0.706981) (21,11,0.707233) (22,11,0.706981) (9,12,-0.444115) (10,12,-0.89597) (24,12,0.444115) (25,12,0.89597) (12,13,-0.0346199) (13,13,-0.999401) (15,13,0.0346199) (16,13,0.999401) (12,14,-0.720182) (13,14,0.693785) (18,14,0.720182) (19,14,-0.693785) (12,15,-0.999962) (13,15,-0.00867935) (21,15,0.999962) (22,15,0.00867935) (12,16,-0.703448) (13,16,-0.710746) (24,16,0.703448) (25,16,0.710746) (15,17,-0.432026) (16,17,0.901861) (18,17,0.432026) (19,17,-0.901861) (15,18,-0.683493) (16,18,0.729957) (21,18,0.683493) (22,18,-0.729957) (15,19,-0.999977) (16,19,0.00677849) (24,19,0.999977) (25,19,-0.00677849) (18,20,-0.0100186) (19,20,-0.99995) (21,20,0.0100186) (22,20,0.99995) (18,21,-0.0154222) (19,21,-0.999881) (24,21,0.0154222) (25,21,0.999881) (21,22,-0.0205069) (22,22,-0.99979) (24,22,0.0205069) (25,22,0.99979) 
Q:
size: 23 23
(0,0,0.0795775) (1,0,0.0397882) (2,0,0.0293426) (8,0,0.0192789) (9,0,0.00193595) (10,0,0.000425038) (11,0,-0.0278464) (12,0,-0.0172997) (0,1,0.0397882) (1,1,0.0795775) (5,1,0.035965) (14,1,0.0287975) (17,1,0.017375) (20,1,-0.000192929) (21,1,-0.000407946) (0,2,0.0293426) (2,2,0.0795775) (3,2,0.0286444) (4,2,0.000391018) (5,2,0.0379558) (6,2,0.0287363) (7,2,0.01307) (8,2,0.0377252) (9,2,0.0282688) (10,2,0.0271849) (11,2,-0.00134061) (12,2,0.0114421) (2,3,0.0286444) (3,3,0.0795775) (4,3,0.0278961) (5,3,0.0356102) (6,3,0.0397885) (7,3,0.0354928) (9,3,-0.000917078) (13,3,-0.00198342) (14,3,-0.0282311) (15,3,-0.0397879) (16,3,-0.0284171) (2,4,0.000391018) (3,4,0.0278961) (4,4,0.0795775) (5,4,0.0123098) (6,4,0.0278014) (7,4,0.0377075) (10,4,0.0287853) (13,4,0.029727) (17,4,0.0141042) (18,4,0.00224905) (19,4,-0.0272646) (1,5,0.035965) (2,5,0.0379558) (3,5,0.0356102) (4,5,0.0123098) (5,5,0.0795775) (6,5,0.0356692) (7,5,0.0237428) (14,5,0.0377743) (17,5,0.0310162) (20,5,0.0168448) (21,5,0.0166497) (2,6,0.0287363) (3,6,0.0397885) (4,6,0.0278014) (5,6,0.0356692) (6,6,0.0795775) (7,6,0.0354326) (11,6,0.0284729) (15,6,0.0397885) (18,6,0.0268475) (20,6,0.000872378) (22,6,-0.00128959) (2,7,0.01307) (3,7,0.0354928) (4,7,0.0377075) (5,7,0.0237428) (6,7,0.0354326) (7,7,0.0795775) (12,7,0.0322348) (16,7,0.0379364) (19,7,0.0350882) (21,7,0.0190633) (22,7,0.0192407) (0,8,0.0192789) (2,8,0.0377252) (8,8,0.0795775) (9,8,0.035703) (10,8,0.0350101) (11,8,0.0113691) (12,8,0.0229618) (0,9,0.00193595) (2,9,0.0282688) (3,9,-0.000917078) (8,9,0.035703) (9,9,0.0795775) (10,9,0.03976) (11,9,0.0270319) (12,9,0.0349469) (13,9,-0.039683) (14,9,0.0286816) (15,9,0.00117813) (16,9,-0.0271874) (0,10,0.000425038) (2,10,0.0271849) (4,10,0.0287853) (8,10,0.0350101) (9,10,0.03976) (10,10,0.0795775) (11,10,0.0281214) (12,10,0.0356442) (13,10,0.0397645) (17,10,0.0358891) (18,10,0.0290523) (19,10,0.000281682) (0,11,-0.0278464) (2,11,-0.00134061) (6,11,0.0284729) (8,11,0.0113691) (9,11,0.0270319) (10,11,0.0281214) (11,11,0.0795775) (12,11,0.0377009) (15,11,0.028383) (18,11,-0.00130018) (20,11,0.0284104) (22,11,-0.028701) (0,12,-0.0172997) (2,12,0.0114421) (7,12,0.0322348) (8,12,0.0229618) (9,12,0.0349469) (10,12,0.0356442) (11,12,0.0377009) (12,12,0.0795775) (16,12,0.0377682) (19,12,0.0174287) (21,12,0.0359178) (22,12,0.0360044) (3,13,-0.00198342) (4,13,0.029727) (9,13,-0.039683) (10,13,0.0397645) (13,13,0.0795775) (14,13,-0.0265962) (15,13,0.00172256) (16,13,0.0292317) (17,13,0.0352673) (18,13,0.0280852) (19,13,-0.00110791) (1,14,0.0287975) (3,14,-0.0282311) (5,14,0.0377743) (9,14,0.0286816) (13,14,-0.0265962) (14,14,0.0795775) (15,14,0.0284145) (16,14,0.000537385) (17,14,0.0372755) (20,14,0.0273164) (21,14,0.0271596) (3,15,-0.0397879) (6,15,0.0397885) (9,15,0.00117813) (11,15,0.028383) (13,15,0.00172256) (14,15,0.0284145) (15,15,0.0795775) (16,15,0.0282337) (18,15,0.0269422) (20,15,0.000743934) (22,15,-0.00116118) (3,16,-0.0284171) (7,16,0.0379364) (9,16,-0.0271874) (12,16,0.0377682) (13,16,0.0292317) (14,16,0.000537385) (15,16,0.0282337) (16,16,0.0795775) (19,16,0.027797) (21,16,0.028708) (22,16,0.0288477) (1,17,0.017375) (4,17,0.0141042) (5,17,0.0310162) (10,17,0.0358891) (13,17,0.0352673) (14,17,0.0372755) (17,17,0.0795775) (18,17,0.0379428) (19,17,0.0174326) (20,17,0.0357099) (21,17,0.0356146) (4,18,0.00224905) (6,18,0.0268475) (10,18,0.0290523) (11,18,-0.00130018) (13,18,0.0280852) (15,18,0.0269422) (17,18,0.0379428) (18,18,0.0795775) (19,18,0.0273916) (20,18,-0.0287702) (22,18,0.0284803) (4,19,-0.0272646) (7,19,0.0350882) (10,19,0.000281682) (12,19,0.0174287) (13,19,-0.00110791) (16,19,0.027797) (17,19,0.0174326) (18,19,0.0273916) (19,19,0.0795775) (21,19,0.000343941) (22,19,0.000546272) (1,20,-0.000192929) (5,20,0.0168448) (6,20,0.000872378) (11,20,0.0284104) (14,20,0.0273164) (15,20,0.000743934) (17,20,0.0357099) (18,20,-0.0287702) (20,20,0.0795775) (21,20,0.0397882) (22,20,-0.0397865) (1,21,-0.000407946) (5,21,0.0166497) (7,21,0.0190633) (12,21,0.0359178) (14,21,0.0271596) (16,21,0.028708) (17,21,0.0356146) (19,21,0.000343941) (20,21,0.0397882) (21,21,0.0795775) (22,21,0.0397882) (6,22,-0.00128959) (7,22,0.0192407) (11,22,-0.028701) (12,22,0.0360044) (15,22,-0.00116118) (16,22,0.0288477) (18,22,0.0284803) (19,22,0.000546272) (20,22,-0.0397865) (21,22,0.0397882) (22,22,0.0795775) 
Minv:
size: 27 27
(0,0,0.0397887) (1,1,0.0397887) (2,2,0.0795775) (3,3,0.0397887) (4,4,0.0397887) (5,5,0.0795775) (6,6,0.0397887) (7,7,0.0397887) (8,8,0.0795775) (9,9,0.0397887) (10,10,0.0397887) (11,11,0.0795775) (12,12,0.0397887) (13,13,0.0397887) (14,14,0.0795775) (15,15,0.0397887) (16,16,0.0397887) (17,17,0.0795775) (18,18,0.0397887) (19,19,0.0397887) (20,20,0.0795775) (21,21,0.0397887) (22,22,0.0397887) (23,23,0.0795775) (24,24,0.0397887) (25,25,0.0397887) (26,26,0.0795775) 
v0:
size: 27 1
(0,0,-0.663275) (1,0,-0.747752) (2,0,0) (3,0,0.53659) (4,0,0.0840106) (5,0,0) (6,0,-0.998846) (7,0,0.167489) (8,0,0) (9,0,-0.968608) (10,0,0.808736) (11,0,0) (12,0,0.100126) (13,0,-0.25115) (14,0,0) (15,0,0.934833) (16,0,-0.697299) (17,0,0) (18,0,-0.801844) (19,0,-0.419859) (20,0,0) (21,0,-0.260906) (22,0,-0.598968) (23,0,0) (24,0,-0.478304) (25,0,-0.843808) (26,0,0) 
ipopt_sol:
size: 23 1
(0,0,9.58046e-07) (1,0,8.52869e-07) (2,0,26.5719) (3,0,0.647059) (4,0,4.45112) (5,0,3.96795) (6,0,1.28016) (7,0,7.48936) (8,0,8.89518e-08) (9,0,8.88439) (10,0,18.1295) (11,0,1.01578) (12,0,2.28028) (13,0,3.58342) (14,0,7.54577) (15,0,2.84227) (16,0,5.99774) (17,0,1.50994) (18,0,1.78187) (19,0,30.1517) (20,0,0.631592) (21,0,0.587016) (22,0,0.853633) 
policy_sol:
size: 23 1
(0,0,0) (1,0,0) (2,0,24.1656) (3,0,0) (4,0,0) (5,0,5.56067) (6,0,0.986609) (7,0,12.3863) (8,0,0) (9,0,13.6541) (10,0,17.559) (11,0,0.146604) (12,0,0.117651) (13,0,4.70582) (14,0,3.85632) (15,0,3.57333) (16,0,7.50119) (17,0,4.3135) (18,0,2.01656) (19,0,25.747) (20,0,0.561094) (21,0,0) (22,0,0) 

policy_converges:
1
