Git Revision:     18345a57b34405566a64d0bf3d2a118f1cdbade3
Build Mode:       Debug
C Compiler:       /usr/bin/cc
C++ Compiler:     /usr/bin/c++
Fortran Compiler: gfortran
Body count: 9
No end time specified. Simulation will run indefinitely.
N:
size: 27 17
(0,0,-0.999989) (1,0,-0.00466962) (9,0,0.999989) (10,0,0.00466962) (0,1,-0.726519) (1,1,-0.687147) (12,1,0.726519) (13,1,0.687147) (0,2,-0.483556) (1,2,-0.875314) (15,2,0.483556) (16,2,0.875314) (0,3,-0.999998) (1,3,0.00215019) (18,3,0.999998) (19,3,-0.00215019) (0,4,-0.89618) (1,4,-0.44369) (21,4,0.89618) (22,4,0.44369) (3,5,-0.0903829) (4,5,-0.995907) (6,5,0.0903829) (7,5,0.995907) (3,6,-0.750692) (4,6,-0.660653) (15,6,0.750692) (16,6,0.660653) (3,7,-0.999981) (4,7,0.006136) (21,7,0.999981) (22,7,-0.006136) (6,8,-0.999673) (7,8,0.0255656) (15,8,0.999673) (16,8,-0.0255656) (9,9,-0.0353835) (10,9,-0.999374) (12,9,0.0353835) (13,9,0.999374) (9,10,-0.0388725) (10,10,-0.999244) (15,10,0.0388725) (16,10,0.999244) (9,11,-0.999962) (10,11,0.00875284) (18,11,0.999962) (19,11,-0.00875284) (9,12,-0.711135) (10,12,-0.703055) (21,12,0.711135) (22,12,0.703055) (12,13,-0.712647) (13,13,0.701522) (18,13,0.712647) (19,13,-0.701522) (12,14,-0.99996) (13,14,-0.00899715) (21,14,0.99996) (22,14,0.00899715) (18,15,0.0394892) (19,15,-0.99922) (21,15,-0.0394892) (22,15,0.99922) (18,16,0.0282935) (19,16,-0.9996) (24,16,-0.0282935) (25,16,0.9996) 
Q:
size: 17 17
(0,0,0.0795775) (1,0,0.0290346) (2,0,0.0194025) (3,0,0.0397878) (4,0,0.0357399) (9,0,-0.00159353) (10,0,-0.00173233) (11,0,-0.0397852) (12,0,-0.0284255) (0,1,0.0290346) (1,1,0.0795775) (2,1,0.03791) (3,1,0.0288484) (4,1,0.0380369) (9,1,0.0283464) (13,1,-0.00142057) (14,1,-0.0291521) (0,2,0.0194025) (1,2,0.03791) (2,2,0.0795775) (3,2,0.0191651) (4,2,0.0326952) (6,2,0.0374523) (8,2,0.0183434) (10,2,0.0355492) (0,3,0.0397878) (1,3,0.0288484) (2,3,0.0191651) (3,3,0.0795775) (4,3,0.0356198) (11,3,0.0397879) (13,3,0.0284153) (15,3,0.00165671) (16,3,0.00121128) (0,4,0.0357399) (1,4,0.0380369) (2,4,0.0326952) (3,4,0.0356198) (4,4,0.0795775) (7,4,0.0355489) (12,4,0.0377692) (14,4,0.0358153) (15,4,0.016232) (5,5,0.0795775) (6,5,0.0288786) (7,5,0.00335301) (8,5,-0.00258198) (2,6,0.0374523) (5,6,0.0288786) (6,6,0.0795775) (7,6,0.0297072) (8,6,0.0291873) (10,6,0.0274277) (4,7,0.0355489) (5,7,0.00335301) (6,7,0.0297072) (7,7,0.0795775) (12,7,0.028123) (14,7,0.0397842) (15,7,-0.00181515) (2,8,0.0183434) (5,8,-0.00258198) (6,8,0.0291873) (8,8,0.0795775) (10,8,0.000529728) (0,9,-0.00159353) (1,9,0.0283464) (9,9,0.0795775) (10,9,0.0397885) (11,9,0.00105976) (12,9,0.0289573) (13,9,0.0268919) (14,9,-0.00176557) (0,10,-0.00173233) (2,10,0.0355492) (6,10,0.0274277) (8,10,0.000529728) (9,10,0.0397885) (10,10,0.0795775) (11,10,0.00119863) (12,10,0.0290524) (0,11,-0.0397852) (3,11,0.0397879) (9,11,0.00105976) (10,11,0.00119863) (11,11,0.0795775) (12,11,0.0280492) (13,11,0.0285986) (15,11,0.00191916) (16,11,0.00147384) (0,12,-0.0284255) (4,12,0.0377692) (7,12,0.028123) (9,12,0.0289573) (10,12,0.0290524) (11,12,0.0280492) (12,12,0.0795775) (14,12,0.0285457) (15,12,0.0268345) (1,13,-0.00142057) (3,13,0.0284153) (9,13,0.0268919) (11,13,0.0285986) (13,13,0.0795775) (14,13,0.0281031) (15,13,0.0290107) (16,13,0.0287038) (1,14,-0.0291521) (4,14,0.0358153) (7,14,0.0397842) (9,14,-0.00176557) (12,14,0.0285457) (13,14,0.0281031) (14,14,0.0795775) (15,14,-0.00121346) (3,15,0.00165671) (4,15,0.016232) (7,15,-0.00181515) (11,15,0.00191916) (12,15,0.0268345) (13,15,0.0290107) (14,15,-0.00121346) (15,15,0.0795775) (16,15,0.0397862) (3,16,0.00121128) (11,16,0.00147384) (13,16,0.0287038) (15,16,0.0397862) (16,16,0.0795775) 
Minv:
size: 27 27
(0,0,0.0397887) (1,1,0.0397887) (2,2,0.0795775) (3,3,0.0397887) (4,4,0.0397887) (5,5,0.0795775) (6,6,0.0397887) (7,7,0.0397887) (8,8,0.0795775) (9,9,0.0397887) (10,10,0.0397887) (11,11,0.0795775) (12,12,0.0397887) (13,13,0.0397887) (14,14,0.0795775) (15,15,0.0397887) (16,16,0.0397887) (17,17,0.0795775) (18,18,0.0397887) (19,19,0.0397887) (20,20,0.0795775) (21,21,0.0397887) (22,22,0.0397887) (23,23,0.0795775) (24,24,0.0397887) (25,25,0.0397887) (26,26,0.0795775) 
v0:
size: 27 1
(0,0,0.58109) (1,0,-0.363577) (2,0,0) (3,0,-0.585082) (4,0,0.495181) (5,0,0) (6,0,-0.429017) (7,0,0.444363) (8,0,0) (9,0,-0.316714) (10,0,0.319347) (11,0,0) (12,0,0.275744) (13,0,-0.237649) (14,0,0) (15,0,-0.804582) (16,0,0.113446) (17,0,0) (18,0,-0.685631) (19,0,-0.0790158) (20,0,0) (21,0,-0.884798) (22,0,-0.808773) (23,0,0) (24,0,0.646488) (25,0,-0.0933159) (26,0,0) 
ipopt_sol:
size: 17 1
(0,0,20.9646) (1,0,1.72838e-07) (2,0,1.14771e-07) (3,0,21.1708) (4,0,2.7445e-07) (5,0,6.05395e-07) (6,0,8.19982) (7,0,6.79498e-08) (8,0,6.21576) (9,0,5.20991) (10,0,1.23963e-07) (11,0,1.83218e-05) (12,0,25.0879) (13,0,2.67508e-05) (14,0,20.5572) (15,0,9.54161) (16,0,2.91731e-07) 
policy_sol:
size: 17 1
(0,0,26.7786) (1,0,-11.4814) (2,0,0) (3,0,21.5495) (4,0,0) (5,0,0) (6,0,8.19982) (7,0,0) (8,0,6.21576) (9,0,0) (10,0,0) (11,0,-6.34098) (12,0,39.3339) (13,0,11.8699) (14,0,6.79317) (15,0,0.345554) (16,0,0) 

policy_converges:
0
ipopt_converges:
0
