Git Revision:     18345a57b34405566a64d0bf3d2a118f1cdbade3
Build Mode:       Debug
C Compiler:       /usr/bin/cc
C++ Compiler:     /usr/bin/c++
Fortran Compiler: gfortran
Body count: 9
No end time specified. Simulation will run indefinitely.
N:
size: 27 18
(0,0,-0.0393505) (1,0,-0.999225) (3,0,0.0393505) (4,0,0.999225) (0,1,0.000899722) (1,1,-1) (6,1,-0.000899722) (7,1,1) (0,2,-0.7124) (1,2,-0.701773) (12,2,0.7124) (13,2,0.701773) (0,3,-0.901397) (1,3,-0.432994) (21,3,0.901397) (22,3,0.432994) (3,4,0.0406438) (4,4,-0.999174) (6,4,-0.0406438) (7,4,0.999174) (3,5,-0.999787) (4,5,0.0206599) (21,5,0.999787) (22,5,-0.0206599) (6,6,-0.44011) (7,6,0.897944) (9,6,0.44011) (10,6,-0.897944) (6,7,-0.702131) (7,7,0.712047) (12,7,0.702131) (13,7,-0.712047) (6,8,-0.999999) (7,8,-0.00101601) (15,8,0.999999) (16,8,0.00101601) (6,9,-0.708121) (7,9,0.706091) (18,9,0.708121) (19,9,-0.706091) (6,10,-0.884769) (7,10,0.46603) (21,10,0.884769) (22,10,-0.46603) (6,11,-0.999501) (7,11,0.0315798) (24,11,0.999501) (25,11,-0.0315798) (9,12,-0.700519) (10,12,-0.713634) (21,12,0.700519) (22,12,0.713634) (12,13,-0.999503) (13,13,0.0315094) (21,13,0.999503) (22,13,-0.0315094) (15,14,-0.696656) (16,14,0.717405) (21,14,0.696656) (22,14,-0.717405) (18,15,0.0130192) (19,15,-0.999915) (21,15,-0.0130192) (22,15,0.999915) (18,16,-0.0107914) (19,16,-0.999942) (24,16,0.0107914) (25,16,0.999942) (21,17,-0.0337181) (22,17,-0.999431) (24,17,0.0337181) (25,17,0.999431) 
Q:
size: 18 18
(0,0,0.0795775) (1,0,0.0397565) (2,0,0.0290165) (3,0,0.0186263) (4,0,-0.0396614) (5,0,-0.000743978) (0,1,0.0397565) (1,1,0.0795775) (2,1,0.0278972) (3,1,0.017196) (4,1,0.0397573) (6,1,0.0357438) (7,1,0.0283566) (8,1,-4.62712e-06) (9,1,0.0281198) (10,1,0.0185744) (11,1,0.0012923) (0,2,0.0290165) (1,2,0.0278972) (2,2,0.0795775) (3,2,0.0376409) (7,2,2.00066e-05) (13,2,-0.0274516) (0,3,0.0186263) (1,3,0.017196) (2,3,0.0376409) (3,3,0.0795775) (5,3,0.0355019) (10,3,0.0237037) (12,3,0.0374191) (13,3,0.0353048) (14,3,0.0126262) (15,3,0.0167599) (17,3,-0.0184278) (0,4,-0.0396614) (1,4,0.0397573) (4,4,0.0795775) (5,4,-0.00243817) (6,4,0.0364103) (7,4,0.0294435) (8,4,0.00157677) (9,4,0.0292164) (10,4,0.0199583) (11,4,0.00287184) (0,5,-0.000743978) (3,5,0.0355019) (4,5,-0.00243817) (5,5,0.0795775) (10,5,0.0355794) (12,5,0.0272802) (13,5,0.0397864) (14,5,0.0283029) (15,5,-0.00133987) (17,5,-0.000519751) (1,6,0.0357438) (4,6,0.0364103) (6,6,0.0795775) (7,6,0.0377354) (8,6,0.0174751) (9,6,0.0376275) (10,6,0.0321439) (11,6,0.018631) (12,6,0.0132296) (1,7,0.0283566) (2,7,2.00066e-05) (4,7,0.0294435) (6,7,0.0377354) (7,7,0.0795775) (8,7,0.0279081) (9,7,0.0397873) (10,7,0.037921) (11,7,0.0288177) (13,7,-0.0288158) (1,8,-4.62712e-06) (4,8,0.00157677) (6,8,0.0174751) (7,8,0.0279081) (8,8,0.0795775) (9,8,0.0281467) (10,8,0.035185) (11,8,0.0397676) (14,8,-0.0276901) (1,9,0.0281198) (4,9,0.0292164) (6,9,0.0376275) (7,9,0.0397873) (8,9,0.0281467) (9,9,0.0795775) (10,9,0.0380215) (11,9,0.0290484) (15,9,0.0284589) (16,9,0.0277888) (1,10,0.0185744) (3,10,0.0237037) (4,10,0.0199583) (5,10,0.0355794) (6,10,0.0321439) (7,10,0.037921) (8,10,0.035185) (9,10,0.0380215) (10,10,0.0795775) (11,10,0.0357718) (12,10,0.0114282) (13,10,0.0357706) (14,10,0.0378276) (15,10,-0.0189995) (17,10,0.0173452) (1,11,0.0012923) (4,11,0.00287184) (6,11,0.018631) (7,11,0.0288177) (8,11,0.0397676) (9,11,0.0290484) (10,11,0.0357718) (11,11,0.0795775) (16,11,-0.000827288) (17,11,8.51253e-05) (3,12,0.0374191) (5,12,0.0272802) (6,12,0.0132296) (10,12,0.0114282) (12,12,0.0795775) (13,12,0.0269642) (14,12,-0.000952668) (15,12,0.0280293) (17,12,-0.0293183) (2,13,-0.0274516) (3,13,0.0353048) (5,13,0.0397864) (7,13,-0.0288158) (10,13,0.0357706) (12,13,0.0269642) (13,13,0.0795775) (14,13,0.0286047) (15,13,-0.00177137) (17,13,-8.79308e-05) (3,14,0.0126262) (5,14,0.0283029) (8,14,-0.0276901) (10,14,0.0378276) (12,14,-0.000952668) (13,14,0.0286047) (14,14,0.0795775) (15,14,-0.0289031) (17,14,0.0275938) (3,15,0.0167599) (5,15,-0.00133987) (9,15,0.0284589) (10,15,-0.0189995) (12,15,0.0280293) (13,15,-0.00177137) (14,15,-0.0289031) (15,15,0.0795775) (16,15,0.0397775) (17,15,-0.0397453) (9,16,0.0277888) (11,16,-0.000827288) (15,16,0.0397775) (16,16,0.0795775) (17,16,0.0397783) (3,17,-0.0184278) (5,17,-0.000519751) (10,17,0.0173452) (11,17,8.51253e-05) (12,17,-0.0293183) (13,17,-8.79308e-05) (14,17,0.0275938) (15,17,-0.0397453) (16,17,0.0397783) (17,17,0.0795775) 
Minv:
size: 27 27
(0,0,0.0397887) (1,1,0.0397887) (2,2,0.0795775) (3,3,0.0397887) (4,4,0.0397887) (5,5,0.0795775) (6,6,0.0397887) (7,7,0.0397887) (8,8,0.0795775) (9,9,0.0397887) (10,10,0.0397887) (11,11,0.0795775) (12,12,0.0397887) (13,13,0.0397887) (14,14,0.0795775) (15,15,0.0397887) (16,16,0.0397887) (17,17,0.0795775) (18,18,0.0397887) (19,19,0.0397887) (20,20,0.0795775) (21,21,0.0397887) (22,22,0.0397887) (23,23,0.0795775) (24,24,0.0397887) (25,25,0.0397887) (26,26,0.0795775) 
v0:
size: 27 1
(0,0,-0.280811) (1,0,0.730772) (2,0,0) (3,0,-0.0226458) (4,0,0.438897) (5,0,0) (6,0,0.893795) (7,0,-0.657812) (8,0,0) (9,0,0.131896) (10,0,-0.734674) (11,0,0) (12,0,0.0748913) (13,0,0.133238) (14,0,0) (15,0,0.305821) (16,0,0.546801) (17,0,0) (18,0,0.657563) (19,0,0.609809) (20,0,0) (21,0,-0.890541) (22,0,0.256755) (23,0,0) (24,0,0.711842) (25,0,-0.0777439) (26,0,0) 
ipopt_sol:
size: 18 1
(0,0,7.23317e-06) (1,0,21.0624) (2,0,6.53087e-07) (3,0,2.78131e-07) (4,0,6.60199) (5,0,4.73733e-06) (6,0,3.74589e-08) (7,0,8.39163e-07) (8,0,2.0172e-07) (9,0,7.51365e-08) (10,0,45.262) (11,0,6.23494e-08) (12,0,7.96717e-08) (13,0,4.31987) (14,0,5.09374e-07) (15,0,14.1825) (16,0,10.1751) (17,0,1.38422e-06) 
policy_sol:
size: 18 1
(0,0,0) (1,0,21.0624) (2,0,0) (3,0,0) (4,0,6.60198) (5,0,0) (6,0,0) (7,0,0) (8,0,0) (9,0,0) (10,0,45.262) (11,0,0) (12,0,0) (13,0,4.31987) (14,0,0) (15,0,14.1825) (16,0,10.1751) (17,0,0) 

policy_converges:
1
ipopt_converges:
0
