Git Revision:     3cfe7dc3fe6810e9e399640d632720aa3564fe80
Build Mode:       Debug
C Compiler:       /usr/bin/cc
C++ Compiler:     /usr/bin/c++
Fortran Compiler: gfortran
Body count: 9
No end time specified. Simulation will run indefinitely.
N:
size: 27 19
(0,0,-0.0539796) (1,0,-0.998542) (3,0,0.0539796) (4,0,0.998542) (0,1,-0.0129059) (1,1,-0.999917) (6,1,0.0129059) (7,1,0.999917) (0,2,-0.747442) (1,2,-0.664327) (12,2,0.747442) (13,2,0.664327) (0,3,-0.480744) (1,3,-0.876861) (15,3,0.480744) (16,3,0.876861) (0,4,-0.730623) (1,4,-0.682781) (24,4,0.730623) (25,4,0.682781) (3,5,-0.999827) (4,5,0.0185964) (12,5,0.999827) (13,5,-0.0185964) (3,6,-0.716783) (4,6,-0.697296) (15,6,0.716783) (16,6,0.697296) (3,7,-0.886016) (4,7,0.463654) (18,7,0.886016) (19,7,-0.463654) (3,8,-0.999968) (4,8,-0.00795524) (21,8,0.999968) (22,8,0.00795524) (3,9,-0.902471) (4,9,-0.430751) (24,9,0.902471) (25,9,0.430751) (6,10,-0.999066) (7,10,0.0432007) (15,10,0.999066) (16,10,-0.0432007) (6,11,-0.999165) (7,11,0.0408541) (24,11,0.999165) (25,11,-0.0408541) (9,12,-1) (10,12,0.000166685) (18,12,1) (19,12,-0.000166685) (12,13,-0.00946355) (13,13,-0.999955) (15,13,0.00946355) (16,13,0.999955) (12,14,-0.694331) (13,14,0.719656) (18,14,0.694331) (19,14,-0.719656) (15,15,-0.434336) (16,15,0.900751) (18,15,0.434336) (19,15,-0.900751) (15,16,-0.999264) (16,16,0.0383483) (24,16,0.999264) (25,16,-0.0383483) (18,17,0.0212955) (19,17,-0.999773) (21,17,-0.0212955) (22,17,0.999773) (18,18,0.00203546) (19,18,-0.999998) (24,18,-0.00203546) (25,18,0.999998) 
Q:
size: 19 19
(0,0,0.0795775) (1,0,0.0397551) (2,0,0.0279995) (3,0,0.0358709) (4,0,0.0286966) (5,0,-0.00140856) (6,0,-0.0292436) (7,0,0.0165183) (8,0,-0.00246378) (9,0,-0.0190524) (0,1,0.0397551) (1,1,0.0795775) (2,1,0.0268144) (3,1,0.0351331) (4,1,0.0275399) (10,1,0.00120573) (11,1,0.00111231) (0,2,0.0279995) (1,2,0.0268144) (2,2,0.0795775) (3,2,0.0374751) (4,2,0.0397763) (5,2,0.0292431) (13,2,-0.026713) (14,2,-0.00162679) (0,3,0.0358709) (1,3,0.0351331) (2,3,0.0374751) (3,3,0.0795775) (4,3,0.0377972) (6,3,0.0380389) (10,3,0.0176031) (13,3,0.0350686) (15,3,0.0231184) (16,3,-0.0177762) (0,4,0.0286966) (1,4,0.0275399) (2,4,0.0397763) (3,4,0.0377972) (4,4,0.0795775) (9,4,0.0379375) (11,4,0.0279364) (16,4,0.0280074) (18,4,0.0271078) (0,5,-0.00140856) (2,5,0.0292431) (5,5,0.0795775) (6,5,0.027999) (7,5,0.0355904) (8,5,0.0397747) (9,5,0.0355832) (13,5,0.000363415) (14,5,-0.0281543) (0,6,-0.0292436) (3,6,0.0380389) (5,6,0.027999) (6,6,0.0795775) (7,6,0.0124052) (8,6,0.0287397) (9,6,0.0376894) (10,6,0.0272947) (13,6,0.0280132) (15,6,0.0126037) (16,6,-0.027435) (0,7,0.0165183) (5,7,0.0355904) (6,7,0.0124052) (7,7,0.0795775) (8,7,0.0351056) (9,7,0.0238686) (12,7,0.0352565) (14,7,0.0377539) (15,7,0.0319291) (17,7,0.0191948) (18,7,0.0185199) (0,8,-0.00246378) (5,8,0.0397747) (6,8,0.0287397) (7,8,0.0351056) (8,8,0.0795775) (9,8,0.0360434) (17,8,-0.000530836) (0,9,-0.0190524) (4,9,0.0379375) (5,9,0.0355832) (6,9,0.0376894) (7,9,0.0238686) (8,9,0.0360434) (9,9,0.0795775) (11,9,0.035178) (16,9,0.0352245) (18,9,0.0170659) (1,10,0.00120573) (3,10,0.0176031) (6,10,0.0272947) (10,10,0.0795775) (11,10,0.0397886) (13,10,-0.00134263) (15,10,-0.0188138) (16,10,-0.0397883) (1,11,0.00111231) (4,11,0.0279364) (9,11,0.035178) (10,11,0.0397886) (11,11,0.0795775) (16,11,0.0397886) (18,11,-0.00170645) (7,12,0.0352565) (12,12,0.0795775) (14,12,0.0276313) (15,12,0.0172876) (17,12,0.000853951) (18,12,8.76207e-05) (2,13,-0.026713) (3,13,0.0350686) (5,13,0.000363415) (6,13,0.0280132) (10,13,-0.00134263) (13,13,0.0795775) (14,13,-0.0283715) (15,13,0.0356746) (16,13,0.0011495) (2,14,-0.00162679) (5,14,-0.0281543) (7,14,0.0377539) (12,14,0.0276313) (13,14,-0.0283715) (14,14,0.0795775) (15,14,0.0377915) (17,14,0.029216) (18,14,0.0286904) (3,15,0.0231184) (6,15,0.0126037) (7,15,0.0319291) (10,15,-0.0188138) (12,15,0.0172876) (13,15,0.0356746) (14,15,0.0377915) (15,15,0.0795775) (16,15,0.0186434) (17,15,0.0361996) (18,15,0.0358748) (3,16,-0.0177762) (4,16,0.0280074) (6,16,-0.027435) (9,16,0.0352245) (10,16,-0.0397883) (11,16,0.0397886) (13,16,0.0011495) (15,16,0.0186434) (16,16,0.0795775) (18,16,-0.00160676) (7,17,0.0191948) (8,17,-0.000530836) (12,17,0.000853951) (14,17,0.029216) (15,17,0.0361996) (17,17,0.0795775) (18,17,0.0397814) (4,18,0.0271078) (7,18,0.0185199) (9,18,0.0170659) (11,18,-0.00170645) (12,18,8.76207e-05) (14,18,0.0286904) (15,18,0.0358748) (16,18,-0.00160676) (17,18,0.0397814) (18,18,0.0795775) 
Minv:
size: 27 27
(0,0,0.0397887) (1,1,0.0397887) (2,2,0.0795775) (3,3,0.0397887) (4,4,0.0397887) (5,5,0.0795775) (6,6,0.0397887) (7,7,0.0397887) (8,8,0.0795775) (9,9,0.0397887) (10,10,0.0397887) (11,11,0.0795775) (12,12,0.0397887) (13,13,0.0397887) (14,14,0.0795775) (15,15,0.0397887) (16,16,0.0397887) (17,17,0.0795775) (18,18,0.0397887) (19,19,0.0397887) (20,20,0.0795775) (21,21,0.0397887) (22,22,0.0397887) (23,23,0.0795775) (24,24,0.0397887) (25,25,0.0397887) (26,26,0.0795775) 
v0:
size: 27 1
(0,0,-0.442756) (1,0,0.773905) (2,0,0) (3,0,0.745905) (4,0,-0.474949) (5,0,0) (6,0,0.197187) (7,0,0.508469) (8,0,0) (9,0,0.977777) (10,0,-0.891993) (11,0,0) (12,0,0.240747) (13,0,-0.703521) (14,0,0) (15,0,-0.830169) (16,0,-0.810675) (17,0,0) (18,0,0.774512) (19,0,0.678097) (20,0,0) (21,0,0.725116) (22,0,-0.636879) (23,0,0) (24,0,-0.812843) (25,0,0.466594) (26,0,0) 
ipopt_sol:
size: 19 1
(0,0,50.4039) (1,0,5.01218e-08) (2,0,1.85138e-07) (3,0,1.37051e-07) (4,0,5.81307e-08) (5,0,2.0126e-07) (6,0,56.2612) (7,0,5.68188e-08) (8,0,5.35025e-08) (9,0,3.92865e-07) (10,0,1.85069e-05) (11,0,20.2992) (12,0,3.87981) (13,0,6.10124e-08) (14,0,2.56792) (15,0,8.75573e-08) (16,0,10.0428) (17,0,32.0306) (18,0,9.31996e-08) 
policy_sol:
size: 19 1
(0,0,50.4039) (1,0,0) (2,0,0) (3,0,0) (4,0,0) (5,0,0) (6,0,56.2612) (7,0,0) (8,0,0) (9,0,0) (10,0,0) (11,0,20.2992) (12,0,3.87981) (13,0,0) (14,0,2.56792) (15,0,0) (16,0,10.0428) (17,0,32.0306) (18,0,0) 

policy_converges:
1
