Git Revision:     3cfe7dc3fe6810e9e399640d632720aa3564fe80
Build Mode:       Debug
C Compiler:       /usr/bin/cc
C++ Compiler:     /usr/bin/c++
Fortran Compiler: gfortran
Body count: 9
No end time specified. Simulation will run indefinitely.
N:
size: 27 20
(0,0,0.0819517) (1,0,-0.996636) (3,0,-0.0819517) (4,0,0.996636) (0,1,0.022362) (1,1,-0.99975) (6,1,-0.022362) (7,1,0.99975) (0,2,-0.443856) (1,2,-0.896098) (15,2,0.443856) (16,2,0.896098) (3,3,-0.740167) (4,3,0.672424) (9,3,0.740167) (10,3,-0.672424) (3,4,-0.999189) (4,4,-0.0402623) (12,4,0.999189) (13,4,0.0402623) (3,5,-0.71113) (4,5,-0.703061) (15,5,0.71113) (16,5,0.703061) (3,6,-0.906808) (4,6,0.421545) (18,6,0.906808) (19,6,-0.421545) (3,7,-0.999177) (4,7,-0.040563) (21,7,0.999177) (22,7,0.040563) (3,8,-0.895917) (4,8,-0.444221) (24,8,0.895917) (25,8,0.444221) (6,9,-0.440449) (7,9,0.897778) (9,9,0.440449) (10,9,-0.897778) (6,10,-0.713303) (7,10,0.700855) (12,10,0.713303) (13,10,-0.700855) (6,11,-0.999961) (7,11,0.0088303) (15,11,0.999961) (16,11,-0.0088303) (6,12,-0.707528) (7,12,0.706685) (18,12,0.707528) (19,12,-0.706685) (6,13,-0.999825) (7,13,0.0187004) (24,13,0.999825) (25,13,-0.0187004) (9,14,-0.0337819) (10,14,-0.999429) (15,14,0.0337819) (16,14,0.999429) (9,15,-0.999059) (10,15,0.0433653) (18,15,0.999059) (19,15,-0.0433653) (12,16,0.00455816) (13,16,-0.99999) (15,16,-0.00455816) (16,16,0.99999) (15,17,-0.440769) (16,17,0.897621) (18,17,0.440769) (19,17,-0.897621) (15,18,-0.999583) (16,18,0.0288822) (24,18,0.999583) (25,18,-0.0288822) (18,19,0.0387072) (19,19,-0.999251) (21,19,-0.0387072) (22,19,0.999251) 
Q:
size: 20 20
(0,0,0.0795775) (1,0,0.0397179) (2,0,0.0340874) (3,0,0.0290784) (4,0,0.00166152) (5,0,-0.025561) (6,0,0.0196732) (7,0,0.00164955) (8,0,-0.0146942) (0,1,0.0397179) (1,1,0.0795775) (2,1,0.0352508) (9,1,0.0361044) (10,1,0.0285138) (11,1,0.00124098) (12,1,0.0287406) (13,1,0.00163348) (0,2,0.0340874) (1,2,0.0352508) (2,2,0.0795775) (5,2,0.0376262) (11,2,0.017345) (14,2,0.0362309) (16,2,0.0355737) (17,2,0.0242201) (18,2,-0.0166233) (0,3,0.0290784) (3,3,0.0795775) (4,3,0.0283492) (5,3,0.00213268) (6,3,0.0379841) (7,3,0.0283408) (8,3,0.0145) (9,3,0.0369913) (14,3,0.0257447) (15,3,-0.0305828) (0,4,0.00166152) (3,4,0.0283492) (4,4,0.0795775) (5,4,0.0293983) (6,4,0.0353762) (7,4,0.0397887) (8,4,0.0363302) (10,4,0.0272357) (16,4,-0.00142075) (0,5,-0.025561) (2,5,0.0376262) (3,5,0.00213268) (4,5,0.0293983) (5,5,0.0795775) (6,5,0.0138658) (7,5,0.0294064) (8,5,0.0377765) (11,5,0.0280468) (14,5,0.0289138) (16,5,0.0278446) (17,5,0.0126384) (18,5,-0.0274752) (0,6,0.0196732) (3,6,0.0379841) (4,6,0.0353762) (5,6,0.0138658) (6,6,0.0795775) (7,6,0.0353707) (8,6,0.0248746) (12,6,0.0373812) (15,6,0.0367741) (17,6,0.0309588) (19,6,0.0181567) (0,7,0.00164955) (3,7,0.0283408) (4,7,0.0397887) (5,7,0.0294064) (6,7,0.0353707) (7,7,0.0795775) (8,7,0.036335) (19,7,7.38955e-05) (0,8,-0.0146942) (3,8,0.0145) (4,8,0.0363302) (5,8,0.0377765) (6,8,0.0248746) (7,8,0.036335) (8,8,0.0795775) (13,8,0.0353107) (18,8,0.0351221) (1,9,0.0361044) (3,9,0.0369913) (9,9,0.0795775) (10,9,0.0375361) (11,9,0.0178396) (12,9,0.0376432) (13,9,0.0181898) (14,9,0.035109) (15,9,-0.0190575) (1,10,0.0285138) (4,10,0.0272357) (9,10,0.0375361) (10,10,0.0795775) (11,10,0.0286266) (12,10,0.0397874) (13,10,0.028898) (16,10,0.0280152) (1,11,0.00124098) (2,11,0.017345) (5,11,0.0280468) (9,11,0.0178396) (10,11,0.0286266) (11,11,0.0795775) (12,11,0.0283988) (13,11,0.0397868) (14,11,0.000992939) (16,11,-0.000532699) (17,11,-0.0178523) (18,11,-0.0397807) (1,12,0.0287406) (6,12,0.0373812) (9,12,0.0376432) (10,12,0.0397874) (11,12,0.0283988) (12,12,0.0795775) (13,12,0.0286725) (15,12,0.0293445) (17,12,0.0376478) (19,12,0.0291867) (1,13,0.00163348) (8,13,0.0353107) (9,13,0.0181898) (10,13,0.028898) (11,13,0.0397868) (12,13,0.0286725) (13,13,0.0795775) (18,13,0.0397867) (2,14,0.0362309) (3,14,0.0257447) (5,14,0.0289138) (9,14,0.035109) (11,14,0.000992939) (14,14,0.0795775) (15,14,-0.000381592) (16,14,0.0397595) (17,14,0.0351023) (18,14,-0.000195045) (3,15,-0.0305828) (6,15,0.0367741) (9,15,-0.0190575) (12,15,0.0293445) (14,15,-0.000381592) (15,15,0.0795775) (17,15,0.0190699) (19,15,0.00326282) (2,16,0.0355737) (4,16,-0.00142075) (5,16,0.0278446) (10,16,0.0280152) (11,16,-0.000532699) (14,16,0.0397595) (16,16,0.0795775) (17,16,0.0357948) (18,16,0.00133046) (2,17,0.0242201) (5,17,0.0126384) (6,17,0.0309588) (11,17,-0.0178523) (12,17,0.0376478) (14,17,0.0351023) (15,17,0.0190699) (16,17,0.0357948) (17,17,0.0795775) (18,17,0.0185619) (19,17,0.0363673) (2,18,-0.0166233) (5,18,-0.0274752) (8,18,0.0351221) (11,18,-0.0397807) (13,18,0.0397867) (14,18,-0.000195045) (16,18,0.00133046) (17,18,0.0185619) (18,18,0.0795775) (6,19,0.0181567) (7,19,7.38955e-05) (12,19,0.0291867) (15,19,0.00326282) (17,19,0.0363673) (19,19,0.0795775) 
Minv:
size: 27 27
(0,0,0.0397887) (1,1,0.0397887) (2,2,0.0795775) (3,3,0.0397887) (4,4,0.0397887) (5,5,0.0795775) (6,6,0.0397887) (7,7,0.0397887) (8,8,0.0795775) (9,9,0.0397887) (10,10,0.0397887) (11,11,0.0795775) (12,12,0.0397887) (13,13,0.0397887) (14,14,0.0795775) (15,15,0.0397887) (16,16,0.0397887) (17,17,0.0795775) (18,18,0.0397887) (19,19,0.0397887) (20,20,0.0795775) (21,21,0.0397887) (22,22,0.0397887) (23,23,0.0795775) (24,24,0.0397887) (25,25,0.0397887) (26,26,0.0795775) 
v0:
size: 27 1
(0,0,-0.819327) (1,0,0.198758) (2,0,0) (3,0,0.971788) (4,0,-0.802001) (5,0,0) (6,0,0.959312) (7,0,-0.462589) (8,0,0) (9,0,0.432526) (10,0,-0.709396) (11,0,0) (12,0,-0.560421) (13,0,0.750728) (14,0,0) (15,0,-0.100836) (16,0,-0.755837) (17,0,0) (18,0,-0.450929) (19,0,0.0945456) (20,0,0) (21,0,0.94797) (22,0,-0.690998) (23,0,0) (24,0,-0.329094) (25,0,0.91518) (26,0,0) 
ipopt_sol:
size: 20 1
(0,0,25.0911) (1,0,7.15106e-07) (2,0,7.22287e-08) (3,0,1.67222e-07) (4,0,25.2054) (5,0,0.183354) (6,0,12.9351) (7,0,5.18731e-08) (8,0,9.67157e-08) (9,0,9.32008e-08) (10,0,17.329) (11,0,31.6373) (12,0,3.17411e-07) (13,0,4.90797e-06) (14,0,6.76559e-08) (15,0,16.3653) (16,0,32.0406) (17,0,1.68135e-07) (18,0,22.2904) (19,0,17.4666) 
policy_sol:
size: 20 1
(0,0,25.0911) (1,0,0) (2,0,0) (3,0,0) (4,0,25.2055) (5,0,0.18321) (6,0,12.9351) (7,0,0) (8,0,0) (9,0,0) (10,0,17.3289) (11,0,31.6374) (12,0,0) (13,0,0) (14,0,0) (15,0,16.3653) (16,0,32.0407) (17,0,0) (18,0,22.2904) (19,0,17.4666) 

policy_converges:
1
