Git Revision:     18345a57b34405566a64d0bf3d2a118f1cdbade3
Build Mode:       Debug
C Compiler:       /usr/bin/cc
C++ Compiler:     /usr/bin/c++
Fortran Compiler: gfortran
Body count: 9
No end time specified. Simulation will run indefinitely.
N:
size: 27 22
(0,0,-0.00676073) (1,0,-0.999977) (3,0,0.00676073) (4,0,0.999977) (0,1,-0.0177283) (1,1,-0.999843) (6,1,0.0177283) (7,1,0.999843) (0,2,-0.999994) (1,2,-0.003519) (9,2,0.999994) (10,2,0.003519) (0,3,-0.732426) (1,3,-0.680846) (12,3,0.732426) (13,3,0.680846) (0,4,-0.450222) (1,4,-0.892917) (15,4,0.450222) (16,4,0.892917) (0,5,-0.705034) (1,5,-0.709173) (24,5,0.705034) (25,5,0.709173) (3,6,-0.0297605) (4,6,-0.999557) (6,6,0.0297605) (7,6,0.999557) (3,7,-0.717163) (4,7,0.696905) (9,7,0.717163) (10,7,-0.696905) (3,8,-0.997266) (4,8,0.0738946) (12,8,0.997266) (13,8,-0.0738946) (3,9,-0.715024) (4,9,-0.6991) (15,9,0.715024) (16,9,0.6991) (6,10,-0.463693) (7,10,0.885996) (9,10,0.463693) (10,10,-0.885996) (6,11,-0.699311) (7,11,0.714817) (12,11,0.699311) (13,11,-0.714817) (6,12,-0.998718) (7,12,-0.0506133) (15,12,0.998718) (16,12,0.0506133) (6,13,-0.70341) (7,13,0.710784) (18,13,0.70341) (19,13,-0.710784) (6,14,-0.901156) (7,14,0.433494) (21,14,0.901156) (22,14,-0.433494) (6,15,-0.999667) (7,15,-0.025793) (24,15,0.999667) (25,15,0.025793) (9,16,0.0381663) (10,16,-0.999271) (12,16,-0.0381663) (13,16,0.999271) (9,17,0.0225888) (10,17,-0.999745) (15,17,-0.0225888) (16,17,0.999745) (9,18,-0.424285) (10,18,-0.905529) (24,18,0.424285) (25,18,0.905529) (12,19,0.00865118) (13,19,-0.999963) (15,19,-0.00865118) (16,19,0.999963) (18,20,0.0133504) (19,20,-0.999911) (24,20,-0.0133504) (25,20,0.999911) (21,21,0.0724762) (22,21,-0.99737) (24,21,-0.0724762) (25,21,0.99737) 
Q:
size: 22 22
(0,0,0.0795775) (1,0,0.0397863) (2,0,0.000409013) (3,0,0.0272864) (4,0,0.0356483) (5,0,0.0284061) (6,0,-0.0397782) (7,0,0.0275354) (8,0,0.00267184) (9,0,-0.028008) (0,1,0.0397863) (1,1,0.0795775) (2,1,0.000845376) (3,1,0.0276024) (4,1,0.03584) (5,1,0.02871) (6,1,0.0397859) (10,1,0.03492) (11,1,0.0279439) (12,1,-0.002718) (13,1,0.0277806) (14,1,0.0166098) (15,1,-0.00173126) (0,2,0.000409013) (1,2,0.000845376) (2,2,0.0795775) (3,2,0.0292375) (4,2,0.0180387) (5,2,0.0281515) (7,2,0.0284373) (10,2,0.0183256) (16,2,0.00137866) (17,2,0.000758795) (18,2,-0.0170084) (0,3,0.0272864) (1,3,0.0276024) (2,3,0.0292375) (3,3,0.0795775) (4,3,0.0373096) (5,3,0.0397578) (8,3,0.0270608) (11,3,0.00101512) (16,3,0.025958) (19,3,-0.0268369) (0,4,0.0356483) (1,4,0.03584) (2,4,0.0180387) (3,4,0.0373096) (4,4,0.0795775) (5,4,0.0378253) (9,4,0.0376464) (12,4,0.019689) (17,4,0.0351143) (19,4,0.0353717) (0,5,0.0284061) (1,5,0.02871) (2,5,0.0281515) (3,5,0.0397578) (4,5,0.0378253) (5,5,0.0795775) (15,5,0.0287709) (18,5,0.0374536) (20,5,0.0278401) (21,5,0.0261098) (0,6,-0.0397782) (1,6,0.0397859) (6,6,0.0795775) (7,6,-0.0268675) (8,6,-0.00175798) (9,6,0.0286507) (10,6,0.034688) (11,6,0.027601) (12,6,-0.00319556) (13,6,0.0274358) (14,6,0.0161735) (15,6,-0.00220955) (0,7,0.0275354) (2,7,0.0284373) (6,7,-0.0268675) (7,7,0.0795775) (8,7,0.030506) (9,7,0.00101788) (10,7,0.0377993) (16,7,0.0287979) (17,7,0.0283665) (18,7,0.0130024) (0,8,0.00267184) (3,8,0.0270608) (6,8,-0.00175798) (7,8,0.030506) (8,8,0.0795775) (9,8,0.0263166) (11,8,0.0298503) (16,8,-0.00445247) (19,8,0.00328334) (0,9,-0.028008) (4,9,0.0376464) (6,9,0.0286507) (7,9,0.00101788) (8,9,0.0263166) (9,9,0.0795775) (12,9,0.0298213) (17,9,0.0271666) (19,9,0.0275691) (1,10,0.03492) (2,10,0.0183256) (6,10,0.034688) (7,10,0.0377993) (10,10,0.0795775) (11,10,0.0381013) (12,10,0.0166419) (13,10,0.0380348) (14,10,0.031908) (15,10,0.0175344) (16,10,0.0359311) (17,10,0.0356604) (18,10,0.0240943) (1,11,0.0279439) (3,11,0.00101512) (6,11,0.027601) (8,11,0.0298503) (10,11,0.0381013) (11,11,0.0795775) (12,11,0.0263495) (13,11,0.0397881) (14,11,0.0374037) (15,11,0.0270819) (16,11,-0.0294829) (19,11,0.0286813) (1,12,-0.002718) (4,12,0.019689) (6,12,-0.00319556) (9,12,0.0298213) (10,12,0.0166419) (11,12,0.0263495) (12,12,0.0795775) (13,12,0.0265205) (14,12,0.0349369) (15,12,0.0397765) (17,12,0.00111569) (19,12,0.00166998) (1,13,0.0277806) (6,13,0.0274358) (10,13,0.0380348) (11,13,0.0397881) (12,13,0.0265205) (13,13,0.0795775) (14,13,0.0374811) (15,13,0.027249) (20,13,0.0286523) (1,14,0.0166098) (6,14,0.0161735) (10,14,0.031908) (11,14,0.0374037) (12,14,0.0349369) (13,14,0.0374811) (14,14,0.0795775) (15,14,0.0353991) (21,14,0.0198015) (1,15,-0.00173126) (5,15,0.0287709) (6,15,-0.00220955) (10,15,0.0175344) (11,15,0.0270819) (12,15,0.0397765) (13,15,0.027249) (14,15,0.0353991) (15,15,0.0795775) (18,15,0.0178055) (20,15,0.000495158) (21,15,-0.00185921) (2,16,0.00137866) (3,16,0.025958) (7,16,0.0287979) (8,16,-0.00445247) (10,16,0.0359311) (11,16,-0.0294829) (16,16,0.0795775) (17,16,0.0397839) (18,16,0.0353593) (19,16,-0.0397714) (2,17,0.000758795) (4,17,0.0351143) (7,17,0.0283665) (9,17,0.0271666) (10,17,0.0356604) (12,17,0.00111569) (16,17,0.0397839) (17,17,0.0795775) (18,17,0.0356393) (19,17,0.0397849) (2,18,-0.0170084) (5,18,0.0374536) (7,18,0.0130024) (10,18,0.0240943) (15,18,0.0178055) (16,18,0.0353593) (17,18,0.0356393) (18,18,0.0795775) (20,18,0.0358013) (21,18,0.0347116) (3,19,-0.0268369) (4,19,0.0353717) (8,19,0.00328334) (9,19,0.0275691) (11,19,0.0286813) (12,19,0.00166998) (16,19,-0.0397714) (17,19,0.0397849) (19,19,0.0795775) (5,20,0.0278401) (13,20,0.0286523) (15,20,0.000495158) (18,20,0.0358013) (20,20,0.0795775) (21,20,0.0397191) (5,21,0.0261098) (14,21,0.0198015) (15,21,-0.00185921) (18,21,0.0347116) (20,21,0.0397191) (21,21,0.0795775) 
Minv:
size: 27 27
(0,0,0.0397887) (1,1,0.0397887) (2,2,0.0795775) (3,3,0.0397887) (4,4,0.0397887) (5,5,0.0795775) (6,6,0.0397887) (7,7,0.0397887) (8,8,0.0795775) (9,9,0.0397887) (10,10,0.0397887) (11,11,0.0795775) (12,12,0.0397887) (13,13,0.0397887) (14,14,0.0795775) (15,15,0.0397887) (16,16,0.0397887) (17,17,0.0795775) (18,18,0.0397887) (19,19,0.0397887) (20,20,0.0795775) (21,21,0.0397887) (22,22,0.0397887) (23,23,0.0795775) (24,24,0.0397887) (25,25,0.0397887) (26,26,0.0795775) 
v0:
size: 27 1
(0,0,-0.655538) (1,0,0.899186) (2,0,0) (3,0,-0.597891) (4,0,0.429873) (5,0,0) (6,0,0.441142) (7,0,0.218686) (8,0,0) (9,0,-0.713716) (10,0,0.496059) (11,0,0) (12,0,-0.857569) (13,0,0.272614) (14,0,0) (15,0,-0.771302) (16,0,0.22913) (17,0,0) (18,0,-0.206952) (19,0,0.236912) (20,0,0) (21,0,0.48461) (22,0,0.801226) (23,0,0) (24,0,0.193013) (25,0,-0.0559414) (26,0,0) 
ipopt_sol:
size: 22 1
(0,0,6.13016) (1,0,6.19881) (2,0,7.54294e-07) (3,0,7.45329) (4,0,5.6788e-05) (5,0,7.76354e-08) (6,0,2.35895e-05) (7,0,4.37804e-07) (8,0,5.34079e-07) (9,0,7.46494e-07) (10,0,1.76844e-06) (11,0,16.0225) (12,0,25.2919) (13,0,1.57484e-07) (14,0,4.77525e-08) (15,0,9.33072e-08) (16,0,7.75843) (17,0,2.44088) (18,0,9.59011e-08) (19,0,4.92682e-05) (20,0,3.75252e-07) (21,0,20.9552) 
policy_sol:
size: 22 1
(0,0,6.13013) (1,0,6.19886) (2,0,0) (3,0,7.45332) (4,0,0) (5,0,0) (6,0,0) (7,0,0) (8,0,0) (9,0,0) (10,0,0) (11,0,16.0225) (12,0,25.2919) (13,0,0) (14,0,0) (15,0,0) (16,0,7.75833) (17,0,2.44098) (18,0,0) (19,0,0) (20,0,0) (21,0,20.9552) 

policy_converges:
1
ipopt_converges:
0
