Git Revision:     3cfe7dc3fe6810e9e399640d632720aa3564fe80
Build Mode:       Debug
C Compiler:       /usr/bin/cc
C++ Compiler:     /usr/bin/c++
Fortran Compiler: gfortran
Body count: 9
No end time specified. Simulation will run indefinitely.
N:
size: 27 18
(0,0,-0.999312) (1,0,0.0370999) (9,0,0.999312) (10,0,-0.0370999) (0,1,-0.735846) (1,1,-0.677149) (12,1,0.735846) (13,1,0.677149) (0,2,-0.447079) (1,2,-0.894494) (15,2,0.447079) (16,2,0.894494) (0,3,-0.99995) (1,3,0.00999722) (18,3,0.99995) (19,3,-0.00999722) (3,4,-0.0408318) (4,4,-0.999166) (6,4,0.0408318) (7,4,0.999166) (3,5,-0.695625) (4,5,0.718405) (9,5,0.695625) (10,5,-0.718405) (3,6,-0.99876) (4,6,0.0497928) (12,6,0.99876) (13,6,-0.0497928) (3,7,-0.731748) (4,7,-0.681575) (15,7,0.731748) (16,7,0.681575) (6,8,-0.425434) (7,8,0.904989) (9,8,0.425434) (10,8,-0.904989) (6,9,-0.705008) (7,9,0.709199) (12,9,0.705008) (13,9,-0.709199) (6,10,-0.999913) (7,10,0.0131792) (15,10,0.999913) (16,10,-0.0131792) (6,11,-0.711649) (7,11,0.702536) (18,11,0.711649) (19,11,-0.702536) (6,12,-1) (7,12,-0.000192023) (24,12,1) (25,12,0.000192023) (9,13,-0.0328261) (10,13,-0.999461) (15,13,0.0328261) (16,13,0.999461) (12,14,0.0285409) (13,14,-0.999593) (15,14,-0.0285409) (16,14,0.999593) (15,15,-0.454403) (16,15,0.890796) (18,15,0.454403) (19,15,-0.890796) (15,16,-0.999909) (16,16,-0.0134878) (24,16,0.999909) (25,16,0.0134878) (18,17,0.0762833) (19,17,-0.997086) (21,17,-0.0762833) (22,17,0.997086) 
Q:
size: 18 18
(0,0,0.0795775) (1,0,0.0282587) (2,0,0.0164561) (3,0,0.0397741) (5,0,0.0287195) (8,0,0.0182517) (13,0,0.000170155) (0,1,0.0282587) (1,1,0.0795775) (2,1,0.03719) (3,1,0.0290076) (6,1,0.0279005) (9,1,0.00153362) (14,1,-0.0260963) (0,2,0.0164561) (1,2,0.03719) (2,2,0.0795775) (3,2,0.017432) (7,2,0.0372747) (10,2,0.0173181) (13,2,0.0361556) (14,2,0.0350686) (15,2,0.0236209) (16,2,-0.0182671) (0,3,0.0397741) (1,3,0.0290076) (2,3,0.017432) (3,3,0.0795775) (11,3,0.0285936) (15,3,0.0184335) (17,3,0.00343168) (4,4,0.0795775) (5,4,-0.0274305) (6,4,-0.000356913) (7,4,0.0282852) (8,4,0.0352872) (9,4,0.0270492) (10,4,-0.00110056) (11,4,0.0267735) (12,4,-0.00163228) (0,5,0.0287195) (4,5,-0.0274305) (5,5,0.0795775) (6,5,0.029067) (7,5,0.000770902) (8,5,0.0376438) (13,5,0.0276605) (1,6,0.0279005) (4,6,-0.000356913) (5,6,0.029067) (6,6,0.0795775) (7,6,0.0277289) (9,6,0.0294216) (14,6,0.00311459) (2,7,0.0372747) (4,7,0.0282852) (5,7,0.000770902) (6,7,0.0277289) (7,7,0.0795775) (10,7,0.0287554) (13,7,0.0280601) (14,7,0.026277) (15,7,0.0109274) (16,7,-0.0294785) (0,8,0.0182517) (4,8,0.0352872) (5,8,0.0376438) (8,8,0.0795775) (9,8,0.0374711) (10,8,0.0174006) (11,8,0.0373436) (12,8,0.0169206) (13,8,0.0354333) (1,9,0.00153362) (4,9,0.0270492) (6,9,0.0294216) (8,9,0.0374711) (9,9,0.0795775) (10,9,0.0284208) (11,9,0.039787) (12,9,0.028046) (14,9,0.0290073) (2,10,0.0173181) (4,10,-0.00110056) (7,10,0.0287554) (8,10,0.0174006) (9,10,0.0284208) (10,10,0.0795775) (11,10,0.0286815) (12,10,0.0397852) (13,10,0.000781895) (14,10,-0.00165968) (15,10,-0.0185457) (16,10,-0.0397746) (3,11,0.0285936) (4,11,0.0267735) (8,11,0.0373436) (9,11,0.039787) (10,11,0.0286815) (11,11,0.0795775) (12,11,0.0283102) (15,11,0.0377671) (17,11,0.0300316) (4,12,-0.00163228) (8,12,0.0169206) (9,12,0.028046) (10,12,0.0397852) (11,12,0.0283102) (12,12,0.0795775) (16,12,0.0397852) (0,13,0.000170155) (2,13,0.0361556) (5,13,0.0276605) (7,13,0.0280601) (8,13,0.0354333) (10,13,0.000781895) (13,13,0.0795775) (14,13,0.0397138) (15,13,0.0348311) (16,13,-0.00184236) (1,14,-0.0260963) (2,14,0.0350686) (6,14,0.00311459) (7,14,0.026277) (9,14,0.0290073) (10,14,-0.00165968) (13,14,0.0397138) (14,14,0.0795775) (15,14,0.0359452) (16,14,0.000599061) (2,15,0.0236209) (3,15,0.0184335) (7,15,0.0109274) (10,15,-0.0185457) (11,15,0.0377671) (13,15,0.0348311) (14,15,0.0359452) (15,15,0.0795775) (16,15,0.0176004) (17,15,0.0367196) (2,16,-0.0182671) (7,16,-0.0294785) (10,16,-0.0397746) (12,16,0.0397852) (13,16,-0.00184236) (14,16,0.000599061) (15,16,0.0176004) (16,16,0.0795775) (3,17,0.00343168) (11,17,0.0300316) (15,17,0.0367196) (17,17,0.0795775) 
Minv:
size: 27 27
(0,0,0.0397887) (1,1,0.0397887) (2,2,0.0795775) (3,3,0.0397887) (4,4,0.0397887) (5,5,0.0795775) (6,6,0.0397887) (7,7,0.0397887) (8,8,0.0795775) (9,9,0.0397887) (10,10,0.0397887) (11,11,0.0795775) (12,12,0.0397887) (13,13,0.0397887) (14,14,0.0795775) (15,15,0.0397887) (16,16,0.0397887) (17,17,0.0795775) (18,18,0.0397887) (19,19,0.0397887) (20,20,0.0795775) (21,21,0.0397887) (22,22,0.0397887) (23,23,0.0795775) (24,24,0.0397887) (25,25,0.0397887) (26,26,0.0795775) 
v0:
size: 27 1
(0,0,0.398975) (1,0,-0.91848) (2,0,0) (3,0,-0.638972) (4,0,-0.0937133) (5,0,0) (6,0,0.0756195) (7,0,-0.172176) (8,0,0) (9,0,-0.833651) (10,0,0.178123) (11,0,0) (12,0,-0.925363) (13,0,0.503947) (14,0,0) (15,0,-0.569493) (16,0,-0.968279) (17,0,0) (18,0,0.0210685) (19,0,0.365316) (20,0,0) (21,0,0.405626) (22,0,-0.0942942) (23,0,0) (24,0,-0.617414) (25,0,0.652835) (26,0,0) 
ipopt_sol:
size: 18 1
(0,0,31.9458) (1,0,2.47844e-07) (2,0,7.10423e-08) (3,0,1.49266e-07) (4,0,2.89803e-07) (5,0,1.12736e-07) (6,0,1.26737) (7,0,4.08069e-07) (8,0,1.41565e-07) (9,0,15.6582) (10,0,7.02146) (11,0,1.29198e-07) (12,0,8.38491) (13,0,16.1895) (14,0,22.4898) (15,0,2.34929) (16,0,3.3307e-06) (17,0,11.1709) 
policy_sol:
size: 18 1
(0,0,31.9458) (1,0,0) (2,0,0) (3,0,0) (4,0,0) (5,0,0) (6,0,1.26737) (7,0,0) (8,0,0) (9,0,15.6582) (10,0,7.02146) (11,0,0) (12,0,8.38491) (13,0,16.1895) (14,0,22.4898) (15,0,2.34929) (16,0,0) (17,0,11.1709) 

policy_converges:
1
