Git Revision:     18345a57b34405566a64d0bf3d2a118f1cdbade3
Build Mode:       Debug
C Compiler:       /usr/bin/cc
C++ Compiler:     /usr/bin/c++
Fortran Compiler: gfortran
Body count: 9
No end time specified. Simulation will run indefinitely.
N:
size: 27 23
(0,0,-0.999261) (1,0,-0.0384287) (18,0,0.999261) (19,0,0.0384287) (0,1,-0.877538) (1,1,-0.479508) (21,1,0.877538) (22,1,0.479508) (3,2,0.0156742) (4,2,-0.999877) (6,2,-0.0156742) (7,2,0.999877) (3,3,-0.999698) (4,3,0.0245717) (12,3,0.999698) (13,3,-0.0245717) (3,4,-0.68693) (4,4,-0.726723) (15,4,0.68693) (16,4,0.726723) (3,5,-0.904575) (4,5,0.426314) (18,5,0.904575) (19,5,-0.426314) (3,6,-0.99979) (4,6,-0.0204732) (21,6,0.99979) (22,6,0.0204732) (3,7,-0.892897) (4,7,-0.450261) (24,7,0.892897) (25,7,0.450261) (6,8,-0.688863) (7,8,0.724892) (12,8,0.688863) (13,8,-0.724892) (6,9,-0.999333) (7,9,-0.0365065) (15,9,0.999333) (16,9,0.0365065) (6,10,-0.717306) (7,10,0.696758) (18,10,0.717306) (19,10,-0.696758) (6,11,-0.896591) (7,11,0.442859) (21,11,0.896591) (22,11,-0.442859) (6,12,-1) (7,12,0.000221266) (24,12,1) (25,12,-0.000221266) (9,13,-0.996575) (10,13,-0.082692) (18,13,0.996575) (19,13,0.082692) (9,14,-0.663405) (10,14,-0.74826) (21,14,0.663405) (22,14,0.74826) (12,15,-0.0213541) (13,15,-0.999772) (15,15,0.0213541) (16,15,0.999772) (12,16,-0.745671) (13,16,0.666315) (18,16,0.745671) (19,16,-0.666315) (12,17,-0.997904) (13,17,-0.0647047) (21,17,0.997904) (22,17,0.0647047) (12,18,-0.707844) (13,18,-0.706369) (24,18,0.707844) (25,18,0.706369) (15,19,-0.449917) (16,19,0.89307) (18,19,0.449917) (19,19,-0.89307) (15,20,-0.68962) (16,20,0.724172) (21,20,0.68962) (22,20,-0.724172) (15,21,-0.999327) (16,21,0.0366814) (24,21,0.999327) (25,21,-0.0366814) (18,22,0.0416818) (19,22,-0.999131) (21,22,-0.0416818) (22,22,0.999131) 
Q:
size: 23 23
(0,0,0.0795775) (1,0,0.0356235) (5,0,0.0353135) (10,0,0.0274542) (13,0,0.0397496) (16,0,0.0286286) (19,0,0.0165229) (22,0,0.00012954) (0,1,0.0356235) (1,1,0.0795775) (6,1,0.0352994) (11,1,0.0228562) (14,1,0.0374396) (17,1,0.0360774) (20,1,0.0102624) (22,1,0.0176071) (2,2,0.0795775) (3,2,-0.00160102) (4,2,0.0284834) (5,2,-0.0175245) (6,2,0.000190979) (7,2,0.0173562) (8,2,0.0292686) (9,2,-0.000829129) (10,2,0.0281671) (11,2,0.0181778) (12,2,0.000632459) (2,3,-0.00160102) (3,3,0.0795775) (4,3,0.0266133) (5,3,0.0363978) (6,3,0.0397484) (7,3,0.0350763) (8,3,0.0281094) (15,3,0.000128056) (16,3,-0.0303118) (17,3,-0.0396301) (18,3,-0.0274651) (2,4,0.0284834) (3,4,0.0266133) (4,4,0.0795775) (5,4,0.0123969) (6,4,0.0279184) (7,4,0.0374242) (9,4,0.0283695) (15,4,0.0294925) (19,4,0.0135263) (20,4,0.00209095) (21,4,-0.026253) (0,5,0.0353135) (2,5,-0.0175245) (3,5,0.0363978) (4,5,0.0123969) (5,5,0.0795775) (6,5,0.0356371) (7,5,0.0244995) (10,5,0.037636) (13,5,0.034466) (16,5,0.0381405) (19,5,0.0313421) (22,5,0.018448) (1,6,0.0352994) (2,6,0.000190979) (3,6,0.0397484) (4,6,0.0279184) (5,6,0.0356371) (6,6,0.0795775) (7,6,0.0358866) (11,6,0.035306) (14,6,0.0270001) (17,6,0.0397497) (20,6,0.0268434) (22,6,-0.000844223) (2,7,0.0173562) (3,7,0.0350763) (4,7,0.0374242) (5,7,0.0244995) (6,7,0.0358866) (7,7,0.0795775) (12,7,0.0355233) (18,7,0.0378026) (21,7,0.0348462) (2,8,0.0292686) (3,8,0.0281094) (8,8,0.0795775) (9,8,0.0263378) (10,8,0.0397569) (11,8,0.0373478) (12,8,0.0274154) (15,8,0.0282507) (16,8,-0.0396563) (17,8,-0.0254853) (18,8,0.000972174) (2,9,-0.000829129) (4,9,0.0283695) (8,9,0.0263378) (9,9,0.0795775) (10,9,0.0275096) (11,9,0.0350072) (12,9,0.0397619) (15,9,0.0023013) (19,9,-0.0165925) (20,9,-0.0263689) (21,9,-0.0396822) (0,10,0.0274542) (2,10,0.0281671) (5,10,0.037636) (8,10,0.0397569) (9,10,0.0275096) (10,10,0.0795775) (11,10,0.0378668) (12,10,0.0285468) (13,10,0.0261505) (16,10,0.0397543) (19,10,0.0375997) (22,10,0.0288887) (1,11,0.0228562) (2,11,0.0181778) (6,11,0.035306) (8,11,0.0373478) (9,11,0.0350072) (10,11,0.0378668) (11,11,0.0795775) (12,11,0.0356781) (14,11,0.0104815) (17,11,0.0344593) (20,11,0.0373621) (22,11,-0.0190924) (2,12,0.000632459) (7,12,0.0355233) (8,12,0.0274154) (9,12,0.0397619) (10,12,0.0285468) (11,12,0.0356781) (12,12,0.0795775) (18,12,0.028158) (21,12,0.0397623) (0,13,0.0397496) (5,13,0.034466) (10,13,0.0261505) (13,13,0.0795775) (14,13,0.0287676) (16,13,0.0273754) (19,13,0.0149019) (22,13,-0.00163457) (1,14,0.0374396) (6,14,0.0270001) (11,14,0.0104815) (13,14,0.0287676) (14,14,0.0795775) (17,14,0.0282672) (20,14,-0.00335702) (22,14,0.0286462) (3,15,0.000128056) (4,15,0.0294925) (8,15,0.0282507) (9,15,0.0023013) (15,15,0.0795775) (16,15,-0.0258722) (17,15,0.0034218) (18,15,0.0287005) (19,15,0.0351438) (20,15,0.0282214) (21,15,0.000610094) (0,16,0.0286286) (3,16,-0.0303118) (5,16,0.0381405) (8,16,-0.0396563) (10,16,0.0397543) (13,16,0.0273754) (15,16,-0.0258722) (16,16,0.0795775) (17,16,0.0278917) (18,16,0.00227411) (19,16,0.0370256) (22,16,0.0277255) (1,17,0.0360774) (3,17,-0.0396301) (6,17,0.0397497) (8,17,-0.0254853) (11,17,0.0344593) (14,17,0.0282672) (15,17,0.0034218) (16,17,0.0278917) (17,17,0.0795775) (18,17,0.0299238) (20,17,0.0255172) (22,17,0.000917288) (3,18,-0.0274651) (7,18,0.0378026) (8,18,0.000972174) (12,18,0.028158) (15,18,0.0287005) (16,18,0.00227411) (17,18,0.0299238) (18,18,0.0795775) (21,18,0.0271143) (0,19,0.0165229) (4,19,0.0135263) (5,19,0.0313421) (9,19,-0.0165925) (10,19,0.0375997) (13,19,0.0149019) (15,19,0.0351438) (16,19,0.0370256) (19,19,0.0795775) (20,19,0.0380781) (21,19,0.019193) (22,19,0.0362494) (1,20,0.0102624) (4,20,0.00209095) (6,20,0.0268434) (9,20,-0.0263689) (11,20,0.0373621) (14,20,-0.00335702) (15,20,0.0282214) (17,20,0.0255172) (19,20,0.0380781) (20,20,0.0795775) (21,20,0.0284776) (22,20,-0.0299325) (4,21,-0.026253) (7,21,0.0348462) (9,21,-0.0396822) (12,21,0.0397623) (15,21,0.000610094) (18,21,0.0271143) (19,21,0.019193) (20,21,0.0284776) (21,21,0.0795775) (0,22,0.00012954) (1,22,0.0176071) (5,22,0.018448) (6,22,-0.000844223) (10,22,0.0288887) (11,22,-0.0190924) (13,22,-0.00163457) (14,22,0.0286462) (16,22,0.0277255) (17,22,0.000917288) (19,22,0.0362494) (20,22,-0.0299325) (22,22,0.0795775) 
Minv:
size: 27 27
(0,0,0.0397887) (1,1,0.0397887) (2,2,0.0795775) (3,3,0.0397887) (4,4,0.0397887) (5,5,0.0795775) (6,6,0.0397887) (7,7,0.0397887) (8,8,0.0795775) (9,9,0.0397887) (10,10,0.0397887) (11,11,0.0795775) (12,12,0.0397887) (13,13,0.0397887) (14,14,0.0795775) (15,15,0.0397887) (16,16,0.0397887) (17,17,0.0795775) (18,18,0.0397887) (19,19,0.0397887) (20,20,0.0795775) (21,21,0.0397887) (22,22,0.0397887) (23,23,0.0795775) (24,24,0.0397887) (25,25,0.0397887) (26,26,0.0795775) 
v0:
size: 27 1
(0,0,0.526958) (1,0,-0.718436) (2,0,0) (3,0,0.933223) (4,0,0.325374) (5,0,0) (6,0,0.768405) (7,0,0.00559271) (8,0,0) (9,0,0.582199) (10,0,-0.339279) (11,0,0) (12,0,0.349157) (13,0,0.855438) (14,0,0) (15,0,0.445891) (16,0,-0.140482) (17,0,0) (18,0,-0.285467) (19,0,0.550414) (20,0,0) (21,0,-0.624933) (22,0,-0.786692) (23,0,0) (24,0,-0.47039) (25,0,0.996229) (26,0,0) 
ipopt_sol:
size: 23 1
(0,0,11.7979) (1,0,1.46385e-07) (2,0,0.66147) (3,0,30.2903) (4,0,6.50803) (5,0,2.87791e-07) (6,0,2.64993e-06) (7,0,1.33659e-07) (8,0,15.6999) (9,0,17.7415) (10,0,1.64943e-07) (11,0,2.25473e-07) (12,0,1.89204e-06) (13,0,14.6672) (14,0,2.16242e-07) (15,0,14.1697) (16,0,1.73536e-07) (17,0,46.2242) (18,0,8.47522e-08) (19,0,1.23918e-07) (20,0,1.4343e-07) (21,0,34.9465) (22,0,32.9696) 
policy_sol:
size: 23 1
(0,0,15.0802) (1,0,0) (2,0,0) (3,0,27.9359) (4,0,10.4713) (5,0,0) (6,0,0) (7,0,0) (8,0,26.6443) (9,0,16.1778) (10,0,-13.6912) (11,0,0) (12,0,0) (13,0,17.5488) (14,0,0) (15,0,12.2519) (16,0,0) (17,0,51.9413) (18,0,0) (19,0,0) (20,0,-10.3366) (21,0,39.188) (22,0,34.0397) 

policy_converges:
0
ipopt_converges:
0
