Git Revision:     3cfe7dc3fe6810e9e399640d632720aa3564fe80
Build Mode:       Debug
C Compiler:       /usr/bin/cc
C++ Compiler:     /usr/bin/c++
Fortran Compiler: gfortran
Body count: 9
No end time specified. Simulation will run indefinitely.
N:
size: 27 15
(0,0,-0.696403) (1,0,-0.717651) (12,0,0.696403) (13,0,0.717651) (0,1,-0.443631) (1,1,-0.896209) (15,1,0.443631) (16,1,0.896209) (3,2,0.0072447) (4,2,-0.999974) (6,2,-0.0072447) (7,2,0.999974) (3,3,-0.686753) (4,3,-0.726891) (15,3,0.686753) (16,3,0.726891) (6,4,-0.46564) (7,4,0.884974) (9,4,0.46564) (10,4,-0.884974) (6,5,-0.995618) (7,5,-0.0935168) (15,5,0.995618) (16,5,0.0935168) (6,6,-0.702232) (7,6,0.711949) (18,6,0.702232) (19,6,-0.711949) (6,7,-0.888703) (7,7,0.458483) (21,7,0.888703) (22,7,-0.458483) (9,8,0.0786883) (10,8,-0.996899) (12,8,-0.0786883) (13,8,0.996899) (9,9,-3.83356e-05) (10,9,-1) (15,9,3.83356e-05) (16,9,1) (9,10,-0.699084) (10,10,-0.715039) (21,10,0.699084) (22,10,0.715039) (9,11,-0.444997) (10,11,-0.895532) (24,11,0.444997) (25,11,0.895532) (12,12,-0.713263) (13,12,0.700896) (18,12,0.713263) (19,12,-0.700896) (15,13,-0.409206) (16,13,0.912442) (18,13,0.409206) (19,13,-0.912442) (15,14,-0.642173) (16,14,0.76656) (21,14,0.642173) (22,14,-0.76656) 
Q:
size: 15 15
(0,0,0.0795775) (1,0,0.0378833) (8,0,0.0262855) (12,0,0.000249903) (0,1,0.0378833) (1,1,0.0795775) (3,1,0.0380425) (5,1,0.0209089) (9,1,0.0356597) (13,1,0.0253137) (14,1,0.0159995) (2,2,0.0795775) (3,2,0.0287233) (4,2,0.0353453) (5,2,-0.00343382) (6,2,0.0285292) (7,2,0.0184982) (1,3,0.0380425) (2,3,0.0287233) (3,3,0.0795775) (5,3,0.02991) (9,3,0.0289231) (13,3,0.0152081) (14,3,0.00462307) (2,4,0.0353453) (4,4,0.0795775) (5,4,0.0151531) (6,4,0.0380795) (7,4,0.0326093) (8,4,0.0365607) (9,4,0.0352113) (10,4,0.0122259) (11,4,0.0232889) (1,5,0.0209089) (2,5,-0.00343382) (3,5,0.02991) (4,5,0.0151531) (5,5,0.0795775) (6,5,0.0251694) (7,5,0.0334994) (9,5,0.00372244) (13,5,-0.0128153) (14,5,-0.022587) (2,6,0.0285292) (4,6,0.0380795) (5,6,0.0251694) (6,6,0.0795775) (7,6,0.0378189) (12,6,0.0397839) (13,6,0.0372808) (2,7,0.0184982) (4,7,0.0326093) (5,7,0.0334994) (6,7,0.0378189) (7,7,0.0795775) (10,7,0.0116758) (14,7,0.0366914) (0,8,0.0262855) (4,8,0.0365607) (8,8,0.0795775) (9,8,0.0396652) (10,8,0.0261735) (11,8,0.0341284) (12,8,0.0300345) (1,9,0.0356597) (3,9,0.0289231) (4,9,0.0352113) (5,9,0.00372244) (8,9,0.0396652) (9,9,0.0795775) (10,9,0.0284516) (11,9,0.0356328) (13,9,0.0363043) (14,9,0.0304995) (4,10,0.0122259) (7,10,0.0116758) (8,10,0.0261735) (9,10,0.0284516) (10,10,0.0795775) (11,10,0.0378562) (14,10,-0.00394653) (4,11,0.0232889) (8,11,0.0341284) (9,11,0.0356328) (10,11,0.0378562) (11,11,0.0795775) (0,12,0.000249903) (6,12,0.0397839) (8,12,0.0300345) (12,12,0.0795775) (13,12,0.0370592) (1,13,0.0253137) (3,13,0.0152081) (5,13,-0.0128153) (6,13,0.0372808) (9,13,0.0363043) (12,13,0.0370592) (13,13,0.0795775) (14,13,0.0382856) (1,14,0.0159995) (3,14,0.00462307) (5,14,-0.022587) (7,14,0.0366914) (9,14,0.0304995) (10,14,-0.00394653) (13,14,0.0382856) (14,14,0.0795775) 
Minv:
size: 27 27
(0,0,0.0397887) (1,1,0.0397887) (2,2,0.0795775) (3,3,0.0397887) (4,4,0.0397887) (5,5,0.0795775) (6,6,0.0397887) (7,7,0.0397887) (8,8,0.0795775) (9,9,0.0397887) (10,10,0.0397887) (11,11,0.0795775) (12,12,0.0397887) (13,13,0.0397887) (14,14,0.0795775) (15,15,0.0397887) (16,16,0.0397887) (17,17,0.0795775) (18,18,0.0397887) (19,19,0.0397887) (20,20,0.0795775) (21,21,0.0397887) (22,22,0.0397887) (23,23,0.0795775) (24,24,0.0397887) (25,25,0.0397887) (26,26,0.0795775) 
v0:
size: 27 1
(0,0,-0.567766) (1,0,-0.326964) (2,0,0) (3,0,-0.247965) (4,0,0.933118) (5,0,0) (6,0,0.0749957) (7,0,-0.0214231) (8,0,0) (9,0,-0.0646675) (10,0,0.886435) (11,0,0) (12,0,-0.264421) (13,0,-0.739311) (14,0,0) (15,0,-0.110451) (16,0,-0.693351) (17,0,0) (18,0,0.0456256) (19,0,0.130841) (20,0,0) (21,0,-0.0966527) (22,0,0.145194) (23,0,0) (24,0,0.145968) (25,0,0.379582) (26,0,0) 
ipopt_sol:
size: 15 1
(0,0,1.12113e-07) (1,0,7.73287e-08) (2,0,19.8749) (3,0,12.2397) (4,0,1.16948e-07) (5,0,5.66505) (6,0,1.23473e-07) (7,0,1.91531e-07) (8,0,34.7647) (9,0,11.1808) (10,0,1.05464e-06) (11,0,9.51571e-08) (12,0,1.73708e-07) (13,0,6.15791) (14,0,9.5815) 
policy_sol:
size: 15 1
(0,0,0) (1,0,0) (2,0,19.8749) (3,0,12.2397) (4,0,0) (5,0,5.66505) (6,0,0) (7,0,0) (8,0,34.7647) (9,0,11.1808) (10,0,0) (11,0,0) (12,0,0) (13,0,6.15791) (14,0,9.5815) 

policy_converges:
1
