Git Revision:     3cfe7dc3fe6810e9e399640d632720aa3564fe80
Build Mode:       Debug
C Compiler:       /usr/bin/cc
C++ Compiler:     /usr/bin/c++
Fortran Compiler: gfortran
Body count: 9
No end time specified. Simulation will run indefinitely.
N:
size: 27 21
(0,0,-0.0408918) (1,0,-0.999164) (3,0,0.0408918) (4,0,0.999164) (0,1,0.0130638) (1,1,-0.999915) (6,1,-0.0130638) (7,1,0.999915) (0,2,-0.999595) (1,2,0.0284461) (9,2,0.999595) (10,2,-0.0284461) (0,3,-0.714987) (1,3,-0.699138) (12,3,0.714987) (13,3,0.699138) (0,4,-0.459018) (1,4,-0.888427) (15,4,0.459018) (16,4,0.888427) (0,5,-0.999988) (1,5,0.00497419) (18,5,0.999988) (19,5,-0.00497419) (0,6,-0.904199) (1,6,-0.427112) (21,6,0.904199) (22,6,0.427112) (0,7,-0.731711) (1,7,-0.681615) (24,7,0.731711) (25,7,0.681615) (3,8,0.0646665) (4,8,-0.997907) (6,8,-0.0646665) (7,8,0.997907) (6,9,-0.471541) (7,9,0.881844) (9,9,0.471541) (10,9,-0.881844) (6,10,-0.720788) (7,10,0.693156) (12,10,0.720788) (13,10,-0.693156) (6,11,-0.71509) (7,11,0.699033) (18,11,0.71509) (19,11,-0.699033) (9,12,0.0401256) (10,12,-0.999195) (12,12,-0.0401256) (13,12,0.999195) (9,13,0.00192386) (10,13,-0.999998) (15,13,-0.00192386) (16,13,0.999998) (9,14,-0.999787) (10,14,-0.0206511) (18,14,0.999787) (19,14,0.0206511) (9,15,-0.462571) (10,15,-0.886582) (24,15,0.462571) (25,15,0.886582) (15,16,-0.428901) (16,16,0.903352) (18,16,0.428901) (19,16,-0.903352) (15,17,-0.697446) (16,17,0.716637) (21,17,0.697446) (22,17,-0.716637) (15,18,-0.995898) (16,18,0.0904797) (24,18,0.995898) (25,18,-0.0904797) (18,19,-0.0314958) (19,19,-0.999504) (24,19,0.0314958) (25,19,0.999504) (21,20,-0.0070929) (22,20,-0.999975) (24,20,0.0070929) (25,20,0.999975) 
Q:
size: 21 21
(0,0,0.0795775) (1,0,0.0397308) (2,0,0.00049549) (3,0,0.0289579) (4,0,0.0360667) (5,0,0.00142926) (6,0,0.0184512) (7,0,0.0282884) (8,0,-0.039567) (0,1,0.0397308) (1,1,0.0795775) (2,1,-0.00165132) (3,1,0.0274438) (4,1,0.0351078) (5,1,-0.000717685) (6,1,0.0165228) (7,1,0.026738) (8,1,0.0397357) (9,1,0.0353296) (10,1,0.0279521) (11,1,0.028183) (0,2,0.00049549) (1,2,-0.00165132) (2,2,0.0795775) (3,2,0.0276456) (4,2,0.0172508) (5,2,0.0397778) (6,2,0.0354789) (7,2,0.0283306) (9,2,0.0197525) (12,2,0.00272682) (13,2,0.00120835) (14,2,-0.0397408) (15,2,-0.0173942) (0,3,0.0289579) (1,3,0.0274438) (2,3,0.0276456) (3,3,0.0795775) (4,3,0.0377724) (5,3,0.0283097) (6,3,0.0376044) (7,3,0.0397771) (10,3,0.00122317) (12,3,0.0266539) (0,4,0.0360667) (1,4,0.0351078) (2,4,0.0172508) (3,4,0.0377724) (4,4,0.0795775) (5,4,0.0180877) (6,4,0.0316122) (7,4,0.0374585) (13,4,0.0353142) (16,4,0.0240996) (17,4,0.0125947) (18,4,-0.0149904) (0,5,0.00142926) (1,5,-0.000717685) (2,5,0.0397778) (3,5,0.0283097) (4,5,0.0180877) (5,5,0.0795775) (6,5,0.0358919) (7,5,0.0289786) (11,5,0.0285905) (14,5,0.0397757) (16,5,0.017244) (19,5,-0.00105534) (0,6,0.0184512) (1,6,0.0165228) (2,6,0.0354789) (3,6,0.0376044) (4,6,0.0316122) (5,6,0.0358919) (6,6,0.0795775) (7,6,0.0379082) (17,6,0.0129133) (20,6,-0.017249) (0,7,0.0282884) (1,7,0.026738) (2,7,0.0283306) (3,7,0.0397771) (4,7,0.0374585) (5,7,0.0289786) (6,7,0.0379082) (7,7,0.0795775) (15,7,0.0375119) (18,7,0.0265406) (19,7,0.0280241) (20,7,0.0273264) (0,8,-0.039567) (1,8,0.0397357) (8,8,0.0795775) (9,8,0.0362273) (10,8,0.0293767) (11,8,0.0295953) (1,9,0.0353296) (2,9,0.0197525) (8,9,0.0362273) (9,9,0.0795775) (10,9,0.0378445) (11,9,0.0379438) (12,9,0.0358121) (13,9,0.0351235) (14,9,-0.0180334) (15,9,0.0224292) (1,10,0.0279521) (3,10,0.00122317) (8,10,0.0293767) (9,10,0.0378445) (10,10,0.0795775) (11,10,0.0397874) (12,10,-0.0287084) (1,11,0.028183) (5,11,0.0285905) (8,11,0.0295953) (9,11,0.0379438) (10,11,0.0397874) (11,11,0.0795775) (14,11,0.0278721) (16,11,0.0373288) (19,11,0.0269037) (2,12,0.00272682) (3,12,0.0266539) (9,12,0.0358121) (10,12,-0.0287084) (12,12,0.0795775) (13,12,0.0397597) (14,12,-0.000775188) (15,12,0.034509) (2,13,0.00120835) (4,13,0.0353142) (9,13,0.0351235) (12,13,0.0397597) (13,13,0.0795775) (14,13,0.000745148) (15,13,0.0352405) (16,13,0.035976) (17,13,0.0285674) (18,13,0.0036763) (2,14,-0.0397408) (5,14,0.0397757) (9,14,-0.0180334) (11,14,0.0278721) (12,14,-0.000775188) (13,14,0.000745148) (14,14,0.0795775) (15,14,0.0191297) (16,14,0.0163195) (19,14,-0.00207418) (2,15,-0.0173942) (7,15,0.0375119) (9,15,0.0224292) (12,15,0.034509) (13,15,0.0352405) (14,15,0.0191297) (15,15,0.0795775) (18,15,0.0151379) (19,15,0.0358382) (20,15,0.0354056) (4,16,0.0240996) (5,16,0.017244) (11,16,0.0373288) (13,16,0.035976) (14,16,0.0163195) (16,16,0.0795775) (17,16,0.0376605) (18,16,0.0202476) (19,16,0.0353879) (4,17,0.0125947) (6,17,0.0129133) (13,17,0.0285674) (16,17,0.0376605) (17,17,0.0795775) (18,17,0.0302166) (20,17,0.0283165) (4,18,-0.0149904) (7,18,0.0265406) (13,18,0.0036763) (15,18,0.0151379) (16,18,0.0202476) (17,18,0.0302166) (18,18,0.0795775) (19,18,-0.00235025) (20,18,-0.00331892) (5,19,-0.00105534) (7,19,0.0280241) (11,19,0.0269037) (14,19,-0.00207418) (15,19,0.0358382) (16,19,0.0353879) (18,19,-0.00235025) (19,19,0.0795775) (20,19,0.0397769) (6,20,-0.017249) (7,20,0.0273264) (15,20,0.0354056) (17,20,0.0283165) (18,20,-0.00331892) (19,20,0.0397769) (20,20,0.0795775) 
Minv:
size: 27 27
(0,0,0.0397887) (1,1,0.0397887) (2,2,0.0795775) (3,3,0.0397887) (4,4,0.0397887) (5,5,0.0795775) (6,6,0.0397887) (7,7,0.0397887) (8,8,0.0795775) (9,9,0.0397887) (10,10,0.0397887) (11,11,0.0795775) (12,12,0.0397887) (13,13,0.0397887) (14,14,0.0795775) (15,15,0.0397887) (16,16,0.0397887) (17,17,0.0795775) (18,18,0.0397887) (19,19,0.0397887) (20,20,0.0795775) (21,21,0.0397887) (22,22,0.0397887) (23,23,0.0795775) (24,24,0.0397887) (25,25,0.0397887) (26,26,0.0795775) 
v0:
size: 27 1
(0,0,0.901375) (1,0,0.0969842) (2,0,0) (3,0,-0.835994) (4,0,0.11057) (5,0,0) (6,0,-0.414965) (7,0,-0.70544) (8,0,0) (9,0,0.541858) (10,0,0.0822094) (11,0,0) (12,0,-0.748501) (13,0,-0.262602) (14,0,0) (15,0,0.728062) (16,0,-0.238885) (17,0,0) (18,0,0.47311) (19,0,0.270935) (20,0,0) (21,0,0.721208) (22,0,0.423738) (23,0,0) (24,0,0.0817841) (25,0,0.129365) (26,0,0) 
ipopt_sol:
size: 21 1
(0,0,5.00143e-07) (1,0,2.59368e-07) (2,0,3.17227e-07) (3,0,35.8699) (4,0,1.18016e-07) (5,0,2.80467e-07) (6,0,6.82444e-08) (7,0,9.22312e-08) (8,0,18.8429) (9,0,1.55767e-07) (10,0,6.24941) (11,0,7.66876e-08) (12,0,2.71862e-07) (13,0,3.30475) (14,0,4.52314e-06) (15,0,3.05748e-07) (16,0,9.03773) (17,0,5.72533e-07) (18,0,14.9005) (19,0,2.92314e-07) (20,0,8.13363) 
policy_sol:
size: 21 1
(0,0,0) (1,0,0) (2,0,0) (3,0,35.8699) (4,0,0) (5,0,0) (6,0,0) (7,0,0) (8,0,18.8429) (9,0,0) (10,0,6.24941) (11,0,0) (12,0,0) (13,0,3.30475) (14,0,0) (15,0,0) (16,0,9.03774) (17,0,0) (18,0,14.9005) (19,0,0) (20,0,8.13363) 

policy_converges:
1
