Git Revision:     18345a57b34405566a64d0bf3d2a118f1cdbade3
Build Mode:       Debug
C Compiler:       /usr/bin/cc
C++ Compiler:     /usr/bin/c++
Fortran Compiler: gfortran
Body count: 9
No end time specified. Simulation will run indefinitely.
N:
size: 27 19
(0,0,-0.00749552) (1,0,-0.999972) (3,0,0.00749552) (4,0,0.999972) (0,1,-0.999588) (1,1,-0.0286949) (9,1,0.999588) (10,1,0.0286949) (0,2,-0.464734) (1,2,-0.885451) (15,2,0.464734) (16,2,0.885451) (3,3,-0.725325) (4,3,0.688406) (9,3,0.725325) (10,3,-0.688406) (3,4,-0.998979) (4,4,0.0451832) (12,4,0.998979) (13,4,-0.0451832) (3,5,-0.723685) (4,5,-0.69013) (15,5,0.723685) (16,5,0.69013) (3,6,-0.891182) (4,6,0.453646) (18,6,0.891182) (19,6,-0.453646) (3,7,-0.999903) (4,7,-0.0139232) (21,7,0.999903) (22,7,0.0139232) (6,8,-0.99977) (7,8,-0.0214614) (15,8,0.99977) (16,8,0.0214614) (6,9,-0.707311) (7,9,0.706902) (18,9,0.707311) (19,9,-0.706902) (6,10,-0.903939) (7,10,0.427662) (21,10,0.903939) (22,10,-0.427662) (6,11,-0.99989) (7,11,-0.0148138) (24,11,0.99989) (25,11,0.0148138) (9,12,-0.0584059) (10,12,-0.998293) (12,12,0.0584059) (13,12,0.998293) (9,13,-0.0068014) (10,13,-0.999977) (15,13,0.0068014) (16,13,0.999977) (12,14,0.0391505) (13,14,-0.999233) (15,14,-0.0391505) (16,14,0.999233) (12,15,-0.698406) (13,15,0.715702) (18,15,0.698406) (19,15,-0.715702) (12,16,-0.996699) (13,16,-0.0811846) (21,16,0.996699) (22,16,0.0811846) (15,17,-0.445241) (16,17,0.895411) (18,17,0.445241) (19,17,-0.895411) (15,18,-0.715737) (16,18,0.69837) (21,18,0.715737) (22,18,-0.69837) 
Q:
size: 19 19
(0,0,0.0795775) (1,0,0.00143982) (2,0,0.0353686) (3,0,0.0271737) (4,0,0.0014998) (5,0,-0.0276745) (6,0,0.0177837) (7,0,-0.000852178) (0,1,0.00143982) (1,1,0.0795775) (2,1,0.0194945) (3,1,0.0280619) (12,1,-0.00346273) (13,1,-0.00141221) (0,2,0.0353686) (1,2,0.0194945) (2,2,0.0795775) (5,2,0.0376957) (8,2,0.019243) (13,2,0.0353559) (14,2,0.03448) (17,2,0.0233132) (18,2,0.0113694) (0,3,0.0271737) (1,3,0.0280619) (3,3,0.0795775) (4,3,0.0300679) (5,3,0.00198218) (6,3,0.038145) (7,3,0.0284756) (12,3,0.0256585) (13,3,0.0271939) (0,4,0.0014998) (3,4,0.0300679) (4,4,0.0795775) (5,4,0.0275244) (6,4,0.0362384) (7,4,0.0397192) (12,4,0.000526813) (14,4,0.00335256) (15,4,-0.029047) (16,4,-0.0394709) (0,5,-0.0276745) (2,5,0.0376957) (3,5,0.00198218) (4,5,0.0275244) (5,5,0.0795775) (6,5,0.0132043) (7,5,0.0291741) (8,5,0.0293772) (13,5,0.0276546) (14,5,0.026311) (17,5,0.0117669) (18,5,-0.00143249) (0,6,0.0177837) (3,6,0.038145) (4,6,0.0362384) (5,6,0.0132043) (6,6,0.0795775) (7,6,0.0352043) (9,6,0.0378401) (15,6,0.0376832) (17,6,0.03195) (0,7,-0.000852178) (3,7,0.0284756) (4,7,0.0397192) (5,7,0.0291741) (6,7,0.0352043) (7,7,0.0795775) (10,7,0.0357262) (16,7,0.0396985) (18,7,0.0280886) (2,8,0.019243) (5,8,0.0293772) (8,8,0.0795775) (9,8,0.0275329) (10,8,0.0355931) (11,8,0.0397879) (13,8,0.00112446) (14,8,-0.00070412) (17,8,-0.0169469) (18,8,-0.0278754) (6,9,0.0378401) (8,9,0.0275329) (9,9,0.0795775) (10,9,0.0374683) (11,9,0.0277233) (15,9,0.0397856) (17,9,0.0377154) (7,10,0.0357262) (8,10,0.0355931) (9,10,0.0374683) (10,10,0.0795775) (11,10,0.0357106) (16,10,0.0344664) (18,10,0.0376262) (8,11,0.0397879) (9,11,0.0277233) (10,11,0.0357106) (11,11,0.0795775) (1,12,-0.00346273) (3,12,0.0256585) (4,12,0.000526813) (12,12,0.0795775) (13,12,0.0397357) (14,12,-0.0395994) (15,12,0.0268052) (16,12,-0.00554095) (1,13,-0.00141221) (2,13,0.0353559) (3,13,0.0271939) (5,13,0.0276546) (8,13,0.00112446) (12,13,0.0397357) (13,13,0.0795775) (14,13,0.0397467) (17,13,0.0355059) (18,13,0.0275929) (2,14,0.03448) (4,14,0.00335256) (5,14,0.026311) (8,14,-0.00070412) (12,14,-0.0395994) (13,14,0.0397467) (14,14,0.0795775) (15,14,-0.029543) (16,14,0.00167515) (17,14,0.0362935) (18,14,0.0288809) (4,15,-0.029047) (6,15,0.0376832) (9,15,0.0397856) (12,15,0.0268052) (14,15,-0.029543) (15,15,0.0795775) (16,15,0.0253851) (17,15,0.0378712) (4,16,-0.0394709) (7,16,0.0396985) (10,16,0.0344664) (12,16,-0.00554095) (14,16,0.00167515) (15,16,0.0253851) (16,16,0.0795775) (18,16,0.0261284) (2,17,0.0233132) (5,17,0.0117669) (6,17,0.03195) (8,17,-0.0169469) (9,17,0.0377154) (13,17,0.0355059) (14,17,0.0362935) (15,17,0.0378712) (17,17,0.0795775) (18,17,0.0375607) (2,18,0.0113694) (5,18,-0.00143249) (7,18,0.0280886) (8,18,-0.0278754) (10,18,0.0376262) (13,18,0.0275929) (14,18,0.0288809) (16,18,0.0261284) (17,18,0.0375607) (18,18,0.0795775) 
Minv:
size: 27 27
(0,0,0.0397887) (1,1,0.0397887) (2,2,0.0795775) (3,3,0.0397887) (4,4,0.0397887) (5,5,0.0795775) (6,6,0.0397887) (7,7,0.0397887) (8,8,0.0795775) (9,9,0.0397887) (10,10,0.0397887) (11,11,0.0795775) (12,12,0.0397887) (13,13,0.0397887) (14,14,0.0795775) (15,15,0.0397887) (16,16,0.0397887) (17,17,0.0795775) (18,18,0.0397887) (19,19,0.0397887) (20,20,0.0795775) (21,21,0.0397887) (22,22,0.0397887) (23,23,0.0795775) (24,24,0.0397887) (25,25,0.0397887) (26,26,0.0795775) 
v0:
size: 27 1
(0,0,-0.897273) (1,0,-0.138342) (2,0,0) (3,0,0.867546) (4,0,-0.190216) (5,0,0) (6,0,0.973041) (7,0,0.729552) (8,0,0) (9,0,-0.947534) (10,0,-0.613798) (11,0,0) (12,0,0.146698) (13,0,-0.837318) (14,0,0) (15,0,-0.456451) (16,0,-0.90193) (17,0,0) (18,0,-0.808306) (19,0,-0.306148) (20,0,0) (21,0,0.0311631) (22,0,-0.0804779) (23,0,0) (24,0,0.606409) (25,0,0.485846) (26,0,0) 
ipopt_sol:
size: 19 1
(0,0,1.76233e-06) (1,0,2.33472e-07) (2,0,1.30806e-07) (3,0,17.8588) (4,0,11.7363) (5,0,17.5807) (6,0,6.31695) (7,0,1.4913e-07) (8,0,36.9288) (9,0,6.00046e-08) (10,0,7.95167e-08) (11,0,1.14718e-07) (12,0,9.26e-08) (13,0,8.41812e-08) (14,0,7.22368e-07) (15,0,27.6101) (16,0,1.35681e-07) (17,0,5.6511e-07) (18,0,18.899) 
policy_sol:
size: 19 1
(0,0,0) (1,0,0) (2,0,0) (3,0,17.8588) (4,0,11.7363) (5,0,17.5807) (6,0,6.31695) (7,0,0) (8,0,36.9288) (9,0,0) (10,0,0) (11,0,0) (12,0,0) (13,0,0) (14,0,0) (15,0,27.6101) (16,0,0) (17,0,0) (18,0,18.899) 

policy_converges:
1
ipopt_converges:
0
