Git Revision:     18345a57b34405566a64d0bf3d2a118f1cdbade3
Build Mode:       Debug
C Compiler:       /usr/bin/cc
C++ Compiler:     /usr/bin/c++
Fortran Compiler: gfortran
Body count: 9
No end time specified. Simulation will run indefinitely.
N:
size: 27 20
(0,0,-0.00886443) (1,0,-0.999961) (3,0,0.00886443) (4,0,0.999961) (0,1,-0.999615) (1,1,-0.0277507) (9,1,0.999615) (10,1,0.0277507) (0,2,-0.700122) (1,2,-0.714023) (12,2,0.700122) (13,2,0.714023) (0,3,-0.999437) (1,3,-0.0335498) (18,3,0.999437) (19,3,0.0335498) (0,4,-0.879219) (1,4,-0.476417) (21,4,0.879219) (22,4,0.476417) (0,5,-0.701049) (1,5,-0.713113) (24,5,0.701049) (25,5,0.713113) (3,6,-0.698976) (4,6,0.715145) (9,6,0.698976) (10,6,-0.715145) (3,7,-0.99995) (4,7,-0.0100382) (12,7,0.99995) (13,7,0.0100382) (3,8,-0.999584) (4,8,-0.0288478) (21,8,0.999584) (22,8,0.0288478) (3,9,-0.888025) (4,9,-0.459794) (24,9,0.888025) (25,9,0.459794) (6,10,-0.414063) (7,10,0.910248) (9,10,0.414063) (10,10,-0.910248) (6,11,-0.674349) (7,11,0.738412) (12,11,0.674349) (13,11,-0.738412) (6,12,-0.999597) (7,12,0.0283749) (15,12,0.999597) (16,12,-0.0283749) (6,13,-0.999927) (7,13,0.0121202) (24,13,0.999927) (25,13,-0.0121202) (9,14,-0.030486) (10,14,-0.999535) (12,14,0.030486) (13,14,0.999535) (9,15,-0.692694) (10,15,-0.721231) (21,15,0.692694) (22,15,0.721231) (9,16,-0.458728) (10,16,-0.888577) (24,16,0.458728) (25,16,0.888577) (12,17,-0.701966) (13,17,-0.71221) (24,17,0.701966) (25,17,0.71221) (18,18,0.018027) (19,18,-0.999838) (21,18,-0.018027) (22,18,0.999838) (18,19,-0.0134664) (19,19,-0.999909) (24,19,0.0134664) (25,19,0.999909) 
Q:
size: 20 20
(0,0,0.0795775) (1,0,0.00145669) (2,0,0.0286559) (3,0,0.00168736) (4,0,0.0192654) (5,0,0.02862) (6,0,0.0282071) (7,0,-0.000752079) (8,0,-0.00150033) (9,0,-0.0186071) (0,1,0.00145669) (1,1,0.0795775) (2,1,0.0286346) (3,1,0.0397881) (4,1,0.0354956) (5,1,0.0286705) (6,1,0.027011) (10,1,0.0154636) (14,1,-0.00231618) (15,1,-0.0283472) (16,1,-0.0192263) (0,2,0.0286559) (1,2,0.0286346) (2,2,0.0795775) (3,2,0.0287944) (4,2,0.0380274) (5,2,0.0397887) (7,2,0.0281407) (11,2,-0.00219304) (14,2,0.0292461) (17,2,-0.0397886) (0,3,0.00168736) (1,3,0.0397881) (2,3,0.0287944) (3,3,0.0795775) (4,3,0.0355993) (5,3,0.0288301) (18,3,-0.000617821) (19,3,-0.00187029) (0,4,0.0192654) (1,4,0.0354956) (2,4,0.0380274) (3,4,0.0355993) (4,4,0.0795775) (5,4,0.0380426) (8,4,0.0355153) (15,4,0.0379042) (18,4,0.0183223) (0,5,0.02862) (1,5,0.0286705) (2,5,0.0397887) (3,5,0.0288301) (4,5,0.0380426) (5,5,0.0795775) (9,5,0.0378166) (13,5,0.0275479) (16,5,0.038008) (17,5,0.0397887) (19,5,0.0287469) (0,6,0.0282071) (1,6,0.027011) (6,6,0.0795775) (7,6,0.0275244) (8,6,0.026979) (9,6,0.0116139) (10,6,0.0374165) (14,6,0.0275936) (15,6,0.00125763) (16,6,0.0125263) (0,7,-0.000752079) (2,7,0.0281407) (6,7,0.0275244) (7,7,0.0795775) (8,7,0.0397817) (9,7,0.0355153) (11,7,0.0265352) (14,7,0.00161216) (17,7,-0.0282134) (0,8,-0.00150033) (4,8,0.0355153) (6,8,0.026979) (7,8,0.0397817) (8,8,0.0795775) (9,8,0.0358465) (15,8,0.0283778) (18,8,0.000430662) (0,9,-0.0186071) (5,9,0.0378166) (6,9,0.0116139) (7,9,0.0355153) (8,9,0.0358465) (9,9,0.0795775) (13,9,0.0351091) (16,9,0.0324646) (17,9,0.0378325) (19,9,0.0187688) (1,10,0.0154636) (6,10,0.0374165) (10,10,0.0795775) (11,10,0.0378535) (12,10,0.0174961) (13,10,0.0169128) (14,10,0.0356985) (15,10,0.0147091) (16,10,0.0246246) (2,11,-0.00219304) (7,11,0.0265352) (10,11,0.0378535) (11,11,0.0795775) (12,11,0.0276544) (13,11,0.0271856) (14,11,-0.0285489) (17,11,0.00209028) (10,12,0.0174961) (11,12,0.0276544) (12,12,0.0795775) (13,12,0.0397835) (5,13,0.0275479) (9,13,0.0351091) (10,13,0.0169128) (11,13,0.0271856) (12,13,0.0397835) (13,13,0.0795775) (16,13,0.0178224) (17,13,0.0275848) (19,13,5.35679e-05) (1,14,-0.00231618) (2,14,0.0292461) (6,14,0.0275936) (7,14,0.00161216) (10,14,0.0356985) (11,14,-0.0285489) (14,14,0.0795775) (15,14,0.0295238) (16,14,0.0358954) (17,14,-0.0291763) (1,15,-0.0283472) (4,15,0.0379042) (6,15,0.00125763) (8,15,0.0283778) (10,15,0.0147091) (14,15,0.0295238) (15,15,0.0795775) (16,15,0.0381426) (18,15,0.0281954) (1,16,-0.0192263) (5,16,0.038008) (6,16,0.0125263) (9,16,0.0324646) (10,16,0.0246246) (13,16,0.0178224) (14,16,0.0358954) (15,16,0.0381426) (16,16,0.0795775) (17,16,0.0379929) (19,16,0.0355979) (2,17,-0.0397886) (5,17,0.0397887) (7,17,-0.0282134) (9,17,0.0378325) (11,17,0.00209028) (13,17,0.0275848) (14,17,-0.0291763) (16,17,0.0379929) (17,17,0.0795775) (19,17,0.0287115) (3,18,-0.000617821) (4,18,0.0183223) (8,18,0.000430662) (15,18,0.0281954) (18,18,0.0795775) (19,18,0.039769) (3,19,-0.00187029) (5,19,0.0287469) (9,19,0.0187688) (13,19,5.35679e-05) (16,19,0.0355979) (17,19,0.0287115) (18,19,0.039769) (19,19,0.0795775) 
Minv:
size: 27 27
(0,0,0.0397887) (1,1,0.0397887) (2,2,0.0795775) (3,3,0.0397887) (4,4,0.0397887) (5,5,0.0795775) (6,6,0.0397887) (7,7,0.0397887) (8,8,0.0795775) (9,9,0.0397887) (10,10,0.0397887) (11,11,0.0795775) (12,12,0.0397887) (13,13,0.0397887) (14,14,0.0795775) (15,15,0.0397887) (16,16,0.0397887) (17,17,0.0795775) (18,18,0.0397887) (19,19,0.0397887) (20,20,0.0795775) (21,21,0.0397887) (22,22,0.0397887) (23,23,0.0795775) (24,24,0.0397887) (25,25,0.0397887) (26,26,0.0795775) 
v0:
size: 27 1
(0,0,0.72203) (1,0,-0.063137) (2,0,0) (3,0,0.0408603) (4,0,-0.432431) (5,0,0) (6,0,-0.308969) (7,0,0.315356) (8,0,0) (9,0,-0.996954) (10,0,0.751742) (11,0,0) (12,0,-0.631194) (13,0,0.334479) (14,0,0) (15,0,-0.677035) (16,0,0.891656) (17,0,0) (18,0,0.682528) (19,0,0.634819) (20,0,0) (21,0,-0.0777054) (22,0,-0.187653) (23,0,0) (24,0,-0.558307) (25,0,-0.121504) (26,0,0) 
ipopt_sol:
size: 20 1
(0,0,2.71065) (1,0,42.0164) (2,0,3.58759e-07) (3,0,4.57159e-08) (4,0,2.22469e-07) (5,0,3.614e-07) (6,0,17.0864) (7,0,10.9495) (8,0,1.24025e-07) (9,0,1.80018e-07) (10,0,1.34592e-07) (11,0,9.41221e-07) (12,0,9.65778) (13,0,2.99271e-07) (14,0,2.50902e-07) (15,0,5.9418e-07) (16,0,21.7211) (17,0,0.387756) (18,0,20.3232) (19,0,1.93976e-06) 
policy_sol:
size: 20 1
(0,0,2.71065) (1,0,42.0164) (2,0,0) (3,0,0) (4,0,0) (5,0,0) (6,0,17.0864) (7,0,10.9495) (8,0,0) (9,0,0) (10,0,0) (11,0,0) (12,0,9.65778) (13,0,0) (14,0,0) (15,0,0) (16,0,21.7211) (17,0,0.387752) (18,0,20.3232) (19,0,0) 

policy_converges:
1
ipopt_converges:
0
