Git Revision:     18345a57b34405566a64d0bf3d2a118f1cdbade3
Build Mode:       Debug
C Compiler:       /usr/bin/cc
C++ Compiler:     /usr/bin/c++
Fortran Compiler: gfortran
Body count: 9
No end time specified. Simulation will run indefinitely.
N:
size: 27 17
(0,0,0.0768778) (1,0,-0.997041) (3,0,-0.0768778) (4,0,0.997041) (3,1,-0.727714) (4,1,0.685881) (9,1,0.727714) (10,1,-0.685881) (3,2,-0.892393) (4,2,0.451258) (18,2,0.892393) (19,2,-0.451258) (3,3,-1) (4,3,0.000778277) (21,3,1) (22,3,-0.000778277) (6,4,-0.469785) (7,4,0.882781) (9,4,0.469785) (10,4,-0.882781) (6,5,-0.998449) (7,5,0.0556656) (15,5,0.998449) (16,5,-0.0556656) (6,6,-0.709313) (7,6,0.704894) (18,6,0.709313) (19,6,-0.704894) (6,7,-0.895297) (7,7,0.445471) (21,7,0.895297) (22,7,-0.445471) (6,8,-0.999903) (7,8,-0.0139007) (24,8,0.999903) (25,8,0.0139007) (9,9,0.0246385) (10,9,-0.999696) (12,9,-0.0246385) (13,9,0.999696) (9,10,-0.00978786) (10,10,-0.999952) (15,10,0.00978786) (16,10,0.999952) (9,11,-0.999664) (10,11,0.0259044) (18,11,0.999664) (19,11,-0.0259044) (9,12,-0.679905) (10,12,-0.7333) (21,12,0.679905) (22,12,0.7333) (12,13,-0.719275) (13,13,0.694725) (18,13,0.719275) (19,13,-0.694725) (12,14,-0.997423) (13,14,-0.0717422) (21,14,0.997423) (22,14,0.0717422) (15,15,-0.437001) (16,15,0.899461) (18,15,0.437001) (19,15,-0.899461) (15,16,-0.699634) (16,16,0.714501) (21,16,0.699634) (22,16,-0.714501) 
Q:
size: 17 17
(0,0,0.0795775) (1,0,0.0294355) (2,0,0.0206316) (3,0,0.00308975) (0,1,0.0294355) (1,1,0.0795775) (2,1,0.0381541) (3,1,0.0289761) (4,1,0.0376939) (9,1,0.0279954) (10,1,0.0270056) (11,1,-0.029652) (12,1,0.000325492) (0,2,0.0206316) (1,2,0.0381541) (2,2,0.0795775) (3,2,0.0355212) (6,2,0.0378421) (11,2,0.0359604) (13,2,0.0380132) (15,2,0.0316665) (0,3,0.00308975) (1,3,0.0289761) (2,3,0.0355212) (3,3,0.0795775) (7,3,0.0356365) (12,3,0.0270298) (14,3,0.039684) (16,3,0.0278597) (1,4,0.0376939) (4,4,0.0795775) (5,4,0.0206184) (6,4,0.0380178) (7,4,0.0323821) (8,4,0.0182021) (9,4,0.0355746) (10,4,0.0349401) (11,4,-0.0195958) (12,4,0.0130481) (4,5,0.0206184) (5,5,0.0795775) (6,5,0.0297401) (7,5,0.0365541) (8,5,0.0396924) (10,5,-0.00182592) (15,5,-0.0193529) (16,5,-0.0293769) (2,6,0.0378421) (4,6,0.0380178) (5,6,0.0297401) (6,6,0.0795775) (7,6,0.0377617) (8,6,0.0278301) (11,6,0.0289397) (13,6,0.0397847) (15,6,0.0375604) (3,7,0.0356365) (4,7,0.0323821) (5,7,0.0365541) (6,7,0.0377617) (7,7,0.0795775) (8,7,0.0353729) (12,7,0.0112225) (14,7,0.0342593) (16,7,0.0375872) (4,8,0.0182021) (5,8,0.0396924) (6,8,0.0278301) (7,8,0.0353729) (8,8,0.0795775) (1,9,0.0279954) (4,9,0.0355746) (9,9,0.0795775) (10,9,0.0397652) (11,9,-0.0020104) (12,9,0.0285017) (13,9,0.028339) (14,9,-0.00187586) (1,10,0.0270056) (4,10,0.0349401) (5,10,-0.00182592) (9,10,0.0397652) (10,10,0.0795775) (11,10,-0.000641338) (12,10,0.0294405) (15,10,0.0356165) (16,10,0.0281553) (1,11,-0.029652) (2,11,0.0359604) (4,11,-0.0195958) (6,11,0.0289397) (9,11,-0.0020104) (10,11,-0.000641338) (11,11,0.0795775) (12,11,0.0262877) (13,11,0.0293255) (15,11,0.018309) (1,12,0.000325492) (3,12,0.0270298) (4,12,0.0130481) (7,12,0.0112225) (9,12,0.0285017) (10,12,0.0294405) (11,12,0.0262877) (12,12,0.0795775) (14,12,0.0290761) (16,12,-0.00192017) (2,13,0.0380132) (6,13,0.0397847) (9,13,0.028339) (11,13,0.0293255) (13,13,0.0795775) (14,13,0.0265622) (15,13,0.0373697) (3,14,0.039684) (7,14,0.0342593) (9,14,-0.00187586) (12,14,0.0290761) (13,14,0.0265622) (14,14,0.0795775) (16,14,0.0257263) (2,15,0.0316665) (5,15,-0.0193529) (6,15,0.0375604) (10,15,0.0356165) (11,15,0.018309) (13,15,0.0373697) (15,15,0.0795775) (16,15,0.0377359) (3,16,0.0278597) (5,16,-0.0293769) (7,16,0.0375872) (10,16,0.0281553) (12,16,-0.00192017) (14,16,0.0257263) (15,16,0.0377359) (16,16,0.0795775) 
Minv:
size: 27 27
(0,0,0.0397887) (1,1,0.0397887) (2,2,0.0795775) (3,3,0.0397887) (4,4,0.0397887) (5,5,0.0795775) (6,6,0.0397887) (7,7,0.0397887) (8,8,0.0795775) (9,9,0.0397887) (10,10,0.0397887) (11,11,0.0795775) (12,12,0.0397887) (13,13,0.0397887) (14,14,0.0795775) (15,15,0.0397887) (16,16,0.0397887) (17,17,0.0795775) (18,18,0.0397887) (19,19,0.0397887) (20,20,0.0795775) (21,21,0.0397887) (22,22,0.0397887) (23,23,0.0795775) (24,24,0.0397887) (25,25,0.0397887) (26,26,0.0795775) 
v0:
size: 27 1
(0,0,-0.597635) (1,0,-0.510705) (2,0,0) (3,0,-0.20472) (4,0,-0.947552) (5,0,0) (6,0,0.903894) (7,0,0.103427) (8,0,0) (9,0,-0.0591231) (10,0,0.803576) (11,0,0) (12,0,0.790082) (13,0,-0.716535) (14,0,0) (15,0,-0.321603) (16,0,-0.314946) (17,0,0) (18,0,-0.431279) (19,0,0.462302) (20,0,0) (21,0,-0.384261) (22,0,0.597438) (23,0,0) (24,0,0.852068) (25,0,0.612273) (26,0,0) 
ipopt_sol:
size: 17 1
(0,0,4.06987) (1,0,20.6434) (2,0,1.46742e-07) (3,0,5.59214e-08) (4,0,6.48581e-07) (5,0,41.1201) (6,0,4.02551e-07) (7,0,6.79069e-07) (8,0,4.89302e-08) (9,0,19.9768) (10,0,1.71875) (11,0,6.00297) (12,0,4.27949e-07) (13,0,30.7604) (14,0,7.71518) (15,0,6.11203e-07) (16,0,29.5634) 
policy_sol:
size: 17 1
(0,0,4.06987) (1,0,20.6434) (2,0,0) (3,0,0) (4,0,0) (5,0,41.1201) (6,0,0) (7,0,0) (8,0,0) (9,0,19.9768) (10,0,1.71875) (11,0,6.00297) (12,0,0) (13,0,30.7604) (14,0,7.71518) (15,0,0) (16,0,29.5634) 

policy_converges:
1
ipopt_converges:
0
