Git Revision:     18345a57b34405566a64d0bf3d2a118f1cdbade3
Build Mode:       Debug
C Compiler:       /usr/bin/cc
C++ Compiler:     /usr/bin/c++
Fortran Compiler: gfortran
Body count: 9
No end time specified. Simulation will run indefinitely.
N:
size: 27 12
(0,0,-0.997151) (1,0,0.075428) (9,0,0.997151) (10,0,-0.075428) (0,1,-0.76074) (1,1,-0.649057) (12,1,0.76074) (13,1,0.649057) (0,2,-0.458015) (1,2,-0.888945) (15,2,0.458015) (16,2,0.888945) (0,3,-0.99968) (1,3,0.0252807) (18,3,0.99968) (19,3,-0.0252807) (0,4,-0.913821) (1,4,-0.406118) (21,4,0.913821) (22,4,0.406118) (3,5,-0.728675) (4,5,0.68486) (9,5,0.728675) (10,5,-0.68486) (3,6,-0.999934) (4,6,-0.0114688) (12,6,0.999934) (13,6,0.0114688) (6,7,-0.459205) (7,7,0.88833) (9,7,0.459205) (10,7,-0.88833) (6,8,-0.706003) (7,8,0.708209) (12,8,0.706003) (13,8,-0.708209) (9,9,0.00151646) (10,9,-0.999999) (12,9,-0.00151646) (13,9,0.999999) (9,10,0.0428743) (10,10,-0.99908) (15,10,-0.0428743) (16,10,0.99908) (9,11,-0.705719) (10,11,-0.708492) (21,11,0.705719) (22,11,0.708492) 
Q:
size: 12 12
(0,0,0.0795775) (1,0,0.0282347) (2,0,0.015504) (3,0,0.0397386) (4,0,0.0350374) (5,0,0.0309659) (7,0,0.0208852) (9,0,0.00306135) (10,0,0.00469948) (11,0,-0.0258734) (0,1,0.0282347) (1,1,0.0795775) (2,1,0.0368207) (3,1,0.0296063) (4,1,0.0381484) (6,1,0.0305631) (8,1,0.00308033) (9,1,0.0257792) (0,2,0.015504) (1,2,0.0368207) (2,2,0.0795775) (3,2,0.0173238) (4,2,0.0310177) (10,2,0.0345561) (0,3,0.0397386) (1,3,0.0296063) (2,3,0.0173238) (3,3,0.0795775) (4,3,0.0359396) (0,4,0.0350374) (1,4,0.0381484) (2,4,0.0310177) (3,4,0.0359396) (4,4,0.0795775) (11,4,0.0371082) (0,5,0.0309659) (5,5,0.0795775) (6,5,0.0286786) (7,5,0.0375205) (9,5,0.0272936) (10,5,0.0284677) (11,5,-0.00115476) (1,6,0.0305631) (5,6,0.0286786) (6,6,0.0795775) (8,6,0.027766) (9,6,0.000395994) (0,7,0.0208852) (5,7,0.0375205) (7,7,0.0795775) (8,7,0.0379315) (9,7,0.0353732) (10,7,0.0360964) (11,7,0.0121477) (1,8,0.00308033) (6,8,0.027766) (7,8,0.0379315) (8,8,0.0795775) (9,8,-0.0282213) (0,9,0.00306135) (1,9,0.0257792) (5,9,0.0272936) (6,9,0.000395994) (7,9,0.0353732) (8,9,-0.0282213) (9,9,0.0795775) (10,9,0.0397547) (11,9,0.0281474) (0,10,0.00469948) (2,10,0.0345561) (5,10,0.0284677) (7,10,0.0360964) (9,10,0.0397547) (10,10,0.0795775) (11,10,0.0269602) (0,11,-0.0258734) (4,11,0.0371082) (5,11,-0.00115476) (7,11,0.0121477) (9,11,0.0281474) (10,11,0.0269602) (11,11,0.0795775) 
Minv:
size: 27 27
(0,0,0.0397887) (1,1,0.0397887) (2,2,0.0795775) (3,3,0.0397887) (4,4,0.0397887) (5,5,0.0795775) (6,6,0.0397887) (7,7,0.0397887) (8,8,0.0795775) (9,9,0.0397887) (10,10,0.0397887) (11,11,0.0795775) (12,12,0.0397887) (13,13,0.0397887) (14,14,0.0795775) (15,15,0.0397887) (16,16,0.0397887) (17,17,0.0795775) (18,18,0.0397887) (19,19,0.0397887) (20,20,0.0795775) (21,21,0.0397887) (22,22,0.0397887) (23,23,0.0795775) (24,24,0.0397887) (25,25,0.0397887) (26,26,0.0795775) 
v0:
size: 27 1
(0,0,0.716979) (1,0,-0.305402) (2,0,0) (3,0,-0.556027) (4,0,-0.145764) (5,0,0) (6,0,-0.524597) (7,0,-0.0843937) (8,0,0) (9,0,-0.908399) (10,0,0.774289) (11,0,0) (12,0,-0.833028) (13,0,-0.141267) (14,0,0) (15,0,-0.391788) (16,0,-0.0672381) (17,0,0) (18,0,0.421955) (19,0,-0.725417) (20,0,0) (21,0,-0.258459) (22,0,-0.147171) (23,0,0) (24,0,0.461457) (25,0,0.667218) (26,0,0) 
ipopt_sol:
size: 12 1
(0,0,43.1974) (1,0,5.97959) (2,0,1.47362e-07) (3,0,5.86091e-08) (4,0,1.73308e-07) (5,0,3.97068e-07) (6,0,1.48724) (7,0,2.88188e-07) (8,0,8.8947) (9,0,14.6195) (10,0,8.1029) (11,0,11.0088) 
policy_sol:
size: 12 1
(0,0,43.1974) (1,0,5.97959) (2,0,0) (3,0,0) (4,0,0) (5,0,0) (6,0,1.48724) (7,0,0) (8,0,8.8947) (9,0,14.6195) (10,0,8.1029) (11,0,11.0088) 

policy_converges:
1
ipopt_converges:
1
