Git Revision:     18345a57b34405566a64d0bf3d2a118f1cdbade3
Build Mode:       Debug
C Compiler:       /usr/bin/cc
C++ Compiler:     /usr/bin/c++
Fortran Compiler: gfortran
Body count: 9
No end time specified. Simulation will run indefinitely.
N:
size: 27 10
(0,0,-0.707206) (1,0,-0.707008) (12,0,0.707206) (13,0,0.707008) (3,1,-0.999028) (4,1,0.0440799) (12,1,0.999028) (13,1,-0.0440799) (3,2,-0.718729) (4,2,-0.695291) (15,2,0.718729) (16,2,0.695291) (3,3,-0.883445) (4,3,0.468535) (18,3,0.883445) (19,3,-0.468535) (3,4,-0.999948) (4,4,0.0101836) (21,4,0.999948) (22,4,-0.0101836) (6,5,-0.89417) (7,5,0.447727) (21,5,0.89417) (22,5,-0.447727) (9,6,0.0301625) (10,6,-0.999545) (12,6,-0.0301625) (13,6,0.999545) (9,7,-0.998497) (10,7,-0.054799) (18,7,0.998497) (19,7,0.054799) (12,8,-0.699358) (13,8,0.714771) (18,8,0.699358) (19,8,-0.714771) (15,9,-0.712987) (16,9,0.701177) (21,9,0.712987) (22,9,-0.701177) 
Q:
size: 10 10
(0,0,0.0795775) (1,0,0.0268715) (6,0,0.0272694) (8,0,0.000428091) (0,1,0.0268715) (1,1,0.0795775) (2,1,0.02735) (3,1,0.0359388) (4,1,0.0397659) (6,1,-0.00295205) (8,1,-0.0290532) (1,2,0.02735) (2,2,0.0795775) (3,2,0.0123023) (4,2,0.0283141) (9,2,-0.000991622) (1,3,0.0359388) (2,3,0.0123023) (3,3,0.0795775) (4,3,0.0353392) (7,3,0.0340768) (8,3,0.0379083) (1,4,0.0397659) (2,4,0.0283141) (3,4,0.0353392) (4,4,0.0795775) (5,4,0.0357575) (9,4,0.0286515) (4,5,0.0357575) (5,5,0.0795775) (9,5,0.0378577) (0,6,0.0272694) (1,6,-0.00295205) (6,6,0.0795775) (7,6,0.000981069) (8,6,0.0292662) (3,7,0.0340768) (6,7,0.000981069) (7,7,0.0795775) (8,7,0.0262263) (0,8,0.000428091) (1,8,-0.0290532) (3,8,0.0379083) (6,8,0.0292662) (7,8,0.0262263) (8,8,0.0795775) (2,9,-0.000991622) (4,9,0.0286515) (5,9,0.0378577) (9,9,0.0795775) 
Minv:
size: 27 27
(0,0,0.0397887) (1,1,0.0397887) (2,2,0.0795775) (3,3,0.0397887) (4,4,0.0397887) (5,5,0.0795775) (6,6,0.0397887) (7,7,0.0397887) (8,8,0.0795775) (9,9,0.0397887) (10,10,0.0397887) (11,11,0.0795775) (12,12,0.0397887) (13,13,0.0397887) (14,14,0.0795775) (15,15,0.0397887) (16,16,0.0397887) (17,17,0.0795775) (18,18,0.0397887) (19,19,0.0397887) (20,20,0.0795775) (21,21,0.0397887) (22,22,0.0397887) (23,23,0.0795775) (24,24,0.0397887) (25,25,0.0397887) (26,26,0.0795775) 
v0:
size: 27 1
(0,0,-0.722049) (1,0,0.0662839) (2,0,0) (3,0,0.793205) (4,0,0.710468) (5,0,0) (6,0,0.433418) (7,0,0.895129) (8,0,0) (9,0,0.906933) (10,0,-0.666967) (11,0,0) (12,0,-0.703475) (13,0,-0.94953) (14,0,0) (15,0,0.429432) (16,0,0.319782) (17,0,0) (18,0,0.0248908) (19,0,0.00843128) (20,0,0) (21,0,0.31656) (22,0,0.904137) (23,0,0) (24,0,0.754389) (25,0,0.941152) (26,0,0) 
ipopt_sol:
size: 10 1
(0,0,4.14914) (1,0,38.9109) (2,0,0.178381) (3,0,4.1687e-08) (4,0,8.588e-08) (5,0,3.54448e-07) (6,0,1.06156) (7,0,17.0447) (8,0,12.5826) (9,0,12.3226) 
policy_sol:
size: 10 1
(0,0,4.14914) (1,0,38.9109) (2,0,0.178372) (3,0,0) (4,0,0) (5,0,0) (6,0,1.06156) (7,0,17.0447) (8,0,12.5826) (9,0,12.3226) 

policy_converges:
1
ipopt_converges:
1
