Git Revision:     18345a57b34405566a64d0bf3d2a118f1cdbade3
Build Mode:       Debug
C Compiler:       /usr/bin/cc
C++ Compiler:     /usr/bin/c++
Fortran Compiler: gfortran
Body count: 9
No end time specified. Simulation will run indefinitely.
N:
size: 27 20
(0,0,-0.082097) (1,0,-0.996624) (3,0,0.082097) (4,0,0.996624) (0,1,-0.0080793) (1,1,-0.999967) (6,1,0.0080793) (7,1,0.999967) (0,2,-0.999806) (1,2,-0.0196733) (9,2,0.999806) (10,2,0.0196733) (0,3,-0.71349) (1,3,-0.700666) (12,3,0.71349) (13,3,0.700666) (0,4,-0.910532) (1,4,-0.41344) (21,4,0.910532) (22,4,0.41344) (3,5,0.0704863) (4,5,-0.997513) (6,5,-0.0704863) (7,5,0.997513) (3,6,-0.700925) (4,6,0.713235) (9,6,0.700925) (10,6,-0.713235) (3,7,-0.998821) (4,7,0.0485507) (21,7,0.998821) (22,7,-0.0485507) (6,8,-0.47188) (7,8,0.881663) (9,8,0.47188) (10,8,-0.881663) (6,9,-0.71564) (7,9,0.698469) (12,9,0.71564) (13,9,-0.698469) (6,10,-0.997966) (7,10,0.0637494) (15,10,0.997966) (16,10,-0.0637494) (6,11,-0.706899) (7,11,0.707314) (18,11,0.706899) (19,11,-0.707314) (6,12,-0.886085) (7,12,0.463523) (21,12,0.886085) (22,12,-0.463523) (6,13,-0.999806) (7,13,0.0196895) (24,13,0.999806) (25,13,-0.0196895) (9,14,0.0461985) (10,14,-0.998932) (12,14,-0.0461985) (13,14,0.998932) (9,15,-0.732041) (10,15,-0.68126) (21,15,0.732041) (22,15,0.68126) (12,16,-0.698519) (13,16,0.715592) (18,16,0.698519) (19,16,-0.715592) (12,17,-0.997143) (13,17,0.0755422) (21,17,0.997143) (22,17,-0.0755422) (15,18,-0.999721) (16,18,-0.0236161) (24,18,0.999721) (25,18,0.0236161) (18,19,0.0184559) (19,19,-0.99983) (21,19,-0.0184559) (22,19,0.99983) 
Q:
size: 20 20
(0,0,0.0795775) (1,0,0.0396795) (2,0,0.00404604) (3,0,0.0301151) (4,0,0.019369) (5,0,-0.0393255) (6,0,0.0259933) (7,0,-0.00133743) (0,1,0.0396795) (1,1,0.0795775) (2,1,0.00110415) (3,1,0.0281071) (4,1,0.0167424) (5,1,0.0396658) (8,1,0.0349274) (9,1,0.0275602) (10,1,0.00221561) (11,1,0.027915) (12,1,0.0181575) (13,1,0.00046199) (0,2,0.00404604) (1,2,0.00110415) (2,2,0.0795775) (3,2,0.0289318) (4,2,0.0365455) (6,2,0.0273252) (8,2,0.0180817) (14,2,0.00105589) (15,2,-0.0296546) (0,3,0.0301151) (1,3,0.0281071) (2,3,0.0289318) (3,3,0.0795775) (4,3,0.0373751) (9,3,0.000843879) (14,3,0.0265373) (16,3,0.000119552) (17,3,-0.0262017) (0,4,0.019369) (1,4,0.0167424) (2,4,0.0365455) (3,4,0.0373751) (4,4,0.0795775) (7,4,0.0353875) (12,4,0.0244768) (15,4,0.0377279) (17,4,0.0348827) (19,4,0.0157788) (0,5,-0.0393255) (1,5,0.0396658) (5,5,0.0795775) (6,5,-0.0302739) (7,5,-0.00472822) (8,5,0.0363164) (9,5,0.0297291) (10,5,0.00532905) (11,5,0.0300557) (12,5,0.0208822) (13,5,0.00358549) (0,6,0.0259933) (2,6,0.0273252) (5,6,-0.0302739) (6,6,0.0795775) (7,6,0.0292338) (8,6,0.0381807) (14,6,0.0296369) (15,6,-0.00108253) (0,7,-0.00133743) (4,7,0.0353875) (5,7,-0.00472822) (6,7,0.0292338) (7,7,0.0795775) (12,7,0.03611) (15,7,0.0277766) (17,7,0.0397742) (19,7,-0.00266491) (1,8,0.0349274) (2,8,0.0180817) (5,8,0.0363164) (6,8,0.0381807) (8,8,0.0795775) (9,8,0.037939) (10,8,0.0209737) (11,8,0.0380851) (12,8,0.0328972) (13,8,0.0194626) (14,8,0.0359102) (15,8,0.0101543) (1,9,0.0275602) (3,9,0.000843879) (5,9,0.0297291) (8,9,0.037939) (9,9,0.0795775) (10,9,0.0301882) (11,9,0.0397857) (12,9,0.0381126) (13,9,0.0290161) (14,9,-0.029077) (16,9,-0.0397771) (17,9,-0.0304925) (1,10,0.00221561) (5,10,0.00532905) (8,10,0.0209737) (9,10,0.0301882) (10,10,0.0795775) (11,10,0.0298635) (12,10,0.0363602) (13,10,0.03975) (18,10,-0.0396368) (1,11,0.027915) (5,11,0.0300557) (8,11,0.0380851) (9,11,0.0397857) (10,11,0.0298635) (11,11,0.0795775) (12,11,0.0379676) (13,11,0.0286753) (16,11,0.039786) (19,11,0.0286574) (1,12,0.0181575) (4,12,0.0244768) (5,12,0.0208822) (7,12,0.03611) (8,12,0.0328972) (9,12,0.0381126) (10,12,0.0363602) (11,12,0.0379676) (12,12,0.0795775) (13,12,0.0356125) (15,12,0.0132445) (17,12,0.0365487) (19,12,-0.0190905) (1,13,0.00046199) (5,13,0.00358549) (8,13,0.0194626) (9,13,0.0290161) (10,13,0.03975) (11,13,0.0286753) (12,13,0.0356125) (13,13,0.0795775) (18,13,0.0397514) (2,14,0.00105589) (3,14,0.0265373) (6,14,0.0296369) (8,14,0.0359102) (9,14,-0.029077) (14,14,0.0795775) (15,14,0.0257319) (16,14,0.0297261) (17,14,0.00483545) (2,15,-0.0296546) (4,15,0.0377279) (6,15,-0.00108253) (7,15,0.0277766) (8,15,0.0101543) (12,15,0.0132445) (14,15,0.0257319) (15,15,0.0795775) (17,15,0.0269961) (19,15,0.0265643) (3,16,0.000119552) (9,16,-0.0397771) (11,16,0.039786) (14,16,0.0297261) (16,16,0.0795775) (17,16,0.0298646) (19,16,0.0289806) (3,17,-0.0262017) (4,17,0.0348827) (7,17,0.0397742) (9,17,-0.0304925) (12,17,0.0365487) (14,17,0.00483545) (15,17,0.0269961) (16,17,0.0298646) (17,17,0.0795775) (19,17,-0.00373745) (10,18,-0.0396368) (13,18,0.0397514) (18,18,0.0795775) (4,19,0.0157788) (7,19,-0.00266491) (11,19,0.0286574) (12,19,-0.0190905) (15,19,0.0265643) (16,19,0.0289806) (17,19,-0.00373745) (19,19,0.0795775) 
Minv:
size: 27 27
(0,0,0.0397887) (1,1,0.0397887) (2,2,0.0795775) (3,3,0.0397887) (4,4,0.0397887) (5,5,0.0795775) (6,6,0.0397887) (7,7,0.0397887) (8,8,0.0795775) (9,9,0.0397887) (10,10,0.0397887) (11,11,0.0795775) (12,12,0.0397887) (13,13,0.0397887) (14,14,0.0795775) (15,15,0.0397887) (16,16,0.0397887) (17,17,0.0795775) (18,18,0.0397887) (19,19,0.0397887) (20,20,0.0795775) (21,21,0.0397887) (22,22,0.0397887) (23,23,0.0795775) (24,24,0.0397887) (25,25,0.0397887) (26,26,0.0795775) 
v0:
size: 27 1
(0,0,-0.114261) (1,0,0.609931) (2,0,0) (3,0,0.101317) (4,0,0.404157) (5,0,0) (6,0,0.796647) (7,0,-0.567444) (8,0,0) (9,0,-0.690495) (10,0,-0.275161) (11,0,0) (12,0,0.396282) (13,0,-0.95271) (14,0,0) (15,0,0.63657) (16,0,0.913891) (17,0,0) (18,0,0.0121504) (19,0,-0.599668) (20,0,0) (21,0,-0.316586) (22,0,-0.94217) (23,0,0) (24,0,0.349665) (25,0,0.826366) (26,0,0) 
ipopt_sol:
size: 20 1
(0,0,3.97115e-06) (1,0,16.725) (2,0,10.3969) (3,0,11.3178) (4,0,2.72397e-07) (5,0,16.5022) (6,0,2.94546e-06) (7,0,2.36739e-06) (8,0,5.68852e-07) (9,0,3.74408e-07) (10,0,11.2169) (11,0,1.69965e-07) (12,0,3.32844e-06) (13,0,1.20534e-06) (14,0,13.0682) (15,0,1.74918e-07) (16,0,3.43941e-07) (17,0,21.2615) (18,0,12.8477) (19,0,9.45265) 
policy_sol:
size: 20 1
(0,0,0) (1,0,16.7251) (2,0,10.3969) (3,0,11.3178) (4,0,0) (5,0,16.5022) (6,0,0) (7,0,0) (8,0,0) (9,0,0) (10,0,11.2169) (11,0,0) (12,0,0) (13,0,0) (14,0,13.0682) (15,0,0) (16,0,0) (17,0,21.2615) (18,0,12.8477) (19,0,9.45265) 

policy_converges:
1
ipopt_converges:
0
