Git Revision:     3cfe7dc3fe6810e9e399640d632720aa3564fe80
Build Mode:       Debug
C Compiler:       /usr/bin/cc
C++ Compiler:     /usr/bin/c++
Fortran Compiler: gfortran
Body count: 9
No end time specified. Simulation will run indefinitely.
N:
size: 27 15
(0,0,-0.0216754) (1,0,-0.999765) (6,0,0.0216754) (7,0,0.999765) (0,1,-0.450902) (1,1,-0.892574) (15,1,0.450902) (16,1,0.892574) (0,2,-0.999401) (1,2,0.0346016) (18,2,0.999401) (19,2,-0.0346016) (3,3,0.0526952) (4,3,-0.998611) (6,3,-0.0526952) (7,3,0.998611) (3,4,-0.997059) (4,4,0.0766409) (12,4,0.997059) (13,4,-0.0766409) (3,5,-0.680817) (4,5,-0.732453) (15,5,0.680817) (16,5,0.732453) (3,6,-0.873764) (4,6,0.48635) (18,6,0.873764) (19,6,-0.48635) (6,7,-0.724715) (7,7,0.689049) (12,7,0.724715) (13,7,-0.689049) (6,8,-0.997319) (7,8,-0.0731808) (15,8,0.997319) (16,8,0.0731808) (6,9,-0.70541) (7,9,0.708799) (18,9,0.70541) (19,9,-0.708799) (9,10,-0.995835) (10,10,0.0911751) (18,10,0.995835) (19,10,-0.0911751) (12,11,0.0734166) (13,11,-0.997301) (15,11,-0.0734166) (16,11,0.997301) (12,12,-0.684577) (13,12,0.72894) (18,12,0.684577) (19,12,-0.72894) (15,13,-0.442363) (16,13,0.896836) (18,13,0.442363) (19,13,-0.896836) (18,14,0.00908213) (19,14,-0.999959) (21,14,-0.00908213) (22,14,0.999959) 
Q:
size: 15 15
(0,0,0.0795775) (1,0,0.0358949) (2,0,-0.000514512) (3,0,0.0396787) (7,0,0.0267849) (8,0,-0.00377121) (9,0,0.0275872) (0,1,0.0358949) (1,1,0.0795775) (2,1,0.0167012) (5,1,0.038227) (8,1,0.0204917) (11,1,0.0341014) (13,1,0.0239142) (0,2,-0.000514512) (1,2,0.0167012) (2,2,0.0795775) (6,2,0.0354147) (9,2,0.0290264) (10,2,0.0397248) (12,2,0.0282257) (13,2,0.0188252) (14,2,0.00173785) (0,3,0.0396787) (3,3,0.0795775) (4,3,-0.00513571) (5,3,0.0276754) (6,3,-0.0211564) (7,3,0.0288978) (8,3,-0.000816673) (9,3,0.0296421) (3,4,-0.00513571) (4,4,0.0795775) (5,4,0.0247756) (6,4,0.0361468) (7,4,0.0308519) (11,4,0.00595378) (12,4,-0.0293812) (1,5,0.038227) (3,5,0.0276754) (4,5,0.0247756) (5,5,0.0795775) (6,5,0.00949538) (8,5,0.029149) (11,5,0.027076) (13,5,0.0141538) (2,6,0.0354147) (3,6,-0.0211564) (4,6,0.0361468) (5,6,0.00949538) (6,6,0.0795775) (9,6,0.0382404) (10,6,0.0363855) (12,6,0.0379059) (13,6,0.0327341) (14,6,0.0196662) (0,7,0.0267849) (3,7,0.0288978) (4,7,0.0308519) (7,7,0.0795775) (8,7,0.0267518) (9,7,0.0397736) (11,7,0.0294594) (12,7,-0.039725) (0,8,-0.00377121) (1,8,0.0204917) (3,8,-0.000816673) (5,8,0.029149) (7,8,0.0267518) (8,8,0.0795775) (9,8,0.0259283) (11,8,-9.40911e-06) (13,8,-0.0149425) (0,9,0.0275872) (2,9,0.0290264) (3,9,0.0296421) (6,9,0.0382404) (7,9,0.0397736) (8,9,0.0259283) (9,9,0.0795775) (10,9,0.0305218) (12,9,0.039772) (13,9,0.0377087) (14,9,0.028456) (2,10,0.0397248) (6,10,0.0363855) (9,10,0.0305218) (10,10,0.0795775) (12,10,0.0297694) (13,10,0.0207812) (14,10,0.00398745) (1,11,0.0341014) (4,11,0.00595378) (5,11,0.027076) (7,11,0.0294594) (8,11,-9.40911e-06) (11,11,0.0795775) (12,11,-0.0309251) (13,11,0.0368799) (2,12,0.0282257) (4,12,-0.0293812) (6,12,0.0379059) (7,12,-0.039725) (9,12,0.039772) (10,12,0.0297694) (11,12,-0.0309251) (12,12,0.0795775) (13,12,0.0380608) (14,12,0.0292498) (1,13,0.0239142) (2,13,0.0188252) (5,13,0.0141538) (6,13,0.0327341) (8,13,-0.0149425) (9,13,0.0377087) (10,13,0.0207812) (11,13,0.0368799) (12,13,0.0380608) (13,13,0.0795775) (14,13,0.0358424) (2,14,0.00173785) (6,14,0.0196662) (9,14,0.028456) (10,14,0.00398745) (12,14,0.0292498) (13,14,0.0358424) (14,14,0.0795775) 
Minv:
size: 27 27
(0,0,0.0397887) (1,1,0.0397887) (2,2,0.0795775) (3,3,0.0397887) (4,4,0.0397887) (5,5,0.0795775) (6,6,0.0397887) (7,7,0.0397887) (8,8,0.0795775) (9,9,0.0397887) (10,10,0.0397887) (11,11,0.0795775) (12,12,0.0397887) (13,13,0.0397887) (14,14,0.0795775) (15,15,0.0397887) (16,16,0.0397887) (17,17,0.0795775) (18,18,0.0397887) (19,19,0.0397887) (20,20,0.0795775) (21,21,0.0397887) (22,22,0.0397887) (23,23,0.0795775) (24,24,0.0397887) (25,25,0.0397887) (26,26,0.0795775) 
v0:
size: 27 1
(0,0,-0.688237) (1,0,0.529948) (2,0,0) (3,0,0.101717) (4,0,0.668926) (5,0,0) (6,0,0.0392912) (7,0,-0.0392593) (8,0,0) (9,0,-0.188974) (10,0,-0.925114) (11,0,0) (12,0,-0.215301) (13,0,0.102634) (14,0,0) (15,0,-0.224051) (16,0,-0.621214) (17,0,0) (18,0,-0.816723) (19,0,-0.415782) (20,0,0) (21,0,0.125322) (22,0,-0.912659) (23,0,0) (24,0,0.834261) (25,0,-0.0122078) (26,0,0) 
ipopt_sol:
size: 15 1
(0,0,12.5675) (1,0,8.81275e-07) (2,0,1.83572e-07) (3,0,2.68446) (4,0,7.4441e-07) (5,0,25.132) (6,0,1.88422e-07) (7,0,6.8037e-07) (8,0,1.24584e-06) (9,0,1.4473e-07) (10,0,16.2829) (11,0,9.57595) (12,0,1.83989e-07) (13,0,1.46615e-07) (14,0,11.8865) 
policy_sol:
size: 15 1
(0,0,12.5675) (1,0,0) (2,0,0) (3,0,2.68446) (4,0,0) (5,0,25.132) (6,0,0) (7,0,0) (8,0,0) (9,0,0) (10,0,16.2829) (11,0,9.57595) (12,0,0) (13,0,0) (14,0,11.8865) 

policy_converges:
1
