Git Revision:     3cfe7dc3fe6810e9e399640d632720aa3564fe80
Build Mode:       Debug
C Compiler:       /usr/bin/cc
C++ Compiler:     /usr/bin/c++
Fortran Compiler: gfortran
Body count: 9
No end time specified. Simulation will run indefinitely.
N:
size: 27 18
(0,0,-0.0441738) (1,0,-0.999024) (3,0,0.0441738) (4,0,0.999024) (0,1,-0.99774) (1,1,-0.0671973) (9,1,0.99774) (10,1,0.0671973) (0,2,-0.69627) (1,2,-0.71778) (12,2,0.69627) (13,2,0.71778) (0,3,-0.440134) (1,3,-0.897932) (15,3,0.440134) (16,3,0.897932) (0,4,-0.893426) (1,4,-0.44921) (21,4,0.893426) (22,4,0.44921) (0,5,-0.703894) (1,5,-0.710305) (24,5,0.703894) (25,5,0.710305) (3,6,-0.998713) (4,6,0.0507191) (12,6,0.998713) (13,6,-0.0507191) (3,7,-0.695647) (4,7,-0.718384) (15,7,0.695647) (16,7,0.718384) (3,8,-0.885566) (4,8,0.464514) (18,8,0.885566) (19,8,-0.464514) (3,9,-0.999933) (4,9,0.0115841) (21,9,0.999933) (22,9,-0.0115841) (3,10,-0.893697) (4,10,-0.448671) (24,10,0.893697) (25,10,0.448671) (6,11,-0.999626) (7,11,0.0273575) (15,11,0.999626) (16,11,-0.0273575) (6,12,-0.890627) (7,12,0.454735) (21,12,0.890627) (22,12,-0.454735) (12,13,-0.731818) (13,13,0.681501) (18,13,0.731818) (19,13,-0.681501) (12,14,-0.99975) (13,14,-0.0223685) (21,14,0.99975) (22,14,0.0223685) (18,15,0.00948684) (19,15,-0.999955) (21,15,-0.00948684) (22,15,0.999955) (18,16,0.0133687) (19,16,-0.999911) (24,16,-0.0133687) (25,16,0.999911) (21,17,0.0172981) (22,17,-0.99985) (24,17,-0.0172981) (25,17,0.99985) 
Q:
size: 18 18
(0,0,0.0795775) (1,0,0.00442473) (2,0,0.0297555) (3,0,0.0364663) (4,0,0.0194264) (5,0,0.0294717) (6,0,0.000260722) (7,0,-0.0297784) (8,0,0.0169079) (9,0,-0.00129704) (10,0,-0.0194054) (0,1,0.00442473) (1,1,0.0795775) (2,1,0.0295602) (3,1,0.0198736) (4,1,0.036669) (5,1,0.0298429) (0,2,0.0297555) (1,2,0.0295602) (2,2,0.0795775) (3,2,0.0378379) (4,2,0.0375805) (5,2,0.0397865) (6,2,0.0262195) (13,2,-0.00081071) (14,2,-0.0283356) (0,3,0.0364663) (1,3,0.0198736) (2,3,0.0378379) (3,3,0.0795775) (4,3,0.0316952) (5,3,0.0377043) (7,3,0.0378486) (11,3,0.0165284) (0,4,0.0194264) (1,4,0.036669) (2,4,0.0375805) (3,4,0.0316952) (4,4,0.0795775) (5,4,0.0377179) (9,4,0.0353389) (12,4,0.0235325) (14,4,0.0359392) (15,4,0.0175355) (17,4,-0.0172559) (0,5,0.0294717) (1,5,0.0298429) (2,5,0.0397865) (3,5,0.0377043) (4,5,0.0377179) (5,5,0.0795775) (10,5,0.0377102) (16,5,0.0278852) (17,5,0.0277734) (0,6,0.000260722) (2,6,0.0262195) (6,6,0.0795775) (7,6,0.0261935) (8,6,0.0361276) (9,6,0.0397582) (10,6,0.0346079) (13,6,-0.0304559) (14,6,-0.0396824) (0,7,-0.0297784) (3,7,0.0378486) (6,7,0.0261935) (7,7,0.0795775) (8,7,0.011234) (9,7,0.0273459) (10,7,0.0375612) (11,7,0.0268866) (0,8,0.0169079) (6,8,0.0361276) (7,8,0.011234) (8,8,0.0795775) (9,8,0.0354473) (10,8,0.0231974) (13,8,0.0383818) (15,8,0.0188159) (16,8,0.0189518) (0,9,-0.00129704) (4,9,0.0353389) (6,9,0.0397582) (7,9,0.0273459) (8,9,0.0354473) (9,9,0.0795775) (10,9,0.0353499) (12,9,0.0356441) (14,9,0.0397658) (15,9,-0.000838339) (17,9,0.00114907) (0,10,-0.0194054) (5,10,0.0377102) (6,10,0.0346079) (7,10,0.0375612) (8,10,0.0231974) (9,10,0.0353499) (10,10,0.0795775) (16,10,0.0173751) (17,10,0.0172343) (3,11,0.0165284) (7,11,0.0268866) (11,11,0.0795775) (12,11,0.0359186) (4,12,0.0235325) (9,12,0.0356441) (11,12,0.0359186) (12,12,0.0795775) (14,12,0.0350233) (15,12,-0.0184287) (17,12,0.0187036) (2,13,-0.00081071) (6,13,-0.0304559) (8,13,0.0383818) (13,13,0.0795775) (14,13,0.0285043) (15,13,0.0273911) (16,13,0.0275029) (2,14,-0.0283356) (4,14,0.0359392) (6,14,-0.0396824) (9,14,0.0397658) (12,14,0.0350233) (13,14,0.0285043) (14,14,0.0795775) (15,14,0.000512598) (17,14,-0.000201784) (4,15,0.0175355) (8,15,0.0188159) (9,15,-0.000838339) (12,15,-0.0184287) (13,15,0.0273911) (14,15,0.000512598) (15,15,0.0795775) (16,15,0.0397884) (17,15,-0.0397875) (5,16,0.0278852) (8,16,0.0189518) (10,16,0.0173751) (13,16,0.0275029) (15,16,0.0397884) (16,16,0.0795775) (17,16,0.0397884) (4,17,-0.0172559) (5,17,0.0277734) (9,17,0.00114907) (10,17,0.0172343) (12,17,0.0187036) (14,17,-0.000201784) (15,17,-0.0397875) (16,17,0.0397884) (17,17,0.0795775) 
Minv:
size: 27 27
(0,0,0.0397887) (1,1,0.0397887) (2,2,0.0795775) (3,3,0.0397887) (4,4,0.0397887) (5,5,0.0795775) (6,6,0.0397887) (7,7,0.0397887) (8,8,0.0795775) (9,9,0.0397887) (10,10,0.0397887) (11,11,0.0795775) (12,12,0.0397887) (13,13,0.0397887) (14,14,0.0795775) (15,15,0.0397887) (16,16,0.0397887) (17,17,0.0795775) (18,18,0.0397887) (19,19,0.0397887) (20,20,0.0795775) (21,21,0.0397887) (22,22,0.0397887) (23,23,0.0795775) (24,24,0.0397887) (25,25,0.0397887) (26,26,0.0795775) 
v0:
size: 27 1
(0,0,0.216119) (1,0,0.443315) (2,0,0) (3,0,0.738493) (4,0,0.210496) (5,0,0) (6,0,0.906347) (7,0,0.835049) (8,0,0) (9,0,-0.275056) (10,0,-0.964064) (11,0,0) (12,0,0.462517) (13,0,-0.141247) (14,0,0) (15,0,-0.829803) (16,0,0.0431193) (17,0,0) (18,0,0.649943) (19,0,0.423253) (20,0,0) (21,0,-0.41071) (22,0,0.00566447) (23,0,0) (24,0,0.960069) (25,0,-0.324613) (26,0,0) 
ipopt_sol:
size: 18 1
(0,0,9.51073) (1,0,12.999) (2,0,3.13807) (3,0,2.89724e-07) (4,0,2.2148e-07) (5,0,6.19987e-08) (6,0,2.91433e-06) (7,0,15.7102) (8,0,8.86852e-08) (9,0,16.0936) (10,0,6.5209e-08) (11,0,37.7654) (12,0,9.77241e-08) (13,0,1.87033e-07) (14,0,14.8546) (15,0,19.5541) (16,0,9.73877e-06) (17,0,18.4775) 
policy_sol:
size: 18 1
(0,0,9.51073) (1,0,12.999) (2,0,3.13807) (3,0,0) (4,0,0) (5,0,0) (6,0,0) (7,0,15.7102) (8,0,0) (9,0,16.0936) (10,0,0) (11,0,37.7654) (12,0,0) (13,0,0) (14,0,14.8546) (15,0,19.5541) (16,0,0) (17,0,18.4775) 

policy_converges:
1
