Git Revision:     3cfe7dc3fe6810e9e399640d632720aa3564fe80
Build Mode:       Debug
C Compiler:       /usr/bin/cc
C++ Compiler:     /usr/bin/c++
Fortran Compiler: gfortran
Body count: 9
No end time specified. Simulation will run indefinitely.
N:
size: 27 14
(0,0,-0.999613) (1,0,-0.0278319) (9,0,0.999613) (10,0,0.0278319) (0,1,-0.899908) (1,1,-0.436079) (21,1,0.899908) (22,1,0.436079) (0,2,-0.694645) (1,2,-0.719353) (24,2,0.694645) (25,2,0.719353) (3,3,-0.999773) (4,3,-0.0212879) (12,3,0.999773) (13,3,0.0212879) (3,4,-0.999858) (4,4,0.0168367) (21,4,0.999858) (22,4,-0.0168367) (3,5,-0.893515) (4,5,-0.449033) (24,5,0.893515) (25,5,0.449033) (6,6,-0.702583) (7,6,0.711602) (12,6,0.702583) (13,6,-0.711602) (6,7,-0.997346) (7,7,0.0728023) (15,7,0.997346) (16,7,-0.0728023) (6,8,-0.887407) (7,8,0.460986) (21,8,0.887407) (22,8,-0.460986) (6,9,-0.999908) (7,9,0.0135518) (24,9,0.999908) (25,9,-0.0135518) (9,10,-0.737064) (10,10,-0.675823) (21,10,0.737064) (22,10,0.675823) (12,11,-0.9986) (13,11,0.0528907) (21,11,0.9986) (22,11,-0.0528907) (12,12,-0.712863) (13,12,-0.701304) (24,12,0.712863) (25,12,0.701304) (18,13,-0.0470264) (19,13,-0.998894) (21,13,0.0470264) (22,13,0.998894) 
Q:
size: 14 14
(0,0,0.0795775) (1,0,0.0362753) (2,0,0.0284249) (10,0,-0.0300639) (0,1,0.0362753) (1,1,0.0795775) (2,1,0.0373541) (4,1,0.035509) (8,1,0.0237761) (10,1,0.0381177) (11,1,0.0348384) (13,1,0.0190157) (0,2,0.0284249) (1,2,0.0373541) (2,2,0.0795775) (5,2,0.0375482) (9,2,0.0272486) (12,2,0.0397757) (3,3,0.0795775) (4,3,0.0397598) (5,3,0.0359241) (6,3,0.0273458) (11,3,-0.0396792) (12,3,-0.0289515) (1,4,0.035509) (3,4,0.0397598) (4,4,0.0795775) (5,4,0.035246) (8,4,0.0356126) (10,4,0.0288699) (11,4,0.0397628) (13,4,0.00120168) (2,5,0.0375482) (3,5,0.0359241) (4,5,0.035246) (5,5,0.0795775) (9,5,0.0353064) (12,5,0.0378734) (3,6,0.0273458) (6,6,0.0795775) (7,6,0.029942) (8,6,0.0378596) (9,6,0.028336) (11,6,-0.0294133) (12,6,-7.14744e-05) (6,7,0.029942) (7,7,0.0795775) (8,7,0.0365505) (9,7,0.0397188) (1,8,0.0237761) (4,8,0.0356126) (6,8,0.0378596) (7,8,0.0365505) (8,8,0.0795775) (9,8,0.0355541) (10,8,0.0136289) (11,8,0.0362295) (13,8,-0.0166613) (2,9,0.0272486) (5,9,0.0353064) (6,9,0.028336) (7,9,0.0397188) (8,9,0.0355541) (9,9,0.0795775) (12,9,0.0279831) (0,10,-0.0300639) (1,10,0.0381177) (4,10,0.0288699) (8,10,0.0136289) (10,10,0.0795775) (11,10,0.0278636) (13,10,0.0282395) (1,11,0.0348384) (3,11,-0.0396792) (4,11,0.0397628) (6,11,-0.0294133) (8,11,0.0362295) (10,11,0.0278636) (11,11,0.0795775) (12,11,0.0268483) (13,11,-0.000233626) (2,12,0.0397757) (3,12,-0.0289515) (5,12,0.0378734) (6,12,-7.14744e-05) (9,12,0.0279831) (11,12,0.0268483) (12,12,0.0795775) (1,13,0.0190157) (4,13,0.00120168) (8,13,-0.0166613) (10,13,0.0282395) (11,13,-0.000233626) (13,13,0.0795775) 
Minv:
size: 27 27
(0,0,0.0397887) (1,1,0.0397887) (2,2,0.0795775) (3,3,0.0397887) (4,4,0.0397887) (5,5,0.0795775) (6,6,0.0397887) (7,7,0.0397887) (8,8,0.0795775) (9,9,0.0397887) (10,10,0.0397887) (11,11,0.0795775) (12,12,0.0397887) (13,13,0.0397887) (14,14,0.0795775) (15,15,0.0397887) (16,16,0.0397887) (17,17,0.0795775) (18,18,0.0397887) (19,19,0.0397887) (20,20,0.0795775) (21,21,0.0397887) (22,22,0.0397887) (23,23,0.0795775) (24,24,0.0397887) (25,25,0.0397887) (26,26,0.0795775) 
v0:
size: 27 1
(0,0,0.688809) (1,0,-0.219882) (2,0,0) (3,0,0.175637) (4,0,-0.047476) (5,0,0) (6,0,0.352608) (7,0,0.296714) (8,0,0) (9,0,0.673909) (10,0,-0.304748) (11,0,0) (12,0,-0.0195675) (13,0,0.694843) (14,0,0) (15,0,-0.328113) (16,0,0.948467) (17,0,0) (18,0,0.865986) (19,0,-0.431706) (20,0,0) (21,0,-0.631303) (22,0,-0.627161) (23,0,0) (24,0,-0.143311) (25,0,0.33481) (26,0,0) 
ipopt_sol:
size: 14 1
(0,0,2.19041e-07) (1,0,26.1062) (2,0,7.61816e-08) (3,0,6.69706) (4,0,9.54699e-07) (5,0,2.01081e-07) (6,0,5.27922) (7,0,16.2692) (8,0,1.10497e-07) (9,0,8.09671e-07) (10,0,17.1497) (11,0,4.95487e-07) (12,0,11.0041) (13,0,1.92278e-07) 
policy_sol:
size: 14 1
(0,0,0) (1,0,26.1062) (2,0,0) (3,0,6.69706) (4,0,0) (5,0,0) (6,0,5.27922) (7,0,16.2692) (8,0,0) (9,0,0) (10,0,17.1497) (11,0,0) (12,0,11.0041) (13,0,0) 

policy_converges:
1
