Git Revision:     3cfe7dc3fe6810e9e399640d632720aa3564fe80
Build Mode:       Debug
C Compiler:       /usr/bin/cc
C++ Compiler:     /usr/bin/c++
Fortran Compiler: gfortran
Body count: 9
No end time specified. Simulation will run indefinitely.
N:
size: 27 18
(0,0,-0.00454595) (1,0,-0.99999) (3,0,0.00454595) (4,0,0.99999) (0,1,-0.999939) (1,1,-0.0110442) (9,1,0.999939) (10,1,0.0110442) (0,2,-0.705001) (1,2,-0.709206) (12,2,0.705001) (13,2,0.709206) (0,3,-0.999995) (1,3,0.00325087) (18,3,0.999995) (19,3,-0.00325087) (0,4,-0.719024) (1,4,-0.694985) (24,4,0.719024) (25,4,0.694985) (3,5,-0.886914) (4,5,0.461934) (18,5,0.886914) (19,5,-0.461934) (3,6,-0.907448) (4,6,-0.420163) (24,6,0.907448) (25,6,0.420163) (6,7,-0.692793) (7,7,0.721137) (12,7,0.692793) (13,7,-0.721137) (6,8,-0.999759) (7,8,0.0219493) (15,8,0.999759) (16,8,-0.0219493) (6,9,-0.685786) (7,9,0.727803) (18,9,0.685786) (19,9,-0.727803) (6,10,-0.999632) (7,10,0.0271381) (24,10,0.999632) (25,10,-0.0271381) (12,11,-0.678955) (13,11,0.73418) (18,11,0.678955) (19,11,-0.73418) (12,12,-0.733582) (13,12,-0.679601) (24,12,0.733582) (25,12,0.679601) (15,13,-0.435119) (16,13,0.900373) (18,13,0.435119) (19,13,-0.900373) (15,14,-0.99949) (16,14,0.0319391) (24,14,0.99949) (25,14,-0.0319391) (18,15,-0.0747701) (19,15,-0.997201) (21,15,0.0747701) (22,15,0.997201) (18,16,-0.0234507) (19,16,-0.999725) (24,16,0.0234507) (25,16,0.999725) (21,17,0.0305252) (22,17,-0.999534) (24,17,-0.0305252) (25,17,0.999534) 
Q:
size: 18 18
(0,0,0.0795775) (1,0,0.000620298) (2,0,0.0283456) (3,0,5.15303e-05) (4,0,0.0277824) (5,0,0.0182192) (6,0,-0.0168817) (0,1,0.000620298) (1,1,0.0795775) (2,1,0.028361) (3,1,0.0397847) (4,1,0.0289127) (0,2,0.0283456) (1,2,0.028361) (2,2,0.0795775) (3,2,0.0279592) (4,2,0.0397808) (7,2,-0.000915748) (11,2,0.00167195) (12,2,-0.039755) (0,3,5.15303e-05) (1,3,0.0397847) (2,3,0.0279592) (3,3,0.0795775) (4,3,0.028519) (5,3,0.0353488) (9,3,0.0273806) (11,3,0.0271096) (13,3,0.0174292) (15,3,-0.00284601) (16,3,-0.000803756) (0,4,0.0277824) (1,4,0.0289127) (2,4,0.0397808) (3,4,0.028519) (4,4,0.0795775) (6,4,0.0375798) (10,4,0.0278481) (12,4,0.0397798) (14,4,0.0277113) (16,4,0.0283159) (17,4,0.0267664) (0,5,0.0182192) (3,5,0.0353488) (5,5,0.0795775) (6,5,0.0243006) (9,5,0.0375777) (11,5,0.0374538) (13,5,0.0319036) (15,5,0.0156897) (16,5,0.0175472) (0,6,-0.0168817) (4,6,0.0375798) (5,6,0.0243006) (6,6,0.0795775) (10,6,0.0356392) (12,6,0.0378483) (14,6,0.0355539) (16,6,0.0175599) (17,6,0.0156078) (2,7,-0.000915748) (7,7,0.0795775) (8,7,0.0281885) (9,7,0.0397869) (10,7,0.0283339) (11,7,-0.0397815) (12,7,-0.000721549) (7,8,0.0281885) (8,8,0.0795775) (9,8,0.0279156) (10,8,0.0397882) (13,8,-0.018095) (14,8,-0.0397867) (3,9,0.0273806) (5,9,0.0375777) (7,9,0.0397869) (8,9,0.0279156) (9,9,0.0795775) (10,9,0.0280624) (11,9,0.039787) (13,9,0.0379462) (15,9,0.0268371) (16,9,0.0283105) (4,10,0.0278481) (6,10,0.0356392) (7,10,0.0283339) (8,10,0.0397882) (9,10,0.0280624) (10,10,0.0795775) (12,10,0.0284437) (14,10,0.0397883) (16,10,-0.000146762) (17,10,-0.0022934) (2,11,0.00167195) (3,11,0.0271096) (5,11,0.0374538) (7,11,-0.0397815) (9,11,0.039787) (11,11,0.0795775) (12,11,-3.50248e-05) (13,11,0.0380564) (15,11,0.0271104) (16,11,0.0285705) (2,12,-0.039755) (4,12,0.0397798) (6,12,0.0378483) (7,12,-0.000721549) (10,12,0.0284437) (11,12,-3.50248e-05) (12,12,0.0795775) (14,12,0.0283098) (16,12,0.0277175) (17,12,0.0261369) (3,13,0.0174292) (5,13,0.0319036) (8,13,-0.018095) (9,13,0.0379462) (11,13,0.0380564) (13,13,0.0795775) (14,13,0.0184482) (15,13,0.0344299) (16,13,0.0354089) (4,14,0.0277113) (6,14,0.0355539) (8,14,-0.0397867) (10,14,0.0397883) (12,14,0.0283098) (13,14,0.0184482) (14,14,0.0795775) (16,14,-0.000337868) (17,14,-0.00248416) (3,15,-0.00284601) (5,15,0.0156897) (9,15,0.0268371) (11,15,0.0271104) (13,15,0.0344299) (15,15,0.0795775) (16,15,0.0397362) (17,15,-0.0395681) (3,16,-0.000803756) (4,16,0.0283159) (5,16,0.0175472) (6,16,0.0175599) (9,16,0.0283105) (10,16,-0.000146762) (11,16,0.0285705) (12,16,0.0277175) (13,16,0.0354089) (14,16,-0.000337868) (15,16,0.0397362) (16,16,0.0795775) (17,16,0.0397308) (4,17,0.0267664) (6,17,0.0156078) (10,17,-0.0022934) (12,17,0.0261369) (14,17,-0.00248416) (15,17,-0.0395681) (16,17,0.0397308) (17,17,0.0795775) 
Minv:
size: 27 27
(0,0,0.0397887) (1,1,0.0397887) (2,2,0.0795775) (3,3,0.0397887) (4,4,0.0397887) (5,5,0.0795775) (6,6,0.0397887) (7,7,0.0397887) (8,8,0.0795775) (9,9,0.0397887) (10,10,0.0397887) (11,11,0.0795775) (12,12,0.0397887) (13,13,0.0397887) (14,14,0.0795775) (15,15,0.0397887) (16,16,0.0397887) (17,17,0.0795775) (18,18,0.0397887) (19,19,0.0397887) (20,20,0.0795775) (21,21,0.0397887) (22,22,0.0397887) (23,23,0.0795775) (24,24,0.0397887) (25,25,0.0397887) (26,26,0.0795775) 
v0:
size: 27 1
(0,0,0.439088) (1,0,0.186345) (2,0,0) (3,0,-0.352516) (4,0,-0.0431969) (5,0,0) (6,0,0.738056) (7,0,0.576716) (8,0,0) (9,0,-0.751424) (10,0,-0.594044) (11,0,0) (12,0,0.0537461) (13,0,0.170175) (14,0,0) (15,0,-0.560226) (16,0,0.797878) (17,0,0) (18,0,-0.472845) (19,0,0.973181) (20,0,0) (21,0,0.9499) (22,0,0.686448) (23,0,0) (24,0,-0.839238) (25,0,0.4294) (26,0,0) 
ipopt_sol:
size: 18 1
(0,0,5.0564) (1,0,30.0962) (2,0,1.85006e-07) (3,0,2.95978e-06) (4,0,1.44259e-07) (5,0,2.48264) (6,0,1.15532e-07) (7,0,5.76515e-07) (8,0,17.2229) (9,0,5.61433e-07) (10,0,31.0417) (11,0,21.3196) (12,0,6.66672e-07) (13,0,1.83877e-07) (14,0,2.21421e-05) (15,0,3.70222e-07) (16,0,3.66188) (17,0,4.15105) 
policy_sol:
size: 18 1
(0,0,5.0564) (1,0,30.0962) (2,0,0) (3,0,0) (4,0,0) (5,0,2.48264) (6,0,0) (7,0,0) (8,0,17.2229) (9,0,0) (10,0,31.0417) (11,0,21.3196) (12,0,0) (13,0,0) (14,0,0) (15,0,0) (16,0,3.66188) (17,0,4.15105) 

policy_converges:
1
