Git Revision:     3cfe7dc3fe6810e9e399640d632720aa3564fe80
Build Mode:       Debug
C Compiler:       /usr/bin/cc
C++ Compiler:     /usr/bin/c++
Fortran Compiler: gfortran
Body count: 9
No end time specified. Simulation will run indefinitely.
N:
size: 27 20
(0,0,0.0543337) (1,0,-0.998523) (3,0,-0.0543337) (4,0,0.998523) (0,1,-0.998644) (1,1,0.0520644) (9,1,0.998644) (10,1,-0.0520644) (0,2,-0.999991) (1,2,0.00419685) (18,2,0.999991) (19,2,-0.00419685) (0,3,-0.895026) (1,3,-0.446013) (21,3,0.895026) (22,3,0.446013) (3,4,-0.708162) (4,4,0.70605) (9,4,0.708162) (10,4,-0.70605) (3,5,-0.895765) (4,5,0.444528) (18,5,0.895765) (19,5,-0.444528) (6,6,-0.697349) (7,6,0.716732) (18,6,0.697349) (19,6,-0.716732) (6,7,-0.999912) (7,7,-0.0132779) (24,7,0.999912) (25,7,0.0132779) (9,8,-9.04526e-05) (10,8,-1) (12,8,9.04526e-05) (13,8,1) (9,9,-0.00619451) (10,9,-0.999981) (15,9,0.00619451) (16,9,0.999981) (9,10,-0.998992) (10,10,-0.0448954) (18,10,0.998992) (19,10,0.0448954) (9,11,-0.700017) (10,11,-0.714127) (21,11,0.700017) (22,11,0.714127) (9,12,-0.443151) (10,12,-0.896447) (24,12,0.443151) (25,12,0.896447) (12,13,-0.678527) (13,13,0.734576) (18,13,0.678527) (19,13,-0.734576) (12,14,-0.999746) (13,14,0.0225512) (21,14,0.999746) (22,14,-0.0225512) (12,15,-0.719654) (13,15,-0.694333) (24,15,0.719654) (25,15,0.694333) (15,16,-0.421995) (16,16,0.906598) (18,16,0.421995) (19,16,-0.906598) (15,17,-0.999962) (16,17,0.00873951) (24,17,0.999962) (25,17,-0.00873951) (18,18,-0.0765649) (19,18,-0.997065) (21,18,0.0765649) (22,18,0.997065) (18,19,-0.0310014) (19,19,-0.999519) (24,19,0.0310014) (25,19,0.999519) 
Q:
size: 20 20
(0,0,0.0795775) (1,0,-0.00422745) (2,0,-0.00232859) (3,0,0.0157852) (4,0,0.0295823) (5,0,0.0195976) (0,1,-0.00422745) (1,1,0.0795775) (2,1,0.0397431) (3,1,0.0346397) (4,1,0.0296013) (8,1,0.00206798) (9,1,0.0018254) (10,1,-0.0396017) (11,1,-0.0263356) (12,1,-0.0157514) (0,2,-0.00232859) (1,2,0.0397431) (2,2,0.0795775) (3,2,0.0355372) (5,2,0.0357153) (6,2,0.0278661) (10,2,0.0397408) (13,2,0.0271201) (16,2,0.0169419) (18,2,-0.0028799) (19,2,-0.00106659) (0,3,0.0157852) (1,3,0.0346397) (2,3,0.0355372) (3,3,0.0795775) (11,3,0.0376021) (14,3,0.0352027) (18,3,0.0204208) (0,4,0.0295823) (1,4,0.0296013) (4,4,0.0795775) (5,4,0.0377279) (8,4,0.0280903) (9,4,0.0279177) (10,4,-0.0268872) (11,4,0.000337558) (12,4,0.0126971) (0,5,0.0195976) (2,5,0.0357153) (4,5,0.0377279) (5,5,0.0795775) (6,5,0.0375315) (10,5,0.0348113) (13,5,0.0371762) (16,5,0.0310757) (18,5,0.0149064) (19,5,0.0165738) (2,6,0.0278661) (5,6,0.0375315) (6,6,0.0795775) (7,6,0.0273655) (10,6,0.0264383) (13,6,0.0397754) (16,6,0.0375632) (18,6,0.0263097) (19,6,0.027644) (6,7,0.0273655) (7,7,0.0795775) (12,7,0.0181045) (15,7,0.0289984) (17,7,0.0397791) (19,7,0.00176145) (1,8,0.00206798) (4,8,0.0280903) (8,8,0.0795775) (9,8,0.039788) (10,8,0.00178993) (11,8,0.0284167) (12,8,0.0356701) (13,8,0.0292254) (14,8,0.000893684) (15,8,-0.0276292) (1,9,0.0018254) (4,9,0.0279177) (8,9,0.039788) (9,9,0.0795775) (10,9,0.00203252) (11,9,0.0285862) (12,9,0.035777) (16,9,0.0359677) (17,9,0.000101265) (1,10,-0.0396017) (2,10,0.0397408) (4,10,-0.0268872) (5,10,0.0348113) (6,10,0.0264383) (8,10,0.00178993) (9,10,0.00203252) (10,10,0.0795775) (11,10,0.0291004) (12,10,0.019216) (13,10,0.0256583) (16,10,0.0151542) (18,10,-0.00482444) (19,10,-0.00301774) (1,11,-0.0263356) (3,11,0.0376021) (4,11,0.000337558) (8,11,0.0284167) (9,11,0.0285862) (10,11,0.0291004) (11,11,0.0795775) (12,11,0.0378148) (14,11,0.0272049) (18,11,0.0304633) (1,12,-0.0157514) (4,12,0.0126971) (7,12,0.0181045) (8,12,0.0356701) (9,12,0.035777) (10,12,0.019216) (11,12,0.0378148) (12,12,0.0795775) (15,12,0.0374551) (17,12,0.01732) (19,12,0.036198) (2,13,0.0271201) (5,13,0.0371762) (6,13,0.0397754) (8,13,0.0292254) (10,13,0.0256583) (13,13,0.0795775) (14,13,0.02765) (15,13,-0.000864857) (16,13,0.0378908) (18,13,0.027075) (19,13,0.0283768) (3,14,0.0352027) (8,14,0.000893684) (11,14,0.0272049) (13,14,0.02765) (14,14,0.0795775) (15,14,0.0280038) (18,14,0.002151) (7,15,0.0289984) (8,15,-0.0276292) (12,15,0.0374551) (13,15,-0.000864857) (14,15,0.0280038) (15,15,0.0795775) (17,15,0.0283916) (19,15,0.0285011) (2,16,0.0169419) (5,16,0.0310757) (6,16,0.0375632) (9,16,0.0359677) (10,16,0.0151542) (13,16,0.0378908) (16,16,0.0795775) (17,16,0.0171052) (18,16,0.0346809) (19,16,0.0355345) (7,17,0.0397791) (9,17,0.000101265) (12,17,0.01732) (15,17,0.0283916) (16,17,0.0171052) (17,17,0.0795775) (19,17,0.000885894) (2,18,-0.0028799) (3,18,0.0204208) (5,18,0.0149064) (6,18,0.0263097) (10,18,-0.00482444) (11,18,0.0304633) (13,18,0.027075) (14,18,0.002151) (16,18,0.0346809) (18,18,0.0795775) (19,18,0.0397473) (2,19,-0.00106659) (5,19,0.0165738) (6,19,0.027644) (7,19,0.00176145) (10,19,-0.00301774) (12,19,0.036198) (13,19,0.0283768) (15,19,0.0285011) (16,19,0.0355345) (17,19,0.000885894) (18,19,0.0397473) (19,19,0.0795775) 
Minv:
size: 27 27
(0,0,0.0397887) (1,1,0.0397887) (2,2,0.0795775) (3,3,0.0397887) (4,4,0.0397887) (5,5,0.0795775) (6,6,0.0397887) (7,7,0.0397887) (8,8,0.0795775) (9,9,0.0397887) (10,10,0.0397887) (11,11,0.0795775) (12,12,0.0397887) (13,13,0.0397887) (14,14,0.0795775) (15,15,0.0397887) (16,16,0.0397887) (17,17,0.0795775) (18,18,0.0397887) (19,19,0.0397887) (20,20,0.0795775) (21,21,0.0397887) (22,22,0.0397887) (23,23,0.0795775) (24,24,0.0397887) (25,25,0.0397887) (26,26,0.0795775) 
v0:
size: 27 1
(0,0,0.00630852) (1,0,-0.678997) (2,0,0) (3,0,-0.831402) (4,0,-0.890967) (5,0,0) (6,0,-0.527115) (7,0,0.616102) (8,0,0) (9,0,-0.11877) (10,0,0.598727) (11,0,0) (12,0,0.468695) (13,0,-0.360753) (14,0,0) (15,0,-0.241546) (16,0,0.581601) (17,0,0) (18,0,-0.893206) (19,0,0.851983) (20,0,0) (21,0,-0.696369) (22,0,-0.413581) (23,0,0) (24,0,-0.564811) (25,0,0.125355) (26,0,0) 
ipopt_sol:
size: 20 1
(0,0,0.271785) (1,0,12.8484) (2,0,1.29072e-06) (3,0,1.16555e-07) (4,0,12.3374) (5,0,1.2182e-07) (6,0,6.82942e-08) (7,0,2.71361e-07) (8,0,10.0451) (9,0,8.17842e-08) (10,0,20.8497) (11,0,7.54589) (12,0,1.01649e-06) (13,0,22.3307) (14,0,16.0115) (15,0,6.23696) (16,0,8.34409e-08) (17,0,5.79879) (18,0,21.6799) (19,0,4.8636e-07) 
policy_sol:
size: 20 1
(0,0,0.429271) (1,0,12.4876) (2,0,0) (3,0,0) (4,0,11.8622) (5,0,0) (6,0,0) (7,0,0) (8,0,15.7338) (9,0,0) (10,0,25.0677) (11,0,0) (12,0,0) (13,0,17.1437) (14,0,19.0759) (15,0,9.23627) (16,0,0) (17,0,4.78456) (18,0,29.0124) (19,0,-5.0176) 

policy_converges:
0
