solve status: 0
N:
size: 27 16
(0,0,0.0295381) (1,0,-0.999564) (3,0,-0.0295381) (4,0,0.999564) (0,1,0.0067204) (1,1,-0.999977) (6,1,-0.0067204) (7,1,0.999977) (0,2,-0.736745) (1,2,-0.67617) (12,2,0.736745) (13,2,0.67617) (3,3,-0.702168) (4,3,0.712011) (9,3,0.702168) (10,3,-0.712011) (3,4,-0.996923) (4,4,0.0783904) (12,4,0.996923) (13,4,-0.0783904) (3,5,-0.999987) (4,5,0.00501375) (21,5,0.999987) (22,5,-0.00501375) (6,6,-0.439819) (7,6,0.898087) (9,6,0.439819) (10,6,-0.898087) (6,7,-0.679084) (7,7,0.73406) (12,7,0.679084) (13,7,-0.73406) (6,8,-0.889106) (7,8,0.457701) (21,8,0.889106) (22,8,-0.457701) (9,9,-0.01124) (10,9,-0.999937) (12,9,0.01124) (13,9,0.999937) (9,10,0.00593271) (10,10,-0.999982) (15,10,-0.00593271) (16,10,0.999982) (9,11,-0.694567) (10,11,-0.719428) (21,11,0.694567) (22,11,0.719428) (9,12,-0.470725) (10,12,-0.88228) (24,12,0.470725) (25,12,0.88228) (15,13,-0.724739) (16,13,0.689023) (21,13,0.724739) (22,13,-0.689023) (15,14,-0.999122) (16,14,-0.0419061) (24,14,0.999122) (25,14,0.0419061) (21,15,-0.0894511) (22,15,-0.995991) (24,15,0.0894511) (25,15,0.995991) 
Q:
size: 16 16
(0,0,0.0795775) (1,0,0.0397784) (2,0,0.0260263) (3,0,0.0291429) (4,0,0.00428936) (5,0,0.00137467) (0,1,0.0397784) (1,1,0.0795775) (2,1,0.0267063) (6,1,0.0358505) (7,1,0.0293883) (8,1,0.0184487) (0,2,0.0260263) (1,2,0.0267063) (2,2,0.0795775) (4,2,0.027115) (7,2,0.000157672) (9,2,0.0272317) (0,3,0.0291429) (3,3,0.0795775) (4,3,0.0300732) (5,3,0.0280801) (6,3,0.0377306) (9,3,0.0280142) (10,3,0.0284953) (11,3,0.000976339) (12,3,0.0118437) (0,4,0.00428936) (2,4,0.027115) (3,4,0.0300732) (4,4,0.0795775) (5,4,0.0396814) (7,4,0.0292263) (9,4,-0.00267301) (0,5,0.00137467) (3,5,0.0280801) (4,5,0.0396814) (5,5,0.0795775) (8,5,0.0354673) (11,5,0.0274921) (13,5,0.0289736) (15,5,-0.00336041) (1,6,0.0358505) (3,6,0.0377306) (6,6,0.0795775) (7,6,0.0381146) (8,6,0.0319146) (9,6,0.0355348) (10,6,0.0358369) (11,6,0.013553) (12,6,0.0232895) (1,7,0.0293883) (2,7,0.000157672) (4,7,0.0292263) (6,7,0.0381146) (7,7,0.0795775) (8,7,0.0373918) (9,7,-0.0289018) (1,8,0.0184487) (5,8,0.0354673) (6,8,0.0319146) (7,8,0.0373918) (8,8,0.0795775) (11,8,0.0114695) (13,8,0.0381867) (15,8,0.0149739) (2,9,0.0272317) (3,9,0.0280142) (4,9,-0.00267301) (6,9,0.0355348) (7,9,-0.0289018) (9,9,0.0795775) (10,9,0.0397829) (11,9,0.028934) (12,9,0.0353131) (3,10,0.0284953) (6,10,0.0358369) (9,10,0.0397829) (10,10,0.0795775) (11,10,0.0284607) (12,10,0.0349931) (13,10,0.027586) (14,10,-0.00143151) (3,11,0.000976339) (5,11,0.0274921) (6,11,0.013553) (8,11,0.0114695) (9,11,0.028934) (10,11,0.0284607) (11,11,0.0795775) (12,11,0.0382643) (13,11,0.000305475) (15,11,-0.0309824) (3,12,0.0118437) (6,12,0.0232895) (9,12,0.0353131) (10,12,0.0349931) (11,12,0.0382643) (12,12,0.0795775) (14,12,0.0201842) (15,12,0.0366395) (5,13,0.0289736) (8,13,0.0381867) (10,13,0.027586) (11,13,0.000305475) (13,13,0.0795775) (14,13,0.0276623) (15,13,0.024726) (10,14,-0.00143151) (12,14,0.0201842) (13,14,0.0276623) (14,14,0.0795775) (15,14,0.00521672) (5,15,-0.00336041) (8,15,0.0149739) (11,15,-0.0309824) (12,15,0.0366395) (13,15,0.024726) (14,15,0.00521672) (15,15,0.0795775) 
Minv:
size: 27 27
(0,0,0.0397887) (1,1,0.0397887) (2,2,0.0795775) (3,3,0.0397887) (4,4,0.0397887) (5,5,0.0795775) (6,6,0.0397887) (7,7,0.0397887) (8,8,0.0795775) (9,9,0.0397887) (10,10,0.0397887) (11,11,0.0795775) (12,12,0.0397887) (13,13,0.0397887) (14,14,0.0795775) (15,15,0.0397887) (16,16,0.0397887) (17,17,0.0795775) (18,18,0.0397887) (19,19,0.0397887) (20,20,0.0795775) (21,21,0.0397887) (22,22,0.0397887) (23,23,0.0795775) (24,24,0.0397887) (25,25,0.0397887) (26,26,0.0795775) 
v0:
size: 27 1
(0,0,-0.645162) (1,0,0.998733) (2,0,0) (3,0,0.194157) (4,0,-0.796599) (5,0,0) (6,0,-0.0594042) (7,0,-0.0363265) (8,0,0) (9,0,0.484956) (10,0,0.823889) (11,0,0) (12,0,-0.973017) (13,0,-0.415733) (14,0,0) (15,0,0.66673) (16,0,0.434456) (17,0,0) (18,0,0.50738) (19,0,-0.575617) (20,0,0) (21,0,0.058788) (22,0,0.519875) (23,0,0) (24,0,0.447657) (25,0,-0.0821345) (26,0,0) 
ipopt_sol:
size: 16 1
(0,0,44.4183) (1,0,0) (2,0,0) (3,0,0) (4,0,24.2434) (5,0,0) (6,0,0) (7,0,12.3207) (8,0,0) (9,0,34.7789) (10,0,0) (11,0,5.70747) (12,0,0) (13,0,7.28298) (14,0,2.59674) (15,0,13.9842) 
policy_sol:
size: 16 1
(0,0,44.4183) (1,0,0) (2,0,0) (3,0,0) (4,0,24.2434) (5,0,0) (6,0,0) (7,0,12.3207) (8,0,0) (9,0,34.7789) (10,0,0) (11,0,5.70747) (12,0,0) (13,0,7.28298) (14,0,2.59674) (15,0,13.9842) 

policy_converges:
1
ipopt_converges:
0
