solve status: 0
N:
size: 27 16
(0,0,-0.998534) (1,0,-0.0541295) (9,0,0.998534) (10,0,0.0541295) (3,1,0.00356145) (4,1,-0.999994) (6,1,-0.00356145) (7,1,0.999994) (3,2,-0.698725) (4,2,0.71539) (9,2,0.698725) (10,2,-0.71539) (3,3,-0.999921) (4,3,0.0125869) (12,3,0.999921) (13,3,-0.0125869) (3,4,-0.724237) (4,4,-0.689551) (15,4,0.724237) (16,4,0.689551) (3,5,-0.999975) (4,5,0.00708823) (21,5,0.999975) (22,5,-0.00708823) (6,6,-0.436835) (7,6,0.899542) (9,6,0.436835) (10,6,-0.899542) (6,7,-0.686962) (7,7,0.726693) (12,7,0.686962) (13,7,-0.726693) (9,8,0.00582184) (10,8,-0.999983) (12,8,-0.00582184) (13,8,0.999983) (9,9,-0.00717481) (10,9,-0.999974) (15,9,0.00717481) (16,9,0.999974) (9,10,-0.456484) (10,10,-0.889732) (24,10,0.456484) (25,10,0.889732) (12,11,-0.0206076) (13,11,-0.999788) (15,11,0.0206076) (16,11,0.999788) (15,12,-0.479767) (16,12,0.877396) (18,12,0.479767) (19,12,-0.877396) (15,13,-0.727761) (16,13,0.685831) (21,13,0.727761) (22,13,-0.685831) (18,14,0.00861005) (19,14,-0.999963) (24,14,-0.00861005) (25,14,0.999963) (21,15,-0.0140914) (22,15,-0.999901) (24,15,0.0140914) (25,15,0.999901) 
Q:
size: 16 16
(0,0,0.0795775) (2,0,0.0262199) (6,0,0.0154183) (8,0,-0.0019224) (9,0,-0.00243875) (10,0,-0.0200525) (1,1,0.0795775) (2,1,-0.0285633) (3,1,-0.00064251) (4,1,0.0273336) (5,1,-0.000423732) (6,1,0.0358533) (7,1,0.0290114) (0,2,0.0262199) (1,2,-0.0285633) (2,2,0.0795775) (3,2,0.0281575) (4,2,0.000507085) (5,2,0.0280025) (6,2,0.0377496) (8,2,0.0286258) (9,2,0.0282643) (10,2,0.0126349) (1,3,-0.00064251) (2,3,0.0281575) (3,3,0.0795775) (4,3,0.0284688) (5,3,0.0397881) (7,3,0.0276951) (8,3,-0.000732435) (11,3,-0.000319175) (1,4,0.0273336) (2,4,0.000507085) (3,4,0.0284688) (4,4,0.0795775) (5,4,0.0286213) (9,4,0.0276424) (11,4,0.0280244) (12,4,0.0102474) (13,4,-0.00215476) (1,5,-0.000423732) (2,5,0.0280025) (3,5,0.0397881) (4,5,0.0286213) (5,5,0.0795775) (13,5,0.0291494) (15,5,-0.000278662) (0,6,0.0154183) (1,6,0.0358533) (2,6,0.0377496) (6,6,0.0795775) (7,6,0.0379497) (8,6,0.0358922) (9,6,0.035666) (10,6,0.0239107) (1,7,0.0290114) (3,7,0.0276951) (6,7,0.0379497) (7,7,0.0795775) (8,7,-0.0290728) (11,7,0.0283448) (0,8,-0.0019224) (2,8,0.0286258) (3,8,-0.000732435) (6,8,0.0358922) (7,8,-0.0290728) (8,8,0.0795775) (9,8,0.0397854) (10,8,0.035295) (11,8,-0.0397748) (0,9,-0.00243875) (2,9,0.0282643) (4,9,0.0276424) (6,9,0.035666) (8,9,0.0397854) (9,9,0.0795775) (10,9,0.0355307) (11,9,0.0397851) (12,9,0.0347726) (13,9,0.0270799) (0,10,-0.0200525) (2,10,0.0126349) (6,10,0.0239107) (8,10,0.035295) (9,10,0.0355307) (10,10,0.0795775) (14,10,0.0352436) (15,10,0.0356537) (3,11,-0.000319175) (4,11,0.0280244) (7,11,0.0283448) (8,11,-0.0397748) (9,11,0.0397851) (11,11,0.0795775) (12,11,0.0345097) (13,11,0.0266858) (4,12,0.0102474) (9,12,0.0347726) (11,12,0.0345097) (12,12,0.0795775) (13,12,0.0378352) (14,12,0.0350735) (4,13,-0.00215476) (5,13,0.0291494) (9,13,0.0270799) (11,13,0.0266858) (12,13,0.0378352) (13,13,0.0795775) (15,13,0.0268776) (10,14,0.0352436) (12,14,0.0350735) (14,14,0.0795775) (15,14,0.0397785) (5,15,-0.000278662) (10,15,0.0356537) (13,15,0.0268776) (14,15,0.0397785) (15,15,0.0795775) 
Minv:
size: 27 27
(0,0,0.0397887) (1,1,0.0397887) (2,2,0.0795775) (3,3,0.0397887) (4,4,0.0397887) (5,5,0.0795775) (6,6,0.0397887) (7,7,0.0397887) (8,8,0.0795775) (9,9,0.0397887) (10,10,0.0397887) (11,11,0.0795775) (12,12,0.0397887) (13,13,0.0397887) (14,14,0.0795775) (15,15,0.0397887) (16,16,0.0397887) (17,17,0.0795775) (18,18,0.0397887) (19,19,0.0397887) (20,20,0.0795775) (21,21,0.0397887) (22,22,0.0397887) (23,23,0.0795775) (24,24,0.0397887) (25,25,0.0397887) (26,26,0.0795775) 
v0:
size: 27 1
(0,0,-0.460646) (1,0,-0.425657) (2,0,0) (3,0,-0.240327) (4,0,0.605957) (5,0,0) (6,0,-0.705659) (7,0,0.243174) (8,0,0) (9,0,-0.547301) (10,0,0.651993) (11,0,0) (12,0,-0.640257) (13,0,0.550662) (14,0,0) (15,0,0.0354194) (16,0,-0.267856) (17,0,0) (18,0,0.360249) (19,0,0.671169) (20,0,0) (21,0,-0.346909) (22,0,0.795235) (23,0,0) (24,0,0.00431415) (25,0,0.216545) (26,0,0) 
ipopt_sol:
size: 16 1
(0,0,0.510136) (1,0,9.78562) (2,0,1.76275) (3,0,9.52183) (4,0,0) (5,0,0) (6,0,0) (7,0,0) (8,0,7.62666e-09) (9,0,12.475) (10,0,0) (11,0,8.34941) (12,0,0) (13,0,16.9054) (14,0,9.32565) (15,0,4.04673) 
policy_sol:
size: 16 1
(0,0,0.510136) (1,0,9.78562) (2,0,1.76275) (3,0,9.52183) (4,0,0) (5,0,0) (6,0,0) (7,0,0) (8,0,0) (9,0,12.475) (10,0,0) (11,0,8.34941) (12,0,0) (13,0,16.9054) (14,0,9.32565) (15,0,4.04673) 

policy_converges:
1
ipopt_converges:
0
