Git Revision:     18345a57b34405566a64d0bf3d2a118f1cdbade3
Build Mode:       Debug
C Compiler:       /usr/bin/cc
C++ Compiler:     /usr/bin/c++
Fortran Compiler: gfortran
Body count: 9
No end time specified. Simulation will run indefinitely.
N:
size: 27 22
(0,0,0.035302) (1,0,-0.999377) (6,0,-0.035302) (7,0,0.999377) (0,1,-0.880526) (1,1,-0.473998) (21,1,0.880526) (22,1,0.473998) (3,2,0.0693108) (4,2,-0.997595) (6,2,-0.0693108) (7,2,0.997595) (3,3,-0.677622) (4,3,0.73541) (9,3,0.677622) (10,3,-0.73541) (3,4,-0.996335) (4,4,0.0855368) (12,4,0.996335) (13,4,-0.0855368) (3,5,-0.99976) (4,5,0.0219251) (21,5,0.99976) (22,5,-0.0219251) (3,6,-0.895182) (4,6,-0.445702) (24,6,0.895182) (25,6,0.445702) (6,7,-0.45601) (7,7,0.889975) (9,7,0.45601) (10,7,-0.889975) (6,8,-0.691293) (7,8,0.722575) (12,8,0.691293) (13,8,-0.722575) (6,9,-0.705641) (7,9,0.708569) (18,9,0.705641) (19,9,-0.708569) (6,10,-0.894119) (7,10,0.44783) (21,10,0.894119) (22,10,-0.44783) (6,11,-0.999994) (7,11,-0.00342919) (24,11,0.999994) (25,11,0.00342919) (9,12,0.0310881) (10,12,-0.999517) (12,12,-0.0310881) (13,12,0.999517) (9,13,-0.020848) (10,13,-0.999783) (15,13,0.020848) (16,13,0.999783) (9,14,-0.699846) (10,14,-0.714294) (21,14,0.699846) (22,14,0.714294) (9,15,-0.440388) (10,15,-0.897808) (24,15,0.440388) (25,15,0.897808) (12,16,-0.0696616) (13,16,-0.997571) (15,16,0.0696616) (16,16,0.997571) (12,17,-0.999317) (13,17,-0.0369627) (21,17,0.999317) (22,17,0.0369627) (12,18,-0.695853) (13,18,-0.718184) (24,18,0.695853) (25,18,0.718184) (15,19,-0.434049) (16,19,0.900889) (18,19,0.434049) (19,19,-0.900889) (15,20,-0.690209) (16,20,0.72361) (21,20,0.690209) (22,20,-0.72361) (15,21,-0.999547) (16,21,-0.0300921) (24,21,0.999547) (25,21,0.0300921) 
Q:
size: 22 22
(0,0,0.0795775) (1,0,0.0176112) (2,0,0.0397657) (7,0,0.0360294) (8,0,0.0297034) (9,0,0.0291667) (10,0,0.0190634) (11,0,0.00126825) (0,1,0.0176112) (1,1,0.0795775) (5,1,0.0346131) (10,1,0.0228795) (14,1,0.0379905) (17,1,0.0357082) (20,1,0.0105344) (0,2,0.0397657) (2,2,0.0795775) (3,2,-0.0310594) (4,2,-0.0061429) (5,2,-0.0036274) (6,2,0.0152225) (7,2,0.0365834) (8,2,0.0305876) (9,2,0.0300713) (10,2,0.0202415) (11,2,0.00262166) (2,3,-0.0310594) (3,3,0.0795775) (4,3,0.0293658) (5,3,0.0275968) (6,3,0.011094) (7,3,0.0383364) (12,3,0.0300851) (13,3,0.0286926) (14,3,0.00203192) (15,3,0.0143972) (2,4,-0.0061429) (3,4,0.0293658) (4,4,0.0795775) (5,4,0.039708) (6,4,0.0339707) (8,4,0.0298641) (12,4,-0.00463418) (16,4,0.000633544) (17,4,-0.03949) (18,4,-0.0251414) (1,5,0.0346131) (2,5,-0.0036274) (3,5,0.0275968) (4,5,0.039708) (5,5,0.0795775) (6,5,0.0352208) (10,5,0.035958) (14,5,0.0272162) (17,5,0.0397197) (20,5,0.0280872) (2,6,0.0152225) (3,6,0.011094) (4,6,0.0339707) (5,6,0.0352208) (6,6,0.0795775) (11,6,0.0356787) (15,6,0.0316074) (18,6,0.0375212) (21,6,0.0361357) (0,7,0.0360294) (2,7,0.0365834) (3,7,0.0383364) (7,7,0.0795775) (8,7,0.0381299) (9,7,0.0378943) (10,7,0.032081) (11,7,0.0180225) (12,7,0.0359579) (13,7,0.035025) (14,7,0.0125958) (15,7,0.0238018) (0,8,0.0297034) (2,8,0.0305876) (4,8,0.0298641) (7,8,0.0381299) (8,8,0.0795775) (9,8,0.0397807) (10,8,0.0374686) (11,8,0.0274069) (12,8,-0.0295915) (16,8,0.0267644) (17,8,-0.0264242) (18,8,0.00150811) (0,9,0.0291667) (2,9,0.0300713) (7,9,0.0378943) (8,9,0.0397807) (9,9,0.0795775) (10,9,0.0377295) (11,9,0.0279797) (19,9,0.0375855) (0,10,0.0190634) (1,10,0.0228795) (2,10,0.0202415) (5,10,0.035958) (7,10,0.032081) (8,10,0.0374686) (9,10,0.0377295) (10,10,0.0795775) (11,10,0.0355145) (14,10,0.0121699) (17,10,0.0348929) (20,10,0.0374485) (0,11,0.00126825) (2,11,0.00262166) (6,11,0.0356787) (7,11,0.0180225) (8,11,0.0274069) (9,11,0.0279797) (10,11,0.0355145) (11,11,0.0795775) (15,11,0.0176449) (18,11,0.027785) (21,11,0.0397746) (3,12,0.0300851) (4,12,-0.00463418) (7,12,0.0359579) (8,12,-0.0295915) (12,12,0.0795775) (13,12,0.0397351) (14,12,0.0275414) (15,12,0.0351606) (16,12,-0.0395867) (17,12,-0.000233877) (18,12,-0.0277011) (3,13,0.0286926) (7,13,0.035025) (12,13,0.0397351) (13,13,0.0795775) (14,13,0.0289952) (15,13,0.0360802) (16,13,0.0397412) (19,13,0.0354774) (20,13,0.0282127) (21,13,-0.00202621) (1,14,0.0379905) (3,14,0.00203192) (5,14,0.0272162) (7,14,0.0125958) (10,14,0.0121699) (12,14,0.0275414) (13,14,0.0289952) (14,14,0.0795775) (15,14,0.0377795) (17,14,0.0288775) (20,14,-0.00134606) (3,15,0.0143972) (6,15,0.0316074) (7,15,0.0238018) (11,15,0.0176449) (12,15,0.0351606) (13,15,0.0360802) (14,15,0.0377795) (15,15,0.0795775) (18,15,0.0378485) (21,15,0.0185895) (4,16,0.000633544) (8,16,0.0267644) (12,16,-0.0395867) (13,16,0.0397412) (16,16,0.0795775) (17,16,0.00423698) (18,16,0.0304349) (19,16,0.0345551) (20,16,0.0268085) (21,16,-0.00396491) (1,17,0.0357082) (4,17,-0.03949) (5,17,0.0397197) (8,17,-0.0264242) (10,17,0.0348929) (12,17,-0.000233877) (14,17,0.0288775) (16,17,0.00423698) (17,17,0.0795775) (18,17,0.0287244) (20,17,0.0263796) (4,18,-0.0251414) (6,18,0.0375212) (8,18,0.00150811) (11,18,0.027785) (12,18,-0.0277011) (15,18,0.0378485) (16,18,0.0304349) (17,18,0.0287244) (18,18,0.0795775) (21,18,0.0285345) (9,19,0.0375855) (13,19,0.0354774) (16,19,0.0345551) (19,19,0.0795775) (20,19,0.0378581) (21,19,0.0161838) (1,20,0.0105344) (5,20,0.0280872) (10,20,0.0374485) (13,20,0.0282127) (14,20,-0.00134606) (16,20,0.0268085) (17,20,0.0263796) (19,20,0.0378581) (20,20,0.0795775) (21,20,0.0265837) (6,21,0.0361357) (11,21,0.0397746) (13,21,-0.00202621) (15,21,0.0185895) (16,21,-0.00396491) (18,21,0.0285345) (19,21,0.0161838) (20,21,0.0265837) (21,21,0.0795775) 
Minv:
size: 27 27
(0,0,0.0397887) (1,1,0.0397887) (2,2,0.0795775) (3,3,0.0397887) (4,4,0.0397887) (5,5,0.0795775) (6,6,0.0397887) (7,7,0.0397887) (8,8,0.0795775) (9,9,0.0397887) (10,10,0.0397887) (11,11,0.0795775) (12,12,0.0397887) (13,13,0.0397887) (14,14,0.0795775) (15,15,0.0397887) (16,16,0.0397887) (17,17,0.0795775) (18,18,0.0397887) (19,19,0.0397887) (20,20,0.0795775) (21,21,0.0397887) (22,22,0.0397887) (23,23,0.0795775) (24,24,0.0397887) (25,25,0.0397887) (26,26,0.0795775) 
v0:
size: 27 1
(0,0,-0.692504) (1,0,-0.548027) (2,0,0) (3,0,0.144607) (4,0,-0.253402) (5,0,0) (6,0,0.976317) (7,0,-0.534228) (8,0,0) (9,0,0.229867) (10,0,0.696097) (11,0,0) (12,0,-0.953636) (13,0,0.562217) (14,0,0) (15,0,0.974581) (16,0,-0.984193) (17,0,0) (18,0,0.355746) (19,0,-0.881327) (20,0,0) (21,0,-0.933722) (22,0,-0.468207) (23,0,0) (24,0,-0.652998) (25,0,0.261094) (26,0,0) 
ipopt_sol:
size: 22 1
(0,0,6.63769e-08) (1,0,5.81267e-08) (2,0,2.12547e-07) (3,0,5.9658) (4,0,11.0565) (5,0,3.67927e-07) (6,0,9.69838e-08) (7,0,4.64027e-07) (8,0,42.5041) (9,0,4.33464e-08) (10,0,7.51669e-07) (11,0,14.196) (12,0,3.99774e-06) (13,0,14.1975) (14,0,36.5184) (15,0,7.13451e-08) (16,0,5.65002) (17,0,3.95732e-07) (18,0,7.86002e-08) (19,0,5.35348e-08) (20,0,28.1169) (21,0,24.0999) 
policy_sol:
size: 22 1
(0,0,0) (1,0,0) (2,0,0) (3,0,15.2711) (4,0,0) (5,0,0) (6,0,0) (7,0,-5.15285) (8,0,34.4868) (9,0,0) (10,0,13.115) (11,0,14.2356) (12,0,0) (13,0,18.4829) (14,0,53.8198) (15,0,-26.1429) (16,0,9.14958) (17,0,-21.8936) (18,0,0) (19,0,0) (20,0,24.2358) (21,0,31.7672) 

policy_converges:
0
ipopt_converges:
0
