solve status: 0
N:
size: 27 18
(0,0,-0.999957) (1,0,-0.00932498) (18,0,0.999957) (19,0,0.00932498) (3,1,0.0162148) (4,1,-0.999869) (6,1,-0.0162148) (7,1,0.999869) (3,2,-0.707156) (4,2,-0.707057) (15,2,0.707156) (16,2,0.707057) (3,3,-0.999988) (4,3,-0.00482049) (21,3,0.999988) (22,3,0.00482049) (3,4,-0.906423) (4,4,-0.422371) (24,4,0.906423) (25,4,0.422371) (6,5,-0.454556) (7,5,0.890718) (9,5,0.454556) (10,5,-0.890718) (6,6,-0.999836) (7,6,-0.0180953) (15,6,0.999836) (16,6,0.0180953) (6,7,-0.707572) (7,7,0.706641) (18,7,0.707572) (19,7,-0.706641) (6,8,-0.893831) (7,8,0.448405) (21,8,0.893831) (22,8,-0.448405) (6,9,-0.999621) (7,9,0.0275168) (24,9,0.999621) (25,9,-0.0275168) (9,10,0.044154) (10,10,-0.999025) (12,10,-0.044154) (13,10,0.999025) (9,11,-0.999878) (10,11,-0.0156391) (18,11,0.999878) (19,11,0.0156391) (9,12,-0.675643) (10,12,-0.737229) (21,12,0.675643) (22,12,0.737229) (9,13,-0.457585) (10,13,-0.889166) (24,13,0.457585) (25,13,0.889166) (12,14,-0.713831) (13,14,0.700318) (18,14,0.713831) (19,14,-0.700318) (12,15,-0.999925) (13,15,-0.0122489) (21,15,0.999925) (22,15,0.0122489) (12,16,-0.744568) (13,16,-0.667547) (24,16,0.744568) (25,16,0.667547) (15,17,-0.99724) (16,17,0.0742411) (24,17,0.99724) (25,17,-0.0742411) 
Q:
size: 18 18
(0,0,0.0795775) (7,0,0.02789) (11,0,0.0397879) (14,0,0.0281413) (1,1,0.0795775) (2,1,0.027673) (3,1,-0.000453384) (4,1,0.0162186) (5,1,0.0357291) (6,1,-7.48322e-05) (7,1,0.0285692) (8,1,0.0184158) (9,1,0.00173964) (1,2,0.027673) (2,2,0.0795775) (3,2,0.0282721) (4,2,0.0373864) (6,2,0.0286413) (17,2,-0.0259706) (1,3,-0.000453384) (2,3,0.0282721) (3,3,0.0795775) (4,3,0.036146) (8,3,0.035478) (12,3,0.0270241) (15,3,0.0397876) (1,4,0.0162186) (2,4,0.0373864) (3,4,0.036146) (4,4,0.0795775) (9,4,0.0355893) (13,4,0.031446) (16,4,0.0380717) (17,4,0.0347182) (1,5,0.0357291) (5,5,0.0795775) (6,5,0.017442) (7,5,0.0378411) (8,5,0.0320577) (9,5,0.0190546) (10,5,0.0362046) (11,5,-0.0175298) (12,5,0.013908) (13,5,0.0232366) (1,6,-7.48322e-05) (2,6,0.0286413) (5,6,0.017442) (6,6,0.0795775) (7,6,0.02764) (8,6,0.0352357) (9,6,0.0397473) (17,6,-0.039619) (0,7,0.02789) (1,7,0.0285692) (5,7,0.0378411) (6,7,0.02764) (7,7,0.0795775) (8,7,0.0377719) (9,7,0.0289164) (11,7,0.0277102) (14,7,0.0397872) (1,8,0.0184158) (3,8,0.035478) (5,8,0.0320577) (6,8,0.0352357) (7,8,0.0377719) (8,8,0.0795775) (9,8,0.0360419) (12,8,0.0108756) (15,8,0.0353432) (1,9,0.00173964) (4,9,0.0355893) (5,9,0.0190546) (6,9,0.0397473) (7,9,0.0289164) (8,9,0.0360419) (9,9,0.0795775) (13,9,0.0172263) (16,9,0.0288833) (17,9,0.0397452) (5,10,0.0362046) (10,10,0.0795775) (11,10,-0.00113497) (12,10,0.0281178) (13,10,0.0345404) (14,10,0.0290917) (15,10,0.00126981) (16,10,-0.0252269) (0,11,0.0397879) (5,11,-0.0175298) (7,11,0.0277102) (10,11,-0.00113497) (11,11,0.0795775) (12,11,0.0273384) (13,11,0.0187578) (14,11,0.0279632) (3,12,0.0270241) (5,12,0.013908) (8,12,0.0108756) (10,12,0.0281178) (11,12,0.0273384) (12,12,0.0795775) (13,12,0.0383835) (15,12,0.0272403) (4,13,0.031446) (5,13,0.0232366) (9,13,0.0172263) (10,13,0.0345404) (11,13,0.0187578) (12,13,0.0383835) (13,13,0.0795775) (16,13,0.0371731) (17,13,0.0155299) (0,14,0.0281413) (7,14,0.0397872) (10,14,0.0290917) (11,14,0.0279632) (14,14,0.0795775) (15,14,0.028059) (16,14,0.00254648) (3,15,0.0397876) (8,15,0.0353432) (10,15,0.00126981) (12,15,0.0272403) (14,15,0.028059) (15,15,0.0795775) (16,15,0.0299485) (4,16,0.0380717) (9,16,0.0288833) (10,16,-0.0252269) (13,16,0.0371731) (14,16,0.00254648) (15,16,0.0299485) (16,16,0.0795775) (17,16,0.0275717) (2,17,-0.0259706) (4,17,0.0347182) (6,17,-0.039619) (9,17,0.0397452) (13,17,0.0155299) (16,17,0.0275717) (17,17,0.0795775) 
Minv:
size: 27 27
(0,0,0.0397887) (1,1,0.0397887) (2,2,0.0795775) (3,3,0.0397887) (4,4,0.0397887) (5,5,0.0795775) (6,6,0.0397887) (7,7,0.0397887) (8,8,0.0795775) (9,9,0.0397887) (10,10,0.0397887) (11,11,0.0795775) (12,12,0.0397887) (13,13,0.0397887) (14,14,0.0795775) (15,15,0.0397887) (16,16,0.0397887) (17,17,0.0795775) (18,18,0.0397887) (19,19,0.0397887) (20,20,0.0795775) (21,21,0.0397887) (22,22,0.0397887) (23,23,0.0795775) (24,24,0.0397887) (25,25,0.0397887) (26,26,0.0795775) 
v0:
size: 27 1
(0,0,-0.24103) (1,0,-0.0953855) (2,0,0) (3,0,-0.343477) (4,0,0.97844) (5,0,0) (6,0,0.155365) (7,0,0.518336) (8,0,0) (9,0,0.151366) (10,0,0.545125) (11,0,0) (12,0,0.74253) (13,0,-0.0391943) (14,0,0) (15,0,-0.537276) (16,0,0.627056) (17,0,0) (18,0,-0.75741) (19,0,-0.339436) (20,0,0) (21,0,-0.361366) (22,0,0.154845) (23,0,0) (24,0,-0.593603) (25,0,0.731138) (26,0,0) 
ipopt_sol:
size: 18 1
(0,0,1.76962) (1,0,11.2341) (2,0,1.59037) (3,0,0) (4,0,0) (5,0,0) (6,0,23.0622) (7,0,0) (8,0,0) (9,0,0) (10,0,16.1586) (11,0,22.5306) (12,0,0) (13,0,0) (14,0,0) (15,0,26.3202) (16,0,2.93372) (17,0,12.5904) 
policy_sol:
size: 18 1
(0,0,1.76962) (1,0,11.2341) (2,0,1.59037) (3,0,0) (4,0,0) (5,0,0) (6,0,23.0622) (7,0,0) (8,0,0) (9,0,0) (10,0,16.1586) (11,0,22.5306) (12,0,0) (13,0,0) (14,0,0) (15,0,26.3202) (16,0,2.93372) (17,0,12.5904) 

policy_converges:
1
ipopt_converges:
0
