Git Revision:     3cfe7dc3fe6810e9e399640d632720aa3564fe80
Build Mode:       Debug
C Compiler:       /usr/bin/cc
C++ Compiler:     /usr/bin/c++
Fortran Compiler: gfortran
Body count: 9
No end time specified. Simulation will run indefinitely.
N:
size: 27 12
(0,0,0.00349089) (1,0,-0.999994) (3,0,-0.00349089) (4,0,0.999994) (0,1,-0.999613) (1,1,-0.0278287) (9,1,0.999613) (10,1,0.0278287) (0,2,-0.707239) (1,2,-0.706974) (12,2,0.707239) (13,2,0.706974) (0,3,-0.881819) (1,3,-0.471587) (21,3,0.881819) (22,3,0.471587) (3,4,-0.698307) (4,4,0.715798) (9,4,0.698307) (10,4,-0.715798) (3,5,-1) (4,5,4.81022e-05) (12,5,1) (13,5,-4.81022e-05) (3,6,-0.89258) (4,6,0.450889) (18,6,0.89258) (19,6,-0.450889) (3,7,-0.999983) (4,7,-0.00585026) (21,7,0.999983) (22,7,0.00585026) (6,8,-0.996176) (7,8,-0.0873745) (15,8,0.996176) (16,8,0.0873745) (12,9,-0.999922) (13,9,-0.0125) (21,9,0.999922) (22,9,0.0125) (18,10,0.0461404) (19,10,-0.998935) (21,10,-0.0461404) (22,10,0.998935) (18,11,-0.00528019) (19,11,-0.999986) (24,11,0.00528019) (25,11,0.999986) 
Q:
size: 12 12
(0,0,0.0795775) (1,0,0.000968419) (2,0,0.0280312) (3,0,0.0186413) (4,0,0.0285775) (5,0,0.000140812) (6,0,0.0180642) (7,0,-9.38776e-05) (0,1,0.000968419) (1,1,0.0795775) (2,1,0.0289121) (3,1,0.0355951) (4,1,0.0269814) (0,2,0.0280312) (1,2,0.0289121) (2,2,0.0795775) (3,2,0.0380801) (5,2,0.0281388) (9,2,-0.0284896) (0,3,0.0186413) (1,3,0.0355951) (2,3,0.0380801) (3,3,0.0795775) (7,3,0.0351957) (9,3,0.0353183) (10,3,0.017125) (0,4,0.0285775) (1,4,0.0269814) (4,4,0.0795775) (5,4,0.0277861) (6,4,0.0376418) (7,4,0.0276177) (0,5,0.000140812) (2,5,0.0281388) (4,5,0.0277861) (5,5,0.0795775) (6,5,0.0355155) (7,5,0.039788) (9,5,-0.0397856) (0,6,0.0180642) (4,6,0.0376418) (5,6,0.0355155) (6,6,0.0795775) (7,6,0.0354091) (10,6,0.0195599) (11,6,0.0177525) (0,7,-9.38776e-05) (3,7,0.0351957) (4,7,0.0276177) (5,7,0.039788) (6,7,0.0354091) (7,7,0.0795775) (9,7,0.0397879) (10,7,-0.00160331) (8,8,0.0795775) (2,9,-0.0284896) (3,9,0.0353183) (5,9,-0.0397856) (7,9,0.0397879) (9,9,0.0795775) (10,9,-0.0013389) (3,10,0.017125) (6,10,0.0195599) (7,10,-0.00160331) (9,10,-0.0013389) (10,10,0.0795775) (11,10,0.0397361) (6,11,0.0177525) (10,11,0.0397361) (11,11,0.0795775) 
Minv:
size: 27 27
(0,0,0.0397887) (1,1,0.0397887) (2,2,0.0795775) (3,3,0.0397887) (4,4,0.0397887) (5,5,0.0795775) (6,6,0.0397887) (7,7,0.0397887) (8,8,0.0795775) (9,9,0.0397887) (10,10,0.0397887) (11,11,0.0795775) (12,12,0.0397887) (13,13,0.0397887) (14,14,0.0795775) (15,15,0.0397887) (16,16,0.0397887) (17,17,0.0795775) (18,18,0.0397887) (19,19,0.0397887) (20,20,0.0795775) (21,21,0.0397887) (22,22,0.0397887) (23,23,0.0795775) (24,24,0.0397887) (25,25,0.0397887) (26,26,0.0795775) 
v0:
size: 27 1
(0,0,-0.0530622) (1,0,-0.716968) (2,0,0) (3,0,0.929298) (4,0,-0.89549) (5,0,0) (6,0,-0.661778) (7,0,0.0461295) (8,0,0) (9,0,-0.63133) (10,0,-0.909243) (11,0,0) (12,0,-0.572811) (13,0,-0.294409) (14,0,0) (15,0,-0.908996) (16,0,0.9562) (17,0,0) (18,0,0.35845) (19,0,0.315736) (20,0,0) (21,0,-0.651843) (22,0,-0.390996) (23,0,0) (24,0,0.779672) (25,0,0.311091) (26,0,0) 
ipopt_sol:
size: 12 1
(0,0,2.79913) (1,0,13.1884) (2,0,8.5733e-08) (3,0,7.85285e-08) (4,0,4.2466) (5,0,49.886) (6,0,4.35809e-07) (7,0,4.05846e-05) (8,0,4.19104) (9,0,27.2441) (10,0,17.03) (11,0,1.25311e-07) 
policy_sol:
size: 12 1
(0,0,2.79913) (1,0,13.1884) (2,0,0) (3,0,0) (4,0,4.2466) (5,0,49.8861) (6,0,0) (7,0,0) (8,0,4.19104) (9,0,27.2441) (10,0,17.03) (11,0,0) 

policy_converges:
1
