Git Revision:     18345a57b34405566a64d0bf3d2a118f1cdbade3
Build Mode:       Debug
C Compiler:       /usr/bin/cc
C++ Compiler:     /usr/bin/c++
Fortran Compiler: gfortran
Body count: 9
No end time specified. Simulation will run indefinitely.
N:
size: 27 18
(3,0,-0.681838) (4,0,0.731503) (9,0,0.681838) (10,0,-0.731503) (3,1,-0.999976) (4,1,0.00696118) (21,1,0.999976) (22,1,-0.00696118) (6,2,-0.452567) (7,2,0.891731) (9,2,0.452567) (10,2,-0.891731) (6,3,-0.730271) (7,3,0.683157) (12,3,0.730271) (13,3,-0.683157) (6,4,-0.995199) (7,4,-0.0978728) (15,4,0.995199) (16,4,0.0978728) (6,5,-0.720726) (7,5,0.69322) (18,5,0.720726) (19,5,-0.69322) (6,6,-0.911024) (7,6,0.412353) (21,6,0.911024) (22,6,-0.412353) (6,7,-0.999435) (7,7,-0.0336232) (24,7,0.999435) (25,7,0.0336232) (9,8,-0.0569612) (10,8,-0.998376) (12,8,0.0569612) (13,8,0.998376) (9,9,0.00193711) (10,9,-0.999998) (15,9,-0.00193711) (16,9,0.999998) (9,10,-0.716132) (10,10,-0.697965) (21,10,0.716132) (22,10,0.697965) (12,11,0.0552259) (13,11,-0.998474) (15,11,-0.0552259) (16,11,0.998474) (12,12,-0.710744) (13,12,0.703451) (18,12,0.710744) (19,12,-0.703451) (12,13,-0.998568) (13,13,-0.0534983) (21,13,0.998568) (22,13,0.0534983) (15,14,-0.454379) (16,14,0.890808) (18,14,0.454379) (19,14,-0.890808) (15,15,-0.718966) (16,15,0.695045) (21,15,0.718966) (22,15,-0.695045) (18,16,-0.00967096) (19,16,-0.999953) (21,16,0.00967096) (22,16,0.999953) (18,17,0.00822701) (19,17,-0.999966) (24,17,-0.00822701) (25,17,0.999966) 
Q:
size: 18 18
(0,0,0.0795775) (1,0,0.0273314) (2,0,0.0382322) (8,0,0.027513) (9,0,0.0291581) (10,0,0.000886402) (0,1,0.0273314) (1,1,0.0795775) (6,1,0.0363618) (10,1,0.0283) (13,1,0.039716) (15,1,0.0287986) (16,1,0.000107822) (0,2,0.0382322) (2,2,0.0795775) (3,2,0.037389) (4,2,0.014448) (5,2,0.0375742) (6,2,0.0310355) (7,2,0.0168039) (8,2,0.0343975) (9,2,0.0355157) (10,2,0.011869) (2,3,0.037389) (3,3,0.0795775) (4,3,0.0262567) (5,3,0.0397849) (6,3,0.0376798) (7,3,0.0281262) (8,3,-0.0254827) (11,3,0.0287452) (12,3,-0.039773) (13,3,-0.0275608) (2,4,0.014448) (3,4,0.0262567) (4,4,0.0795775) (5,4,0.0258395) (6,4,0.0344687) (7,4,0.0397063) (9,4,0.00381752) (11,4,0.00170147) (14,4,-0.0145234) (15,4,-0.0257627) (2,5,0.0375742) (3,5,0.0397849) (4,5,0.0258395) (5,5,0.0795775) (6,5,0.0374989) (7,5,0.0277332) (12,5,0.0397847) (14,5,0.0376007) (16,5,0.0273037) (17,5,0.0278173) (1,6,0.0363618) (2,6,0.0310355) (3,6,0.0376798) (4,6,0.0344687) (5,6,0.0374989) (6,6,0.0795775) (7,6,0.0356763) (10,6,0.0145072) (13,6,0.0353188) (15,6,0.037465) (16,6,-0.0160557) (2,7,0.0168039) (3,7,0.0281262) (4,7,0.0397063) (5,7,0.0277332) (6,7,0.0356763) (7,7,0.0795775) (17,7,0.00101062) (0,8,0.027513) (2,8,0.0343975) (3,8,-0.0254827) (8,8,0.0795775) (9,8,0.0397197) (10,8,0.0293491) (11,8,-0.0395383) (12,8,0.0263331) (13,8,-0.00438834) (0,9,0.0291581) (2,9,0.0355157) (4,9,0.00381752) (8,9,0.0397197) (9,9,0.0795775) (10,9,0.0277159) (11,9,0.0397322) (14,9,0.0354791) (15,9,0.0277103) (0,10,0.000886402) (1,10,0.0283) (2,10,0.011869) (6,10,0.0145072) (8,10,0.0293491) (9,10,0.0277159) (10,10,0.0795775) (13,10,0.0299389) (15,10,0.001184) (16,10,0.0280454) (3,11,0.0287452) (4,11,0.00170147) (8,11,-0.0395383) (9,11,0.0397322) (11,11,0.0795775) (12,11,-0.0295085) (13,11,-6.88409e-05) (14,11,0.0363885) (15,11,0.0291926) (3,12,-0.039773) (5,12,0.0397847) (8,12,0.0263331) (11,12,-0.0295085) (12,12,0.0795775) (13,12,0.0267417) (14,12,0.0377829) (16,12,0.0277146) (17,12,0.0282211) (1,13,0.039716) (3,13,-0.0275608) (6,13,0.0353188) (8,13,-0.00438834) (10,13,0.0299389) (11,13,-6.88409e-05) (12,13,0.0267417) (13,13,0.0795775) (15,13,0.0270863) (16,13,0.00251277) (4,14,-0.0145234) (5,14,0.0376007) (9,14,0.0354791) (11,14,0.0363885) (12,14,0.0377829) (14,14,0.0795775) (15,14,0.0376336) (16,14,0.0352676) (17,14,0.0355917) (1,15,0.0287986) (4,15,-0.0257627) (6,15,0.037465) (9,15,0.0277103) (10,15,0.001184) (11,15,0.0291926) (13,15,0.0270863) (14,15,0.0376336) (15,15,0.0795775) (16,15,-0.027377) (1,16,0.000107822) (5,16,0.0273037) (6,16,-0.0160557) (10,16,0.0280454) (12,16,0.0277146) (13,16,0.00251277) (14,16,0.0352676) (15,16,-0.027377) (16,16,0.0795775) (17,16,0.0397824) (5,17,0.0278173) (7,17,0.00101062) (12,17,0.0282211) (14,17,0.0355917) (16,17,0.0397824) (17,17,0.0795775) 
Minv:
size: 27 27
(0,0,0.0397887) (1,1,0.0397887) (2,2,0.0795775) (3,3,0.0397887) (4,4,0.0397887) (5,5,0.0795775) (6,6,0.0397887) (7,7,0.0397887) (8,8,0.0795775) (9,9,0.0397887) (10,10,0.0397887) (11,11,0.0795775) (12,12,0.0397887) (13,13,0.0397887) (14,14,0.0795775) (15,15,0.0397887) (16,16,0.0397887) (17,17,0.0795775) (18,18,0.0397887) (19,19,0.0397887) (20,20,0.0795775) (21,21,0.0397887) (22,22,0.0397887) (23,23,0.0795775) (24,24,0.0397887) (25,25,0.0397887) (26,26,0.0795775) 
v0:
size: 27 1
(0,0,-0.986963) (1,0,-0.593347) (2,0,0) (3,0,-0.517488) (4,0,-0.373293) (5,0,0) (6,0,0.800691) (7,0,0.751809) (8,0,0) (9,0,-0.557515) (10,0,0.408456) (11,0,0) (12,0,-0.340902) (13,0,0.113926) (14,0,0) (15,0,0.378801) (16,0,-0.99514) (17,0,0) (18,0,0.35789) (19,0,0.987841) (20,0,0) (21,0,-0.630761) (22,0,0.0140394) (23,0,0) (24,0,0.777755) (25,0,0.0979442) (26,0,0) 
ipopt_sol:
size: 18 1
(0,0,12.1803) (1,0,4.11898e-08) (2,0,1.3725e-07) (3,0,4.8314e-07) (4,0,33.3889) (5,0,7.12448e-08) (6,0,1.39518e-07) (7,0,6.35438e-08) (8,0,8.32365) (9,0,1.98592e-06) (10,0,8.89516e-08) (11,0,10.9784) (12,0,9.11052e-08) (13,0,7.60868e-08) (14,0,7.28566e-07) (15,0,57.9907) (16,0,44.5819) (17,0,0.164244) 
policy_sol:
size: 18 1
(0,0,12.1803) (1,0,0) (2,0,0) (3,0,0) (4,0,33.3889) (5,0,0) (6,0,0) (7,0,0) (8,0,8.32365) (9,0,0) (10,0,0) (11,0,10.9784) (12,0,0) (13,0,0) (14,0,0) (15,0,57.9907) (16,0,44.5819) (17,0,0.164233) 

policy_converges:
1
ipopt_converges:
0
