Git Revision:     3cfe7dc3fe6810e9e399640d632720aa3564fe80
Build Mode:       Debug
C Compiler:       /usr/bin/cc
C++ Compiler:     /usr/bin/c++
Fortran Compiler: gfortran
Body count: 9
No end time specified. Simulation will run indefinitely.
N:
size: 27 14
(0,0,-0.0168495) (1,0,-0.999858) (3,0,0.0168495) (4,0,0.999858) (0,1,-0.999131) (1,1,0.0416814) (9,1,0.999131) (10,1,-0.0416814) (0,2,-0.723747) (1,2,-0.690065) (12,2,0.723747) (13,2,0.690065) (0,3,-0.999518) (1,3,0.0310476) (18,3,0.999518) (19,3,-0.0310476) (0,4,-0.903196) (1,4,-0.429229) (21,4,0.903196) (22,4,0.429229) (3,5,-0.690944) (4,5,0.722909) (9,5,0.690944) (10,5,-0.722909) (3,6,-0.999975) (4,6,-0.00701876) (12,6,0.999975) (13,6,0.00701876) (3,7,-0.886672) (4,7,0.4624) (18,7,0.886672) (19,7,-0.4624) (3,8,-0.999968) (4,8,0.00802041) (21,8,0.999968) (22,8,-0.00802041) (6,9,-0.717579) (7,9,0.696477) (12,9,0.717579) (13,9,-0.696477) (9,10,-0.999785) (10,10,0.020718) (18,10,0.999785) (19,10,-0.020718) (12,11,0.0301174) (13,11,-0.999546) (15,11,-0.0301174) (16,11,0.999546) (15,12,-0.720092) (16,12,0.693879) (21,12,0.720092) (22,12,-0.693879) (21,13,-0.0342387) (22,13,-0.999414) (24,13,0.0342387) (25,13,0.999414) 
Q:
size: 14 14
(0,0,0.0795775) (1,0,-0.00098838) (2,0,0.0279381) (3,0,-0.000565074) (4,0,0.0176816) (5,0,0.0282963) (6,0,-0.000949631) (7,0,0.0178013) (8,0,-0.000351321) (0,1,-0.00098838) (1,1,0.0795775) (2,1,0.0276275) (3,1,0.0397865) (4,1,0.0351939) (5,1,0.0286668) (10,1,-0.03978) (0,2,0.0279381) (1,2,0.0276275) (2,2,0.0795775) (3,2,0.0279306) (4,2,0.0377946) (6,2,0.028989) (9,2,0.00154107) (11,2,-0.0265771) (0,3,-0.000565074) (1,3,0.0397865) (2,3,0.0279306) (3,3,0.0795775) (4,3,0.0353895) (7,3,0.0358338) (10,3,0.0397866) (0,4,0.0176816) (1,4,0.0351939) (2,4,0.0377946) (3,4,0.0353895) (4,4,0.0795775) (8,4,0.0357989) (12,4,0.0140276) (13,4,-0.0182989) (0,5,0.0282963) (1,5,0.0286668) (5,5,0.0795775) (6,5,0.0272892) (7,5,0.0376765) (8,5,0.0277216) (10,5,-0.0280818) (0,6,-0.000949631) (2,6,0.028989) (5,6,0.0272892) (6,6,0.0795775) (7,6,0.0351495) (8,6,0.0397842) (9,6,0.0283564) (11,6,0.000919162) (0,7,0.0178013) (3,7,0.0358338) (5,7,0.0376765) (6,7,0.0351495) (7,7,0.0795775) (8,7,0.035426) (10,7,0.0356531) (0,8,-0.000351321) (4,8,0.0357989) (5,8,0.0277216) (6,8,0.0397842) (7,8,0.035426) (8,8,0.0795775) (12,8,0.0288721) (13,8,-0.00104334) (2,9,0.00154107) (6,9,0.0283564) (9,9,0.0795775) (11,9,0.0285593) (1,10,-0.03978) (3,10,0.0397866) (5,10,-0.0280818) (7,10,0.0356531) (10,10,0.0795775) (2,11,-0.0265771) (6,11,0.000919162) (9,11,0.0285593) (11,11,0.0795775) (12,11,0.0284589) (4,12,0.0140276) (8,12,0.0288721) (11,12,0.0284589) (12,12,0.0795775) (13,12,0.0266114) (4,13,-0.0182989) (8,13,-0.00104334) (12,13,0.0266114) (13,13,0.0795775) 
Minv:
size: 27 27
(0,0,0.0397887) (1,1,0.0397887) (2,2,0.0795775) (3,3,0.0397887) (4,4,0.0397887) (5,5,0.0795775) (6,6,0.0397887) (7,7,0.0397887) (8,8,0.0795775) (9,9,0.0397887) (10,10,0.0397887) (11,11,0.0795775) (12,12,0.0397887) (13,13,0.0397887) (14,14,0.0795775) (15,15,0.0397887) (16,16,0.0397887) (17,17,0.0795775) (18,18,0.0397887) (19,19,0.0397887) (20,20,0.0795775) (21,21,0.0397887) (22,22,0.0397887) (23,23,0.0795775) (24,24,0.0397887) (25,25,0.0397887) (26,26,0.0795775) 
v0:
size: 27 1
(0,0,0.645512) (1,0,-0.161139) (2,0,0) (3,0,0.428159) (4,0,-0.932027) (5,0,0) (6,0,-0.757757) (7,0,0.15301) (8,0,0) (9,0,-0.390848) (10,0,0.113474) (11,0,0) (12,0,-0.677673) (13,0,0.905617) (14,0,0) (15,0,0.59941) (16,0,0.29669) (17,0,0) (18,0,-0.599177) (19,0,-0.648943) (20,0,0) (21,0,-0.120661) (22,0,0.140041) (23,0,0) (24,0,0.786297) (25,0,0.0650876) (26,0,0) 
ipopt_sol:
size: 14 1
(0,0,13.3008) (1,0,33.8124) (2,0,7.32648e-08) (3,0,6.21387e-06) (4,0,2.33564e-07) (5,0,19.2139) (6,0,20.8741) (7,0,1.34845e-07) (8,0,2.2019e-07) (9,0,1.44464e-06) (10,0,28.5206) (11,0,14.1487) (12,0,5.24003) (13,0,1.757e-06) 
policy_sol:
size: 14 1
(0,0,13.3008) (1,0,33.8124) (2,0,0) (3,0,0) (4,0,0) (5,0,19.2139) (6,0,20.8741) (7,0,0) (8,0,0) (9,0,0) (10,0,28.5206) (11,0,14.1487) (12,0,5.24003) (13,0,0) 

policy_converges:
1
