Git Revision:     3cfe7dc3fe6810e9e399640d632720aa3564fe80
Build Mode:       Debug
C Compiler:       /usr/bin/cc
C++ Compiler:     /usr/bin/c++
Fortran Compiler: gfortran
Body count: 9
No end time specified. Simulation will run indefinitely.
N:
size: 27 16
(0,0,-0.689749) (1,0,-0.724048) (12,0,0.689749) (13,0,0.724048) (0,1,-0.999976) (1,1,0.0069477) (18,1,0.999976) (19,1,-0.0069477) (3,2,-0.00651359) (4,2,-0.999979) (6,2,0.00651359) (7,2,0.999979) (3,3,-0.998098) (4,3,-0.0616398) (12,3,0.998098) (13,3,0.0616398) (3,4,-0.902441) (4,4,0.430813) (18,4,0.902441) (19,4,-0.430813) (3,5,-0.892736) (4,5,-0.45058) (24,5,0.892736) (25,5,0.45058) (6,6,-0.711413) (7,6,0.702774) (18,6,0.711413) (19,6,-0.702774) (6,7,-0.999952) (7,7,0.00977187) (24,7,0.999952) (25,7,-0.00977187) (9,8,-0.999863) (10,8,0.0165795) (18,8,0.999863) (19,8,-0.0165795) (9,9,-0.437416) (10,9,-0.899259) (24,9,0.437416) (25,9,0.899259) (12,10,-0.712622) (13,10,0.701548) (18,10,0.712622) (19,10,-0.701548) (15,11,-0.437533) (16,11,0.899202) (18,11,0.437533) (19,11,-0.899202) (15,12,-0.700167) (16,12,0.713979) (21,12,0.700167) (22,12,-0.713979) (15,13,-0.997779) (16,13,0.0666079) (24,13,0.997779) (25,13,-0.0666079) (18,14,0.0224673) (19,14,-0.999748) (21,14,-0.0224673) (22,14,0.999748) (18,15,0.014453) (19,15,-0.999896) (24,15,-0.014453) (25,15,0.999896) 
Q:
size: 16 16
(0,0,0.0795775) (1,0,0.0272434) (3,0,0.0291678) (10,0,0.000653513) (0,1,0.0272434) (1,1,0.0795775) (4,1,0.0360252) (6,1,0.0284998) (8,1,0.0397869) (10,1,0.0285476) (11,1,0.017657) (14,1,0.00117029) (15,1,0.000851462) (2,2,0.0795775) (3,2,0.00271119) (4,2,-0.0169073) (5,2,0.018159) (6,2,0.0277775) (7,2,0.000129647) (0,3,0.0291678) (2,3,0.00271119) (3,3,0.0795775) (4,3,0.0347821) (5,3,0.0365584) (10,3,-0.0265798) (1,4,0.0360252) (2,4,-0.0169073) (3,4,0.0347821) (4,4,0.0795775) (5,4,0.0243319) (6,4,0.0375913) (8,4,0.0361863) (10,4,0.0376137) (11,4,0.0311242) (14,4,0.0179439) (15,4,0.0176587) (2,5,0.018159) (3,5,0.0365584) (4,5,0.0243319) (5,5,0.0795775) (7,5,0.035344) (9,5,0.0316593) (13,5,0.0342478) (15,5,0.0174127) (1,6,0.0284998) (2,6,0.0277775) (4,6,0.0375913) (6,6,0.0795775) (7,6,0.0285781) (8,6,0.0287659) (10,6,0.0397887) (11,6,0.0375289) (14,6,0.0285914) (15,6,0.0283687) (2,7,0.000129647) (5,7,0.035344) (6,7,0.0285781) (7,7,0.0795775) (9,7,0.0170537) (13,7,0.0397244) (15,7,-0.000963808) (1,8,0.0397869) (4,8,0.0361863) (6,8,0.0287659) (8,8,0.0795775) (9,8,0.0168086) (10,8,0.0288132) (11,8,0.0179997) (14,8,0.00155334) (15,8,0.0012346) (5,9,0.0316593) (7,9,0.0170537) (8,9,0.0168086) (9,9,0.0795775) (13,9,0.0149823) (15,9,0.0355251) (0,10,0.000653513) (1,10,0.0285476) (3,10,-0.0265798) (4,10,0.0376137) (6,10,0.0397887) (8,10,0.0288132) (10,10,0.0795775) (11,10,0.037506) (14,10,0.0285437) (15,10,0.0283206) (1,11,0.017657) (4,11,0.0311242) (6,11,0.0375289) (8,11,0.0179997) (10,11,0.037506) (11,11,0.0795775) (12,11,0.037734) (13,11,0.0197533) (14,11,0.0361602) (15,11,0.036026) (11,12,0.037734) (12,12,0.0795775) (13,12,0.0296891) (14,12,-0.0290271) (5,13,0.0342478) (7,13,0.0397244) (9,13,0.0149823) (11,13,0.0197533) (12,13,0.0296891) (13,13,0.0795775) (15,13,-0.00322376) (1,14,0.00117029) (4,14,0.0179439) (6,14,0.0285914) (8,14,0.00155334) (10,14,0.0285437) (11,14,0.0361602) (12,14,-0.0290271) (14,14,0.0795775) (15,14,0.0397875) (1,15,0.000851462) (4,15,0.0176587) (5,15,0.0174127) (6,15,0.0283687) (7,15,-0.000963808) (8,15,0.0012346) (9,15,0.0355251) (10,15,0.0283206) (11,15,0.036026) (13,15,-0.00322376) (14,15,0.0397875) (15,15,0.0795775) 
Minv:
size: 27 27
(0,0,0.0397887) (1,1,0.0397887) (2,2,0.0795775) (3,3,0.0397887) (4,4,0.0397887) (5,5,0.0795775) (6,6,0.0397887) (7,7,0.0397887) (8,8,0.0795775) (9,9,0.0397887) (10,10,0.0397887) (11,11,0.0795775) (12,12,0.0397887) (13,13,0.0397887) (14,14,0.0795775) (15,15,0.0397887) (16,16,0.0397887) (17,17,0.0795775) (18,18,0.0397887) (19,19,0.0397887) (20,20,0.0795775) (21,21,0.0397887) (22,22,0.0397887) (23,23,0.0795775) (24,24,0.0397887) (25,25,0.0397887) (26,26,0.0795775) 
v0:
size: 27 1
(0,0,0.0463842) (1,0,-0.650197) (2,0,0) (3,0,-0.484105) (4,0,0.753189) (5,0,0) (6,0,-0.701894) (7,0,0.378836) (8,0,0) (9,0,0.544326) (10,0,0.0443392) (11,0,0) (12,0,-0.860692) (13,0,-0.0172051) (14,0,0) (15,0,0.50359) (16,0,0.448244) (17,0,0) (18,0,-0.768392) (19,0,0.819091) (20,0,0) (21,0,0.498403) (22,0,0.573583) (23,0,0) (24,0,-0.853604) (25,0,0.596184) (26,0,0) 
ipopt_sol:
size: 16 1
(0,0,8.81589e-07) (1,0,4.91092) (2,0,9.0902) (3,0,10.3833) (4,0,7.13552e-08) (5,0,8.52106e-08) (6,0,9.7055e-08) (7,0,7.85664e-08) (8,0,29.9732) (9,0,9.11289e-08) (10,0,0.15813) (11,0,3.14996) (12,0,9.7783e-08) (13,0,33.6385) (14,0,3.02925) (15,0,3.41899) 
policy_sol:
size: 16 1
(0,0,0) (1,0,4.91092) (2,0,9.0902) (3,0,10.3833) (4,0,0) (5,0,0) (6,0,0) (7,0,0) (8,0,29.9732) (9,0,0) (10,0,0.158111) (11,0,3.14996) (12,0,0) (13,0,33.6385) (14,0,3.02925) (15,0,3.41899) 

policy_converges:
1
