Git Revision:     18345a57b34405566a64d0bf3d2a118f1cdbade3
Build Mode:       Debug
C Compiler:       /usr/bin/cc
C++ Compiler:     /usr/bin/c++
Fortran Compiler: gfortran
Body count: 9
No end time specified. Simulation will run indefinitely.
N:
size: 27 20
(0,0,-0.999993) (1,0,-0.00377203) (9,0,0.999993) (10,0,0.00377203) (0,1,-0.437587) (1,1,-0.899176) (15,1,0.437587) (16,1,0.899176) (3,2,0.0187912) (4,2,-0.999823) (6,2,-0.0187912) (7,2,0.999823) (3,3,-0.670357) (4,3,0.742039) (9,3,0.670357) (10,3,-0.742039) (3,4,-0.998905) (4,4,0.0467813) (12,4,0.998905) (13,4,-0.0467813) (3,5,-0.690477) (4,5,-0.723355) (15,5,0.690477) (16,5,0.723355) (6,6,-0.436285) (7,6,0.899808) (9,6,0.436285) (10,6,-0.899808) (6,7,-0.707618) (7,7,0.706595) (12,7,0.707618) (13,7,-0.706595) (6,8,-0.704459) (7,8,0.709745) (18,8,0.704459) (19,8,-0.709745) (6,9,-0.906339) (7,9,0.422551) (21,9,0.906339) (22,9,-0.422551) (6,10,-0.999452) (7,10,-0.0331131) (24,10,0.999452) (25,10,0.0331131) (9,11,-0.0234616) (10,11,-0.999725) (12,11,0.0234616) (13,11,0.999725) (9,12,0.0138989) (10,12,-0.999903) (15,12,-0.0138989) (16,12,0.999903) (9,13,-0.426994) (10,13,-0.904255) (24,13,0.426994) (25,13,0.904255) (12,14,0.0510002) (13,14,-0.998699) (15,14,-0.0510002) (16,14,0.998699) (15,15,-0.458507) (16,15,0.888691) (18,15,0.458507) (19,15,-0.888691) (15,16,-0.747147) (16,16,0.664659) (21,16,0.747147) (22,16,-0.664659) (15,17,-0.999088) (16,17,-0.0426874) (24,17,0.999088) (25,17,0.0426874) (18,18,0.0191658) (19,18,-0.999816) (24,18,-0.0191658) (25,18,0.999816) (21,19,0.0837411) (22,19,-0.996488) (24,19,-0.0837411) (25,19,0.996488) 
Q:
size: 20 20
(0,0,0.0795775) (1,0,0.0175459) (3,0,0.0265611) (6,0,0.0172241) (11,0,-0.00108354) (12,0,0.000402946) (13,0,-0.0171251) (0,1,0.0175459) (1,1,0.0795775) (5,1,0.0379014) (12,1,0.0355316) (14,1,0.0348426) (15,1,0.0238117) (16,1,0.010771) (17,1,-0.0189224) (2,2,0.0795775) (3,2,-0.0300208) (4,2,-0.0026079) (5,2,0.02826) (6,2,0.0361221) (7,2,0.0286386) (8,2,0.0287616) (9,2,0.0174874) (10,2,-0.000570028) (0,3,0.0265611) (2,3,-0.0300208) (3,3,0.0795775) (4,3,0.0280246) (5,3,-0.00294007) (6,3,0.0382035) (11,3,0.0288909) (12,3,0.0298927) (13,3,0.0153089) (2,4,-0.0026079) (3,4,0.0280246) (4,4,0.0795775) (5,4,0.0260967) (7,4,0.0294396) (11,4,-0.000928373) (14,4,0.00388596) (1,5,0.0379014) (2,5,0.02826) (3,5,-0.00294007) (4,5,0.0260967) (5,5,0.0795775) (12,5,0.0283967) (14,5,0.0273428) (15,5,0.0129811) (16,5,-0.00139671) (17,5,-0.0286768) (0,6,0.0172241) (2,6,0.0361221) (3,6,0.0382035) (6,6,0.0795775) (7,6,0.0375814) (8,6,0.0376393) (9,6,0.0308616) (10,6,0.0161642) (11,6,0.0353851) (12,6,0.0360401) (13,6,0.024962) (2,7,0.0286386) (4,7,0.0294396) (6,7,0.0375814) (7,7,0.0795775) (8,7,0.0397883) (9,7,0.037398) (10,7,0.0272088) (11,7,-0.0274462) (14,7,0.0295139) (2,8,0.0287616) (6,8,0.0376393) (7,8,0.0397883) (8,8,0.0795775) (9,8,0.037337) (10,8,0.0270791) (15,8,0.0379482) (18,8,0.0287719) (2,9,0.0174874) (6,9,0.0308616) (7,9,0.037398) (8,9,0.037337) (9,9,0.0795775) (10,9,0.0354856) (16,9,0.0381184) (19,9,0.0197736) (2,10,-0.000570028) (6,10,0.0161642) (7,10,0.0272088) (8,10,0.0270791) (9,10,0.0354856) (10,10,0.0795775) (13,10,0.0181716) (17,10,0.0397869) (18,10,0.000555123) (19,10,-0.00201722) (0,11,-0.00108354) (3,11,0.0288909) (4,11,-0.000928373) (6,11,0.0353851) (7,11,-0.0274462) (11,11,0.0795775) (12,11,0.039761) (13,11,0.0363678) (14,11,-0.0396784) (0,12,0.000402946) (1,12,0.0355316) (3,12,0.0298927) (5,12,0.0283967) (6,12,0.0360401) (11,12,0.039761) (12,12,0.0795775) (13,12,0.0357395) (14,12,0.0397613) (15,12,0.03561) (16,12,0.0268566) (17,12,-0.0011458) (0,13,-0.0171251) (3,13,0.0153089) (6,13,0.024962) (10,13,0.0181716) (11,13,0.0363678) (12,13,0.0357395) (13,13,0.0795775) (17,13,0.0185099) (18,13,0.0356469) (19,13,0.03443) (1,14,0.0348426) (4,14,0.00388596) (5,14,0.0273428) (7,14,0.0295139) (11,14,-0.0396784) (12,14,0.0397613) (14,14,0.0795775) (15,14,0.0362443) (16,14,0.0279277) (17,14,0.000331115) (1,15,0.0238117) (5,15,0.0129811) (8,15,0.0379482) (12,15,0.03561) (14,15,0.0362443) (15,15,0.0795775) (16,15,0.0371328) (17,15,0.0167174) (18,15,0.035703) (1,16,0.010771) (5,16,-0.00139671) (9,16,0.0381184) (12,16,0.0268566) (14,16,0.0279277) (15,16,0.0371328) (16,16,0.0795775) (17,16,0.028572) (19,16,0.0288425) (1,17,-0.0189224) (5,17,-0.0286768) (10,17,0.0397869) (12,17,-0.0011458) (13,17,0.0185099) (14,17,0.000331115) (15,17,0.0167174) (16,17,0.028572) (17,17,0.0795775) (18,17,0.000936278) (19,17,-0.0016364) (8,18,0.0287719) (10,18,0.000555123) (13,18,0.0356469) (15,18,0.035703) (17,18,0.000936278) (18,18,0.0795775) (19,18,0.0397056) (9,19,0.0197736) (10,19,-0.00201722) (13,19,0.03443) (16,19,0.0288425) (17,19,-0.0016364) (18,19,0.0397056) (19,19,0.0795775) 
Minv:
size: 27 27
(0,0,0.0397887) (1,1,0.0397887) (2,2,0.0795775) (3,3,0.0397887) (4,4,0.0397887) (5,5,0.0795775) (6,6,0.0397887) (7,7,0.0397887) (8,8,0.0795775) (9,9,0.0397887) (10,10,0.0397887) (11,11,0.0795775) (12,12,0.0397887) (13,13,0.0397887) (14,14,0.0795775) (15,15,0.0397887) (16,16,0.0397887) (17,17,0.0795775) (18,18,0.0397887) (19,19,0.0397887) (20,20,0.0795775) (21,21,0.0397887) (22,22,0.0397887) (23,23,0.0795775) (24,24,0.0397887) (25,25,0.0397887) (26,26,0.0795775) 
v0:
size: 27 1
(0,0,-0.504091) (1,0,0.367576) (2,0,0) (3,0,-0.156029) (4,0,0.537539) (5,0,0) (6,0,0.899571) (7,0,0.408025) (8,0,0) (9,0,-0.779168) (10,0,0.960285) (11,0,0) (12,0,-0.42824) (13,0,0.728714) (14,0,0) (15,0,0.992812) (16,0,-0.741301) (17,0,0) (18,0,0.523881) (19,0,0.493057) (20,0,0) (21,0,0.926095) (22,0,0.991686) (23,0,0) (24,0,0.81763) (25,0,-0.126332) (26,0,0) 
ipopt_sol:
size: 20 1
(0,0,5.15815) (1,0,7.51315e-08) (2,0,2.36335e-07) (3,0,4.46191) (4,0,2.17738e-07) (5,0,8.82316e-08) (6,0,2.84621) (7,0,24.4024) (8,0,7.85162e-08) (9,0,7.22933e-08) (10,0,1.76249e-07) (11,0,29.8374) (12,0,4.87035e-06) (13,0,5.03258e-08) (14,0,37.3532) (15,0,15.7843) (16,0,1.76519e-06) (17,0,0.839147) (18,0,2.07517e-07) (19,0,27.7891) 
policy_sol:
size: 20 1
(0,0,5.15815) (1,0,0) (2,0,0) (3,0,4.46191) (4,0,0) (5,0,0) (6,0,2.84621) (7,0,24.4024) (8,0,0) (9,0,0) (10,0,0) (11,0,29.8374) (12,0,0) (13,0,0) (14,0,37.3532) (15,0,15.7843) (16,0,0) (17,0,0.839146) (18,0,0) (19,0,27.7891) 

policy_converges:
1
ipopt_converges:
0
