Git Revision:     3cfe7dc3fe6810e9e399640d632720aa3564fe80
Build Mode:       Debug
C Compiler:       /usr/bin/cc
C++ Compiler:     /usr/bin/c++
Fortran Compiler: gfortran
Body count: 9
No end time specified. Simulation will run indefinitely.
N:
size: 27 13
(0,0,-0.0441666) (1,0,-0.999024) (6,0,0.0441666) (7,0,0.999024) (0,1,-0.999903) (1,1,0.0139099) (9,1,0.999903) (10,1,-0.0139099) (3,2,-0.0309334) (4,2,-0.999521) (6,2,0.0309334) (7,2,0.999521) (6,3,-0.414643) (7,3,0.909984) (9,3,0.414643) (10,3,-0.909984) (6,4,-0.693776) (7,4,0.720191) (12,4,0.693776) (13,4,-0.720191) (6,5,-0.696532) (7,5,0.717525) (18,5,0.696532) (19,5,-0.717525) (6,6,-0.874441) (7,6,0.485133) (21,6,0.874441) (22,6,-0.485133) (6,7,-0.999599) (7,7,0.0283263) (24,7,0.999599) (25,7,-0.0283263) (9,8,-0.0411896) (10,8,-0.999151) (12,8,0.0411896) (13,8,0.999151) (9,9,-0.0334941) (10,9,-0.999439) (15,9,0.0334941) (16,9,0.999439) (15,10,-0.661698) (16,10,0.749771) (21,10,0.661698) (22,10,-0.749771) (15,11,-0.998627) (16,11,0.0523897) (24,11,0.998627) (25,11,-0.0523897) (21,12,0.00293371) (22,12,-0.999996) (24,12,-0.00293371) (25,12,0.999996) 
Q:
size: 13 13
(0,0,0.0795775) (1,0,0.00120425) (2,0,0.0397852) (3,0,0.0354431) (4,0,0.0274083) (5,0,0.0272975) (6,0,0.0177473) (7,0,-0.000630663) (0,1,0.00120425) (1,1,0.0795775) (3,1,0.0170001) (8,1,-0.00108574) (9,1,-0.000779414) (0,2,0.0397852) (2,2,0.0795775) (3,2,0.0356795) (4,2,0.0277879) (5,2,0.0276785) (6,2,0.0182173) (7,2,-0.000103781) (0,3,0.0354431) (1,3,0.0170001) (2,3,0.0356795) (3,3,0.0795775) (4,3,0.037522) (5,3,0.037471) (6,3,0.0319919) (7,3,0.0175171) (8,3,0.0354968) (9,3,0.0356342) (0,4,0.0274083) (2,4,0.0277879) (3,4,0.037522) (4,4,0.0795775) (5,4,0.0397884) (6,4,0.0380402) (7,4,0.0284051) (8,4,-0.0274941) (0,5,0.0272975) (2,5,0.0276785) (3,5,0.037471) (4,5,0.0397884) (5,5,0.0795775) (6,5,0.0380846) (7,5,0.0285117) (0,6,0.0177473) (2,6,0.0182173) (3,6,0.0319919) (4,6,0.0380402) (5,6,0.0380846) (6,6,0.0795775) (7,6,0.0353257) (10,6,0.0374951) (12,6,0.0194048) (0,7,-0.000630663) (2,7,-0.000103781) (3,7,0.0175171) (4,7,0.0284051) (5,7,0.0285117) (6,7,0.0353257) (7,7,0.0795775) (11,7,0.0397772) (12,7,-0.00124374) (1,8,-0.00108574) (3,8,0.0354968) (4,8,-0.0274941) (8,8,0.0795775) (9,8,0.0397876) (1,9,-0.000779414) (3,9,0.0356342) (8,9,0.0397876) (9,9,0.0795775) (10,9,0.0289339) (11,9,0.00075249) (6,10,0.0374951) (9,10,0.0289339) (10,10,0.0795775) (11,10,0.0278549) (12,10,0.0299095) (7,11,0.0397772) (9,11,0.00075249) (10,11,0.0278549) (11,11,0.0795775) (12,11,-0.00220108) (6,12,0.0194048) (7,12,-0.00124374) (10,12,0.0299095) (11,12,-0.00220108) (12,12,0.0795775) 
Minv:
size: 27 27
(0,0,0.0397887) (1,1,0.0397887) (2,2,0.0795775) (3,3,0.0397887) (4,4,0.0397887) (5,5,0.0795775) (6,6,0.0397887) (7,7,0.0397887) (8,8,0.0795775) (9,9,0.0397887) (10,10,0.0397887) (11,11,0.0795775) (12,12,0.0397887) (13,13,0.0397887) (14,14,0.0795775) (15,15,0.0397887) (16,16,0.0397887) (17,17,0.0795775) (18,18,0.0397887) (19,19,0.0397887) (20,20,0.0795775) (21,21,0.0397887) (22,22,0.0397887) (23,23,0.0795775) (24,24,0.0397887) (25,25,0.0397887) (26,26,0.0795775) 
v0:
size: 27 1
(0,0,-0.11119) (1,0,-0.50166) (2,0,0) (3,0,-0.890461) (4,0,-0.356643) (5,0,0) (6,0,0.466664) (7,0,-0.913162) (8,0,0) (9,0,-0.40849) (10,0,0.0409731) (11,0,0) (12,0,-0.223515) (13,0,-0.0397608) (14,0,0) (15,0,0.743293) (16,0,-0.0489738) (17,0,0) (18,0,0.0755659) (19,0,-0.581618) (20,0,0) (21,0,0.0992206) (22,0,0.0875571) (23,0,0) (24,0,0.0465553) (25,0,-0.126203) (26,0,0) 
ipopt_sol:
size: 13 1
(0,0,1.74343e-07) (1,0,2.94017) (2,0,3.62493e-07) (3,0,22.0979) (4,0,17.4237) (5,0,1.71578e-07) (6,0,1.23261e-06) (7,0,1.43003e-07) (8,0,5.72507e-07) (9,0,9.2133e-08) (10,0,6.78115) (11,0,15.1011) (12,0,3.23743) 
policy_sol:
size: 13 1
(0,0,0) (1,0,2.94016) (2,0,0) (3,0,22.0979) (4,0,17.4237) (5,0,0) (6,0,0) (7,0,0) (8,0,0) (9,0,0) (10,0,6.78115) (11,0,15.1011) (12,0,3.23743) 

policy_converges:
1
