Git Revision:     18345a57b34405566a64d0bf3d2a118f1cdbade3
Build Mode:       Debug
C Compiler:       /usr/bin/cc
C++ Compiler:     /usr/bin/c++
Fortran Compiler: gfortran
Body count: 9
No end time specified. Simulation will run indefinitely.
N:
size: 27 14
(0,0,-0.999876) (1,0,0.0157707) (9,0,0.999876) (10,0,-0.0157707) (0,1,-0.999894) (1,1,0.0145691) (18,1,0.999894) (19,1,-0.0145691) (3,2,-0.710493) (4,2,0.703705) (9,2,0.710493) (10,2,-0.703705) (3,3,-0.899006) (4,3,0.437937) (18,3,0.899006) (19,3,-0.437937) (6,4,-0.886027) (7,4,0.463634) (21,4,0.886027) (22,4,-0.463634) (9,5,-0.0817436) (10,5,-0.996653) (12,5,0.0817436) (13,5,0.996653) (9,6,-0.0313695) (10,6,-0.999508) (15,6,0.0313695) (16,6,0.999508) (9,7,-0.99991) (10,7,0.0134476) (18,7,0.99991) (19,7,-0.0134476) (12,8,0.0226734) (13,8,-0.999743) (15,8,-0.0226734) (16,8,0.999743) (12,9,-0.67943) (13,9,0.73374) (18,9,0.67943) (19,9,-0.73374) (12,10,-0.997313) (13,10,0.0732614) (21,10,0.997313) (22,10,-0.0732614) (15,11,-0.441611) (16,11,0.897207) (18,11,0.441611) (19,11,-0.897207) (15,12,-0.676343) (16,12,0.736587) (21,12,0.676343) (22,12,-0.736587) (15,13,-0.997881) (16,13,0.0650589) (24,13,0.997881) (25,13,-0.0650589) 
Q:
size: 14 14
(0,0,0.0795775) (1,0,0.0397887) (2,0,0.0287077) (5,0,-0.00262668) (6,0,-0.000620811) (7,0,-0.0397886) (0,1,0.0397887) (1,1,0.0795775) (3,1,0.0360204) (7,1,0.0397887) (9,1,0.0274561) (11,1,0.0180894) (0,2,0.0287077) (2,2,0.0795775) (3,2,0.0376766) (5,2,0.025595) (6,2,0.0270989) (7,2,-0.0286436) (1,3,0.0360204) (2,3,0.0376766) (3,3,0.0795775) (7,3,0.0360014) (9,3,0.0370888) (11,3,0.0314303) (4,4,0.0795775) (10,4,0.0365106) (12,4,0.0374318) (0,5,-0.00262668) (2,5,0.025595) (5,5,0.0795775) (6,5,0.0397381) (7,5,0.00271891) (8,5,-0.0395716) (9,5,0.0268871) (10,5,-0.000338512) (0,6,-0.000620811) (2,6,0.0270989) (5,6,0.0397381) (6,6,0.0795775) (7,6,0.000713241) (8,6,0.0397306) (11,6,0.03513) (12,6,0.0284493) (13,6,0.00134183) (0,7,-0.0397886) (1,7,0.0397887) (2,7,-0.0286436) (3,7,0.0360014) (5,7,0.00271891) (6,7,0.000713241) (7,7,0.0795775) (9,7,0.0274238) (11,7,0.0180496) (5,8,-0.0395716) (6,8,0.0397306) (8,8,0.0795775) (9,8,-0.0298) (10,8,-0.00381395) (11,8,0.0360879) (12,8,0.0299105) (13,8,0.00348818) (1,9,0.0274561) (3,9,0.0370888) (5,9,0.0268871) (7,9,0.0274238) (8,9,-0.0298) (9,9,0.0795775) (10,9,0.0290999) (11,9,0.0381319) (4,10,0.0365106) (5,10,-0.000338512) (8,10,-0.00381395) (9,10,0.0290999) (10,10,0.0795775) (12,10,0.0289856) (1,11,0.0180894) (3,11,0.0314303) (6,11,0.03513) (7,11,0.0180496) (8,11,0.0360879) (9,11,0.0381319) (11,11,0.0795775) (12,11,0.0381793) (13,11,0.0198564) (4,12,0.0374318) (6,12,0.0284493) (8,12,0.0299105) (10,12,0.0289856) (11,12,0.0381793) (12,12,0.0795775) (13,12,0.0287605) (6,13,0.00134183) (8,13,0.00348818) (11,13,0.0198564) (12,13,0.0287605) (13,13,0.0795775) 
Minv:
size: 27 27
(0,0,0.0397887) (1,1,0.0397887) (2,2,0.0795775) (3,3,0.0397887) (4,4,0.0397887) (5,5,0.0795775) (6,6,0.0397887) (7,7,0.0397887) (8,8,0.0795775) (9,9,0.0397887) (10,10,0.0397887) (11,11,0.0795775) (12,12,0.0397887) (13,13,0.0397887) (14,14,0.0795775) (15,15,0.0397887) (16,16,0.0397887) (17,17,0.0795775) (18,18,0.0397887) (19,19,0.0397887) (20,20,0.0795775) (21,21,0.0397887) (22,22,0.0397887) (23,23,0.0795775) (24,24,0.0397887) (25,25,0.0397887) (26,26,0.0795775) 
v0:
size: 27 1
(0,0,-0.104644) (1,0,-0.834932) (2,0,0) (3,0,-0.451297) (4,0,-0.533796) (5,0,0) (6,0,-0.195338) (7,0,0.335232) (8,0,0) (9,0,-0.193127) (10,0,0.016434) (11,0,0) (12,0,-0.0550204) (13,0,-0.538193) (14,0,0) (15,0,0.220873) (16,0,-0.841117) (17,0,0) (18,0,-0.731087) (19,0,-0.348545) (20,0,0) (21,0,-0.215922) (22,0,0.437235) (23,0,0) (24,0,0.127369) (25,0,0.480001) (26,0,0) 
ipopt_sol:
size: 14 1
(0,0,10.1657) (1,0,5.43968e-05) (2,0,3.20589) (3,0,2.72728e-07) (4,0,8.58854e-08) (5,0,6.85253) (6,0,6.32234) (7,0,16.9716) (8,0,4.72885e-06) (9,0,6.87773) (10,0,1.49595e-07) (11,0,5.35273e-07) (12,0,28.83) (13,0,1.79739e-07) 
policy_sol:
size: 14 1
(0,0,10.1658) (1,0,0) (2,0,3.20589) (3,0,0) (4,0,0) (5,0,6.85253) (6,0,6.32234) (7,0,16.9717) (8,0,0) (9,0,6.87773) (10,0,0) (11,0,0) (12,0,28.83) (13,0,0) 

policy_converges:
1
ipopt_converges:
0
