Git Revision:     3cfe7dc3fe6810e9e399640d632720aa3564fe80
Build Mode:       Debug
C Compiler:       /usr/bin/cc
C++ Compiler:     /usr/bin/c++
Fortran Compiler: gfortran
Body count: 9
No end time specified. Simulation will run indefinitely.
N:
size: 27 20
(0,0,-0.998896) (1,0,0.046966) (9,0,0.998896) (10,0,-0.046966) (0,1,-0.725694) (1,1,-0.688018) (12,1,0.725694) (13,1,0.688018) (0,2,-0.477229) (1,2,-0.878779) (15,2,0.477229) (16,2,0.878779) (0,3,-0.999981) (1,3,0.00621594) (18,3,0.999981) (19,3,-0.00621594) (0,4,-0.729051) (1,4,-0.68446) (24,4,0.729051) (25,4,0.68446) (3,5,0.0611853) (4,5,-0.998126) (6,5,-0.0611853) (7,5,0.998126) (3,6,-0.719969) (4,6,-0.694007) (15,6,0.719969) (16,6,0.694007) (3,7,-0.899168) (4,7,-0.437604) (24,7,0.899168) (25,7,0.437604) (6,8,-0.472215) (7,8,0.881484) (9,8,0.472215) (10,8,-0.881484) (6,9,-0.724769) (7,9,0.688992) (18,9,0.724769) (19,9,-0.688992) (6,10,-0.999969) (7,10,-0.00785609) (24,10,0.999969) (25,10,0.00785609) (9,11,-0.00536028) (10,11,-0.999986) (12,11,0.00536028) (13,11,0.999986) (9,12,0.00366473) (10,12,-0.999993) (15,12,-0.00366473) (16,12,0.999993) (9,13,-0.456493) (10,13,-0.889727) (24,13,0.456493) (25,13,0.889727) (12,14,-0.694497) (13,14,0.719495) (18,14,0.694497) (19,14,-0.719495) (15,15,-0.456281) (16,15,0.889836) (18,15,0.456281) (19,15,-0.889836) (15,16,-0.999643) (16,16,-0.0267291) (24,16,0.999643) (25,16,0.0267291) (18,17,0.0262751) (19,17,-0.999655) (21,17,-0.0262751) (22,17,0.999655) (18,18,-0.020807) (19,18,-0.999784) (24,18,0.020807) (25,18,0.999784) (21,19,-0.064291) (22,19,-0.997931) (24,19,0.064291) (25,19,0.997931) 
Q:
size: 20 20
(0,0,0.0795775) (1,0,0.0275569) (2,0,0.0173252) (3,0,0.0397557) (4,0,0.0276969) (8,0,0.0204153) (11,0,0.00165565) (12,0,0.00201436) (13,0,-0.0164806) (0,1,0.0275569) (1,1,0.0795775) (2,1,0.0378366) (3,1,0.0287037) (4,1,0.0397883) (11,1,0.0275297) (14,1,-0.000356787) (0,2,0.0173252) (1,2,0.0378366) (2,2,0.0795775) (3,2,0.0187706) (4,2,0.0377759) (6,2,0.0379373) (12,2,0.0348957) (15,2,0.0224495) (16,2,-0.0199162) (0,3,0.0397557) (1,3,0.0287037) (2,3,0.0187706) (3,3,0.0795775) (4,3,0.0288382) (9,3,0.0290075) (14,3,0.0278106) (15,3,0.0183746) (17,3,0.00129267) (18,3,-0.000580599) (0,4,0.0276969) (1,4,0.0397883) (2,4,0.0377759) (3,4,0.0288382) (4,4,0.0795775) (7,4,0.0380007) (10,4,0.0292211) (13,4,0.0374726) (16,4,0.0297256) (18,4,0.0278315) (19,4,0.0290424) (5,5,0.0795775) (6,5,0.0258092) (7,5,0.0151901) (8,5,0.036157) (9,5,0.0291272) (10,5,0.00212241) (2,6,0.0379373) (5,6,0.0258092) (6,6,0.0795775) (7,6,0.037842) (12,6,0.0275085) (15,6,0.0115007) (16,6,-0.0293745) (4,7,0.0380007) (5,7,0.0151901) (6,7,0.037842) (7,7,0.0795775) (10,7,0.0359124) (13,7,0.0318235) (16,7,0.0362294) (18,7,0.0181523) (19,7,0.0196758) (0,8,0.0204153) (5,8,0.036157) (8,8,0.0795775) (9,8,0.0377827) (10,8,0.0185127) (11,8,0.0349719) (12,8,0.0351417) (13,8,0.0226285) (3,9,0.0290075) (5,9,0.0291272) (8,9,0.0377827) (9,9,0.0795775) (10,9,0.0286214) (14,9,0.039752) (15,9,0.0375521) (17,9,0.0281624) (18,9,0.0268082) (4,10,0.0292211) (5,10,0.00212241) (7,10,0.0359124) (8,10,0.0185127) (9,10,0.0286214) (10,10,0.0795775) (13,10,0.0184408) (16,10,0.0397816) (18,10,0.00114038) (19,10,0.00286992) (0,11,0.00165565) (1,11,0.0275297) (8,11,0.0349719) (11,11,0.0795775) (12,11,0.0397871) (13,11,0.035498) (14,11,0.0284793) (0,12,0.00201436) (2,12,0.0348957) (6,12,0.0275085) (8,12,0.0351417) (11,12,0.0397871) (12,12,0.0795775) (13,12,0.0353343) (15,12,0.0354717) (16,12,-0.000917748) (0,13,-0.0164806) (4,13,0.0374726) (7,13,0.0318235) (8,13,0.0226285) (10,13,0.0184408) (11,13,0.035498) (12,13,0.0353343) (13,13,0.0795775) (16,13,0.019103) (18,13,0.0357714) (19,13,0.0364956) (1,14,-0.000356787) (3,14,0.0278106) (9,14,0.039752) (11,14,0.0284793) (14,14,0.0795775) (15,14,0.0380825) (17,14,0.029344) (18,14,0.0280466) (2,15,0.0224495) (3,15,0.0183746) (6,15,0.0115007) (9,15,0.0375521) (12,15,0.0354717) (14,15,0.0380825) (15,15,0.0795775) (16,15,0.017202) (17,15,0.0358702) (18,15,0.03502) (2,16,-0.0199162) (4,16,0.0297256) (6,16,-0.0293745) (7,16,0.0362294) (10,16,0.0397816) (12,16,-0.000917748) (13,16,0.019103) (15,16,0.017202) (16,16,0.0795775) (18,16,0.00189088) (19,16,0.00361846) (3,17,0.00129267) (9,17,0.0281624) (14,17,0.029344) (15,17,0.0358702) (17,17,0.0795775) (18,17,0.0397446) (19,17,-0.0396255) (3,18,-0.000580599) (4,18,0.0278315) (7,18,0.0181523) (9,18,0.0268082) (10,18,0.00114038) (13,18,0.0357714) (14,18,0.0280466) (15,18,0.03502) (16,18,0.00189088) (17,18,0.0397446) (18,18,0.0795775) (19,18,0.0397511) (4,19,0.0290424) (7,19,0.0196758) (10,19,0.00286992) (13,19,0.0364956) (16,19,0.00361846) (17,19,-0.0396255) (18,19,0.0397511) (19,19,0.0795775) 
Minv:
size: 27 27
(0,0,0.0397887) (1,1,0.0397887) (2,2,0.0795775) (3,3,0.0397887) (4,4,0.0397887) (5,5,0.0795775) (6,6,0.0397887) (7,7,0.0397887) (8,8,0.0795775) (9,9,0.0397887) (10,10,0.0397887) (11,11,0.0795775) (12,12,0.0397887) (13,13,0.0397887) (14,14,0.0795775) (15,15,0.0397887) (16,16,0.0397887) (17,17,0.0795775) (18,18,0.0397887) (19,19,0.0397887) (20,20,0.0795775) (21,21,0.0397887) (22,22,0.0397887) (23,23,0.0795775) (24,24,0.0397887) (25,25,0.0397887) (26,26,0.0795775) 
v0:
size: 27 1
(0,0,0.397861) (1,0,-0.359552) (2,0,0) (3,0,-0.749034) (4,0,0.702237) (5,0,0) (6,0,-0.574983) (7,0,-0.244766) (8,0,0) (9,0,-0.672431) (10,0,0.413868) (11,0,0) (12,0,-0.330103) (13,0,-0.821495) (14,0,0) (15,0,-0.158913) (16,0,-0.590834) (17,0,0) (18,0,-0.353956) (19,0,0.484722) (20,0,0) (21,0,0.81666) (22,0,0.0528085) (23,0,0) (24,0,-0.728771) (25,0,-0.112775) (26,0,0) 
ipopt_sol:
size: 20 1
(0,0,26.4542) (1,0,2.09616) (2,0,4.18381e-06) (3,0,0.000102007) (4,0,5.88988e-07) (5,0,21.9011) (6,0,6.54521) (7,0,1.61319e-07) (8,0,7.3306e-08) (9,0,8.70167e-08) (10,0,3.59351e-07) (11,0,28.9566) (12,0,7.31143e-06) (13,0,4.71391e-07) (14,0,2.14962) (15,0,18.3724) (16,0,11.9945) (17,0,7.43317) (18,0,4.41525e-07) (19,0,9.80602) 
policy_sol:
size: 20 1
(0,0,26.4543) (1,0,2.09619) (2,0,0) (3,0,0) (4,0,0) (5,0,21.9011) (6,0,6.54521) (7,0,0) (8,0,0) (9,0,0) (10,0,0) (11,0,28.9566) (12,0,0) (13,0,0) (14,0,2.14967) (15,0,18.3724) (16,0,11.9945) (17,0,7.43314) (18,0,0) (19,0,9.806) 

policy_converges:
1
