Git Revision:     3cfe7dc3fe6810e9e399640d632720aa3564fe80
Build Mode:       Debug
C Compiler:       /usr/bin/cc
C++ Compiler:     /usr/bin/c++
Fortran Compiler: gfortran
Body count: 9
No end time specified. Simulation will run indefinitely.
N:
size: 27 16
(0,0,0.0503234) (1,0,-0.998733) (3,0,-0.0503234) (4,0,0.998733) (0,1,0.00253924) (1,1,-0.999997) (6,1,-0.00253924) (7,1,0.999997) (0,2,-0.999896) (1,2,-0.0144359) (9,2,0.999896) (10,2,0.0144359) (0,3,-0.428014) (1,3,-0.903772) (15,3,0.428014) (16,3,0.903772) (0,4,-0.890165) (1,4,-0.455638) (21,4,0.890165) (22,4,0.455638) (0,5,-0.709699) (1,5,-0.704505) (24,5,0.709699) (25,5,0.704505) (3,6,-0.699815) (4,6,0.714324) (9,6,0.699815) (10,6,-0.714324) (3,7,-0.729866) (4,7,-0.68359) (15,7,0.729866) (16,7,0.68359) (6,8,-0.999602) (7,8,0.0282066) (15,8,0.999602) (16,8,-0.0282066) (6,9,-0.890741) (7,9,0.454511) (21,9,0.890741) (22,9,-0.454511) (12,10,0.0184864) (13,10,-0.999829) (15,10,-0.0184864) (16,10,0.999829) (12,11,-0.999803) (13,11,0.0198325) (21,11,0.999803) (22,11,-0.0198325) (12,12,-0.736814) (13,12,-0.676095) (24,12,0.736814) (25,12,0.676095) (15,13,-0.723357) (16,13,0.690474) (21,13,0.723357) (22,13,-0.690474) (18,14,-0.0206992) (19,14,-0.999786) (24,14,0.0206992) (25,14,0.999786) (21,15,0.00521913) (22,15,-0.999986) (24,15,-0.00521913) (25,15,0.999986) 
Q:
size: 16 16
(0,0,0.0795775) (1,0,0.0397433) (2,0,-0.00142844) (3,0,0.0350574) (4,0,0.0163239) (5,0,0.0265748) (6,0,0.0297873) (7,0,-0.0257033) (0,1,0.0397433) (1,1,0.0795775) (2,1,0.00047336) (3,1,0.0359166) (4,1,0.0180393) (5,1,0.0279596) (8,1,0.0012233) (9,1,0.0181743) (0,2,-0.00142844) (1,2,0.00047336) (2,2,0.0795775) (3,2,0.0175475) (4,2,0.0356766) (5,2,0.0286398) (6,2,0.0274315) (0,3,0.0350574) (1,3,0.0359166) (2,3,0.0175475) (3,3,0.0795775) (4,3,0.0315444) (5,3,0.0374202) (7,3,0.0370116) (8,3,0.0160091) (10,3,0.035639) (13,3,0.0125105) (0,4,0.0163239) (1,4,0.0180393) (2,4,0.0356766) (3,4,0.0315444) (4,4,0.0795775) (5,4,0.0379087) (9,4,0.0233088) (11,4,0.035052) (13,4,0.0131025) (15,4,-0.0179442) (0,5,0.0265748) (1,5,0.0279596) (2,5,0.0286398) (3,5,0.0374202) (4,5,0.0379087) (5,5,0.0795775) (12,5,0.0397581) (14,5,0.0286098) (15,5,0.0278836) (0,6,0.0297873) (2,6,0.0274315) (6,6,0.0795775) (7,6,0.000893892) (0,7,-0.0257033) (3,7,0.0370116) (6,7,0.000893892) (7,7,0.0795775) (8,7,0.0282617) (10,7,0.0266577) (13,7,-0.00222629) (1,8,0.0012233) (3,8,0.0160091) (7,8,0.0282617) (8,8,0.0795775) (9,8,0.0359375) (10,8,-0.00185737) (13,8,-0.0295449) (1,9,0.0181743) (4,9,0.0233088) (8,9,0.0359375) (9,9,0.0795775) (11,9,0.0357932) (13,9,0.0381237) (15,9,0.0182691) (3,10,0.035639) (7,10,0.0266577) (8,10,-0.00185737) (10,10,0.0795775) (11,10,-0.00152438) (12,10,0.0263544) (13,10,0.0280005) (4,11,0.035052) (9,11,0.0357932) (10,11,-0.00152438) (11,11,0.0795775) (12,11,0.0287776) (13,11,0.0293207) (15,11,0.00099672) (5,12,0.0397581) (10,12,0.0263544) (11,12,0.0287776) (12,12,0.0795775) (14,12,0.027502) (15,12,0.0267476) (3,13,0.0125105) (4,13,0.0131025) (7,13,-0.00222629) (8,13,-0.0295449) (9,13,0.0381237) (10,13,0.0280005) (11,13,0.0293207) (13,13,0.0795775) (15,13,0.0276229) (5,14,0.0286098) (12,14,0.027502) (14,14,0.0795775) (15,14,0.0397754) (4,15,-0.0179442) (5,15,0.0278836) (9,15,0.0182691) (11,15,0.00099672) (12,15,0.0267476) (13,15,0.0276229) (14,15,0.0397754) (15,15,0.0795775) 
Minv:
size: 27 27
(0,0,0.0397887) (1,1,0.0397887) (2,2,0.0795775) (3,3,0.0397887) (4,4,0.0397887) (5,5,0.0795775) (6,6,0.0397887) (7,7,0.0397887) (8,8,0.0795775) (9,9,0.0397887) (10,10,0.0397887) (11,11,0.0795775) (12,12,0.0397887) (13,13,0.0397887) (14,14,0.0795775) (15,15,0.0397887) (16,16,0.0397887) (17,17,0.0795775) (18,18,0.0397887) (19,19,0.0397887) (20,20,0.0795775) (21,21,0.0397887) (22,22,0.0397887) (23,23,0.0795775) (24,24,0.0397887) (25,25,0.0397887) (26,26,0.0795775) 
v0:
size: 27 1
(0,0,0.780633) (1,0,0.362312) (2,0,0) (3,0,-0.114146) (4,0,-0.538782) (5,0,0) (6,0,0.227662) (7,0,0.24486) (8,0,0) (9,0,-0.870591) (10,0,-0.706587) (11,0,0) (12,0,0.697784) (13,0,0.512656) (14,0,0) (15,0,-0.860541) (16,0,-0.695397) (17,0,0) (18,0,0.862279) (19,0,-0.0515764) (20,0,0) (21,0,0.289232) (22,0,0.536193) (23,0,0) (24,0,0.88325) (25,0,-0.0821531) (26,0,0) 
ipopt_sol:
size: 16 1
(0,0,21.2197) (1,0,1.00595e-07) (2,0,41.2807) (3,0,4.46) (4,0,5.7973e-08) (5,0,3.87642e-08) (6,0,8.58848e-08) (7,0,2.96286) (8,0,25.363) (9,0,5.40661e-08) (10,0,27.4377) (11,0,10.6094) (12,0,8.97214e-08) (13,0,1.08128e-07) (14,0,1.53604e-07) (15,0,15.4855) 
policy_sol:
size: 16 1
(0,0,21.2197) (1,0,0) (2,0,41.2807) (3,0,4.46) (4,0,0) (5,0,0) (6,0,0) (7,0,2.96286) (8,0,25.363) (9,0,0) (10,0,27.4377) (11,0,10.6094) (12,0,0) (13,0,0) (14,0,0) (15,0,15.4855) 

policy_converges:
1
