Git Revision:     18345a57b34405566a64d0bf3d2a118f1cdbade3
Build Mode:       Debug
C Compiler:       /usr/bin/cc
C++ Compiler:     /usr/bin/c++
Fortran Compiler: gfortran
Body count: 9
No end time specified. Simulation will run indefinitely.
N:
size: 27 22
(0,0,-0.0156933) (1,0,-0.999877) (3,0,0.0156933) (4,0,0.999877) (0,1,0.0142064) (1,1,-0.999899) (6,1,-0.0142064) (7,1,0.999899) (0,2,-0.699535) (1,2,-0.714599) (12,2,0.699535) (13,2,0.714599) (0,3,-0.44216) (1,3,-0.896936) (15,3,0.44216) (16,3,0.896936) (0,4,-0.898215) (1,4,-0.439556) (21,4,0.898215) (22,4,0.439556) (0,5,-0.701873) (1,5,-0.712302) (24,5,0.701873) (25,5,0.712302) (3,6,0.0417152) (4,6,-0.99913) (6,6,-0.0417152) (7,6,0.99913) (3,7,-0.691127) (4,7,-0.722734) (15,7,0.691127) (16,7,0.722734) (3,8,-0.999744) (4,8,-0.0226462) (21,8,0.999744) (22,8,0.0226462) (3,9,-0.880824) (4,9,-0.473444) (24,9,0.880824) (25,9,0.473444) (6,10,-0.902305) (7,10,0.431099) (21,10,0.902305) (22,10,-0.431099) (9,11,0.0055627) (10,11,-0.999985) (12,11,-0.0055627) (13,11,0.999985) (9,12,-0.00121616) (10,12,-0.999999) (15,12,0.00121616) (16,12,0.999999) (9,13,-0.999865) (10,13,-0.0164501) (18,13,0.999865) (19,13,0.0164501) (9,14,-0.728981) (10,14,-0.684534) (21,14,0.728981) (22,14,0.684534) (9,15,-0.451229) (10,15,-0.892408) (24,15,0.451229) (25,15,0.892408) (12,16,-0.72045) (13,16,0.693507) (18,16,0.72045) (19,16,-0.693507) (12,17,-0.999556) (13,17,-0.029806) (21,17,0.999556) (22,17,0.029806) (12,18,-0.704019) (13,18,-0.710181) (24,18,0.704019) (25,18,0.710181) (15,19,-0.757967) (16,19,0.652293) (21,19,0.757967) (22,19,-0.652293) (15,20,-0.997392) (16,20,-0.0721811) (24,20,0.997392) (25,20,0.0721811) (18,21,-0.0824881) (19,21,-0.996592) (21,21,0.0824881) (22,21,0.996592) 
Q:
size: 22 22
(0,0,0.0795775) (1,0,0.039771) (2,0,0.0288663) (3,0,0.0359597) (4,0,0.0180481) (5,0,0.0287764) (6,0,-0.0397232) (7,0,-0.0291847) (8,0,-0.00152521) (9,0,-0.0193854) (0,1,0.039771) (1,1,0.0795775) (2,1,0.0280347) (3,1,0.0354344) (4,1,0.0169799) (5,1,0.027942) (6,1,0.0397737) (10,1,0.0176612) (0,2,0.0288663) (1,2,0.0280347) (2,2,0.0795775) (3,2,0.0378095) (4,2,0.0374984) (5,2,0.0397885) (11,2,0.0282777) (16,2,-0.00033426) (17,2,-0.0286687) (18,2,-0.0397879) (0,3,0.0359597) (1,3,0.0354344) (2,3,0.0378095) (3,3,0.0795775) (4,3,0.0314891) (5,3,0.0377687) (7,3,0.0379519) (12,3,0.0357093) (19,3,0.0099441) (20,3,-0.0201231) (0,4,0.0180481) (1,4,0.0169799) (2,4,0.0374984) (3,4,0.0314891) (4,4,0.0795775) (5,4,0.0375418) (8,4,0.0361258) (10,4,0.0247077) (14,4,0.038025) (17,4,0.0362443) (19,4,0.0156807) (21,4,0.0203778) (0,5,0.0287764) (1,5,0.027942) (2,5,0.0397885) (3,5,0.0377687) (4,5,0.0375418) (5,5,0.0795775) (9,5,0.0380166) (15,5,0.0378936) (18,5,0.0397886) (20,5,0.0298995) (0,6,-0.0397232) (1,6,0.0397737) (6,6,0.0795775) (7,6,0.0275845) (8,6,-0.00075909) (9,6,0.0173593) (10,6,0.0186356) (0,7,-0.0291847) (3,7,0.0379519) (6,7,0.0275845) (7,7,0.0795775) (8,7,0.0281432) (9,7,0.0378365) (12,7,0.0287901) (19,7,-0.00208562) (20,7,-0.029503) (0,8,-0.00152521) (4,8,0.0361258) (6,8,-0.00075909) (7,8,0.0281432) (8,8,0.0795775) (9,8,0.0354645) (10,8,0.0355039) (14,8,0.0296146) (17,8,0.0397877) (19,8,0.0295631) (21,8,0.00417925) (0,9,-0.0193854) (5,9,0.0380166) (6,9,0.0173593) (7,9,0.0378365) (8,9,0.0354645) (9,9,0.0795775) (15,9,0.0326251) (18,9,0.0380519) (20,9,0.0363152) (1,10,0.0176612) (4,10,0.0247077) (6,10,0.0186356) (8,10,0.0355039) (10,10,0.0795775) (14,10,0.0144298) (17,10,0.0353743) (19,10,0.0384009) (21,10,-0.014133) (2,11,0.0282777) (11,11,0.0795775) (12,11,0.0397878) (13,11,0.000433215) (14,11,0.027075) (15,11,0.0354074) (16,11,0.0277528) (17,11,-0.000964691) (18,11,-0.0281009) (3,12,0.0357093) (7,12,0.0287901) (11,12,0.0397878) (12,12,0.0795775) (13,12,0.000702911) (14,12,0.027272) (15,12,0.0355296) (19,12,0.0259172) (20,12,-0.00292026) (11,13,0.000433215) (12,13,0.000702911) (13,13,0.0795775) (14,13,0.0294494) (15,13,0.0185355) (16,13,0.028208) (21,13,-0.00393395) (4,14,0.038025) (8,14,0.0296146) (10,14,0.0144298) (11,14,0.027075) (12,14,0.027272) (13,14,0.0294494) (14,14,0.0795775) (15,14,0.0373943) (17,14,0.0298042) (19,14,0.00421869) (21,14,0.0295365) (5,15,0.0378936) (9,15,0.0326251) (11,15,0.0354074) (12,15,0.0355296) (13,15,0.0185355) (14,15,0.0373943) (15,15,0.0795775) (18,15,0.0378568) (20,15,0.02047) (2,16,-0.00033426) (11,16,0.0277528) (13,16,0.028208) (16,16,0.0795775) (17,16,0.0278306) (18,16,0.00058472) (21,16,0.0251351) (2,17,-0.0286687) (4,17,0.0362443) (8,17,0.0397877) (10,17,0.0353743) (11,17,-0.000964691) (14,17,0.0298042) (16,17,0.0278306) (17,17,0.0795775) (18,17,0.0288418) (19,17,0.0293716) (21,17,0.00446254) (2,18,-0.0397879) (5,18,0.0397886) (9,18,0.0380519) (11,18,-0.0281009) (15,18,0.0378568) (16,18,0.00058472) (17,18,0.0288418) (18,18,0.0795775) (20,18,0.0299786) (3,19,0.0099441) (4,19,0.0156807) (7,19,-0.00208562) (8,19,0.0295631) (10,19,0.0384009) (12,19,0.0259172) (14,19,0.00421869) (17,19,0.0293716) (19,19,0.0795775) (20,19,0.0282065) (21,19,-0.0233777) (3,20,-0.0201231) (5,20,0.0298995) (7,20,-0.029503) (9,20,0.0363152) (12,20,-0.00292026) (15,20,0.02047) (18,20,0.0299786) (19,20,0.0282065) (20,20,0.0795775) (4,21,0.0203778) (8,21,0.00417925) (10,21,-0.014133) (13,21,-0.00393395) (14,21,0.0295365) (16,21,0.0251351) (17,21,0.00446254) (19,21,-0.0233777) (21,21,0.0795775) 
Minv:
size: 27 27
(0,0,0.0397887) (1,1,0.0397887) (2,2,0.0795775) (3,3,0.0397887) (4,4,0.0397887) (5,5,0.0795775) (6,6,0.0397887) (7,7,0.0397887) (8,8,0.0795775) (9,9,0.0397887) (10,10,0.0397887) (11,11,0.0795775) (12,12,0.0397887) (13,13,0.0397887) (14,14,0.0795775) (15,15,0.0397887) (16,16,0.0397887) (17,17,0.0795775) (18,18,0.0397887) (19,19,0.0397887) (20,20,0.0795775) (21,21,0.0397887) (22,22,0.0397887) (23,23,0.0795775) (24,24,0.0397887) (25,25,0.0397887) (26,26,0.0795775) 
v0:
size: 27 1
(0,0,0.788874) (1,0,0.376394) (2,0,0) (3,0,0.685551) (4,0,0.0797803) (5,0,0) (6,0,-0.744624) (7,0,-0.187192) (8,0,0) (9,0,0.984806) (10,0,0.256912) (11,0,0) (12,0,0.904485) (13,0,-0.741923) (14,0,0) (15,0,-0.102779) (16,0,-0.492529) (17,0,0) (18,0,0.839797) (19,0,-0.25117) (20,0,0) (21,0,-0.864594) (22,0,-0.303622) (23,0,0) (24,0,-0.33715) (25,0,-0.0696921) (26,0,0) 
ipopt_sol:
size: 22 1
(0,0,8.03356) (1,0,8.35196e-07) (2,0,31.0922) (3,0,4.14497e-05) (4,0,3.41335e-07) (5,0,3.19152e-05) (6,0,5.88796e-07) (7,0,29.7015) (8,0,2.82039e-07) (9,0,3.79575) (10,0,4.06915e-08) (11,0,8.57093) (12,0,2.77846e-07) (13,0,2.14008e-07) (14,0,24.0697) (15,0,2.82662e-06) (16,0,1.22452e-07) (17,0,44.165) (18,0,6.17793) (19,0,3.19919e-07) (20,0,12.0601) (21,0,1.64035e-07) 
policy_sol:
size: 22 1
(0,0,8.03358) (1,0,0) (2,0,31.0923) (3,0,0) (4,0,0) (5,0,0) (6,0,0) (7,0,29.7016) (8,0,0) (9,0,3.79571) (10,0,0) (11,0,8.57093) (12,0,0) (13,0,0) (14,0,24.0697) (15,0,0) (16,0,0) (17,0,44.165) (18,0,6.17799) (19,0,0) (20,0,12.0601) (21,0,0) 

policy_converges:
1
ipopt_converges:
0
