Git Revision:     18345a57b34405566a64d0bf3d2a118f1cdbade3
Build Mode:       Debug
C Compiler:       /usr/bin/cc
C++ Compiler:     /usr/bin/c++
Fortran Compiler: gfortran
Body count: 9
No end time specified. Simulation will run indefinitely.
N:
size: 27 24
(0,0,0.0265736) (1,0,-0.999647) (3,0,-0.0265736) (4,0,0.999647) (0,1,0.0163602) (1,1,-0.999866) (6,1,-0.0163602) (7,1,0.999866) (0,2,-0.999882) (1,2,0.0153895) (9,2,0.999882) (10,2,-0.0153895) (0,3,-0.717632) (1,3,-0.696422) (12,3,0.717632) (13,3,0.696422) (0,4,-0.435602) (1,4,-0.900139) (15,4,0.435602) (16,4,0.900139) (0,5,-0.999999) (1,5,-0.00171425) (18,5,0.999999) (19,5,0.00171425) (0,6,-0.885772) (1,6,-0.46412) (21,6,0.885772) (22,6,0.46412) (0,7,-0.685448) (1,7,-0.728122) (24,7,0.685448) (25,7,0.728122) (3,8,-0.683205) (4,8,0.730226) (9,8,0.683205) (10,8,-0.730226) (3,9,-0.999089) (4,9,0.0426725) (12,9,0.999089) (13,9,-0.0426725) (3,10,-0.89558) (4,10,0.444901) (18,10,0.89558) (19,10,-0.444901) (6,11,-0.434641) (7,11,0.900604) (9,11,0.434641) (10,11,-0.900604) (6,12,-0.711051) (7,12,0.70314) (12,12,0.711051) (13,12,-0.70314) (6,13,-0.71624) (7,13,0.697854) (18,13,0.71624) (19,13,-0.697854) (9,14,-0.0272778) (10,14,-0.999628) (15,14,0.0272778) (16,14,0.999628) (9,15,-0.434589) (10,15,-0.900629) (24,15,0.434589) (25,15,0.900629) (12,16,0.00757829) (13,16,-0.999971) (15,16,-0.00757829) (16,16,0.999971) (12,17,-0.652744) (13,17,-0.757579) (24,17,0.652744) (25,17,0.757579) (15,18,-0.444771) (16,18,0.895645) (18,18,0.444771) (19,18,-0.895645) (15,19,-0.70271) (16,19,0.711477) (21,19,0.70271) (22,19,-0.711477) (15,20,-0.999989) (16,20,-0.00467607) (24,20,0.999989) (25,20,0.00467607) (18,21,0.0196236) (19,21,-0.999807) (21,21,-0.0196236) (22,21,0.999807) (18,22,0.0362312) (19,22,-0.999343) (24,22,-0.0362312) (25,22,0.999343) (21,23,0.0532249) (22,23,-0.998583) (24,23,-0.0532249) (25,23,0.998583) 
Q:
size: 24 24
(0,0,0.0795775) (1,0,0.0397867) (2,0,-0.00166932) (3,0,0.0269412) (4,0,0.0353422) (5,0,-0.000989146) (6,0,0.0175237) (7,0,0.0282361) (8,0,0.0297669) (9,0,0.00275365) (10,0,0.0186427) (0,1,0.0397867) (1,1,0.0795775) (2,1,-0.00126312) (3,1,0.0272389) (4,1,0.0355271) (5,1,-0.000582752) (6,1,0.0178877) (7,1,0.028521) (11,1,0.036112) (12,1,0.0284362) (13,1,0.0282292) (0,2,-0.00166932) (1,2,-0.00126312) (2,2,0.0795775) (3,2,0.0281239) (4,2,0.0167788) (5,2,0.0397829) (6,2,0.0349554) (7,2,0.026824) (8,2,0.0276278) (11,2,0.0178432) (14,2,-0.000473119) (15,2,-0.0167382) (0,3,0.0269412) (1,3,0.0272389) (2,3,0.0281239) (3,3,0.0795775) (4,3,0.0373807) (5,3,0.0286011) (6,3,0.0381527) (7,3,0.0397481) (9,3,0.0273452) (12,3,0.000819291) (16,3,-0.0274926) (17,3,-0.0396306) (0,4,0.0353422) (1,4,0.0355271) (2,4,0.0167788) (3,4,0.0373807) (4,4,0.0795775) (5,4,0.0173934) (6,4,0.0319749) (7,4,0.0379582) (14,4,0.0362749) (16,4,0.035683) (18,4,0.0243691) (19,4,0.0133024) (20,4,-0.0174993) (0,5,-0.000989146) (1,5,-0.000582752) (2,5,0.0397829) (3,5,0.0286011) (4,5,0.0173934) (5,5,0.0795775) (6,5,0.0352754) (7,5,0.0273227) (10,5,0.0356036) (13,5,0.0284507) (18,5,0.0176357) (21,5,0.000712601) (22,5,0.00137343) (0,6,0.0175237) (1,6,0.0178877) (2,6,0.0349554) (3,6,0.0381527) (4,6,0.0319749) (5,6,0.0352754) (6,6,0.0795775) (7,6,0.0376038) (19,6,0.0116275) (21,6,0.0177716) (23,6,-0.0165647) (0,7,0.0282361) (1,7,0.028521) (2,7,0.026824) (3,7,0.0397481) (4,7,0.0379582) (5,7,0.0273227) (6,7,0.0376038) (7,7,0.0795775) (15,7,0.0379448) (17,7,0.0397502) (20,7,0.0274083) (22,7,0.0279639) (23,7,0.0274784) (0,8,0.0297669) (2,8,0.0276278) (8,8,0.0795775) (9,8,0.028399) (10,8,0.0372718) (11,8,0.0379821) (14,8,0.0283025) (15,8,0.0143538) (0,9,0.00275365) (3,9,0.0273452) (8,9,0.028399) (9,9,0.0795775) (10,9,0.0363569) (12,9,0.0294599) (16,9,0.00199909) (17,9,-0.0246619) (0,10,0.0186427) (5,10,0.0356036) (8,10,0.0372718) (9,10,0.0363569) (10,10,0.0795775) (13,10,0.0378759) (18,10,0.0317037) (21,10,0.0183979) (22,10,0.0189815) (1,11,0.036112) (2,11,0.0178432) (8,11,0.0379821) (11,11,0.0795775) (12,11,0.037493) (13,11,0.0373933) (14,11,0.0353488) (15,11,0.0247573) (1,12,0.0284362) (3,12,0.000819291) (9,12,0.0294599) (11,12,0.037493) (12,12,0.0795775) (13,12,0.0397876) (16,12,0.0281907) (17,12,0.0027275) (1,13,0.0282292) (5,13,0.0284507) (10,13,0.0378759) (11,13,0.0373933) (12,13,0.0397876) (13,13,0.0795775) (18,13,0.0375443) (21,13,0.0283206) (22,13,0.028781) (2,14,-0.000473119) (4,14,0.0362749) (8,14,0.0283025) (11,14,0.0353488) (14,14,0.0795775) (15,14,0.0362932) (16,14,0.0397646) (18,14,0.0351406) (19,14,0.0275355) (20,14,-0.00127132) (2,15,-0.0167382) (7,15,0.0379448) (8,15,0.0143538) (11,15,0.0247573) (14,15,0.0362932) (15,15,0.0795775) (17,15,0.0384348) (20,15,0.0174591) (22,15,0.0351849) (23,15,0.0348637) (3,16,-0.0274926) (4,16,0.035683) (9,16,0.00199909) (12,16,0.0281907) (14,16,0.0397646) (16,16,0.0795775) (17,16,0.0299454) (18,16,0.0357697) (19,16,0.0285198) (20,16,0.000115478) (3,17,-0.0396306) (7,17,0.0397502) (9,17,-0.0246619) (12,17,0.0027275) (15,17,0.0384348) (16,17,0.0299454) (17,17,0.0795775) (20,17,0.0261125) (22,17,0.0291823) (23,17,0.028718) (4,18,0.0243691) (5,18,0.0176357) (10,18,0.0317037) (13,18,0.0375443) (14,18,0.0351406) (16,18,0.0357697) (18,18,0.0795775) (19,18,0.0377903) (20,18,0.01753) (21,18,0.035977) (22,18,0.0362543) (4,19,0.0133024) (6,19,0.0116275) (14,19,0.0275355) (16,19,0.0285198) (18,19,0.0377903) (19,19,0.0795775) (20,19,0.0278273) (21,19,-0.028852) (23,19,0.0297568) (4,20,-0.0174993) (7,20,0.0274083) (14,20,-0.00127132) (15,20,0.0174591) (16,20,0.000115478) (17,20,0.0261125) (18,20,0.01753) (19,20,0.0278273) (20,20,0.0795775) (22,20,-0.00125565) (23,20,-0.00193194) (5,21,0.000712601) (6,21,0.0177716) (10,21,0.0183979) (13,21,0.0283206) (18,21,0.035977) (19,21,-0.028852) (21,21,0.0795775) (22,21,0.0397832) (23,21,-0.0397662) (5,22,0.00137343) (7,22,0.0279639) (10,22,0.0189815) (13,22,0.028781) (15,22,0.0351849) (17,22,0.0291823) (18,22,0.0362543) (20,22,-0.00125565) (21,22,0.0397832) (22,22,0.0795775) (23,22,0.039783) (6,23,-0.0165647) (7,23,0.0274784) (15,23,0.0348637) (17,23,0.028718) (19,23,0.0297568) (20,23,-0.00193194) (21,23,-0.0397662) (22,23,0.039783) (23,23,0.0795775) 
Minv:
size: 27 27
(0,0,0.0397887) (1,1,0.0397887) (2,2,0.0795775) (3,3,0.0397887) (4,4,0.0397887) (5,5,0.0795775) (6,6,0.0397887) (7,7,0.0397887) (8,8,0.0795775) (9,9,0.0397887) (10,10,0.0397887) (11,11,0.0795775) (12,12,0.0397887) (13,13,0.0397887) (14,14,0.0795775) (15,15,0.0397887) (16,16,0.0397887) (17,17,0.0795775) (18,18,0.0397887) (19,19,0.0397887) (20,20,0.0795775) (21,21,0.0397887) (22,22,0.0397887) (23,23,0.0795775) (24,24,0.0397887) (25,25,0.0397887) (26,26,0.0795775) 
v0:
size: 27 1
(0,0,0.679841) (1,0,0.398413) (2,0,0) (3,0,-0.0976359) (4,0,-0.954559) (5,0,0) (6,0,-0.23925) (7,0,-0.304644) (8,0,0) (9,0,-0.621222) (10,0,0.107137) (11,0,0) (12,0,-0.071617) (13,0,0.511358) (14,0,0) (15,0,0.897391) (16,0,-0.321646) (17,0,0) (18,0,0.185321) (19,0,0.774903) (20,0,0) (21,0,0.861492) (22,0,-0.346883) (23,0,0) (24,0,-0.143579) (25,0,-0.676284) (26,0,0) 
ipopt_sol:
size: 24 1
(0,0,32.7196) (1,0,1.03649e-06) (2,0,31.19) (3,0,3.07832e-07) (4,0,1.00167e-07) (5,0,3.25118e-07) (6,0,4.91775e-08) (7,0,1.346e-07) (8,0,3.76214) (9,0,3.64712e-07) (10,0,1.60282e-07) (11,0,3.44725) (12,0,2.66704) (13,0,1.46968e-07) (14,0,4.31307e-07) (15,0,6.73431e-07) (16,0,20.1361) (17,0,3.13965e-07) (18,0,5.61126e-07) (19,0,9.01981e-08) (20,0,26.6439) (21,0,13.6514) (22,0,29.7445) (23,0,2.37549e-06) 
policy_sol:
size: 24 1
(0,0,32.7196) (1,0,0) (2,0,31.19) (3,0,0) (4,0,0) (5,0,0) (6,0,0) (7,0,0) (8,0,3.76214) (9,0,0) (10,0,0) (11,0,3.44726) (12,0,2.66704) (13,0,0) (14,0,0) (15,0,0) (16,0,20.1361) (17,0,0) (18,0,0) (19,0,0) (20,0,26.6439) (21,0,13.6514) (22,0,29.7445) (23,0,0) 

policy_converges:
1
ipopt_converges:
0
