Git Revision:     18345a57b34405566a64d0bf3d2a118f1cdbade3
Build Mode:       Debug
C Compiler:       /usr/bin/cc
C++ Compiler:     /usr/bin/c++
Fortran Compiler: gfortran
Body count: 9
No end time specified. Simulation will run indefinitely.
N:
size: 27 15
(0,0,-0.0547066) (1,0,-0.998502) (3,0,0.0547066) (4,0,0.998502) (0,1,0.0100248) (1,1,-0.99995) (6,1,-0.0100248) (7,1,0.99995) (0,2,-0.999442) (1,2,-0.0333951) (9,2,0.999442) (10,2,0.0333951) (3,3,0.0704968) (4,3,-0.997512) (6,3,-0.0704968) (7,3,0.997512) (3,4,-0.725852) (4,4,0.687851) (9,4,0.725852) (10,4,-0.687851) (6,5,-0.473543) (7,5,0.880771) (9,5,0.473543) (10,5,-0.880771) (6,6,-0.99793) (7,6,-0.0643169) (15,6,0.99793) (16,6,0.0643169) (6,7,-0.723456) (7,7,0.690371) (18,7,0.723456) (19,7,-0.690371) (6,8,-0.90243) (7,8,0.430836) (21,8,0.90243) (22,8,-0.430836) (9,9,0.0212531) (10,9,-0.999774) (12,9,-0.0212531) (13,9,0.999774) (9,10,-0.00864515) (10,10,-0.999963) (15,10,0.00864515) (16,10,0.999963) (9,11,-0.451071) (10,11,-0.892488) (24,11,0.451071) (25,11,0.892488) (12,12,-0.717123) (13,12,0.696946) (18,12,0.717123) (19,12,-0.696946) (12,13,-0.999752) (13,13,0.0222717) (21,13,0.999752) (22,13,-0.0222717) (21,14,0.0027709) (22,14,-0.999996) (24,14,-0.0027709) (25,14,0.999996) 
Q:
size: 15 15
(0,0,0.0795775) (1,0,0.0397053) (2,0,0.00350225) (3,0,-0.0394769) (4,0,0.0257478) (0,1,0.0397053) (1,1,0.0795775) (2,1,0.00093003) (3,1,0.0397159) (5,1,0.0352319) (6,1,-0.00216091) (7,1,0.0277562) (8,1,0.0175015) (0,2,0.00350225) (1,2,0.00093003) (2,2,0.0795775) (4,2,0.0279507) (5,2,0.0176609) (9,2,-0.000483285) (10,2,-0.00167249) (11,2,-0.0191234) (0,3,-0.0394769) (1,3,0.0397159) (3,3,0.0795775) (4,3,-0.0293366) (5,3,0.0362858) (6,3,0.000246452) (7,3,0.0294299) (8,3,0.0196311) (0,4,0.0257478) (2,4,0.0279507) (3,4,-0.0293366) (4,4,0.0795775) (5,4,0.0377818) (9,4,0.0279763) (10,4,0.027118) (11,4,0.011399) (1,5,0.0352319) (2,5,0.0176609) (3,5,0.0362858) (4,5,0.0377818) (5,5,0.0795775) (6,5,0.0165487) (7,5,0.037825) (8,5,0.0321018) (9,5,0.0354373) (10,5,0.0348805) (11,5,0.0227781) (1,6,-0.00216091) (3,6,0.000246452) (5,6,0.0165487) (6,6,0.0795775) (7,6,0.0269591) (8,6,0.0347297) (10,6,0.00290226) (1,7,0.0277562) (3,7,0.0294299) (5,7,0.037825) (6,7,0.0269591) (7,7,0.0795775) (8,7,0.0378114) (12,7,0.0397871) (1,8,0.0175015) (3,8,0.0196311) (5,8,0.0321018) (6,8,0.0347297) (7,8,0.0378114) (8,8,0.0795775) (13,8,0.0362794) (14,8,0.0172418) (2,9,-0.000483285) (4,9,0.0279763) (5,9,0.0354373) (9,9,0.0795775) (10,9,0.039771) (11,9,0.0351215) (12,9,0.0283308) (13,9,0.00173139) (2,10,-0.00167249) (4,10,0.027118) (5,10,0.0348805) (6,10,0.00290226) (9,10,0.039771) (10,10,0.0795775) (11,10,0.0356648) (2,11,-0.0191234) (4,11,0.011399) (5,11,0.0227781) (9,11,0.0351215) (10,11,0.0356648) (11,11,0.0795775) (14,11,0.0354611) (7,12,0.0397871) (9,12,0.0283308) (12,12,0.0795775) (13,12,0.029144) (8,13,0.0362794) (9,13,0.00173139) (12,13,0.029144) (13,13,0.0795775) (14,13,0.000996384) (8,14,0.0172418) (11,14,0.0354611) (13,14,0.000996384) (14,14,0.0795775) 
Minv:
size: 27 27
(0,0,0.0397887) (1,1,0.0397887) (2,2,0.0795775) (3,3,0.0397887) (4,4,0.0397887) (5,5,0.0795775) (6,6,0.0397887) (7,7,0.0397887) (8,8,0.0795775) (9,9,0.0397887) (10,10,0.0397887) (11,11,0.0795775) (12,12,0.0397887) (13,13,0.0397887) (14,14,0.0795775) (15,15,0.0397887) (16,16,0.0397887) (17,17,0.0795775) (18,18,0.0397887) (19,19,0.0397887) (20,20,0.0795775) (21,21,0.0397887) (22,22,0.0397887) (23,23,0.0795775) (24,24,0.0397887) (25,25,0.0397887) (26,26,0.0795775) 
v0:
size: 27 1
(0,0,-0.322015) (1,0,-0.311489) (2,0,0) (3,0,-0.131631) (4,0,-0.394829) (5,0,0) (6,0,0.0975671) (7,0,-0.570828) (8,0,0) (9,0,-0.371843) (10,0,0.47679) (11,0,0) (12,0,0.7723) (13,0,-0.601742) (14,0,0) (15,0,-0.47) (16,0,0.154843) (17,0,0) (18,0,0.124417) (19,0,-0.361928) (20,0,0) (21,0,0.23202) (22,0,0.414023) (23,0,0) (24,0,0.420814) (25,0,-0.14301) (26,0,0) 
ipopt_sol:
size: 15 1
(0,0,2.73109e-05) (1,0,1.71421e-06) (2,0,2.11349e-07) (3,0,1.35769e-06) (4,0,5.85943) (5,0,17.0625) (6,0,9.51369) (7,0,9.13539e-08) (8,0,8.8382e-08) (9,0,15.6158) (10,0,1.10061e-07) (11,0,7.23091e-08) (12,0,6.1512) (13,0,11.3777) (14,0,13.8704) 
policy_sol:
size: 15 1
(0,0,0) (1,0,0) (2,0,0) (3,0,0) (4,0,5.85944) (5,0,17.0625) (6,0,9.51369) (7,0,0) (8,0,0) (9,0,15.6158) (10,0,0) (11,0,0) (12,0,6.1512) (13,0,11.3777) (14,0,13.8704) 

policy_converges:
1
ipopt_converges:
0
