solve status: 0
N:
size: 27 19
(0,0,-0.0200298) (1,0,-0.999799) (6,0,0.0200298) (7,0,0.999799) (0,1,-0.894307) (1,1,-0.447453) (21,1,0.894307) (22,1,0.447453) (3,2,-0.0501551) (4,2,-0.998741) (6,2,0.0501551) (7,2,0.998741) (3,3,-0.708493) (4,3,-0.705718) (15,3,0.708493) (16,3,0.705718) (3,4,-0.999218) (4,4,-0.0395471) (21,4,0.999218) (22,4,0.0395471) (6,5,-0.442013) (7,5,0.897009) (9,5,0.442013) (10,5,-0.897009) (6,6,-0.704353) (7,6,0.70985) (12,6,0.704353) (13,6,-0.70985) (6,7,-0.996174) (7,7,0.0873916) (15,7,0.996174) (16,7,-0.0873916) (6,8,-0.692241) (7,8,0.721666) (18,8,0.692241) (19,8,-0.721666) (6,9,-0.897951) (7,9,0.440095) (21,9,0.897951) (22,9,-0.440095) (6,10,-0.99991) (7,10,0.0134134) (24,10,0.99991) (25,10,-0.0134134) (9,11,-0.0251116) (10,11,-0.999685) (12,11,0.0251116) (13,11,0.999685) (9,12,0.0233691) (10,12,-0.999727) (15,12,-0.0233691) (16,12,0.999727) (9,13,-0.716605) (10,13,-0.697479) (21,13,0.716605) (22,13,0.697479) (12,14,0.0740702) (13,14,-0.997253) (15,14,-0.0740702) (16,14,0.997253) (12,15,-0.679416) (13,15,0.733754) (18,15,0.679416) (19,15,-0.733754) (12,16,-0.999644) (13,16,-0.0266823) (21,16,0.999644) (22,16,0.0266823) (15,17,-0.458888) (16,17,0.888494) (18,17,0.458888) (19,17,-0.888494) (18,18,-0.0734549) (19,18,-0.997299) (21,18,0.0734549) (22,18,0.997299) 
Q:
size: 19 19
(0,0,0.0795775) (1,0,0.0185127) (2,0,0.0397707) (5,0,0.0353314) (6,0,0.027677) (7,0,0.00268259) (8,0,0.0281567) (9,0,0.0167917) (10,0,-0.000263293) (0,1,0.0185127) (1,1,0.0795775) (4,1,0.0362596) (9,1,0.0241168) (13,1,0.0379169) (16,1,0.0360457) (18,1,0.0203693) (0,2,0.0397707) (2,2,0.0795775) (3,2,0.0294582) (4,2,0.0035656) (5,2,0.0347638) (6,2,0.0268029) (7,2,0.00148485) (8,2,0.0272966) (9,2,0.0156968) (10,2,-0.0014624) (2,3,0.0294582) (3,3,0.0795775) (4,3,0.0292784) (7,3,0.0256282) (12,3,0.0274132) (14,3,0.0259145) (17,3,0.0120125) (1,4,0.0362596) (2,4,0.0035656) (3,4,0.0292784) (4,4,0.0795775) (9,4,0.0350079) (13,4,0.029588) (16,4,0.0397854) (18,4,0.00448967) (0,5,0.0353314) (2,5,0.0347638) (5,5,0.0795775) (6,5,0.0377227) (7,5,0.0206389) (8,5,0.0379314) (9,5,0.0314998) (10,5,0.0180643) (11,5,0.0352379) (12,5,0.0360921) (13,5,0.0122906) (0,6,0.027677) (2,6,0.0268029) (5,6,0.0377227) (6,6,0.0795775) (7,6,0.0303864) (8,6,0.039783) (9,6,0.0375954) (10,6,0.0284016) (11,6,-0.0275314) (14,6,0.0302423) (15,6,-0.039765) (16,6,-0.0272617) (0,7,0.00268259) (2,7,0.00148485) (3,7,0.0256282) (5,7,0.0206389) (6,7,0.0303864) (7,7,0.0795775) (8,7,0.0299474) (9,7,0.0371219) (10,7,0.0396796) (12,7,-0.00440252) (14,7,-0.00640353) (17,7,-0.0212782) (0,8,0.0281567) (2,8,0.0272966) (5,8,0.0379314) (6,8,0.039783) (7,8,0.0299474) (8,8,0.0795775) (9,8,0.0373696) (10,8,0.0279261) (15,8,0.0397826) (17,8,0.0381517) (18,8,0.0266134) (0,9,0.0167917) (1,9,0.0241168) (2,9,0.0156968) (4,9,0.0350079) (5,9,0.0314998) (6,9,0.0375954) (7,9,0.0371219) (8,9,0.0373696) (9,9,0.0795775) (10,9,0.03596) (13,9,0.0133897) (16,9,0.0352484) (18,9,-0.0148391) (0,10,-0.000263293) (2,10,-0.0014624) (5,10,0.0180643) (6,10,0.0284016) (7,10,0.0396796) (8,10,0.0279261) (9,10,0.03596) (10,10,0.0795775) (5,11,0.0352379) (6,11,-0.0275314) (11,11,0.0795775) (12,11,0.039742) (13,11,0.0284591) (14,11,-0.0395929) (15,11,0.0285071) (16,11,-0.00206013) (3,12,0.0274132) (5,12,0.0360921) (7,12,-0.00440252) (11,12,0.039742) (12,12,0.0795775) (13,12,0.0270779) (14,12,0.0397375) (17,12,0.0357691) (1,13,0.0379169) (4,13,0.029588) (5,13,0.0122906) (9,13,0.0133897) (11,13,0.0284591) (12,13,0.0270779) (13,13,0.0795775) (16,13,0.0292432) (18,13,0.0297712) (3,14,0.0259145) (6,14,0.0302423) (7,14,-0.00640353) (11,14,-0.0395929) (12,14,0.0397375) (14,14,0.0795775) (15,14,-0.0311173) (16,14,-0.00188737) (17,14,0.0366074) (6,15,-0.039765) (8,15,0.0397826) (11,15,0.0285071) (14,15,-0.0311173) (15,15,0.0795775) (16,15,0.0262445) (17,15,0.0383449) (18,15,0.0271305) (1,16,0.0360457) (4,16,0.0397854) (6,16,-0.0272617) (9,16,0.0352484) (11,16,-0.00206013) (13,16,0.0292432) (14,16,-0.00188737) (15,16,0.0262445) (16,16,0.0795775) (18,16,0.00398043) (3,17,0.0120125) (7,17,-0.0212782) (8,17,0.0381517) (12,17,0.0357691) (14,17,0.0366074) (15,17,0.0383449) (17,17,0.0795775) (18,17,0.0339154) (1,18,0.0203693) (4,18,0.00448967) (8,18,0.0266134) (9,18,-0.0148391) (13,18,0.0297712) (15,18,0.0271305) (16,18,0.00398043) (17,18,0.0339154) (18,18,0.0795775) 
Minv:
size: 27 27
(0,0,0.0397887) (1,1,0.0397887) (2,2,0.0795775) (3,3,0.0397887) (4,4,0.0397887) (5,5,0.0795775) (6,6,0.0397887) (7,7,0.0397887) (8,8,0.0795775) (9,9,0.0397887) (10,10,0.0397887) (11,11,0.0795775) (12,12,0.0397887) (13,13,0.0397887) (14,14,0.0795775) (15,15,0.0397887) (16,16,0.0397887) (17,17,0.0795775) (18,18,0.0397887) (19,19,0.0397887) (20,20,0.0795775) (21,21,0.0397887) (22,22,0.0397887) (23,23,0.0795775) (24,24,0.0397887) (25,25,0.0397887) (26,26,0.0795775) 
v0:
size: 27 1
(0,0,-0.84656) (1,0,-0.143701) (2,0,0) (3,0,-0.0748998) (4,0,0.977872) (5,0,0) (6,0,0.836928) (7,0,-0.43645) (8,0,0) (9,0,-0.380116) (10,0,0.302829) (11,0,0) (12,0,0.541551) (13,0,0.065733) (14,0,0) (15,0,-0.0183134) (16,0,-0.0587571) (17,0,0) (18,0,0.296618) (19,0,0.150743) (20,0,0) (21,0,-0.513712) (22,0,-0.962487) (23,0,0) (24,0,0.221925) (25,0,0.563046) (26,0,0) 
ipopt_sol:
size: 19 1
(0,0,0) (1,0,0) (2,0,30.3095) (3,0,0) (4,0,0) (5,0,8.78578) (6,0,0) (7,0,16.8145) (8,0,0) (9,0,0) (10,0,5.97065) (11,0,0) (12,0,4.62906) (13,0,2.22859) (14,0,1.71374) (15,0,0) (16,0,25.0573) (17,0,0) (18,0,27.3118) 
policy_sol:
size: 19 1
(0,0,0) (1,0,0) (2,0,30.4701) (3,0,0) (4,0,0) (5,0,16.1351) (6,0,-10.0303) (7,0,18.3351) (8,0,0) (9,0,0) (10,0,7.12695) (11,0,0) (12,0,-4.05781) (13,0,6.23153) (14,0,9.87551) (15,0,0) (16,0,20.4069) (17,0,0) (18,0,26.0469) 

policy_converges:
0
ipopt_converges:
0
