Git Revision:     18345a57b34405566a64d0bf3d2a118f1cdbade3
Build Mode:       Debug
C Compiler:       /usr/bin/cc
C++ Compiler:     /usr/bin/c++
Fortran Compiler: gfortran
Body count: 9
No end time specified. Simulation will run indefinitely.
N:
size: 27 11
(0,0,0.0192777) (1,0,-0.999814) (3,0,-0.0192777) (4,0,0.999814) (0,1,0.0122195) (1,1,-0.999925) (6,1,-0.0122195) (7,1,0.999925) (3,2,-0.694196) (4,2,0.719786) (9,2,0.694196) (10,2,-0.719786) (6,3,-0.999998) (7,3,-0.00193178) (24,3,0.999998) (25,3,0.00193178) (9,4,-0.0513894) (10,4,-0.998679) (12,4,0.0513894) (13,4,0.998679) (9,5,0.00969516) (10,5,-0.999953) (15,5,-0.00969516) (16,5,0.999953) (9,6,-0.695238) (10,6,-0.71878) (21,6,0.695238) (22,6,0.71878) (9,7,-0.448222) (10,7,-0.893922) (24,7,0.448222) (25,7,0.893922) (12,8,-0.707377) (13,8,-0.706836) (24,8,0.707377) (25,8,0.706836) (15,9,-0.999994) (16,9,0.0034447) (24,9,0.999994) (25,9,-0.0034447) (18,10,0.0488703) (19,10,-0.998805) (21,10,-0.0488703) (22,10,0.998805) 
Q:
size: 11 11
(0,0,0.0795775) (1,0,0.0397877) (2,0,0.0291665) (0,1,0.0397877) (1,1,0.0795775) (3,1,0.000409339) (0,2,0.0291665) (2,2,0.0795775) (4,2,0.0271821) (5,2,0.0289058) (6,2,0.00138209) (7,2,0.0132209) (1,3,0.000409339) (3,3,0.0795775) (7,3,0.0179029) (8,3,0.0281999) (9,3,0.0397882) (2,4,0.0271821) (4,4,0.0795775) (5,4,0.0397145) (6,4,0.0299831) (7,4,0.0364375) (8,4,-0.0295333) (2,5,0.0289058) (4,5,0.0397145) (5,5,0.0795775) (6,5,0.0283298) (7,5,0.0353935) (9,5,0.00052281) (2,6,0.00138209) (4,6,0.0299831) (5,6,0.0283298) (6,6,0.0795775) (7,6,0.0379646) (10,6,0.0272133) (2,7,0.0132209) (3,7,0.0179029) (4,7,0.0364375) (5,7,0.0353935) (6,7,0.0379646) (7,7,0.0795775) (8,7,0.0377563) (9,7,0.0177116) (3,8,0.0281999) (4,8,-0.0295333) (7,8,0.0377563) (8,8,0.0795775) (9,8,0.0280486) (3,9,0.0397882) (5,9,0.00052281) (7,9,0.0177116) (8,9,0.0280486) (9,9,0.0795775) (6,10,0.0272133) (10,10,0.0795775) 
Minv:
size: 27 27
(0,0,0.0397887) (1,1,0.0397887) (2,2,0.0795775) (3,3,0.0397887) (4,4,0.0397887) (5,5,0.0795775) (6,6,0.0397887) (7,7,0.0397887) (8,8,0.0795775) (9,9,0.0397887) (10,10,0.0397887) (11,11,0.0795775) (12,12,0.0397887) (13,13,0.0397887) (14,14,0.0795775) (15,15,0.0397887) (16,16,0.0397887) (17,17,0.0795775) (18,18,0.0397887) (19,19,0.0397887) (20,20,0.0795775) (21,21,0.0397887) (22,22,0.0397887) (23,23,0.0795775) (24,24,0.0397887) (25,25,0.0397887) (26,26,0.0795775) 
v0:
size: 27 1
(0,0,-0.863878) (1,0,0.679833) (2,0,0) (3,0,-0.645388) (4,0,-0.821759) (5,0,0) (6,0,-0.0808648) (7,0,0.526553) (8,0,0) (9,0,0.192302) (10,0,0.491132) (11,0,0) (12,0,0.402439) (13,0,0.0478199) (14,0,0) (15,0,0.450425) (16,0,0.0632082) (17,0,0) (18,0,0.508905) (19,0,-0.342145) (20,0,0) (21,0,0.501663) (22,0,-0.755106) (23,0,0) (24,0,-0.245086) (25,0,0.635314) (26,0,0) 
ipopt_sol:
size: 11 1
(0,0,37.838) (1,0,6.70538e-08) (2,0,1.33214e-07) (3,0,2.36844e-07) (4,0,4.21763) (5,0,4.40071) (6,0,11.7885) (7,0,8.74781e-08) (8,0,3.13837e-07) (9,0,17.5006) (10,0,6.32622) 
policy_sol:
size: 11 1
(0,0,37.838) (1,0,0) (2,0,0) (3,0,0) (4,0,4.21763) (5,0,4.40071) (6,0,11.7885) (7,0,0) (8,0,0) (9,0,17.5006) (10,0,6.32622) 

policy_converges:
1
ipopt_converges:
1
