Git Revision:     18345a57b34405566a64d0bf3d2a118f1cdbade3
Build Mode:       Debug
C Compiler:       /usr/bin/cc
C++ Compiler:     /usr/bin/c++
Fortran Compiler: gfortran
Body count: 9
No end time specified. Simulation will run indefinitely.
N:
size: 27 14
(0,0,0.0541385) (1,0,-0.998533) (3,0,-0.0541385) (4,0,0.998533) (0,1,-0.998817) (1,1,-0.0486196) (9,1,0.998817) (10,1,0.0486196) (0,2,-0.902298) (1,2,-0.431113) (21,2,0.902298) (22,2,0.431113) (0,3,-0.699528) (1,3,-0.714605) (24,3,0.699528) (25,3,0.714605) (3,4,-0.747952) (4,4,0.663753) (9,4,0.747952) (10,4,-0.663753) (3,5,-0.889208) (4,5,0.457504) (18,5,0.889208) (19,5,-0.457504) (3,6,-0.894113) (4,6,-0.447842) (24,6,0.894113) (25,6,0.447842) (12,7,-0.690057) (13,7,0.723755) (18,7,0.690057) (19,7,-0.723755) (12,8,-0.998822) (13,8,0.048524) (21,8,0.998822) (22,8,-0.048524) (12,9,-0.710234) (13,9,-0.703966) (24,9,0.710234) (25,9,0.703966) (15,10,-0.444826) (16,10,0.895617) (18,10,0.444826) (19,10,-0.895617) (15,11,-0.999862) (16,11,-0.0166166) (24,11,0.999862) (25,11,0.0166166) (18,12,-0.0456256) (19,12,-0.998959) (21,12,0.0456256) (22,12,0.998959) (18,13,-0.000921426) (19,13,-1) (24,13,0.000921426) (25,13,1) 
Q:
size: 14 14
(0,0,0.0795775) (1,0,-0.00021988) (2,0,0.0151846) (3,0,0.0268847) (4,0,0.0279823) (5,0,0.0200922) (6,0,-0.0158669) (0,1,-0.00021988) (1,1,0.0795775) (2,1,0.0366928) (3,1,0.0291828) (4,1,0.0284408) (0,2,0.0151846) (1,2,0.0366928) (2,2,0.0795775) (3,2,0.0373719) (8,2,0.0350266) (12,2,0.0187736) (0,3,0.0268847) (1,3,0.0291828) (2,3,0.0373719) (3,3,0.0795775) (6,3,0.0376197) (9,3,0.0397842) (11,3,0.028302) (13,3,0.0284589) (0,4,0.0279823) (1,4,0.0284408) (4,4,0.0795775) (5,4,0.0385455) (6,4,0.0147814) (0,5,0.0200922) (4,5,0.0385455) (5,5,0.0795775) (6,5,0.0234818) (7,5,0.0375894) (10,5,0.0320415) (12,5,0.0165703) (13,5,0.0181709) (0,6,-0.0158669) (3,6,0.0376197) (4,6,0.0147814) (5,6,0.0234818) (6,6,0.0795775) (9,6,0.037811) (11,6,0.0358668) (13,6,0.0178518) (5,7,0.0375894) (7,7,0.0795775) (8,7,0.0288215) (9,7,-0.000771783) (10,7,0.0380047) (12,7,0.0275146) (13,7,0.028772) (2,8,0.0350266) (7,8,0.0288215) (8,8,0.0795775) (9,8,0.0268669) (12,8,-0.000115453) (3,9,0.0397842) (6,9,0.037811) (7,9,-0.000771783) (8,9,0.0268669) (9,9,0.0795775) (11,9,0.0287208) (13,9,0.0280359) (5,10,0.0320415) (7,10,0.0380047) (10,10,0.0795775) (11,10,0.0171045) (12,10,0.0347908) (13,10,0.0356192) (3,11,0.028302) (6,11,0.0358668) (9,11,0.0287208) (10,11,0.0171045) (11,11,0.0795775) (13,11,0.00069781) (2,12,0.0187736) (5,12,0.0165703) (7,12,0.0275146) (8,12,-0.000115453) (10,12,0.0347908) (12,12,0.0795775) (13,12,0.039749) (3,13,0.0284589) (5,13,0.0181709) (6,13,0.0178518) (7,13,0.028772) (9,13,0.0280359) (10,13,0.0356192) (11,13,0.00069781) (12,13,0.039749) (13,13,0.0795775) 
Minv:
size: 27 27
(0,0,0.0397887) (1,1,0.0397887) (2,2,0.0795775) (3,3,0.0397887) (4,4,0.0397887) (5,5,0.0795775) (6,6,0.0397887) (7,7,0.0397887) (8,8,0.0795775) (9,9,0.0397887) (10,10,0.0397887) (11,11,0.0795775) (12,12,0.0397887) (13,13,0.0397887) (14,14,0.0795775) (15,15,0.0397887) (16,16,0.0397887) (17,17,0.0795775) (18,18,0.0397887) (19,19,0.0397887) (20,20,0.0795775) (21,21,0.0397887) (22,22,0.0397887) (23,23,0.0795775) (24,24,0.0397887) (25,25,0.0397887) (26,26,0.0795775) 
v0:
size: 27 1
(0,0,0.687068) (1,0,-0.380694) (2,0,0) (3,0,0.450372) (4,0,-0.559314) (5,0,0) (6,0,-0.555829) (7,0,0.50072) (8,0,0) (9,0,-0.361073) (10,0,-0.407657) (11,0,0) (12,0,0.978152) (13,0,-0.267222) (14,0,0) (15,0,0.57091) (16,0,0.0676047) (17,0,0) (18,0,0.922409) (19,0,0.760458) (20,0,0) (21,0,0.548426) (22,0,-0.170837) (23,0,0) (24,0,-0.404669) (25,0,0.59838) (26,0,0) 
ipopt_sol:
size: 14 1
(0,0,0.991861) (1,0,23.0618) (2,0,5.35199e-08) (3,0,6.22013e-08) (4,0,9.19254) (5,0,1.16578e-07) (6,0,1.72035e-07) (7,0,9.96101) (8,0,7.32689) (9,0,6.33311e-07) (10,0,1.48191e-07) (11,0,24.2939) (12,0,20.377) (13,0,1.05529e-07) 
policy_sol:
size: 14 1
(0,0,0.991859) (1,0,23.0618) (2,0,0) (3,0,0) (4,0,9.19254) (5,0,0) (6,0,0) (7,0,9.96101) (8,0,7.32689) (9,0,0) (10,0,0) (11,0,24.2939) (12,0,20.377) (13,0,0) 

policy_converges:
1
ipopt_converges:
1
