Git Revision:     3cfe7dc3fe6810e9e399640d632720aa3564fe80
Build Mode:       Debug
C Compiler:       /usr/bin/cc
C++ Compiler:     /usr/bin/c++
Fortran Compiler: gfortran
Body count: 9
No end time specified. Simulation will run indefinitely.
N:
size: 27 19
(0,0,0.0269107) (1,0,-0.999638) (3,0,-0.0269107) (4,0,0.999638) (0,1,-0.00108799) (1,1,-0.999999) (6,1,0.00108799) (7,1,0.999999) (0,2,-0.999185) (1,2,0.0403738) (9,2,0.999185) (10,2,-0.0403738) (0,3,-0.731914) (1,3,-0.681397) (12,3,0.731914) (13,3,0.681397) (0,4,-0.465771) (1,4,-0.884906) (15,4,0.465771) (16,4,0.884906) (0,5,-0.999965) (1,5,0.00835711) (18,5,0.999965) (19,5,-0.00835711) (0,6,-0.714213) (1,6,-0.699928) (24,6,0.714213) (25,6,0.699928) (3,7,-0.0283897) (4,7,-0.999597) (6,7,0.0283897) (7,7,0.999597) (3,8,-0.74263) (4,8,-0.669702) (15,8,0.74263) (16,8,0.669702) (6,9,-0.440726) (7,9,0.897641) (9,9,0.440726) (10,9,-0.897641) (6,10,-0.997278) (7,10,0.0737313) (15,10,0.997278) (16,10,-0.0737313) (9,11,-0.0485968) (10,11,-0.998818) (12,11,0.0485968) (13,11,0.998818) (9,12,-0.00472611) (10,12,-0.999989) (15,12,0.00472611) (16,12,0.999989) (9,13,-0.446404) (10,13,-0.894831) (24,13,0.446404) (25,13,0.894831) (12,14,0.0427638) (13,14,-0.999085) (15,14,-0.0427638) (16,14,0.999085) (12,15,-0.679506) (13,15,0.73367) (18,15,0.679506) (19,15,-0.73367) (15,16,-0.444794) (16,16,0.895633) (18,16,0.444794) (19,16,-0.895633) (18,17,-0.0133255) (19,17,-0.999911) (24,17,0.0133255) (25,17,0.999911) (21,18,0.054452) (22,18,-0.998516) (24,18,-0.054452) (25,18,0.998516) 
Q:
size: 19 19
(0,0,0.0795775) (1,0,0.0397731) (2,0,-0.00267571) (3,0,0.0263184) (4,0,0.0346978) (5,0,-0.0014031) (6,0,0.0270744) (7,0,-0.0397279) (8,0,-0.0258418) (0,1,0.0397731) (1,1,0.0795775) (2,1,-0.00156317) (3,1,0.0271436) (4,1,0.0352294) (5,1,-0.000289231) (6,1,0.0278802) (7,1,0.0397739) (9,1,0.0356969) (10,1,0.0028905) (0,2,-0.00267571) (1,2,-0.00156317) (2,2,0.0795775) (3,2,0.0280036) (4,2,0.0170958) (5,2,0.0397683) (6,2,0.0272701) (9,2,0.0189636) (11,2,-0.000327502) (12,2,0.00141851) (13,2,-0.0163099) (0,3,0.0263184) (1,3,0.0271436) (2,3,0.0280036) (3,3,0.0795775) (4,3,0.0375556) (5,3,0.0288943) (6,3,0.0397757) (11,3,0.0284951) (14,3,-0.0258418) (15,3,0.000102723) (0,4,0.0346978) (1,4,0.0352294) (2,4,0.0170958) (3,4,0.0375556) (4,4,0.0795775) (5,4,0.0182375) (6,4,0.0378801) (8,4,0.0373424) (10,4,0.015886) (12,4,0.0352965) (14,4,0.0343845) (16,4,0.0232915) (0,5,-0.0014031) (1,5,-0.000289231) (2,5,0.0397683) (3,5,0.0288943) (4,5,0.0182375) (5,5,0.0795775) (6,5,0.0281839) (15,5,0.0272797) (16,5,0.017995) (17,5,-0.000197697) (0,6,0.0270744) (1,6,0.0278802) (2,6,0.0272701) (3,6,0.0397757) (4,6,0.0378801) (5,6,0.0281839) (6,6,0.0795775) (13,6,0.0376061) (17,6,0.0282255) (18,6,0.0262605) (0,7,-0.0397279) (1,7,0.0397739) (7,7,0.0795775) (8,7,0.0274747) (9,7,0.0352038) (10,7,0.00180598) (0,8,-0.0258418) (4,8,0.0373424) (7,8,0.0274747) (8,8,0.0795775) (10,8,0.0275032) (12,8,0.0267859) (14,8,0.0253586) (16,8,0.0107226) (1,9,0.0356969) (2,9,0.0189636) (7,9,0.0352038) (9,9,0.0795775) (10,9,0.0201216) (11,9,0.0348216) (12,9,0.0356327) (13,9,0.0241317) (1,10,0.0028905) (4,10,0.015886) (7,10,0.00180598) (8,10,0.0275032) (9,10,0.0201216) (10,10,0.0795775) (12,10,-0.00274611) (14,10,-0.00462788) (16,10,-0.0202771) (2,11,-0.000327502) (3,11,0.0284951) (9,11,0.0348216) (11,11,0.0795775) (12,11,0.0397504) (13,11,0.0364253) (14,11,-0.0396227) (15,11,0.0278434) (2,12,0.00141851) (4,12,0.0352965) (8,12,0.0267859) (9,12,0.0356327) (10,12,-0.00274611) (11,12,0.0397504) (12,12,0.0795775) (13,12,0.0356878) (14,12,0.0397439) (16,12,0.0355521) (2,13,-0.0163099) (6,13,0.0376061) (9,13,0.0241317) (11,13,0.0364253) (12,13,0.0356878) (13,13,0.0795775) (17,13,0.0358377) (18,13,0.0345842) (3,14,-0.0258418) (4,14,0.0343845) (8,14,0.0253586) (10,14,-0.00462788) (11,14,-0.0396227) (12,14,0.0397439) (14,14,0.0795775) (15,14,-0.0303213) (16,14,0.0363603) (3,15,0.000102723) (5,15,0.0272797) (11,15,0.0278434) (14,15,-0.0303213) (15,15,0.0795775) (16,15,0.0381709) (17,15,0.0288289) (4,16,0.0232915) (5,16,0.017995) (8,16,0.0107226) (10,16,-0.0202771) (12,16,0.0355521) (14,16,0.0363603) (15,16,0.0381709) (16,16,0.0795775) (17,16,0.0353971) (5,17,-0.000197697) (6,17,0.0282255) (13,17,0.0358377) (15,17,0.0288289) (16,17,0.0353971) (17,17,0.0795775) (18,17,0.0396973) (6,18,0.0262605) (13,18,0.0345842) (17,18,0.0396973) (18,18,0.0795775) 
Minv:
size: 27 27
(0,0,0.0397887) (1,1,0.0397887) (2,2,0.0795775) (3,3,0.0397887) (4,4,0.0397887) (5,5,0.0795775) (6,6,0.0397887) (7,7,0.0397887) (8,8,0.0795775) (9,9,0.0397887) (10,10,0.0397887) (11,11,0.0795775) (12,12,0.0397887) (13,13,0.0397887) (14,14,0.0795775) (15,15,0.0397887) (16,16,0.0397887) (17,17,0.0795775) (18,18,0.0397887) (19,19,0.0397887) (20,20,0.0795775) (21,21,0.0397887) (22,22,0.0397887) (23,23,0.0795775) (24,24,0.0397887) (25,25,0.0397887) (26,26,0.0795775) 
v0:
size: 27 1
(0,0,0.742571) (1,0,0.620807) (2,0,0) (3,0,-0.143513) (4,0,-0.0230835) (5,0,0) (6,0,-0.597445) (7,0,-0.460976) (8,0,0) (9,0,0.295697) (10,0,0.0877188) (11,0,0) (12,0,0.536452) (13,0,-0.591107) (14,0,0) (15,0,-0.829143) (16,0,-0.923948) (17,0,0) (18,0,0.665827) (19,0,0.0521515) (20,0,0) (21,0,0.76627) (22,0,0.732258) (23,0,0) (24,0,0.722147) (25,0,-0.46027) (26,0,0) 
ipopt_sol:
size: 19 1
(0,0,6.35039e-07) (1,0,6.28093e-07) (2,0,1.94668e-06) (3,0,1.86593e-07) (4,0,52.7541) (5,0,8.71318e-08) (6,0,6.3309e-08) (7,0,11.3249) (8,0,1.60906e-06) (9,0,1.14308e-07) (10,0,1.85659e-07) (11,0,15.2346) (12,0,1.99623e-07) (13,0,8.20236e-08) (14,0,1.61203e-07) (15,0,4.32126) (16,0,8.32281e-08) (17,0,3.06823e-07) (18,0,29.8666) 
policy_sol:
size: 19 1
(0,0,0) (1,0,0) (2,0,0) (3,0,0) (4,0,52.7541) (5,0,0) (6,0,0) (7,0,11.3249) (8,0,0) (9,0,0) (10,0,0) (11,0,15.2346) (12,0,0) (13,0,0) (14,0,0) (15,0,4.32126) (16,0,0) (17,0,0) (18,0,29.8666) 

policy_converges:
1
