Git Revision:     18345a57b34405566a64d0bf3d2a118f1cdbade3
Build Mode:       Debug
C Compiler:       /usr/bin/cc
C++ Compiler:     /usr/bin/c++
Fortran Compiler: gfortran
Body count: 9
No end time specified. Simulation will run indefinitely.
N:
size: 27 22
(0,0,-0.0485947) (1,0,-0.998819) (6,0,0.0485947) (7,0,0.998819) (0,1,-0.714394) (1,1,-0.699744) (12,1,0.714394) (13,1,0.699744) (0,2,-0.468129) (1,2,-0.88366) (15,2,0.468129) (16,2,0.88366) (0,3,-0.999832) (1,3,-0.0183502) (18,3,0.999832) (19,3,0.0183502) (0,4,-0.721639) (1,4,-0.692269) (24,4,0.721639) (25,4,0.692269) (3,5,-0.0891279) (4,5,-0.99602) (6,5,0.0891279) (7,5,0.99602) (3,6,-0.729035) (4,6,0.684476) (9,6,0.729035) (10,6,-0.684476) (3,7,-0.999818) (4,7,-0.0190621) (12,7,0.999818) (13,7,0.0190621) (3,8,-0.73631) (4,8,-0.676644) (15,8,0.73631) (16,8,0.676644) (3,9,-0.902723) (4,9,0.430222) (18,9,0.902723) (19,9,-0.430222) (3,10,-0.906812) (4,10,-0.421534) (24,10,0.906812) (25,10,0.421534) (6,11,-0.446132) (7,11,0.894967) (9,11,0.446132) (10,11,-0.894967) (6,12,-0.999946) (7,12,0.0104107) (24,12,0.999946) (25,12,-0.0104107) (9,13,0.0200608) (10,13,-0.999799) (12,13,-0.0200608) (13,13,0.999799) (9,14,0.019901) (10,14,-0.999802) (15,14,-0.019901) (16,14,0.999802) (9,15,-0.999683) (10,15,-0.025174) (18,15,0.999683) (19,15,0.025174) (9,16,-0.67554) (10,16,-0.737323) (21,16,0.67554) (22,16,0.737323) (9,17,-0.444525) (10,17,-0.895767) (24,17,0.444525) (25,17,0.895767) (12,18,0.0197246) (13,18,-0.999805) (15,18,-0.0197246) (16,18,0.999805) (12,19,-0.729472) (13,19,-0.684011) (24,19,0.729472) (25,19,0.684011) (15,20,-1) (16,20,-0.000187462) (24,20,1) (25,20,0.000187462) (21,21,-0.0475772) (22,21,-0.998868) (24,21,0.0475772) (25,21,0.998868) 
Q:
size: 22 22
(0,0,0.0795775) (1,0,0.0291903) (2,0,0.0360233) (3,0,0.00266247) (4,0,0.0289073) (5,0,0.0397559) (11,0,0.0347049) (12,0,-0.00151968) (0,1,0.0291903) (1,1,0.0795775) (2,1,0.0379093) (3,1,0.028931) (4,1,0.0397866) (7,1,0.0289504) (13,1,0.0272661) (18,1,-0.0272758) (19,1,-0.0397793) (0,2,0.0360233) (1,2,0.0379093) (2,2,0.0795775) (3,2,0.0192683) (4,2,0.0377814) (8,2,0.0375053) (14,2,0.0347821) (18,2,0.0347855) (20,2,-0.0186328) (0,3,0.00266247) (1,3,0.028931) (2,3,0.0192683) (3,3,0.0795775) (4,3,0.0292137) (9,3,0.0355981) (15,3,0.0397878) (0,4,0.0289073) (1,4,0.0397866) (2,4,0.0377814) (3,4,0.0292137) (4,4,0.0795775) (10,4,0.0376484) (12,4,0.0284248) (17,4,0.0374371) (19,4,0.0397862) (20,4,0.0287183) (21,4,0.0288794) (0,5,0.0397559) (5,5,0.0795775) (6,5,-0.0245407) (7,5,0.00430108) (8,5,0.0294268) (9,5,-0.0138485) (10,5,0.0199214) (11,5,0.0338858) (12,5,-0.00313352) (5,6,-0.0245407) (6,6,0.0795775) (7,6,0.028483) (8,6,0.00293042) (9,6,0.0379025) (10,6,0.014824) (11,6,0.0373151) (13,6,0.0278109) (14,6,0.0278063) (15,6,-0.0283126) (16,6,0.000484918) (17,6,0.0115012) (1,7,0.0289504) (5,7,0.00430108) (6,7,0.028483) (7,7,0.0795775) (8,7,0.0298047) (9,7,0.0355854) (10,7,0.0363941) (13,7,-3.97422e-05) (18,7,2.63627e-05) (19,7,-0.0295383) (2,8,0.0375053) (5,8,0.0294268) (6,8,0.00293042) (7,8,0.0298047) (8,8,0.0795775) (9,8,0.0148642) (10,8,0.0379156) (14,8,0.0263344) (18,8,0.0263397) (20,8,-0.0293019) (3,9,0.0355981) (5,9,-0.0138485) (6,9,0.0379025) (7,9,0.0355854) (8,9,0.0148642) (9,9,0.0795775) (10,9,0.0253553) (15,9,0.0354759) (4,10,0.0376484) (5,10,0.0199214) (6,10,0.014824) (7,10,0.0363941) (8,10,0.0379156) (9,10,0.0253553) (10,10,0.0795775) (12,10,0.0359044) (17,10,0.0310629) (19,10,0.0377925) (20,10,0.0360841) (21,10,0.01847) (0,11,0.0347049) (5,11,0.0338858) (6,11,0.0373151) (11,11,0.0795775) (12,11,0.0181208) (13,11,0.0359585) (14,11,0.0359558) (15,11,-0.016849) (16,11,0.0142642) (17,11,0.0240071) (0,12,-0.00151968) (4,12,0.0284248) (5,12,-0.00313352) (10,12,0.0359044) (11,12,0.0181208) (12,12,0.0795775) (17,12,0.0173151) (19,12,0.0287398) (20,12,0.0397865) (21,12,0.00147918) (1,13,0.0272661) (6,13,0.0278109) (7,13,-3.97422e-05) (11,13,0.0359585) (13,13,0.0795775) (14,13,0.0397887) (15,13,0.000203499) (16,13,0.028792) (17,13,0.0352794) (18,13,-0.0397887) (19,13,-0.0266282) (2,14,0.0347821) (6,14,0.0278063) (8,14,0.0263344) (11,14,0.0359558) (13,14,0.0397887) (14,14,0.0795775) (15,14,0.000209856) (16,14,0.0287964) (17,14,0.0352824) (18,14,0.0397887) (20,14,0.00078438) (3,15,0.0397878) (6,15,-0.0283126) (9,15,0.0354759) (11,15,-0.016849) (13,15,0.000203499) (14,15,0.000209856) (15,15,0.0795775) (16,15,0.0276089) (17,15,0.0185787) (6,16,0.000484918) (11,16,0.0142642) (13,16,0.028792) (14,16,0.0287964) (15,16,0.0276089) (16,16,0.0795775) (17,16,0.0382276) (21,16,-0.0305828) (4,17,0.0374371) (6,17,0.0115012) (10,17,0.0310629) (11,17,0.0240071) (12,17,0.0173151) (13,17,0.0352794) (14,17,0.0352824) (15,17,0.0185787) (16,17,0.0382276) (17,17,0.0795775) (19,17,0.0372813) (20,17,0.0176938) (21,17,0.0364426) (1,18,-0.0272758) (2,18,0.0347855) (7,18,2.63627e-05) (8,18,0.0263397) (13,18,-0.0397887) (14,18,0.0397887) (18,18,0.0795775) (19,18,0.0266381) (20,18,0.000777359) (1,19,-0.0397793) (4,19,0.0397862) (7,19,-0.0295383) (10,19,0.0377925) (12,19,0.0287398) (13,19,-0.0266282) (17,19,0.0372813) (18,19,0.0266381) (19,19,0.0795775) (20,19,0.0290299) (21,19,0.028566) (2,20,-0.0186328) (4,20,0.0287183) (8,20,-0.0293019) (10,20,0.0360841) (12,20,0.0397865) (14,20,0.00078438) (17,20,0.0176938) (18,20,0.000777359) (19,20,0.0290299) (20,20,0.0795775) (21,20,0.00190049) (4,21,0.0288794) (10,21,0.01847) (12,21,0.00147918) (16,21,-0.0305828) (17,21,0.0364426) (19,21,0.028566) (20,21,0.00190049) (21,21,0.0795775) 
Minv:
size: 27 27
(0,0,0.0397887) (1,1,0.0397887) (2,2,0.0795775) (3,3,0.0397887) (4,4,0.0397887) (5,5,0.0795775) (6,6,0.0397887) (7,7,0.0397887) (8,8,0.0795775) (9,9,0.0397887) (10,10,0.0397887) (11,11,0.0795775) (12,12,0.0397887) (13,13,0.0397887) (14,14,0.0795775) (15,15,0.0397887) (16,16,0.0397887) (17,17,0.0795775) (18,18,0.0397887) (19,19,0.0397887) (20,20,0.0795775) (21,21,0.0397887) (22,22,0.0397887) (23,23,0.0795775) (24,24,0.0397887) (25,25,0.0397887) (26,26,0.0795775) 
v0:
size: 27 1
(0,0,0.072814) (1,0,0.58066) (2,0,0) (3,0,0.440729) (4,0,0.671821) (5,0,0) (6,0,-0.733357) (7,0,-0.0138108) (8,0,0) (9,0,0.11386) (10,0,0.47076) (11,0,0) (12,0,-0.684932) (13,0,0.0350852) (14,0,0) (15,0,-0.508652) (16,0,-0.407648) (17,0,0) (18,0,-0.212066) (19,0,-0.663676) (20,0,0) (21,0,0.998369) (22,0,-0.457009) (23,0,0) (24,0,-0.751962) (25,0,-0.581356) (26,0,0) 
ipopt_sol:
size: 22 1
(0,0,2.19181e-06) (1,0,13.0805) (2,0,8.09549) (3,0,3.19055e-07) (4,0,7.9541) (5,0,10.1568) (6,0,3.05065e-07) (7,0,13.3225) (8,0,19.1722) (9,0,9.26934e-08) (10,0,7.29665) (11,0,1.07593e-07) (12,0,7.97206e-08) (13,0,6.42282e-07) (14,0,6.42516e-07) (15,0,3.13773) (16,0,9.59398e-08) (17,0,24.7094) (18,0,5.27536) (19,0,1.50562) (20,0,2.797) (21,0,9.11994e-08) 
policy_sol:
size: 22 1
(0,0,0) (1,0,13.4222) (2,0,8.08416) (3,0,0) (4,0,7.6232) (5,0,10.1568) (6,0,0) (7,0,11.9554) (8,0,17.3498) (9,0,0) (10,0,10.2838) (11,0,0) (12,0,0) (13,0,0) (14,0,0) (15,0,3.13773) (16,0,0) (17,0,24.7094) (18,0,6.51849) (19,0,0) (20,0,1.4253) (21,0,0) 

policy_converges:
1
ipopt_converges:
0
