Git Revision:     3cfe7dc3fe6810e9e399640d632720aa3564fe80
Build Mode:       Debug
C Compiler:       /usr/bin/cc
C++ Compiler:     /usr/bin/c++
Fortran Compiler: gfortran
Body count: 9
No end time specified. Simulation will run indefinitely.
N:
size: 27 17
(0,0,-0.895134) (1,0,-0.445798) (21,0,0.895134) (22,0,0.445798) (0,1,-0.717343) (1,1,-0.69672) (24,1,0.717343) (25,1,0.69672) (3,2,-0.0255639) (4,2,-0.999673) (6,2,0.0255639) (7,2,0.999673) (3,3,-0.999716) (4,3,-0.0238381) (21,3,0.999716) (22,3,0.0238381) (3,4,-0.898748) (4,4,-0.438465) (24,4,0.898748) (25,4,0.438465) (6,5,-0.999858) (7,5,0.0168289) (15,5,0.999858) (16,5,-0.0168289) (6,6,-0.89123) (7,6,0.453551) (21,6,0.89123) (22,6,-0.453551) (6,7,-0.999299) (7,7,0.0374372) (24,7,0.999299) (25,7,-0.0374372) (9,8,-0.739968) (10,8,-0.672642) (21,8,0.739968) (22,8,0.672642) (9,9,-0.48314) (10,9,-0.875543) (24,9,0.48314) (25,9,0.875543) (12,10,-0.6823) (13,10,0.731072) (18,10,0.6823) (19,10,-0.731072) (12,11,-0.999943) (13,11,-0.0106835) (21,11,0.999943) (22,11,0.0106835) (12,12,-0.724917) (13,12,-0.688837) (24,12,0.724917) (25,12,0.688837) (15,13,-0.998251) (16,13,0.0591141) (24,13,0.998251) (25,13,-0.0591141) (18,14,-0.0787076) (19,14,-0.996898) (21,14,0.0787076) (22,14,0.996898) (18,15,-0.0426981) (19,15,-0.999088) (24,15,0.0426981) (25,15,0.999088) (21,16,-0.00443978) (22,16,-0.99999) (24,16,0.00443978) (25,16,0.99999) 
Q:
size: 17 17
(0,0,0.0795775) (1,0,0.0379073) (3,0,0.036029) (6,0,0.0236973) (8,0,0.038286) (11,0,0.0358037) (14,0,0.020486) (16,0,-0.0178957) (0,1,0.0379073) (1,1,0.0795775) (4,1,0.0378072) (7,1,0.0274843) (9,1,0.0380613) (12,1,0.0397864) (13,1,0.0268535) (15,1,0.028915) (16,1,0.0278481) (2,2,0.0795775) (3,2,0.00196504) (4,2,0.0183544) (5,2,-0.000347628) (6,2,0.0171338) (7,2,0.000472649) (0,3,0.036029) (2,3,0.00196504) (3,3,0.0795775) (4,3,0.0361658) (6,3,0.0350207) (8,3,0.030072) (11,3,0.0397853) (14,3,0.00407633) (16,3,-0.00112508) (1,4,0.0378072) (2,4,0.0183544) (3,4,0.0361658) (4,4,0.0795775) (7,4,0.0350819) (9,4,0.0325518) (12,4,0.0379405) (13,4,0.0346662) (15,4,0.0189569) (16,4,0.0176046) (2,5,-0.000347628) (5,5,0.0795775) (6,5,0.0357596) (7,5,0.0397803) (13,5,-0.0397531) (0,6,0.0236973) (2,6,0.0171338) (3,6,0.0350207) (5,6,0.0357596) (6,6,0.0795775) (7,6,0.0361117) (8,6,0.0141013) (11,6,0.0352661) (14,6,-0.0151992) (16,6,0.0178886) (1,7,0.0274843) (2,7,0.000472649) (4,7,0.0350819) (5,7,0.0397803) (6,7,0.0361117) (7,7,0.0795775) (9,7,0.0179059) (12,7,0.0277972) (13,7,0.0397794) (15,7,0.00020949) (16,7,-0.00131304) (0,8,0.038286) (3,8,0.030072) (6,8,0.0141013) (8,8,0.0795775) (9,8,0.0376575) (11,8,0.0297267) (14,8,0.0289979) (16,8,-0.026894) (1,9,0.0380613) (4,9,0.0325518) (7,9,0.0179059) (8,9,0.0376575) (9,9,0.0795775) (12,9,0.0379323) (13,9,0.0171306) (15,9,0.0356258) (16,9,0.0349218) (10,10,0.0795775) (11,10,0.0268355) (12,10,-0.000357262) (14,10,0.0268615) (15,10,0.0279028) (0,11,0.0358037) (3,11,0.0397853) (6,11,0.0352661) (8,11,0.0297267) (10,11,0.0268355) (11,11,0.0795775) (12,11,0.0291347) (14,11,0.00355526) (16,11,-0.000601722) (1,12,0.0397864) (4,12,0.0379405) (7,12,0.0277972) (9,12,0.0379323) (10,12,-0.000357262) (11,12,0.0291347) (12,12,0.0795775) (13,12,0.0271729) (15,12,0.0286145) (16,12,0.0275357) (1,13,0.0268535) (4,13,0.0346662) (5,13,-0.0397531) (7,13,0.0397794) (9,13,0.0171306) (12,13,0.0271729) (13,13,0.0795775) (15,13,-0.000654) (16,13,-0.00217571) (0,14,0.020486) (3,14,0.00407633) (6,14,-0.0151992) (8,14,0.0289979) (10,14,0.0268615) (11,14,0.00355526) (14,14,0.0795775) (15,14,0.0397628) (16,14,-0.0396788) (1,15,0.028915) (4,15,0.0189569) (7,15,0.00020949) (9,15,0.0356258) (10,15,0.0279028) (12,15,0.0286145) (13,15,-0.000654) (14,15,0.0397628) (15,15,0.0795775) (16,15,0.0397596) (0,16,-0.0178957) (1,16,0.0278481) (3,16,-0.00112508) (4,16,0.0176046) (6,16,0.0178886) (7,16,-0.00131304) (8,16,-0.026894) (9,16,0.0349218) (11,16,-0.000601722) (12,16,0.0275357) (13,16,-0.00217571) (14,16,-0.0396788) (15,16,0.0397596) (16,16,0.0795775) 
Minv:
size: 27 27
(0,0,0.0397887) (1,1,0.0397887) (2,2,0.0795775) (3,3,0.0397887) (4,4,0.0397887) (5,5,0.0795775) (6,6,0.0397887) (7,7,0.0397887) (8,8,0.0795775) (9,9,0.0397887) (10,10,0.0397887) (11,11,0.0795775) (12,12,0.0397887) (13,13,0.0397887) (14,14,0.0795775) (15,15,0.0397887) (16,16,0.0397887) (17,17,0.0795775) (18,18,0.0397887) (19,19,0.0397887) (20,20,0.0795775) (21,21,0.0397887) (22,22,0.0397887) (23,23,0.0795775) (24,24,0.0397887) (25,25,0.0397887) (26,26,0.0795775) 
v0:
size: 27 1
(0,0,-0.258705) (1,0,-0.348224) (2,0,0) (3,0,-0.70693) (4,0,0.952647) (5,0,0) (6,0,0.836759) (7,0,0.833813) (8,0,0) (9,0,-0.0293901) (10,0,-0.460088) (11,0,0) (12,0,0.642896) (13,0,-0.360857) (14,0,0) (15,0,0.182974) (16,0,0.585105) (17,0,0) (18,0,0.479267) (19,0,0.175909) (20,0,0) (21,0,-0.891351) (22,0,-0.51515) (23,0,0) (24,0,-0.169587) (25,0,-0.711241) (26,0,0) 
ipopt_sol:
size: 17 1
(0,0,3.06482e-07) (1,0,1.11321e-07) (2,0,1.89229) (3,0,6.91131e-08) (4,0,1.34061e-07) (5,0,5.69157) (6,0,2.21891e-07) (7,0,21.2857) (8,0,1.6582e-06) (9,0,1.77112e-07) (10,0,1.10923e-07) (11,0,37.4926) (12,0,1.52461e-07) (13,0,3.29788e-06) (14,0,28.0606) (15,0,1.35878e-06) (16,0,19.474) 
policy_sol:
size: 17 1
(0,0,0) (1,0,0) (2,0,1.89229) (3,0,0) (4,0,0) (5,0,5.69157) (6,0,0) (7,0,21.2857) (8,0,0) (9,0,0) (10,0,0) (11,0,37.4926) (12,0,0) (13,0,0) (14,0,28.0606) (15,0,0) (16,0,19.474) 

policy_converges:
1
