Git Revision:     18345a57b34405566a64d0bf3d2a118f1cdbade3
Build Mode:       Debug
C Compiler:       /usr/bin/cc
C++ Compiler:     /usr/bin/c++
Fortran Compiler: gfortran
Body count: 9
No end time specified. Simulation will run indefinitely.
N:
size: 27 22
(0,0,-0.00315532) (1,0,-0.999995) (6,0,0.00315532) (7,0,0.999995) (0,1,-0.99979) (1,1,-0.0204801) (18,1,0.99979) (19,1,0.0204801) (0,2,-0.893967) (1,2,-0.448132) (21,2,0.893967) (22,2,0.448132) (3,3,0.0521786) (4,3,-0.998638) (6,3,-0.0521786) (7,3,0.998638) (3,4,-0.725366) (4,4,-0.688363) (15,4,0.725366) (16,4,0.688363) (3,5,-0.89819) (4,5,-0.439608) (24,5,0.89819) (25,5,0.439608) (6,6,-0.459265) (7,6,0.888299) (9,6,0.459265) (10,6,-0.888299) (6,7,-0.71337) (7,7,0.700788) (18,7,0.71337) (19,7,-0.700788) (6,8,-0.880164) (7,8,0.474669) (21,8,0.880164) (22,8,-0.474669) (9,9,0.0170645) (10,9,-0.999854) (12,9,-0.0170645) (13,9,0.999854) (9,10,-0.0100449) (10,10,-0.99995) (15,10,0.0100449) (16,10,0.99995) (9,11,-0.999909) (10,11,0.0134923) (18,11,0.999909) (19,11,-0.0134923) (9,12,-0.707966) (10,12,-0.706247) (21,12,0.707966) (22,12,0.706247) (9,13,-0.439363) (10,13,-0.89831) (24,13,0.439363) (25,13,0.89831) (12,14,-0.738816) (13,14,0.673907) (18,14,0.738816) (19,14,-0.673907) (12,15,-0.999956) (13,15,-0.00933546) (21,15,0.999956) (22,15,0.00933546) (12,16,-0.686516) (13,16,-0.727115) (24,16,0.686516) (25,16,0.727115) (15,17,-0.450581) (16,17,0.892735) (18,17,0.450581) (19,17,-0.892735) (15,18,-0.667946) (16,18,0.74421) (21,18,0.667946) (22,18,-0.74421) (15,19,-0.999999) (16,19,0.00126412) (24,19,0.999999) (25,19,-0.00126412) (18,20,0.0811352) (19,20,-0.996703) (21,20,-0.0811352) (22,20,0.996703) (18,21,0.0292925) (19,21,-0.999571) (24,21,-0.0292925) (25,21,0.999571) 
Q:
size: 22 22
(0,0,0.0795775) (1,0,0.000940392) (2,0,0.0179428) (3,0,0.0397278) (6,0,0.0352865) (7,0,0.0277938) (8,0,0.0187759) (0,1,0.000940392) (1,1,0.0795775) (2,1,0.0359275) (7,1,0.0278071) (11,1,0.0397658) (14,1,0.0288412) (17,1,0.0171968) (20,1,0.0024154) (21,1,0.000350739) (0,2,0.0179428) (1,2,0.0359275) (2,2,0.0795775) (8,2,0.0228437) (12,2,0.037775) (15,2,0.0357347) (18,2,0.010489) (20,2,0.0148859) (0,3,0.0397278) (3,3,0.0795775) (4,3,0.0258458) (5,3,0.0156029) (6,3,0.0362497) (7,3,0.0293265) (8,3,0.0206881) (3,4,0.0258458) (4,4,0.0795775) (5,4,0.0379635) (10,4,0.0276776) (17,4,0.0114468) (18,4,0.00110539) (19,4,-0.0288268) (3,5,0.0156029) (4,5,0.0379635) (5,5,0.0795775) (13,5,0.0314146) (16,5,0.0372529) (19,5,0.0357157) (21,5,0.0164371) (0,6,0.0352865) (3,6,0.0362497) (6,6,0.0795775) (7,6,0.0378047) (8,6,0.0328606) (9,6,0.035651) (10,6,0.035159) (11,6,-0.0187488) (12,6,0.0120247) (13,6,0.0237214) (0,7,0.0277938) (1,7,0.0278071) (3,7,0.0293265) (6,7,0.0378047) (7,7,0.0795775) (8,7,0.0382181) (11,7,0.0287577) (14,7,0.0397615) (17,7,0.0376819) (20,7,0.0300945) (21,7,0.0287029) (0,8,0.0187759) (2,8,0.0228437) (3,8,0.0206881) (6,8,0.0328606) (7,8,0.0382181) (8,8,0.0795775) (12,8,0.0114549) (15,8,0.0348428) (18,8,0.0374474) (20,8,-0.0216656) (6,9,0.035651) (9,9,0.0795775) (10,9,0.0397741) (11,9,-0.00121568) (12,9,0.0276159) (13,9,0.0354391) (14,9,0.0273117) (15,9,0.000307554) (16,9,-0.0284606) (4,10,0.0276776) (6,10,0.035159) (9,10,0.0397741) (10,10,0.0795775) (11,10,-0.000137177) (12,10,0.0283822) (13,10,0.0359164) (17,10,0.0353389) (18,10,0.0293427) (19,10,-0.00034938) (1,11,0.0397658) (6,11,-0.0187488) (7,11,0.0287577) (9,11,-0.00121568) (10,11,-0.000137177) (11,11,0.0795775) (12,11,0.0277874) (13,11,0.0169978) (14,11,0.0297557) (17,11,0.0184057) (20,11,0.00376305) (21,11,0.00170202) (2,12,0.037775) (6,12,0.0120247) (8,12,0.0114549) (9,12,0.0276159) (10,12,0.0283822) (11,12,0.0277874) (12,12,0.0795775) (13,12,0.0376195) (15,12,0.0284302) (18,12,-0.00209737) (20,12,0.0257225) (5,13,0.0314146) (6,13,0.0237214) (9,13,0.0354391) (10,13,0.0359164) (11,13,0.0169978) (12,13,0.0376195) (13,13,0.0795775) (16,13,0.0379904) (19,13,0.0174365) (21,13,0.0352152) (1,14,0.0288412) (7,14,0.0397615) (9,14,0.0273117) (11,14,0.0297557) (14,14,0.0795775) (15,14,0.0291449) (16,14,0.000684399) (17,14,0.0371833) (20,14,0.0291106) (21,14,0.0276635) (2,15,0.0357347) (8,15,0.0348428) (9,15,0.000307554) (12,15,0.0284302) (14,15,0.0291449) (15,15,0.0795775) (16,15,0.0275845) (18,15,0.0262991) (20,15,-0.0028579) (5,16,0.0372529) (9,16,-0.0284606) (13,16,0.0379904) (14,16,0.000684399) (15,16,0.0275845) (16,16,0.0795775) (19,16,0.027279) (21,16,0.0281184) (1,17,0.0171968) (4,17,0.0114468) (7,17,0.0376819) (10,17,0.0353389) (11,17,0.0184057) (14,17,0.0371833) (17,17,0.0795775) (18,17,0.0384099) (19,17,0.017973) (20,17,0.0368583) (21,17,0.0360307) (2,18,0.010489) (4,18,0.00110539) (8,18,0.0374474) (10,18,0.0293427) (12,18,-0.00209737) (15,18,0.0262991) (17,18,0.0384099) (18,18,0.0795775) (19,18,0.0266141) (20,18,-0.0316699) (4,19,-0.0288268) (5,19,0.0357157) (10,19,-0.00034938) (13,19,0.0174365) (16,19,0.027279) (17,19,0.017973) (18,19,0.0266141) (19,19,0.0795775) (21,19,-0.00121579) (1,20,0.0024154) (2,20,0.0148859) (7,20,0.0300945) (8,20,-0.0216656) (11,20,0.00376305) (12,20,0.0257225) (14,20,0.0291106) (15,20,-0.0028579) (17,20,0.0368583) (18,20,-0.0316699) (20,20,0.0795775) (21,20,0.0397351) (1,21,0.000350739) (5,21,0.0164371) (7,21,0.0287029) (11,21,0.00170202) (13,21,0.0352152) (14,21,0.0276635) (16,21,0.0281184) (17,21,0.0360307) (19,21,-0.00121579) (20,21,0.0397351) (21,21,0.0795775) 
Minv:
size: 27 27
(0,0,0.0397887) (1,1,0.0397887) (2,2,0.0795775) (3,3,0.0397887) (4,4,0.0397887) (5,5,0.0795775) (6,6,0.0397887) (7,7,0.0397887) (8,8,0.0795775) (9,9,0.0397887) (10,10,0.0397887) (11,11,0.0795775) (12,12,0.0397887) (13,13,0.0397887) (14,14,0.0795775) (15,15,0.0397887) (16,16,0.0397887) (17,17,0.0795775) (18,18,0.0397887) (19,19,0.0397887) (20,20,0.0795775) (21,21,0.0397887) (22,22,0.0397887) (23,23,0.0795775) (24,24,0.0397887) (25,25,0.0397887) (26,26,0.0795775) 
v0:
size: 27 1
(0,0,-0.475642) (1,0,-0.395588) (2,0,0) (3,0,-0.784053) (4,0,0.893451) (5,0,0) (6,0,-0.528042) (7,0,-0.733018) (8,0,0) (9,0,-0.326252) (10,0,0.0516567) (11,0,0) (12,0,0.916632) (13,0,-0.978165) (14,0,0) (15,0,0.107655) (16,0,-0.13041) (17,0,0) (18,0,-0.803443) (19,0,0.759984) (20,0,0) (21,0,-0.679878) (22,0,-0.344115) (23,0,0) (24,0,-0.437585) (25,0,-0.0749944) (26,0,0) 
ipopt_sol:
size: 22 1
(0,0,8.47057e-08) (1,0,1.21604e-07) (2,0,1.10821e-07) (3,0,41.1577) (4,0,1.46412e-07) (5,0,9.43893e-08) (6,0,1.22785e-07) (7,0,9.32622e-08) (8,0,9.89709e-08) (9,0,11.2591) (10,0,5.38537e-07) (11,0,2.35387e-07) (12,0,3.30701e-07) (13,0,2.96025e-07) (14,0,43.8848) (15,0,23.4755) (16,0,5.554e-07) (17,0,1.50145e-06) (18,0,2.65204) (19,0,12.8182) (20,0,13.7543) (21,0,1.66789e-06) 
policy_sol:
size: 22 1
(0,0,0) (1,0,0) (2,0,0) (3,0,41.1577) (4,0,0) (5,0,0) (6,0,0) (7,0,0) (8,0,0) (9,0,11.2591) (10,0,0) (11,0,0) (12,0,0) (13,0,0) (14,0,43.8848) (15,0,23.4755) (16,0,0) (17,0,0) (18,0,2.65204) (19,0,12.8182) (20,0,13.7543) (21,0,0) 

policy_converges:
1
ipopt_converges:
0
