Git Revision:     18345a57b34405566a64d0bf3d2a118f1cdbade3
Build Mode:       Debug
C Compiler:       /usr/bin/cc
C++ Compiler:     /usr/bin/c++
Fortran Compiler: gfortran
Body count: 9
No end time specified. Simulation will run indefinitely.
N:
size: 27 17
(0,0,-0.0426691) (1,0,-0.999089) (3,0,0.0426691) (4,0,0.999089) (0,1,-0.0184158) (1,1,-0.99983) (6,1,0.0184158) (7,1,0.99983) (0,2,-0.438785) (1,2,-0.898592) (15,2,0.438785) (16,2,0.898592) (0,3,-0.705774) (1,3,-0.708437) (24,3,0.705774) (25,3,0.708437) (6,4,-0.682208) (7,4,0.731158) (12,4,0.682208) (13,4,-0.731158) (6,5,-0.998848) (7,5,0.0479914) (15,5,0.998848) (16,5,-0.0479914) (6,6,-0.88689) (7,6,0.461981) (21,6,0.88689) (22,6,-0.461981) (6,7,-0.999954) (7,7,0.00956023) (24,7,0.999954) (25,7,-0.00956023) (9,8,0.0189157) (10,8,-0.999821) (15,8,-0.0189157) (16,8,0.999821) (9,9,-0.446149) (10,9,-0.894959) (24,9,0.446149) (25,9,0.894959) (12,10,0.033503) (13,10,-0.999439) (15,10,-0.033503) (16,10,0.999439) (12,11,-0.701986) (13,11,-0.712191) (24,11,0.701986) (25,11,0.712191) (15,12,-0.476151) (16,12,0.879364) (18,12,0.476151) (19,12,-0.879364) (15,13,-0.722306) (16,13,0.691574) (21,13,0.722306) (22,13,-0.691574) (15,14,-0.999685) (16,14,-0.0251126) (24,14,0.999685) (25,14,0.0251126) (18,15,0.0203523) (19,15,-0.999793) (24,15,-0.0203523) (25,15,0.999793) (21,16,-0.0249287) (22,16,-0.999689) (24,16,0.0249287) (25,16,0.999689) 
Q:
size: 17 17
(0,0,0.0795775) (1,0,0.039777) (2,0,0.0364662) (3,0,0.0293604) (0,1,0.039777) (1,1,0.0795775) (2,1,0.0360693) (3,1,0.0287002) (4,1,0.028587) (5,1,0.0011773) (6,1,0.0177287) (7,1,-0.000352383) (0,2,0.0364662) (1,2,0.0360693) (2,2,0.0795775) (3,2,0.0376513) (5,2,0.0157227) (8,2,0.0354172) (10,2,0.0351488) (12,2,0.0231276) (13,2,0.0121159) (14,2,-0.0183511) (0,3,0.0293604) (1,3,0.0287002) (2,3,0.0376513) (3,3,0.0795775) (7,3,0.0278111) (9,3,0.0377556) (11,3,0.0397882) (14,3,0.0287809) (15,3,0.0276105) (16,3,0.0288791) (1,4,0.028587) (4,4,0.0795775) (5,4,0.0285091) (6,4,0.0375138) (7,4,0.0274211) (10,4,0.0299849) (11,4,0.00166409) (1,5,0.0011773) (2,5,0.0157227) (4,5,0.0285091) (5,5,0.0795775) (6,5,0.0361297) (7,5,0.0397593) (8,5,-0.00266094) (10,5,-0.00323995) (12,5,-0.0206028) (13,5,-0.0300271) (14,5,-0.0396824) (1,6,0.0177287) (4,6,0.0375138) (5,6,0.0361297) (6,6,0.0795775) (7,6,0.0354623) (13,6,0.0382012) (16,6,0.0174962) (1,7,-0.000352383) (3,7,0.0278111) (4,7,0.0274211) (5,7,0.0397593) (6,7,0.0354623) (7,7,0.0795775) (9,7,0.0174105) (11,7,0.027659) (14,7,0.0397648) (15,7,-0.00119006) (16,7,0.000611566) (2,8,0.0354172) (5,8,-0.00266094) (8,8,0.0795775) (9,8,0.0352671) (10,8,0.0397845) (12,8,0.0353409) (13,8,0.0280555) (14,8,-0.000246623) (3,9,0.0377556) (7,9,0.0174105) (8,9,0.0352671) (9,9,0.0795775) (11,9,0.037822) (14,9,0.0186404) (15,9,0.0352406) (16,9,0.0360407) (2,10,0.0351488) (4,10,0.0299849) (5,10,-0.00323995) (8,10,0.0397845) (10,10,0.0795775) (11,10,0.0273855) (12,10,0.0356039) (13,10,0.0284643) (14,10,0.000333985) (3,11,0.0397882) (4,11,0.00166409) (7,11,0.027659) (9,11,0.037822) (10,11,0.0273855) (11,11,0.0795775) (14,11,0.028634) (15,11,0.0277628) (16,11,0.0290246) (2,12,0.0231276) (5,12,-0.0206028) (8,12,0.0353409) (10,12,0.0356039) (12,12,0.0795775) (13,12,0.0378817) (14,12,0.0180608) (15,12,0.0353671) (2,13,0.0121159) (5,13,-0.0300271) (6,13,0.0382012) (8,13,0.0280555) (10,13,0.0284643) (12,13,0.0378817) (13,13,0.0795775) (14,13,0.0280396) (16,13,0.0267918) (2,14,-0.0183511) (3,14,0.0287809) (5,14,-0.0396824) (7,14,0.0397648) (8,14,-0.000246623) (9,14,0.0186404) (10,14,0.000333985) (11,14,0.028634) (12,14,0.0180608) (13,14,0.0280396) (14,14,0.0795775) (15,14,0.000189454) (16,14,0.00199046) (3,15,0.0276105) (7,15,-0.00119006) (9,15,0.0352406) (11,15,0.0277628) (12,15,0.0353671) (14,15,0.000189454) (15,15,0.0795775) (16,15,0.0397479) (3,16,0.0288791) (6,16,0.0174962) (7,16,0.000611566) (9,16,0.0360407) (11,16,0.0290246) (13,16,0.0267918) (14,16,0.00199046) (15,16,0.0397479) (16,16,0.0795775) 
Minv:
size: 27 27
(0,0,0.0397887) (1,1,0.0397887) (2,2,0.0795775) (3,3,0.0397887) (4,4,0.0397887) (5,5,0.0795775) (6,6,0.0397887) (7,7,0.0397887) (8,8,0.0795775) (9,9,0.0397887) (10,10,0.0397887) (11,11,0.0795775) (12,12,0.0397887) (13,13,0.0397887) (14,14,0.0795775) (15,15,0.0397887) (16,16,0.0397887) (17,17,0.0795775) (18,18,0.0397887) (19,19,0.0397887) (20,20,0.0795775) (21,21,0.0397887) (22,22,0.0397887) (23,23,0.0795775) (24,24,0.0397887) (25,25,0.0397887) (26,26,0.0795775) 
v0:
size: 27 1
(0,0,-0.733011) (1,0,0.881563) (2,0,0) (3,0,-0.903798) (4,0,-0.884738) (5,0,0) (6,0,0.751038) (7,0,0.848285) (8,0,0) (9,0,0.638057) (10,0,-0.165278) (11,0,0) (12,0,0.0905021) (13,0,0.582217) (14,0,0) (15,0,0.4011) (16,0,-0.486533) (17,0,0) (18,0,0.813855) (19,0,-0.106248) (20,0,0) (21,0,0.482447) (22,0,0.390147) (23,0,0) (24,0,-0.676316) (25,0,-0.755863) (26,0,0) 
ipopt_sol:
size: 17 1
(0,0,44.5347) (1,0,4.19548e-08) (2,0,9.1637e-08) (3,0,6.43442e-08) (4,0,7.77071e-08) (5,0,1.64324e-06) (6,0,5.64994e-08) (7,0,27.7932) (8,0,1.30313e-07) (9,0,6.99024) (10,0,26.0717) (11,0,2.88714) (12,0,9.92582e-08) (13,0,1.43729e-07) (14,0,9.94468) (15,0,2.0502e-06) (16,0,24.8381) 
policy_sol:
size: 17 1
(0,0,44.5347) (1,0,0) (2,0,0) (3,0,0) (4,0,0) (5,0,0) (6,0,0) (7,0,27.7932) (8,0,0) (9,0,6.99024) (10,0,26.0717) (11,0,2.88714) (12,0,0) (13,0,0) (14,0,9.94468) (15,0,0) (16,0,24.8381) 

policy_converges:
1
ipopt_converges:
0
