Git Revision:     3cfe7dc3fe6810e9e399640d632720aa3564fe80
Build Mode:       Debug
C Compiler:       /usr/bin/cc
C++ Compiler:     /usr/bin/c++
Fortran Compiler: gfortran
Body count: 9
No end time specified. Simulation will run indefinitely.
N:
size: 27 20
(0,0,-0.0220616) (1,0,-0.999757) (3,0,0.0220616) (4,0,0.999757) (0,1,-0.709688) (1,1,-0.704516) (12,1,0.709688) (13,1,0.704516) (0,2,-0.429523) (1,2,-0.903056) (15,2,0.429523) (16,2,0.903056) (0,3,-0.901152) (1,3,-0.433502) (21,3,0.901152) (22,3,0.433502) (0,4,-0.715459) (1,4,-0.698655) (24,4,0.715459) (25,4,0.698655) (3,5,-0.666745) (4,5,-0.745286) (15,5,0.666745) (16,5,0.745286) (3,6,-0.999997) (4,6,-0.00236506) (21,6,0.999997) (22,6,0.00236506) (6,7,-0.995804) (7,7,-0.0915111) (15,7,0.995804) (16,7,0.0915111) (6,8,-0.90136) (7,8,0.43307) (21,8,0.90136) (22,8,-0.43307) (9,9,0.0767189) (10,9,-0.997053) (12,9,-0.0767189) (13,9,0.997053) (9,10,0.0384563) (10,10,-0.99926) (15,10,-0.0384563) (16,10,0.99926) (9,11,-0.99768) (10,11,0.068072) (18,11,0.99768) (19,11,-0.068072) (9,12,-0.710873) (10,12,-0.70332) (21,12,0.710873) (22,12,0.70332) (12,13,0.00372406) (13,13,-0.999993) (15,13,-0.00372406) (16,13,0.999993) (12,14,-0.704424) (13,14,0.709779) (18,14,0.704424) (19,14,-0.709779) (12,15,-0.999872) (13,15,-0.0160233) (21,15,0.999872) (22,15,0.0160233) (15,16,-0.439376) (16,16,0.898303) (18,16,0.439376) (19,16,-0.898303) (15,17,-0.713823) (16,17,0.700326) (21,17,0.713823) (22,17,-0.700326) (18,18,-0.0186973) (19,18,-0.999825) (24,18,0.0186973) (25,18,0.999825) (21,19,0.00666845) (22,19,-0.999978) (24,19,-0.00666845) (25,19,0.999978) 
Q:
size: 20 20
(0,0,0.0795775) (1,0,0.028648) (2,0,0.0362998) (3,0,0.0180353) (4,0,0.0284199) (5,0,-0.030232) (6,0,-0.00097188) (0,1,0.028648) (1,1,0.0795775) (2,1,0.037443) (3,1,0.0375982) (4,1,0.0397874) (9,1,0.0257828) (13,1,-0.0279265) (14,1,5.16181e-06) (15,1,-0.0286831) (0,2,0.0362998) (1,2,0.037443) (2,2,0.0795775) (3,2,0.0309772) (4,2,0.037331) (5,2,0.038174) (7,2,0.0203066) (10,2,0.0352477) (13,2,0.0358676) (16,2,0.0247683) (17,2,0.0129644) (0,3,0.0180353) (1,3,0.0375982) (2,3,0.0309772) (3,3,0.0795775) (4,3,0.037704) (6,3,0.0358964) (8,3,0.0248491) (12,3,0.0376201) (15,3,0.0361275) (17,3,0.0135151) (19,3,-0.017009) (0,4,0.0284199) (1,4,0.0397874) (2,4,0.037331) (3,4,0.037704) (4,4,0.0795775) (18,4,0.028326) (19,4,0.0276081) (0,5,-0.030232) (2,5,0.038174) (5,5,0.0795775) (6,5,0.026599) (7,5,0.0291313) (10,5,0.0286118) (13,5,0.029555) (16,5,0.0149821) (17,5,0.00183046) (0,6,-0.00097188) (3,6,0.0358964) (5,6,0.026599) (6,6,0.0795775) (8,6,0.0358231) (12,6,0.0283509) (15,6,0.039785) (17,6,0.0283361) (19,6,0.000171227) (2,7,0.0203066) (5,7,0.0291313) (7,7,0.0795775) (8,7,0.0341366) (10,7,0.00211471) (13,7,0.00349353) (16,7,-0.014138) (17,7,-0.025733) (3,8,0.0248491) (6,8,0.0358231) (7,8,0.0341366) (8,8,0.0795775) (12,8,0.0133756) (15,8,0.0355833) (17,8,0.0376681) (19,8,0.0174701) (1,9,0.0257828) (9,9,0.0795775) (10,9,0.0397595) (11,9,-0.00574598) (12,9,0.0257318) (13,9,-0.0396826) (14,9,0.0303083) (15,9,0.00241649) (2,10,0.0352477) (5,10,0.0286118) (7,10,0.00211471) (9,10,0.0397595) (10,10,0.0795775) (11,10,-0.00423307) (12,10,0.0268758) (13,10,0.0397647) (16,10,0.0363882) (17,10,0.0289367) (9,11,-0.00574598) (10,11,-0.00423307) (11,11,0.0795775) (12,11,0.0263142) (14,11,0.0298856) (16,11,0.0198747) (18,11,0.00196581) (3,12,0.0376201) (6,12,0.0283509) (8,12,0.0133756) (9,12,0.0257318) (10,12,0.0268758) (11,12,0.0263142) (12,12,0.0795775) (15,12,0.0287295) (17,12,0.000592239) (19,12,-0.027795) (1,13,-0.0279265) (2,13,0.0358676) (5,13,0.029555) (7,13,0.00349353) (9,13,-0.0396826) (10,13,0.0397647) (13,13,0.0795775) (14,13,-0.0283454) (15,13,0.000489386) (16,13,0.0358072) (17,13,0.0279707) (1,14,5.16181e-06) (9,14,0.0303083) (11,14,0.0298856) (13,14,-0.0283454) (14,14,0.0795775) (15,14,0.027572) (16,14,0.0376841) (18,14,0.0277122) (1,15,-0.0286831) (3,15,0.0361275) (6,15,0.039785) (8,15,0.0355833) (9,15,0.00241649) (12,15,0.0287295) (13,15,0.000489386) (14,15,0.027572) (15,15,0.0795775) (17,15,0.027952) (19,15,-0.000372238) (2,16,0.0247683) (5,16,0.0149821) (7,16,-0.014138) (10,16,0.0363882) (11,16,0.0198747) (13,16,0.0358072) (14,16,0.0376841) (16,16,0.0795775) (17,16,0.0375105) (18,16,0.0354092) (2,17,0.0129644) (3,17,0.0135151) (5,17,0.00183046) (6,17,0.0283361) (7,17,-0.025733) (8,17,0.0376681) (10,17,0.0289367) (12,17,0.000592239) (13,17,0.0279707) (15,17,0.027952) (16,17,0.0375105) (17,17,0.0795775) (19,17,0.0280539) (4,18,0.028326) (11,18,0.00196581) (14,18,0.0277122) (16,18,0.0354092) (18,18,0.0795775) (19,18,0.0397759) (3,19,-0.017009) (4,19,0.0276081) (6,19,0.000171227) (8,19,0.0174701) (12,19,-0.027795) (15,19,-0.000372238) (17,19,0.0280539) (18,19,0.0397759) (19,19,0.0795775) 
Minv:
size: 27 27
(0,0,0.0397887) (1,1,0.0397887) (2,2,0.0795775) (3,3,0.0397887) (4,4,0.0397887) (5,5,0.0795775) (6,6,0.0397887) (7,7,0.0397887) (8,8,0.0795775) (9,9,0.0397887) (10,10,0.0397887) (11,11,0.0795775) (12,12,0.0397887) (13,13,0.0397887) (14,14,0.0795775) (15,15,0.0397887) (16,16,0.0397887) (17,17,0.0795775) (18,18,0.0397887) (19,19,0.0397887) (20,20,0.0795775) (21,21,0.0397887) (22,22,0.0397887) (23,23,0.0795775) (24,24,0.0397887) (25,25,0.0397887) (26,26,0.0795775) 
v0:
size: 27 1
(0,0,0.221725) (1,0,0.565195) (2,0,0) (3,0,-0.544088) (4,0,-0.650812) (5,0,0) (6,0,-0.129791) (7,0,0.729976) (8,0,0) (9,0,0.8057) (10,0,-0.704634) (11,0,0) (12,0,0.705827) (13,0,-0.736277) (14,0,0) (15,0,-0.338633) (16,0,-0.907916) (17,0,0) (18,0,0.273501) (19,0,0.209045) (20,0,0) (21,0,-0.670034) (22,0,0.405432) (23,0,0) (24,0,0.821418) (25,0,-0.59525) (26,0,0) 
ipopt_sol:
size: 20 1
(0,0,16.5723) (1,0,8.07245) (2,0,25.2116) (3,0,1.39467e-07) (4,0,4.31192e-08) (5,0,1.61411e-07) (6,0,6.16109e-08) (7,0,5.53862) (8,0,6.03812e-08) (9,0,2.57742e-07) (10,0,1.04272e-07) (11,0,12.5354) (12,0,4.128e-07) (13,0,1.82194e-07) (14,0,5.74743) (15,0,31.8822) (16,0,4.55981e-07) (17,0,9.2103) (18,0,8.65792) (19,0,17.9739) 
policy_sol:
size: 20 1
(0,0,16.5723) (1,0,8.07245) (2,0,25.2116) (3,0,0) (4,0,0) (5,0,0) (6,0,0) (7,0,5.53862) (8,0,0) (9,0,0) (10,0,0) (11,0,12.5354) (12,0,0) (13,0,0) (14,0,5.74743) (15,0,31.8822) (16,0,0) (17,0,9.2103) (18,0,8.65792) (19,0,17.9739) 

policy_converges:
1
