Git Revision:     18345a57b34405566a64d0bf3d2a118f1cdbade3
Build Mode:       Debug
C Compiler:       /usr/bin/cc
C++ Compiler:     /usr/bin/c++
Fortran Compiler: gfortran
Body count: 9
No end time specified. Simulation will run indefinitely.
N:
size: 27 18
(3,0,-0.00307175) (4,0,-0.999995) (6,0,0.00307175) (7,0,0.999995) (3,1,-0.99992) (4,1,0.0126283) (12,1,0.99992) (13,1,-0.0126283) (3,2,-0.99961) (4,2,0.027916) (21,2,0.99961) (22,2,-0.027916) (6,3,-0.423525) (7,3,0.905884) (9,3,0.423525) (10,3,-0.905884) (6,4,-0.688023) (7,4,0.725689) (12,4,0.688023) (13,4,-0.725689) (6,5,-0.999967) (7,5,-0.00806602) (15,5,0.999967) (16,5,0.00806602) (6,6,-0.710281) (7,6,0.703918) (18,6,0.710281) (19,6,-0.703918) (6,7,-0.885733) (7,7,0.464196) (21,7,0.885733) (22,7,-0.464196) (6,8,-0.999998) (7,8,-0.00196683) (24,8,0.999998) (25,8,0.00196683) (9,9,0.00389406) (10,9,-0.999992) (12,9,-0.00389406) (13,9,0.999992) (9,10,-0.0425561) (10,10,-0.999094) (15,10,0.0425561) (16,10,0.999094) (9,11,-0.999906) (10,11,-0.0137328) (18,11,0.999906) (19,11,0.0137328) (9,12,-0.723093) (10,12,-0.69075) (21,12,0.723093) (22,12,0.69075) (9,13,-0.450763) (10,13,-0.892644) (24,13,0.450763) (25,13,0.892644) (12,14,-0.999125) (13,14,0.0418354) (21,14,0.999125) (22,14,-0.0418354) (15,15,-0.671051) (16,15,0.741411) (21,15,0.671051) (22,15,-0.741411) (15,16,-0.999989) (16,16,0.00475314) (24,16,0.999989) (25,16,-0.00475314) (18,17,0.0494379) (19,17,-0.998777) (21,17,-0.0494379) (22,17,0.998777) 
Q:
size: 18 18
(0,0,0.0795775) (1,0,-0.000380251) (2,0,-0.000988562) (3,0,0.0359921) (4,0,0.02879) (5,0,-0.000443152) (6,0,0.0279211) (7,0,0.0183614) (8,0,-0.000200478) (0,1,-0.000380251) (1,1,0.0795775) (2,1,0.0397841) (4,1,0.027738) (9,1,-0.000657388) (14,1,-0.0397718) (0,2,-0.000988562) (1,2,0.0397841) (2,2,0.0795775) (7,2,0.035744) (12,2,0.0279925) (14,2,0.0397849) (15,2,0.0275134) (17,2,-0.00307569) (0,3,0.0359921) (3,3,0.0795775) (4,3,0.037751) (5,3,0.0165602) (6,3,0.0373413) (7,3,0.0316574) (8,3,0.0167806) (9,3,0.0361093) (10,3,0.0352942) (11,3,-0.016355) (12,3,0.0127122) (13,3,0.0245784) (0,4,0.02879) (1,4,0.027738) (3,4,0.037751) (4,4,0.0795775) (5,4,0.0271418) (6,4,0.0397694) (7,4,0.0376507) (8,4,0.0273187) (9,4,-0.0289806) (14,4,-0.0285596) (0,5,-0.000443152) (3,5,0.0165602) (4,5,0.0271418) (5,5,0.0795775) (6,5,0.0280344) (7,5,0.0350921) (8,5,0.039788) (10,5,0.00201384) (15,5,-0.0264614) (16,5,-0.0397855) (0,6,0.0279211) (3,6,0.0373413) (4,6,0.0397694) (5,6,0.0280344) (6,6,0.0795775) (7,6,0.0380331) (8,6,0.0282061) (11,6,0.0278739) (17,6,0.0293709) (0,7,0.0183614) (2,7,0.035744) (3,7,0.0316574) (4,7,0.0376507) (5,7,0.0350921) (6,7,0.0380331) (7,7,0.0795775) (8,7,0.0352058) (12,7,0.0127254) (14,7,0.035984) (15,7,0.037343) (17,7,-0.0201895) (0,8,-0.000200478) (3,8,0.0167806) (4,8,0.0273187) (5,8,0.039788) (6,8,0.0282061) (7,8,0.0352058) (8,8,0.0795775) (13,8,0.0180051) (16,8,0.0397878) (1,9,-0.000657388) (3,9,0.0361093) (4,9,-0.0289806) (9,9,0.0795775) (10,9,0.0397458) (11,9,0.000391482) (12,9,0.0273718) (13,9,0.0354471) (14,9,0.00181937) (3,10,0.0352942) (5,10,0.00201384) (9,10,0.0397458) (10,10,0.0795775) (11,10,0.00223901) (12,10,0.0286836) (13,10,0.0362482) (15,10,0.0283368) (16,10,-0.00150428) (3,11,-0.016355) (6,11,0.0278739) (9,11,0.000391482) (10,11,0.00223901) (11,11,0.0795775) (12,11,0.0291457) (13,11,0.0184213) (17,11,0.00142114) (2,12,0.0279925) (3,12,0.0127122) (7,12,0.0127254) (9,12,0.0273718) (10,12,0.0286836) (11,12,0.0291457) (12,12,0.0795775) (13,12,0.0375024) (14,12,0.027596) (15,12,-0.00107023) (17,12,0.0260281) (3,13,0.0245784) (8,13,0.0180051) (9,13,0.0354471) (10,13,0.0362482) (11,13,0.0184213) (12,13,0.0375024) (13,13,0.0795775) (16,13,0.0177663) (1,14,-0.0397718) (2,14,0.0397849) (4,14,-0.0285596) (7,14,0.035984) (9,14,0.00181937) (12,14,0.027596) (14,14,0.0795775) (15,14,0.027911) (17,14,-0.00362789) (2,15,0.0275134) (5,15,-0.0264614) (7,15,0.037343) (10,15,0.0283368) (12,15,-0.00107023) (14,15,0.027911) (15,15,0.0795775) (16,15,0.0268402) (17,15,-0.0307838) (5,16,-0.0397855) (8,16,0.0397878) (10,16,-0.00150428) (13,16,0.0177663) (15,16,0.0268402) (16,16,0.0795775) (2,17,-0.00307569) (6,17,0.0293709) (7,17,-0.0201895) (11,17,0.00142114) (12,17,0.0260281) (14,17,-0.00362789) (15,17,-0.0307838) (17,17,0.0795775) 
Minv:
size: 27 27
(0,0,0.0397887) (1,1,0.0397887) (2,2,0.0795775) (3,3,0.0397887) (4,4,0.0397887) (5,5,0.0795775) (6,6,0.0397887) (7,7,0.0397887) (8,8,0.0795775) (9,9,0.0397887) (10,10,0.0397887) (11,11,0.0795775) (12,12,0.0397887) (13,13,0.0397887) (14,14,0.0795775) (15,15,0.0397887) (16,16,0.0397887) (17,17,0.0795775) (18,18,0.0397887) (19,19,0.0397887) (20,20,0.0795775) (21,21,0.0397887) (22,22,0.0397887) (23,23,0.0795775) (24,24,0.0397887) (25,25,0.0397887) (26,26,0.0795775) 
v0:
size: 27 1
(0,0,-0.840896) (1,0,-0.971287) (2,0,0) (3,0,-0.00891913) (4,0,-0.126303) (5,0,0) (6,0,0.764766) (7,0,-0.252139) (8,0,0) (9,0,0.924047) (10,0,0.706901) (11,0,0) (12,0,-0.600604) (13,0,-0.706146) (14,0,0) (15,0,-0.046433) (16,0,0.669571) (17,0,0) (18,0,0.643021) (19,0,0.368735) (20,0,0) (21,0,-0.649838) (22,0,0.259602) (23,0,0) (24,0,-0.149888) (25,0,0.393124) (26,0,0) 
ipopt_sol:
size: 18 1
(0,0,2.18265e-07) (1,0,13.0939) (2,0,1.05619e-07) (3,0,8.19228e-08) (4,0,5.27846) (5,0,2.44395) (6,0,1.64116e-07) (7,0,27.278) (8,0,7.85375) (9,0,30.0647) (10,0,4.49651e-08) (11,0,1.43735e-06) (12,0,21.3103) (13,0,1.80211e-07) (14,0,1.08105e-07) (15,0,1.20635e-07) (16,0,8.26781e-06) (17,0,1.08358) 
policy_sol:
size: 18 1
(0,0,0) (1,0,13.0939) (2,0,0) (3,0,0) (4,0,5.27846) (5,0,2.44394) (6,0,0) (7,0,27.278) (8,0,7.85376) (9,0,30.0647) (10,0,0) (11,0,0) (12,0,21.3103) (13,0,0) (14,0,0) (15,0,0) (16,0,0) (17,0,1.08358) 

policy_converges:
1
ipopt_converges:
0
