Git Revision:     3cfe7dc3fe6810e9e399640d632720aa3564fe80
Build Mode:       Debug
C Compiler:       /usr/bin/cc
C++ Compiler:     /usr/bin/c++
Fortran Compiler: gfortran
Body count: 9
No end time specified. Simulation will run indefinitely.
N:
size: 27 21
(0,0,-0.441232) (1,0,-0.897393) (15,0,0.441232) (16,0,0.897393) (0,1,-0.99994) (1,1,-0.0109123) (18,1,0.99994) (19,1,0.0109123) (0,2,-0.891173) (1,2,-0.453664) (21,2,0.891173) (22,2,0.453664) (0,3,-0.702568) (1,3,-0.711617) (24,3,0.702568) (25,3,0.711617) (3,4,-0.707094) (4,4,0.707119) (9,4,0.707094) (10,4,-0.707119) (3,5,-0.700144) (4,5,-0.714001) (15,5,0.700144) (16,5,0.714001) (3,6,-0.999966) (4,6,0.00823757) (21,6,0.999966) (22,6,-0.00823757) (3,7,-0.889797) (4,7,-0.456357) (24,7,0.889797) (25,7,0.456357) (6,8,-0.672545) (7,8,0.740056) (12,8,0.672545) (13,8,-0.740056) (6,9,-0.999059) (7,9,0.0433638) (15,9,0.999059) (16,9,-0.0433638) (6,10,-0.88211) (7,10,0.471043) (21,10,0.88211) (22,10,-0.471043) (6,11,-0.999999) (7,11,-0.00100475) (24,11,0.999999) (25,11,0.00100475) (9,12,0.017772) (10,12,-0.999842) (15,12,-0.017772) (16,12,0.999842) (9,13,-0.999995) (10,13,0.0030595) (18,13,0.999995) (19,13,-0.0030595) (9,14,-0.697745) (10,14,-0.716347) (21,14,0.697745) (22,14,0.716347) (9,15,-0.443472) (10,15,-0.896288) (24,15,0.443472) (25,15,0.896288) (12,16,-0.0235565) (13,16,-0.999723) (15,16,0.0235565) (16,16,0.999723) (12,17,-0.999902) (13,17,0.014014) (21,17,0.999902) (22,17,-0.014014) (12,18,-0.71797) (13,18,-0.696074) (24,18,0.71797) (25,18,0.696074) (15,19,-0.704852) (16,19,0.709354) (21,19,0.704852) (22,19,-0.709354) (21,20,-0.0428724) (22,20,-0.999081) (24,20,0.0428724) (25,20,0.999081) 
Q:
size: 21 21
(0,0,0.0795775) (1,0,0.0179446) (2,0,0.0318441) (3,0,0.0377434) (5,0,0.037786) (9,0,0.0159912) (12,0,0.0353885) (16,0,0.0361098) (19,0,0.0129539) (0,1,0.0179446) (1,1,0.0795775) (2,1,0.0356535) (3,1,0.0282616) (13,1,0.0397849) (0,2,0.0318441) (1,2,0.0356535) (2,2,0.0795775) (3,2,0.0377573) (6,2,0.0353087) (10,2,0.0227758) (14,2,0.0376716) (17,2,0.0352022) (19,2,0.0121887) (20,2,-0.0195543) (0,3,0.0377434) (1,3,0.0282616) (2,3,0.0377573) (3,3,0.0795775) (7,3,0.0377951) (11,3,0.0279827) (15,3,0.0377748) (18,3,0.0397792) (20,3,0.0294868) (4,4,0.0795775) (5,4,-0.000390562) (6,4,0.0283652) (7,4,0.0121941) (12,4,0.0286309) (13,4,-0.0282203) (14,4,0.000524073) (15,4,0.0127406) (0,5,0.037786) (4,5,-0.000390562) (5,5,0.0795775) (6,5,0.0276229) (7,5,0.0377526) (9,5,0.0265997) (12,5,0.0279096) (16,5,0.0290576) (19,5,0.000516528) (2,6,0.0353087) (4,6,0.0283652) (5,6,0.0276229) (6,6,0.0795775) (7,6,0.0352531) (10,6,0.0352512) (14,6,0.0275266) (17,6,0.0397881) (19,6,0.0282767) (20,6,-0.00137832) (3,7,0.0377951) (4,7,0.0121941) (5,7,0.0377526) (6,7,0.0352531) (7,7,0.0795775) (11,7,0.0354221) (15,7,0.0319753) (18,7,0.0380582) (20,7,0.019659) (8,8,0.0795775) (9,8,0.0280114) (10,8,0.0374753) (11,8,0.0267301) (16,8,0.0288074) (17,8,-0.0271698) (18,8,0.00128383) (0,9,0.0159912) (5,9,0.0265997) (8,9,0.0280114) (9,9,0.0795775) (10,9,0.0358778) (11,9,0.0397496) (12,9,-0.00243158) (16,9,-0.000788511) (19,9,-0.0292427) (2,10,0.0227758) (6,10,0.0352512) (8,10,0.0374753) (9,10,0.0358778) (10,10,0.0795775) (11,10,0.0350792) (14,10,0.0110636) (17,10,0.0353573) (19,10,0.0380338) (20,10,0.0172202) (3,11,0.0279827) (7,11,0.0354221) (8,11,0.0267301) (9,11,0.0397496) (10,11,0.0350792) (11,11,0.0795775) (15,11,0.017681) (18,11,0.0285949) (20,11,0.00174578) (0,12,0.0353885) (4,12,0.0286309) (5,12,0.0279096) (9,12,-0.00243158) (12,12,0.0795775) (13,12,-0.000828837) (14,12,0.0280046) (15,12,0.0353429) (16,12,0.0397548) (19,12,0.0287183) (1,13,0.0397849) (4,13,-0.0282203) (12,13,-0.000828837) (13,13,0.0795775) (14,13,0.027675) (15,13,0.017536) (2,14,0.0376716) (4,14,0.000524073) (6,14,0.0275266) (10,14,0.0110636) (12,14,0.0280046) (13,14,0.027675) (14,14,0.0795775) (15,14,0.0378583) (17,14,0.0273602) (19,14,-0.000650033) (20,14,-0.0296666) (3,15,0.0377748) (4,15,0.0127406) (7,15,0.0319753) (11,15,0.017681) (12,15,0.0353429) (13,15,0.017536) (14,15,0.0378583) (15,15,0.0795775) (18,15,0.0374922) (20,15,0.0363859) (0,16,0.0361098) (5,16,0.0290576) (8,16,0.0288074) (9,16,-0.000788511) (12,16,0.0397548) (16,16,0.0795775) (17,16,0.000379747) (18,16,0.0283612) (19,16,0.0275558) (2,17,0.0352022) (6,17,0.0397881) (8,17,-0.0271698) (10,17,0.0353573) (14,17,0.0273602) (16,17,0.000379747) (17,17,0.0795775) (18,17,0.0281762) (19,17,0.0284379) (20,17,-0.00114858) (3,18,0.0397792) (7,18,0.0380582) (8,18,0.00128383) (11,18,0.0285949) (15,18,0.0374922) (16,18,0.0283612) (17,18,0.0281762) (18,18,0.0795775) (20,18,0.0288952) (0,19,0.0129539) (2,19,0.0121887) (5,19,0.000516528) (6,19,0.0282767) (9,19,-0.0292427) (10,19,0.0380338) (12,19,0.0287183) (14,19,-0.000650033) (16,19,0.0275558) (17,19,0.0284379) (19,19,0.0795775) (20,19,0.026996) (2,20,-0.0195543) (3,20,0.0294868) (6,20,-0.00137832) (7,20,0.019659) (10,20,0.0172202) (11,20,0.00174578) (14,20,-0.0296666) (15,20,0.0363859) (17,20,-0.00114858) (18,20,0.0288952) (19,20,0.026996) (20,20,0.0795775) 
Minv:
size: 27 27
(0,0,0.0397887) (1,1,0.0397887) (2,2,0.0795775) (3,3,0.0397887) (4,4,0.0397887) (5,5,0.0795775) (6,6,0.0397887) (7,7,0.0397887) (8,8,0.0795775) (9,9,0.0397887) (10,10,0.0397887) (11,11,0.0795775) (12,12,0.0397887) (13,13,0.0397887) (14,14,0.0795775) (15,15,0.0397887) (16,16,0.0397887) (17,17,0.0795775) (18,18,0.0397887) (19,19,0.0397887) (20,20,0.0795775) (21,21,0.0397887) (22,22,0.0397887) (23,23,0.0795775) (24,24,0.0397887) (25,25,0.0397887) (26,26,0.0795775) 
v0:
size: 27 1
(0,0,0.265972) (1,0,-0.931671) (2,0,0) (3,0,-0.433598) (4,0,-0.396367) (5,0,0) (6,0,-0.207201) (7,0,0.565709) (8,0,0) (9,0,0.447502) (10,0,0.681637) (11,0,0) (12,0,-0.0480692) (13,0,0.921517) (14,0,0) (15,0,-0.906452) (16,0,-0.739799) (17,0,0) (18,0,0.0241478) (19,0,-0.787477) (20,0,0) (21,0,-0.72881) (22,0,0.056681) (23,0,0) (24,0,-0.623024) (25,0,-0.47257) (26,0,0) 
ipopt_sol:
size: 21 1
(0,0,7.37646e-08) (1,0,6.03781) (2,0,2.65836e-07) (3,0,1.00968e-07) (4,0,2.08275) (5,0,2.09022e-07) (6,0,1.91084e-07) (7,0,1.38142e-07) (8,0,6.29162e-08) (9,0,16.5198) (10,0,8.90358e-08) (11,0,3.23549e-07) (12,0,6.55049e-06) (13,0,1.94614e-07) (14,0,35.0729) (15,0,7.40871) (16,0,38.855) (17,0,1.30717) (18,0,9.96777) (19,0,3.65028e-07) (20,0,19.2625) 
policy_sol:
size: 21 1
(0,0,0) (1,0,6.03781) (2,0,0) (3,0,0) (4,0,2.08275) (5,0,0) (6,0,0) (7,0,0) (8,0,0) (9,0,16.5198) (10,0,0) (11,0,0) (12,0,0) (13,0,0) (14,0,35.0729) (15,0,7.40872) (16,0,38.855) (17,0,1.30717) (18,0,9.96776) (19,0,0) (20,0,19.2625) 

policy_converges:
1
