Git Revision:     18345a57b34405566a64d0bf3d2a118f1cdbade3
Build Mode:       Debug
C Compiler:       /usr/bin/cc
C++ Compiler:     /usr/bin/c++
Fortran Compiler: gfortran
Body count: 9
No end time specified. Simulation will run indefinitely.
N:
size: 27 16
(0,0,0.0193727) (1,0,-0.999812) (3,0,-0.0193727) (4,0,0.999812) (0,1,0.021793) (1,1,-0.999763) (6,1,-0.021793) (7,1,0.999763) (0,2,-0.726643) (1,2,-0.687015) (12,2,0.726643) (13,2,0.687015) (0,3,-0.437638) (1,3,-0.899151) (15,3,0.437638) (16,3,0.899151) (0,4,-0.897198) (1,4,-0.441629) (21,4,0.897198) (22,4,0.441629) (0,5,-0.709264) (1,5,-0.704943) (24,5,0.709264) (25,5,0.704943) (3,6,-0.707693) (4,6,-0.70652) (15,6,0.707693) (16,6,0.70652) (3,7,-0.999943) (4,7,0.0107221) (21,7,0.999943) (22,7,-0.0107221) (9,8,-0.999566) (10,8,0.0294615) (18,8,0.999566) (19,8,-0.0294615) (9,9,-0.698163) (10,9,-0.715938) (21,9,0.698163) (22,9,0.715938) (9,10,-0.440238) (10,10,-0.897881) (24,10,0.440238) (25,10,0.897881) (12,11,-0.999633) (13,11,-0.0270738) (21,11,0.999633) (22,11,0.0270738) (12,12,-0.691652) (13,12,-0.722231) (24,12,0.691652) (25,12,0.722231) (15,13,-0.713492) (16,13,0.700663) (21,13,0.713492) (22,13,-0.700663) (18,14,0.00974084) (19,14,-0.999953) (21,14,-0.00974084) (22,14,0.999953) (18,15,0.0106616) (19,15,-0.999943) (24,15,-0.0106616) (25,15,0.999943) 
Q:
size: 16 16
(0,0,0.0795775) (1,0,0.0397886) (2,0,0.0267702) (3,0,0.035432) (4,0,0.016877) (5,0,0.0274968) (6,0,-0.0275608) (7,0,0.00119731) (0,1,0.0397886) (1,1,0.0795775) (2,1,0.0266989) (3,1,0.0353881) (4,1,0.0167897) (5,1,0.0274271) (0,2,0.0267702) (1,2,0.0266989) (2,2,0.0795775) (3,2,0.0372318) (4,2,0.0380121) (5,2,0.0397763) (11,2,-0.0296417) (12,2,-0.0397397) (0,3,0.035432) (1,3,0.0353881) (2,3,0.0372318) (3,3,0.0795775) (4,3,0.0314227) (5,3,0.0375706) (6,3,0.0375996) (13,3,0.0126429) (0,4,0.016877) (1,4,0.0167897) (2,4,0.0380121) (3,4,0.0314227) (4,4,0.0795775) (5,4,0.0377067) (7,4,0.0355079) (9,4,0.0375037) (11,4,0.036161) (13,4,0.0131586) (14,4,0.0172233) (0,5,0.0274968) (1,5,0.0274271) (2,5,0.0397763) (3,5,0.0375706) (4,5,0.0377067) (5,5,0.0795775) (10,5,0.0376083) (12,5,0.0397766) (15,5,0.0277463) (0,6,-0.0275608) (3,6,0.0375996) (6,6,0.0795775) (7,6,0.0278552) (13,6,-0.000393932) (0,7,0.00119731) (4,7,0.0355079) (6,7,0.0278552) (7,7,0.0795775) (9,7,0.027472) (11,7,0.0397603) (13,7,0.0286862) (14,7,-0.000814152) (8,8,0.0795775) (9,8,0.0269277) (10,8,0.0164564) (14,8,0.00155959) (15,8,0.0015962) (4,9,0.0375037) (7,9,0.027472) (8,9,0.0269277) (9,9,0.0795775) (10,9,0.0378067) (11,9,0.0285401) (13,9,-0.000139179) (14,9,0.0282143) (5,10,0.0376083) (8,10,0.0164564) (9,10,0.0378067) (10,10,0.0795775) (12,10,0.0379174) (15,10,0.0355368) (2,11,-0.0296417) (4,11,0.036161) (7,11,0.0397603) (9,11,0.0285401) (11,11,0.0795775) (12,11,0.0282879) (13,11,0.0276238) (14,11,0.000689746) (2,12,-0.0397397) (5,12,0.0397766) (10,12,0.0379174) (11,12,0.0282879) (12,12,0.0795775) (15,12,0.0284416) (3,13,0.0126429) (4,13,0.0131586) (6,13,-0.000393932) (7,13,0.0286862) (9,13,-0.000139179) (11,13,0.0276238) (13,13,0.0795775) (14,13,-0.0281537) (4,14,0.0172233) (7,14,-0.000814152) (8,14,0.00155959) (9,14,0.0282143) (11,14,0.000689746) (13,14,-0.0281537) (14,14,0.0795775) (15,14,0.0397887) (5,15,0.0277463) (8,15,0.0015962) (10,15,0.0355368) (12,15,0.0284416) (14,15,0.0397887) (15,15,0.0795775) 
Minv:
size: 27 27
(0,0,0.0397887) (1,1,0.0397887) (2,2,0.0795775) (3,3,0.0397887) (4,4,0.0397887) (5,5,0.0795775) (6,6,0.0397887) (7,7,0.0397887) (8,8,0.0795775) (9,9,0.0397887) (10,10,0.0397887) (11,11,0.0795775) (12,12,0.0397887) (13,13,0.0397887) (14,14,0.0795775) (15,15,0.0397887) (16,16,0.0397887) (17,17,0.0795775) (18,18,0.0397887) (19,19,0.0397887) (20,20,0.0795775) (21,21,0.0397887) (22,22,0.0397887) (23,23,0.0795775) (24,24,0.0397887) (25,25,0.0397887) (26,26,0.0795775) 
v0:
size: 27 1
(0,0,0.382532) (1,0,0.618835) (2,0,0) (3,0,-0.0545564) (4,0,0.493497) (5,0,0) (6,0,-0.658005) (7,0,0.533448) (8,0,0) (9,0,0.689522) (10,0,-0.344236) (11,0,0) (12,0,0.746707) (13,0,-0.14081) (14,0,0) (15,0,0.282134) (16,0,0.0215838) (17,0,0) (18,0,0.664272) (19,0,-0.575243) (20,0,0) (21,0,-0.656451) (22,0,-0.885596) (23,0,0) (24,0,0.699196) (25,0,-0.686678) (26,0,0) 
ipopt_sol:
size: 16 1
(0,0,2.13105e-07) (1,0,1.61198e-07) (2,0,10.9905) (3,0,3.72507) (4,0,13.7657) (5,0,1.45937e-05) (6,0,0.63115) (7,0,1.03433e-07) (8,0,1.91635e-07) (9,0,18.1043) (10,0,2.3798e-07) (11,0,24.4436) (12,0,7.48558) (13,0,9.91883e-08) (14,0,5.0967e-07) (15,0,0.13447) 
policy_sol:
size: 16 1
(0,0,0) (1,0,0) (2,0,10.9905) (3,0,3.72507) (4,0,13.7657) (5,0,0) (6,0,0.631148) (7,0,0) (8,0,0) (9,0,18.1043) (10,0,0) (11,0,24.4436) (12,0,7.4856) (13,0,0) (14,0,0) (15,0,0.134459) 

policy_converges:
1
ipopt_converges:
0
