Git Revision:     3cfe7dc3fe6810e9e399640d632720aa3564fe80
Build Mode:       Debug
C Compiler:       /usr/bin/cc
C++ Compiler:     /usr/bin/c++
Fortran Compiler: gfortran
Body count: 9
No end time specified. Simulation will run indefinitely.
N:
size: 27 8
(3,0,-0.702576) (4,0,0.711609) (9,0,0.702576) (10,0,-0.711609) (6,1,-0.894434) (7,1,0.4472) (21,1,0.894434) (22,1,-0.4472) (9,2,-0.00448329) (10,2,-0.99999) (12,2,0.00448329) (13,2,0.99999) (12,3,-0.679703) (13,3,0.733488) (18,3,0.679703) (19,3,-0.733488) (12,4,-0.998528) (13,4,0.054242) (21,4,0.998528) (22,4,-0.054242) (15,5,-0.690145) (16,5,0.723672) (21,5,0.690145) (22,5,-0.723672) (18,6,0.000408456) (19,6,-1) (21,6,-0.000408456) (22,6,1) (18,7,-0.00968797) (19,7,-0.999953) (24,7,0.00968797) (25,7,0.999953) 
Q:
size: 8 8
(0,0,0.0795775) (2,0,0.0281884) (1,1,0.0795775) (4,1,0.0365012) (5,1,0.0374378) (6,1,-0.0178081) (0,2,0.0281884) (2,2,0.0795775) (3,2,0.029063) (4,2,0.00198008) (2,3,0.029063) (3,3,0.0795775) (4,3,0.0285877) (6,3,0.0291956) (7,3,0.0289212) (1,4,0.0365012) (2,4,0.00198008) (3,4,0.0285877) (4,4,0.0795775) (5,4,0.0289814) (6,4,-0.00217445) (1,5,0.0374378) (4,5,0.0289814) (5,5,0.0795775) (6,5,-0.0288052) (1,6,-0.0178081) (3,6,0.0291956) (4,6,-0.00217445) (5,6,-0.0288052) (6,6,0.0795775) (7,6,0.0397867) (3,7,0.0289212) (6,7,0.0397867) (7,7,0.0795775) 
Minv:
size: 27 27
(0,0,0.0397887) (1,1,0.0397887) (2,2,0.0795775) (3,3,0.0397887) (4,4,0.0397887) (5,5,0.0795775) (6,6,0.0397887) (7,7,0.0397887) (8,8,0.0795775) (9,9,0.0397887) (10,10,0.0397887) (11,11,0.0795775) (12,12,0.0397887) (13,13,0.0397887) (14,14,0.0795775) (15,15,0.0397887) (16,16,0.0397887) (17,17,0.0795775) (18,18,0.0397887) (19,19,0.0397887) (20,20,0.0795775) (21,21,0.0397887) (22,22,0.0397887) (23,23,0.0795775) (24,24,0.0397887) (25,25,0.0397887) (26,26,0.0795775) 
v0:
size: 27 1
(0,0,-0.750049) (1,0,-0.752445) (2,0,0) (3,0,-0.436063) (4,0,-0.0245222) (5,0,0) (6,0,-0.154483) (7,0,0.762541) (8,0,0) (9,0,-0.555985) (10,0,0.215102) (11,0,0) (12,0,0.360347) (13,0,-0.0272616) (14,0,0) (15,0,0.471548) (16,0,0.949985) (17,0,0) (18,0,0.558188) (19,0,0.930399) (20,0,0) (21,0,-0.308554) (22,0,0.588158) (23,0,0) (24,0,0.588406) (25,0,0.63558) (26,0,0) 
ipopt_sol:
size: 8 1
(0,0,5.77229) (1,0,1.99513e-07) (2,0,1.78089) (3,0,4.94436) (4,0,14.3315) (5,0,4.65136) (6,0,8.06841) (7,0,1.57095) 
policy_sol:
size: 8 1
(0,0,5.77229) (1,0,0) (2,0,1.78088) (3,0,4.94436) (4,0,14.3315) (5,0,4.65136) (6,0,8.06841) (7,0,1.57095) 

policy_converges:
1
