solve status: 0
N:
size: 27 17
(0,0,-0.00275021) (1,0,-0.999996) (6,0,0.00275021) (7,0,0.999996) (0,1,-0.99977) (1,1,-0.0214243) (9,1,0.99977) (10,1,0.0214243) (0,2,-0.435164) (1,2,-0.900351) (15,2,0.435164) (16,2,0.900351) (0,3,-0.999795) (1,3,-0.0202437) (18,3,0.999795) (19,3,0.0202437) (0,4,-0.894657) (1,4,-0.446753) (21,4,0.894657) (22,4,0.446753) (3,5,-0.0326824) (4,5,-0.999466) (6,5,0.0326824) (7,5,0.999466) (3,6,-0.731144) (4,6,0.682224) (9,6,0.731144) (10,6,-0.682224) (3,7,-0.999997) (4,7,0.00226167) (21,7,0.999997) (22,7,-0.00226167) (6,8,-0.450794) (7,8,0.892628) (9,8,0.450794) (10,8,-0.892628) (6,9,-0.8869) (7,9,0.461961) (21,9,0.8869) (22,9,-0.461961) (9,10,0.00367546) (10,10,-0.999993) (12,10,-0.00367546) (13,10,0.999993) (9,11,0.00897611) (10,11,-0.99996) (15,11,-0.00897611) (16,11,0.99996) (9,12,-0.999821) (10,12,-0.018921) (18,12,0.999821) (19,12,0.018921) (9,13,-0.706998) (10,13,-0.707216) (21,13,0.706998) (22,13,0.707216) (12,14,0.0141641) (13,14,-0.9999) (15,14,-0.0141641) (16,14,0.9999) (12,15,-0.999126) (13,15,0.0417888) (21,15,0.999126) (22,15,-0.0417888) (15,16,-0.677305) (16,16,0.735702) (21,16,0.677305) (22,16,-0.735702) 
Q:
size: 17 17
(0,0,0.0795775) (1,0,0.000961843) (2,0,0.0358713) (3,0,0.000914875) (4,0,0.0178736) (5,0,0.0397709) (8,0,0.0354671) (9,0,0.0182837) (0,1,0.000961843) (1,1,0.0795775) (2,1,0.0180782) (3,1,0.0397887) (4,1,0.0359699) (6,1,0.028503) (8,1,0.0171715) (10,1,-0.00070623) (11,1,-0.000495344) (12,1,-0.0397886) (13,1,-0.028727) (0,2,0.0358713) (1,2,0.0180782) (2,2,0.0795775) (3,2,0.0180363) (4,2,0.0314951) (11,2,0.035667) (14,2,0.035575) (16,2,0.0146284) (0,3,0.000914875) (1,3,0.0397887) (2,3,0.0180363) (3,3,0.0795775) (4,3,0.0359498) (12,3,0.0397887) (0,4,0.0178736) (1,4,0.0359699) (2,4,0.0314951) (3,4,0.0359498) (4,4,0.0795775) (7,4,0.035557) (9,4,0.0233595) (13,4,0.0377385) (15,4,0.0348234) (16,4,0.0110326) (0,5,0.0397709) (5,5,0.0795775) (6,5,-0.0261795) (7,5,0.00121045) (8,5,0.0349114) (9,5,0.0172177) (1,6,0.028503) (5,6,-0.0261795) (6,6,0.0795775) (7,6,0.0291526) (8,6,0.0373444) (10,6,0.0272516) (11,6,0.0274048) (12,6,-0.0285725) (13,6,-0.00137023) (4,7,0.035557) (5,7,0.00121045) (6,7,0.0291526) (7,7,0.0795775) (9,7,0.0353301) (13,7,0.0280668) (15,7,0.0397576) (16,7,0.0270153) (0,8,0.0354671) (1,8,0.0171715) (5,8,0.0349114) (6,8,0.0373444) (8,8,0.0795775) (9,8,0.0323152) (10,8,0.0355822) (11,8,0.0356761) (12,8,-0.0172613) (13,8,0.0124368) (0,9,0.0182837) (4,9,0.0233595) (5,9,0.0172177) (7,9,0.0353301) (8,9,0.0323152) (9,9,0.0795775) (13,9,0.0119497) (15,9,0.0360259) (16,9,0.037424) (1,10,-0.00070623) (6,10,0.0272516) (8,10,0.0355822) (10,10,0.0795775) (11,10,0.0397882) (12,10,0.00060662) (13,10,0.0280356) (14,10,-0.0397865) (15,10,0.00180883) (1,11,-0.000495344) (2,11,0.035667) (6,11,0.0274048) (8,11,0.0356761) (10,11,0.0397882) (11,11,0.0795775) (12,11,0.000395727) (13,11,0.0278856) (14,11,0.0397882) (16,11,0.0295134) (1,12,-0.0397886) (3,12,0.0397887) (6,12,-0.0285725) (8,12,-0.0172613) (10,12,0.00060662) (11,12,0.000395727) (12,12,0.0795775) (13,12,0.0286579) (1,13,-0.028727) (4,13,0.0377385) (6,13,-0.00137023) (7,13,0.0280668) (8,13,0.0124368) (9,13,0.0119497) (10,13,0.0280356) (11,13,0.0278856) (12,13,0.0286579) (13,13,0.0795775) (15,13,0.0269301) (16,13,-0.00164913) (2,14,0.035575) (10,14,-0.0397865) (11,14,0.0397882) (14,14,0.0795775) (15,14,-0.00222564) (16,14,0.0296514) (4,15,0.0348234) (7,15,0.0397576) (9,15,0.0360259) (10,15,0.00180883) (13,15,0.0269301) (14,15,-0.00222564) (15,15,0.0795775) (16,15,0.0281488) (2,16,0.0146284) (4,16,0.0110326) (7,16,0.0270153) (9,16,0.037424) (11,16,0.0295134) (13,16,-0.00164913) (14,16,0.0296514) (15,16,0.0281488) (16,16,0.0795775) 
Minv:
size: 27 27
(0,0,0.0397887) (1,1,0.0397887) (2,2,0.0795775) (3,3,0.0397887) (4,4,0.0397887) (5,5,0.0795775) (6,6,0.0397887) (7,7,0.0397887) (8,8,0.0795775) (9,9,0.0397887) (10,10,0.0397887) (11,11,0.0795775) (12,12,0.0397887) (13,13,0.0397887) (14,14,0.0795775) (15,15,0.0397887) (16,16,0.0397887) (17,17,0.0795775) (18,18,0.0397887) (19,19,0.0397887) (20,20,0.0795775) (21,21,0.0397887) (22,22,0.0397887) (23,23,0.0795775) (24,24,0.0397887) (25,25,0.0397887) (26,26,0.0795775) 
v0:
size: 27 1
(0,0,0.168131) (1,0,-0.0825052) (2,0,0) (3,0,-0.594535) (4,0,-0.0200135) (5,0,0) (6,0,-0.583947) (7,0,-0.358882) (8,0,0) (9,0,-0.132765) (10,0,0.553971) (11,0,0) (12,0,0.137253) (13,0,0.292599) (14,0,0) (15,0,-0.0427143) (16,0,-0.13167) (17,0,0) (18,0,-0.421898) (19,0,-0.504975) (20,0,0) (21,0,-0.969483) (22,0,-0.201016) (23,0,0) (24,0,0.0618162) (25,0,0.596958) (26,0,0) 
ipopt_sol:
size: 17 1
(0,0,1.38082) (1,0,9.82728) (2,0,0) (3,0,10.1115) (4,0,0) (5,0,4.95116) (6,0,0) (7,0,0) (8,0,6.52412) (9,0,0) (10,0,0) (11,0,0) (12,0,3.44334e-08) (13,0,25.1793) (14,0,8.96342) (15,0,16.9993) (16,0,5.66254) 
policy_sol:
size: 17 1
(0,0,1.38082) (1,0,9.82728) (2,0,0) (3,0,10.1115) (4,0,0) (5,0,4.95116) (6,0,0) (7,0,0) (8,0,6.52412) (9,0,0) (10,0,0) (11,0,0) (12,0,0) (13,0,25.1793) (14,0,8.96342) (15,0,16.9993) (16,0,5.66254) 

policy_converges:
1
ipopt_converges:
0
