Git Revision:     18345a57b34405566a64d0bf3d2a118f1cdbade3
Build Mode:       Debug
C Compiler:       /usr/bin/cc
C++ Compiler:     /usr/bin/c++
Fortran Compiler: gfortran
Body count: 9
No end time specified. Simulation will run indefinitely.
N:
size: 27 20
(0,0,-0.999371) (1,0,0.0354669) (9,0,0.999371) (10,0,-0.0354669) (0,1,-0.892541) (1,1,-0.450966) (21,1,0.892541) (22,1,0.450966) (3,2,0.0524208) (4,2,-0.998625) (6,2,-0.0524208) (7,2,0.998625) (3,3,-0.731295) (4,3,0.682061) (9,3,0.731295) (10,3,-0.682061) (3,4,-0.999629) (4,4,-0.027219) (12,4,0.999629) (13,4,0.027219) (3,5,-0.712234) (4,5,-0.701942) (15,5,0.712234) (16,5,0.701942) (3,6,-0.999566) (4,6,-0.0294644) (21,6,0.999566) (22,6,0.0294644) (6,7,-0.476825) (7,7,0.878998) (9,7,0.476825) (10,7,-0.878998) (6,8,-0.722357) (7,8,0.691521) (12,8,0.722357) (13,8,-0.691521) (6,9,-0.999781) (7,9,0.0209301) (15,9,0.999781) (16,9,-0.0209301) (6,10,-0.900301) (7,10,0.435267) (21,10,0.900301) (22,10,-0.435267) (6,11,-0.999993) (7,11,-0.00361031) (24,11,0.999993) (25,11,0.00361031) (9,12,-0.000387157) (10,12,-1) (15,12,0.000387157) (16,12,1) (9,13,-0.679414) (10,13,-0.733755) (21,13,0.679414) (22,13,0.733755) (9,14,-0.432994) (10,14,-0.901397) (24,14,0.432994) (25,14,0.901397) (12,15,-0.0291996) (13,15,-0.999574) (15,15,0.0291996) (16,15,0.999574) (12,16,-0.999495) (13,16,-0.0317796) (21,16,0.999495) (22,16,0.0317796) (12,17,-0.697661) (13,17,-0.716428) (24,17,0.697661) (25,17,0.716428) (15,18,-0.701468) (16,18,0.712701) (21,18,0.701468) (22,18,-0.712701) (21,19,-0.0207846) (22,19,-0.999784) (24,19,0.0207846) (25,19,0.999784) 
Q:
size: 20 20
(0,0,0.0795775) (1,0,0.0348544) (3,0,0.0300415) (7,0,0.0202008) (12,0,0.00139579) (13,0,-0.0259805) (14,0,-0.0159454) (0,1,0.0348544) (1,1,0.0795775) (6,1,0.0360264) (10,1,0.0241623) (13,1,0.0372941) (16,1,0.0360654) (18,1,0.0121231) (19,1,-0.0186776) (2,2,0.0795775) (3,2,-0.0286263) (4,2,-0.00100346) (5,2,0.0264054) (6,2,-0.000914114) (7,2,0.0359207) (8,2,0.0289836) (9,2,0.00291694) (10,2,0.0191727) (11,2,0.00194229) (0,3,0.0300415) (2,3,-0.0286263) (3,3,0.0795775) (4,3,0.0283479) (5,3,0.00167456) (6,3,0.0282851) (7,3,0.0377289) (12,3,0.0271271) (13,3,0.000143799) (14,3,0.0118635) (2,4,-0.00100346) (3,4,0.0283479) (4,4,0.0795775) (5,4,0.0290886) (6,4,0.0397886) (8,4,0.0279821) (15,4,-0.00224393) (16,4,-0.0397883) (17,4,-0.0285247) (2,5,0.0264054) (3,5,0.00167456) (4,5,0.0290886) (5,5,0.0795775) (6,5,0.0291495) (9,5,0.0277481) (12,5,0.0279403) (15,5,0.028745) (18,5,2.64568e-05) (1,6,0.0360264) (2,6,-0.000914114) (3,6,0.0282851) (4,6,0.0397886) (5,6,0.0291495) (6,6,0.0795775) (10,6,0.035296) (13,6,0.0278815) (16,6,0.0397886) (18,6,0.0270629) (19,6,-0.00199873) (0,7,0.0202008) (2,7,0.0359207) (3,7,0.0377289) (7,7,0.0795775) (8,7,0.0378901) (9,7,0.0197001) (10,7,0.0323039) (11,7,0.0188459) (12,7,0.0349669) (13,7,0.0127725) (14,7,0.0233108) (2,8,0.0289836) (4,8,0.0279821) (7,8,0.0378901) (8,8,0.0795775) (9,8,0.0293113) (10,8,0.0378524) (11,8,0.0286421) (15,8,0.0266638) (16,8,-0.0278527) (17,8,-0.000339629) (2,9,0.00291694) (5,9,0.0277481) (7,9,0.0197001) (8,9,0.0293113) (9,9,0.0795775) (10,9,0.0361765) (11,9,0.0397768) (12,9,-0.000817381) (15,9,0.000329133) (18,9,-0.0284979) (1,10,0.0241623) (2,10,0.0191727) (6,10,0.035296) (7,10,0.0323039) (8,10,0.0378524) (9,10,0.0361765) (10,10,0.0795775) (11,10,0.0357591) (13,10,0.0116301) (16,10,0.0352534) (18,10,0.037471) (19,10,0.0165704) (2,11,0.00194229) (7,11,0.0188459) (8,11,0.0286421) (9,11,0.0397768) (10,11,0.0357591) (11,11,0.0795775) (14,11,0.0173576) (17,11,0.0278618) (19,11,0.000970605) (0,12,0.00139579) (3,12,0.0271271) (5,12,0.0279403) (7,12,0.0349669) (9,12,-0.000817381) (12,12,0.0795775) (13,12,0.0292057) (14,12,0.0358721) (15,12,0.0397722) (18,12,0.0283467) (0,13,-0.0259805) (1,13,0.0372941) (3,13,0.000143799) (6,13,0.0278815) (7,13,0.0127725) (10,13,0.0116301) (12,13,0.0292057) (13,13,0.0795775) (14,13,0.0380216) (16,13,0.0279472) (18,13,-0.00184465) (19,13,-0.0297508) (0,14,-0.0159454) (3,14,0.0118635) (7,14,0.0233108) (11,14,0.0173576) (12,14,0.0358721) (13,14,0.0380216) (14,14,0.0795775) (17,14,0.0377145) (19,14,0.0362158) (4,15,-0.00224393) (5,15,0.028745) (8,15,0.0266638) (9,15,0.000329133) (12,15,0.0397722) (15,15,0.0795775) (16,15,0.00242516) (17,15,0.0293042) (18,15,0.0275304) (1,16,0.0360654) (4,16,-0.0397883) (6,16,0.0397886) (8,16,-0.0278527) (10,16,0.0352534) (13,16,0.0279472) (15,16,0.00242516) (16,16,0.0795775) (17,16,0.0286509) (18,16,0.0269952) (19,16,-0.00209077) (4,17,-0.0285247) (8,17,-0.000339629) (11,17,0.0278618) (14,17,0.0377145) (15,17,0.0293042) (16,17,0.0286509) (17,17,0.0795775) (19,17,0.0290766) (1,18,0.0121231) (5,18,2.64568e-05) (6,18,0.0270629) (9,18,-0.0284979) (10,18,0.037471) (12,18,0.0283467) (13,18,-0.00184465) (15,18,0.0275304) (16,18,0.0269952) (18,18,0.0795775) (19,18,0.0277712) (1,19,-0.0186776) (6,19,-0.00199873) (10,19,0.0165704) (11,19,0.000970605) (13,19,-0.0297508) (14,19,0.0362158) (16,19,-0.00209077) (17,19,0.0290766) (18,19,0.0277712) (19,19,0.0795775) 
Minv:
size: 27 27
(0,0,0.0397887) (1,1,0.0397887) (2,2,0.0795775) (3,3,0.0397887) (4,4,0.0397887) (5,5,0.0795775) (6,6,0.0397887) (7,7,0.0397887) (8,8,0.0795775) (9,9,0.0397887) (10,10,0.0397887) (11,11,0.0795775) (12,12,0.0397887) (13,13,0.0397887) (14,14,0.0795775) (15,15,0.0397887) (16,16,0.0397887) (17,17,0.0795775) (18,18,0.0397887) (19,19,0.0397887) (20,20,0.0795775) (21,21,0.0397887) (22,22,0.0397887) (23,23,0.0795775) (24,24,0.0397887) (25,25,0.0397887) (26,26,0.0795775) 
v0:
size: 27 1
(0,0,-0.148611) (1,0,-0.980812) (2,0,0) (3,0,-0.107381) (4,0,-0.431166) (5,0,0) (6,0,0.489748) (7,0,-0.433409) (8,0,0) (9,0,-0.963042) (10,0,0.356165) (11,0,0) (12,0,-0.569947) (13,0,0.888016) (14,0,0) (15,0,-0.925868) (16,0,-0.267226) (17,0,0) (18,0,0.000230165) (19,0,-0.992043) (20,0,0) (21,0,-0.967323) (22,0,-0.0843347) (23,0,0) (24,0,0.0736384) (25,0,-0.699615) (26,0,0) 
ipopt_sol:
size: 20 1
(0,0,18.6104) (1,0,1.01919e-07) (2,0,2.53837e-07) (3,0,22.1679) (4,0,1.14025e-05) (5,0,3.65711e-07) (6,0,8.83773e-06) (7,0,2.27151e-07) (8,0,33.7704) (9,0,23.1473) (10,0,2.66584e-07) (11,0,7.45872e-08) (12,0,1.61815e-07) (13,0,16.3295) (14,0,2.43147e-07) (15,0,17.3578) (16,0,16.8788) (17,0,3.88171e-07) (18,0,1.64563e-07) (19,0,21.465) 
policy_sol:
size: 20 1
(0,0,18.6104) (1,0,0) (2,0,0) (3,0,22.1679) (4,0,0) (5,0,0) (6,0,0) (7,0,0) (8,0,33.7704) (9,0,23.1473) (10,0,0) (11,0,0) (12,0,0) (13,0,16.3295) (14,0,0) (15,0,17.3577) (16,0,16.8788) (17,0,0) (18,0,0) (19,0,21.465) 

policy_converges:
1
ipopt_converges:
0
