Git Revision:     3cfe7dc3fe6810e9e399640d632720aa3564fe80
Build Mode:       Debug
C Compiler:       /usr/bin/cc
C++ Compiler:     /usr/bin/c++
Fortran Compiler: gfortran
Body count: 9
No end time specified. Simulation will run indefinitely.
N:
size: 27 23
(0,0,-0.00487795) (1,0,-0.999988) (6,0,0.00487795) (7,0,0.999988) (0,1,-0.999851) (1,1,-0.0172638) (9,1,0.999851) (10,1,0.0172638) (0,2,-0.69931) (1,2,-0.714818) (12,2,0.69931) (13,2,0.714818) (0,3,-0.999997) (1,3,0.00256631) (18,3,0.999997) (19,3,-0.00256631) (0,4,-0.879224) (1,4,-0.476408) (21,4,0.879224) (22,4,0.476408) (0,5,-0.712357) (1,5,-0.701817) (24,5,0.712357) (25,5,0.701817) (3,6,0.0123537) (4,6,-0.999924) (6,6,-0.0123537) (7,6,0.999924) (3,7,-0.999378) (4,7,-0.0352705) (21,7,0.999378) (22,7,0.0352705) (3,8,-0.898548) (4,8,-0.438875) (24,8,0.898548) (25,8,0.438875) (6,9,-0.707341) (7,9,0.706872) (18,9,0.707341) (19,9,-0.706872) (6,10,-0.909289) (7,10,0.416165) (21,10,0.909289) (22,10,-0.416165) (6,11,-0.999997) (7,11,0.00250865) (24,11,0.999997) (25,11,-0.00250865) (9,12,-0.0180656) (10,12,-0.999837) (12,12,0.0180656) (13,12,0.999837) (9,13,-0.999755) (10,13,0.0221276) (18,13,0.999755) (19,13,-0.0221276) (9,14,-0.459655) (10,14,-0.888097) (24,14,0.459655) (25,14,0.888097) (12,15,-0.68917) (13,15,0.7246) (18,15,0.68917) (19,15,-0.7246) (12,16,-0.998997) (13,16,-0.0447662) (21,16,0.998997) (22,16,0.0447662) (12,17,-0.725837) (13,17,-0.687867) (24,17,0.725837) (25,17,0.687867) (15,18,-0.447245) (16,18,0.894411) (18,18,0.447245) (19,18,-0.894411) (15,19,-0.725701) (16,19,0.68801) (21,19,0.725701) (22,19,-0.68801) (15,20,-0.998531) (16,20,0.0541841) (24,20,0.998531) (25,20,-0.0541841) (18,21,-0.0043222) (19,21,-0.999991) (24,21,0.0043222) (25,21,0.999991) (21,22,-0.0214677) (22,22,-0.99977) (24,22,0.0214677) (25,22,0.99977) 
Q:
size: 23 23
(0,0,0.0795775) (1,0,0.000880953) (2,0,0.0285771) (3,0,9.19779e-05) (4,0,0.0191261) (5,0,0.0280623) (6,0,0.0397828) (9,0,0.0279879) (10,0,0.016382) (11,0,-9.42718e-05) (0,1,0.000880953) (1,1,0.0795775) (2,1,0.0283115) (3,1,0.0397809) (4,1,0.0353053) (5,1,0.0288217) (12,1,-0.00140549) (13,1,-0.0397579) (14,1,-0.0188964) (0,2,0.0285771) (1,2,0.0283115) (2,2,0.0795775) (3,2,0.0277516) (4,2,0.038014) (5,2,0.039782) (12,2,0.0289397) (15,2,0.00143294) (16,2,-0.02907) (17,2,-0.0397603) (0,3,9.19779e-05) (1,3,0.0397809) (2,3,0.0277516) (3,3,0.0795775) (4,3,0.0349345) (5,3,0.028272) (9,3,0.0282163) (13,3,0.0397811) (15,3,0.0274951) (18,3,0.0178866) (21,3,-6.9865e-05) (0,4,0.0191261) (1,4,0.0353053) (2,4,0.038014) (3,4,0.0349345) (4,4,0.0795775) (5,4,0.038224) (7,4,0.03563) (10,4,0.0239212) (16,4,0.0357967) (19,4,0.0123457) (22,4,-0.0197023) (0,5,0.0280623) (1,5,0.0288217) (2,5,0.039782) (3,5,0.028272) (4,5,0.038224) (5,5,0.0795775) (8,5,0.0377236) (11,5,0.0282737) (14,5,0.037828) (17,5,0.0397812) (20,5,0.0267891) (21,5,0.0280467) (22,5,0.0285264) (0,6,0.0397828) (6,6,0.0795775) (7,6,0.000912029) (8,6,0.0170193) (9,6,0.0284711) (10,6,0.0170044) (11,6,0.000591345) (4,7,0.03563) (6,7,0.000912029) (7,7,0.0795775) (8,7,0.0363458) (10,7,0.0355729) (16,7,0.0397869) (19,7,0.0278912) (22,7,-0.00225669) (5,8,0.0377236) (6,8,0.0170193) (7,8,0.0363458) (8,8,0.0795775) (11,8,0.0357082) (14,8,0.0319418) (17,8,0.0379619) (20,8,0.0347534) (21,8,0.0176166) (22,8,0.0182258) (0,9,0.0279879) (3,9,0.0282163) (6,9,0.0284711) (9,9,0.0795775) (10,9,0.0372961) (11,9,0.0282147) (13,9,0.0287597) (15,9,0.0397759) (18,9,0.0377432) (21,9,0.0280036) (0,10,0.016382) (4,10,0.0239212) (6,10,0.0170044) (7,10,0.0355729) (9,10,0.0372961) (10,10,0.0795775) (11,10,0.0362209) (16,10,0.0354019) (19,10,0.037648) (22,10,0.0157782) (0,11,-9.42718e-05) (5,11,0.0282737) (6,11,0.000591345) (8,11,0.0357082) (9,11,0.0282147) (10,11,0.0362209) (11,11,0.0795775) (14,11,0.0182004) (17,11,0.0288114) (20,11,0.0397356) (21,11,7.21589e-05) (22,11,0.000754378) (1,12,-0.00140549) (2,12,0.0289397) (12,12,0.0795775) (13,12,-0.000161652) (14,12,0.0356609) (15,12,0.0283308) (16,12,-0.00249899) (17,12,-0.0278866) (1,13,-0.0397579) (3,13,0.0397811) (9,13,0.0287597) (12,13,-0.000161652) (13,13,0.0795775) (14,13,0.0175027) (15,13,0.0280524) (18,13,0.0185784) (21,13,0.000708487) (1,14,-0.0188964) (5,14,0.037828) (8,14,0.0319418) (11,14,0.0182004) (12,14,0.0356609) (13,14,0.0175027) (14,14,0.0795775) (17,14,0.0375816) (20,14,0.0163476) (21,14,0.035415) (22,14,0.0357208) (2,15,0.00143294) (3,15,0.0274951) (9,15,0.0397759) (12,15,0.0283308) (13,15,0.0280524) (15,15,0.0795775) (16,15,0.026103) (17,15,7.14917e-05) (18,15,0.0380507) (21,15,0.0287121) (2,16,-0.02907) (4,16,0.0357967) (7,16,0.0397869) (10,16,0.0354019) (12,16,-0.00249899) (15,16,0.026103) (16,16,0.0795775) (17,16,0.0300764) (19,16,0.0276203) (22,16,-0.0026341) (2,17,-0.0397603) (5,17,0.0397812) (8,17,0.0379619) (11,17,0.0288114) (12,17,-0.0278866) (14,17,0.0375816) (15,17,7.14917e-05) (16,17,0.0300764) (17,17,0.0795775) (20,17,0.0273547) (21,17,0.0274939) (22,17,0.027983) (3,18,0.0178866) (9,18,0.0377432) (13,18,0.0185784) (15,18,0.0380507) (18,18,0.0795775) (19,18,0.0373987) (20,18,0.0196975) (21,18,0.0355102) (4,19,0.0123457) (7,19,0.0278912) (10,19,0.037648) (16,19,0.0276203) (18,19,0.0373987) (19,19,0.0795775) (20,19,0.0303156) (22,19,0.0267489) (5,20,0.0267891) (8,20,0.0347534) (11,20,0.0397356) (14,20,0.0163476) (17,20,0.0273547) (18,20,0.0196975) (19,20,0.0303156) (20,20,0.0795775) (21,20,-0.00198417) (22,20,-0.0013025) (3,21,-6.9865e-05) (5,21,0.0280467) (8,21,0.0176166) (9,21,0.0280036) (11,21,7.21589e-05) (13,21,0.000708487) (14,21,0.035415) (15,21,0.0287121) (17,21,0.0274939) (18,21,0.0355102) (20,21,-0.00198417) (21,21,0.0795775) (22,21,0.0397829) (4,22,-0.0197023) (5,22,0.0285264) (7,22,-0.00225669) (8,22,0.0182258) (10,22,0.0157782) (11,22,0.000754378) (14,22,0.0357208) (16,22,-0.0026341) (17,22,0.027983) (19,22,0.0267489) (20,22,-0.0013025) (21,22,0.0397829) (22,22,0.0795775) 
Minv:
size: 27 27
(0,0,0.0397887) (1,1,0.0397887) (2,2,0.0795775) (3,3,0.0397887) (4,4,0.0397887) (5,5,0.0795775) (6,6,0.0397887) (7,7,0.0397887) (8,8,0.0795775) (9,9,0.0397887) (10,10,0.0397887) (11,11,0.0795775) (12,12,0.0397887) (13,13,0.0397887) (14,14,0.0795775) (15,15,0.0397887) (16,16,0.0397887) (17,17,0.0795775) (18,18,0.0397887) (19,19,0.0397887) (20,20,0.0795775) (21,21,0.0397887) (22,22,0.0397887) (23,23,0.0795775) (24,24,0.0397887) (25,25,0.0397887) (26,26,0.0795775) 
v0:
size: 27 1
(0,0,0.305523) (1,0,0.225049) (2,0,0) (3,0,-0.814464) (4,0,0.370209) (5,0,0) (6,0,0.343619) (7,0,0.144591) (8,0,0) (9,0,0.0472734) (10,0,-0.262079) (11,0,0) (12,0,0.726968) (13,0,-0.552534) (14,0,0) (15,0,0.889712) (16,0,0.688887) (17,0,0) (18,0,-0.331144) (19,0,0.0822543) (20,0,0) (21,0,-0.937177) (22,0,0.881126) (23,0,0) (24,0,-0.986624) (25,0,-0.648073) (26,0,0) 
ipopt_sol:
size: 23 1
(0,0,1.16752e-07) (1,0,2.15917) (2,0,21.4285) (3,0,7.0363e-06) (4,0,4.73877e-07) (5,0,2.29856e-07) (6,0,5.18683) (7,0,4.82501e-08) (8,0,5.44259e-08) (9,0,2.02485e-07) (10,0,3.55351) (11,0,11.2188) (12,0,2.72539e-07) (13,0,6.16868) (14,0,1.17359e-07) (15,0,13.0771) (16,0,43.4425) (17,0,2.3271e-07) (18,0,5.49618e-08) (19,0,1.19364e-07) (20,0,40.316) (21,0,2.08941e-07) (22,0,39.7377) 
policy_sol:
size: 23 1
(0,0,0) (1,0,2.15918) (2,0,21.4285) (3,0,0) (4,0,0) (5,0,0) (6,0,5.18683) (7,0,0) (8,0,0) (9,0,0) (10,0,3.5535) (11,0,11.2188) (12,0,0) (13,0,6.16869) (14,0,0) (15,0,13.0771) (16,0,43.4425) (17,0,0) (18,0,0) (19,0,0) (20,0,40.316) (21,0,0) (22,0,39.7377) 

policy_converges:
1
