Git Revision:     3cfe7dc3fe6810e9e399640d632720aa3564fe80
Build Mode:       Debug
C Compiler:       /usr/bin/cc
C++ Compiler:     /usr/bin/c++
Fortran Compiler: gfortran
Body count: 9
No end time specified. Simulation will run indefinitely.
N:
size: 27 19
(0,0,-0.0940734) (1,0,-0.995565) (3,0,0.0940734) (4,0,0.995565) (0,1,-0.999948) (1,1,0.0102043) (9,1,0.999948) (10,1,-0.0102043) (0,2,-0.72677) (1,2,-0.686881) (12,2,0.72677) (13,2,0.686881) (0,3,-0.999812) (1,3,-0.0193865) (18,3,0.999812) (19,3,0.0193865) (0,4,-0.89997) (1,4,-0.435952) (21,4,0.89997) (22,4,0.435952) (0,5,-0.709661) (1,5,-0.704544) (24,5,0.709661) (25,5,0.704544) (3,6,-0.698952) (4,6,0.715169) (9,6,0.698952) (10,6,-0.715169) (3,7,-0.999085) (4,7,-0.0427711) (12,7,0.999085) (13,7,0.0427711) (3,8,-0.89553) (4,8,0.445002) (18,8,0.89553) (19,8,-0.445002) (6,9,-0.460571) (7,9,0.887623) (9,9,0.460571) (10,9,-0.887623) (6,10,-0.706389) (7,10,0.707824) (18,10,0.706389) (19,10,-0.707824) (9,11,-0.42664) (10,11,-0.904421) (24,11,0.42664) (25,11,0.904421) (12,12,-0.677221) (13,12,0.735779) (18,12,0.677221) (19,12,-0.735779) (12,13,-0.690125) (13,13,-0.72369) (24,13,0.690125) (25,13,0.72369) (15,14,-0.450189) (16,14,0.892933) (18,14,0.450189) (19,14,-0.892933) (15,15,-0.999909) (16,15,-0.0135085) (24,15,0.999909) (25,15,0.0135085) (18,16,-0.0876822) (19,16,-0.996149) (21,16,0.0876822) (22,16,0.996149) (18,17,-0.00916383) (19,17,-0.999958) (24,17,0.00916383) (25,17,0.999958) (21,18,0.0678085) (22,18,-0.997698) (24,18,-0.0678085) (25,18,0.997698) 
Q:
size: 19 19
(0,0,0.0795775) (1,0,0.00333865) (2,0,0.0299293) (3,0,0.0045103) (4,0,0.0206377) (5,0,0.0305649) (6,0,0.0257132) (7,0,-0.0054339) (8,0,0.0142755) (0,1,0.00333865) (1,1,0.0795775) (2,1,0.0286369) (3,1,0.0397713) (4,1,0.0356298) (5,1,0.027949) (6,1,0.0280993) (9,1,0.018685) (11,1,-0.0166074) (0,2,0.0299293) (1,2,0.0286369) (2,2,0.0795775) (3,2,0.0294417) (4,2,0.0379393) (5,2,0.0397767) (7,2,0.0300597) (12,2,0.000525567) (13,2,-0.0397351) (0,3,0.0045103) (1,3,0.0397713) (2,3,0.0294417) (3,3,0.0795775) (4,3,0.0361382) (5,3,0.0287747) (8,3,0.035282) (10,3,0.0275551) (12,3,0.0263732) (14,3,0.0172203) (16,3,-0.0042565) (17,3,-0.00113588) (0,4,0.0206377) (1,4,0.0356298) (2,4,0.0379393) (3,4,0.0361382) (4,4,0.0795775) (5,4,0.037633) (16,4,0.0204189) (18,4,-0.0148779) (0,5,0.0305649) (1,5,0.027949) (2,5,0.0397767) (3,5,0.0287747) (4,5,0.037633) (5,5,0.0795775) (11,5,0.0374004) (13,5,0.0397738) (15,5,0.0286126) (17,5,0.0282905) (18,5,0.0260537) (0,6,0.0257132) (1,6,0.0280993) (6,6,0.0795775) (7,6,0.0265679) (8,6,0.0375679) (9,6,0.0380666) (11,6,0.0138709) (0,7,-0.0054339) (2,7,0.0300597) (6,7,0.0265679) (7,7,0.0795775) (8,7,0.0348421) (12,7,-0.025669) (13,7,-0.0286656) (0,8,0.0142755) (3,8,0.035282) (6,8,0.0375679) (7,8,0.0348421) (8,8,0.0795775) (10,8,0.0377028) (12,8,0.0371585) (14,8,0.0318515) (16,8,0.0145136) (17,8,0.0173788) (1,9,0.018685) (6,9,0.0380666) (9,9,0.0795775) (10,9,0.0379435) (11,9,0.0241234) (3,10,0.0275551) (8,10,0.0377028) (9,10,0.0379435) (10,10,0.0795775) (12,10,0.0397563) (14,10,0.0378012) (16,10,0.0255905) (17,10,0.0279047) (1,11,-0.0166074) (5,11,0.0374004) (6,11,0.0138709) (9,11,0.0241234) (11,11,0.0795775) (13,11,0.0377578) (15,11,0.01746) (17,11,0.0361398) (18,11,0.0347519) (2,12,0.000525567) (3,12,0.0263732) (7,12,-0.025669) (8,12,0.0371585) (10,12,0.0397563) (12,12,0.0795775) (13,12,-0.00259062) (14,12,0.038272) (16,12,0.0268003) (17,12,0.0290276) (2,13,-0.0397351) (5,13,0.0397738) (7,13,-0.0286656) (11,13,0.0377578) (12,13,-0.00259062) (13,13,0.0795775) (15,13,0.0278457) (17,13,0.0290451) (18,13,0.0268665) (3,14,0.0172203) (8,14,0.0318515) (10,14,0.0378012) (12,14,0.038272) (14,14,0.0795775) (15,14,0.0174309) (16,14,0.0338212) (17,14,0.035363) (5,15,0.0286126) (11,15,0.01746) (13,15,0.0278457) (14,15,0.0174309) (15,15,0.0795775) (17,15,0.000902049) (18,15,-0.00216152) (3,16,-0.0042565) (4,16,0.0204189) (8,16,0.0145136) (10,16,0.0255905) (12,16,0.0268003) (14,16,0.0338212) (16,16,0.0795775) (17,16,0.0396658) (18,16,-0.0393077) (3,17,-0.00113588) (5,17,0.0282905) (8,17,0.0173788) (10,17,0.0279047) (11,17,0.0361398) (12,17,0.0290276) (13,17,0.0290451) (14,17,0.035363) (15,17,0.000902049) (16,17,0.0396658) (17,17,0.0795775) (18,17,0.0396708) (4,18,-0.0148779) (5,18,0.0260537) (11,18,0.0347519) (13,18,0.0268665) (15,18,-0.00216152) (16,18,-0.0393077) (17,18,0.0396708) (18,18,0.0795775) 
Minv:
size: 27 27
(0,0,0.0397887) (1,1,0.0397887) (2,2,0.0795775) (3,3,0.0397887) (4,4,0.0397887) (5,5,0.0795775) (6,6,0.0397887) (7,7,0.0397887) (8,8,0.0795775) (9,9,0.0397887) (10,10,0.0397887) (11,11,0.0795775) (12,12,0.0397887) (13,13,0.0397887) (14,14,0.0795775) (15,15,0.0397887) (16,16,0.0397887) (17,17,0.0795775) (18,18,0.0397887) (19,19,0.0397887) (20,20,0.0795775) (21,21,0.0397887) (22,22,0.0397887) (23,23,0.0795775) (24,24,0.0397887) (25,25,0.0397887) (26,26,0.0795775) 
v0:
size: 27 1
(0,0,0.853115) (1,0,-0.3724) (2,0,0) (3,0,0.104948) (4,0,-0.569441) (5,0,0) (6,0,-0.222646) (7,0,0.0776208) (8,0,0) (9,0,-0.626286) (10,0,0.247861) (11,0,0) (12,0,-0.0386592) (13,0,0.272878) (14,0,0) (15,0,0.796057) (16,0,0.957569) (17,0,0) (18,0,-0.311503) (19,0,0.697657) (20,0,0) (21,0,0.203931) (22,0,0.29367) (23,0,0) (24,0,0.810635) (25,0,-0.905907) (26,0,0) 
ipopt_sol:
size: 19 1
(0,0,5.77096e-07) (1,0,19.7423) (2,0,1.0893e-07) (3,0,20.6787) (4,0,9.82472e-08) (5,0,4.59489e-08) (6,0,20.5645) (7,0,2.64276e-07) (8,0,7.63241e-07) (9,0,1.80317e-07) (10,0,2.02017e-07) (11,0,1.05817e-07) (12,0,1.90345e-07) (13,0,1.04515e-07) (14,0,8.18349e-08) (15,0,1.56466) (16,0,33.6953) (17,0,3.7322e-06) (18,0,47.7997) 
policy_sol:
size: 19 1
(0,0,0) (1,0,19.7423) (2,0,0) (3,0,20.6787) (4,0,0) (5,0,0) (6,0,20.5645) (7,0,0) (8,0,0) (9,0,0) (10,0,0) (11,0,0) (12,0,0) (13,0,0) (14,0,0) (15,0,1.56466) (16,0,33.6953) (17,0,0) (18,0,47.7997) 

policy_converges:
1
