Git Revision:     3cfe7dc3fe6810e9e399640d632720aa3564fe80
Build Mode:       Debug
C Compiler:       /usr/bin/cc
C++ Compiler:     /usr/bin/c++
Fortran Compiler: gfortran
Body count: 9
No end time specified. Simulation will run indefinitely.
N:
size: 27 13
(3,0,-0.700631) (4,0,0.713524) (9,0,0.700631) (10,0,-0.713524) (3,1,-0.999922) (4,1,0.0125204) (21,1,0.999922) (22,1,-0.0125204) (6,2,-0.440699) (7,2,0.897655) (9,2,0.440699) (10,2,-0.897655) (6,3,-0.706017) (7,3,0.708195) (12,3,0.706017) (13,3,-0.708195) (6,4,-0.999594) (7,4,-0.0284753) (15,4,0.999594) (16,4,0.0284753) (6,5,-0.893008) (7,5,0.450041) (21,5,0.893008) (22,5,-0.450041) (6,6,-0.999984) (7,6,-0.00572875) (24,6,0.999984) (25,6,0.00572875) (9,7,-0.026712) (10,7,-0.999643) (12,7,0.026712) (13,7,0.999643) (9,8,-0.0263346) (10,8,-0.999653) (15,8,0.0263346) (16,8,0.999653) (9,9,-0.727811) (10,9,-0.685778) (21,9,0.727811) (22,9,0.685778) (12,10,-0.999969) (13,10,0.00781063) (21,10,0.999969) (22,10,-0.00781063) (15,11,-0.685426) (16,11,0.728142) (21,11,0.685426) (22,11,-0.728142) (21,12,0.00336266) (22,12,-0.999994) (24,12,-0.00336266) (25,12,0.999994) 
Q:
size: 13 13
(0,0,0.0795775) (1,0,0.0282305) (2,0,0.0377701) (7,0,0.0276354) (8,0,0.0276462) (9,0,-0.000819936) (0,1,0.0282305) (1,1,0.0795775) (5,1,0.0357531) (9,1,0.0286148) (10,1,0.0397883) (11,1,0.0276328) (12,1,0.000631955) (0,2,0.0377701) (2,2,0.0795775) (3,2,0.0376742) (4,2,0.0165107) (5,2,0.0317327) (6,2,0.01733) (7,2,0.0352354) (8,2,0.0352424) (9,2,0.0117316) (2,3,0.0376742) (3,3,0.0795775) (4,3,0.0272778) (5,3,0.0377673) (6,3,0.0279296) (7,3,-0.0274177) (10,3,-0.0283108) (2,4,0.0165107) (3,4,0.0272778) (4,4,0.0795775) (5,4,0.0350074) (6,4,0.0397784) (8,4,0.00218) (11,4,-0.0264362) (1,5,0.0357531) (2,5,0.0317327) (3,5,0.0377673) (4,5,0.0350074) (5,5,0.0795775) (6,5,0.0354285) (9,5,0.0135804) (10,5,0.0356704) (11,5,0.0373928) (12,5,0.0180259) (2,6,0.01733) (3,6,0.0279296) (4,6,0.0397784) (5,6,0.0354285) (6,6,0.0795775) (12,6,9.41447e-05) (0,7,0.0276354) (2,7,0.0352354) (3,7,-0.0274177) (7,7,0.0795775) (8,7,0.0397887) (9,7,0.02805) (10,7,-0.000752142) (0,8,0.0276462) (2,8,0.0352424) (4,8,0.00218) (7,8,0.0397887) (8,8,0.0795775) (9,8,0.0280394) (11,8,0.0282436) (0,9,-0.000819936) (1,9,0.0286148) (2,9,0.0117316) (5,9,0.0135804) (7,9,0.02805) (8,9,0.0280394) (9,9,0.0795775) (10,9,0.0287447) (11,9,-1.92472e-05) (12,9,-0.0271887) (1,10,0.0397883) (3,10,-0.0283108) (5,10,0.0356704) (7,10,-0.000752142) (9,10,0.0287447) (10,10,0.0795775) (11,10,0.0274977) (12,10,0.000444565) (1,11,0.0276328) (4,11,-0.0264362) (5,11,0.0373928) (8,11,0.0282436) (9,11,-1.92472e-05) (10,11,0.0274977) (11,11,0.0795775) (12,11,0.0290634) (1,12,0.000631955) (5,12,0.0180259) (6,12,9.41447e-05) (9,12,-0.0271887) (10,12,0.000444565) (11,12,0.0290634) (12,12,0.0795775) 
Minv:
size: 27 27
(0,0,0.0397887) (1,1,0.0397887) (2,2,0.0795775) (3,3,0.0397887) (4,4,0.0397887) (5,5,0.0795775) (6,6,0.0397887) (7,7,0.0397887) (8,8,0.0795775) (9,9,0.0397887) (10,10,0.0397887) (11,11,0.0795775) (12,12,0.0397887) (13,13,0.0397887) (14,14,0.0795775) (15,15,0.0397887) (16,16,0.0397887) (17,17,0.0795775) (18,18,0.0397887) (19,19,0.0397887) (20,20,0.0795775) (21,21,0.0397887) (22,22,0.0397887) (23,23,0.0795775) (24,24,0.0397887) (25,25,0.0397887) (26,26,0.0795775) 
v0:
size: 27 1
(0,0,-0.719893) (1,0,-0.85001) (2,0,0) (3,0,-0.0314592) (4,0,-0.554635) (5,0,0) (6,0,0.704922) (7,0,-0.147948) (8,0,0) (9,0,-0.580881) (10,0,0.623619) (11,0,0) (12,0,0.376813) (13,0,0.0303199) (14,0,0) (15,0,0.207256) (16,0,0.581745) (17,0,0) (18,0,0.406556) (19,0,-0.663581) (20,0,0) (21,0,-0.52495) (22,0,0.432501) (23,0,0) (24,0,0.626384) (25,0,0.40027) (26,0,0) 
ipopt_sol:
size: 13 1
(0,0,26.4324) (1,0,7.22049e-08) (2,0,8.00887) (3,0,4.26279e-07) (4,0,1.01344e-06) (5,0,25.9971) (6,0,9.00079e-08) (7,0,1.64237) (8,0,7.7739e-08) (9,0,1.39064e-07) (10,0,11.1044) (11,0,1.75123e-07) (12,0,2.16504e-07) 
policy_sol:
size: 13 1
(0,0,26.4324) (1,0,0) (2,0,8.00888) (3,0,0) (4,0,0) (5,0,25.9971) (6,0,0) (7,0,1.64236) (8,0,0) (9,0,0) (10,0,11.1044) (11,0,0) (12,0,0) 

policy_converges:
1
