Git Revision:     18345a57b34405566a64d0bf3d2a118f1cdbade3
Build Mode:       Debug
C Compiler:       /usr/bin/cc
C++ Compiler:     /usr/bin/c++
Fortran Compiler: gfortran
Body count: 9
No end time specified. Simulation will run indefinitely.
N:
size: 27 21
(0,0,0.00551596) (1,0,-0.999985) (3,0,-0.00551596) (4,0,0.999985) (0,1,0.0401702) (1,1,-0.999193) (6,1,-0.0401702) (7,1,0.999193) (0,2,-0.71668) (1,2,-0.697402) (12,2,0.71668) (13,2,0.697402) (0,3,-0.692072) (1,3,-0.721828) (24,3,0.692072) (25,3,0.721828) (3,4,-0.999655) (4,4,0.0262777) (12,4,0.999655) (13,4,-0.0262777) (3,5,-0.903612) (4,5,0.428351) (18,5,0.903612) (19,5,-0.428351) (3,6,-0.87738) (4,6,-0.479795) (24,6,0.87738) (25,6,0.479795) (6,7,-0.470211) (7,7,0.882554) (9,7,0.470211) (10,7,-0.882554) (6,8,-0.690258) (7,8,0.723563) (12,8,0.690258) (13,8,-0.723563) (6,9,-0.998401) (7,9,0.0565281) (15,9,0.998401) (16,9,-0.0565281) (6,10,-0.718802) (7,10,0.695215) (18,10,0.718802) (19,10,-0.695215) (6,11,-0.900335) (7,11,0.435197) (21,11,0.900335) (22,11,-0.435197) (6,12,-0.999999) (7,12,0.00129785) (24,12,0.999999) (25,12,-0.00129785) (9,13,0.0397221) (10,13,-0.999211) (12,13,-0.0397221) (13,13,0.999211) (9,14,-0.999993) (10,14,-0.0037242) (18,14,0.999993) (19,14,0.0037242) (9,15,-0.712828) (10,15,-0.701339) (21,15,0.712828) (22,15,0.701339) (9,16,-0.422634) (10,16,-0.9063) (24,16,0.422634) (25,16,0.9063) (12,17,-0.668844) (13,17,-0.743403) (24,17,0.668844) (25,17,0.743403) (15,18,-0.998042) (16,18,-0.0625402) (24,18,0.998042) (25,18,0.0625402) (18,19,0.033584) (19,19,-0.999436) (24,19,-0.033584) (25,19,0.999436) (21,20,0.0802068) (22,20,-0.996778) (24,20,-0.0802068) (25,20,0.996778) 
Q:
size: 21 21
(0,0,0.0795775) (1,0,0.0397648) (2,0,0.027591) (3,0,0.0285683) (4,0,0.00126494) (5,0,0.0172416) (6,0,-0.0188976) (0,1,0.0397648) (1,1,0.0795775) (2,1,0.0265809) (3,1,0.0275913) (7,1,0.0358389) (8,1,0.0298697) (9,1,0.00384313) (10,1,0.0287883) (11,1,0.018741) (12,1,0.00164992) (0,2,0.027591) (1,2,0.0265809) (2,2,0.0795775) (3,2,0.0397648) (4,2,0.0277768) (8,2,-0.000394709) (13,2,0.0265941) (17,2,-0.0397011) (0,3,0.0285683) (1,3,0.0275913) (2,3,0.0397648) (3,3,0.0795775) (6,3,0.0379402) (12,3,0.0274994) (16,3,0.0376675) (17,3,0.0397687) (18,3,0.029279) (19,3,0.0277796) (20,3,0.0264195) (0,4,0.00126494) (2,4,0.0277768) (4,4,0.0795775) (5,4,0.036389) (6,4,0.0343962) (8,4,0.0282115) (13,4,-0.00262468) (17,4,-0.025826) (0,5,0.0172416) (4,5,0.036389) (5,5,0.0795775) (6,5,0.0233676) (10,5,0.0376924) (14,5,0.0358899) (19,5,0.0182414) (0,6,-0.0188976) (3,6,0.0379402) (4,6,0.0343962) (5,6,0.0233676) (6,6,0.0795775) (12,6,0.0348851) (16,6,0.0320558) (17,6,0.0375411) (18,6,0.0360354) (19,6,0.0179073) (20,6,0.0162289) (1,7,0.0358389) (7,7,0.0795775) (8,7,0.0383225) (9,7,0.0206642) (10,7,0.0378611) (11,7,0.0321267) (12,7,0.0187547) (13,7,0.0358312) (14,7,-0.0185782) (15,7,0.0112916) (16,7,0.0239183) (1,8,0.0298697) (2,8,-0.000394709) (4,8,0.0282115) (7,8,0.0383225) (8,8,0.0795775) (9,8,0.029048) (10,8,0.0397565) (11,8,0.0372564) (12,8,0.0275018) (13,8,-0.0298579) (17,8,0.00303286) (1,9,0.00384313) (7,9,0.0206642) (8,9,0.029048) (9,9,0.0795775) (10,9,0.0301182) (11,9,0.0367448) (12,9,0.039728) (18,9,-0.0395067) (1,10,0.0287883) (5,10,0.0376924) (7,10,0.0378611) (8,10,0.0397565) (9,10,0.0301182) (10,10,0.0795775) (11,10,0.0377881) (12,10,0.0286361) (14,10,0.028497) (19,10,0.0286066) (1,11,0.018741) (7,11,0.0321267) (8,11,0.0372564) (9,11,0.0367448) (10,11,0.0377881) (11,11,0.0795775) (12,11,0.0358456) (15,11,0.0133915) (20,11,0.0201334) (1,12,0.00164992) (3,12,0.0274994) (6,12,0.0348851) (7,12,0.0187547) (8,12,0.0275018) (9,12,0.039728) (10,12,0.0286361) (11,12,0.0358456) (12,12,0.0795775) (16,12,0.0167693) (17,12,0.026574) (18,12,0.0397076) (19,12,-0.00138787) (20,12,-0.0032428) (2,13,0.0265941) (4,13,-0.00262468) (7,13,0.0358312) (8,13,-0.0298579) (13,13,0.0795775) (14,13,-0.00143242) (15,13,0.0267567) (16,13,0.0353641) (17,13,-0.0284986) (5,14,0.0358899) (7,14,-0.0185782) (10,14,0.028497) (13,14,-0.00143242) (14,14,0.0795775) (15,14,0.0284663) (16,14,0.0169503) (19,14,0.00118816) (7,15,0.0112916) (11,15,0.0133915) (13,15,0.0267567) (14,15,0.0284663) (15,15,0.0795775) (16,15,0.0372776) (20,15,-0.0255406) (3,16,0.0376675) (6,16,0.0320558) (7,16,0.0239183) (12,16,0.0167693) (13,16,0.0353641) (14,16,0.0169503) (15,16,0.0372776) (16,16,0.0795775) (17,16,0.0380548) (18,16,0.0190384) (19,16,0.0354755) (20,16,0.0345956) (2,17,-0.0397011) (3,17,0.0397687) (4,17,-0.025826) (6,17,0.0375411) (8,17,0.00303286) (12,17,0.026574) (13,17,-0.0284986) (16,17,0.0380548) (17,17,0.0795775) (18,17,0.0284102) (19,17,0.0286686) (20,17,0.0273493) (3,18,0.029279) (6,18,0.0360354) (9,18,-0.0395067) (12,18,0.0397076) (16,18,0.0190384) (17,18,0.0284102) (18,18,0.0795775) (19,18,0.00115334) (20,18,-0.000704704) (3,19,0.0277796) (5,19,0.0182414) (6,19,0.0179073) (10,19,0.0286066) (12,19,-0.00138787) (14,19,0.00118816) (16,19,0.0354755) (17,19,0.0286686) (18,19,0.00115334) (19,19,0.0795775) (20,19,0.0397454) (3,20,0.0264195) (6,20,0.0162289) (11,20,0.0201334) (12,20,-0.0032428) (15,20,-0.0255406) (16,20,0.0345956) (17,20,0.0273493) (18,20,-0.000704704) (19,20,0.0397454) (20,20,0.0795775) 
Minv:
size: 27 27
(0,0,0.0397887) (1,1,0.0397887) (2,2,0.0795775) (3,3,0.0397887) (4,4,0.0397887) (5,5,0.0795775) (6,6,0.0397887) (7,7,0.0397887) (8,8,0.0795775) (9,9,0.0397887) (10,10,0.0397887) (11,11,0.0795775) (12,12,0.0397887) (13,13,0.0397887) (14,14,0.0795775) (15,15,0.0397887) (16,16,0.0397887) (17,17,0.0795775) (18,18,0.0397887) (19,19,0.0397887) (20,20,0.0795775) (21,21,0.0397887) (22,22,0.0397887) (23,23,0.0795775) (24,24,0.0397887) (25,25,0.0397887) (26,26,0.0795775) 
v0:
size: 27 1
(0,0,-0.618581) (1,0,0.293451) (2,0,0) (3,0,-0.0316812) (4,0,-0.597943) (5,0,0) (6,0,0.759492) (7,0,-0.386033) (8,0,0) (9,0,0.776879) (10,0,0.0460168) (11,0,0) (12,0,-0.46387) (13,0,-0.375051) (14,0,0) (15,0,0.125435) (16,0,0.182902) (17,0,0) (18,0,-0.0302694) (19,0,-0.472712) (20,0,0) (21,0,0.723669) (22,0,0.0386199) (23,0,0) (24,0,-0.125724) (25,0,-0.880252) (26,0,0) 
ipopt_sol:
size: 21 1
(0,0,22.4094) (1,0,5.47384e-06) (2,0,2.58246e-07) (3,0,9.17108e-08) (4,0,4.70686) (5,0,7.2252e-08) (6,0,2.00876e-07) (7,0,1.33334e-07) (8,0,17.8389) (9,0,17.142) (10,0,1.14796e-07) (11,0,6.61029e-08) (12,0,1.00333e-06) (13,0,11.5728) (14,0,18.1755) (15,0,1.14342e-07) (16,0,11.1127) (17,0,1.47395e-07) (18,0,13.9696) (19,0,3.10744e-07) (20,0,16.5997) 
policy_sol:
size: 21 1
(0,0,22.4094) (1,0,0) (2,0,0) (3,0,0) (4,0,4.70686) (5,0,0) (6,0,0) (7,0,0) (8,0,17.8389) (9,0,17.142) (10,0,0) (11,0,0) (12,0,0) (13,0,11.5728) (14,0,18.1755) (15,0,0) (16,0,11.1127) (17,0,0) (18,0,13.9696) (19,0,0) (20,0,16.5997) 

policy_converges:
1
ipopt_converges:
0
