Git Revision:     18345a57b34405566a64d0bf3d2a118f1cdbade3
Build Mode:       Debug
C Compiler:       /usr/bin/cc
C++ Compiler:     /usr/bin/c++
Fortran Compiler: gfortran
Body count: 9
No end time specified. Simulation will run indefinitely.
N:
size: 27 24
(0,0,-0.0575068) (1,0,-0.998345) (3,0,0.0575068) (4,0,0.998345) (0,1,-0.00248084) (1,1,-0.999997) (6,1,0.00248084) (7,1,0.999997) (0,2,-0.999985) (1,2,-0.00542558) (9,2,0.999985) (10,2,0.00542558) (0,3,-0.739205) (1,3,-0.673481) (12,3,0.739205) (13,3,0.673481) (0,4,-0.463633) (1,4,-0.886027) (15,4,0.463633) (16,4,0.886027) (0,5,-0.900239) (1,5,-0.435397) (21,5,0.900239) (22,5,0.435397) (0,6,-0.715981) (1,6,-0.69812) (24,6,0.715981) (25,6,0.69812) (3,7,0.0497607) (4,7,-0.998761) (6,7,-0.0497607) (7,7,0.998761) (3,8,-0.702145) (4,8,-0.712034) (15,8,0.702145) (16,8,0.712034) (3,9,-0.99999) (4,9,-0.00446251) (21,9,0.99999) (22,9,0.00446251) (3,10,-0.890218) (4,10,-0.455534) (24,10,0.890218) (25,10,0.455534) (6,11,-0.893705) (7,11,0.448656) (21,11,0.893705) (22,11,-0.448656) (9,12,-0.0700515) (10,12,-0.997543) (12,12,0.0700515) (13,12,0.997543) (9,13,-0.016765) (10,13,-0.999859) (15,13,0.016765) (16,13,0.999859) (9,14,-0.729444) (10,14,-0.684041) (21,14,0.729444) (22,14,0.684041) (9,15,-0.467916) (10,15,-0.883773) (24,15,0.467916) (25,15,0.883773) (12,16,0.0348754) (13,16,-0.999392) (15,16,-0.0348754) (16,16,0.999392) (12,17,-0.999794) (13,17,-0.0202732) (21,17,0.999794) (22,17,0.0202732) (12,18,-0.691784) (13,18,-0.722104) (24,18,0.691784) (25,18,0.722104) (15,19,-0.458058) (16,19,0.888922) (18,19,0.458058) (19,19,-0.888922) (15,20,-0.720721) (16,20,0.693225) (21,20,0.720721) (22,20,-0.693225) (15,21,-0.999399) (16,21,-0.0346706) (24,21,0.999399) (25,21,0.0346706) (18,22,0.000559123) (19,22,-1) (24,22,-0.000559123) (25,22,1) (21,23,-0.00799826) (22,23,-0.999968) (24,23,0.00799826) (25,23,0.999968) 
Q:
size: 24 24
(0,0,0.0795775) (1,0,0.0397284) (2,0,0.00250361) (3,0,0.028444) (4,0,0.0362564) (5,0,0.0193551) (6,0,0.0293696) (7,0,-0.0395598) (8,0,-0.0298906) (9,0,-0.00246536) (10,0,-0.0201321) (0,1,0.0397284) (1,1,0.0795775) (2,1,0.000314584) (3,1,0.0268698) (4,1,0.0352996) (5,1,0.0174127) (6,1,0.0278479) (7,1,0.0397344) (11,1,0.0177632) (0,2,0.00250361) (1,2,0.000314584) (2,2,0.0795775) (3,2,0.029557) (4,2,0.0186384) (5,2,0.0359128) (6,2,0.0286383) (12,2,-0.00300257) (13,2,-0.000882894) (14,2,-0.0291709) (15,2,-0.0188083) (0,3,0.028444) (1,3,0.0268698) (2,3,0.029557) (3,3,0.0795775) (4,3,0.0373792) (5,3,0.0381451) (6,3,0.0397659) (12,3,0.0287915) (16,3,-0.0257549) (17,3,-0.0299492) (18,3,-0.039697) (0,4,0.0362564) (1,4,0.0352996) (2,4,0.0186384) (3,4,0.0373792) (4,4,0.0795775) (5,4,0.0319565) (6,4,0.0378194) (8,4,0.0380547) (13,4,0.0355582) (16,4,0.0345891) (19,4,0.022888) (20,4,0.0111435) (21,4,-0.0196586) (0,5,0.0193551) (1,5,0.0174127) (2,5,0.0359128) (3,5,0.0381451) (4,5,0.0319565) (5,5,0.0795775) (6,5,0.0377401) (9,5,0.0358963) (11,5,0.0242395) (14,5,0.0379785) (17,5,0.0361632) (20,5,0.0138064) (23,5,-0.0176098) (0,6,0.0293696) (1,6,0.0278479) (2,6,0.0286383) (3,6,0.0397659) (4,6,0.0378194) (5,6,0.0377401) (6,6,0.0795775) (10,6,0.038014) (15,6,0.0378788) (18,6,0.0397656) (21,6,0.0294339) (22,6,0.0277614) (23,6,0.0280043) (0,7,-0.0395598) (1,7,0.0397344) (7,7,0.0795775) (8,7,0.0269056) (9,7,-0.00180256) (10,7,0.0163401) (11,7,0.0195988) (0,8,-0.0298906) (4,8,0.0380547) (7,8,0.0269056) (8,8,0.0795775) (9,8,0.0280636) (10,8,0.0377762) (13,8,0.0287953) (16,8,0.0273393) (19,8,0.012387) (20,8,-0.000495413) (21,8,-0.0289029) (0,9,-0.00246536) (5,9,0.0358963) (7,9,-0.00180256) (8,9,0.0280636) (9,9,0.0795775) (10,9,0.0355012) (11,9,0.0354794) (14,9,0.0291448) (17,9,0.0397838) (20,9,0.0285532) (23,9,-0.000495789) (0,10,-0.0201321) (6,10,0.038014) (7,10,0.0163401) (8,10,0.0377762) (9,10,0.0355012) (10,10,0.0795775) (15,10,0.0325924) (18,10,0.0375917) (21,10,0.0360278) (22,10,0.0181053) (23,10,0.0184079) (1,11,0.0177632) (5,11,0.0242395) (7,11,0.0195988) (9,11,0.0354794) (11,11,0.0795775) (14,11,0.0137274) (17,11,0.0351902) (20,11,0.0380035) (23,11,0.0175665) (2,12,-0.00300257) (3,12,0.0287915) (12,12,0.0795775) (13,12,0.0397321) (14,12,0.0291834) (15,12,0.036382) (16,12,-0.0395696) (17,12,-0.00359135) (18,12,-0.0305892) (2,13,-0.000882894) (4,13,0.0355582) (8,13,0.0287953) (12,13,0.0397321) (13,13,0.0795775) (14,13,0.0276999) (15,13,0.0354714) (16,13,0.0397357) (19,13,0.0350586) (20,13,0.0270979) (21,13,-0.00204596) (2,14,-0.0291709) (5,14,0.0379785) (9,14,0.0291448) (11,14,0.0137274) (12,14,0.0291834) (13,14,0.0276999) (14,14,0.0795775) (15,14,0.0376344) (17,14,0.0295695) (20,14,0.00205034) (23,14,-0.0274484) (2,15,-0.0188083) (6,15,0.0378788) (10,15,0.0325924) (12,15,0.036382) (13,15,0.0354714) (14,15,0.0376344) (15,15,0.0795775) (18,15,0.0382717) (21,15,0.0198258) (22,15,0.0351538) (23,15,0.035312) (3,16,-0.0257549) (4,16,0.0345891) (8,16,0.0273393) (12,16,-0.0395696) (13,16,0.0397357) (16,16,0.0795775) (17,16,-0.00058121) (18,16,0.0277542) (19,16,0.0359832) (20,16,0.0285659) (21,16,8.15464e-06) (3,17,-0.0299492) (5,17,0.0361632) (9,17,0.0397838) (11,17,0.0351902) (12,17,-0.00359135) (14,17,0.0295695) (16,17,-0.00058121) (17,17,0.0795775) (18,17,0.0281021) (20,17,0.0281115) (23,17,-0.00112479) (3,18,-0.039697) (6,18,0.0397656) (10,18,0.0375917) (12,18,-0.0305892) (15,18,0.0382717) (16,18,0.0277542) (17,18,0.0281021) (18,18,0.0795775) (21,18,0.0285048) (22,18,0.0287162) (23,18,0.0289508) (4,19,0.022888) (8,19,0.012387) (13,19,0.0350586) (16,19,0.0359832) (19,19,0.0795775) (20,19,0.0376543) (21,19,0.0169883) (22,19,0.0353793) (4,20,0.0111435) (5,20,0.0138064) (8,20,-0.000495413) (9,20,0.0285532) (11,20,0.0380035) (13,20,0.0270979) (14,20,0.00205034) (16,20,0.0285659) (17,20,0.0281115) (19,20,0.0376543) (20,20,0.0795775) (21,20,0.027703) (23,20,0.0273523) (4,21,-0.0196586) (6,21,0.0294339) (8,21,-0.0289029) (10,21,0.0360278) (13,21,-0.00204596) (15,21,0.0198258) (16,21,8.15464e-06) (18,21,0.0285048) (19,21,0.0169883) (20,21,0.027703) (21,21,0.0795775) (22,21,0.00135727) (23,21,0.0016975) (6,22,0.0277614) (10,22,0.0181053) (15,22,0.0351538) (18,22,0.0287162) (19,22,0.0353793) (21,22,0.00135727) (22,22,0.0795775) (23,22,0.0397873) (5,23,-0.0176098) (6,23,0.0280043) (9,23,-0.000495789) (10,23,0.0184079) (11,23,0.0175665) (14,23,-0.0274484) (15,23,0.035312) (17,23,-0.00112479) (18,23,0.0289508) (20,23,0.0273523) (21,23,0.0016975) (22,23,0.0397873) (23,23,0.0795775) 
Minv:
size: 27 27
(0,0,0.0397887) (1,1,0.0397887) (2,2,0.0795775) (3,3,0.0397887) (4,4,0.0397887) (5,5,0.0795775) (6,6,0.0397887) (7,7,0.0397887) (8,8,0.0795775) (9,9,0.0397887) (10,10,0.0397887) (11,11,0.0795775) (12,12,0.0397887) (13,13,0.0397887) (14,14,0.0795775) (15,15,0.0397887) (16,16,0.0397887) (17,17,0.0795775) (18,18,0.0397887) (19,19,0.0397887) (20,20,0.0795775) (21,21,0.0397887) (22,22,0.0397887) (23,23,0.0795775) (24,24,0.0397887) (25,25,0.0397887) (26,26,0.0795775) 
v0:
size: 27 1
(0,0,0.629689) (1,0,0.863927) (2,0,0) (3,0,-0.0202032) (4,0,-0.283009) (5,0,0) (6,0,-0.433718) (7,0,-0.598525) (8,0,0) (9,0,0.41696) (10,0,-0.18063) (11,0,0) (12,0,0.268661) (13,0,-0.366136) (14,0,0) (15,0,0.330439) (16,0,-0.822772) (17,0,0) (18,0,0.710363) (19,0,-0.433433) (20,0,0) (21,0,-0.574237) (22,0,0.650691) (23,0,0) (24,0,-0.0306496) (25,0,-0.865668) (26,0,0) 
ipopt_sol:
size: 24 1
(0,0,4.22063) (1,0,19.5847) (2,0,4.09948e-07) (3,0,14.9219) (4,0,21.2291) (5,0,0.159375) (6,0,1.82753) (7,0,4.09981e-06) (8,0,3.94486e-07) (9,0,2.57588e-07) (10,0,2.99579e-07) (11,0,8.0587e-08) (12,0,4.0952e-07) (13,0,3.87419e-07) (14,0,8.84659) (15,0,8.68984e-07) (16,0,0.194362) (17,0,16.4539) (18,0,0.444144) (19,0,8.31555e-08) (20,0,19.2104) (21,0,6.1081) (22,0,1.54646e-07) (23,0,33.781) 
policy_sol:
size: 24 1
(0,0,4.22063) (1,0,19.5847) (2,0,0) (3,0,14.1491) (4,0,20.9824) (5,0,0) (6,0,2.98548) (7,0,0) (8,0,0) (9,0,0) (10,0,0) (11,0,0) (12,0,0) (13,0,0) (14,0,8.84659) (15,0,0) (16,0,0) (17,0,16.1831) (18,0,0) (19,0,0) (20,0,19.78) (21,0,5.58973) (22,0,0) (23,0,33.3113) 

policy_converges:
1
ipopt_converges:
0
