Git Revision:     18345a57b34405566a64d0bf3d2a118f1cdbade3
Build Mode:       Debug
C Compiler:       /usr/bin/cc
C++ Compiler:     /usr/bin/c++
Fortran Compiler: gfortran
Body count: 9
No end time specified. Simulation will run indefinitely.
N:
size: 27 20
(0,0,-0.999939) (1,0,0.0110112) (9,0,0.999939) (10,0,-0.0110112) (0,1,-0.713798) (1,1,-0.700352) (12,1,0.713798) (13,1,0.700352) (0,2,-0.999999) (1,2,0.00123903) (18,2,0.999999) (19,2,-0.00123903) (0,3,-0.902363) (1,3,-0.430977) (21,3,0.902363) (22,3,0.430977) (3,4,0.0414356) (4,4,-0.999141) (6,4,-0.0414356) (7,4,0.999141) (3,5,-0.696991) (4,5,0.71708) (9,5,0.696991) (10,5,-0.71708) (3,6,-0.999996) (4,6,-0.00288672) (12,6,0.999996) (13,6,0.00288672) (3,7,-0.661194) (4,7,-0.750215) (15,7,0.661194) (16,7,0.750215) (3,8,-0.884534) (4,8,0.466476) (18,8,0.884534) (19,8,-0.466476) (3,9,-0.999837) (4,9,0.0180737) (21,9,0.999837) (22,9,-0.0180737) (6,10,-0.458217) (7,10,0.888841) (9,10,0.458217) (10,10,-0.888841) (6,11,-0.700677) (7,11,0.713479) (18,11,0.700677) (19,11,-0.713479) (6,12,-0.890105) (7,12,0.455755) (21,12,0.890105) (22,12,-0.455755) (9,13,0.050862) (10,13,-0.998706) (12,13,-0.050862) (13,13,0.998706) (12,14,-0.694066) (13,14,0.719912) (18,14,0.694066) (19,14,-0.719912) (15,15,-0.441963) (16,15,0.897033) (18,15,0.441963) (19,15,-0.897033) (15,16,-0.696606) (16,16,0.717454) (21,16,0.696606) (22,16,-0.717454) (18,17,-0.0306653) (19,17,-0.99953) (21,17,0.0306653) (22,17,0.99953) (18,18,-0.0174472) (19,18,-0.999848) (24,18,0.0174472) (25,18,0.999848) (21,19,-0.00444885) (22,19,-0.99999) (24,19,0.00444885) (25,19,0.99999) 
Q:
size: 20 20
(0,0,0.0795775) (1,0,0.0280926) (2,0,0.0397868) (3,0,0.0357129) (5,0,0.0280449) (10,0,0.0186202) (13,0,0.00246117) (0,1,0.0280926) (1,1,0.0795775) (2,1,0.0283666) (3,1,0.0376378) (6,1,0.0284814) (13,1,0.0263855) (14,1,0.000348896) (0,2,0.0397868) (1,2,0.0283666) (2,2,0.0795775) (3,2,0.0358826) (8,2,0.0352174) (11,2,0.0279142) (14,2,0.0276515) (15,2,0.0176294) (17,2,-0.00117086) (18,2,-0.000644908) (0,3,0.0357129) (1,3,0.0376378) (2,3,0.0358826) (3,3,0.0795775) (9,3,0.0355881) (12,3,0.0241429) (16,3,0.012708) (17,3,0.018241) (19,3,-0.0173076) (4,4,0.0795775) (5,4,-0.0296563) (6,4,-0.0015339) (7,4,0.0287344) (8,4,-0.0200029) (9,4,-0.00236691) (10,4,0.0360909) (11,4,0.0295192) (12,4,0.0195858) (0,5,0.0280449) (4,5,-0.0296563) (5,5,0.0795775) (6,5,0.0276499) (7,5,-0.0030684) (8,5,0.0378396) (9,5,0.0282435) (10,5,0.0380676) (13,5,0.0299053) (1,6,0.0284814) (4,6,-0.0015339) (5,6,0.0276499) (6,6,0.0795775) (7,6,0.0263941) (8,6,0.0351407) (9,6,0.03978) (13,6,-0.00190902) (14,6,-0.0275332) (4,7,0.0287344) (5,7,-0.0030684) (6,7,0.0263941) (7,7,0.0795775) (8,7,0.00934602) (9,7,0.0257643) (15,7,0.0151493) (16,7,0.0030897) (2,8,0.0352174) (4,8,-0.0200029) (5,8,0.0378396) (6,8,0.0351407) (7,8,0.00934602) (8,8,0.0795775) (9,8,0.0355242) (11,8,0.0379025) (14,8,0.0377892) (15,8,0.0322041) (17,8,0.0174725) (18,8,0.0179436) (3,9,0.0355881) (4,9,-0.00236691) (5,9,0.0282435) (6,9,0.03978) (7,9,0.0257643) (8,9,0.0355242) (9,9,0.0795775) (12,9,0.0357381) (16,9,0.0282285) (17,9,0.000501144) (19,9,0.000542136) (0,10,0.0186202) (4,10,0.0360909) (5,10,0.0380676) (10,10,0.0795775) (11,10,0.0380074) (12,10,0.0323464) (13,10,0.0362474) (2,11,0.0279142) (4,11,0.0295192) (8,11,0.0379025) (10,11,0.0380074) (11,11,0.0795775) (12,11,0.0377535) (14,11,0.039787) (15,11,0.0377869) (17,11,0.0275201) (18,11,0.0278977) (3,12,0.0241429) (4,12,0.0195858) (9,12,0.0357381) (10,12,0.0323464) (11,12,0.0377535) (12,12,0.0795775) (16,12,0.0376814) (17,12,-0.0170393) (19,12,0.0179762) (0,13,0.00246117) (1,13,0.0263855) (5,13,0.0299053) (6,13,-0.00190902) (10,13,0.0362474) (13,13,0.0795775) (14,13,0.0300119) (1,14,0.000348896) (2,14,0.0276515) (6,14,-0.0275332) (8,14,0.0377892) (11,14,0.039787) (13,14,0.0300119) (14,14,0.0795775) (15,14,0.0379002) (17,14,0.0277841) (18,14,0.0281582) (2,15,0.0176294) (7,15,0.0151493) (8,15,0.0322041) (11,15,0.0377869) (14,15,0.0379002) (15,15,0.0795775) (16,15,0.0378572) (17,15,0.0351358) (18,15,0.0353796) (3,16,0.012708) (7,16,0.0030897) (9,16,0.0282285) (12,16,0.0376814) (15,16,0.0378572) (16,16,0.0795775) (17,16,-0.0276832) (19,16,0.028423) (2,17,-0.00117086) (3,17,0.018241) (8,17,0.0174725) (9,17,0.000501144) (11,17,0.0275201) (12,17,-0.0170393) (14,17,0.0277841) (15,17,0.0351358) (16,17,-0.0276832) (17,17,0.0795775) (18,17,0.0397853) (19,17,-0.0397751) (2,18,-0.000644908) (8,18,0.0179436) (11,18,0.0278977) (14,18,0.0281582) (15,18,0.0353796) (17,18,0.0397853) (18,18,0.0795775) (19,18,0.0397854) (3,19,-0.0173076) (9,19,0.000542136) (12,19,0.0179762) (16,19,0.028423) (17,19,-0.0397751) (18,19,0.0397854) (19,19,0.0795775) 
Minv:
size: 27 27
(0,0,0.0397887) (1,1,0.0397887) (2,2,0.0795775) (3,3,0.0397887) (4,4,0.0397887) (5,5,0.0795775) (6,6,0.0397887) (7,7,0.0397887) (8,8,0.0795775) (9,9,0.0397887) (10,10,0.0397887) (11,11,0.0795775) (12,12,0.0397887) (13,13,0.0397887) (14,14,0.0795775) (15,15,0.0397887) (16,16,0.0397887) (17,17,0.0795775) (18,18,0.0397887) (19,19,0.0397887) (20,20,0.0795775) (21,21,0.0397887) (22,22,0.0397887) (23,23,0.0795775) (24,24,0.0397887) (25,25,0.0397887) (26,26,0.0795775) 
v0:
size: 27 1
(0,0,0.533076) (1,0,-0.25418) (2,0,0) (3,0,0.310496) (4,0,0.33278) (5,0,0) (6,0,-0.631887) (7,0,-0.151869) (8,0,0) (9,0,-0.980738) (10,0,-0.0721413) (11,0,0) (12,0,-0.357655) (13,0,-0.195015) (14,0,0) (15,0,-0.0613681) (16,0,0.356645) (17,0,0) (18,0,-0.460575) (19,0,0.858172) (20,0,0) (21,0,-0.232369) (22,0,0.765629) (23,0,0) (24,0,0.473807) (25,0,0.266312) (26,0,0) 
ipopt_sol:
size: 20 1
(0,0,38.0944) (1,0,1.24214e-07) (2,0,2.38436e-07) (3,0,1.0802e-07) (4,0,11.7202) (5,0,3.34523e-07) (6,0,27.5715) (7,0,1.34414e-07) (8,0,3.1683e-06) (9,0,5.4213e-07) (10,0,1.25511e-07) (11,0,2.46904e-07) (12,0,1.58182e-07) (13,0,1.31072e-07) (14,0,30.3905) (15,0,5.73576e-07) (16,0,6.77932) (17,0,1.0474e-06) (18,0,8.59414e-07) (19,0,10.0487) 
policy_sol:
size: 20 1
(0,0,38.0944) (1,0,0) (2,0,0) (3,0,0) (4,0,11.7202) (5,0,0) (6,0,27.5715) (7,0,0) (8,0,0) (9,0,0) (10,0,0) (11,0,0) (12,0,0) (13,0,0) (14,0,30.3905) (15,0,0) (16,0,6.77932) (17,0,0) (18,0,0) (19,0,10.0487) 

policy_converges:
1
ipopt_converges:
0
