Git Revision:     3cfe7dc3fe6810e9e399640d632720aa3564fe80
Build Mode:       Debug
C Compiler:       /usr/bin/cc
C++ Compiler:     /usr/bin/c++
Fortran Compiler: gfortran
Body count: 9
No end time specified. Simulation will run indefinitely.
N:
size: 27 19
(0,0,-0.0354073) (1,0,-0.999373) (3,0,0.0354073) (4,0,0.999373) (0,1,0.0175054) (1,1,-0.999847) (6,1,-0.0175054) (7,1,0.999847) (0,2,-0.999987) (1,2,0.00503929) (9,2,0.999987) (10,2,-0.00503929) (0,3,-0.710469) (1,3,-0.703729) (12,3,0.710469) (13,3,0.703729) (0,4,-0.458498) (1,4,-0.888695) (15,4,0.458498) (16,4,0.888695) (0,5,-0.999579) (1,5,-0.0290084) (18,5,0.999579) (19,5,0.0290084) (0,6,-0.884637) (1,6,-0.46628) (21,6,0.884637) (22,6,0.46628) (0,7,-0.712969) (1,7,-0.701195) (24,7,0.712969) (25,7,0.701195) (3,8,-0.699401) (4,8,-0.714729) (15,8,0.699401) (16,8,0.714729) (3,9,-0.908148) (4,9,0.418649) (18,9,0.908148) (19,9,-0.418649) (3,10,-0.890217) (4,10,-0.455537) (24,10,0.890217) (25,10,0.455537) (6,11,-0.997302) (7,11,0.0734103) (15,11,0.997302) (16,11,-0.0734103) (6,12,-0.715973) (7,12,0.698128) (18,12,0.715973) (19,12,-0.698128) (6,13,-0.999425) (7,13,0.0339158) (24,13,0.999425) (25,13,-0.0339158) (9,14,-0.997915) (10,14,-0.0645459) (18,14,0.997915) (19,14,0.0645459) (12,15,-0.742336) (13,15,0.670028) (18,15,0.742336) (19,15,-0.670028) (12,16,-0.998241) (13,16,-0.0592795) (21,16,0.998241) (22,16,0.0592795) (15,17,-0.459072) (16,17,0.888399) (18,17,0.459072) (19,17,-0.888399) (18,18,0.0415743) (19,18,-0.999135) (21,18,-0.0415743) (22,18,0.999135) 
Q:
size: 19 19
(0,0,0.0795775) (1,0,0.039733) (2,0,0.00120841) (3,0,0.0289838) (4,0,0.0359838) (5,0,0.0025617) (6,0,0.0197873) (7,0,0.0288866) (8,0,-0.0294057) (9,0,0.0153677) (10,0,-0.019368) (0,1,0.039733) (1,1,0.0795775) (2,1,-0.000896984) (3,1,0.0275013) (4,1,0.0350353) (5,1,0.000457805) (6,1,0.0179337) (7,1,0.0273988) (11,1,0.00361509) (12,1,0.028272) (13,1,0.00204538) (0,2,0.00120841) (1,2,-0.000896984) (2,2,0.0795775) (3,2,0.0281272) (4,2,0.0180647) (5,2,0.0397657) (6,2,0.0351047) (7,2,0.0282272) (14,2,-0.0396923) (0,3,0.0289838) (1,3,0.0275013) (2,3,0.0281272) (3,3,0.0795775) (4,3,0.037845) (5,3,0.029069) (6,3,0.0380636) (7,3,0.0397885) (15,3,-0.00222376) (16,3,-0.0298788) (0,4,0.0359838) (1,4,0.0350353) (2,4,0.0180647) (3,4,0.037845) (4,4,0.0795775) (5,4,0.0192611) (6,4,0.0326262) (7,4,0.0378011) (8,4,0.0380321) (11,4,0.0155981) (17,4,0.023039) (0,5,0.0025617) (1,5,0.000457805) (2,5,0.0397657) (3,5,0.029069) (4,5,0.0192611) (5,5,0.0795775) (6,5,0.035722) (7,5,0.0291655) (9,5,0.0356357) (12,5,0.0276699) (14,5,0.0397636) (15,5,0.0287508) (17,5,0.0172328) (18,5,0.000500286) (0,6,0.0197873) (1,6,0.0179337) (2,6,0.0351047) (3,6,0.0380636) (4,6,0.0326262) (5,6,0.035722) (6,6,0.0795775) (7,6,0.0381046) (16,6,0.0362365) (18,6,0.0170733) (0,7,0.0288866) (1,7,0.0273988) (2,7,0.0282272) (3,7,0.0397885) (4,7,0.0378011) (5,7,0.0291655) (6,7,0.0381046) (7,7,0.0795775) (10,7,0.0379631) (13,7,0.0274056) (0,8,-0.0294057) (4,8,0.0380321) (8,8,0.0795775) (9,8,0.0133666) (10,8,0.0377279) (11,8,0.0256656) (17,8,0.0124893) (0,9,0.0153677) (5,9,0.0356357) (8,9,0.0133666) (9,9,0.0795775) (10,9,0.024579) (12,9,0.0375001) (14,9,0.0349835) (15,9,0.0379846) (17,9,0.0313867) (18,9,0.0181454) (0,10,-0.019368) (7,10,0.0379631) (8,10,0.0377279) (9,10,0.024579) (10,10,0.0795775) (13,10,0.0347855) (1,11,0.00361509) (4,11,0.0155981) (8,11,0.0256656) (11,11,0.0795775) (12,11,0.03045) (13,11,0.0397576) (17,11,-0.0208115) (1,12,0.028272) (5,12,0.0276699) (9,12,0.0375001) (11,12,0.03045) (12,12,0.0795775) (13,12,0.0294134) (14,12,0.0266353) (15,12,0.0397592) (17,12,0.0377555) (18,12,0.028938) (1,13,0.00204538) (7,13,0.0274056) (10,13,0.0347855) (11,13,0.0397576) (12,13,0.0294134) (13,13,0.0795775) (2,14,-0.0396923) (5,14,0.0397636) (9,14,0.0349835) (12,14,0.0266353) (14,14,0.0795775) (15,14,0.0277543) (17,14,0.0159462) (18,14,-0.000915238) (3,15,-0.00222376) (5,15,0.0287508) (9,15,0.0379846) (12,15,0.0397592) (14,15,0.0277543) (15,15,0.0795775) (16,15,0.0279043) (17,15,0.0372438) (18,15,0.0278645) (3,16,-0.0298788) (6,16,0.0362365) (15,16,0.0279043) (16,16,0.0795775) (18,16,0.000705336) (4,17,0.023039) (5,17,0.0172328) (8,17,0.0124893) (9,17,0.0313867) (11,17,-0.0208115) (12,17,0.0377555) (14,17,0.0159462) (15,17,0.0372438) (17,17,0.0795775) (18,17,0.0360771) (5,18,0.000500286) (6,18,0.0170733) (9,18,0.0181454) (12,18,0.028938) (14,18,-0.000915238) (15,18,0.0278645) (16,18,0.000705336) (17,18,0.0360771) (18,18,0.0795775) 
Minv:
size: 27 27
(0,0,0.0397887) (1,1,0.0397887) (2,2,0.0795775) (3,3,0.0397887) (4,4,0.0397887) (5,5,0.0795775) (6,6,0.0397887) (7,7,0.0397887) (8,8,0.0795775) (9,9,0.0397887) (10,10,0.0397887) (11,11,0.0795775) (12,12,0.0397887) (13,13,0.0397887) (14,14,0.0795775) (15,15,0.0397887) (16,16,0.0397887) (17,17,0.0795775) (18,18,0.0397887) (19,19,0.0397887) (20,20,0.0795775) (21,21,0.0397887) (22,22,0.0397887) (23,23,0.0795775) (24,24,0.0397887) (25,25,0.0397887) (26,26,0.0795775) 
v0:
size: 27 1
(0,0,0.494409) (1,0,0.952768) (2,0,0) (3,0,-0.0463909) (4,0,0.606371) (5,0,0) (6,0,0.772837) (7,0,0.664642) (8,0,0) (9,0,0.325128) (10,0,-0.988927) (11,0,0) (12,0,0.63612) (13,0,-0.899965) (14,0,0) (15,0,-0.858012) (16,0,-0.458383) (17,0,0) (18,0,-0.800896) (19,0,0.718969) (20,0,0) (21,0,0.55999) (22,0,-0.385768) (23,0,0) (24,0,-0.576009) (25,0,0.922324) (26,0,0) 
ipopt_sol:
size: 19 1
(0,0,2.31585e-07) (1,0,7.95697e-08) (2,0,2.62965e-07) (3,0,18.0269) (4,0,28.4286) (5,0,4.67028e-07) (6,0,1.19647e-07) (7,0,8.57321e-08) (8,0,14.9121) (9,0,7.48131e-08) (10,0,9.95306e-08) (11,0,15.1741) (12,0,5.51929e-08) (13,0,26.5193) (14,0,9.28534) (15,0,46.8308) (16,0,1.22482e-07) (17,0,9.78999e-08) (18,0,12.8718) 
policy_sol:
size: 19 1
(0,0,0) (1,0,0) (2,0,0) (3,0,18.0269) (4,0,28.4286) (5,0,0) (6,0,0) (7,0,0) (8,0,14.9121) (9,0,0) (10,0,0) (11,0,15.1741) (12,0,0) (13,0,26.5193) (14,0,9.28534) (15,0,46.8308) (16,0,0) (17,0,0) (18,0,12.8718) 

policy_converges:
1
