Git Revision:     18345a57b34405566a64d0bf3d2a118f1cdbade3
Build Mode:       Debug
C Compiler:       /usr/bin/cc
C++ Compiler:     /usr/bin/c++
Fortran Compiler: gfortran
Body count: 9
No end time specified. Simulation will run indefinitely.
N:
size: 27 25
(0,0,-0.0144832) (1,0,-0.999895) (3,0,0.0144832) (4,0,0.999895) (0,1,0.00931896) (1,1,-0.999957) (6,1,-0.00931896) (7,1,0.999957) (0,2,-0.999412) (1,2,-0.0342969) (9,2,0.999412) (10,2,0.0342969) (0,3,-0.704584) (1,3,-0.709621) (12,3,0.704584) (13,3,0.709621) (0,4,-0.999422) (1,4,-0.0339965) (18,4,0.999422) (19,4,0.0339965) (0,5,-0.885227) (1,5,-0.465159) (21,5,0.885227) (22,5,0.465159) (0,6,-0.69718) (1,6,-0.716896) (24,6,0.69718) (25,6,0.716896) (3,7,-0.696352) (4,7,0.7177) (9,7,0.696352) (10,7,-0.7177) (3,8,-0.999411) (4,8,0.0343124) (12,8,0.999411) (13,8,-0.0343124) (3,9,-0.897022) (4,9,0.441986) (18,9,0.897022) (19,9,-0.441986) (3,10,-0.999979) (4,10,-0.00652005) (21,10,0.999979) (22,10,0.00652005) (3,11,-0.88549) (4,11,-0.464658) (24,11,0.88549) (25,11,0.464658) (6,12,-0.443519) (7,12,0.896265) (9,12,0.443519) (10,12,-0.896265) (6,13,-0.707018) (7,13,0.707195) (18,13,0.707018) (19,13,-0.707195) (6,14,-0.892405) (7,14,0.451235) (21,14,0.892405) (22,14,-0.451235) (9,15,-0.00817292) (10,15,-0.999967) (12,15,0.00817292) (13,15,0.999967) (9,16,-0.454671) (10,16,-0.890659) (24,16,0.454671) (25,16,0.890659) (12,17,-0.725501) (13,17,0.688221) (18,17,0.725501) (19,17,-0.688221) (12,18,-0.998919) (13,18,-0.0464778) (21,18,0.998919) (22,18,0.0464778) (12,19,-0.690215) (13,19,-0.723604) (24,19,0.690215) (25,19,0.723604) (15,20,-0.449109) (16,20,0.893477) (18,20,0.449109) (19,20,-0.893477) (15,21,-0.999985) (16,21,0.00542312) (24,21,0.999985) (25,21,-0.00542312) (18,22,-0.0155989) (19,22,-0.999878) (21,22,0.0155989) (22,22,0.999878) (18,23,-0.0299934) (19,23,-0.99955) (24,23,0.0299934) (25,23,0.99955) (21,24,-0.0434243) (22,24,-0.999057) (24,24,0.0434243) (25,24,0.999057) 
Q:
size: 25 25
(0,0,0.0795775) (1,0,0.0397775) (2,0,0.00194042) (3,0,0.028638) (4,0,0.00192847) (5,0,0.0190163) (6,0,0.0289232) (7,0,0.0281521) (8,0,0.000789175) (9,0,0.0170673) (10,0,-0.000835654) (11,0,-0.0189965) (0,1,0.0397775) (1,1,0.0795775) (2,1,0.000994001) (3,1,0.0279724) (4,1,0.000982043) (5,1,0.0181791) (6,1,0.0282647) (12,1,0.0358241) (13,1,0.0283993) (14,1,0.0182842) (0,2,0.00194042) (1,2,0.000994001) (2,2,0.0795775) (3,2,0.0289864) (4,2,0.0397887) (5,2,0.0358361) (6,2,0.0287019) (7,2,0.0267113) (12,2,0.0164136) (15,2,-0.00168959) (16,2,-0.0192956) (0,3,0.028638) (1,3,0.0279724) (2,3,0.0289864) (3,3,0.0795775) (4,3,0.0289782) (5,3,0.0379506) (6,3,0.0397866) (8,3,0.0270492) (15,3,0.0284631) (17,3,-0.000907217) (18,3,-0.0293165) (19,3,-0.0397807) (0,4,0.00192847) (1,4,0.000982043) (2,4,0.0397887) (3,4,0.0289782) (4,4,0.0795775) (5,4,0.0358309) (6,4,0.0286936) (9,4,0.0350729) (13,4,0.0271585) (17,4,0.0279192) (20,4,0.0166505) (22,4,-0.00197281) (23,4,-0.00254478) (0,5,0.0190163) (1,5,0.0181791) (2,5,0.0358361) (3,5,0.0379506) (4,5,0.0358309) (5,5,0.0795775) (6,5,0.0378245) (10,5,0.035342) (14,5,0.0230809) (18,5,0.0360442) (22,5,0.0190553) (24,5,-0.0200201) (0,6,0.0289232) (1,6,0.0282647) (2,6,0.0287019) (3,6,0.0397866) (4,6,0.0286936) (5,6,0.0378245) (6,6,0.0795775) (11,6,0.0378175) (16,6,0.0380181) (19,6,0.0397869) (21,6,0.0275848) (23,6,0.0293436) (24,6,0.0297021) (0,7,0.0281521) (2,7,0.0267113) (7,7,0.0795775) (8,7,0.0286705) (9,7,0.0374753) (10,7,0.0275202) (11,7,0.0112653) (12,7,0.0378827) (15,7,0.028329) (16,7,0.0128365) (0,8,0.000789175) (3,8,0.0270492) (7,8,0.0286705) (8,8,0.0795775) (9,8,0.0362738) (10,8,0.0397556) (11,8,0.0345774) (15,8,-0.0010402) (17,8,-0.0297894) (18,8,-0.0396589) (19,8,-0.0264587) (0,9,0.0170673) (4,9,0.0350729) (7,9,0.0374753) (8,9,0.0362738) (9,9,0.0795775) (10,9,0.0355759) (11,9,0.0234328) (13,9,0.0376712) (17,9,0.0379972) (20,9,0.031742) (22,9,0.0170272) (23,9,0.0165076) (0,10,-0.000835654) (5,10,0.035342) (7,10,0.0275202) (8,10,0.0397556) (9,10,0.0355759) (10,10,0.0795775) (11,10,0.0353523) (14,10,0.0353899) (18,10,0.0397569) (22,10,0.00088004) (24,10,-0.00198694) (0,11,-0.0189965) (6,11,0.0378175) (7,11,0.0112653) (8,11,0.0345774) (9,11,0.0234328) (10,11,0.0353523) (11,11,0.0795775) (16,11,0.0324859) (19,11,0.0376961) (21,11,0.0351317) (23,11,0.0195366) (24,11,0.0200007) (1,12,0.0358241) (2,12,0.0164136) (7,12,0.0378827) (12,12,0.0795775) (13,12,0.0376963) (14,12,0.0318399) (15,12,0.0355158) (16,12,0.0237384) (1,13,0.0283993) (4,13,0.0271585) (9,13,0.0376712) (12,13,0.0376963) (13,13,0.0795775) (14,13,0.0378016) (17,13,0.0397748) (20,13,0.0377751) (22,13,0.0276962) (23,13,0.027282) (1,14,0.0182842) (5,14,0.0230809) (10,14,0.0353899) (12,14,0.0318399) (13,14,0.0378016) (14,14,0.0795775) (18,14,0.0346348) (22,14,-0.017398) (24,14,0.0163952) (2,15,-0.00168959) (3,15,0.0284631) (7,15,0.028329) (8,15,-0.0010402) (12,15,0.0355158) (15,15,0.0795775) (16,15,0.0355849) (17,15,0.0271466) (18,15,-0.00217407) (19,15,-0.0290148) (2,16,-0.0192956) (6,16,0.0380181) (7,16,0.0128365) (11,16,0.0324859) (12,16,0.0237384) (15,16,0.0355849) (16,16,0.0795775) (19,16,0.0381298) (21,16,0.0178983) (23,16,0.0359649) (24,16,0.0361904) (3,17,-0.000907217) (4,17,0.0279192) (8,17,-0.0297894) (9,17,0.0379972) (13,17,0.0397748) (15,17,0.0271466) (17,17,0.0795775) (18,17,0.0275629) (19,17,0.000109536) (20,17,0.0374308) (22,17,0.0269298) (23,17,0.0265053) (3,18,-0.0293165) (5,18,0.0360442) (8,18,-0.0396589) (10,18,0.0397569) (14,18,0.0346348) (15,18,-0.00217407) (17,18,0.0275629) (18,18,0.0795775) (19,18,0.0287713) (22,18,0.00246906) (24,18,-0.00357348) (3,19,-0.0397807) (6,19,0.0397869) (8,19,-0.0264587) (11,19,0.0376961) (15,19,-0.0290148) (16,19,0.0381298) (17,19,0.000109536) (18,19,0.0287713) (19,19,0.0795775) (21,19,0.0273062) (23,19,0.029602) (24,19,0.0299567) (4,20,0.0166505) (9,20,0.031742) (13,20,0.0377751) (17,20,0.0374308) (20,20,0.0795775) (21,20,0.018062) (22,20,0.0352673) (23,20,0.0349984) (6,21,0.0275848) (11,21,0.0351317) (16,21,0.0178983) (19,21,0.0273062) (20,21,0.018062) (21,21,0.0795775) (23,21,0.000977699) (24,21,0.0015122) (4,22,-0.00197281) (5,22,0.0190553) (9,22,0.0170272) (10,22,0.00088004) (13,22,0.0276962) (14,22,-0.017398) (17,22,0.0269298) (18,22,0.00246906) (20,22,0.0352673) (22,22,0.0795775) (23,22,0.0397846) (24,22,-0.0397733) (4,23,-0.00254478) (6,23,0.0293436) (9,23,0.0165076) (11,23,0.0195366) (13,23,0.027282) (16,23,0.0359649) (17,23,0.0265053) (19,23,0.029602) (20,23,0.0349984) (21,23,0.000977699) (22,23,0.0397846) (23,23,0.0795775) (24,23,0.0397851) (5,24,-0.0200201) (6,24,0.0297021) (10,24,-0.00198694) (11,24,0.0200007) (14,24,0.0163952) (16,24,0.0361904) (18,24,-0.00357348) (19,24,0.0299567) (21,24,0.0015122) (22,24,-0.0397733) (23,24,0.0397851) (24,24,0.0795775) 
Minv:
size: 27 27
(0,0,0.0397887) (1,1,0.0397887) (2,2,0.0795775) (3,3,0.0397887) (4,4,0.0397887) (5,5,0.0795775) (6,6,0.0397887) (7,7,0.0397887) (8,8,0.0795775) (9,9,0.0397887) (10,10,0.0397887) (11,11,0.0795775) (12,12,0.0397887) (13,13,0.0397887) (14,14,0.0795775) (15,15,0.0397887) (16,16,0.0397887) (17,17,0.0795775) (18,18,0.0397887) (19,19,0.0397887) (20,20,0.0795775) (21,21,0.0397887) (22,22,0.0397887) (23,23,0.0795775) (24,24,0.0397887) (25,25,0.0397887) (26,26,0.0795775) 
v0:
size: 27 1
(0,0,0.404526) (1,0,0.3262) (2,0,0) (3,0,0.989656) (4,0,-0.508342) (5,0,0) (6,0,-0.189446) (7,0,-0.391719) (8,0,0) (9,0,-0.959321) (10,0,0.617725) (11,0,0) (12,0,0.923795) (13,0,-0.814183) (14,0,0) (15,0,0.523149) (16,0,0.739946) (17,0,0) (18,0,-0.604743) (19,0,0.45538) (20,0,0) (21,0,-0.0758634) (22,0,0.0850671) (23,0,0) (24,0,-0.0387913) (25,0,-0.593531) (26,0,0) 
ipopt_sol:
size: 25 1
(0,0,5.02267e-07) (1,0,17.6589) (2,0,19.5699) (3,0,7.28569e-07) (4,0,1.8367e-06) (5,0,9.0073e-07) (6,0,6.35981e-07) (7,0,42.6973) (8,0,4.60981e-05) (9,0,4.22184e-06) (10,0,6.94309) (11,0,5.64043) (12,0,3.21759e-07) (13,0,1.49117e-07) (14,0,1.06315e-07) (15,0,5.4929) (16,0,2.75906e-06) (17,0,45.3711) (18,0,5.68065) (19,0,5.38564e-06) (20,0,5.22694e-08) (21,0,11.1456) (22,0,0.000280149) (23,0,1.85533) (24,0,14.8701) 
policy_sol:
size: 25 1
(0,0,0.563865) (1,0,20.0804) (2,0,23.9846) (3,0,-7.84746) (4,0,0) (5,0,0) (6,0,0) (7,0,37.1554) (8,0,4.62395) (9,0,0) (10,0,8.7265) (11,0,2.93866) (12,0,0) (13,0,0) (14,0,0) (15,0,11.7329) (16,0,-1.61833) (17,0,45.377) (18,0,3.75985) (19,0,1.74677) (20,0,0) (21,0,12.0883) (22,0,0) (23,0,2.36559) (24,0,15.3126) 

policy_converges:
0
ipopt_converges:
0
