Git Revision:     18345a57b34405566a64d0bf3d2a118f1cdbade3
Build Mode:       Debug
C Compiler:       /usr/bin/cc
C++ Compiler:     /usr/bin/c++
Fortran Compiler: gfortran
Body count: 9
No end time specified. Simulation will run indefinitely.
N:
size: 27 14
(0,0,-0.0168463) (1,0,-0.999858) (6,0,0.0168463) (7,0,0.999858) (0,1,-0.99942) (1,1,-0.0340641) (9,1,0.99942) (10,1,0.0340641) (0,2,-0.710134) (1,2,-0.704067) (12,2,0.710134) (13,2,0.704067) (0,3,-0.892966) (1,3,-0.450124) (21,3,0.892966) (22,3,0.450124) (3,4,-0.0211417) (4,4,-0.999776) (6,4,0.0211417) (7,4,0.999776) (3,5,-0.712042) (4,5,0.702136) (9,5,0.712042) (10,5,-0.702136) (3,6,-0.999964) (4,6,-0.00854192) (12,6,0.999964) (13,6,0.00854192) (6,7,-0.432757) (7,7,0.901511) (9,7,0.432757) (10,7,-0.901511) (6,8,-0.693601) (7,8,0.720359) (12,8,0.693601) (13,8,-0.720359) (6,9,-0.700572) (7,9,0.713581) (18,9,0.700572) (19,9,-0.713581) (6,10,-0.890749) (7,10,0.454496) (21,10,0.890749) (22,10,-0.454496) (9,11,-0.721876) (10,11,-0.692023) (21,11,0.721876) (22,11,0.692023) (18,12,0.0466582) (19,12,-0.998911) (21,12,-0.0466582) (22,12,0.998911) (18,13,0.0162249) (19,13,-0.999868) (24,13,-0.0162249) (25,13,0.999868) 
Q:
size: 14 14
(0,0,0.0795775) (1,0,0.00202508) (2,0,0.028486) (3,0,0.0185059) (4,0,0.0397884) (7,0,0.0355748) (8,0,0.0281932) (9,0,0.0279189) (10,0,0.0174842) (0,1,0.00202508) (1,1,0.0795775) (2,1,0.0291932) (3,1,0.0361195) (5,1,0.0273632) (7,1,0.015987) (11,1,-0.0296438) (0,2,0.028486) (1,2,0.0291932) (2,2,0.0795775) (3,2,0.0378408) (6,2,0.0284936) (8,2,-0.000582164) (0,3,0.0185059) (1,3,0.0361195) (2,3,0.0378408) (3,3,0.0795775) (10,3,0.0235084) (11,3,0.0380423) (12,3,0.0162326) (0,4,0.0397884) (4,4,0.0795775) (5,4,-0.0273319) (6,4,0.00118097) (7,4,0.0354979) (8,4,0.0280723) (9,4,0.0277968) (10,4,0.0173305) (1,5,0.0273632) (4,5,-0.0273319) (5,5,0.0795775) (6,5,0.0280916) (7,5,0.0374462) (11,5,-0.00111853) (2,6,0.0284936) (4,6,0.00118097) (5,6,0.0280916) (6,6,0.0795775) (8,6,0.0273517) (0,7,0.0355748) (1,7,0.015987) (4,7,0.0354979) (5,7,0.0374462) (7,7,0.0795775) (8,7,0.0377823) (9,7,0.0376592) (10,7,0.0316404) (11,7,0.012393) (0,8,0.0281932) (2,8,-0.000582164) (4,8,0.0280723) (6,8,0.0273517) (7,8,0.0377823) (8,8,0.0795775) (9,8,0.0397869) (10,8,0.0376093) (0,9,0.0279189) (4,9,0.0277968) (7,9,0.0376592) (8,9,0.0397869) (9,9,0.0795775) (10,9,0.0377338) (12,9,0.0296622) (13,9,0.028841) (0,10,0.0174842) (3,10,0.0235084) (4,10,0.0173305) (7,10,0.0316404) (8,10,0.0376093) (9,10,0.0377338) (10,10,0.0795775) (11,10,0.0130702) (12,10,-0.0197178) (1,11,-0.0296438) (3,11,0.0380423) (5,11,-0.00111853) (7,11,0.012393) (10,11,0.0130702) (11,11,0.0795775) (12,11,0.0261646) (3,12,0.0162326) (9,12,0.0296622) (10,12,-0.0197178) (11,12,0.0261646) (12,12,0.0795775) (13,12,0.0397703) (9,13,0.028841) (12,13,0.0397703) (13,13,0.0795775) 
Minv:
size: 27 27
(0,0,0.0397887) (1,1,0.0397887) (2,2,0.0795775) (3,3,0.0397887) (4,4,0.0397887) (5,5,0.0795775) (6,6,0.0397887) (7,7,0.0397887) (8,8,0.0795775) (9,9,0.0397887) (10,10,0.0397887) (11,11,0.0795775) (12,12,0.0397887) (13,13,0.0397887) (14,14,0.0795775) (15,15,0.0397887) (16,16,0.0397887) (17,17,0.0795775) (18,18,0.0397887) (19,19,0.0397887) (20,20,0.0795775) (21,21,0.0397887) (22,22,0.0397887) (23,23,0.0795775) (24,24,0.0397887) (25,25,0.0397887) (26,26,0.0795775) 
v0:
size: 27 1
(0,0,0.95566) (1,0,-0.881729) (2,0,0) (3,0,0.141425) (4,0,-0.741491) (5,0,0) (6,0,0.237733) (7,0,-0.88123) (8,0,0) (9,0,0.868061) (10,0,0.0201496) (11,0,0) (12,0,-0.850097) (13,0,0.159703) (14,0,0) (15,0,0.280444) (16,0,0.666317) (17,0,0) (18,0,0.988649) (19,0,0.646887) (20,0,0) (21,0,0.174157) (22,0,-0.491679) (23,0,0) (24,0,0.399048) (25,0,0.304871) (26,0,0) 
ipopt_sol:
size: 14 1
(0,0,6.43021e-08) (1,0,3.81121) (2,0,9.24615) (3,0,2.18147e-07) (4,0,1.18527e-07) (5,0,2.74421e-07) (6,0,9.52079) (7,0,1.79073e-07) (8,0,34.6041) (9,0,8.92032e-08) (10,0,1.43456e-07) (11,0,15.5026) (12,0,22.5318) (13,0,3.83073e-07) 
policy_sol:
size: 14 1
(0,0,0) (1,0,3.81121) (2,0,9.24615) (3,0,0) (4,0,0) (5,0,0) (6,0,9.52079) (7,0,0) (8,0,34.6041) (9,0,0) (10,0,0) (11,0,15.5026) (12,0,22.5318) (13,0,0) 

policy_converges:
1
ipopt_converges:
1
