Git Revision:     3cfe7dc3fe6810e9e399640d632720aa3564fe80
Build Mode:       Debug
C Compiler:       /usr/bin/cc
C++ Compiler:     /usr/bin/c++
Fortran Compiler: gfortran
Body count: 9
No end time specified. Simulation will run indefinitely.
N:
size: 27 13
(0,0,-0.0118891) (1,0,-0.999929) (3,0,0.0118891) (4,0,0.999929) (0,1,-0.0161138) (1,1,-0.99987) (6,1,0.0161138) (7,1,0.99987) (0,2,-0.999999) (1,2,0.00162586) (9,2,0.999999) (10,2,-0.00162586) (0,3,-0.697143) (1,3,-0.716932) (12,3,0.697143) (13,3,0.716932) (0,4,-0.999681) (1,4,-0.0252419) (18,4,0.999681) (19,4,0.0252419) (0,5,-0.705965) (1,5,-0.708247) (24,5,0.705965) (25,5,0.708247) (3,6,-0.0209719) (4,6,-0.99978) (6,6,0.0209719) (7,6,0.99978) (6,7,-0.689277) (7,7,0.724498) (12,7,0.689277) (13,7,-0.724498) (6,8,-0.71847) (7,8,0.695558) (18,8,0.71847) (19,8,-0.695558) (12,9,-0.714451) (13,9,-0.699685) (24,9,0.714451) (25,9,0.699685) (15,10,-0.999375) (16,10,0.0353459) (24,10,0.999375) (25,10,-0.0353459) (18,11,0.0189613) (19,11,-0.99982) (24,11,-0.0189613) (25,11,0.99982) (21,12,0.0411577) (22,12,-0.999153) (24,12,-0.0411577) (25,12,0.999153) 
Q:
size: 13 13
(0,0,0.0795775) (1,0,0.0397884) (2,0,0.000408366) (3,0,0.0288536) (4,0,0.00147717) (5,0,0.0285122) (6,0,-0.0397871) (0,1,0.0397884) (1,1,0.0795775) (2,1,0.000576463) (3,1,0.0289691) (4,1,0.00164515) (5,1,0.0286292) (6,1,0.0397883) (7,1,0.0283812) (8,1,0.0272111) (0,2,0.000408366) (1,2,0.000576463) (2,2,0.0795775) (3,2,0.027692) (4,2,0.0397744) (5,2,0.0280436) (0,3,0.0288536) (1,3,0.0289691) (2,3,0.027692) (3,3,0.0795775) (4,3,0.0284496) (5,3,0.0397857) (7,3,-0.00154747) (9,3,-0.0397769) (0,4,0.00147717) (1,4,0.00164515) (2,4,0.0397744) (3,4,0.0284496) (4,4,0.0795775) (5,4,0.0287918) (8,4,0.0278793) (11,4,-0.000249956) (0,5,0.0285122) (1,5,0.0286292) (2,5,0.0280436) (3,5,0.0397857) (4,5,0.0287918) (5,5,0.0795775) (9,5,0.0397858) (10,5,0.0270759) (11,5,0.0276426) (12,5,0.0270003) (0,6,-0.0397871) (1,6,0.0397883) (6,6,0.0795775) (7,6,0.0282454) (8,6,0.0270698) (1,7,0.0283812) (3,7,-0.00154747) (6,7,0.0282454) (7,7,0.0795775) (8,7,0.0397551) (9,7,0.000575604) (1,8,0.0272111) (4,8,0.0278793) (6,8,0.0270698) (7,8,0.0397551) (8,8,0.0795775) (11,8,0.0282124) (3,9,-0.0397769) (5,9,0.0397858) (7,9,0.000575604) (9,9,0.0795775) (10,9,0.0274253) (11,9,0.0272956) (12,9,0.026646) (5,10,0.0270759) (9,10,0.0274253) (10,10,0.0795775) (11,10,-0.00216009) (12,10,-0.00304177) (4,11,-0.000249956) (5,11,0.0276426) (8,11,0.0282124) (9,11,0.0272956) (10,11,-0.00216009) (11,11,0.0795775) (12,11,0.0397789) (5,12,0.0270003) (9,12,0.026646) (10,12,-0.00304177) (11,12,0.0397789) (12,12,0.0795775) 
Minv:
size: 27 27
(0,0,0.0397887) (1,1,0.0397887) (2,2,0.0795775) (3,3,0.0397887) (4,4,0.0397887) (5,5,0.0795775) (6,6,0.0397887) (7,7,0.0397887) (8,8,0.0795775) (9,9,0.0397887) (10,10,0.0397887) (11,11,0.0795775) (12,12,0.0397887) (13,13,0.0397887) (14,14,0.0795775) (15,15,0.0397887) (16,16,0.0397887) (17,17,0.0795775) (18,18,0.0397887) (19,19,0.0397887) (20,20,0.0795775) (21,21,0.0397887) (22,22,0.0397887) (23,23,0.0795775) (24,24,0.0397887) (25,25,0.0397887) (26,26,0.0795775) 
v0:
size: 27 1
(0,0,0.351928) (1,0,0.471363) (2,0,0) (3,0,-0.280153) (4,0,0.434349) (5,0,0) (6,0,-0.27606) (7,0,-0.263021) (8,0,0) (9,0,-0.173122) (10,0,-0.500408) (11,0,0) (12,0,0.32864) (13,0,0.443676) (14,0,0) (15,0,0.361538) (16,0,0.507371) (17,0,0) (18,0,-0.173819) (19,0,-0.15304) (20,0,0) (21,0,0.810786) (22,0,0.315909) (23,0,0) (24,0,0.137372) (25,0,-0.403766) (26,0,0) 
ipopt_sol:
size: 13 1
(0,0,3.55548e-05) (1,0,12.9323) (2,0,8.52587) (3,0,3.62278e-07) (4,0,9.0766) (5,0,3.70737e-07) (6,0,11.0548) (7,0,1.72962e-07) (8,0,9.12227e-08) (9,0,13.8896) (10,0,0.521246) (11,0,2.36001e-07) (12,0,12.7446) 
policy_sol:
size: 13 1
(0,0,0) (1,0,12.9323) (2,0,8.52587) (3,0,0) (4,0,9.0766) (5,0,0) (6,0,11.0548) (7,0,0) (8,0,0) (9,0,13.8896) (10,0,0.521243) (11,0,0) (12,0,12.7446) 

policy_converges:
1
