solve status: 0
N:
size: 27 13
(0,0,0.00715645) (1,0,-0.999974) (3,0,-0.00715645) (4,0,0.999974) (0,1,-0.00677035) (1,1,-0.999977) (6,1,0.00677035) (7,1,0.999977) (0,2,-0.999937) (1,2,0.0112074) (9,2,0.999937) (10,2,-0.0112074) (0,3,-0.999999) (1,3,0.00172085) (18,3,0.999999) (19,3,-0.00172085) (0,4,-0.874589) (1,4,-0.484865) (21,4,0.874589) (22,4,0.484865) (3,5,-0.677687) (4,5,0.735351) (9,5,0.677687) (10,5,-0.735351) (3,6,-0.999515) (4,6,0.0311337) (12,6,0.999515) (13,6,-0.0311337) (3,7,-0.878788) (4,7,0.477212) (18,7,0.878788) (19,7,-0.477212) (6,8,-0.68896) (7,8,0.724799) (12,8,0.68896) (13,8,-0.724799) (6,9,-0.686063) (7,9,0.727542) (18,9,0.686063) (19,9,-0.727542) (9,10,-0.999969) (10,10,-0.00784653) (18,10,0.999969) (19,10,0.00784653) (12,11,-0.683164) (13,11,0.730265) (18,11,0.683164) (19,11,-0.730265) (18,12,0.0240417) (19,12,-0.999711) (21,12,-0.0240417) (22,12,0.999711) 
Q:
size: 13 13
(0,0,0.0795775) (1,0,0.0397849) (2,0,-0.000730645) (3,0,-0.000353214) (4,0,0.0190426) (5,0,0.0294509) (6,0,0.00152335) (7,0,0.0192374) (0,1,0.0397849) (1,1,0.0795775) (2,1,-0.000176551) (3,1,0.000200914) (4,1,0.0195273) (8,1,0.0286526) (9,1,0.0287625) (0,2,-0.000730645) (1,2,-0.000176551) (2,2,0.0795775) (3,2,0.0397869) (4,2,0.0345804) (5,2,0.0272905) (10,2,-0.0397815) (0,3,-0.000353214) (1,3,0.000200914) (2,3,0.0397869) (3,3,0.0795775) (4,3,0.0347656) (7,3,0.0349985) (9,3,0.0273474) (10,3,0.0397869) (11,3,0.0272322) (12,3,0.00102504) (0,4,0.0190426) (1,4,0.0195273) (2,4,0.0345804) (3,4,0.0347656) (4,4,0.0795775) (12,4,0.0184499) (0,5,0.0294509) (2,5,0.0272905) (5,5,0.0795775) (6,5,0.0278621) (7,5,0.0376585) (10,5,-0.0267339) (0,6,0.00152335) (5,6,0.0278621) (6,6,0.0795775) (7,6,0.0355401) (8,6,0.0282974) (11,6,-0.0280737) (0,7,0.0192374) (3,7,0.0349985) (5,7,0.0376585) (6,7,0.0355401) (7,7,0.0795775) (9,7,0.0378031) (10,7,0.0348158) (11,7,0.0377535) (12,7,0.0198228) (1,8,0.0286526) (6,8,0.0282974) (8,8,0.0795775) (9,8,0.0397884) (11,8,-0.0397875) (1,9,0.0287625) (3,9,0.0273474) (7,9,0.0378031) (8,9,0.0397884) (9,9,0.0795775) (10,9,0.0270696) (11,9,0.0397884) (12,9,0.0295959) (2,10,-0.0397815) (3,10,0.0397869) (5,10,-0.0267339) (7,10,0.0348158) (9,10,0.0270696) (10,10,0.0795775) (11,10,0.0269534) (12,10,0.000644448) (3,11,0.0272322) (6,11,-0.0280737) (7,11,0.0377535) (8,11,-0.0397875) (9,11,0.0397884) (10,11,0.0269534) (11,11,0.0795775) (12,11,0.0297014) (3,12,0.00102504) (4,12,0.0184499) (7,12,0.0198228) (9,12,0.0295959) (10,12,0.000644448) (11,12,0.0297014) (12,12,0.0795775) 
Minv:
size: 27 27
(0,0,0.0397887) (1,1,0.0397887) (2,2,0.0795775) (3,3,0.0397887) (4,4,0.0397887) (5,5,0.0795775) (6,6,0.0397887) (7,7,0.0397887) (8,8,0.0795775) (9,9,0.0397887) (10,10,0.0397887) (11,11,0.0795775) (12,12,0.0397887) (13,13,0.0397887) (14,14,0.0795775) (15,15,0.0397887) (16,16,0.0397887) (17,17,0.0795775) (18,18,0.0397887) (19,19,0.0397887) (20,20,0.0795775) (21,21,0.0397887) (22,22,0.0397887) (23,23,0.0795775) (24,24,0.0397887) (25,25,0.0397887) (26,26,0.0795775) 
v0:
size: 27 1
(0,0,0.864101) (1,0,0.155683) (2,0,0) (3,0,0.688758) (4,0,-0.452884) (5,0,0) (6,0,-0.249185) (7,0,-0.216271) (8,0,0) (9,0,0.165271) (10,0,-0.652751) (11,0,0) (12,0,0.23416) (13,0,0.88381) (14,0,0) (15,0,-0.18913) (16,0,0.98146) (17,0,0) (18,0,-0.263516) (19,0,0.762413) (20,0,0) (21,0,0.715599) (22,0,-0.679021) (23,0,0) (24,0,0.583911) (25,0,0.889841) (26,0,0) 
ipopt_sol:
size: 13 1
(0,0,10.9677) (1,0,0) (2,0,9.98018) (3,0,14.9111) (4,0,0) (5,0,0) (6,0,0) (7,0,18.4207) (8,0,11.67) (9,0,0) (10,0,0) (11,0,0) (12,0,32.0277) 
policy_sol:
size: 13 1
(0,0,10.9677) (1,0,0) (2,0,9.98018) (3,0,14.9111) (4,0,0) (5,0,0) (6,0,0) (7,0,18.4207) (8,0,11.67) (9,0,0) (10,0,0) (11,0,0) (12,0,32.0277) 

policy_converges:
1
ipopt_converges:
0
