Git Revision:     18345a57b34405566a64d0bf3d2a118f1cdbade3
Build Mode:       Debug
C Compiler:       /usr/bin/cc
C++ Compiler:     /usr/bin/c++
Fortran Compiler: gfortran
Body count: 9
No end time specified. Simulation will run indefinitely.
N:
size: 27 17
(0,0,0.0116518) (1,0,-0.999932) (6,0,-0.0116518) (7,0,0.999932) (0,1,-0.999996) (1,1,0.00285378) (18,1,0.999996) (19,1,-0.00285378) (3,2,0.0446848) (4,2,-0.999001) (6,2,-0.0446848) (7,2,0.999001) (3,3,-0.886036) (4,3,-0.463616) (24,3,0.886036) (25,3,0.463616) (6,4,-0.460594) (7,4,0.887611) (9,4,0.460594) (10,4,-0.887611) (6,5,-0.692433) (7,5,0.721482) (12,5,0.692433) (13,5,-0.721482) (6,6,-0.701926) (7,6,0.71225) (18,6,0.701926) (19,6,-0.71225) (6,7,-0.875811) (7,7,0.482654) (21,7,0.875811) (22,7,-0.482654) (6,8,-0.999734) (7,8,0.0230723) (24,8,0.999734) (25,8,-0.0230723) (9,9,-0.99899) (10,9,0.0449439) (18,9,0.99899) (19,9,-0.0449439) (9,10,-0.69384) (10,10,-0.720129) (21,10,0.69384) (22,10,0.720129) (9,11,-0.443018) (10,11,-0.896513) (24,11,0.443018) (25,11,0.896513) (12,12,0.0163089) (13,12,-0.999867) (15,12,-0.0163089) (16,12,0.999867) (12,13,-0.99948) (13,13,0.0322483) (21,13,0.99948) (22,13,-0.0322483) (12,14,-0.7133) (13,14,-0.700859) (24,14,0.7133) (25,14,0.700859) (15,15,-0.999787) (16,15,0.020634) (24,15,0.999787) (25,15,-0.020634) (21,16,-0.0652317) (22,16,-0.99787) (24,16,0.0652317) (25,16,0.99787) 
Q:
size: 17 17
(0,0,0.0795775) (1,0,-0.000577151) (2,0,0.039767) (4,0,0.0355281) (5,0,0.0290259) (6,0,0.028663) (7,0,0.0196089) (8,0,0.00138145) (0,1,-0.000577151) (1,1,0.0795775) (6,1,0.0280095) (9,1,0.0397535) (0,2,0.039767) (2,2,0.0795775) (3,2,0.0168529) (4,2,0.0361006) (5,2,0.0299093) (6,2,0.0295592) (7,2,0.0207422) (8,2,0.00269458) (2,3,0.0168529) (3,3,0.0795775) (8,3,0.0348193) (11,3,0.032156) (14,3,0.0380754) (15,3,0.0348661) (16,3,0.0207071) (0,4,0.0355281) (2,4,0.0361006) (4,4,0.0795775) (5,4,0.0381704) (6,4,0.0380183) (7,4,0.0330964) (8,4,0.0191364) (9,4,-0.0198952) (10,4,0.0127171) (11,4,0.0235431) (0,5,0.0290259) (2,5,0.0299093) (4,5,0.0381704) (5,5,0.0795775) (6,5,0.0397852) (7,5,0.037985) (8,5,0.028206) (12,5,0.0291524) (13,5,-0.0284624) (14,5,0.000467351) (0,6,0.028663) (1,6,0.0280095) (2,6,0.0295592) (4,6,0.0380183) (5,6,0.0397852) (6,6,0.0795775) (7,6,0.0381385) (8,6,0.0285752) (9,6,0.0291742) (0,7,0.0196089) (2,7,0.0207422) (4,7,0.0330964) (5,7,0.037985) (6,7,0.0381385) (7,7,0.0795775) (8,7,0.0352812) (10,7,0.010349) (13,7,0.0354486) (16,7,0.0168901) (0,8,0.00138145) (2,8,0.00269458) (3,8,0.0348193) (4,8,0.0191364) (5,8,0.028206) (6,8,0.0285752) (7,8,0.0352812) (8,8,0.0795775) (11,8,0.0167994) (14,8,0.0277303) (15,8,0.0397886) (16,8,0.00167873) (1,9,0.0397535) (4,9,-0.0198952) (6,9,0.0291742) (9,9,0.0795775) (10,9,0.0262913) (11,9,0.0160061) (4,10,0.0127171) (7,10,0.010349) (9,10,0.0262913) (10,10,0.0795775) (11,10,0.0379182) (13,10,0.0266687) (16,10,-0.0303929) (3,11,0.032156) (4,11,0.0235431) (8,11,0.0167994) (9,11,0.0160061) (10,11,0.0379182) (11,11,0.0795775) (14,11,0.0375739) (15,11,0.0168873) (16,11,0.036745) (5,12,0.0291524) (12,12,0.0795775) (13,12,-0.00193152) (14,12,0.0274197) (15,12,0.00146966) (5,13,-0.0284624) (7,13,0.0354486) (10,13,0.0266687) (12,13,-0.00193152) (13,13,0.0795775) (14,13,0.0274672) (16,13,-0.00131375) (3,14,0.0380754) (5,14,0.000467351) (8,14,0.0277303) (11,14,0.0375739) (12,14,0.0274197) (13,14,0.0274672) (14,14,0.0795775) (15,14,0.0277998) (16,14,0.0296783) (3,15,0.0348661) (8,15,0.0397886) (11,15,0.0168873) (12,15,0.00146966) (14,15,0.0277998) (15,15,0.0795775) (16,15,0.00177568) (3,16,0.0207071) (7,16,0.0168901) (8,16,0.00167873) (10,16,-0.0303929) (11,16,0.036745) (13,16,-0.00131375) (14,16,0.0296783) (15,16,0.00177568) (16,16,0.0795775) 
Minv:
size: 27 27
(0,0,0.0397887) (1,1,0.0397887) (2,2,0.0795775) (3,3,0.0397887) (4,4,0.0397887) (5,5,0.0795775) (6,6,0.0397887) (7,7,0.0397887) (8,8,0.0795775) (9,9,0.0397887) (10,10,0.0397887) (11,11,0.0795775) (12,12,0.0397887) (13,13,0.0397887) (14,14,0.0795775) (15,15,0.0397887) (16,16,0.0397887) (17,17,0.0795775) (18,18,0.0397887) (19,19,0.0397887) (20,20,0.0795775) (21,21,0.0397887) (22,22,0.0397887) (23,23,0.0795775) (24,24,0.0397887) (25,25,0.0397887) (26,26,0.0795775) 
v0:
size: 27 1
(0,0,-0.244349) (1,0,-0.322883) (2,0,0) (3,0,-0.43918) (4,0,0.484256) (5,0,0) (6,0,0.205044) (7,0,-0.925505) (8,0,0) (9,0,0.487446) (10,0,0.637995) (11,0,0) (12,0,0.738097) (13,0,0.953181) (14,0,0) (15,0,0.478302) (16,0,0.729289) (17,0,0) (18,0,-0.570472) (19,0,-0.528159) (20,0,0) (21,0,0.352961) (22,0,0.368096) (23,0,0) (24,0,-0.330564) (25,0,-0.0656553) (26,0,0) 
ipopt_sol:
size: 17 1
(0,0,1.1073e-07) (1,0,1.33398e-07) (2,0,22.2833) (3,0,4.53939e-08) (4,0,28.322) (5,0,2.62751) (6,0,7.05724e-08) (7,0,1.68356e-07) (8,0,9.92013e-08) (9,0,32.3251) (10,0,1.3323e-07) (11,0,1.36367e-07) (12,0,1.44065e-07) (13,0,6.595e-07) (14,0,34.3212) (15,0,7.92256) (16,0,1.15881e-06) 
policy_sol:
size: 17 1
(0,0,0) (1,0,0) (2,0,22.2833) (3,0,0) (4,0,28.322) (5,0,2.62751) (6,0,0) (7,0,0) (8,0,0) (9,0,32.3251) (10,0,0) (11,0,0) (12,0,0) (13,0,0) (14,0,34.3212) (15,0,7.92256) (16,0,0) 

policy_converges:
1
ipopt_converges:
0
