Git Revision:     18345a57b34405566a64d0bf3d2a118f1cdbade3
Build Mode:       Debug
C Compiler:       /usr/bin/cc
C++ Compiler:     /usr/bin/c++
Fortran Compiler: gfortran
Body count: 9
No end time specified. Simulation will run indefinitely.
N:
size: 27 18
(0,0,0.000520493) (1,0,-1) (3,0,-0.000520493) (4,0,1) (0,1,-0.999234) (1,1,0.0391375) (9,1,0.999234) (10,1,-0.0391375) (0,2,-0.732525) (1,2,-0.68074) (12,2,0.732525) (13,2,0.68074) (0,3,-0.472183) (1,3,-0.881501) (15,3,0.472183) (16,3,0.881501) (0,4,-0.999387) (1,4,0.0349972) (18,4,0.999387) (19,4,-0.0349972) (0,5,-0.718927) (1,5,-0.695086) (24,5,0.718927) (25,5,0.695086) (3,6,-0.718317) (4,6,0.695716) (9,6,0.718317) (10,6,-0.695716) (3,7,-0.888195) (4,7,0.459466) (18,7,0.888195) (19,7,-0.459466) (3,8,-0.899686) (4,8,-0.436537) (24,8,0.899686) (25,8,0.436537) (6,9,-0.999982) (7,9,0.00597459) (24,9,0.999982) (25,9,-0.00597459) (12,10,-0.655569) (13,10,0.755135) (18,10,0.655569) (19,10,-0.755135) (12,11,-0.997939) (13,11,0.064166) (21,11,0.997939) (22,11,-0.064166) (12,12,-0.703534) (13,12,-0.710662) (24,12,0.703534) (25,12,0.710662) (15,13,-0.428637) (16,13,0.903477) (18,13,0.428637) (19,13,-0.903477) (15,14,-0.688433) (16,14,0.7253) (21,14,0.688433) (22,14,-0.7253) (15,15,-0.999948) (16,15,0.0102096) (24,15,0.999948) (25,15,-0.0102096) (18,16,-0.00187594) (19,16,-0.999998) (24,16,0.00187594) (25,16,0.999998) (21,17,-0.00271429) (22,17,-0.999996) (24,17,0.00271429) (25,17,0.999996) 
Q:
size: 18 18
(0,0,0.0795775) (1,0,-0.00157793) (2,0,0.0270706) (3,0,0.035064) (4,0,-0.00141319) (5,0,0.0276417) (6,0,0.0276965) (7,0,0.0183) (8,0,-0.0173506) (0,1,-0.00157793) (1,1,0.0795775) (2,1,0.0280638) (3,1,0.0174005) (4,1,0.0397884) (5,1,0.0275009) (6,1,0.0296424) (0,2,0.0270706) (1,2,0.0280638) (2,2,0.0795775) (3,2,0.0376385) (4,2,0.0281805) (5,2,0.039781) (10,2,0.00134607) (11,2,-0.0273482) (12,2,-0.0397542) (0,3,0.035064) (1,3,0.0174005) (2,3,0.0376385) (3,3,0.0795775) (4,3,0.0175486) (5,3,0.0378862) (13,3,0.0236353) (14,3,0.0125051) (15,3,-0.0184285) (0,4,-0.00141319) (1,4,0.0397884) (2,4,0.0281805) (3,4,0.0175486) (4,4,0.0795775) (5,4,0.0276198) (7,4,0.0359583) (10,4,0.0271198) (13,4,0.0183026) (16,4,0.0013179) (0,5,0.0276417) (1,5,0.0275009) (2,5,0.039781) (3,5,0.0378862) (4,5,0.0276198) (5,5,0.0795775) (8,5,0.0378088) (9,5,0.0284394) (12,5,0.0397792) (15,5,0.0283213) (16,5,0.0277102) (17,5,0.0277341) (0,6,0.0276965) (1,6,0.0296424) (6,6,0.0795775) (7,6,0.0381042) (8,6,0.0136298) (0,7,0.0183) (4,7,0.0359583) (6,7,0.0381042) (7,7,0.0795775) (8,7,0.0238145) (10,7,0.036973) (13,7,0.0316651) (16,7,0.0182152) (0,8,-0.0173506) (5,8,0.0378088) (6,8,0.0136298) (7,8,0.0238145) (8,8,0.0795775) (9,8,0.035693) (12,8,0.0375283) (15,8,0.0356182) (16,8,0.0174364) (17,8,0.0174663) (5,9,0.0284394) (8,9,0.035693) (9,9,0.0795775) (12,9,0.0278233) (15,9,0.0397884) (16,9,-0.000163081) (17,9,-0.000129724) (2,10,0.00134607) (4,10,0.0271198) (7,10,0.036973) (10,10,0.0795775) (11,10,0.0279584) (12,10,-0.00300129) (13,10,0.0383264) (16,10,0.0299969) (2,11,-0.0273482) (10,11,0.0279584) (11,11,0.0795775) (12,11,0.0261207) (14,11,0.0291872) (17,11,0.0024453) (2,12,-0.0397542) (5,12,0.0397792) (8,12,0.0375283) (9,12,0.0278233) (10,12,-0.00300129) (11,12,0.0261207) (12,12,0.0795775) (15,12,0.0277026) (16,12,0.0283288) (17,12,0.0283522) (3,13,0.0236353) (4,13,0.0183026) (7,13,0.0316651) (10,13,0.0383264) (13,13,0.0795775) (14,13,0.0378144) (15,13,0.0174211) (16,13,0.0359161) (3,14,0.0125051) (11,14,0.0291872) (13,14,0.0378144) (14,14,0.0795775) (15,14,0.0276851) (17,14,0.0287843) (3,15,-0.0184285) (5,15,0.0283213) (8,15,0.0356182) (9,15,0.0397884) (12,15,0.0277026) (13,15,0.0174211) (14,15,0.0276851) (15,15,0.0795775) (16,15,-0.000331591) (17,15,-0.000298235) (4,16,0.0013179) (5,16,0.0277102) (7,16,0.0182152) (8,16,0.0174364) (9,16,-0.000163081) (10,16,0.0299969) (12,16,0.0283288) (13,16,0.0359161) (15,16,-0.000331591) (16,16,0.0795775) (17,16,0.0397887) (5,17,0.0277341) (8,17,0.0174663) (9,17,-0.000129724) (11,17,0.0024453) (12,17,0.0283522) (14,17,0.0287843) (15,17,-0.000298235) (16,17,0.0397887) (17,17,0.0795775) 
Minv:
size: 27 27
(0,0,0.0397887) (1,1,0.0397887) (2,2,0.0795775) (3,3,0.0397887) (4,4,0.0397887) (5,5,0.0795775) (6,6,0.0397887) (7,7,0.0397887) (8,8,0.0795775) (9,9,0.0397887) (10,10,0.0397887) (11,11,0.0795775) (12,12,0.0397887) (13,13,0.0397887) (14,14,0.0795775) (15,15,0.0397887) (16,16,0.0397887) (17,17,0.0795775) (18,18,0.0397887) (19,19,0.0397887) (20,20,0.0795775) (21,21,0.0397887) (22,22,0.0397887) (23,23,0.0795775) (24,24,0.0397887) (25,25,0.0397887) (26,26,0.0795775) 
v0:
size: 27 1
(0,0,0.134264) (1,0,0.313909) (2,0,0) (3,0,-0.0712381) (4,0,-0.832121) (5,0,0) (6,0,-0.654965) (7,0,0.8564) (8,0,0) (9,0,-0.383399) (10,0,-0.860994) (11,0,0) (12,0,0.203629) (13,0,-0.578362) (14,0,0) (15,0,0.0858176) (16,0,-0.563723) (17,0,0) (18,0,0.0591081) (19,0,-0.506109) (20,0,0) (21,0,0.0143466) (22,0,0.83945) (23,0,0) (24,0,-0.854092) (25,0,-0.617501) (26,0,0) 
ipopt_sol:
size: 18 1
(0,0,22.8222) (1,0,9.2066) (2,0,5.72374e-07) (3,0,14.1341) (4,0,1.57802e-07) (5,0,1.76638e-07) (6,0,1.71581e-07) (7,0,2.02309e-07) (8,0,0.30908) (9,0,1.21199e-07) (10,0,1.93559) (11,0,5.17121) (12,0,2.32565e-07) (13,0,1.10474e-07) (14,0,0.167172) (15,0,26.8209) (16,0,6.10083e-08) (17,0,36.4896) 
policy_sol:
size: 18 1
(0,0,22.8222) (1,0,9.2066) (2,0,0) (3,0,14.1341) (4,0,0) (5,0,0) (6,0,0) (7,0,0) (8,0,0.309063) (9,0,0) (10,0,1.93559) (11,0,5.17122) (12,0,0) (13,0,0) (14,0,0.167148) (15,0,26.8209) (16,0,0) (17,0,36.4896) 

policy_converges:
1
ipopt_converges:
1
