Git Revision:     18345a57b34405566a64d0bf3d2a118f1cdbade3
Build Mode:       Debug
C Compiler:       /usr/bin/cc
C++ Compiler:     /usr/bin/c++
Fortran Compiler: gfortran
Body count: 9
No end time specified. Simulation will run indefinitely.
N:
size: 27 23
(0,0,-0.0367203) (1,0,-0.999326) (3,0,0.0367203) (4,0,0.999326) (0,1,0.00314518) (1,1,-0.999995) (6,1,-0.00314518) (7,1,0.999995) (0,2,-0.998527) (1,2,0.0542634) (9,2,0.998527) (10,2,-0.0542634) (0,3,-0.720964) (1,3,-0.692973) (12,3,0.720964) (13,3,0.692973) (0,4,-0.451697) (1,4,-0.892172) (15,4,0.451697) (16,4,0.892172) (0,5,-0.999785) (1,5,0.0207152) (18,5,0.999785) (19,5,-0.0207152) (0,6,-0.888242) (1,6,-0.459375) (21,6,0.888242) (22,6,0.459375) (3,7,-0.685861) (4,7,0.727733) (9,7,0.685861) (10,7,-0.727733) (3,8,-0.999436) (4,8,-0.0335885) (12,8,0.999436) (13,8,0.0335885) (3,9,-0.690935) (4,9,-0.722917) (15,9,0.690935) (16,9,0.722917) (3,10,-0.885761) (4,10,0.464142) (18,10,0.885761) (19,10,-0.464142) (3,11,-0.999684) (4,11,-0.0251564) (21,11,0.999684) (22,11,0.0251564) (6,12,-0.442035) (7,12,0.896998) (9,12,0.442035) (10,12,-0.896998) (6,13,-0.696464) (7,13,0.717592) (18,13,0.696464) (19,13,-0.717592) (9,14,-0.0409263) (10,14,-0.999162) (12,14,0.0409263) (13,14,0.999162) (9,15,-0.00148648) (10,15,-0.999999) (15,15,0.00148648) (16,15,0.999999) (9,16,-0.999899) (10,16,-0.0142206) (18,16,0.999899) (19,16,0.0142206) (9,17,-0.670041) (10,17,-0.742325) (21,17,0.670041) (22,17,0.742325) (9,18,-0.437998) (10,18,-0.898976) (24,18,0.437998) (25,18,0.898976) (12,19,0.0411323) (13,19,-0.999154) (15,19,-0.0411323) (16,19,0.999154) (12,20,-0.660929) (13,20,0.750449) (18,20,0.660929) (19,20,-0.750449) (15,21,-0.428658) (16,21,0.903467) (18,21,0.428658) (19,21,-0.903467) (15,22,-0.707436) (16,22,0.706777) (21,22,0.707436) (22,22,-0.706777) 
Q:
size: 23 23
(0,0,0.0795775) (1,0,0.0397571) (2,0,-0.000698715) (3,0,0.0286073) (4,0,0.0361344) (5,0,0.000637063) (6,0,0.0195634) (7,0,0.027934) (8,0,-0.00279577) (9,0,-0.0297541) (10,0,0.017161) (11,0,-0.00246086) (0,1,0.0397571) (1,1,0.0795775) (2,1,-0.00228402) (3,1,0.0274821) (4,1,0.0354417) (5,1,-0.000949345) (6,1,0.0181667) (12,1,0.0357456) (13,1,0.0286391) (0,2,-0.000698715) (1,2,-0.00228402) (2,2,0.0795775) (3,2,0.0271478) (4,2,0.0160197) (5,2,0.0397663) (6,2,0.0342981) (7,2,0.0288206) (12,2,0.0194988) (14,2,0.000531257) (15,2,0.00210001) (16,2,-0.0396954) (17,2,-0.0250181) (18,2,-0.0154608) (0,3,0.0286073) (1,3,0.0274821) (2,3,0.0271478) (3,3,0.0795775) (4,3,0.0375569) (5,3,0.0281089) (6,3,0.0381465) (8,3,0.0295962) (14,3,0.0287234) (19,3,-0.0263692) (20,3,0.0017322) (0,4,0.0361344) (1,4,0.0354417) (2,4,0.0160197) (3,4,0.0375569) (4,4,0.0795775) (5,4,0.0172332) (6,4,0.032271) (9,4,0.0380802) (15,4,0.0355251) (19,4,0.0347291) (21,4,0.0243676) (22,4,0.0123751) (0,5,0.000637063) (1,5,-0.000949345) (2,5,0.0397663) (3,5,0.0281089) (4,5,0.0172332) (5,5,0.0795775) (6,5,0.0349558) (10,5,0.0356183) (13,5,0.0282969) (16,5,0.0397645) (20,5,0.0269104) (21,5,0.0177968) (0,6,0.0195634) (1,6,0.0181667) (2,6,0.0342981) (3,6,0.0381465) (4,6,0.032271) (5,6,0.0349558) (6,6,0.0795775) (11,6,0.0357907) (17,6,0.0372488) (22,6,0.0120838) (0,7,0.027934) (2,7,0.0288206) (7,7,0.0795775) (8,7,0.0263016) (9,7,-0.00207719) (10,7,0.0376115) (11,7,0.0265525) (12,7,0.038036) (14,7,0.0278144) (15,7,0.028915) (16,7,-0.026875) (17,7,0.00320932) (18,7,0.0140776) (0,8,-0.00279577) (3,8,0.0295962) (7,8,0.0263016) (8,8,0.0795775) (9,8,0.028442) (10,8,0.0346031) (11,8,0.0397873) (14,8,0.00296281) (19,8,0.000300368) (20,8,-0.0252797) (0,9,-0.0297541) (4,9,0.0380802) (7,9,-0.00207719) (8,9,0.028442) (9,9,0.0795775) (10,9,0.0110002) (11,9,0.0282063) (15,9,0.0288048) (19,9,0.0276088) (21,9,0.0142029) (22,9,0.000881289) (0,10,0.017161) (5,10,0.0356183) (7,10,0.0376115) (8,10,0.0346031) (9,10,0.0110002) (10,10,0.0795775) (11,10,0.0347676) (13,10,0.0377979) (16,10,0.0349771) (20,10,0.0371523) (21,10,0.0317922) (0,11,-0.00246086) (6,11,0.0357907) (7,11,0.0265525) (8,11,0.0397873) (9,11,0.0282063) (10,11,0.0347676) (11,11,0.0795775) (17,11,0.0273947) (22,11,0.0274316) (1,12,0.0357456) (2,12,0.0194988) (7,12,0.038036) (12,12,0.0795775) (13,12,0.0378606) (14,12,0.0349407) (15,12,0.0356642) (16,12,-0.0170787) (17,12,0.0147092) (18,12,0.0243813) (1,13,0.0286391) (5,13,0.0282969) (10,13,0.0377979) (12,13,0.0378606) (13,13,0.0795775) (16,13,0.0273026) (20,13,0.0397421) (21,13,0.0376746) (2,14,0.000531257) (3,14,0.0287234) (7,14,0.0278144) (8,14,0.00296281) (12,14,0.0349407) (14,14,0.0795775) (15,14,0.0397578) (16,14,0.00219359) (17,14,0.0306025) (18,14,0.0364524) (19,14,-0.0396548) (20,14,0.0287581) (2,15,0.00210001) (4,15,0.0355251) (7,15,0.028915) (9,15,0.0288048) (12,15,0.0356642) (14,15,0.0397578) (15,15,0.0795775) (16,15,0.000624959) (17,15,0.0295758) (18,15,0.035795) (19,15,0.0397526) (21,15,0.0359224) (22,15,0.0280799) (2,16,-0.0396954) (5,16,0.0397645) (7,16,-0.026875) (10,16,0.0349771) (12,16,-0.0170787) (13,16,0.0273026) (14,16,0.00219359) (15,16,0.000624959) (16,16,0.0795775) (17,16,0.0270774) (18,16,0.0179343) (20,16,0.0258702) (21,16,0.0165428) (2,17,-0.0250181) (6,17,0.0372488) (7,17,0.00320932) (11,17,0.0273947) (12,17,0.0147092) (14,17,0.0306025) (15,17,0.0295758) (16,17,0.0270774) (17,17,0.0795775) (18,17,0.0382293) (22,17,-0.00201518) (2,18,-0.0154608) (7,18,0.0140776) (12,18,0.0243813) (14,18,0.0364524) (15,18,0.035795) (16,18,0.0179343) (17,18,0.0382293) (18,18,0.0795775) (3,19,-0.0263692) (4,19,0.0347291) (8,19,0.000300368) (9,19,0.0276088) (14,19,-0.0396548) (15,19,0.0397526) (19,19,0.0795775) (20,19,-0.0309158) (21,19,0.0366189) (22,19,0.0292558) (3,20,0.0017322) (5,20,0.0269104) (8,20,-0.0252797) (10,20,0.0371523) (13,20,0.0397421) (14,20,0.0287581) (16,20,0.0258702) (19,20,-0.0309158) (20,20,0.0795775) (21,20,0.0382496) (4,21,0.0243676) (5,21,0.0177968) (9,21,0.0142029) (10,21,0.0317922) (13,21,0.0376746) (15,21,0.0359224) (16,21,0.0165428) (19,21,0.0366189) (20,21,0.0382496) (21,21,0.0795775) (22,21,0.0374729) (4,22,0.0123751) (6,22,0.0120838) (9,22,0.000881289) (11,22,0.0274316) (15,22,0.0280799) (17,22,-0.00201518) (19,22,0.0292558) (21,22,0.0374729) (22,22,0.0795775) 
Minv:
size: 27 27
(0,0,0.0397887) (1,1,0.0397887) (2,2,0.0795775) (3,3,0.0397887) (4,4,0.0397887) (5,5,0.0795775) (6,6,0.0397887) (7,7,0.0397887) (8,8,0.0795775) (9,9,0.0397887) (10,10,0.0397887) (11,11,0.0795775) (12,12,0.0397887) (13,13,0.0397887) (14,14,0.0795775) (15,15,0.0397887) (16,16,0.0397887) (17,17,0.0795775) (18,18,0.0397887) (19,19,0.0397887) (20,20,0.0795775) (21,21,0.0397887) (22,22,0.0397887) (23,23,0.0795775) (24,24,0.0397887) (25,25,0.0397887) (26,26,0.0795775) 
v0:
size: 27 1
(0,0,0.694094) (1,0,0.279155) (2,0,0) (3,0,0.594826) (4,0,-0.593078) (5,0,0) (6,0,0.156382) (7,0,-0.100432) (8,0,0) (9,0,0.476013) (10,0,0.51646) (11,0,0) (12,0,0.233022) (13,0,-0.604881) (14,0,0) (15,0,0.523508) (16,0,-0.996983) (17,0,0) (18,0,-0.934377) (19,0,-0.666495) (20,0,0) (21,0,0.316891) (22,0,-0.0226023) (23,0,0) (24,0,0.91726) (25,0,0.208016) (26,0,0) 
ipopt_sol:
size: 23 1
(0,0,12.9803) (1,0,1.22948e-06) (2,0,22.9643) (3,0,2.00179) (4,0,8.76292) (5,0,7.04491e-06) (6,0,1.3342e-07) (7,0,17.8228) (8,0,0.726129) (9,0,4.5726) (10,0,5.06897e-07) (11,0,1.78648e-07) (12,0,2.6702e-07) (13,0,1.13566e-07) (14,0,14.839) (15,0,11.5133) (16,0,52.8411) (17,0,1.26821e-07) (18,0,4.58232e-08) (19,0,1.54825) (20,0,3.14263e-07) (21,0,2.60922e-07) (22,0,14.9366) 
policy_sol:
size: 23 1
(0,0,10.3093) (1,0,0) (2,0,22.4649) (3,0,0) (4,0,13.2792) (5,0,0) (6,0,0) (7,0,18.5368) (8,0,2.24252) (9,0,1.52851) (10,0,0) (11,0,0) (12,0,0) (13,0,0) (14,0,14.6282) (15,0,11.2315) (16,0,52.8411) (17,0,0) (18,0,0) (19,0,0) (20,0,0) (21,0,0) (22,0,14.9366) 

policy_converges:
1
ipopt_converges:
0
