Git Revision:     3cfe7dc3fe6810e9e399640d632720aa3564fe80
Build Mode:       Debug
C Compiler:       /usr/bin/cc
C++ Compiler:     /usr/bin/c++
Fortran Compiler: gfortran
Body count: 9
No end time specified. Simulation will run indefinitely.
N:
size: 27 23
(0,0,-0.997271) (1,0,-0.0738231) (9,0,0.997271) (10,0,0.0738231) (0,1,-0.687035) (1,1,-0.726625) (12,1,0.687035) (13,1,0.726625) (0,2,-0.438255) (1,2,-0.89885) (15,2,0.438255) (16,2,0.89885) (0,3,-0.999195) (1,3,-0.0401255) (18,3,0.999195) (19,3,0.0401255) (0,4,-0.891217) (1,4,-0.453576) (21,4,0.891217) (22,4,0.453576) (0,5,-0.697703) (1,5,-0.716387) (24,5,0.697703) (25,5,0.716387) (3,6,-0.717596) (4,6,-0.69646) (15,6,0.717596) (16,6,0.69646) (6,7,-0.741157) (7,7,0.671332) (12,7,0.741157) (13,7,-0.671332) (6,8,-0.999927) (7,8,0.0120865) (15,8,0.999927) (16,8,-0.0120865) (6,9,-0.722902) (7,9,0.690951) (18,9,0.722902) (19,9,-0.690951) (6,10,-0.999563) (7,10,-0.0295464) (24,10,0.999563) (25,10,0.0295464) (9,11,0.00206772) (10,11,-0.999998) (12,11,-0.00206772) (13,11,0.999998) (9,12,0.0204827) (10,12,-0.99979) (15,12,-0.0204827) (16,12,0.99979) (9,13,-0.999987) (10,13,-0.0051006) (18,13,0.999987) (19,13,0.0051006) (9,14,-0.733262) (10,14,-0.679946) (21,14,0.733262) (22,14,0.679946) (9,15,-0.449073) (10,15,-0.893495) (24,15,0.449073) (25,15,0.893495) (12,16,0.0401948) (13,16,-0.999192) (15,16,-0.0401948) (16,16,0.999192) (12,17,-0.704033) (13,17,0.710167) (18,17,0.704033) (19,17,-0.710167) (12,18,-0.708617) (13,18,-0.705593) (24,18,0.708617) (25,18,0.705593) (15,19,-0.469025) (16,19,0.883185) (18,19,0.469025) (19,19,-0.883185) (18,20,-0.0764531) (19,20,-0.997073) (21,20,0.0764531) (22,20,0.997073) (18,21,-0.0119334) (19,21,-0.999929) (24,21,0.0119334) (25,21,0.999929) (21,22,0.0498051) (22,22,-0.998759) (24,22,-0.0498051) (25,22,0.998759) 
Q:
size: 23 23
(0,0,0.0795775) (1,0,0.029396) (2,0,0.0200303) (3,0,0.0397661) (4,0,0.036696) (5,0,0.0297892) (11,0,-0.00285528) (12,0,-0.00212395) (13,0,-0.0396946) (14,0,-0.0310932) (15,0,-0.0204438) (0,1,0.029396) (1,1,0.0795775) (2,1,0.0379673) (3,1,0.0284743) (4,1,0.0374761) (5,1,0.0397844) (7,1,0.000851242) (11,1,0.0288549) (16,1,-0.0277893) (17,1,0.00128637) (18,1,-0.0397707) (0,2,0.0200303) (1,2,0.0379673) (2,2,0.0795775) (3,2,0.0188586) (4,2,0.0317625) (5,2,0.0377872) (6,2,0.0374215) (8,2,0.0170041) (12,2,0.0353994) (16,2,0.0350343) (19,2,0.0234076) (0,3,0.0397661) (1,3,0.0284743) (2,3,0.0188586) (3,3,0.0795775) (4,3,0.036156) (5,3,0.0288821) (9,3,0.027637) (13,3,0.0397643) (17,3,0.0268562) (19,3,0.0172369) (20,3,-0.00463139) (21,3,-0.00207086) (0,4,0.036696) (1,4,0.0374761) (2,4,0.0317625) (3,4,0.036156) (4,4,0.0795775) (5,4,0.0376696) (14,4,0.0382729) (20,4,0.0207055) (22,4,-0.0162587) (0,5,0.0297892) (1,5,0.0397844) (2,5,0.0377872) (3,5,0.0288821) (4,5,0.0376696) (5,5,0.0795775) (10,5,0.0285908) (15,5,0.0379349) (18,5,0.039784) (21,5,0.0288334) (22,5,0.0270861) (2,6,0.0374215) (6,6,0.0795775) (8,6,0.0282152) (12,6,0.0271206) (16,6,0.0265412) (19,6,0.0110825) (1,7,0.000851242) (7,7,0.0795775) (8,7,0.0298104) (9,7,0.0397744) (10,7,0.0286876) (11,7,-0.0267724) (16,7,0.0278752) (17,7,-0.0397313) (18,7,-0.00204947) (2,8,0.0170041) (6,8,0.0282152) (7,8,0.0298104) (8,8,0.0795775) (9,8,0.0290935) (10,8,0.0397543) (12,8,-0.00129573) (16,8,-0.0020797) (19,8,-0.0190853) (3,9,0.027637) (7,9,0.0397744) (8,9,0.0290935) (9,9,0.0795775) (10,9,0.0279385) (13,9,0.0286227) (17,9,0.0397743) (19,9,0.0377713) (20,9,0.0252126) (21,9,0.0271469) (5,10,0.0285908) (7,10,0.0286876) (8,10,0.0397543) (9,10,0.0279385) (10,10,0.0795775) (15,10,0.0189106) (18,10,0.0290122) (21,10,0.00165014) (22,10,-0.000806662) (0,11,-0.00285528) (1,11,0.0288549) (7,11,-0.0267724) (11,11,0.0795775) (12,11,0.039782) (13,11,0.000120675) (14,11,0.0269938) (15,11,0.035514) (16,11,-0.0397598) (17,11,0.0283145) (18,11,-0.0280163) (0,12,-0.00212395) (2,12,0.0353994) (6,12,0.0271206) (8,12,-0.00129573) (11,12,0.039782) (12,12,0.0795775) (13,12,-0.000612068) (14,12,0.0264509) (15,12,0.0351776) (16,12,0.039781) (19,12,0.0355157) (0,13,-0.0396946) (3,13,0.0397643) (9,13,0.0286227) (11,13,0.000120675) (12,13,-0.000612068) (13,13,0.0795775) (14,13,0.0293132) (15,13,0.0180491) (17,13,0.0278681) (19,13,0.0184824) (20,13,-0.00324429) (21,13,-0.000677739) (0,14,-0.0310932) (4,14,0.0382729) (11,14,0.0269938) (12,14,0.0264509) (13,14,0.0293132) (14,14,0.0795775) (15,14,0.0372747) (20,14,0.0292056) (22,14,-0.0255675) (0,15,-0.0204438) (5,15,0.0379349) (10,15,0.0189106) (11,15,0.035514) (12,15,0.0351776) (13,15,0.0180491) (14,15,0.0372747) (15,15,0.0795775) (18,15,0.0377462) (21,15,0.0357617) (22,15,0.034617) (1,16,-0.0277893) (2,16,0.0350343) (6,16,0.0265412) (7,16,0.0278752) (8,16,-0.0020797) (11,16,-0.0397598) (12,16,0.039781) (16,16,0.0795775) (17,16,-0.0293598) (18,16,0.0269187) (19,16,0.0358625) (1,17,0.00128637) (3,17,0.0268562) (7,17,-0.0397313) (9,17,0.0397743) (11,17,0.0283145) (13,17,0.0278681) (16,17,-0.0293598) (17,17,0.0795775) (18,17,-8.75311e-05) (19,17,0.0380945) (20,17,0.0260323) (21,17,0.0279204) (1,18,-0.0397707) (5,18,0.039784) (7,18,-0.00204947) (10,18,0.0290122) (11,18,-0.0280163) (15,18,0.0377462) (16,18,0.0269187) (17,18,-8.75311e-05) (18,18,0.0795775) (21,18,0.0284091) (22,18,0.0266356) (2,19,0.0234076) (3,19,0.0172369) (6,19,0.0110825) (8,19,-0.0190853) (9,19,0.0377713) (12,19,0.0355157) (13,19,0.0184824) (16,19,0.0358625) (17,19,0.0380945) (19,19,0.0795775) (20,19,0.0336112) (21,19,0.0349156) (3,20,-0.00463139) (4,20,0.0207055) (9,20,0.0252126) (13,20,-0.00324429) (14,20,0.0292056) (17,20,0.0260323) (19,20,0.0336112) (20,20,0.0795775) (21,20,0.0397058) (22,20,-0.0394715) (3,21,-0.00207086) (5,21,0.0288334) (9,21,0.0271469) (10,21,0.00165014) (13,21,-0.000677739) (15,21,0.0357617) (17,21,0.0279204) (18,21,0.0284091) (19,21,0.0349156) (20,21,0.0397058) (21,21,0.0795775) (22,21,0.0397129) (4,22,-0.0162587) (5,22,0.0270861) (10,22,-0.000806662) (14,22,-0.0255675) (15,22,0.034617) (18,22,0.0266356) (20,22,-0.0394715) (21,22,0.0397129) (22,22,0.0795775) 
Minv:
size: 27 27
(0,0,0.0397887) (1,1,0.0397887) (2,2,0.0795775) (3,3,0.0397887) (4,4,0.0397887) (5,5,0.0795775) (6,6,0.0397887) (7,7,0.0397887) (8,8,0.0795775) (9,9,0.0397887) (10,10,0.0397887) (11,11,0.0795775) (12,12,0.0397887) (13,13,0.0397887) (14,14,0.0795775) (15,15,0.0397887) (16,16,0.0397887) (17,17,0.0795775) (18,18,0.0397887) (19,19,0.0397887) (20,20,0.0795775) (21,21,0.0397887) (22,22,0.0397887) (23,23,0.0795775) (24,24,0.0397887) (25,25,0.0397887) (26,26,0.0795775) 
v0:
size: 27 1
(0,0,0.974612) (1,0,-0.792941) (2,0,0) (3,0,-0.716946) (4,0,0.40126) (5,0,0) (6,0,0.195047) (7,0,0.651293) (8,0,0) (9,0,0.297108) (10,0,0.441703) (11,0,0) (12,0,-0.567257) (13,0,0.0213002) (14,0,0) (15,0,-0.547897) (16,0,-0.930131) (17,0,0) (18,0,-0.85534) (19,0,0.0563872) (20,0,0) (21,0,0.244828) (22,0,-0.228151) (23,0,0) (24,0,-0.0585156) (25,0,-0.734221) (26,0,0) 
ipopt_sol:
size: 23 1
(0,0,2.24446e-06) (1,0,0.61267) (2,0,9.51443e-08) (3,0,42.899) (4,0,1.04882e-07) (5,0,1.00632e-07) (6,0,2.11077) (7,0,1.30452e-07) (8,0,18.3539) (9,0,4.78829e-08) (10,0,2.12747e-07) (11,0,21.9959) (12,0,2.46616e-06) (13,0,4.77027) (14,0,3.80801e-07) (15,0,12.8369) (16,0,34.8919) (17,0,9.67625e-08) (18,0,9.56325e-08) (19,0,3.53597e-07) (20,0,0.285259) (21,0,14.8756) (22,0,2.08227e-06) 
policy_sol:
size: 23 1
(0,0,0) (1,0,0) (2,0,0) (3,0,47.8936) (4,0,0) (5,0,0) (6,0,2.71059) (7,0,0) (8,0,17.0434) (9,0,0) (10,0,0) (11,0,624.944) (12,0,-579.088) (13,0,10.143) (14,0,0) (15,0,-12.4857) (16,0,639.208) (17,0,0) (18,0,0) (19,0,-31.1141) (20,0,1.71533) (21,0,39.3693) (22,0,0) 

policy_converges:
0
