Git Revision:     3cfe7dc3fe6810e9e399640d632720aa3564fe80
Build Mode:       Debug
C Compiler:       /usr/bin/cc
C++ Compiler:     /usr/bin/c++
Fortran Compiler: gfortran
Body count: 9
No end time specified. Simulation will run indefinitely.
N:
size: 27 23
(0,0,0.0774631) (1,0,-0.996995) (3,0,-0.0774631) (4,0,0.996995) (0,1,0.0079715) (1,1,-0.999968) (6,1,-0.0079715) (7,1,0.999968) (0,2,-0.67681) (1,2,-0.736158) (12,2,0.67681) (13,2,0.736158) (0,3,-0.413873) (1,3,-0.910334) (15,3,0.413873) (16,3,0.910334) (0,4,-0.686408) (1,4,-0.727216) (24,4,0.686408) (25,4,0.727216) (3,5,-0.735403) (4,5,0.67763) (9,5,0.735403) (10,5,-0.67763) (3,6,-0.998477) (4,6,-0.0551674) (12,6,0.998477) (13,6,0.0551674) (3,7,-0.699643) (4,7,-0.714493) (15,7,0.699643) (16,7,0.714493) (3,8,-0.903064) (4,8,0.429505) (18,8,0.903064) (19,8,-0.429505) (3,9,-0.891525) (4,9,-0.452971) (24,9,0.891525) (25,9,0.452971) (6,10,-0.436513) (7,10,0.899698) (9,10,0.436513) (10,10,-0.899698) (6,11,-0.99994) (7,11,0.0109854) (15,11,0.99994) (16,11,-0.0109854) (6,12,-0.700139) (7,12,0.714006) (18,12,0.700139) (19,12,-0.714006) (6,13,-0.878016) (7,13,0.478631) (21,13,0.878016) (22,13,-0.478631) (6,14,-0.999894) (7,14,0.0145539) (24,14,0.999894) (25,14,-0.0145539) (9,15,-0.0400903) (10,15,-0.999196) (12,15,0.0400903) (13,15,0.999196) (9,16,0.00875619) (10,16,-0.999962) (15,16,-0.00875619) (16,16,0.999962) (9,17,-0.442701) (10,17,-0.896669) (24,17,0.442701) (25,17,0.896669) (12,18,-0.685011) (13,18,0.728533) (18,18,0.685011) (19,18,-0.728533) (15,19,-0.455337) (16,19,0.890319) (18,19,0.455337) (19,19,-0.890319) (15,20,-0.68079) (16,20,0.732479) (21,20,0.68079) (22,20,-0.732479) (15,21,-0.999838) (16,21,0.0179851) (24,21,0.999838) (25,21,-0.0179851) (21,22,-0.0314934) (22,22,-0.999504) (24,22,0.0314934) (25,22,0.999504) 
Q:
size: 23 23
(0,0,0.0795775) (1,0,0.0396925) (2,0,0.0271168) (3,0,0.0348366) (4,0,0.0267325) (5,0,0.0291477) (6,0,0.000889017) (7,0,-0.0261869) (8,0,0.0198215) (9,0,-0.0152212) (0,1,0.0396925) (1,1,0.0795775) (2,1,0.0290752) (3,1,0.0360886) (4,1,0.0287164) (10,1,0.0359352) (11,1,0.00075424) (12,1,0.0286306) (13,1,0.019322) (14,1,0.000896204) (0,2,0.0271168) (1,2,0.0290752) (2,2,0.0795775) (3,2,0.0378098) (4,2,0.0397853) (6,2,0.0285043) (15,2,0.0303469) (18,2,0.0028924) (0,3,0.0348366) (1,3,0.0360886) (2,3,0.0378098) (3,3,0.0795775) (4,3,0.037644) (7,3,0.0374011) (11,3,0.0160686) (16,3,0.0360755) (19,3,0.02475) (20,3,0.0153203) (21,3,-0.0158134) (0,4,0.0267325) (1,4,0.0287164) (2,4,0.0397853) (3,4,0.037644) (4,4,0.0795775) (9,4,0.0374555) (14,4,0.0268873) (17,4,0.0380359) (21,4,0.0267865) (22,4,0.0297808) (0,5,0.0291477) (5,5,0.0795775) (6,5,0.0277288) (7,5,0.00120787) (8,5,0.0380047) (9,5,0.0138737) (10,5,0.0370304) (15,5,0.0257673) (16,5,0.0272172) (17,5,0.0112223) (0,6,0.000889017) (2,6,0.0285043) (5,6,0.0277288) (6,6,0.0795775) (7,6,0.0293638) (8,6,0.0349343) (9,6,0.0364129) (15,6,0.00378599) (18,6,-0.025615) (0,7,-0.0261869) (3,7,0.0374011) (5,7,0.00120787) (6,7,0.0293638) (7,7,0.0795775) (8,7,0.0129291) (9,7,0.0376956) (11,7,0.0275239) (16,7,0.0281839) (19,7,0.012635) (20,7,0.00187172) (21,7,-0.0273221) (0,8,0.0198215) (5,8,0.0380047) (6,8,0.0349343) (7,8,0.0129291) (8,8,0.0795775) (9,8,0.0242931) (12,8,0.0373592) (18,8,0.0370639) (19,8,0.0315762) (0,9,-0.0152212) (4,9,0.0374555) (5,9,0.0138737) (6,9,0.0364129) (7,9,0.0376956) (8,9,0.0242931) (9,9,0.0795775) (14,9,0.0352066) (17,9,0.0318646) (21,9,0.0351428) (22,9,0.0191313) (1,10,0.0359352) (5,10,0.0370304) (10,10,0.0795775) (11,10,0.0177605) (12,10,0.0377201) (13,10,0.0323836) (14,10,0.0178875) (15,10,0.0350728) (16,10,0.0359485) (17,10,0.0244098) (1,11,0.00075424) (3,11,0.0160686) (7,11,0.0275239) (10,11,0.0177605) (11,11,0.0795775) (12,11,0.0281681) (13,11,0.0351422) (14,11,0.0397885) (16,11,-0.000785457) (19,11,-0.0185054) (20,11,-0.0274063) (21,11,-0.0397878) (1,12,0.0286306) (8,12,0.0373592) (10,12,0.0377201) (11,12,0.0281681) (12,12,0.0795775) (13,12,0.0380571) (14,12,0.0282682) (18,12,0.03978) (19,12,0.0379781) (1,13,0.019322) (10,13,0.0323836) (11,13,0.0351422) (12,13,0.0380571) (13,13,0.0795775) (14,13,0.0352086) (20,13,0.0377329) (22,13,0.0179345) (1,14,0.000896204) (4,14,0.0268873) (9,14,0.0352066) (10,14,0.0178875) (11,14,0.0397885) (12,14,0.0282682) (13,14,0.0352086) (14,14,0.0795775) (17,14,0.0170934) (21,14,0.0397885) (22,14,0.000674155) (2,15,0.0303469) (5,15,0.0257673) (6,15,0.00378599) (10,15,0.0350728) (15,15,0.0795775) (16,15,0.0397413) (17,15,0.0363548) (18,15,0.0278714) (3,16,0.0360755) (5,16,0.0272172) (7,16,0.0281839) (10,16,0.0359485) (11,16,-0.000785457) (15,16,0.0397413) (16,16,0.0795775) (17,16,0.0355217) (19,16,0.0355819) (20,16,0.0293805) (21,16,0.00106392) (4,17,0.0380359) (5,17,0.0112223) (9,17,0.0318646) (10,17,0.0244098) (14,17,0.0170934) (15,17,0.0363548) (16,17,0.0355217) (17,17,0.0795775) (21,17,0.01697) (22,17,0.0362144) (2,18,0.0028924) (6,18,-0.025615) (8,18,0.0370639) (12,18,0.03978) (15,18,0.0278714) (18,18,0.0795775) (19,18,0.0382186) (3,19,0.02475) (7,19,0.012635) (8,19,0.0315762) (11,19,-0.0185054) (12,19,0.0379781) (16,19,0.0355819) (18,19,0.0382186) (19,19,0.0795775) (20,19,0.0382819) (21,19,0.0187515) (3,20,0.0153203) (7,20,0.00187172) (11,20,-0.0274063) (13,20,0.0377329) (16,20,0.0293805) (19,20,0.0382819) (20,20,0.0795775) (21,20,0.0276075) (22,20,0.0282769) (3,21,-0.0158134) (4,21,0.0267865) (7,21,-0.0273221) (9,21,0.0351428) (11,21,-0.0397878) (14,21,0.0397885) (16,21,0.00106392) (17,21,0.01697) (19,21,0.0187515) (20,21,0.0276075) (21,21,0.0795775) (22,21,0.000537628) (4,22,0.0297808) (9,22,0.0191313) (13,22,0.0179345) (14,22,0.000674155) (17,22,0.0362144) (20,22,0.0282769) (21,22,0.000537628) (22,22,0.0795775) 
Minv:
size: 27 27
(0,0,0.0397887) (1,1,0.0397887) (2,2,0.0795775) (3,3,0.0397887) (4,4,0.0397887) (5,5,0.0795775) (6,6,0.0397887) (7,7,0.0397887) (8,8,0.0795775) (9,9,0.0397887) (10,10,0.0397887) (11,11,0.0795775) (12,12,0.0397887) (13,13,0.0397887) (14,14,0.0795775) (15,15,0.0397887) (16,16,0.0397887) (17,17,0.0795775) (18,18,0.0397887) (19,19,0.0397887) (20,20,0.0795775) (21,21,0.0397887) (22,22,0.0397887) (23,23,0.0795775) (24,24,0.0397887) (25,25,0.0397887) (26,26,0.0795775) 
v0:
size: 27 1
(0,0,-0.285375) (1,0,0.117596) (2,0,0) (3,0,0.687149) (4,0,-0.59465) (5,0,0) (6,0,0.64229) (7,0,-0.528459) (8,0,0) (9,0,-0.0202097) (10,0,0.777082) (11,0,0) (12,0,0.562963) (13,0,-0.941011) (14,0,0) (15,0,-0.140109) (16,0,-0.554868) (17,0,0) (18,0,0.881391) (19,0,0.163629) (20,0,0) (21,0,0.844515) (22,0,0.571015) (23,0,0) (24,0,-0.821801) (25,0,0.517957) (26,0,0) 
ipopt_sol:
size: 23 1
(0,0,23.7734) (1,0,3.61028e-06) (2,0,6.28158e-08) (3,0,1.73021e-07) (4,0,4.52289e-08) (5,0,11.8718) (6,0,9.60985e-08) (7,0,25.47) (8,0,7.5144e-08) (9,0,1.5206e-07) (10,0,10.1986) (11,0,28.9879) (12,0,1.2512e-07) (13,0,1.20957e-07) (14,0,2.30777e-05) (15,0,33.1177) (16,0,1.0891e-06) (17,0,6.63438e-08) (18,0,3.14464) (19,0,2.72158e-07) (20,0,6.43637e-07) (21,0,40.8373) (22,0,2.37585) 
policy_sol:
size: 23 1
(0,0,23.7734) (1,0,0) (2,0,0) (3,0,0) (4,0,0) (5,0,11.8718) (6,0,0) (7,0,25.47) (8,0,0) (9,0,0) (10,0,10.1986) (11,0,28.9879) (12,0,0) (13,0,0) (14,0,0) (15,0,33.1177) (16,0,0) (17,0,0) (18,0,3.14464) (19,0,0) (20,0,0) (21,0,40.8373) (22,0,2.37585) 

policy_converges:
1
