Git Revision:     18345a57b34405566a64d0bf3d2a118f1cdbade3
Build Mode:       Debug
C Compiler:       /usr/bin/cc
C++ Compiler:     /usr/bin/c++
Fortran Compiler: gfortran
Body count: 9
No end time specified. Simulation will run indefinitely.
N:
size: 27 12
(0,0,-0.720459) (1,0,-0.693498) (12,0,0.720459) (13,0,0.693498) (0,1,-0.705421) (1,1,-0.708788) (24,1,0.705421) (25,1,0.708788) (3,2,-0.995515) (4,2,0.0946057) (12,2,0.995515) (13,2,-0.0946057) (3,3,-0.698013) (4,3,-0.716085) (15,3,0.698013) (16,3,0.716085) (3,4,-0.999733) (4,4,0.0230981) (21,4,0.999733) (22,4,-0.0230981) (3,5,-0.89618) (4,5,-0.443691) (24,5,0.89618) (25,5,0.443691) (6,6,-0.999395) (7,6,0.0347922) (15,6,0.999395) (16,6,-0.0347922) (6,7,-0.999984) (7,7,0.00559695) (24,7,0.999984) (25,7,-0.00559695) (9,8,-0.454775) (10,8,-0.890607) (24,8,0.454775) (25,8,0.890607) (15,9,-0.999746) (16,9,-0.0225266) (24,9,0.999746) (25,9,0.0225266) (18,10,-0.0102932) (19,10,-0.999947) (24,10,0.0102932) (25,10,0.999947) (21,11,-0.0706718) (22,11,-0.9975) (24,11,0.0706718) (25,11,0.9975) 
Q:
size: 12 12
(0,0,0.0795775) (1,0,0.0397796) (2,0,0.0259271) (0,1,0.0397796) (1,1,0.0795775) (5,1,0.0376667) (7,1,0.0279095) (8,1,0.0378812) (9,1,0.028696) (10,1,0.0284892) (11,1,0.0301149) (0,2,0.0259271) (2,2,0.0795775) (3,2,0.024953) (4,2,0.0396867) (5,2,0.0338278) (2,3,0.024953) (3,3,0.0795775) (4,3,0.0271075) (5,3,0.0375313) (6,3,0.0267649) (9,3,-0.0284078) (2,4,0.0396867) (3,4,0.0271075) (4,4,0.0795775) (5,4,0.0352406) (11,4,-0.00189444) (1,5,0.0376667) (2,5,0.0338278) (3,5,0.0375313) (4,5,0.0352406) (5,5,0.0795775) (7,5,0.0355585) (8,5,0.031939) (9,5,0.0360465) (10,5,0.01802) (11,5,0.0201298) (3,6,0.0267649) (6,6,0.0795775) (7,6,0.0397718) (9,6,-0.0397234) (1,7,0.0279095) (5,7,0.0355585) (6,7,0.0397718) (7,7,0.0795775) (8,7,0.0178963) (9,7,0.039773) (10,7,0.000186862) (11,7,0.00258976) (1,8,0.0378812) (5,8,0.031939) (7,8,0.0178963) (8,8,0.0795775) (9,8,0.0188886) (10,8,0.0356205) (11,8,0.0366263) (1,9,0.028696) (3,9,-0.0284078) (5,9,0.0360465) (6,9,-0.0397234) (7,9,0.039773) (8,9,0.0188886) (9,9,0.0795775) (10,9,0.0013057) (11,9,0.00370529) (1,10,0.0284892) (5,10,0.01802) (7,10,0.000186862) (8,10,0.0356205) (9,10,0.0013057) (10,10,0.0795775) (11,10,0.0397161) (1,11,0.0301149) (4,11,-0.00189444) (5,11,0.0201298) (7,11,0.00258976) (8,11,0.0366263) (9,11,0.00370529) (10,11,0.0397161) (11,11,0.0795775) 
Minv:
size: 27 27
(0,0,0.0397887) (1,1,0.0397887) (2,2,0.0795775) (3,3,0.0397887) (4,4,0.0397887) (5,5,0.0795775) (6,6,0.0397887) (7,7,0.0397887) (8,8,0.0795775) (9,9,0.0397887) (10,10,0.0397887) (11,11,0.0795775) (12,12,0.0397887) (13,13,0.0397887) (14,14,0.0795775) (15,15,0.0397887) (16,16,0.0397887) (17,17,0.0795775) (18,18,0.0397887) (19,19,0.0397887) (20,20,0.0795775) (21,21,0.0397887) (22,22,0.0397887) (23,23,0.0795775) (24,24,0.0397887) (25,25,0.0397887) (26,26,0.0795775) 
v0:
size: 27 1
(0,0,-0.637262) (1,0,-0.605122) (2,0,0) (3,0,0.579471) (4,0,0.0887672) (5,0,0) (6,0,0.600498) (7,0,0.858073) (8,0,0) (9,0,0.258281) (10,0,-0.926914) (11,0,0) (12,0,-0.850305) (13,0,-0.893781) (14,0,0) (15,0,0.0106793) (16,0,0.400411) (17,0,0) (18,0,0.808873) (19,0,-0.430439) (20,0,0) (21,0,0.536577) (22,0,0.262923) (23,0,0) (24,0,-0.94758) (25,0,-0.791509) (26,0,0) 
ipopt_sol:
size: 12 1
(0,0,1.58835e-06) (1,0,5.40719e-08) (2,0,29.4774) (3,0,1.43872e-07) (4,0,5.70025e-08) (5,0,9.31433) (6,0,32.0738) (7,0,8.00788e-05) (8,0,7.8413e-08) (9,0,35.3766) (10,0,1.91409e-07) (11,0,25.0673) 
policy_sol:
size: 12 1
(0,0,0) (1,0,0) (2,0,29.4774) (3,0,0) (4,0,0) (5,0,9.31433) (6,0,32.0739) (7,0,0) (8,0,0) (9,0,35.3767) (10,0,0) (11,0,25.0673) 

policy_converges:
1
ipopt_converges:
0
