Git Revision:     3cfe7dc3fe6810e9e399640d632720aa3564fe80
Build Mode:       Debug
C Compiler:       /usr/bin/cc
C++ Compiler:     /usr/bin/c++
Fortran Compiler: gfortran
Body count: 9
No end time specified. Simulation will run indefinitely.
N:
size: 27 24
(0,0,0.020129) (1,0,-0.999797) (3,0,-0.020129) (4,0,0.999797) (0,1,0.0176965) (1,1,-0.999843) (6,1,-0.0176965) (7,1,0.999843) (0,2,-0.997299) (1,2,-0.073451) (9,2,0.997299) (10,2,0.073451) (0,3,-0.684016) (1,3,-0.729467) (12,3,0.684016) (13,3,0.729467) (0,4,-0.446825) (1,4,-0.894622) (15,4,0.446825) (16,4,0.894622) (0,5,-0.888078) (1,5,-0.459694) (21,5,0.888078) (22,5,0.459694) (0,6,-0.695193) (1,6,-0.718823) (24,6,0.695193) (25,6,0.718823) (3,7,0.0151639) (4,7,-0.999885) (6,7,-0.0151639) (7,7,0.999885) (3,8,-0.730512) (4,8,0.6829) (9,8,0.730512) (10,8,-0.6829) (3,9,-0.999824) (4,9,-0.0187396) (12,9,0.999824) (13,9,0.0187396) (3,10,-0.715881) (4,10,-0.698223) (15,10,0.715881) (16,10,0.698223) (3,11,-0.900939) (4,11,0.433946) (18,11,0.900939) (19,11,-0.433946) (3,12,-0.999909) (4,12,-0.0134724) (21,12,0.999909) (22,12,0.0134724) (3,13,-0.8927) (4,13,-0.450652) (24,13,0.8927) (25,13,0.450652) (9,14,0.0191225) (10,14,-0.999817) (12,14,-0.0191225) (13,14,0.999817) (9,15,-0.0104614) (10,15,-0.999945) (15,15,0.0104614) (16,15,0.999945) (9,16,-0.441518) (10,16,-0.897252) (24,16,0.441518) (25,16,0.897252) (12,17,-0.707378) (13,17,0.706836) (18,17,0.707378) (19,17,-0.706836) (15,18,-0.427661) (16,18,0.903939) (18,18,0.427661) (19,18,-0.903939) (15,19,-0.717871) (16,19,0.696177) (21,19,0.717871) (22,19,-0.696177) (15,20,-0.999878) (16,20,0.0155931) (24,20,0.999878) (25,20,-0.0155931) (18,21,-0.0907337) (19,21,-0.995875) (21,21,0.0907337) (22,21,0.995875) (18,22,-0.00606681) (19,22,-0.999982) (24,22,0.00606681) (25,22,0.999982) (21,23,0.0790675) (22,23,-0.996869) (24,23,-0.0790675) (25,23,0.996869) 
Q:
size: 24 24
(0,0,0.0795775) (1,0,0.0397886) (2,0,0.00212319) (3,0,0.0284708) (4,0,0.0352308) (5,0,0.0175757) (6,0,0.0280385) (7,0,-0.0397882) (8,0,0.0277513) (9,0,5.52935e-05) (10,0,-0.0272024) (11,0,0.0179842) (12,0,0.000264894) (13,0,-0.0172123) (0,1,0.0397886) (1,1,0.0795775) (2,1,0.00221985) (3,1,0.0285384) (4,1,0.0352757) (5,1,0.0176625) (6,1,0.0281071) (7,1,0.0397886) (0,2,0.00212319) (1,2,0.00221985) (2,2,0.0795775) (3,2,0.0292745) (4,2,0.0203451) (5,2,0.0365835) (6,2,0.0296869) (8,2,0.0269918) (14,2,-0.00216318) (15,2,-0.00333748) (16,2,-0.0201422) (0,3,0.0284708) (1,3,0.0285384) (2,3,0.0292745) (3,3,0.0795775) (4,3,0.0381268) (5,3,0.0375125) (6,3,0.039784) (9,3,0.0277553) (14,3,0.0284988) (17,3,0.00126349) (0,4,0.0352308) (1,4,0.0352757) (2,4,0.0203451) (3,4,0.0381268) (4,4,0.0795775) (5,4,0.032152) (6,4,0.0379467) (10,4,0.0375812) (15,4,0.0357799) (18,4,0.0245733) (19,4,0.0120183) (20,4,-0.0172214) (0,5,0.0175757) (1,5,0.0176625) (2,5,0.0365835) (3,5,0.0375125) (4,5,0.032152) (5,5,0.0795775) (6,5,0.0377127) (12,5,0.0355787) (19,5,0.0126328) (21,5,0.0214213) (23,5,-0.0154395) (0,6,0.0280385) (1,6,0.0281071) (2,6,0.0296869) (3,6,0.039784) (4,6,0.0379467) (5,6,0.0377127) (6,6,0.0795775) (13,6,0.037582) (16,6,0.0378751) (20,6,0.0272115) (22,6,0.0287683) (23,6,0.0263244) (0,7,-0.0397882) (1,7,0.0397886) (7,7,0.0795775) (8,7,-0.0276094) (9,7,0.000142293) (10,7,0.0273463) (11,7,-0.0178078) (12,7,-6.73092e-05) (13,7,0.0173902) (0,8,0.0277513) (2,8,0.0269918) (7,8,-0.0276094) (8,8,0.0795775) (9,8,0.0285518) (10,8,0.00183595) (11,8,0.0379779) (12,8,0.0286974) (13,8,0.0137023) (14,8,0.0277226) (15,8,0.0268662) (16,8,0.0115467) (0,9,5.52935e-05) (3,9,0.0277553) (7,9,0.000142293) (8,9,0.0285518) (9,9,0.0795775) (10,9,0.0289996) (11,9,0.0355174) (12,9,0.0397882) (13,9,0.0358492) (14,9,-1.52385e-05) (17,9,-0.0276137) (0,10,-0.0272024) (4,10,0.0375812) (7,10,0.0273463) (8,10,0.00183595) (9,10,0.0289996) (10,10,0.0795775) (11,10,0.0136067) (12,10,0.0288557) (13,10,0.0379474) (15,10,0.0280779) (18,10,0.0129312) (19,10,-0.00110705) (20,10,-0.0280473) (0,11,0.0179842) (7,11,-0.0178078) (8,11,0.0379779) (9,11,0.0355174) (10,11,0.0136067) (11,11,0.0795775) (12,11,0.0356113) (13,11,0.0242198) (17,11,0.0375619) (18,11,0.030938) (21,11,0.0139424) (22,11,0.0170484) (0,12,0.000264894) (5,12,0.0355787) (7,12,-6.73092e-05) (8,12,0.0286974) (9,12,0.0397882) (10,12,0.0288557) (11,12,0.0356113) (12,12,0.0795775) (13,12,0.0357577) (19,12,0.0281874) (21,12,0.00414369) (23,12,0.00261134) (0,13,-0.0172123) (6,13,0.037582) (7,13,0.0173902) (8,13,0.0137023) (9,13,0.0358492) (10,13,0.0379474) (11,13,0.0242198) (12,13,0.0357577) (13,13,0.0795775) (16,13,0.031771) (20,13,0.0352355) (22,13,0.018146) (23,13,0.0150663) (2,14,-0.00216318) (3,14,0.0284988) (8,14,0.0277226) (9,14,-1.52385e-05) (14,14,0.0795775) (15,14,0.0397713) (16,14,0.0353581) (17,14,0.0286572) (2,15,-0.00333748) (4,15,0.0357799) (8,15,0.0268662) (10,15,0.0280779) (14,15,0.0397713) (15,15,0.0795775) (16,15,0.0358824) (18,15,0.0357866) (19,15,0.0273997) (20,15,0.000204204) (2,16,-0.0201422) (6,16,0.0378751) (8,16,0.0115467) (13,16,0.031771) (14,16,0.0353581) (15,16,0.0358824) (16,16,0.0795775) (20,16,0.0170086) (22,16,0.0358065) (23,16,0.0341997) (3,17,0.00126349) (9,17,-0.0276137) (11,17,0.0375619) (14,17,0.0286572) (17,17,0.0795775) (18,17,0.0374593) (21,17,0.0254543) (22,17,0.0279528) (4,18,0.0245733) (10,18,0.0129312) (11,18,0.030938) (15,18,0.0357866) (17,18,0.0374593) (18,18,0.0795775) (19,18,0.0372544) (20,18,0.0175748) (21,18,0.0342743) (22,18,0.0358627) (4,19,0.0120183) (5,19,0.0126328) (10,19,-0.00110705) (12,19,0.0281874) (15,19,0.0273997) (18,19,0.0372544) (19,19,0.0795775) (20,19,0.0289916) (21,19,-0.0249941) (23,19,0.0298717) (4,20,-0.0172214) (6,20,0.0272115) (10,20,-0.0280473) (13,20,0.0352355) (15,20,0.000204204) (16,20,0.0170086) (18,20,0.0175748) (19,20,0.0289916) (20,20,0.0795775) (22,20,-0.000379059) (23,20,-0.0037641) (5,21,0.0214213) (11,21,0.0139424) (12,21,0.00414369) (17,21,0.0254543) (18,21,0.0342743) (19,21,-0.0249941) (21,21,0.0795775) (22,21,0.0396458) (23,21,-0.0392151) (6,22,0.0287683) (11,22,0.0170484) (13,22,0.018146) (16,22,0.0358065) (17,22,0.0279528) (18,22,0.0358627) (20,22,-0.000379059) (21,22,0.0396458) (22,22,0.0795775) (23,22,0.0396444) (5,23,-0.0154395) (6,23,0.0263244) (12,23,0.00261134) (13,23,0.0150663) (16,23,0.0341997) (19,23,0.0298717) (20,23,-0.0037641) (21,23,-0.0392151) (22,23,0.0396444) (23,23,0.0795775) 
Minv:
size: 27 27
(0,0,0.0397887) (1,1,0.0397887) (2,2,0.0795775) (3,3,0.0397887) (4,4,0.0397887) (5,5,0.0795775) (6,6,0.0397887) (7,7,0.0397887) (8,8,0.0795775) (9,9,0.0397887) (10,10,0.0397887) (11,11,0.0795775) (12,12,0.0397887) (13,13,0.0397887) (14,14,0.0795775) (15,15,0.0397887) (16,16,0.0397887) (17,17,0.0795775) (18,18,0.0397887) (19,19,0.0397887) (20,20,0.0795775) (21,21,0.0397887) (22,22,0.0397887) (23,23,0.0795775) (24,24,0.0397887) (25,25,0.0397887) (26,26,0.0795775) 
v0:
size: 27 1
(0,0,0.319695) (1,0,0.598404) (2,0,0) (3,0,0.914647) (4,0,0.124667) (5,0,0) (6,0,-0.791382) (7,0,-0.0368534) (8,0,0) (9,0,0.0345432) (10,0,-0.0221692) (11,0,0) (12,0,-0.491806) (13,0,-0.837551) (14,0,0) (15,0,0.716486) (16,0,-0.829383) (17,0,0) (18,0,0.410226) (19,0,0.554617) (20,0,0) (21,0,0.460021) (22,0,0.290406) (23,0,0) (24,0,0.548957) (25,0,-0.795686) (26,0,0) 
ipopt_sol:
size: 24 1
(0,0,8.91752) (1,0,1.2822e-05) (2,0,1.47117e-06) (3,0,24.8361) (4,0,1.36452e-06) (5,0,9.61126e-08) (6,0,1.8213e-07) (7,0,4.38539) (8,0,2.05221e-06) (9,0,23.4726) (10,0,10.0107) (11,0,1.12751e-07) (12,0,1.57539e-07) (13,0,3.73652e-07) (14,0,11.3461) (15,0,6.35399e-07) (16,0,1.37081e-07) (17,0,2.9591e-07) (18,0,24.7609) (19,0,4.45711) (20,0,1.92274) (21,0,6.93738) (22,0,6.31809) (23,0,26.0767) 
policy_sol:
size: 24 1
(0,0,8.91754) (1,0,0) (2,0,0) (3,0,24.8361) (4,0,0) (5,0,0) (6,0,0) (7,0,4.38541) (8,0,0) (9,0,23.4726) (10,0,10.0107) (11,0,0) (12,0,0) (13,0,0) (14,0,11.3461) (15,0,0) (16,0,0) (17,0,0) (18,0,25.8144) (19,0,3.07713) (20,0,2.46291) (21,0,12.3253) (22,0,0) (23,0,32.423) 

policy_converges:
1
