Git Revision:     18345a57b34405566a64d0bf3d2a118f1cdbade3
Build Mode:       Debug
C Compiler:       /usr/bin/cc
C++ Compiler:     /usr/bin/c++
Fortran Compiler: gfortran
Body count: 9
No end time specified. Simulation will run indefinitely.
N:
size: 27 25
(0,0,4.26289e-05) (1,0,-1) (3,0,-4.26289e-05) (4,0,1) (0,1,-0.999419) (1,1,-0.034096) (9,1,0.999419) (10,1,0.034096) (0,2,-0.704654) (1,2,-0.709551) (12,2,0.704654) (13,2,0.709551) (0,3,-0.454404) (1,3,-0.890796) (15,3,0.454404) (16,3,0.890796) (0,4,-0.999944) (1,4,-0.0105575) (18,4,0.999944) (19,4,0.0105575) (0,5,-0.896531) (1,5,-0.442981) (21,5,0.896531) (22,5,0.442981) (0,6,-0.72172) (1,6,-0.692185) (24,6,0.72172) (25,6,0.692185) (3,7,-0.999894) (4,7,0.0145747) (12,7,0.999894) (13,7,-0.0145747) (3,8,-0.896913) (4,8,0.442207) (18,8,0.896913) (19,8,-0.442207) (3,9,-0.999835) (4,9,0.0181869) (21,9,0.999835) (22,9,-0.0181869) (6,10,-0.684922) (7,10,0.728616) (12,10,0.684922) (13,10,-0.728616) (6,11,-0.995841) (7,11,0.09111) (15,11,0.995841) (16,11,-0.09111) (6,12,-0.703745) (7,12,0.710453) (18,12,0.703745) (19,12,-0.710453) (6,13,-0.881072) (7,13,0.472983) (21,13,0.881072) (22,13,-0.472983) (6,14,-0.999234) (7,14,0.0391309) (24,14,0.999234) (25,14,-0.0391309) (9,15,0.0279753) (10,15,-0.999609) (12,15,-0.0279753) (13,15,0.999609) (9,16,0.0164445) (10,16,-0.999865) (15,16,-0.0164445) (16,16,0.999865) (9,17,-0.999907) (10,17,0.0136093) (18,17,0.999907) (19,17,-0.0136093) (12,18,0.00457772) (13,18,-0.99999) (15,18,-0.00457772) (16,18,0.99999) (12,19,-0.722008) (13,19,0.691885) (18,19,0.722008) (19,19,-0.691885) (12,20,-0.999762) (13,20,0.0218203) (21,20,0.999762) (22,20,-0.0218203) (15,21,-0.471721) (16,21,0.881748) (18,21,0.471721) (19,21,-0.881748) (15,22,-0.718425) (16,22,0.695605) (21,22,0.718425) (22,22,-0.695605) (15,23,-0.999959) (16,23,-0.00906465) (24,23,0.999959) (25,23,0.00906465) (21,24,-0.0522492) (22,24,-0.998634) (24,24,0.0522492) (25,24,0.998634) 
Q:
size: 25 25
(0,0,0.0795775) (1,0,0.00135494) (2,0,0.0282309) (3,0,0.0354429) (4,0,0.000418372) (5,0,0.0176241) (6,0,0.0275399) (7,0,0.000581606) (8,0,0.0175964) (9,0,0.00072533) (0,1,0.00135494) (1,1,0.0795775) (2,1,0.0289836) (3,1,0.0192781) (4,1,0.0397777) (5,1,0.0362521) (6,1,0.0296387) (15,1,-0.000243652) (16,1,-0.00070253) (17,1,-0.0397435) (0,2,0.0282309) (1,2,0.0289836) (2,2,0.0795775) (3,2,0.0378893) (4,2,0.0283338) (5,2,0.0376426) (6,2,0.0397769) (7,2,0.0276229) (10,2,-0.00136703) (15,2,0.0274367) (18,2,-0.0281035) (19,2,-0.000709793) (20,2,-0.0274146) (0,3,0.0354429) (1,3,0.0192781) (2,3,0.0378893) (3,3,0.0795775) (4,3,0.0184533) (5,3,0.0319103) (6,3,0.0375824) (11,3,0.0147757) (16,3,0.0351415) (18,3,0.0353605) (21,3,0.0227236) (22,3,0.0116655) (23,3,-0.0184007) (0,4,0.000418372) (1,4,0.0397777) (2,4,0.0283338) (3,4,0.0184533) (4,4,0.0795775) (5,4,0.0358559) (6,4,0.0290055) (8,4,0.0354993) (12,4,0.0277011) (17,4,0.0397771) (19,4,0.0284356) (21,4,0.0183977) (0,5,0.0176241) (1,5,0.0362521) (2,5,0.0376426) (3,5,0.0319103) (4,5,0.0358559) (5,5,0.0795775) (6,5,0.0379453) (9,5,0.0353454) (13,5,0.0230928) (20,5,0.0352787) (22,5,0.013367) (24,5,-0.0194654) (0,6,0.0275399) (1,6,0.0296387) (2,6,0.0397769) (3,6,0.0375824) (4,6,0.0290055) (5,6,0.0379453) (6,6,0.0795775) (14,6,0.0276166) (23,6,0.0289648) (24,6,0.029004) (0,7,0.000581606) (2,7,0.0276229) (7,7,0.0795775) (8,7,0.0359397) (9,7,0.0397885) (10,7,0.0276718) (15,7,-0.00169267) (18,7,0.000762026) (19,7,-0.029126) (20,7,-0.0397877) (0,8,0.0175964) (4,8,0.0354993) (7,8,0.0359397) (8,8,0.0795775) (9,8,0.0360011) (12,8,0.0376149) (17,8,0.0359232) (19,8,0.0379399) (21,8,0.0323486) (0,9,0.00072533) (5,9,0.0353454) (7,9,0.0397885) (8,9,0.0360011) (9,9,0.0795775) (13,9,0.0353932) (20,9,0.0397885) (22,9,0.0290838) (24,9,-0.00135594) (2,10,-0.00136703) (7,10,0.0276718) (10,10,0.0795775) (11,10,0.0297802) (12,10,0.0397751) (13,10,0.0377232) (14,10,0.0283657) (15,10,-0.0297418) (18,10,0.0291152) (19,10,-0.0397345) (20,10,-0.0278783) (3,11,0.0147757) (10,11,0.0297802) (11,11,0.0795775) (12,11,0.0304601) (13,11,0.0366256) (14,11,0.0397348) (16,11,-0.00427625) (18,11,-0.0038065) (21,11,-0.0218876) (22,11,-0.030988) (23,11,-0.0395888) (4,12,0.0277011) (8,12,0.0376149) (10,12,0.0397751) (11,12,0.0304601) (12,12,0.0795775) (13,12,0.0380413) (14,12,0.0290858) (17,12,0.0283832) (19,12,0.0397752) (21,12,0.038134) (5,13,0.0230928) (9,13,0.0353932) (10,13,0.0377232) (11,13,0.0366256) (12,13,0.0380413) (13,13,0.0795775) (14,13,0.0357663) (20,13,0.035459) (22,13,0.0382765) (24,13,0.016962) (6,14,0.0276166) (10,14,0.0283657) (11,14,0.0397348) (12,14,0.0290858) (13,14,0.0357663) (14,14,0.0795775) (23,14,0.0397425) (24,14,0.000522495) (1,15,-0.000243652) (2,15,0.0274367) (7,15,-0.00169267) (10,15,-0.0297418) (15,15,0.0795775) (16,15,0.0397861) (17,15,-0.00165428) (18,15,-0.0397778) (19,15,0.0283221) (20,15,0.0019807) (1,16,-0.00070253) (3,16,0.0351415) (11,16,-0.00427625) (15,16,0.0397861) (16,16,0.0795775) (17,16,-0.00119567) (18,16,0.0397859) (21,16,0.0353875) (22,16,0.0281436) (23,16,0.000293656) (1,17,-0.0397435) (4,17,0.0397771) (8,17,0.0359232) (12,17,0.0283832) (15,17,-0.00165428) (16,17,-0.00119567) (17,17,0.0795775) (19,17,0.0290998) (21,17,0.0192449) (2,18,-0.0281035) (3,18,0.0353605) (7,18,0.000762026) (10,18,0.0291152) (11,18,-0.0038065) (15,18,-0.0397778) (16,18,0.0397859) (18,18,0.0795775) (19,18,-0.0276604) (20,18,-0.00105029) (21,18,0.0351692) (22,18,0.0278078) (23,18,-0.000178533) (2,19,-0.000709793) (4,19,0.0284356) (7,19,-0.029126) (8,19,0.0379399) (10,19,-0.0397345) (12,19,0.0397752) (15,19,0.0283221) (17,19,0.0290998) (18,19,-0.0276604) (19,19,0.0795775) (20,19,0.0293216) (21,19,0.0378253) (2,20,-0.0274146) (5,20,0.0352787) (7,20,-0.0397877) (9,20,0.0397885) (10,20,-0.0278783) (13,20,0.035459) (15,20,0.0019807) (18,20,-0.00105029) (19,20,0.0293216) (20,20,0.0795775) (22,20,0.0291823) (24,20,-0.00121142) (3,21,0.0227236) (4,21,0.0183977) (8,21,0.0323486) (11,21,-0.0218876) (12,21,0.038134) (16,21,0.0353875) (17,21,0.0192449) (18,21,0.0351692) (19,21,0.0378253) (21,21,0.0795775) (22,21,0.0378886) (23,21,0.0184504) (3,22,0.0116655) (5,22,0.013367) (9,22,0.0290838) (11,22,-0.030988) (13,22,0.0382765) (16,22,0.0281436) (18,22,0.0278078) (20,22,0.0291823) (21,22,0.0378886) (22,22,0.0795775) (23,22,0.0283332) (24,22,0.0261459) (3,23,-0.0184007) (6,23,0.0289648) (11,23,-0.0395888) (14,23,0.0397425) (16,23,0.000293656) (18,23,-0.000178533) (21,23,0.0184504) (22,23,0.0283332) (23,23,0.0795775) (24,23,0.00243902) (5,24,-0.0194654) (6,24,0.029004) (9,24,-0.00135594) (13,24,0.016962) (14,24,0.000522495) (20,24,-0.00121142) (22,24,0.0261459) (23,24,0.00243902) (24,24,0.0795775) 
Minv:
size: 27 27
(0,0,0.0397887) (1,1,0.0397887) (2,2,0.0795775) (3,3,0.0397887) (4,4,0.0397887) (5,5,0.0795775) (6,6,0.0397887) (7,7,0.0397887) (8,8,0.0795775) (9,9,0.0397887) (10,10,0.0397887) (11,11,0.0795775) (12,12,0.0397887) (13,13,0.0397887) (14,14,0.0795775) (15,15,0.0397887) (16,16,0.0397887) (17,17,0.0795775) (18,18,0.0397887) (19,19,0.0397887) (20,20,0.0795775) (21,21,0.0397887) (22,22,0.0397887) (23,23,0.0795775) (24,24,0.0397887) (25,25,0.0397887) (26,26,0.0795775) 
v0:
size: 27 1
(0,0,0.681599) (1,0,0.340652) (2,0,0) (3,0,-0.451727) (4,0,-0.923896) (5,0,0) (6,0,0.962118) (7,0,0.644453) (8,0,0) (9,0,0.19097) (10,0,-0.420303) (11,0,0) (12,0,-0.567604) (13,0,-0.570295) (14,0,0) (15,0,0.238378) (16,0,-0.850329) (17,0,0) (18,0,-0.720663) (19,0,-0.546969) (20,0,0) (21,0,-0.776812) (22,0,0.781552) (23,0,0) (24,0,0.213001) (25,0,0.218225) (26,0,0) 
ipopt_sol:
size: 25 1
(0,0,23.73) (1,0,1.15515e-05) (2,0,22.3771) (3,0,9.652e-08) (4,0,21.2681) (5,0,1.34941e-07) (6,0,5.91549e-08) (7,0,2.23173e-07) (8,0,1.04163e-07) (9,0,7.20702e-08) (10,0,1.03591e-07) (11,0,38.826) (12,0,5.29805e-08) (13,0,1.41414e-07) (14,0,1.14663e-06) (15,0,2.60329e-07) (16,0,1.19472e-07) (17,0,12.2354) (18,0,2.29621e-07) (19,0,1.21441e-07) (20,0,1.16628e-07) (21,0,1.22629e-07) (22,0,61.9786) (23,0,4.7501e-07) (24,0,1.41815e-07) 
policy_sol:
size: 25 1
(0,0,23.73) (1,0,0) (2,0,22.3771) (3,0,0) (4,0,21.2681) (5,0,0) (6,0,0) (7,0,0) (8,0,0) (9,0,0) (10,0,0) (11,0,38.826) (12,0,0) (13,0,0) (14,0,0) (15,0,0) (16,0,0) (17,0,12.2354) (18,0,0) (19,0,0) (20,0,0) (21,0,0) (22,0,61.9786) (23,0,0) (24,0,0) 

policy_converges:
1
ipopt_converges:
0
