solve status: 0
N:
size: 27 16
(0,0,-0.999986) (1,0,-0.0051987) (18,0,0.999986) (19,0,0.0051987) (3,1,-0.0118033) (4,1,-0.99993) (6,1,0.0118033) (7,1,0.99993) (3,2,-0.74387) (4,2,0.668325) (9,2,0.74387) (10,2,-0.668325) (3,3,-0.998417) (4,3,-0.0562407) (12,3,0.998417) (13,3,0.0562407) (3,4,-0.71012) (4,4,-0.70408) (15,4,0.71012) (16,4,0.70408) (3,5,-0.903197) (4,5,0.429227) (18,5,0.903197) (19,5,-0.429227) (3,6,-1) (4,6,-0.000787842) (21,6,1) (22,6,0.000787842) (3,7,-0.900745) (4,7,-0.434349) (24,7,0.900745) (25,7,0.434349) (6,8,-0.462426) (7,8,0.886658) (9,8,0.462426) (10,8,-0.886658) (6,9,-0.883053) (7,9,0.469273) (21,9,0.883053) (22,9,-0.469273) (9,10,0.0552706) (10,10,-0.998471) (12,10,-0.0552706) (13,10,0.998471) (9,11,-0.999962) (10,11,-0.0087234) (18,11,0.999962) (19,11,0.0087234) (12,12,-0.700654) (13,12,0.713501) (18,12,0.700654) (19,12,-0.713501) (12,13,-0.99847) (13,13,0.0553018) (21,13,0.99847) (22,13,-0.0553018) (15,14,-0.713873) (16,14,0.700275) (21,14,0.713873) (22,14,-0.700275) (21,15,-0.083438) (22,15,-0.996513) (24,15,0.083438) (25,15,0.996513) 
Q:
size: 16 16
(0,0,0.0795775) (5,0,0.0358478) (11,0,0.0397885) (12,0,0.0277302) (1,1,0.0795775) (2,1,-0.0262406) (3,1,0.00270648) (4,1,0.028346) (5,1,-0.016653) (6,1,0.000500983) (7,1,0.017704) (8,1,0.0350594) (9,1,0.0182558) (1,2,-0.0262406) (2,2,0.0795775) (3,2,0.0280552) (4,2,0.00229513) (5,2,0.0381464) (6,2,0.0295767) (7,2,0.0151098) (8,2,0.0372645) (10,2,0.028187) (11,2,-0.0293645) (1,3,0.00270648) (2,3,0.0280552) (3,3,0.0795775) (4,3,0.0297856) (5,3,0.0349197) (6,3,0.0397275) (7,3,0.0367547) (10,3,3.86556e-05) (12,3,-0.0262374) (13,3,-0.0395412) (1,4,0.028346) (2,4,0.00229513) (3,4,0.0297856) (4,4,0.0795775) (5,4,0.0134951) (6,4,0.0282769) (7,4,0.0376184) (14,4,-0.000552495) (0,5,0.0358478) (1,5,-0.016653) (2,5,0.0381464) (3,5,0.0349197) (4,5,0.0134951) (5,5,0.0795775) (6,5,0.0359236) (7,5,0.0249521) (11,5,0.0357867) (12,5,0.0373649) (1,6,0.000500983) (2,6,0.0295767) (3,6,0.0397275) (4,6,0.0282769) (5,6,0.0359236) (6,6,0.0795775) (7,6,0.0358531) (9,6,0.0351209) (13,6,0.0397261) (14,6,0.0283821) (15,6,-0.00335113) (1,7,0.017704) (2,7,0.0151098) (3,7,0.0367547) (4,7,0.0376184) (5,7,0.0249521) (6,7,0.0358531) (7,7,0.0795775) (15,7,0.0202123) (1,8,0.0350594) (2,8,0.0372645) (8,8,0.0795775) (9,8,0.0328031) (10,8,0.036242) (11,8,-0.0180909) (1,9,0.0182558) (6,9,0.0351209) (8,9,0.0328031) (9,9,0.0795775) (13,9,0.0361144) (14,9,0.0381577) (15,9,0.015675) (2,10,0.028187) (3,10,3.86556e-05) (8,10,0.036242) (10,10,0.0795775) (11,10,-0.0018525) (12,10,0.0298868) (13,10,0.00439281) (0,11,0.0397885) (2,11,-0.0293645) (5,11,0.0357867) (8,11,-0.0180909) (10,11,-0.0018525) (11,11,0.0795775) (12,11,0.0276294) (0,12,0.0277302) (3,12,-0.0262374) (5,12,0.0373649) (10,12,0.0298868) (11,12,0.0276294) (12,12,0.0795775) (13,12,0.0294054) (3,13,-0.0395412) (6,13,0.0397261) (9,13,0.0361144) (10,13,0.00439281) (12,13,0.0294054) (13,13,0.0795775) (14,13,0.0299015) (15,13,-0.0011221) (4,14,-0.000552495) (6,14,0.0283821) (9,14,0.0381577) (13,14,0.0299015) (14,14,0.0795775) (15,14,0.0253959) (6,15,-0.00335113) (7,15,0.0202123) (9,15,0.015675) (13,15,-0.0011221) (14,15,0.0253959) (15,15,0.0795775) 
Minv:
size: 27 27
(0,0,0.0397887) (1,1,0.0397887) (2,2,0.0795775) (3,3,0.0397887) (4,4,0.0397887) (5,5,0.0795775) (6,6,0.0397887) (7,7,0.0397887) (8,8,0.0795775) (9,9,0.0397887) (10,10,0.0397887) (11,11,0.0795775) (12,12,0.0397887) (13,13,0.0397887) (14,14,0.0795775) (15,15,0.0397887) (16,16,0.0397887) (17,17,0.0795775) (18,18,0.0397887) (19,19,0.0397887) (20,20,0.0795775) (21,21,0.0397887) (22,22,0.0397887) (23,23,0.0795775) (24,24,0.0397887) (25,25,0.0397887) (26,26,0.0795775) 
v0:
size: 27 1
(0,0,-0.267609) (1,0,-0.701034) (2,0,0) (3,0,0.797338) (4,0,0.348343) (5,0,0) (6,0,-0.702452) (7,0,-0.0567543) (8,0,0) (9,0,-0.0995872) (10,0,0.332834) (11,0,0) (12,0,-0.25269) (13,0,0.106096) (14,0,0) (15,0,0.331416) (16,0,0.470709) (17,0,0) (18,0,-0.409343) (19,0,0.0803131) (20,0,0) (21,0,-0.386379) (22,0,0.827379) (23,0,0) (24,0,0.582829) (25,0,0.271022) (26,0,0) 
ipopt_sol:
size: 16 1
(0,0,0) (1,0,15.5698) (2,0,14.6089) (3,0,25.1915) (4,0,0) (5,0,4.7018) (6,0,0) (7,0,0) (8,0,0) (9,0,0) (10,0,0) (11,0,11.1164) (12,0,5.12157e-10) (13,0,12.5661) (14,0,11.7788) (15,0,8.31972) 
policy_sol:
size: 16 1
(0,0,0) (1,0,15.5698) (2,0,14.6089) (3,0,25.1915) (4,0,0) (5,0,4.7018) (6,0,0) (7,0,0) (8,0,0) (9,0,0) (10,0,0) (11,0,11.1164) (12,0,0) (13,0,12.5661) (14,0,11.7788) (15,0,8.31972) 

policy_converges:
1
ipopt_converges:
0
