Git Revision:     18345a57b34405566a64d0bf3d2a118f1cdbade3
Build Mode:       Debug
C Compiler:       /usr/bin/cc
C++ Compiler:     /usr/bin/c++
Fortran Compiler: gfortran
Body count: 9
No end time specified. Simulation will run indefinitely.
N:
size: 27 16
(0,0,-0.999683) (1,0,-0.0251643) (9,0,0.999683) (10,0,0.0251643) (0,1,-0.722745) (1,1,-0.691115) (24,1,0.722745) (25,1,0.691115) (3,2,-0.899511) (4,2,-0.436898) (24,2,0.899511) (25,2,0.436898) (6,3,-0.999977) (7,3,0.00676894) (24,3,0.999977) (25,3,-0.00676894) (9,4,0.0393298) (10,4,-0.999226) (12,4,-0.0393298) (13,4,0.999226) (9,5,-0.0131276) (10,5,-0.999914) (15,5,0.0131276) (16,5,0.999914) (9,6,-0.471698) (10,6,-0.88176) (24,6,0.471698) (25,6,0.88176) (12,7,-0.068655) (13,7,-0.99764) (15,7,0.068655) (16,7,0.99764) (12,8,-0.695257) (13,8,0.718761) (18,8,0.695257) (19,8,-0.718761) (12,9,-0.999823) (13,9,0.018791) (21,9,0.999823) (22,9,-0.018791) (12,10,-0.752096) (13,10,-0.659054) (24,10,0.752096) (25,10,0.659054) (15,11,-0.433255) (16,11,0.901271) (18,11,0.433255) (19,11,-0.901271) (15,12,-0.710086) (16,12,0.704115) (21,12,0.710086) (22,12,-0.704115) (15,13,-0.999989) (16,13,-0.0047356) (24,13,0.999989) (25,13,0.0047356) (18,14,-0.0255554) (19,14,-0.999673) (24,14,0.0255554) (25,14,0.999673) (21,15,-0.0476087) (22,15,-0.998866) (24,15,0.0476087) (25,15,0.998866) 
Q:
size: 16 16
(0,0,0.0795775) (1,0,0.02944) (4,0,0.000563907) (5,0,-0.00152333) (6,0,-0.0196452) (0,1,0.02944) (1,1,0.0795775) (2,1,0.0378814) (3,1,0.0285703) (6,1,0.0378118) (10,1,0.0397511) (13,1,0.028887) (14,1,0.0282245) (15,1,0.0288365) (1,2,0.0378814) (2,2,0.0795775) (3,2,0.0356719) (6,2,0.0322104) (10,2,0.0383746) (13,2,0.0358723) (14,2,0.0182926) (15,2,0.0190678) (1,3,0.0285703) (2,3,0.0356719) (3,3,0.0795775) (6,3,0.0185303) (10,3,0.0297468) (13,3,0.0397861) (14,3,0.000747554) (15,3,0.00162522) (0,4,0.000563907) (4,4,0.0795775) (5,4,0.039734) (6,4,0.0343188) (7,4,-0.0395567) (8,4,0.0296645) (9,4,0.0023117) (10,4,-0.0250257) (0,5,-0.00152333) (4,5,0.039734) (5,5,0.0795775) (6,5,0.0353275) (7,5,0.0397273) (11,5,0.0356311) (12,5,0.0276425) (13,5,-0.00071073) (0,6,-0.0196452) (1,6,0.0378118) (2,6,0.0322104) (3,6,0.0185303) (4,6,0.0343188) (5,6,0.0353275) (6,6,0.0795775) (10,6,0.0372379) (13,6,0.0189342) (14,6,0.0355523) (15,6,0.0359379) (4,7,-0.0395567) (5,7,0.0397273) (7,7,0.0795775) (8,7,-0.0266319) (9,7,0.00198531) (10,7,0.0282155) (11,7,0.0345923) (12,7,0.02601) (13,7,-0.00291965) (4,8,0.0296645) (7,8,-0.0266319) (8,8,0.0795775) (9,8,0.0281959) (10,8,0.00195752) (11,8,0.0377604) (14,8,0.0278823) (4,9,0.0023117) (7,9,0.00198531) (8,9,0.0281959) (9,9,0.0795775) (10,9,0.0294269) (12,9,0.0287749) (15,9,-0.00114713) (1,10,0.0397511) (2,10,0.0383746) (3,10,0.0297468) (4,10,-0.0250257) (6,10,0.0372379) (7,10,0.0282155) (8,10,0.00195752) (9,10,0.0294269) (10,10,0.0795775) (13,10,0.0300488) (14,10,0.0269791) (15,10,0.0276179) (5,11,0.0356311) (7,11,0.0345923) (8,11,0.0377604) (11,11,0.0795775) (12,11,0.0374908) (13,11,0.0170686) (14,11,0.0354082) (5,12,0.0276425) (7,12,0.02601) (9,12,0.0287749) (11,12,0.0374908) (12,12,0.0795775) (13,12,0.0281205) (15,12,0.0266389) (1,13,0.028887) (2,13,0.0358723) (3,13,0.0397861) (5,13,-0.00071073) (6,13,0.0189342) (7,13,-0.00291965) (10,13,0.0300488) (11,13,0.0170686) (12,13,0.0281205) (13,13,0.0795775) (14,13,0.00120517) (15,13,0.00208248) (1,14,0.0282245) (2,14,0.0182926) (3,14,0.000747554) (6,14,0.0355523) (8,14,0.0278823) (10,14,0.0269791) (11,14,0.0354082) (13,14,0.00120517) (14,14,0.0795775) (15,14,0.039779) (1,15,0.0288365) (2,15,0.0190678) (3,15,0.00162522) (6,15,0.0359379) (9,15,-0.00114713) (10,15,0.0276179) (12,15,0.0266389) (13,15,0.00208248) (14,15,0.039779) (15,15,0.0795775) 
Minv:
size: 27 27
(0,0,0.0397887) (1,1,0.0397887) (2,2,0.0795775) (3,3,0.0397887) (4,4,0.0397887) (5,5,0.0795775) (6,6,0.0397887) (7,7,0.0397887) (8,8,0.0795775) (9,9,0.0397887) (10,10,0.0397887) (11,11,0.0795775) (12,12,0.0397887) (13,13,0.0397887) (14,14,0.0795775) (15,15,0.0397887) (16,16,0.0397887) (17,17,0.0795775) (18,18,0.0397887) (19,19,0.0397887) (20,20,0.0795775) (21,21,0.0397887) (22,22,0.0397887) (23,23,0.0795775) (24,24,0.0397887) (25,25,0.0397887) (26,26,0.0795775) 
v0:
size: 27 1
(0,0,-0.10196) (1,0,-0.736534) (2,0,0) (3,0,-0.834391) (4,0,0.926821) (5,0,0) (6,0,0.0191959) (7,0,0.971179) (8,0,0) (9,0,-0.431524) (10,0,-0.0545255) (11,0,0) (12,0,0.932212) (13,0,-0.431874) (14,0,0) (15,0,0.958665) (16,0,-0.918096) (17,0,0) (18,0,0.728878) (19,0,-0.528601) (20,0,0) (21,0,0.0489193) (22,0,0.102208) (23,0,0) (24,0,-0.817586) (25,0,-0.799412) (26,0,0) 
ipopt_sol:
size: 16 1
(0,0,7.67682) (1,0,6.21695e-08) (2,0,1.09497e-07) (3,0,2.7077e-07) (4,0,24.2817) (5,0,1.00737e-06) (6,0,9.54514e-08) (7,0,5.92903) (8,0,1.65062e-07) (9,0,1.22907) (10,0,33.7067) (11,0,1.57515e-07) (12,0,22.0097) (13,0,24.2352) (14,0,1.80691e-07) (15,0,3.98883) 
policy_sol:
size: 16 1
(0,0,7.67682) (1,0,0) (2,0,0) (3,0,0) (4,0,24.2817) (5,0,0) (6,0,0) (7,0,21.5423) (8,0,0) (9,0,17.5847) (10,0,10.5385) (11,0,0) (12,0,0) (13,0,40.9361) (14,0,0) (15,0,19.1961) 

policy_converges:
1
ipopt_converges:
0
