solve status: 0
N:
size: 27 22
(0,0,0.0151779) (1,0,-0.999885) (3,0,-0.0151779) (4,0,0.999885) (0,1,0.0420796) (1,1,-0.999114) (6,1,-0.0420796) (7,1,0.999114) (0,2,-0.674261) (1,2,-0.738493) (12,2,0.674261) (13,2,0.738493) (3,3,0.0703606) (4,3,-0.997522) (6,3,-0.0703606) (7,3,0.997522) (3,4,-0.881189) (4,4,0.472763) (18,4,0.881189) (19,4,-0.472763) (6,5,-0.474518) (7,5,0.880246) (9,5,0.474518) (10,5,-0.880246) (6,6,-0.728457) (7,6,0.685092) (12,6,0.728457) (13,6,-0.685092) (6,7,-0.999968) (7,7,0.00797234) (15,7,0.999968) (16,7,-0.00797234) (6,8,-0.699477) (7,8,0.714655) (18,8,0.699477) (19,8,-0.714655) (6,9,-0.888133) (7,9,0.459586) (21,9,0.888133) (22,9,-0.459586) (6,10,-0.999466) (7,10,0.0326832) (24,10,0.999466) (25,10,-0.0326832) (9,11,0.00870222) (10,11,-0.999962) (12,11,-0.00870222) (13,11,0.999962) (9,12,0.0292812) (10,12,-0.999571) (15,12,-0.0292812) (16,12,0.999571) (9,13,-0.998446) (10,13,0.0557316) (18,13,0.998446) (19,13,-0.0557316) (9,14,-0.69692) (10,14,-0.717149) (21,14,0.69692) (22,14,0.717149) (9,15,-0.460368) (10,15,-0.887728) (24,15,0.460368) (25,15,0.887728) (12,16,-0.667929) (13,16,0.744225) (18,16,0.667929) (19,16,-0.744225) (12,17,-0.999324) (13,17,0.0367604) (21,17,0.999324) (22,17,-0.0367604) (15,18,-0.435423) (16,18,0.900226) (18,18,0.435423) (19,18,-0.900226) (15,19,-0.692461) (16,19,0.721456) (21,19,0.692461) (22,19,-0.721456) (18,20,-0.0361233) (19,20,-0.999347) (24,20,0.0361233) (25,20,0.999347) (21,21,-0.0712129) (22,21,-0.997461) (24,21,0.0712129) (25,21,0.997461) 
Q:
size: 22 22
(0,0,0.0795775) (1,0,0.0397743) (2,0,0.0289731) (3,0,-0.039728) (4,0,0.0193406) (0,1,0.0397743) (1,1,0.0795775) (2,1,0.0282288) (3,1,0.0397728) (5,1,0.0357873) (6,1,0.0284544) (7,1,0.00199117) (8,1,0.0295812) (9,1,0.0197572) (10,1,0.00297267) (0,2,0.0289731) (1,2,0.0282288) (2,2,0.0795775) (6,2,-0.000587485) (11,2,0.0291491) (16,2,0.00394889) (17,2,-0.0257297) (0,3,-0.039728) (1,3,0.0397728) (3,3,0.0795775) (4,3,-0.021231) (5,3,0.0362655) (6,3,0.0292307) (7,3,0.00311589) (8,3,0.030323) (9,3,0.0207274) (10,3,0.00409526) (0,4,0.0193406) (3,4,-0.021231) (4,4,0.0795775) (8,4,0.0379678) (13,4,0.0360553) (16,4,0.0374179) (18,4,0.0322004) (20,4,0.0175318) (1,5,0.0357873) (3,5,0.0362655) (5,5,0.0795775) (6,5,0.0377482) (7,5,0.0191591) (8,5,0.0382364) (9,5,0.0328649) (10,5,0.0200151) (11,5,0.0351868) (12,5,0.0355617) (13,5,-0.0208031) (14,5,0.0119592) (15,5,0.0223997) (1,6,0.0284544) (2,6,-0.000587485) (3,6,0.0292307) (5,6,0.0377482) (6,6,0.0795775) (7,6,0.0292008) (8,6,0.0397546) (9,6,0.0382698) (10,6,0.0298598) (11,6,-0.0275101) (16,6,-0.0396463) (17,6,-0.0299668) (1,7,0.00199117) (3,7,0.00311589) (5,7,0.0191591) (6,7,0.0292008) (7,7,0.0795775) (8,7,0.0280571) (9,7,0.0354824) (10,7,0.0397766) (12,7,-0.0014821) (18,7,-0.0176099) (19,7,-0.0277801) (1,8,0.0295812) (3,8,0.030323) (4,8,0.0379678) (5,8,0.0382364) (6,8,0.0397546) (7,8,0.0280571) (8,8,0.0795775) (9,8,0.0377864) (10,8,0.0287458) (13,8,0.0293728) (16,8,0.0397515) (18,8,0.0377165) (20,8,0.0274113) (1,9,0.0197572) (3,9,0.0207274) (5,9,0.0328649) (6,9,0.0382698) (7,9,0.0354824) (8,9,0.0377864) (9,9,0.0795775) (10,9,0.0359165) (14,9,0.0115135) (17,9,0.035986) (19,9,0.0376628) (21,9,0.0157234) (1,10,0.00297267) (3,10,0.00409526) (5,10,0.0200151) (6,10,0.0298598) (7,10,0.0397766) (8,10,0.0287458) (9,10,0.0359165) (10,10,0.0795775) (15,10,0.0171532) (20,10,0.000136959) (21,10,0.00153483) (2,11,0.0291491) (5,11,0.0351868) (6,11,-0.0275101) (11,11,0.0795775) (12,11,0.0397803) (13,11,-0.00256312) (14,11,0.0282921) (15,11,0.0351608) (16,11,0.0298419) (17,11,0.00180861) (5,12,0.0355617) (7,12,-0.0014821) (11,12,0.0397803) (12,12,0.0795775) (13,12,-0.00337979) (14,12,0.0277103) (15,12,0.0347701) (18,12,0.0363108) (19,12,0.0295003) (4,13,0.0360553) (5,13,-0.0208031) (8,13,0.0293728) (11,13,-0.00256312) (12,13,-0.00337979) (13,13,0.0795775) (14,13,0.0260962) (15,13,0.0163205) (16,13,0.028185) (18,13,0.0192942) (20,13,0.000780974) (5,14,0.0119592) (9,14,0.0115135) (11,14,0.0282921) (12,14,0.0277103) (13,14,0.0260962) (14,14,0.0795775) (15,14,0.0380966) (17,14,0.0266619) (19,14,-0.00138474) (21,14,-0.0304367) (5,15,0.0223997) (10,15,0.0171532) (11,15,0.0351608) (12,15,0.0347701) (13,15,0.0163205) (14,15,0.0380966) (15,15,0.0795775) (20,15,0.0359602) (21,15,0.0365363) (2,16,0.00394889) (4,16,0.0374179) (6,16,-0.0396463) (8,16,0.0397515) (11,16,0.0298419) (13,16,0.028185) (16,16,0.0795775) (17,16,0.0276466) (18,16,0.0382291) (20,16,0.0286324) (2,17,-0.0257297) (6,17,-0.0299668) (9,17,0.035986) (11,17,0.00180861) (14,17,0.0266619) (16,17,0.0276466) (17,17,0.0795775) (19,17,0.0285887) (21,17,-0.00137262) (4,18,0.0322004) (7,18,-0.0176099) (8,18,0.0377165) (12,18,0.0363108) (13,18,0.0192942) (16,18,0.0382291) (18,18,0.0795775) (19,18,0.0378385) (20,18,0.0351696) (7,19,-0.0277801) (9,19,0.0376628) (12,19,0.0295003) (14,19,-0.00138474) (17,19,0.0285887) (18,19,0.0378385) (19,19,0.0795775) (21,19,0.0266709) (4,20,0.0175318) (8,20,0.0274113) (10,20,0.000136959) (13,20,0.000780974) (15,20,0.0359602) (16,20,0.0286324) (18,20,0.0351696) (20,20,0.0795775) (21,20,0.0397642) (9,21,0.0157234) (10,21,0.00153483) (14,21,-0.0304367) (15,21,0.0365363) (17,21,-0.00137262) (19,21,0.0266709) (20,21,0.0397642) (21,21,0.0795775) 
Minv:
size: 27 27
(0,0,0.0397887) (1,1,0.0397887) (2,2,0.0795775) (3,3,0.0397887) (4,4,0.0397887) (5,5,0.0795775) (6,6,0.0397887) (7,7,0.0397887) (8,8,0.0795775) (9,9,0.0397887) (10,10,0.0397887) (11,11,0.0795775) (12,12,0.0397887) (13,13,0.0397887) (14,14,0.0795775) (15,15,0.0397887) (16,16,0.0397887) (17,17,0.0795775) (18,18,0.0397887) (19,19,0.0397887) (20,20,0.0795775) (21,21,0.0397887) (22,22,0.0397887) (23,23,0.0795775) (24,24,0.0397887) (25,25,0.0397887) (26,26,0.0795775) 
v0:
size: 27 1
(0,0,-0.915105) (1,0,-0.0243096) (2,0,0) (3,0,-0.852426) (4,0,-0.502373) (5,0,0) (6,0,0.485182) (7,0,-0.754556) (8,0,0) (9,0,0.66089) (10,0,0.915386) (11,0,0) (12,0,-0.657134) (13,0,-0.506886) (14,0,0) (15,0,-0.608771) (16,0,-0.009353) (17,0,0) (18,0,-0.666376) (19,0,0.0683683) (20,0,0) (21,0,-0.705351) (22,0,0.65799) (23,0,0) (24,0,0.100506) (25,0,-0.381588) (26,0,0) 
ipopt_sol:
size: 22 1
(0,0,12.0376) (1,0,0) (2,0,0) (3,0,0) (4,0,0) (5,0,0) (6,0,27.0511) (7,0,9.04289) (8,0,0) (9,0,19.4518) (10,0,0) (11,0,42.0762) (12,0,0) (13,0,30.0623) (14,0,10.406) (15,0,0) (16,0,0) (17,0,0) (18,0,0) (19,0,0) (20,0,0) (21,0,24.7555) 
policy_sol:
size: 22 1
(0,0,12.0376) (1,0,0) (2,0,0) (3,0,0) (4,0,0) (5,0,0) (6,0,0) (7,0,18.0849) (8,0,17.0105) (9,0,40.409) (10,0,-30.2654) (11,0,22.1355) (12,0,0) (13,0,20.8756) (14,0,0) (15,0,31.6692) (16,0,0) (17,0,0) (18,0,-3.02964) (19,0,0) (20,0,-8.37921) (21,0,0) 

policy_converges:
0
ipopt_converges:
0
