solve status: 0
N:
size: 27 18
(0,0,-0.999851) (1,0,-0.0172862) (9,0,0.999851) (10,0,0.0172862) (0,1,-0.999995) (1,1,0.00306932) (18,1,0.999995) (19,1,-0.00306932) (0,2,-0.887126) (1,2,-0.461527) (21,2,0.887126) (22,2,0.461527) (3,3,-0.712522) (4,3,-0.70165) (15,3,0.712522) (16,3,0.70165) (6,4,-0.999999) (7,4,-0.00131773) (15,4,0.999999) (16,4,0.00131773) (9,5,0.0563437) (10,5,-0.998411) (12,5,-0.0563437) (13,5,0.998411) (9,6,-0.00688478) (10,6,-0.999976) (15,6,0.00688478) (16,6,0.999976) (9,7,-0.68546) (10,7,-0.728111) (21,7,0.68546) (22,7,0.728111) (9,8,-0.437198) (10,8,-0.899365) (24,8,0.437198) (25,8,0.899365) (12,9,-0.0627822) (13,9,-0.998027) (15,9,0.0627822) (16,9,0.998027) (12,10,-0.736662) (13,10,0.676261) (18,10,0.736662) (19,10,-0.676261) (12,11,-0.99909) (13,11,-0.0426476) (21,11,0.99909) (22,11,0.0426476) (12,12,-0.700515) (13,12,-0.713637) (24,12,0.700515) (25,12,0.713637) (15,13,-0.436398) (16,13,0.899754) (18,13,0.436398) (19,13,-0.899754) (15,14,-0.665635) (16,14,0.746278) (21,14,0.665635) (22,14,-0.746278) (18,15,0.0715701) (19,15,-0.997436) (21,15,-0.0715701) (22,15,0.997436) (18,16,0.0195814) (19,16,-0.999808) (24,16,-0.0195814) (25,16,0.999808) (21,17,-0.033489) (22,17,-0.999439) (24,17,0.033489) (25,17,0.999439) 
Q:
size: 18 18
(0,0,0.0795775) (1,0,0.0397805) (2,0,0.0356098) (5,0,0.00155481) (6,0,-0.000961676) (7,0,-0.0277703) (8,0,-0.0180115) (0,1,0.0397805) (1,1,0.0795775) (2,1,0.0352411) (10,1,0.0293933) (13,1,0.0174735) (15,1,0.00296948) (16,1,0.000901217) (0,2,0.0356098) (1,2,0.0352411) (2,2,0.0795775) (7,2,0.0375658) (11,2,0.0360487) (14,2,0.00979102) (15,2,0.0157902) (17,2,-0.0195353) (3,3,0.0795775) (4,3,0.0283871) (6,3,0.0281123) (9,3,0.0296426) (13,3,0.0127471) (14,3,0.00196343) (3,4,0.0283871) (4,4,0.0795775) (6,4,0.000326366) (9,4,0.00255035) (13,4,-0.0173165) (14,4,-0.0264456) (0,5,0.00155481) (5,5,0.0795775) (6,5,0.0397092) (7,5,0.0273879) (8,5,0.0347476) (9,5,-0.0395064) (10,5,0.0285163) (11,5,0.000545606) (12,5,-0.0267792) (0,6,-0.000961676) (3,6,0.0281123) (4,6,0.000326366) (5,6,0.0397092) (6,6,0.0795775) (7,6,0.0291577) (8,6,0.0359035) (9,6,0.0397265) (13,6,0.0356797) (14,6,0.0295104) (0,7,-0.0277703) (2,7,0.0375658) (5,7,0.0273879) (6,7,0.0291577) (7,7,0.0795775) (8,7,0.0379791) (11,7,0.0284843) (14,7,-0.00346587) (15,7,0.0269443) (17,7,-0.0298677) (0,8,-0.0180115) (5,8,0.0347476) (6,8,0.0359035) (7,8,0.0379791) (8,8,0.0795775) (12,8,0.0377231) (16,8,0.0354371) (17,8,0.0363471) (3,9,0.0296426) (4,9,0.00255035) (5,9,-0.0395064) (6,9,0.0397265) (9,9,0.0795775) (10,9,-0.0250143) (11,9,0.0041893) (12,9,0.0300886) (13,9,0.0346393) (14,9,0.0279721) (1,10,0.0293933) (5,10,0.0285163) (9,10,-0.0250143) (10,10,0.0795775) (11,10,0.0281366) (12,10,0.00133043) (13,10,0.0370014) (15,10,0.0289364) (16,10,0.0274764) (2,11,0.0360487) (5,11,0.000545606) (7,11,0.0284843) (9,11,0.0041893) (10,11,0.0281366) (11,11,0.0795775) (12,11,0.0290582) (14,11,0.0251943) (15,11,-0.00115255) (17,11,-0.00302721) (5,12,-0.0267792) (8,12,0.0377231) (9,12,0.0300886) (10,12,0.00133043) (11,12,0.0290582) (12,12,0.0795775) (16,12,0.0278435) (17,12,0.0293122) (1,13,0.0174735) (3,13,0.0127471) (4,13,-0.0173165) (6,13,0.0356797) (9,13,0.0346393) (10,13,0.0370014) (13,13,0.0795775) (14,13,0.0382747) (15,13,0.036951) (16,13,0.0361332) (2,14,0.00979102) (3,14,0.00196343) (4,14,-0.0264456) (6,14,0.0295104) (7,14,-0.00346587) (9,14,0.0279721) (11,14,0.0251943) (13,14,0.0382747) (14,14,0.0795775) (15,14,-0.0315128) (17,14,0.0287898) (1,15,0.00296948) (2,15,0.0157902) (7,15,0.0269443) (10,15,0.0289364) (11,15,-0.00115255) (13,15,0.036951) (14,15,-0.0315128) (15,15,0.0795775) (16,15,0.0397349) (17,15,-0.0395691) (1,16,0.000901217) (8,16,0.0354371) (10,16,0.0274764) (12,16,0.0278435) (13,16,0.0361332) (15,16,0.0397349) (16,16,0.0795775) (17,16,0.0397327) (2,17,-0.0195353) (7,17,-0.0298677) (8,17,0.0363471) (11,17,-0.00302721) (12,17,0.0293122) (14,17,0.0287898) (15,17,-0.0395691) (16,17,0.0397327) (17,17,0.0795775) 
Minv:
size: 27 27
(0,0,0.0397887) (1,1,0.0397887) (2,2,0.0795775) (3,3,0.0397887) (4,4,0.0397887) (5,5,0.0795775) (6,6,0.0397887) (7,7,0.0397887) (8,8,0.0795775) (9,9,0.0397887) (10,10,0.0397887) (11,11,0.0795775) (12,12,0.0397887) (13,13,0.0397887) (14,14,0.0795775) (15,15,0.0397887) (16,16,0.0397887) (17,17,0.0795775) (18,18,0.0397887) (19,19,0.0397887) (20,20,0.0795775) (21,21,0.0397887) (22,22,0.0397887) (23,23,0.0795775) (24,24,0.0397887) (25,25,0.0397887) (26,26,0.0795775) 
v0:
size: 27 1
(0,0,0.793374) (1,0,-0.662552) (2,0,0) (3,0,-0.925758) (4,0,0.667928) (5,0,0) (6,0,-0.131138) (7,0,0.754777) (8,0,0) (9,0,0.00914489) (10,0,0.0559864) (11,0,0) (12,0,0.632837) (13,0,-0.0372082) (14,0,0) (15,0,-0.240512) (16,0,-0.0785131) (17,0,0) (18,0,0.124805) (19,0,0.604648) (20,0,0) (21,0,-0.515655) (22,0,-0.148662) (23,0,0) (24,0,0.878352) (25,0,-0.536198) (26,0,0) 
ipopt_sol:
size: 18 1
(0,0,19.8002) (1,0,6.67462) (2,0,0) (3,0,0) (4,0,2.74419) (5,0,0) (6,0,0) (7,0,10.7232) (8,0,0) (9,0,1.00654) (10,0,0) (11,0,25.0667) (12,0,0) (13,0,0) (14,0,0) (15,0,0) (16,0,28.9623) (17,0,0) 
policy_sol:
size: 18 1
(0,0,19.8002) (1,0,6.67462) (2,0,0) (3,0,0) (4,0,2.74419) (5,0,0) (6,0,0) (7,0,10.7232) (8,0,0) (9,0,1.00654) (10,0,0) (11,0,25.0667) (12,0,0) (13,0,0) (14,0,0) (15,0,0) (16,0,28.9623) (17,0,0) 

policy_converges:
1
ipopt_converges:
0
