Git Revision:     3cfe7dc3fe6810e9e399640d632720aa3564fe80
Build Mode:       Debug
C Compiler:       /usr/bin/cc
C++ Compiler:     /usr/bin/c++
Fortran Compiler: gfortran
Body count: 9
No end time specified. Simulation will run indefinitely.
N:
size: 27 19
(0,0,0.0178805) (1,0,-0.99984) (3,0,-0.0178805) (4,0,0.99984) (0,1,-0.029906) (1,1,-0.999553) (6,1,0.029906) (7,1,0.999553) (0,2,-0.997233) (1,2,0.0743455) (9,2,0.997233) (10,2,-0.0743455) (0,3,-0.721222) (1,3,-0.692704) (12,3,0.721222) (13,3,0.692704) (0,4,-0.455554) (1,4,-0.890208) (15,4,0.455554) (16,4,0.890208) (3,5,-0.0699155) (4,5,-0.997553) (6,5,0.0699155) (7,5,0.997553) (3,6,-0.730035) (4,6,0.68341) (9,6,0.730035) (10,6,-0.68341) (3,7,-0.997617) (4,7,-0.068994) (12,7,0.997617) (13,7,0.068994) (6,8,-0.427435) (7,8,0.904046) (9,8,0.427435) (10,8,-0.904046) (6,9,-0.68951) (7,9,0.724277) (12,9,0.68951) (13,9,-0.724277) (6,10,-0.999974) (7,10,-0.00723366) (15,10,0.999974) (16,10,0.00723366) (6,11,-0.708265) (7,11,0.705947) (18,11,0.708265) (19,11,-0.705947) (6,12,-0.891012) (7,12,0.45398) (21,12,0.891012) (22,12,-0.45398) (6,13,-0.999993) (7,13,-0.0037642) (24,13,0.999993) (25,13,0.0037642) (9,14,0.00725273) (10,14,-0.999974) (15,14,-0.00725273) (16,14,0.999974) (12,15,-0.00118601) (13,15,-0.999999) (15,15,0.00118601) (16,15,0.999999) (15,16,-0.461375) (16,16,0.887205) (18,16,0.461375) (19,16,-0.887205) (15,17,-0.705848) (16,17,0.708364) (21,17,0.705848) (22,17,-0.708364) (21,18,0.0438638) (22,18,-0.999038) (24,18,-0.0438638) (25,18,0.999038) 
Q:
size: 19 19
(0,0,0.0795775) (1,0,0.0397433) (2,0,-0.00366711) (3,0,0.0270443) (4,0,0.0350905) (5,0,-0.0396353) (6,0,0.027707) (7,0,-0.002035) (0,1,0.0397433) (1,1,0.0795775) (2,1,-0.00177016) (3,1,0.0284077) (4,1,0.0359465) (5,1,0.0397568) (8,1,0.0354462) (9,1,0.0279847) (10,1,-0.00147758) (11,1,0.0272334) (12,1,0.016995) (13,1,-0.00133962) (0,2,-0.00366711) (1,2,-0.00177016) (2,2,0.0795775) (3,2,0.026568) (4,2,0.0154424) (6,2,0.0309884) (8,2,0.0196343) (14,2,0.00324582) (0,3,0.0270443) (1,3,0.0284077) (2,3,0.026568) (3,3,0.0795775) (4,3,0.0376086) (7,3,0.0305297) (9,3,-0.000175886) (15,3,-0.0275958) (0,4,0.0350905) (1,4,0.0359465) (2,4,0.0154424) (3,4,0.0376086) (4,4,0.0795775) (10,4,0.0183817) (14,4,0.0352879) (15,4,0.0354417) (16,4,0.0230622) (17,4,0.0122963) (0,5,-0.0396353) (1,5,0.0397568) (5,5,0.0795775) (6,5,-0.0250946) (7,5,0.00551369) (8,5,0.0346938) (9,5,0.0268294) (10,5,-0.00306889) (11,5,0.0260497) (12,5,0.0155404) (13,5,-0.00293123) (0,6,0.027707) (2,6,0.0309884) (5,6,-0.0250946) (6,6,0.0795775) (7,6,0.0271019) (8,6,0.0369986) (14,6,0.027402) (0,7,-0.002035) (3,7,0.0305297) (5,7,0.00551369) (6,7,0.0271019) (7,7,0.0795775) (9,7,0.0253811) (15,7,-0.00279226) (1,8,0.0354462) (2,8,0.0196343) (5,8,0.0346938) (6,8,0.0369986) (8,8,0.0795775) (9,8,0.0377794) (10,8,0.0167464) (11,8,0.037439) (12,8,0.0314836) (13,8,0.0168716) (14,8,0.0360933) (1,9,0.0279847) (3,9,-0.000175886) (5,9,0.0268294) (7,9,0.0253811) (8,9,0.0377794) (9,9,0.0795775) (10,9,0.0272255) (11,9,0.0397751) (12,9,0.0375275) (13,9,0.027326) (15,9,0.0287855) (1,10,-0.00147758) (4,10,0.0183817) (5,10,-0.00306889) (8,10,0.0167464) (9,10,0.0272255) (10,10,0.0795775) (11,10,0.027977) (12,10,0.0353207) (13,10,0.0397885) (14,10,-7.58787e-07) (15,10,0.000335006) (16,10,-0.0181017) (17,10,-0.0278802) (1,11,0.0272334) (5,11,0.0260497) (8,11,0.037439) (9,11,0.0397751) (10,11,0.027977) (11,11,0.0795775) (12,11,0.0378613) (13,11,0.028075) (16,11,0.0379225) (1,12,0.016995) (5,12,0.0155404) (8,12,0.0314836) (9,12,0.0375275) (10,12,0.0353207) (11,12,0.0378613) (12,12,0.0795775) (13,12,0.035384) (17,12,0.0378192) (18,12,0.019601) (1,13,-0.00133962) (5,13,-0.00293123) (8,13,0.0168716) (9,13,0.027326) (10,13,0.0397885) (11,13,0.028075) (12,13,0.035384) (13,13,0.0795775) (18,13,-0.00159565) (2,14,0.00324582) (4,14,0.0352879) (6,14,0.027402) (8,14,0.0360933) (10,14,-7.58787e-07) (14,14,0.0795775) (15,14,0.0397873) (16,14,0.035433) (17,14,0.0283878) (3,15,-0.0275958) (4,15,0.0354417) (7,15,-0.00279226) (9,15,0.0287855) (10,15,0.000335006) (14,15,0.0397873) (15,15,0.0795775) (16,15,0.035279) (17,15,0.0281516) (4,16,0.0230622) (10,16,-0.0181017) (11,16,0.0379225) (14,16,0.035433) (15,16,0.035279) (16,16,0.0795775) (17,16,0.0379634) (4,17,0.0122963) (10,17,-0.0278802) (12,17,0.0378192) (14,17,0.0283878) (15,17,0.0281516) (16,17,0.0379634) (17,17,0.0795775) (18,17,0.0293897) (12,18,0.019601) (13,18,-0.00159565) (17,18,0.0293897) (18,18,0.0795775) 
Minv:
size: 27 27
(0,0,0.0397887) (1,1,0.0397887) (2,2,0.0795775) (3,3,0.0397887) (4,4,0.0397887) (5,5,0.0795775) (6,6,0.0397887) (7,7,0.0397887) (8,8,0.0795775) (9,9,0.0397887) (10,10,0.0397887) (11,11,0.0795775) (12,12,0.0397887) (13,13,0.0397887) (14,14,0.0795775) (15,15,0.0397887) (16,16,0.0397887) (17,17,0.0795775) (18,18,0.0397887) (19,19,0.0397887) (20,20,0.0795775) (21,21,0.0397887) (22,22,0.0397887) (23,23,0.0795775) (24,24,0.0397887) (25,25,0.0397887) (26,26,0.0795775) 
v0:
size: 27 1
(0,0,0.248419) (1,0,0.570599) (2,0,0) (3,0,0.00400773) (4,0,0.469825) (5,0,0) (6,0,0.888075) (7,0,-0.764837) (8,0,0) (9,0,-0.69545) (10,0,0.0930298) (11,0,0) (12,0,-0.990753) (13,0,0.53816) (14,0,0) (15,0,0.512749) (16,0,0.0676457) (17,0,0) (18,0,0.460674) (19,0,0.091739) (20,0,0) (21,0,0.382899) (22,0,0.842484) (23,0,0) (24,0,0.743179) (25,0,0.443164) (26,0,0) 
ipopt_sol:
size: 19 1
(0,0,0.909353) (1,0,4.47755) (2,0,17.315) (3,0,14.4721) (4,0,1.63401e-07) (5,0,10.0808) (6,0,0.696467) (7,0,2.54287) (8,0,1.9763) (9,0,49.5866) (10,0,4.19746e-07) (11,0,1.37578e-07) (12,0,1.99352e-07) (13,0,7.54547e-08) (14,0,1.79029e-07) (15,0,1.78329e-07) (16,0,1.93094e-07) (17,0,14.183) (18,0,5.18545) 
policy_sol:
size: 19 1
(0,0,5.48253) (1,0,0) (2,0,17.6096) (3,0,14.3638) (4,0,0) (5,0,14.1776) (6,0,0) (7,0,2.68345) (8,0,2.47857) (9,0,49.4964) (10,0,0) (11,0,0) (12,0,0) (13,0,0) (14,0,0) (15,0,0) (16,0,0) (17,0,14.183) (18,0,5.18545) 

policy_converges:
1
