Git Revision:     18345a57b34405566a64d0bf3d2a118f1cdbade3
Build Mode:       Debug
C Compiler:       /usr/bin/cc
C++ Compiler:     /usr/bin/c++
Fortran Compiler: gfortran
Body count: 9
No end time specified. Simulation will run indefinitely.
N:
size: 27 11
(0,0,-0.0274502) (1,0,-0.999623) (3,0,0.0274502) (4,0,0.999623) (0,1,-0.0245864) (1,1,-0.999698) (6,1,0.0245864) (7,1,0.999698) (0,2,-0.999527) (1,2,-0.0307657) (9,2,0.999527) (10,2,0.0307657) (0,3,-0.436172) (1,3,-0.899863) (15,3,0.436172) (16,3,0.899863) (6,4,-0.65494) (7,4,0.755681) (12,4,0.65494) (13,4,-0.755681) (6,5,-1) (7,5,-0.000240082) (15,5,1) (16,5,0.000240082) (6,6,-0.874657) (7,6,0.484742) (21,6,0.874657) (22,6,-0.484742) (6,7,-0.999618) (7,7,0.0276241) (24,7,0.999618) (25,7,-0.0276241) (12,8,-0.999983) (13,8,-0.00577605) (21,8,0.999983) (22,8,0.00577605) (12,9,-0.70081) (13,9,-0.713348) (24,9,0.70081) (25,9,0.713348) (21,10,-0.00585169) (22,10,-0.999983) (24,10,0.00585169) (25,10,0.999983) 
Q:
size: 11 11
(0,0,0.0795775) (1,0,0.0397886) (2,0,0.00231536) (3,0,0.0362673) (0,1,0.0397886) (1,1,0.0795775) (2,1,0.00220156) (3,1,0.0362203) (4,1,0.0294178) (5,1,-0.00098781) (6,1,0.0184258) (7,1,0.000120908) (0,2,0.00231536) (1,2,0.00220156) (2,2,0.0795775) (3,2,0.0184481) (0,3,0.0362673) (1,3,0.0362203) (2,3,0.0184481) (3,3,0.0795775) (5,3,0.0173633) (1,4,0.0294178) (4,4,0.0795775) (5,4,0.026052) (6,4,0.0373679) (7,4,0.0268799) (8,4,-0.0258851) (9,4,0.00318613) (1,5,-0.00098781) (3,5,0.0173633) (4,5,0.026052) (5,5,0.0795775) (6,5,0.0347969) (7,5,0.0397733) (1,6,0.0184258) (4,6,0.0373679) (5,6,0.0347969) (6,6,0.0795775) (7,6,0.035321) (8,6,0.0346895) (10,6,0.0190833) (1,7,0.000120908) (4,7,0.0268799) (5,7,0.0397733) (6,7,0.035321) (7,7,0.0795775) (9,7,0.0270896) (10,7,-0.000866366) (4,8,-0.0258851) (6,8,0.0346895) (8,8,0.0795775) (9,8,0.0280478) (10,8,-0.000462645) (4,9,0.00318613) (7,9,0.0270896) (8,9,0.0280478) (9,9,0.0795775) (10,9,0.0285459) (6,10,0.0190833) (7,10,-0.000866366) (8,10,-0.000462645) (9,10,0.0285459) (10,10,0.0795775) 
Minv:
size: 27 27
(0,0,0.0397887) (1,1,0.0397887) (2,2,0.0795775) (3,3,0.0397887) (4,4,0.0397887) (5,5,0.0795775) (6,6,0.0397887) (7,7,0.0397887) (8,8,0.0795775) (9,9,0.0397887) (10,10,0.0397887) (11,11,0.0795775) (12,12,0.0397887) (13,13,0.0397887) (14,14,0.0795775) (15,15,0.0397887) (16,16,0.0397887) (17,17,0.0795775) (18,18,0.0397887) (19,19,0.0397887) (20,20,0.0795775) (21,21,0.0397887) (22,22,0.0397887) (23,23,0.0795775) (24,24,0.0397887) (25,25,0.0397887) (26,26,0.0795775) 
v0:
size: 27 1
(0,0,0.0124475) (1,0,0.692956) (2,0,0) (3,0,-0.837869) (4,0,-0.0597908) (5,0,0) (6,0,0.946802) (7,0,0.112453) (8,0,0) (9,0,-0.168961) (10,0,-0.689522) (11,0,0) (12,0,0.805704) (13,0,0.834312) (14,0,0) (15,0,-0.461493) (16,0,0.917237) (17,0,0) (18,0,0.277353) (19,0,-0.950765) (20,0,0) (21,0,0.17898) (22,0,0.79136) (23,0,0) (24,0,0.882084) (25,0,0.505001) (26,0,0) 
ipopt_sol:
size: 11 1
(0,0,19.2812) (1,0,0.139208) (2,0,5.06126) (3,0,5.81956e-08) (4,0,12.1138) (5,0,31.4254) (6,0,2.35921e-07) (7,0,5.40955e-08) (8,0,19.7395) (9,0,1.98808e-07) (10,0,7.20822) 
policy_sol:
size: 11 1
(0,0,19.2812) (1,0,0.139184) (2,0,5.06126) (3,0,0) (4,0,12.1138) (5,0,31.4254) (6,0,0) (7,0,0) (8,0,19.7396) (9,0,0) (10,0,7.20822) 

policy_converges:
1
ipopt_converges:
0
