Git Revision:     3cfe7dc3fe6810e9e399640d632720aa3564fe80
Build Mode:       Debug
C Compiler:       /usr/bin/cc
C++ Compiler:     /usr/bin/c++
Fortran Compiler: gfortran
Body count: 9
No end time specified. Simulation will run indefinitely.
N:
size: 27 9
(0,0,0.0163472) (1,0,-0.999866) (6,0,-0.0163472) (7,0,0.999866) (0,1,-0.998697) (1,1,-0.0510345) (9,1,0.998697) (10,1,0.0510345) (0,2,-0.728317) (1,2,-0.685241) (12,2,0.728317) (13,2,0.685241) (0,3,-0.999934) (1,3,-0.0114506) (18,3,0.999934) (19,3,0.0114506) (0,4,-0.892986) (1,4,-0.450084) (21,4,0.892986) (22,4,0.450084) (3,5,0.00770175) (4,5,-0.99997) (6,5,-0.00770175) (7,5,0.99997) (3,6,-0.999964) (4,6,0.00851342) (21,6,0.999964) (22,6,-0.00851342) (12,7,-0.999923) (13,7,-0.0124162) (21,7,0.999923) (22,7,0.0124162) (18,8,0.0143196) (19,8,-0.999897) (21,8,-0.0143196) (22,8,0.999897) 
Q:
size: 9 9
(0,0,0.0795775) (1,0,0.00138074) (2,0,0.0267875) (3,0,-0.00019485) (4,0,0.017325) (5,0,0.0397872) (0,1,0.00138074) (1,1,0.0795775) (2,1,0.0303325) (3,1,0.0397575) (4,1,0.0363984) (0,2,0.0267875) (1,2,0.0303325) (2,2,0.0795775) (3,2,0.0292891) (4,2,0.0381491) (7,2,-0.0293151) (0,3,-0.00019485) (1,3,0.0397575) (2,3,0.0292891) (3,3,0.0795775) (4,3,0.0357335) (8,3,0.000114164) (0,4,0.017325) (1,4,0.0363984) (2,4,0.0381491) (3,4,0.0357335) (4,4,0.0795775) (6,4,0.035377) (7,4,0.0357504) (8,4,0.0173976) (0,5,0.0397872) (5,5,0.0795775) (6,5,-0.00064516) (4,6,0.035377) (5,6,-0.00064516) (6,6,0.0795775) (7,6,0.03978) (8,6,-0.00090844) (2,7,-0.0293151) (4,7,0.0357504) (6,7,0.03978) (7,7,0.0795775) (8,7,-7.57401e-05) (3,8,0.000114164) (4,8,0.0173976) (6,8,-0.00090844) (7,8,-7.57401e-05) (8,8,0.0795775) 
Minv:
size: 27 27
(0,0,0.0397887) (1,1,0.0397887) (2,2,0.0795775) (3,3,0.0397887) (4,4,0.0397887) (5,5,0.0795775) (6,6,0.0397887) (7,7,0.0397887) (8,8,0.0795775) (9,9,0.0397887) (10,10,0.0397887) (11,11,0.0795775) (12,12,0.0397887) (13,13,0.0397887) (14,14,0.0795775) (15,15,0.0397887) (16,16,0.0397887) (17,17,0.0795775) (18,18,0.0397887) (19,19,0.0397887) (20,20,0.0795775) (21,21,0.0397887) (22,22,0.0397887) (23,23,0.0795775) (24,24,0.0397887) (25,25,0.0397887) (26,26,0.0795775) 
v0:
size: 27 1
(0,0,0.295024) (1,0,0.0728926) (2,0,0) (3,0,-0.287636) (4,0,0.835686) (5,0,0) (6,0,-0.829409) (7,0,-0.634123) (8,0,0) (9,0,-0.8733) (10,0,-0.807438) (11,0,0) (12,0,-0.145758) (13,0,-0.196358) (14,0,0) (15,0,0.452303) (16,0,0.798882) (17,0,0) (18,0,0.178015) (19,0,-0.602621) (20,0,0) (21,0,-0.349195) (22,0,-0.932448) (23,0,0) (24,0,0.514971) (25,0,0.501754) (26,0,0) 
ipopt_sol:
size: 9 1
(0,0,2.43852e-07) (1,0,24.2177) (2,0,3.63042e-07) (3,0,6.5684e-08) (4,0,13.6346) (5,0,36.8344) (6,0,2.41887e-07) (7,0,1.45956e-06) (8,0,5.11799) 
policy_sol:
size: 9 1
(0,0,0) (1,0,24.2177) (2,0,0) (3,0,0) (4,0,13.6346) (5,0,36.8344) (6,0,0) (7,0,0) (8,0,5.11799) 

policy_converges:
1
