Git Revision:     3cfe7dc3fe6810e9e399640d632720aa3564fe80
Build Mode:       Debug
C Compiler:       /usr/bin/cc
C++ Compiler:     /usr/bin/c++
Fortran Compiler: gfortran
Body count: 9
No end time specified. Simulation will run indefinitely.
N:
size: 27 20
(0,0,-0.999256) (1,0,-0.0385559) (9,0,0.999256) (10,0,0.0385559) (0,1,-0.670779) (1,1,-0.741657) (12,1,0.670779) (13,1,0.741657) (0,2,-0.43829) (1,2,-0.898834) (15,2,0.43829) (16,2,0.898834) (0,3,-0.874254) (1,3,-0.485468) (21,3,0.874254) (22,3,0.485468) (0,4,-0.686595) (1,4,-0.72704) (24,4,0.686595) (25,4,0.72704) (3,5,-0.697679) (4,5,-0.71641) (15,5,0.697679) (16,5,0.71641) (3,6,-0.879294) (4,6,-0.476279) (24,6,0.879294) (25,6,0.476279) (6,7,-0.999601) (7,7,0.0282533) (15,7,0.999601) (16,7,-0.0282533) (6,8,-0.999975) (7,8,-0.0070222) (24,8,0.999975) (25,8,0.0070222) (9,9,-0.0146361) (10,9,-0.999893) (15,9,0.0146361) (16,9,0.999893) (9,10,-0.440038) (10,10,-0.897979) (24,10,0.440038) (25,10,0.897979) (12,11,-0.0563383) (13,11,-0.998412) (15,11,0.0563383) (16,11,0.998412) (12,12,-0.700445) (13,12,0.713707) (18,12,0.700445) (19,12,-0.713707) (12,13,-0.999632) (13,13,-0.0271296) (21,13,0.999632) (22,13,0.0271296) (12,14,-0.701353) (13,14,-0.712814) (24,14,0.701353) (25,14,0.712814) (15,15,-0.418949) (16,15,0.90801) (18,15,0.418949) (19,15,-0.90801) (15,16,-0.686273) (16,16,0.727344) (21,16,0.686273) (22,16,-0.727344) (18,17,0.0022129) (19,17,-0.999998) (21,17,-0.0022129) (22,17,0.999998) (18,18,-0.0247741) (19,18,-0.999693) (24,18,0.0247741) (25,18,0.999693) (21,19,-0.0518143) (22,19,-0.998657) (24,19,0.0518143) (25,19,0.998657) 
Q:
size: 20 20
(0,0,0.0795775) (1,0,0.0278074) (2,0,0.0188049) (3,0,0.0355044) (4,0,0.0284138) (9,0,-0.00211584) (10,0,-0.0188731) (0,1,0.0278074) (1,1,0.0795775) (2,1,0.0382219) (3,1,0.0376593) (4,1,0.0397795) (11,1,-0.0309664) (12,1,0.00236669) (13,1,-0.0274802) (14,1,-0.0397536) (0,2,0.0188049) (1,2,0.0382219) (2,2,0.0795775) (3,2,0.0326081) (4,2,0.037975) (5,2,0.0377881) (7,2,0.0164216) (9,2,0.0360149) (11,2,0.0366891) (15,2,0.0251675) (16,2,0.0140444) (0,3,0.0355044) (1,3,0.0376593) (2,3,0.0326081) (3,3,0.0795775) (4,3,0.0379272) (13,3,0.0352967) (16,3,0.00982281) (17,3,0.0192391) (19,3,-0.0210926) (0,4,0.0284138) (1,4,0.0397795) (2,4,0.037975) (3,4,0.0379272) (4,4,0.0795775) (6,4,0.037799) (8,4,0.0275212) (10,4,0.037998) (14,4,0.0397804) (18,4,0.0295959) (19,4,0.0303046) (2,5,0.0377881) (5,5,0.0795775) (6,5,0.0379854) (7,5,0.0269433) (9,5,0.0289083) (11,5,0.0300237) (15,5,0.0142529) (16,5,0.00168221) (4,6,0.037799) (5,6,0.0379854) (6,6,0.0795775) (8,6,0.0351182) (10,6,0.0324123) (14,6,0.0380457) (18,6,0.0198115) (19,6,0.0207378) (2,7,0.0164216) (5,7,0.0269433) (7,7,0.0795775) (8,7,0.039764) (9,7,-0.000541924) (11,7,0.00111836) (15,7,-0.0176835) (16,7,-0.0281127) (4,8,0.0275212) (6,8,0.0351182) (7,8,0.039764) (8,8,0.0795775) (10,8,0.017759) (14,8,0.0281044) (18,8,0.00126502) (19,8,0.00234061) (0,9,-0.00211584) (2,9,0.0360149) (5,9,0.0289083) (7,9,-0.000541924) (9,9,0.0795775) (10,9,0.0359819) (11,9,0.0397541) (15,9,0.0358807) (16,9,0.0285374) (0,10,-0.0188731) (4,10,0.037998) (6,10,0.0324123) (8,10,0.017759) (9,10,0.0359819) (10,10,0.0795775) (14,10,0.0377481) (18,10,0.0361522) (19,10,0.0365887) (1,11,-0.0309664) (2,11,0.0366891) (5,11,0.0300237) (7,11,0.00111836) (9,11,0.0397541) (11,11,0.0795775) (12,11,-0.0267822) (13,11,0.00331855) (14,11,0.0298891) (15,11,0.0351321) (16,11,0.0273558) (1,12,0.00236669) (11,12,-0.0267822) (12,12,0.0795775) (13,12,0.0270891) (14,12,-0.000695559) (15,12,0.0374612) (17,12,0.0284591) (18,12,0.0276983) (1,13,-0.0274802) (3,13,0.0352967) (11,13,0.00331855) (12,13,0.0270891) (13,13,0.0795775) (14,13,0.0286651) (16,13,0.0265107) (17,13,0.000991434) (19,13,-0.00313887) (1,14,-0.0397536) (4,14,0.0397804) (6,14,0.0380457) (8,14,0.0281044) (10,14,0.0377481) (11,14,0.0298891) (12,14,-0.000695559) (13,14,0.0286651) (14,14,0.0795775) (18,14,0.0290446) (19,14,0.0297698) (2,15,0.0251675) (5,15,0.0142529) (7,15,-0.0176835) (9,15,0.0358807) (11,15,0.0351321) (12,15,0.0374612) (15,15,0.0795775) (16,15,0.0377177) (17,15,0.0361654) (18,15,0.0357045) (2,16,0.0140444) (3,16,0.00982281) (5,16,0.00168221) (7,16,-0.0281127) (9,16,0.0285374) (11,16,0.0273558) (13,16,0.0265107) (15,16,0.0377177) (16,16,0.0795775) (17,16,-0.0290005) (19,16,0.0274864) (3,17,0.0192391) (12,17,0.0284591) (13,17,0.000991434) (15,17,0.0361654) (16,17,-0.0290005) (17,17,0.0795775) (18,17,0.0397742) (19,17,-0.0397306) (4,18,0.0295959) (6,18,0.0198115) (8,18,0.00126502) (10,18,0.0361522) (12,18,0.0276983) (14,18,0.0290446) (15,18,0.0357045) (17,18,0.0397742) (18,18,0.0795775) (19,18,0.0397742) (3,19,-0.0210926) (4,19,0.0303046) (6,19,0.0207378) (8,19,0.00234061) (10,19,0.0365887) (13,19,-0.00313887) (14,19,0.0297698) (16,19,0.0274864) (17,19,-0.0397306) (18,19,0.0397742) (19,19,0.0795775) 
Minv:
size: 27 27
(0,0,0.0397887) (1,1,0.0397887) (2,2,0.0795775) (3,3,0.0397887) (4,4,0.0397887) (5,5,0.0795775) (6,6,0.0397887) (7,7,0.0397887) (8,8,0.0795775) (9,9,0.0397887) (10,10,0.0397887) (11,11,0.0795775) (12,12,0.0397887) (13,13,0.0397887) (14,14,0.0795775) (15,15,0.0397887) (16,16,0.0397887) (17,17,0.0795775) (18,18,0.0397887) (19,19,0.0397887) (20,20,0.0795775) (21,21,0.0397887) (22,22,0.0397887) (23,23,0.0795775) (24,24,0.0397887) (25,25,0.0397887) (26,26,0.0795775) 
v0:
size: 27 1
(0,0,0.915533) (1,0,-0.699615) (2,0,0) (3,0,-0.672781) (4,0,-0.032126) (5,0,0) (6,0,-0.380759) (7,0,0.163789) (8,0,0) (9,0,-0.255689) (10,0,-0.487789) (11,0,0) (12,0,0.0925327) (13,0,-0.395164) (14,0,0) (15,0,-0.949504) (16,0,-0.881887) (17,0,0) (18,0,0.913231) (19,0,0.685693) (20,0,0) (21,0,-0.474341) (22,0,-0.151099) (23,0,0) (24,0,-0.430543) (25,0,-0.876159) (26,0,0) 
ipopt_sol:
size: 20 1
(0,0,25.7246) (1,0,0.000264574) (2,0,6.71057) (3,0,4.31647) (4,0,3.84373e-07) (5,0,12.0085) (6,0,9.42338e-08) (7,0,8.03294) (8,0,3.45181e-07) (9,0,1.03159) (10,0,5.99497e-07) (11,0,4.93739) (12,0,9.00545e-08) (13,0,11.955) (14,0,3.77058e-07) (15,0,1.54252e-07) (16,0,0.000111118) (17,0,4.2125e-06) (18,0,40.0783) (19,0,4.1465e-06) 
policy_sol:
size: 20 1
(0,0,25.7246) (1,0,0) (2,0,6.71075) (3,0,4.31658) (4,0,0) (5,0,12.0085) (6,0,0) (7,0,8.03287) (8,0,0) (9,0,1.03163) (10,0,0) (11,0,4.93724) (12,0,0) (13,0,11.9549) (14,0,0) (15,0,0) (16,0,0) (17,0,0) (18,0,40.0783) (19,0,0) 

policy_converges:
1
