solve status: 0
N:
size: 27 14
(0,0,0.00378324) (1,0,-0.999993) (3,0,-0.00378324) (4,0,0.999993) (0,1,-0.0243091) (1,1,-0.999704) (6,1,0.0243091) (7,1,0.999704) (0,2,-0.997349) (1,2,0.0727687) (9,2,0.997349) (10,2,-0.0727687) (0,3,-0.719061) (1,3,-0.694947) (12,3,0.719061) (13,3,0.694947) (0,4,-0.450247) (1,4,-0.892904) (15,4,0.450247) (16,4,0.892904) (0,5,-0.999847) (1,5,0.0175019) (18,5,0.999847) (19,5,-0.0175019) (0,6,-0.910755) (1,6,-0.412947) (21,6,0.910755) (22,6,0.412947) (0,7,-0.711528) (1,7,-0.702658) (24,7,0.711528) (25,7,0.702658) (3,8,-0.999284) (4,8,0.0378301) (12,8,0.999284) (13,8,-0.0378301) (6,9,-0.677508) (7,9,0.735515) (12,9,0.677508) (13,9,-0.735515) (9,10,0.0305998) (10,10,-0.999532) (12,10,-0.0305998) (13,10,0.999532) (9,11,-0.999294) (10,11,-0.0375577) (18,11,0.999294) (19,11,0.0375577) (15,12,-0.695435) (16,12,0.718589) (21,12,0.695435) (22,12,-0.718589) (21,13,0.0160852) (22,13,-0.999871) (24,13,-0.0160852) (25,13,0.999871) 
Q:
size: 14 14
(0,0,0.0795775) (1,0,0.039773) (2,0,-0.00304549) (3,0,0.0275426) (4,0,0.0354595) (5,0,-0.000846881) (6,0,0.0162934) (7,0,0.0278506) (8,0,0.00165562) (0,1,0.039773) (1,1,0.0795775) (2,1,-0.00192986) (3,1,0.0283384) (4,1,0.0359525) (5,1,0.000270907) (6,1,0.0173067) (7,1,0.0286378) (9,1,0.0286013) (0,2,-0.00304549) (1,2,-0.00192986) (2,2,0.0795775) (3,2,0.0265225) (4,2,0.015282) (5,2,0.0397278) (6,2,0.0349461) (7,2,0.0262013) (10,2,0.00410832) (11,2,-0.0395465) (0,3,0.0275426) (1,3,0.0283384) (2,3,0.0265225) (3,3,0.0795775) (4,3,0.0375716) (5,3,0.0281222) (6,3,0.0374756) (7,3,0.0397864) (8,3,0.027544) (9,3,-0.000953934) (10,3,0.0267626) (0,4,0.0354595) (1,4,0.0359525) (2,4,0.015282) (3,4,0.0375716) (4,4,0.0795775) (5,4,0.0172902) (6,4,0.030987) (7,4,0.0377105) (12,4,0.0130711) (0,5,-0.000846881) (1,5,0.000270907) (2,5,0.0397278) (3,5,0.0281222) (4,5,0.0172902) (5,5,0.0795775) (6,5,0.0359447) (7,5,0.0278171) (11,5,0.0397284) (0,6,0.0162934) (1,6,0.0173067) (2,6,0.0349461) (3,6,0.0374756) (4,6,0.030987) (5,6,0.0359447) (6,6,0.0795775) (7,6,0.0373293) (12,6,0.0133941) (13,6,-0.0158456) (0,7,0.0278506) (1,7,0.0286378) (2,7,0.0262013) (3,7,0.0397864) (4,7,0.0377105) (5,7,0.0278171) (6,7,0.0373293) (7,7,0.0795775) (13,7,0.0274989) (0,8,0.00165562) (3,8,0.027544) (8,8,0.0795775) (9,8,0.028045) (10,8,-0.00272116) (1,9,0.0286013) (3,9,-0.000953934) (8,9,0.028045) (9,9,0.0795775) (10,9,-0.0300764) (2,10,0.00410832) (3,10,0.0267626) (8,10,-0.00272116) (9,10,-0.0300764) (10,10,0.0795775) (11,10,0.000277004) (2,11,-0.0395465) (5,11,0.0397284) (10,11,0.000277004) (11,11,0.0795775) (4,12,0.0130711) (6,12,0.0133941) (12,12,0.0795775) (13,12,0.0290332) (6,13,-0.0158456) (7,13,0.0274989) (12,13,0.0290332) (13,13,0.0795775) 
Minv:
size: 27 27
(0,0,0.0397887) (1,1,0.0397887) (2,2,0.0795775) (3,3,0.0397887) (4,4,0.0397887) (5,5,0.0795775) (6,6,0.0397887) (7,7,0.0397887) (8,8,0.0795775) (9,9,0.0397887) (10,10,0.0397887) (11,11,0.0795775) (12,12,0.0397887) (13,13,0.0397887) (14,14,0.0795775) (15,15,0.0397887) (16,16,0.0397887) (17,17,0.0795775) (18,18,0.0397887) (19,19,0.0397887) (20,20,0.0795775) (21,21,0.0397887) (22,22,0.0397887) (23,23,0.0795775) (24,24,0.0397887) (25,25,0.0397887) (26,26,0.0795775) 
v0:
size: 27 1
(0,0,0.850163) (1,0,0.128439) (2,0,0) (3,0,-0.662924) (4,0,-0.974919) (5,0,0) (6,0,0.152732) (7,0,-0.633381) (8,0,0) (9,0,0.628357) (10,0,-0.645015) (11,0,0) (12,0,-0.717831) (13,0,-0.857154) (14,0,0) (15,0,0.689177) (16,0,-0.289074) (17,0,0) (18,0,0.61987) (19,0,-0.74253) (20,0,0) (21,0,0.697854) (22,0,-0.207146) (23,0,0) (24,0,0.918224) (25,0,-0.219545) (26,0,0) 
ipopt_sol:
size: 14 1
(0,0,13.3767) (1,0,0) (2,0,0) (3,0,41.0552) (4,0,0) (5,0,0) (6,0,0) (7,0,0) (8,0,0) (9,0,11.1792) (10,0,0) (11,0,0.305197) (12,0,1.32797) (13,0,3.62905e-09) 
policy_sol:
size: 14 1
(0,0,13.3767) (1,0,0) (2,0,0) (3,0,41.0552) (4,0,0) (5,0,0) (6,0,0) (7,0,0) (8,0,0) (9,0,11.1792) (10,0,0) (11,0,0.305197) (12,0,1.32797) (13,0,0) 

policy_converges:
1
ipopt_converges:
0
