Git Revision:     3cfe7dc3fe6810e9e399640d632720aa3564fe80
Build Mode:       Debug
C Compiler:       /usr/bin/cc
C++ Compiler:     /usr/bin/c++
Fortran Compiler: gfortran
Body count: 9
No end time specified. Simulation will run indefinitely.
N:
size: 27 14
(0,0,0.0495853) (1,0,-0.99877) (3,0,-0.0495853) (4,0,0.99877) (0,1,-0.0121326) (1,1,-0.999926) (6,1,0.0121326) (7,1,0.999926) (0,2,-0.71709) (1,2,-0.696981) (12,2,0.71709) (13,2,0.696981) (0,3,-0.909441) (1,3,-0.415833) (21,3,0.909441) (22,3,0.415833) (0,4,-0.719462) (1,4,-0.694532) (24,4,0.719462) (25,4,0.694532) (3,5,-0.713237) (4,5,0.700923) (9,5,0.713237) (10,5,-0.700923) (3,6,-0.999612) (4,6,0.0278414) (21,6,0.999612) (22,6,-0.0278414) (6,7,-0.427301) (7,7,0.90411) (9,7,0.427301) (10,7,-0.90411) (6,8,-0.999788) (7,8,0.0205768) (15,8,0.999788) (16,8,-0.0205768) (9,9,-0.0124876) (10,9,-0.999922) (12,9,0.0124876) (13,9,0.999922) (9,10,-0.748709) (10,10,-0.662899) (21,10,0.748709) (22,10,0.662899) (9,11,-0.471999) (10,11,-0.881599) (24,11,0.471999) (25,11,0.881599) (12,12,-0.999745) (13,12,0.0225838) (21,12,0.999745) (22,12,-0.0225838) (12,13,-0.721709) (13,13,-0.692196) (24,13,0.721709) (25,13,0.692196) 
Q:
size: 14 14
(0,0,0.0795775) (1,0,0.0397129) (2,0,0.0262831) (3,0,0.0147309) (4,0,0.0261811) (5,0,0.0292617) (6,0,0.00307858) (0,1,0.0397129) (1,1,0.0795775) (2,1,0.0280761) (3,1,0.0169833) (4,1,0.0279798) (7,1,0.0357645) (8,1,0.000336026) (0,2,0.0262831) (1,2,0.0280761) (2,2,0.0795775) (3,2,0.0374801) (4,2,0.0397885) (9,2,0.0280861) (12,2,-0.0278985) (13,2,-0.0397879) (0,3,0.0147309) (1,3,0.0169833) (2,3,0.0374801) (3,3,0.0795775) (4,3,0.0375255) (6,3,0.0357108) (10,3,0.0380604) (12,3,0.0358026) (0,4,0.0261811) (1,4,0.0279798) (2,4,0.0397885) (3,4,0.0375255) (4,4,0.0795775) (11,4,0.0378743) (13,4,0.0397885) (0,5,0.0292617) (5,5,0.0795775) (6,5,0.0291443) (7,5,0.0373409) (9,5,0.0275323) (10,5,-0.00275998) (11,5,0.011192) (0,6,0.00307858) (3,6,0.0357108) (5,6,0.0291443) (6,6,0.0795775) (10,6,0.0290443) (12,6,0.0397882) (1,7,0.0357645) (5,7,0.0373409) (7,7,0.0795775) (8,7,0.0177384) (9,7,0.0357583) (10,7,0.0111173) (11,7,0.0236893) (1,8,0.000336026) (7,8,0.0177384) (8,8,0.0795775) (2,9,0.0280861) (5,9,0.0275323) (7,9,0.0357583) (9,9,0.0795775) (10,9,0.0267458) (11,9,0.0353095) (12,9,0.000401771) (13,9,-0.0278981) (3,10,0.0380604) (5,10,-0.00275998) (6,10,0.0290443) (7,10,0.0111173) (9,10,0.0267458) (10,10,0.0795775) (11,10,0.0373139) (12,10,0.0291869) (4,11,0.0378743) (5,11,0.011192) (7,11,0.0236893) (9,11,0.0353095) (10,11,0.0373139) (11,11,0.0795775) (13,11,0.0378345) (2,12,-0.0278985) (3,12,0.0358026) (6,12,0.0397882) (9,12,0.000401771) (10,12,0.0291869) (12,12,0.0795775) (13,12,0.0280866) (2,13,-0.0397879) (4,13,0.0397885) (9,13,-0.0278981) (11,13,0.0378345) (12,13,0.0280866) (13,13,0.0795775) 
Minv:
size: 27 27
(0,0,0.0397887) (1,1,0.0397887) (2,2,0.0795775) (3,3,0.0397887) (4,4,0.0397887) (5,5,0.0795775) (6,6,0.0397887) (7,7,0.0397887) (8,8,0.0795775) (9,9,0.0397887) (10,10,0.0397887) (11,11,0.0795775) (12,12,0.0397887) (13,13,0.0397887) (14,14,0.0795775) (15,15,0.0397887) (16,16,0.0397887) (17,17,0.0795775) (18,18,0.0397887) (19,19,0.0397887) (20,20,0.0795775) (21,21,0.0397887) (22,22,0.0397887) (23,23,0.0795775) (24,24,0.0397887) (25,25,0.0397887) (26,26,0.0795775) 
v0:
size: 27 1
(0,0,-0.750195) (1,0,0.70055) (2,0,0) (3,0,-0.864806) (4,0,-0.338488) (5,0,0) (6,0,-0.655499) (7,0,-0.113205) (8,0,0) (9,0,-0.518834) (10,0,0.324832) (11,0,0) (12,0,-0.235733) (13,0,0.00429964) (14,0,0) (15,0,-0.733471) (16,0,0.985704) (17,0,0) (18,0,0.219481) (19,0,-0.806786) (20,0,0) (21,0,-0.922823) (22,0,-0.744252) (23,0,0) (24,0,-0.461358) (25,0,-0.296482) (26,0,0) 
ipopt_sol:
size: 14 1
(0,0,20.9772) (1,0,9.94239) (2,0,4.51116e-07) (3,0,1.03783e-05) (4,0,4.49658e-07) (5,0,4.18363e-07) (6,0,9.81356e-08) (7,0,9.43386e-07) (8,0,2.48555) (9,0,3.48485) (10,0,22.1591) (11,0,3.82125e-07) (12,0,5.6792) (13,0,8.5424) 
policy_sol:
size: 14 1
(0,0,20.9772) (1,0,9.94239) (2,0,0) (3,0,0) (4,0,0) (5,0,0) (6,0,0) (7,0,0) (8,0,2.48555) (9,0,3.48485) (10,0,22.1591) (11,0,0) (12,0,5.6792) (13,0,8.5424) 

policy_converges:
1
