Git Revision:     18345a57b34405566a64d0bf3d2a118f1cdbade3
Build Mode:       Debug
C Compiler:       /usr/bin/cc
C++ Compiler:     /usr/bin/c++
Fortran Compiler: gfortran
Body count: 9
No end time specified. Simulation will run indefinitely.
N:
size: 27 7
(0,0,-0.997666) (1,0,-0.0682894) (9,0,0.997666) (10,0,0.0682894) (3,1,0.0546606) (4,1,-0.998505) (6,1,-0.0546606) (7,1,0.998505) (6,2,-0.482626) (7,2,0.875827) (9,2,0.482626) (10,2,-0.875827) (6,3,-0.725239) (7,3,0.688498) (12,3,0.725239) (13,3,-0.688498) (12,4,0.00566752) (13,4,-0.999984) (15,4,-0.00566752) (16,4,0.999984) (15,5,-0.700702) (16,5,0.713454) (21,5,0.700702) (22,5,-0.713454) (15,6,-0.999075) (16,6,-0.042994) (24,6,0.999075) (25,6,0.042994) 
Q:
size: 7 7
(0,0,0.0795775) (2,0,0.0167785) (1,1,0.0795775) (2,1,0.0358456) (3,1,0.0289308) (0,2,0.0167785) (1,2,0.0358456) (2,2,0.0795775) (3,2,0.0379196) (1,3,0.0289308) (2,3,0.0379196) (3,3,0.0795775) (4,3,0.0275575) (3,4,0.0275575) (4,4,0.0795775) (5,4,0.028545) (6,4,-0.00148536) (4,5,0.028545) (5,5,0.0795775) (6,5,0.0266338) (4,6,-0.00148536) (5,6,0.0266338) (6,6,0.0795775) 
Minv:
size: 27 27
(0,0,0.0397887) (1,1,0.0397887) (2,2,0.0795775) (3,3,0.0397887) (4,4,0.0397887) (5,5,0.0795775) (6,6,0.0397887) (7,7,0.0397887) (8,8,0.0795775) (9,9,0.0397887) (10,10,0.0397887) (11,11,0.0795775) (12,12,0.0397887) (13,13,0.0397887) (14,14,0.0795775) (15,15,0.0397887) (16,16,0.0397887) (17,17,0.0795775) (18,18,0.0397887) (19,19,0.0397887) (20,20,0.0795775) (21,21,0.0397887) (22,22,0.0397887) (23,23,0.0795775) (24,24,0.0397887) (25,25,0.0397887) (26,26,0.0795775) 
v0:
size: 27 1
(0,0,-0.212489) (1,0,-0.696845) (2,0,0) (3,0,-0.99474) (4,0,0.8588) (5,0,0) (6,0,0.158508) (7,0,-0.429488) (8,0,0) (9,0,-0.867464) (10,0,-0.93567) (11,0,0) (12,0,0.381494) (13,0,0.507575) (14,0,0) (15,0,0.428151) (16,0,-0.11667) (17,0,0) (18,0,0.847239) (19,0,-0.370255) (20,0,0) (21,0,0.961449) (22,0,0.691794) (23,0,0) (24,0,0.28832) (25,0,0.908147) (26,0,0) 
ipopt_sol:
size: 7 1
(0,0,16.8328) (1,0,33.9141) (2,0,5.51945e-08) (3,0,1.92842e-07) (4,0,15.7457) (5,0,7.80241e-07) (6,0,2.69762) 
policy_sol:
size: 7 1
(0,0,16.8328) (1,0,33.9141) (2,0,0) (3,0,0) (4,0,15.7457) (5,0,0) (6,0,2.69761) 

policy_converges:
1
ipopt_converges:
1
