Git Revision:     18345a57b34405566a64d0bf3d2a118f1cdbade3
Build Mode:       Debug
C Compiler:       /usr/bin/cc
C++ Compiler:     /usr/bin/c++
Fortran Compiler: gfortran
Body count: 9
No end time specified. Simulation will run indefinitely.
N:
size: 27 20
(0,0,-0.0553325) (1,0,-0.998468) (3,0,0.0553325) (4,0,0.998468) (0,1,-0.00981921) (1,1,-0.999952) (6,1,0.00981921) (7,1,0.999952) (0,2,-0.721735) (1,2,-0.692169) (12,2,0.721735) (13,2,0.692169) (0,3,-0.999786) (1,3,-0.0206849) (18,3,0.999786) (19,3,0.0206849) (0,4,-0.702122) (1,4,-0.712056) (24,4,0.702122) (25,4,0.712056) (3,5,0.0357588) (4,5,-0.99936) (6,5,-0.0357588) (7,5,0.99936) (3,6,-0.999619) (4,6,0.0276168) (12,6,0.999619) (13,6,-0.0276168) (3,7,-0.892706) (4,7,0.45064) (18,7,0.892706) (19,7,-0.45064) (3,8,-0.999887) (4,8,0.0150582) (21,8,0.999887) (22,8,-0.0150582) (3,9,-0.887756) (4,9,-0.460314) (24,9,0.887756) (25,9,0.460314) (6,10,-0.696183) (7,10,0.717865) (12,10,0.696183) (13,10,-0.717865) (6,11,-0.702944) (7,11,0.711246) (18,11,0.702944) (19,11,-0.711246) (9,12,0.0344961) (10,12,-0.999405) (12,12,-0.0344961) (13,12,0.999405) (9,13,-0.999665) (10,13,-0.0258872) (18,13,0.999665) (19,13,0.0258872) (9,14,-0.701797) (10,14,-0.712377) (21,14,0.701797) (22,14,0.712377) (9,15,-0.419868) (10,15,-0.907585) (24,15,0.419868) (25,15,0.907585) (12,16,-0.710167) (13,16,0.704033) (18,16,0.710167) (19,16,-0.704033) (15,17,-0.999842) (16,17,-0.0177949) (24,17,0.999842) (25,17,0.0177949) (18,18,-0.00175875) (19,18,-0.999998) (24,18,0.00175875) (25,18,0.999998) (21,19,0.0277524) (22,19,-0.999615) (24,19,-0.0277524) (25,19,0.999615) 
Q:
size: 20 20
(0,0,0.0795775) (1,0,0.0397475) (2,0,0.0290873) (3,0,0.0030229) (4,0,0.0298342) (5,0,-0.0396236) (6,0,-0.00110362) (7,0,0.0159375) (8,0,-0.00160313) (9,0,-0.0202417) (0,1,0.0397475) (1,1,0.0795775) (2,1,0.0278212) (3,1,0.00121359) (4,1,0.0286048) (5,1,0.0397474) (10,1,0.0282896) (11,1,0.0280236) (0,2,0.0290873) (1,2,0.0278212) (2,2,0.0795775) (3,2,0.0292805) (4,2,0.0397732) (6,2,0.0279454) (10,2,0.000221848) (12,2,0.0265335) (16,2,-0.00100438) (0,3,0.0030229) (1,3,0.00121359) (2,3,0.0292805) (3,3,0.0795775) (4,3,0.0285166) (7,3,0.0351411) (11,3,0.0273779) (13,3,0.0397882) (16,3,0.0276712) (18,3,-0.000892986) (0,4,0.0298342) (1,4,0.0286048) (2,4,0.0397732) (3,4,0.0285166) (4,4,0.0795775) (9,4,0.0378424) (15,4,0.0374432) (17,4,0.0284363) (18,4,0.0283809) (19,4,0.0275456) (0,5,-0.0396236) (1,5,0.0397474) (5,5,0.0795775) (6,5,-0.00252039) (7,5,-0.0191891) (8,5,-0.0020214) (9,5,0.0170405) (10,5,0.0295352) (11,5,0.0292816) (0,6,-0.00110362) (2,6,0.0279454) (5,6,-0.00252039) (6,6,0.0795775) (7,6,0.0360013) (8,6,0.0397856) (9,6,0.0348034) (10,6,0.0284785) (12,6,-0.00247021) (16,6,-0.0290195) (0,7,0.0159375) (3,7,0.0351411) (5,7,-0.0191891) (6,7,0.0360013) (7,7,0.0795775) (8,7,0.0357856) (9,7,0.0232792) (11,7,0.0377212) (13,7,0.0350436) (16,7,0.0378485) (18,7,0.0178679) (0,8,-0.00160313) (5,8,-0.0020214) (6,8,0.0397856) (7,8,0.0357856) (8,8,0.0795775) (9,8,0.0350429) (14,8,0.0274936) (19,8,0.00170302) (0,9,-0.0202417) (4,9,0.0378424) (5,9,0.0170405) (6,9,0.0348034) (7,9,0.0232792) (8,9,0.0350429) (9,9,0.0795775) (15,9,0.0314536) (17,9,0.035643) (18,9,0.0183774) (19,9,0.017328) (1,10,0.0282896) (2,10,0.000221848) (5,10,0.0295352) (6,10,0.0284785) (10,10,0.0795775) (11,10,0.039787) (12,10,-0.0295015) (16,10,-0.039781) (1,11,0.0280236) (3,11,0.0273779) (5,11,0.0292816) (7,11,0.0377212) (10,11,0.039787) (11,11,0.0795775) (13,11,0.0272273) (16,11,0.0397867) (18,11,0.0282503) (2,12,0.0265335) (6,12,-0.00247021) (10,12,-0.0295015) (12,12,0.0795775) (13,12,-0.000342688) (14,12,0.0273645) (15,12,0.0355139) (16,12,0.0289706) (3,13,0.0397882) (7,13,0.0350436) (11,13,0.0272273) (12,13,-0.000342688) (13,13,0.0795775) (14,13,0.028648) (15,13,0.0176352) (16,13,0.027522) (18,13,-0.00109997) (8,14,0.0274936) (12,14,0.0273645) (13,14,0.028648) (14,14,0.0795775) (15,14,0.0374494) (19,14,-0.0275587) (4,15,0.0374432) (9,15,0.0314536) (12,15,0.0355139) (13,15,0.0176352) (14,15,0.0374494) (15,15,0.0795775) (17,15,0.017346) (18,15,0.036141) (19,15,0.0356341) (2,16,-0.00100438) (3,16,0.0276712) (6,16,-0.0290195) (7,16,0.0378485) (10,16,-0.039781) (11,16,0.0397867) (12,16,0.0289706) (13,16,0.027522) (16,16,0.0795775) (18,16,0.0279628) (4,17,0.0284363) (9,17,0.035643) (15,17,0.017346) (17,17,0.0795775) (18,17,0.000778003) (19,17,-0.000396293) (3,18,-0.000892986) (4,18,0.0283809) (7,18,0.0178679) (9,18,0.0183774) (11,18,0.0282503) (13,18,-0.00109997) (15,18,0.036141) (16,18,0.0279628) (17,18,0.000778003) (18,18,0.0795775) (19,18,0.0397714) (4,19,0.0275456) (8,19,0.00170302) (9,19,0.017328) (14,19,-0.0275587) (15,19,0.0356341) (17,19,-0.000396293) (18,19,0.0397714) (19,19,0.0795775) 
Minv:
size: 27 27
(0,0,0.0397887) (1,1,0.0397887) (2,2,0.0795775) (3,3,0.0397887) (4,4,0.0397887) (5,5,0.0795775) (6,6,0.0397887) (7,7,0.0397887) (8,8,0.0795775) (9,9,0.0397887) (10,10,0.0397887) (11,11,0.0795775) (12,12,0.0397887) (13,13,0.0397887) (14,14,0.0795775) (15,15,0.0397887) (16,16,0.0397887) (17,17,0.0795775) (18,18,0.0397887) (19,19,0.0397887) (20,20,0.0795775) (21,21,0.0397887) (22,22,0.0397887) (23,23,0.0795775) (24,24,0.0397887) (25,25,0.0397887) (26,26,0.0795775) 
v0:
size: 27 1
(0,0,-0.482541) (1,0,-0.0439238) (2,0,0) (3,0,0.176971) (4,0,-0.161007) (5,0,0) (6,0,-0.780219) (7,0,-0.49478) (8,0,0) (9,0,0.724446) (10,0,0.185509) (11,0,0) (12,0,-0.862742) (13,0,-0.415172) (14,0,0) (15,0,-0.28777) (16,0,0.781838) (17,0,0) (18,0,-0.578508) (19,0,0.224069) (20,0,0) (21,0,-0.0729295) (22,0,0.241028) (23,0,0) (24,0,-0.730584) (25,0,-0.106983) (26,0,0) 
ipopt_sol:
size: 20 1
(0,0,1.73961e-06) (1,0,9.62992) (2,0,2.74814e-07) (3,0,7.10857e-08) (4,0,1.71552e-07) (5,0,3.55219) (6,0,26.494) (7,0,2.01212e-07) (8,0,1.57279e-07) (9,0,1.78595e-06) (10,0,1.76577e-07) (11,0,1.23857e-07) (12,0,14.081) (13,0,32.554) (14,0,4.65603e-07) (15,0,1.32949) (16,0,4.56351e-07) (17,0,11.2051) (18,0,5.58885) (19,0,4.95164) 
policy_sol:
size: 20 1
(0,0,0) (1,0,9.62992) (2,0,0) (3,0,0) (4,0,0) (5,0,3.55218) (6,0,26.494) (7,0,0) (8,0,0) (9,0,0) (10,0,0) (11,0,0) (12,0,14.081) (13,0,32.554) (14,0,0) (15,0,1.32949) (16,0,0) (17,0,11.2051) (18,0,5.58885) (19,0,4.95164) 

policy_converges:
1
ipopt_converges:
0
