Git Revision:     3cfe7dc3fe6810e9e399640d632720aa3564fe80
Build Mode:       Debug
C Compiler:       /usr/bin/cc
C++ Compiler:     /usr/bin/c++
Fortran Compiler: gfortran
Body count: 9
No end time specified. Simulation will run indefinitely.
N:
size: 27 21
(0,0,-0.0595643) (1,0,-0.998224) (3,0,0.0595643) (4,0,0.998224) (0,1,-0.00443618) (1,1,-0.99999) (6,1,0.00443618) (7,1,0.99999) (0,2,-0.999559) (1,2,-0.0296993) (9,2,0.999559) (10,2,0.0296993) (0,3,-0.724112) (1,3,-0.689682) (12,3,0.724112) (13,3,0.689682) (0,4,-0.999794) (1,4,-0.0202823) (18,4,0.999794) (19,4,0.0202823) (0,5,-0.893177) (1,5,-0.449705) (21,5,0.893177) (22,5,0.449705) (0,6,-0.727247) (1,6,-0.686375) (24,6,0.727247) (25,6,0.686375) (3,7,-0.725706) (4,7,0.688005) (9,7,0.725706) (10,7,-0.688005) (6,8,-0.474462) (7,8,0.880276) (9,8,0.474462) (10,8,-0.880276) (6,9,-0.99991) (7,9,-0.0134161) (15,9,0.99991) (16,9,0.0134161) (6,10,-0.723297) (7,10,0.690537) (18,10,0.723297) (19,10,-0.690537) (6,11,-0.999998) (7,11,0.00221878) (24,11,0.999998) (25,11,-0.00221878) (9,12,-0.0145001) (10,12,-0.999895) (12,12,0.0145001) (13,12,0.999895) (9,13,-0.999949) (10,13,-0.0101036) (18,13,0.999949) (19,13,0.0101036) (9,14,-0.695385) (10,14,-0.718637) (21,14,0.695385) (22,14,0.718637) (9,15,-0.469607) (10,15,-0.882876) (24,15,0.469607) (25,15,0.882876) (12,16,-0.701638) (13,16,0.712533) (18,16,0.701638) (19,16,-0.712533) (12,17,-0.999911) (13,17,0.0133592) (21,17,0.999911) (22,17,-0.0133592) (12,18,-0.730561) (13,18,-0.682848) (24,18,0.730561) (25,18,0.682848) (15,19,-0.999865) (16,19,0.0164209) (24,19,0.999865) (25,19,-0.0164209) (18,20,0.0346497) (19,20,-0.9994) (21,20,-0.0346497) (22,20,0.9994) 
Q:
size: 21 21
(0,0,0.0795775) (1,0,0.0397282) (2,0,0.00354854) (3,0,0.029109) (4,0,0.00317507) (5,0,0.0199783) (6,0,0.0289851) (7,0,0.0256063) (0,1,0.0397282) (1,1,0.0795775) (2,1,0.00135812) (3,1,0.0275691) (4,1,0.000983474) (5,1,0.0180507) (6,1,0.0274381) (8,1,0.034941) (9,1,-0.0007103) (10,1,0.0273476) (11,1,-8.82282e-05) (0,2,0.00354854) (1,2,0.00135812) (2,2,0.0795775) (3,2,0.0296138) (4,2,0.039787) (5,2,0.0360541) (6,2,0.0297346) (7,2,0.0280492) (8,2,0.0178297) (12,2,-0.00175826) (13,2,-0.0397811) (14,2,-0.0285055) (15,2,-0.0197201) (0,3,0.029109) (1,3,0.0275691) (2,3,0.0296138) (3,3,0.0795775) (4,3,0.0293622) (5,3,0.0380744) (6,3,0.0397883) (12,3,0.0278565) (16,3,-0.000662223) (17,3,-0.0284423) (18,3,-0.039787) (0,4,0.00317507) (1,4,0.000983474) (2,4,0.039787) (3,4,0.0293622) (4,4,0.0795775) (5,4,0.035894) (6,4,0.0294842) (10,4,0.0282159) (13,4,0.0397867) (16,4,0.0273365) (20,4,0.000571863) (0,5,0.0199783) (1,5,0.0180507) (2,5,0.0360541) (3,5,0.0380744) (4,5,0.035894) (5,5,0.0795775) (6,5,0.0381267) (14,5,0.0375716) (17,5,0.0352962) (20,5,0.0166511) (0,6,0.0289851) (1,6,0.0274381) (2,6,0.0297346) (3,6,0.0397883) (4,6,0.0294842) (5,6,0.0381267) (6,6,0.0795775) (11,6,0.0288756) (15,6,0.0377) (18,6,0.0397883) (19,6,0.0284839) (0,7,0.0256063) (2,7,0.0280492) (7,7,0.0795775) (8,7,0.0377975) (12,7,0.0269533) (13,7,-0.0285969) (14,7,-0.000406615) (15,7,0.0106087) (1,8,0.034941) (2,8,0.0178297) (7,8,0.0377975) (8,8,0.0795775) (9,8,0.0184066) (10,8,0.0378407) (11,8,0.0189559) (12,8,0.0347477) (13,8,-0.0185234) (14,8,0.0120427) (15,8,0.0220574) (1,9,-0.0007103) (8,9,0.0184066) (9,9,0.0795775) (10,9,0.0284079) (11,9,0.0397839) (19,9,-0.039771) (1,10,0.0273476) (4,10,0.0282159) (8,10,0.0378407) (9,10,0.0284079) (10,10,0.0795775) (11,10,0.02884) (13,10,0.0285) (16,10,0.0397698) (20,10,0.0284563) (1,11,-8.82282e-05) (6,11,0.0288756) (8,11,0.0189559) (9,11,0.0397839) (10,11,0.02884) (11,11,0.0795775) (15,11,0.0186071) (18,11,0.0290077) (19,11,0.0397847) (2,12,-0.00175826) (3,12,0.0278565) (7,12,0.0269533) (8,12,0.0347477) (12,12,0.0795775) (13,12,0.000978879) (14,12,0.0289919) (15,12,0.0353958) (16,12,0.027943) (17,12,-4.53992e-05) (18,12,-0.0275883) (2,13,-0.0397811) (4,13,0.0397867) (7,13,-0.0285969) (8,13,-0.0185234) (10,13,0.0285) (12,13,0.000978879) (13,13,0.0795775) (14,13,0.027956) (15,13,0.019039) (16,13,0.0276294) (20,13,0.00097683) (2,14,-0.0285055) (5,14,0.0375716) (7,14,-0.000406615) (8,14,0.0120427) (12,14,0.0289919) (13,14,0.027956) (14,14,0.0795775) (15,14,0.038238) (17,14,0.027284) (20,14,0.0276178) (2,15,-0.0197201) (6,15,0.0377) (7,15,0.0106087) (8,15,0.0220574) (11,15,0.0186071) (12,15,0.0353958) (13,15,0.019039) (14,15,0.038238) (15,15,0.0795775) (18,15,0.037638) (19,15,0.0181057) (3,16,-0.000662223) (4,16,0.0273365) (10,16,0.0397698) (12,16,0.027943) (13,16,0.0276294) (16,16,0.0795775) (17,16,0.0282935) (18,16,0.00103599) (20,16,0.0293011) (3,17,-0.0284423) (5,17,0.0352962) (12,17,-4.53992e-05) (14,17,0.027284) (16,17,0.0282935) (17,17,0.0795775) (18,17,0.0287025) (20,17,-0.00190977) (3,18,-0.039787) (6,18,0.0397883) (11,18,0.0290077) (12,18,-0.0275883) (15,18,0.037638) (16,18,0.00103599) (17,18,0.0287025) (18,18,0.0795775) (19,18,0.028618) (6,19,0.0284839) (9,19,-0.039771) (11,19,0.0397847) (15,19,0.0181057) (18,19,0.028618) (19,19,0.0795775) (4,20,0.000571863) (5,20,0.0166511) (10,20,0.0284563) (13,20,0.00097683) (14,20,0.0276178) (16,20,0.0293011) (17,20,-0.00190977) (20,20,0.0795775) 
Minv:
size: 27 27
(0,0,0.0397887) (1,1,0.0397887) (2,2,0.0795775) (3,3,0.0397887) (4,4,0.0397887) (5,5,0.0795775) (6,6,0.0397887) (7,7,0.0397887) (8,8,0.0795775) (9,9,0.0397887) (10,10,0.0397887) (11,11,0.0795775) (12,12,0.0397887) (13,13,0.0397887) (14,14,0.0795775) (15,15,0.0397887) (16,16,0.0397887) (17,17,0.0795775) (18,18,0.0397887) (19,19,0.0397887) (20,20,0.0795775) (21,21,0.0397887) (22,22,0.0397887) (23,23,0.0795775) (24,24,0.0397887) (25,25,0.0397887) (26,26,0.0795775) 
v0:
size: 27 1
(0,0,0.944336) (1,0,0.315007) (2,0,0) (3,0,-0.957565) (4,0,-0.528478) (5,0,0) (6,0,0.231838) (7,0,0.205477) (8,0,0) (9,0,-0.432994) (10,0,0.748811) (11,0,0) (12,0,0.981668) (13,0,-0.288094) (14,0,0) (15,0,0.161953) (16,0,0.797756) (17,0,0) (18,0,-0.591708) (19,0,-0.0256875) (20,0,0) (21,0,0.636713) (22,0,-0.341683) (23,0,0) (24,0,-0.128568) (25,0,0.143101) (26,0,0) 
ipopt_sol:
size: 21 1
(0,0,22.1295) (1,0,1.05125e-07) (2,0,22.2665) (3,0,7.61043e-08) (4,0,22.2106) (5,0,8.38477e-08) (6,0,7.57183e-08) (7,0,7.68835e-08) (8,0,2.41827) (9,0,0.997183) (10,0,1.67835e-07) (11,0,4.52119e-06) (12,0,28.1931) (13,0,6.15449e-06) (14,0,3.64383e-07) (15,0,1.23942e-07) (16,0,13.1451) (17,0,2.71526e-07) (18,0,22.5879) (19,0,1.91613e-06) (20,0,4.00705) 
policy_sol:
size: 21 1
(0,0,22.1295) (1,0,0) (2,0,22.2665) (3,0,0) (4,0,22.2106) (5,0,0) (6,0,0) (7,0,0) (8,0,2.41827) (9,0,0.997183) (10,0,0) (11,0,0) (12,0,28.1931) (13,0,0) (14,0,0) (15,0,0) (16,0,13.1451) (17,0,0) (18,0,22.5879) (19,0,0) (20,0,4.00705) 

policy_converges:
1
