Git Revision:     3cfe7dc3fe6810e9e399640d632720aa3564fe80
Build Mode:       Debug
C Compiler:       /usr/bin/cc
C++ Compiler:     /usr/bin/c++
Fortran Compiler: gfortran
Body count: 9
No end time specified. Simulation will run indefinitely.
N:
size: 27 16
(0,0,0.014375) (1,0,-0.999897) (6,0,-0.014375) (7,0,0.999897) (0,1,-0.998841) (1,1,-0.048136) (9,1,0.998841) (10,1,0.048136) (0,2,-0.681568) (1,2,-0.731755) (12,2,0.681568) (13,2,0.731755) (0,3,-0.999875) (1,3,-0.0158404) (18,3,0.999875) (19,3,0.0158404) (0,4,-0.886121) (1,4,-0.463454) (21,4,0.886121) (22,4,0.463454) (0,5,-0.691224) (1,5,-0.722641) (24,5,0.691224) (25,5,0.722641) (3,6,0.0636462) (4,6,-0.997973) (6,6,-0.0636462) (7,6,0.997973) (6,7,-0.456735) (7,7,0.889603) (9,7,0.456735) (10,7,-0.889603) (6,8,-0.721437) (7,8,0.69248) (12,8,0.721437) (13,8,-0.69248) (6,9,-0.708578) (7,9,0.705633) (18,9,0.708578) (19,9,-0.705633) (9,10,-0.999864) (10,10,0.0164835) (18,10,0.999864) (19,10,-0.0164835) (12,11,-0.695689) (13,11,0.718343) (18,11,0.695689) (19,11,-0.718343) (12,12,-0.700773) (13,12,-0.713385) (24,12,0.700773) (25,12,0.713385) (15,13,-0.998106) (16,13,-0.061514) (24,13,0.998106) (25,13,0.061514) (18,14,-0.00846266) (19,14,-0.999964) (24,14,0.00846266) (25,14,0.999964) (21,15,0.0557676) (22,15,-0.998444) (24,15,-0.0557676) (25,15,0.998444) 
Q:
size: 16 16
(0,0,0.0795775) (1,0,0.00134377) (2,0,0.0287228) (3,0,5.83162e-05) (4,0,0.0179315) (5,0,0.0283546) (6,0,0.0397404) (7,0,0.0356538) (8,0,0.0279627) (9,0,0.0284786) (0,1,0.00134377) (1,1,0.0795775) (2,1,0.0284888) (3,1,0.039768) (4,1,0.0361044) (5,1,0.0288551) (7,1,0.016448) (10,1,-0.0397056) (0,2,0.0287228) (1,2,0.0284888) (2,2,0.0795775) (3,2,0.0275765) (4,2,0.0375242) (5,2,0.0397852) (8,2,-0.000597516) (11,2,0.00204882) (12,2,-0.0397747) (0,3,5.83162e-05) (1,3,0.039768) (2,3,0.0275765) (3,3,0.0795775) (4,3,0.0355453) (5,3,0.0279549) (9,3,0.0277451) (10,3,0.0397679) (11,3,0.0272244) (14,3,-0.000966925) (0,4,0.0179315) (1,4,0.0361044) (2,4,0.0375242) (3,4,0.0355453) (4,4,0.0795775) (5,4,0.0376966) (15,4,-0.0164453) (0,5,0.0283546) (1,5,0.0288551) (2,5,0.0397852) (3,5,0.0279549) (4,5,0.0376966) (5,5,0.0795775) (12,5,0.0397852) (13,5,0.0292195) (14,5,0.0289847) (15,5,0.0271744) (0,6,0.0397404) (6,6,0.0795775) (7,6,0.036481) (8,6,0.029324) (9,6,0.0298137) (0,7,0.0356538) (1,7,0.016448) (6,7,0.036481) (7,7,0.0795775) (8,7,0.0376217) (9,7,0.0378536) (10,7,-0.0187539) (0,8,0.0279627) (2,8,-0.000597516) (6,8,0.029324) (7,8,0.0376217) (8,8,0.0795775) (9,8,0.039782) (11,8,-0.0397622) (12,8,-0.000459926) (0,9,0.0284786) (3,9,0.0277451) (6,9,0.0298137) (7,9,0.0378536) (8,9,0.039782) (9,9,0.0795775) (10,9,0.0286524) (11,9,0.0397822) (14,9,0.0278366) (1,10,-0.0397056) (3,10,0.0397679) (7,10,-0.0187539) (9,10,0.0286524) (10,10,0.0795775) (11,10,0.0281479) (14,10,0.000319161) (2,11,0.00204882) (3,11,0.0272244) (8,11,-0.0397622) (9,11,0.0397822) (10,11,0.0281479) (11,11,0.0795775) (12,11,-0.000992151) (14,11,0.0283467) (2,12,-0.0397747) (5,12,0.0397852) (8,12,-0.000459926) (11,12,-0.000992151) (12,12,0.0795775) (13,12,0.0295761) (14,12,0.0286196) (15,12,0.0267855) (5,13,0.0292195) (12,13,0.0295761) (13,13,0.0795775) (14,13,0.00278356) (15,13,0.000229036) (3,14,-0.000966925) (5,14,0.0289847) (9,14,0.0278366) (10,14,0.000319161) (11,14,0.0283467) (12,14,0.0286196) (13,14,0.00278356) (14,14,0.0795775) (15,14,0.0397066) (4,15,-0.0164453) (5,15,0.0271744) (12,15,0.0267855) (13,15,0.000229036) (14,15,0.0397066) (15,15,0.0795775) 
Minv:
size: 27 27
(0,0,0.0397887) (1,1,0.0397887) (2,2,0.0795775) (3,3,0.0397887) (4,4,0.0397887) (5,5,0.0795775) (6,6,0.0397887) (7,7,0.0397887) (8,8,0.0795775) (9,9,0.0397887) (10,10,0.0397887) (11,11,0.0795775) (12,12,0.0397887) (13,13,0.0397887) (14,14,0.0795775) (15,15,0.0397887) (16,16,0.0397887) (17,17,0.0795775) (18,18,0.0397887) (19,19,0.0397887) (20,20,0.0795775) (21,21,0.0397887) (22,22,0.0397887) (23,23,0.0795775) (24,24,0.0397887) (25,25,0.0397887) (26,26,0.0795775) 
v0:
size: 27 1
(0,0,0.916297) (1,0,-0.227529) (2,0,0) (3,0,-0.737602) (4,0,0.0738081) (5,0,0) (6,0,-0.404422) (7,0,-0.443244) (8,0,0) (9,0,-0.611964) (10,0,-0.334869) (11,0,0) (12,0,-0.217612) (13,0,-0.0747566) (14,0,0) (15,0,-0.0413806) (16,0,0.496152) (17,0,0) (18,0,-0.775514) (19,0,-0.00382249) (20,0,0) (21,0,0.256193) (22,0,0.617111) (23,0,0) (24,0,-0.406206) (25,0,-0.37495) (26,0,0) 
ipopt_sol:
size: 16 1
(0,0,4.1125e-07) (1,0,54.0763) (2,0,4.05483e-07) (3,0,5.54383e-06) (4,0,6.75417e-08) (5,0,1.81517e-07) (6,0,13.5015) (7,0,2.09818e-07) (8,0,5.6566e-07) (9,0,5.98303e-07) (10,0,31.2283) (11,0,0.00104909) (12,0,3.43683e-07) (13,0,10.4295) (14,0,3.51502e-07) (15,0,23.936) 
policy_sol:
size: 16 1
(0,0,0) (1,0,54.0765) (2,0,0) (3,0,0) (4,0,0) (5,0,0) (6,0,13.5015) (7,0,0) (8,0,0) (9,0,0) (10,0,31.2288) (11,0,0) (12,0,0) (13,0,10.4295) (14,0,0) (15,0,23.936) 

policy_converges:
1
