Git Revision:     18345a57b34405566a64d0bf3d2a118f1cdbade3
Build Mode:       Debug
C Compiler:       /usr/bin/cc
C++ Compiler:     /usr/bin/c++
Fortran Compiler: gfortran
Body count: 9
No end time specified. Simulation will run indefinitely.
N:
size: 27 17
(0,0,0.0273307) (1,0,-0.999626) (3,0,-0.0273307) (4,0,0.999626) (0,1,0.0437221) (1,1,-0.999044) (6,1,-0.0437221) (7,1,0.999044) (0,2,-0.999483) (1,2,0.0321616) (9,2,0.999483) (10,2,-0.0321616) (0,3,-0.68528) (1,3,-0.728279) (12,3,0.68528) (13,3,0.728279) (0,4,-0.43875) (1,4,-0.898609) (15,4,0.43875) (16,4,0.898609) (0,5,-0.999881) (1,5,-0.0153944) (18,5,0.999881) (19,5,0.0153944) (0,6,-0.880743) (1,6,-0.473595) (21,6,0.880743) (22,6,0.473595) (0,7,-0.707458) (1,7,-0.706755) (24,7,0.707458) (25,7,0.706755) (3,8,-0.99972) (4,8,-0.023666) (21,8,0.99972) (22,8,0.023666) (6,9,-0.996803) (7,9,0.0799021) (15,9,0.996803) (16,9,-0.0799021) (6,10,-0.895644) (7,10,0.444773) (21,10,0.895644) (22,10,-0.444773) (9,11,0.0311042) (10,11,-0.999516) (12,11,-0.0311042) (13,11,0.999516) (9,12,-0.998164) (10,12,-0.0605774) (18,12,0.998164) (19,12,0.0605774) (12,13,-0.736122) (13,13,0.676848) (18,13,0.736122) (19,13,-0.676848) (12,14,-0.998103) (13,14,-0.0615599) (21,14,0.998103) (22,14,0.0615599) (18,15,-0.0205958) (19,15,-0.999788) (24,15,0.0205958) (25,15,0.999788) (21,16,-0.059325) (22,16,-0.998239) (24,16,0.059325) (25,16,0.998239) 
Q:
size: 17 17
(0,0,0.0795775) (1,0,0.0397834) (2,0,-0.00236608) (3,0,0.0282213) (4,0,0.0352641) (5,0,-0.00047503) (6,0,0.0178789) (7,0,0.0273411) (8,0,0.00014586) (0,1,0.0397834) (1,1,0.0795775) (2,1,-0.00301719) (3,1,0.0277575) (4,1,0.0349571) (5,1,-0.0011275) (6,1,0.0172935) (7,1,0.0268633) (9,1,0.00491025) (10,1,0.0192381) (0,2,-0.00236608) (1,2,-0.00301719) (2,2,0.0795775) (3,2,0.0263204) (4,2,0.0162983) (5,2,0.0397437) (6,2,0.0344195) (7,2,0.0272299) (11,2,0.002516) (12,2,-0.0396176) (0,3,0.0282213) (1,3,0.0277575) (2,3,0.0263204) (3,3,0.0795775) (4,3,0.0380024) (5,3,0.0277093) (6,3,0.0377382) (7,3,0.0397697) (11,3,0.0281152) (13,3,-0.000458191) (14,3,-0.0289986) (0,4,0.0352641) (1,4,0.0349571) (2,4,0.0162983) (3,4,0.0380024) (4,4,0.0795775) (5,4,0.0180056) (6,4,0.0323085) (7,4,0.03762) (9,4,0.0145446) (0,5,-0.00047503) (1,5,-0.0011275) (2,5,0.0397437) (3,5,0.0277093) (4,5,0.0180056) (5,5,0.0795775) (6,5,0.0353296) (7,5,0.0285784) (12,5,0.0397481) (13,5,0.0288713) (15,5,-0.00143178) (0,6,0.0178789) (1,6,0.0172935) (2,6,0.0344195) (3,6,0.0377382) (4,6,0.0323085) (5,6,0.0353296) (6,6,0.0795775) (7,6,0.0381098) (8,6,0.0354798) (10,6,0.0230054) (14,6,0.0361372) (16,6,-0.0208895) (0,7,0.0273411) (1,7,0.0268633) (2,7,0.0272299) (3,7,0.0397697) (4,7,0.03762) (5,7,0.0285784) (6,7,0.0381098) (7,7,0.0795775) (15,7,0.0286947) (16,7,0.0297413) (0,8,0.00014586) (6,8,0.0354798) (8,8,0.0795775) (10,8,0.0352077) (14,8,0.0397601) (16,8,-0.00329979) (1,9,0.00491025) (4,9,0.0145446) (9,9,0.0795775) (10,9,0.0369366) (1,10,0.0192381) (6,10,0.0230054) (8,10,0.0352077) (9,10,0.0369366) (10,10,0.0795775) (14,10,0.0344795) (16,10,0.0155516) (2,11,0.002516) (3,11,0.0281152) (11,11,0.0795775) (12,11,0.00117381) (13,11,0.0278289) (14,11,-0.00121296) (2,12,-0.0396176) (5,12,0.0397481) (11,12,0.00117381) (12,12,0.0795775) (13,12,0.0276042) (15,12,-0.00322776) (3,13,-0.000458191) (5,13,0.0288713) (11,13,0.0278289) (12,13,0.0276042) (13,13,0.0795775) (14,13,0.027576) (15,13,0.026322) (3,14,-0.0289986) (6,14,0.0361372) (8,14,0.0397601) (10,14,0.0344795) (11,14,-0.00121296) (13,14,0.027576) (14,14,0.0795775) (16,14,-0.00480106) (5,15,-0.00143178) (7,15,0.0286947) (12,15,-0.00322776) (13,15,0.026322) (15,15,0.0795775) (16,15,0.0397588) (6,16,-0.0208895) (7,16,0.0297413) (8,16,-0.00329979) (10,16,0.0155516) (14,16,-0.00480106) (15,16,0.0397588) (16,16,0.0795775) 
Minv:
size: 27 27
(0,0,0.0397887) (1,1,0.0397887) (2,2,0.0795775) (3,3,0.0397887) (4,4,0.0397887) (5,5,0.0795775) (6,6,0.0397887) (7,7,0.0397887) (8,8,0.0795775) (9,9,0.0397887) (10,10,0.0397887) (11,11,0.0795775) (12,12,0.0397887) (13,13,0.0397887) (14,14,0.0795775) (15,15,0.0397887) (16,16,0.0397887) (17,17,0.0795775) (18,18,0.0397887) (19,19,0.0397887) (20,20,0.0795775) (21,21,0.0397887) (22,22,0.0397887) (23,23,0.0795775) (24,24,0.0397887) (25,25,0.0397887) (26,26,0.0795775) 
v0:
size: 27 1
(0,0,0.984602) (1,0,0.658314) (2,0,0) (3,0,-0.457845) (4,0,-0.532874) (5,0,0) (6,0,-0.159358) (7,0,0.331314) (8,0,0) (9,0,0.112435) (10,0,-0.471309) (11,0,0) (12,0,-0.250034) (13,0,-0.753317) (14,0,0) (15,0,-0.987469) (16,0,0.978932) (17,0,0) (18,0,-0.22807) (19,0,-0.52191) (20,0,0) (21,0,-0.840111) (22,0,0.674058) (23,0,0) (24,0,0.996673) (25,0,-0.790701) (26,0,0) 
ipopt_sol:
size: 17 1
(0,0,10.6196) (1,0,5.48286e-08) (2,0,7.17536e-06) (3,0,44.5764) (4,0,4.19712e-08) (5,0,8.14902) (6,0,11.3778) (7,0,3.926e-08) (8,0,1.40401e-07) (9,0,22.0467) (10,0,7.67534e-08) (11,0,1.22545e-07) (12,0,4.54881) (13,0,1.0709e-07) (14,0,25.9976) (15,0,7.91321e-08) (16,0,38.5651) 
policy_sol:
size: 17 1
(0,0,10.6196) (1,0,0) (2,0,0) (3,0,44.5764) (4,0,0) (5,0,8.14903) (6,0,11.3778) (7,0,0) (8,0,0) (9,0,22.0467) (10,0,0) (11,0,0) (12,0,4.5488) (13,0,0) (14,0,25.9976) (15,0,0) (16,0,38.5651) 

policy_converges:
1
ipopt_converges:
0
