Git Revision:     18345a57b34405566a64d0bf3d2a118f1cdbade3
Build Mode:       Debug
C Compiler:       /usr/bin/cc
C++ Compiler:     /usr/bin/c++
Fortran Compiler: gfortran
Body count: 9
No end time specified. Simulation will run indefinitely.
N:
size: 27 10
(0,0,-0.0407823) (1,0,-0.999168) (3,0,0.0407823) (4,0,0.999168) (3,1,-0.688782) (4,1,0.724969) (9,1,0.688782) (10,1,-0.724969) (3,2,-0.998709) (4,2,0.0507914) (12,2,0.998709) (13,2,-0.0507914) (3,3,-0.694903) (4,3,-0.719103) (15,3,0.694903) (16,3,0.719103) (3,4,-0.879386) (4,4,0.476109) (18,4,0.879386) (19,4,-0.476109) (3,5,-0.999314) (4,5,0.0370286) (21,5,0.999314) (22,5,-0.0370286) (9,6,-0.996656) (10,6,0.0817168) (18,6,0.996656) (19,6,-0.0817168) (9,7,-0.722737) (10,7,-0.691123) (21,7,0.722737) (22,7,0.691123) (12,8,-0.999753) (13,8,0.0222378) (21,8,0.999753) (22,8,-0.0222378) (15,9,-0.683657) (16,9,0.729803) (21,9,0.683657) (22,9,-0.729803) 
Q:
size: 10 10
(0,0,0.0795775) (1,0,0.0277039) (2,0,0.000398661) (3,0,-0.029716) (4,0,0.0175011) (5,0,-0.00014947) (0,1,0.0277039) (1,1,0.0795775) (2,1,0.0288355) (3,1,-0.00169862) (4,1,0.0378339) (5,1,0.0284551) (6,1,-0.0296713) (7,1,0.000128691) (0,2,0.000398661) (1,2,0.0288355) (2,2,0.0795775) (3,2,0.0261604) (4,2,0.0359067) (5,2,0.039785) (8,2,-0.0397725) (0,3,-0.029716) (1,3,-0.00169862) (2,3,0.0261604) (3,3,0.0795775) (4,3,0.0106919) (5,3,0.0265709) (9,3,0.00197863) (0,4,0.0175011) (1,4,0.0378339) (2,4,0.0359067) (3,4,0.0106919) (4,4,0.0795775) (5,4,0.0356671) (6,4,0.0364207) (0,5,-0.00014947) (1,5,0.0284551) (2,5,0.039785) (3,5,0.0265709) (4,5,0.0356671) (5,5,0.0795775) (7,5,0.0277188) (8,5,0.0397844) (9,5,0.0282584) (1,6,-0.0296713) (4,6,0.0364207) (6,6,0.0795775) (7,6,0.0264135) (1,7,0.000128691) (5,7,0.0277188) (6,7,0.0264135) (7,7,0.0795775) (8,7,0.0281382) (9,7,-0.000408992) (2,8,-0.0397725) (5,8,0.0397844) (7,8,0.0281382) (8,8,0.0795775) (9,8,0.0278409) (3,9,0.00197863) (5,9,0.0282584) (7,9,-0.000408992) (8,9,0.0278409) (9,9,0.0795775) 
Minv:
size: 27 27
(0,0,0.0397887) (1,1,0.0397887) (2,2,0.0795775) (3,3,0.0397887) (4,4,0.0397887) (5,5,0.0795775) (6,6,0.0397887) (7,7,0.0397887) (8,8,0.0795775) (9,9,0.0397887) (10,10,0.0397887) (11,11,0.0795775) (12,12,0.0397887) (13,13,0.0397887) (14,14,0.0795775) (15,15,0.0397887) (16,16,0.0397887) (17,17,0.0795775) (18,18,0.0397887) (19,19,0.0397887) (20,20,0.0795775) (21,21,0.0397887) (22,22,0.0397887) (23,23,0.0795775) (24,24,0.0397887) (25,25,0.0397887) (26,26,0.0795775) 
v0:
size: 27 1
(0,0,-0.927918) (1,0,-0.469346) (2,0,0) (3,0,0.902361) (4,0,-0.677324) (5,0,0) (6,0,-0.831074) (7,0,-0.0931485) (8,0,0) (9,0,0.477725) (10,0,-0.503644) (11,0,0) (12,0,-0.343767) (13,0,-0.160972) (14,0,0) (15,0,-0.218624) (16,0,-0.0409434) (17,0,0) (18,0,-0.135865) (19,0,-0.304969) (20,0,0) (21,0,-0.412999) (22,0,-0.0478256) (23,0,0) (24,0,0.870241) (25,0,0.566339) (26,0,0) 
ipopt_sol:
size: 10 1
(0,0,3.12754) (1,0,2.10536e-06) (2,0,43.7517) (3,0,2.12318e-07) (4,0,4.71808e-06) (5,0,1.43299e-05) (6,0,15.7776) (7,0,2.0371e-07) (8,0,23.6697) (9,0,2.15414e-07) 
policy_sol:
size: 10 1
(0,0,3.12755) (1,0,0) (2,0,43.7517) (3,0,0) (4,0,0) (5,0,0) (6,0,15.7776) (7,0,0) (8,0,23.6697) (9,0,0) 

policy_converges:
1
ipopt_converges:
0
