Git Revision:     18345a57b34405566a64d0bf3d2a118f1cdbade3
Build Mode:       Debug
C Compiler:       /usr/bin/cc
C++ Compiler:     /usr/bin/c++
Fortran Compiler: gfortran
Body count: 9
No end time specified. Simulation will run indefinitely.
N:
size: 27 25
(0,0,-0.0485202) (1,0,-0.998822) (3,0,0.0485202) (4,0,0.998822) (0,1,-6.46566e-05) (1,1,-1) (6,1,6.46566e-05) (7,1,1) (0,2,-0.999785) (1,2,0.020714) (9,2,0.999785) (10,2,-0.020714) (0,3,-0.999966) (1,3,0.0082325) (18,3,0.999966) (19,3,-0.0082325) (0,4,-0.893289) (1,4,-0.449482) (21,4,0.893289) (22,4,0.449482) (0,5,-0.709698) (1,5,-0.704506) (24,5,0.709698) (25,5,0.704506) (3,6,-0.692087) (4,6,0.721814) (9,6,0.692087) (10,6,-0.721814) (3,7,-0.888511) (4,7,0.458856) (18,7,0.888511) (19,7,-0.458856) (6,8,-0.453742) (7,8,0.891133) (9,8,0.453742) (10,8,-0.891133) (6,9,-0.716932) (7,9,0.697143) (12,9,0.716932) (13,9,-0.697143) (6,10,-0.707689) (7,10,0.706524) (18,10,0.707689) (19,10,-0.706524) (6,11,-0.999996) (7,11,0.00291334) (24,11,0.999996) (25,11,-0.00291334) (9,12,0.00625439) (10,12,-0.99998) (12,12,-0.00625439) (13,12,0.99998) (9,13,4.15649e-05) (10,13,-1) (15,13,-4.15649e-05) (16,13,1) (9,14,-0.999989) (10,14,-0.00473905) (18,14,0.999989) (19,14,0.00473905) (9,15,-0.693557) (10,15,-0.720402) (21,15,0.693557) (22,15,0.720402) (9,16,-0.437107) (10,16,-0.89941) (24,16,0.437107) (25,16,0.89941) (12,17,-0.698333) (13,17,0.715773) (18,17,0.698333) (19,17,-0.715773) (12,18,-0.999821) (13,18,-0.0189201) (21,18,0.999821) (22,18,0.0189201) (12,19,-0.706113) (13,19,-0.7081) (24,19,0.706113) (25,19,0.7081) (15,20,-0.442853) (16,20,0.896594) (18,20,0.442853) (19,20,-0.896594) (15,21,-0.999988) (16,21,-0.00484692) (24,21,0.999988) (25,21,0.00484692) (18,22,-0.0155766) (19,22,-0.999879) (21,22,0.0155766) (22,22,0.999879) (18,23,0.00559217) (19,23,-0.999984) (24,23,-0.00559217) (25,23,0.999984) (21,24,0.0283179) (22,24,-0.999599) (24,24,-0.0283179) (25,24,0.999599) 
Q:
size: 25 25
(0,0,0.0795775) (1,0,0.039742) (2,0,0.00110693) (3,0,0.00160332) (4,0,0.0195878) (5,0,0.0293685) (6,0,0.0273501) (7,0,0.0165205) (0,1,0.039742) (1,1,0.0795775) (2,1,-0.00082161) (3,1,-0.000324988) (4,1,0.0178866) (5,1,0.0280332) (8,1,0.0354559) (9,1,0.0277366) (10,1,0.0281099) (11,1,0.000113345) (0,2,0.00110693) (1,2,-0.00082161) (2,2,0.0795775) (3,2,0.0397856) (4,2,0.0351648) (5,2,0.0276513) (6,2,0.0281263) (8,2,0.0187844) (12,2,0.00107297) (13,2,0.000825836) (14,2,-0.0397758) (15,2,-0.0269961) (16,2,-0.0166469) (0,3,0.00160332) (1,3,-0.000324988) (2,3,0.0397856) (3,3,0.0795775) (4,3,0.0353944) (5,3,0.0280062) (7,3,0.0355018) (10,3,0.0283885) (14,3,0.0397854) (17,3,0.0280193) (20,3,0.0179136) (22,3,-0.000292231) (23,3,0.000550053) (0,4,0.0195878) (1,4,0.0178866) (2,4,0.0351648) (3,4,0.0353944) (4,4,0.0795775) (5,4,0.0378243) (15,4,0.0375349) (18,4,0.0358749) (22,4,0.0184358) (24,4,-0.0168707) (0,5,0.0293685) (1,5,0.0280332) (2,5,0.0276513) (3,5,0.0280062) (4,5,0.0378243) (5,5,0.0795775) (11,5,0.0281562) (16,5,0.0375547) (19,5,0.0397882) (21,5,0.0283735) (23,5,0.0278731) (24,5,0.0272205) (0,6,0.0273501) (2,6,0.0281263) (6,6,0.0795775) (7,6,0.0376455) (8,6,0.0380882) (12,6,0.0288917) (13,6,0.0287212) (14,6,-0.0274008) (15,6,0.00159136) (16,6,0.0137944) (0,7,0.0165205) (3,7,0.0355018) (6,7,0.0376455) (7,7,0.0795775) (10,7,0.037918) (14,7,0.0352658) (17,7,0.037756) (20,7,0.0320254) (22,7,0.0177044) (23,7,0.0184547) (1,8,0.0354559) (2,8,0.0187844) (6,8,0.0380882) (8,8,0.0795775) (9,8,0.037662) (10,8,0.0378277) (11,8,0.018157) (12,8,0.0355693) (13,8,0.0354578) (14,8,-0.0178856) (15,8,0.013022) (16,8,0.023999) (1,9,0.0277366) (8,9,0.037662) (9,9,0.0795775) (10,9,0.0397853) (11,9,0.0286065) (12,9,-0.0279163) (17,9,-0.0397749) (18,9,-0.0279959) (19,9,-0.000500844) (1,10,0.0281099) (3,10,0.0283885) (7,10,0.037918) (8,10,0.0378277) (9,10,0.0397853) (10,10,0.0795775) (11,10,0.0282398) (14,10,0.0280245) (17,10,0.0397853) (20,10,0.0376747) (22,10,0.0276697) (23,10,0.0282687) (1,11,0.000113345) (5,11,0.0281562) (8,11,0.018157) (9,11,0.0286065) (10,11,0.0282398) (11,11,0.0795775) (16,11,0.0172876) (19,11,0.0280131) (21,11,0.0397875) (23,11,-0.000338421) (24,11,-0.0012426) (2,12,0.00107297) (6,12,0.0288917) (8,12,0.0355693) (9,12,-0.0279163) (12,12,0.0795775) (13,12,0.039788) (14,12,-6.02942e-05) (15,12,0.0284907) (16,12,0.0356769) (17,12,0.0286529) (18,12,-0.000503981) (19,12,-0.0279981) (2,13,0.000825836) (6,13,0.0287212) (8,13,0.0354578) (12,13,0.039788) (13,13,0.0795775) (14,13,0.000186907) (15,13,0.0286627) (16,13,0.0357857) (20,13,0.0356751) (21,13,-0.000191199) (2,14,-0.0397758) (3,14,0.0397854) (6,14,-0.0274008) (7,14,0.0352658) (8,14,-0.0178856) (10,14,0.0280245) (12,14,-6.02942e-05) (13,14,0.000186907) (14,14,0.0795775) (15,14,0.0277313) (16,14,0.0175613) (17,14,0.0276505) (20,14,0.0174513) (22,14,-0.000808304) (23,14,3.39449e-05) (2,15,-0.0269961) (4,15,0.0375349) (6,15,0.00159136) (8,15,0.013022) (12,15,0.0284907) (13,15,0.0286627) (14,15,0.0277313) (15,15,0.0795775) (16,15,0.0378429) (18,15,0.0281331) (22,15,0.0290903) (24,15,-0.0278709) (2,16,-0.0166469) (5,16,0.0375547) (6,16,0.0137944) (8,16,0.023999) (11,16,0.0172876) (12,16,0.0356769) (13,16,0.0357857) (14,16,0.0175613) (15,16,0.0378429) (16,16,0.0795775) (19,16,0.037621) (21,16,0.0175652) (23,16,0.0356886) (24,16,0.0352795) (3,17,0.0280193) (7,17,0.037756) (9,17,-0.0397749) (10,17,0.0397853) (12,17,0.0286529) (14,17,0.0276505) (17,17,0.0795775) (18,17,0.027242) (19,17,-0.000546589) (20,17,0.0378398) (22,17,0.0280435) (23,17,0.0286347) (4,18,0.0358749) (9,18,-0.0279959) (12,18,-0.000503981) (15,18,0.0281331) (17,18,0.027242) (18,18,0.0795775) (19,18,0.0286234) (22,18,0.00137238) (24,18,0.000374029) (5,19,0.0397882) (9,19,-0.000500844) (11,19,0.0280131) (12,19,-0.0279981) (16,19,0.037621) (17,19,-0.000546589) (18,19,0.0286234) (19,19,0.0795775) (21,19,0.0282316) (23,19,0.0280168) (24,19,0.0273675) (3,20,0.0179136) (7,20,0.0320254) (10,20,0.0376747) (13,20,0.0356751) (14,20,0.0174513) (17,20,0.0378398) (20,20,0.0795775) (21,20,0.0174474) (22,20,0.0353956) (23,20,0.0357723) (5,21,0.0283735) (11,21,0.0397875) (13,21,-0.000191199) (16,21,0.0175652) (19,21,0.0282316) (20,21,0.0174474) (21,21,0.0795775) (23,21,-2.96529e-05) (24,21,-0.000933945) (3,22,-0.000292231) (4,22,0.0184358) (7,22,0.0177044) (10,22,0.0276697) (14,22,-0.000808304) (15,22,0.0290903) (17,22,0.0280435) (18,22,0.00137238) (20,22,0.0353956) (22,22,0.0795775) (23,22,0.0397798) (24,22,-0.0397504) (3,23,0.000550053) (5,23,0.0278731) (7,23,0.0184547) (10,23,0.0282687) (11,23,-0.000338421) (14,23,3.39449e-05) (16,23,0.0356886) (17,23,0.0286347) (19,23,0.0280168) (20,23,0.0357723) (21,23,-2.96529e-05) (22,23,0.0397798) (23,23,0.0795775) (24,23,0.0397785) (4,24,-0.0168707) (5,24,0.0272205) (11,24,-0.0012426) (15,24,-0.0278709) (16,24,0.0352795) (18,24,0.000374029) (19,24,0.0273675) (21,24,-0.000933945) (22,24,-0.0397504) (23,24,0.0397785) (24,24,0.0795775) 
Minv:
size: 27 27
(0,0,0.0397887) (1,1,0.0397887) (2,2,0.0795775) (3,3,0.0397887) (4,4,0.0397887) (5,5,0.0795775) (6,6,0.0397887) (7,7,0.0397887) (8,8,0.0795775) (9,9,0.0397887) (10,10,0.0397887) (11,11,0.0795775) (12,12,0.0397887) (13,13,0.0397887) (14,14,0.0795775) (15,15,0.0397887) (16,16,0.0397887) (17,17,0.0795775) (18,18,0.0397887) (19,19,0.0397887) (20,20,0.0795775) (21,21,0.0397887) (22,22,0.0397887) (23,23,0.0795775) (24,24,0.0397887) (25,25,0.0397887) (26,26,0.0795775) 
v0:
size: 27 1
(0,0,0.227478) (1,0,0.226893) (2,0,0) (3,0,-0.492178) (4,0,-0.493507) (5,0,0) (6,0,0.805424) (7,0,0.197873) (8,0,0) (9,0,-0.0466821) (10,0,0.990906) (11,0,0) (12,0,0.956273) (13,0,0.368051) (14,0,0) (15,0,0.866301) (16,0,0.532454) (17,0,0) (18,0,-0.601459) (19,0,-0.0820583) (20,0,0) (21,0,0.57741) (22,0,-0.492616) (23,0,0) (24,0,0.65065) (25,0,-0.661973) (26,0,0) 
ipopt_sol:
size: 25 1
(0,0,18.7063) (1,0,5.06085e-08) (2,0,14.2571) (3,0,3.61724e-06) (4,0,7.90166e-08) (5,0,5.29784e-08) (6,0,0.166551) (7,0,9.16275e-08) (8,0,23.2982) (9,0,2.41873e-07) (10,0,2.52035e-07) (11,0,8.7824e-08) (12,0,14.7102) (13,0,1.66256e-07) (14,0,25.9832) (15,0,1.43571e-06) (16,0,2.979e-06) (17,0,1.77013) (18,0,9.77142e-07) (19,0,28.9423) (20,0,1.28074e-07) (21,0,2.32915e-07) (22,0,9.4958) (23,0,1.36088e-06) (24,0,1.25544e-06) 
policy_sol:
size: 25 1
(0,0,18.7685) (1,0,0) (2,0,13.9047) (3,0,0) (4,0,0) (5,0,0) (6,0,0) (7,0,0) (8,0,23.25) (9,0,0) (10,0,0) (11,0,0) (12,0,2.35883) (13,0,0) (14,0,19.0229) (15,0,0) (16,0,13.8187) (17,0,12.0639) (18,0,-2.00842) (19,0,21.7844) (20,0,0) (21,0,0) (22,0,1.57989) (23,0,0) (24,0,-8.51277) 

policy_converges:
0
ipopt_converges:
0
