Git Revision:     18345a57b34405566a64d0bf3d2a118f1cdbade3
Build Mode:       Debug
C Compiler:       /usr/bin/cc
C++ Compiler:     /usr/bin/c++
Fortran Compiler: gfortran
Body count: 9
No end time specified. Simulation will run indefinitely.
N:
size: 27 5
(6,0,-1) (7,0,-0.000294906) (24,0,1) (25,0,0.000294906) (9,1,-0.996608) (10,1,0.0822954) (18,1,0.996608) (19,1,-0.0822954) (12,2,-0.699252) (13,2,0.714875) (18,2,0.699252) (19,2,-0.714875) (15,3,-0.70283) (16,3,0.711358) (21,3,0.70283) (22,3,-0.711358) (15,4,-0.999802) (16,4,0.0199128) (24,4,0.999802) (25,4,-0.0199128) 
Q:
size: 5 5
(0,0,0.0795775) (4,0,0.0397806) (1,1,0.0795775) (2,1,0.0300688) (1,2,0.0300688) (2,2,0.0795775) (3,3,0.0795775) (4,3,0.0285228) (0,4,0.0397806) (3,4,0.0285228) (4,4,0.0795775) 
Minv:
size: 27 27
(0,0,0.0397887) (1,1,0.0397887) (2,2,0.0795775) (3,3,0.0397887) (4,4,0.0397887) (5,5,0.0795775) (6,6,0.0397887) (7,7,0.0397887) (8,8,0.0795775) (9,9,0.0397887) (10,10,0.0397887) (11,11,0.0795775) (12,12,0.0397887) (13,13,0.0397887) (14,14,0.0795775) (15,15,0.0397887) (16,16,0.0397887) (17,17,0.0795775) (18,18,0.0397887) (19,19,0.0397887) (20,20,0.0795775) (21,21,0.0397887) (22,22,0.0397887) (23,23,0.0795775) (24,24,0.0397887) (25,25,0.0397887) (26,26,0.0795775) 
v0:
size: 27 1
(0,0,-0.65074) (1,0,-0.68873) (2,0,0) (3,0,-0.672838) (4,0,-0.412224) (5,0,0) (6,0,-0.404532) (7,0,0.148973) (8,0,0) (9,0,-0.538107) (10,0,-0.659051) (11,0,0) (12,0,-0.137121) (13,0,-0.448398) (14,0,0) (15,0,0.0499932) (16,0,-0.288409) (17,0,0) (18,0,-0.650701) (19,0,-0.70997) (20,0,0) (21,0,0.157859) (22,0,0.0553086) (23,0,0) (24,0,-0.78658) (25,0,0.905681) (26,0,0) 
ipopt_sol:
size: 5 1
(0,0,9.34116e-07) (1,0,1.26015) (2,0,3.84997) (3,0,3.15561e-07) (4,0,21.6188) 
policy_sol:
size: 5 1
(0,0,0) (1,0,1.26015) (2,0,3.84997) (3,0,0) (4,0,21.6188) 

policy_converges:
1
ipopt_converges:
1
