Git Revision:     18345a57b34405566a64d0bf3d2a118f1cdbade3
Build Mode:       Debug
C Compiler:       /usr/bin/cc
C++ Compiler:     /usr/bin/c++
Fortran Compiler: gfortran
Body count: 9
No end time specified. Simulation will run indefinitely.
N:
size: 27 12
(0,0,-0.999803) (1,0,-0.0198382) (9,0,0.999803) (10,0,0.0198382) (0,1,-0.701473) (1,1,-0.712696) (12,1,0.701473) (13,1,0.712696) (0,2,-0.999415) (1,2,0.0341986) (18,2,0.999415) (19,2,-0.0341986) (0,3,-0.889395) (1,3,-0.457139) (21,3,0.889395) (22,3,0.457139) (3,4,-0.999789) (4,4,0.020532) (12,4,0.999789) (13,4,-0.020532) (3,5,-0.728127) (4,5,-0.685442) (15,5,0.728127) (16,5,0.685442) (3,6,-0.877663) (4,6,0.479278) (18,6,0.877663) (19,6,-0.479278) (3,7,-0.999995) (4,7,-0.00311047) (21,7,0.999995) (22,7,0.00311047) (3,8,-0.899815) (4,8,-0.436272) (24,8,0.899815) (25,8,0.436272) (9,9,-0.99631) (10,9,0.0858314) (18,9,0.99631) (19,9,-0.0858314) (12,10,-0.688094) (13,10,0.725622) (18,10,0.688094) (19,10,-0.725622) (18,11,0.000509156) (19,11,-1) (21,11,-0.000509156) (22,11,1) 
Q:
size: 12 12
(0,0,0.0795775) (1,0,0.0284678) (2,0,0.0397306) (3,0,0.0357418) (9,0,-0.0395664) (0,1,0.0284678) (1,1,0.0795775) (2,1,0.0269246) (3,1,0.0377869) (4,1,0.0273226) (10,1,0.00137146) (0,2,0.0397306) (1,2,0.0269246) (2,2,0.0795775) (3,2,0.0347452) (6,2,0.0355528) (9,2,0.0397355) (10,2,0.0283497) (11,2,0.00138097) (0,3,0.0357418) (1,3,0.0377869) (2,3,0.0347452) (3,3,0.0795775) (7,3,0.0354443) (11,3,0.018171) (1,4,0.0273226) (4,4,0.0795775) (5,4,0.0284052) (6,4,0.0353053) (7,4,0.0397776) (8,4,0.0354385) (10,4,-0.0279654) (4,5,0.0284052) (5,5,0.0795775) (6,5,0.0123557) (7,5,0.029056) (8,5,0.0379672) (2,6,0.0355528) (4,6,0.0353053) (5,6,0.0123557) (6,6,0.0795775) (7,6,0.0348616) (8,6,0.0231029) (9,6,0.036429) (10,6,0.0378665) (11,6,0.0190877) (3,7,0.0354443) (4,7,0.0397776) (5,7,0.029056) (6,7,0.0348616) (7,7,0.0795775) (8,7,0.0358563) (11,7,0.000103503) (4,8,0.0354385) (5,8,0.0379672) (6,8,0.0231029) (7,8,0.0358563) (8,8,0.0795775) (0,9,-0.0395664) (2,9,0.0397355) (6,9,0.036429) (9,9,0.0795775) (10,9,0.0297554) (11,9,0.00343531) (1,10,0.00137146) (2,10,0.0283497) (4,10,-0.0279654) (6,10,0.0378665) (9,10,0.0297554) (10,10,0.0795775) (11,10,0.0288855) (2,11,0.00138097) (3,11,0.018171) (6,11,0.0190877) (7,11,0.000103503) (9,11,0.00343531) (10,11,0.0288855) (11,11,0.0795775) 
Minv:
size: 27 27
(0,0,0.0397887) (1,1,0.0397887) (2,2,0.0795775) (3,3,0.0397887) (4,4,0.0397887) (5,5,0.0795775) (6,6,0.0397887) (7,7,0.0397887) (8,8,0.0795775) (9,9,0.0397887) (10,10,0.0397887) (11,11,0.0795775) (12,12,0.0397887) (13,13,0.0397887) (14,14,0.0795775) (15,15,0.0397887) (16,16,0.0397887) (17,17,0.0795775) (18,18,0.0397887) (19,19,0.0397887) (20,20,0.0795775) (21,21,0.0397887) (22,22,0.0397887) (23,23,0.0795775) (24,24,0.0397887) (25,25,0.0397887) (26,26,0.0795775) 
v0:
size: 27 1
(0,0,0.933496) (1,0,-0.792669) (2,0,0) (3,0,0.973404) (4,0,-0.380937) (5,0,0) (6,0,-0.924986) (7,0,0.486415) (8,0,0) (9,0,0.583619) (10,0,-0.838167) (11,0,0) (12,0,0.024339) (13,0,-0.480271) (14,0,0) (15,0,-0.422357) (16,0,0.935078) (17,0,0) (18,0,-0.747624) (19,0,-0.133246) (20,0,0) (21,0,0.437757) (22,0,-0.362525) (23,0,0) (24,0,0.30351) (25,0,0.346953) (26,0,0) 
ipopt_sol:
size: 12 1
(0,0,30.8392) (1,0,1.13555e-07) (2,0,2.90639e-06) (3,0,1.38144e-07) (4,0,24.7164) (5,0,1.58707e-07) (6,0,5.28268) (7,0,9.35743e-07) (8,0,2.02649e-07) (9,0,44.2974) (10,0,9.28736) (11,0,1.47359e-06) 
policy_sol:
size: 12 1
(0,0,30.8392) (1,0,0) (2,0,0) (3,0,0) (4,0,24.7164) (5,0,0) (6,0,5.28268) (7,0,0) (8,0,0) (9,0,44.2974) (10,0,9.28736) (11,0,0) 

policy_converges:
1
ipopt_converges:
0
