Git Revision:     3cfe7dc3fe6810e9e399640d632720aa3564fe80
Build Mode:       Debug
C Compiler:       /usr/bin/cc
C++ Compiler:     /usr/bin/c++
Fortran Compiler: gfortran
Body count: 9
No end time specified. Simulation will run indefinitely.
N:
size: 27 12
(3,0,-0.684529) (4,0,0.728985) (9,0,0.684529) (10,0,-0.728985) (3,1,-0.999917) (4,1,0.0128788) (12,1,0.999917) (13,1,-0.0128788) (3,2,-0.886909) (4,2,0.461945) (18,2,0.886909) (19,2,-0.461945) (3,3,-0.999918) (4,3,0.0128031) (21,3,0.999918) (22,3,-0.0128031) (6,4,-0.456788) (7,4,0.889576) (9,4,0.456788) (10,4,-0.889576) (6,5,-0.703032) (7,5,0.711158) (12,5,0.703032) (13,5,-0.711158) (9,6,0.049433) (10,6,-0.998777) (12,6,-0.049433) (13,6,0.998777) (9,7,-0.695224) (10,7,-0.718794) (21,7,0.695224) (22,7,0.718794) (9,8,-0.433092) (10,8,-0.90135) (24,8,0.433092) (25,8,0.90135) (18,9,0.0121743) (19,9,-0.999926) (21,9,-0.0121743) (22,9,0.999926) (18,10,0.00952185) (19,10,-0.999955) (24,10,-0.00952185) (25,10,0.999955) (21,11,0.00690141) (22,11,-0.999976) (24,11,-0.00690141) (25,11,0.999976) 
Q:
size: 12 12
(0,0,0.0795775) (1,0,0.0276079) (2,0,0.0375552) (3,0,0.0276057) (4,0,0.0382438) (6,0,0.0303163) (7,0,0.00191341) (8,0,0.0143481) (0,1,0.0276079) (1,1,0.0795775) (2,1,0.0355228) (3,1,0.0397887) (5,1,0.0283348) (6,1,-0.00247852) (0,2,0.0375552) (1,2,0.0355228) (2,2,0.0795775) (3,2,0.0355214) (9,2,0.0188085) (10,2,0.0187154) (0,3,0.0276057) (1,3,0.0397887) (2,3,0.0355214) (3,3,0.0795775) (7,3,0.0272936) (9,3,-0.000993741) (11,3,0.000783982) (0,4,0.0382438) (4,4,0.0795775) (5,4,0.0379491) (6,4,0.0362503) (7,4,0.0128061) (8,4,0.0240319) (1,5,0.0283348) (4,5,0.0379491) (5,5,0.0795775) (6,5,-0.0296443) (0,6,0.0303163) (1,6,-0.00247852) (4,6,0.0362503) (5,6,-0.0296443) (6,6,0.0795775) (7,6,0.0271975) (8,6,0.0349679) (0,7,0.00191341) (3,7,0.0272936) (4,7,0.0128061) (6,7,0.0271975) (7,7,0.0795775) (8,7,0.0377587) (9,7,0.028261) (11,7,-0.0284083) (0,8,0.0143481) (4,8,0.0240319) (6,8,0.0349679) (7,8,0.0377587) (8,8,0.0795775) (10,8,0.0356979) (11,8,0.0357438) (2,9,0.0188085) (3,9,-0.000993741) (7,9,0.028261) (9,9,0.0795775) (10,9,0.0397886) (11,9,-0.0397882) (2,10,0.0187154) (8,10,0.0356979) (9,10,0.0397886) (10,10,0.0795775) (11,10,0.0397886) (3,11,0.000783982) (7,11,-0.0284083) (8,11,0.0357438) (9,11,-0.0397882) (10,11,0.0397886) (11,11,0.0795775) 
Minv:
size: 27 27
(0,0,0.0397887) (1,1,0.0397887) (2,2,0.0795775) (3,3,0.0397887) (4,4,0.0397887) (5,5,0.0795775) (6,6,0.0397887) (7,7,0.0397887) (8,8,0.0795775) (9,9,0.0397887) (10,10,0.0397887) (11,11,0.0795775) (12,12,0.0397887) (13,13,0.0397887) (14,14,0.0795775) (15,15,0.0397887) (16,16,0.0397887) (17,17,0.0795775) (18,18,0.0397887) (19,19,0.0397887) (20,20,0.0795775) (21,21,0.0397887) (22,22,0.0397887) (23,23,0.0795775) (24,24,0.0397887) (25,25,0.0397887) (26,26,0.0795775) 
v0:
size: 27 1
(0,0,-0.275654) (1,0,-0.778958) (2,0,0) (3,0,0.600679) (4,0,-0.828132) (5,0,0) (6,0,-0.996465) (7,0,-0.241711) (8,0,0) (9,0,0.20256) (10,0,0.750869) (11,0,0) (12,0,-0.906221) (13,0,0.0844985) (14,0,0) (15,0,-0.789875) (16,0,0.820747) (17,0,0) (18,0,0.928618) (19,0,0.259242) (20,0,0) (21,0,0.530796) (22,0,0.0100496) (23,0,0) (24,0,0.766284) (25,0,-0.513152) (26,0,0) 
ipopt_sol:
size: 12 1
(0,0,22.8407) (1,0,30.344) (2,0,4.11674e-08) (3,0,3.98504e-08) (4,0,1.62743e-07) (5,0,2.04242e-07) (6,0,3.31858) (7,0,5.22822) (8,0,5.66157) (9,0,3.21035e-05) (10,0,14.1016) (11,0,5.46268) 
policy_sol:
size: 12 1
(0,0,22.8407) (1,0,30.344) (2,0,0) (3,0,0) (4,0,0) (5,0,0) (6,0,3.31857) (7,0,5.22822) (8,0,5.66158) (9,0,0) (10,0,14.1016) (11,0,5.46265) 

policy_converges:
1
