Git Revision:     3cfe7dc3fe6810e9e399640d632720aa3564fe80
Build Mode:       Debug
C Compiler:       /usr/bin/cc
C++ Compiler:     /usr/bin/c++
Fortran Compiler: gfortran
Body count: 9
No end time specified. Simulation will run indefinitely.
N:
size: 27 9
(0,0,0.0954288) (1,0,-0.995436) (3,0,-0.0954288) (4,0,0.995436) (3,1,-0.703549) (4,1,0.710647) (9,1,0.703549) (10,1,-0.710647) (9,2,-0.0901543) (10,2,-0.995928) (12,2,0.0901543) (13,2,0.995928) (9,3,-0.0416127) (10,3,-0.999134) (15,3,0.0416127) (16,3,0.999134) (9,4,-0.712101) (10,4,-0.702077) (21,4,0.712101) (22,4,0.702077) (9,5,-0.468755) (10,5,-0.883328) (24,5,0.468755) (25,5,0.883328) (12,6,-0.709186) (13,6,0.705022) (18,6,0.709186) (19,6,-0.705022) (15,7,-0.999691) (16,7,-0.0248529) (24,7,0.999691) (25,7,0.0248529) (18,8,0.0342836) (19,8,-0.999412) (21,8,-0.0342836) (22,8,0.999412) 
Q:
size: 9 9
(0,0,0.0795775) (1,0,0.0308181) (0,1,0.0308181) (1,1,0.0795775) (2,1,0.0256369) (3,1,0.0270864) (4,1,-8.23109e-05) (5,1,0.0118548) (1,2,0.0256369) (2,2,0.0795775) (3,2,0.0397417) (4,2,0.0303754) (5,2,0.0366849) (6,2,0.0253937) (1,3,0.0270864) (2,3,0.0397417) (3,3,0.0795775) (4,3,0.0290896) (5,3,0.0358922) (7,3,-0.00264321) (1,4,-8.23109e-05) (2,4,0.0303754) (3,4,0.0290896) (4,4,0.0795775) (5,4,0.0379571) (8,4,0.026947) (1,5,0.0118548) (2,5,0.0366849) (3,5,0.0358922) (4,5,0.0379571) (5,5,0.0795775) (7,5,0.0195189) (2,6,0.0253937) (6,6,0.0795775) (8,6,0.0290028) (3,7,-0.00264321) (5,7,0.0195189) (7,7,0.0795775) (4,8,0.026947) (6,8,0.0290028) (8,8,0.0795775) 
Minv:
size: 27 27
(0,0,0.0397887) (1,1,0.0397887) (2,2,0.0795775) (3,3,0.0397887) (4,4,0.0397887) (5,5,0.0795775) (6,6,0.0397887) (7,7,0.0397887) (8,8,0.0795775) (9,9,0.0397887) (10,10,0.0397887) (11,11,0.0795775) (12,12,0.0397887) (13,13,0.0397887) (14,14,0.0795775) (15,15,0.0397887) (16,16,0.0397887) (17,17,0.0795775) (18,18,0.0397887) (19,19,0.0397887) (20,20,0.0795775) (21,21,0.0397887) (22,22,0.0397887) (23,23,0.0795775) (24,24,0.0397887) (25,25,0.0397887) (26,26,0.0795775) 
v0:
size: 27 1
(0,0,-0.237566) (1,0,0.0169401) (2,0,0) (3,0,-0.755971) (4,0,-0.573072) (5,0,0) (6,0,-0.426701) (7,0,0.749967) (8,0,0) (9,0,0.5252) (10,0,0.849088) (11,0,0) (12,0,0.54102) (13,0,-0.528873) (14,0,0) (15,0,0.315774) (16,0,0.586857) (17,0,0) (18,0,0.649705) (19,0,0.261878) (20,0,0) (21,0,0.773642) (22,0,-0.177949) (23,0,0) (24,0,-0.205652) (25,0,0.821993) (26,0,0) 
ipopt_sol:
size: 9 1
(0,0,13.5176) (1,0,7.40715e-08) (2,0,34.455) (3,0,1.0455e-07) (4,0,3.41181e-07) (5,0,1.05989e-07) (6,0,3.72603e-07) (7,0,12.954) (8,0,11.1544) 
policy_sol:
size: 9 1
(0,0,13.5176) (1,0,0) (2,0,34.455) (3,0,0) (4,0,0) (5,0,0) (6,0,0) (7,0,12.954) (8,0,11.1544) 

policy_converges:
1
