Git Revision:     3cfe7dc3fe6810e9e399640d632720aa3564fe80
Build Mode:       Debug
C Compiler:       /usr/bin/cc
C++ Compiler:     /usr/bin/c++
Fortran Compiler: gfortran
Body count: 9
No end time specified. Simulation will run indefinitely.
N:
size: 27 23
(0,0,0.00337332) (1,0,-0.999994) (6,0,-0.00337332) (7,0,0.999994) (0,1,-0.999772) (1,1,0.0213446) (9,1,0.999772) (10,1,-0.0213446) (0,2,-0.702148) (1,2,-0.712031) (12,2,0.702148) (13,2,0.712031) (3,3,0.00236906) (4,3,-0.999997) (6,3,-0.00236906) (7,3,0.999997) (3,4,-0.687349) (4,4,0.726327) (9,4,0.687349) (10,4,-0.726327) (3,5,-0.999988) (4,5,0.00481866) (12,5,0.999988) (13,5,-0.00481866) (3,6,-0.721866) (4,6,-0.692033) (15,6,0.721866) (16,6,0.692033) (3,7,-0.907342) (4,7,0.420394) (18,7,0.907342) (19,7,-0.420394) (3,8,-0.999987) (4,8,0.0050817) (21,8,0.999987) (22,8,-0.0050817) (3,9,-0.899086) (4,9,-0.437772) (24,9,0.899086) (25,9,0.437772) (6,10,-0.428749) (7,10,0.903424) (9,10,0.428749) (10,10,-0.903424) (6,11,-0.694335) (7,11,0.719652) (12,11,0.694335) (13,11,-0.719652) (6,12,-0.999881) (7,12,0.0154315) (15,12,0.999881) (16,12,-0.0154315) (6,13,-0.720406) (7,13,0.693553) (18,13,0.720406) (19,13,-0.693553) (6,14,-0.88498) (7,14,0.465629) (21,14,0.88498) (22,14,-0.465629) (6,15,-0.999769) (7,15,0.0214851) (24,15,0.999769) (25,15,-0.0214851) (9,16,-0.019759) (10,16,-0.999805) (12,16,0.019759) (13,16,0.999805) (9,17,-0.0399091) (10,17,-0.999203) (15,17,0.0399091) (16,17,0.999203) (12,18,-0.0601635) (13,18,-0.998189) (15,18,0.0601635) (16,18,0.998189) (15,19,-0.453329) (16,19,0.891343) (18,19,0.453329) (19,19,-0.891343) (15,20,-0.667196) (16,20,0.744882) (21,20,0.667196) (22,20,-0.744882) (15,21,-0.999605) (16,21,0.0281064) (24,21,0.999605) (25,21,-0.0281064) (18,22,0.0881813) (19,22,-0.996104) (21,22,-0.0881813) (22,22,0.996104) 
Q:
size: 23 23
(0,0,0.0795775) (1,0,-0.000983458) (2,0,0.0282364) (3,0,0.0397887) (10,0,0.0360034) (11,0,0.0287271) (12,0,0.000748199) (13,0,0.0276921) (14,0,0.0186455) (15,0,0.000989051) (0,1,-0.000983458) (1,1,0.0795775) (2,1,0.0273265) (4,1,0.0279594) (10,1,0.0178227) (16,1,6.30994e-05) (17,1,-0.000738974) (0,2,0.0282364) (1,2,0.0273265) (2,2,0.0795775) (5,2,0.0278008) (11,2,-0.000990247) (16,2,0.0288773) (18,2,-0.0299603) (0,3,0.0397887) (3,3,0.0795775) (4,3,-0.0289643) (5,3,-0.000285989) (6,3,0.027467) (7,3,-0.0168124) (8,3,-0.000296454) (9,3,0.0173336) (10,3,0.0359864) (11,3,0.0286994) (12,3,0.000708247) (13,3,0.0276634) (14,3,0.0186102) (15,3,0.000949104) (1,4,0.0279594) (3,4,-0.0289643) (4,4,0.0795775) (5,4,0.0274877) (6,4,-0.000257375) (7,4,0.0369639) (8,4,0.0274953) (9,4,0.0119374) (10,4,0.0378344) (16,4,0.0283536) (17,4,0.0277851) (2,5,0.0278008) (3,5,-0.000285989) (4,5,0.0274877) (5,5,0.0795775) (6,5,0.0285891) (7,5,0.0361822) (8,5,0.0397887) (9,5,0.0356891) (11,5,0.0277644) (16,5,0.000594487) (18,5,-0.00220242) (3,6,0.027467) (4,6,-0.000257375) (5,6,0.0285891) (6,6,0.0795775) (7,6,0.0144852) (8,6,0.0285818) (9,6,0.0378778) (12,6,0.0282938) (17,6,0.0286595) (18,6,0.0292133) (19,6,0.0115227) (20,6,0.00134712) (21,6,-0.0279369) (3,7,-0.0168124) (4,7,0.0369639) (5,7,0.0361822) (6,7,0.0144852) (7,7,0.0795775) (8,7,0.0361865) (9,7,0.0251362) (13,7,0.0376091) (19,7,0.0312755) (22,7,0.0198453) (3,8,-0.000296454) (4,8,0.0274953) (5,8,0.0397887) (6,8,0.0285818) (7,8,0.0361865) (8,8,0.0795775) (9,8,0.0356845) (14,8,0.0353059) (20,8,0.0266972) (22,8,-0.00370998) (3,9,0.0173336) (4,9,0.0119374) (5,9,0.0356891) (6,9,0.0378778) (7,9,0.0251362) (8,9,0.0356845) (9,9,0.0795775) (15,9,0.035391) (21,9,0.0352698) (0,10,0.0360034) (1,10,0.0178227) (3,10,0.0359864) (4,10,0.0378344) (10,10,0.0795775) (11,10,0.0377136) (12,10,0.017612) (13,10,0.0372202) (14,10,0.0318348) (15,10,0.0178277) (16,10,0.035602) (17,10,0.0352366) (0,11,0.0287271) (2,11,-0.000990247) (3,11,0.0286994) (5,11,0.0277644) (10,11,0.0377136) (11,11,0.0795775) (12,11,0.0280653) (13,11,0.0397617) (14,11,0.0377819) (15,11,0.0282356) (16,11,-0.0280826) (18,11,0.02692) (0,12,0.000748199) (3,12,0.000708247) (6,12,0.0282938) (10,12,0.017612) (11,12,0.0280653) (12,12,0.0795775) (13,12,0.0290865) (14,12,0.0354939) (15,12,0.039788) (17,12,0.000974234) (18,12,0.00178066) (19,12,-0.0185825) (20,12,-0.0270011) (21,12,-0.0397855) (0,13,0.0276921) (3,13,0.0276634) (7,13,0.0376091) (10,13,0.0372202) (11,13,0.0397617) (12,13,0.0290865) (13,13,0.0795775) (14,13,0.0382164) (15,13,0.0292503) (19,13,0.0375914) (22,13,0.0300157) (0,14,0.0186455) (3,14,0.0186102) (8,14,0.0353059) (10,14,0.0318348) (11,14,0.0377819) (12,14,0.0354939) (13,14,0.0382164) (14,14,0.0795775) (15,14,0.0356021) (20,14,0.0372938) (22,14,-0.0215597) (0,15,0.000989051) (3,15,0.000949104) (9,15,0.035391) (10,15,0.0178277) (11,15,0.0282356) (12,15,0.039788) (13,15,0.0292503) (14,15,0.0356021) (15,15,0.0795775) (21,15,0.0397879) (1,16,6.30994e-05) (2,16,0.0288773) (4,16,0.0283536) (5,16,0.000594487) (10,16,0.035602) (11,16,-0.0280826) (16,16,0.0795775) (17,16,0.0397807) (18,16,-0.0397562) (1,17,-0.000738974) (4,17,0.0277851) (6,17,0.0286595) (10,17,0.0352366) (12,17,0.000974234) (16,17,0.0397807) (17,17,0.0795775) (18,17,0.0397806) (19,17,0.0347173) (20,17,0.0285548) (21,17,-0.000469876) (2,18,-0.0299603) (5,18,-0.00220242) (6,18,0.0292133) (11,18,0.02692) (12,18,0.00178066) (16,18,-0.0397562) (17,18,0.0397806) (18,18,0.0795775) (19,18,0.034316) (20,18,0.0279871) (21,18,-0.00127659) (6,19,0.0115227) (7,19,0.0312755) (12,19,-0.0185825) (13,19,0.0375914) (17,19,0.0347173) (18,19,0.034316) (19,19,0.0795775) (20,19,0.038452) (21,19,0.0190271) (22,19,0.0369178) (6,20,0.00134712) (8,20,0.0266972) (12,20,-0.0270011) (14,20,0.0372938) (17,20,0.0285548) (18,20,0.0279871) (19,20,0.038452) (20,20,0.0795775) (21,20,0.0273694) (22,20,-0.0318634) (6,21,-0.0279369) (9,21,0.0352698) (12,21,-0.0397855) (15,21,0.0397879) (17,21,-0.000469876) (18,21,-0.00127659) (19,21,0.0190271) (20,21,0.0273694) (21,21,0.0795775) (7,22,0.0198453) (8,22,-0.00370998) (13,22,0.0300157) (14,22,-0.0215597) (19,22,0.0369178) (20,22,-0.0318634) (22,22,0.0795775) 
Minv:
size: 27 27
(0,0,0.0397887) (1,1,0.0397887) (2,2,0.0795775) (3,3,0.0397887) (4,4,0.0397887) (5,5,0.0795775) (6,6,0.0397887) (7,7,0.0397887) (8,8,0.0795775) (9,9,0.0397887) (10,10,0.0397887) (11,11,0.0795775) (12,12,0.0397887) (13,13,0.0397887) (14,14,0.0795775) (15,15,0.0397887) (16,16,0.0397887) (17,17,0.0795775) (18,18,0.0397887) (19,19,0.0397887) (20,20,0.0795775) (21,21,0.0397887) (22,22,0.0397887) (23,23,0.0795775) (24,24,0.0397887) (25,25,0.0397887) (26,26,0.0795775) 
v0:
size: 27 1
(0,0,-0.0767099) (1,0,0.152972) (2,0,0) (3,0,0.713166) (4,0,0.688418) (5,0,0) (6,0,0.403309) (7,0,-0.14552) (8,0,0) (9,0,-0.778098) (10,0,0.900388) (11,0,0) (12,0,-0.618129) (13,0,0.358938) (14,0,0) (15,0,0.289424) (16,0,0.0094612) (17,0,0) (18,0,0.522351) (19,0,0.47138) (20,0,0) (21,0,0.212198) (22,0,0.113966) (23,0,0) (24,0,-0.15416) (25,0,0.667785) (26,0,0) 
ipopt_sol:
size: 23 1
(0,0,1.27893e-07) (1,0,10.0636) (2,0,1.79654e-07) (3,0,13.9061) (4,0,12.358) (5,0,24.997) (6,0,7.61985) (7,0,6.34354e-08) (8,0,1.64398e-07) (9,0,1.56892e-07) (10,0,16.312) (11,0,4.41517) (12,0,2.63491) (13,0,1.02549e-07) (14,0,3.14268e-07) (15,0,1.16674e-05) (16,0,2.97605) (17,0,3.93238) (18,0,3.50968) (19,0,3.06983e-07) (20,0,1.59043e-06) (21,0,15.681) (22,0,8.26044) 
policy_sol:
size: 23 1
(0,0,0) (1,0,10.0636) (2,0,0) (3,0,20.108) (4,0,22.8015) (5,0,16.4333) (6,0,9.5593) (7,0,0) (8,0,0) (9,0,0) (10,0,0) (11,0,16.302) (12,0,1.36037) (13,0,0) (14,0,0) (15,0,0) (16,0,7.98681) (17,0,6.07558) (18,0,0) (19,0,0) (20,0,0) (21,0,15.681) (22,0,8.26044) 

policy_converges:
1
