Git Revision:     18345a57b34405566a64d0bf3d2a118f1cdbade3
Build Mode:       Debug
C Compiler:       /usr/bin/cc
C++ Compiler:     /usr/bin/c++
Fortran Compiler: gfortran
Body count: 9
No end time specified. Simulation will run indefinitely.
N:
size: 27 13
(0,0,-0.997291) (1,0,-0.0735573) (9,0,0.997291) (10,0,0.0735573) (0,1,-0.476387) (1,1,-0.879236) (15,1,0.476387) (16,1,0.879236) (0,2,-0.999687) (1,2,-0.0250072) (18,2,0.999687) (19,2,0.0250072) (0,3,-0.886514) (1,3,-0.462701) (21,3,0.886514) (22,3,0.462701) (0,4,-0.702138) (1,4,-0.712041) (24,4,0.702138) (25,4,0.712041) (3,5,-0.736544) (4,5,-0.676389) (15,5,0.736544) (16,5,0.676389) (6,6,-0.99973) (7,6,0.023215) (15,6,0.99973) (16,6,-0.023215) (12,7,-0.0482249) (13,7,-0.998837) (15,7,0.0482249) (16,7,0.998837) (12,8,-0.999746) (13,8,0.0225484) (21,8,0.999746) (22,8,-0.0225484) (12,9,-0.703161) (13,9,-0.71103) (24,9,0.703161) (25,9,0.71103) (18,10,0.0823877) (19,10,-0.9966) (21,10,-0.0823877) (22,10,0.9966) (18,11,0.0407384) (19,11,-0.99917) (24,11,-0.0407384) (25,11,0.99917) (21,12,-0.00138182) (22,12,-0.999999) (24,12,0.00138182) (25,12,0.999999) 
Q:
size: 13 13
(0,0,0.0795775) (1,0,0.0214768) (2,0,0.0397417) (3,0,0.0365319) (4,0,0.0299455) (0,1,0.0214768) (1,1,0.0795775) (2,1,0.0198238) (3,1,0.0329907) (4,1,0.0382187) (5,1,0.0376237) (6,1,0.0181376) (7,1,0.0358571) (0,2,0.0397417) (1,2,0.0198238) (2,2,0.0795775) (3,2,0.0357226) (4,2,0.0286369) (10,2,0.00228546) (11,2,0.000626246) (0,3,0.0365319) (1,3,0.0329907) (2,3,0.0357226) (3,3,0.0795775) (4,3,0.0378756) (8,3,0.0348492) (10,3,0.0154416) (12,3,-0.018459) (0,4,0.0299455) (1,4,0.0382187) (2,4,0.0286369) (3,4,0.0378756) (4,4,0.0795775) (9,4,0.0397887) (11,4,0.0271696) (12,4,0.0283698) (1,5,0.0376237) (5,5,0.0795775) (6,5,0.0286735) (7,5,0.0282947) (1,6,0.0181376) (5,6,0.0286735) (6,6,0.0795775) (7,6,0.00099567) (1,7,0.0358571) (5,7,0.0282947) (6,7,0.00099567) (7,7,0.0795775) (8,7,0.00102219) (9,7,0.0296073) (3,8,0.0348492) (7,8,0.00102219) (8,8,0.0795775) (9,8,0.0273329) (10,8,-0.00417139) (12,8,0.000842205) (4,9,0.0397887) (7,9,0.0296073) (8,9,0.0273329) (9,9,0.0795775) (11,9,0.0271277) (12,9,0.0283296) (2,10,0.00228546) (3,10,0.0154416) (8,10,-0.00417139) (10,10,0.0795775) (11,10,0.0397541) (12,10,-0.0396489) (2,11,0.000626246) (4,11,0.0271696) (9,11,0.0271277) (10,11,0.0397541) (11,11,0.0795775) (12,11,0.0397534) (3,12,-0.018459) (4,12,0.0283698) (8,12,0.000842205) (9,12,0.0283296) (10,12,-0.0396489) (11,12,0.0397534) (12,12,0.0795775) 
Minv:
size: 27 27
(0,0,0.0397887) (1,1,0.0397887) (2,2,0.0795775) (3,3,0.0397887) (4,4,0.0397887) (5,5,0.0795775) (6,6,0.0397887) (7,7,0.0397887) (8,8,0.0795775) (9,9,0.0397887) (10,10,0.0397887) (11,11,0.0795775) (12,12,0.0397887) (13,13,0.0397887) (14,14,0.0795775) (15,15,0.0397887) (16,16,0.0397887) (17,17,0.0795775) (18,18,0.0397887) (19,19,0.0397887) (20,20,0.0795775) (21,21,0.0397887) (22,22,0.0397887) (23,23,0.0795775) (24,24,0.0397887) (25,25,0.0397887) (26,26,0.0795775) 
v0:
size: 27 1
(0,0,0.9891) (1,0,-0.259393) (2,0,0) (3,0,0.0197917) (4,0,0.674702) (5,0,0) (6,0,-0.505681) (7,0,0.76149) (8,0,0) (9,0,0.570545) (10,0,-0.772455) (11,0,0) (12,0,0.415061) (13,0,0.727972) (14,0,0) (15,0,-0.588526) (16,0,0.168743) (17,0,0) (18,0,0.679339) (19,0,0.670484) (20,0,0) (21,0,0.367983) (22,0,0.0456538) (23,0,0) (24,0,0.921261) (25,0,-0.554031) (26,0,0) 
ipopt_sol:
size: 13 1
(0,0,8.30055) (1,0,1.38623e-07) (2,0,7.11988e-06) (3,0,6.83742) (4,0,9.60257e-08) (5,0,16.5272) (6,0,2.53439e-07) (7,0,9.37854) (8,0,4.78987e-07) (9,0,3.05991e-06) (10,0,1.72975e-06) (11,0,30.2297) (12,0,1.53708) 
policy_sol:
size: 13 1
(0,0,8.30055) (1,0,0) (2,0,0) (3,0,6.83742) (4,0,0) (5,0,16.5272) (6,0,0) (7,0,9.37854) (8,0,0) (9,0,0) (10,0,0) (11,0,30.2297) (12,0,1.53708) 

policy_converges:
1
ipopt_converges:
0
