Git Revision:     3cfe7dc3fe6810e9e399640d632720aa3564fe80
Build Mode:       Debug
C Compiler:       /usr/bin/cc
C++ Compiler:     /usr/bin/c++
Fortran Compiler: gfortran
Body count: 9
No end time specified. Simulation will run indefinitely.
N:
size: 27 21
(0,0,-0.0563378) (1,0,-0.998412) (3,0,0.0563378) (4,0,0.998412) (0,1,-0.0125358) (1,1,-0.999921) (6,1,0.0125358) (7,1,0.999921) (0,2,-0.999942) (1,2,0.0107642) (9,2,0.999942) (10,2,-0.0107642) (0,3,-0.712304) (1,3,-0.701871) (12,3,0.712304) (13,3,0.701871) (0,4,-0.889365) (1,4,-0.457197) (21,4,0.889365) (22,4,0.457197) (3,5,0.0275841) (4,5,-0.999619) (6,5,-0.0275841) (7,5,0.999619) (3,6,-0.700944) (4,6,0.713216) (9,6,0.700944) (10,6,-0.713216) (3,7,-0.999399) (4,7,-0.0346716) (21,7,0.999399) (22,7,0.0346716) (6,8,-0.43748) (7,8,0.899228) (9,8,0.43748) (10,8,-0.899228) (6,9,-0.709771) (7,9,0.704433) (18,9,0.709771) (19,9,-0.704433) (6,10,-0.8952) (7,10,0.445664) (21,10,0.8952) (22,10,-0.445664) (9,11,0.0131864) (10,11,-0.999913) (12,11,-0.0131864) (13,11,0.999913) (9,12,-0.0204522) (10,12,-0.999791) (15,12,0.0204522) (16,12,0.999791) (9,13,-0.690196) (10,13,-0.723622) (21,13,0.690196) (22,13,0.723622) (9,14,-0.452462) (10,14,-0.891784) (24,14,0.452462) (25,14,0.891784) (12,15,-0.732932) (13,15,0.680302) (18,15,0.732932) (19,15,-0.680302) (12,16,-0.998914) (13,16,-0.0465824) (21,16,0.998914) (22,16,0.0465824) (15,17,-0.722062) (16,17,0.691829) (21,17,0.722062) (22,17,-0.691829) (18,18,0.0309312) (19,18,-0.999522) (21,18,-0.0309312) (22,18,0.999522) (18,19,0.0133797) (19,19,-0.99991) (24,19,-0.0133797) (25,19,0.99991) (21,20,-0.00576132) (22,20,-0.999983) (24,20,0.00576132) (25,20,0.999983) 
Q:
size: 21 21
(0,0,0.0795775) (1,0,0.0397505) (2,0,0.00181387) (3,0,0.0294789) (4,0,0.020156) (5,0,-0.0396486) (6,0,0.0267617) (7,0,-0.00361761) (0,1,0.0397505) (1,1,0.0795775) (2,1,7.04967e-05) (3,1,0.0282796) (4,1,0.0186335) (5,1,0.0397567) (8,1,0.0355581) (9,1,0.0276723) (10,1,0.0172845) (0,2,0.00181387) (1,2,7.04967e-05) (2,2,0.0795775) (3,2,0.0280394) (4,2,0.0351889) (6,2,0.0281935) (8,2,0.0177909) (11,2,0.000952895) (12,2,-0.000385519) (13,2,-0.0271505) (14,2,-0.0176199) (0,3,0.0294789) (1,3,0.0282796) (2,3,0.0280394) (3,3,0.0795775) (4,3,0.0379741) (11,3,0.0275504) (15,3,-0.00177401) (16,3,-0.0296118) (0,4,0.020156) (1,4,0.0186335) (2,4,0.0351889) (3,4,0.0379741) (4,4,0.0795775) (7,4,0.0359962) (10,4,0.023571) (13,4,0.0375874) (16,4,0.0361957) (17,4,0.0129661) (18,4,0.017088) (20,4,-0.0183949) (0,5,-0.0396486) (1,5,0.0397567) (5,5,0.0795775) (6,5,-0.0291365) (7,5,0.000282137) (8,5,0.0362457) (9,5,0.0287968) (10,5,0.0187082) (0,6,0.0267617) (2,6,0.0281935) (5,6,-0.0291365) (6,6,0.0795775) (7,6,0.026889) (8,6,0.0377194) (11,6,0.0287433) (12,6,0.0278016) (13,6,0.00128557) (14,6,0.012688) (0,7,-0.00361761) (4,7,0.0359962) (5,7,0.000282137) (6,7,0.026889) (7,7,0.0795775) (10,7,0.0349827) (13,7,0.0284438) (16,7,0.0397859) (17,7,0.0277582) (18,7,0.000148904) (20,7,-0.00160861) (1,8,0.0355581) (2,8,0.0177909) (5,8,0.0362457) (6,8,0.0377194) (8,8,0.0795775) (9,8,0.0375588) (10,8,0.031528) (11,8,0.0360056) (12,8,0.0354157) (13,8,0.0138765) (14,8,0.0240314) (1,9,0.0276723) (5,9,0.0287968) (8,9,0.0375588) (9,9,0.0795775) (10,9,0.0377725) (15,9,0.0397665) (18,9,0.0288886) (19,9,0.0284038) (1,10,0.0172845) (4,10,0.023571) (5,10,0.0187082) (7,10,0.0349827) (8,10,0.031528) (9,10,0.0377725) (10,10,0.0795775) (13,10,0.0117525) (16,10,0.0347542) (17,10,0.0379868) (18,10,-0.0188257) (20,10,0.0175269) (2,11,0.000952895) (3,11,0.0275504) (6,11,0.0287433) (8,11,0.0360056) (11,11,0.0795775) (12,11,0.0397662) (13,11,0.0284274) (14,11,0.0352425) (15,11,0.0274506) (16,11,-0.00132919) (2,12,-0.000385519) (6,12,0.0278016) (8,12,0.0354157) (11,12,0.0397662) (12,12,0.0795775) (13,12,0.0293477) (14,12,0.0358437) (17,12,0.0269336) (2,13,-0.0271505) (4,13,0.0375874) (6,13,0.00128557) (7,13,0.0284438) (8,13,0.0138765) (10,13,0.0117525) (11,13,0.0284274) (12,13,0.0293477) (13,13,0.0795775) (14,13,0.0381018) (16,13,0.0287734) (17,13,-8.98687e-05) (18,13,0.0279288) (20,13,-0.0289498) (2,14,-0.0176199) (6,14,0.012688) (8,14,0.0240314) (11,14,0.0352425) (12,14,0.0358437) (13,14,0.0381018) (14,14,0.0795775) (19,14,0.0352389) (20,14,0.0355861) (3,15,-0.00177401) (9,15,0.0397665) (11,15,0.0274506) (15,15,0.0795775) (16,15,0.0278699) (18,15,0.0279574) (19,15,0.0274561) (3,16,-0.0296118) (4,16,0.0361957) (7,16,0.0397859) (10,16,0.0347542) (11,16,-0.00132919) (13,16,0.0287734) (15,16,0.0278699) (16,16,0.0795775) (17,16,0.0274165) (18,16,0.00062319) (20,16,-0.00208241) (4,17,0.0129661) (7,17,0.0277582) (10,17,0.0379868) (12,17,0.0269336) (13,17,-8.98687e-05) (16,17,0.0274165) (17,17,0.0795775) (18,17,-0.0284025) (20,17,0.027361) (4,18,0.017088) (7,18,0.000148904) (9,18,0.0288886) (10,18,-0.0188257) (13,18,0.0279288) (15,18,0.0279574) (16,18,0.00062319) (17,18,-0.0284025) (18,18,0.0795775) (19,18,0.0397826) (20,18,-0.0397619) (9,19,0.0284038) (14,19,0.0352389) (15,19,0.0274561) (18,19,0.0397826) (19,19,0.0795775) (20,19,0.0397814) (4,20,-0.0183949) (7,20,-0.00160861) (10,20,0.0175269) (13,20,-0.0289498) (14,20,0.0355861) (16,20,-0.00208241) (17,20,0.027361) (18,20,-0.0397619) (19,20,0.0397814) (20,20,0.0795775) 
Minv:
size: 27 27
(0,0,0.0397887) (1,1,0.0397887) (2,2,0.0795775) (3,3,0.0397887) (4,4,0.0397887) (5,5,0.0795775) (6,6,0.0397887) (7,7,0.0397887) (8,8,0.0795775) (9,9,0.0397887) (10,10,0.0397887) (11,11,0.0795775) (12,12,0.0397887) (13,13,0.0397887) (14,14,0.0795775) (15,15,0.0397887) (16,16,0.0397887) (17,17,0.0795775) (18,18,0.0397887) (19,19,0.0397887) (20,20,0.0795775) (21,21,0.0397887) (22,22,0.0397887) (23,23,0.0795775) (24,24,0.0397887) (25,25,0.0397887) (26,26,0.0795775) 
v0:
size: 27 1
(0,0,-0.5491) (1,0,0.256063) (2,0,0) (3,0,-0.461278) (4,0,-0.0506184) (5,0,0) (6,0,-0.367186) (7,0,-0.7599) (8,0,0) (9,0,-0.920598) (10,0,0.607159) (11,0,0) (12,0,0.313784) (13,0,-0.820873) (14,0,0) (15,0,0.206456) (16,0,0.264317) (17,0,0) (18,0,-0.0130487) (19,0,-0.243111) (20,0,0) (21,0,-0.642842) (22,0,-0.478263) (23,0,0) (24,0,0.677179) (25,0,-0.952795) (26,0,0) 
ipopt_sol:
size: 21 1
(0,0,7.36986) (1,0,11.1379) (2,0,4.92968) (3,0,1.6111e-07) (4,0,1.76527e-07) (5,0,15.9596) (6,0,7.36562) (7,0,1.12661e-07) (8,0,5.99223) (9,0,6.4671e-08) (10,0,9.61568e-08) (11,0,31.2707) (12,0,7.91993e-08) (13,0,3.86447e-07) (14,0,1.3365e-07) (15,0,1.19108e-07) (16,0,24.2542) (17,0,1.44687e-07) (18,0,2.42677e-06) (19,0,15.8422) (20,0,4.45) 
policy_sol:
size: 21 1
(0,0,18.5194) (1,0,0) (2,0,4.44114) (3,0,0) (4,0,0) (5,0,28.0752) (6,0,8.73854) (7,0,0) (8,0,4.90916) (9,0,0) (10,0,0) (11,0,31.2707) (12,0,0) (13,0,0) (14,0,0) (15,0,0) (16,0,24.2542) (17,0,0) (18,0,0) (19,0,15.8422) (20,0,4.45) 

policy_converges:
1
