Git Revision:     18345a57b34405566a64d0bf3d2a118f1cdbade3
Build Mode:       Debug
C Compiler:       /usr/bin/cc
C++ Compiler:     /usr/bin/c++
Fortran Compiler: gfortran
Body count: 9
No end time specified. Simulation will run indefinitely.
N:
size: 27 17
(0,0,-0.0330062) (1,0,-0.999455) (3,0,0.0330062) (4,0,0.999455) (0,1,-1) (1,1,0.000582794) (9,1,1) (10,1,-0.000582794) (0,2,-0.70068) (1,2,-0.713476) (12,2,0.70068) (13,2,0.713476) (0,3,-0.469471) (1,3,-0.882948) (15,3,0.469471) (16,3,0.882948) (0,4,-0.99997) (1,4,-0.0077046) (18,4,0.99997) (19,4,0.0077046) (0,5,-0.722848) (1,5,-0.691007) (24,5,0.722848) (25,5,0.691007) (3,6,-0.72021) (4,6,0.693756) (9,6,0.72021) (10,6,-0.693756) (3,7,-0.999567) (4,7,-0.0294337) (12,7,0.999567) (13,7,0.0294337) (3,8,-0.708281) (4,8,-0.70593) (15,8,0.708281) (16,8,0.70593) (3,9,-0.898891) (4,9,0.438172) (18,9,0.898891) (19,9,-0.438172) (6,10,-0.688382) (7,10,0.725349) (12,10,0.688382) (13,10,-0.725349) (6,11,-0.702841) (7,11,0.711347) (18,11,0.702841) (19,11,-0.711347) (9,12,-0.999859) (10,12,-0.0167642) (18,12,0.999859) (19,12,0.0167642) (12,13,-0.0810071) (13,13,-0.996714) (15,13,0.0810071) (16,13,0.996714) (15,14,-0.424846) (16,14,0.905266) (18,14,0.424846) (19,14,-0.905266) (18,15,-0.0289911) (19,15,-0.99958) (24,15,0.0289911) (25,15,0.99958) (21,16,-0.0153475) (22,16,-0.999882) (24,16,0.0153475) (25,16,0.999882) 
Q:
size: 17 17
(0,0,0.0795775) (1,0,0.0012901) (2,0,0.029293) (3,0,0.0357288) (4,0,0.00161962) (5,0,0.0284286) (6,0,0.0266428) (7,0,-0.0024832) (8,0,-0.0290029) (9,0,0.0162443) (0,1,0.0012901) (1,1,0.0795775) (2,1,0.0278626) (3,1,0.0186592) (4,1,0.0397874) (5,1,0.0287452) (6,1,0.0286723) (12,1,-0.0397827) (0,2,0.029293) (1,2,0.0278626) (2,2,0.0795775) (3,2,0.0381538) (4,2,0.0280971) (5,2,0.0397689) (7,2,0.0287027) (10,2,-0.00139989) (13,2,-0.0305534) (0,3,0.0357288) (1,3,0.0186592) (2,3,0.0381538) (3,3,0.0795775) (4,3,0.0189498) (5,3,0.0377786) (8,3,0.0380308) (13,3,0.0365291) (14,3,0.0238673) (0,4,0.00161962) (1,4,0.0397874) (2,4,0.0280971) (3,4,0.0189498) (4,4,0.0795775) (5,4,0.0289722) (9,4,0.0356304) (11,4,0.0277462) (12,4,0.0397871) (14,4,0.0166261) (15,4,-0.00145991) (0,5,0.0284286) (1,5,0.0287452) (2,5,0.0397689) (3,5,0.0377786) (4,5,0.0289722) (5,5,0.0795775) (15,5,0.0283166) (16,5,0.0279325) (0,6,0.0266428) (1,6,0.0286723) (6,6,0.0795775) (7,6,0.0278314) (8,6,0.00081043) (9,6,0.037854) (12,6,-0.0281895) (0,7,-0.0024832) (2,7,0.0287027) (6,7,0.0278314) (7,7,0.0795775) (8,7,0.0289961) (9,7,0.0352371) (10,7,0.0265285) (13,7,-0.00438905) (0,8,-0.0290029) (3,8,0.0380308) (6,8,0.00081043) (7,8,0.0289961) (8,8,0.0795775) (9,8,0.0130248) (13,8,0.0302787) (14,8,0.0134543) (0,9,0.0162443) (4,9,0.0356304) (6,9,0.037854) (7,9,0.0352371) (8,9,0.0130248) (9,9,0.0795775) (11,9,0.0375395) (12,9,0.0354684) (14,9,0.0309776) (15,9,0.0163901) (2,10,-0.00139989) (7,10,0.0265285) (10,10,0.0795775) (11,10,0.0397807) (13,10,0.0265471) (4,11,0.0277462) (9,11,0.0375395) (10,11,0.0397807) (11,11,0.0795775) (12,11,0.0274867) (14,11,0.0375032) (15,11,0.027481) (1,12,-0.0397827) (4,12,0.0397871) (6,12,-0.0281895) (9,12,0.0354684) (11,12,0.0274867) (12,12,0.0795775) (14,12,0.0162979) (15,12,-0.0018201) (2,13,-0.0305534) (3,13,0.0365291) (7,13,-0.00438905) (8,13,0.0302787) (10,13,0.0265471) (13,13,0.0795775) (14,13,0.0345316) (3,14,0.0238673) (4,14,0.0166261) (8,14,0.0134543) (9,14,0.0309776) (11,14,0.0375032) (12,14,0.0162979) (13,14,0.0345316) (14,14,0.0795775) (15,14,0.0355142) (4,15,-0.00145991) (5,15,0.0283166) (9,15,0.0163901) (11,15,0.027481) (12,15,-0.0018201) (14,15,0.0355142) (15,15,0.0795775) (16,15,0.039785) (5,16,0.0279325) (15,16,0.039785) (16,16,0.0795775) 
Minv:
size: 27 27
(0,0,0.0397887) (1,1,0.0397887) (2,2,0.0795775) (3,3,0.0397887) (4,4,0.0397887) (5,5,0.0795775) (6,6,0.0397887) (7,7,0.0397887) (8,8,0.0795775) (9,9,0.0397887) (10,10,0.0397887) (11,11,0.0795775) (12,12,0.0397887) (13,13,0.0397887) (14,14,0.0795775) (15,15,0.0397887) (16,16,0.0397887) (17,17,0.0795775) (18,18,0.0397887) (19,19,0.0397887) (20,20,0.0795775) (21,21,0.0397887) (22,22,0.0397887) (23,23,0.0795775) (24,24,0.0397887) (25,25,0.0397887) (26,26,0.0795775) 
v0:
size: 27 1
(0,0,0.866584) (1,0,-0.0478903) (2,0,0) (3,0,0.687899) (4,0,-0.186947) (5,0,0) (6,0,-0.47935) (7,0,0.0415258) (8,0,0) (9,0,-0.0592597) (10,0,-0.27892) (11,0,0) (12,0,-0.807101) (13,0,0.637055) (14,0,0) (15,0,-0.370944) (16,0,0.417741) (17,0,0) (18,0,-0.256605) (19,0,0.542537) (20,0,0) (21,0,0.979872) (22,0,0.688789) (23,0,0) (24,0,0.82744) (25,0,-0.219406) (26,0,0) 
ipopt_sol:
size: 17 1
(0,0,3.92467) (1,0,12.4274) (2,0,1.53597e-07) (3,0,1.29802e-07) (4,0,21.5499) (5,0,4.77336e-08) (6,0,1.54084e-07) (7,0,36.0856) (8,0,1.82251e-07) (9,0,0.99198) (10,0,2.58428) (11,0,1.41906e-07) (12,0,6.54638e-06) (13,0,5.73402) (14,0,1.04419e-07) (15,0,9.47026) (16,0,18.1468) 
policy_sol:
size: 17 1
(0,0,3.92467) (1,0,12.4274) (2,0,0) (3,0,0) (4,0,21.5499) (5,0,0) (6,0,0) (7,0,36.0856) (8,0,0) (9,0,0.991978) (10,0,2.58428) (11,0,0) (12,0,0) (13,0,5.73402) (14,0,0) (15,0,9.47026) (16,0,18.1468) 

policy_converges:
1
ipopt_converges:
0
