Git Revision:     3cfe7dc3fe6810e9e399640d632720aa3564fe80
Build Mode:       Debug
C Compiler:       /usr/bin/cc
C++ Compiler:     /usr/bin/c++
Fortran Compiler: gfortran
Body count: 9
No end time specified. Simulation will run indefinitely.
N:
size: 27 12
(0,0,-0.072764) (1,0,-0.997349) (3,0,0.072764) (4,0,0.997349) (0,1,-0.0412501) (1,1,-0.999149) (6,1,0.0412501) (7,1,0.999149) (0,2,-0.998294) (1,2,-0.0583874) (9,2,0.998294) (10,2,0.0583874) (0,3,-0.721455) (1,3,-0.692461) (12,3,0.721455) (13,3,0.692461) (0,4,-0.71825) (1,4,-0.695785) (24,4,0.71825) (25,4,0.695785) (3,5,-0.00608559) (4,5,-0.999981) (6,5,0.00608559) (7,5,0.999981) (6,6,-0.999974) (7,6,-0.00718526) (15,6,0.999974) (16,6,0.00718526) (6,7,-0.999992) (7,7,-0.00409802) (24,7,0.999992) (25,7,0.00409802) (12,8,-0.714842) (13,8,-0.699286) (24,8,0.714842) (25,8,0.699286) (18,9,-0.00899507) (19,9,-0.99996) (21,9,0.00899507) (22,9,0.99996) (18,10,-0.0130343) (19,10,-0.999915) (24,10,0.0130343) (25,10,0.999915) (21,11,-0.0174066) (22,11,-0.999848) (24,11,0.0174066) (25,11,0.999848) 
Q:
size: 12 12
(0,0,0.0795775) (1,0,0.0397689) (2,0,0.00520725) (3,0,0.0295679) (4,0,0.0296905) (5,0,-0.0397001) (0,1,0.0397689) (1,1,0.0795775) (2,1,0.00395967) (3,1,0.0287128) (4,1,0.0288397) (5,1,0.0397641) (6,1,-0.00192689) (7,1,-0.00180419) (0,2,0.00520725) (1,2,0.00395967) (2,2,0.0795775) (3,2,0.0302655) (4,2,0.0301459) (0,3,0.0295679) (1,3,0.0287128) (2,3,0.0302655) (3,3,0.0795775) (4,3,0.0397883) (8,3,-0.0397869) (0,4,0.0296905) (1,4,0.0288397) (2,4,0.0301459) (3,4,0.0397883) (4,4,0.0795775) (7,4,0.0286915) (8,4,0.0397883) (10,4,0.0280545) (11,4,0.0281777) (0,5,-0.0397001) (1,5,0.0397641) (5,5,0.0795775) (6,5,-0.000528019) (7,5,-0.000405188) (1,6,-0.00192689) (5,6,-0.000528019) (6,6,0.0795775) (7,6,0.0397885) (1,7,-0.00180419) (4,7,0.0286915) (5,7,-0.000405188) (6,7,0.0397885) (7,7,0.0795775) (8,7,0.0285564) (10,7,0.000681654) (11,7,0.000855612) (3,8,-0.0397869) (4,8,0.0397883) (7,8,0.0285564) (8,8,0.0795775) (10,8,0.0281921) (11,8,0.0283146) (9,9,0.0795775) (10,9,0.0397884) (11,9,-0.0397873) (4,10,0.0280545) (7,10,0.000681654) (8,10,0.0281921) (9,10,0.0397884) (10,10,0.0795775) (11,10,0.0397884) (4,11,0.0281777) (7,11,0.000855612) (8,11,0.0283146) (9,11,-0.0397873) (10,11,0.0397884) (11,11,0.0795775) 
Minv:
size: 27 27
(0,0,0.0397887) (1,1,0.0397887) (2,2,0.0795775) (3,3,0.0397887) (4,4,0.0397887) (5,5,0.0795775) (6,6,0.0397887) (7,7,0.0397887) (8,8,0.0795775) (9,9,0.0397887) (10,10,0.0397887) (11,11,0.0795775) (12,12,0.0397887) (13,13,0.0397887) (14,14,0.0795775) (15,15,0.0397887) (16,16,0.0397887) (17,17,0.0795775) (18,18,0.0397887) (19,19,0.0397887) (20,20,0.0795775) (21,21,0.0397887) (22,22,0.0397887) (23,23,0.0795775) (24,24,0.0397887) (25,25,0.0397887) (26,26,0.0795775) 
v0:
size: 27 1
(0,0,-0.386851) (1,0,0.343013) (2,0,0) (3,0,-0.683953) (4,0,0.193974) (5,0,0) (6,0,0.0321765) (7,0,-0.00349864) (8,0,0) (9,0,-0.769268) (10,0,-0.980076) (11,0,0) (12,0,0.109579) (13,0,-0.186406) (14,0,0) (15,0,-0.918148) (16,0,0.851808) (17,0,0) (18,0,0.13809) (19,0,-0.254542) (20,0,0) (21,0,0.656082) (22,0,-0.591502) (23,0,0) (24,0,-0.187434) (25,0,-0.715618) (26,0,0) 
ipopt_sol:
size: 12 1
(0,0,8.06651) (1,0,4.54318e-06) (2,0,11.0085) (3,0,3.22647e-06) (4,0,4.09021e-06) (5,0,9.03553) (6,0,23.7892) (7,0,9.3411e-08) (8,0,13.2356) (9,0,10.3205) (10,0,9.15769e-06) (11,0,3.93858) 
policy_sol:
size: 12 1
(0,0,8.06652) (1,0,0) (2,0,11.0085) (3,0,0) (4,0,0) (5,0,9.03553) (6,0,23.7892) (7,0,0) (8,0,13.2356) (9,0,10.3205) (10,0,0) (11,0,3.93859) 

policy_converges:
1
