solve status: 0
N:
size: 27 15
(3,0,-0.710812) (4,0,-0.703382) (15,0,0.710812) (16,0,0.703382) (3,1,-0.99989) (4,1,-0.014855) (21,1,0.99989) (22,1,0.014855) (3,2,-0.889443) (4,2,-0.457045) (24,2,0.889443) (25,2,0.457045) (9,3,-0.034824) (10,3,-0.999393) (12,3,0.034824) (13,3,0.999393) (9,4,-0.0310925) (10,4,-0.999517) (15,4,0.0310925) (16,4,0.999517) (9,5,-0.712318) (10,5,-0.701857) (21,5,0.712318) (22,5,0.701857) (9,6,-0.443434) (10,6,-0.896307) (24,6,0.443434) (25,6,0.896307) (12,7,-0.02759) (13,7,-0.999619) (15,7,0.02759) (16,7,0.999619) (12,8,-0.704418) (13,8,0.709786) (18,8,0.704418) (19,8,-0.709786) (12,9,-0.999785) (13,9,-0.0207171) (21,9,0.999785) (22,9,0.0207171) (12,10,-0.684994) (13,10,-0.728549) (24,10,0.684994) (25,10,0.728549) (15,11,-0.420522) (16,11,0.907282) (18,11,0.420522) (19,11,-0.907282) (15,12,-0.680955) (16,12,0.732325) (21,12,0.680955) (22,12,-0.732325) (15,13,-0.999371) (16,13,0.0354704) (24,13,0.999371) (25,13,-0.0354704) (18,14,-0.0189029) (19,14,-0.999821) (21,14,0.0189029) (22,14,0.999821) 
Q:
size: 15 15
(0,0,0.0795775) (1,0,0.0286949) (2,0,0.0379467) (4,0,0.0288525) (7,0,0.0287563) (11,0,0.0134985) (12,0,0.00123636) (13,0,-0.0272718) (0,1,0.0286949) (1,1,0.0795775) (2,1,0.0356561) (5,1,0.0287539) (9,1,0.0397881) (12,1,0.0266585) (14,1,0.001343) (0,2,0.0379467) (1,2,0.0356561) (2,2,0.0795775) (6,2,0.0319926) (10,2,0.0374907) (13,2,0.0347225) (3,3,0.0795775) (4,3,0.0397885) (5,3,0.028896) (6,3,0.0362557) (7,3,-0.0397877) (8,3,0.0272483) (9,3,-0.00220911) (10,3,-0.0299196) (0,4,0.0288525) (3,4,0.0397885) (4,4,0.0795775) (5,4,0.0287937) (6,4,0.0361943) (7,4,0.0397885) (11,4,0.0355619) (12,4,0.0282818) (13,4,0.000174289) (1,5,0.0287539) (3,5,0.028896) (4,5,0.0287937) (5,5,0.0795775) (6,5,0.0375982) (9,5,0.0289147) (12,5,-0.00115112) (14,5,0.0284568) (2,6,0.0319926) (3,6,0.0362557) (4,6,0.0361943) (5,6,0.0375982) (6,6,0.0795775) (10,6,0.038068) (13,6,0.0163676) (0,7,0.0287563) (3,7,-0.0397877) (4,7,0.0397885) (7,7,0.0795775) (8,7,-0.0274574) (9,7,0.00192153) (10,7,0.029729) (11,7,0.0356242) (12,7,0.0283797) (13,7,0.000313706) (3,8,0.0272483) (7,8,-0.0274574) (8,8,0.0795775) (9,8,0.0274368) (10,8,-0.00137635) (11,8,0.0374093) (14,8,0.0277066) (1,9,0.0397881) (3,9,-0.00220911) (5,9,0.0289147) (7,9,0.00192153) (8,9,0.0274368) (9,9,0.0795775) (10,9,0.0278497) (12,9,0.0264849) (14,9,0.00157612) (2,10,0.0374907) (3,10,-0.0299196) (6,10,0.038068) (7,10,0.029729) (8,10,-0.00137635) (9,10,0.0278497) (10,10,0.0795775) (13,10,0.0262097) (0,11,0.0134985) (4,11,0.0355619) (7,11,0.0356242) (8,11,0.0374093) (11,11,0.0795775) (12,11,0.0378304) (13,11,0.018002) (14,11,0.0357769) (0,12,0.00123636) (1,12,0.0266585) (4,12,0.0282818) (5,12,-0.00115112) (7,12,0.0283797) (9,12,0.0264849) (11,12,0.0378304) (12,12,0.0795775) (13,12,0.0281108) (14,12,-0.0286209) (0,13,-0.0272718) (2,13,0.0347225) (4,13,0.000174289) (6,13,0.0163676) (7,13,0.000313706) (10,13,0.0262097) (11,13,0.018002) (12,13,0.0281108) (13,13,0.0795775) (1,14,0.001343) (5,14,0.0284568) (8,14,0.0277066) (9,14,0.00157612) (11,14,0.0357769) (12,14,-0.0286209) (14,14,0.0795775) 
Minv:
size: 27 27
(0,0,0.0397887) (1,1,0.0397887) (2,2,0.0795775) (3,3,0.0397887) (4,4,0.0397887) (5,5,0.0795775) (6,6,0.0397887) (7,7,0.0397887) (8,8,0.0795775) (9,9,0.0397887) (10,10,0.0397887) (11,11,0.0795775) (12,12,0.0397887) (13,13,0.0397887) (14,14,0.0795775) (15,15,0.0397887) (16,16,0.0397887) (17,17,0.0795775) (18,18,0.0397887) (19,19,0.0397887) (20,20,0.0795775) (21,21,0.0397887) (22,22,0.0397887) (23,23,0.0795775) (24,24,0.0397887) (25,25,0.0397887) (26,26,0.0795775) 
v0:
size: 27 1
(0,0,-0.82062) (1,0,-0.941459) (2,0,0) (3,0,-0.306744) (4,0,0.233807) (5,0,0) (6,0,-0.658628) (7,0,0.865971) (8,0,0) (9,0,0.161102) (10,0,0.440021) (11,0,0) (12,0,0.359545) (13,0,-0.11496) (14,0,0) (15,0,0.604504) (16,0,-0.964393) (17,0,0) (18,0,0.327314) (19,0,0.0355661) (20,0,0) (21,0,-0.721184) (22,0,-0.207078) (23,0,0) (24,0,-0.492211) (25,0,0.0584524) (26,0,0) 
ipopt_sol:
size: 15 1
(0,0,3.67519) (1,0,0) (2,0,0) (3,0,1.30798) (4,0,22.2669) (5,0,9.12314) (6,0,0) (7,0,2.96543) (8,0,0) (9,0,18.205) (10,0,0) (11,0,0) (12,0,16.4431) (13,0,23.8485) (14,0,8.88628) 
policy_sol:
size: 15 1
(0,0,3.67519) (1,0,0) (2,0,0) (3,0,0) (4,0,23.5697) (5,0,9.13022) (6,0,0) (7,0,1.65794) (8,0,0) (9,0,18.1955) (10,0,0) (11,0,0) (12,0,16.4496) (13,0,23.8485) (14,0,8.88628) 

policy_converges:
1
ipopt_converges:
0
