Git Revision:     18345a57b34405566a64d0bf3d2a118f1cdbade3
Build Mode:       Debug
C Compiler:       /usr/bin/cc
C++ Compiler:     /usr/bin/c++
Fortran Compiler: gfortran
Body count: 9
No end time specified. Simulation will run indefinitely.
N:
size: 27 9
(0,0,0.0303984) (1,0,-0.999538) (3,0,-0.0303984) (4,0,0.999538) (3,1,-0.999769) (4,1,0.0215017) (21,1,0.999769) (22,1,-0.0215017) (6,2,-0.881679) (7,2,0.471851) (21,2,0.881679) (22,2,-0.471851) (9,3,0.0102731) (10,3,-0.999947) (12,3,-0.0102731) (13,3,0.999947) (12,4,-0.709249) (13,4,0.704958) (18,4,0.709249) (19,4,-0.704958) (12,5,-0.999972) (13,5,-0.00754022) (21,5,0.999972) (22,5,0.00754022) (15,6,-0.433532) (16,6,0.901138) (18,6,0.433532) (19,6,-0.901138) (15,7,-0.678568) (16,7,0.734538) (21,7,0.678568) (22,7,-0.734538) (21,8,-0.0707105) (22,8,-0.997497) (24,8,0.0707105) (25,8,0.997497) 
Q:
size: 9 9
(0,0,0.0795775) (1,0,0.00206436) (0,1,0.00206436) (1,1,0.0795775) (2,1,0.0354764) (5,1,0.039772) (7,1,0.0276215) (8,1,-0.00195945) (1,2,0.0354764) (2,2,0.0795775) (5,2,0.0349383) (7,2,0.0375952) (8,2,0.0162468) (3,3,0.0795775) (4,3,0.0283378) (5,3,0.000108741) (3,4,0.0283378) (4,4,0.0795775) (5,4,0.0280078) (6,4,0.0375107) (1,5,0.039772) (2,5,0.0349383) (3,5,0.000108741) (4,5,0.0280078) (5,5,0.0795775) (7,5,0.0267782) (8,5,-0.00311267) (4,6,0.0375107) (6,6,0.0795775) (7,6,0.038042) (1,7,0.0276215) (2,7,0.0375952) (5,7,0.0267782) (6,7,0.038042) (7,7,0.0795775) (8,7,0.027244) (1,8,-0.00195945) (2,8,0.0162468) (5,8,-0.00311267) (7,8,0.027244) (8,8,0.0795775) 
Minv:
size: 27 27
(0,0,0.0397887) (1,1,0.0397887) (2,2,0.0795775) (3,3,0.0397887) (4,4,0.0397887) (5,5,0.0795775) (6,6,0.0397887) (7,7,0.0397887) (8,8,0.0795775) (9,9,0.0397887) (10,10,0.0397887) (11,11,0.0795775) (12,12,0.0397887) (13,13,0.0397887) (14,14,0.0795775) (15,15,0.0397887) (16,16,0.0397887) (17,17,0.0795775) (18,18,0.0397887) (19,19,0.0397887) (20,20,0.0795775) (21,21,0.0397887) (22,22,0.0397887) (23,23,0.0795775) (24,24,0.0397887) (25,25,0.0397887) (26,26,0.0795775) 
v0:
size: 27 1
(0,0,-0.768588) (1,0,-0.616715) (2,0,0) (3,0,-0.426499) (4,0,-0.663407) (5,0,0) (6,0,-0.439398) (7,0,-0.223504) (8,0,0) (9,0,-0.575051) (10,0,-0.843287) (11,0,0) (12,0,0.0934854) (13,0,-0.878732) (14,0,0) (15,0,0.213253) (16,0,-0.535298) (17,0,0) (18,0,-0.295673) (19,0,-0.741203) (20,0,0) (21,0,-0.666499) (22,0,0.914619) (23,0,0) (24,0,0.37042) (25,0,-0.670164) (26,0,0) 
ipopt_sol:
size: 9 1
(0,0,1.4343) (1,0,1.65533e-07) (2,0,2.44005e-07) (3,0,8.41232e-07) (4,0,6.72961) (5,0,7.51217) (6,0,5.93939e-08) (7,0,29.6455) (8,0,28.0319) 
policy_sol:
size: 9 1
(0,0,1.4343) (1,0,0) (2,0,0) (3,0,0) (4,0,6.72961) (5,0,7.51217) (6,0,0) (7,0,29.6455) (8,0,28.0319) 

policy_converges:
1
ipopt_converges:
1
