Git Revision:     3cfe7dc3fe6810e9e399640d632720aa3564fe80
Build Mode:       Debug
C Compiler:       /usr/bin/cc
C++ Compiler:     /usr/bin/c++
Fortran Compiler: gfortran
Body count: 9
No end time specified. Simulation will run indefinitely.
N:
size: 27 21
(0,0,0.0537646) (1,0,-0.998554) (3,0,-0.0537646) (4,0,0.998554) (0,1,0.025044) (1,1,-0.999686) (6,1,-0.025044) (7,1,0.999686) (0,2,-0.706127) (1,2,-0.708086) (12,2,0.706127) (13,2,0.708086) (0,3,-0.443943) (1,3,-0.896055) (15,3,0.443943) (16,3,0.896055) (0,4,-0.894536) (1,4,-0.446997) (21,4,0.894536) (22,4,0.446997) (0,5,-0.708939) (1,5,-0.70527) (24,5,0.708939) (25,5,0.70527) (3,6,-0.72105) (4,6,0.692884) (9,6,0.72105) (10,6,-0.692884) (3,7,-0.99876) (4,7,-0.0497934) (12,7,0.99876) (13,7,0.0497934) (3,8,-0.900629) (4,8,0.434589) (18,8,0.900629) (19,8,-0.434589) (3,9,-0.99981) (4,9,-0.0194678) (21,9,0.99981) (22,9,0.0194678) (6,10,-0.44656) (7,10,0.894753) (9,10,0.44656) (10,10,-0.894753) (6,11,-0.733353) (7,11,0.679848) (12,11,0.733353) (13,11,-0.679848) (6,12,-0.899598) (7,12,0.436718) (21,12,0.899598) (22,12,-0.436718) (6,13,-0.999923) (7,13,-0.0123725) (24,13,0.999923) (25,13,0.0123725) (9,14,-0.0644645) (10,14,-0.99792) (12,14,0.0644645) (13,14,0.99792) (9,15,-0.00979701) (10,15,-0.999952) (15,15,0.00979701) (16,15,0.999952) (12,16,0.0495249) (13,16,-0.998773) (15,16,-0.0495249) (16,16,0.998773) (15,17,-0.468268) (16,17,0.883587) (18,17,0.468268) (19,17,-0.883587) (15,18,-0.739024) (16,18,0.673679) (21,18,0.739024) (22,18,-0.673679) (15,19,-0.99748) (16,19,-0.0709415) (24,19,0.99748) (25,19,0.0709415) (18,20,0.0129475) (19,20,-0.999916) (21,20,-0.0129475) (22,20,0.999916) 
Q:
size: 21 21
(0,0,0.0795775) (1,0,0.0397723) (2,0,0.0266225) (3,0,0.0346516) (4,0,0.0158461) (5,0,0.0265046) (6,0,0.0290716) (7,0,0.000158221) (8,0,0.0191934) (9,0,0.00136534) (0,1,0.0397723) (1,1,0.0795775) (2,1,0.0274614) (3,1,0.0351993) (4,1,0.0168885) (5,1,0.0273466) (10,1,0.0360349) (11,1,0.0277726) (12,1,0.0182674) (13,1,0.00050426) (0,2,0.0266225) (1,2,0.0274614) (2,2,0.0795775) (3,2,0.0377183) (4,2,0.0377264) (5,2,0.0397884) (7,2,0.0294639) (11,2,0.00145027) (14,2,0.0299264) (16,2,-0.0267478) (0,3,0.0346516) (1,3,0.0351993) (2,3,0.0377183) (3,3,0.0795775) (4,3,0.0317378) (5,3,0.0376676) (15,3,0.0358242) (16,3,0.0347343) (17,3,0.023231) (18,3,0.0109645) (19,3,-0.0201487) (0,4,0.0158461) (1,4,0.0168885) (2,4,0.0377264) (3,4,0.0317378) (4,4,0.0795775) (5,4,0.0377764) (9,4,0.0359319) (12,4,0.0242517) (18,4,0.014322) (20,4,0.0173231) (0,5,0.0265046) (1,5,0.0273466) (2,5,0.0397884) (3,5,0.0376676) (4,5,0.0377764) (5,5,0.0795775) (13,5,0.0285528) (19,5,0.0301275) (0,6,0.0290716) (6,6,0.0795775) (7,6,0.0272813) (8,6,0.0378199) (9,6,0.0281475) (10,6,0.0374791) (14,6,0.0256622) (15,6,0.0272866) (0,7,0.000158221) (2,7,0.0294639) (6,7,0.0272813) (7,7,0.0795775) (8,7,0.0349294) (9,7,0.0397704) (11,7,0.0277961) (14,7,0.00453888) (16,7,-1.06973e-05) (0,8,0.0191934) (6,8,0.0378199) (7,8,0.0349294) (8,8,0.0795775) (9,8,0.0354915) (17,8,0.0320591) (20,8,0.0177543) (0,9,0.00136534) (4,9,0.0359319) (6,9,0.0281475) (7,9,0.0397704) (8,9,0.0354915) (9,9,0.0795775) (12,9,0.0354488) (18,9,0.0288774) (20,9,0.000259467) (1,10,0.0360349) (6,10,0.0374791) (10,10,0.0795775) (11,10,0.0372336) (12,10,0.0315318) (13,10,0.0173262) (14,10,0.0343816) (15,10,0.0354253) (1,11,0.0277726) (2,11,0.00145027) (7,11,0.0277961) (10,11,0.0372336) (11,11,0.0795775) (12,11,0.0380629) (13,11,0.0288423) (14,11,-0.025113) (16,11,0.0284622) (1,12,0.0182674) (4,12,0.0242517) (9,12,0.0354488) (10,12,0.0315318) (11,12,0.0380629) (12,12,0.0795775) (13,12,0.0355761) (18,12,0.0381587) (20,12,-0.0178385) (1,13,0.00050426) (5,13,0.0285528) (10,13,0.0173262) (11,13,0.0288423) (12,13,0.0355761) (13,13,0.0795775) (19,13,0.0397204) (2,14,0.0299264) (6,14,0.0256622) (7,14,0.00453888) (10,14,0.0343816) (11,14,-0.025113) (14,14,0.0795775) (15,14,0.0397292) (16,14,-0.0395302) (3,15,0.0358242) (6,15,0.0272866) (10,15,0.0354253) (14,15,0.0397292) (15,15,0.0795775) (16,15,0.0397187) (17,15,0.0349726) (18,15,0.0265155) (19,15,-0.00321137) (2,16,-0.0267478) (3,16,0.0347343) (7,16,-1.06973e-05) (11,16,0.0284622) (14,16,-0.0395302) (15,16,0.0397187) (16,16,0.0795775) (17,16,0.0360364) (18,16,0.0282282) (19,16,-0.000853641) (3,17,0.023231) (8,17,0.0320591) (15,17,0.0349726) (16,17,0.0360364) (17,17,0.0795775) (18,17,0.0374537) (19,17,0.0160908) (20,17,0.0353951) (3,18,0.0109645) (4,18,0.014322) (9,18,0.0288774) (12,18,0.0381587) (15,18,0.0265155) (16,18,0.0282282) (17,18,0.0374537) (18,18,0.0795775) (19,18,0.0274292) (20,18,-0.0271833) (3,19,-0.0201487) (5,19,0.0301275) (13,19,0.0397204) (15,19,-0.00321137) (16,19,-0.000853641) (17,19,0.0160908) (18,19,0.0274292) (19,19,0.0795775) (4,20,0.0173231) (8,20,0.0177543) (9,20,0.000259467) (12,20,-0.0178385) (17,20,0.0353951) (18,20,-0.0271833) (20,20,0.0795775) 
Minv:
size: 27 27
(0,0,0.0397887) (1,1,0.0397887) (2,2,0.0795775) (3,3,0.0397887) (4,4,0.0397887) (5,5,0.0795775) (6,6,0.0397887) (7,7,0.0397887) (8,8,0.0795775) (9,9,0.0397887) (10,10,0.0397887) (11,11,0.0795775) (12,12,0.0397887) (13,13,0.0397887) (14,14,0.0795775) (15,15,0.0397887) (16,16,0.0397887) (17,17,0.0795775) (18,18,0.0397887) (19,19,0.0397887) (20,20,0.0795775) (21,21,0.0397887) (22,22,0.0397887) (23,23,0.0795775) (24,24,0.0397887) (25,25,0.0397887) (26,26,0.0795775) 
v0:
size: 27 1
(0,0,-0.310382) (1,0,0.986021) (2,0,0) (3,0,0.541082) (4,0,-0.955176) (5,0,0) (6,0,0.300568) (7,0,-0.305146) (8,0,0) (9,0,0.161157) (10,0,-0.27166) (11,0,0) (12,0,-0.780144) (13,0,-0.314168) (14,0,0) (15,0,0.8484) (16,0,-0.651327) (17,0,0) (18,0,0.602769) (19,0,-0.0219804) (20,0,0) (21,0,0.0354407) (22,0,-0.0789649) (23,0,0) (24,0,0.152428) (25,0,0.100712) (26,0,0) 
ipopt_sol:
size: 21 1
(0,0,45.9123) (1,0,6.06422) (2,0,2.59547) (3,0,5.52439e-07) (4,0,7.0718e-08) (5,0,7.13685e-08) (6,0,1.21545e-07) (7,0,28.2077) (8,0,5.7766e-08) (9,0,8.69143e-08) (10,0,1.89739e-07) (11,0,8.36206) (12,0,1.58187e-07) (13,0,3.49147e-07) (14,0,3.19102) (15,0,1.30622e-06) (16,0,1.09891) (17,0,8.16791e-07) (18,0,25.2072) (19,0,7.43001) (20,0,9.85812) 
policy_sol:
size: 21 1
(0,0,45.9123) (1,0,6.06422) (2,0,2.59546) (3,0,0) (4,0,0) (5,0,0) (6,0,0) (7,0,28.2077) (8,0,0) (9,0,0) (10,0,0) (11,0,8.36206) (12,0,0) (13,0,0) (14,0,3.19102) (15,0,0) (16,0,1.09891) (17,0,0) (18,0,25.2072) (19,0,7.43001) (20,0,9.85812) 

policy_converges:
1
