Git Revision:     3cfe7dc3fe6810e9e399640d632720aa3564fe80
Build Mode:       Debug
C Compiler:       /usr/bin/cc
C++ Compiler:     /usr/bin/c++
Fortran Compiler: gfortran
Body count: 9
No end time specified. Simulation will run indefinitely.
N:
size: 27 17
(0,0,-0.0229984) (1,0,-0.999736) (6,0,0.0229984) (7,0,0.999736) (0,1,-0.730285) (1,1,-0.683142) (12,1,0.730285) (13,1,0.683142) (0,2,-0.470598) (1,2,-0.882348) (15,2,0.470598) (16,2,0.882348) (0,3,-0.999106) (1,3,0.0422851) (18,3,0.999106) (19,3,-0.0422851) (3,4,-0.0539565) (4,4,-0.998543) (6,4,0.0539565) (7,4,0.998543) (3,5,-0.998752) (4,5,-0.0499486) (12,5,0.998752) (13,5,0.0499486) (3,6,-0.718419) (4,6,-0.69561) (15,6,0.718419) (16,6,0.69561) (3,7,-0.894076) (4,7,0.447915) (18,7,0.894076) (19,7,-0.447915) (6,8,-0.447634) (7,8,0.894217) (9,8,0.447634) (10,8,-0.894217) (6,9,-0.721633) (7,9,0.692276) (12,9,0.721633) (13,9,-0.692276) (6,10,-0.999989) (7,10,0.00470902) (15,10,0.999989) (16,10,-0.00470902) (6,11,-0.6961) (7,11,0.717945) (18,11,0.6961) (19,11,-0.717945) (9,12,0.0108382) (10,12,-0.999941) (12,12,-0.0108382) (13,12,0.999941) (9,13,0.0127641) (10,13,-0.999919) (15,13,-0.0127641) (16,13,0.999919) (9,14,-1) (10,14,0.000668653) (18,14,1) (19,14,-0.000668653) (12,15,0.0149049) (13,15,-0.999889) (15,15,-0.0149049) (16,15,0.999889) (15,16,-0.434912) (16,16,0.900473) (18,16,0.434912) (19,16,-0.900473) 
Q:
size: 17 17
(0,0,0.0795775) (1,0,0.0278424) (2,0,0.0355289) (3,0,-0.000767767) (4,0,0.0397696) (8,0,0.0351607) (9,0,0.0268771) (10,0,-0.00072775) (11,0,0.0279216) (0,1,0.0278424) (1,1,0.0795775) (2,1,0.0376576) (3,1,0.0278818) (5,1,0.0303785) (9,1,0.00215158) (12,1,0.0268648) (15,1,-0.0267453) (0,2,0.0355289) (1,2,0.0376576) (2,2,0.0795775) (3,2,0.0172232) (6,2,0.0378732) (10,2,0.018559) (13,2,0.0348657) (15,2,0.0348245) (16,2,0.0234698) (0,3,-0.000767767) (1,3,0.0278818) (2,3,0.0172232) (3,3,0.0795775) (7,3,0.036296) (11,3,0.0288801) (14,3,0.0397543) (16,3,0.0188042) (0,4,0.0397696) (4,4,0.0795775) (5,4,0.00412868) (6,4,0.0291795) (7,4,-0.0158765) (8,4,0.0345669) (9,4,0.0259554) (10,4,-0.00195974) (11,4,0.0270301) (1,5,0.0303785) (4,5,0.00412868) (5,5,0.0795775) (6,5,0.0299318) (7,5,0.0346396) (9,5,0.0273012) (12,5,0.00155658) (15,5,-0.00139486) (2,6,0.0378732) (4,6,0.0291795) (5,6,0.0299318) (6,6,0.0795775) (7,6,0.01316) (10,6,0.0284544) (13,6,0.0273103) (15,6,0.0272483) (16,6,0.0124908) (3,7,0.036296) (4,7,-0.0158765) (5,7,0.0346396) (6,7,0.01316) (7,7,0.0795775) (11,7,0.0375584) (14,7,0.0355861) (16,7,0.0315198) (0,8,0.0351607) (4,8,0.0345669) (8,8,0.0795775) (9,8,0.0374839) (10,8,0.0179782) (11,8,0.0379424) (12,8,0.0357707) (13,8,0.0358042) (14,8,-0.0178346) (0,9,0.0268771) (1,9,0.00215158) (4,9,0.0259554) (5,9,0.0273012) (8,9,0.0374839) (9,9,0.0795775) (10,9,0.0288423) (11,9,0.0397627) (12,9,-0.0278544) (15,9,0.0279697) (0,10,-0.00072775) (2,10,0.018559) (4,10,-0.00195974) (6,10,0.0284544) (8,10,0.0179782) (9,10,0.0288423) (10,10,0.0795775) (11,10,0.0278311) (13,10,-0.000695212) (15,10,-0.000780387) (16,10,-0.0174731) (0,11,0.0279216) (3,11,0.0288801) (4,11,0.0270301) (7,11,0.0375584) (8,11,0.0379424) (9,11,0.0397627) (10,11,0.0278311) (11,11,0.0795775) (14,11,0.027716) (16,11,0.0377688) (1,12,0.0268648) (5,12,0.00155658) (8,12,0.0357707) (9,12,-0.0278544) (12,12,0.0795775) (13,12,0.0397887) (14,12,-0.000457841) (15,12,-0.0397884) (2,13,0.0348657) (6,13,0.0273103) (8,13,0.0358042) (10,13,-0.000695212) (12,13,0.0397887) (13,13,0.0795775) (14,13,-0.00053447) (15,13,0.0397886) (16,13,0.0360466) (3,14,0.0397543) (7,14,0.0355861) (8,14,-0.0178346) (11,14,0.027716) (12,14,-0.000457841) (13,14,-0.00053447) (14,14,0.0795775) (16,14,0.0173286) (1,15,-0.0267453) (2,15,0.0348245) (5,15,-0.00139486) (6,15,0.0272483) (9,15,0.0279697) (10,15,-0.000780387) (12,15,-0.0397884) (13,15,0.0397886) (15,15,0.0795775) (16,15,0.0360826) (2,16,0.0234698) (3,16,0.0188042) (6,16,0.0124908) (7,16,0.0315198) (10,16,-0.0174731) (11,16,0.0377688) (13,16,0.0360466) (14,16,0.0173286) (15,16,0.0360826) (16,16,0.0795775) 
Minv:
size: 27 27
(0,0,0.0397887) (1,1,0.0397887) (2,2,0.0795775) (3,3,0.0397887) (4,4,0.0397887) (5,5,0.0795775) (6,6,0.0397887) (7,7,0.0397887) (8,8,0.0795775) (9,9,0.0397887) (10,10,0.0397887) (11,11,0.0795775) (12,12,0.0397887) (13,13,0.0397887) (14,14,0.0795775) (15,15,0.0397887) (16,16,0.0397887) (17,17,0.0795775) (18,18,0.0397887) (19,19,0.0397887) (20,20,0.0795775) (21,21,0.0397887) (22,22,0.0397887) (23,23,0.0795775) (24,24,0.0397887) (25,25,0.0397887) (26,26,0.0795775) 
v0:
size: 27 1
(0,0,0.0147617) (1,0,-0.0741442) (2,0,0) (3,0,0.46131) (4,0,0.669374) (5,0,0) (6,0,0.0427388) (7,0,-0.499409) (8,0,0) (9,0,0.552006) (10,0,0.462247) (11,0,0) (12,0,-0.714062) (13,0,-0.12668) (14,0,0) (15,0,-0.741584) (16,0,-0.98278) (17,0,0) (18,0,-0.255566) (19,0,0.108267) (20,0,0) (21,0,0.970928) (22,0,0.472528) (23,0,0) (24,0,0.495127) (25,0,0.860909) (26,0,0) 
ipopt_sol:
size: 17 1
(0,0,3.49873e-07) (1,0,8.56575) (2,0,7.86275e-07) (3,0,1.70834e-07) (4,0,11.2369) (5,0,7.55415) (6,0,36.1244) (7,0,1.63944e-07) (8,0,2.59164e-07) (9,0,15.5355) (10,0,1.72548) (11,0,3.27808e-07) (12,0,26.8929) (13,0,6.1512e-05) (14,0,20.2994) (15,0,19.8445) (16,0,0.669659) 
policy_sol:
size: 17 1
(0,0,0) (1,0,8.56575) (2,0,0) (3,0,0) (4,0,15.2487) (5,0,11.6937) (6,0,30.0682) (7,0,0) (8,0,0) (9,0,9.71885) (10,0,6.13949) (11,0,0) (12,0,26.8929) (13,0,0) (14,0,20.2994) (15,0,24.0785) (16,0,0.669657) 

policy_converges:
1
