solve status: 0
N:
size: 27 13
(0,0,0.0174092) (1,0,-0.999848) (3,0,-0.0174092) (4,0,0.999848) (0,1,0.0420087) (1,1,-0.999117) (6,1,-0.0420087) (7,1,0.999117) (3,2,0.0662703) (4,2,-0.997802) (6,2,-0.0662703) (7,2,0.997802) (3,3,-0.696411) (4,3,0.717643) (9,3,0.696411) (10,3,-0.717643) (6,4,-0.462814) (7,4,0.886455) (9,4,0.462814) (10,4,-0.886455) (6,5,-0.710714) (7,5,0.703481) (12,5,0.710714) (13,5,-0.703481) (6,6,-0.999291) (7,6,0.037652) (15,6,0.999291) (16,6,-0.037652) (6,7,-0.714785) (7,7,0.699344) (18,7,0.714785) (19,7,-0.699344) (9,8,0.0541211) (10,8,-0.998534) (12,8,-0.0541211) (13,8,0.998534) (9,9,0.0428182) (10,9,-0.999083) (15,9,-0.0428182) (16,9,0.999083) (9,10,-0.412021) (10,10,-0.911174) (24,10,0.412021) (25,10,0.911174) (18,11,-0.0324879) (19,11,-0.999472) (21,11,0.0324879) (22,11,0.999472) (18,12,0.0206065) (19,12,-0.999788) (24,12,-0.0206065) (25,12,0.999788) 
Q:
size: 13 13
(0,0,0.0795775) (1,0,0.0397767) (2,0,-0.0397412) (3,0,0.0290322) (0,1,0.0397767) (1,1,0.0795775) (2,1,0.039777) (4,1,0.0360134) (5,1,0.0291538) (6,1,0.00316709) (7,1,0.0289962) (0,2,-0.0397412) (1,2,0.039777) (2,2,0.0795775) (3,2,-0.0303277) (4,2,0.0364138) (5,2,0.0298031) (6,2,0.00412977) (7,2,0.0296496) (0,3,0.0290322) (2,3,-0.0303277) (3,3,0.0795775) (4,3,0.0381362) (8,3,0.0300119) (9,3,0.0297144) (10,3,0.014601) (1,4,0.0360134) (2,4,0.0364138) (3,4,0.0381362) (4,4,0.0795775) (5,4,0.0379001) (6,4,0.0197298) (7,4,0.0378291) (8,4,0.0362159) (9,4,0.0360271) (10,4,0.0245507) (1,5,0.0291538) (2,5,0.0298031) (4,5,0.0379001) (5,5,0.0795775) (6,5,0.0293123) (7,5,0.0397881) (8,5,-0.02948) (1,6,0.00316709) (2,6,0.00412977) (4,6,0.0197298) (5,6,0.0293123) (6,6,0.0795775) (7,6,0.0294679) (9,6,-0.00319923) (1,7,0.0289962) (2,7,0.0296496) (4,7,0.0378291) (5,7,0.0397881) (6,7,0.0294679) (7,7,0.0795775) (11,7,0.0268874) (12,7,0.0284062) (3,8,0.0300119) (4,8,0.0362159) (5,8,-0.02948) (8,8,0.0795775) (9,8,0.0397862) (10,8,0.0353141) (3,9,0.0297144) (4,9,0.0360271) (6,9,-0.00319923) (8,9,0.0397862) (9,9,0.0795775) (10,9,0.0355193) (3,10,0.014601) (4,10,0.0245507) (8,10,0.0353141) (9,10,0.0355193) (10,10,0.0795775) (12,10,0.035909) (7,11,0.0268874) (11,11,0.0795775) (12,11,0.0397327) (7,12,0.0284062) (10,12,0.035909) (11,12,0.0397327) (12,12,0.0795775) 
Minv:
size: 27 27
(0,0,0.0397887) (1,1,0.0397887) (2,2,0.0795775) (3,3,0.0397887) (4,4,0.0397887) (5,5,0.0795775) (6,6,0.0397887) (7,7,0.0397887) (8,8,0.0795775) (9,9,0.0397887) (10,10,0.0397887) (11,11,0.0795775) (12,12,0.0397887) (13,13,0.0397887) (14,14,0.0795775) (15,15,0.0397887) (16,16,0.0397887) (17,17,0.0795775) (18,18,0.0397887) (19,19,0.0397887) (20,20,0.0795775) (21,21,0.0397887) (22,22,0.0397887) (23,23,0.0795775) (24,24,0.0397887) (25,25,0.0397887) (26,26,0.0795775) 
v0:
size: 27 1
(0,0,-0.627728) (1,0,-0.486446) (2,0,0) (3,0,-0.454941) (4,0,-0.659784) (5,0,0) (6,0,0.0174985) (7,0,-0.664554) (8,0,0) (9,0,-0.538933) (10,0,0.581521) (11,0,0) (12,0,-0.116626) (13,0,0.363028) (14,0,0) (15,0,-0.867891) (16,0,0.361063) (17,0,0) (18,0,0.198196) (19,0,0.326547) (20,0,0) (21,0,0.887184) (22,0,-0.284886) (23,0,0) (24,0,0.462314) (25,0,-0.0670253) (26,0,0) 
ipopt_sol:
size: 13 1
(0,0,0) (1,0,0) (2,0,0) (3,0,13.4303) (4,0,21.7606) (5,0,4.21026) (6,0,16.261) (7,0,0) (8,0,0) (9,0,0) (10,0,0) (11,0,13.0414) (12,0,3.5147) 
policy_sol:
size: 13 1
(0,0,0) (1,0,0) (2,0,0) (3,0,13.4303) (4,0,21.7606) (5,0,4.21026) (6,0,16.261) (7,0,0) (8,0,0) (9,0,0) (10,0,0) (11,0,13.0414) (12,0,3.5147) 

policy_converges:
1
ipopt_converges:
0
