Git Revision:     18345a57b34405566a64d0bf3d2a118f1cdbade3
Build Mode:       Debug
C Compiler:       /usr/bin/cc
C++ Compiler:     /usr/bin/c++
Fortran Compiler: gfortran
Body count: 9
No end time specified. Simulation will run indefinitely.
N:
size: 27 23
(0,0,-0.0249801) (1,0,-0.999688) (3,0,0.0249801) (4,0,0.999688) (0,1,-0.0316855) (1,1,-0.999498) (6,1,0.0316855) (7,1,0.999498) (0,2,-0.718425) (1,2,-0.695604) (12,2,0.718425) (13,2,0.695604) (0,3,-0.438623) (1,3,-0.898671) (15,3,0.438623) (16,3,0.898671) (0,4,-0.999739) (1,4,-0.0228494) (18,4,0.999739) (19,4,0.0228494) (0,5,-0.714318) (1,5,-0.699821) (24,5,0.714318) (25,5,0.699821) (3,6,-0.0378824) (4,6,-0.999282) (6,6,0.0378824) (7,6,0.999282) (3,7,-0.999194) (4,7,-0.0401531) (12,7,0.999194) (13,7,0.0401531) (3,8,-0.683725) (4,8,-0.72974) (15,8,0.683725) (16,8,0.72974) (3,9,-0.901074) (4,9,0.433666) (18,9,0.901074) (19,9,-0.433666) (3,10,-0.999998) (4,10,0.0020157) (21,10,0.999998) (22,10,-0.0020157) (3,11,-0.895797) (4,11,-0.444464) (24,11,0.895797) (25,11,0.444464) (6,12,-0.437752) (7,12,0.899096) (9,12,0.437752) (10,12,-0.899096) (6,13,-0.690193) (7,13,0.723625) (18,13,0.690193) (19,13,-0.723625) (9,14,-0.015696) (10,14,-0.999877) (12,14,0.015696) (13,14,0.999877) (9,15,0.0346252) (10,15,-0.9994) (15,15,-0.0346252) (16,15,0.9994) (9,16,-0.999969) (10,16,-0.00791769) (18,16,0.999969) (19,16,0.00791769) (9,17,-0.714724) (10,17,-0.699407) (21,17,0.714724) (22,17,0.699407) (12,18,0.0854107) (13,18,-0.996346) (15,18,-0.0854107) (16,18,0.996346) (12,19,-0.682737) (13,19,0.730664) (18,19,0.682737) (19,19,-0.730664) (15,20,-0.455418) (16,20,0.890278) (18,20,0.455418) (19,20,-0.890278) (18,21,-0.0334007) (19,21,-0.999442) (21,21,0.0334007) (22,21,0.999442) (18,22,-0.0178905) (19,22,-0.99984) (24,22,0.0178905) (25,22,0.99984) 
Q:
size: 23 23
(0,0,0.0795775) (1,0,0.0397878) (2,0,0.0283826) (3,0,0.0361818) (4,0,0.00190253) (5,0,0.0285463) (6,0,-0.0397854) (7,0,-0.00259027) (8,0,-0.0297059) (9,0,0.016354) (10,0,-0.000913745) (11,0,-0.0185695) (0,1,0.0397878) (1,1,0.0795775) (2,1,0.0285691) (3,1,0.036292) (4,1,0.00216909) (5,1,0.0287316) (6,1,0.039788) (12,1,0.035204) (13,1,0.0279075) (0,2,0.0283826) (1,2,0.0285691) (2,2,0.0795775) (3,2,0.0374109) (4,2,0.0292102) (5,2,0.039788) (7,2,0.0296735) (14,2,0.0281225) (18,2,-0.0251346) (19,2,0.000706557) (0,3,0.0361818) (1,3,0.036292) (2,3,0.0374109) (3,3,0.0795775) (4,3,0.0182647) (5,3,0.03749) (8,3,0.0380258) (15,3,0.0351313) (18,3,0.0341357) (20,3,0.0238856) (0,4,0.00190253) (1,4,0.00216909) (2,4,0.0292102) (3,4,0.0182647) (4,4,0.0795775) (5,4,0.0290506) (9,4,0.035449) (13,4,0.0267969) (16,4,0.0397843) (19,4,0.0264939) (20,4,0.0173064) (21,4,-0.00223726) (22,4,-0.00162066) (0,5,0.0285463) (1,5,0.0287316) (2,5,0.039788) (3,5,0.03749) (4,5,0.0290506) (5,5,0.0795775) (11,5,0.0378363) (22,5,0.028349) (0,6,-0.0397854) (1,6,0.039788) (6,6,0.0795775) (7,6,0.00310257) (8,6,0.0300452) (9,6,-0.0158844) (10,6,0.00142714) (11,6,0.0190222) (12,6,0.0350884) (13,6,0.0277311) (0,7,-0.00259027) (2,7,0.0296735) (6,7,0.00310257) (7,7,0.0795775) (8,7,0.0283485) (9,7,0.0351308) (10,7,0.0397533) (11,7,0.036324) (14,7,0.00222146) (18,7,0.00180384) (19,7,-0.025976) (0,8,-0.0297059) (3,8,0.0380258) (6,8,0.0300452) (7,8,0.0283485) (8,8,0.0795775) (9,8,0.0119217) (10,8,0.027146) (11,8,0.0372749) (15,8,0.028076) (18,8,0.0266058) (20,8,0.0134601) (0,9,0.016354) (4,9,0.035449) (6,9,-0.0158844) (7,9,0.0351308) (8,9,0.0119217) (9,9,0.0795775) (10,9,0.0358873) (11,9,0.0244474) (13,9,0.0372314) (16,9,0.0357148) (19,9,0.0370855) (20,9,0.0316897) (21,9,0.0160479) (22,9,0.0166108) (0,10,-0.000913745) (6,10,0.00142714) (7,10,0.0397533) (8,10,0.027146) (9,10,0.0358873) (10,10,0.0795775) (11,10,0.0356069) (17,10,0.0283818) (21,10,0.00124881) (0,11,-0.0185695) (5,11,0.0378363) (6,11,0.0190222) (7,11,0.036324) (8,11,0.0372749) (9,11,0.0244474) (10,11,0.0356069) (11,11,0.0795775) (22,11,0.0183195) (1,12,0.035204) (6,12,0.0350884) (12,12,0.0795775) (13,12,0.0379084) (14,12,0.0354961) (15,12,0.0363555) (16,12,-0.0171338) (17,12,0.0125717) (1,13,0.0279075) (4,13,0.0267969) (6,13,0.0277311) (9,13,0.0372314) (12,13,0.0379084) (13,13,0.0795775) (16,13,0.0272331) (19,13,0.0397866) (20,13,0.0381396) (21,13,0.0278588) (22,13,0.0282962) (2,14,0.0281225) (7,14,0.00222146) (12,14,0.0354961) (14,14,0.0795775) (15,14,0.0397384) (16,14,0.0009395) (17,14,0.0282715) (18,14,-0.0395851) (19,14,0.0286422) (3,15,0.0351313) (8,15,0.028076) (12,15,0.0363555) (14,15,0.0397384) (15,15,0.0795775) (16,15,-0.0010628) (17,15,0.0268272) (18,15,0.0397372) (20,15,0.0360292) (4,16,0.0397843) (9,16,0.0357148) (12,16,-0.0171338) (13,16,0.0272331) (14,16,0.0009395) (15,16,-0.0010628) (16,16,0.0795775) (17,16,0.0286574) (19,16,0.0269342) (20,16,0.0178395) (21,16,-0.00164379) (22,16,-0.0010268) (10,17,0.0283818) (12,17,0.0125717) (14,17,0.0282715) (15,17,0.0268272) (16,17,0.0286574) (17,17,0.0795775) (21,17,0.0287628) (2,18,-0.0251346) (3,18,0.0341357) (7,18,0.00180384) (8,18,0.0266058) (14,18,-0.0395851) (15,18,0.0397372) (18,18,0.0795775) (19,18,-0.0312862) (20,18,0.0368413) (2,19,0.000706557) (4,19,0.0264939) (7,19,-0.025976) (9,19,0.0370855) (13,19,0.0397866) (14,19,0.0286422) (16,19,0.0269342) (18,19,-0.0312862) (19,19,0.0795775) (20,19,0.0382539) (21,19,0.0281486) (22,19,0.0285816) (3,20,0.0238856) (4,20,0.0173064) (8,20,0.0134601) (9,20,0.0316897) (13,20,0.0381396) (15,20,0.0360292) (16,20,0.0178395) (18,20,0.0368413) (19,20,0.0382539) (20,20,0.0795775) (21,20,0.034798) (22,20,0.0350932) (4,21,-0.00223726) (9,21,0.0160479) (10,21,0.00124881) (13,21,0.0278588) (16,21,-0.00164379) (17,21,0.0287628) (19,21,0.0281486) (20,21,0.034798) (21,21,0.0795775) (22,21,0.0397839) (4,22,-0.00162066) (5,22,0.028349) (9,22,0.0166108) (11,22,0.0183195) (13,22,0.0282962) (16,22,-0.0010268) (19,22,0.0285816) (20,22,0.0350932) (21,22,0.0397839) (22,22,0.0795775) 
Minv:
size: 27 27
(0,0,0.0397887) (1,1,0.0397887) (2,2,0.0795775) (3,3,0.0397887) (4,4,0.0397887) (5,5,0.0795775) (6,6,0.0397887) (7,7,0.0397887) (8,8,0.0795775) (9,9,0.0397887) (10,10,0.0397887) (11,11,0.0795775) (12,12,0.0397887) (13,13,0.0397887) (14,14,0.0795775) (15,15,0.0397887) (16,16,0.0397887) (17,17,0.0795775) (18,18,0.0397887) (19,19,0.0397887) (20,20,0.0795775) (21,21,0.0397887) (22,22,0.0397887) (23,23,0.0795775) (24,24,0.0397887) (25,25,0.0397887) (26,26,0.0795775) 
v0:
size: 27 1
(0,0,-0.19692) (1,0,0.925334) (2,0,0) (3,0,0.83812) (4,0,0.506937) (5,0,0) (6,0,-0.851258) (7,0,-0.954928) (8,0,0) (9,0,0.526877) (10,0,-0.184282) (11,0,0) (12,0,0.128602) (13,0,-0.183848) (14,0,0) (15,0,0.527524) (16,0,-0.662336) (17,0,0) (18,0,-0.838985) (19,0,0.49977) (20,0,0) (21,0,0.586267) (22,0,-0.619209) (23,0,0) (24,0,0.698289) (25,0,-0.0310215) (26,0,0) 
ipopt_sol:
size: 23 1
(0,0,40.347) (1,0,4.57247e-06) (2,0,2.32884e-07) (3,0,3.99145e-07) (4,0,1.60415e-07) (5,0,7.32412e-08) (6,0,55.6605) (7,0,11.7882) (8,0,11.1271) (9,0,9.15143) (10,0,1.27686e-07) (11,0,1.30397e-07) (12,0,5.63217e-08) (13,0,3.83545e-08) (14,0,5.99838e-07) (15,0,5.99888e-07) (16,0,23.5242) (17,0,1.52366e-07) (18,0,1.98876) (19,0,6.6758) (20,0,20.4909) (21,0,14.2295) (22,0,1.42161e-07) 
policy_sol:
size: 23 1
(0,0,40.347) (1,0,0) (2,0,0) (3,0,0) (4,0,0) (5,0,0) (6,0,55.6605) (7,0,10.1661) (8,0,11.9254) (9,0,10.3445) (10,0,0) (11,0,0) (12,0,0) (13,0,0) (14,0,0) (15,0,0) (16,0,23.5242) (17,0,0) (18,0,0) (19,0,4.05304) (20,0,22.0623) (21,0,14.2295) (22,0,0) 

policy_converges:
1
ipopt_converges:
0
