solve status: 0
N:
size: 27 20
(0,0,-0.999577) (1,0,0.0290676) (9,0,0.999577) (10,0,-0.0290676) (0,1,-0.433901) (1,1,-0.90096) (15,1,0.433901) (16,1,0.90096) (0,2,-0.89338) (1,2,-0.449303) (21,2,0.89338) (22,2,0.449303) (3,3,-0.0425019) (4,3,-0.999096) (6,3,0.0425019) (7,3,0.999096) (3,4,-0.725217) (4,4,0.68852) (9,4,0.725217) (10,4,-0.68852) (3,5,-0.999971) (4,5,-0.00766705) (12,5,0.999971) (13,5,0.00766705) (3,6,-0.69516) (4,6,-0.718855) (15,6,0.69516) (16,6,0.718855) (3,7,-0.99997) (4,7,-0.00769096) (21,7,0.99997) (22,7,0.00769096) (3,8,-0.891822) (4,8,-0.452386) (24,8,0.891822) (25,8,0.452386) (6,9,-0.449822) (7,9,0.893118) (9,9,0.449822) (10,9,-0.893118) (6,10,-0.999628) (7,10,-0.0272695) (15,10,0.999628) (16,10,0.0272695) (6,11,-0.891574) (7,11,0.452876) (21,11,0.891574) (22,11,-0.452876) (9,12,0.011608) (10,12,-0.999933) (12,12,-0.011608) (13,12,0.999933) (9,13,0.0270232) (10,13,-0.999635) (15,13,-0.0270232) (16,13,0.999635) (9,14,-0.679537) (10,14,-0.733642) (21,14,0.679537) (22,14,0.733642) (9,15,-0.437224) (10,15,-0.899353) (24,15,0.437224) (25,15,0.899353) (12,16,0.0421727) (13,16,-0.99911) (15,16,-0.0421727) (16,16,0.99911) (12,17,-0.99997) (13,17,-0.00771711) (21,17,0.99997) (22,17,0.00771711) (15,18,-0.699457) (16,18,0.714674) (21,18,0.699457) (22,18,-0.714674) (18,19,-0.00613369) (19,19,-0.999981) (21,19,0.00613369) (22,19,0.999981) 
Q:
size: 20 20
(0,0,0.0795775) (1,0,0.0162151) (2,0,0.0350118) (4,0,0.0296396) (9,0,0.0189232) (12,0,0.00161815) (13,0,0.0022309) (14,0,-0.026178) (15,0,-0.0163491) (0,1,0.0162151) (1,1,0.0795775) (2,1,0.0315303) (6,1,0.0377711) (10,1,0.0182355) (13,1,0.0353684) (16,1,0.0350881) (18,1,0.013544) (0,2,0.0350118) (1,2,0.0315303) (2,2,0.0795775) (7,2,0.0356829) (11,2,0.0235961) (14,2,0.0372706) (17,2,0.0356833) (18,2,0.0120869) (19,2,0.0180949) (3,3,0.0795775) (4,3,-0.0261442) (5,3,0.00199583) (6,3,0.0297521) (7,3,0.00199678) (8,3,0.0194917) (9,3,0.0347432) (10,3,-0.00277451) (11,3,0.0164953) (0,4,0.0296396) (3,4,-0.0261442) (4,4,0.0795775) (5,4,0.0286446) (6,4,0.000365907) (7,4,0.0286439) (8,4,0.0133407) (9,4,0.0374471) (12,4,0.0277284) (13,4,0.0281651) (14,4,0.000490008) (15,4,0.0120218) (3,5,0.00199583) (4,5,0.0286446) (5,5,0.0795775) (6,5,0.027878) (7,5,0.0397887) (8,5,0.0356215) (12,5,-0.000156811) (16,5,0.00137316) (17,5,-0.0397887) (1,6,0.0377711) (3,6,0.0297521) (4,6,0.000365907) (5,6,0.027878) (6,6,0.0795775) (7,6,0.0278787) (8,6,0.0376067) (10,6,0.0284292) (13,6,0.0278444) (16,6,0.0274104) (18,6,0.00109468) (2,7,0.0356829) (3,7,0.00199678) (4,7,0.0286439) (5,7,0.0397887) (6,7,0.0278787) (7,7,0.0795775) (8,7,0.0356219) (11,7,0.0353349) (14,7,0.0272616) (17,7,0.0397887) (18,7,0.027611) (19,7,0.000550052) (3,8,0.0194917) (4,8,0.0133407) (5,8,0.0356215) (6,8,0.0376067) (7,8,0.0356219) (8,8,0.0795775) (15,8,0.0317029) (0,9,0.0189232) (3,9,0.0347432) (4,9,0.0374471) (9,9,0.0795775) (10,9,0.0169221) (11,9,0.0320507) (12,9,0.0357414) (13,9,0.0360067) (14,9,0.0139085) (15,9,0.0241341) (1,10,0.0182355) (3,10,-0.00277451) (6,10,0.0284292) (9,10,0.0169221) (10,10,0.0795775) (11,10,0.03497) (13,10,9.80425e-06) (16,10,-0.000593319) (18,10,-0.0270447) (2,11,0.0235961) (3,11,0.0164953) (7,11,0.0353349) (9,11,0.0320507) (10,11,0.03497) (11,11,0.0795775) (14,11,0.0108865) (17,11,0.0353345) (18,11,0.0376909) (19,11,-0.0178014) (0,12,0.00161815) (4,12,0.0277284) (5,12,-0.000156811) (9,12,0.0357414) (12,12,0.0795775) (13,12,0.039784) (14,12,0.0288749) (15,12,0.0355798) (16,12,-0.0397701) (17,12,0.000154819) (0,13,0.0022309) (1,13,0.0353684) (4,13,0.0281651) (6,13,0.0278444) (9,13,0.0360067) (10,13,9.80425e-06) (12,13,0.039784) (13,13,0.0795775) (14,13,0.0284494) (15,13,0.0353009) (16,13,0.0397842) (18,13,0.0291777) (0,14,-0.026178) (2,14,0.0372706) (4,14,0.000490008) (7,14,0.0272616) (9,14,0.0139085) (11,14,0.0108865) (12,14,0.0288749) (13,14,0.0284494) (14,14,0.0795775) (15,14,0.0380743) (17,14,0.0272624) (18,14,-0.00194997) (19,14,0.029356) (0,15,-0.0163491) (4,15,0.0120218) (8,15,0.0317029) (9,15,0.0241341) (12,15,0.0355798) (13,15,0.0353009) (14,15,0.0380743) (15,15,0.0795775) (1,16,0.0350881) (5,16,0.00137316) (6,16,0.0274104) (10,16,-0.000593319) (12,16,-0.0397701) (13,16,0.0397842) (16,16,0.0795775) (17,16,-0.00137117) (18,16,0.0295844) (2,17,0.0356833) (5,17,-0.0397887) (7,17,0.0397887) (11,17,0.0353345) (12,17,0.000154819) (14,17,0.0272624) (16,17,-0.00137117) (17,17,0.0795775) (18,17,0.0276102) (19,17,0.000551093) (1,18,0.013544) (2,18,0.0120869) (6,18,0.00109468) (7,18,0.027611) (10,18,-0.0270447) (11,18,0.0376909) (13,18,0.0291777) (14,18,-0.00194997) (16,18,0.0295844) (17,18,0.0276102) (18,18,0.0795775) (19,18,-0.0282648) (2,19,0.0180949) (7,19,0.000550052) (11,19,-0.0178014) (14,19,0.029356) (17,19,0.000551093) (18,19,-0.0282648) (19,19,0.0795775) 
Minv:
size: 27 27
(0,0,0.0397887) (1,1,0.0397887) (2,2,0.0795775) (3,3,0.0397887) (4,4,0.0397887) (5,5,0.0795775) (6,6,0.0397887) (7,7,0.0397887) (8,8,0.0795775) (9,9,0.0397887) (10,10,0.0397887) (11,11,0.0795775) (12,12,0.0397887) (13,13,0.0397887) (14,14,0.0795775) (15,15,0.0397887) (16,16,0.0397887) (17,17,0.0795775) (18,18,0.0397887) (19,19,0.0397887) (20,20,0.0795775) (21,21,0.0397887) (22,22,0.0397887) (23,23,0.0795775) (24,24,0.0397887) (25,25,0.0397887) (26,26,0.0795775) 
v0:
size: 27 1
(0,0,0.0892842) (1,0,-0.863948) (2,0,0) (3,0,0.584533) (4,0,0.879847) (5,0,0) (6,0,-0.302535) (7,0,0.183799) (8,0,0) (9,0,0.108855) (10,0,0.42029) (11,0,0) (12,0,-0.0498061) (13,0,-0.0903676) (14,0,0) (15,0,-0.698709) (16,0,-0.881997) (17,0,0) (18,0,0.827678) (19,0,-0.491794) (20,0,0) (21,0,-0.983891) (22,0,-0.871133) (23,0,0) (24,0,0.400895) (25,0,-0.0720707) (26,0,0) 
ipopt_sol:
size: 20 1
(0,0,15.1943) (1,0,0) (2,0,0) (3,0,0) (4,0,0) (5,0,8.53402e-05) (6,0,53.7753) (7,0,1.2464) (8,0,0) (9,0,0) (10,0,0) (11,0,0) (12,0,0) (13,0,0) (14,0,44.8313) (15,0,0) (16,0,0) (17,0,6.66589) (18,0,2.82198) (19,0,0) 
policy_sol:
size: 20 1
(0,0,15.1943) (1,0,0) (2,0,0) (3,0,0) (4,0,0) (5,0,0) (6,0,53.7753) (7,0,1.24648) (8,0,0) (9,0,0) (10,0,0) (11,0,0) (12,0,0) (13,0,0) (14,0,44.8313) (15,0,0) (16,0,0) (17,0,6.6658) (18,0,2.82198) (19,0,0) 

policy_converges:
1
ipopt_converges:
0
