Git Revision:     18345a57b34405566a64d0bf3d2a118f1cdbade3
Build Mode:       Debug
C Compiler:       /usr/bin/cc
C++ Compiler:     /usr/bin/c++
Fortran Compiler: gfortran
Body count: 9
No end time specified. Simulation will run indefinitely.
N:
size: 27 11
(0,0,-0.893315) (1,0,-0.449431) (21,0,0.893315) (22,0,0.449431) (3,1,-0.0239879) (4,1,-0.999712) (6,1,0.0239879) (7,1,0.999712) (3,2,-0.995506) (4,2,0.0947018) (12,2,0.995506) (13,2,-0.0947018) (6,3,-0.676248) (7,3,0.736674) (12,3,0.676248) (13,3,-0.736674) (6,4,-0.998928) (7,4,0.0462963) (15,4,0.998928) (16,4,-0.0462963) (6,5,-0.887823) (7,5,0.460185) (21,5,0.887823) (22,5,-0.460185) (9,6,-1) (10,6,-0.000398104) (18,6,1) (19,6,0.000398104) (9,7,-0.703609) (10,7,-0.710588) (21,7,0.703609) (22,7,0.710588) (12,8,0.00645978) (13,8,-0.999979) (15,8,-0.00645978) (16,8,0.999979) (15,9,-0.709571) (16,9,0.704634) (21,9,0.709571) (22,9,-0.704634) (18,10,0.022566) (19,10,-0.999745) (21,10,-0.022566) (22,10,0.999745) 
Q:
size: 11 11
(0,0,0.0795775) (5,0,0.0233275) (7,0,0.0377159) (9,0,0.0126204) (10,0,0.0170757) (1,1,0.0795775) (2,1,-0.00281682) (3,1,0.0286574) (4,1,0.000888115) (5,1,0.0174575) (1,2,-0.00281682) (2,2,0.0795775) (3,2,0.029562) (8,2,0.00402386) (1,3,0.0286574) (2,3,0.029562) (3,3,0.0795775) (4,3,0.0282352) (5,3,0.0373773) (8,3,0.0294845) (1,4,0.000888115) (3,4,0.0282352) (4,4,0.0795775) (5,4,0.0361352) (8,4,-0.00209878) (9,4,-0.0295006) (0,5,0.0233275) (1,5,0.0174575) (3,5,0.0373773) (4,5,0.0361352) (5,5,0.0795775) (7,5,0.0118443) (9,5,0.0379678) (10,5,-0.0191027) (6,6,0.0795775) (7,6,0.028007) (10,6,0.000882036) (0,7,0.0377159) (5,7,0.0118443) (6,7,0.028007) (7,7,0.0795775) (9,7,-5.74634e-05) (10,7,0.0276344) (2,8,0.00402386) (3,8,0.0294845) (4,8,-0.00209878) (8,8,0.0795775) (9,8,0.0282183) (0,9,0.0126204) (4,9,-0.0295006) (5,9,0.0379678) (7,9,-5.74634e-05) (8,9,0.0282183) (9,9,0.0795775) (10,9,-0.0286665) (0,10,0.0170757) (5,10,-0.0191027) (6,10,0.000882036) (7,10,0.0276344) (9,10,-0.0286665) (10,10,0.0795775) 
Minv:
size: 27 27
(0,0,0.0397887) (1,1,0.0397887) (2,2,0.0795775) (3,3,0.0397887) (4,4,0.0397887) (5,5,0.0795775) (6,6,0.0397887) (7,7,0.0397887) (8,8,0.0795775) (9,9,0.0397887) (10,10,0.0397887) (11,11,0.0795775) (12,12,0.0397887) (13,13,0.0397887) (14,14,0.0795775) (15,15,0.0397887) (16,16,0.0397887) (17,17,0.0795775) (18,18,0.0397887) (19,19,0.0397887) (20,20,0.0795775) (21,21,0.0397887) (22,22,0.0397887) (23,23,0.0795775) (24,24,0.0397887) (25,25,0.0397887) (26,26,0.0795775) 
v0:
size: 27 1
(0,0,-0.713561) (1,0,-0.151467) (2,0,0) (3,0,-0.800257) (4,0,0.311472) (5,0,0) (6,0,0.613212) (7,0,0.0948533) (8,0,0) (9,0,0.729575) (10,0,-0.216066) (11,0,0) (12,0,-0.849136) (13,0,0.16264) (14,0,0) (15,0,0.438944) (16,0,0.0167158) (17,0,0) (18,0,0.594051) (19,0,0.040691) (20,0,0) (21,0,-0.782224) (22,0,-0.73745) (23,0,0) (24,0,0.858321) (25,0,0.874822) (26,0,0) 
ipopt_sol:
size: 11 1
(0,0,8.50052e-08) (1,0,2.21087e-07) (2,0,1.26437e-07) (3,0,24.8777) (4,0,8.3333e-07) (5,0,2.62158) (6,0,1.37904e-07) (7,0,31.2134) (8,0,1.09888e-07) (9,0,11.8102) (10,0,12.8158) 
policy_sol:
size: 11 1
(0,0,0) (1,0,0) (2,0,0) (3,0,24.8777) (4,0,0) (5,0,2.62158) (6,0,0) (7,0,31.2134) (8,0,0) (9,0,11.8102) (10,0,12.8158) 

policy_converges:
1
ipopt_converges:
1
