Git Revision:     3cfe7dc3fe6810e9e399640d632720aa3564fe80
Build Mode:       Debug
C Compiler:       /usr/bin/cc
C++ Compiler:     /usr/bin/c++
Fortran Compiler: gfortran
Body count: 9
No end time specified. Simulation will run indefinitely.
N:
size: 27 17
(0,0,-0.0678759) (1,0,-0.997694) (3,0,0.0678759) (4,0,0.997694) (0,1,-0.0416961) (1,1,-0.99913) (6,1,0.0416961) (7,1,0.99913) (0,2,-0.728493) (1,2,-0.685053) (12,2,0.728493) (13,2,0.685053) (0,3,-0.897237) (1,3,-0.441549) (21,3,0.897237) (22,3,0.441549) (0,4,-0.708245) (1,4,-0.705966) (24,4,0.708245) (25,4,0.705966) (3,5,-0.0171323) (4,5,-0.999853) (6,5,0.0171323) (7,5,0.999853) (3,6,-0.999965) (4,6,0.00833783) (21,6,0.999965) (22,6,-0.00833783) (6,7,-0.446787) (7,7,0.89464) (9,7,0.446787) (10,7,-0.89464) (6,8,-0.869764) (7,8,0.493469) (21,8,0.869764) (22,8,-0.493469) (9,9,0.0046495) (10,9,-0.999989) (12,9,-0.0046495) (13,9,0.999989) (9,10,-0.999535) (10,10,0.0304996) (18,10,0.999535) (19,10,-0.0304996) (9,11,-0.715664) (10,11,-0.698444) (21,11,0.715664) (22,11,0.698444) (9,12,-0.439352) (10,12,-0.898315) (24,12,0.439352) (25,12,0.898315) (12,13,-0.999624) (13,13,0.0274176) (21,13,0.999624) (22,13,-0.0274176) (12,14,-0.686017) (13,14,-0.727585) (24,14,0.686017) (25,14,0.727585) (15,15,-0.696297) (16,15,0.717753) (21,15,0.696297) (22,15,-0.717753) (15,16,-0.999407) (16,16,-0.0344435) (24,16,0.999407) (25,16,0.0344435) 
Q:
size: 17 17
(0,0,0.0795775) (1,0,0.0397751) (2,0,0.029162) (3,0,0.0199513) (4,0,0.0299375) (5,0,-0.0397374) (6,0,-0.00236962) (0,1,0.0397751) (1,1,0.0795775) (2,1,0.0284423) (3,1,0.019042) (4,1,0.0292401) (5,1,0.0397767) (7,1,0.0348244) (8,1,0.0181745) (0,2,0.029162) (1,2,0.0284423) (2,2,0.0795775) (3,2,0.0380426) (4,2,0.0397719) (9,2,0.0271223) (13,2,-0.0282276) (14,2,-0.0397169) (0,3,0.0199513) (1,3,0.019042) (2,3,0.0380426) (3,3,0.0795775) (4,3,0.0376872) (6,3,0.0355522) (8,3,0.0223809) (11,3,0.0378199) (13,3,0.0352048) (15,3,0.0122478) (0,4,0.0299375) (1,4,0.0292401) (2,4,0.0397719) (3,4,0.0376872) (4,4,0.0795775) (12,4,0.0376142) (14,4,0.0397696) (16,4,0.029131) (0,5,-0.0397374) (1,5,0.0397767) (5,5,0.0795775) (6,5,0.000349945) (7,5,0.0352868) (8,5,0.0190387) (0,6,-0.00236962) (3,6,0.0355522) (5,6,0.000349945) (6,6,0.0795775) (8,6,0.0347693) (11,6,0.0282427) (13,6,0.0397815) (15,6,0.0279419) (1,7,0.0348244) (5,7,0.0352868) (7,7,0.0795775) (8,7,0.0330277) (9,7,0.0356789) (10,7,-0.0188545) (11,7,0.0121398) (12,7,0.0241666) (1,8,0.0181745) (3,8,0.0223809) (5,8,0.0190387) (6,8,0.0347693) (7,8,0.0330277) (8,8,0.0795775) (11,8,0.0110532) (13,8,0.0351321) (15,8,0.0381893) (2,9,0.0271223) (7,9,0.0356789) (9,9,0.0795775) (10,9,-0.00139844) (11,9,0.0276575) (12,9,0.0356612) (13,9,0.00127583) (14,9,-0.0288225) (7,10,-0.0188545) (9,10,-0.00139844) (10,10,0.0795775) (11,10,0.0276145) (12,10,0.016383) (3,11,0.0378199) (6,11,0.0282427) (7,11,0.0121398) (8,11,0.0110532) (9,11,0.0276575) (10,11,0.0276145) (11,11,0.0795775) (12,11,0.0374751) (13,11,0.0277027) (15,11,-0.000119181) (4,12,0.0376142) (7,12,0.0241666) (9,12,0.0356612) (10,12,0.016383) (11,12,0.0374751) (12,12,0.0795775) (14,12,0.0379984) (16,12,0.018702) (2,13,-0.0282276) (3,13,0.0352048) (6,13,0.0397815) (8,13,0.0351321) (9,13,0.00127583) (11,13,0.0277027) (13,13,0.0795775) (14,13,0.0264918) (15,13,0.0284774) (2,14,-0.0397169) (4,14,0.0397696) (9,14,-0.0288225) (12,14,0.0379984) (13,14,0.0264918) (14,14,0.0795775) (16,14,0.0282767) (3,15,0.0122478) (6,15,0.0279419) (8,15,0.0381893) (11,15,-0.000119181) (13,15,0.0284774) (15,15,0.0795775) (16,15,0.0267047) (4,16,0.029131) (12,16,0.018702) (14,16,0.0282767) (15,16,0.0267047) (16,16,0.0795775) 
Minv:
size: 27 27
(0,0,0.0397887) (1,1,0.0397887) (2,2,0.0795775) (3,3,0.0397887) (4,4,0.0397887) (5,5,0.0795775) (6,6,0.0397887) (7,7,0.0397887) (8,8,0.0795775) (9,9,0.0397887) (10,10,0.0397887) (11,11,0.0795775) (12,12,0.0397887) (13,13,0.0397887) (14,14,0.0795775) (15,15,0.0397887) (16,16,0.0397887) (17,17,0.0795775) (18,18,0.0397887) (19,19,0.0397887) (20,20,0.0795775) (21,21,0.0397887) (22,22,0.0397887) (23,23,0.0795775) (24,24,0.0397887) (25,25,0.0397887) (26,26,0.0795775) 
v0:
size: 27 1
(0,0,0.516077) (1,0,0.55012) (2,0,0) (3,0,-0.305165) (4,0,0.130032) (5,0,0) (6,0,-0.464001) (7,0,-0.117056) (8,0,0) (9,0,0.932058) (10,0,0.596711) (11,0,0) (12,0,0.654606) (13,0,0.399513) (14,0,0) (15,0,0.821879) (16,0,0.967227) (17,0,0) (18,0,0.757751) (19,0,-0.0193849) (20,0,0) (21,0,-0.909946) (22,0,0.0716482) (23,0,0) (24,0,0.349708) (25,0,0.315695) (26,0,0) 
ipopt_sol:
size: 17 1
(0,0,17.5071) (1,0,3.58877e-06) (2,0,1.05859e-06) (3,0,7.68858) (4,0,1.39219e-07) (5,0,15.0197) (6,0,9.3524e-08) (7,0,9.53085e-08) (8,0,1.17297e-07) (9,0,1.84566e-07) (10,0,1.66637e-07) (11,0,29.8965) (12,0,2.60468e-07) (13,0,25.2717) (14,0,1.79131e-07) (15,0,6.40348e-06) (16,0,12.4239) 
policy_sol:
size: 17 1
(0,0,17.5071) (1,0,0) (2,0,0) (3,0,7.68858) (4,0,0) (5,0,15.0197) (6,0,0) (7,0,0) (8,0,0) (9,0,0) (10,0,0) (11,0,29.8965) (12,0,0) (13,0,25.2717) (14,0,0) (15,0,0) (16,0,12.4239) 

policy_converges:
1
