solve status: 0
N:
size: 27 20
(0,0,-0.99975) (1,0,-0.0223545) (9,0,0.99975) (10,0,0.0223545) (0,1,-0.675353) (1,1,-0.737495) (12,1,0.675353) (13,1,0.737495) (0,2,-0.424583) (1,2,-0.905389) (15,2,0.424583) (16,2,0.905389) (0,3,-0.889239) (1,3,-0.457442) (21,3,0.889239) (22,3,0.457442) (0,4,-0.686932) (1,4,-0.726722) (24,4,0.686932) (25,4,0.726722) (3,5,-0.736533) (4,5,0.676402) (9,5,0.736533) (10,5,-0.676402) (3,6,-0.999967) (4,6,-0.00810187) (12,6,0.999967) (13,6,0.00810187) (3,7,-0.686527) (4,7,-0.727105) (15,7,0.686527) (16,7,0.727105) (3,8,-0.999998) (4,8,0.00193371) (21,8,0.999998) (22,8,-0.00193371) (3,9,-0.882761) (4,9,-0.469823) (24,9,0.882761) (25,9,0.469823) (6,10,-0.998095) (7,10,-0.0617008) (15,10,0.998095) (16,10,0.0617008) (6,11,-0.887256) (7,11,0.461277) (21,11,0.887256) (22,11,-0.461277) (6,12,-0.999803) (7,12,-0.019847) (24,12,0.999803) (25,12,0.019847) (9,13,0.0946774) (10,13,-0.995508) (12,13,-0.0946774) (13,13,0.995508) (9,14,0.0184302) (10,14,-0.99983) (15,14,-0.0184302) (16,14,0.99983) (12,15,-0.0515068) (13,15,-0.998673) (15,15,0.0515068) (16,15,0.998673) (12,16,-0.999933) (13,16,0.0115422) (21,16,0.999933) (22,16,-0.0115422) (15,17,-0.427833) (16,17,0.903858) (18,17,0.427833) (19,17,-0.903858) (15,18,-0.659922) (16,18,0.751335) (21,18,0.659922) (22,18,-0.751335) (21,19,-0.0129656) (22,19,-0.999916) (24,19,0.0129656) (25,19,0.999916) 
Q:
size: 20 20
(0,0,0.0795775) (1,0,0.0275207) (2,0,0.0176947) (3,0,0.0357797) (4,0,0.0279717) (5,0,0.0286968) (13,0,0.00288069) (14,0,-0.000156175) (0,1,0.0275207) (1,1,0.0795775) (2,1,0.0379769) (3,1,0.0373183) (4,1,0.0397838) (6,1,0.0271083) (13,1,0.0266681) (15,1,-0.0306891) (16,1,-0.026531) (0,2,0.0176947) (1,2,0.0379769) (2,2,0.0795775) (3,2,0.0315015) (4,2,0.0377844) (7,2,0.0377913) (10,2,0.0190842) (14,2,0.0357068) (15,2,0.0368466) (17,2,0.0253332) (18,2,0.0159178) (0,3,0.0357797) (1,3,0.0373183) (2,3,0.0315015) (3,3,0.0795775) (4,3,0.0375319) (8,3,0.0353464) (11,3,0.0229969) (16,3,0.0351693) (18,3,0.00967407) (19,3,-0.0186583) (0,4,0.0279717) (1,4,0.0397838) (2,4,0.0377844) (3,4,0.0375319) (4,4,0.0795775) (9,4,0.0377128) (12,4,0.0279007) (19,4,0.0292673) (0,5,0.0286968) (5,5,0.0795775) (6,5,0.0290867) (7,5,0.000550457) (8,5,0.0293577) (9,5,0.0132255) (13,5,0.0295669) (14,5,0.0274487) (1,6,0.0271083) (5,6,0.0290867) (6,6,0.0795775) (7,6,0.0275495) (8,6,0.0397867) (9,6,0.0352742) (13,6,-0.00344605) (15,6,-0.00237126) (16,6,-0.0397811) (2,7,0.0377913) (5,7,0.000550457) (6,7,0.0275495) (7,7,0.0795775) (8,7,0.02726) (9,7,0.0377058) (10,7,0.029049) (14,7,0.0284222) (15,7,0.0302991) (17,7,0.0144624) (18,7,0.00371011) (3,8,0.0353464) (5,8,0.0293577) (6,8,0.0397867) (7,8,0.02726) (8,8,0.0795775) (9,8,0.0350877) (11,8,0.0353382) (16,8,0.0397869) (18,8,0.0263152) (19,8,-0.00043895) (4,9,0.0377128) (5,9,0.0132255) (6,9,0.0352742) (7,9,0.0377058) (8,9,0.0350877) (9,9,0.0795775) (12,9,0.035488) (19,9,0.0191475) (2,10,0.0190842) (7,10,0.029049) (10,10,0.0795775) (11,10,0.0341031) (12,10,0.0397538) (14,10,0.00172266) (15,10,0.00449722) (17,10,-0.0147715) (18,10,-0.0243629) (3,11,0.0229969) (8,11,0.0353382) (10,11,0.0341031) (11,11,0.0795775) (12,11,0.0349316) (16,11,0.0355123) (18,11,0.0370868) (19,11,0.0178944) (4,12,0.0279007) (9,12,0.035488) (10,12,0.0397538) (11,12,0.0349316) (12,12,0.0795775) (19,12,0.0013054) (0,13,0.00288069) (1,13,0.0266681) (5,13,0.0295669) (6,13,-0.00344605) (13,13,0.0795775) (14,13,0.0396727) (15,13,-0.0393634) (16,13,0.00422403) (0,14,-0.000156175) (2,14,0.0357068) (5,14,0.0274487) (7,14,0.0284222) (10,14,0.00172266) (13,14,0.0396727) (14,14,0.0795775) (15,14,0.0396914) (17,14,0.036271) (18,14,0.0303735) (1,15,-0.0306891) (2,15,0.0368466) (6,15,-0.00237126) (7,15,0.0302991) (10,15,0.00449722) (13,15,-0.0393634) (14,15,0.0396914) (15,15,0.0795775) (16,15,0.00159061) (17,15,0.0350388) (18,15,0.0285025) (1,16,-0.026531) (3,16,0.0351693) (6,16,-0.0397811) (8,16,0.0397869) (11,16,0.0355123) (13,16,0.00422403) (15,16,0.00159061) (16,16,0.0795775) (18,16,0.0266007) (19,16,-5.66403e-05) (2,17,0.0253332) (7,17,0.0144624) (10,17,-0.0147715) (14,17,0.036271) (15,17,0.0350388) (17,17,0.0795775) (18,17,0.0382543) (2,18,0.0159178) (3,18,0.00967407) (7,18,0.00371011) (8,18,0.0263152) (10,18,-0.0243629) (11,18,0.0370868) (14,18,0.0303735) (15,18,0.0285025) (16,18,0.0266007) (17,18,0.0382543) (18,18,0.0795775) (19,18,0.0295517) (3,19,-0.0186583) (4,19,0.0292673) (8,19,-0.00043895) (9,19,0.0191475) (11,19,0.0178944) (12,19,0.0013054) (16,19,-5.66403e-05) (18,19,0.0295517) (19,19,0.0795775) 
Minv:
size: 27 27
(0,0,0.0397887) (1,1,0.0397887) (2,2,0.0795775) (3,3,0.0397887) (4,4,0.0397887) (5,5,0.0795775) (6,6,0.0397887) (7,7,0.0397887) (8,8,0.0795775) (9,9,0.0397887) (10,10,0.0397887) (11,11,0.0795775) (12,12,0.0397887) (13,13,0.0397887) (14,14,0.0795775) (15,15,0.0397887) (16,16,0.0397887) (17,17,0.0795775) (18,18,0.0397887) (19,19,0.0397887) (20,20,0.0795775) (21,21,0.0397887) (22,22,0.0397887) (23,23,0.0795775) (24,24,0.0397887) (25,25,0.0397887) (26,26,0.0795775) 
v0:
size: 27 1
(0,0,-0.00640617) (1,0,-0.31287) (2,0,0) (3,0,0.351753) (4,0,0.171886) (5,0,0) (6,0,-0.299548) (7,0,0.364967) (8,0,0) (9,0,-0.420239) (10,0,-0.494885) (11,0,0) (12,0,-0.356184) (13,0,-0.565659) (14,0,0) (15,0,-0.519659) (16,0,-0.87824) (17,0,0) (18,0,0.0656107) (19,0,-0.527378) (20,0,0) (21,0,-0.638218) (22,0,-0.126972) (23,0,0) (24,0,-0.437863) (25,0,-0.246859) (26,0,0) 
ipopt_sol:
size: 20 1
(0,0,7.49839) (1,0,8.68052) (2,0,0) (3,0,0) (4,0,0) (5,0,0) (6,0,8.39581) (7,0,28.7671) (8,0,6.20208e-09) (9,0,4.27514) (10,0,0) (11,0,0) (12,0,1.8742) (13,0,0) (14,0,0) (15,0,0) (16,0,10.532) (17,0,0) (18,0,11.2909) (19,0,0) 
policy_sol:
size: 20 1
(0,0,7.49839) (1,0,8.68052) (2,0,0) (3,0,0) (4,0,0) (5,0,0) (6,0,8.39581) (7,0,28.7671) (8,0,0) (9,0,4.27514) (10,0,0) (11,0,0) (12,0,1.8742) (13,0,0) (14,0,0) (15,0,0) (16,0,10.532) (17,0,0) (18,0,11.2909) (19,0,0) 

policy_converges:
1
ipopt_converges:
0
