Git Revision:     3cfe7dc3fe6810e9e399640d632720aa3564fe80
Build Mode:       Debug
C Compiler:       /usr/bin/cc
C++ Compiler:     /usr/bin/c++
Fortran Compiler: gfortran
Body count: 9
No end time specified. Simulation will run indefinitely.
N:
size: 27 22
(0,0,-0.0168339) (1,0,-0.999858) (3,0,0.0168339) (4,0,0.999858) (0,1,-0.0188261) (1,1,-0.999823) (6,1,0.0188261) (7,1,0.999823) (0,2,-0.999972) (1,2,0.0074951) (9,2,0.999972) (10,2,-0.0074951) (0,3,-0.688946) (1,3,-0.724813) (12,3,0.688946) (13,3,0.724813) (0,4,-0.45241) (1,4,-0.89181) (15,4,0.45241) (16,4,0.89181) (0,5,-0.999821) (1,5,-0.0188991) (18,5,0.999821) (19,5,0.0188991) (0,6,-0.885823) (1,6,-0.464024) (21,6,0.885823) (22,6,0.464024) (0,7,-0.706913) (1,7,-0.707301) (24,7,0.706913) (25,7,0.707301) (3,8,-0.0205929) (4,8,-0.999788) (6,8,0.0205929) (7,8,0.999788) (3,9,-0.70946) (4,9,0.704746) (9,9,0.70946) (10,9,-0.704746) (3,10,-0.99805) (4,10,-0.0624177) (12,10,0.99805) (13,10,0.0624177) (3,11,-0.999211) (4,11,-0.0397102) (21,11,0.999211) (22,11,0.0397102) (6,12,-0.421088) (7,12,0.90702) (9,12,0.421088) (10,12,-0.90702) (6,13,-0.673047) (7,13,0.739599) (12,13,0.673047) (13,13,-0.739599) (6,14,-0.888397) (7,14,0.459076) (21,14,0.888397) (22,14,-0.459076) (9,15,0.0203553) (10,15,-0.999793) (12,15,-0.0203553) (13,15,0.999793) (9,16,-0.00921048) (10,16,-0.999958) (15,16,0.00921048) (16,16,0.999958) (15,17,-0.474649) (16,17,0.880175) (18,17,0.474649) (19,17,-0.880175) (15,18,-0.715724) (16,18,0.698383) (21,18,0.715724) (22,18,-0.698383) (15,19,-0.999592) (16,19,0.0285791) (24,19,0.999592) (25,19,-0.0285791) (18,20,0.0518798) (19,20,-0.998653) (24,20,-0.0518798) (25,20,0.998653) (21,21,0.0240235) (22,21,-0.999711) (24,21,-0.0240235) (25,21,0.999711) 
Q:
size: 22 22
(0,0,0.0795775) (1,0,0.0397887) (2,0,0.000371602) (3,0,0.0292968) (4,0,0.035782) (5,0,0.00142154) (6,0,0.0190536) (7,0,0.0286121) (8,0,-0.0397885) (9,0,0.0275618) (10,0,-0.00315166) (11,0,-0.00224906) (0,1,0.0397887) (1,1,0.0795775) (2,1,0.000450876) (3,1,0.0293503) (4,1,0.0358166) (5,1,0.00150077) (6,1,0.0191232) (7,1,0.0286671) (8,1,0.0397887) (12,1,0.0357674) (13,1,0.0289183) (14,1,0.0175974) (0,2,0.000371602) (1,2,0.000450876) (2,2,0.0795775) (3,2,0.0271954) (4,2,0.0177344) (5,2,0.0397749) (6,2,0.0351064) (7,2,0.0279154) (9,2,0.0284379) (12,2,0.0170246) (15,2,0.00110805) (16,2,-6.8255e-05) (0,3,0.0292968) (1,3,0.0293503) (2,3,0.0271954) (3,3,0.0795775) (4,3,0.0381208) (5,3,0.0279524) (6,3,0.0376646) (7,3,0.0397762) (10,3,0.0291589) (13,3,-0.00287983) (15,3,0.0282754) (0,4,0.035782) (1,4,0.0358166) (2,4,0.0177344) (3,4,0.0381208) (4,4,0.0795775) (5,4,0.0186682) (6,4,0.032411) (7,4,0.0378229) (16,4,0.0356483) (17,4,0.0226881) (18,4,0.0118978) (19,4,-0.0169794) (0,5,0.00142154) (1,5,0.00150077) (2,5,0.0397749) (3,5,0.0279524) (4,5,0.0186682) (5,5,0.0795775) (6,5,0.0355884) (7,5,0.028654) (17,5,0.0182205) (20,5,0.0013129) (0,6,0.0190536) (1,6,0.0191232) (2,6,0.0351064) (3,6,0.0376646) (4,6,0.032411) (5,6,0.0355884) (6,6,0.0795775) (7,6,0.0379745) (11,6,0.0359511) (14,6,0.0228363) (18,6,0.0123321) (21,6,-0.0176109) (0,7,0.0286121) (1,7,0.0286671) (2,7,0.0279154) (3,7,0.0397762) (4,7,0.0378229) (5,7,0.028654) (6,7,0.0379745) (7,7,0.0795775) (19,7,0.0273114) (20,7,0.0266455) (21,7,0.0274588) (0,8,-0.0397885) (1,8,0.0397887) (8,8,0.0795775) (9,8,-0.0274537) (10,8,0.00330076) (11,8,0.0023984) (12,8,0.0357365) (13,8,0.02887) (14,8,0.0175343) (0,9,0.0275618) (2,9,0.0284379) (8,9,-0.0274537) (9,9,0.0795775) (10,9,0.0264232) (11,9,0.0270927) (12,9,0.0373204) (15,9,0.0286097) (16,9,0.0277798) (0,10,-0.00315166) (3,10,0.0291589) (8,10,0.00330076) (9,10,0.0264232) (10,10,0.0795775) (11,10,0.0397785) (13,10,0.0248907) (15,10,0.00167468) (0,11,-0.00224906) (6,11,0.0359511) (8,11,0.0023984) (9,11,0.0270927) (10,11,0.0397785) (11,11,0.0795775) (14,11,0.034595) (18,11,0.0273519) (21,11,-0.000624451) (1,12,0.0357674) (2,12,0.0170246) (8,12,0.0357365) (9,12,0.0373204) (12,12,0.0795775) (13,12,0.0379681) (14,12,0.0314524) (15,12,0.0364227) (16,12,0.0359333) (1,13,0.0289183) (3,13,-0.00287983) (8,13,0.02887) (10,13,0.0248907) (12,13,0.0379681) (13,13,0.0795775) (14,13,0.0373006) (15,13,-0.0299667) (1,14,0.0175974) (6,14,0.0228363) (8,14,0.0175343) (11,14,0.034595) (12,14,0.0314524) (13,14,0.0373006) (14,14,0.0795775) (18,14,0.0380563) (21,14,0.01911) (2,15,0.00110805) (3,15,0.0282754) (9,15,0.0286097) (10,15,0.00167468) (12,15,0.0364227) (13,15,-0.0299667) (15,15,0.0795775) (16,15,0.0397713) (2,16,-6.8255e-05) (4,16,0.0356483) (9,16,0.0277798) (12,16,0.0359333) (15,16,0.0397713) (16,16,0.0795775) (17,16,0.0348456) (18,16,0.0275243) (19,16,0.000770755) (4,17,0.0226881) (5,17,0.0182205) (16,17,0.0348456) (17,17,0.0795775) (18,17,0.0379751) (19,17,0.0198789) (20,17,0.0359537) (4,18,0.0118978) (6,18,0.0123321) (11,18,0.0273519) (14,18,0.0380563) (16,18,0.0275243) (17,18,0.0379751) (18,18,0.0795775) (19,18,0.0292603) (21,18,0.0284639) (4,19,-0.0169794) (7,19,0.0273114) (16,19,0.000770755) (17,19,0.0198789) (18,19,0.0292603) (19,19,0.0795775) (20,19,-0.00319898) (21,19,-0.00209227) (5,20,0.0013129) (7,20,0.0266455) (17,20,0.0359537) (19,20,-0.00319898) (20,20,0.0795775) (21,20,0.0397733) (6,21,-0.0176109) (7,21,0.0274588) (11,21,-0.000624451) (14,21,0.01911) (18,21,0.0284639) (19,21,-0.00209227) (20,21,0.0397733) (21,21,0.0795775) 
Minv:
size: 27 27
(0,0,0.0397887) (1,1,0.0397887) (2,2,0.0795775) (3,3,0.0397887) (4,4,0.0397887) (5,5,0.0795775) (6,6,0.0397887) (7,7,0.0397887) (8,8,0.0795775) (9,9,0.0397887) (10,10,0.0397887) (11,11,0.0795775) (12,12,0.0397887) (13,13,0.0397887) (14,14,0.0795775) (15,15,0.0397887) (16,16,0.0397887) (17,17,0.0795775) (18,18,0.0397887) (19,19,0.0397887) (20,20,0.0795775) (21,21,0.0397887) (22,22,0.0397887) (23,23,0.0795775) (24,24,0.0397887) (25,25,0.0397887) (26,26,0.0795775) 
v0:
size: 27 1
(0,0,0.312345) (1,0,0.649685) (2,0,0) (3,0,0.162055) (4,0,0.261526) (5,0,0) (6,0,-0.600268) (7,0,-0.361609) (8,0,0) (9,0,-0.39096) (10,0,0.287199) (11,0,0) (12,0,-0.933232) (13,0,0.191469) (14,0,0) (15,0,0.934285) (16,0,0.268861) (17,0,0) (18,0,0.260094) (19,0,0.29421) (20,0,0) (21,0,-0.438079) (22,0,0.614741) (23,0,0) (24,0,0.667622) (25,0,0.166243) (26,0,0) 
ipopt_sol:
size: 22 1
(0,0,20.0198) (1,0,0.00113288) (2,0,14.5289) (3,0,8.73413) (4,0,4.84078e-08) (5,0,1.13273e-07) (6,0,3.72161e-07) (7,0,6.3079e-08) (8,0,25.0604) (9,0,9.58613e-07) (10,0,24.1368) (11,0,1.30891e-07) (12,0,6.2931e-07) (13,0,2.76785e-06) (14,0,8.07636e-08) (15,0,6.6772e-07) (16,0,9.90965e-08) (17,0,1.3711e-07) (18,0,30.7572) (19,0,2.42002e-07) (20,0,3.7432) (21,0,1.21085e-06) 
policy_sol:
size: 22 1
(0,0,20.021) (1,0,0) (2,0,14.5289) (3,0,8.73413) (4,0,0) (5,0,0) (6,0,0) (7,0,0) (8,0,25.0616) (9,0,0) (10,0,24.1368) (11,0,0) (12,0,0) (13,0,0) (14,0,0) (15,0,0) (16,0,0) (17,0,0) (18,0,30.7572) (19,0,0) (20,0,3.7432) (21,0,0) 

policy_converges:
1
