Git Revision:     3cfe7dc3fe6810e9e399640d632720aa3564fe80
Build Mode:       Debug
C Compiler:       /usr/bin/cc
C++ Compiler:     /usr/bin/c++
Fortran Compiler: gfortran
Body count: 9
No end time specified. Simulation will run indefinitely.
N:
size: 27 22
(0,0,-0.453895) (1,0,-0.891055) (15,0,0.453895) (16,0,0.891055) (0,1,-0.729959) (1,1,-0.683491) (24,1,0.729959) (25,1,0.683491) (3,2,-0.71554) (4,2,0.698571) (9,2,0.71554) (10,2,-0.698571) (3,3,-0.999855) (4,3,-0.0170311) (12,3,0.999855) (13,3,0.0170311) (3,4,-0.698852) (4,4,-0.715267) (15,4,0.698852) (16,4,0.715267) (3,5,-0.890567) (4,5,0.454852) (18,5,0.890567) (19,5,-0.454852) (3,6,-1) (4,6,0.000349531) (21,6,1) (22,6,-0.000349531) (3,7,-0.904962) (4,7,-0.425492) (24,7,0.904962) (25,7,0.425492) (6,8,-0.464258) (7,8,0.8857) (9,8,0.464258) (10,8,-0.8857) (6,9,-0.999804) (7,9,-0.0197858) (15,9,0.999804) (16,9,0.0197858) (6,10,-0.901303) (7,10,0.433189) (21,10,0.901303) (22,10,-0.433189) (6,11,-0.999959) (7,11,0.00907563) (24,11,0.999959) (25,11,-0.00907563) (9,12,0.0538851) (10,12,-0.998547) (12,12,-0.0538851) (13,12,0.998547) (9,13,0.0301241) (10,13,-0.999546) (15,13,-0.0301241) (16,13,0.999546) (9,14,-0.999999) (10,14,-0.00168038) (18,14,0.999999) (19,14,0.00168038) (9,15,-0.701512) (10,15,-0.712658) (21,15,0.701512) (22,15,0.712658) (9,16,-0.454623) (10,16,-0.890684) (24,16,0.454623) (25,16,0.890684) (12,17,0.0051835) (13,17,-0.999987) (15,17,-0.0051835) (16,17,0.999987) (12,18,-0.999863) (13,18,0.0165739) (21,18,0.999863) (22,18,-0.0165739) (12,19,-0.747518) (13,19,-0.664241) (24,19,0.747518) (25,19,0.664241) (15,20,-0.999365) (16,20,0.0356391) (24,20,0.999365) (25,20,-0.0356391) (18,21,-0.0531394) (19,21,-0.998587) (21,21,0.0531394) (22,21,0.998587) 
Q:
size: 22 22
(0,0,0.0795775) (1,0,0.0374155) (4,0,0.0379802) (9,0,0.0187579) (13,0,0.0348938) (17,0,0.0353599) (20,0,-0.0167849) (0,1,0.0374155) (1,1,0.0795775) (7,1,0.0378552) (11,1,0.0287961) (16,1,0.0374265) (19,1,0.0397752) (20,1,0.0280565) (2,2,0.0795775) (3,2,0.0279929) (4,2,1.55907e-05) (5,2,0.0379976) (6,2,0.0284802) (7,2,0.013938) (8,2,0.0378359) (12,2,0.029289) (13,2,0.0286403) (14,2,-0.0284237) (15,2,-0.000163836) (16,2,0.0118135) (2,3,0.0279929) (3,3,0.0795775) (4,3,0.0282871) (5,3,0.0351212) (6,3,0.0397827) (7,3,0.0362904) (12,3,-0.00146705) (17,3,-0.000471421) (18,3,-0.0397663) (19,3,-0.0301886) (0,4,0.0379802) (2,4,1.55907e-05) (3,4,0.0282871) (4,4,0.0795775) (5,4,0.0118186) (6,4,0.0277965) (7,4,0.0372731) (9,4,0.0283641) (13,4,0.027609) (17,4,0.028315) (20,4,-0.0267745) (2,5,0.0379976) (3,5,0.0351212) (4,5,0.0118186) (5,5,0.0795775) (6,5,0.0354409) (7,5,0.0243664) (14,5,0.0354041) (21,5,0.0161894) (2,6,0.0284802) (3,6,0.0397827) (4,6,0.0277965) (5,6,0.0354409) (6,6,0.0795775) (7,6,0.0360014) (10,6,0.0358677) (15,6,0.0279024) (18,6,0.0397835) (21,6,0.00210046) (1,7,0.0378552) (2,7,0.013938) (3,7,0.0362904) (4,7,0.0372731) (5,7,0.0243664) (6,7,0.0360014) (7,7,0.0795775) (11,7,0.0358522) (16,7,0.0314488) (19,7,0.0381616) (20,7,0.0353811) (2,8,0.0378359) (8,8,0.0795775) (9,8,0.0177714) (10,8,0.0319151) (11,8,0.0187913) (12,8,0.0361851) (13,8,0.0357813) (14,8,-0.018413) (15,8,0.0121562) (16,8,0.0229906) (0,9,0.0187579) (4,9,0.0283641) (8,9,0.0177714) (9,9,0.0795775) (10,9,0.0355137) (11,9,0.0397722) (13,9,-0.00041147) (17,9,0.000581036) (20,9,-0.0397276) (6,10,0.0358677) (8,10,0.0319151) (9,10,0.0355137) (10,10,0.0795775) (11,10,0.0360167) (15,10,0.012874) (18,10,0.0361425) (21,10,-0.015306) (1,11,0.0287961) (7,11,0.0358522) (8,11,0.0187913) (9,11,0.0397722) (10,11,0.0360167) (11,11,0.0795775) (16,11,0.0177665) (19,11,0.0295017) (20,11,0.0397747) (2,12,0.029289) (3,12,-0.00146705) (8,12,0.0361851) (12,12,0.0795775) (13,12,0.0397775) (14,12,-0.00207725) (15,12,0.0268105) (16,12,0.034413) (17,12,-0.0397415) (18,12,0.00280222) (19,12,-0.0247882) (0,13,0.0348938) (2,13,0.0286403) (4,13,0.027609) (8,13,0.0357813) (9,13,-0.00041147) (12,13,0.0397775) (13,13,0.0795775) (14,13,-0.00113177) (15,13,0.0275021) (16,13,0.0348782) (17,13,0.0397764) (20,13,0.00261523) (2,14,-0.0284237) (5,14,0.0354041) (8,14,-0.018413) (12,14,-0.00207725) (13,14,-0.00113177) (14,14,0.0795775) (15,14,0.0279599) (16,14,0.0181484) (21,14,-0.00218111) (2,15,-0.000163836) (6,15,0.0279024) (8,15,0.0121562) (10,15,0.012874) (12,15,0.0268105) (13,15,0.0275021) (14,15,0.0279599) (15,15,0.0795775) (16,15,0.0379456) (18,15,0.0274385) (21,15,0.0297989) (1,16,0.0374265) (2,16,0.0118135) (7,16,0.0314488) (8,16,0.0229906) (11,16,0.0177665) (12,16,0.034413) (13,16,0.0348782) (14,16,0.0181484) (15,16,0.0379456) (16,16,0.0795775) (19,16,0.0370619) (20,16,0.0168144) (0,17,0.0353599) (3,17,-0.000471421) (4,17,0.028315) (9,17,0.000581036) (12,17,-0.0397415) (13,17,0.0397764) (17,17,0.0795775) (18,17,-0.000865664) (19,17,0.0262748) (20,17,0.00162413) (3,18,-0.0397663) (6,18,0.0397835) (10,18,0.0361425) (12,18,0.00280222) (15,18,0.0274385) (17,18,-0.000865664) (18,18,0.0795775) (19,18,0.0293007) (21,18,0.00145554) (1,19,0.0397752) (3,19,-0.0301886) (7,19,0.0381616) (11,19,0.0295017) (12,19,-0.0247882) (16,19,0.0370619) (17,19,0.0262748) (18,19,0.0293007) (19,19,0.0795775) (20,19,0.028782) (0,20,-0.0167849) (1,20,0.0280565) (4,20,-0.0267745) (7,20,0.0353811) (9,20,-0.0397276) (11,20,0.0397747) (13,20,0.00261523) (16,20,0.0168144) (17,20,0.00162413) (19,20,0.028782) (20,20,0.0795775) (5,21,0.0161894) (6,21,0.00210046) (10,21,-0.015306) (14,21,-0.00218111) (15,21,0.0297989) (18,21,0.00145554) (21,21,0.0795775) 
Minv:
size: 27 27
(0,0,0.0397887) (1,1,0.0397887) (2,2,0.0795775) (3,3,0.0397887) (4,4,0.0397887) (5,5,0.0795775) (6,6,0.0397887) (7,7,0.0397887) (8,8,0.0795775) (9,9,0.0397887) (10,10,0.0397887) (11,11,0.0795775) (12,12,0.0397887) (13,13,0.0397887) (14,14,0.0795775) (15,15,0.0397887) (16,16,0.0397887) (17,17,0.0795775) (18,18,0.0397887) (19,19,0.0397887) (20,20,0.0795775) (21,21,0.0397887) (22,22,0.0397887) (23,23,0.0795775) (24,24,0.0397887) (25,25,0.0397887) (26,26,0.0795775) 
v0:
size: 27 1
(0,0,-0.384305) (1,0,0.129066) (2,0,0) (3,0,0.625719) (4,0,0.236298) (5,0,0) (6,0,0.578129) (7,0,0.286698) (8,0,0) (9,0,0.542982) (10,0,0.830268) (11,0,0) (12,0,0.588306) (13,0,0.0282156) (14,0,0) (15,0,-0.342869) (16,0,-0.461829) (17,0,0) (18,0,0.199) (19,0,-0.450177) (20,0,0) (21,0,0.160094) (22,0,-0.529861) (23,0,0) (24,0,-0.941668) (25,0,-0.135643) (26,0,0) 
ipopt_sol:
size: 22 1
(0,0,4.81493e-07) (1,0,1.21674e-07) (2,0,5.88609) (3,0,1.19412e-06) (4,0,28.691) (5,0,1.59809e-07) (6,0,1.21766e-07) (7,0,2.40971e-06) (8,0,1.28163e-07) (9,0,27.974) (10,0,6.27388e-08) (11,0,3.88366e-06) (12,0,19.4652) (13,0,2.41944e-05) (14,0,3.05562) (15,0,23.4924) (16,0,1.13176e-06) (17,0,2.27025) (18,0,1.35351e-07) (19,0,26.1417) (20,0,29.4495) (21,0,1.61485e-07) 
policy_sol:
size: 22 1
(0,0,0) (1,0,0) (2,0,5.88609) (3,0,0) (4,0,28.691) (5,0,0) (6,0,0) (7,0,0) (8,0,0) (9,0,27.974) (10,0,0) (11,0,0) (12,0,19.4653) (13,0,0) (14,0,3.05562) (15,0,23.4924) (16,0,0) (17,0,2.27027) (18,0,0) (19,0,26.1417) (20,0,29.4495) (21,0,0) 

policy_converges:
1
