solve status: 0
N:
size: 27 8
(0,0,-0.997269) (1,0,0.0738488) (9,0,0.997269) (10,0,-0.0738488) (0,1,-0.897496) (1,1,-0.441022) (21,1,0.897496) (22,1,0.441022) (3,2,-0.0371306) (4,2,-0.99931) (6,2,0.0371306) (7,2,0.99931) (3,3,-0.99983) (4,3,-0.0184214) (21,3,0.99983) (22,3,0.0184214) (6,4,-0.89283) (7,4,0.450395) (21,4,0.89283) (22,4,-0.450395) (9,5,-0.66001) (10,5,-0.751257) (21,5,0.66001) (22,5,0.751257) (12,6,-0.998561) (13,6,-0.0536253) (21,6,0.998561) (22,6,0.0536253) (12,7,-0.697204) (13,7,-0.716873) (24,7,0.697204) (25,7,0.716873) 
Q:
size: 8 8
(0,0,0.0795775) (1,0,0.0343169) (5,0,-0.0239818) (0,1,0.0343169) (1,1,0.0795775) (3,1,0.0360274) (4,1,0.0239798) (5,1,0.0367519) (6,1,0.0365999) (2,2,0.0795775) (3,2,0.00220959) (4,2,0.0165892) (1,3,0.0360274) (2,3,0.00220959) (3,3,0.0795775) (4,3,0.0351884) (5,3,0.0268071) (6,3,0.039764) (1,4,0.0239798) (2,4,0.0165892) (3,4,0.0351884) (4,4,0.0795775) (5,4,0.00998357) (6,4,0.0345124) (0,5,-0.0239818) (1,5,0.0367519) (3,5,0.0268071) (4,5,0.00998357) (5,5,0.0795775) (6,5,0.0278261) (1,6,0.0365999) (3,6,0.039764) (4,6,0.0345124) (5,6,0.0278261) (6,6,0.0795775) (7,6,0.0292305) (6,7,0.0292305) (7,7,0.0795775) 
Minv:
size: 27 27
(0,0,0.0397887) (1,1,0.0397887) (2,2,0.0795775) (3,3,0.0397887) (4,4,0.0397887) (5,5,0.0795775) (6,6,0.0397887) (7,7,0.0397887) (8,8,0.0795775) (9,9,0.0397887) (10,10,0.0397887) (11,11,0.0795775) (12,12,0.0397887) (13,13,0.0397887) (14,14,0.0795775) (15,15,0.0397887) (16,16,0.0397887) (17,17,0.0795775) (18,18,0.0397887) (19,19,0.0397887) (20,20,0.0795775) (21,21,0.0397887) (22,22,0.0397887) (23,23,0.0795775) (24,24,0.0397887) (25,25,0.0397887) (26,26,0.0795775) 
v0:
size: 27 1
(0,0,0.0769609) (1,0,-0.969444) (2,0,0) (3,0,-0.236344) (4,0,0.236108) (5,0,0) (6,0,0.0599021) (7,0,-0.176821) (8,0,0) (9,0,-0.0687493) (10,0,-0.888638) (11,0,0) (12,0,0.66305) (13,0,0.208761) (14,0,0) (15,0,0.594855) (16,0,0.950394) (17,0,0) (18,0,0.66255) (19,0,-0.858137) (20,0,0) (21,0,-0.726495) (22,0,-0.433995) (23,0,0) (24,0,0.99081) (25,0,-0.465597) (26,0,0) 
ipopt_sol:
size: 8 1
(0,0,3.80207) (1,0,0) (2,0,10.0944) (3,0,0) (4,0,0) (5,0,0) (6,0,35.7391) (7,0,0) 
policy_sol:
size: 8 1
(0,0,3.80207) (1,0,0) (2,0,10.0944) (3,0,0) (4,0,0) (5,0,0) (6,0,35.7391) (7,0,0) 

policy_converges:
1
ipopt_converges:
0
