Git Revision:     18345a57b34405566a64d0bf3d2a118f1cdbade3
Build Mode:       Debug
C Compiler:       /usr/bin/cc
C++ Compiler:     /usr/bin/c++
Fortran Compiler: gfortran
Body count: 9
No end time specified. Simulation will run indefinitely.
N:
size: 27 14
(0,0,-0.999939) (1,0,0.0110641) (9,0,0.999939) (10,0,-0.0110641) (0,1,-0.999996) (1,1,-0.00298817) (18,1,0.999996) (19,1,0.00298817) (3,2,0.00199619) (4,2,-0.999998) (6,2,-0.00199619) (7,2,0.999998) (3,3,-0.999361) (4,3,-0.0357532) (12,3,0.999361) (13,3,0.0357532) (3,4,-0.893436) (4,4,0.44919) (18,4,0.893436) (19,4,-0.44919) (6,5,-0.433864) (7,5,0.900979) (9,5,0.433864) (10,5,-0.900979) (6,6,-0.721292) (7,6,0.692631) (12,6,0.721292) (13,6,-0.692631) (6,7,-0.699859) (7,7,0.714281) (18,7,0.699859) (19,7,-0.714281) (9,8,-0.999853) (10,8,-0.0171261) (18,8,0.999853) (19,8,0.0171261) (12,9,-0.677346) (13,9,0.735665) (18,9,0.677346) (19,9,-0.735665) (15,10,-0.451008) (16,10,0.89252) (18,10,0.451008) (19,10,-0.89252) (18,11,-0.0403196) (19,11,-0.999187) (21,11,0.0403196) (22,11,0.999187) (18,12,0.004342) (19,12,-0.999991) (24,12,-0.004342) (25,12,0.999991) (21,13,0.0535859) (22,13,-0.998563) (24,13,-0.0535859) (25,13,0.998563) 
Q:
size: 14 14
(0,0,0.0795775) (1,0,0.0397848) (5,0,0.0176585) (8,0,-0.0397729) (0,1,0.0397848) (1,1,0.0795775) (4,1,0.0354951) (7,1,0.0277614) (8,1,0.0397848) (9,1,0.0268631) (10,1,0.0178389) (11,1,-0.00172306) (12,1,5.38674e-05) (2,2,0.0795775) (3,2,0.0013432) (4,2,-0.0179436) (5,2,0.0358832) (6,2,0.0276162) (7,2,0.0284759) (2,3,0.0013432) (3,3,0.0795775) (4,3,0.034887) (6,3,0.0276956) (9,3,-0.025887) (1,4,0.0354951) (2,4,-0.0179436) (3,4,0.034887) (4,4,0.0795775) (7,4,0.0376452) (8,4,0.0352374) (9,4,0.0372271) (10,4,0.0319845) (11,4,0.0164249) (12,4,0.0180269) (0,5,0.0176585) (2,5,0.0358832) (5,5,0.0795775) (6,5,0.0372816) (7,5,0.0376877) (8,5,-0.0166464) (2,6,0.0276162) (3,6,0.0276956) (5,6,0.0372816) (6,6,0.0795775) (7,6,0.0397703) (9,6,-0.0397135) (1,7,0.0277614) (2,7,0.0284759) (4,7,0.0376452) (5,7,0.0376877) (6,7,0.0397703) (7,7,0.0795775) (8,7,0.0273557) (9,7,0.0397696) (10,7,0.0379247) (11,7,0.0272745) (12,7,0.028541) (0,8,-0.0397729) (1,8,0.0397848) (4,8,0.0352374) (5,8,-0.0166464) (7,8,0.0273557) (8,8,0.0795775) (9,8,0.0264455) (10,8,0.0173342) (11,8,-0.0022849) (12,8,-0.000508681) (1,9,0.0268631) (3,9,-0.025887) (4,9,0.0372271) (6,9,-0.0397135) (7,9,0.0397696) (8,9,0.0264455) (9,9,0.0795775) (10,9,0.0382801) (11,9,0.0281607) (12,9,0.0293879) (1,10,0.0178389) (4,10,0.0319845) (7,10,0.0379247) (8,10,0.0173342) (9,10,0.0382801) (10,10,0.0795775) (11,10,0.0347598) (12,10,0.0355898) (1,11,-0.00172306) (4,11,0.0164249) (7,11,0.0272745) (8,11,-0.0022849) (9,11,0.0281607) (10,11,0.0347598) (11,11,0.0795775) (12,11,0.039749) (13,11,-0.0396133) (1,12,5.38674e-05) (4,12,0.0180269) (7,12,0.028541) (8,12,-0.000508681) (9,12,0.0293879) (10,12,0.0355898) (11,12,0.039749) (12,12,0.0795775) (13,12,0.0397405) (11,13,-0.0396133) (12,13,0.0397405) (13,13,0.0795775) 
Minv:
size: 27 27
(0,0,0.0397887) (1,1,0.0397887) (2,2,0.0795775) (3,3,0.0397887) (4,4,0.0397887) (5,5,0.0795775) (6,6,0.0397887) (7,7,0.0397887) (8,8,0.0795775) (9,9,0.0397887) (10,10,0.0397887) (11,11,0.0795775) (12,12,0.0397887) (13,13,0.0397887) (14,14,0.0795775) (15,15,0.0397887) (16,16,0.0397887) (17,17,0.0795775) (18,18,0.0397887) (19,19,0.0397887) (20,20,0.0795775) (21,21,0.0397887) (22,22,0.0397887) (23,23,0.0795775) (24,24,0.0397887) (25,25,0.0397887) (26,26,0.0795775) 
v0:
size: 27 1
(0,0,0.166748) (1,0,-0.722416) (2,0,0) (3,0,-0.0504059) (4,0,0.989204) (5,0,0) (6,0,0.122414) (7,0,-0.452447) (8,0,0) (9,0,-0.391647) (10,0,0.354645) (11,0,0) (12,0,-0.660418) (13,0,0.763135) (14,0,0) (15,0,0.472016) (16,0,0.86887) (17,0,0) (18,0,-0.870482) (19,0,0.891842) (20,0,0) (21,0,0.624293) (22,0,0.0784831) (23,0,0) (24,0,0.919394) (25,0,-0.204584) (26,0,0) 
ipopt_sol:
size: 14 1
(0,0,25.6835) (1,0,2.81227e-06) (2,0,29.1084) (3,0,4.54532) (4,0,5.13378) (5,0,8.8178e-07) (6,0,23.6682) (7,0,7.06669e-07) (8,0,22.7108) (9,0,6.47346e-07) (10,0,2.33154e-07) (11,0,6.86168) (12,0,23.306) (13,0,1.57282e-06) 
policy_sol:
size: 14 1
(0,0,25.6835) (1,0,0) (2,0,29.1084) (3,0,4.54531) (4,0,5.13378) (5,0,0) (6,0,23.6682) (7,0,0) (8,0,22.7108) (9,0,0) (10,0,0) (11,0,6.86167) (12,0,23.306) (13,0,0) 

policy_converges:
1
ipopt_converges:
0
