Git Revision:     18345a57b34405566a64d0bf3d2a118f1cdbade3
Build Mode:       Debug
C Compiler:       /usr/bin/cc
C++ Compiler:     /usr/bin/c++
Fortran Compiler: gfortran
Body count: 9
No end time specified. Simulation will run indefinitely.
N:
size: 27 16
(0,0,0.0332827) (1,0,-0.999446) (6,0,-0.0332827) (7,0,0.999446) (3,1,0.0230716) (4,1,-0.999734) (6,1,-0.0230716) (7,1,0.999734) (6,2,-0.471173) (7,2,0.882041) (9,2,0.471173) (10,2,-0.882041) (6,3,-0.998485) (7,3,-0.0550294) (15,3,0.998485) (16,3,0.0550294) (6,4,-0.708319) (7,4,0.705892) (18,4,0.708319) (19,4,-0.705892) (6,5,-0.900784) (7,5,0.434267) (21,5,0.900784) (22,5,-0.434267) (6,6,-0.999977) (7,6,-0.00684093) (24,6,0.999977) (25,6,0.00684093) (9,7,0.0457979) (10,7,-0.998951) (12,7,-0.0457979) (13,7,0.998951) (9,8,-0.998239) (10,8,0.0593119) (18,8,0.998239) (19,8,-0.0593119) (9,9,-0.692895) (10,9,-0.721039) (21,9,0.692895) (22,9,0.721039) (9,10,-0.438128) (10,10,-0.898913) (24,10,0.438128) (25,10,0.898913) (12,11,-0.695692) (13,11,0.71834) (18,11,0.695692) (19,11,-0.71834) (12,12,-0.99999) (13,12,0.00455771) (21,12,0.99999) (22,12,-0.00455771) (15,13,-0.684561) (16,13,0.728955) (21,13,0.684561) (22,13,-0.728955) (15,14,-0.998981) (16,14,0.0451348) (24,14,0.998981) (25,14,-0.0451348) (21,15,-0.00644376) (22,15,-0.999979) (24,15,0.00644376) (25,15,0.999979) 
Q:
size: 16 16
(0,0,0.0795775) (1,0,0.0397867) (2,0,0.0356998) (3,0,-0.000866065) (4,0,0.029009) (5,0,0.0184623) (6,0,0.0010522) (0,1,0.0397867) (1,1,0.0795775) (2,1,0.0355185) (3,1,-0.00127237) (4,1,0.0287293) (5,1,0.0181013) (6,1,0.000645848) (0,2,0.0356998) (1,2,0.0355185) (2,2,0.0795775) (3,2,0.0167877) (4,2,0.0380526) (5,2,0.0321281) (6,2,0.0185069) (7,2,0.0359171) (8,2,-0.0207959) (9,2,0.0123151) (10,2,0.0233339) (0,3,-0.000866065) (1,3,-0.00127237) (2,3,0.0167877) (3,3,0.0795775) (4,3,0.0265948) (5,3,0.0348359) (6,3,0.0397425) (13,3,-0.0256005) (14,3,-0.0395891) (0,4,0.029009) (1,4,0.0287293) (2,4,0.0380526) (3,4,0.0265948) (4,4,0.0795775) (5,4,0.037584) (6,4,0.0279903) (8,4,0.0297994) (11,4,0.0397825) (0,5,0.0184623) (1,5,0.0181013) (2,5,0.0321281) (3,5,0.0348359) (4,5,0.037584) (5,5,0.0795775) (6,5,0.035722) (9,5,0.0123753) (12,5,0.0359194) (13,5,0.037131) (15,5,0.0170476) (0,6,0.0010522) (1,6,0.000645848) (2,6,0.0185069) (3,6,0.0397425) (4,6,0.0279903) (5,6,0.035722) (6,6,0.0795775) (10,6,0.0176768) (14,6,0.039735) (15,6,0.00052857) (2,7,0.0359171) (7,7,0.0795775) (8,7,-0.0041765) (9,7,0.0273965) (10,7,0.0349307) (11,7,0.0298196) (12,7,0.00200338) (2,8,-0.0207959) (4,8,0.0297994) (7,8,-0.0041765) (8,8,0.0795775) (9,8,0.0258193) (10,8,0.0152805) (11,8,0.0293272) (2,9,0.0123151) (5,9,0.0123753) (7,9,0.0273965) (8,9,0.0258193) (9,9,0.0795775) (10,9,0.037868) (12,9,0.0274384) (13,9,-0.0020402) (15,9,-0.0288663) (2,10,0.0233339) (6,10,0.0176768) (7,10,0.0349307) (8,10,0.0152805) (9,10,0.037868) (10,10,0.0795775) (14,10,0.0158005) (15,10,0.0358782) (4,11,0.0397825) (7,11,0.0298196) (8,11,0.0293272) (11,11,0.0795775) (12,11,0.0278107) (5,12,0.0359194) (7,12,0.00200338) (9,12,0.0274384) (11,12,0.0278107) (12,12,0.0795775) (13,12,0.0273697) (15,12,-7.50445e-05) (3,13,-0.0256005) (5,13,0.037131) (9,13,-0.0020402) (12,13,0.0273697) (13,13,0.0795775) (14,13,0.0285192) (15,13,0.0288281) (3,14,-0.0395891) (6,14,0.039735) (10,14,0.0158005) (13,14,0.0285192) (14,14,0.0795775) (15,14,-0.00153969) (5,15,0.0170476) (6,15,0.00052857) (9,15,-0.0288663) (10,15,0.0358782) (12,15,-7.50445e-05) (13,15,0.0288281) (14,15,-0.00153969) (15,15,0.0795775) 
Minv:
size: 27 27
(0,0,0.0397887) (1,1,0.0397887) (2,2,0.0795775) (3,3,0.0397887) (4,4,0.0397887) (5,5,0.0795775) (6,6,0.0397887) (7,7,0.0397887) (8,8,0.0795775) (9,9,0.0397887) (10,10,0.0397887) (11,11,0.0795775) (12,12,0.0397887) (13,13,0.0397887) (14,14,0.0795775) (15,15,0.0397887) (16,16,0.0397887) (17,17,0.0795775) (18,18,0.0397887) (19,19,0.0397887) (20,20,0.0795775) (21,21,0.0397887) (22,22,0.0397887) (23,23,0.0795775) (24,24,0.0397887) (25,25,0.0397887) (26,26,0.0795775) 
v0:
size: 27 1
(0,0,-0.55967) (1,0,-0.434489) (2,0,0) (3,0,-0.891288) (4,0,0.965564) (5,0,0) (6,0,0.356537) (7,0,-0.49882) (8,0,0) (9,0,0.969069) (10,0,0.251623) (11,0,0) (12,0,0.568686) (13,0,-0.788608) (14,0,0) (15,0,0.28292) (16,0,0.570735) (17,0,0) (18,0,0.48159) (19,0,-0.151706) (20,0,0) (21,0,-0.456126) (22,0,0.937528) (23,0,0) (24,0,0.169008) (25,0,0.0869256) (26,0,0) 
ipopt_sol:
size: 16 1
(0,0,5.35e-08) (1,0,34.4119) (2,0,4.77978e-08) (3,0,2.96131e-07) (4,0,4.76882e-08) (5,0,13.6538) (6,0,3.41457e-07) (7,0,25.8548) (8,0,12.9858) (9,0,4.0212e-07) (10,0,1.02587e-07) (11,0,1.30208e-07) (12,0,19.1572) (13,0,9.80328e-07) (14,0,2.66762) (15,0,18.421) 
policy_sol:
size: 16 1
(0,0,0) (1,0,34.4119) (2,0,0) (3,0,0) (4,0,0) (5,0,13.6538) (6,0,0) (7,0,25.8548) (8,0,12.9858) (9,0,0) (10,0,0) (11,0,0) (12,0,19.1572) (13,0,0) (14,0,2.66762) (15,0,18.421) 

policy_converges:
1
ipopt_converges:
0
