Git Revision:     3cfe7dc3fe6810e9e399640d632720aa3564fe80
Build Mode:       Debug
C Compiler:       /usr/bin/cc
C++ Compiler:     /usr/bin/c++
Fortran Compiler: gfortran
Body count: 9
No end time specified. Simulation will run indefinitely.
N:
size: 27 15
(0,0,-0.00958199) (1,0,-0.999954) (3,0,0.00958199) (4,0,0.999954) (0,1,-0.999548) (1,1,-0.0300491) (18,1,0.999548) (19,1,0.0300491) (3,2,-0.999918) (4,2,-0.0127858) (12,2,0.999918) (13,2,0.0127858) (3,3,-0.905452) (4,3,0.424448) (18,3,0.905452) (19,3,-0.424448) (6,4,-0.447539) (7,4,0.894264) (9,4,0.447539) (10,4,-0.894264) (6,5,-0.697851) (7,5,0.716242) (12,5,0.697851) (13,5,-0.716242) (6,6,-0.705156) (7,6,0.709052) (18,6,0.705156) (19,6,-0.709052) (6,7,-0.999462) (7,7,0.0327871) (24,7,0.999462) (25,7,-0.0327871) (9,8,-0.997798) (10,8,-0.0663283) (18,8,0.997798) (19,8,0.0663283) (9,9,-0.439997) (10,9,-0.897999) (24,9,0.439997) (25,9,0.897999) (12,10,-0.713155) (13,10,0.701007) (18,10,0.713155) (19,10,-0.701007) (15,11,-0.444735) (16,11,0.895662) (18,11,0.444735) (19,11,-0.895662) (15,12,-0.996927) (16,12,0.0783353) (24,12,0.996927) (25,12,-0.0783353) (18,13,-0.0536859) (19,13,-0.998558) (21,13,0.0536859) (22,13,0.998558) (18,14,-0.0116213) (19,14,-0.999932) (24,14,0.0116213) (25,14,0.999932) 
Q:
size: 15 15
(0,0,0.0795775) (1,0,0.00157664) (2,0,-0.000889931) (3,0,0.0165423) (0,1,0.00157664) (1,1,0.0795775) (3,1,0.0355031) (6,1,0.0271969) (8,1,0.0397625) (10,1,0.0275246) (11,1,0.0166166) (13,1,-0.00332902) (14,1,-0.00165772) (0,2,-0.000889931) (2,2,0.0795775) (3,2,0.0358079) (5,2,0.0274) (10,2,-0.0280166) (0,3,0.0165423) (1,3,0.0355031) (2,3,0.0358079) (3,3,0.0795775) (6,3,0.0373792) (8,3,0.0348273) (10,3,0.0375315) (11,3,0.0311485) (13,3,0.0149298) (14,3,0.0164684) (4,4,0.0795775) (5,4,0.0379117) (6,4,0.037786) (7,4,0.0189641) (8,4,-0.0154077) (9,4,0.0241173) (2,5,0.0274) (4,5,0.0379117) (5,5,0.0795775) (6,5,0.0397866) (7,5,0.0286861) (10,5,-0.0397795) (1,6,0.0271969) (3,6,0.0373792) (4,6,0.037786) (5,6,0.0397866) (6,6,0.0795775) (7,6,0.0289672) (8,6,0.0261242) (10,6,0.0397862) (11,6,0.0377467) (13,6,0.0266653) (14,6,0.0278843) (4,7,0.0189641) (5,7,0.0286861) (6,7,0.0289672) (7,7,0.0795775) (9,7,0.016326) (12,7,0.0397473) (14,7,-0.000842323) (1,8,0.0397625) (3,8,0.0348273) (4,8,-0.0154077) (6,8,0.0261242) (8,8,0.0795775) (9,8,0.0198383) (10,8,0.026463) (11,8,0.0152927) (13,8,-0.00476671) (14,8,-0.00310032) (4,9,0.0241173) (7,9,0.016326) (8,9,0.0198383) (9,9,0.0795775) (12,9,0.0146542) (14,9,0.0359313) (1,10,0.0275246) (2,10,-0.0280166) (3,10,0.0375315) (5,10,-0.0397795) (6,10,0.0397862) (8,10,0.026463) (10,10,0.0795775) (11,10,0.0376015) (13,10,0.0263286) (14,10,0.0275605) (1,11,0.0166166) (3,11,0.0311485) (6,11,0.0377467) (8,11,0.0152927) (10,11,0.0376015) (11,11,0.0795775) (12,11,0.0204327) (13,11,0.0346359) (14,11,0.0354292) (7,12,0.0397473) (9,12,0.0146542) (11,12,0.0204327) (12,12,0.0795775) (14,12,-0.00265568) (1,13,-0.00332902) (3,13,0.0149298) (6,13,0.0266653) (8,13,-0.00476671) (10,13,0.0263286) (11,13,0.0346359) (13,13,0.0795775) (14,13,0.0397535) (1,14,-0.00165772) (3,14,0.0164684) (6,14,0.0278843) (7,14,-0.000842323) (8,14,-0.00310032) (9,14,0.0359313) (10,14,0.0275605) (11,14,0.0354292) (12,14,-0.00265568) (13,14,0.0397535) (14,14,0.0795775) 
Minv:
size: 27 27
(0,0,0.0397887) (1,1,0.0397887) (2,2,0.0795775) (3,3,0.0397887) (4,4,0.0397887) (5,5,0.0795775) (6,6,0.0397887) (7,7,0.0397887) (8,8,0.0795775) (9,9,0.0397887) (10,10,0.0397887) (11,11,0.0795775) (12,12,0.0397887) (13,13,0.0397887) (14,14,0.0795775) (15,15,0.0397887) (16,16,0.0397887) (17,17,0.0795775) (18,18,0.0397887) (19,19,0.0397887) (20,20,0.0795775) (21,21,0.0397887) (22,22,0.0397887) (23,23,0.0795775) (24,24,0.0397887) (25,25,0.0397887) (26,26,0.0795775) 
v0:
size: 27 1
(0,0,-0.678071) (1,0,-0.938623) (2,0,0) (3,0,-0.0976687) (4,0,-0.955364) (5,0,0) (6,0,0.0933671) (7,0,-0.807848) (8,0,0) (9,0,0.688752) (10,0,-0.479139) (11,0,0) (12,0,-0.590498) (13,0,-0.194898) (14,0,0) (15,0,0.224401) (16,0,-0.0812331) (17,0,0) (18,0,-0.865178) (19,0,0.896354) (20,0,0) (21,0,0.855542) (22,0,-0.415059) (23,0,0) (24,0,0.0973091) (25,0,-0.251636) (26,0,0) 
ipopt_sol:
size: 15 1
(0,0,6.54188e-07) (1,0,4.75933e-08) (2,0,2.28365) (3,0,9.749) (4,0,1.45699e-07) (5,0,15.8873) (6,0,12.7095) (7,0,9.54644e-08) (8,0,28.7964) (9,0,8.88906e-08) (10,0,6.67363e-06) (11,0,5.13049) (12,0,1.93237) (13,0,17.9939) (14,0,12.0113) 
policy_sol:
size: 15 1
(0,0,0) (1,0,0) (2,0,2.28365) (3,0,9.749) (4,0,0) (5,0,15.8873) (6,0,12.7095) (7,0,0) (8,0,28.7964) (9,0,0) (10,0,0) (11,0,5.13049) (12,0,1.93237) (13,0,17.9939) (14,0,12.0113) 

policy_converges:
1
