Git Revision:     18345a57b34405566a64d0bf3d2a118f1cdbade3
Build Mode:       Debug
C Compiler:       /usr/bin/cc
C++ Compiler:     /usr/bin/c++
Fortran Compiler: gfortran
Body count: 9
No end time specified. Simulation will run indefinitely.
N:
size: 27 14
(0,0,-0.0313886) (1,0,-0.999507) (3,0,0.0313886) (4,0,0.999507) (0,1,-0.999097) (1,1,-0.0424975) (9,1,0.999097) (10,1,0.0424975) (0,2,-0.706746) (1,2,-0.707468) (12,2,0.706746) (13,2,0.707468) (0,3,-0.99961) (1,3,-0.0279207) (18,3,0.99961) (19,3,0.0279207) (0,4,-0.891781) (1,4,-0.452468) (21,4,0.891781) (22,4,0.452468) (3,5,-0.715667) (4,5,0.698442) (9,5,0.715667) (10,5,-0.698442) (3,6,-0.999994) (4,6,0.0035834) (12,6,0.999994) (13,6,-0.0035834) (3,7,-0.893978) (4,7,0.448111) (18,7,0.893978) (19,7,-0.448111) (3,8,-0.999995) (4,8,0.00313861) (21,8,0.999995) (22,8,-0.00313861) (9,9,0.017231) (10,9,-0.999852) (12,9,-0.017231) (13,9,0.999852) (9,10,-0.705666) (10,10,-0.708545) (21,10,0.705666) (22,10,0.708545) (12,11,-0.699866) (13,11,0.714274) (18,11,0.699866) (19,11,-0.714274) (12,12,-0.999996) (13,12,0.00269353) (21,12,0.999996) (22,12,-0.00269353) (18,13,-0.0420352) (19,13,-0.999116) (21,13,0.0420352) (22,13,0.999116) 
Q:
size: 14 14
(0,0,0.0795775) (1,0,0.00293787) (2,0,0.029018) (3,0,0.00235881) (4,0,0.019108) (5,0,0.0268826) (6,0,-0.0011064) (7,0,0.0167045) (8,0,-0.00112409) (0,1,0.00293787) (1,1,0.0795775) (2,1,0.0292914) (3,1,0.0397845) (4,1,0.0362159) (5,1,0.0272688) (9,1,-0.00100569) (10,1,-0.0292503) (0,2,0.029018) (1,2,0.0292914) (2,2,0.0795775) (3,2,0.0288955) (4,2,0.037814) (6,2,0.0280195) (9,2,0.0276605) (11,2,0.000425695) (12,2,-0.0280446) (0,3,0.00235881) (1,3,0.0397845) (2,3,0.0288955) (3,3,0.0795775) (4,3,0.0359717) (7,3,0.0350586) (11,3,0.0270424) (13,3,-0.00278182) (0,4,0.019108) (1,4,0.0362159) (2,4,0.037814) (3,4,0.0359717) (4,4,0.0795775) (8,4,0.0354261) (10,4,0.037795) (12,4,0.0354342) (13,4,0.0194787) (0,5,0.0268826) (1,5,0.0272688) (5,5,0.0795775) (6,5,0.0285749) (7,5,0.0379095) (8,5,0.0285626) (9,5,0.0282766) (10,5,-0.000403627) (0,6,-0.0011064) (2,6,0.0280195) (5,6,0.0285749) (6,6,0.0795775) (7,6,0.0356339) (8,6,0.0397887) (9,6,-0.000828153) (11,6,-0.0279484) (12,6,-0.0397887) (0,7,0.0167045) (3,7,0.0350586) (5,7,0.0379095) (6,7,0.0356339) (7,7,0.0795775) (8,7,0.035626) (11,7,0.0376297) (13,7,0.0163188) (0,8,-0.00112409) (4,8,0.0354261) (5,8,0.0285626) (6,8,0.0397887) (7,8,0.035626) (8,8,0.0795775) (10,8,0.0279889) (12,8,0.0397887) (13,8,0.00154775) (1,9,-0.00100569) (2,9,0.0276605) (5,9,0.0282766) (6,9,-0.000828153) (9,9,0.0795775) (10,9,0.0277041) (11,9,0.0288957) (12,9,0.000792754) (1,10,-0.0292503) (4,10,0.037795) (5,10,-0.000403627) (8,10,0.0279889) (9,10,0.0277041) (10,10,0.0795775) (12,10,0.0280015) (13,10,0.0293474) (2,11,0.000425695) (3,11,0.0270424) (6,11,-0.0279484) (7,11,0.0376297) (9,11,0.0288957) (11,11,0.0795775) (12,11,0.0279232) (13,11,0.0272244) (2,12,-0.0280446) (4,12,0.0354342) (6,12,-0.0397887) (8,12,0.0397887) (9,12,0.000792754) (10,12,0.0280015) (11,12,0.0279232) (12,12,0.0795775) (13,12,0.00156544) (3,13,-0.00278182) (4,13,0.0194787) (7,13,0.0163188) (8,13,0.00154775) (10,13,0.0293474) (11,13,0.0272244) (12,13,0.00156544) (13,13,0.0795775) 
Minv:
size: 27 27
(0,0,0.0397887) (1,1,0.0397887) (2,2,0.0795775) (3,3,0.0397887) (4,4,0.0397887) (5,5,0.0795775) (6,6,0.0397887) (7,7,0.0397887) (8,8,0.0795775) (9,9,0.0397887) (10,10,0.0397887) (11,11,0.0795775) (12,12,0.0397887) (13,13,0.0397887) (14,14,0.0795775) (15,15,0.0397887) (16,16,0.0397887) (17,17,0.0795775) (18,18,0.0397887) (19,19,0.0397887) (20,20,0.0795775) (21,21,0.0397887) (22,22,0.0397887) (23,23,0.0795775) (24,24,0.0397887) (25,25,0.0397887) (26,26,0.0795775) 
v0:
size: 27 1
(0,0,0.636994) (1,0,-0.337794) (2,0,0) (3,0,0.522917) (4,0,-0.978738) (5,0,0) (6,0,-0.606801) (7,0,0.721537) (8,0,0) (9,0,-0.521345) (10,0,0.220423) (11,0,0) (12,0,0.206474) (13,0,-0.651348) (14,0,0) (15,0,0.43106) (16,0,0.928357) (17,0,0) (18,0,-0.450252) (19,0,-0.32861) (20,0,0) (21,0,0.185855) (22,0,-0.645662) (23,0,0) (24,0,0.524622) (25,0,0.395343) (26,0,0) 
ipopt_sol:
size: 14 1
(0,0,3.98522) (1,0,5.19518) (2,0,6.03162e-07) (3,0,23.5706) (4,0,5.50552e-07) (5,0,33.4946) (6,0,4.3082e-07) (7,0,9.84469e-07) (8,0,3.07267e-07) (9,0,9.03774) (10,0,1.59978e-06) (11,0,3.71246) (12,0,1.12332e-06) (13,0,6.8432) 
policy_sol:
size: 14 1
(0,0,3.98522) (1,0,5.19518) (2,0,0) (3,0,23.5706) (4,0,0) (5,0,33.4946) (6,0,0) (7,0,0) (8,0,0) (9,0,9.03774) (10,0,0) (11,0,3.71246) (12,0,0) (13,0,6.84321) 

policy_converges:
1
ipopt_converges:
0
