Git Revision:     3cfe7dc3fe6810e9e399640d632720aa3564fe80
Build Mode:       Debug
C Compiler:       /usr/bin/cc
C++ Compiler:     /usr/bin/c++
Fortran Compiler: gfortran
Body count: 9
No end time specified. Simulation will run indefinitely.
N:
size: 27 17
(0,0,-0.00958148) (1,0,-0.999954) (6,0,0.00958148) (7,0,0.999954) (0,1,-0.998204) (1,1,-0.0599008) (9,1,0.998204) (10,1,0.0599008) (0,2,-0.697073) (1,2,-0.717) (12,2,0.697073) (13,2,0.717) (0,3,-0.900505) (1,3,-0.434845) (21,3,0.900505) (22,3,0.434845) (3,4,-0.0191156) (4,4,-0.999817) (6,4,0.0191156) (7,4,0.999817) (3,5,-0.693191) (4,5,-0.720754) (15,5,0.693191) (16,5,0.720754) (3,6,-0.999999) (4,6,0.00129109) (21,6,0.999999) (22,6,-0.00129109) (6,7,-0.443798) (7,7,0.896127) (9,7,0.443798) (10,7,-0.896127) (6,8,-0.678541) (7,8,0.734562) (12,8,0.678541) (13,8,-0.734562) (6,9,-0.999771) (7,9,0.0214022) (15,9,0.999771) (16,9,-0.0214022) (6,10,-0.699491) (7,10,0.714641) (18,10,0.699491) (19,10,-0.714641) (6,11,-0.88765) (7,11,0.460519) (21,11,0.88765) (22,11,-0.460519) (6,12,-0.999882) (7,12,-0.0153302) (24,12,0.999882) (25,12,0.0153302) (12,13,-0.719983) (13,13,0.693991) (18,13,0.719983) (19,13,-0.693991) (12,14,-0.999889) (13,14,0.0148683) (21,14,0.999889) (22,14,-0.0148683) (18,15,-0.0641597) (19,15,-0.99794) (21,15,0.0641597) (22,15,0.99794) (18,16,-0.0042649) (19,16,-0.999991) (24,16,0.0042649) (25,16,0.999991) 
Q:
size: 17 17
(0,0,0.0795775) (1,0,0.00276382) (2,0,0.028793) (3,0,0.0176445) (4,0,0.0397869) (7,0,0.0354849) (8,0,0.0289673) (9,0,0.000470378) (10,0,0.0281667) (11,0,0.0179842) (12,0,-0.000991131) (0,1,0.00276382) (1,1,0.0795775) (2,1,0.0293947) (3,1,0.036802) (7,1,0.0154906) (0,2,0.028793) (1,2,0.0293947) (2,2,0.0795775) (3,2,0.0373816) (8,2,-0.0021362) (13,2,-0.000170656) (14,2,-0.0273084) (0,3,0.0176445) (1,3,0.036802) (2,3,0.0373816) (3,3,0.0795775) (6,3,0.0358076) (11,3,0.0238366) (14,3,0.0355688) (15,3,0.0195651) (0,4,0.0397869) (4,4,0.0795775) (5,4,0.0291999) (6,4,0.000709222) (7,4,0.0353117) (8,4,0.0287059) (9,4,9.09994e-05) (10,4,0.0278975) (11,4,0.017645) (12,4,-0.00137035) (4,5,0.0291999) (5,5,0.0795775) (6,5,0.0275442) (9,5,0.0269611) (3,6,0.0358076) (4,6,0.000709222) (5,6,0.0275442) (6,6,0.0795775) (11,6,0.0353421) (14,6,0.0397851) (15,6,0.00250157) (0,7,0.0354849) (1,7,0.0154906) (4,7,0.0353117) (7,7,0.0795775) (8,7,0.0381732) (9,7,0.0184172) (10,7,0.0378328) (11,7,0.0320944) (12,7,0.0171095) (0,8,0.0289673) (2,8,-0.0021362) (4,8,0.0287059) (7,8,0.0381732) (8,8,0.0795775) (9,8,0.0276176) (10,8,0.0397721) (11,8,0.0374248) (12,8,0.0265471) (13,8,-0.0397218) (14,8,-0.0274299) (0,9,0.000470378) (4,9,9.09994e-05) (5,9,0.0269611) (7,9,0.0184172) (8,9,0.0276176) (9,9,0.0795775) (10,9,0.0284341) (11,9,0.0357025) (12,9,0.0397619) (0,10,0.0281667) (4,10,0.0278975) (7,10,0.0378328) (8,10,0.0397721) (9,10,0.0284341) (10,10,0.0795775) (11,10,0.0377997) (12,10,0.0273927) (13,10,0.0397719) (15,10,0.0265904) (16,10,0.0283157) (0,11,0.0179842) (3,11,0.0238366) (4,11,0.017645) (6,11,0.0353421) (7,11,0.0320944) (8,11,0.0374248) (9,11,0.0357025) (10,11,0.0377997) (11,11,0.0795775) (12,11,0.0350334) (14,11,0.035587) (15,11,-0.0160197) (0,12,-0.000991131) (4,12,-0.00137035) (7,12,0.0171095) (8,12,0.0265471) (9,12,0.0397619) (10,12,0.0273927) (11,12,0.0350334) (12,12,0.0795775) (16,12,0.000779638) (2,13,-0.000170656) (8,13,-0.0397218) (10,13,0.0397719) (13,13,0.0795775) (14,13,0.0290546) (15,13,0.0257181) (16,13,0.0274906) (2,14,-0.0273084) (3,14,0.0355688) (6,14,0.0397851) (8,14,-0.0274299) (11,14,0.035587) (13,14,0.0290546) (14,14,0.0795775) (15,14,0.00196218) (3,15,0.0195651) (6,15,0.00250157) (10,15,0.0265904) (11,15,-0.0160197) (13,15,0.0257181) (14,15,0.00196218) (15,15,0.0795775) (16,15,0.0397173) (10,16,0.0283157) (12,16,0.000779638) (13,16,0.0274906) (15,16,0.0397173) (16,16,0.0795775) 
Minv:
size: 27 27
(0,0,0.0397887) (1,1,0.0397887) (2,2,0.0795775) (3,3,0.0397887) (4,4,0.0397887) (5,5,0.0795775) (6,6,0.0397887) (7,7,0.0397887) (8,8,0.0795775) (9,9,0.0397887) (10,10,0.0397887) (11,11,0.0795775) (12,12,0.0397887) (13,13,0.0397887) (14,14,0.0795775) (15,15,0.0397887) (16,16,0.0397887) (17,17,0.0795775) (18,18,0.0397887) (19,19,0.0397887) (20,20,0.0795775) (21,21,0.0397887) (22,22,0.0397887) (23,23,0.0795775) (24,24,0.0397887) (25,25,0.0397887) (26,26,0.0795775) 
v0:
size: 27 1
(0,0,0.195873) (1,0,-0.141163) (2,0,0) (3,0,-0.0472203) (4,0,0.347469) (5,0,0) (6,0,0.796508) (7,0,-0.600327) (8,0,0) (9,0,-0.897308) (10,0,-0.994581) (11,0,0) (12,0,0.0693644) (13,0,-0.630407) (14,0,0) (15,0,-0.732427) (16,0,0.398305) (17,0,0) (18,0,0.341681) (19,0,0.416734) (20,0,0) (21,0,-0.179802) (22,0,-0.557908) (23,0,0) (24,0,0.740972) (25,0,0.087801) (26,0,0) 
ipopt_sol:
size: 17 1
(0,0,4.35947e-07) (1,0,28.1576) (2,0,1.4956) (3,0,1.13452e-07) (4,0,22.3369) (5,0,1.08256e-07) (6,0,1.15915e-06) (7,0,6.23797e-08) (8,0,1.31511e-07) (9,0,36.8411) (10,0,1.43901e-07) (11,0,4.65404) (12,0,5.03099e-08) (13,0,4.43934) (14,0,2.49004) (15,0,24.7266) (16,0,1.92174e-07) 
policy_sol:
size: 17 1
(0,0,0) (1,0,28.1577) (2,0,1.4956) (3,0,0) (4,0,22.3369) (5,0,0) (6,0,0) (7,0,0) (8,0,0) (9,0,36.8411) (10,0,0) (11,0,4.65404) (12,0,0) (13,0,4.43934) (14,0,2.49004) (15,0,24.7266) (16,0,0) 

policy_converges:
1
