solve status: 0
N:
size: 27 20
(0,0,-0.999858) (1,0,0.0168693) (9,0,0.999858) (10,0,-0.0168693) (0,1,-0.68646) (1,1,-0.727168) (12,1,0.68646) (13,1,0.727168) (0,2,-0.430495) (1,2,-0.902593) (15,2,0.430495) (16,2,0.902593) (0,3,-0.898343) (1,3,-0.439294) (21,3,0.898343) (22,3,0.439294) (0,4,-0.71359) (1,4,-0.700564) (24,4,0.71359) (25,4,0.700564) (3,5,-0.677366) (4,5,0.735646) (9,5,0.677366) (10,5,-0.735646) (3,6,-0.999989) (4,6,0.00468714) (12,6,0.999989) (13,6,-0.00468714) (3,7,-0.679866) (4,7,-0.733336) (15,7,0.679866) (16,7,0.733336) (3,8,-1) (4,8,0.000139137) (21,8,1) (22,8,-0.000139137) (3,9,-0.89922) (4,9,-0.437497) (24,9,0.89922) (25,9,0.437497) (6,10,-0.451862) (7,10,0.892088) (9,10,0.451862) (10,10,-0.892088) (6,11,-0.999888) (7,11,-0.0149579) (24,11,0.999888) (25,11,0.0149579) (9,12,0.00404313) (10,12,-0.999992) (12,12,-0.00404313) (13,12,0.999992) (9,13,-0.014237) (10,13,-0.999899) (15,13,0.014237) (16,13,0.999899) (9,14,-0.472493) (10,14,-0.881334) (24,14,0.472493) (25,14,0.881334) (15,15,-0.426624) (16,15,0.904429) (18,15,0.426624) (19,15,-0.904429) (15,16,-0.717159) (16,16,0.696909) (21,16,0.717159) (22,16,-0.696909) (15,17,-0.99796) (16,17,0.0638386) (24,17,0.99796) (25,17,-0.0638386) (18,18,-0.0920295) (19,18,-0.995756) (21,18,0.0920295) (22,18,0.995756) (18,19,-0.0307303) (19,19,-0.999528) (24,19,0.0307303) (25,19,0.999528) 
Q:
size: 20 20
(0,0,0.0795775) (1,0,0.0268214) (2,0,0.0165206) (3,0,0.035444) (4,0,0.0279186) (5,0,0.0274415) (10,0,0.0185752) (12,0,0.000832052) (13,0,0.000104751) (14,0,-0.0182057) (0,1,0.0268214) (1,1,0.0795775) (2,1,0.0378731) (3,1,0.0372469) (4,1,0.03976) (6,1,0.0271775) (12,1,0.0288224) (0,2,0.0165206) (1,2,0.0378731) (2,2,0.0795775) (3,2,0.031164) (4,2,0.0373823) (7,2,0.0379816) (13,2,0.0361533) (15,2,0.0251732) (16,2,0.012744) (17,2,-0.0148013) (0,3,0.035444) (1,3,0.0372469) (2,3,0.031164) (3,3,0.0795775) (4,3,0.0377516) (8,3,0.0357415) (16,3,0.0134529) (18,3,0.0206943) (0,4,0.0279186) (1,4,0.03976) (2,4,0.0373823) (3,4,0.0377516) (4,4,0.0795775) (9,4,0.0377264) (11,4,0.0288066) (14,4,0.0379822) (17,4,0.0265555) (19,4,0.0287339) (0,5,0.0274415) (5,5,0.0795775) (6,5,0.0270884) (7,5,-0.00314162) (8,5,0.0269556) (9,5,0.0114296) (10,5,0.0382902) (12,5,0.0293792) (13,5,0.0288838) (14,5,0.0130626) (1,6,0.0271775) (5,6,0.0270884) (6,6,0.0795775) (7,6,0.026914) (8,6,0.0397883) (9,6,0.0356968) (12,6,-0.000347363) (2,7,0.0379816) (5,7,-0.00314162) (6,7,0.026914) (7,7,0.0795775) (8,7,0.027047) (9,7,0.0370903) (13,7,0.0295607) (15,7,0.0148493) (16,7,0.000934879) (17,7,-0.0251331) (3,8,0.0357415) (5,8,0.0269556) (6,8,0.0397883) (7,8,0.027047) (8,8,0.0795775) (9,8,0.0357764) (16,8,0.0285387) (18,8,0.00365622) (4,9,0.0377264) (5,9,0.0114296) (6,9,0.0356968) (7,9,0.0370903) (8,9,0.0357764) (9,9,0.0795775) (11,9,0.0360352) (14,9,0.032247) (17,9,0.0345946) (19,9,0.0184987) (0,10,0.0185752) (5,10,0.0382902) (10,10,0.0795775) (11,10,0.0174461) (12,10,0.0355675) (13,10,0.0352355) (14,10,0.022788) (4,11,0.0288066) (9,11,0.0360352) (10,11,0.0174461) (11,11,0.0795775) (14,11,0.0193223) (17,11,0.0396651) (19,11,0.00181746) (0,12,0.000832052) (1,12,0.0288224) (5,12,0.0293792) (6,12,-0.000347363) (10,12,0.0355675) (12,12,0.0795775) (13,12,0.0397821) (14,12,0.0349909) (0,13,0.000104751) (2,13,0.0361533) (5,13,0.0288838) (7,13,0.0295607) (10,13,0.0352355) (12,13,0.0397821) (13,13,0.0795775) (14,13,0.0353313) (15,13,0.0357408) (16,13,0.0273201) (17,13,0.00197449) (0,14,-0.0182057) (4,14,0.0379822) (5,14,0.0130626) (9,14,0.032247) (10,14,0.022788) (11,14,0.0193223) (12,14,0.0349909) (13,14,0.0353313) (14,14,0.0795775) (17,14,0.0165229) (19,14,0.0356283) (2,15,0.0251732) (7,15,0.0148493) (13,15,0.0357408) (15,15,0.0795775) (16,15,0.0372527) (17,15,0.0192375) (18,15,0.0342712) (19,15,0.0354474) (2,16,0.012744) (3,16,0.0134529) (7,16,0.000934879) (8,16,0.0285387) (13,16,0.0273201) (15,16,0.0372527) (16,16,0.0795775) (17,16,0.0302468) (18,16,-0.0249854) (2,17,-0.0148013) (4,17,0.0265555) (7,17,-0.0251331) (9,17,0.0345946) (11,17,0.0396651) (13,17,0.00197449) (14,17,0.0165229) (15,17,0.0192375) (16,17,0.0302468) (17,17,0.0795775) (19,17,-0.00131863) (3,18,0.0206943) (8,18,0.00365622) (15,18,0.0342712) (16,18,-0.0249854) (18,18,0.0795775) (19,18,0.0397137) (4,19,0.0287339) (9,19,0.0184987) (11,19,0.00181746) (14,19,0.0356283) (15,19,0.0354474) (17,19,-0.00131863) (18,19,0.0397137) (19,19,0.0795775) 
Minv:
size: 27 27
(0,0,0.0397887) (1,1,0.0397887) (2,2,0.0795775) (3,3,0.0397887) (4,4,0.0397887) (5,5,0.0795775) (6,6,0.0397887) (7,7,0.0397887) (8,8,0.0795775) (9,9,0.0397887) (10,10,0.0397887) (11,11,0.0795775) (12,12,0.0397887) (13,13,0.0397887) (14,14,0.0795775) (15,15,0.0397887) (16,16,0.0397887) (17,17,0.0795775) (18,18,0.0397887) (19,19,0.0397887) (20,20,0.0795775) (21,21,0.0397887) (22,22,0.0397887) (23,23,0.0795775) (24,24,0.0397887) (25,25,0.0397887) (26,26,0.0795775) 
v0:
size: 27 1
(0,0,0.237168) (1,0,-0.583904) (2,0,0) (3,0,-0.115303) (4,0,-0.13322) (5,0,0) (6,0,-0.703192) (7,0,-0.153713) (8,0,0) (9,0,-0.4235) (10,0,0.221852) (11,0,0) (12,0,-0.603903) (13,0,-0.713871) (14,0,0) (15,0,0.225877) (16,0,-0.639994) (17,0,0) (18,0,0.886207) (19,0,0.506015) (20,0,0) (21,0,-0.191556) (22,0,0.075888) (23,0,0) (24,0,-0.72515) (25,0,0.202825) (26,0,0) 
ipopt_sol:
size: 20 1
(0,0,16.7046) (1,0,0) (2,0,0) (3,0,0) (4,0,0) (5,0,0) (6,0,10.3942) (7,0,5.66561) (8,0,0) (9,0,0) (10,0,0) (11,0,0) (12,0,22.6916) (13,0,1.35585) (14,0,0) (15,0,0) (16,0,17.7626) (17,0,20.2097) (18,0,18.8343) (19,0,0) 
policy_sol:
size: 20 1
(0,0,16.7046) (1,0,0) (2,0,0) (3,0,0) (4,0,0) (5,0,0) (6,0,10.3942) (7,0,5.66561) (8,0,0) (9,0,0) (10,0,0) (11,0,0) (12,0,22.6916) (13,0,1.35585) (14,0,0) (15,0,0) (16,0,17.7626) (17,0,20.2097) (18,0,18.8343) (19,0,0) 

policy_converges:
1
ipopt_converges:
0
