Git Revision:     18345a57b34405566a64d0bf3d2a118f1cdbade3
Build Mode:       Debug
C Compiler:       /usr/bin/cc
C++ Compiler:     /usr/bin/c++
Fortran Compiler: gfortran
Body count: 9
No end time specified. Simulation will run indefinitely.
N:
size: 27 12
(0,0,-0.997918) (1,0,0.0644983) (9,0,0.997918) (10,0,-0.0644983) (0,1,-0.726967) (1,1,-0.686672) (12,1,0.726967) (13,1,0.686672) (0,2,-0.999915) (1,2,0.0130706) (18,2,0.999915) (19,2,-0.0130706) (0,3,-0.9006) (1,3,-0.434649) (21,3,0.9006) (22,3,0.434649) (0,4,-0.715678) (1,4,-0.698431) (24,4,0.715678) (25,4,0.698431) (3,5,-0.0216151) (4,5,-0.999766) (6,5,0.0216151) (7,5,0.999766) (3,6,-0.999887) (4,6,0.0150356) (12,6,0.999887) (13,6,-0.0150356) (3,7,-0.744915) (4,7,-0.667159) (15,7,0.744915) (16,7,0.667159) (3,8,-0.899478) (4,8,-0.436965) (24,8,0.899478) (25,8,0.436965) (12,9,-0.0202086) (13,9,-0.999796) (15,9,0.0202086) (16,9,0.999796) (12,10,-0.704162) (13,10,-0.710039) (24,10,0.704162) (25,10,0.710039) (15,11,-0.99914) (16,11,-0.0414736) (24,11,0.99914) (25,11,0.0414736) 
Q:
size: 12 12
(0,0,0.0795775) (1,0,0.0271027) (2,0,0.039736) (3,0,0.0346437) (4,0,0.0266242) (0,1,0.0271027) (1,1,0.0795775) (2,1,0.0285655) (3,1,0.0379254) (4,1,0.0397834) (6,1,0.028511) (9,1,-0.0279008) (10,1,-0.0397675) (0,2,0.039736) (1,2,0.0285655) (2,2,0.0795775) (3,2,0.0356046) (4,2,0.0281102) (0,3,0.0346437) (1,3,0.0379254) (2,3,0.0356046) (3,3,0.0795775) (4,3,0.0377242) (0,4,0.0266242) (1,4,0.0397834) (2,4,0.0281102) (3,4,0.0377242) (4,4,0.0795775) (8,4,0.0377566) (10,4,0.0397834) (11,4,0.0296039) (5,5,0.0795775) (6,5,0.000261832) (7,5,0.0271799) (8,5,0.0181558) (1,6,0.028511) (5,6,0.000261832) (6,6,0.0795775) (7,6,0.0292368) (8,6,0.0355236) (9,6,-0.00020586) (10,6,-0.0275898) (5,7,0.0271799) (6,7,0.0292368) (7,7,0.0795775) (8,7,0.0382593) (9,7,0.027139) (11,7,-0.0307147) (4,8,0.0377566) (5,8,0.0181558) (6,8,0.0355236) (7,8,0.0382593) (8,8,0.0795775) (10,8,0.0375463) (11,8,0.0364794) (1,9,-0.0279008) (6,9,-0.00020586) (7,9,0.027139) (9,9,0.0795775) (10,9,0.028812) (11,9,-0.00245323) (1,10,-0.0397675) (4,10,0.0397834) (6,10,-0.0275898) (8,10,0.0375463) (9,10,0.028812) (10,10,0.0795775) (11,10,0.0291653) (4,11,0.0296039) (7,11,-0.0307147) (8,11,0.0364794) (9,11,-0.00245323) (10,11,0.0291653) (11,11,0.0795775) 
Minv:
size: 27 27
(0,0,0.0397887) (1,1,0.0397887) (2,2,0.0795775) (3,3,0.0397887) (4,4,0.0397887) (5,5,0.0795775) (6,6,0.0397887) (7,7,0.0397887) (8,8,0.0795775) (9,9,0.0397887) (10,10,0.0397887) (11,11,0.0795775) (12,12,0.0397887) (13,13,0.0397887) (14,14,0.0795775) (15,15,0.0397887) (16,16,0.0397887) (17,17,0.0795775) (18,18,0.0397887) (19,19,0.0397887) (20,20,0.0795775) (21,21,0.0397887) (22,22,0.0397887) (23,23,0.0795775) (24,24,0.0397887) (25,25,0.0397887) (26,26,0.0795775) 
v0:
size: 27 1
(0,0,0.349801) (1,0,-0.710737) (2,0,0) (3,0,0.0143095) (4,0,0.934696) (5,0,0) (6,0,-0.869357) (7,0,0.477001) (8,0,0) (9,0,-0.440721) (10,0,-0.625124) (11,0,0) (12,0,-0.225574) (13,0,-0.102404) (14,0,0) (15,0,0.23372) (16,0,-0.395855) (17,0,0) (18,0,0.0627022) (19,0,-0.884877) (20,0,0) (21,0,0.017422) (22,0,-0.613851) (23,0,0) (24,0,-0.791281) (25,0,0.289801) (26,0,0) 
ipopt_sol:
size: 12 1
(0,0,19.9654) (1,0,1.58351e-07) (2,0,3.96326e-07) (3,0,5.03043e-07) (4,0,5.46335e-08) (5,0,0.925613) (6,0,1.72533e-07) (7,0,32.3666) (8,0,1.38809e-07) (9,0,4.06699e-07) (10,0,9.63931e-08) (11,0,37.5168) 
policy_sol:
size: 12 1
(0,0,19.9654) (1,0,0) (2,0,0) (3,0,0) (4,0,0) (5,0,0.925612) (6,0,0) (7,0,32.3666) (8,0,0) (9,0,0) (10,0,0) (11,0,37.5168) 

policy_converges:
1
ipopt_converges:
1
