Git Revision:     18345a57b34405566a64d0bf3d2a118f1cdbade3
Build Mode:       Debug
C Compiler:       /usr/bin/cc
C++ Compiler:     /usr/bin/c++
Fortran Compiler: gfortran
Body count: 9
No end time specified. Simulation will run indefinitely.
N:
size: 27 18
(0,0,-0.0184043) (1,0,-0.999831) (3,0,0.0184043) (4,0,0.999831) (0,1,0.000485511) (1,1,-1) (6,1,-0.000485511) (7,1,1) (0,2,-0.725425) (1,2,-0.688301) (12,2,0.725425) (13,2,0.688301) (0,3,-0.468369) (1,3,-0.883533) (15,3,0.468369) (16,3,0.883533) (0,4,-0.999998) (1,4,-0.00193355) (18,4,0.999998) (19,4,0.00193355) (0,5,-0.889446) (1,5,-0.457041) (21,5,0.889446) (22,5,0.457041) (0,6,-0.707296) (1,6,-0.706917) (24,6,0.707296) (25,6,0.706917) (3,7,0.0194705) (4,7,-0.99981) (6,7,-0.0194705) (7,7,0.99981) (3,8,-0.998846) (4,8,0.0480182) (12,8,0.998846) (13,8,-0.0480182) (3,9,-0.890309) (4,9,0.455357) (18,9,0.890309) (19,9,-0.455357) (3,10,-1) (4,10,0.000139463) (21,10,1) (22,10,-0.000139463) (6,11,-0.890374) (7,11,0.455231) (21,11,0.890374) (22,11,-0.455231) (9,12,-0.999504) (10,12,-0.0315038) (18,12,0.999504) (19,12,0.0315038) (9,13,-0.693344) (10,13,-0.720607) (21,13,0.693344) (22,13,0.720607) (12,14,-0.712028) (13,14,0.702151) (18,14,0.712028) (19,14,-0.702151) (12,15,-0.998751) (13,15,-0.0499732) (21,15,0.998751) (22,15,0.0499732) (18,16,0.020669) (19,16,-0.999786) (21,16,-0.020669) (22,16,0.999786) (18,17,-0.0210703) (19,17,-0.999778) (24,17,0.0210703) (25,17,0.999778) 
Q:
size: 18 18
(0,0,0.0795775) (1,0,0.0397816) (2,0,0.0279132) (3,0,0.0354917) (4,0,0.000809203) (5,0,0.0188333) (6,0,0.0286405) (7,0,-0.0397602) (8,0,0.00117882) (9,0,0.017463) (10,0,-0.000726736) (0,1,0.0397816) (1,1,0.0795775) (2,1,0.0273726) (3,1,0.0351456) (4,1,5.76155e-05) (5,1,0.0181679) (6,1,0.0281137) (7,1,0.0397816) (11,1,0.0181302) (0,2,0.0279132) (1,2,0.0273726) (2,2,0.0795775) (3,2,0.0377159) (4,2,0.0289167) (5,2,0.0381895) (6,2,0.0397753) (8,2,0.0275154) (14,2,-0.00132226) (15,2,-0.0301963) (0,3,0.0354917) (1,3,0.0351456) (2,3,0.0377159) (3,3,0.0795775) (4,3,0.0187037) (5,3,0.0326426) (6,3,0.0380325) (0,4,0.000809203) (1,4,5.76155e-05) (2,4,0.0289167) (3,4,0.0187037) (4,4,0.0795775) (5,4,0.035425) (6,4,0.0281967) (9,4,0.0353892) (12,4,0.0397713) (14,4,0.0282766) (16,4,0.000745475) (17,4,-0.000915275) (0,5,0.0188333) (1,5,0.0181679) (2,5,0.0381895) (3,5,0.0326426) (4,5,0.035425) (5,5,0.0795775) (6,5,0.0378865) (10,5,0.0353874) (11,5,0.0232319) (13,5,0.0376417) (15,5,0.0362545) (16,5,0.0174497) (0,6,0.0286405) (1,6,0.0281137) (2,6,0.0397753) (3,6,0.0380325) (4,6,0.0281967) (5,6,0.0378865) (6,6,0.0795775) (17,6,0.0287141) (0,7,-0.0397602) (1,7,0.0397816) (7,7,0.0795775) (8,7,-0.00268403) (9,7,-0.0188044) (10,7,-0.000780253) (11,7,0.0187994) (0,8,0.00117882) (2,8,0.0275154) (7,8,-0.00268403) (8,8,0.0795775) (9,8,0.0362534) (10,8,0.0397431) (14,8,-0.0296395) (15,8,-0.0395977) (0,9,0.017463) (4,9,0.0353892) (7,9,-0.0188044) (8,9,0.0362534) (9,9,0.0795775) (10,9,0.0354268) (12,9,0.0348359) (14,9,0.0379447) (16,9,0.0188464) (17,9,0.0173677) (0,10,-0.000726736) (5,10,0.0353874) (7,10,-0.000780253) (8,10,0.0397431) (9,10,0.0354268) (10,10,0.0795775) (11,10,0.0354294) (13,10,0.0275833) (15,10,0.0397387) (16,10,-0.000827942) (1,11,0.0181302) (5,11,0.0232319) (7,11,0.0187994) (10,11,0.0354294) (11,11,0.0795775) (13,11,0.0115106) (15,11,0.0344774) (16,11,-0.0188414) (4,12,0.0397713) (9,12,0.0348359) (12,12,0.0795775) (13,12,0.0284768) (14,12,0.0274365) (16,12,-0.000431244) (17,12,-0.00209116) (5,13,0.0376417) (10,13,0.0275833) (11,13,0.0115106) (12,13,0.0284768) (13,13,0.0795775) (15,13,0.0289856) (16,13,0.0280957) (2,14,-0.00132226) (4,14,0.0282766) (8,14,-0.0296395) (9,14,0.0379447) (12,14,0.0274365) (14,14,0.0795775) (15,14,0.0268992) (16,14,0.0285173) (17,14,0.0273346) (2,15,-0.0301963) (5,15,0.0362545) (8,15,-0.0395977) (10,15,0.0397387) (11,15,0.0344774) (13,15,0.0289856) (14,15,0.0268992) (15,15,0.0795775) (16,15,0.00116658) (4,16,0.000745475) (5,16,0.0174497) (9,16,0.0188464) (10,16,-0.000827942) (11,16,-0.0188414) (12,16,-0.000431244) (13,16,0.0280957) (14,16,0.0285173) (15,16,0.00116658) (16,16,0.0795775) (17,16,0.0397541) (4,17,-0.000915275) (6,17,0.0287141) (9,17,0.0173677) (12,17,-0.00209116) (14,17,0.0273346) (16,17,0.0397541) (17,17,0.0795775) 
Minv:
size: 27 27
(0,0,0.0397887) (1,1,0.0397887) (2,2,0.0795775) (3,3,0.0397887) (4,4,0.0397887) (5,5,0.0795775) (6,6,0.0397887) (7,7,0.0397887) (8,8,0.0795775) (9,9,0.0397887) (10,10,0.0397887) (11,11,0.0795775) (12,12,0.0397887) (13,13,0.0397887) (14,14,0.0795775) (15,15,0.0397887) (16,16,0.0397887) (17,17,0.0795775) (18,18,0.0397887) (19,19,0.0397887) (20,20,0.0795775) (21,21,0.0397887) (22,22,0.0397887) (23,23,0.0795775) (24,24,0.0397887) (25,25,0.0397887) (26,26,0.0795775) 
v0:
size: 27 1
(0,0,0.710847) (1,0,0.999709) (2,0,0) (3,0,0.669972) (4,0,-0.400641) (5,0,0) (6,0,-0.907396) (7,0,-0.924285) (8,0,0) (9,0,0.844227) (10,0,-0.722258) (11,0,0) (12,0,0.120753) (13,0,-0.593367) (14,0,0) (15,0,0.246569) (16,0,0.686414) (17,0,0) (18,0,0.664771) (19,0,0.14577) (20,0,0) (21,0,-0.720847) (22,0,-0.512322) (23,0,0) (24,0,0.894249) (25,0,-0.0289972) (26,0,0) 
ipopt_sol:
size: 18 1
(0,0,6.99376) (1,0,33.7321) (2,0,31.0622) (3,0,4.41965e-08) (4,0,7.72411e-08) (5,0,1.85055) (6,0,6.21745e-08) (7,0,2.28184e-06) (8,0,10.123) (9,0,8.90393e-08) (10,0,14.5397) (11,0,3.88843e-08) (12,0,3.86981) (13,0,0.0916615) (14,0,1.15075e-07) (15,0,29.4887) (16,0,15.1181) (17,0,3.48631e-07) 
policy_sol:
size: 18 1
(0,0,7.47851) (1,0,33.7321) (2,0,29.5408) (3,0,0) (4,0,0) (5,0,3.08146) (6,0,0) (7,0,0) (8,0,0) (9,0,0) (10,0,24.6599) (11,0,0) (12,0,3.86984) (13,0,0.0915936) (14,0,0) (15,0,18.2597) (16,0,15.1182) (17,0,0) 

policy_converges:
1
ipopt_converges:
0
