Git Revision:     3cfe7dc3fe6810e9e399640d632720aa3564fe80
Build Mode:       Debug
C Compiler:       /usr/bin/cc
C++ Compiler:     /usr/bin/c++
Fortran Compiler: gfortran
Body count: 9
No end time specified. Simulation will run indefinitely.
N:
size: 27 14
(0,0,-0.999869) (1,0,0.0161881) (9,0,0.999869) (10,0,-0.0161881) (0,1,-0.451166) (1,1,-0.89244) (15,1,0.451166) (16,1,0.89244) (0,2,-0.999494) (1,2,0.0318107) (18,2,0.999494) (19,2,-0.0318107) (0,3,-0.902564) (1,3,-0.430556) (21,3,0.902564) (22,3,0.430556) (3,4,-0.723535) (4,4,0.690288) (9,4,0.723535) (10,4,-0.690288) (3,5,-0.999564) (4,5,-0.0295253) (12,5,0.999564) (13,5,0.0295253) (3,6,-0.697573) (4,6,-0.716514) (15,6,0.697573) (16,6,0.716514) (3,7,-0.887896) (4,7,0.460045) (18,7,0.887896) (19,7,-0.460045) (3,8,-0.99999) (4,8,0.00455759) (21,8,0.99999) (22,8,-0.00455759) (3,9,-0.903162) (4,9,-0.429299) (24,9,0.903162) (25,9,0.429299) (12,10,-0.0107981) (13,10,-0.999942) (15,10,0.0107981) (16,10,0.999942) (12,11,-0.999241) (13,11,0.0389586) (21,11,0.999241) (22,11,-0.0389586) (15,12,-0.682988) (16,12,0.73043) (21,12,0.682988) (22,12,-0.73043) (15,13,-0.998301) (16,13,0.0582601) (24,13,0.998301) (25,13,-0.0582601) 
Q:
size: 14 14
(0,0,0.0795775) (1,0,0.0173742) (2,0,0.0397839) (3,0,0.0356298) (4,0,0.0292294) (0,1,0.0173742) (1,1,0.0795775) (2,1,0.0168127) (3,1,0.0314909) (6,1,0.0379651) (10,1,0.0357008) (12,1,0.0136763) (13,1,-0.0158521) (0,2,0.0397839) (1,2,0.0168127) (2,2,0.0795775) (3,2,0.0353487) (7,2,0.0358926) (0,3,0.0356298) (1,3,0.0314909) (2,3,0.0353487) (3,3,0.0795775) (8,3,0.0358334) (11,3,0.0352172) (12,3,0.0120142) (0,4,0.0292294) (4,4,0.0795775) (5,4,0.0279651) (6,4,0.000402573) (7,4,0.0381967) (8,4,0.0289134) (9,4,0.0142097) (4,5,0.0279651) (5,5,0.0795775) (6,5,0.0285852) (7,5,0.0347724) (8,5,0.0397656) (9,5,0.0364243) (10,5,-0.00160416) (11,5,-0.0396954) (1,6,0.0379651) (4,6,0.000402573) (5,6,0.0285852) (6,6,0.0795775) (7,6,0.0115285) (8,6,0.0276253) (9,6,0.0373067) (10,6,0.0288072) (12,6,0.00186724) (13,6,-0.0260475) (2,7,0.0358926) (4,7,0.0381967) (5,7,0.0347724) (6,7,0.0115285) (7,7,0.0795775) (8,7,0.0354113) (9,7,0.024049) (3,8,0.0358334) (4,8,0.0289134) (5,8,0.0397656) (6,8,0.0276253) (7,8,0.0354113) (8,8,0.0795775) (9,8,0.0358575) (11,8,0.0397652) (12,8,0.0273074) (4,9,0.0142097) (5,9,0.0364243) (6,9,0.0373067) (7,9,0.024049) (8,9,0.0358575) (9,9,0.0795775) (13,9,0.0348795) (1,10,0.0357008) (5,10,-0.00160416) (6,10,0.0288072) (10,10,0.0795775) (11,10,-0.00112071) (12,10,0.0287677) (13,10,0.00188905) (3,11,0.0352172) (5,11,-0.0396954) (8,11,0.0397652) (10,11,-0.00112071) (11,11,0.0795775) (12,11,0.0282868) (1,12,0.0136763) (3,12,0.0120142) (6,12,0.00186724) (8,12,0.0273074) (10,12,0.0287677) (11,12,0.0282868) (12,12,0.0795775) (13,12,0.0288223) (1,13,-0.0158521) (6,13,-0.0260475) (9,13,0.0348795) (10,13,0.00188905) (12,13,0.0288223) (13,13,0.0795775) 
Minv:
size: 27 27
(0,0,0.0397887) (1,1,0.0397887) (2,2,0.0795775) (3,3,0.0397887) (4,4,0.0397887) (5,5,0.0795775) (6,6,0.0397887) (7,7,0.0397887) (8,8,0.0795775) (9,9,0.0397887) (10,10,0.0397887) (11,11,0.0795775) (12,12,0.0397887) (13,13,0.0397887) (14,14,0.0795775) (15,15,0.0397887) (16,16,0.0397887) (17,17,0.0795775) (18,18,0.0397887) (19,19,0.0397887) (20,20,0.0795775) (21,21,0.0397887) (22,22,0.0397887) (23,23,0.0795775) (24,24,0.0397887) (25,25,0.0397887) (26,26,0.0795775) 
v0:
size: 27 1
(0,0,0.731725) (1,0,-0.164659) (2,0,0) (3,0,0.802494) (4,0,0.335873) (5,0,0) (6,0,-0.901995) (7,0,0.785707) (8,0,0) (9,0,-0.535846) (10,0,-0.999079) (11,0,0) (12,0,0.133014) (13,0,0.530435) (14,0,0) (15,0,0.229359) (16,0,0.0640766) (17,0,0) (18,0,0.0683786) (19,0,-0.680276) (20,0,0) (21,0,-0.448371) (22,0,-0.476511) (23,0,0) (24,0,-0.0402937) (25,0,0.828475) (26,0,0) 
ipopt_sol:
size: 14 1
(0,0,29.2091) (1,0,8.07533e-08) (2,0,1.86613e-06) (3,0,5.14755) (4,0,4.73528e-08) (5,0,2.07167) (6,0,4.38915) (7,0,1.21572e-07) (8,0,26.4674) (9,0,2.14055e-07) (10,0,9.93123) (11,0,1.58532e-06) (12,0,6.5486e-08) (13,0,9.08578) 
policy_sol:
size: 14 1
(0,0,29.2091) (1,0,0) (2,0,0) (3,0,5.14755) (4,0,0) (5,0,2.07167) (6,0,4.38915) (7,0,0) (8,0,26.4674) (9,0,0) (10,0,9.93123) (11,0,0) (12,0,0) (13,0,9.08578) 

policy_converges:
1
