Git Revision:     3cfe7dc3fe6810e9e399640d632720aa3564fe80
Build Mode:       Debug
C Compiler:       /usr/bin/cc
C++ Compiler:     /usr/bin/c++
Fortran Compiler: gfortran
Body count: 9
No end time specified. Simulation will run indefinitely.
N:
size: 27 15
(0,0,0.0341071) (1,0,-0.999418) (3,0,-0.0341071) (4,0,0.999418) (0,1,-1) (1,1,-9.75897e-05) (18,1,1) (19,1,9.75897e-05) (3,2,-0.7172) (4,2,0.696867) (9,2,0.7172) (10,2,-0.696867) (3,3,-0.898442) (4,3,0.439093) (18,3,0.898442) (19,3,-0.439093) (6,4,-0.436043) (7,4,0.899926) (9,4,0.436043) (10,4,-0.899926) (6,5,-0.999961) (7,5,-0.00877682) (15,5,0.999961) (16,5,0.00877682) (6,6,-0.705968) (7,6,0.708243) (18,6,0.705968) (19,6,-0.708243) (9,7,0.00784067) (10,7,-0.999969) (12,7,-0.00784067) (13,7,0.999969) (9,8,-0.999739) (10,8,0.0228545) (18,8,0.999739) (19,8,-0.0228545) (9,9,-0.46805) (10,9,-0.883702) (24,9,0.46805) (25,9,0.883702) (12,10,-0.710136) (13,10,0.704065) (18,10,0.710136) (19,10,-0.704065) (12,11,-0.999998) (13,11,0.00219673) (21,11,0.999998) (22,11,-0.00219673) (12,12,-0.747765) (13,12,-0.663964) (24,12,0.747765) (25,12,0.663964) (18,13,0.00912297) (19,13,-0.999958) (24,13,-0.00912297) (25,13,0.999958) (21,14,-0.0198903) (22,14,-0.999802) (24,14,0.0198903) (25,14,0.999802) 
Q:
size: 15 15
(0,0,0.0795775) (1,0,-0.0013532) (2,0,0.0286846) (3,0,0.01868) (0,1,-0.0013532) (1,1,0.0795775) (3,1,0.0357462) (6,1,0.0280868) (8,1,0.0397783) (10,1,0.0282527) (13,1,0.000359109) (0,2,0.0286846) (2,2,0.0795775) (3,2,0.0378133) (4,2,0.0373958) (7,2,0.0279504) (8,2,-0.0291627) (9,2,0.0111463) (0,3,0.01868) (1,3,0.0357462) (2,3,0.0378133) (3,3,0.0795775) (6,3,0.0376105) (8,3,0.0361378) (10,3,0.0376865) (13,3,0.0177963) (2,4,0.0373958) (4,4,0.0795775) (5,4,0.0170347) (6,4,0.0376083) (7,4,0.0359418) (8,4,-0.0181634) (9,4,0.0235221) (4,5,0.0170347) (5,5,0.0795775) (6,5,0.0278412) (1,6,0.0280868) (3,6,0.0376105) (4,6,0.0376083) (5,6,0.0278412) (6,6,0.0795775) (8,6,0.0287263) (10,6,0.039788) (13,6,0.0284352) (2,7,0.0279504) (4,7,0.0359418) (7,7,0.0795775) (8,7,-0.00122121) (9,7,0.0350143) (10,7,0.0282345) (11,7,0.000399372) (12,7,-0.0261842) (1,8,0.0397783) (2,8,-0.0291627) (3,8,0.0361378) (4,8,-0.0181634) (6,8,0.0287263) (7,8,-0.00122121) (8,8,0.0795775) (9,8,0.0178147) (10,8,0.0288883) (13,8,0.00127221) (2,9,0.0111463) (4,9,0.0235221) (7,9,0.0350143) (8,9,0.0178147) (9,9,0.0795775) (12,9,0.0372716) (13,9,0.03499) (14,9,0.0355248) (1,10,0.0282527) (3,10,0.0376865) (6,10,0.039788) (7,10,0.0282345) (8,10,0.0288883) (10,10,0.0795775) (11,10,0.0283169) (12,10,0.00252821) (13,10,0.0282705) (7,11,0.000399372) (10,11,0.0283169) (11,11,0.0795775) (12,11,0.0296945) (14,11,-0.00070402) (7,12,-0.0261842) (9,12,0.0372716) (10,12,0.00252821) (11,12,0.0296945) (12,12,0.0795775) (13,12,0.0261457) (14,12,0.0270048) (1,13,0.000359109) (3,13,0.0177963) (6,13,0.0284352) (8,13,0.00127221) (9,13,0.03499) (10,13,0.0282705) (12,13,0.0261457) (13,13,0.0795775) (14,13,0.039772) (9,14,0.0355248) (11,14,-0.00070402) (12,14,0.0270048) (13,14,0.039772) (14,14,0.0795775) 
Minv:
size: 27 27
(0,0,0.0397887) (1,1,0.0397887) (2,2,0.0795775) (3,3,0.0397887) (4,4,0.0397887) (5,5,0.0795775) (6,6,0.0397887) (7,7,0.0397887) (8,8,0.0795775) (9,9,0.0397887) (10,10,0.0397887) (11,11,0.0795775) (12,12,0.0397887) (13,13,0.0397887) (14,14,0.0795775) (15,15,0.0397887) (16,16,0.0397887) (17,17,0.0795775) (18,18,0.0397887) (19,19,0.0397887) (20,20,0.0795775) (21,21,0.0397887) (22,22,0.0397887) (23,23,0.0795775) (24,24,0.0397887) (25,25,0.0397887) (26,26,0.0795775) 
v0:
size: 27 1
(0,0,-0.370118) (1,0,0.0459287) (2,0,0) (3,0,0.325262) (4,0,-0.812641) (5,0,0) (6,0,0.326169) (7,0,0.811837) (8,0,0) (9,0,-0.252874) (10,0,0.830779) (11,0,0) (12,0,0.999887) (13,0,0.271955) (14,0,0) (15,0,-0.160485) (16,0,0.877618) (17,0,0) (18,0,-0.628792) (19,0,0.123264) (20,0,0) (21,0,0.833171) (22,0,0.830486) (23,0,0) (24,0,0.877256) (25,0,-0.855502) (26,0,0) 
ipopt_sol:
size: 15 1
(0,0,6.53474) (1,0,1.13102e-07) (2,0,43.3528) (3,0,1.38604e-07) (4,0,8.39271e-08) (5,0,12.216) (6,0,6.19373e-08) (7,0,2.01432e-07) (8,0,17.748) (9,0,1.53611e-07) (10,0,19.7743) (11,0,2.16522e-07) (12,0,6.91797) (13,0,2.36871e-07) (14,0,39.9954) 
policy_sol:
size: 15 1
(0,0,6.53474) (1,0,0) (2,0,43.3528) (3,0,0) (4,0,0) (5,0,12.216) (6,0,0) (7,0,0) (8,0,17.748) (9,0,0) (10,0,19.7743) (11,0,0) (12,0,6.91797) (13,0,0) (14,0,39.9954) 

policy_converges:
1
