solve status: 0
N:
size: 27 17
(0,0,0.0309276) (1,0,-0.999522) (6,0,-0.0309276) (7,0,0.999522) (0,1,-0.999997) (1,1,-0.00261969) (9,1,0.999997) (10,1,0.00261969) (0,2,-0.698189) (1,2,-0.715913) (12,2,0.698189) (13,2,0.715913) (0,3,-0.999942) (1,3,-0.0107444) (18,3,0.999942) (19,3,0.0107444) (0,4,-0.701687) (1,4,-0.712486) (24,4,0.701687) (25,4,0.712486) (3,5,0.0218648) (4,5,-0.999761) (6,5,-0.0218648) (7,5,0.999761) (3,6,-0.702809) (4,6,0.711379) (9,6,0.702809) (10,6,-0.711379) (6,7,-0.436018) (7,7,0.899938) (9,7,0.436018) (10,7,-0.899938) (6,8,-0.685748) (7,8,0.727839) (12,8,0.685748) (13,8,-0.727839) (6,9,-0.713598) (7,9,0.700555) (18,9,0.713598) (19,9,-0.700555) (6,10,-0.999543) (7,10,0.0302169) (24,10,0.999543) (25,10,-0.0302169) (9,11,-0.0221276) (10,11,-0.999755) (12,11,0.0221276) (13,11,0.999755) (9,12,-0.460356) (10,12,-0.887734) (24,12,0.460356) (25,12,0.887734) (12,13,-0.704998) (13,13,-0.709209) (24,13,0.704998) (25,13,0.709209) (15,14,-0.998321) (16,14,0.0579236) (24,14,0.998321) (25,14,-0.0579236) (18,15,0.0780568) (19,15,-0.996949) (21,15,-0.0780568) (22,15,0.996949) (18,16,0.022406) (19,16,-0.999749) (24,16,-0.022406) (25,16,0.999749) 
Q:
size: 17 17
(0,0,0.0795775) (1,0,-0.00112638) (2,0,0.0276125) (3,0,-0.0008032) (4,0,0.0274719) (5,0,0.0397871) (7,0,0.0363268) (8,0,0.0297898) (9,0,0.028739) (10,0,0.00243173) (0,1,-0.00112638) (1,1,0.0795775) (2,1,0.0278546) (3,1,0.0397874) (4,1,0.0279934) (6,1,0.0278896) (7,1,0.0172547) (11,1,-0.000984636) (12,1,-0.0184095) (0,2,0.0276125) (1,2,0.0278546) (2,2,0.0795775) (3,2,0.0280845) (4,2,0.0397883) (8,2,-0.00168259) (11,2,0.029093) (13,2,-0.0397869) (0,3,-0.0008032) (1,3,0.0397874) (2,3,0.0280845) (3,3,0.0795775) (4,3,0.0282222) (9,3,0.028092) (15,3,0.0026794) (16,3,0.000464058) (0,4,0.0274719) (1,4,0.0279934) (2,4,0.0397883) (3,4,0.0282222) (4,4,0.0795775) (10,4,0.0270499) (12,4,0.0380191) (13,4,0.0397883) (14,4,0.0262303) (16,4,0.0277162) (0,5,0.0397871) (5,5,0.0795775) (6,5,-0.0289095) (7,5,0.0361782) (8,5,0.0295495) (9,5,0.0284883) (10,5,0.00207158) (1,6,0.0278896) (5,6,-0.0289095) (6,6,0.0795775) (7,6,0.0376654) (11,6,0.0276792) (12,6,0.0122539) (0,7,0.0363268) (1,7,0.0172547) (5,7,0.0361782) (6,7,0.0376654) (7,7,0.0795775) (8,7,0.0379588) (9,7,0.037465) (10,7,0.0184227) (11,7,0.0354147) (12,7,0.0238009) (0,8,0.0297898) (2,8,-0.00168259) (5,8,0.0295495) (7,8,0.0379588) (8,8,0.0795775) (9,8,0.0397585) (10,8,0.0281477) (11,8,-0.028349) (13,8,0.00130268) (0,9,0.028739) (3,9,0.028092) (5,9,0.0284883) (7,9,0.037465) (8,9,0.0397585) (9,9,0.0795775) (10,9,0.0292225) (15,9,0.0300054) (16,9,0.0285034) (0,10,0.00243173) (4,10,0.0270499) (5,10,0.00207158) (7,10,0.0184227) (8,10,0.0281477) (9,10,0.0292225) (10,10,0.0795775) (12,10,0.0172413) (13,10,0.0271855) (14,10,0.0397734) (16,10,-0.00209309) (1,11,-0.000984636) (2,11,0.029093) (6,11,0.0276792) (7,11,0.0354147) (8,11,-0.028349) (11,11,0.0795775) (12,11,0.0357185) (13,11,-0.0288323) (1,12,-0.0184095) (4,12,0.0380191) (6,12,0.0122539) (7,12,0.0238009) (10,12,0.0172413) (11,12,0.0357185) (12,12,0.0795775) (13,12,0.037964) (14,12,0.0162403) (16,12,0.0349025) (2,13,-0.0397869) (4,13,0.0397883) (8,13,0.00130268) (10,13,0.0271855) (11,13,-0.0288323) (12,13,0.037964) (13,13,0.0795775) (14,13,0.0263694) (16,13,0.027583) (4,14,0.0262303) (10,14,0.0397734) (12,14,0.0162403) (13,14,0.0263694) (14,14,0.0795775) (16,14,-0.00319414) (3,15,0.0026794) (9,15,0.0300054) (15,15,0.0795775) (16,15,0.039727) (3,16,0.000464058) (4,16,0.0277162) (9,16,0.0285034) (10,16,-0.00209309) (12,16,0.0349025) (13,16,0.027583) (14,16,-0.00319414) (15,16,0.039727) (16,16,0.0795775) 
Minv:
size: 27 27
(0,0,0.0397887) (1,1,0.0397887) (2,2,0.0795775) (3,3,0.0397887) (4,4,0.0397887) (5,5,0.0795775) (6,6,0.0397887) (7,7,0.0397887) (8,8,0.0795775) (9,9,0.0397887) (10,10,0.0397887) (11,11,0.0795775) (12,12,0.0397887) (13,13,0.0397887) (14,14,0.0795775) (15,15,0.0397887) (16,16,0.0397887) (17,17,0.0795775) (18,18,0.0397887) (19,19,0.0397887) (20,20,0.0795775) (21,21,0.0397887) (22,22,0.0397887) (23,23,0.0795775) (24,24,0.0397887) (25,25,0.0397887) (26,26,0.0795775) 
v0:
size: 27 1
(0,0,0.116789) (1,0,-0.429621) (2,0,0) (3,0,-0.399931) (4,0,-0.450273) (5,0,0) (6,0,0.26637) (7,0,-0.651563) (8,0,0) (9,0,-0.520888) (10,0,0.454071) (11,0,0) (12,0,-0.372401) (13,0,-0.00157172) (14,0,0) (15,0,0.739092) (16,0,0.466828) (17,0,0) (18,0,-0.0474212) (19,0,-0.183367) (20,0,0) (21,0,0.436602) (22,0,-0.389945) (23,0,0) (24,0,-0.396078) (25,0,-0.300309) (26,0,0) 
ipopt_sol:
size: 17 1
(0,0,0) (1,0,12.4289) (2,0,0) (3,0,0) (4,0,0) (5,0,0) (6,0,2.85517) (7,0,16.4233) (8,0,17.8348) (9,0,0) (10,0,0) (11,0,7.77473) (12,0,4.00292) (13,0,0) (14,0,26.5483) (15,0,6.12557) (16,0,0) 
policy_sol:
size: 17 1
(0,0,0) (1,0,12.4289) (2,0,0) (3,0,0) (4,0,0) (5,0,0) (6,0,2.85517) (7,0,16.4233) (8,0,17.8348) (9,0,0) (10,0,0) (11,0,7.77473) (12,0,4.00292) (13,0,0) (14,0,26.5483) (15,0,6.12557) (16,0,0) 

policy_converges:
1
ipopt_converges:
0
