Git Revision:     18345a57b34405566a64d0bf3d2a118f1cdbade3
Build Mode:       Debug
C Compiler:       /usr/bin/cc
C++ Compiler:     /usr/bin/c++
Fortran Compiler: gfortran
Body count: 9
No end time specified. Simulation will run indefinitely.
N:
size: 27 13
(0,0,0.0405296) (1,0,-0.999178) (3,0,-0.0405296) (4,0,0.999178) (0,1,-0.456339) (1,1,-0.889806) (15,1,0.456339) (16,1,0.889806) (9,2,0.00301102) (10,2,-0.999995) (15,2,-0.00301102) (16,2,0.999995) (9,3,-0.998858) (10,3,0.0477802) (18,3,0.998858) (19,3,-0.0477802) (12,4,-0.0545937) (13,4,-0.998509) (15,4,0.0545937) (16,4,0.998509) (12,5,-0.7339) (13,5,0.679258) (18,5,0.7339) (19,5,-0.679258) (12,6,-0.999579) (13,6,-0.0289983) (21,6,0.999579) (22,6,0.0289983) (12,7,-0.712902) (13,7,-0.701264) (24,7,0.712902) (25,7,0.701264) (15,8,-0.447737) (16,8,0.894165) (18,8,0.447737) (19,8,-0.894165) (15,9,-0.703223) (16,9,0.710969) (21,9,0.703223) (22,9,-0.710969) (15,10,-0.999678) (16,10,-0.0253926) (24,10,0.999678) (25,10,0.0253926) (18,11,-0.00350367) (19,11,-0.999994) (24,11,0.00350367) (25,11,0.999994) (21,12,-0.0275374) (22,12,-0.999621) (24,12,0.0275374) (25,12,0.999621) 
Q:
size: 13 13
(0,0,0.0795775) (1,0,0.0346393) (0,1,0.0346393) (1,1,0.0795775) (2,1,0.0353494) (4,1,0.0363427) (8,1,0.0235276) (9,1,0.0124028) (10,1,-0.0190503) (1,2,0.0353494) (2,2,0.0795775) (3,2,-0.00202077) (4,2,0.0397227) (8,2,0.0356312) (9,2,0.0283727) (10,2,-0.000890568) (2,3,-0.00202077) (3,3,0.0795775) (5,3,0.0304589) (8,3,0.0194945) (11,3,0.00176185) (1,4,0.0363427) (2,4,0.0397227) (4,4,0.0795775) (5,4,-0.0253923) (6,4,0.00332338) (7,4,0.0294094) (8,4,0.0345521) (9,4,0.0267188) (10,4,-0.00318035) (3,5,0.0304589) (4,5,-0.0253923) (5,5,0.0795775) (6,5,0.0284049) (7,5,0.0018645) (8,5,0.0372408) (11,5,0.0269243) (4,6,0.00332338) (5,6,0.0284049) (6,6,0.0795775) (7,6,0.0291627) (9,6,0.0271483) (12,6,-0.00224858) (4,7,0.0294094) (5,7,0.0018645) (6,7,0.0291627) (7,7,0.0795775) (10,7,0.0290648) (11,7,0.0280016) (12,7,0.0286729) (1,8,0.0235276) (2,8,0.0356312) (3,8,0.0194945) (4,8,0.0345521) (5,8,0.0372408) (8,8,0.0795775) (9,8,0.0378225) (10,8,0.0169057) (11,8,0.0355151) (1,9,0.0124028) (2,9,0.0283727) (4,9,0.0267188) (6,9,0.0271483) (8,9,0.0378225) (9,9,0.0795775) (10,9,0.027253) (12,9,0.0275073) (1,10,-0.0190503) (2,10,-0.000890568) (4,10,-0.00318035) (7,10,0.0290648) (8,10,0.0169057) (9,10,0.027253) (10,10,0.0795775) (11,10,0.00114969) (12,10,0.00210528) (3,11,0.00176185) (5,11,0.0269243) (7,11,0.0280016) (8,11,0.0355151) (10,11,0.00114969) (11,11,0.0795775) (12,11,0.0397772) (6,12,-0.00224858) (7,12,0.0286729) (9,12,0.0275073) (10,12,0.00210528) (11,12,0.0397772) (12,12,0.0795775) 
Minv:
size: 27 27
(0,0,0.0397887) (1,1,0.0397887) (2,2,0.0795775) (3,3,0.0397887) (4,4,0.0397887) (5,5,0.0795775) (6,6,0.0397887) (7,7,0.0397887) (8,8,0.0795775) (9,9,0.0397887) (10,10,0.0397887) (11,11,0.0795775) (12,12,0.0397887) (13,13,0.0397887) (14,14,0.0795775) (15,15,0.0397887) (16,16,0.0397887) (17,17,0.0795775) (18,18,0.0397887) (19,19,0.0397887) (20,20,0.0795775) (21,21,0.0397887) (22,22,0.0397887) (23,23,0.0795775) (24,24,0.0397887) (25,25,0.0397887) (26,26,0.0795775) 
v0:
size: 27 1
(0,0,-0.722741) (1,0,0.187023) (2,0,0) (3,0,-0.545416) (4,0,-0.435658) (5,0,0) (6,0,-0.964559) (7,0,0.539393) (8,0,0) (9,0,0.8668) (10,0,-0.349995) (11,0,0) (12,0,0.620025) (13,0,-0.0486872) (14,0,0) (15,0,0.848134) (16,0,-0.945697) (17,0,0) (18,0,0.795862) (19,0,0.630921) (20,0,0) (21,0,0.463732) (22,0,0.733408) (23,0,0) (24,0,-0.116999) (25,0,0.268199) (26,0,0) 
ipopt_sol:
size: 13 1
(0,0,15.8175) (1,0,1.16462e-07) (2,0,2.41094e-07) (3,0,4.28877e-07) (4,0,8.31866) (5,0,1.44289) (6,0,3.22839e-07) (7,0,4.82447e-07) (8,0,20.45) (9,0,17.8342) (10,0,13.2067) (11,0,3.26396e-07) (12,0,5.57534) 
policy_sol:
size: 13 1
(0,0,15.8175) (1,0,0) (2,0,0) (3,0,0) (4,0,10.7969) (5,0,7.18414) (6,0,-6.02827) (7,0,0) (8,0,18.4118) (9,0,19.3014) (10,0,13.2609) (11,0,-5.45277) (12,0,7.62202) 

policy_converges:
0
ipopt_converges:
1
