Git Revision:     18345a57b34405566a64d0bf3d2a118f1cdbade3
Build Mode:       Debug
C Compiler:       /usr/bin/cc
C++ Compiler:     /usr/bin/c++
Fortran Compiler: gfortran
Body count: 9
No end time specified. Simulation will run indefinitely.
N:
size: 27 17
(0,0,0.0742317) (1,0,-0.997241) (3,0,-0.0742317) (4,0,0.997241) (0,1,-0.996911) (1,1,0.078536) (9,1,0.996911) (10,1,-0.078536) (0,2,-0.687103) (1,2,-0.72656) (12,2,0.687103) (13,2,0.72656) (0,3,-0.908203) (1,3,-0.418531) (21,3,0.908203) (22,3,0.418531) (0,4,-0.703135) (1,4,-0.711057) (24,4,0.703135) (25,4,0.711057) (3,5,-0.739143) (4,5,0.673549) (9,5,0.739143) (10,5,-0.673549) (3,6,-0.999992) (4,6,-0.00409089) (21,6,0.999992) (22,6,0.00409089) (6,7,-0.888533) (7,7,0.458812) (21,7,0.888533) (22,7,-0.458812) (9,8,0.0776777) (10,8,-0.996979) (12,8,-0.0776777) (13,8,0.996979) (9,9,0.0125878) (10,9,-0.999921) (15,9,-0.0125878) (16,9,0.999921) (9,10,-0.410166) (10,10,-0.912011) (24,10,0.410166) (25,10,0.912011) (12,11,-0.0598556) (13,11,-0.998207) (15,11,0.0598556) (16,11,0.998207) (12,12,-0.997757) (13,12,0.0669369) (21,12,0.997757) (22,12,-0.0669369) (12,13,-0.718487) (13,13,-0.69554) (24,13,0.718487) (25,13,0.69554) (15,14,-0.695036) (16,14,0.718975) (21,14,0.695036) (22,14,-0.718975) (15,15,-0.999988) (16,15,-0.00486689) (24,15,0.999988) (25,15,0.00486689) (21,16,0.0555155) (22,16,-0.998458) (24,16,-0.0555155) (25,16,0.998458) 
Q:
size: 17 17
(0,0,0.0795775) (1,0,-0.00606069) (2,0,0.0267997) (3,0,0.0139244) (4,0,0.0261372) (5,0,0.0289088) (6,0,0.00279124) (0,1,-0.00606069) (1,1,0.0795775) (2,1,0.0249841) (3,1,0.0347168) (4,1,0.0256685) (5,1,0.0314234) (8,1,0.00619656) (9,1,0.00362391) (10,1,-0.0134197) (0,2,0.0267997) (1,2,0.0249841) (2,2,0.0795775) (3,2,0.0369286) (4,2,0.0397788) (8,2,0.0266979) (11,2,-0.0304935) (12,2,-0.0253426) (13,2,-0.03975) (0,3,0.0139244) (1,3,0.0347168) (2,3,0.0369286) (3,3,0.0795775) (4,3,0.0372497) (6,3,0.0362041) (7,3,0.0244677) (12,3,0.0349405) (14,3,0.0131431) (16,3,-0.014621) (0,4,0.0261372) (1,4,0.0256685) (2,4,0.0397788) (3,4,0.0372497) (4,4,0.0795775) (10,4,0.0372778) (13,4,0.0397793) (15,4,0.0281142) (16,4,0.0266953) (0,5,0.0289088) (1,5,0.0314234) (5,5,0.0795775) (6,5,0.0292997) (8,5,0.0290032) (9,5,0.0271677) (10,5,0.0123788) (0,6,0.00279124) (3,6,0.0362041) (5,6,0.0292997) (6,6,0.0795775) (7,6,0.0352786) (12,6,0.0396883) (14,6,0.0275374) (16,6,0.00204635) (3,7,0.0244677) (6,7,0.0352786) (7,7,0.0795775) (12,7,0.0364963) (14,7,0.0376973) (16,7,0.0201901) (1,8,0.00619656) (2,8,0.0266979) (5,8,0.0290032) (8,8,0.0795775) (9,8,0.0397043) (10,8,0.0349104) (11,8,-0.0394124) (12,8,0.00573906) (13,8,-0.0253704) (1,9,0.00362391) (5,9,0.0271677) (8,9,0.0397043) (9,9,0.0795775) (10,9,0.0360795) (11,9,0.0396843) (14,9,0.0289529) (15,9,0.000307214) (1,10,-0.0134197) (4,10,0.0372778) (5,10,0.0123788) (8,10,0.0349104) (9,10,0.0360795) (10,10,0.0795775) (13,10,0.0369653) (15,10,0.0164964) (16,10,0.0353258) (2,11,-0.0304935) (8,11,-0.0394124) (9,11,0.0396843) (11,11,0.0795775) (12,11,-0.000282325) (13,11,0.0293362) (14,11,0.0269005) (15,11,-0.00257485) (2,12,-0.0253426) (3,12,0.0349405) (6,12,0.0396883) (7,12,0.0364963) (8,12,0.00573906) (11,12,-0.000282325) (12,12,0.0795775) (13,12,0.0266711) (14,12,0.0295075) (16,12,0.00486317) (2,13,-0.03975) (4,13,0.0397793) (8,13,-0.0253704) (10,13,0.0369653) (11,13,0.0293362) (12,13,0.0266711) (13,13,0.0795775) (15,13,0.028722) (16,13,0.0260449) (3,14,0.0131431) (6,14,0.0275374) (7,14,0.0376973) (9,14,0.0289529) (11,14,0.0269005) (12,14,0.0295075) (14,14,0.0795775) (15,14,0.0275151) (16,14,0.0300982) (4,15,0.0281142) (9,15,0.000307214) (10,15,0.0164964) (11,15,-0.00257485) (13,15,0.028722) (14,15,0.0275151) (15,15,0.0795775) (16,15,-0.00201552) (3,16,-0.014621) (4,16,0.0266953) (6,16,0.00204635) (7,16,0.0201901) (10,16,0.0353258) (12,16,0.00486317) (13,16,0.0260449) (14,16,0.0300982) (15,16,-0.00201552) (16,16,0.0795775) 
Minv:
size: 27 27
(0,0,0.0397887) (1,1,0.0397887) (2,2,0.0795775) (3,3,0.0397887) (4,4,0.0397887) (5,5,0.0795775) (6,6,0.0397887) (7,7,0.0397887) (8,8,0.0795775) (9,9,0.0397887) (10,10,0.0397887) (11,11,0.0795775) (12,12,0.0397887) (13,13,0.0397887) (14,14,0.0795775) (15,15,0.0397887) (16,16,0.0397887) (17,17,0.0795775) (18,18,0.0397887) (19,19,0.0397887) (20,20,0.0795775) (21,21,0.0397887) (22,22,0.0397887) (23,23,0.0795775) (24,24,0.0397887) (25,25,0.0397887) (26,26,0.0795775) 
v0:
size: 27 1
(0,0,0.803607) (1,0,-0.675238) (2,0,0) (3,0,-0.649075) (4,0,-0.867156) (5,0,0) (6,0,-0.664025) (7,0,0.306309) (8,0,0) (9,0,-0.412388) (10,0,0.000106576) (11,0,0) (12,0,0.0222578) (13,0,0.0185468) (14,0,0) (15,0,0.831631) (16,0,-0.38067) (17,0,0) (18,0,0.854601) (19,0,-0.653397) (20,0,0) (21,0,-0.846514) (22,0,0.906981) (23,0,0) (24,0,-0.530789) (25,0,-0.0765652) (26,0,0) 
ipopt_sol:
size: 17 1
(0,0,4.54822) (1,0,32.1463) (2,0,1.31436e-07) (3,0,6.11773e-07) (4,0,1.02617e-07) (5,0,2.7127e-07) (6,0,7.75219e-08) (7,0,7.37978e-08) (8,0,4.08033e-07) (9,0,2.0198e-07) (10,0,1.39078e-06) (11,0,3.35322e-07) (12,0,8.55022) (13,0,4.55349e-07) (14,0,37.9469) (15,0,21.3563) (16,0,10.7875) 
policy_sol:
size: 17 1
(0,0,4.54822) (1,0,32.1463) (2,0,0) (3,0,0) (4,0,0) (5,0,0) (6,0,0) (7,0,0) (8,0,0) (9,0,0) (10,0,0) (11,0,0) (12,0,8.55022) (13,0,0) (14,0,37.9469) (15,0,21.3563) (16,0,10.7875) 

policy_converges:
1
ipopt_converges:
0
