Git Revision:     3cfe7dc3fe6810e9e399640d632720aa3564fe80
Build Mode:       Debug
C Compiler:       /usr/bin/cc
C++ Compiler:     /usr/bin/c++
Fortran Compiler: gfortran
Body count: 9
No end time specified. Simulation will run indefinitely.
N:
size: 27 17
(0,0,-0.737003) (1,0,-0.67589) (12,0,0.737003) (13,0,0.67589) (0,1,-0.475822) (1,1,-0.879542) (15,1,0.475822) (16,1,0.879542) (0,2,-0.999338) (1,2,0.0363939) (18,2,0.999338) (19,2,-0.0363939) (0,3,-0.900443) (1,3,-0.434974) (21,3,0.900443) (22,3,0.434974) (0,4,-0.732797) (1,4,-0.680447) (24,4,0.732797) (25,4,0.680447) (3,5,-0.727997) (4,5,-0.68558) (15,5,0.727997) (16,5,0.68558) (3,6,-0.894965) (4,6,0.446136) (18,6,0.894965) (19,6,-0.446136) (3,7,-0.999778) (4,7,-0.0210797) (21,7,0.999778) (22,7,0.0210797) (6,8,-0.998721) (7,8,0.0505646) (15,8,0.998721) (16,8,-0.0505646) (9,9,-0.997651) (10,9,0.0685004) (18,9,0.997651) (19,9,-0.0685004) (9,10,-0.723408) (10,10,-0.690421) (21,10,0.723408) (22,10,0.690421) (12,11,-0.0275108) (13,11,-0.999622) (15,11,0.0275108) (16,11,0.999622) (12,12,-0.72924) (13,12,0.684258) (18,12,0.72924) (19,12,-0.684258) (12,13,-0.99778) (13,13,-0.0666034) (21,13,0.99778) (22,13,0.0666034) (15,14,-0.462796) (16,14,0.886465) (18,14,0.462796) (19,14,-0.886465) (18,15,0.0138443) (19,15,-0.999904) (21,15,-0.0138443) (22,15,0.999904) (18,16,0.00775869) (19,16,-0.99997) (24,16,-0.00775869) (25,16,0.99997) 
Q:
size: 17 17
(0,0,0.0795775) (1,0,0.0376065) (2,0,0.0283263) (3,0,0.0381026) (4,0,0.039788) (11,0,-0.0276894) (12,0,-0.00298292) (13,0,-0.0310505) (0,1,0.0376065) (1,1,0.0795775) (2,1,0.0176462) (3,1,0.0322698) (4,1,0.0376864) (5,1,0.0377752) (8,1,0.0171386) (11,1,0.0355034) (14,1,0.0222608) (0,2,0.0283263) (1,2,0.0176462) (2,2,0.0795775) (3,2,0.0351739) (4,2,0.0281524) (6,2,0.036232) (9,2,0.0397682) (12,2,0.0299872) (14,2,0.0196855) (15,2,0.00199841) (16,2,0.00175653) (0,3,0.0381026) (1,3,0.0322698) (2,3,0.0351739) (3,3,0.0795775) (4,3,0.0380308) (7,3,0.0361844) (10,3,0.037867) (13,3,0.0369007) (15,3,0.0168094) (0,4,0.039788) (1,4,0.0376864) (2,4,0.0281524) (3,4,0.0380308) (4,4,0.0795775) (16,4,0.0268471) (1,5,0.0377752) (5,5,0.0795775) (6,5,0.0137538) (7,5,0.0295347) (8,5,0.0275497) (11,5,0.0280649) (14,5,0.0107759) (2,6,0.036232) (5,6,0.0137538) (6,6,0.0795775) (7,6,0.0352274) (9,6,0.0367418) (12,6,0.0381143) (14,6,0.0322157) (15,6,0.0182425) (16,6,0.0180269) (3,7,0.0361844) (5,7,0.0295347) (6,7,0.0352274) (7,7,0.0795775) (10,7,0.0293562) (13,7,0.0397474) (15,7,0.000287929) (1,8,0.0171386) (5,8,0.0275497) (8,8,0.0795775) (11,8,-0.000917918) (14,8,-0.020174) (2,9,0.0397682) (6,9,0.0367418) (9,9,0.0795775) (10,9,0.0268341) (12,9,0.0308124) (14,9,0.0207869) (15,9,0.00327484) (16,9,0.00303344) (3,10,0.037867) (7,10,0.0293562) (9,10,0.0268341) (10,10,0.0795775) (13,10,0.0305492) (15,10,0.0270699) (0,11,-0.0276894) (1,11,0.0355034) (5,11,0.0280649) (8,11,-0.000917918) (11,11,0.0795775) (12,11,-0.0264172) (13,11,0.00374125) (14,11,0.0347514) (0,12,-0.00298292) (2,12,0.0299872) (6,12,0.0381143) (9,12,0.0308124) (11,12,-0.0264172) (12,12,0.0795775) (13,12,0.0271378) (14,12,0.037563) (15,12,0.0276249) (16,12,0.0274501) (0,13,-0.0310505) (3,13,0.0369007) (7,13,0.0397474) (10,13,0.0305492) (11,13,0.00374125) (12,13,0.0271378) (13,13,0.0795775) (15,13,0.00210019) (1,14,0.0222608) (2,14,0.0196855) (5,14,0.0107759) (6,14,0.0322157) (8,14,-0.020174) (9,14,0.0207869) (11,14,0.0347514) (12,14,0.037563) (14,14,0.0795775) (15,14,0.0355229) (16,14,0.0354131) (2,15,0.00199841) (3,15,0.0168094) (6,15,0.0182425) (7,15,0.000287929) (9,15,0.00327484) (10,15,0.0270699) (12,15,0.0276249) (13,15,0.00210019) (14,15,0.0355229) (15,15,0.0795775) (16,15,0.039788) (2,16,0.00175653) (4,16,0.0268471) (6,16,0.0180269) (9,16,0.00303344) (12,16,0.0274501) (14,16,0.0354131) (15,16,0.039788) (16,16,0.0795775) 
Minv:
size: 27 27
(0,0,0.0397887) (1,1,0.0397887) (2,2,0.0795775) (3,3,0.0397887) (4,4,0.0397887) (5,5,0.0795775) (6,6,0.0397887) (7,7,0.0397887) (8,8,0.0795775) (9,9,0.0397887) (10,10,0.0397887) (11,11,0.0795775) (12,12,0.0397887) (13,13,0.0397887) (14,14,0.0795775) (15,15,0.0397887) (16,16,0.0397887) (17,17,0.0795775) (18,18,0.0397887) (19,19,0.0397887) (20,20,0.0795775) (21,21,0.0397887) (22,22,0.0397887) (23,23,0.0795775) (24,24,0.0397887) (25,25,0.0397887) (26,26,0.0795775) 
v0:
size: 27 1
(0,0,0.298842) (1,0,-0.111302) (2,0,0) (3,0,-0.12716) (4,0,0.205032) (5,0,0) (6,0,0.162061) (7,0,0.654974) (8,0,0) (9,0,0.960066) (10,0,-0.782462) (11,0,0) (12,0,-0.0465932) (13,0,-0.0700067) (14,0,0) (15,0,-0.931371) (16,0,-0.744954) (17,0,0) (18,0,-0.601527) (19,0,-0.391705) (20,0,0) (21,0,-0.334043) (22,0,-0.744153) (23,0,0) (24,0,0.399678) (25,0,-0.436162) (26,0,0) 
ipopt_sol:
size: 17 1
(0,0,5.84337e-07) (1,0,3.51265) (2,0,1.58136e-07) (3,0,19.1243) (4,0,1.50786e-07) (5,0,19.8976) (6,0,5.1623e-08) (7,0,9.99419e-08) (8,0,18.1277) (9,0,39.6928) (10,0,1.56302e-06) (11,0,9.19318) (12,0,1.19585e-07) (13,0,1.08733e-06) (14,0,9.48675e-08) (15,0,3.27706) (16,0,6.1122e-07) 
policy_sol:
size: 17 1
(0,0,0) (1,0,3.51265) (2,0,0) (3,0,19.1243) (4,0,0) (5,0,19.8976) (6,0,0) (7,0,0) (8,0,18.1277) (9,0,39.6928) (10,0,0) (11,0,9.19318) (12,0,0) (13,0,0) (14,0,0) (15,0,3.27706) (16,0,0) 

policy_converges:
1
