Git Revision:     3cfe7dc3fe6810e9e399640d632720aa3564fe80
Build Mode:       Debug
C Compiler:       /usr/bin/cc
C++ Compiler:     /usr/bin/c++
Fortran Compiler: gfortran
Body count: 9
No end time specified. Simulation will run indefinitely.
N:
size: 27 20
(0,0,0.0688554) (1,0,-0.997627) (3,0,-0.0688554) (4,0,0.997627) (0,1,0.0415031) (1,1,-0.999138) (6,1,-0.0415031) (7,1,0.999138) (0,2,-0.99998) (1,2,0.0062518) (9,2,0.99998) (10,2,-0.0062518) (0,3,-0.709966) (1,3,-0.704236) (12,3,0.709966) (13,3,0.704236) (0,4,-0.44378) (1,4,-0.896136) (15,4,0.44378) (16,4,0.896136) (0,5,-1) (1,5,0.000714606) (18,5,1) (19,5,-0.000714606) (0,6,-0.699985) (1,6,-0.714157) (24,6,0.699985) (25,6,0.714157) (3,7,0.0132036) (4,7,-0.999913) (6,7,-0.0132036) (7,7,0.999913) (3,8,-0.999631) (4,8,0.0271498) (12,8,0.999631) (13,8,-0.0271498) (3,9,-0.730373) (4,9,-0.683048) (15,9,0.730373) (16,9,0.683048) (3,10,-0.894029) (4,10,0.448008) (18,10,0.894029) (19,10,-0.448008) (6,11,-0.728367) (7,11,0.685187) (12,11,0.728367) (13,11,-0.685187) (6,12,-0.999925) (7,12,-0.012221) (15,12,0.999925) (16,12,0.012221) (6,13,-0.714152) (7,13,0.699991) (18,13,0.714152) (19,13,-0.699991) (9,14,-0.0546679) (10,14,-0.998505) (12,14,0.0546679) (13,14,0.998505) (9,15,-0.99999) (10,15,-0.00439522) (18,15,0.99999) (19,15,0.00439522) (12,16,-0.698586) (13,16,0.715526) (18,16,0.698586) (19,16,-0.715526) (15,17,-0.43085) (16,17,0.902423) (18,17,0.43085) (19,17,-0.902423) (18,18,0.00898806) (19,18,-0.99996) (21,18,-0.00898806) (22,18,0.99996) (18,19,-0.0275569) (19,19,-0.99962) (24,19,0.0275569) (25,19,0.99962) 
Q:
size: 20 20
(0,0,0.0795775) (1,0,0.0397738) (2,0,-0.00298778) (3,0,0.0260091) (4,0,0.0343557) (5,0,-0.00276803) (6,0,0.0264302) (7,0,-0.039727) (8,0,0.00381635) (9,0,-0.0251121) (10,0,0.0202327) (0,1,0.0397738) (1,1,0.0795775) (2,1,-0.00189986) (3,1,0.0268241) (4,1,0.0348926) (5,1,-0.00167976) (6,1,0.027235) (7,1,0.0397728) (11,1,0.028442) (12,1,0.00116539) (13,1,0.0290071) (0,2,-0.00298778) (1,2,-0.00189986) (2,2,0.0795775) (3,2,0.0280729) (4,2,0.0174342) (5,2,0.0397881) (6,2,0.0276733) (14,2,-0.00192674) (15,2,-0.0397865) (0,3,0.0260091) (1,3,0.0268241) (2,3,0.0280729) (3,3,0.0795775) (4,3,0.0376465) (5,3,0.0282286) (6,3,0.0397848) (8,3,0.0274775) (11,3,0.00137597) (14,3,0.0295231) (16,3,0.00031543) (0,4,0.0343557) (1,4,0.0348926) (2,4,0.0174342) (3,4,0.0376465) (4,4,0.0795775) (5,4,0.017632) (6,4,0.037824) (9,4,0.0372514) (12,4,0.0180919) (17,4,0.0245692) (0,5,-0.00276803) (1,5,-0.00167976) (2,5,0.0397881) (3,5,0.0282286) (4,5,0.017632) (5,5,0.0795775) (6,5,0.0278312) (10,5,0.035585) (13,5,0.0284351) (15,5,0.0397882) (16,5,0.0278162) (17,5,0.0171686) (18,5,0.000386055) (19,5,-0.00106803) (0,6,0.0264302) (1,6,0.027235) (2,6,0.0276733) (3,6,0.0397848) (4,6,0.037824) (5,6,0.0278312) (6,6,0.0795775) (19,6,0.0291721) (0,7,-0.039727) (1,7,0.0397728) (7,7,0.0795775) (8,7,-0.00160533) (9,7,0.0267916) (10,7,-0.0182938) (11,7,0.027643) (12,7,3.91016e-05) (13,7,0.0282245) (0,8,0.00381635) (3,8,0.0274775) (7,8,-0.00160533) (8,8,0.0795775) (9,8,0.028312) (10,8,0.0360432) (11,8,0.0297103) (14,8,0.00109572) (16,8,-0.0285585) (0,9,-0.0251121) (4,9,0.0372514) (7,9,0.0267916) (8,9,0.028312) (9,9,0.0795775) (10,9,0.0138053) (12,9,0.0293906) (17,9,0.012005) (0,10,0.0202327) (5,10,0.035585) (7,10,-0.0182938) (8,10,0.0360432) (9,10,0.0138053) (10,10,0.0795775) (13,10,0.0378818) (15,10,0.0354936) (16,10,0.037605) (17,10,0.0314126) (18,10,0.0181447) (19,10,0.0168386) (1,11,0.028442) (3,11,0.00137597) (7,11,0.027643) (8,11,0.0297103) (11,11,0.0795775) (12,11,0.0286455) (13,11,0.0397804) (14,11,-0.0256377) (16,11,-0.0397528) (1,12,0.00116539) (4,12,0.0180919) (7,12,3.91016e-05) (9,12,0.0293906) (11,12,0.0286455) (12,12,0.0795775) (13,12,0.0280727) (17,12,-0.0167029) (1,13,0.0290071) (5,13,0.0284351) (7,13,0.0282245) (10,13,0.0378818) (11,13,0.0397804) (12,13,0.0280727) (13,13,0.0795775) (15,13,0.0282925) (16,13,0.0397791) (17,13,0.0373768) (18,13,0.028106) (19,13,0.0270581) (2,14,-0.00192674) (3,14,0.0295231) (8,14,0.00109572) (11,14,-0.0256377) (14,14,0.0795775) (15,14,0.00234976) (16,14,0.0269078) (2,15,-0.0397865) (5,15,0.0397882) (10,15,0.0354936) (13,15,0.0282925) (14,15,0.00234976) (15,15,0.0795775) (16,15,0.0276704) (17,15,0.016985) (18,15,0.000182747) (19,15,-0.00127126) (3,16,0.00031543) (5,16,0.0278162) (8,16,-0.0285585) (10,16,0.037605) (11,16,-0.0397528) (13,16,0.0397791) (14,16,0.0269078) (15,16,0.0276704) (16,16,0.0795775) (17,16,0.0376677) (18,16,0.0287186) (19,16,0.0276931) (4,17,0.0245692) (5,17,0.0171686) (9,17,0.012005) (10,17,0.0314126) (12,17,-0.0167029) (13,17,0.0373768) (15,17,0.016985) (16,17,0.0376677) (17,17,0.0795775) (18,17,0.0360589) (19,17,0.0354202) (5,18,0.000386055) (10,18,0.0181447) (13,18,0.028106) (15,18,0.000182747) (16,18,0.0287186) (17,18,0.0360589) (18,18,0.0795775) (19,18,0.0397622) (5,19,-0.00106803) (6,19,0.0291721) (10,19,0.0168386) (13,19,0.0270581) (15,19,-0.00127126) (16,19,0.0276931) (17,19,0.0354202) (18,19,0.0397622) (19,19,0.0795775) 
Minv:
size: 27 27
(0,0,0.0397887) (1,1,0.0397887) (2,2,0.0795775) (3,3,0.0397887) (4,4,0.0397887) (5,5,0.0795775) (6,6,0.0397887) (7,7,0.0397887) (8,8,0.0795775) (9,9,0.0397887) (10,10,0.0397887) (11,11,0.0795775) (12,12,0.0397887) (13,13,0.0397887) (14,14,0.0795775) (15,15,0.0397887) (16,16,0.0397887) (17,17,0.0795775) (18,18,0.0397887) (19,19,0.0397887) (20,20,0.0795775) (21,21,0.0397887) (22,22,0.0397887) (23,23,0.0795775) (24,24,0.0397887) (25,25,0.0397887) (26,26,0.0795775) 
v0:
size: 27 1
(0,0,0.516073) (1,0,0.640275) (2,0,0) (3,0,-0.156149) (4,0,-0.0901421) (5,0,0) (6,0,-0.224069) (7,0,-0.143414) (8,0,0) (9,0,0.113236) (10,0,-0.405927) (11,0,0) (12,0,-0.616571) (13,0,-0.495991) (14,0,0) (15,0,-0.49297) (16,0,-0.174973) (17,0,0) (18,0,-0.678441) (19,0,0.982353) (20,0,0) (21,0,0.917747) (22,0,-0.020642) (23,0,0) (24,0,0.23032) (25,0,0.85544) (26,0,0) 
ipopt_sol:
size: 20 1
(0,0,3.56688) (1,0,0.451153) (2,0,8.13837e-06) (3,0,34.6557) (4,0,5.89331) (5,0,3.28997) (6,0,4.32543e-08) (7,0,2.22002) (8,0,0.968888) (9,0,0.497402) (10,0,3.2261) (11,0,0.962658) (12,0,6.17811) (13,0,2.55912) (14,0,7.69505e-08) (15,0,9.83478) (16,0,10.5011) (17,0,10.4398) (18,0,15.3693) (19,0,6.73292e-08) 
policy_sol:
size: 20 1
(0,0,2.7421) (1,0,1.25714) (2,0,0) (3,0,31.0551) (4,0,8.74339) (5,0,4.55808) (6,0,0) (7,0,0) (8,0,6.19847) (9,0,-0.519598) (10,0,-1.75963) (11,0,0) (12,0,4.77642) (13,0,5.49773) (14,0,0) (15,0,9.83477) (16,0,13.3214) (17,0,8.39833) (18,0,15.3693) (19,0,0) 

policy_converges:
0
