Git Revision:     3cfe7dc3fe6810e9e399640d632720aa3564fe80
Build Mode:       Debug
C Compiler:       /usr/bin/cc
C++ Compiler:     /usr/bin/c++
Fortran Compiler: gfortran
Body count: 9
No end time specified. Simulation will run indefinitely.
N:
size: 27 13
(0,0,0.0400021) (1,0,-0.9992) (3,0,-0.0400021) (4,0,0.9992) (3,1,-0.715206) (4,1,0.698914) (9,1,0.715206) (10,1,-0.698914) (3,2,-0.999997) (4,2,0.00226133) (12,2,0.999997) (13,2,-0.00226133) (3,3,-0.887656) (4,3,0.460507) (18,3,0.887656) (19,3,-0.460507) (6,4,-0.436134) (7,4,0.899882) (9,4,0.436134) (10,4,-0.899882) (6,5,-0.683853) (7,5,0.729619) (12,5,0.683853) (13,5,-0.729619) (9,6,0.01722) (10,6,-0.999852) (12,6,-0.01722) (13,6,0.999852) (9,7,-0.029865) (10,7,-0.999554) (15,7,0.029865) (16,7,0.999554) (9,8,-0.448544) (10,8,-0.893761) (24,8,0.448544) (25,8,0.893761) (12,9,-0.0774978) (13,9,-0.996993) (15,9,0.0774978) (16,9,0.996993) (15,10,-0.410228) (16,10,0.911983) (18,10,0.410228) (19,10,-0.911983) (15,11,-0.686804) (16,11,0.726843) (21,11,0.686804) (22,11,-0.726843) (21,12,-0.0396549) (22,12,-0.999213) (24,12,0.0396549) (25,12,0.999213) 
Q:
size: 13 13
(0,0,0.0795775) (1,0,0.028925) (2,0,0.00168153) (3,0,0.0197212) (0,1,0.028925) (1,1,0.0795775) (2,1,0.0285199) (3,1,0.0380663) (4,1,0.0374358) (6,1,0.0282948) (7,1,0.0269466) (8,1,0.0120902) (0,2,0.00168153) (1,2,0.0285199) (2,2,0.0795775) (3,2,0.03536) (5,2,0.0272752) (6,2,-0.000775121) (9,2,-0.00299383) (0,3,0.0197212) (1,3,0.0380663) (2,3,0.03536) (3,3,0.0795775) (10,3,0.031199) (1,4,0.0374358) (4,4,0.0795775) (5,4,0.0379912) (6,4,0.0360987) (7,4,0.0352709) (8,4,0.0242176) (2,5,0.0272752) (4,5,0.0379912) (5,5,0.0795775) (6,5,-0.0294949) (9,5,0.0268346) (1,6,0.0282948) (2,6,-0.000775121) (4,6,0.0360987) (5,6,-0.0294949) (6,6,0.0795775) (7,6,0.0397446) (8,6,0.035249) (9,6,-0.0396101) (1,7,0.0269466) (4,7,0.0352709) (6,7,0.0397446) (7,7,0.0795775) (8,7,0.0360787) (9,7,0.0397435) (10,7,0.035783) (11,7,0.0280911) (1,8,0.0120902) (4,8,0.0242176) (6,8,0.035249) (7,8,0.0360787) (8,8,0.0795775) (12,8,0.0362414) (2,9,-0.00299383) (5,9,0.0268346) (6,9,-0.0396101) (7,9,0.0397435) (9,9,0.0795775) (10,9,0.0349126) (11,9,0.0267154) (3,10,0.031199) (7,10,0.035783) (9,10,0.0349126) (10,10,0.0795775) (11,10,0.037585) (7,11,0.0280911) (9,11,0.0267154) (10,11,0.037585) (11,11,0.0795775) (12,11,0.0278138) (8,12,0.0362414) (11,12,0.0278138) (12,12,0.0795775) 
Minv:
size: 27 27
(0,0,0.0397887) (1,1,0.0397887) (2,2,0.0795775) (3,3,0.0397887) (4,4,0.0397887) (5,5,0.0795775) (6,6,0.0397887) (7,7,0.0397887) (8,8,0.0795775) (9,9,0.0397887) (10,10,0.0397887) (11,11,0.0795775) (12,12,0.0397887) (13,13,0.0397887) (14,14,0.0795775) (15,15,0.0397887) (16,16,0.0397887) (17,17,0.0795775) (18,18,0.0397887) (19,19,0.0397887) (20,20,0.0795775) (21,21,0.0397887) (22,22,0.0397887) (23,23,0.0795775) (24,24,0.0397887) (25,25,0.0397887) (26,26,0.0795775) 
v0:
size: 27 1
(0,0,-0.962551) (1,0,-0.688903) (2,0,0) (3,0,0.157619) (4,0,-0.944117) (5,0,0) (6,0,-0.940045) (7,0,-0.593011) (8,0,0) (9,0,-0.123887) (10,0,0.698471) (11,0,0) (12,0,-0.818236) (13,0,0.340538) (14,0,0) (15,0,-0.00696707) (16,0,-0.587022) (17,0,0) (18,0,0.0952329) (19,0,-0.203594) (20,0,0) (21,0,0.696625) (22,0,0.311831) (23,0,0) (24,0,0.445151) (25,0,0.0988814) (26,0,0) 
ipopt_sol:
size: 13 1
(0,0,1.53745e-06) (1,0,21.8985) (2,0,14.9165) (3,0,1.49983e-07) (4,0,6.05052e-07) (5,0,6.47127) (6,0,8.65577e-07) (7,0,19.6937) (8,0,1.37372e-07) (9,0,10.2052) (10,0,1.94075e-07) (11,0,1.31742e-07) (12,0,5.59842) 
policy_sol:
size: 13 1
(0,0,0) (1,0,21.8985) (2,0,14.9165) (3,0,0) (4,0,0) (5,0,6.47127) (6,0,0) (7,0,19.6937) (8,0,0) (9,0,10.2052) (10,0,0) (11,0,0) (12,0,5.59842) 

policy_converges:
1
