Git Revision:     18345a57b34405566a64d0bf3d2a118f1cdbade3
Build Mode:       Debug
C Compiler:       /usr/bin/cc
C++ Compiler:     /usr/bin/c++
Fortran Compiler: gfortran
Body count: 9
No end time specified. Simulation will run indefinitely.
N:
size: 27 22
(0,0,0.0270198) (1,0,-0.999635) (6,0,-0.0270198) (7,0,0.999635) (0,1,-0.684555) (1,1,-0.728961) (12,1,0.684555) (13,1,0.728961) (0,2,-0.429499) (1,2,-0.903067) (15,2,0.429499) (16,2,0.903067) (0,3,-0.698315) (1,3,-0.715791) (24,3,0.698315) (25,3,0.715791) (3,4,7.74684e-05) (4,4,-1) (6,4,-7.74684e-05) (7,4,1) (3,5,-0.903023) (4,5,-0.429592) (24,5,0.903023) (25,5,0.429592) (6,6,-0.712638) (7,6,0.701532) (18,6,0.712638) (19,6,-0.701532) (6,7,-0.90519) (7,7,0.425008) (21,7,0.90519) (22,7,-0.425008) (6,8,-0.999984) (7,8,0.00564513) (24,8,0.999984) (25,8,-0.00564513) (9,9,-0.999939) (10,9,0.0110859) (18,9,0.999939) (19,9,-0.0110859) (9,10,-0.726219) (10,10,-0.687463) (21,10,0.726219) (22,10,0.687463) (9,11,-0.469182) (10,11,-0.883102) (24,11,0.469182) (25,11,0.883102) (12,12,0.000329684) (13,12,-1) (15,12,-0.000329684) (16,12,1) (12,13,-0.709023) (13,13,0.705185) (18,13,0.709023) (19,13,-0.705185) (12,14,-0.999449) (13,14,-0.0332003) (21,14,0.999449) (22,14,0.0332003) (12,15,-0.711926) (13,15,-0.702254) (24,15,0.711926) (25,15,0.702254) (15,16,-0.447513) (16,16,0.894277) (18,16,0.447513) (19,16,-0.894277) (15,17,-0.727305) (16,17,0.686315) (21,17,0.727305) (22,17,-0.686315) (15,18,-0.999828) (16,18,0.0185648) (24,18,0.999828) (25,18,-0.0185648) (18,19,-0.0270863) (19,19,-0.999633) (21,19,0.0270863) (22,19,0.999633) (18,20,0.000294209) (19,20,-1) (24,20,-0.000294209) (25,20,1) (21,21,0.0298885) (22,21,-0.999553) (24,21,-0.0298885) (25,21,0.999553) 
Q:
size: 22 22
(0,0,0.0795775) (1,0,0.0282579) (2,0,0.035457) (3,0,0.0277193) (4,0,0.0397743) (6,0,0.028669) (7,0,0.0178775) (8,0,0.0012996) (0,1,0.0282579) (1,1,0.0795775) (2,1,0.0378915) (3,1,0.0397815) (12,1,-0.0289955) (13,1,0.00114143) (14,1,-0.0281855) (15,1,-0.0397596) (0,2,0.035457) (1,2,0.0378915) (2,2,0.0795775) (3,2,0.0376534) (12,2,0.0359263) (16,2,0.0244855) (17,2,0.0122315) (18,2,-0.0164192) (0,3,0.0277193) (1,3,0.0397815) (2,3,0.0376534) (3,3,0.0795775) (5,3,0.0373255) (8,3,0.0276238) (11,3,0.0381873) (15,3,0.0397814) (18,3,0.0272515) (20,3,0.0284722) (21,3,0.0276372) (0,4,0.0397743) (4,4,0.0795775) (5,4,0.0170901) (6,4,0.0279153) (7,4,0.0169133) (8,4,0.000227695) (3,5,0.0373255) (4,5,0.0170901) (5,5,0.0795775) (8,5,0.0358331) (11,5,0.0319526) (15,5,0.0375832) (18,5,0.0356066) (20,5,0.0170824) (21,5,0.0160114) (0,6,0.028669) (4,6,0.0279153) (6,6,0.0795775) (7,6,0.0375299) (8,6,0.0285121) (9,6,0.0286627) (13,6,0.0397882) (16,6,0.0376512) (19,6,0.0271348) (20,6,0.0279214) (0,7,0.0178775) (4,7,0.0169133) (6,7,0.0375299) (7,7,0.0795775) (8,7,0.0361112) (10,7,0.0145304) (14,7,0.0354351) (17,7,0.0378008) (19,7,-0.0159288) (21,7,0.0179795) (0,8,0.0012996) (3,8,0.0276238) (4,8,0.000227695) (5,8,0.0358331) (6,8,0.0285121) (7,8,0.0361112) (8,8,0.0795775) (11,8,0.0184695) (15,8,0.0281685) (18,8,0.0397854) (20,8,-0.000236319) (21,8,-0.00141372) (6,9,0.0286627) (9,9,0.0795775) (10,9,0.0285903) (11,9,0.0182775) (13,9,0.0285205) (16,9,0.0181993) (19,9,-0.000636732) (20,9,0.0004528) (7,10,0.0145304) (9,10,0.0285903) (10,10,0.0795775) (11,10,0.0377129) (14,10,0.0297876) (17,10,0.00224275) (19,10,0.0281259) (21,10,-0.0264774) (3,11,0.0381873) (5,11,0.0319526) (8,11,0.0184695) (9,11,0.0182775) (10,11,0.0377129) (11,11,0.0795775) (15,11,0.0379658) (18,11,0.0180126) (20,11,0.035132) (21,11,0.0345638) (1,12,-0.0289955) (2,12,0.0359263) (12,12,0.0795775) (13,12,-0.0280677) (14,12,0.00130789) (15,12,0.0279325) (16,12,0.035588) (17,12,0.0273171) (18,12,0.000751785) (1,13,0.00114143) (6,13,0.0397882) (9,13,0.0285205) (12,13,-0.0280677) (13,13,0.0795775) (14,13,0.027264) (15,13,0.000380103) (16,13,0.0377169) (19,13,0.027284) (20,13,0.0280667) (1,14,-0.0281855) (7,14,0.0354351) (10,14,0.0297876) (12,14,0.00130789) (13,14,0.027264) (14,14,0.0795775) (15,14,0.0292387) (17,14,0.028016) (19,14,0.00239765) (21,14,-0.000131836) (1,15,-0.0397596) (3,15,0.0397814) (5,15,0.0375832) (8,15,0.0281685) (11,15,0.0379658) (12,15,0.0279325) (13,15,0.000380103) (14,15,0.0292387) (15,15,0.0795775) (18,15,0.027803) (20,15,0.0279335) (21,15,0.0270827) (2,16,0.0244855) (6,16,0.0376512) (9,16,0.0181993) (12,16,0.035588) (13,16,0.0377169) (16,16,0.0795775) (17,16,0.0373709) (18,16,0.0184635) (19,16,0.0350868) (20,16,0.0355874) (2,17,0.0122315) (7,17,0.0378008) (10,17,0.00224275) (12,17,0.0273171) (14,17,0.028016) (16,17,0.0373709) (17,17,0.0795775) (18,17,0.0294405) (19,17,-0.0265137) (21,17,0.0281603) (2,18,-0.0164192) (3,18,0.0272515) (5,18,0.0356066) (8,18,0.0397854) (11,18,0.0180126) (12,18,0.000751785) (15,18,0.027803) (16,18,0.0184635) (17,18,0.0294405) (18,18,0.0795775) (20,18,-0.000750374) (21,18,-0.00192736) (6,19,0.0271348) (7,19,-0.0159288) (9,19,-0.000636732) (10,19,0.0281259) (13,19,0.027284) (14,19,0.00239765) (16,19,0.0350868) (17,19,-0.0265137) (19,19,0.0795775) (20,19,0.0397738) (21,19,-0.0397242) (3,20,0.0284722) (5,20,0.0170824) (6,20,0.0279214) (8,20,-0.000236319) (9,20,0.0004528) (11,20,0.035132) (13,20,0.0280667) (15,20,0.0279335) (16,20,0.0355874) (18,20,-0.000750374) (19,20,0.0397738) (20,20,0.0795775) (21,20,0.0397713) (3,21,0.0276372) (5,21,0.0160114) (7,21,0.0179795) (8,21,-0.00141372) (10,21,-0.0264774) (11,21,0.0345638) (14,21,-0.000131836) (15,21,0.0270827) (17,21,0.0281603) (18,21,-0.00192736) (19,21,-0.0397242) (20,21,0.0397713) (21,21,0.0795775) 
Minv:
size: 27 27
(0,0,0.0397887) (1,1,0.0397887) (2,2,0.0795775) (3,3,0.0397887) (4,4,0.0397887) (5,5,0.0795775) (6,6,0.0397887) (7,7,0.0397887) (8,8,0.0795775) (9,9,0.0397887) (10,10,0.0397887) (11,11,0.0795775) (12,12,0.0397887) (13,13,0.0397887) (14,14,0.0795775) (15,15,0.0397887) (16,16,0.0397887) (17,17,0.0795775) (18,18,0.0397887) (19,19,0.0397887) (20,20,0.0795775) (21,21,0.0397887) (22,22,0.0397887) (23,23,0.0795775) (24,24,0.0397887) (25,25,0.0397887) (26,26,0.0795775) 
v0:
size: 27 1
(0,0,-0.248646) (1,0,0.254881) (2,0,0) (3,0,-0.992997) (4,0,0.489833) (5,0,0) (6,0,-0.684899) (7,0,-0.619184) (8,0,0) (9,0,0.902649) (10,0,-0.574123) (11,0,0) (12,0,-0.0840971) (13,0,-0.0522274) (14,0,0) (15,0,-0.15214) (16,0,-0.239114) (17,0,0) (18,0,-0.0815635) (19,0,0.937699) (20,0,0) (21,0,-0.476615) (22,0,0.806486) (23,0,0) (24,0,-0.706399) (25,0,-0.231842) (26,0,0) 
ipopt_sol:
size: 22 1
(0,0,5.60751) (1,0,6.71888e-07) (2,0,7.91164) (3,0,2.40298e-07) (4,0,25.0705) (5,0,6.1443e-08) (6,0,8.62096e-08) (7,0,1.57208e-07) (8,0,2.36641e-07) (9,0,25.3568) (10,0,1.50067e-07) (11,0,8.73077e-08) (12,0,2.9635e-07) (13,0,7.77334e-07) (14,0,3.63534) (15,0,4.41461e-07) (16,0,4.12999e-07) (17,0,13.653) (18,0,11.3336) (19,0,25.1339) (20,0,7.27661e-06) (21,0,33.9074) 
policy_sol:
size: 22 1
(0,0,5.60751) (1,0,0) (2,0,7.91164) (3,0,0) (4,0,25.0705) (5,0,0) (6,0,0) (7,0,0) (8,0,0) (9,0,25.3568) (10,0,0) (11,0,0) (12,0,0) (13,0,0) (14,0,3.63534) (15,0,0) (16,0,0) (17,0,13.653) (18,0,11.3336) (19,0,25.1339) (20,0,0) (21,0,33.9074) 

policy_converges:
1
ipopt_converges:
0
