Git Revision:     18345a57b34405566a64d0bf3d2a118f1cdbade3
Build Mode:       Debug
C Compiler:       /usr/bin/cc
C++ Compiler:     /usr/bin/c++
Fortran Compiler: gfortran
Body count: 9
No end time specified. Simulation will run indefinitely.
N:
size: 27 22
(0,0,-0.0359025) (1,0,-0.999355) (3,0,0.0359025) (4,0,0.999355) (0,1,-0.00922655) (1,1,-0.999957) (6,1,0.00922655) (7,1,0.999957) (0,2,-0.999793) (1,2,-0.0203478) (9,2,0.999793) (10,2,0.0203478) (0,3,-0.452802) (1,3,-0.891611) (15,3,0.452802) (16,3,0.891611) (0,4,-0.884599) (1,4,-0.466352) (21,4,0.884599) (22,4,0.466352) (0,5,-0.720457) (1,5,-0.6935) (24,5,0.720457) (25,5,0.6935) (3,6,-0.69851) (4,6,0.7156) (9,6,0.69851) (10,6,-0.7156) (3,7,-0.708405) (4,7,-0.705806) (15,7,0.708405) (16,7,0.705806) (3,8,-0.895429) (4,8,0.445205) (18,8,0.895429) (19,8,-0.445205) (3,9,-0.999978) (4,9,-0.00661114) (21,9,0.999978) (22,9,0.00661114) (3,10,-0.908796) (4,10,-0.417242) (24,10,0.908796) (25,10,0.417242) (6,11,-0.464663) (7,11,0.885488) (9,11,0.464663) (10,11,-0.885488) (9,12,-0.0288922) (10,12,-0.999583) (12,12,0.0288922) (13,12,0.999583) (9,13,0.000584946) (10,13,-1) (15,13,-0.000584946) (16,13,1) (9,14,-0.459036) (10,14,-0.888418) (24,14,0.459036) (25,14,0.888418) (12,15,0.0312975) (13,15,-0.99951) (15,15,-0.0312975) (16,15,0.99951) (12,16,-0.69361) (13,16,0.720351) (18,16,0.69361) (19,16,-0.720351) (12,17,-0.999973) (13,17,-0.00734619) (21,17,0.999973) (22,17,0.00734619) (12,18,-0.729472) (13,18,-0.684011) (24,18,0.729472) (25,18,0.684011) (15,19,-0.703301) (16,19,0.710892) (21,19,0.703301) (22,19,-0.710892) (18,20,-0.00946529) (19,20,-0.999955) (24,20,0.00946529) (25,20,0.999955) (21,21,-0.0379728) (22,21,-0.999279) (24,21,0.0379728) (25,21,0.999279) 
Q:
size: 22 22
(0,0,0.0795775) (1,0,0.0397746) (2,0,0.00223731) (3,0,0.0361) (4,0,0.0198073) (5,0,0.0286049) (6,0,0.0274566) (7,0,-0.029077) (8,0,0.0164236) (9,0,-0.00169136) (10,0,-0.017889) (0,1,0.0397746) (1,1,0.0795775) (2,1,0.00117662) (3,1,0.0356408) (4,1,0.0188795) (5,1,0.0278568) (11,1,0.0350604) (0,2,0.00223731) (1,2,0.00117662) (2,2,0.0795775) (3,2,0.0187346) (4,2,0.0355674) (5,2,0.0292216) (6,2,0.0272077) (11,2,0.0177676) (12,2,-0.00195862) (13,2,-0.000786345) (14,2,-0.0189799) (0,3,0.0361) (1,3,0.0356408) (2,3,0.0187346) (3,3,0.0795775) (4,3,0.0324817) (5,3,0.0375827) (7,3,0.0378022) (13,3,0.0354655) (15,3,0.0348948) (19,3,0.0125487) (0,4,0.0198073) (1,4,0.0188795) (2,4,0.0355674) (3,4,0.0324817) (4,4,0.0795775) (5,4,0.0382263) (9,4,0.035319) (17,4,0.0353324) (19,4,0.0115631) (21,4,-0.0198787) (0,5,0.0286049) (1,5,0.0278568) (2,5,0.0292216) (3,5,0.0375827) (4,5,0.0382263) (5,5,0.0795775) (10,5,0.0375647) (14,5,0.0376733) (18,5,0.0397853) (20,5,0.0278636) (21,5,0.0286621) (0,6,0.0274566) (2,6,0.0272077) (6,6,0.0795775) (7,6,-0.000407685) (8,6,0.0375628) (9,6,0.027604) (10,6,0.013378) (11,6,0.0381266) (12,6,0.0276579) (13,6,0.0284891) (14,6,0.0125378) (0,7,-0.029077) (3,7,0.0378022) (6,7,-0.000407685) (7,7,0.0795775) (8,7,0.0127363) (9,7,0.0283716) (10,7,0.0373333) (13,7,0.0280666) (15,7,0.0271872) (19,7,0.000140453) (0,8,0.0164236) (6,8,0.0375628) (7,8,0.0127363) (8,8,0.0795775) (9,8,0.0355101) (10,8,0.0249875) (16,8,0.0374723) (20,8,0.0173761) (0,9,-0.00169136) (4,9,0.035319) (6,9,0.027604) (7,9,0.0283716) (8,9,0.0355101) (9,9,0.0795775) (10,9,0.0362688) (17,9,0.0397887) (19,9,0.0277958) (21,9,-0.00177372) (0,10,-0.017889) (5,10,0.0375647) (6,10,0.013378) (7,10,0.0373333) (8,10,0.0249875) (9,10,0.0362688) (10,10,0.0795775) (14,10,0.0313477) (18,10,0.0377332) (20,10,0.016943) (21,10,0.0179626) (1,11,0.0350604) (2,11,0.0177676) (6,11,0.0381266) (11,11,0.0795775) (12,11,0.0346836) (13,11,0.0352432) (14,11,0.0228143) (2,12,-0.00195862) (6,12,0.0276579) (11,12,0.0346836) (12,12,0.0795775) (13,12,0.0397714) (14,12,0.035862) (15,12,-0.0397167) (16,12,0.0278525) (17,12,-0.00144173) (18,12,-0.0280432) (2,13,-0.000786345) (3,13,0.0354655) (6,13,0.0284891) (7,13,0.0280666) (11,13,0.0352432) (12,13,0.0397714) (13,13,0.0795775) (14,13,0.0353383) (15,13,0.03977) (19,13,0.0283019) (2,14,-0.0189799) (5,14,0.0376733) (6,14,0.0125378) (10,14,0.0313477) (11,14,0.0228143) (12,14,0.035862) (13,14,0.0353383) (14,14,0.0795775) (18,14,0.0375025) (20,14,0.0355203) (21,14,0.0360171) (3,15,0.0348948) (7,15,0.0271872) (12,15,-0.0397167) (13,15,0.03977) (15,15,0.0795775) (16,15,-0.0295115) (17,15,-0.000953102) (18,15,0.0262942) (19,15,0.0291475) (8,16,0.0374723) (12,16,0.0278525) (15,16,-0.0295115) (16,16,0.0795775) (17,16,0.0273866) (18,16,0.000526851) (20,16,0.0283993) (4,17,0.0353324) (9,17,0.0397887) (12,17,-0.00144173) (15,17,-0.000953102) (16,17,0.0273866) (17,17,0.0795775) (18,17,0.0292239) (19,17,0.0277749) (21,17,-0.00180293) (5,18,0.0397853) (10,18,0.0377332) (12,18,-0.0280432) (14,18,0.0375025) (15,18,0.0262942) (16,18,0.000526851) (17,18,0.0292239) (18,18,0.0795775) (20,18,0.0274894) (21,18,0.0282985) (3,19,0.0125487) (4,19,0.0115631) (7,19,0.000140453) (9,19,0.0277958) (13,19,0.0283019) (15,19,0.0291475) (17,19,0.0277749) (19,19,0.0795775) (21,19,0.0272025) (5,20,0.0278636) (8,20,0.0173761) (10,20,0.016943) (14,20,0.0355203) (16,20,0.0283993) (18,20,0.0274894) (20,20,0.0795775) (21,20,0.0397726) (4,21,-0.0198787) (5,21,0.0286621) (9,21,-0.00177372) (10,21,0.0179626) (14,21,0.0360171) (17,21,-0.00180293) (18,21,0.0282985) (19,21,0.0272025) (20,21,0.0397726) (21,21,0.0795775) 
Minv:
size: 27 27
(0,0,0.0397887) (1,1,0.0397887) (2,2,0.0795775) (3,3,0.0397887) (4,4,0.0397887) (5,5,0.0795775) (6,6,0.0397887) (7,7,0.0397887) (8,8,0.0795775) (9,9,0.0397887) (10,10,0.0397887) (11,11,0.0795775) (12,12,0.0397887) (13,13,0.0397887) (14,14,0.0795775) (15,15,0.0397887) (16,16,0.0397887) (17,17,0.0795775) (18,18,0.0397887) (19,19,0.0397887) (20,20,0.0795775) (21,21,0.0397887) (22,22,0.0397887) (23,23,0.0795775) (24,24,0.0397887) (25,25,0.0397887) (26,26,0.0795775) 
v0:
size: 27 1
(0,0,0.226243) (1,0,0.58972) (2,0,0) (3,0,0.909347) (4,0,-0.221936) (5,0,0) (6,0,-0.874839) (7,0,0.127563) (8,0,0) (9,0,-0.612484) (10,0,0.831534) (11,0,0) (12,0,0.959888) (13,0,-0.123961) (14,0,0) (15,0,-0.41904) (16,0,-0.779682) (17,0,0) (18,0,0.484235) (19,0,-0.433666) (20,0,0) (21,0,-0.267661) (22,0,0.817792) (23,0,0) (24,0,0.296564) (25,0,-0.676183) (26,0,0) 
ipopt_sol:
size: 22 1
(0,0,7.07807) (1,0,2.81569e-06) (2,0,3.63791) (3,0,19.4755) (4,0,1.38887e-07) (5,0,1.84826e-07) (6,0,37.3638) (7,0,25.0071) (8,0,6.1838e-08) (9,0,1.46227e-07) (10,0,1.75157e-07) (11,0,8.50745e-08) (12,0,7.61534) (13,0,5.85105) (14,0,2.21565e-07) (15,0,2.58385e-06) (16,0,9.50018e-08) (17,0,31.6691) (18,0,1.63549e-06) (19,0,3.39188e-07) (20,0,7.99377e-08) (21,0,37.6996) 
policy_sol:
size: 22 1
(0,0,11.8084) (1,0,0) (2,0,5.89259) (3,0,14.1221) (4,0,0) (5,0,0) (6,0,34.1346) (7,0,28.4308) (8,0,0) (9,0,0) (10,0,0) (11,0,0) (12,0,7.61533) (13,0,8.20771) (14,0,0) (15,0,0) (16,0,0) (17,0,31.6691) (18,0,0) (19,0,0) (20,0,0) (21,0,37.6996) 

policy_converges:
1
ipopt_converges:
0
