solve status: 0
N:
size: 27 13
(0,0,0.0119389) (1,0,-0.999929) (3,0,-0.0119389) (4,0,0.999929) (0,1,-0.42307) (1,1,-0.906097) (15,1,0.42307) (16,1,0.906097) (0,2,-1) (1,2,-0.00026403) (18,2,1) (19,2,0.00026403) (3,3,-0.705039) (4,3,0.709168) (9,3,0.705039) (10,3,-0.709168) (3,4,-0.886788) (4,4,0.462176) (18,4,0.886788) (19,4,-0.462176) (6,5,-0.999889) (7,5,0.0149085) (15,5,0.999889) (16,5,-0.0149085) (9,6,0.0751754) (10,6,-0.99717) (12,6,-0.0751754) (13,6,0.99717) (9,7,0.0379468) (10,7,-0.99928) (15,7,-0.0379468) (16,7,0.99928) (9,8,-0.999831) (10,8,-0.0183672) (18,8,0.999831) (19,8,0.0183672) (9,9,-0.405433) (10,9,-0.914125) (24,9,0.405433) (25,9,0.914125) (12,10,-0.71125) (13,10,0.702939) (18,10,0.71125) (19,10,-0.702939) (12,11,-0.681123) (13,11,-0.732169) (24,11,0.681123) (25,11,0.732169) (21,12,0.0054226) (22,12,-0.999985) (24,12,-0.0054226) (25,12,0.999985) 
Q:
size: 13 13
(0,0,0.0795775) (1,0,0.0358489) (2,0,-0.000464531) (3,0,0.0285498) (4,0,0.0188093) (0,1,0.0358489) (1,1,0.0795775) (2,1,0.0168429) (5,1,0.0162941) (7,1,0.0353877) (0,2,-0.000464531) (1,2,0.0168429) (2,2,0.0795775) (4,2,0.0352793) (8,2,0.0397822) (10,2,0.0282924) (0,3,0.0285498) (3,3,0.0795775) (4,3,0.0379179) (6,3,0.0302459) (7,3,0.0292611) (8,3,-0.0275296) (9,3,0.0144203) (0,4,0.0188093) (2,4,0.0352793) (3,4,0.0379179) (4,4,0.0795775) (8,4,0.0349405) (10,4,0.0380225) (1,5,0.0162941) (5,5,0.0795775) (7,5,-0.00210245) (3,6,0.0302459) (6,6,0.0795775) (7,6,0.0397611) (8,6,-0.00226189) (9,6,0.0350562) (10,6,0.0300174) (11,6,-0.0270123) (1,7,0.0353877) (3,7,0.0292611) (5,7,-0.00210245) (6,7,0.0397611) (7,7,0.0795775) (8,7,-0.000779321) (9,7,0.0357335) (2,8,0.0397822) (3,8,-0.0275296) (4,8,0.0349405) (6,8,-0.00226189) (7,8,-0.000779321) (8,8,0.0795775) (9,8,0.016797) (10,8,0.0277813) (3,9,0.0144203) (6,9,0.0350562) (7,9,0.0357335) (8,9,0.016797) (9,9,0.0795775) (11,9,0.037618) (12,9,0.0362839) (2,10,0.0282924) (4,10,0.0380225) (6,10,0.0300174) (8,10,0.0277813) (10,10,0.0795775) (11,10,-0.00120246) (6,11,-0.0270123) (9,11,0.037618) (10,11,-0.00120246) (11,11,0.0795775) (12,11,0.0289847) (9,12,0.0362839) (11,12,0.0289847) (12,12,0.0795775) 
Minv:
size: 27 27
(0,0,0.0397887) (1,1,0.0397887) (2,2,0.0795775) (3,3,0.0397887) (4,4,0.0397887) (5,5,0.0795775) (6,6,0.0397887) (7,7,0.0397887) (8,8,0.0795775) (9,9,0.0397887) (10,10,0.0397887) (11,11,0.0795775) (12,12,0.0397887) (13,13,0.0397887) (14,14,0.0795775) (15,15,0.0397887) (16,16,0.0397887) (17,17,0.0795775) (18,18,0.0397887) (19,19,0.0397887) (20,20,0.0795775) (21,21,0.0397887) (22,22,0.0397887) (23,23,0.0795775) (24,24,0.0397887) (25,25,0.0397887) (26,26,0.0795775) 
v0:
size: 27 1
(0,0,-0.467121) (1,0,0.591974) (2,0,0) (3,0,-0.0141118) (4,0,-0.985387) (5,0,0) (6,0,-0.316995) (7,0,0.861924) (8,0,0) (9,0,0.625021) (10,0,0.643295) (11,0,0) (12,0,0.807633) (13,0,0.241586) (14,0,0) (15,0,-0.939552) (16,0,0.579253) (17,0,0) (18,0,-0.524987) (19,0,-0.939343) (20,0,0) (21,0,0.822101) (22,0,0.681773) (23,0,0) (24,0,0.980079) (25,0,0.0499329) (26,0,0) 
ipopt_sol:
size: 13 1
(0,0,34.222) (1,0,0) (2,0,0) (3,0,15.4821) (4,0,0) (5,0,15.5389) (6,0,5.52688) (7,0,0) (8,0,35.1417) (9,0,0) (10,0,0) (11,0,0) (12,0,15.9012) 
policy_sol:
size: 13 1
(0,0,34.222) (1,0,0) (2,0,0) (3,0,15.4821) (4,0,0) (5,0,15.5389) (6,0,5.52688) (7,0,0) (8,0,35.1417) (9,0,0) (10,0,0) (11,0,0) (12,0,15.9012) 

policy_converges:
1
ipopt_converges:
0
