Git Revision:     3cfe7dc3fe6810e9e399640d632720aa3564fe80
Build Mode:       Debug
C Compiler:       /usr/bin/cc
C++ Compiler:     /usr/bin/c++
Fortran Compiler: gfortran
Body count: 9
No end time specified. Simulation will run indefinitely.
N:
size: 27 15
(0,0,-0.999915) (1,0,0.0130097) (9,0,0.999915) (10,0,-0.0130097) (0,1,-0.446652) (1,1,-0.894708) (15,1,0.446652) (16,1,0.894708) (0,2,-0.99964) (1,2,0.0268268) (18,2,0.99964) (19,2,-0.0268268) (0,3,-0.904213) (1,3,-0.427081) (21,3,0.904213) (22,3,0.427081) (0,4,-0.731703) (1,4,-0.681623) (24,4,0.731703) (25,4,0.681623) (6,5,-0.449588) (7,5,0.893236) (9,5,0.449588) (10,5,-0.893236) (6,6,-1) (7,6,-0.000804345) (15,6,1) (16,6,0.000804345) (6,7,-0.691429) (7,7,0.722444) (18,7,0.691429) (19,7,-0.722444) (6,8,-0.892029) (7,8,0.451978) (21,8,0.892029) (22,8,-0.451978) (6,9,-0.999317) (7,9,0.0369591) (24,9,0.999317) (25,9,-0.0369591) (9,10,0.0721682) (10,10,-0.997392) (12,10,-0.0721682) (13,10,0.997392) (12,11,-0.703972) (13,11,0.710227) (18,11,0.703972) (19,11,-0.710227) (12,12,-0.999999) (13,12,-0.00170687) (21,12,0.999999) (22,12,0.00170687) (12,13,-0.745858) (13,13,-0.666105) (24,13,0.745858) (25,13,0.666105) (21,14,0.00976706) (22,14,-0.999952) (24,14,-0.00976706) (25,14,0.999952) 
Q:
size: 15 15
(0,0,0.0795775) (1,0,0.0173071) (2,0,0.0397849) (3,0,0.0357534) (4,0,0.0287582) (5,0,0.0183494) (10,0,0.00338753) (0,1,0.0173071) (1,1,0.0795775) (2,1,0.0168103) (3,1,0.0312732) (4,1,0.0372689) (6,1,0.0178003) (0,2,0.0397849) (1,2,0.0168103) (2,2,0.0795775) (3,2,0.0355087) (4,2,0.0283755) (7,2,0.0282723) (11,2,0.0287582) (0,3,0.0357534) (1,3,0.0312732) (2,3,0.0355087) (3,3,0.0795775) (4,3,0.0379077) (8,3,0.0244125) (12,3,0.0360065) (14,3,-0.0166408) (0,4,0.0287582) (1,4,0.0372689) (2,4,0.0283755) (3,4,0.0379077) (4,4,0.0795775) (9,4,0.0280913) (13,4,0.03978) (14,4,0.0268353) (0,5,0.0183494) (5,5,0.0795775) (6,5,0.0178599) (7,5,0.0380449) (8,5,0.0320207) (9,5,0.0191899) (10,5,0.036739) (1,6,0.0178003) (5,6,0.0178599) (6,6,0.0795775) (7,6,0.027488) (8,6,0.0354782) (9,6,0.0397604) (2,7,0.0282723) (5,7,0.0380449) (6,7,0.027488) (7,7,0.0795775) (8,7,0.0375329) (9,7,0.0285547) (11,7,0.0397826) (3,8,0.0244125) (5,8,0.0320207) (6,8,0.0354782) (7,8,0.0375329) (8,8,0.0795775) (9,8,0.0361331) (12,8,0.035462) (14,8,0.0183294) (4,9,0.0280913) (5,9,0.0191899) (6,9,0.0397604) (7,9,0.0285547) (8,9,0.0361331) (9,9,0.0795775) (13,9,0.0286769) (14,9,-0.00185884) (0,10,0.00338753) (5,10,0.036739) (10,10,0.0795775) (11,10,0.0302068) (12,10,0.00280374) (13,10,-0.0242927) (2,11,0.0287582) (7,11,0.0397826) (10,11,0.0302068) (11,11,0.0795775) (12,11,0.0279619) (13,11,0.00206811) (3,12,0.0360065) (8,12,0.035462) (10,12,0.00280374) (11,12,0.0279619) (12,12,0.0795775) (13,12,0.0297219) (14,12,0.000320707) (4,13,0.03978) (9,13,0.0286769) (10,13,-0.0242927) (11,13,0.00206811) (12,13,0.0297219) (13,13,0.0795775) (14,13,0.0262124) (3,14,-0.0166408) (4,14,0.0268353) (8,14,0.0183294) (9,14,-0.00185884) (12,14,0.000320707) (13,14,0.0262124) (14,14,0.0795775) 
Minv:
size: 27 27
(0,0,0.0397887) (1,1,0.0397887) (2,2,0.0795775) (3,3,0.0397887) (4,4,0.0397887) (5,5,0.0795775) (6,6,0.0397887) (7,7,0.0397887) (8,8,0.0795775) (9,9,0.0397887) (10,10,0.0397887) (11,11,0.0795775) (12,12,0.0397887) (13,13,0.0397887) (14,14,0.0795775) (15,15,0.0397887) (16,16,0.0397887) (17,17,0.0795775) (18,18,0.0397887) (19,19,0.0397887) (20,20,0.0795775) (21,21,0.0397887) (22,22,0.0397887) (23,23,0.0795775) (24,24,0.0397887) (25,25,0.0397887) (26,26,0.0795775) 
v0:
size: 27 1
(0,0,0.317164) (1,0,0.808798) (2,0,0) (3,0,-0.914619) (4,0,0.95283) (5,0,0) (6,0,0.723659) (7,0,0.951501) (8,0,0) (9,0,-0.966552) (10,0,0.717309) (11,0,0) (12,0,0.816229) (13,0,0.423789) (14,0,0) (15,0,0.106272) (16,0,0.868383) (17,0,0) (18,0,-0.875891) (19,0,-0.0343835) (20,0,0) (21,0,0.202085) (22,0,0.528258) (23,0,0) (24,0,0.553547) (25,0,0.149463) (26,0,0) 
ipopt_sol:
size: 15 1
(0,0,25.2523) (1,0,9.93769e-08) (2,0,12.4415) (3,0,7.284e-08) (4,0,8.82818e-08) (5,0,2.37708) (6,0,14.9848) (7,0,1.57032e-07) (8,0,1.59274e-07) (9,0,1.80497e-07) (10,0,4.93384) (11,0,12.0064) (12,0,9.29278) (13,0,4.5856) (14,0,8.05807) 
policy_sol:
size: 15 1
(0,0,25.2523) (1,0,0) (2,0,12.4415) (3,0,0) (4,0,0) (5,0,2.37708) (6,0,14.9848) (7,0,0) (8,0,0) (9,0,0) (10,0,4.93384) (11,0,12.0064) (12,0,9.29278) (13,0,4.5856) (14,0,8.05807) 

policy_converges:
1
