Git Revision:     18345a57b34405566a64d0bf3d2a118f1cdbade3
Build Mode:       Debug
C Compiler:       /usr/bin/cc
C++ Compiler:     /usr/bin/c++
Fortran Compiler: gfortran
Body count: 9
No end time specified. Simulation will run indefinitely.
N:
size: 27 13
(0,0,0.0191625) (1,0,-0.999816) (6,0,-0.0191625) (7,0,0.999816) (0,1,-0.69951) (1,1,-0.714623) (12,1,0.69951) (13,1,0.714623) (3,2,-0.055618) (4,2,-0.998452) (6,2,0.055618) (7,2,0.998452) (3,3,-0.999949) (4,3,0.0100638) (12,3,0.999949) (13,3,-0.0100638) (3,4,-0.726946) (4,4,-0.686694) (15,4,0.726946) (16,4,0.686694) (3,5,-0.999996) (4,5,-0.00279751) (21,5,0.999996) (22,5,0.00279751) (3,6,-0.910847) (4,6,-0.412744) (24,6,0.910847) (25,6,0.412744) (9,7,-0.99949) (10,7,-0.0319231) (18,7,0.99949) (19,7,0.0319231) (12,8,-0.709023) (13,8,0.705186) (18,8,0.709023) (19,8,-0.705186) (15,9,-0.998447) (16,9,0.0557147) (24,9,0.998447) (25,9,-0.0557147) (18,10,0.059339) (19,10,-0.998238) (21,10,-0.059339) (22,10,0.998238) (18,11,0.0102275) (19,11,-0.999948) (24,11,-0.0102275) (25,11,0.999948) (21,12,-0.0444975) (22,12,-0.999009) (24,12,0.0444975) (25,12,0.999009) 
Q:
size: 13 13
(0,0,0.0795775) (1,0,0.0278954) (2,0,0.0396774) (0,1,0.0278954) (1,1,0.0795775) (3,1,0.027545) (8,1,0.000317266) (0,2,0.0396774) (2,2,0.0795775) (3,2,0.00181305) (4,2,0.0288891) (5,2,0.0023241) (6,2,0.0184128) (1,3,0.027545) (2,3,0.00181305) (3,3,0.0795775) (4,3,0.0286478) (5,3,0.0397854) (6,3,0.0360744) (8,3,-0.0284921) (2,4,0.0288891) (3,4,0.0286478) (4,4,0.0795775) (5,4,0.0290006) (6,4,0.0376229) (9,4,-0.0273571) (2,5,0.0023241) (3,5,0.0397854) (4,5,0.0290006) (5,5,0.0795775) (6,5,0.0362873) (10,5,-0.0022499) (12,5,-0.00188169) (2,6,0.0184128) (3,6,0.0360744) (4,6,0.0376229) (5,6,0.0362873) (6,6,0.0795775) (9,6,0.0352702) (11,6,0.016051) (12,6,0.0180189) (7,7,0.0795775) (8,7,0.027301) (10,7,0.00109188) (11,7,-0.000863381) (1,8,0.000317266) (3,8,-0.0284921) (7,8,0.027301) (8,8,0.0795775) (10,8,0.029683) (11,8,0.0283455) (4,9,-0.0273571) (6,9,0.0352702) (9,9,0.0795775) (11,9,-0.00262301) (12,9,-0.000446872) (5,10,-0.0022499) (7,10,0.00109188) (8,10,0.029683) (10,10,0.0795775) (11,10,0.0397407) (12,10,-0.0395742) (6,11,0.016051) (7,11,-0.000863381) (8,11,0.0283455) (9,11,-0.00262301) (10,11,0.0397407) (11,11,0.0795775) (12,11,0.0397291) (5,12,-0.00188169) (6,12,0.0180189) (9,12,-0.000446872) (10,12,-0.0395742) (11,12,0.0397291) (12,12,0.0795775) 
Minv:
size: 27 27
(0,0,0.0397887) (1,1,0.0397887) (2,2,0.0795775) (3,3,0.0397887) (4,4,0.0397887) (5,5,0.0795775) (6,6,0.0397887) (7,7,0.0397887) (8,8,0.0795775) (9,9,0.0397887) (10,10,0.0397887) (11,11,0.0795775) (12,12,0.0397887) (13,13,0.0397887) (14,14,0.0795775) (15,15,0.0397887) (16,16,0.0397887) (17,17,0.0795775) (18,18,0.0397887) (19,19,0.0397887) (20,20,0.0795775) (21,21,0.0397887) (22,22,0.0397887) (23,23,0.0795775) (24,24,0.0397887) (25,25,0.0397887) (26,26,0.0795775) 
v0:
size: 27 1
(0,0,-0.487613) (1,0,0.354173) (2,0,0) (3,0,0.459506) (4,0,0.623916) (5,0,0) (6,0,-0.273181) (7,0,0.227635) (8,0,0) (9,0,0.453859) (10,0,-0.556082) (11,0,0) (12,0,0.0893422) (13,0,-0.402871) (14,0,0) (15,0,0.648201) (16,0,0.386591) (17,0,0) (18,0,0.252737) (19,0,0.114651) (20,0,0) (21,0,0.258002) (22,0,-0.145596) (23,0,0) (24,0,0.502012) (25,0,-0.444159) (26,0,0) 
ipopt_sol:
size: 13 1
(0,0,5.43549e-07) (1,0,6.40842e-06) (2,0,10.7292) (3,0,10.4987) (4,0,1.79499e-07) (5,0,2.74983e-06) (6,0,1.01231e-06) (7,0,3.01405) (8,0,4.74834) (9,0,2.90456) (10,0,1.99646e-06) (11,0,11.8954) (12,0,1.30091) 
policy_sol:
size: 13 1
(0,0,0) (1,0,0) (2,0,10.7292) (3,0,10.4987) (4,0,0) (5,0,0) (6,0,0) (7,0,3.01405) (8,0,4.74834) (9,0,2.90456) (10,0,0) (11,0,11.8954) (12,0,1.30091) 

policy_converges:
1
ipopt_converges:
0
