solve status: 0
N:
size: 27 20
(0,0,0.067575) (1,0,-0.997714) (3,0,-0.067575) (4,0,0.997714) (0,1,-0.00772359) (1,1,-0.99997) (6,1,0.00772359) (7,1,0.99997) (0,2,-0.688559) (1,2,-0.725181) (12,2,0.688559) (13,2,0.725181) (0,3,-0.894184) (1,3,-0.447699) (21,3,0.894184) (22,3,0.447699) (6,4,-0.427221) (7,4,0.904147) (9,4,0.427221) (10,4,-0.904147) (6,5,-0.71284) (7,5,0.701327) (12,5,0.71284) (13,5,-0.701327) (6,6,-0.709012) (7,6,0.705197) (18,6,0.709012) (19,6,-0.705197) (6,7,-0.897121) (7,7,0.441784) (21,7,0.897121) (22,7,-0.441784) (6,8,-0.999916) (7,8,-0.0129853) (24,8,0.999916) (25,8,0.0129853) (9,9,-0.030084) (10,9,-0.999547) (12,9,0.030084) (13,9,0.999547) (9,10,-0.0326981) (10,10,-0.999465) (15,10,0.0326981) (16,10,0.999465) (9,11,-0.999991) (10,11,0.00427803) (18,11,0.999991) (19,11,-0.00427803) (9,12,-0.726093) (10,12,-0.687596) (21,12,0.726093) (22,12,0.687596) (9,13,-0.466327) (10,13,-0.884612) (24,13,0.466327) (25,13,0.884612) (12,14,-0.705434) (13,14,0.708776) (18,14,0.705434) (19,14,-0.708776) (12,15,-0.999584) (13,15,0.0288295) (21,15,0.999584) (22,15,-0.0288295) (15,16,-0.444085) (16,16,0.895985) (18,16,0.444085) (19,16,-0.895985) (15,17,-0.702874) (16,17,0.711314) (21,17,0.702874) (22,17,-0.711314) (15,18,-0.99999) (16,18,-0.00451775) (24,18,0.99999) (25,18,0.00451775) (18,19,0.0042028) (19,19,-0.999991) (21,19,-0.0042028) (22,19,0.999991) 
Q:
size: 20 20
(0,0,0.0795775) (1,0,0.0396758) (2,0,0.0269367) (3,0,0.0153685) (0,1,0.0396758) (1,1,0.0795775) (2,1,0.0290648) (3,1,0.0180876) (4,1,0.0358425) (5,1,0.027685) (6,1,0.0278402) (7,1,0.0173018) (8,1,-0.000823937) (0,2,0.0269367) (1,2,0.0290648) (2,2,0.0795775) (3,2,0.0374158) (5,2,-0.000706526) (9,2,0.0296652) (14,2,0.00112435) (15,2,-0.0265536) (0,3,0.0153685) (1,3,0.0180876) (2,3,0.0374158) (3,3,0.0795775) (7,3,0.0240485) (12,3,0.0380817) (15,3,0.0350501) (17,3,0.0123363) (19,3,0.0176637) (1,4,0.0358425) (4,4,0.0795775) (5,4,0.0373474) (6,4,0.0374216) (7,4,0.0311429) (8,4,0.01653) (9,4,0.0354472) (10,4,0.0353998) (11,4,-0.0171523) (12,4,0.0123937) (13,4,0.0238969) (1,5,0.027685) (2,5,-0.000706526) (4,5,0.0373474) (5,5,0.0795775) (6,5,0.0397881) (7,5,0.037773) (8,5,0.0279982) (9,5,-0.027039) (14,5,-0.0397865) (15,5,-0.0291557) (1,6,0.0278402) (4,6,0.0374216) (5,6,0.0397881) (6,6,0.0795775) (7,6,0.0377044) (8,6,0.0278439) (11,6,0.0283305) (14,6,0.0397882) (16,6,0.0376683) (19,6,0.0281772) (1,7,0.0173018) (3,7,0.0240485) (4,7,0.0311429) (5,7,0.037773) (6,7,0.0377044) (7,7,0.0795775) (8,7,0.0354641) (12,7,0.0138315) (15,7,0.0361873) (17,7,0.0375928) (19,7,-0.0177279) (1,8,-0.000823937) (4,8,0.01653) (5,8,0.0279982) (6,8,0.0278439) (7,8,0.0354641) (8,8,0.0795775) (13,8,0.0190101) (18,8,0.0397873) (2,9,0.0296652) (4,9,0.0354472) (5,9,-0.027039) (9,9,0.0795775) (10,9,0.0397886) (11,9,0.00102685) (12,9,0.0282153) (13,9,0.0357399) (14,9,0.0273441) (15,9,-4.99337e-05) (4,10,0.0353998) (9,10,0.0397886) (10,10,0.0795775) (11,10,0.00113088) (12,10,0.0282886) (13,10,0.0357855) (16,10,0.0350533) (17,10,0.0273727) (18,10,-0.00148066) (4,11,-0.0171523) (6,11,0.0283305) (9,11,0.00102685) (10,11,0.00113088) (11,11,0.0795775) (12,11,0.028773) (13,11,0.0184038) (14,11,0.0281887) (16,11,0.0178219) (19,11,0.000337438) (3,12,0.0380817) (4,12,0.0123937) (7,12,0.0138315) (9,12,0.0282153) (10,12,0.0282886) (11,12,0.028773) (12,12,0.0795775) (13,12,0.0376741) (15,12,0.0280896) (17,12,0.000845727) (19,12,0.0272369) (4,13,0.0238969) (8,13,0.0190101) (9,13,0.0357399) (10,13,0.0357855) (11,13,0.0184038) (12,13,0.0376741) (13,13,0.0795775) (18,13,0.0187134) (2,14,0.00112435) (5,14,-0.0397865) (6,14,0.0397882) (9,14,0.0273441) (11,14,0.0281887) (14,14,0.0795775) (15,14,0.0288697) (16,14,0.0377326) (19,14,0.028319) (2,15,-0.0265536) (3,15,0.0350501) (5,15,-0.0291557) (7,15,0.0361873) (9,15,-4.99337e-05) (12,15,0.0280896) (14,15,0.0288697) (15,15,0.0795775) (17,15,0.0287708) (19,15,-0.00131423) (6,16,0.0376683) (10,16,0.0350533) (11,16,0.0178219) (14,16,0.0377326) (16,16,0.0795775) (17,16,0.0377779) (18,16,0.0175083) (19,16,0.0357241) (3,17,0.0123363) (7,17,0.0375928) (10,17,0.0273727) (12,17,0.000845727) (15,17,0.0287708) (16,17,0.0377779) (17,17,0.0795775) (18,17,0.0278383) (19,17,-0.0284196) (8,18,0.0397873) (10,18,-0.00148066) (13,18,0.0187134) (16,18,0.0175083) (17,18,0.0278383) (18,18,0.0795775) (3,19,0.0176637) (6,19,0.0281772) (7,19,-0.0177279) (11,19,0.000337438) (12,19,0.0272369) (14,19,0.028319) (15,19,-0.00131423) (16,19,0.0357241) (17,19,-0.0284196) (19,19,0.0795775) 
Minv:
size: 27 27
(0,0,0.0397887) (1,1,0.0397887) (2,2,0.0795775) (3,3,0.0397887) (4,4,0.0397887) (5,5,0.0795775) (6,6,0.0397887) (7,7,0.0397887) (8,8,0.0795775) (9,9,0.0397887) (10,10,0.0397887) (11,11,0.0795775) (12,12,0.0397887) (13,13,0.0397887) (14,14,0.0795775) (15,15,0.0397887) (16,16,0.0397887) (17,17,0.0795775) (18,18,0.0397887) (19,19,0.0397887) (20,20,0.0795775) (21,21,0.0397887) (22,22,0.0397887) (23,23,0.0795775) (24,24,0.0397887) (25,25,0.0397887) (26,26,0.0795775) 
v0:
size: 27 1
(0,0,-0.477868) (1,0,-0.145078) (2,0,0) (3,0,-0.616577) (4,0,-0.990478) (5,0,0) (6,0,0.105742) (7,0,-0.592745) (8,0,0) (9,0,0.597046) (10,0,0.146938) (11,0,0) (12,0,-0.401306) (13,0,-0.903632) (14,0,0) (15,0,0.705443) (16,0,-0.012917) (17,0,0) (18,0,-0.177402) (19,0,-0.205906) (20,0,0) (21,0,-0.403286) (22,0,-0.927781) (23,0,0) (24,0,-0.944929) (25,0,0.577902) (26,0,0) 
ipopt_sol:
size: 20 1
(0,0,20.9631) (1,0,0) (2,0,0) (3,0,0) (4,0,0) (5,0,10.4868) (6,0,0) (7,0,1.16667) (8,0,1.47695) (9,0,23.4147) (10,0,0) (11,0,11.7911) (12,0,20.1458) (13,0,0) (14,0,0) (15,0,0) (16,0,0) (17,0,0) (18,0,40.6724) (19,0,11.4333) 
policy_sol:
size: 20 1
(0,0,20.9631) (1,0,0) (2,0,0) (3,0,0) (4,0,0) (5,0,10.4868) (6,0,0) (7,0,1.16667) (8,0,1.47695) (9,0,23.4147) (10,0,0) (11,0,11.7911) (12,0,20.1458) (13,0,0) (14,0,0) (15,0,0) (16,0,0) (17,0,0) (18,0,40.6724) (19,0,11.4333) 

policy_converges:
1
ipopt_converges:
0
