Git Revision:     3cfe7dc3fe6810e9e399640d632720aa3564fe80
Build Mode:       Debug
C Compiler:       /usr/bin/cc
C++ Compiler:     /usr/bin/c++
Fortran Compiler: gfortran
Body count: 9
No end time specified. Simulation will run indefinitely.
N:
size: 27 14
(0,0,-0.701266) (1,0,-0.7129) (24,0,0.701266) (25,0,0.7129) (3,1,-0.881115) (4,1,-0.472902) (24,1,0.881115) (25,1,0.472902) (6,2,-0.999586) (7,2,-0.0287708) (15,2,0.999586) (16,2,0.0287708) (6,3,-0.907762) (7,3,0.419485) (21,3,0.907762) (22,3,-0.419485) (6,4,-0.999027) (7,4,-0.0440998) (24,4,0.999027) (25,4,0.0440998) (9,5,-0.0714626) (10,5,-0.997443) (12,5,0.0714626) (13,5,0.997443) (9,6,-0.999994) (10,6,-0.00341443) (18,6,0.999994) (19,6,0.00341443) (9,7,-0.695116) (10,7,-0.718897) (21,7,0.695116) (22,7,0.718897) (9,8,-0.446324) (10,8,-0.894872) (24,8,0.446324) (25,8,0.894872) (12,9,-0.714727) (13,9,0.699404) (18,9,0.714727) (19,9,-0.699404) (12,10,-0.996441) (13,10,-0.0842934) (21,10,0.996441) (22,10,0.0842934) (12,11,-0.66108) (13,11,-0.750315) (24,11,0.66108) (25,11,0.750315) (15,12,-0.998157) (16,12,-0.0606765) (24,12,0.998157) (25,12,0.0606765) (21,13,-0.0089736) (22,13,-0.99996) (24,13,0.0089736) (25,13,0.99996) 
Q:
size: 14 14
(0,0,0.0795775) (1,0,0.0379993) (4,0,0.0291262) (8,0,0.0378369) (11,0,0.0397288) (12,0,0.0295722) (13,0,0.0286146) (0,1,0.0379993) (1,1,0.0795775) (4,1,0.0358541) (8,1,0.0324855) (11,1,0.0372945) (12,1,0.0361356) (13,1,0.01913) (2,2,0.0795775) (3,2,0.0356235) (4,2,0.0397841) (12,2,-0.0397684) (2,3,0.0356235) (3,3,0.0795775) (4,3,0.0353475) (7,3,0.0131077) (10,3,0.0345832) (13,3,0.016366) (0,4,0.0291262) (1,4,0.0358541) (2,4,0.0397841) (3,4,0.0353475) (4,4,0.0795775) (8,4,0.0193116) (11,4,0.0275945) (12,4,0.0397833) (13,4,0.0021113) (5,5,0.0795775) (6,5,0.0029789) (7,5,0.0305074) (8,5,0.0367839) (9,5,0.025725) (10,5,-0.00617864) (11,5,-0.0316575) (5,6,0.0029789) (6,6,0.0795775) (7,6,0.0277553) (8,6,0.0178801) (9,6,0.0283429) (3,7,0.0131077) (5,7,0.0305074) (6,7,0.0277553) (7,7,0.0795775) (8,7,0.0379413) (10,7,0.0299705) (13,7,-0.0288511) (0,8,0.0378369) (1,8,0.0324855) (4,8,0.0193116) (5,8,0.0367839) (6,8,0.0178801) (7,8,0.0379413) (8,8,0.0795775) (11,8,0.0384555) (12,8,0.0198864) (13,8,0.0357637) (5,9,0.025725) (6,9,0.0283429) (9,9,0.0795775) (10,9,0.0259911) (11,9,-0.00208021) (3,10,0.0345832) (5,10,-0.00617864) (7,10,0.0299705) (9,10,0.0259911) (10,10,0.0795775) (11,10,0.0287264) (13,10,-0.00370957) (0,11,0.0397288) (1,11,0.0372945) (4,11,0.0275945) (5,11,-0.0316575) (8,11,0.0384555) (9,11,-0.00208021) (10,11,0.0287264) (11,11,0.0795775) (12,11,0.0280665) (13,11,0.0300889) (0,12,0.0295722) (1,12,0.0361356) (2,12,-0.0397684) (4,12,0.0397833) (8,12,0.0198864) (11,12,0.0280665) (12,12,0.0795775) (13,12,0.00277054) (0,13,0.0286146) (1,13,0.01913) (3,13,0.016366) (4,13,0.0021113) (7,13,-0.0288511) (8,13,0.0357637) (10,13,-0.00370957) (11,13,0.0300889) (12,13,0.00277054) (13,13,0.0795775) 
Minv:
size: 27 27
(0,0,0.0397887) (1,1,0.0397887) (2,2,0.0795775) (3,3,0.0397887) (4,4,0.0397887) (5,5,0.0795775) (6,6,0.0397887) (7,7,0.0397887) (8,8,0.0795775) (9,9,0.0397887) (10,10,0.0397887) (11,11,0.0795775) (12,12,0.0397887) (13,13,0.0397887) (14,14,0.0795775) (15,15,0.0397887) (16,16,0.0397887) (17,17,0.0795775) (18,18,0.0397887) (19,19,0.0397887) (20,20,0.0795775) (21,21,0.0397887) (22,22,0.0397887) (23,23,0.0795775) (24,24,0.0397887) (25,25,0.0397887) (26,26,0.0795775) 
v0:
size: 27 1
(0,0,-0.752003) (1,0,0.0677505) (2,0,0) (3,0,-0.822442) (4,0,0.338136) (5,0,0) (6,0,0.333049) (7,0,0.880979) (8,0,0) (9,0,0.755527) (10,0,-0.523495) (11,0,0) (12,0,0.413875) (13,0,-0.803223) (14,0,0) (15,0,0.18904) (16,0,0.59559) (17,0,0) (18,0,-0.0174118) (19,0,-0.963603) (20,0,0) (21,0,-0.490008) (22,0,-0.092342) (23,0,0) (24,0,-0.922204) (25,0,-0.690179) (26,0,0) 
ipopt_sol:
size: 14 1
(0,0,2.4944e-07) (1,0,1.30118e-07) (2,0,24.6161) (3,0,6.40621e-08) (4,0,4.46972e-06) (5,0,7.9154) (6,0,18.5241) (7,0,1.84456) (8,0,3.23018e-07) (9,0,9.07619e-08) (10,0,21.766) (11,0,2.13049e-07) (12,0,41.605) (13,0,15.357) 
policy_sol:
size: 14 1
(0,0,0) (1,0,0) (2,0,24.6161) (3,0,0) (4,0,0) (5,0,7.9154) (6,0,18.5241) (7,0,1.84455) (8,0,0) (9,0,0) (10,0,21.766) (11,0,0) (12,0,41.605) (13,0,15.357) 

policy_converges:
1
