Git Revision:     18345a57b34405566a64d0bf3d2a118f1cdbade3
Build Mode:       Debug
C Compiler:       /usr/bin/cc
C++ Compiler:     /usr/bin/c++
Fortran Compiler: gfortran
Body count: 9
No end time specified. Simulation will run indefinitely.
N:
size: 27 10
(0,0,0.0582651) (1,0,-0.998301) (3,0,-0.0582651) (4,0,0.998301) (9,1,0.00851208) (10,1,-0.999964) (12,1,-0.00851208) (13,1,0.999964) (9,2,-0.998796) (10,2,-0.0490624) (18,2,0.998796) (19,2,0.0490624) (9,3,-0.701729) (10,3,-0.712444) (21,3,0.701729) (22,3,0.712444) (9,4,-0.448627) (10,4,-0.893719) (24,4,0.448627) (25,4,0.893719) (12,5,-0.740752) (13,5,0.671778) (18,5,0.740752) (19,5,-0.671778) (12,6,-0.999326) (13,6,-0.0366978) (21,6,0.999326) (22,6,0.0366978) (12,7,-0.714764) (13,7,-0.699366) (24,7,0.714764) (25,7,0.699366) (18,8,0.0223717) (19,8,-0.99975) (24,8,-0.0223717) (25,8,0.99975) (21,9,0.0291293) (22,9,-0.999576) (24,9,-0.0291293) (25,9,0.999576) 
Q:
size: 10 10
(0,0,0.0795775) (1,1,0.0795775) (2,1,0.00161378) (3,1,0.0281086) (4,1,0.0354067) (5,1,0.0269791) (6,1,-0.00112165) (7,1,-0.0275838) (1,2,0.00161378) (2,2,0.0795775) (3,2,0.0292781) (4,2,0.0195735) (5,2,0.0281267) (8,2,-0.00106257) (1,3,0.0281086) (2,3,0.0292781) (3,3,0.0795775) (4,3,0.0378606) (6,3,0.0289424) (9,3,-0.0275219) (1,4,0.0354067) (2,4,0.0195735) (3,4,0.0378606) (4,4,0.0795775) (7,4,0.0376282) (8,4,0.0351517) (9,4,0.0350249) (1,5,0.0269791) (2,5,0.0281267) (5,5,0.0795775) (6,5,0.0284728) (7,5,0.00237319) (8,5,0.0273819) (1,6,-0.00112165) (3,6,0.0289424) (5,6,0.0284728) (6,6,0.0795775) (7,6,0.0294416) (9,6,-0.000301302) (1,7,-0.0275838) (4,7,0.0376282) (5,7,0.00237319) (6,7,0.0294416) (7,7,0.0795775) (8,7,0.0271837) (9,7,0.0269866) (2,8,-0.00106257) (4,8,0.0351517) (5,8,0.0273819) (7,8,0.0271837) (8,8,0.0795775) (9,8,0.0397878) (3,9,-0.0275219) (4,9,0.0350249) (6,9,-0.000301302) (7,9,0.0269866) (8,9,0.0397878) (9,9,0.0795775) 
Minv:
size: 27 27
(0,0,0.0397887) (1,1,0.0397887) (2,2,0.0795775) (3,3,0.0397887) (4,4,0.0397887) (5,5,0.0795775) (6,6,0.0397887) (7,7,0.0397887) (8,8,0.0795775) (9,9,0.0397887) (10,10,0.0397887) (11,11,0.0795775) (12,12,0.0397887) (13,13,0.0397887) (14,14,0.0795775) (15,15,0.0397887) (16,16,0.0397887) (17,17,0.0795775) (18,18,0.0397887) (19,19,0.0397887) (20,20,0.0795775) (21,21,0.0397887) (22,22,0.0397887) (23,23,0.0795775) (24,24,0.0397887) (25,25,0.0397887) (26,26,0.0795775) 
v0:
size: 27 1
(0,0,-0.478033) (1,0,-0.731183) (2,0,0) (3,0,-0.994691) (4,0,-0.863407) (5,0,0) (6,0,-0.662482) (7,0,0.280031) (8,0,0) (9,0,0.69634) (10,0,0.134084) (11,0,0) (12,0,0.775153) (13,0,-0.512105) (14,0,0) (15,0,-0.194758) (16,0,0.999485) (17,0,0) (18,0,-0.439892) (19,0,-0.228339) (20,0,0) (21,0,-0.775064) (22,0,-0.0436088) (23,0,0) (24,0,0.666473) (25,0,-0.731521) (26,0,0) 
ipopt_sol:
size: 10 1
(0,0,2.56092) (1,0,9.21912) (2,0,21.4416) (3,0,14.7009) (4,0,1.54342e-07) (5,0,5.46559) (6,0,31.4196) (7,0,9.61127e-08) (8,0,1.1531e-05) (9,0,23.5404) 
policy_sol:
size: 10 1
(0,0,2.56092) (1,0,9.21911) (2,0,21.4416) (3,0,14.7009) (4,0,0) (5,0,5.46561) (6,0,31.4196) (7,0,0) (8,0,0) (9,0,23.5404) 

policy_converges:
1
ipopt_converges:
0
