Git Revision:     3cfe7dc3fe6810e9e399640d632720aa3564fe80
Build Mode:       Debug
C Compiler:       /usr/bin/cc
C++ Compiler:     /usr/bin/c++
Fortran Compiler: gfortran
Body count: 9
No end time specified. Simulation will run indefinitely.
N:
size: 27 14
(0,0,-0.999954) (1,0,0.0095899) (9,0,0.999954) (10,0,-0.0095899) (0,1,-0.709103) (1,1,-0.705105) (12,1,0.709103) (13,1,0.705105) (0,2,-0.446681) (1,2,-0.894693) (15,2,0.446681) (16,2,0.894693) (0,3,-0.999837) (1,3,0.0180486) (18,3,0.999837) (19,3,-0.0180486) (0,4,-0.719618) (1,4,-0.69437) (24,4,0.719618) (25,4,0.69437) (3,5,0.0526487) (4,5,-0.998613) (6,5,-0.0526487) (7,5,0.998613) (3,6,-0.99988) (4,6,-0.0154771) (12,6,0.99988) (13,6,0.0154771) (3,7,-0.704647) (4,7,-0.709558) (15,7,0.704647) (16,7,0.709558) (6,8,-0.720129) (7,8,0.693841) (12,8,0.720129) (13,8,-0.693841) (6,9,-0.998533) (7,9,0.0541419) (15,9,0.998533) (16,9,-0.0541419) (6,10,-0.696174) (7,10,0.717873) (18,10,0.696174) (19,10,-0.717873) (12,11,0.0321406) (13,11,-0.999483) (15,11,-0.0321406) (16,11,0.999483) (18,12,-0.03566) (19,12,-0.999364) (24,12,0.03566) (25,12,0.999364) (21,13,-0.0632884) (22,13,-0.997995) (24,13,0.0632884) (25,13,0.997995) 
Q:
size: 14 14
(0,0,0.0795775) (1,0,0.027944) (2,0,0.0174307) (3,0,0.0397873) (4,0,0.0283664) (0,1,0.027944) (1,1,0.0795775) (2,1,0.0377036) (3,1,0.0277034) (4,1,0.0397842) (6,1,0.0286451) (8,1,0.000852073) (11,1,-0.0271339) (0,2,0.0174307) (1,2,0.0377036) (2,2,0.0795775) (3,2,0.0171275) (4,2,0.0375084) (7,2,0.037783) (9,2,0.0158194) (11,2,0.0350091) (0,3,0.0397873) (1,3,0.0277034) (2,3,0.0171275) (3,3,0.0795775) (4,3,0.0281294) (10,3,0.0282109) (12,3,-0.000700961) (0,4,0.0283664) (1,4,0.0397842) (2,4,0.0375084) (3,4,0.0281294) (4,4,0.0795775) (12,4,0.0286316) (13,4,0.0293848) (5,5,0.0795775) (6,5,-0.00147962) (7,5,0.0267171) (8,5,0.0290773) (9,5,0.004243) (10,5,0.029982) (1,6,0.0286451) (5,6,-0.00147962) (6,6,0.0795775) (7,6,0.0284706) (8,6,0.0282223) (11,6,0.000663187) (2,7,0.037783) (5,7,0.0267171) (6,7,0.0284706) (7,7,0.0795775) (9,7,0.0264673) (11,7,0.0273167) (1,8,0.000852073) (5,8,0.0290773) (6,8,0.0282223) (8,8,0.0795775) (9,8,0.0301057) (10,8,0.0397658) (11,8,0.0285137) (2,9,0.0158194) (5,9,0.004243) (7,9,0.0264673) (8,9,0.0301057) (9,9,0.0795775) (10,9,0.0292057) (11,9,-0.00343008) (3,10,0.0282109) (5,10,0.029982) (8,10,0.0397658) (9,10,0.0292057) (10,10,0.0795775) (12,10,0.0275573) (1,11,-0.0271339) (2,11,0.0350091) (6,11,0.000663187) (7,11,0.0273167) (8,11,0.0285137) (9,11,-0.00343008) (11,11,0.0795775) (3,12,-0.000700961) (4,12,0.0286316) (10,12,0.0275573) (12,12,0.0795775) (13,12,0.0397735) (4,13,0.0293848) (12,13,0.0397735) (13,13,0.0795775) 
Minv:
size: 27 27
(0,0,0.0397887) (1,1,0.0397887) (2,2,0.0795775) (3,3,0.0397887) (4,4,0.0397887) (5,5,0.0795775) (6,6,0.0397887) (7,7,0.0397887) (8,8,0.0795775) (9,9,0.0397887) (10,10,0.0397887) (11,11,0.0795775) (12,12,0.0397887) (13,13,0.0397887) (14,14,0.0795775) (15,15,0.0397887) (16,16,0.0397887) (17,17,0.0795775) (18,18,0.0397887) (19,19,0.0397887) (20,20,0.0795775) (21,21,0.0397887) (22,22,0.0397887) (23,23,0.0795775) (24,24,0.0397887) (25,25,0.0397887) (26,26,0.0795775) 
v0:
size: 27 1
(0,0,0.603255) (1,0,-0.688742) (2,0,0) (3,0,-0.818778) (4,0,0.102908) (5,0,0) (6,0,-0.381126) (7,0,-0.307991) (8,0,0) (9,0,-0.935844) (10,0,-0.816759) (11,0,0) (12,0,-0.882476) (13,0,0.296415) (14,0,0) (15,0,-0.788754) (16,0,-0.143881) (17,0,0) (18,0,-0.131609) (19,0,0.137216) (20,0,0) (21,0,0.833121) (22,0,0.648614) (23,0,0) (24,0,0.581803) (25,0,-0.922901) (26,0,0) 
ipopt_sol:
size: 14 1
(0,0,38.6491) (1,0,4.66668e-07) (2,0,1.14909e-07) (3,0,2.8626e-06) (4,0,3.49298e-08) (5,0,5.85635) (6,0,3.67893e-07) (7,0,4.99635e-07) (8,0,12.975) (9,0,5.52202) (10,0,1.05885e-07) (11,0,6.72473) (12,0,8.11312) (13,0,35.762) 
policy_sol:
size: 14 1
(0,0,38.6491) (1,0,0) (2,0,0) (3,0,0) (4,0,0) (5,0,8.61784) (6,0,0) (7,0,-5.19319) (8,0,9.76196) (9,0,8.44949) (10,0,0) (11,0,9.78487) (12,0,8.11312) (13,0,35.762) 

policy_converges:
0
