Git Revision:     18345a57b34405566a64d0bf3d2a118f1cdbade3
Build Mode:       Debug
C Compiler:       /usr/bin/cc
C++ Compiler:     /usr/bin/c++
Fortran Compiler: gfortran
Body count: 9
No end time specified. Simulation will run indefinitely.
N:
size: 27 24
(0,0,-0.0302066) (1,0,-0.999544) (3,0,0.0302066) (4,0,0.999544) (0,1,-0.999989) (1,1,0.00467761) (9,1,0.999989) (10,1,-0.00467761) (0,2,-0.721291) (1,2,-0.692633) (12,2,0.721291) (13,2,0.692633) (0,3,-0.466323) (1,3,-0.884614) (15,3,0.466323) (16,3,0.884614) (0,4,-0.999908) (1,4,0.0135666) (18,4,0.999908) (19,4,-0.0135666) (0,5,-0.90257) (1,5,-0.430544) (21,5,0.90257) (22,5,0.430544) (0,6,-0.714439) (1,6,-0.699698) (24,6,0.714439) (25,6,0.699698) (3,7,-0.722033) (4,7,0.691858) (9,7,0.722033) (10,7,-0.691858) (3,8,-0.999697) (4,8,-0.0245968) (12,8,0.999697) (13,8,0.0245968) (3,9,-0.999958) (4,9,0.00918627) (21,9,0.999958) (22,9,-0.00918627) (3,10,-0.901265) (4,10,-0.433268) (24,10,0.901265) (25,10,0.433268) (6,11,-0.46609) (7,11,0.884737) (9,11,0.46609) (10,11,-0.884737) (6,12,-0.728218) (7,12,0.685345) (12,12,0.728218) (13,12,-0.685345) (6,13,-0.999226) (7,13,0.0393351) (15,13,0.999226) (16,13,-0.0393351) (6,14,-0.89184) (7,14,0.452351) (21,14,0.89184) (22,14,-0.452351) (6,15,-0.999117) (7,15,0.0420258) (24,15,0.999117) (25,15,-0.0420258) (9,16,0.0184573) (10,16,-0.99983) (15,16,-0.0184573) (16,16,0.99983) (9,17,-0.704142) (10,17,-0.710059) (21,17,0.704142) (22,17,0.710059) (9,18,-0.419666) (10,18,-0.907679) (24,18,0.419666) (25,18,0.907679) (12,19,0.0267356) (13,19,-0.999643) (15,19,-0.0267356) (16,19,0.999643) (12,20,-0.706464) (13,20,-0.707749) (24,20,0.706464) (25,20,0.707749) (15,21,-0.713603) (16,21,0.70055) (21,21,0.713603) (22,21,-0.70055) (15,22,-0.998987) (16,22,0.0449903) (24,22,0.998987) (25,22,-0.0449903) (21,23,0.0845459) (22,23,-0.99642) (24,23,-0.0845459) (25,23,0.99642) 
Q:
size: 24 24
(0,0,0.0795775) (1,0,0.00101584) (2,0,0.0284133) (3,0,0.0357421) (4,0,0.000662218) (5,0,0.0182078) (6,0,0.0286861) (7,0,0.0266478) (8,0,-0.00217975) (9,0,-0.000836488) (10,0,-0.0183145) (0,1,0.00101584) (1,1,0.0795775) (2,1,0.02857) (3,1,0.0183896) (4,1,0.0397872) (5,1,0.0358316) (6,1,0.0282961) (7,1,0.0288572) (11,1,0.0187096) (16,1,0.000920468) (17,1,-0.0278845) (18,1,-0.0165288) (0,2,0.0284133) (1,2,0.02857) (2,2,0.0795775) (3,2,0.0377622) (4,2,0.0283227) (5,2,0.0377684) (6,2,0.0397868) (8,2,0.0293684) (12,2,0.00201191) (19,2,-0.0267818) (20,2,-0.0397798) (0,3,0.0357421) (1,3,0.0183896) (2,3,0.0377622) (3,3,0.0795775) (4,3,0.0180752) (5,3,0.0319008) (6,3,0.0378837) (13,3,0.0171555) (16,3,0.0348492) (19,3,0.034689) (21,3,0.0114173) (22,3,-0.0169521) (0,4,0.000662218) (1,4,0.0397872) (2,4,0.0283227) (3,4,0.0180752) (4,4,0.0795775) (5,4,0.0356764) (6,4,0.0280463) (0,5,0.0182078) (1,5,0.0358316) (2,5,0.0377684) (3,5,0.0319008) (4,5,0.0356764) (5,5,0.0795775) (6,5,0.0376434) (9,5,0.0357532) (14,5,0.0242787) (17,5,0.0374511) (21,5,0.013626) (23,5,-0.0140332) (0,6,0.0286861) (1,6,0.0282961) (2,6,0.0397868) (3,6,0.0378837) (4,6,0.0280463) (5,6,0.0376434) (6,6,0.0795775) (10,6,0.0376821) (15,6,0.0272315) (18,6,0.0371995) (20,6,0.0397862) (22,6,0.0271453) (23,6,0.0253371) (0,7,0.0266478) (1,7,0.0288572) (7,7,0.0795775) (8,7,0.028043) (9,7,0.0289805) (10,7,0.0139652) (11,7,0.0377454) (16,7,0.0280537) (17,7,-0.000682532) (18,7,0.0129303) (0,8,-0.00217975) (2,8,0.0293684) (7,8,0.028043) (8,8,0.0795775) (9,8,0.039766) (10,8,0.0362734) (12,8,0.0282954) (19,8,8.51279e-05) (20,8,-0.0287934) (0,9,-0.000836488) (5,9,0.0357532) (7,9,0.0289805) (8,9,0.039766) (9,9,0.0795775) (10,9,0.0357003) (14,9,0.035649) (17,9,0.0277562) (21,9,0.0286482) (23,9,0.00372803) (0,10,-0.0183145) (6,10,0.0376821) (7,10,0.0139652) (8,10,0.0362734) (9,10,0.0357003) (10,10,0.0795775) (15,10,0.035104) (18,10,0.0306969) (20,10,0.0375349) (22,10,0.0350483) (23,10,0.0141456) (1,11,0.0187096) (7,11,0.0377454) (11,11,0.0795775) (12,11,0.0376308) (13,11,0.0199155) (14,11,0.0324632) (15,11,0.0200082) (16,11,0.0355389) (17,11,0.0119375) (18,11,0.0241699) (2,12,0.00201191) (8,12,0.0282954) (11,12,0.0376308) (12,12,0.0795775) (13,12,0.0300251) (14,12,0.0381761) (15,12,0.0300953) (19,12,0.0280339) (20,12,-0.00117008) (3,13,0.0171555) (11,13,0.0199155) (12,13,0.0300251) (13,13,0.0795775) (14,13,0.0361657) (15,13,0.0397886) (16,13,-0.00229865) (19,13,-0.00262749) (21,13,-0.0294678) (22,13,-0.0397881) (5,14,0.0242787) (9,14,0.035649) (11,14,0.0324632) (12,14,0.0381761) (13,14,0.0361657) (14,14,0.0795775) (15,14,0.0362102) (17,14,0.0122066) (21,14,0.0379312) (23,14,0.0209342) (6,15,0.0272315) (10,15,0.035104) (11,15,0.0200082) (12,15,0.0300953) (13,15,0.0397886) (14,15,0.0362102) (15,15,0.0795775) (18,15,0.0151654) (20,15,0.026901) (22,15,0.0397886) (23,15,-0.00502717) (1,16,0.000920468) (3,16,0.0348492) (7,16,0.0280537) (11,16,0.0355389) (13,16,-0.00229865) (16,16,0.0795775) (17,16,0.0277304) (18,16,0.035801) (19,16,0.0397874) (21,16,0.0283933) (22,16,0.00252345) (1,17,-0.0278845) (5,17,0.0374511) (7,17,-0.000682532) (9,17,0.0277562) (11,17,0.0119375) (14,17,0.0122066) (16,17,0.0277304) (17,17,0.0795775) (18,17,0.0374018) (21,17,0.000200775) (23,17,-0.0257825) (1,18,-0.0165288) (6,18,0.0371995) (7,18,0.0129303) (10,18,0.0306969) (11,18,0.0241699) (15,18,0.0151654) (16,18,0.035801) (17,18,0.0374018) (18,18,0.0795775) (20,18,0.0373571) (22,18,0.0150562) (23,18,0.0345743) (2,19,-0.0267818) (3,19,0.034689) (8,19,8.51279e-05) (12,19,0.0280339) (13,19,-0.00262749) (16,19,0.0397874) (19,19,0.0795775) (20,19,0.0273989) (21,19,0.0286232) (22,19,0.00285217) (2,20,-0.0397798) (6,20,0.0397862) (8,20,-0.0287934) (10,20,0.0375349) (12,20,-0.00117008) (15,20,0.026901) (18,20,0.0373571) (19,20,0.0273989) (20,20,0.0795775) (22,20,0.0268139) (23,20,0.0256831) (3,21,0.0114173) (5,21,0.013626) (9,21,0.0286482) (13,21,-0.0294678) (14,21,0.0379312) (16,21,0.0283933) (17,21,0.000200775) (19,21,0.0286232) (21,21,0.0795775) (22,21,0.0296187) (23,21,0.0301748) (3,22,-0.0169521) (6,22,0.0271453) (10,22,0.0350483) (13,22,-0.0397881) (15,22,0.0397886) (16,22,0.00252345) (18,22,0.0150562) (19,22,0.00285217) (20,22,0.0268139) (21,22,0.0296187) (22,22,0.0795775) (23,22,-0.00514426) (5,23,-0.0140332) (6,23,0.0253371) (9,23,0.00372803) (10,23,0.0141456) (14,23,0.0209342) (15,23,-0.00502717) (17,23,-0.0257825) (18,23,0.0345743) (20,23,0.0256831) (21,23,0.0301748) (22,23,-0.00514426) (23,23,0.0795775) 
Minv:
size: 27 27
(0,0,0.0397887) (1,1,0.0397887) (2,2,0.0795775) (3,3,0.0397887) (4,4,0.0397887) (5,5,0.0795775) (6,6,0.0397887) (7,7,0.0397887) (8,8,0.0795775) (9,9,0.0397887) (10,10,0.0397887) (11,11,0.0795775) (12,12,0.0397887) (13,13,0.0397887) (14,14,0.0795775) (15,15,0.0397887) (16,16,0.0397887) (17,17,0.0795775) (18,18,0.0397887) (19,19,0.0397887) (20,20,0.0795775) (21,21,0.0397887) (22,22,0.0397887) (23,23,0.0795775) (24,24,0.0397887) (25,25,0.0397887) (26,26,0.0795775) 
v0:
size: 27 1
(0,0,0.690875) (1,0,-0.485783) (2,0,0) (3,0,-0.210685) (4,0,-0.688401) (5,0,0) (6,0,-0.225838) (7,0,0.356194) (8,0,0) (9,0,-0.400328) (10,0,0.447559) (11,0,0) (12,0,-0.635321) (13,0,0.580244) (14,0,0) (15,0,-0.410899) (16,0,-0.069467) (17,0,0) (18,0,0.442037) (19,0,-0.637656) (20,0,0) (21,0,-0.478125) (22,0,0.458107) (23,0,0) (24,0,-0.698829) (25,0,-0.389339) (26,0,0) 
ipopt_sol:
size: 24 1
(0,0,3.46212) (1,0,32.6159) (2,0,2.40801e-07) (3,0,8.30579e-08) (4,0,1.02724e-07) (5,0,3.74634e-07) (6,0,2.27862e-07) (7,0,6.32304) (8,0,8.08193) (9,0,1.71291e-07) (10,0,1.22659e-07) (11,0,7.19782e-08) (12,0,1.03025e-06) (13,0,10.4167) (14,0,1.60887e-07) (15,0,0.000258071) (16,0,1.5655e-07) (17,0,16.8651) (18,0,7.26512) (19,0,16.0727) (20,0,0.961089) (21,0,2.38922e-07) (22,0,11.3192) (23,0,23.4826) 
policy_sol:
size: 24 1
(0,0,3.46212) (1,0,32.6159) (2,0,0) (3,0,0) (4,0,0) (5,0,0) (6,0,0) (7,0,6.32304) (8,0,8.08193) (9,0,0) (10,0,0) (11,0,0) (12,0,0) (13,0,10.417) (14,0,0) (15,0,0) (16,0,0) (17,0,16.8651) (18,0,7.26512) (19,0,16.0727) (20,0,0.961087) (21,0,0) (22,0,11.3194) (23,0,23.4826) 

policy_converges:
1
ipopt_converges:
0
