Git Revision:     18345a57b34405566a64d0bf3d2a118f1cdbade3
Build Mode:       Debug
C Compiler:       /usr/bin/cc
C++ Compiler:     /usr/bin/c++
Fortran Compiler: gfortran
Body count: 9
No end time specified. Simulation will run indefinitely.
N:
size: 27 12
(0,0,-0.999785) (1,0,0.0207406) (9,0,0.999785) (10,0,-0.0207406) (0,1,-0.999934) (1,1,-0.0115154) (18,1,0.999934) (19,1,0.0115154) (0,2,-0.888296) (1,2,-0.459272) (21,2,0.888296) (22,2,0.459272) (3,3,-0.0585836) (4,3,-0.998283) (6,3,0.0585836) (7,3,0.998283) (3,4,-0.715263) (4,4,-0.698855) (15,4,0.715263) (16,4,0.698855) (3,5,-0.897262) (4,5,0.441498) (18,5,0.897262) (19,5,-0.441498) (3,6,-0.999643) (4,6,-0.0267264) (21,6,0.999643) (22,6,0.0267264) (9,7,-0.999029) (10,7,-0.044059) (18,7,0.999029) (19,7,0.044059) (12,8,-0.725387) (13,8,0.688342) (18,8,0.725387) (19,8,-0.688342) (12,9,-0.996185) (13,9,-0.0872641) (21,9,0.996185) (22,9,0.0872641) (12,10,-0.725884) (13,10,-0.687818) (24,10,0.725884) (25,10,0.687818) (21,11,-0.0556388) (22,11,-0.998451) (24,11,0.0556388) (25,11,0.998451) 
Q:
size: 12 12
(0,0,0.0795775) (1,0,0.039768) (2,0,0.0349576) (7,0,-0.0397052) (0,1,0.039768) (1,1,0.0795775) (2,1,0.0355523) (5,1,0.0354963) (7,1,0.0397676) (8,1,0.0285449) (0,2,0.0349576) (1,2,0.0355523) (2,2,0.0795775) (6,2,0.0358199) (9,2,0.036804) (11,2,-0.020212) (3,3,0.0795775) (4,3,0.0294261) (5,3,-0.015445) (6,3,0.00339172) (3,4,0.0294261) (4,4,0.0795775) (5,4,0.013259) (6,4,0.0291924) (1,5,0.0354963) (3,5,-0.015445) (4,5,0.013259) (5,5,0.0795775) (6,5,0.0352187) (7,5,0.0348923) (8,5,0.0379888) (2,6,0.0358199) (3,6,0.00339172) (4,6,0.0291924) (5,6,0.0352187) (6,6,0.0795775) (9,6,0.0397156) (11,6,-0.00327477) (0,7,-0.0397052) (1,7,0.0397676) (5,7,0.0348923) (7,7,0.0795775) (8,7,0.0276275) (1,8,0.0285449) (5,8,0.0379888) (7,8,0.0276275) (8,8,0.0795775) (9,8,0.0263621) (10,8,0.0021125) (2,9,0.036804) (6,9,0.0397156) (8,9,0.0263621) (9,9,0.0795775) (10,9,0.03116) (11,9,-0.0056721) (8,10,0.0021125) (9,10,0.03116) (10,10,0.0795775) (11,10,0.028932) (2,11,-0.020212) (6,11,-0.00327477) (9,11,-0.0056721) (10,11,0.028932) (11,11,0.0795775) 
Minv:
size: 27 27
(0,0,0.0397887) (1,1,0.0397887) (2,2,0.0795775) (3,3,0.0397887) (4,4,0.0397887) (5,5,0.0795775) (6,6,0.0397887) (7,7,0.0397887) (8,8,0.0795775) (9,9,0.0397887) (10,10,0.0397887) (11,11,0.0795775) (12,12,0.0397887) (13,13,0.0397887) (14,14,0.0795775) (15,15,0.0397887) (16,16,0.0397887) (17,17,0.0795775) (18,18,0.0397887) (19,19,0.0397887) (20,20,0.0795775) (21,21,0.0397887) (22,22,0.0397887) (23,23,0.0795775) (24,24,0.0397887) (25,25,0.0397887) (26,26,0.0795775) 
v0:
size: 27 1
(0,0,0.469772) (1,0,-0.711771) (2,0,0) (3,0,0.40983) (4,0,0.0371854) (5,0,0) (6,0,-0.843452) (7,0,0.0949972) (8,0,0) (9,0,-0.0516178) (10,0,-0.507706) (11,0,0) (12,0,0.987038) (13,0,0.229279) (14,0,0) (15,0,-0.218636) (16,0,0.386324) (17,0,0) (18,0,-0.321769) (19,0,-0.769401) (20,0,0) (21,0,-0.263648) (22,0,0.23646) (23,0,0) (24,0,0.994965) (25,0,-0.785542) (26,0,0) 
ipopt_sol:
size: 12 1
(0,0,22.2842) (1,0,3.58e-06) (2,0,7.76529e-08) (3,0,7.4398e-07) (4,0,5.16531) (5,0,8.76955e-07) (6,0,1.95901e-06) (7,0,18.1915) (8,0,9.65674e-08) (9,0,33.1686) (10,0,2.12544e-07) (11,0,26.2501) 
policy_sol:
size: 12 1
(0,0,22.2842) (1,0,0) (2,0,0) (3,0,0) (4,0,5.16532) (5,0,0) (6,0,0) (7,0,18.1915) (8,0,0) (9,0,33.1686) (10,0,0) (11,0,26.2501) 

policy_converges:
1
ipopt_converges:
0
