Git Revision:     3cfe7dc3fe6810e9e399640d632720aa3564fe80
Build Mode:       Debug
C Compiler:       /usr/bin/cc
C++ Compiler:     /usr/bin/c++
Fortran Compiler: gfortran
Body count: 9
No end time specified. Simulation will run indefinitely.
N:
size: 27 13
(0,0,0.0471937) (1,0,-0.998886) (3,0,-0.0471937) (4,0,0.998886) (0,1,-0.999823) (1,1,-0.0188305) (18,1,0.999823) (19,1,0.0188305) (3,2,-0.694962) (4,2,0.719046) (9,2,0.694962) (10,2,-0.719046) (3,3,-0.904505) (4,3,0.426463) (18,3,0.904505) (19,3,-0.426463) (6,4,-0.717237) (7,4,0.696829) (18,4,0.717237) (19,4,-0.696829) (9,5,-0.997956) (10,5,-0.0638984) (18,5,0.997956) (19,5,0.0638984) (12,6,0.00950799) (13,6,-0.999955) (15,6,-0.00950799) (16,6,0.999955) (12,7,-0.720692) (13,7,0.693256) (18,7,0.720692) (19,7,-0.693256) (12,8,-0.717535) (13,8,-0.696522) (24,8,0.717535) (25,8,0.696522) (15,9,-0.458377) (16,9,0.888758) (18,9,0.458377) (19,9,-0.888758) (18,10,0.0208859) (19,10,-0.999782) (21,10,-0.0208859) (22,10,0.999782) (18,11,0.012255) (19,11,-0.999925) (24,11,-0.012255) (25,11,0.999925) (21,12,0.00383877) (22,12,-0.999993) (24,12,-0.00383877) (25,12,0.999993) 
Q:
size: 13 13
(0,0,0.0795775) (1,0,-0.00112904) (2,0,0.029883) (3,0,0.018648) (0,1,-0.00112904) (1,1,0.0795775) (3,1,0.0356632) (4,1,0.0280108) (5,1,0.0397483) (7,1,0.0281509) (9,1,0.0175691) (10,1,8.17961e-05) (11,1,-0.000261661) (0,2,0.029883) (2,2,0.0795775) (3,2,0.0372122) (5,2,-0.025767) (0,3,0.018648) (1,3,0.0356632) (2,3,0.0372122) (3,3,0.0795775) (4,3,0.0376368) (5,3,0.0348313) (7,3,0.0377005) (9,3,0.0315774) (10,3,0.0177164) (11,3,0.0174082) (1,4,0.0280108) (3,4,0.0376368) (4,4,0.0795775) (5,4,0.026708) (7,4,0.0397882) (9,4,0.0377228) (10,4,0.0283159) (11,4,0.0280736) (1,5,0.0397483) (2,5,-0.025767) (3,5,0.0348313) (4,5,0.026708) (5,5,0.0795775) (7,5,0.0268543) (9,5,0.0159414) (10,5,-0.00171256) (11,5,-0.00205563) (6,6,0.0795775) (7,6,-0.0278552) (8,6,0.027441) (9,6,0.0355344) (1,7,0.0281509) (3,7,0.0377005) (4,7,0.0397882) (5,7,0.0268543) (6,7,-0.0278552) (7,7,0.0795775) (8,7,0.00136292) (9,7,0.0376594) (10,7,0.0281767) (11,7,0.0279331) (6,8,0.027441) (7,8,0.00136292) (8,8,0.0795775) (11,8,0.0273618) (12,8,0.0276039) (1,9,0.0175691) (3,9,0.0315774) (4,9,0.0377228) (5,9,0.0159414) (6,9,0.0355344) (7,9,0.0376594) (9,9,0.0795775) (10,9,0.0357358) (11,9,0.0355834) (1,10,8.17961e-05) (3,10,0.0177164) (4,10,0.0283159) (5,10,-0.00171256) (7,10,0.0281767) (9,10,0.0357358) (10,10,0.0795775) (11,10,0.0397873) (12,10,-0.039783) (1,11,-0.000261661) (3,11,0.0174082) (4,11,0.0280736) (5,11,-0.00205563) (7,11,0.0279331) (8,11,0.0273618) (9,11,0.0355834) (10,11,0.0397873) (11,11,0.0795775) (12,11,0.0397873) (8,12,0.0276039) (10,12,-0.039783) (11,12,0.0397873) (12,12,0.0795775) 
Minv:
size: 27 27
(0,0,0.0397887) (1,1,0.0397887) (2,2,0.0795775) (3,3,0.0397887) (4,4,0.0397887) (5,5,0.0795775) (6,6,0.0397887) (7,7,0.0397887) (8,8,0.0795775) (9,9,0.0397887) (10,10,0.0397887) (11,11,0.0795775) (12,12,0.0397887) (13,13,0.0397887) (14,14,0.0795775) (15,15,0.0397887) (16,16,0.0397887) (17,17,0.0795775) (18,18,0.0397887) (19,19,0.0397887) (20,20,0.0795775) (21,21,0.0397887) (22,22,0.0397887) (23,23,0.0795775) (24,24,0.0397887) (25,25,0.0397887) (26,26,0.0795775) 
v0:
size: 27 1
(0,0,-0.291096) (1,0,-0.442587) (2,0,0) (3,0,-0.508299) (4,0,-0.480254) (5,0,0) (6,0,-0.222094) (7,0,0.831163) (8,0,0) (9,0,-0.234901) (10,0,-0.00725294) (11,0,0) (12,0,0.438492) (13,0,0.74709) (14,0,0) (15,0,0.136597) (16,0,0.568995) (17,0,0) (18,0,-0.885852) (19,0,0.934173) (20,0,0) (21,0,0.483385) (22,0,0.64064) (23,0,0) (24,0,0.428155) (25,0,-0.180678) (26,0,0) 
ipopt_sol:
size: 13 1
(0,0,6.56777e-07) (1,0,0.968579) (2,0,1.17805) (3,0,8.41892) (4,0,1.6491e-07) (5,0,4.14546) (6,0,10.4911) (7,0,21.1158) (8,0,3.78119) (9,0,2.61267e-07) (10,0,11.3225) (11,0,6.52158e-06) (12,0,24.9853) 
policy_sol:
size: 13 1
(0,0,0) (1,0,0.968577) (2,0,1.17805) (3,0,8.41893) (4,0,0) (5,0,4.14546) (6,0,10.4911) (7,0,21.1158) (8,0,3.78119) (9,0,0) (10,0,11.3225) (11,0,0) (12,0,24.9853) 

policy_converges:
1
