Git Revision:     18345a57b34405566a64d0bf3d2a118f1cdbade3
Build Mode:       Debug
C Compiler:       /usr/bin/cc
C++ Compiler:     /usr/bin/c++
Fortran Compiler: gfortran
Body count: 9
No end time specified. Simulation will run indefinitely.
N:
size: 27 25
(0,0,-0.00586172) (1,0,-0.999983) (3,0,0.00586172) (4,0,0.999983) (0,1,-0.0354274) (1,1,-0.999372) (6,1,0.0354274) (7,1,0.999372) (0,2,-0.999969) (1,2,0.00784012) (18,2,0.999969) (19,2,-0.00784012) (0,3,-0.729926) (1,3,-0.683526) (24,3,0.729926) (25,3,0.683526) (3,4,-0.0656822) (4,4,-0.997841) (6,4,0.0656822) (7,4,0.997841) (3,5,-0.694768) (4,5,0.719234) (9,5,0.694768) (10,5,-0.719234) (3,6,-0.895556) (4,6,0.444949) (18,6,0.895556) (19,6,-0.444949) (3,7,-0.907071) (4,7,-0.420977) (24,7,0.907071) (25,7,0.420977) (6,8,-0.42371) (7,8,0.905798) (9,8,0.42371) (10,8,-0.905798) (6,9,-0.69533) (7,9,0.718691) (12,9,0.69533) (13,9,-0.718691) (6,10,-0.705465) (7,10,0.708745) (18,10,0.705465) (19,10,-0.708745) (6,11,-0.885116) (7,11,0.46537) (21,11,0.885116) (22,11,-0.46537) (6,12,-0.999999) (7,12,-0.00152315) (24,12,0.999999) (25,12,0.00152315) (9,13,-0.0224023) (10,13,-0.999749) (12,13,0.0224023) (13,13,0.999749) (9,14,-0.00446363) (10,14,-0.99999) (15,14,0.00446363) (16,14,0.99999) (9,15,-0.999656) (10,15,-0.0262253) (18,15,0.999656) (19,15,0.0262253) (9,16,-0.727775) (10,16,-0.685816) (21,16,0.727775) (22,16,0.685816) (9,17,-0.477399) (10,17,-0.878686) (24,17,0.477399) (25,17,0.878686) (12,18,-0.71526) (13,18,0.698859) (18,18,0.71526) (19,18,-0.698859) (12,19,-0.999143) (13,19,0.0413887) (21,19,0.999143) (22,19,-0.0413887) (12,20,-0.731458) (13,20,-0.681887) (24,20,0.731458) (25,20,0.681887) (15,21,-0.691107) (16,21,0.722752) (21,21,0.691107) (22,21,-0.722752) (15,22,-0.999621) (16,22,0.0275297) (24,22,0.999621) (25,22,-0.0275297) (18,23,-0.0303265) (19,23,-0.99954) (24,23,0.0303265) (25,23,0.99954) (21,24,-0.0588833) (22,24,-0.998265) (24,24,0.0588833) (25,24,0.998265) 
Q:
size: 25 25
(0,0,0.0795775) (1,0,0.0397713) (2,0,-7.87198e-05) (3,0,0.0273664) (4,0,-0.0397175) (5,0,0.0284549) (6,0,0.0174948) (7,0,-0.0169614) (0,1,0.0397713) (1,1,0.0795775) (2,1,0.00109781) (3,1,0.0282085) (4,1,0.0397705) (8,1,0.0354207) (9,1,0.0275977) (10,1,0.0271879) (11,1,0.0172572) (12,1,-0.00147017) (0,2,-7.87198e-05) (1,2,0.00109781) (2,2,0.0795775) (3,2,0.0288287) (6,2,0.0357708) (10,2,0.0282898) (15,2,0.0397656) (18,2,0.0286764) (23,2,-0.000894812) (0,3,0.0273664) (1,3,0.0282085) (2,3,0.0288287) (3,3,0.0795775) (7,3,0.0377931) (12,3,0.0290842) (17,3,0.0377624) (20,3,0.0397886) (22,3,0.0282831) (23,3,0.0280649) (24,3,0.0288596) (0,4,-0.0397175) (1,4,0.0397705) (4,4,0.0795775) (5,4,-0.0267399) (6,4,-0.0153253) (7,4,0.0190845) (8,4,0.0348554) (9,4,0.0267169) (10,4,0.0262955) (11,4,0.0161633) (12,4,-0.00267388) (0,5,0.0284549) (4,5,-0.0267399) (5,5,0.0795775) (6,5,0.03749) (7,5,0.0130278) (8,5,0.0376346) (13,5,0.0279909) (14,5,0.0284937) (15,5,-0.0268839) (16,5,-0.000492313) (17,5,0.0119485) (0,6,0.0174948) (2,6,0.0357708) (4,6,-0.0153253) (5,6,0.03749) (6,6,0.0795775) (7,6,0.0248687) (10,6,0.0376854) (15,6,0.0351565) (18,6,0.0378594) (23,6,0.0166152) (0,7,-0.0169614) (3,7,0.0377931) (4,7,0.0190845) (5,7,0.0130278) (6,7,0.0248687) (7,7,0.0795775) (12,7,0.0361167) (17,7,0.0319481) (20,7,0.0378209) (22,7,0.0356164) (23,7,0.017837) (24,7,0.0188463) (1,8,0.0354207) (4,8,0.0348554) (5,8,0.0376346) (8,8,0.0795775) (9,8,0.0376245) (10,8,0.0374369) (11,8,0.0316943) (12,8,0.016804) (13,8,0.0356538) (14,8,0.0359649) (15,8,-0.0159079) (16,8,0.0124477) (17,8,0.0236199) (1,9,0.0275977) (4,9,0.0267169) (8,9,0.0376245) (9,9,0.0795775) (10,9,0.0397847) (11,9,0.0377955) (12,9,0.0276227) (13,9,-0.0279688) (18,9,-0.039773) (19,9,-0.0288261) (20,9,-0.000737619) (1,10,0.0271879) (2,10,0.0282898) (4,10,0.0262955) (6,10,0.0376854) (8,10,0.0374369) (9,10,0.0397847) (10,10,0.0795775) (11,10,0.0379683) (12,10,0.0280266) (15,10,0.0273203) (18,10,0.0397849) (23,10,0.0273358) (1,11,0.0172572) (4,11,0.0161633) (8,11,0.0316943) (9,11,0.0377955) (10,11,0.0379683) (11,11,0.0795775) (12,11,0.0351894) (16,11,0.0129316) (19,11,0.0359538) (21,11,0.037722) (24,11,0.0164106) (1,12,-0.00147017) (3,12,0.0290842) (4,12,-0.00267388) (7,12,0.0361167) (8,12,0.016804) (9,12,0.0276227) (10,12,0.0280266) (11,12,0.0351894) (12,12,0.0795775) (17,12,0.0190483) (20,12,0.0291451) (22,12,0.0397719) (23,12,0.00126723) (24,12,0.00240339) (5,13,0.0279909) (8,13,0.0356538) (9,13,-0.0279688) (13,13,0.0795775) (14,13,0.0397823) (15,13,0.00193426) (16,13,0.0279296) (17,13,0.0353786) (18,13,0.0271622) (19,13,0.000755793) (20,13,-0.0277766) (5,14,0.0284937) (8,14,0.0359649) (13,14,0.0397823) (14,14,0.0795775) (15,14,0.001221) (16,14,0.0274167) (17,14,0.0350463) (21,14,0.0286344) (22,14,0.000917825) (2,15,0.0397656) (5,15,-0.0268839) (6,15,0.0351565) (8,15,-0.0159079) (10,15,0.0273203) (13,15,0.00193426) (14,15,0.001221) (15,15,0.0795775) (16,15,0.0296629) (17,15,0.0199055) (18,15,0.0277202) (23,15,-0.00224923) (5,16,-0.000492313) (8,16,0.0124477) (11,16,0.0129316) (13,16,0.0279296) (14,16,0.0274167) (15,16,0.0296629) (16,16,0.0795775) (17,16,0.0378015) (19,16,0.027803) (21,16,0.000290279) (24,16,-0.0289455) (3,17,0.0377624) (5,17,0.0119485) (7,17,0.0319481) (8,17,0.0236199) (12,17,0.0190483) (13,17,0.0353786) (14,17,0.0350463) (15,17,0.0199055) (16,17,0.0378015) (17,17,0.0795775) (20,17,0.0377341) (22,17,0.0180254) (23,17,0.0355218) (24,17,0.0360197) (2,18,0.0286764) (6,18,0.0378594) (9,18,-0.039773) (10,18,0.0397849) (13,18,0.0271622) (15,18,0.0277202) (18,18,0.0795775) (19,18,0.0295858) (20,18,0.00185573) (23,18,0.0269308) (9,19,-0.0288261) (11,19,0.0359538) (13,19,0.000755793) (16,19,0.027803) (18,19,0.0295858) (19,19,0.0795775) (20,19,0.0279559) (21,19,0.028665) (24,19,-0.00069694) (3,20,0.0397886) (7,20,0.0378209) (9,20,-0.000737619) (12,20,0.0291451) (13,20,-0.0277766) (17,20,0.0377341) (18,20,0.00185573) (19,20,0.0279559) (20,20,0.0795775) (22,20,0.0283458) (23,20,0.0280016) (24,20,0.0287981) (11,21,0.037722) (14,21,0.0286344) (16,21,0.000290279) (19,21,0.028665) (21,21,0.0795775) (22,21,0.0282795) (24,21,0.0270883) (3,22,0.0282831) (7,22,0.0356164) (12,22,0.0397719) (14,22,0.000917825) (17,22,0.0180254) (20,22,0.0283458) (21,22,0.0282795) (22,22,0.0795775) (23,22,0.000111331) (24,22,0.00124854) (2,23,-0.000894812) (3,23,0.0280649) (6,23,0.0166152) (7,23,0.017837) (10,23,0.0273358) (12,23,0.00126723) (15,23,-0.00224923) (17,23,0.0355218) (18,23,0.0269308) (20,23,0.0280016) (22,23,0.000111331) (23,23,0.0795775) (24,23,0.0397725) (3,24,0.0288596) (7,24,0.0188463) (11,24,0.0164106) (12,24,0.00240339) (16,24,-0.0289455) (17,24,0.0360197) (19,24,-0.00069694) (20,24,0.0287981) (21,24,0.0270883) (22,24,0.00124854) (23,24,0.0397725) (24,24,0.0795775) 
Minv:
size: 27 27
(0,0,0.0397887) (1,1,0.0397887) (2,2,0.0795775) (3,3,0.0397887) (4,4,0.0397887) (5,5,0.0795775) (6,6,0.0397887) (7,7,0.0397887) (8,8,0.0795775) (9,9,0.0397887) (10,10,0.0397887) (11,11,0.0795775) (12,12,0.0397887) (13,13,0.0397887) (14,14,0.0795775) (15,15,0.0397887) (16,16,0.0397887) (17,17,0.0795775) (18,18,0.0397887) (19,19,0.0397887) (20,20,0.0795775) (21,21,0.0397887) (22,22,0.0397887) (23,23,0.0795775) (24,24,0.0397887) (25,25,0.0397887) (26,26,0.0795775) 
v0:
size: 27 1
(0,0,-0.904276) (1,0,0.405058) (2,0,0) (3,0,-0.678575) (4,0,-0.333889) (5,0,0) (6,0,0.00928988) (7,0,-0.470556) (8,0,0) (9,0,-0.0525162) (10,0,0.818237) (11,0,0) (12,0,0.370909) (13,0,-0.0591209) (14,0,0) (15,0,0.843109) (16,0,0.760413) (17,0,0) (18,0,-0.922521) (19,0,-0.402666) (20,0,0) (21,0,-0.544385) (22,0,-0.165074) (23,0,0) (24,0,-0.715756) (25,0,-0.738254) (26,0,0) 
ipopt_sol:
size: 25 1
(0,0,18.5382) (1,0,9.18312e-07) (2,0,8.13407e-08) (3,0,7.75621e-08) (4,0,8.11412e-07) (5,0,1.97559e-07) (6,0,9.68449e-08) (7,0,6.62037e-08) (8,0,29.5327) (9,0,3.12797e-07) (10,0,2.19687e-07) (11,0,1.63698e-07) (12,0,1.05848e-07) (13,0,7.83308) (14,0,4.64796e-08) (15,0,25.6644) (16,0,3.95881) (17,0,4.94169) (18,0,8.88206e-07) (19,0,17.8398) (20,0,10.4227) (21,0,7.02677e-08) (22,0,33.1426) (23,0,6.35421e-07) (24,0,9.70178) 
policy_sol:
size: 25 1
(0,0,18.5382) (1,0,0) (2,0,0) (3,0,0) (4,0,0) (5,0,0) (6,0,0) (7,0,0) (8,0,29.5327) (9,0,0) (10,0,0) (11,0,0) (12,0,0) (13,0,7.09132) (14,0,0) (15,0,25.6644) (16,0,2.87118) (17,0,6.63453) (18,0,0) (19,0,18.5862) (20,0,9.3805) (21,0,0) (22,0,33.1426) (23,0,0) (24,0,8.92363) 

policy_converges:
1
ipopt_converges:
0
