Git Revision:     3cfe7dc3fe6810e9e399640d632720aa3564fe80
Build Mode:       Debug
C Compiler:       /usr/bin/cc
C++ Compiler:     /usr/bin/c++
Fortran Compiler: gfortran
Body count: 9
No end time specified. Simulation will run indefinitely.
N:
size: 27 15
(3,0,0.00621081) (4,0,-0.999981) (6,0,-0.00621081) (7,0,0.999981) (3,1,-0.703845) (4,1,0.710353) (9,1,0.703845) (10,1,-0.710353) (3,2,-0.997599) (4,2,0.0692573) (12,2,0.997599) (13,2,-0.0692573) (3,3,-0.735985) (4,3,-0.676998) (15,3,0.735985) (16,3,0.676998) (3,4,-0.999888) (4,4,0.0149447) (21,4,0.999888) (22,4,-0.0149447) (6,5,-0.453964) (7,5,0.89102) (9,5,0.453964) (10,5,-0.89102) (6,6,-0.706218) (7,6,0.707995) (12,6,0.706218) (13,6,-0.707995) (6,7,-0.999941) (7,7,0.0108653) (15,7,0.999941) (16,7,-0.0108653) (6,8,-0.900998) (7,8,0.433822) (21,8,0.900998) (22,8,-0.433822) (9,9,-0.735712) (10,9,-0.677295) (21,9,0.735712) (22,9,0.677295) (9,10,-0.481101) (10,10,-0.876665) (24,10,0.481101) (25,10,0.876665) (12,11,-0.00878735) (13,11,-0.999961) (15,11,0.00878735) (16,11,0.999961) (12,12,-0.721995) (13,12,-0.691898) (24,12,0.721995) (25,12,0.691898) (18,13,0.0057748) (19,13,-0.999983) (24,13,-0.0057748) (25,13,0.999983) (21,14,0.00878007) (22,14,-0.999961) (24,14,-0.00878007) (25,14,0.999961) 
Q:
size: 15 15
(0,0,0.0795775) (1,0,-0.0284375) (2,0,-0.00300213) (3,0,0.0267545) (4,0,-0.000841712) (5,0,0.0355641) (6,0,0.0283442) (7,0,0.000679413) (8,0,0.0174836) (0,1,-0.0284375) (1,1,0.0795775) (2,1,0.0298954) (3,1,0.00147663) (4,1,0.0284244) (5,1,0.0378972) (9,1,-0.00146058) (10,1,0.0113048) (0,2,-0.00300213) (1,2,0.0298954) (2,2,0.0795775) (3,2,0.027348) (4,2,0.0397299) (6,2,0.029983) (11,2,0.00240676) (12,2,-0.0267517) (0,3,0.0267545) (1,3,0.00147663) (2,3,0.027348) (3,3,0.0795775) (4,3,0.0288781) (7,3,0.0289895) (11,3,0.0271932) (0,4,-0.000841712) (1,4,0.0284244) (2,4,0.0397299) (3,4,0.0288781) (4,4,0.0795775) (8,4,0.0361035) (9,4,0.028867) (14,4,0.000943917) (0,5,0.0355641) (1,5,0.0378972) (5,5,0.0795775) (6,5,0.0378564) (7,5,0.0184468) (8,5,0.0316545) (9,5,0.0107229) (10,5,0.0223901) (0,6,0.0283442) (2,6,0.029983) (5,6,0.0378564) (6,6,0.0795775) (7,6,0.0284039) (8,6,0.0375385) (11,6,0.0279222) (12,6,-0.00079679) (0,7,0.000679413) (3,7,0.0289895) (5,7,0.0184468) (6,7,0.0284039) (7,7,0.0795775) (8,7,0.036035) (11,7,-8.26815e-05) (0,8,0.0174836) (4,8,0.0361035) (5,8,0.0316545) (6,8,0.0375385) (7,8,0.036035) (8,8,0.0795775) (9,8,0.014684) (14,8,0.0175753) (1,9,-0.00146058) (4,9,0.028867) (5,9,0.0107229) (8,9,0.014684) (9,9,0.0795775) (10,9,0.0377083) (14,9,-0.0266907) (1,10,0.0113048) (5,10,0.0223901) (9,10,0.0377083) (10,10,0.0795775) (12,10,0.0379551) (13,10,0.0347703) (14,10,0.034712) (2,11,0.00240676) (3,11,0.0271932) (6,11,0.0279222) (7,11,-8.26815e-05) (11,11,0.0795775) (12,11,0.0277811) (2,12,-0.0267517) (6,12,-0.00079679) (10,12,0.0379551) (11,12,0.0277811) (12,12,0.0795775) (13,12,0.0273634) (14,12,0.0272765) (10,13,0.0347703) (12,13,0.0273634) (13,13,0.0795775) (14,13,0.0397886) (4,14,0.000943917) (8,14,0.0175753) (9,14,-0.0266907) (10,14,0.034712) (12,14,0.0272765) (13,14,0.0397886) (14,14,0.0795775) 
Minv:
size: 27 27
(0,0,0.0397887) (1,1,0.0397887) (2,2,0.0795775) (3,3,0.0397887) (4,4,0.0397887) (5,5,0.0795775) (6,6,0.0397887) (7,7,0.0397887) (8,8,0.0795775) (9,9,0.0397887) (10,10,0.0397887) (11,11,0.0795775) (12,12,0.0397887) (13,13,0.0397887) (14,14,0.0795775) (15,15,0.0397887) (16,16,0.0397887) (17,17,0.0795775) (18,18,0.0397887) (19,19,0.0397887) (20,20,0.0795775) (21,21,0.0397887) (22,22,0.0397887) (23,23,0.0795775) (24,24,0.0397887) (25,25,0.0397887) (26,26,0.0795775) 
v0:
size: 27 1
(0,0,-0.676259) (1,0,-0.864383) (2,0,0) (3,0,-0.0033913) (4,0,0.110658) (5,0,0) (6,0,0.0268674) (7,0,-0.484905) (8,0,0) (9,0,-0.57389) (10,0,-0.0480419) (11,0,0) (12,0,-0.615202) (13,0,0.803299) (14,0,0) (15,0,-0.750986) (16,0,0.282574) (17,0,0) (18,0,0.550326) (19,0,-0.545442) (20,0,0) (21,0,-0.540879) (22,0,-0.208308) (23,0,0) (24,0,0.506577) (25,0,-0.979834) (26,0,0) 
ipopt_sol:
size: 15 1
(0,0,7.39936) (1,0,6.94782) (2,0,0.900873) (3,0,1.08741) (4,0,7.59491) (5,0,1.7929e-07) (6,0,27.2982) (7,0,9.55701) (8,0,8.44915e-08) (9,0,6.346) (10,0,1.49996e-07) (11,0,1.90811) (12,0,3.55562) (13,0,2.14014e-06) (14,0,20.4406) 
policy_sol:
size: 15 1
(0,0,8.19146) (1,0,6.94782) (2,0,1.70805) (3,0,0) (4,0,7.59491) (5,0,0) (6,0,26.1673) (7,0,10.3508) (8,0,0) (9,0,6.346) (10,0,0) (11,0,2.65294) (12,0,3.55562) (13,0,0) (14,0,20.4406) 

policy_converges:
1
