Git Revision:     3cfe7dc3fe6810e9e399640d632720aa3564fe80
Build Mode:       Debug
C Compiler:       /usr/bin/cc
C++ Compiler:     /usr/bin/c++
Fortran Compiler: gfortran
Body count: 9
No end time specified. Simulation will run indefinitely.
N:
size: 27 14
(0,0,-0.999994) (1,0,-0.0035899) (9,0,0.999994) (10,0,0.0035899) (0,1,-0.70858) (1,1,-0.70563) (12,1,0.70858) (13,1,0.70563) (0,2,-0.99987) (1,2,-0.0161103) (18,2,0.99987) (19,2,0.0161103) (3,3,-0.688267) (4,3,0.725457) (9,3,0.688267) (10,3,-0.725457) (3,4,-0.999146) (4,4,0.0413208) (12,4,0.999146) (13,4,-0.0413208) (3,5,-0.8912) (4,5,0.45361) (18,5,0.8912) (19,5,-0.45361) (6,6,-0.419057) (7,6,0.90796) (9,6,0.419057) (10,6,-0.90796) (6,7,-0.999912) (7,7,-0.0132939) (15,7,0.999912) (16,7,0.0132939) (6,8,-0.691683) (7,8,0.722201) (18,8,0.691683) (19,8,-0.722201) (6,9,-0.999303) (7,9,0.037332) (24,9,0.999303) (25,9,-0.037332) (9,10,-0.0281717) (10,10,-0.999603) (12,10,0.0281717) (13,10,0.999603) (9,11,-0.999599) (10,11,-0.0283326) (18,11,0.999599) (19,11,0.0283326) (12,12,-0.70822) (13,12,0.705992) (18,12,0.70822) (19,12,-0.705992) (15,13,-0.996291) (16,13,0.0860457) (24,13,0.996291) (25,13,-0.0860457) 
Q:
size: 14 14
(0,0,0.0795775) (1,0,0.0282941) (2,0,0.0397856) (3,0,0.0272815) (6,0,0.0165439) (10,0,-0.00126369) (11,0,-0.0397766) (0,1,0.0282941) (1,1,0.0795775) (2,1,0.0286422) (4,1,0.0270093) (10,1,0.0288592) (12,1,-0.000145678) (0,2,0.0397856) (1,2,0.0286422) (2,2,0.0795775) (5,2,0.0351644) (8,2,0.0270547) (11,2,0.0397858) (12,2,0.027723) (0,3,0.0272815) (3,3,0.0795775) (4,3,0.0285546) (5,3,0.0374992) (6,3,0.0376843) (10,3,0.0280821) (11,3,-0.0265565) (1,4,0.0270093) (3,4,0.0285546) (4,4,0.0795775) (5,4,0.0361752) (10,4,-0.000523489) (12,4,-0.0293158) (2,5,0.0351644) (3,5,0.0374992) (4,5,0.0361752) (5,5,0.0795775) (8,5,0.0375616) (11,5,0.0349341) (12,5,0.0378554) (0,6,0.0165439) (3,6,0.0376843) (6,6,0.0795775) (7,6,0.016192) (8,6,0.0376236) (9,6,0.0180108) (10,6,0.0356425) (11,6,-0.0156435) (6,7,0.016192) (7,7,0.0795775) (8,7,0.0271368) (9,7,0.0397377) (13,7,-0.0395922) (2,8,0.0270547) (5,8,0.0375616) (6,8,0.0376236) (7,8,0.0271368) (8,8,0.0795775) (9,8,0.0285748) (11,8,0.026696) (12,8,0.0397781) (6,9,0.0180108) (7,9,0.0397377) (8,9,0.0285748) (9,9,0.0795775) (13,9,0.0397413) (0,10,-0.00126369) (1,10,0.0288592) (3,10,0.0280821) (4,10,-0.000523489) (6,10,0.0356425) (10,10,0.0795775) (11,10,0.00224734) (12,10,0.0272855) (0,11,-0.0397766) (2,11,0.0397858) (3,11,-0.0265565) (5,11,0.0349341) (6,11,-0.0156435) (8,11,0.026696) (10,11,0.00224734) (11,11,0.0795775) (12,11,0.027372) (1,12,-0.000145678) (2,12,0.027723) (4,12,-0.0293158) (5,12,0.0378554) (8,12,0.0397781) (10,12,0.0272855) (11,12,0.027372) (12,12,0.0795775) (7,13,-0.0395922) (9,13,0.0397413) (13,13,0.0795775) 
Minv:
size: 27 27
(0,0,0.0397887) (1,1,0.0397887) (2,2,0.0795775) (3,3,0.0397887) (4,4,0.0397887) (5,5,0.0795775) (6,6,0.0397887) (7,7,0.0397887) (8,8,0.0795775) (9,9,0.0397887) (10,10,0.0397887) (11,11,0.0795775) (12,12,0.0397887) (13,13,0.0397887) (14,14,0.0795775) (15,15,0.0397887) (16,16,0.0397887) (17,17,0.0795775) (18,18,0.0397887) (19,19,0.0397887) (20,20,0.0795775) (21,21,0.0397887) (22,22,0.0397887) (23,23,0.0795775) (24,24,0.0397887) (25,25,0.0397887) (26,26,0.0795775) 
v0:
size: 27 1
(0,0,-0.15059) (1,0,-0.386475) (2,0,0) (3,0,0.216169) (4,0,-0.113245) (5,0,0) (6,0,0.79529) (7,0,0.709842) (8,0,0) (9,0,-0.884446) (10,0,0.576742) (11,0,0) (12,0,-0.490325) (13,0,-0.515073) (14,0,0) (15,0,0.552182) (16,0,0.867307) (17,0,0) (18,0,-0.978989) (19,0,-0.884462) (20,0,0) (21,0,0.779109) (22,0,0.0207796) (23,0,0) (24,0,-0.0264898) (25,0,0.962969) (26,0,0) 
ipopt_sol:
size: 14 1
(0,0,22.0254) (1,0,1.02716e-07) (2,0,3.61283e-06) (3,0,20.3193) (4,0,10.1629) (5,0,2.06311e-07) (6,0,1.25272e-07) (7,0,9.62945e-06) (8,0,8.9369e-08) (9,0,18.0352) (10,0,19.8134) (11,0,20.6464) (12,0,1.32665e-07) (13,0,5.68968) 
policy_sol:
size: 14 1
(0,0,24.7049) (1,0,0) (2,0,0) (3,0,22.3249) (4,0,4.41945) (5,0,0) (6,0,0) (7,0,0) (8,0,0) (9,0,18.0352) (10,0,23.6228) (11,0,27.2615) (12,0,-13.705) (13,0,5.68967) 

policy_converges:
0
