Git Revision:     3cfe7dc3fe6810e9e399640d632720aa3564fe80
Build Mode:       Debug
C Compiler:       /usr/bin/cc
C++ Compiler:     /usr/bin/c++
Fortran Compiler: gfortran
Body count: 9
No end time specified. Simulation will run indefinitely.
N:
size: 27 24
(0,0,-0.0623089) (1,0,-0.998057) (3,0,0.0623089) (4,0,0.998057) (0,1,0.0114648) (1,1,-0.999934) (6,1,-0.0114648) (7,1,0.999934) (0,2,-0.996898) (1,2,-0.0787028) (9,2,0.996898) (10,2,0.0787028) (0,3,-0.710679) (1,3,-0.703516) (12,3,0.710679) (13,3,0.703516) (0,4,-0.440998) (1,4,-0.897508) (15,4,0.440998) (16,4,0.897508) (0,5,-0.999779) (1,5,-0.0210119) (18,5,0.999779) (19,5,0.0210119) (0,6,-0.898314) (1,6,-0.439354) (21,6,0.898314) (22,6,0.439354) (0,7,-0.70663) (1,7,-0.707584) (24,7,0.70663) (25,7,0.707584) (3,8,-0.704165) (4,8,0.710037) (9,8,0.704165) (10,8,-0.710037) (3,9,-1) (4,9,-0.000636616) (12,9,1) (13,9,0.000636616) (3,10,-0.669869) (4,10,-0.74248) (15,10,0.669869) (16,10,0.74248) (3,11,-0.900253) (4,11,0.435367) (18,11,0.900253) (19,11,-0.435367) (3,12,-0.999978) (4,12,0.00661387) (21,12,0.999978) (22,12,-0.00661387) (6,13,-0.715263) (7,13,0.698856) (12,13,0.715263) (13,13,-0.698856) (6,14,-0.999476) (7,14,-0.0323683) (15,14,0.999476) (16,14,0.0323683) (6,15,-0.723862) (7,15,0.689945) (18,15,0.723862) (19,15,-0.689945) (6,16,-0.893892) (7,16,0.448283) (21,16,0.893892) (22,16,-0.448283) (6,17,-0.999993) (7,17,0.00387133) (24,17,0.999993) (25,17,-0.00387133) (9,18,-0.999481) (10,18,0.0322) (18,18,0.999481) (19,18,-0.0322) (12,19,0.00618456) (13,19,-0.999981) (15,19,-0.00618456) (16,19,0.999981) (12,20,-0.99991) (13,20,0.0134386) (21,20,0.99991) (22,20,-0.0134386) (12,21,-0.702516) (13,21,-0.711668) (24,21,0.702516) (25,21,0.711668) (15,22,-0.692239) (16,22,0.721669) (21,22,0.692239) (22,22,-0.721669) (21,23,0.0176939) (22,23,-0.999843) (24,23,-0.0176939) (25,23,0.999843) 
Q:
size: 24 24
(0,0,0.0795775) (1,0,0.0396804) (2,0,0.0055969) (3,0,0.0296995) (4,0,0.0367346) (5,0,0.00331306) (6,0,0.0196745) (7,0,0.029851) (8,0,0.0264508) (9,0,-0.00250447) (10,0,-0.0311457) (11,0,0.0150571) (12,0,-0.00221649) (0,1,0.0396804) (1,1,0.0795775) (2,1,0.00267652) (3,1,0.027666) (4,1,0.0355072) (5,1,0.000379913) (6,1,0.0170704) (7,1,0.0278297) (13,1,0.028131) (14,1,-0.000831877) (15,1,0.0277804) (16,1,0.0182432) (17,1,0.000610192) (0,2,0.0055969) (1,2,0.00267652) (2,2,0.0795775) (3,2,0.0303924) (4,2,0.0203028) (5,2,0.0397224) (6,2,0.0370077) (7,2,0.0302445) (8,2,0.0257075) (18,2,-0.0395439) (0,3,0.0296995) (1,3,0.027666) (2,3,0.0303924) (3,3,0.0795775) (4,3,0.0375932) (5,3,0.028859) (6,3,0.0377001) (7,3,0.0397881) (9,3,0.0282948) (13,3,0.000663119) (19,3,-0.0278166) (20,3,-0.0278983) (21,3,-0.0397861) (0,4,0.0367346) (1,4,0.0355072) (2,4,0.0203028) (3,4,0.0375932) (4,4,0.0795775) (5,4,0.0182932) (6,4,0.0314521) (7,4,0.0376674) (10,4,0.0382685) (14,4,0.0186934) (19,4,0.0356015) (22,4,0.0136248) (0,5,0.00331306) (1,5,0.000379913) (2,5,0.0397224) (3,5,0.028859) (4,5,0.0182932) (5,5,0.0795775) (6,5,0.0361022) (7,5,0.0287013) (11,5,0.035448) (15,5,0.0282184) (18,5,0.0397324) (0,6,0.0196745) (1,6,0.0170704) (2,6,0.0370077) (3,6,0.0377001) (4,6,0.0314521) (5,6,0.0361022) (6,6,0.0795775) (7,6,0.0376264) (12,6,0.0356264) (16,6,0.0241136) (20,6,0.0355046) (22,6,0.0121268) (23,6,-0.0168462) (0,7,0.029851) (1,7,0.0278297) (2,7,0.0302445) (3,7,0.0397881) (4,7,0.0376674) (5,7,0.0287013) (6,7,0.0376264) (7,7,0.0795775) (17,7,0.0280067) (21,7,0.0397881) (23,7,0.027652) (0,8,0.0264508) (2,8,0.0257075) (8,8,0.0795775) (9,8,0.0279998) (10,8,-0.00220787) (11,8,0.0375229) (12,8,0.0282041) (18,8,-0.028913) (0,9,-0.00250447) (3,9,0.0282948) (8,9,0.0279998) (9,9,0.0795775) (10,9,0.026672) (11,9,0.0358089) (12,9,0.0397877) (13,9,0.0284417) (19,9,0.000220746) (20,9,-0.0397848) (21,9,-0.0279703) (0,10,-0.0311457) (4,10,0.0382685) (8,10,-0.00220787) (9,10,0.026672) (10,10,0.0795775) (11,10,0.0111329) (12,10,0.0264573) (14,10,0.0275955) (19,10,0.0293769) (22,10,0.00286938) (0,11,0.0150571) (5,11,0.035448) (8,11,0.0375229) (9,11,0.0358089) (10,11,0.0111329) (11,11,0.0795775) (12,11,0.0359337) (15,11,0.0378804) (18,11,0.0363591) (0,12,-0.00221649) (6,12,0.0356264) (8,12,0.0282041) (9,12,0.0397877) (10,12,0.0264573) (11,12,0.0359337) (12,12,0.0795775) (16,12,0.035684) (20,12,0.0397878) (22,12,0.0277326) (23,12,0.000967118) (1,13,0.028131) (3,13,0.000663119) (9,13,0.0284417) (13,13,0.0795775) (14,13,0.0275444) (15,13,0.0397857) (16,13,0.0379048) (17,13,0.0285668) (19,13,0.0279821) (20,13,-0.0288305) (21,13,-0.000204137) (1,14,-0.000831877) (4,14,0.0186934) (10,14,0.0275955) (13,14,0.0275444) (14,14,0.0795775) (15,14,0.0278979) (16,14,0.0349708) (17,14,0.0397626) (19,14,0.00104192) (22,14,-0.0265994) (1,15,0.0277804) (5,15,0.0282184) (11,15,0.0378804) (13,15,0.0397857) (14,15,0.0278979) (15,15,0.0795775) (16,15,0.0380518) (17,15,0.0289076) (18,15,0.0296706) (1,16,0.0182432) (6,16,0.0241136) (12,16,0.035684) (13,16,0.0379048) (14,16,0.0349708) (15,16,0.0380518) (16,16,0.0795775) (17,16,0.0356356) (20,16,0.0358033) (22,16,0.0374929) (23,16,0.0184631) (1,17,0.000610192) (7,17,0.0280067) (13,17,0.0285668) (14,17,0.0397626) (15,17,0.0289076) (16,17,0.0356356) (17,17,0.0795775) (21,17,0.0278424) (23,17,-0.000858023) (2,18,-0.0395439) (5,18,0.0397324) (8,18,-0.028913) (11,18,0.0363591) (15,18,0.0296706) (18,18,0.0795775) (3,19,-0.0278166) (4,19,0.0356015) (9,19,0.000220746) (10,19,0.0293769) (13,19,0.0279821) (14,19,0.00104192) (19,19,0.0795775) (20,19,-0.000780749) (21,19,0.0281429) (22,19,0.0288841) (3,20,-0.0278983) (6,20,0.0355046) (9,20,-0.0397848) (12,20,0.0397878) (13,20,-0.0288305) (16,20,0.0358033) (19,20,-0.000780749) (20,20,0.0795775) (21,20,0.0275692) (22,20,0.0279267) (23,20,0.00123857) (3,21,-0.0397861) (7,21,0.0397881) (9,21,-0.0279703) (13,21,-0.000204137) (17,21,0.0278424) (19,21,0.0281429) (20,21,0.0275692) (21,21,0.0795775) (23,21,0.0278173) (4,22,0.0136248) (6,22,0.0121268) (10,22,0.00286938) (12,22,0.0277326) (14,22,-0.0265994) (16,22,0.0374929) (19,22,0.0288841) (20,22,0.0279267) (22,22,0.0795775) (23,22,0.0291971) (6,23,-0.0168462) (7,23,0.027652) (12,23,0.000967118) (16,23,0.0184631) (17,23,-0.000858023) (20,23,0.00123857) (21,23,0.0278173) (22,23,0.0291971) (23,23,0.0795775) 
Minv:
size: 27 27
(0,0,0.0397887) (1,1,0.0397887) (2,2,0.0795775) (3,3,0.0397887) (4,4,0.0397887) (5,5,0.0795775) (6,6,0.0397887) (7,7,0.0397887) (8,8,0.0795775) (9,9,0.0397887) (10,10,0.0397887) (11,11,0.0795775) (12,12,0.0397887) (13,13,0.0397887) (14,14,0.0795775) (15,15,0.0397887) (16,16,0.0397887) (17,17,0.0795775) (18,18,0.0397887) (19,19,0.0397887) (20,20,0.0795775) (21,21,0.0397887) (22,22,0.0397887) (23,23,0.0795775) (24,24,0.0397887) (25,25,0.0397887) (26,26,0.0795775) 
v0:
size: 27 1
(0,0,0.732299) (1,0,0.588223) (2,0,0) (3,0,-0.202851) (4,0,-0.851199) (5,0,0) (6,0,0.353745) (7,0,0.160704) (8,0,0) (9,0,-0.286706) (10,0,-0.745382) (11,0,0) (12,0,-0.483941) (13,0,0.336927) (14,0,0) (15,0,-0.647143) (16,0,-0.735571) (17,0,0) (18,0,-0.665717) (19,0,-0.754167) (20,0,0) (21,0,-0.502705) (22,0,0.112915) (23,0,0) (24,0,0.164986) (25,0,-0.418184) (26,0,0) 
ipopt_sol:
size: 24 1
(0,0,31.5885) (1,0,1.11586e-07) (2,0,32.4836) (3,0,3.56058) (4,0,4.453e-07) (5,0,2.15696e-06) (6,0,10.4341) (7,0,1.39505e-07) (8,0,9.71847e-08) (9,0,6.70292) (10,0,2.91438e-07) (11,0,1.14434e-07) (12,0,6.22254e-07) (13,0,3.96778e-07) (14,0,27.6431) (15,0,5.89276e-08) (16,0,4.10447e-07) (17,0,1.17234e-07) (18,0,25.6554) (19,0,25.5061) (20,0,6.13688e-07) (21,0,1.40936e-07) (22,0,6.30067) (23,0,13.5399) 
policy_sol:
size: 24 1
(0,0,31.5885) (1,0,0) (2,0,32.4836) (3,0,3.56058) (4,0,0) (5,0,0) (6,0,10.4342) (7,0,0) (8,0,0) (9,0,6.70292) (10,0,0) (11,0,0) (12,0,0) (13,0,0) (14,0,27.6431) (15,0,0) (16,0,0) (17,0,0) (18,0,25.6554) (19,0,25.5061) (20,0,0) (21,0,0) (22,0,6.30067) (23,0,13.5399) 

policy_converges:
1
