Git Revision:     18345a57b34405566a64d0bf3d2a118f1cdbade3
Build Mode:       Debug
C Compiler:       /usr/bin/cc
C++ Compiler:     /usr/bin/c++
Fortran Compiler: gfortran
Body count: 9
No end time specified. Simulation will run indefinitely.
N:
size: 27 25
(0,0,0.0246686) (1,0,-0.999696) (6,0,-0.0246686) (7,0,0.999696) (0,1,-0.696803) (1,1,-0.717262) (12,1,0.696803) (13,1,0.717262) (0,2,-0.428275) (1,2,-0.903648) (15,2,0.428275) (16,2,0.903648) (0,3,-0.898749) (1,3,-0.438463) (21,3,0.898749) (22,3,0.438463) (0,4,-0.718544) (1,4,-0.695481) (24,4,0.718544) (25,4,0.695481) (3,5,0.0507459) (4,5,-0.998712) (6,5,-0.0507459) (7,5,0.998712) (3,6,-0.678514) (4,6,0.734588) (9,6,0.678514) (10,6,-0.734588) (3,7,-0.999894) (4,7,-0.0145668) (12,7,0.999894) (13,7,0.0145668) (3,8,-0.687035) (4,8,-0.726624) (15,8,0.687035) (16,8,0.726624) (3,9,-0.999972) (4,9,0.00754625) (21,9,0.999972) (22,9,-0.00754625) (3,10,-0.90405) (4,10,-0.427426) (24,10,0.90405) (25,10,0.427426) (6,11,-0.448743) (7,11,0.893661) (9,11,0.448743) (10,11,-0.893661) (6,12,-0.731162) (7,12,0.682204) (12,12,0.731162) (13,12,-0.682204) (6,13,-0.901146) (7,13,0.433516) (21,13,0.901146) (22,13,-0.433516) (6,14,-0.999925) (7,14,0.0122237) (24,14,0.999925) (25,14,-0.0122237) (9,15,-0.0150045) (10,15,-0.999887) (12,15,0.0150045) (13,15,0.999887) (9,16,0.00980914) (10,16,-0.999952) (15,16,-0.00980914) (16,16,0.999952) (9,17,-0.712433) (10,17,-0.70174) (21,17,0.712433) (22,17,0.70174) (9,18,-0.464146) (10,18,-0.885759) (24,18,0.464146) (25,18,0.885759) (12,19,0.0364635) (13,19,-0.999335) (15,19,-0.0364635) (16,19,0.999335) (12,20,-0.739862) (13,20,-0.672758) (24,20,0.739862) (25,20,0.672758) (15,21,-0.724145) (16,21,0.689648) (21,21,0.724145) (22,21,-0.689648) (15,22,-0.998952) (16,22,0.0457661) (24,22,0.998952) (25,22,-0.0457661) (18,23,-0.0695525) (19,23,-0.997578) (21,23,0.0695525) (22,23,0.997578) (18,24,-0.0355462) (19,24,-0.999368) (24,24,0.0355462) (25,24,0.999368) 
Q:
size: 25 25
(0,0,0.0795775) (1,0,0.0278463) (2,0,0.0355237) (3,0,0.0165584) (4,0,0.0269586) (5,0,0.0397752) (11,0,0.0359873) (12,0,0.0278534) (13,0,0.0181283) (14,0,0.00146768) (0,1,0.0278463) (1,1,0.0795775) (2,1,0.0376631) (3,1,0.037431) (4,1,0.0397699) (7,1,0.0281377) (12,1,0.000802013) (15,1,0.0289517) (19,1,-0.027509) (20,1,-0.0397124) (0,2,0.0355237) (1,2,0.0376631) (2,2,0.0795775) (3,2,0.0310801) (4,2,0.0372504) (8,2,0.0378332) (16,2,0.0357861) (19,2,0.0353098) (21,2,0.0124565) (22,2,-0.0153772) (0,3,0.0165584) (1,3,0.037431) (2,3,0.0310801) (3,3,0.0795775) (4,3,0.0378285) (9,3,0.0356274) (13,3,0.024662) (17,3,0.0377192) (21,3,0.013864) (23,3,0.0198908) (0,4,0.0269586) (1,4,0.0397699) (2,4,0.0372504) (3,4,0.0378285) (4,4,0.0795775) (10,4,0.0376746) (14,4,0.0282496) (18,4,0.0377809) (20,4,0.0397694) (22,4,0.0272936) (24,4,0.0286711) (0,5,0.0397752) (5,5,0.0795775) (6,5,-0.0305607) (7,5,-0.00144005) (8,5,0.027487) (9,5,-0.00231893) (10,5,0.0151595) (11,5,0.0364179) (12,5,0.0285854) (13,5,0.0190463) (14,5,0.0025047) (5,6,-0.0305607) (6,6,0.0795775) (7,6,0.0265686) (8,6,-0.00268998) (9,6,0.027217) (10,6,0.0119139) (11,6,0.038235) (15,6,0.0288199) (16,6,0.0294917) (17,6,0.00127698) (18,6,0.0133586) (1,7,0.0281377) (5,7,-0.00144005) (6,7,0.0265686) (7,7,0.0795775) (8,7,0.0277545) (9,7,0.039779) (10,7,0.0362149) (12,7,0.0286935) (15,7,0.00117648) (19,7,0.000871474) (20,7,-0.029825) (2,8,0.0378332) (5,8,0.027487) (6,8,-0.00268998) (7,8,0.0277545) (8,8,0.0795775) (9,8,0.0271173) (10,8,0.0370709) (16,8,0.0286419) (19,8,0.0278955) (21,8,0.000143321) (22,8,-0.0259844) (3,9,0.0356274) (5,9,-0.00231893) (6,9,0.027217) (7,9,0.039779) (8,9,0.0271173) (9,9,0.0795775) (10,9,0.0358417) (13,9,0.0359846) (17,9,0.0281353) (21,9,0.0290191) (23,9,0.0024678) (4,10,0.0376746) (5,10,0.0151595) (6,10,0.0119139) (7,10,0.0362149) (8,10,0.0370709) (9,10,0.0358417) (10,10,0.0795775) (14,10,0.0357604) (18,10,0.0317597) (20,10,0.038055) (22,10,0.035155) (24,10,0.0182746) (0,11,0.0359873) (5,11,0.0364179) (6,11,0.038235) (11,11,0.0795775) (12,11,0.0373124) (13,11,0.0315047) (14,11,0.0182882) (15,11,0.0352857) (16,11,0.0357311) (17,11,0.0122318) (18,11,0.0232082) (0,12,0.0278534) (1,12,0.000802013) (5,12,0.0285854) (7,12,0.0286935) (11,12,0.0373124) (12,12,0.0795775) (13,12,0.0379835) (14,12,0.0294216) (15,12,-0.0267045) (19,12,0.0281868) (20,12,-0.0032627) (0,13,0.0181283) (3,13,0.024662) (5,13,0.0190463) (9,13,0.0359846) (11,13,0.0315047) (12,13,0.0379835) (13,13,0.0795775) (14,13,0.0360636) (17,13,0.0134403) (21,13,0.0378603) (23,13,-0.0147134) (0,14,0.00146768) (4,14,0.0282496) (5,14,0.0025047) (10,14,0.0357604) (11,14,0.0182882) (12,14,0.0294216) (13,14,0.0360636) (14,14,0.0795775) (18,14,0.0180356) (20,14,0.0291088) (22,14,0.0397663) (24,14,0.000928174) (1,15,0.0289517) (6,15,0.0288199) (7,15,0.00117648) (11,15,0.0352857) (12,15,-0.0267045) (15,15,0.0795775) (16,15,0.0397765) (17,15,0.0283435) (18,15,0.0355164) (19,15,-0.039736) (20,15,-0.0272069) (2,16,0.0357861) (6,16,0.0294917) (8,16,0.0286419) (11,16,0.0357311) (15,16,0.0397765) (16,16,0.0795775) (17,16,0.027642) (18,16,0.0350604) (19,16,0.0397746) (21,16,0.0277215) (22,16,0.00221077) (3,17,0.0377192) (6,17,0.00127698) (9,17,0.0281353) (11,17,0.0122318) (13,17,0.0134403) (15,17,0.0283435) (16,17,0.027642) (17,17,0.0795775) (18,17,0.0378886) (21,17,0.00127129) (23,17,0.0298253) (4,18,0.0377809) (6,18,0.0133586) (10,18,0.0317597) (11,18,0.0232082) (14,18,0.0180356) (15,18,0.0355164) (16,18,0.0350604) (17,18,0.0378886) (18,18,0.0795775) (20,18,0.0373738) (22,18,0.0168355) (24,18,0.0358774) (1,19,-0.027509) (2,19,0.0353098) (7,19,0.000871474) (8,19,0.0278955) (12,19,0.0281868) (15,19,-0.039736) (16,19,0.0397746) (19,19,0.0795775) (20,19,0.025677) (21,19,0.0284726) (22,19,0.00326908) (1,20,-0.0397124) (4,20,0.0397694) (7,20,-0.029825) (10,20,0.038055) (12,20,-0.0032627) (14,20,0.0291088) (15,20,-0.0272069) (18,20,0.0373738) (19,20,0.025677) (20,20,0.0795775) (22,20,0.0281823) (24,20,0.0277977) (2,21,0.0124565) (3,21,0.013864) (8,21,0.000143321) (9,21,0.0290191) (13,21,0.0378603) (16,21,0.0277215) (17,21,0.00127129) (19,21,0.0284726) (21,21,0.0795775) (22,21,0.0300385) (23,21,-0.0253698) (2,22,-0.0153772) (4,22,0.0272936) (8,22,-0.0259844) (10,22,0.035155) (14,22,0.0397663) (16,22,0.00221077) (18,22,0.0168355) (19,22,0.00326908) (20,22,0.0281823) (21,22,0.0300385) (22,22,0.0795775) (24,22,-0.00040697) (3,23,0.0198908) (9,23,0.0024678) (13,23,-0.0147134) (17,23,0.0298253) (21,23,-0.0253698) (23,23,0.0795775) (24,23,0.0397657) (4,24,0.0286711) (10,24,0.0182746) (14,24,0.000928174) (18,24,0.0358774) (20,24,0.0277977) (22,24,-0.00040697) (23,24,0.0397657) (24,24,0.0795775) 
Minv:
size: 27 27
(0,0,0.0397887) (1,1,0.0397887) (2,2,0.0795775) (3,3,0.0397887) (4,4,0.0397887) (5,5,0.0795775) (6,6,0.0397887) (7,7,0.0397887) (8,8,0.0795775) (9,9,0.0397887) (10,10,0.0397887) (11,11,0.0795775) (12,12,0.0397887) (13,13,0.0397887) (14,14,0.0795775) (15,15,0.0397887) (16,16,0.0397887) (17,17,0.0795775) (18,18,0.0397887) (19,19,0.0397887) (20,20,0.0795775) (21,21,0.0397887) (22,22,0.0397887) (23,23,0.0795775) (24,24,0.0397887) (25,25,0.0397887) (26,26,0.0795775) 
v0:
size: 27 1
(0,0,0.0562742) (1,0,-0.0764014) (2,0,0) (3,0,0.74789) (4,0,-0.0622631) (5,0,0) (6,0,-0.266981) (7,0,-0.759516) (8,0,0) (9,0,0.360303) (10,0,0.852134) (11,0,0) (12,0,-0.567261) (13,0,0.311456) (14,0,0) (15,0,-0.0671878) (16,0,-0.122288) (17,0,0) (18,0,0.793571) (19,0,0.00764689) (20,0,0) (21,0,-0.188374) (22,0,-0.0933271) (23,0,0) (24,0,-0.664713) (25,0,-0.0575509) (26,0,0) 
ipopt_sol:
size: 25 1
(0,0,6.32564) (1,0,4.04467e-07) (2,0,4.74867e-07) (3,0,2.43572e-07) (4,0,4.01091e-07) (5,0,20.335) (6,0,18.9093) (7,0,28.3819) (8,0,1.18515e-06) (9,0,3.49486e-07) (10,0,2.05929e-06) (11,0,5.98719e-06) (12,0,1.35194) (13,0,2.35898e-07) (14,0,8.7833e-07) (15,0,2.39204e-06) (16,0,2.28171e-06) (17,0,18.7813) (18,0,15.5722) (19,0,8.45337) (20,0,5.32078) (21,0,2.60582e-07) (22,0,9.55007) (23,0,3.99324e-07) (24,0,1.83944e-07) 
policy_sol:
size: 25 1
(0,0,5.88803) (1,0,0) (2,0,0) (3,0,0) (4,0,0) (5,0,22.1573) (6,0,21.94) (7,0,25.9949) (8,0,0) (9,0,0) (10,0,0.014941) (11,0,0) (12,0,0) (13,0,0) (14,0,0) (15,0,-6.38605) (16,0,0) (17,0,18.8058) (18,0,20.1959) (19,0,7.44777) (20,0,0) (21,0,0) (22,0,10.491) (23,0,0) (24,0,0) 

policy_converges:
0
ipopt_converges:
0
