Git Revision:     18345a57b34405566a64d0bf3d2a118f1cdbade3
Build Mode:       Debug
C Compiler:       /usr/bin/cc
C++ Compiler:     /usr/bin/c++
Fortran Compiler: gfortran
Body count: 9
No end time specified. Simulation will run indefinitely.
N:
size: 27 23
(0,0,0.0123493) (1,0,-0.999924) (3,0,-0.0123493) (4,0,0.999924) (0,1,-0.998997) (1,1,-0.0447847) (9,1,0.998997) (10,1,0.0447847) (0,2,-0.708439) (1,2,-0.705772) (12,2,0.708439) (13,2,0.705772) (0,3,-0.418302) (1,3,-0.908308) (15,3,0.418302) (16,3,0.908308) (0,4,-0.9992) (1,4,-0.0400033) (18,4,0.9992) (19,4,0.0400033) (0,5,-0.89336) (1,5,-0.449341) (21,5,0.89336) (22,5,0.449341) (0,6,-0.701567) (1,6,-0.712603) (24,6,0.701567) (25,6,0.712603) (3,7,-0.999138) (4,7,0.0415066) (12,7,0.999138) (13,7,-0.0415066) (3,8,-0.692496) (4,8,-0.721422) (15,8,0.692496) (16,8,0.721422) (3,9,-0.895677) (4,9,0.444705) (18,9,0.895677) (19,9,-0.444705) (3,10,-0.999666) (4,10,0.0258488) (21,10,0.999666) (22,10,-0.0258488) (3,11,-0.89731) (4,11,-0.441402) (24,11,0.89731) (25,11,0.441402) (6,12,-0.998214) (7,12,-0.0597435) (15,12,0.998214) (16,12,0.0597435) (6,13,-0.718805) (7,13,0.695212) (18,13,0.718805) (19,13,-0.695212) (6,14,-0.999538) (7,14,-0.030393) (24,14,0.999538) (25,14,0.030393) (9,15,-0.999375) (10,15,-0.0353588) (18,15,0.999375) (19,15,0.0353588) (9,16,-0.732095) (10,16,-0.681203) (21,16,0.732095) (22,16,0.681203) (12,17,0.0671739) (13,17,-0.997741) (15,17,-0.0671739) (16,17,0.997741) (12,18,-0.708683) (13,18,0.705527) (18,18,0.708683) (19,18,-0.705527) (12,19,-0.694726) (13,19,-0.719275) (24,19,0.694726) (25,19,0.719275) (15,20,-0.454568) (16,20,0.890712) (18,20,0.454568) (19,20,-0.890712) (18,21,-0.0432621) (19,21,-0.999064) (21,21,0.0432621) (22,21,0.999064) (18,22,-0.0363676) (19,22,-0.999338) (24,22,0.0363676) (25,22,0.999338) 
Q:
size: 23 23
(0,0,0.0795775) (1,0,0.00129092) (2,0,0.0277316) (3,0,0.0359321) (4,0,0.00110059) (5,0,0.0174384) (6,0,0.0280067) (7,0,0.00214231) (8,0,-0.028362) (9,0,0.018133) (10,0,0.00151961) (11,0,-0.0171206) (0,1,0.00129092) (1,1,0.0795775) (2,1,0.0294172) (3,1,0.0182455) (4,1,0.0397883) (5,1,0.0363107) (6,1,0.0291563) (15,1,-0.039787) (16,1,-0.0303137) (0,2,0.0277316) (1,2,0.0294172) (2,2,0.0795775) (3,2,0.037298) (4,2,0.0292887) (5,2,0.0378002) (6,2,0.0397869) (7,2,0.026998) (17,2,-0.0261249) (18,2,-0.000163798) (19,2,-0.0397814) (0,3,0.0359321) (1,3,0.0182455) (2,3,0.037298) (3,3,0.0795775) (4,3,0.0180761) (5,3,0.0311082) (6,3,0.0374305) (8,3,0.0375982) (12,3,0.0187731) (17,3,0.0349408) (20,3,0.024625) (0,4,0.00110059) (1,4,0.0397883) (2,4,0.0292887) (3,4,0.0180761) (4,4,0.0795775) (5,4,0.0362324) (6,4,0.0290264) (9,4,0.0349015) (13,4,0.0274709) (15,4,0.0397883) (18,4,0.0270521) (20,4,0.0166545) (21,4,-0.00331016) (22,4,-0.00303649) (0,5,0.0174384) (1,5,0.0363107) (2,5,0.0378002) (3,5,0.0311082) (4,5,0.0362324) (5,5,0.0795775) (6,5,0.0376781) (10,5,0.0350716) (16,5,0.0382018) (21,5,0.0193998) (0,6,0.0280067) (1,6,0.0291563) (2,6,0.0397869) (3,6,0.0374305) (4,6,0.0290264) (5,6,0.0376781) (6,6,0.0795775) (11,6,0.0375632) (14,6,0.0287633) (19,6,0.0397869) (22,6,0.02935) (0,7,0.00214231) (2,7,0.026998) (7,7,0.0795775) (8,7,0.0263384) (9,7,0.0363416) (10,7,0.0397839) (11,7,0.0349431) (17,7,0.00431823) (18,7,-0.0293385) (19,7,-0.0264306) (0,8,-0.028362) (3,8,0.0375982) (7,8,0.0263384) (8,8,0.0795775) (9,8,0.0119141) (10,8,0.0268024) (11,8,0.0373943) (12,8,0.0292192) (17,8,0.0267888) (20,8,0.0130424) (0,9,0.018133) (4,9,0.0349015) (7,9,0.0363416) (8,9,0.0119141) (9,9,0.0795775) (10,9,0.0360833) (11,9,0.0241679) (13,9,0.0379179) (15,9,0.0349899) (18,9,0.0377397) (20,9,0.0319603) (21,9,0.0161359) (22,9,0.0163865) (0,10,0.00151961) (5,10,0.0350716) (7,10,0.0397839) (8,10,0.0268024) (9,10,0.0360833) (10,10,0.0795775) (11,10,0.0352369) (16,10,0.0284188) (21,10,0.000693241) (0,11,-0.0171206) (6,11,0.0375632) (7,11,0.0349431) (8,11,0.0373943) (9,11,0.0241679) (10,11,0.0352369) (11,11,0.0795775) (14,11,0.0362201) (19,11,0.0374362) (22,11,0.0188496) (3,12,0.0187731) (8,12,0.0292192) (12,12,0.0795775) (13,12,0.0268966) (14,12,0.0397716) (17,12,-0.000296243) (20,12,-0.0159371) (4,13,0.0274709) (9,13,0.0379179) (12,13,0.0268966) (13,13,0.0795775) (14,13,0.0277464) (15,13,0.0276044) (18,13,0.0397846) (20,13,0.0376393) (21,13,0.0263984) (22,13,0.0266032) (6,14,0.0287633) (11,14,0.0362201) (12,14,0.0397716) (13,14,0.0277464) (14,14,0.0795775) (19,14,0.0284993) (22,14,0.00265485) (1,15,-0.039787) (4,15,0.0397883) (9,15,0.0349899) (13,15,0.0276044) (15,15,0.0795775) (16,15,0.0300693) (18,15,0.0271874) (20,15,0.0168223) (21,15,-0.00312583) (22,15,-0.00285207) (1,16,-0.0303137) (5,16,0.0382018) (10,16,0.0284188) (15,16,0.0300693) (16,16,0.0795775) (21,16,0.028339) (2,17,-0.0261249) (3,17,0.0349408) (7,17,0.00431823) (8,17,0.0267888) (12,17,-0.000296243) (17,17,0.0795775) (18,17,-0.0299028) (19,17,0.0266976) (20,17,0.0365752) (2,18,-0.000163798) (4,18,0.0270521) (7,18,-0.0293385) (9,18,0.0377397) (13,18,0.0397846) (15,18,0.0271874) (17,18,-0.0299028) (18,18,0.0795775) (19,18,-0.000601904) (20,18,0.0378218) (21,18,0.0268259) (22,18,0.027028) (2,19,-0.0397814) (6,19,0.0397869) (7,19,-0.0264306) (11,19,0.0374362) (14,19,0.0284993) (17,19,0.0266976) (18,19,-0.000601904) (19,19,0.0795775) (22,19,0.0296054) (3,20,0.024625) (4,20,0.0166545) (8,20,0.0130424) (9,20,0.0319603) (12,20,-0.0159371) (13,20,0.0376393) (15,20,0.0168223) (17,20,0.0365752) (18,20,0.0378218) (20,20,0.0795775) (21,20,0.0346247) (22,20,0.0347591) (4,21,-0.00331016) (5,21,0.0193998) (9,21,0.0161359) (10,21,0.000693241) (13,21,0.0263984) (15,21,-0.00312583) (16,21,0.028339) (18,21,0.0268259) (20,21,0.0346247) (21,21,0.0795775) (22,21,0.0397878) (4,22,-0.00303649) (6,22,0.02935) (9,22,0.0163865) (11,22,0.0188496) (13,22,0.0266032) (14,22,0.00265485) (15,22,-0.00285207) (18,22,0.027028) (19,22,0.0296054) (20,22,0.0347591) (21,22,0.0397878) (22,22,0.0795775) 
Minv:
size: 27 27
(0,0,0.0397887) (1,1,0.0397887) (2,2,0.0795775) (3,3,0.0397887) (4,4,0.0397887) (5,5,0.0795775) (6,6,0.0397887) (7,7,0.0397887) (8,8,0.0795775) (9,9,0.0397887) (10,10,0.0397887) (11,11,0.0795775) (12,12,0.0397887) (13,13,0.0397887) (14,14,0.0795775) (15,15,0.0397887) (16,16,0.0397887) (17,17,0.0795775) (18,18,0.0397887) (19,19,0.0397887) (20,20,0.0795775) (21,21,0.0397887) (22,22,0.0397887) (23,23,0.0795775) (24,24,0.0397887) (25,25,0.0397887) (26,26,0.0795775) 
v0:
size: 27 1
(0,0,0.380217) (1,0,0.257117) (2,0,0) (3,0,0.32034) (4,0,0.0440624) (5,0,0) (6,0,-0.223666) (7,0,0.574564) (8,0,0) (9,0,0.404081) (10,0,-0.514391) (11,0,0) (12,0,0.0287902) (13,0,0.500004) (14,0,0) (15,0,-0.782578) (16,0,-0.281197) (17,0,0) (18,0,-0.718235) (19,0,0.971985) (20,0,0) (21,0,0.0219993) (22,0,-0.88494) (23,0,0) (24,0,-0.524779) (25,0,0.416135) (26,0,0) 
ipopt_sol:
size: 23 1
(0,0,14.0017) (1,0,19.2062) (2,0,2.6814e-07) (3,0,4.90381e-07) (4,0,9.01805e-06) (5,0,4.60371e-07) (6,0,2.71489e-07) (7,0,2.93797e-06) (8,0,22.5036) (9,0,1.85679e-06) (10,0,3.32226e-07) (11,0,4.44868) (12,0,7.07592) (13,0,6.36651e-08) (14,0,1.25555e-05) (15,0,38.33) (16,0,9.72984e-08) (17,0,8.5877) (18,0,2.68728e-07) (19,0,6.20773) (20,0,1.40467e-07) (21,0,47.3267) (22,0,8.62457e-08) 
policy_sol:
size: 23 1
(0,0,14.0017) (1,0,19.2062) (2,0,0) (3,0,0) (4,0,0) (5,0,0) (6,0,0) (7,0,0) (8,0,22.5036) (9,0,0) (10,0,0) (11,0,4.4487) (12,0,7.07593) (13,0,0) (14,0,0) (15,0,38.3301) (16,0,0) (17,0,8.58771) (18,0,0) (19,0,6.20772) (20,0,0) (21,0,47.3267) (22,0,0) 

policy_converges:
1
ipopt_converges:
0
