Git Revision:     18345a57b34405566a64d0bf3d2a118f1cdbade3
Build Mode:       Debug
C Compiler:       /usr/bin/cc
C++ Compiler:     /usr/bin/c++
Fortran Compiler: gfortran
Body count: 9
No end time specified. Simulation will run indefinitely.
N:
size: 27 17
(0,0,0.00823378) (1,0,-0.999966) (6,0,-0.00823378) (7,0,0.999966) (0,1,-0.718876) (1,1,-0.695138) (12,1,0.718876) (13,1,0.695138) (0,2,-0.709789) (1,2,-0.704414) (24,2,0.709789) (25,2,0.704414) (3,3,0.0675843) (4,3,-0.997714) (6,3,-0.0675843) (7,3,0.997714) (3,4,-0.999892) (4,4,-0.0146632) (12,4,0.999892) (13,4,0.0146632) (3,5,-0.71232) (4,5,-0.701855) (15,5,0.71232) (16,5,0.701855) (3,6,-0.892521) (4,6,-0.451007) (24,6,0.892521) (25,6,0.451007) (6,7,-0.455264) (7,7,0.890357) (9,7,0.455264) (10,7,-0.890357) (6,8,-0.751729) (7,8,0.659472) (12,8,0.751729) (13,8,-0.659472) (6,9,-0.999975) (7,9,0.00706735) (15,9,0.999975) (16,9,-0.00706735) (6,10,-0.718479) (7,10,0.695549) (18,10,0.718479) (19,10,-0.695549) (6,11,-0.999819) (7,11,-0.0190111) (24,11,0.999819) (25,11,0.0190111) (9,12,-0.461289) (10,12,-0.88725) (24,12,0.461289) (25,12,0.88725) (12,13,-0.699919) (13,13,-0.714222) (24,13,0.699919) (25,13,0.714222) (15,14,-0.998959) (16,14,-0.0456234) (24,14,0.998959) (25,14,0.0456234) (18,15,-0.000929613) (19,15,-1) (24,15,0.000929613) (25,15,1) (21,16,0.0170623) (22,16,-0.999854) (24,16,-0.0170623) (25,16,0.999854) 
Q:
size: 17 17
(0,0,0.0795775) (1,0,0.0274222) (2,0,0.0277943) (3,0,0.0397186) (7,0,0.0355741) (8,0,0.0264849) (9,0,0.000608795) (10,0,0.0279094) (11,0,-0.000428848) (0,1,0.0274222) (1,1,0.0795775) (2,1,0.0397854) (4,1,0.0290057) (8,1,0.00326173) (13,1,-0.0397743) (0,2,0.0277943) (1,2,0.0397854) (2,2,0.0795775) (6,2,0.0378469) (11,2,0.0287693) (12,2,0.0378952) (13,2,0.0397849) (14,2,0.0294909) (15,2,0.028054) (16,2,0.0275418) (0,3,0.0397186) (3,3,0.0795775) (4,3,-0.00210671) (5,3,0.0259466) (6,3,0.0155039) (7,3,0.0365694) (8,3,0.028201) (9,3,0.00296958) (10,3,0.0295438) (11,3,0.00193391) (1,4,0.0290057) (3,4,-0.00210671) (4,4,0.0795775) (5,4,0.0287487) (6,4,0.0357716) (8,4,0.0295224) (13,4,-0.0282626) (3,5,0.0259466) (4,5,0.0287487) (5,5,0.0795775) (6,5,0.0378909) (9,5,0.0281442) (14,5,-0.0295869) (2,6,0.0378469) (3,6,0.0155039) (4,6,0.0357716) (5,6,0.0378909) (6,6,0.0795775) (11,6,0.035847) (12,6,0.0323031) (13,6,0.0376724) (14,6,0.036294) (15,6,0.017978) (16,6,0.0173365) (0,7,0.0355741) (3,7,0.0365694) (7,7,0.0795775) (8,7,0.0369797) (9,7,0.0183643) (10,7,0.0376554) (11,7,0.0174376) (12,7,0.0230759) (0,8,0.0264849) (1,8,0.00326173) (3,8,0.028201) (4,8,0.0295224) (7,8,0.0369797) (8,8,0.0795775) (9,8,0.0300951) (10,8,0.0397408) (11,8,0.0294061) (13,8,-0.00219398) (0,9,0.000608795) (3,9,0.00296958) (5,9,0.0281442) (7,9,0.0183643) (8,9,0.0300951) (9,9,0.0795775) (10,9,0.0287822) (11,9,0.0397752) (14,9,-0.0397335) (0,10,0.0279094) (3,10,0.0295438) (7,10,0.0376554) (8,10,0.0397408) (9,10,0.0287822) (10,10,0.0795775) (11,10,0.0280561) (15,10,0.0276484) (0,11,-0.000428848) (2,11,0.0287693) (3,11,0.00193391) (6,11,0.035847) (7,11,0.0174376) (8,11,0.0294061) (9,11,0.0397752) (10,11,0.0280561) (11,11,0.0795775) (12,11,0.0190219) (13,11,0.0283841) (14,11,0.0397746) (15,11,0.000793408) (16,11,7.75516e-05) (2,12,0.0378952) (6,12,0.0323031) (7,12,0.0230759) (11,12,0.0190219) (12,12,0.0795775) (13,12,0.0380603) (14,12,0.0199456) (15,12,0.0353196) (16,12,0.0349842) (1,13,-0.0397743) (2,13,0.0397849) (4,13,-0.0282626) (6,13,0.0376724) (8,13,-0.00219398) (11,13,0.0283841) (12,13,0.0380603) (13,13,0.0795775) (14,13,0.0291164) (15,13,0.0284439) (16,13,0.0279387) (2,14,0.0294909) (5,14,-0.0295869) (6,14,0.036294) (9,14,-0.0397335) (11,14,0.0397746) (12,14,0.0199456) (13,14,0.0291164) (14,14,0.0795775) (15,14,0.00185224) (16,14,0.00113685) (2,15,0.028054) (6,15,0.017978) (10,15,0.0276484) (11,15,0.000793408) (12,15,0.0353196) (13,15,0.0284439) (14,15,0.00185224) (15,15,0.0795775) (16,15,0.0397823) (2,16,0.0275418) (6,16,0.0173365) (11,16,7.75516e-05) (12,16,0.0349842) (13,16,0.0279387) (14,16,0.00113685) (15,16,0.0397823) (16,16,0.0795775) 
Minv:
size: 27 27
(0,0,0.0397887) (1,1,0.0397887) (2,2,0.0795775) (3,3,0.0397887) (4,4,0.0397887) (5,5,0.0795775) (6,6,0.0397887) (7,7,0.0397887) (8,8,0.0795775) (9,9,0.0397887) (10,10,0.0397887) (11,11,0.0795775) (12,12,0.0397887) (13,13,0.0397887) (14,14,0.0795775) (15,15,0.0397887) (16,16,0.0397887) (17,17,0.0795775) (18,18,0.0397887) (19,19,0.0397887) (20,20,0.0795775) (21,21,0.0397887) (22,22,0.0397887) (23,23,0.0795775) (24,24,0.0397887) (25,25,0.0397887) (26,26,0.0795775) 
v0:
size: 27 1
(0,0,-0.45819) (1,0,-0.11619) (2,0,0) (3,0,-0.00323329) (4,0,0.207635) (5,0,0) (6,0,0.257421) (7,0,-0.745144) (8,0,0) (9,0,0.02886) (10,0,-0.842157) (11,0,0) (12,0,-0.74325) (13,0,-0.315872) (14,0,0) (15,0,-0.56991) (16,0,0.103598) (17,0,0) (18,0,0.509828) (19,0,0.0579161) (20,0,0) (21,0,0.923722) (22,0,0.429752) (23,0,0) (24,0,-0.73059) (25,0,-0.500725) (26,0,0) 
ipopt_sol:
size: 17 1
(0,0,5.16668) (1,0,8.64549e-06) (2,0,1.95021e-07) (3,0,21.1595) (4,0,19.3498) (5,0,2.06358e-07) (6,0,4.50086e-07) (7,0,5.19435e-08) (8,0,7.0069e-07) (9,0,29.6907) (10,0,8.48001e-08) (11,0,4.46377e-06) (12,0,7.0521e-08) (13,0,1.97403e-07) (14,0,19.1797) (15,0,3.23329) (16,0,20.7822) 
policy_sol:
size: 17 1
(0,0,5.16669) (1,0,0) (2,0,0) (3,0,21.1595) (4,0,19.3498) (5,0,0) (6,0,0) (7,0,0) (8,0,0) (9,0,29.6907) (10,0,0) (11,0,0) (12,0,0) (13,0,0) (14,0,19.1797) (15,0,3.23329) (16,0,20.7822) 

policy_converges:
1
ipopt_converges:
0
