solve status: 0
N:
size: 27 17
(0,0,-0.00390243) (1,0,-0.999992) (3,0,0.00390243) (4,0,0.999992) (0,1,-0.0139142) (1,1,-0.999903) (6,1,0.0139142) (7,1,0.999903) (0,2,-0.449713) (1,2,-0.893173) (15,2,0.449713) (16,2,0.893173) (0,3,-0.999422) (1,3,0.0340041) (18,3,0.999422) (19,3,-0.0340041) (0,4,-0.90278) (1,4,-0.430103) (21,4,0.90278) (22,4,0.430103) (0,5,-0.714537) (1,5,-0.699597) (24,5,0.714537) (25,5,0.699597) (6,6,-0.999999) (7,6,0.00111901) (15,6,0.999999) (16,6,-0.00111901) (6,7,-0.700082) (7,7,0.714062) (18,7,0.700082) (19,7,-0.714062) (6,8,-0.999974) (7,8,-0.00726485) (24,8,0.999974) (25,8,0.00726485) (9,9,-0.999821) (10,9,0.0189143) (18,9,0.999821) (19,9,-0.0189143) (12,10,-0.666988) (13,10,0.745069) (18,10,0.666988) (19,10,-0.745069) (12,11,-0.999607) (13,11,0.0280284) (21,11,0.999607) (22,11,-0.0280284) (12,12,-0.696412) (13,12,-0.717642) (24,12,0.696412) (25,12,0.717642) (15,13,-0.452859) (16,13,0.891582) (18,13,0.452859) (19,13,-0.891582) (15,14,-0.999886) (16,14,-0.0150676) (24,14,0.999886) (25,14,0.0150676) (18,15,-0.0127415) (19,15,-0.999919) (21,15,0.0127415) (22,15,0.999919) (18,16,-0.000226157) (19,16,-1) (24,16,0.000226157) (25,16,1) 
Q:
size: 17 17
(0,0,0.0795775) (1,0,0.0397867) (2,0,0.0356078) (3,0,-0.00119779) (4,0,0.0172533) (5,0,0.0279468) (0,1,0.0397867) (1,1,0.0795775) (2,1,0.0357838) (3,1,-0.000799542) (4,1,0.0176114) (5,1,0.028229) (6,1,-0.000509107) (7,1,0.0280213) (8,1,-0.000842644) (0,2,0.0356078) (1,2,0.0357838) (2,2,0.0795775) (3,2,0.0166747) (4,2,0.031439) (5,2,0.037648) (6,2,0.0178537) (13,2,0.023582) (14,2,-0.0184269) (0,3,-0.00119779) (1,3,-0.000799542) (2,3,0.0166747) (3,3,0.0795775) (4,3,0.0353178) (5,3,0.0274676) (7,3,0.0288054) (9,3,0.0397842) (10,3,0.0275313) (13,3,0.0192146) (15,3,0.000846197) (16,3,0.00134399) (0,4,0.0172533) (1,4,0.0176114) (2,4,0.031439) (3,4,0.0353178) (4,4,0.0795775) (5,4,0.0376389) (11,4,0.0354267) (15,4,0.0175696) (0,5,0.0279468) (1,5,0.028229) (2,5,0.037648) (3,5,0.0274676) (4,5,0.0376389) (5,5,0.0795775) (8,5,0.028632) (12,5,0.0397757) (14,5,0.0288467) (16,5,0.0278425) (1,6,-0.000509107) (2,6,0.0178537) (6,6,0.0795775) (7,6,0.0278872) (8,6,0.0397873) (13,6,-0.0180584) (14,6,-0.0397835) (1,7,0.0280213) (3,7,0.0288054) (6,7,0.0278872) (7,7,0.0795775) (8,7,0.0276482) (9,7,0.0283878) (10,7,0.0397478) (13,7,0.0379459) (15,7,0.0280544) (16,7,0.0284053) (1,8,-0.000842644) (5,8,0.028632) (6,8,0.0397873) (7,8,0.0276482) (8,8,0.0795775) (12,8,0.0279161) (14,8,0.0397875) (16,8,0.000298058) (3,9,0.0397842) (7,9,0.0283878) (9,9,0.0795775) (10,9,0.0270946) (13,9,0.0186865) (15,9,0.000245637) (16,9,0.000743577) (3,10,0.0275313) (7,10,0.0397478) (9,10,0.0270946) (10,10,0.0795775) (11,10,0.0273591) (12,10,-0.00279293) (13,10,0.0384495) (15,10,0.0293048) (16,10,0.0296393) (4,11,0.0354267) (10,11,0.0273591) (11,11,0.0795775) (12,11,0.0268982) (15,11,-0.000608357) (5,12,0.0397757) (8,12,0.0279161) (10,12,-0.00279293) (11,12,0.0268982) (12,12,0.0795775) (14,12,0.0281365) (16,12,0.0285603) (2,13,0.023582) (3,13,0.0192146) (6,13,-0.0180584) (7,13,0.0379459) (9,13,0.0186865) (10,13,0.0384495) (13,13,0.0795775) (14,13,0.0174821) (15,13,0.0352425) (16,13,0.0354708) (2,14,-0.0184269) (5,14,0.0288467) (6,14,-0.0397835) (8,14,0.0397875) (12,14,0.0281365) (13,14,0.0174821) (14,14,0.0795775) (16,14,0.000608517) (3,15,0.000846197) (4,15,0.0175696) (7,15,0.0280544) (9,15,0.000245637) (10,15,0.0293048) (11,15,-0.000608357) (13,15,0.0352425) (15,15,0.0795775) (16,15,0.0397856) (3,16,0.00134399) (5,16,0.0278425) (7,16,0.0284053) (8,16,0.000298058) (9,16,0.000743577) (10,16,0.0296393) (12,16,0.0285603) (13,16,0.0354708) (14,16,0.000608517) (15,16,0.0397856) (16,16,0.0795775) 
Minv:
size: 27 27
(0,0,0.0397887) (1,1,0.0397887) (2,2,0.0795775) (3,3,0.0397887) (4,4,0.0397887) (5,5,0.0795775) (6,6,0.0397887) (7,7,0.0397887) (8,8,0.0795775) (9,9,0.0397887) (10,10,0.0397887) (11,11,0.0795775) (12,12,0.0397887) (13,13,0.0397887) (14,14,0.0795775) (15,15,0.0397887) (16,16,0.0397887) (17,17,0.0795775) (18,18,0.0397887) (19,19,0.0397887) (20,20,0.0795775) (21,21,0.0397887) (22,22,0.0397887) (23,23,0.0795775) (24,24,0.0397887) (25,25,0.0397887) (26,26,0.0795775) 
v0:
size: 27 1
(0,0,0.545653) (1,0,-0.22584) (2,0,0) (3,0,-0.999598) (4,0,-0.380778) (5,0,0) (6,0,-0.420774) (7,0,-0.237003) (8,0,0) (9,0,0.66393) (10,0,-0.852813) (11,0,0) (12,0,0.988778) (13,0,-0.494899) (14,0,0) (15,0,-0.839459) (16,0,-0.269781) (17,0,0) (18,0,0.184141) (19,0,0.676447) (20,0,0) (21,0,0.762348) (22,0,-0.863818) (23,0,0) (24,0,-0.912994) (25,0,0.446632) (26,0,0) 
ipopt_sol:
size: 17 1
(0,0,0) (1,0,0) (2,0,15.5509) (3,0,0) (4,0,0) (5,0,0) (6,0,4.86181) (7,0,0) (8,0,4.34221) (9,0,4.74447) (10,0,23.3388) (11,0,0) (12,0,15.6004) (13,0,0) (14,0,4.50929e-09) (15,0,29.9135) (16,0,0) 
policy_sol:
size: 17 1
(0,0,0) (1,0,0) (2,0,15.5509) (3,0,0) (4,0,0) (5,0,0) (6,0,4.86181) (7,0,0) (8,0,4.34221) (9,0,4.74447) (10,0,23.3388) (11,0,0) (12,0,15.6004) (13,0,0) (14,0,0) (15,0,29.9135) (16,0,0) 

policy_converges:
1
ipopt_converges:
0
