Git Revision:     3cfe7dc3fe6810e9e399640d632720aa3564fe80
Build Mode:       Debug
C Compiler:       /usr/bin/cc
C++ Compiler:     /usr/bin/c++
Fortran Compiler: gfortran
Body count: 9
No end time specified. Simulation will run indefinitely.
N:
size: 27 22
(0,0,-0.0755567) (1,0,-0.997142) (3,0,0.0755567) (4,0,0.997142) (0,1,-0.720681) (1,1,-0.693266) (12,1,0.720681) (13,1,0.693266) (0,2,-0.99989) (1,2,-0.0148204) (18,2,0.99989) (19,2,0.0148204) (0,3,-0.890411) (1,3,-0.455157) (21,3,0.890411) (22,3,0.455157) (0,4,-0.723321) (1,4,-0.690512) (24,4,0.723321) (25,4,0.690512) (3,5,-0.689388) (4,5,0.724392) (9,5,0.689388) (10,5,-0.724392) (3,6,-0.999955) (4,6,0.00951337) (12,6,0.999955) (13,6,-0.00951337) (3,7,-0.696411) (4,7,-0.717643) (15,7,0.696411) (16,7,0.717643) (3,8,-0.892231) (4,8,0.451579) (18,8,0.892231) (19,8,-0.451579) (3,9,-0.999743) (4,9,-0.022692) (21,9,0.999743) (22,9,0.022692) (3,10,-0.898981) (4,10,-0.437988) (24,10,0.898981) (25,10,0.437988) (6,11,-0.999932) (7,11,-0.0116689) (15,11,0.999932) (16,11,0.0116689) (6,12,-0.909117) (7,12,0.41654) (21,12,0.909117) (22,12,-0.41654) (6,13,-0.999944) (7,13,-0.010559) (24,13,0.999944) (25,13,0.010559) (9,14,-0.0414464) (10,14,-0.999141) (12,14,0.0414464) (13,14,0.999141) (9,15,-0.999958) (10,15,0.0091481) (18,15,0.999958) (19,15,-0.0091481) (9,16,-0.723092) (10,16,-0.690752) (21,16,0.723092) (22,16,0.690752) (9,17,-0.485135) (10,17,-0.874439) (24,17,0.485135) (25,17,0.874439) (15,18,-0.751636) (16,18,0.659578) (21,18,0.751636) (22,18,-0.659578) (15,19,-0.999954) (16,19,-0.00958408) (24,19,0.999954) (25,19,0.00958408) (18,20,-0.0346384) (19,20,-0.9994) (24,20,0.0346384) (25,20,0.9994) (21,21,-0.0181037) (22,21,-0.999836) (24,21,0.0181037) (25,21,0.999836) 
Q:
size: 22 22
(0,0,0.0795775) (1,0,0.0296719) (2,0,0.00359398) (3,0,0.0207352) (4,0,0.0295706) (5,0,0.0266677) (6,0,-0.00262873) (7,0,-0.0305661) (8,0,0.0152341) (9,0,-0.00390584) (10,0,-0.0200798) (0,1,0.0296719) (1,1,0.0795775) (2,1,0.0290807) (3,1,0.0380877) (4,1,0.0397884) (6,1,0.0284113) (14,1,0.028749) (0,2,0.00359398) (1,2,0.0290807) (2,2,0.0795775) (3,2,0.0356928) (4,2,0.029184) (8,2,0.0352306) (15,2,0.0397773) (20,2,-0.0019674) (0,3,0.0207352) (1,3,0.0380877) (2,3,0.0356928) (3,3,0.0795775) (4,3,0.0381313) (9,3,0.0358302) (12,3,0.0246649) (16,3,0.0381275) (18,3,0.0146842) (21,3,-0.0187485) (0,4,0.0295706) (1,4,0.0397884) (2,4,0.029184) (3,4,0.0381313) (4,4,0.0795775) (10,4,0.0379062) (13,4,0.0290685) (17,4,0.0379871) (19,4,0.029042) (20,4,0.028455) (21,4,0.0279911) (0,5,0.0266677) (5,5,0.0795775) (6,5,0.0277028) (7,5,-0.00158188) (8,5,0.0374895) (9,5,0.0267688) (10,5,0.012035) (14,5,0.027661) (15,5,-0.0276924) (16,5,7.49833e-05) (17,5,0.0118965) (0,6,-0.00262873) (1,6,0.0284113) (5,6,0.0277028) (6,6,0.0795775) (7,6,0.0274364) (8,6,0.0356701) (9,6,0.0397681) (10,6,0.0356019) (14,6,0.00127083) (0,7,-0.0305661) (5,7,-0.00158188) (6,7,0.0274364) (7,7,0.0795775) (8,7,0.0118287) (9,7,0.0283501) (10,7,0.0374165) (11,7,0.0280406) (18,7,-0.00199365) (19,7,-0.0279817) (0,8,0.0152341) (2,8,0.0352306) (5,8,0.0374895) (6,8,0.0356701) (7,8,0.0118287) (8,8,0.0795775) (9,8,0.0350839) (10,8,0.0240448) (15,8,0.0356636) (20,8,0.0167273) (0,9,-0.00390584) (3,9,0.0358302) (5,9,0.0267688) (6,9,0.0397681) (7,9,0.0283501) (8,9,0.0350839) (9,9,0.0795775) (10,9,0.0361555) (12,9,0.0357872) (16,9,0.0293872) (18,9,0.0293034) (21,9,-0.00162288) (0,10,-0.0200798) (4,10,0.0379062) (5,10,0.012035) (6,10,0.0356019) (7,10,0.0374165) (8,10,0.0240448) (9,10,0.0361555) (10,10,0.0795775) (13,10,0.0359513) (17,10,0.0325918) (19,10,0.0359347) (20,10,0.0186555) (21,10,0.0180717) (7,11,0.0280406) (11,11,0.0795775) (12,11,0.0359768) (13,11,0.0397887) (18,11,-0.0295984) (19,11,-0.0397886) (3,12,0.0246649) (9,12,0.0357872) (11,12,0.0359768) (12,12,0.0795775) (13,12,0.0359956) (16,12,0.0147079) (18,12,0.0381202) (21,12,0.015916) (4,13,0.0290685) (10,13,0.0359513) (11,13,0.0397887) (12,13,0.0359956) (13,13,0.0795775) (17,13,0.0196692) (19,13,0.0397887) (20,13,0.00179802) (21,13,0.00114034) (1,14,0.028749) (5,14,0.027661) (6,14,0.00127083) (14,14,0.0795775) (15,14,0.00128535) (16,14,0.028653) (17,14,0.035563) (2,15,0.0397773) (5,15,-0.0276924) (8,15,0.0356636) (14,15,0.00128535) (15,15,0.0795775) (16,15,0.0285183) (17,15,0.0189838) (20,15,-0.00101439) (3,16,0.0381275) (5,16,7.49833e-05) (9,16,0.0293872) (12,16,0.0147079) (14,16,0.028653) (15,16,0.0285183) (16,16,0.0795775) (17,16,0.037991) (18,16,0.00349728) (21,16,-0.0280005) (4,17,0.0379871) (5,17,0.0118965) (10,17,0.0325918) (13,17,0.0196692) (14,17,0.035563) (15,17,0.0189838) (16,17,0.037991) (17,17,0.0795775) (19,17,0.0196355) (20,17,0.0354406) (21,17,0.0351366) (3,18,0.0146842) (7,18,-0.00199365) (9,18,0.0293034) (11,18,-0.0295984) (12,18,0.0381202) (16,18,0.00349728) (18,18,0.0795775) (19,18,0.0296537) (21,18,0.0256981) (4,19,0.029042) (7,19,-0.0279817) (10,19,0.0359347) (11,19,-0.0397886) (13,19,0.0397887) (17,19,0.0196355) (18,19,0.0296537) (19,19,0.0795775) (20,19,0.00175927) (21,19,0.00110157) (2,20,-0.0019674) (4,20,0.028455) (8,20,0.0167273) (10,20,0.0186555) (13,20,0.00179802) (15,20,-0.00101439) (17,20,0.0354406) (19,20,0.00175927) (20,20,0.0795775) (21,20,0.0397833) (3,21,-0.0187485) (4,21,0.0279911) (9,21,-0.00162288) (10,21,0.0180717) (12,21,0.015916) (13,21,0.00114034) (16,21,-0.0280005) (17,21,0.0351366) (18,21,0.0256981) (19,21,0.00110157) (20,21,0.0397833) (21,21,0.0795775) 
Minv:
size: 27 27
(0,0,0.0397887) (1,1,0.0397887) (2,2,0.0795775) (3,3,0.0397887) (4,4,0.0397887) (5,5,0.0795775) (6,6,0.0397887) (7,7,0.0397887) (8,8,0.0795775) (9,9,0.0397887) (10,10,0.0397887) (11,11,0.0795775) (12,12,0.0397887) (13,13,0.0397887) (14,14,0.0795775) (15,15,0.0397887) (16,16,0.0397887) (17,17,0.0795775) (18,18,0.0397887) (19,19,0.0397887) (20,20,0.0795775) (21,21,0.0397887) (22,22,0.0397887) (23,23,0.0795775) (24,24,0.0397887) (25,25,0.0397887) (26,26,0.0795775) 
v0:
size: 27 1
(0,0,0.700729) (1,0,0.0128833) (2,0,0) (3,0,0.907123) (4,0,-0.183351) (5,0,0) (6,0,-0.327968) (7,0,0.517526) (8,0,0) (9,0,0.749365) (10,0,-0.0295674) (11,0,0) (12,0,-0.963565) (13,0,-0.677464) (14,0,0) (15,0,-0.388815) (16,0,0.62242) (17,0,0) (18,0,0.293745) (19,0,0.215479) (20,0,0) (21,0,-0.809867) (22,0,0.538403) (23,0,0) (24,0,-0.68136) (25,0,-0.372475) (26,0,0) 
ipopt_sol:
size: 22 1
(0,0,2.73316e-07) (1,0,36.0573) (2,0,1.93952e-07) (3,0,6.3829e-07) (4,0,4.08333e-07) (5,0,1.30901e-07) (6,0,17.1302) (7,0,8.73763e-08) (8,0,2.00491e-07) (9,0,22.3599) (10,0,12.7796) (11,0,0.0231899) (12,0,1.20372e-07) (13,0,2.9513) (14,0,6.57833e-07) (15,0,5.15533) (16,0,17.7233) (17,0,4.64105e-07) (18,0,9.35381e-08) (19,0,0.000123419) (20,0,1.70506e-06) (21,0,26.5784) 
policy_sol:
size: 22 1
(0,0,0) (1,0,36.0573) (2,0,0) (3,0,0) (4,0,0) (5,0,0) (6,0,17.1303) (7,0,0) (8,0,0) (9,0,22.36) (10,0,12.7793) (11,0,0.0224397) (12,0,0) (13,0,2.95188) (14,0,0) (15,0,5.15533) (16,0,17.7233) (17,0,0) (18,0,0) (19,0,0) (20,0,0) (21,0,26.5784) 

policy_converges:
1
