solve status: 0
N:
size: 27 15
(0,0,-0.00640561) (1,0,-0.999979) (6,0,0.00640561) (7,0,0.999979) (0,1,-0.442482) (1,1,-0.896777) (15,1,0.442482) (16,1,0.896777) (0,2,-0.88423) (1,2,-0.467052) (21,2,0.88423) (22,2,0.467052) (3,3,-0.012907) (4,3,-0.999917) (6,3,0.012907) (7,3,0.999917) (3,4,-0.723123) (4,4,-0.690719) (15,4,0.723123) (16,4,0.690719) (3,5,-0.999866) (4,5,-0.016388) (21,5,0.999866) (22,5,0.016388) (9,6,0.0255098) (10,6,-0.999675) (15,6,-0.0255098) (16,6,0.999675) (9,7,-0.998402) (10,7,-0.0565067) (18,7,0.998402) (19,7,0.0565067) (9,8,-0.684334) (10,8,-0.729169) (21,8,0.684334) (22,8,0.729169) (9,9,-0.455984) (10,9,-0.889988) (24,9,0.455984) (25,9,0.889988) (12,10,0.0503027) (13,10,-0.998734) (15,10,-0.0503027) (16,10,0.998734) (12,11,-0.999912) (13,11,-0.0132415) (21,11,0.999912) (22,11,0.0132415) (12,12,-0.74184) (13,12,-0.670577) (24,12,0.74184) (25,12,0.670577) (15,13,-0.463379) (16,13,0.88616) (18,13,0.463379) (19,13,-0.88616) (15,14,-0.765274) (16,14,0.643705) (21,14,0.765274) (22,14,-0.643705) 
Q:
size: 15 15
(0,0,0.0795775) (1,0,0.0357937) (2,0,0.0188084) (3,0,0.0397879) (0,1,0.0357937) (1,1,0.0795775) (2,1,0.0322327) (4,1,0.0373772) (6,1,0.0352209) (10,1,0.0347508) (13,1,0.0234615) (14,1,0.0094952) (0,2,0.0188084) (1,2,0.0322327) (2,2,0.0795775) (5,2,0.0354822) (8,2,0.0376269) (11,2,0.0354254) (14,2,0.0149619) (0,3,0.0397879) (3,3,0.0795775) (4,3,0.0278519) (5,3,0.00116549) (1,4,0.0373772) (3,4,0.0278519) (4,4,0.0795775) (5,4,0.0292187) (6,4,0.0267399) (10,4,0.0260007) (13,4,0.0110218) (14,4,-0.00432771) (2,5,0.0354822) (3,5,0.00116549) (4,5,0.0292187) (5,5,0.0795775) (8,5,0.0277006) (11,5,0.0397885) (14,5,0.0300254) (1,6,0.0352209) (4,6,0.0267399) (6,6,0.0795775) (7,6,0.00123422) (8,6,0.0283087) (9,6,0.0349371) (10,6,0.0397765) (13,6,0.0357181) (14,6,0.0263806) (6,7,0.00123422) (7,7,0.0795775) (8,7,0.0288247) (9,7,0.020115) (13,7,0.0164154) (2,8,0.0376269) (5,8,0.0277006) (6,8,0.0283087) (7,8,0.0288247) (8,8,0.0795775) (9,8,0.0382369) (11,8,0.0276106) (14,8,0.00216184) (6,9,0.0349371) (7,9,0.020115) (8,9,0.0382369) (9,9,0.0795775) (12,9,0.0372054) (1,10,0.0347508) (4,10,0.0260007) (6,10,0.0397765) (10,10,0.0795775) (11,10,-0.00147511) (12,10,0.0251629) (13,10,0.036142) (14,10,0.0271115) (2,11,0.0354254) (5,11,0.0397885) (8,11,0.0276106) (10,11,-0.00147511) (11,11,0.0795775) (12,11,0.0298676) (14,11,0.0301075) (9,12,0.0372054) (10,12,0.0251629) (11,12,0.0298676) (12,12,0.0795775) (1,13,0.0234615) (4,13,0.0110218) (6,13,0.0357181) (7,13,0.0164154) (10,13,0.036142) (13,13,0.0795775) (14,13,0.0368061) (1,14,0.0094952) (2,14,0.0149619) (4,14,-0.00432771) (5,14,0.0300254) (6,14,0.0263806) (8,14,0.00216184) (10,14,0.0271115) (11,14,0.0301075) (13,14,0.0368061) (14,14,0.0795775) 
Minv:
size: 27 27
(0,0,0.0397887) (1,1,0.0397887) (2,2,0.0795775) (3,3,0.0397887) (4,4,0.0397887) (5,5,0.0795775) (6,6,0.0397887) (7,7,0.0397887) (8,8,0.0795775) (9,9,0.0397887) (10,10,0.0397887) (11,11,0.0795775) (12,12,0.0397887) (13,13,0.0397887) (14,14,0.0795775) (15,15,0.0397887) (16,16,0.0397887) (17,17,0.0795775) (18,18,0.0397887) (19,19,0.0397887) (20,20,0.0795775) (21,21,0.0397887) (22,22,0.0397887) (23,23,0.0795775) (24,24,0.0397887) (25,25,0.0397887) (26,26,0.0795775) 
v0:
size: 27 1
(0,0,-0.958737) (1,0,0.624722) (2,0,0) (3,0,-0.682431) (4,0,0.765894) (5,0,0) (6,0,-0.937508) (7,0,0.583831) (8,0,0) (9,0,-0.104112) (10,0,0.715798) (11,0,0) (12,0,-0.41936) (13,0,0.975848) (14,0,0) (15,0,0.375775) (16,0,-0.795817) (17,0,0) (18,0,-0.436779) (19,0,-0.896226) (20,0,0) (21,0,-0.808175) (22,0,-0.663856) (23,0,0) (24,0,0.647966) (25,0,-0.464538) (26,0,0) 
ipopt_sol:
size: 15 1
(0,0,0) (1,0,0) (2,0,0) (3,0,4.65811) (4,0,0) (5,0,0) (6,0,1.35969) (7,0,0) (8,0,36.6572) (9,0,0) (10,0,41.6363) (11,0,0) (12,0,0) (13,0,0) (14,0,9.27452) 
policy_sol:
size: 15 1
(0,0,0) (1,0,0) (2,0,0) (3,0,4.65811) (4,0,0) (5,0,0) (6,0,1.35969) (7,0,0) (8,0,36.6572) (9,0,0) (10,0,41.6363) (11,0,0) (12,0,0) (13,0,0) (14,0,9.27452) 

policy_converges:
1
ipopt_converges:
0
