Git Revision:     3cfe7dc3fe6810e9e399640d632720aa3564fe80
Build Mode:       Debug
C Compiler:       /usr/bin/cc
C++ Compiler:     /usr/bin/c++
Fortran Compiler: gfortran
Body count: 9
No end time specified. Simulation will run indefinitely.
N:
size: 27 13
(0,0,0.0495338) (1,0,-0.998772) (3,0,-0.0495338) (4,0,0.998772) (0,1,-0.999789) (1,1,0.0205446) (9,1,0.999789) (10,1,-0.0205446) (0,2,-0.680598) (1,2,-0.732657) (24,2,0.680598) (25,2,0.732657) (3,3,-0.713205) (4,3,0.700956) (9,3,0.713205) (10,3,-0.700956) (3,4,-0.876917) (4,4,-0.480642) (24,4,0.876917) (25,4,0.480642) (6,5,-0.999508) (7,5,-0.0313594) (24,5,0.999508) (25,5,0.0313594) (9,6,0.0041132) (10,6,-0.999992) (12,6,-0.0041132) (13,6,0.999992) (12,7,-0.712046) (13,7,0.702133) (18,7,0.712046) (19,7,-0.702133) (12,8,-0.999837) (13,8,0.0180746) (21,8,0.999837) (22,8,-0.0180746) (12,9,-0.669506) (13,9,-0.742807) (24,9,0.669506) (25,9,0.742807) (15,10,-0.714336) (16,10,0.699803) (21,10,0.714336) (22,10,-0.699803) (15,11,-0.998896) (16,11,-0.0469698) (24,11,0.998896) (25,11,0.0469698) (21,12,0.0875078) (22,12,-0.996164) (24,12,-0.0875078) (25,12,0.996164) 
Q:
size: 13 13
(0,0,0.0795775) (1,0,-0.00278691) (2,0,0.0277743) (3,0,0.0292616) (4,0,-0.0173724) (0,1,-0.00278691) (1,1,0.0795775) (2,1,0.0264755) (3,1,0.0289445) (6,1,0.000981062) (0,2,0.0277743) (1,2,0.0264755) (2,2,0.0795775) (4,2,0.0377585) (5,2,0.027981) (9,2,0.0397842) (11,2,0.0284195) (12,2,0.0266699) (0,3,0.0292616) (1,3,0.0289445) (3,3,0.0795775) (4,3,0.0114795) (6,3,0.0280066) (0,4,-0.0173724) (2,4,0.0377585) (3,4,0.0114795) (4,4,0.0795775) (5,4,0.035474) (9,4,0.0375655) (11,4,0.0357512) (12,4,0.0159975) (2,5,0.027981) (4,5,0.035474) (5,5,0.0795775) (9,5,0.0275525) (11,5,0.0397839) (12,5,-0.00223715) (1,6,0.000981062) (3,6,0.0280066) (6,6,0.0795775) (7,6,0.0280533) (8,6,0.000882793) (9,6,-0.0294455) (6,7,0.0280533) (7,7,0.0795775) (8,7,0.0288317) (9,7,-0.00178372) (6,8,0.000882793) (7,8,0.0288317) (8,8,0.0795775) (9,8,0.0261002) (10,8,0.0289211) (12,8,0.00419766) (2,9,0.0397842) (4,9,0.0375655) (5,9,0.0275525) (6,9,-0.0294455) (7,9,-0.00178372) (8,9,0.0261002) (9,9,0.0795775) (11,9,0.0279976) (12,9,0.0271109) (8,10,0.0289211) (10,10,0.0795775) (11,10,0.0270833) (12,10,0.0302247) (2,11,0.0284195) (4,11,0.0357512) (5,11,0.0397839) (9,11,0.0279976) (10,11,0.0270833) (11,11,0.0795775) (12,11,-0.00161628) (2,12,0.0266699) (4,12,0.0159975) (5,12,-0.00223715) (8,12,0.00419766) (9,12,0.0271109) (10,12,0.0302247) (11,12,-0.00161628) (12,12,0.0795775) 
Minv:
size: 27 27
(0,0,0.0397887) (1,1,0.0397887) (2,2,0.0795775) (3,3,0.0397887) (4,4,0.0397887) (5,5,0.0795775) (6,6,0.0397887) (7,7,0.0397887) (8,8,0.0795775) (9,9,0.0397887) (10,10,0.0397887) (11,11,0.0795775) (12,12,0.0397887) (13,13,0.0397887) (14,14,0.0795775) (15,15,0.0397887) (16,16,0.0397887) (17,17,0.0795775) (18,18,0.0397887) (19,19,0.0397887) (20,20,0.0795775) (21,21,0.0397887) (22,22,0.0397887) (23,23,0.0795775) (24,24,0.0397887) (25,25,0.0397887) (26,26,0.0795775) 
v0:
size: 27 1
(0,0,-0.289892) (1,0,-0.0304862) (2,0,0) (3,0,-0.594751) (4,0,-0.481634) (5,0,0) (6,0,-0.601549) (7,0,0.0238038) (8,0,0) (9,0,-0.799683) (10,0,-0.182024) (11,0,0) (12,0,0.684478) (13,0,-0.570121) (14,0,0) (15,0,0.0612572) (16,0,-0.148894) (17,0,0) (18,0,0.399059) (19,0,-0.138285) (20,0,0) (21,0,-0.117489) (22,0,0.155038) (23,0,0) (24,0,-0.819445) (25,0,-0.159842) (26,0,0) 
ipopt_sol:
size: 13 1
(0,0,11.3998) (1,0,12.9829) (2,0,1.14694e-07) (3,0,2.63098e-07) (4,0,1.05746e-07) (5,0,1.538e-07) (6,0,11.9925) (7,0,2.86732) (8,0,16.1222) (9,0,9.28308) (10,0,2.29463e-07) (11,0,18.912) (12,0,2.71068) 
policy_sol:
size: 13 1
(0,0,11.3998) (1,0,12.9829) (2,0,0) (3,0,0) (4,0,0) (5,0,0) (6,0,11.9925) (7,0,2.86732) (8,0,16.1222) (9,0,9.28308) (10,0,0) (11,0,18.912) (12,0,2.71068) 

policy_converges:
1
