Git Revision:     18345a57b34405566a64d0bf3d2a118f1cdbade3
Build Mode:       Debug
C Compiler:       /usr/bin/cc
C++ Compiler:     /usr/bin/c++
Fortran Compiler: gfortran
Body count: 9
No end time specified. Simulation will run indefinitely.
N:
size: 27 9
(0,0,-0.0268537) (1,0,-0.999639) (3,0,0.0268537) (4,0,0.999639) (0,1,-0.999981) (1,1,0.00621866) (9,1,0.999981) (10,1,-0.00621866) (0,2,-0.999855) (1,2,0.0170004) (18,2,0.999855) (19,2,-0.0170004) (3,3,-0.692968) (4,3,0.720969) (9,3,0.692968) (10,3,-0.720969) (3,4,-0.896483) (4,4,0.443079) (18,4,0.896483) (19,4,-0.443079) (6,5,-0.99733) (7,5,0.0730327) (15,5,0.99733) (16,5,-0.0730327) (9,6,-0.999649) (10,6,0.0264859) (18,6,0.999649) (19,6,-0.0264859) (12,7,0.0831751) (13,7,-0.996535) (15,7,-0.0831751) (16,7,0.996535) (18,8,0.039969) (19,8,-0.999201) (21,8,-0.039969) (22,8,0.999201) 
Q:
size: 9 9
(0,0,0.0795775) (1,0,0.000821112) (2,0,0.00039214) (3,0,0.0279357) (4,0,0.0166653) (0,1,0.000821112) (1,1,0.0795775) (2,1,0.0397864) (3,1,0.0277502) (6,1,-0.0397806) (0,2,0.00039214) (1,2,0.0397864) (2,2,0.0795775) (4,2,0.0359645) (6,2,0.0397869) (8,2,0.00226597) (0,3,0.0279357) (1,3,0.0277502) (3,3,0.0795775) (4,3,0.0374285) (6,3,-0.0283224) (0,4,0.0166653) (2,4,0.0359645) (3,4,0.0374285) (4,4,0.0795775) (6,4,0.0361243) (8,4,0.0190412) (5,5,0.0795775) (7,5,-0.0061964) (1,6,-0.0397806) (2,6,0.0397869) (3,6,-0.0283224) (4,6,0.0361243) (6,6,0.0795775) (8,6,0.00264276) (5,7,-0.0061964) (7,7,0.0795775) (2,8,0.00226597) (4,8,0.0190412) (6,8,0.00264276) (8,8,0.0795775) 
Minv:
size: 27 27
(0,0,0.0397887) (1,1,0.0397887) (2,2,0.0795775) (3,3,0.0397887) (4,4,0.0397887) (5,5,0.0795775) (6,6,0.0397887) (7,7,0.0397887) (8,8,0.0795775) (9,9,0.0397887) (10,10,0.0397887) (11,11,0.0795775) (12,12,0.0397887) (13,13,0.0397887) (14,14,0.0795775) (15,15,0.0397887) (16,16,0.0397887) (17,17,0.0795775) (18,18,0.0397887) (19,19,0.0397887) (20,20,0.0795775) (21,21,0.0397887) (22,22,0.0397887) (23,23,0.0795775) (24,24,0.0397887) (25,25,0.0397887) (26,26,0.0795775) 
v0:
size: 27 1
(0,0,0.0707034) (1,0,-0.368233) (2,0,0) (3,0,-0.323472) (4,0,-0.565164) (5,0,0) (6,0,-0.13109) (7,0,0.777265) (8,0,0) (9,0,-0.871427) (10,0,-0.289176) (11,0,0) (12,0,0.107766) (13,0,0.813896) (14,0,0) (15,0,-0.703489) (16,0,0.680018) (17,0,0) (18,0,-0.947088) (19,0,-0.269829) (20,0,0) (21,0,0.508085) (22,0,-0.566103) (23,0,0) (24,0,0.61395) (25,0,0.374955) (26,0,0) 
ipopt_sol:
size: 9 1
(0,0,1.29449) (1,0,14.6672) (2,0,15.1814) (3,0,8.98506) (4,0,2.5729) (5,0,14.3853) (6,0,3.42839) (7,0,2.77732) (8,0,7.74022) 
policy_sol:
size: 9 1
(0,0,1.30573) (1,0,13.624) (2,0,16.2244) (3,0,8.95496) (4,0,2.59651) (5,0,14.3853) (6,0,2.364) (7,0,2.77732) (8,0,7.74022) 

policy_converges:
1
ipopt_converges:
1
