Git Revision:     3cfe7dc3fe6810e9e399640d632720aa3564fe80
Build Mode:       Debug
C Compiler:       /usr/bin/cc
C++ Compiler:     /usr/bin/c++
Fortran Compiler: gfortran
Body count: 9
No end time specified. Simulation will run indefinitely.
N:
size: 27 15
(3,0,-0.00463929) (4,0,-0.999989) (6,0,0.00463929) (7,0,0.999989) (3,1,-0.696974) (4,1,0.717096) (9,1,0.696974) (10,1,-0.717096) (3,2,-0.999033) (4,2,-0.0439712) (12,2,0.999033) (13,2,0.0439712) (3,3,-0.694056) (4,3,-0.719921) (15,3,0.694056) (16,3,0.719921) (3,4,-0.889003) (4,4,0.457902) (18,4,0.889003) (19,4,-0.457902) (3,5,-0.999979) (4,5,0.00640416) (21,5,0.999979) (22,5,-0.00640416) (3,6,-0.903044) (4,6,-0.429549) (24,6,0.903044) (25,6,0.429549) (6,7,-0.888629) (7,7,0.458626) (21,7,0.888629) (22,7,-0.458626) (9,8,-0.0450999) (10,8,-0.998982) (12,8,0.0450999) (13,8,0.998982) (9,9,-0.00925136) (10,9,-0.999957) (15,9,0.00925136) (16,9,0.999957) (12,10,0.0288981) (13,10,-0.999582) (15,10,-0.0288981) (16,10,0.999582) (12,11,-0.998287) (13,11,0.0585124) (21,11,0.998287) (22,11,-0.0585124) (15,12,-0.42344) (16,12,0.905924) (18,12,0.42344) (19,12,-0.905924) (15,13,-0.697441) (16,13,0.716642) (21,13,0.697441) (22,13,-0.716642) (21,14,-0.0144743) (22,14,-0.999895) (24,14,0.0144743) (25,14,0.999895) 
Q:
size: 15 15
(0,0,0.0795775) (1,0,-0.0284034) (2,0,0.00193395) (3,0,0.0287726) (4,0,-0.0180551) (5,0,-7.0223e-05) (6,0,0.0172577) (7,0,0.0180839) (0,1,-0.0284034) (1,1,0.0795775) (2,1,0.0264503) (3,1,-0.00129371) (4,1,0.0377186) (5,1,0.0279139) (6,1,0.0127869) (8,1,0.0272526) (9,1,0.0282746) (0,2,0.00193395) (1,2,0.0264503) (2,2,0.0795775) (3,2,0.0288484) (4,2,0.0345369) (5,2,0.0397382) (6,2,0.0366477) (8,2,0.00354051) (10,2,-0.000600123) (11,2,-0.0395798) (0,3,0.0287726) (1,3,-0.00129371) (2,3,0.0288484) (3,3,0.0795775) (4,3,0.0114338) (5,3,0.0274316) (6,3,0.0372424) (9,3,0.028899) (10,3,0.0278348) (12,3,0.0142564) (13,3,0.00126779) (0,4,-0.0180551) (1,4,0.0377186) (2,4,0.0345369) (3,4,0.0114338) (4,4,0.0795775) (5,4,0.0354882) (6,4,0.0241166) (12,4,0.0314834) (0,5,-7.0223e-05) (1,5,0.0279139) (2,5,0.0397382) (3,5,0.0274316) (4,5,0.0354882) (5,5,0.0795775) (6,5,0.0358208) (7,5,0.0354736) (11,5,0.0397347) (13,5,0.0279323) (14,5,-0.000321117) (0,6,0.0172577) (1,6,0.0127869) (2,6,0.0366477) (3,6,0.0372424) (4,6,0.0241166) (5,6,0.0358208) (6,6,0.0795775) (14,6,0.0176095) (0,7,0.0180839) (5,7,0.0354736) (7,7,0.0795775) (11,7,0.0363646) (13,7,0.0377371) (14,7,0.0177345) (1,8,0.0272526) (2,8,0.00354051) (8,8,0.0795775) (9,8,0.0397632) (10,8,-0.0396798) (11,8,0.00053437) (1,9,0.0282746) (3,9,0.028899) (8,9,0.0397632) (9,9,0.0795775) (10,9,0.0397598) (12,9,0.0358882) (13,9,0.0282563) (2,10,-0.000600123) (3,10,0.0278348) (8,10,-0.0396798) (9,10,0.0397598) (10,10,0.0795775) (11,10,-0.00347501) (12,10,0.0365174) (13,10,0.0293043) (2,11,-0.0395798) (5,11,0.0397347) (7,11,0.0363646) (8,11,0.00053437) (10,11,-0.00347501) (11,11,0.0795775) (13,11,0.0293712) (14,11,0.00175296) (3,12,0.0142564) (4,12,0.0314834) (9,12,0.0358882) (10,12,0.0365174) (12,12,0.0795775) (13,12,0.0375824) (3,13,0.00126779) (5,13,0.0279323) (7,13,0.0377371) (9,13,0.0282563) (10,13,0.0293043) (11,13,0.0293712) (12,13,0.0375824) (13,13,0.0795775) (14,13,0.0281096) (5,14,-0.000321117) (6,14,0.0176095) (7,14,0.0177345) (11,14,0.00175296) (13,14,0.0281096) (14,14,0.0795775) 
Minv:
size: 27 27
(0,0,0.0397887) (1,1,0.0397887) (2,2,0.0795775) (3,3,0.0397887) (4,4,0.0397887) (5,5,0.0795775) (6,6,0.0397887) (7,7,0.0397887) (8,8,0.0795775) (9,9,0.0397887) (10,10,0.0397887) (11,11,0.0795775) (12,12,0.0397887) (13,13,0.0397887) (14,14,0.0795775) (15,15,0.0397887) (16,16,0.0397887) (17,17,0.0795775) (18,18,0.0397887) (19,19,0.0397887) (20,20,0.0795775) (21,21,0.0397887) (22,22,0.0397887) (23,23,0.0795775) (24,24,0.0397887) (25,25,0.0397887) (26,26,0.0795775) 
v0:
size: 27 1
(0,0,-0.866602) (1,0,-0.411264) (2,0,0) (3,0,0.779426) (4,0,0.529107) (5,0,0) (6,0,-0.238015) (7,0,0.325541) (8,0,0) (9,0,-0.781405) (10,0,-0.127608) (11,0,0) (12,0,-0.543514) (13,0,-0.396792) (14,0,0) (15,0,0.371367) (16,0,-0.684469) (17,0,0) (18,0,-0.584927) (19,0,-0.692854) (20,0,0) (21,0,-0.567182) (22,0,0.421617) (23,0,0) (24,0,0.589461) (25,0,0.34006) (26,0,0) 
ipopt_sol:
size: 15 1
(0,0,6.99341e-06) (1,0,6.11952) (2,0,25.8474) (3,0,19.2396) (4,0,2.46607e-06) (5,0,1.04339e-06) (6,0,6.35219e-08) (7,0,1.1589e-07) (8,0,3.23282) (9,0,1.08305e-07) (10,0,1.03799e-07) (11,0,1.52768) (12,0,1.01698e-07) (13,0,35.503) (14,0,9.43685e-08) 
policy_sol:
size: 15 1
(0,0,0) (1,0,6.11952) (2,0,25.8474) (3,0,19.2396) (4,0,0) (5,0,0) (6,0,0) (7,0,0) (8,0,3.23282) (9,0,0) (10,0,0) (11,0,1.52768) (12,0,0) (13,0,35.503) (14,0,0) 

policy_converges:
1
