solve status: 0
N:
size: 27 21
(0,0,0.0301073) (1,0,-0.999547) (3,0,-0.0301073) (4,0,0.999547) (0,1,-0.0204495) (1,1,-0.999791) (6,1,0.0204495) (7,1,0.999791) (0,2,-0.998162) (1,2,-0.0605998) (9,2,0.998162) (10,2,0.0605998) (0,3,-0.680984) (1,3,-0.732298) (12,3,0.680984) (13,3,0.732298) (0,4,-0.435348) (1,4,-0.900262) (15,4,0.435348) (16,4,0.900262) (0,5,-0.999507) (1,5,-0.0313972) (18,5,0.999507) (19,5,0.0313972) (0,6,-0.893298) (1,6,-0.449465) (21,6,0.893298) (22,6,0.449465) (0,7,-0.703313) (1,7,-0.71088) (24,7,0.703313) (25,7,0.71088) (3,8,-0.0693076) (4,8,-0.997595) (6,8,0.0693076) (7,8,0.997595) (3,9,-0.998447) (4,9,-0.0557037) (12,9,0.998447) (13,9,0.0557037) (3,10,-0.697312) (4,10,-0.716768) (15,10,0.697312) (16,10,0.716768) (3,11,-0.888601) (4,11,-0.45868) (24,11,0.888601) (25,11,0.45868) (6,12,-0.458739) (7,12,0.888571) (9,12,0.458739) (10,12,-0.888571) (6,13,-0.694338) (7,13,0.719649) (12,13,0.694338) (13,13,-0.719649) (6,14,-0.999816) (7,14,-0.0191795) (15,14,0.999816) (16,14,0.0191795) (6,15,-0.886807) (7,15,0.46214) (21,15,0.886807) (22,15,-0.46214) (6,16,-0.999764) (7,16,-0.0217471) (24,16,0.999764) (25,16,0.0217471) (9,17,0.0332265) (10,17,-0.999448) (15,17,-0.0332265) (16,17,0.999448) (12,18,-0.00889297) (13,18,-0.99996) (15,18,0.00889297) (16,18,0.99996) (15,19,-0.697449) (16,19,0.716634) (21,19,0.697449) (22,19,-0.716634) (15,20,-0.999711) (16,20,-0.0240427) (24,20,0.999711) (25,20,0.0240427) 
Q:
size: 21 21
(0,0,0.0795775) (1,0,0.0397379) (2,0,0.00121437) (3,0,0.0283082) (4,0,0.0352825) (5,0,5.13453e-05) (6,0,0.0168054) (7,0,0.0274297) (8,0,-0.039592) (9,0,-0.0010193) (10,0,-0.027671) (11,0,-0.0171776) (0,1,0.0397379) (1,1,0.0795775) (2,1,0.00322285) (3,1,0.0296852) (4,1,0.036167) (5,1,0.00206225) (6,1,0.0186067) (7,1,0.0288514) (8,1,0.0397411) (12,1,0.0349745) (13,1,0.028063) (14,1,-0.00157648) (15,1,0.0176626) (16,1,-0.00167857) (0,2,0.00121437) (1,2,0.00322285) (2,2,0.0795775) (3,2,0.0288114) (4,2,0.0194608) (5,2,0.0397717) (6,2,0.0365616) (7,2,0.0296466) (12,2,0.0160766) (17,2,-0.00109025) (0,3,0.0283082) (1,3,0.0296852) (2,3,0.0288114) (3,3,0.0795775) (4,3,0.0380271) (5,3,0.027997) (6,3,0.0373005) (7,3,0.0397697) (9,3,0.0286765) (13,3,-0.00215512) (18,3,-0.029377) (0,4,0.0352825) (1,4,0.036167) (2,4,0.0194608) (3,4,0.0380271) (4,4,0.0795775) (5,4,0.0184381) (6,4,0.0315736) (7,4,0.0376467) (10,4,0.0377536) (14,4,0.0180058) (17,4,0.035225) (18,4,0.0359729) (19,4,0.0135889) (20,4,-0.0181782) (0,5,5.13453e-05) (1,5,0.00206225) (2,5,0.0397717) (3,5,0.027997) (4,5,0.0184381) (5,5,0.0795775) (6,5,0.0360872) (7,5,0.0288582) (0,6,0.0168054) (1,6,0.0186067) (2,6,0.0365616) (3,6,0.0373005) (4,6,0.0315736) (5,6,0.0360872) (6,6,0.0795775) (7,6,0.0377111) (15,6,0.0232552) (19,6,0.0119735) (0,7,0.0274297) (1,7,0.0288514) (2,7,0.0296466) (3,7,0.0397697) (4,7,0.0376467) (5,7,0.0288582) (6,7,0.0377111) (7,7,0.0795775) (11,7,0.0378403) (16,7,0.0285924) (20,7,0.0286559) (0,8,-0.039592) (1,8,0.0397411) (8,8,0.0795775) (9,8,0.00496443) (10,8,0.0303737) (11,8,0.0206569) (12,8,0.0340051) (13,8,0.0266503) (14,8,-0.00351845) (15,8,0.0158982) (16,8,-0.00362022) (0,9,-0.0010193) (3,9,0.0286765) (8,9,0.00496443) (9,9,0.0795775) (10,9,0.0292907) (11,9,0.036318) (13,9,0.0259889) (18,9,-0.00256958) (0,10,-0.027671) (4,10,0.0377536) (8,10,0.0303737) (9,10,0.0292907) (10,10,0.0795775) (11,10,0.0377356) (14,10,0.028287) (17,10,0.0275817) (18,10,0.0287649) (19,10,0.00108705) (20,10,-0.0284228) (0,11,-0.0171776) (7,11,0.0378403) (8,11,0.0206569) (9,11,0.036318) (10,11,0.0377356) (11,11,0.0795775) (16,11,0.0357449) (20,11,0.0357849) (1,12,0.0349745) (2,12,0.0160766) (8,12,0.0340051) (12,12,0.0795775) (13,12,0.0381168) (14,12,0.0175712) (15,12,0.0325256) (16,12,0.0174794) (17,12,0.0359421) (1,13,0.028063) (3,13,-0.00215512) (8,13,0.0266503) (9,13,0.0259889) (12,13,0.0381168) (13,13,0.0795775) (14,13,0.0270726) (15,13,0.0377326) (16,13,0.0269976) (18,13,0.0283871) (1,14,-0.00157648) (4,14,0.0180058) (8,14,-0.00351845) (10,14,0.028287) (12,14,0.0175712) (13,14,0.0270726) (14,14,0.0795775) (15,14,0.0349258) (16,14,0.0397886) (17,14,-0.000559089) (18,14,0.00111687) (19,14,-0.0271986) (20,14,-0.0397883) (1,15,0.0176626) (6,15,0.0232552) (8,15,0.0158982) (12,15,0.0325256) (13,15,0.0377326) (14,15,0.0349258) (15,15,0.0795775) (16,15,0.0348767) (19,15,0.0377869) (1,16,-0.00167857) (7,16,0.0285924) (8,16,-0.00362022) (11,16,0.0357449) (12,16,0.0174794) (13,16,0.0269976) (14,16,0.0397886) (15,16,0.0348767) (16,16,0.0795775) (20,16,0.0397886) (2,17,-0.00109025) (4,17,0.035225) (10,17,0.0275817) (12,17,0.0359421) (14,17,-0.000559089) (17,17,0.0795775) (18,17,0.0397534) (19,17,0.0294203) (20,17,0.000365554) (3,18,-0.029377) (4,18,0.0359729) (9,18,-0.00256958) (10,18,0.0287649) (13,18,0.0283871) (14,18,0.00111687) (17,18,0.0397534) (18,18,0.0795775) (19,18,0.0282661) (20,18,-0.00131033) (4,19,0.0135889) (6,19,0.0119735) (10,19,0.00108705) (14,19,-0.0271986) (15,19,0.0377869) (17,19,0.0294203) (18,19,0.0282661) (19,19,0.0795775) (20,19,0.027057) (4,20,-0.0181782) (7,20,0.0286559) (10,20,-0.0284228) (11,20,0.0357849) (14,20,-0.0397883) (16,20,0.0397886) (17,20,0.000365554) (18,20,-0.00131033) (19,20,0.027057) (20,20,0.0795775) 
Minv:
size: 27 27
(0,0,0.0397887) (1,1,0.0397887) (2,2,0.0795775) (3,3,0.0397887) (4,4,0.0397887) (5,5,0.0795775) (6,6,0.0397887) (7,7,0.0397887) (8,8,0.0795775) (9,9,0.0397887) (10,10,0.0397887) (11,11,0.0795775) (12,12,0.0397887) (13,13,0.0397887) (14,14,0.0795775) (15,15,0.0397887) (16,16,0.0397887) (17,17,0.0795775) (18,18,0.0397887) (19,19,0.0397887) (20,20,0.0795775) (21,21,0.0397887) (22,22,0.0397887) (23,23,0.0795775) (24,24,0.0397887) (25,25,0.0397887) (26,26,0.0795775) 
v0:
size: 27 1
(0,0,0.449073) (1,0,0.897132) (2,0,0) (3,0,-0.0493179) (4,0,0.318725) (5,0,0) (6,0,-0.197572) (7,0,-0.316491) (8,0,0) (9,0,-0.159013) (10,0,-0.180177) (11,0,0) (12,0,-0.675816) (13,0,0.16014) (14,0,0) (15,0,-0.533212) (16,0,-0.253226) (17,0,0) (18,0,0.380801) (19,0,-0.49041) (20,0,0) (21,0,0.0226963) (22,0,0.367402) (23,0,0) (24,0,-0.621238) (25,0,0.659386) (26,0,0) 
ipopt_sol:
size: 21 1
(0,0,6.93673) (1,0,4.85779) (2,0,5.16134) (3,0,23.2438) (4,0,12.3332) (5,0,0) (6,0,0) (7,0,0) (8,0,16.505) (9,0,6.25449) (10,0,2.10804) (11,0,0) (12,0,0) (13,0,0.0272767) (14,0,0.0303259) (15,0,0) (16,0,10.9409) (17,0,0) (18,0,12.7921) (19,0,0) (20,0,7.06059e-08) 
policy_sol:
size: 21 1
(0,0,0) (1,0,20.6911) (2,0,7.69141) (3,0,48.4245) (4,0,0) (5,0,0) (6,0,0) (7,0,-24.6039) (8,0,1.81181) (9,0,-9.73621) (10,0,0) (11,0,19.7588) (12,0,0) (13,0,0) (14,0,0) (15,0,0) (16,0,10.5958) (17,0,0) (18,0,27.9189) (19,0,0) (20,0,0) 

policy_converges:
0
ipopt_converges:
0
