Git Revision:     3cfe7dc3fe6810e9e399640d632720aa3564fe80
Build Mode:       Debug
C Compiler:       /usr/bin/cc
C++ Compiler:     /usr/bin/c++
Fortran Compiler: gfortran
Body count: 9
No end time specified. Simulation will run indefinitely.
N:
size: 27 12
(0,0,0.0250054) (1,0,-0.999687) (6,0,-0.0250054) (7,0,0.999687) (3,1,0.059774) (4,1,-0.998212) (6,1,-0.059774) (7,1,0.998212) (6,2,-0.704799) (7,2,0.709407) (12,2,0.704799) (13,2,-0.709407) (9,3,0.0303565) (10,3,-0.999539) (15,3,-0.0303565) (16,3,0.999539) (9,4,-0.996906) (10,4,-0.0786092) (18,4,0.996906) (19,4,0.0786092) (9,5,-0.687496) (10,5,-0.726188) (21,5,0.687496) (22,5,0.726188) (12,6,0.00504098) (13,6,-0.999987) (15,6,-0.00504098) (16,6,0.999987) (12,7,-0.730744) (13,7,-0.682652) (24,7,0.730744) (25,7,0.682652) (15,8,-0.456593) (16,8,0.889676) (18,8,0.456593) (19,8,-0.889676) (15,9,-0.72521) (16,9,0.688528) (21,9,0.72521) (22,9,-0.688528) (15,10,-0.999936) (16,10,0.0113062) (24,10,0.999936) (25,10,-0.0113062) (18,11,-0.0423762) (19,11,-0.999102) (21,11,0.0423762) (22,11,0.999102) 
Q:
size: 12 12
(0,0,0.0795775) (1,0,0.0397646) (2,0,0.0289188) (0,1,0.0397646) (1,1,0.0795775) (2,1,0.0298522) (0,2,0.0289188) (1,2,0.0298522) (2,2,0.0795775) (6,2,0.0283674) (7,2,-0.00122351) (3,3,0.0795775) (4,3,0.00192221) (5,3,0.0280504) (6,3,0.039776) (8,3,0.0359343) (9,3,0.028259) (10,3,0.00165742) (3,4,0.00192221) (4,4,0.0795775) (5,4,0.0295413) (8,4,0.0153283) (11,4,-0.00480583) (3,5,0.0280504) (4,5,0.0295413) (5,5,0.0795775) (9,5,-5.6598e-05) (11,5,0.0300273) (2,6,0.0283674) (3,6,0.039776) (6,6,0.0795775) (7,6,0.0270149) (8,6,0.0354902) (9,6,0.0275408) (10,6,0.000650414) (2,7,-0.00122351) (6,7,0.0270149) (7,7,0.0795775) (10,7,0.0287664) (3,8,0.0359343) (4,8,0.0153283) (6,8,0.0354902) (8,8,0.0795775) (9,8,0.0375483) (10,8,0.0185663) (11,8,0.0345974) (3,9,0.028259) (5,9,-5.6598e-05) (6,9,0.0275408) (8,9,0.0375483) (9,9,0.0795775) (10,9,0.0291631) (11,9,-0.0261483) (3,10,0.00165742) (6,10,0.000650414) (7,10,0.0287664) (8,10,0.0185663) (9,10,0.0291631) (10,10,0.0795775) (4,11,-0.00480583) (5,11,0.0300273) (8,11,0.0345974) (9,11,-0.0261483) (11,11,0.0795775) 
Minv:
size: 27 27
(0,0,0.0397887) (1,1,0.0397887) (2,2,0.0795775) (3,3,0.0397887) (4,4,0.0397887) (5,5,0.0795775) (6,6,0.0397887) (7,7,0.0397887) (8,8,0.0795775) (9,9,0.0397887) (10,10,0.0397887) (11,11,0.0795775) (12,12,0.0397887) (13,13,0.0397887) (14,14,0.0795775) (15,15,0.0397887) (16,16,0.0397887) (17,17,0.0795775) (18,18,0.0397887) (19,19,0.0397887) (20,20,0.0795775) (21,21,0.0397887) (22,22,0.0397887) (23,23,0.0795775) (24,24,0.0397887) (25,25,0.0397887) (26,26,0.0795775) 
v0:
size: 27 1
(0,0,-0.909768) (1,0,-0.663861) (2,0,0) (3,0,-0.484229) (4,0,0.203237) (5,0,0) (6,0,-0.805699) (7,0,-0.733343) (8,0,0) (9,0,0.586433) (10,0,-0.0520875) (11,0,0) (12,0,-0.417401) (13,0,0.817249) (14,0,0) (15,0,0.939887) (16,0,-0.0957432) (17,0,0) (18,0,0.159873) (19,0,-0.189338) (20,0,0) (21,0,-0.244027) (22,0,-0.293097) (23,0,0) (24,0,-0.585212) (25,0,0.905094) (26,0,0) 
ipopt_sol:
size: 12 1
(0,0,9.72537e-08) (1,0,20.9615) (2,0,5.47088) (3,0,6.15286e-08) (4,0,4.63804) (5,0,17.0262) (6,0,20.8532) (7,0,4.91409e-08) (8,0,8.28473e-08) (9,0,3.5508e-07) (10,0,38.4414) (11,0,3.57472e-07) 
policy_sol:
size: 12 1
(0,0,0) (1,0,20.9615) (2,0,5.47087) (3,0,0) (4,0,4.63804) (5,0,17.0262) (6,0,20.8532) (7,0,0) (8,0,0) (9,0,0) (10,0,38.4414) (11,0,0) 

policy_converges:
1
