Git Revision:     18345a57b34405566a64d0bf3d2a118f1cdbade3
Build Mode:       Debug
C Compiler:       /usr/bin/cc
C++ Compiler:     /usr/bin/c++
Fortran Compiler: gfortran
Body count: 9
No end time specified. Simulation will run indefinitely.
N:
size: 27 17
(0,0,-0.030042) (1,0,-0.999549) (6,0,0.030042) (7,0,0.999549) (0,1,-1) (1,1,0.000131358) (9,1,1) (10,1,-0.000131358) (0,2,-0.999532) (1,2,0.0306058) (18,2,0.999532) (19,2,-0.0306058) (0,3,-0.730776) (1,3,-0.682617) (24,3,0.730776) (25,3,0.682617) (3,4,-0.0312323) (4,4,-0.999512) (6,4,0.0312323) (7,4,0.999512) (3,5,-0.712063) (4,5,0.702115) (9,5,0.712063) (10,5,-0.702115) (3,6,-0.891767) (4,6,0.452494) (18,6,0.891767) (19,6,-0.452494) (6,7,-0.428876) (7,7,0.903363) (9,7,0.428876) (10,7,-0.903363) (6,8,-0.670261) (7,8,0.742125) (12,8,0.670261) (13,8,-0.742125) (6,9,-0.695995) (7,9,0.718046) (18,9,0.695995) (19,9,-0.718046) (6,10,-0.88988) (7,10,0.456194) (21,10,0.88988) (22,10,-0.456194) (9,11,-0.00254832) (10,11,-0.999997) (12,11,0.00254832) (13,11,0.999997) (9,12,-0.487112) (10,12,-0.873339) (24,12,0.487112) (25,12,0.873339) (12,13,-0.730959) (13,13,-0.682421) (24,13,0.730959) (25,13,0.682421) (15,14,-0.727524) (16,14,0.686082) (21,14,0.727524) (22,14,-0.686082) (15,15,-0.999927) (16,15,-0.0121161) (24,15,0.999927) (25,15,0.0121161) (21,16,-0.00294575) (22,16,-0.999996) (24,16,0.00294575) (25,16,0.999996) 
Q:
size: 17 17
(0,0,0.0795775) (1,0,0.00119011) (2,0,-2.2443e-05) (3,0,0.0280217) (4,0,0.0397887) (7,0,0.0354148) (8,0,0.0287137) (9,0,0.0277253) (10,0,0.0170795) (0,1,0.00119011) (1,1,0.0795775) (2,1,0.0397703) (3,1,0.0290731) (5,1,0.0283358) (7,1,0.0170692) (11,1,-9.61681e-05) (12,1,-0.019377) (0,2,-2.2443e-05) (1,2,0.0397703) (2,2,0.0795775) (3,2,0.0282318) (6,2,0.0360167) (9,2,0.0285542) (0,3,0.0280217) (1,3,0.0290731) (2,3,0.0282318) (3,3,0.0795775) (12,3,0.0378839) (13,3,0.0397887) (15,3,0.0294036) (16,3,0.027246) (0,4,0.0397887) (4,4,0.0795775) (5,4,-0.0270378) (6,4,-0.0168872) (7,4,0.0353932) (8,4,0.0286809) (9,4,0.0276913) (10,4,0.0170367) (1,5,0.0283358) (4,5,-0.0270378) (5,5,0.0795775) (6,5,0.0379066) (7,5,0.0373876) (11,5,0.027864) (12,5,0.0105969) (2,6,0.0360167) (4,6,-0.0168872) (5,6,0.0379066) (6,6,0.0795775) (9,6,0.0376233) (0,7,0.0354148) (1,7,0.0170692) (4,7,0.0353932) (5,7,0.0373876) (7,7,0.0795775) (8,7,0.0381123) (9,7,0.037686) (10,7,0.0315826) (11,7,0.0359001) (12,7,0.0230787) (0,8,0.0287137) (4,8,0.0286809) (7,8,0.0381123) (8,8,0.0795775) (9,8,0.039764) (10,8,0.0372027) (11,8,-0.0294602) (13,8,0.000656822) (0,9,0.0277253) (2,9,0.0285542) (4,9,0.0276913) (6,9,0.0376233) (7,9,0.037686) (8,9,0.039764) (9,9,0.0795775) (10,9,0.0376768) (0,10,0.0170795) (4,10,0.0170367) (7,10,0.0315826) (8,10,0.0372027) (9,10,0.0376768) (10,10,0.0795775) (14,10,0.0382129) (16,10,0.018047) (1,11,-9.61681e-05) (5,11,0.027864) (7,11,0.0359001) (8,11,-0.0294602) (11,11,0.0795775) (12,11,0.0347983) (13,11,-0.0272267) (1,12,-0.019377) (3,12,0.0378839) (5,12,0.0105969) (7,12,0.0230787) (11,12,0.0347983) (12,12,0.0795775) (13,12,0.0378806) (15,12,0.0198012) (16,12,0.034806) (3,13,0.0397887) (8,13,0.000656822) (11,13,-0.0272267) (12,13,0.0378806) (13,13,0.0795775) (15,13,0.0294108) (16,13,0.0272382) (10,14,0.0382129) (14,14,0.0795775) (15,14,0.0286144) (16,14,0.0272129) (3,15,0.0294036) (12,15,0.0198012) (13,15,0.0294108) (14,15,0.0286144) (15,15,0.0795775) (16,15,0.000599281) (3,16,0.027246) (10,16,0.018047) (12,16,0.034806) (13,16,0.0272382) (14,16,0.0272129) (15,16,0.000599281) (16,16,0.0795775) 
Minv:
size: 27 27
(0,0,0.0397887) (1,1,0.0397887) (2,2,0.0795775) (3,3,0.0397887) (4,4,0.0397887) (5,5,0.0795775) (6,6,0.0397887) (7,7,0.0397887) (8,8,0.0795775) (9,9,0.0397887) (10,10,0.0397887) (11,11,0.0795775) (12,12,0.0397887) (13,13,0.0397887) (14,14,0.0795775) (15,15,0.0397887) (16,16,0.0397887) (17,17,0.0795775) (18,18,0.0397887) (19,19,0.0397887) (20,20,0.0795775) (21,21,0.0397887) (22,22,0.0397887) (23,23,0.0795775) (24,24,0.0397887) (25,25,0.0397887) (26,26,0.0795775) 
v0:
size: 27 1
(0,0,0.781775) (1,0,-0.0980456) (2,0,0) (3,0,-0.0676604) (4,0,0.240395) (5,0,0) (6,0,-0.41461) (7,0,-0.812195) (8,0,0) (9,0,-0.440419) (10,0,0.87803) (11,0,0) (12,0,0.333388) (13,0,0.87352) (14,0,0) (15,0,0.523029) (16,0,0.876659) (17,0,0) (18,0,-0.380225) (19,0,-0.17158) (20,0,0) (21,0,0.355486) (22,0,0.916919) (23,0,0) (24,0,0.0427361) (25,0,0.157001) (26,0,0) 
ipopt_sol:
size: 17 1
(0,0,7.25708e-07) (1,0,10.0675) (2,0,24.1026) (3,0,6.03906e-08) (4,0,20.4833) (5,0,11.1092) (6,0,1.0983e-07) (7,0,21.6852) (8,0,0.99967) (9,0,6.32968e-08) (10,0,6.88305e-08) (11,0,1.01991e-07) (12,0,1.19215e-07) (13,0,8.84538) (14,0,2.22048e-07) (15,0,8.8995) (16,0,16.0272) 
policy_sol:
size: 17 1
(0,0,0) (1,0,10.0675) (2,0,24.1026) (3,0,0) (4,0,20.4833) (5,0,11.1092) (6,0,0) (7,0,21.6852) (8,0,0.999669) (9,0,0) (10,0,0) (11,0,0) (12,0,0) (13,0,8.84538) (14,0,0) (15,0,8.8995) (16,0,16.0272) 

policy_converges:
1
ipopt_converges:
1
