Git Revision:     3cfe7dc3fe6810e9e399640d632720aa3564fe80
Build Mode:       Debug
C Compiler:       /usr/bin/cc
C++ Compiler:     /usr/bin/c++
Fortran Compiler: gfortran
Body count: 9
No end time specified. Simulation will run indefinitely.
N:
size: 27 24
(0,0,-0.0203759) (1,0,-0.999792) (3,0,0.0203759) (4,0,0.999792) (0,1,-0.021075) (1,1,-0.999778) (6,1,0.021075) (7,1,0.999778) (0,2,-0.999594) (1,2,0.0284957) (9,2,0.999594) (10,2,-0.0284957) (0,3,-0.722628) (1,3,-0.691238) (12,3,0.722628) (13,3,0.691238) (0,4,-0.482423) (1,4,-0.875938) (15,4,0.482423) (16,4,0.875938) (0,5,-0.99963) (1,5,0.0271958) (18,5,0.99963) (19,5,-0.0271958) (0,6,-0.899434) (1,6,-0.437057) (21,6,0.899434) (22,6,0.437057) (0,7,-0.716474) (1,7,-0.697614) (24,7,0.716474) (25,7,0.697614) (3,8,-0.703398) (4,8,0.710796) (9,8,0.703398) (10,8,-0.710796) (3,9,-0.882422) (4,9,0.470459) (18,9,0.882422) (19,9,-0.470459) (6,10,-0.452081) (7,10,0.891977) (9,10,0.452081) (10,10,-0.891977) (6,11,-0.713587) (7,11,0.700567) (12,11,0.713587) (13,11,-0.700567) (6,12,-0.999918) (7,12,-0.0128241) (15,12,0.999918) (16,12,0.0128241) (6,13,-0.700365) (7,13,0.713785) (18,13,0.700365) (19,13,-0.713785) (6,14,-0.999906) (7,14,-0.0137016) (24,14,0.999906) (25,14,0.0137016) (9,15,-0.0184576) (10,15,-0.99983) (15,15,0.0184576) (16,15,0.99983) (9,16,-0.999667) (10,16,0.0257865) (18,16,0.999667) (19,16,-0.0257865) (9,17,-0.6967) (10,17,-0.717362) (21,17,0.6967) (22,17,0.717362) (9,18,-0.441007) (10,18,-0.897504) (24,18,0.441007) (25,18,0.897504) (12,19,-0.0554266) (13,19,-0.998463) (15,19,0.0554266) (16,19,0.998463) (12,20,-0.999985) (13,20,-0.00548283) (21,20,0.999985) (22,20,0.00548283) (12,21,-0.71023) (13,21,-0.70397) (24,21,0.71023) (25,21,0.70397) (15,22,-0.999892) (16,22,-0.014663) (24,22,0.999892) (25,22,0.014663) (18,23,-0.0236865) (19,23,-0.999719) (21,23,0.0236865) (22,23,0.999719) 
Q:
size: 24 24
(0,0,0.0795775) (1,0,0.0397887) (2,0,-0.000323168) (3,0,0.0280836) (4,0,0.0352364) (5,0,-0.00027143) (6,0,0.0181155) (7,0,0.0283323) (8,0,0.0277056) (9,0,0.0179997) (0,1,0.0397887) (1,1,0.0795775) (2,1,-0.000295346) (3,1,0.0281033) (4,1,0.0352493) (5,1,-0.000243607) (6,1,0.0181403) (7,1,0.0283518) (10,1,0.0351037) (11,1,0.0272701) (12,1,-0.00134862) (13,1,0.027807) (14,1,-0.00138352) (0,2,-0.000323168) (1,2,-0.000295346) (2,2,0.0795775) (3,2,0.027957) (4,2,0.0181941) (5,2,0.0397887) (6,2,0.0352773) (7,2,0.027705) (8,2,0.0287818) (10,2,0.0189918) (15,2,0.000399507) (16,2,-0.0397886) (17,2,-0.0268962) (18,2,-0.0165224) (0,3,0.0280836) (1,3,0.0281033) (2,3,0.027957) (3,3,0.0795775) (4,3,0.0379622) (5,3,0.0279938) (6,3,0.0378815) (7,3,0.0397872) (11,3,0.00124936) (19,3,-0.0290548) (20,3,-0.0289028) (21,3,-0.0397825) (0,4,0.0352364) (1,4,0.0352493) (2,4,0.0181941) (3,4,0.0379622) (4,4,0.0795775) (5,4,0.0182401) (6,4,0.0324972) (7,4,0.0380663) (12,4,0.0196404) (15,4,0.0352008) (19,4,0.0358628) (22,4,-0.019704) (0,5,-0.00027143) (1,5,-0.000243607) (2,5,0.0397887) (3,5,0.0279938) (4,5,0.0182401) (5,5,0.0795775) (6,5,0.0353012) (7,5,0.0277422) (9,5,0.0356065) (13,5,0.0286287) (16,5,0.0397887) (23,5,0.000139675) (0,6,0.0181155) (1,6,0.0181403) (2,6,0.0352773) (3,6,0.0378815) (4,6,0.0324972) (5,6,0.0353012) (6,6,0.0795775) (7,6,0.0377721) (17,6,0.0374079) (20,6,0.0358822) (23,6,0.0182327) (0,7,0.0283323) (1,7,0.0283518) (2,7,0.027705) (3,7,0.0397872) (4,7,0.0380663) (5,7,0.0277422) (6,7,0.0377721) (7,7,0.0795775) (14,7,0.0288852) (18,7,0.0374842) (21,7,0.0397872) (22,7,0.0289115) (0,8,0.0277056) (2,8,0.0287818) (8,8,0.0795775) (9,8,0.038002) (10,8,0.0378791) (15,8,0.0277603) (16,8,-0.0287073) (17,8,0.000789462) (18,8,0.0130403) (0,9,0.0179997) (5,9,0.0356065) (8,9,0.038002) (9,9,0.0795775) (13,9,0.0379514) (16,9,0.0355815) (23,9,0.0178821) (1,10,0.0351037) (2,10,0.0189918) (8,10,0.0378791) (10,10,0.0795775) (11,10,0.0376994) (12,10,0.0175311) (13,10,0.0379307) (14,10,0.0174998) (15,10,0.0351526) (16,10,-0.0188969) (17,10,0.0129276) (18,10,0.0239203) (1,11,0.0272701) (3,11,0.00124936) (10,11,0.0376994) (11,11,0.0795775) (12,11,0.0280329) (13,11,0.0397818) (14,11,0.0280081) (19,11,0.0262581) (20,11,-0.0282395) (21,11,-0.000542444) (1,12,-0.00134862) (4,12,0.0196404) (10,12,0.0175311) (11,12,0.0280329) (12,12,0.0795775) (13,12,0.0275001) (14,12,0.0397887) (15,12,0.00124451) (19,12,0.00271465) (22,12,-0.0397887) (1,13,0.027807) (5,13,0.0286287) (9,13,0.0379514) (10,13,0.0379307) (11,13,0.0397818) (12,13,0.0275001) (13,13,0.0795775) (14,13,0.0274749) (16,13,0.0285897) (23,13,0.0277326) (1,14,-0.00138352) (7,14,0.0288852) (10,14,0.0174998) (11,14,0.0280081) (12,14,0.0397887) (13,14,0.0274749) (14,14,0.0795775) (18,14,0.0180347) (21,14,0.0286403) (22,14,0.0397887) (2,15,0.000399507) (4,15,0.0352008) (8,15,0.0277603) (10,15,0.0351526) (12,15,0.00124451) (15,15,0.0795775) (16,15,-0.000291678) (17,15,0.0290497) (18,15,0.0360283) (19,15,0.0397615) (22,15,-0.00131765) (2,16,-0.0397886) (5,16,0.0397887) (8,16,-0.0287073) (9,16,0.0355815) (10,16,-0.0188969) (13,16,0.0285897) (15,16,-0.000291678) (16,16,0.0795775) (17,16,0.0269756) (18,16,0.0166204) (23,16,8.35827e-05) (2,17,-0.0268962) (6,17,0.0374079) (8,17,0.000789462) (10,17,0.0129276) (15,17,0.0290497) (16,17,0.0269756) (17,17,0.0795775) (18,17,0.0378425) (20,17,0.0278769) (23,17,0.0291915) (2,18,-0.0165224) (7,18,0.0374842) (8,18,0.0130403) (10,18,0.0239203) (14,18,0.0180347) (15,18,0.0360283) (16,18,0.0166204) (17,18,0.0378425) (18,18,0.0795775) (21,18,0.0376016) (22,18,0.0180688) (3,19,-0.0290548) (4,19,0.0358628) (11,19,0.0262581) (12,19,0.00271465) (15,19,0.0397615) (19,19,0.0795775) (20,19,0.00242314) (21,19,0.0295333) (22,19,-0.00278764) (3,20,-0.0289028) (6,20,0.0358822) (11,20,-0.0282395) (17,20,0.0278769) (19,20,0.00242314) (20,20,0.0795775) (21,20,0.0284123) (23,20,0.00116054) (3,21,-0.0397825) (7,21,0.0397872) (11,21,-0.000542444) (14,21,0.0286403) (18,21,0.0376016) (19,21,0.0295333) (20,21,0.0284123) (21,21,0.0795775) (22,21,0.0286668) (4,22,-0.019704) (7,22,0.0289115) (12,22,-0.0397887) (14,22,0.0397887) (15,22,-0.00131765) (18,22,0.0180688) (19,22,-0.00278764) (21,22,0.0286668) (22,22,0.0795775) (5,23,0.000139675) (6,23,0.0182327) (9,23,0.0178821) (13,23,0.0277326) (16,23,8.35827e-05) (17,23,0.0291915) (20,23,0.00116054) (23,23,0.0795775) 
Minv:
size: 27 27
(0,0,0.0397887) (1,1,0.0397887) (2,2,0.0795775) (3,3,0.0397887) (4,4,0.0397887) (5,5,0.0795775) (6,6,0.0397887) (7,7,0.0397887) (8,8,0.0795775) (9,9,0.0397887) (10,10,0.0397887) (11,11,0.0795775) (12,12,0.0397887) (13,13,0.0397887) (14,14,0.0795775) (15,15,0.0397887) (16,16,0.0397887) (17,17,0.0795775) (18,18,0.0397887) (19,19,0.0397887) (20,20,0.0795775) (21,21,0.0397887) (22,22,0.0397887) (23,23,0.0795775) (24,24,0.0397887) (25,25,0.0397887) (26,26,0.0795775) 
v0:
size: 27 1
(0,0,0.821499) (1,0,0.948225) (2,0,0) (3,0,-0.207702) (4,0,-0.571057) (5,0,0) (6,0,-0.167426) (7,0,-0.271555) (8,0,0) (9,0,0.129743) (10,0,0.495003) (11,0,0) (12,0,-0.0458352) (13,0,0.894368) (14,0,0) (15,0,-0.362091) (16,0,0.259883) (17,0,0) (18,0,-0.409915) (19,0,-0.064078) (20,0,0) (21,0,-0.152276) (22,0,-0.885073) (23,0,0) (24,0,-0.490798) (25,0,0.170567) (26,0,0) 
ipopt_sol:
size: 24 1
(0,0,34.0407) (1,0,9.64173) (2,0,39.0753) (3,0,8.12431e-07) (4,0,1.21934e-06) (5,0,0.000172165) (6,0,4.71882e-07) (7,0,7.93658e-07) (8,0,2.01354e-07) (9,0,1.19345e-07) (10,0,1.70105e-07) (11,0,13.5879) (12,0,4.16534e-05) (13,0,7.83861e-08) (14,0,3.17241e-07) (15,0,1.28266e-07) (16,0,21.69) (17,0,32.5523) (18,0,1.6034e-07) (19,0,4.80601) (20,0,9.64487e-08) (21,0,19.0576) (22,0,3.21744e-07) (23,0,8.51068) 
policy_sol:
size: 24 1
(0,0,34.0407) (1,0,9.64172) (2,0,39.0755) (3,0,0) (4,0,0) (5,0,0) (6,0,0) (7,0,0) (8,0,0) (9,0,0) (10,0,0) (11,0,13.5879) (12,0,0) (13,0,0) (14,0,0) (15,0,0) (16,0,21.6902) (17,0,32.5523) (18,0,0) (19,0,4.80601) (20,0,0) (21,0,19.0576) (22,0,0) (23,0,8.51068) 

policy_converges:
1
