Git Revision:     18345a57b34405566a64d0bf3d2a118f1cdbade3
Build Mode:       Debug
C Compiler:       /usr/bin/cc
C++ Compiler:     /usr/bin/c++
Fortran Compiler: gfortran
Body count: 9
No end time specified. Simulation will run indefinitely.
N:
size: 27 15
(0,0,-0.723781) (1,0,-0.69003) (12,0,0.723781) (13,0,0.69003) (0,1,-0.444025) (1,1,-0.896014) (15,1,0.444025) (16,1,0.896014) (0,2,-0.893144) (1,2,-0.449771) (21,2,0.893144) (22,2,0.449771) (3,3,-0.680535) (4,3,0.732716) (9,3,0.680535) (10,3,-0.732716) (3,4,-0.997957) (4,4,0.063897) (12,4,0.997957) (13,4,-0.063897) (3,5,-0.706072) (4,5,-0.70814) (15,5,0.706072) (16,5,0.70814) (6,6,-0.438754) (7,6,0.898607) (9,6,0.438754) (10,6,-0.898607) (6,7,-0.700669) (7,7,0.713487) (12,7,0.700669) (13,7,-0.713487) (6,8,-0.996942) (7,8,-0.0781432) (15,8,0.996942) (16,8,0.0781432) (9,9,-0.00122094) (10,9,-0.999999) (12,9,0.00122094) (13,9,0.999999) (9,10,-0.00717358) (10,10,-0.999974) (15,10,0.00717358) (16,10,0.999974) (9,11,-0.678426) (10,11,-0.734669) (21,11,0.678426) (22,11,0.734669) (12,12,-0.012743) (13,12,-0.999919) (15,12,0.012743) (16,12,0.999919) (15,13,-0.427378) (16,13,0.904073) (18,13,0.427378) (19,13,-0.904073) (18,14,0.0109121) (19,14,-0.99994) (21,14,-0.0109121) (22,14,0.99994) 
Q:
size: 15 15
(0,0,0.0795775) (1,0,0.0373876) (2,0,0.0380697) (4,0,0.0269852) (7,0,0.000589015) (9,0,0.0274906) (12,0,-0.0278202) (0,1,0.0373876) (1,1,0.0795775) (2,1,0.0318143) (5,1,0.0377204) (8,1,0.0203991) (10,1,0.0357771) (12,1,0.0358735) (13,1,0.0246808) (0,2,0.0380697) (1,2,0.0318143) (2,2,0.0795775) (11,2,0.0372568) (14,2,0.017507) (3,3,0.0795775) (4,3,0.0288851) (5,3,-0.00152625) (6,3,0.0380783) (9,3,0.0291207) (10,3,0.0289588) (11,3,0.00304823) (0,4,0.0269852) (3,4,0.0288851) (4,4,0.0795775) (5,4,0.0262359) (7,4,0.0296357) (9,4,-0.0024939) (12,4,0.00203618) (1,5,0.0377204) (3,5,-0.00152625) (4,5,0.0262359) (5,5,0.0795775) (8,5,0.0302096) (10,5,0.0283768) (12,5,0.0285317) (13,5,0.0134666) (3,6,0.0380783) (6,6,0.0795775) (7,6,0.0377422) (8,6,0.0146101) (9,6,0.0357331) (10,6,0.0356283) (11,6,0.0144241) (0,7,0.000589015) (4,7,0.0296357) (6,7,0.0377422) (7,7,0.0795775) (8,7,0.0255751) (9,7,-0.0283547) (12,7,0.0280312) (1,8,0.0203991) (5,8,0.0302096) (6,8,0.0146101) (7,8,0.0255751) (8,8,0.0795775) (10,8,0.00339369) (12,8,0.00361444) (13,8,-0.0141419) (0,9,0.0274906) (3,9,0.0291207) (4,9,-0.0024939) (6,9,0.0357331) (7,9,-0.0283547) (9,9,0.0795775) (10,9,0.039788) (11,9,0.0292645) (12,9,-0.0397861) (1,10,0.0357771) (3,10,0.0289588) (5,10,0.0283768) (6,10,0.0356283) (8,10,0.00339369) (9,10,0.039788) (10,10,0.0795775) (11,10,0.0294244) (12,10,0.0397881) (13,10,0.035849) (2,11,0.0372568) (3,11,0.00304823) (6,11,0.0144241) (9,11,0.0292645) (10,11,0.0294244) (11,11,0.0795775) (14,11,0.0289352) (0,12,-0.0278202) (1,12,0.0358735) (4,12,0.00203618) (5,12,0.0285317) (7,12,0.0280312) (8,12,0.00361444) (9,12,-0.0397861) (10,12,0.0397881) (12,12,0.0795775) (13,12,0.0357523) (1,13,0.0246808) (5,13,0.0134666) (8,13,-0.0141419) (10,13,0.035849) (12,13,0.0357523) (13,13,0.0795775) (14,13,0.0361553) (2,14,0.017507) (11,14,0.0289352) (13,14,0.0361553) (14,14,0.0795775) 
Minv:
size: 27 27
(0,0,0.0397887) (1,1,0.0397887) (2,2,0.0795775) (3,3,0.0397887) (4,4,0.0397887) (5,5,0.0795775) (6,6,0.0397887) (7,7,0.0397887) (8,8,0.0795775) (9,9,0.0397887) (10,10,0.0397887) (11,11,0.0795775) (12,12,0.0397887) (13,13,0.0397887) (14,14,0.0795775) (15,15,0.0397887) (16,16,0.0397887) (17,17,0.0795775) (18,18,0.0397887) (19,19,0.0397887) (20,20,0.0795775) (21,21,0.0397887) (22,22,0.0397887) (23,23,0.0795775) (24,24,0.0397887) (25,25,0.0397887) (26,26,0.0795775) 
v0:
size: 27 1
(0,0,0.266958) (1,0,-0.497304) (2,0,0) (3,0,-0.725647) (4,0,-0.322056) (5,0,0) (6,0,-0.342598) (7,0,-0.174838) (8,0,0) (9,0,0.453458) (10,0,0.895264) (11,0,0) (12,0,-0.730708) (13,0,-0.147059) (14,0,0) (15,0,-0.747674) (16,0,-0.713928) (17,0,0) (18,0,0.486835) (19,0,0.11929) (20,0,0) (21,0,-0.230011) (22,0,-0.867874) (23,0,0) (24,0,0.474567) (25,0,0.894844) (26,0,0) 
ipopt_sol:
size: 15 1
(0,0,13.2152) (1,0,1.69534e-07) (2,0,1.41657e-07) (3,0,1.16367e-07) (4,0,2.03161e-07) (5,0,1.49408e-07) (6,0,1.97699e-07) (7,0,3.22424) (8,0,8.82641) (9,0,1.54969e-05) (10,0,28.0046) (11,0,28.6988) (12,0,3.33253) (13,0,7.58076e-08) (14,0,14.1769) 
policy_sol:
size: 15 1
(0,0,13.2152) (1,0,0) (2,0,0) (3,0,0) (4,0,0) (5,0,0) (6,0,0) (7,0,3.22424) (8,0,8.82641) (9,0,0) (10,0,28.0046) (11,0,28.6988) (12,0,3.33252) (13,0,0) (14,0,14.1769) 

policy_converges:
1
ipopt_converges:
0
