Git Revision:     18345a57b34405566a64d0bf3d2a118f1cdbade3
Build Mode:       Debug
C Compiler:       /usr/bin/cc
C++ Compiler:     /usr/bin/c++
Fortran Compiler: gfortran
Body count: 9
No end time specified. Simulation will run indefinitely.
N:
size: 27 10
(0,0,-0.00966738) (1,0,-0.999953) (3,0,0.00966738) (4,0,0.999953) (0,1,0.0310175) (1,1,-0.999519) (6,1,-0.0310175) (7,1,0.999519) (0,2,-0.699882) (1,2,-0.714258) (12,2,0.699882) (13,2,0.714258) (0,3,-0.457486) (1,3,-0.889217) (15,3,0.457486) (16,3,0.889217) (0,4,-0.705472) (1,4,-0.708738) (24,4,0.705472) (25,4,0.708738) (6,5,-0.999931) (7,5,0.0117451) (15,5,0.999931) (16,5,-0.0117451) (9,6,0.0603871) (10,6,-0.998175) (12,6,-0.0603871) (13,6,0.998175) (12,7,-0.733362) (13,7,0.679838) (18,7,0.733362) (19,7,-0.679838) (18,8,0.0382257) (19,8,-0.999269) (21,8,-0.0382257) (22,8,0.999269) (18,9,-0.00276019) (19,9,-0.999996) (24,9,0.00276019) (25,9,0.999996) 
Q:
size: 10 10
(0,0,0.0795775) (1,0,0.0397558) (2,0,0.0286873) (3,0,0.0355551) (4,0,0.0284698) (0,1,0.0397558) (1,1,0.0795775) (2,1,0.027542) (3,1,0.0347992) (4,1,0.0273156) (5,1,0.00170116) (0,2,0.0286873) (1,2,0.027542) (2,2,0.0795775) (3,2,0.0380109) (4,2,0.0397875) (6,2,0.0266859) (7,2,-0.00110165) (0,3,0.0355551) (1,3,0.0347992) (2,3,0.0380109) (3,3,0.0795775) (4,3,0.0379173) (5,3,0.017786) (0,4,0.0284698) (1,4,0.0273156) (2,4,0.0397875) (3,4,0.0379173) (4,4,0.0795775) (9,4,0.0282772) (1,5,0.00170116) (3,5,0.017786) (5,5,0.0795775) (2,6,0.0266859) (6,6,0.0795775) (7,6,0.0287626) (2,7,-0.00110165) (6,7,0.0287626) (7,7,0.0795775) (8,7,0.0281455) (9,7,0.0269692) (7,8,0.0281455) (8,8,0.0795775) (9,8,0.0397553) (4,9,0.0282772) (7,9,0.0269692) (8,9,0.0397553) (9,9,0.0795775) 
Minv:
size: 27 27
(0,0,0.0397887) (1,1,0.0397887) (2,2,0.0795775) (3,3,0.0397887) (4,4,0.0397887) (5,5,0.0795775) (6,6,0.0397887) (7,7,0.0397887) (8,8,0.0795775) (9,9,0.0397887) (10,10,0.0397887) (11,11,0.0795775) (12,12,0.0397887) (13,13,0.0397887) (14,14,0.0795775) (15,15,0.0397887) (16,16,0.0397887) (17,17,0.0795775) (18,18,0.0397887) (19,19,0.0397887) (20,20,0.0795775) (21,21,0.0397887) (22,22,0.0397887) (23,23,0.0795775) (24,24,0.0397887) (25,25,0.0397887) (26,26,0.0795775) 
v0:
size: 27 1
(0,0,-0.471911) (1,0,0.895861) (2,0,0) (3,0,-0.611316) (4,0,-0.455511) (5,0,0) (6,0,0.42439) (7,0,0.619285) (8,0,0) (9,0,0.113256) (10,0,-0.573201) (11,0,0) (12,0,0.228332) (13,0,-0.63841) (14,0,0) (15,0,-0.458995) (16,0,0.791085) (17,0,0) (18,0,0.536114) (19,0,-0.0948201) (20,0,0) (21,0,0.88249) (22,0,-0.498126) (23,0,0) (24,0,0.724568) (25,0,-0.432432) (26,0,0) 
ipopt_sol:
size: 10 1
(0,0,32.8719) (1,0,1.00583e-07) (2,0,3.11821) (3,0,5.02638e-08) (4,0,8.2054e-08) (5,0,22.2511) (6,0,0.764878) (7,0,1.11319e-06) (8,0,8.30083) (9,0,4.32507) 
policy_sol:
size: 10 1
(0,0,32.8719) (1,0,0) (2,0,3.11821) (3,0,0) (4,0,0) (5,0,22.2511) (6,0,0.764877) (7,0,0) (8,0,8.30083) (9,0,4.32507) 

policy_converges:
1
ipopt_converges:
0
