Git Revision:     18345a57b34405566a64d0bf3d2a118f1cdbade3
Build Mode:       Debug
C Compiler:       /usr/bin/cc
C++ Compiler:     /usr/bin/c++
Fortran Compiler: gfortran
Body count: 9
No end time specified. Simulation will run indefinitely.
N:
size: 27 14
(0,0,-0.0034745) (1,0,-0.999994) (3,0,0.0034745) (4,0,0.999994) (0,1,0.00183584) (1,1,-0.999998) (6,1,-0.00183584) (7,1,0.999998) (0,2,-0.438457) (1,2,-0.898752) (15,2,0.438457) (16,2,0.898752) (0,3,-0.715173) (1,3,-0.698947) (24,3,0.715173) (25,3,0.698947) (6,4,-0.463463) (7,4,0.886116) (9,4,0.463463) (10,4,-0.886116) (6,5,-0.71648) (7,5,0.697608) (12,5,0.71648) (13,5,-0.697608) (6,6,-0.999735) (7,6,-0.02303) (15,6,0.999735) (16,6,0.02303) (6,7,-0.999969) (7,7,-0.00791759) (24,7,0.999969) (25,7,0.00791759) (9,8,0.0273724) (10,8,-0.999625) (15,8,-0.0273724) (16,8,0.999625) (9,9,-0.999994) (10,9,0.00353328) (18,9,0.999994) (19,9,-0.00353328) (9,10,-0.714724) (10,10,-0.699407) (21,10,0.714724) (22,10,0.699407) (9,11,-0.451789) (10,11,-0.892125) (24,11,0.451789) (25,11,0.892125) (12,12,0.0529947) (13,12,-0.998595) (15,12,-0.0529947) (16,12,0.998595) (12,13,-0.702457) (13,13,-0.711727) (24,13,0.702457) (25,13,0.711727) 
Q:
size: 14 14
(0,0,0.0795775) (1,0,0.0397882) (2,0,0.0358206) (3,0,0.0279089) (0,1,0.0397882) (1,1,0.0795775) (2,1,0.0357281) (3,1,0.0277579) (4,1,0.0352912) (5,1,0.0278092) (6,1,-0.000843307) (7,1,-0.000241987) (0,2,0.0358206) (1,2,0.0357281) (2,2,0.0795775) (3,2,0.0374712) (6,2,0.0182646) (8,2,0.0352693) (12,2,0.0347854) (0,3,0.0279089) (1,3,0.0277579) (2,3,0.0374712) (3,3,0.0795775) (7,3,0.0286751) (11,3,0.0376662) (13,3,0.0397823) (1,4,0.0352912) (4,4,0.0795775) (5,4,0.0378082) (6,4,0.0176237) (7,4,0.0181609) (8,4,0.035749) (9,4,-0.0185651) (10,4,0.0114793) (11,4,0.0231228) (1,5,0.0278092) (4,5,0.0378082) (5,5,0.0795775) (6,5,0.027861) (7,5,0.0282872) (12,5,0.0292287) (13,5,-0.000270161) (1,6,-0.000843307) (2,6,0.0182646) (4,6,0.0176237) (5,6,0.027861) (6,6,0.0795775) (7,6,0.0397842) (8,6,-0.000172833) (12,6,-0.00119299) (1,7,-0.000241987) (3,7,0.0286751) (4,7,0.0181609) (5,7,0.0282872) (6,7,0.0397842) (7,7,0.0795775) (11,7,0.0182566) (13,7,0.0281732) (2,8,0.0352693) (4,8,0.035749) (6,8,-0.000172833) (8,8,0.0795775) (9,8,-0.00122964) (10,8,0.0270397) (11,8,0.0349912) (12,8,0.0397757) (4,9,-0.0185651) (8,9,-0.00122964) (9,9,0.0795775) (10,9,0.0283395) (11,9,0.0178506) (4,10,0.0114793) (8,10,0.0270397) (9,10,0.0283395) (10,10,0.0795775) (11,10,0.0376745) (3,11,0.0376662) (4,11,0.0231228) (7,11,0.0182566) (8,11,0.0349912) (9,11,0.0178506) (10,11,0.0376745) (11,11,0.0795775) (13,11,0.0378913) (2,12,0.0347854) (5,12,0.0292287) (6,12,-0.00119299) (8,12,0.0397757) (12,12,0.0795775) (13,12,0.0267977) (3,13,0.0397823) (5,13,-0.000270161) (7,13,0.0281732) (11,13,0.0378913) (12,13,0.0267977) (13,13,0.0795775) 
Minv:
size: 27 27
(0,0,0.0397887) (1,1,0.0397887) (2,2,0.0795775) (3,3,0.0397887) (4,4,0.0397887) (5,5,0.0795775) (6,6,0.0397887) (7,7,0.0397887) (8,8,0.0795775) (9,9,0.0397887) (10,10,0.0397887) (11,11,0.0795775) (12,12,0.0397887) (13,13,0.0397887) (14,14,0.0795775) (15,15,0.0397887) (16,16,0.0397887) (17,17,0.0795775) (18,18,0.0397887) (19,19,0.0397887) (20,20,0.0795775) (21,21,0.0397887) (22,22,0.0397887) (23,23,0.0795775) (24,24,0.0397887) (25,25,0.0397887) (26,26,0.0795775) 
v0:
size: 27 1
(0,0,-0.355216) (1,0,0.762389) (2,0,0) (3,0,-0.946011) (4,0,-0.589733) (5,0,0) (6,0,0.0862359) (7,0,0.192181) (8,0,0) (9,0,0.767252) (10,0,0.624896) (11,0,0) (12,0,0.262213) (13,0,0.98144) (14,0,0) (15,0,-0.768162) (16,0,-0.310868) (17,0,0) (18,0,0.0144983) (19,0,-0.923584) (20,0,0) (21,0,0.443939) (22,0,-0.796112) (23,0,0) (24,0,-0.445334) (25,0,-0.383575) (26,0,0) 
ipopt_sol:
size: 14 1
(0,0,34.0339) (1,0,4.60007e-07) (2,0,5.47674e-07) (3,0,1.35051e-07) (4,0,1.25685e-07) (5,0,1.87785e-07) (6,0,22.1171) (7,0,1.22151e-07) (8,0,4.18072e-07) (9,0,8.06828) (10,0,21.3494) (11,0,13.8634) (12,0,23.8968) (13,0,22.26) 
policy_sol:
size: 14 1
(0,0,34.0339) (1,0,0) (2,0,0) (3,0,0) (4,0,0) (5,0,0) (6,0,22.1171) (7,0,0) (8,0,0) (9,0,8.06827) (10,0,21.3494) (11,0,13.8634) (12,0,23.8968) (13,0,22.26) 

policy_converges:
1
ipopt_converges:
1
