Git Revision:     18345a57b34405566a64d0bf3d2a118f1cdbade3
Build Mode:       Debug
C Compiler:       /usr/bin/cc
C++ Compiler:     /usr/bin/c++
Fortran Compiler: gfortran
Body count: 9
No end time specified. Simulation will run indefinitely.
N:
size: 27 11
(0,0,-0.998185) (1,0,-0.060227) (9,0,0.998185) (10,0,0.060227) (0,1,-0.999885) (1,1,0.0151772) (18,1,0.999885) (19,1,-0.0151772) (0,2,-0.691674) (1,2,-0.72221) (24,2,0.691674) (25,2,0.72221) (3,3,-0.083524) (4,3,-0.996506) (6,3,0.083524) (7,3,0.996506) (6,4,-0.715327) (7,4,0.69879) (12,4,0.715327) (13,4,-0.69879) (6,5,-0.999212) (7,5,-0.0396915) (24,5,0.999212) (25,5,0.0396915) (12,6,0.0437283) (13,6,-0.999043) (15,6,-0.0437283) (16,6,0.999043) (12,7,-0.68602) (13,7,-0.727582) (24,7,0.68602) (25,7,0.727582) (15,8,-0.727467) (16,8,0.686143) (21,8,0.727467) (22,8,-0.686143) (15,9,-0.999345) (16,9,-0.0361974) (24,9,0.999345) (25,9,0.0361974) (21,10,-0.0037989) (22,10,-0.999993) (24,10,0.0037989) (25,10,0.999993) 
Q:
size: 11 11
(0,0,0.0795775) (1,0,0.0396756) (2,0,0.0292015) (0,1,0.0396756) (1,1,0.0795775) (2,1,0.0270815) (0,2,0.0292015) (1,2,0.0270815) (2,2,0.0795775) (5,2,0.0286397) (7,2,0.0397875) (9,2,0.0285429) (10,2,0.0288402) (3,3,0.0795775) (4,3,0.0253296) (5,3,-0.00489445) (3,4,0.0253296) (4,4,0.0795775) (5,4,0.0273359) (6,4,0.029022) (7,4,0.000704204) (2,5,0.0286397) (3,5,-0.00489445) (4,5,0.0273359) (5,5,0.0795775) (7,5,0.0284234) (9,5,0.0397885) (10,5,0.0017303) (4,6,0.029022) (6,6,0.0795775) (7,6,0.0277283) (8,6,0.0285403) (9,6,0.000299884) (2,7,0.0397875) (4,7,0.000704204) (5,7,0.0284234) (6,7,0.0277283) (7,7,0.0795775) (9,7,0.0283259) (10,7,0.0290531) (6,8,0.0285403) (8,8,0.0795775) (9,8,0.0279378) (10,8,0.0271906) (2,9,0.0285429) (5,9,0.0397885) (6,9,0.000299884) (7,9,0.0283259) (8,9,0.0279378) (9,9,0.0795775) (10,9,0.00159129) (2,10,0.0288402) (5,10,0.0017303) (7,10,0.0290531) (8,10,0.0271906) (9,10,0.00159129) (10,10,0.0795775) 
Minv:
size: 27 27
(0,0,0.0397887) (1,1,0.0397887) (2,2,0.0795775) (3,3,0.0397887) (4,4,0.0397887) (5,5,0.0795775) (6,6,0.0397887) (7,7,0.0397887) (8,8,0.0795775) (9,9,0.0397887) (10,10,0.0397887) (11,11,0.0795775) (12,12,0.0397887) (13,13,0.0397887) (14,14,0.0795775) (15,15,0.0397887) (16,16,0.0397887) (17,17,0.0795775) (18,18,0.0397887) (19,19,0.0397887) (20,20,0.0795775) (21,21,0.0397887) (22,22,0.0397887) (23,23,0.0795775) (24,24,0.0397887) (25,25,0.0397887) (26,26,0.0795775) 
v0:
size: 27 1
(0,0,0.54194) (1,0,-0.562381) (2,0,0) (3,0,-0.829393) (4,0,0.581378) (5,0,0) (6,0,0.146628) (7,0,0.043819) (8,0,0) (9,0,0.049215) (10,0,-0.166566) (11,0,0) (12,0,0.395236) (13,0,0.3731) (14,0,0) (15,0,0.437129) (16,0,0.323127) (17,0,0) (18,0,0.313993) (19,0,-0.519927) (20,0,0) (21,0,0.494504) (22,0,0.400229) (23,0,0) (24,0,-0.124033) (25,0,0.0508582) (26,0,0) 
ipopt_sol:
size: 11 1
(0,0,11.7619) (1,0,9.92508e-06) (2,0,7.01711e-08) (3,0,11.4143) (4,0,4.66268e-07) (5,0,8.37863e-07) (6,0,6.03098e-07) (7,0,8.96197) (8,0,2.00625e-07) (9,0,11.045) (10,0,5.34683) 
policy_sol:
size: 11 1
(0,0,11.7619) (1,0,0) (2,0,0) (3,0,11.4143) (4,0,0) (5,0,0) (6,0,0) (7,0,8.96197) (8,0,0) (9,0,11.045) (10,0,5.34683) 

policy_converges:
1
ipopt_converges:
0
