Git Revision:     18345a57b34405566a64d0bf3d2a118f1cdbade3
Build Mode:       Debug
C Compiler:       /usr/bin/cc
C++ Compiler:     /usr/bin/c++
Fortran Compiler: gfortran
Body count: 9
No end time specified. Simulation will run indefinitely.
N:
size: 27 20
(0,0,0.056684) (1,0,-0.998392) (3,0,-0.056684) (4,0,0.998392) (0,1,0.0286361) (1,1,-0.99959) (6,1,-0.0286361) (7,1,0.99959) (0,2,-0.999119) (1,2,-0.0419704) (9,2,0.999119) (10,2,0.0419704) (0,3,-0.448604) (1,3,-0.893731) (15,3,0.448604) (16,3,0.893731) (0,4,-0.708069) (1,4,-0.706143) (24,4,0.708069) (25,4,0.706143) (3,5,-0.719673) (4,5,0.694313) (9,5,0.719673) (10,5,-0.694313) (3,6,-0.999986) (4,6,0.00522772) (12,6,0.999986) (13,6,-0.00522772) (3,7,-0.741762) (4,7,-0.670663) (15,7,0.741762) (16,7,0.670663) (3,8,-0.999854) (4,8,0.0170582) (21,8,0.999854) (22,8,-0.0170582) (3,9,-0.90747) (4,9,-0.420117) (24,9,0.90747) (25,9,0.420117) (6,10,-0.698721) (7,10,0.715394) (12,10,0.698721) (13,10,-0.715394) (6,11,-0.888124) (7,11,0.459605) (21,11,0.888124) (22,11,-0.459605) (6,12,-0.999597) (7,12,0.0283773) (24,12,0.999597) (25,12,-0.0283773) (12,13,-0.0738399) (13,13,-0.99727) (15,13,0.0738399) (16,13,0.99727) (12,14,-0.999594) (13,14,0.02848) (21,14,0.999594) (22,14,-0.02848) (12,15,-0.743491) (13,15,-0.668746) (24,15,0.743491) (25,15,0.668746) (15,16,-0.432963) (16,16,0.901412) (18,16,0.432963) (19,16,-0.901412) (15,17,-0.692177) (16,17,0.721728) (21,17,0.692177) (22,17,-0.721728) (15,18,-0.999951) (16,18,0.00989948) (24,18,0.999951) (25,18,-0.00989948) (21,19,-0.0375678) (22,19,-0.999294) (24,19,0.0375678) (25,19,0.999294) 
Q:
size: 20 20
(0,0,0.0795775) (1,0,0.0397731) (2,0,-0.000586136) (3,0,0.0344915) (4,0,0.0264544) (5,0,0.0292046) (6,0,0.00246303) (7,0,-0.024969) (8,0,0.00293269) (9,0,-0.0146423) (0,1,0.0397731) (1,1,0.0795775) (2,1,0.000530873) (3,1,0.0350347) (4,1,0.0272782) (10,1,0.0292491) (11,1,0.0192915) (12,1,0.00226757) (0,2,-0.000586136) (1,2,0.000530873) (2,2,0.0795775) (3,2,0.0193261) (4,2,0.0293276) (5,2,0.0274502) (0,3,0.0344915) (1,3,0.0350347) (2,3,0.0193261) (3,3,0.0795775) (4,3,0.0377493) (7,3,0.0370891) (13,3,0.0367813) (16,3,0.0243264) (17,3,0.01331) (18,3,-0.0174965) (0,4,0.0264544) (1,4,0.0272782) (2,4,0.0293276) (3,4,0.0377493) (4,4,0.0795775) (9,4,0.0373701) (12,4,0.0273645) (15,4,0.039736) (18,4,0.0278937) (19,4,0.0291351) (0,5,0.0292046) (2,5,0.0274502) (5,5,0.0795775) (6,5,0.0287789) (7,5,0.00271261) (8,5,0.029102) (9,5,0.0143792) (0,6,0.00246303) (5,6,0.0287789) (6,6,0.0795775) (7,6,0.0293739) (8,6,0.039786) (9,6,0.0360192) (10,6,0.0279497) (13,6,-0.00273052) (14,6,-0.039778) (15,6,-0.029443) (0,7,-0.024969) (3,7,0.0370891) (5,7,0.00271261) (6,7,0.0293739) (7,7,0.0795775) (8,7,0.0290543) (9,7,0.0379936) (13,7,0.0287913) (16,7,0.0112757) (17,7,-0.00116956) (18,7,-0.0292482) (0,8,0.00293269) (5,8,0.029102) (6,8,0.039786) (7,8,0.0290543) (8,8,0.0795775) (9,8,0.0358167) (11,8,0.0356441) (14,8,0.0397861) (17,8,0.0280267) (19,8,-0.000816315) (0,9,-0.0146423) (4,9,0.0373701) (5,9,0.0143792) (6,9,0.0360192) (7,9,0.0379936) (8,9,0.0358167) (9,9,0.0795775) (12,9,0.0356182) (15,9,0.038024) (18,9,0.0359398) (19,9,0.0180606) (1,10,0.0292491) (6,10,0.0279497) (10,10,0.0795775) (11,10,0.0377734) (12,10,0.0285978) (13,10,0.0263341) (14,10,-0.0286006) (15,10,-0.00163434) (1,11,0.0192915) (8,11,0.0356441) (10,11,0.0377734) (11,11,0.0795775) (12,11,0.035842) (14,11,0.0358438) (17,11,0.037658) (19,11,0.0169466) (1,12,0.00226757) (4,12,0.0273645) (9,12,0.0356182) (10,12,0.0285978) (11,12,0.035842) (12,12,0.0795775) (15,12,0.0288156) (18,12,0.0397819) (19,12,0.000365873) (3,13,0.0367813) (6,13,-0.00273052) (7,13,0.0287913) (10,13,0.0263341) (13,13,0.0795775) (14,13,0.00180672) (15,13,0.0287203) (16,13,0.0344961) (17,13,0.0266046) (18,13,-0.00254504) (6,14,-0.039778) (8,14,0.0397861) (10,14,-0.0286006) (11,14,0.0358438) (13,14,0.00180672) (14,14,0.0795775) (15,14,0.0288127) (17,14,0.0283475) (19,14,-0.000361788) (4,15,0.039736) (6,15,-0.029443) (9,15,0.038024) (10,15,-0.00163434) (12,15,0.0288156) (13,15,0.0287203) (14,15,0.0288127) (15,15,0.0795775) (18,15,0.0293177) (19,15,0.0277011) (3,16,0.0243264) (7,16,0.0112757) (13,16,0.0344961) (16,16,0.0795775) (17,16,0.0378097) (18,16,0.0175813) (3,17,0.01331) (7,17,-0.00116956) (8,17,0.0280267) (11,17,0.037658) (13,17,0.0266046) (14,17,0.0283475) (16,17,0.0378097) (17,17,0.0795775) (18,17,0.0278238) (19,17,0.0276617) (3,18,-0.0174965) (4,18,0.0278937) (7,18,-0.0292482) (9,18,0.0359398) (12,18,0.0397819) (13,18,-0.00254504) (15,18,0.0293177) (16,18,0.0175813) (17,18,0.0278238) (18,18,0.0795775) (19,18,0.00110109) (4,19,0.0291351) (8,19,-0.000816315) (9,19,0.0180606) (11,19,0.0169466) (12,19,0.000365873) (14,19,-0.000361788) (15,19,0.0277011) (17,19,0.0276617) (18,19,0.00110109) (19,19,0.0795775) 
Minv:
size: 27 27
(0,0,0.0397887) (1,1,0.0397887) (2,2,0.0795775) (3,3,0.0397887) (4,4,0.0397887) (5,5,0.0795775) (6,6,0.0397887) (7,7,0.0397887) (8,8,0.0795775) (9,9,0.0397887) (10,10,0.0397887) (11,11,0.0795775) (12,12,0.0397887) (13,13,0.0397887) (14,14,0.0795775) (15,15,0.0397887) (16,16,0.0397887) (17,17,0.0795775) (18,18,0.0397887) (19,19,0.0397887) (20,20,0.0795775) (21,21,0.0397887) (22,22,0.0397887) (23,23,0.0795775) (24,24,0.0397887) (25,25,0.0397887) (26,26,0.0795775) 
v0:
size: 27 1
(0,0,-0.767582) (1,0,0.273021) (2,0,0) (3,0,0.34568) (4,0,-0.13636) (5,0,0) (6,0,0.359386) (7,0,-0.0255124) (8,0,0) (9,0,-0.965305) (10,0,-0.800593) (11,0,0) (12,0,0.139725) (13,0,0.15216) (14,0,0) (15,0,0.784544) (16,0,-0.789617) (17,0,0) (18,0,0.486978) (19,0,-0.348807) (20,0,0) (21,0,-0.739018) (22,0,0.958178) (23,0,0) (24,0,-0.889069) (25,0,0.379237) (26,0,0) 
ipopt_sol:
size: 20 1
(0,0,15.1293) (1,0,2.86102e-06) (2,0,4.68217) (3,0,8.1547e-08) (4,0,4.48367e-08) (5,0,4.42581) (6,0,4.89435e-06) (7,0,15.4916) (8,0,4.83404e-06) (9,0,8.78924e-07) (10,0,1.41005) (11,0,4.91058e-05) (12,0,20.9465) (13,0,0.42983) (14,0,5.64252) (15,0,6.03314e-07) (16,0,5.71363e-08) (17,0,49.1477) (18,0,20.4032) (19,0,4.04629e-07) 
policy_sol:
size: 20 1
(0,0,11.959) (1,0,0) (2,0,4.09113) (3,0,0) (4,0,0) (5,0,6.07153) (6,0,0) (7,0,7.3263) (8,0,0) (9,0,0) (10,0,-5.77487) (11,0,0) (12,0,29.8164) (13,0,0) (14,0,-6.5014) (15,0,10.9535) (16,0,0) (17,0,64.7328) (18,0,0) (19,0,-11.7994) 

policy_converges:
0
ipopt_converges:
0
