Git Revision:     3cfe7dc3fe6810e9e399640d632720aa3564fe80
Build Mode:       Debug
C Compiler:       /usr/bin/cc
C++ Compiler:     /usr/bin/c++
Fortran Compiler: gfortran
Body count: 9
No end time specified. Simulation will run indefinitely.
N:
size: 27 17
(3,0,-0.670279) (4,0,0.742109) (9,0,0.670279) (10,0,-0.742109) (3,1,-0.999742) (4,1,0.0227222) (12,1,0.999742) (13,1,-0.0227222) (3,2,-0.6807) (4,2,-0.732562) (15,2,0.6807) (16,2,0.732562) (3,3,-0.890365) (4,3,0.455247) (18,3,0.890365) (19,3,-0.455247) (3,4,-1) (4,4,-0.000611732) (21,4,1) (22,4,0.000611732) (3,5,-0.888246) (4,5,-0.459369) (24,5,0.888246) (25,5,0.459369) (6,6,-0.712762) (7,6,0.701406) (12,6,0.712762) (13,6,-0.701406) (6,7,-0.998942) (7,7,-0.0459917) (15,7,0.998942) (16,7,0.0459917) (6,8,-0.709869) (7,8,0.704334) (18,8,0.709869) (19,8,-0.704334) (6,9,-0.999593) (7,9,-0.0285244) (24,9,0.999593) (25,9,0.0285244) (9,10,-1) (10,10,-0.000944028) (18,10,1) (19,10,0.000944028) (9,11,-0.714496) (10,11,-0.69964) (21,11,0.714496) (22,11,0.69964) (12,12,0.072048) (13,12,-0.997401) (15,12,-0.072048) (16,12,0.997401) (12,13,-0.707004) (13,13,0.70721) (18,13,0.707004) (19,13,-0.70721) (12,14,-0.678204) (13,14,-0.734874) (24,14,0.678204) (25,14,0.734874) (15,15,-0.469212) (16,15,0.883086) (18,15,0.469212) (19,15,-0.883086) (18,16,0.0281847) (19,16,-0.999603) (21,16,-0.0281847) (22,16,0.999603) 
Q:
size: 17 17
(0,0,0.0795775) (1,0,0.0273336) (2,0,-0.0034768) (3,0,0.037188) (4,0,0.0266515) (5,0,0.0101251) (10,0,-0.0266417) (11,0,0.00160337) (0,1,0.0273336) (1,1,0.0795775) (2,1,0.0264149) (3,1,0.0358289) (4,1,0.0397779) (5,1,0.0349177) (6,1,0.0289867) (12,1,0.0037677) (13,1,-0.0287629) (14,1,-0.0263135) (0,2,-0.0034768) (1,2,0.0264149) (2,2,0.0795775) (3,2,0.0108454) (4,2,0.027102) (5,2,0.037447) (7,2,0.0283961) (12,2,0.0271206) (15,2,0.0130317) (0,3,0.037188) (1,3,0.0358289) (2,3,0.0108454) (3,3,0.0795775) (4,3,0.0354154) (5,3,0.0231466) (8,3,0.0379063) (10,3,0.0354094) (13,3,0.0378569) (15,3,0.0326185) (16,3,0.019105) (0,4,0.0266515) (1,4,0.0397779) (2,4,0.027102) (3,4,0.0354154) (4,4,0.0795775) (5,4,0.0353533) (11,4,0.0284459) (16,4,-0.0010971) (0,5,0.0101251) (1,5,0.0349177) (2,5,0.037447) (3,5,0.0231466) (4,5,0.0353533) (5,5,0.0795775) (9,5,0.0358492) (14,5,0.037401) (1,6,0.0289867) (6,6,0.0795775) (7,6,0.0270464) (8,6,0.0397884) (9,6,0.0275523) (12,6,0.0298788) (13,6,-0.0397874) (14,6,0.00127508) (2,7,0.0283961) (6,7,0.0270464) (7,7,0.0795775) (8,7,0.026926) (9,7,0.0397827) (12,7,-0.00103847) (15,7,-0.0170336) (3,8,0.0379063) (6,8,0.0397884) (7,8,0.026926) (8,8,0.0795775) (9,8,0.0274339) (10,8,0.0282183) (13,8,0.0397884) (15,8,0.0380009) (16,8,0.0288095) (5,9,0.0358492) (6,9,0.0275523) (7,9,0.0397827) (8,9,0.0274339) (9,9,0.0795775) (14,9,0.0278079) (0,10,-0.0266417) (3,10,0.0354094) (8,10,0.0282183) (10,10,0.0795775) (11,10,0.0284552) (13,10,0.0281042) (15,10,0.0186362) (16,10,0.00108389) (0,11,0.00160337) (4,11,0.0284459) (10,11,0.0284552) (11,11,0.0795775) (16,11,0.0270255) (1,12,0.0037677) (2,12,0.0271206) (6,12,0.0298788) (7,12,-0.00103847) (12,12,0.0795775) (13,12,-0.0300926) (14,12,0.0272195) (15,12,0.0363906) (1,13,-0.0287629) (3,13,0.0378569) (6,13,-0.0397874) (8,13,0.0397884) (10,13,0.0281042) (12,13,-0.0300926) (13,13,0.0795775) (14,13,-0.0016002) (15,13,0.0380484) (16,13,0.0289207) (1,14,-0.0263135) (5,14,0.037401) (6,14,0.00127508) (9,14,0.0278079) (12,14,0.0272195) (13,14,-0.0016002) (14,14,0.0795775) (2,15,0.0130317) (3,15,0.0326185) (7,15,-0.0170336) (8,15,0.0380009) (10,15,0.0186362) (12,15,0.0363906) (13,15,0.0380484) (15,15,0.0795775) (16,15,0.0356491) (3,16,0.019105) (4,16,-0.0010971) (8,16,0.0288095) (10,16,0.00108389) (11,16,0.0270255) (13,16,0.0289207) (15,16,0.0356491) (16,16,0.0795775) 
Minv:
size: 27 27
(0,0,0.0397887) (1,1,0.0397887) (2,2,0.0795775) (3,3,0.0397887) (4,4,0.0397887) (5,5,0.0795775) (6,6,0.0397887) (7,7,0.0397887) (8,8,0.0795775) (9,9,0.0397887) (10,10,0.0397887) (11,11,0.0795775) (12,12,0.0397887) (13,13,0.0397887) (14,14,0.0795775) (15,15,0.0397887) (16,16,0.0397887) (17,17,0.0795775) (18,18,0.0397887) (19,19,0.0397887) (20,20,0.0795775) (21,21,0.0397887) (22,22,0.0397887) (23,23,0.0795775) (24,24,0.0397887) (25,25,0.0397887) (26,26,0.0795775) 
v0:
size: 27 1
(0,0,-0.931183) (1,0,-0.358704) (2,0,0) (3,0,0.61911) (4,0,0.318021) (5,0,0) (6,0,0.249017) (7,0,0.815471) (8,0,0) (9,0,0.269959) (10,0,0.0757958) (11,0,0) (12,0,-0.393577) (13,0,0.728591) (14,0,0) (15,0,-0.763082) (16,0,0.367998) (17,0,0) (18,0,-0.76364) (19,0,0.612024) (20,0,0) (21,0,0.618154) (22,0,-0.858366) (23,0,0) (24,0,-0.455935) (25,0,0.711629) (26,0,0) 
ipopt_sol:
size: 17 1
(0,0,1.28467e-05) (1,0,21.044) (2,0,6.87299e-06) (3,0,2.75859) (4,0,6.66823e-08) (5,0,8.33353) (6,0,1.12677e-07) (7,0,25.76) (8,0,5.45177e-08) (9,0,0.519497) (10,0,24.234) (11,0,9.35848e-08) (12,0,7.09034) (13,0,1.24971e-07) (14,0,1.81121) (15,0,6.29736e-08) (16,0,36.9267) 
policy_sol:
size: 17 1
(0,0,0) (1,0,21.044) (2,0,0) (3,0,2.7586) (4,0,0) (5,0,8.33354) (6,0,0) (7,0,25.76) (8,0,0) (9,0,0.519489) (10,0,24.234) (11,0,0) (12,0,7.09034) (13,0,0) (14,0,1.8112) (15,0,0) (16,0,36.9267) 

policy_converges:
1
