Git Revision:     18345a57b34405566a64d0bf3d2a118f1cdbade3
Build Mode:       Debug
C Compiler:       /usr/bin/cc
C++ Compiler:     /usr/bin/c++
Fortran Compiler: gfortran
Body count: 9
No end time specified. Simulation will run indefinitely.
N:
size: 27 8
(0,0,0.0153714) (1,0,-0.999882) (3,0,-0.0153714) (4,0,0.999882) (3,1,-1) (4,1,-0.000852876) (12,1,1) (13,1,0.000852876) (3,2,-0.904484) (4,2,0.426508) (18,2,0.904484) (19,2,-0.426508) (9,3,-0.99882) (10,3,-0.048568) (18,3,0.99882) (19,3,0.048568) (9,4,-0.687174) (10,4,-0.726493) (21,4,0.687174) (22,4,0.726493) (12,5,0.0109776) (13,5,-0.99994) (15,5,-0.0109776) (16,5,0.99994) (15,6,-0.463859) (16,6,0.885909) (18,6,0.463859) (19,6,-0.885909) (18,7,0.0652749) (19,7,-0.997867) (21,7,-0.0652749) (22,7,0.997867) 
Q:
size: 8 8
(0,0,0.0795775) (1,0,0.000577677) (2,0,0.0175214) (0,1,0.000577677) (1,1,0.0795775) (2,1,0.0359738) (5,1,0.000402853) (0,2,0.0175214) (1,2,0.0359738) (2,2,0.0795775) (3,2,0.0351216) (6,2,0.0317275) (7,2,0.0192831) (2,3,0.0351216) (3,3,0.0795775) (4,3,0.0287134) (6,3,0.0167226) (7,3,0.000665802) (3,4,0.0287134) (4,4,0.0795775) (7,4,0.0270599) (1,5,0.000402853) (5,5,0.0795775) (6,5,0.0354497) (2,6,0.0317275) (3,6,0.0167226) (5,6,0.0354497) (6,6,0.0795775) (7,6,0.0363788) (2,7,0.0192831) (3,7,0.000665802) (4,7,0.0270599) (6,7,0.0363788) (7,7,0.0795775) 
Minv:
size: 27 27
(0,0,0.0397887) (1,1,0.0397887) (2,2,0.0795775) (3,3,0.0397887) (4,4,0.0397887) (5,5,0.0795775) (6,6,0.0397887) (7,7,0.0397887) (8,8,0.0795775) (9,9,0.0397887) (10,10,0.0397887) (11,11,0.0795775) (12,12,0.0397887) (13,13,0.0397887) (14,14,0.0795775) (15,15,0.0397887) (16,16,0.0397887) (17,17,0.0795775) (18,18,0.0397887) (19,19,0.0397887) (20,20,0.0795775) (21,21,0.0397887) (22,22,0.0397887) (23,23,0.0795775) (24,24,0.0397887) (25,25,0.0397887) (26,26,0.0795775) 
v0:
size: 27 1
(0,0,-0.874202) (1,0,0.28812) (2,0,0) (3,0,-0.696009) (4,0,-0.747063) (5,0,0) (6,0,-0.889606) (7,0,0.836794) (8,0,0) (9,0,-0.247247) (10,0,-0.36542) (11,0,0) (12,0,-0.857707) (13,0,0.635365) (14,0,0) (15,0,-0.515207) (16,0,0.230737) (17,0,0) (18,0,-0.726474) (19,0,0.450121) (20,0,0) (21,0,-0.173485) (22,0,-0.770935) (23,0,0) (24,0,0.447934) (25,0,0.720614) (26,0,0) 
ipopt_sol:
size: 8 1
(0,0,26.0552) (1,0,3.79329) (2,0,1.71374e-07) (3,0,10.7715) (4,0,1.25238e-07) (5,0,10.2441) (6,0,7.24706e-08) (7,0,31.4401) 
policy_sol:
size: 8 1
(0,0,26.0552) (1,0,3.79329) (2,0,0) (3,0,10.7715) (4,0,0) (5,0,10.2441) (6,0,0) (7,0,31.4401) 

policy_converges:
1
ipopt_converges:
1
