solve status: 0
N:
size: 27 18
(0,0,0.0570389) (1,0,-0.998372) (3,0,-0.0570389) (4,0,0.998372) (0,1,0.0446706) (1,1,-0.999002) (6,1,-0.0446706) (7,1,0.999002) (0,2,-0.687205) (1,2,-0.726464) (12,2,0.687205) (13,2,0.726464) (0,3,-0.43459) (1,3,-0.900628) (15,3,0.43459) (16,3,0.900628) (0,4,-0.885517) (1,4,-0.464606) (21,4,0.885517) (22,4,0.464606) (0,5,-0.700221) (1,5,-0.713926) (24,5,0.700221) (25,5,0.713926) (3,6,0.0309383) (4,6,-0.999521) (6,6,-0.0309383) (7,6,0.999521) (3,7,-0.996423) (4,7,0.0845073) (12,7,0.996423) (13,7,-0.0845073) (3,8,-0.74534) (4,8,-0.666685) (15,8,0.74534) (16,8,0.666685) (3,9,-0.999377) (4,9,0.035291) (21,9,0.999377) (22,9,-0.035291) (3,10,-0.910624) (4,10,-0.413237) (24,10,0.910624) (25,10,0.413237) (6,11,-0.698121) (7,11,0.71598) (12,11,0.698121) (13,11,-0.71598) (6,12,-0.887949) (7,12,0.459942) (21,12,0.887949) (22,12,-0.459942) (9,13,-0.455044) (10,13,-0.890469) (24,13,0.455044) (25,13,0.890469) (12,14,-0.0225146) (13,14,-0.999747) (15,14,0.0225146) (16,14,0.999747) (12,15,-0.712493) (13,15,-0.701679) (24,15,0.712493) (25,15,0.701679) (15,16,-0.697461) (16,16,0.716623) (21,16,0.697461) (22,16,-0.716623) (21,17,-0.034069) (22,17,-0.999419) (24,17,0.034069) (25,17,0.999419) 
Q:
size: 18 18
(0,0,0.0795775) (1,0,0.0397857) (2,0,0.0272984) (3,0,0.0347902) (4,0,0.0164463) (5,0,0.0267708) (6,0,-0.0397752) (7,0,0.00561835) (8,0,-0.0247918) (9,0,0.00366999) (10,0,-0.0143487) (0,1,0.0397857) (1,1,0.0795775) (2,1,0.0276548) (3,1,0.0350267) (4,1,0.0168937) (5,1,0.0271333) (6,1,0.039785) (11,1,0.0297003) (12,1,0.0198605) (0,2,0.0272984) (1,2,0.0276548) (2,2,0.0795775) (3,2,0.0379157) (4,2,0.0376422) (5,2,0.0397822) (7,2,0.0248025) (11,2,-0.00160671) (14,2,-0.0295134) (15,2,-0.0397638) (0,3,0.0347902) (1,3,0.0350267) (2,3,0.0379157) (3,3,0.0795775) (4,3,0.0319613) (5,3,0.0376915) (8,3,0.0367788) (14,3,0.0362151) (16,3,0.0136197) (0,4,0.0164463) (1,4,0.0168937) (2,4,0.0376422) (3,4,0.0319613) (4,4,0.0795775) (5,4,0.037869) (9,4,0.0345593) (12,4,0.0227831) (16,4,0.0113265) (17,4,-0.0196757) (0,5,0.0267708) (1,5,0.0271333) (2,5,0.0397822) (3,5,0.0376915) (4,5,0.037869) (5,5,0.0795775) (10,5,0.0371093) (13,5,0.0379728) (15,5,0.0397828) (17,5,0.0293389) (0,6,-0.0397752) (1,6,0.039785) (6,6,0.0795775) (7,6,-0.00458742) (8,6,0.0255963) (9,6,-0.00263374) (10,6,0.0153133) (11,6,0.0293337) (12,6,0.0193848) (0,7,0.00561835) (2,7,0.0248025) (6,7,-0.00458742) (7,7,0.0795775) (8,7,0.0273083) (9,7,0.0397404) (10,7,0.0347135) (11,7,0.0300854) (14,7,0.00246897) (15,7,-0.0258884) (0,8,-0.0247918) (3,8,0.0367788) (6,8,0.0255963) (7,8,0.0273083) (8,8,0.0795775) (9,8,0.0287015) (10,8,0.0379673) (14,8,0.0271875) (16,8,-0.00167444) (0,9,0.00366999) (4,9,0.0345593) (6,9,-0.00263374) (7,9,0.0397404) (8,9,0.0287015) (9,9,0.0795775) (10,9,0.0356297) (12,9,0.0359542) (16,9,0.0287401) (17,9,4.86515e-05) (0,10,-0.0143487) (5,10,0.0371093) (6,10,0.0153133) (7,10,0.0347135) (8,10,0.0379673) (9,10,0.0356297) (10,10,0.0795775) (13,10,0.0311286) (15,10,0.0373526) (17,10,0.017667) (1,11,0.0297003) (2,11,-0.00160671) (6,11,0.0293337) (7,11,0.0300854) (11,11,0.0795775) (12,11,0.0377677) (14,11,0.0278553) (15,11,0.000198203) (1,12,0.0198605) (4,12,0.0227831) (6,12,0.0193848) (9,12,0.0359542) (11,12,0.0377677) (12,12,0.0795775) (16,12,0.0377561) (17,12,0.0170862) (5,13,0.0379728) (10,13,0.0311286) (13,13,0.0795775) (15,13,0.0377611) (17,13,0.0360269) (2,14,-0.0295134) (3,14,0.0362151) (7,14,0.00246897) (8,14,0.0271875) (11,14,0.0278553) (14,14,0.0795775) (15,14,0.0285501) (16,14,0.0278815) (2,15,-0.0397638) (5,15,0.0397828) (7,15,-0.0258884) (10,15,0.0373526) (11,15,0.000198203) (13,15,0.0377611) (14,15,0.0285501) (15,15,0.0795775) (17,15,0.0288685) (3,16,0.0136197) (4,16,0.0113265) (8,16,-0.00167444) (9,16,0.0287401) (12,16,0.0377561) (14,16,0.0278815) (16,16,0.0795775) (17,16,0.0275515) (4,17,-0.0196757) (5,17,0.0293389) (9,17,4.86515e-05) (10,17,0.017667) (12,17,0.0170862) (13,17,0.0360269) (15,17,0.0288685) (16,17,0.0275515) (17,17,0.0795775) 
Minv:
size: 27 27
(0,0,0.0397887) (1,1,0.0397887) (2,2,0.0795775) (3,3,0.0397887) (4,4,0.0397887) (5,5,0.0795775) (6,6,0.0397887) (7,7,0.0397887) (8,8,0.0795775) (9,9,0.0397887) (10,10,0.0397887) (11,11,0.0795775) (12,12,0.0397887) (13,13,0.0397887) (14,14,0.0795775) (15,15,0.0397887) (16,16,0.0397887) (17,17,0.0795775) (18,18,0.0397887) (19,19,0.0397887) (20,20,0.0795775) (21,21,0.0397887) (22,22,0.0397887) (23,23,0.0795775) (24,24,0.0397887) (25,25,0.0397887) (26,26,0.0795775) 
v0:
size: 27 1
(0,0,-0.353337) (1,0,0.938501) (2,0,0) (3,0,-0.1298) (4,0,0.666258) (5,0,0) (6,0,-0.30709) (7,0,-0.1777) (8,0,0) (9,0,0.309363) (10,0,-0.771212) (11,0,0) (12,0,-0.498305) (13,0,0.706909) (14,0,0) (15,0,0.0103343) (16,0,-0.335492) (17,0,0) (18,0,0.900329) (19,0,-0.957929) (20,0,0) (21,0,-0.416885) (22,0,0.708536) (23,0,0) (24,0,0.231662) (25,0,-0.914888) (26,0,0) 
ipopt_sol:
size: 18 1
(0,0,19.1723) (1,0,2.85709e-09) (2,0,3.39526) (3,0,0) (4,0,8.72473) (5,0,0) (6,0,31.0998) (7,0,7.87415) (8,0,0) (9,0,0) (10,0,0) (11,0,0) (12,0,0) (13,0,0) (14,0,26.481) (15,0,0) (16,0,1.24961) (17,0,41.9467) 
policy_sol:
size: 18 1
(0,0,19.1723) (1,0,0) (2,0,3.39526) (3,0,0) (4,0,8.72473) (5,0,0) (6,0,31.0998) (7,0,7.87415) (8,0,0) (9,0,0) (10,0,0) (11,0,0) (12,0,0) (13,0,0) (14,0,26.481) (15,0,0) (16,0,1.24961) (17,0,41.9467) 

policy_converges:
1
ipopt_converges:
0
