Git Revision:     3cfe7dc3fe6810e9e399640d632720aa3564fe80
Build Mode:       Debug
C Compiler:       /usr/bin/cc
C++ Compiler:     /usr/bin/c++
Fortran Compiler: gfortran
Body count: 9
No end time specified. Simulation will run indefinitely.
N:
size: 27 20
(0,0,-0.0334513) (1,0,-0.99944) (6,0,0.0334513) (7,0,0.99944) (0,1,-0.462819) (1,1,-0.886453) (15,1,0.462819) (16,1,0.886453) (0,2,-0.71735) (1,2,-0.696713) (24,2,0.71735) (25,2,0.696713) (3,3,-0.0702352) (4,3,-0.99753) (6,3,0.0702352) (7,3,0.99753) (3,4,-0.995589) (4,4,0.0938234) (12,4,0.995589) (13,4,-0.0938234) (3,5,-0.726276) (4,5,-0.687403) (15,5,0.726276) (16,5,0.687403) (3,6,-0.907581) (4,6,-0.419878) (24,6,0.907581) (25,6,0.419878) (6,7,-0.677615) (7,7,0.735417) (12,7,0.677615) (13,7,-0.735417) (6,8,-0.997513) (7,8,-0.0704846) (15,8,0.997513) (16,8,0.0704846) (9,9,-0.0258638) (10,9,-0.999665) (15,9,0.0258638) (16,9,0.999665) (9,10,-0.997721) (10,10,-0.0674789) (18,10,0.997721) (19,10,0.0674789) (9,11,-0.67954) (10,11,-0.733639) (21,11,0.67954) (22,11,0.733639) (9,12,-0.443468) (10,12,-0.89629) (24,12,0.443468) (25,12,0.89629) (12,13,-0.0424107) (13,13,-0.9991) (15,13,0.0424107) (16,13,0.9991) (12,14,-0.698763) (13,14,-0.715353) (24,14,0.698763) (25,14,0.715353) (15,15,-0.437362) (16,15,0.899285) (18,15,0.437362) (19,15,-0.899285) (15,16,-0.684438) (16,16,0.729071) (21,16,0.684438) (22,16,-0.729071) (18,17,0.0347458) (19,17,-0.999396) (21,17,-0.0347458) (22,17,0.999396) (18,18,0.0185024) (19,18,-0.999829) (24,18,-0.0185024) (25,18,0.999829) (21,19,0.00103146) (22,19,-0.999999) (24,19,-0.00103146) (25,19,0.999999) 
Q:
size: 20 20
(0,0,0.0795775) (1,0,0.0358671) (2,0,0.0286606) (3,0,0.0397617) (7,0,0.028343) (8,0,-0.0041306) (0,1,0.0358671) (1,1,0.0795775) (2,1,0.0377836) (5,1,0.0376196) (8,1,0.0208552) (9,1,0.0357353) (13,1,0.0360201) (15,1,0.0236645) (16,1,0.013111) (0,2,0.0286606) (1,2,0.0377836) (2,2,0.0795775) (6,2,0.0375441) (12,2,0.037504) (14,2,0.039775) (18,2,0.0271885) (19,2,0.0276919) (0,3,0.0397617) (3,3,0.0795775) (4,3,-0.000941652) (5,3,0.029313) (6,3,0.0192014) (7,3,0.0272954) (8,3,-0.00558519) (3,4,-0.000941652) (4,4,0.0795775) (5,4,0.026204) (6,4,0.0343847) (7,4,0.0295879) (13,4,0.00204973) (14,4,-0.0250098) (1,5,0.0376196) (3,5,0.029313) (4,5,0.026204) (5,5,0.0795775) (6,5,0.0377109) (8,5,0.0307536) (9,5,0.0280892) (13,5,0.0285519) (15,5,0.0119575) (16,5,0.000162114) (2,6,0.0375441) (3,6,0.0192014) (4,6,0.0343847) (5,6,0.0377109) (6,6,0.0795775) (12,6,0.0309881) (14,6,0.0371844) (18,6,0.0160354) (19,6,0.0166691) (0,7,0.028343) (3,7,0.0272954) (4,7,0.0295879) (7,7,0.0795775) (8,7,0.0248319) (13,7,0.0280915) (14,7,0.00209251) (0,8,-0.0041306) (1,8,0.0208552) (3,8,-0.00558519) (5,8,0.0307536) (7,8,0.0248319) (8,8,0.0795775) (9,8,0.00383008) (13,8,0.00448524) (15,8,-0.0148368) (16,8,-0.0251205) (1,9,0.0357353) (5,9,0.0280892) (8,9,0.00383008) (9,9,0.0795775) (10,9,0.00371074) (11,9,0.0298801) (12,9,0.0361067) (13,9,0.0397833) (15,9,0.0353194) (16,9,0.0282948) (9,10,0.00371074) (10,10,0.0795775) (11,10,0.0289461) (12,10,0.0200113) (15,10,0.0149479) (17,10,-0.00130394) (18,10,-0.00194993) (9,11,0.0298801) (10,11,0.0289461) (11,11,0.0795775) (12,11,0.0381537) (16,11,-0.00277613) (17,11,0.0282335) (19,11,-0.0291627) (2,12,0.037504) (6,12,0.0309881) (9,12,0.0361067) (10,12,0.0200113) (11,12,0.0381537) (12,12,0.0795775) (14,12,0.0378408) (18,12,0.0353297) (19,12,0.035644) (1,13,0.0360201) (4,13,0.00204973) (5,13,0.0285519) (7,13,0.0280915) (8,13,0.00448524) (9,13,0.0397833) (13,13,0.0795775) (14,13,0.0296165) (15,13,0.0350112) (16,13,0.0278277) (2,14,0.039775) (4,14,-0.0250098) (6,14,0.0371844) (7,14,0.00209251) (12,14,0.0378408) (13,14,0.0296165) (14,14,0.0795775) (18,14,0.0279437) (19,14,0.0284343) (1,15,0.0236645) (5,15,0.0119575) (8,15,-0.0148368) (9,15,0.0353194) (10,15,0.0149479) (13,15,0.0350112) (15,15,0.0795775) (16,15,0.0379979) (17,15,0.0363645) (18,15,0.0360973) (1,16,0.013111) (5,16,0.000162114) (8,16,-0.0251205) (9,16,0.0282948) (11,16,-0.00277613) (13,16,0.0278277) (15,16,0.0379979) (16,16,0.0795775) (17,16,-0.0299375) (19,16,0.0290369) (10,17,-0.00130394) (11,17,0.0282335) (15,17,0.0363645) (16,17,-0.0299375) (17,17,0.0795775) (18,17,0.0397835) (19,17,-0.0397661) (2,18,0.0271885) (6,18,0.0160354) (10,18,-0.00194993) (12,18,0.0353297) (14,18,0.0279437) (15,18,0.0360973) (17,18,0.0397835) (18,18,0.0795775) (19,18,0.0397827) (2,19,0.0276919) (6,19,0.0166691) (11,19,-0.0291627) (12,19,0.035644) (14,19,0.0284343) (16,19,0.0290369) (17,19,-0.0397661) (18,19,0.0397827) (19,19,0.0795775) 
Minv:
size: 27 27
(0,0,0.0397887) (1,1,0.0397887) (2,2,0.0795775) (3,3,0.0397887) (4,4,0.0397887) (5,5,0.0795775) (6,6,0.0397887) (7,7,0.0397887) (8,8,0.0795775) (9,9,0.0397887) (10,10,0.0397887) (11,11,0.0795775) (12,12,0.0397887) (13,13,0.0397887) (14,14,0.0795775) (15,15,0.0397887) (16,16,0.0397887) (17,17,0.0795775) (18,18,0.0397887) (19,19,0.0397887) (20,20,0.0795775) (21,21,0.0397887) (22,22,0.0397887) (23,23,0.0795775) (24,24,0.0397887) (25,25,0.0397887) (26,26,0.0795775) 
v0:
size: 27 1
(0,0,-0.840206) (1,0,0.595054) (2,0,0) (3,0,-0.343618) (4,0,0.744318) (5,0,0) (6,0,-0.0573839) (7,0,0.0743927) (8,0,0) (9,0,0.938732) (10,0,0.104533) (11,0,0) (12,0,-0.614721) (13,0,0.577679) (14,0,0) (15,0,-0.757636) (16,0,-0.935958) (17,0,0) (18,0,0.749615) (19,0,0.761563) (20,0,0) (21,0,-0.0156542) (22,0,0.0715522) (23,0,0) (24,0,0.231388) (25,0,-0.661969) (26,0,0) 
ipopt_sol:
size: 20 1
(0,0,3.4924) (1,0,9.52553) (2,0,5.6393e-08) (3,0,9.2175) (4,0,0.308955) (5,0,14.94) (6,0,6.10161e-08) (7,0,1.5215) (8,0,9.88504) (9,0,2.52107e-07) (10,0,3.38644e-07) (11,0,20.9997) (12,0,3.45294e-07) (13,0,27.3857) (14,0,5.63643e-08) (15,0,1.51599e-07) (16,0,1.9043e-07) (17,0,6.3427e-06) (18,0,29.9481) (19,0,11.1657) 
policy_sol:
size: 20 1
(0,0,3.4924) (1,0,9.52553) (2,0,0) (3,0,8.87368) (4,0,0) (5,0,15.3968) (6,0,0) (7,0,1.95717) (8,0,9.56488) (9,0,0) (10,0,0) (11,0,20.9997) (12,0,0) (13,0,27.094) (14,0,0) (15,0,0) (16,0,0) (17,0,0) (18,0,29.9482) (19,0,11.1657) 

policy_converges:
1
