Git Revision:     18345a57b34405566a64d0bf3d2a118f1cdbade3
Build Mode:       Debug
C Compiler:       /usr/bin/cc
C++ Compiler:     /usr/bin/c++
Fortran Compiler: gfortran
Body count: 9
No end time specified. Simulation will run indefinitely.
N:
size: 27 23
(0,0,0.03159) (1,0,-0.999501) (3,0,-0.03159) (4,0,0.999501) (0,1,-0.0154502) (1,1,-0.999881) (6,1,0.0154502) (7,1,0.999881) (0,2,-0.700727) (1,2,-0.713429) (12,2,0.700727) (13,2,0.713429) (0,3,-0.999358) (1,3,-0.0358194) (18,3,0.999358) (19,3,0.0358194) (0,4,-0.875976) (1,4,-0.482354) (21,4,0.875976) (22,4,0.482354) (0,5,-0.69152) (1,5,-0.722357) (24,5,0.69152) (25,5,0.722357) (3,6,-0.0650107) (4,6,-0.997885) (6,6,0.0650107) (7,6,0.997885) (3,7,-0.709996) (4,7,0.704205) (9,7,0.709996) (10,7,-0.704205) (3,8,-0.999519) (4,8,0.0309996) (12,8,0.999519) (13,8,-0.0309996) (3,9,-0.897445) (4,9,0.441127) (18,9,0.897445) (19,9,-0.441127) (3,10,-0.999832) (4,10,-0.0183118) (21,10,0.999832) (22,10,0.0183118) (3,11,-0.897327) (4,11,-0.441365) (24,11,0.897327) (25,11,0.441365) (6,12,-0.43791) (7,12,0.899019) (9,12,0.43791) (10,12,-0.899019) (6,13,-0.68624) (7,13,0.727375) (12,13,0.68624) (13,13,-0.727375) (6,14,-0.698808) (7,14,0.715309) (18,14,0.698808) (19,14,-0.715309) (6,15,-0.896909) (7,15,0.442216) (21,15,0.896909) (22,15,-0.442216) (6,16,-0.999883) (7,16,0.0152887) (24,16,0.999883) (25,16,-0.0152887) (9,17,0.0286378) (10,17,-0.99959) (12,17,-0.0286378) (13,17,0.99959) (9,18,-0.996866) (10,18,-0.0791117) (18,18,0.996866) (19,18,0.0791117) (9,19,-0.654729) (10,19,-0.755864) (21,19,0.654729) (22,19,0.755864) (12,20,-0.997514) (13,20,-0.0704711) (21,20,0.997514) (22,20,0.0704711) (15,21,-0.72641) (16,21,0.687261) (21,21,0.72641) (22,21,-0.687261) (15,22,-0.99887) (16,22,0.0475328) (24,22,0.99887) (25,22,-0.0475328) 
Q:
size: 23 23
(0,0,0.0795775) (1,0,0.0397447) (2,0,0.0274915) (3,0,0.000168377) (4,0,0.0180816) (5,0,0.0278581) (6,0,-0.039603) (7,0,0.0288979) (8,0,0.00248914) (9,0,0.0186712) (10,0,0.000528475) (11,0,-0.0164247) (0,1,0.0397447) (1,1,0.0795775) (2,1,0.0288138) (3,1,0.00203939) (4,1,0.0197285) (5,1,0.0291634) (6,1,0.0397398) (12,1,0.0354973) (13,1,0.028516) (14,1,0.0280283) (15,1,0.0170418) (16,1,-6.42776e-06) (0,2,0.0274915) (1,2,0.0288138) (2,2,0.0795775) (3,2,0.0288799) (4,2,0.0381155) (5,2,0.0397855) (8,2,0.0269877) (13,2,-0.00151449) (17,2,0.0275764) (20,2,-0.0298122) (0,3,0.000168377) (1,3,0.00203939) (2,3,0.0288799) (3,3,0.0795775) (4,3,0.0355191) (5,3,0.0285266) (9,3,0.0350566) (14,3,0.0267674) (18,3,0.0397513) (0,4,0.0180816) (1,4,0.0197285) (2,4,0.0381155) (3,4,0.0355191) (4,4,0.0795775) (5,4,0.0379659) (10,4,0.0351996) (15,4,0.0227737) (19,4,0.0373267) (20,4,0.0361198) (21,4,0.0121282) (0,5,0.0278581) (1,5,0.0291634) (2,5,0.0397855) (3,5,0.0285266) (4,5,0.0379659) (5,5,0.0795775) (11,5,0.0373753) (16,5,0.0270721) (22,5,0.0261174) (0,6,-0.039603) (1,6,0.0397398) (6,6,0.0795775) (7,6,-0.0261236) (8,6,0.00135463) (9,6,-0.0151933) (10,6,0.00331332) (11,6,0.0198453) (12,6,0.0345624) (13,6,0.027105) (14,6,0.0265934) (15,6,0.015238) (16,6,-0.00197936) (0,7,0.0288979) (6,7,-0.0261236) (7,7,0.0795775) (8,7,0.0291049) (9,7,0.0377128) (10,7,0.027732) (11,7,0.0129826) (12,7,0.0375609) (17,7,0.028817) (18,7,-0.0259446) (19,7,0.00268288) (0,8,0.00248914) (2,8,0.0269877) (6,8,0.00135463) (7,8,0.0291049) (8,8,0.0795775) (9,8,0.0362351) (10,8,0.0397404) (11,8,0.035142) (13,8,0.0281887) (17,8,-0.00237184) (20,8,-0.0395838) (0,9,0.0186712) (3,9,0.0350566) (6,9,-0.0151933) (7,9,0.0377128) (8,9,0.0362351) (9,9,0.0795775) (10,9,0.0353808) (11,9,0.0242951) (14,9,0.0375082) (18,9,0.0342077) (0,10,0.000528475) (4,10,0.0351996) (6,10,0.00331332) (7,10,0.027732) (8,10,0.0397404) (9,10,0.0353808) (10,10,0.0795775) (11,10,0.0360191) (15,10,0.0353587) (19,10,0.0265972) (20,10,0.0397345) (21,10,0.0283974) (0,11,-0.0164247) (5,11,0.0373753) (6,11,0.0198453) (7,11,0.0129826) (8,11,0.035142) (9,11,0.0242951) (10,11,0.0360191) (11,11,0.0795775) (16,11,0.0354309) (22,11,0.0348284) (1,12,0.0354973) (6,12,0.0345624) (7,12,0.0375609) (12,12,0.0795775) (13,12,0.0379758) (14,12,0.0377632) (15,12,0.0314461) (16,12,0.0179688) (17,12,0.0362551) (18,12,-0.0145394) (19,12,0.0156299) (1,13,0.028516) (2,13,-0.00151449) (6,13,0.027105) (8,13,0.0281887) (12,13,0.0379758) (13,13,0.0795775) (14,13,0.0397827) (15,13,0.0372881) (16,13,0.0277439) (17,13,-0.0297114) (20,13,-0.0251972) (1,14,0.0280283) (3,14,0.0267674) (6,14,0.0265934) (9,14,0.0375082) (12,14,0.0377632) (13,14,0.0397827) (14,14,0.0795775) (15,14,0.0375243) (16,14,0.0282366) (18,14,0.0254659) (1,15,0.0170418) (4,15,0.0227737) (6,15,0.015238) (10,15,0.0353587) (12,15,0.0314461) (13,15,0.0372881) (14,15,0.0375243) (15,15,0.0795775) (16,15,0.0359517) (19,15,0.0100656) (20,15,0.0343582) (21,15,0.0380158) (1,16,-6.42776e-06) (5,16,0.0270721) (6,16,-0.00197936) (11,16,0.0354309) (12,16,0.0179688) (13,16,0.0277439) (14,16,0.0282366) (15,16,0.0359517) (16,16,0.0795775) (22,16,0.039768) (2,17,0.0275764) (7,17,0.028817) (8,17,-0.00237184) (12,17,0.0362551) (13,17,-0.0297114) (17,17,0.0795775) (18,17,0.00201057) (19,17,0.0293165) (20,17,-0.00166618) (3,18,0.0397513) (7,18,-0.0259446) (9,18,0.0342077) (12,18,-0.0145394) (14,18,0.0254659) (17,18,0.00201057) (18,18,0.0795775) (19,18,0.0283485) (4,19,0.0373267) (7,19,0.00268288) (10,19,0.0265972) (12,19,0.0156299) (15,19,0.0100656) (17,19,0.0293165) (18,19,0.0283485) (19,19,0.0795775) (20,19,0.0281055) (21,19,-0.0017457) (2,20,-0.0298122) (4,20,0.0361198) (8,20,-0.0395838) (10,20,0.0397345) (13,20,-0.0251972) (15,20,0.0343582) (17,20,-0.00166618) (19,20,0.0281055) (20,20,0.0795775) (21,20,0.026904) (4,21,0.0121282) (10,21,0.0283974) (15,21,0.0380158) (19,21,-0.0017457) (20,21,0.026904) (21,21,0.0795775) (22,21,0.0301701) (5,22,0.0261174) (11,22,0.0348284) (16,22,0.039768) (21,22,0.0301701) (22,22,0.0795775) 
Minv:
size: 27 27
(0,0,0.0397887) (1,1,0.0397887) (2,2,0.0795775) (3,3,0.0397887) (4,4,0.0397887) (5,5,0.0795775) (6,6,0.0397887) (7,7,0.0397887) (8,8,0.0795775) (9,9,0.0397887) (10,10,0.0397887) (11,11,0.0795775) (12,12,0.0397887) (13,13,0.0397887) (14,14,0.0795775) (15,15,0.0397887) (16,16,0.0397887) (17,17,0.0795775) (18,18,0.0397887) (19,19,0.0397887) (20,20,0.0795775) (21,21,0.0397887) (22,22,0.0397887) (23,23,0.0795775) (24,24,0.0397887) (25,25,0.0397887) (26,26,0.0795775) 
v0:
size: 27 1
(0,0,0.398523) (1,0,0.601007) (2,0,0) (3,0,0.592843) (4,0,-0.30774) (5,0,0) (6,0,-0.0538334) (7,0,-0.664405) (8,0,0) (9,0,0.490208) (10,0,-0.102871) (11,0,0) (12,0,0.343265) (13,0,-0.11296) (14,0,0) (15,0,0.948982) (16,0,0.650387) (17,0,0) (18,0,-0.0203812) (19,0,-0.529263) (20,0,0) (21,0,-0.874811) (22,0,-0.375013) (23,0,0) (24,0,-0.610083) (25,0,0.972508) (26,0,0) 
ipopt_sol:
size: 23 1
(0,0,31.4086) (1,0,8.42355e-06) (2,0,0.17077) (3,0,7.16543e-07) (4,0,15.6337) (5,0,4.51178e-08) (6,0,25.0028) (7,0,6.91823e-07) (8,0,10.6728) (9,0,1.79359e-07) (10,0,10.7632) (11,0,7.33346e-08) (12,0,3.90299e-07) (13,0,5.61091e-07) (14,0,1.00268e-07) (15,0,4.42668e-07) (16,0,2.42628e-07) (17,0,1.02715e-06) (18,0,12.022) (19,0,4.54226) (20,0,22.2999) (21,0,7.74538e-08) (22,0,39.5241) 
policy_sol:
size: 23 1
(0,0,31.4636) (1,0,0) (2,0,0) (3,0,0) (4,0,15.7723) (5,0,0) (6,0,25.0028) (7,0,0) (8,0,9.55705) (9,0,0) (10,0,11.8769) (11,0,0) (12,0,0) (13,0,0) (14,0,0) (15,0,0) (16,0,0) (17,0,0) (18,0,12.022) (19,0,4.54226) (20,0,21.062) (21,0,0) (22,0,39.5241) 

policy_converges:
1
ipopt_converges:
0
