Git Revision:     3cfe7dc3fe6810e9e399640d632720aa3564fe80
Build Mode:       Debug
C Compiler:       /usr/bin/cc
C++ Compiler:     /usr/bin/c++
Fortran Compiler: gfortran
Body count: 9
No end time specified. Simulation will run indefinitely.
N:
size: 27 18
(0,0,0.0073567) (1,0,-0.999973) (3,0,-0.0073567) (4,0,0.999973) (0,1,-0.0217285) (1,1,-0.999764) (6,1,0.0217285) (7,1,0.999764) (0,2,-0.999027) (1,2,0.0441052) (9,2,0.999027) (10,2,-0.0441052) (0,3,-0.712335) (1,3,-0.701839) (12,3,0.712335) (13,3,0.701839) (0,4,-0.471036) (1,4,-0.882114) (15,4,0.471036) (16,4,0.882114) (0,5,-0.999872) (1,5,-0.0160031) (18,5,0.999872) (19,5,0.0160031) (0,6,-0.894148) (1,6,-0.447772) (21,6,0.894148) (22,6,0.447772) (0,7,-0.700715) (1,7,-0.713441) (24,7,0.700715) (25,7,0.713441) (6,8,-0.659676) (7,8,0.75155) (12,8,0.659676) (13,8,-0.75155) (6,9,-0.891878) (7,9,0.452275) (21,9,0.891878) (22,9,-0.452275) (6,10,-0.999848) (7,10,-0.017411) (24,10,0.999848) (25,10,0.017411) (9,11,-0.0100609) (10,11,-0.999949) (15,11,0.0100609) (16,11,0.999949) (9,12,-0.996975) (10,12,-0.0777249) (18,12,0.996975) (19,12,0.0777249) (12,13,-0.0801948) (13,13,-0.996779) (15,13,0.0801948) (16,13,0.996779) (12,14,-0.998649) (13,14,-0.0519701) (21,14,0.998649) (22,14,0.0519701) (12,15,-0.69004) (13,15,-0.723771) (24,15,0.69004) (25,15,0.723771) (15,16,-0.709563) (16,16,0.704642) (21,16,0.709563) (22,16,-0.704642) (15,17,-0.996863) (16,17,-0.0791406) (24,17,0.996863) (25,17,0.0791406) 
Q:
size: 18 18
(0,0,0.0795775) (1,0,0.0397719) (2,0,-0.00204727) (3,0,0.027716) (4,0,0.0349594) (5,0,0.000344051) (6,0,0.0175541) (7,0,0.0281811) (0,1,0.0397719) (1,1,0.0795775) (2,1,-0.000890767) (3,1,0.0285346) (4,1,0.0354971) (5,1,0.00150103) (6,1,0.0185851) (7,1,0.028986) (8,1,0.0293258) (9,1,0.0172201) (10,1,-0.00155702) (0,2,-0.00204727) (1,2,-0.000890767) (2,2,0.0795775) (3,2,0.0270837) (4,2,0.0171757) (5,2,0.0397168) (6,2,0.0347566) (7,2,0.0266014) (11,2,0.00135488) (12,2,-0.0394934) (0,3,0.027716) (1,3,0.0285346) (2,3,0.0270837) (3,3,0.0795775) (4,3,0.0379838) (5,3,0.0287862) (6,3,0.0378469) (7,3,0.0397834) (8,3,-0.0022901) (13,3,-0.0301083) (14,3,-0.0297559) (15,3,-0.0397693) (0,4,0.0349594) (1,4,0.0354971) (2,4,0.0171757) (3,4,0.0379838) (4,4,0.0795775) (5,4,0.0193012) (6,4,0.032474) (7,4,0.0381733) (11,4,0.035285) (13,4,0.0364882) (16,4,0.0114331) (17,4,-0.0214608) (0,5,0.000344051) (1,5,0.00150103) (2,5,0.0397168) (3,5,0.0287862) (4,5,0.0193012) (5,5,0.0795775) (6,5,0.0358576) (7,5,0.0283313) (12,5,0.0397128) (0,6,0.0175541) (1,6,0.0185851) (2,6,0.0347566) (3,6,0.0378469) (4,6,0.032474) (5,6,0.0358576) (6,6,0.0795775) (7,6,0.0376402) (9,6,0.0236725) (14,6,0.0364548) (16,6,0.01269) (0,7,0.0281811) (1,7,0.028986) (2,7,0.0266014) (3,7,0.0397834) (4,7,0.0381733) (5,7,0.0283313) (6,7,0.0376402) (7,7,0.0795775) (10,7,0.0283706) (15,7,0.0397843) (17,7,0.0300397) (1,8,0.0293258) (3,8,-0.0022901) (8,8,0.0795775) (9,8,0.0369342) (10,8,0.0257231) (13,8,0.027702) (14,8,-0.0246581) (15,8,0.00353111) (1,9,0.0172201) (6,9,0.0236725) (8,9,0.0369342) (9,9,0.0795775) (10,9,0.035168) (14,9,0.0345035) (16,9,0.0378604) (1,10,-0.00155702) (7,10,0.0283706) (8,10,0.0257231) (9,10,0.035168) (10,10,0.0795775) (15,10,0.0279531) (17,10,0.0397128) (2,11,0.00135488) (4,11,0.035285) (11,11,0.0795775) (12,11,0.00349152) (13,11,0.0396907) (16,11,0.0277514) (17,11,-0.0035478) (2,12,-0.0394934) (5,12,0.0397128) (11,12,0.00349152) (12,12,0.0795775) (3,13,-0.0301083) (4,13,0.0364882) (8,13,0.027702) (11,13,0.0396907) (13,13,0.0795775) (14,13,0.0052477) (15,13,0.030907) (16,13,0.0256824) (17,13,-0.0063196) (3,14,-0.0297559) (6,14,0.0364548) (8,14,-0.0246581) (9,14,0.0345035) (13,14,0.0052477) (14,14,0.0795775) (15,14,0.0289154) (16,14,0.0267374) (3,15,-0.0397693) (7,15,0.0397843) (8,15,0.00353111) (10,15,0.0279531) (13,15,0.030907) (14,15,0.0289154) (15,15,0.0795775) (17,15,0.0296488) (4,16,0.0114331) (6,16,0.01269) (9,16,0.0378604) (11,16,0.0277514) (13,16,0.0256824) (14,16,0.0267374) (16,16,0.0795775) (17,16,0.0259252) (4,17,-0.0214608) (7,17,0.0300397) (10,17,0.0397128) (11,17,-0.0035478) (13,17,-0.0063196) (15,17,0.0296488) (16,17,0.0259252) (17,17,0.0795775) 
Minv:
size: 27 27
(0,0,0.0397887) (1,1,0.0397887) (2,2,0.0795775) (3,3,0.0397887) (4,4,0.0397887) (5,5,0.0795775) (6,6,0.0397887) (7,7,0.0397887) (8,8,0.0795775) (9,9,0.0397887) (10,10,0.0397887) (11,11,0.0795775) (12,12,0.0397887) (13,13,0.0397887) (14,14,0.0795775) (15,15,0.0397887) (16,16,0.0397887) (17,17,0.0795775) (18,18,0.0397887) (19,19,0.0397887) (20,20,0.0795775) (21,21,0.0397887) (22,22,0.0397887) (23,23,0.0795775) (24,24,0.0397887) (25,25,0.0397887) (26,26,0.0795775) 
v0:
size: 27 1
(0,0,0.38958) (1,0,0.522579) (2,0,0) (3,0,-0.417684) (4,0,-0.681418) (5,0,0) (6,0,0.348079) (7,0,0.40674) (8,0,0) (9,0,0.206535) (10,0,-0.495721) (11,0,0) (12,0,0.0973248) (13,0,0.436942) (14,0,0) (15,0,0.653873) (16,0,-0.627439) (17,0,0) (18,0,0.223084) (19,0,-0.875417) (20,0,0) (21,0,-0.128714) (22,0,0.184938) (23,0,0) (24,0,-0.278311) (25,0,0.736336) (26,0,0) 
ipopt_sol:
size: 18 1
(0,0,28.3331) (1,0,7.83746e-08) (2,0,1.77768) (3,0,2.36188) (4,0,4.14543e-07) (5,0,0.318796) (6,0,4.5257) (7,0,7.07516e-08) (8,0,1.81907e-07) (9,0,2.098e-07) (10,0,9.45254) (11,0,7.69863e-08) (12,0,1.05022) (13,0,22.0957) (14,0,5.14238e-07) (15,0,7.02432e-08) (16,0,16.4794) (17,0,12.311) 
policy_sol:
size: 18 1
(0,0,28.3332) (1,0,0) (2,0,1.78085) (3,0,2.36195) (4,0,0) (5,0,0.315542) (6,0,4.52574) (7,0,0) (8,0,0) (9,0,0) (10,0,9.45254) (11,0,0) (12,0,1.05342) (13,0,22.0958) (14,0,0) (15,0,0) (16,0,16.4794) (17,0,12.311) 

policy_converges:
1
