Git Revision:     18345a57b34405566a64d0bf3d2a118f1cdbade3
Build Mode:       Debug
C Compiler:       /usr/bin/cc
C++ Compiler:     /usr/bin/c++
Fortran Compiler: gfortran
Body count: 9
No end time specified. Simulation will run indefinitely.
N:
size: 27 24
(0,0,-0.00328615) (1,0,-0.999995) (3,0,0.00328615) (4,0,0.999995) (0,1,0.00516176) (1,1,-0.999987) (6,1,-0.00516176) (7,1,0.999987) (0,2,-0.998952) (1,2,-0.0457669) (9,2,0.998952) (10,2,0.0457669) (0,3,-0.676295) (1,3,-0.736631) (12,3,0.676295) (13,3,0.736631) (0,4,-0.440342) (1,4,-0.89783) (15,4,0.440342) (16,4,0.89783) (0,5,-0.999906) (1,5,-0.0136953) (18,5,0.999906) (19,5,0.0136953) (0,6,-0.889348) (1,6,-0.457231) (21,6,0.889348) (22,6,0.457231) (0,7,-0.692775) (1,7,-0.721154) (24,7,0.692775) (25,7,0.721154) (3,8,0.0143885) (4,8,-0.999896) (6,8,-0.0143885) (7,8,0.999896) (3,9,-0.687217) (4,9,0.726452) (9,9,0.687217) (10,9,-0.726452) (3,10,-0.999932) (4,10,0.0116516) (12,10,0.999932) (13,10,-0.0116516) (3,11,-0.884319) (4,11,0.466882) (18,11,0.884319) (19,11,-0.466882) (3,12,-0.894426) (4,12,-0.447215) (24,12,0.894426) (25,12,0.447215) (6,13,-0.440625) (7,13,0.897691) (9,13,0.440625) (10,13,-0.897691) (6,14,-0.704144) (7,14,0.710058) (12,14,0.704144) (13,14,-0.710058) (6,15,-0.701266) (7,15,0.712899) (18,15,0.701266) (19,15,-0.712899) (9,16,-0.445672) (10,16,-0.895196) (24,16,0.445672) (25,16,0.895196) (12,17,-0.0123395) (13,17,-0.999924) (15,17,0.0123395) (16,17,0.999924) (12,18,-0.709163) (13,18,-0.705045) (24,18,0.709163) (25,18,0.705045) (15,19,-0.44934) (16,19,0.893361) (18,19,0.44934) (19,19,-0.893361) (15,20,-0.998733) (16,20,-0.0503136) (24,20,0.998733) (25,20,0.0503136) (18,21,0.0120975) (19,21,-0.999927) (21,21,-0.0120975) (22,21,0.999927) (18,22,0.00204844) (19,22,-0.999998) (24,22,-0.00204844) (25,22,0.999998) (21,23,-0.00742192) (22,23,-0.999972) (24,23,0.00742192) (25,23,0.999972) 
Q:
size: 24 24
(0,0,0.0795775) (1,0,0.0397873) (2,0,0.00195161) (3,0,0.0293979) (4,0,0.0357809) (5,0,0.000675657) (6,0,0.0183088) (7,0,0.0287842) (8,0,-0.0397825) (9,0,0.0288146) (10,0,0.000332858) (11,0,0.0184609) (12,0,-0.017911) (0,1,0.0397873) (1,1,0.0795775) (2,1,0.00161582) (3,1,0.0291703) (4,1,0.0356326) (5,1,0.000339552) (6,1,0.0180097) (7,1,0.0285511) (8,1,0.039787) (13,1,0.035808) (14,1,0.0283965) (15,1,0.028509) (0,2,0.00195161) (1,2,0.00161582) (2,2,0.0795775) (3,2,0.0282221) (4,2,0.0191372) (5,2,0.0397683) (6,2,0.0361816) (7,2,0.028849) (9,2,0.025992) (13,2,0.0158789) (16,2,-0.0193443) (0,3,0.0293979) (1,3,0.0291703) (2,3,0.0282221) (3,3,0.0795775) (4,3,0.0381642) (5,3,0.0273078) (6,3,0.0373327) (7,3,0.0397786) (10,3,0.0265656) (14,3,-0.00186375) (17,3,-0.0296394) (18,3,-0.0397474) (0,4,0.0357809) (1,4,0.0356326) (2,4,0.0191372) (3,4,0.0381642) (4,4,0.0795775) (5,4,0.0180082) (6,4,0.0319158) (7,4,0.0379) (17,4,0.035937) (19,4,0.0240413) (20,4,-0.0192958) (0,5,0.000675657) (1,5,0.000339552) (2,5,0.0397683) (3,5,0.0273078) (4,5,0.0180082) (5,5,0.0795775) (6,5,0.0356319) (7,5,0.027955) (11,5,0.0349282) (15,5,0.0275114) (19,5,0.0173902) (21,5,-6.35819e-05) (22,5,-0.000463422) (0,6,0.0183088) (1,6,0.0180097) (2,6,0.0361816) (3,6,0.0373327) (4,6,0.0319158) (5,6,0.0356319) (6,6,0.0795775) (7,6,0.0376342) (21,6,0.0177632) (23,6,-0.0184548) (0,7,0.0287842) (1,7,0.0285511) (2,7,0.028849) (3,7,0.0397786) (4,7,0.0379) (5,7,0.027955) (6,7,0.0376342) (7,7,0.0795775) (12,7,0.0374868) (16,7,0.0379714) (18,7,0.0397782) (20,7,0.0289734) (22,7,0.0286373) (23,7,0.0288976) (0,8,-0.0397825) (1,8,0.039787) (8,8,0.0795775) (9,8,-0.0292951) (10,8,-0.00103601) (11,8,-0.019081) (12,8,0.0172802) (13,8,0.0359666) (14,8,0.0286525) (15,8,0.0287639) (0,9,0.0288146) (2,9,0.025992) (8,9,-0.0292951) (9,9,0.0795775) (10,9,0.0276784) (11,9,0.0376754) (12,9,0.0115302) (13,9,0.0379957) (16,9,0.0136891) (0,10,0.000332858) (3,10,0.0265656) (8,10,-0.00103601) (9,10,0.0276784) (10,10,0.0795775) (11,10,0.0354) (12,10,0.0353784) (14,10,0.0283443) (17,10,-2.737e-05) (18,10,-0.0278879) (0,11,0.0184609) (5,11,0.0349282) (8,11,-0.019081) (9,11,0.0376754) (10,11,0.0354) (11,11,0.0795775) (12,11,0.0231635) (15,11,0.037918) (19,11,0.0324061) (21,11,0.019001) (22,11,0.0186487) (0,12,-0.017911) (7,12,0.0374868) (8,12,0.0172802) (9,12,0.0115302) (10,12,0.0353784) (11,12,0.0231635) (12,12,0.0795775) (16,12,0.0317899) (18,12,0.0377834) (20,12,0.0364383) (22,12,0.0177212) (23,12,0.0180578) (1,13,0.035808) (2,13,0.0158789) (8,13,0.0359666) (9,13,0.0379957) (13,13,0.0795775) (14,13,0.0377068) (15,13,0.0377579) (16,13,0.0241611) (1,14,0.0283965) (3,14,-0.00186375) (8,14,0.0286525) (10,14,0.0283443) (13,14,0.0377068) (14,14,0.0795775) (15,14,0.0397884) (17,14,0.0279044) (18,14,5.05228e-05) (1,15,0.028509) (5,15,0.0275114) (8,15,0.0287639) (11,15,0.037918) (13,15,0.0377579) (14,15,0.0397884) (15,15,0.0795775) (19,15,0.0378782) (21,15,0.0287008) (22,15,0.0284225) (2,16,-0.0193443) (7,16,0.0379714) (9,16,0.0136891) (12,16,0.0317899) (13,16,0.0241611) (16,16,0.0795775) (18,16,0.0376882) (20,16,0.0195024) (22,16,0.0355823) (23,16,0.0357494) (3,17,-0.0296394) (4,17,0.035937) (10,17,-2.737e-05) (14,17,0.0279044) (17,17,0.0795775) (18,17,0.0283989) (19,17,0.0353224) (20,17,-0.00249211) (3,18,-0.0397474) (7,18,0.0397782) (10,18,-0.0278879) (12,18,0.0377834) (14,18,5.05228e-05) (16,18,0.0376882) (17,18,0.0283989) (18,18,0.0795775) (20,18,0.0295924) (22,18,0.027995) (23,18,0.0282615) (4,19,0.0240413) (5,19,0.0173902) (11,19,0.0324061) (15,19,0.0378782) (17,19,0.0353224) (19,19,0.0795775) (20,19,0.0160676) (21,19,0.0357594) (22,19,0.0355822) (4,20,-0.0192958) (7,20,0.0289734) (12,20,0.0364383) (16,20,0.0195024) (17,20,-0.00249211) (18,20,0.0295924) (19,20,0.0160676) (20,20,0.0795775) (22,20,0.00192051) (23,20,0.00229679) (5,21,-6.35819e-05) (6,21,0.0177632) (11,21,0.019001) (15,21,0.0287008) (19,21,0.0357594) (21,21,0.0795775) (22,21,0.0397867) (23,21,-0.0397812) (5,22,-0.000463422) (7,22,0.0286373) (11,22,0.0186487) (12,22,0.0177212) (15,22,0.0284225) (16,22,0.0355823) (18,22,0.027995) (19,22,0.0355822) (20,22,0.00192051) (21,22,0.0397867) (22,22,0.0795775) (23,22,0.039787) (6,23,-0.0184548) (7,23,0.0288976) (12,23,0.0180578) (16,23,0.0357494) (18,23,0.0282615) (20,23,0.00229679) (21,23,-0.0397812) (22,23,0.039787) (23,23,0.0795775) 
Minv:
size: 27 27
(0,0,0.0397887) (1,1,0.0397887) (2,2,0.0795775) (3,3,0.0397887) (4,4,0.0397887) (5,5,0.0795775) (6,6,0.0397887) (7,7,0.0397887) (8,8,0.0795775) (9,9,0.0397887) (10,10,0.0397887) (11,11,0.0795775) (12,12,0.0397887) (13,13,0.0397887) (14,14,0.0795775) (15,15,0.0397887) (16,16,0.0397887) (17,17,0.0795775) (18,18,0.0397887) (19,19,0.0397887) (20,20,0.0795775) (21,21,0.0397887) (22,22,0.0397887) (23,23,0.0795775) (24,24,0.0397887) (25,25,0.0397887) (26,26,0.0795775) 
v0:
size: 27 1
(0,0,0.482038) (1,0,0.832838) (2,0,0) (3,0,-0.330647) (4,0,0.076599) (5,0,0) (6,0,-0.161774) (7,0,-0.310803) (8,0,0) (9,0,-0.917116) (10,0,0.552523) (11,0,0) (12,0,-0.526083) (13,0,0.886176) (14,0,0) (15,0,0.29659) (16,0,0.827507) (17,0,0) (18,0,-0.329067) (19,0,0.527792) (20,0,0) (21,0,0.91799) (22,0,-0.0593208) (23,0,0) (24,0,-0.100898) (25,0,-0.686457) (26,0,0) 
ipopt_sol:
size: 24 1
(0,0,10.9865) (1,0,14.2829) (2,0,38.1043) (3,0,2.22553e-07) (4,0,5.67033e-08) (5,0,1.3119) (6,0,3.73307e-08) (7,0,2.4609e-07) (8,0,3.95123e-05) (9,0,3.32256e-06) (10,0,6.18913e-07) (11,0,2.85516e-07) (12,0,1.11234e-07) (13,0,6.31606e-07) (14,0,22.7092) (15,0,1.32517e-07) (16,0,15.9169) (17,0,1.37574e-07) (18,0,3.33648) (19,0,8.14586e-08) (20,0,6.17288) (21,0,25.1342) (22,0,2.41939e-06) (23,0,20.0024) 
policy_sol:
size: 24 1
(0,0,10.9865) (1,0,14.2829) (2,0,38.1043) (3,0,0) (4,0,0) (5,0,1.31189) (6,0,0) (7,0,0) (8,0,0) (9,0,0) (10,0,0) (11,0,0) (12,0,0) (13,0,0) (14,0,22.7092) (15,0,0) (16,0,15.9169) (17,0,0) (18,0,3.33648) (19,0,0) (20,0,6.17288) (21,0,25.1342) (22,0,0) (23,0,20.0024) 

policy_converges:
1
ipopt_converges:
0
