Git Revision:     3cfe7dc3fe6810e9e399640d632720aa3564fe80
Build Mode:       Debug
C Compiler:       /usr/bin/cc
C++ Compiler:     /usr/bin/c++
Fortran Compiler: gfortran
Body count: 9
No end time specified. Simulation will run indefinitely.
N:
size: 27 13
(0,0,-0.998987) (1,0,0.0450042) (9,0,0.998987) (10,0,-0.0450042) (0,1,-0.999537) (1,1,0.0304179) (18,1,0.999537) (19,1,-0.0304179) (0,2,-0.909533) (1,2,-0.415631) (21,2,0.909533) (22,2,0.415631) (3,3,-0.00529923) (4,3,-0.999986) (6,3,0.00529923) (7,3,0.999986) (3,4,-0.703293) (4,4,-0.7109) (15,4,0.703293) (16,4,0.7109) (6,5,-0.672321) (7,5,0.74026) (12,5,0.672321) (13,5,-0.74026) (6,6,-0.999547) (7,6,0.0300816) (15,6,0.999547) (16,6,-0.0300816) (6,7,-0.880884) (7,7,0.473333) (21,7,0.880884) (22,7,-0.473333) (9,8,-0.999898) (10,8,0.0142578) (18,8,0.999898) (19,8,-0.0142578) (9,9,-0.712019) (10,9,-0.702161) (21,9,0.712019) (22,9,0.702161) (12,10,-0.0518248) (13,10,-0.998656) (15,10,0.0518248) (16,10,0.998656) (12,11,-0.998963) (13,11,0.0455227) (21,11,0.998963) (22,11,-0.0455227) (12,12,-0.749706) (13,12,-0.661771) (24,12,0.749706) (25,12,0.661771) 
Q:
size: 13 13
(0,0,0.0795775) (1,0,0.0397845) (2,0,0.0354083) (8,0,-0.0397699) (9,0,-0.0270443) (0,1,0.0397845) (1,1,0.0795775) (2,1,0.0356694) (8,1,0.0397835) (0,2,0.0354083) (1,2,0.0356694) (2,2,0.0795775) (7,2,0.0240507) (9,2,0.0373793) (11,2,0.0353988) (3,3,0.0795775) (4,3,0.0284337) (5,3,0.0293118) (6,3,0.000986139) (7,3,0.0186473) (3,4,0.0284337) (4,4,0.0795775) (6,4,0.0271196) (10,4,0.029698) (3,5,0.0293118) (5,5,0.0795775) (6,5,0.0276247) (7,5,0.0375059) (10,5,0.0280281) (11,5,-0.0280639) (12,5,-0.000563455) (3,6,0.000986139) (4,6,0.0271196) (5,6,0.0276247) (6,6,0.0795775) (7,6,0.0355999) (10,6,0.00086581) (2,7,0.0240507) (3,7,0.0186473) (5,7,0.0375059) (6,7,0.0355999) (7,7,0.0795775) (9,7,0.0117317) (11,7,0.0358703) (0,8,-0.0397699) (1,8,0.0397835) (8,8,0.0795775) (9,8,0.0279291) (0,9,-0.0270443) (2,9,0.0373793) (7,9,0.0117317) (8,9,0.0279291) (9,9,0.0795775) (11,9,0.0270291) (4,10,0.029698) (5,10,0.0280281) (6,10,0.00086581) (10,10,0.0795775) (11,10,0.000251049) (12,10,0.0278416) (2,11,0.0353988) (5,11,-0.0280639) (7,11,0.0358703) (9,11,0.0270291) (10,11,0.000251049) (11,11,0.0795775) (12,11,0.0286003) (5,12,-0.000563455) (10,12,0.0278416) (11,12,0.0286003) (12,12,0.0795775) 
Minv:
size: 27 27
(0,0,0.0397887) (1,1,0.0397887) (2,2,0.0795775) (3,3,0.0397887) (4,4,0.0397887) (5,5,0.0795775) (6,6,0.0397887) (7,7,0.0397887) (8,8,0.0795775) (9,9,0.0397887) (10,10,0.0397887) (11,11,0.0795775) (12,12,0.0397887) (13,13,0.0397887) (14,14,0.0795775) (15,15,0.0397887) (16,16,0.0397887) (17,17,0.0795775) (18,18,0.0397887) (19,19,0.0397887) (20,20,0.0795775) (21,21,0.0397887) (22,22,0.0397887) (23,23,0.0795775) (24,24,0.0397887) (25,25,0.0397887) (26,26,0.0795775) 
v0:
size: 27 1
(0,0,0.986784) (1,0,-0.654274) (2,0,0) (3,0,-0.200911) (4,0,0.539026) (5,0,0) (6,0,0.0814129) (7,0,-0.0129173) (8,0,0) (9,0,0.810232) (10,0,-0.596485) (11,0,0) (12,0,0.998834) (13,0,0.961313) (14,0,0) (15,0,-0.455783) (16,0,0.214235) (17,0,0) (18,0,0.623977) (19,0,-0.627828) (20,0,0) (21,0,-0.0628936) (22,0,-0.189374) (23,0,0) (24,0,0.813278) (25,0,0.998858) (26,0,0) 
ipopt_sol:
size: 13 1
(0,0,4.87119) (1,0,2.21991e-05) (2,0,7.14039) (3,0,13.6695) (4,0,1.5987e-07) (5,0,1.6787e-07) (6,0,13.2751) (7,0,4.66504e-08) (8,0,7.10382) (9,0,3.40463e-07) (10,0,20.4314) (11,0,22.0992) (12,0,8.34958e-08) 
policy_sol:
size: 13 1
(0,0,4.87121) (1,0,0) (2,0,7.14039) (3,0,13.6695) (4,0,0) (5,0,0) (6,0,13.2751) (7,0,0) (8,0,7.10385) (9,0,0) (10,0,20.4314) (11,0,22.0992) (12,0,0) 

policy_converges:
1
