Git Revision:     3cfe7dc3fe6810e9e399640d632720aa3564fe80
Build Mode:       Debug
C Compiler:       /usr/bin/cc
C++ Compiler:     /usr/bin/c++
Fortran Compiler: gfortran
Body count: 9
No end time specified. Simulation will run indefinitely.
N:
size: 27 16
(0,0,-0.99986) (1,0,0.0167598) (9,0,0.99986) (10,0,-0.0167598) (0,1,-0.685091) (1,1,-0.728457) (12,1,0.685091) (13,1,0.728457) (0,2,-0.887346) (1,2,-0.461104) (21,2,0.887346) (22,2,0.461104) (3,3,0.0549112) (4,3,-0.998491) (6,3,-0.0549112) (7,3,0.998491) (3,4,-0.687374) (4,4,0.726304) (9,4,0.687374) (10,4,-0.726304) (3,5,-0.99693) (4,5,-0.0783018) (12,5,0.99693) (13,5,0.0783018) (3,6,-0.999338) (4,6,-0.0363913) (21,6,0.999338) (22,6,0.0363913) (6,7,-0.443838) (7,7,0.896107) (9,7,0.443838) (10,7,-0.896107) (6,8,-0.725487) (7,8,0.688236) (12,8,0.725487) (13,8,-0.688236) (6,9,-0.999619) (7,9,-0.0276021) (15,9,0.999619) (16,9,0.0276021) (6,10,-0.905985) (7,10,0.42331) (21,10,0.905985) (22,10,-0.42331) (9,11,0.000956945) (10,11,-1) (12,11,-0.000956945) (13,11,1) (9,12,-0.69471) (10,12,-0.71929) (21,12,0.69471) (22,12,0.71929) (12,13,-0.999998) (13,13,0.00200602) (21,13,0.999998) (22,13,-0.00200602) (15,14,-0.707362) (16,14,0.706851) (21,14,0.707362) (22,14,-0.706851) (21,15,0.0249839) (22,15,-0.999688) (24,15,-0.0249839) (25,15,0.999688) 
Q:
size: 16 16
(0,0,0.0795775) (1,0,0.0267693) (2,0,0.0349939) (4,0,0.0278302) (7,0,0.0182549) (11,0,0.000704923) (12,0,-0.0271581) (0,1,0.0267693) (1,1,0.0795775) (2,1,0.0375529) (5,1,0.0294448) (8,1,-0.000172103) (11,1,0.0289583) (13,1,-0.0272007) (0,2,0.0349939) (1,2,0.0375529) (2,2,0.0795775) (6,2,0.0359506) (10,2,0.0242207) (12,2,0.0377243) (13,2,0.0352695) (14,2,0.012006) (15,2,-0.0174589) (3,3,0.0795775) (4,3,-0.0303569) (5,3,0.000932689) (6,3,-0.000737622) (7,3,0.0365709) (8,3,0.0289278) (9,3,0.00108742) (10,3,0.018797) (0,4,0.0278302) (3,4,-0.0303569) (4,4,0.0795775) (5,4,0.0250029) (6,4,0.02628) (7,4,0.0380352) (11,4,0.0289249) (12,4,0.00178644) (1,5,0.0294448) (3,5,0.000932689) (4,5,0.0250029) (5,5,0.0795775) (6,5,0.0397537) (8,5,0.0266334) (11,5,0.00307757) (13,5,-0.0396602) (2,6,0.0359506) (3,6,-0.000737622) (4,6,0.02628) (5,6,0.0397537) (6,6,0.0795775) (10,6,0.0354112) (12,6,0.0286648) (13,6,0.0397594) (14,6,0.0271029) (15,6,-0.000454091) (0,7,0.0182549) (3,7,0.0365709) (4,7,0.0380352) (7,7,0.0795775) (8,7,0.0373509) (9,7,0.0166689) (10,7,0.0310926) (11,7,0.0356718) (12,7,0.0133779) (1,8,-0.000172103) (3,8,0.0289278) (5,8,0.0266334) (7,8,0.0373509) (8,8,0.0795775) (9,8,0.0280994) (10,8,0.0377443) (11,8,-0.0274116) (13,8,-0.0289211) (3,9,0.00108742) (7,9,0.0166689) (8,9,0.0280994) (9,9,0.0795775) (10,9,0.0355694) (14,9,-0.027358) (2,10,0.0242207) (3,10,0.018797) (6,10,0.0354112) (7,10,0.0310926) (8,10,0.0377443) (9,10,0.0355694) (10,10,0.0795775) (12,10,0.0129279) (13,10,0.0360817) (14,10,0.0374045) (15,10,0.0177383) (0,11,0.000704923) (1,11,0.0289583) (4,11,0.0289249) (5,11,0.00307757) (7,11,0.0356718) (8,11,-0.0274116) (11,11,0.0795775) (12,11,0.0285932) (13,11,0.000117893) (0,12,-0.0271581) (2,12,0.0377243) (4,12,0.00178644) (6,12,0.0286648) (7,12,0.0133779) (10,12,0.0129279) (11,12,0.0285932) (12,12,0.0795775) (13,12,0.0275841) (14,12,-0.000677209) (15,12,-0.0279201) (1,13,-0.0272007) (2,13,0.0352695) (5,13,-0.0396602) (6,13,0.0397594) (8,13,-0.0289211) (10,13,0.0360817) (11,13,0.000117893) (12,13,0.0275841) (13,13,0.0795775) (14,13,0.0282014) (15,13,0.00107387) (2,14,0.012006) (6,14,0.0271029) (9,14,-0.027358) (10,14,0.0374045) (12,14,-0.000677209) (13,14,0.0282014) (14,14,0.0795775) (15,14,0.0288191) (2,15,-0.0174589) (6,15,-0.000454091) (10,15,0.0177383) (12,15,-0.0279201) (13,15,0.00107387) (14,15,0.0288191) (15,15,0.0795775) 
Minv:
size: 27 27
(0,0,0.0397887) (1,1,0.0397887) (2,2,0.0795775) (3,3,0.0397887) (4,4,0.0397887) (5,5,0.0795775) (6,6,0.0397887) (7,7,0.0397887) (8,8,0.0795775) (9,9,0.0397887) (10,10,0.0397887) (11,11,0.0795775) (12,12,0.0397887) (13,13,0.0397887) (14,14,0.0795775) (15,15,0.0397887) (16,16,0.0397887) (17,17,0.0795775) (18,18,0.0397887) (19,19,0.0397887) (20,20,0.0795775) (21,21,0.0397887) (22,22,0.0397887) (23,23,0.0795775) (24,24,0.0397887) (25,25,0.0397887) (26,26,0.0795775) 
v0:
size: 27 1
(0,0,-0.38015) (1,0,0.300358) (2,0,0) (3,0,-0.265934) (4,0,0.973304) (5,0,0) (6,0,0.30944) (7,0,0.538605) (8,0,0) (9,0,-0.876078) (10,0,0.530413) (11,0,0) (12,0,-0.704228) (13,0,0.239769) (14,0,0) (15,0,0.264651) (16,0,0.51887) (17,0,0) (18,0,0.744641) (19,0,-0.647472) (20,0,0) (21,0,-0.995912) (22,0,0.343492) (23,0,0) (24,0,0.974773) (25,0,0.0819378) (26,0,0) 
ipopt_sol:
size: 16 1
(0,0,14.7583) (1,0,2.51744e-07) (2,0,3.29419e-07) (3,0,6.78129) (4,0,1.91371e-07) (5,0,12.1775) (6,0,7.39759e-07) (7,0,2.48496e-07) (8,0,8.52839e-07) (9,0,2.22909e-07) (10,0,20.2308) (11,0,4.35125) (12,0,6.55664) (13,0,8.92915e-07) (14,0,8.99263) (15,0,2.34311) 
policy_sol:
size: 16 1
(0,0,14.7583) (1,0,0) (2,0,0) (3,0,6.78129) (4,0,0) (5,0,12.1775) (6,0,0) (7,0,0) (8,0,0) (9,0,0) (10,0,20.2308) (11,0,4.35125) (12,0,6.55664) (13,0,0) (14,0,8.99263) (15,0,2.34311) 

policy_converges:
1
