solve status: 0
N:
size: 27 15
(0,0,-0.457472) (1,0,-0.889224) (15,0,0.457472) (16,0,0.889224) (3,1,0.0528271) (4,1,-0.998604) (6,1,-0.0528271) (7,1,0.998604) (3,2,-0.743422) (4,2,-0.668823) (15,2,0.743422) (16,2,0.668823) (6,3,-0.46611) (7,3,0.884727) (9,3,0.46611) (10,3,-0.884727) (6,4,-0.740775) (7,4,0.671753) (12,4,0.740775) (13,4,-0.671753) (6,5,-0.999847) (7,5,-0.0175016) (15,5,0.999847) (16,5,0.0175016) (6,6,-0.999998) (7,6,-0.00191445) (24,6,0.999998) (25,6,0.00191445) (9,7,-0.0824091) (10,7,-0.996599) (12,7,0.0824091) (13,7,0.996599) (9,8,-0.0334158) (10,8,-0.999442) (15,8,0.0334158) (16,8,0.999442) (9,9,-0.999734) (10,9,0.0230459) (18,9,0.999734) (19,9,-0.0230459) (9,10,-0.747844) (10,10,-0.663874) (21,10,0.747844) (22,10,0.663874) (12,11,0.0122319) (13,11,-0.999925) (15,11,-0.0122319) (16,11,0.999925) (15,12,-0.441644) (16,12,0.89719) (18,12,0.441644) (19,12,-0.89719) (15,13,-0.999887) (16,13,0.0150629) (24,13,0.999887) (25,13,-0.0150629) (18,14,-0.0222075) (19,14,-0.999753) (21,14,0.0222075) (22,14,0.999753) 
Q:
size: 15 15
(0,0,0.0795775) (2,0,0.0371956) (5,0,0.0188187) (8,0,0.0359696) (11,0,0.0351558) (12,0,0.0237047) (13,0,-0.0176672) (1,1,0.0795775) (2,1,0.0250118) (3,1,0.0361327) (4,1,0.0282479) (5,1,0.00140621) (6,1,0.00202585) (0,2,0.0371956) (1,2,0.0250118) (2,2,0.0795775) (5,2,0.030041) (8,2,0.0275852) (11,2,0.0262478) (12,2,0.0108119) (13,2,-0.0291756) (1,3,0.0361327) (3,3,0.0795775) (4,3,0.0373855) (5,3,0.017927) (6,3,0.0184785) (7,3,0.0335541) (8,3,0.0345628) (9,3,-0.0193523) (10,3,0.00950037) (1,4,0.0282479) (3,4,0.0373855) (4,4,0.0795775) (5,4,0.0290022) (6,4,0.0294233) (7,4,-0.0242083) (11,4,0.0270867) (0,5,0.0188187) (1,5,0.00140621) (2,5,0.030041) (3,5,0.017927) (4,5,0.0290022) (5,5,0.0795775) (6,5,0.0397839) (8,5,0.00202535) (11,5,0.000209697) (12,5,-0.016945) (13,5,-0.0397676) (1,6,0.00202585) (3,6,0.0184785) (4,6,0.0294233) (5,6,0.0397839) (6,6,0.0795775) (13,6,0.039783) (3,7,0.0335541) (4,7,-0.0242083) (7,7,0.0795775) (8,7,0.0397408) (9,7,0.00236423) (10,7,0.028777) (11,7,-0.0396103) (0,8,0.0359696) (2,8,0.0275852) (3,8,0.0345628) (5,8,0.00202535) (7,8,0.0397408) (8,8,0.0795775) (9,8,0.000412766) (10,8,0.0273943) (11,8,0.0397473) (12,8,0.0350909) (13,8,-0.000730423) (3,9,-0.0193523) (7,9,0.00236423) (8,9,0.000412766) (9,9,0.0795775) (10,9,0.0291391) (12,9,0.0183905) (14,9,3.33661e-05) (3,10,0.00950037) (7,10,0.028777) (8,10,0.0273943) (9,10,0.0291391) (10,10,0.0795775) (14,10,0.027069) (0,11,0.0351558) (2,11,0.0262478) (4,11,0.0270867) (5,11,0.000209697) (7,11,-0.0396103) (8,11,0.0397473) (11,11,0.0795775) (12,11,0.0359103) (13,11,0.00108593) (0,12,0.0237047) (2,12,0.0108119) (5,12,-0.016945) (8,12,0.0350909) (9,12,0.0183905) (11,12,0.0359103) (12,12,0.0795775) (13,12,0.0181082) (14,12,0.035299) (0,13,-0.0176672) (2,13,-0.0291756) (5,13,-0.0397676) (6,13,0.039783) (8,13,-0.000730423) (11,13,0.00108593) (12,13,0.0181082) (13,13,0.0795775) (9,14,3.33661e-05) (10,14,0.027069) (12,14,0.035299) (14,14,0.0795775) 
Minv:
size: 27 27
(0,0,0.0397887) (1,1,0.0397887) (2,2,0.0795775) (3,3,0.0397887) (4,4,0.0397887) (5,5,0.0795775) (6,6,0.0397887) (7,7,0.0397887) (8,8,0.0795775) (9,9,0.0397887) (10,10,0.0397887) (11,11,0.0795775) (12,12,0.0397887) (13,13,0.0397887) (14,14,0.0795775) (15,15,0.0397887) (16,16,0.0397887) (17,17,0.0795775) (18,18,0.0397887) (19,19,0.0397887) (20,20,0.0795775) (21,21,0.0397887) (22,22,0.0397887) (23,23,0.0795775) (24,24,0.0397887) (25,25,0.0397887) (26,26,0.0795775) 
v0:
size: 27 1
(0,0,-0.537009) (1,0,-0.010177) (2,0,0) (3,0,-0.562969) (4,0,0.820169) (5,0,0) (6,0,0.974935) (7,0,0.45218) (8,0,0) (9,0,0.638818) (10,0,0.313237) (11,0,0) (12,0,0.239714) (13,0,-0.245068) (14,0,0) (15,0,0.488099) (16,0,-0.578889) (17,0,0) (18,0,0.554396) (19,0,-0.171489) (20,0,0) (21,0,0.981318) (22,0,-0.35228) (23,0,0) (24,0,0.376023) (25,0,0.705975) (26,0,0) 
ipopt_sol:
size: 15 1
(0,0,0) (1,0,10.949) (2,0,0) (3,0,0) (4,0,0) (5,0,18.5909) (6,0,0) (7,0,25.1037) (8,0,0) (9,0,1.09279) (10,0,0) (11,0,20.7442) (12,0,0) (13,0,12.3103) (14,0,4.3039) 
policy_sol:
size: 15 1
(0,0,0) (1,0,10.949) (2,0,0) (3,0,0) (4,0,0) (5,0,18.5909) (6,0,0) (7,0,25.1037) (8,0,0) (9,0,1.09279) (10,0,0) (11,0,20.7442) (12,0,0) (13,0,12.3103) (14,0,4.3039) 

policy_converges:
1
ipopt_converges:
0
