Git Revision:     18345a57b34405566a64d0bf3d2a118f1cdbade3
Build Mode:       Debug
C Compiler:       /usr/bin/cc
C++ Compiler:     /usr/bin/c++
Fortran Compiler: gfortran
Body count: 9
No end time specified. Simulation will run indefinitely.
N:
size: 27 11
(0,0,-0.00622997) (1,0,-0.999981) (6,0,0.00622997) (7,0,0.999981) (0,1,-0.893669) (1,1,-0.448726) (21,1,0.893669) (22,1,0.448726) (0,2,-0.715873) (1,2,-0.69823) (24,2,0.715873) (25,2,0.69823) (3,3,-0.053566) (4,3,-0.998564) (6,3,0.053566) (7,3,0.998564) (6,4,-0.684422) (7,4,0.729086) (12,4,0.684422) (13,4,-0.729086) (6,5,-0.704224) (7,5,0.709978) (18,5,0.704224) (19,5,-0.709978) (12,6,0.00373965) (13,6,-0.999993) (15,6,-0.00373965) (16,6,0.999993) (12,7,-0.99864) (13,7,-0.0521407) (21,7,0.99864) (22,7,0.0521407) (12,8,-0.707016) (13,8,-0.707197) (24,8,0.707016) (25,8,0.707197) (18,9,0.0315514) (19,9,-0.999502) (21,9,-0.0315514) (22,9,0.999502) (18,10,0.00599116) (19,10,-0.999982) (24,10,-0.00599116) (25,10,0.999982) 
Q:
size: 11 11
(0,0,0.0795775) (1,0,0.0180754) (2,0,0.0279586) (3,0,0.0397441) (4,0,0.0288392) (5,0,0.028074) (0,1,0.0180754) (1,1,0.0795775) (2,1,0.0379214) (7,1,0.0364405) (9,1,0.0167234) (0,2,0.0279586) (1,2,0.0379214) (2,2,0.0795775) (8,2,0.0397856) (10,2,0.0276106) (0,3,0.0397441) (3,3,0.0795775) (4,3,0.0275091) (5,3,0.0267076) (0,4,0.0288392) (3,4,0.0275091) (4,4,0.0795775) (5,4,0.0397737) (6,4,0.0291111) (7,4,-0.0256827) (8,4,0.00126173) (0,5,0.028074) (3,5,0.0267076) (4,5,0.0397737) (5,5,0.0795775) (9,5,0.0291191) (10,5,0.0284165) (4,6,0.0291111) (6,6,0.0795775) (7,6,0.00192601) (8,6,0.0280331) (1,7,0.0364405) (4,7,-0.0256827) (6,7,0.00192601) (7,7,0.0795775) (8,7,0.0295602) (9,7,0.000819897) (2,8,0.0397856) (4,8,0.00126173) (6,8,0.0280331) (7,8,0.0295602) (8,8,0.0795775) (10,8,0.0279694) (1,9,0.0167234) (5,9,0.0291191) (7,9,0.000819897) (9,9,0.0795775) (10,9,0.0397757) (2,10,0.0276106) (5,10,0.0284165) (8,10,0.0279694) (9,10,0.0397757) (10,10,0.0795775) 
Minv:
size: 27 27
(0,0,0.0397887) (1,1,0.0397887) (2,2,0.0795775) (3,3,0.0397887) (4,4,0.0397887) (5,5,0.0795775) (6,6,0.0397887) (7,7,0.0397887) (8,8,0.0795775) (9,9,0.0397887) (10,10,0.0397887) (11,11,0.0795775) (12,12,0.0397887) (13,13,0.0397887) (14,14,0.0795775) (15,15,0.0397887) (16,16,0.0397887) (17,17,0.0795775) (18,18,0.0397887) (19,19,0.0397887) (20,20,0.0795775) (21,21,0.0397887) (22,22,0.0397887) (23,23,0.0795775) (24,24,0.0397887) (25,25,0.0397887) (26,26,0.0795775) 
v0:
size: 27 1
(0,0,-0.236544) (1,0,0.610537) (2,0,0) (3,0,-0.496423) (4,0,0.709064) (5,0,0) (6,0,0.226056) (7,0,-0.18334) (8,0,0) (9,0,-0.193296) (10,0,-0.692831) (11,0,0) (12,0,0.657386) (13,0,0.863548) (14,0,0) (15,0,0.654575) (16,0,0.450598) (17,0,0) (18,0,0.244869) (19,0,0.17385) (20,0,0) (21,0,0.430942) (22,0,-0.75528) (23,0,0) (24,0,0.603479) (25,0,-0.286471) (26,0,0) 
ipopt_sol:
size: 11 1
(0,0,12.0087) (1,0,1.45152e-07) (2,0,7.32351e-08) (3,0,15.123) (4,0,0.876892) (5,0,8.28584e-08) (6,0,2.91209) (7,0,0.247033) (8,0,20.2666) (9,0,23.485) (10,0,1.47803e-07) 
policy_sol:
size: 11 1
(0,0,12.0087) (1,0,0) (2,0,0) (3,0,15.123) (4,0,0.876887) (5,0,0) (6,0,2.91209) (7,0,0.247026) (8,0,20.2666) (9,0,23.485) (10,0,0) 

policy_converges:
1
ipopt_converges:
1
