Git Revision:     3cfe7dc3fe6810e9e399640d632720aa3564fe80
Build Mode:       Debug
C Compiler:       /usr/bin/cc
C++ Compiler:     /usr/bin/c++
Fortran Compiler: gfortran
Body count: 9
No end time specified. Simulation will run indefinitely.
N:
size: 27 12
(0,0,-0.999954) (1,0,0.0096282) (9,0,0.999954) (10,0,-0.0096282) (0,1,-0.999989) (1,1,0.0046808) (18,1,0.999989) (19,1,-0.0046808) (0,2,-0.909501) (1,2,-0.415702) (21,2,0.909501) (22,2,0.415702) (3,3,-0.697368) (4,3,0.716713) (9,3,0.697368) (10,3,-0.716713) (3,4,-0.998652) (4,4,0.0519144) (12,4,0.998652) (13,4,-0.0519144) (6,5,-0.456215) (7,5,0.889869) (9,5,0.456215) (10,5,-0.889869) (6,6,-0.719046) (7,6,0.694963) (12,6,0.719046) (13,6,-0.694963) (6,7,-0.999998) (7,7,-0.00192505) (15,7,0.999998) (16,7,0.00192505) (6,8,-0.711982) (7,8,0.702198) (18,8,0.711982) (19,8,-0.702198) (6,9,-0.891773) (7,9,0.452484) (21,9,0.891773) (22,9,-0.452484) (6,10,-0.999672) (7,10,0.0256191) (24,10,0.999672) (25,10,-0.0256191) (12,11,0.0727626) (13,11,-0.997349) (15,11,-0.0727626) (16,11,0.997349) 
Q:
size: 12 12
(0,0,0.0795775) (1,0,0.0397882) (2,0,0.036027) (3,0,0.0280207) (5,0,0.0184923) (0,1,0.0397882) (1,1,0.0795775) (2,1,0.0361101) (8,1,0.0284593) (0,2,0.036027) (1,2,0.0361101) (2,2,0.0795775) (9,2,0.0247872) (0,3,0.0280207) (3,3,0.0795775) (4,3,0.0291904) (5,3,0.0380353) (3,4,0.0291904) (4,4,0.0795775) (6,4,0.0300069) (11,4,0.00495136) (0,5,0.0184923) (3,5,0.0380353) (5,5,0.0795775) (6,5,0.0376587) (7,5,0.018084) (8,5,0.0377866) (9,5,0.0322087) (10,5,0.0190534) (4,6,0.0300069) (5,6,0.0376587) (6,6,0.0795775) (7,6,0.0285566) (8,6,0.0397867) (9,6,0.0380255) (10,6,0.0293089) (11,6,0.0296601) (5,7,0.018084) (6,7,0.0285566) (7,7,0.0795775) (8,7,0.028275) (9,7,0.0354478) (10,7,0.0397736) (11,7,-0.00281873) (1,8,0.0284593) (5,8,0.0377866) (6,8,0.0397867) (7,8,0.028275) (8,8,0.0795775) (9,8,0.0379051) (10,8,0.0290353) (2,9,0.0247872) (5,9,0.0322087) (6,9,0.0380255) (7,9,0.0354478) (8,9,0.0379051) (9,9,0.0795775) (10,9,0.0359321) (5,10,0.0190534) (6,10,0.0293089) (7,10,0.0397736) (8,10,0.0290353) (9,10,0.0359321) (10,10,0.0795775) (4,11,0.00495136) (6,11,0.0296601) (7,11,-0.00281873) (11,11,0.0795775) 
Minv:
size: 27 27
(0,0,0.0397887) (1,1,0.0397887) (2,2,0.0795775) (3,3,0.0397887) (4,4,0.0397887) (5,5,0.0795775) (6,6,0.0397887) (7,7,0.0397887) (8,8,0.0795775) (9,9,0.0397887) (10,10,0.0397887) (11,11,0.0795775) (12,12,0.0397887) (13,13,0.0397887) (14,14,0.0795775) (15,15,0.0397887) (16,16,0.0397887) (17,17,0.0795775) (18,18,0.0397887) (19,19,0.0397887) (20,20,0.0795775) (21,21,0.0397887) (22,22,0.0397887) (23,23,0.0795775) (24,24,0.0397887) (25,25,0.0397887) (26,26,0.0795775) 
v0:
size: 27 1
(0,0,0.495489) (1,0,-0.747423) (2,0,0) (3,0,-0.727199) (4,0,-0.617337) (5,0,0) (6,0,0.97667) (7,0,0.300994) (8,0,0) (9,0,-0.895829) (10,0,-0.209108) (11,0,0) (12,0,-0.958016) (13,0,0.932386) (14,0,0) (15,0,-0.881227) (16,0,0.885956) (17,0,0) (18,0,-0.525699) (19,0,-0.437557) (20,0,0) (21,0,-0.373125) (22,0,0.470745) (23,0,0) (24,0,-0.421014) (25,0,0.811578) (26,0,0) 
ipopt_sol:
size: 12 1
(0,0,29.6607) (1,0,10.8713) (2,0,9.16749e-08) (3,0,1.87457e-05) (4,0,2.6416e-07) (5,0,4.46403e-08) (6,0,31.8005) (7,0,31.1817) (8,0,4.71547e-08) (9,0,1.95641e-06) (10,0,8.14756) (11,0,1.10965e-07) 
policy_sol:
size: 12 1
(0,0,29.6607) (1,0,10.8713) (2,0,0) (3,0,0) (4,0,0) (5,0,0) (6,0,31.8005) (7,0,31.1817) (8,0,0) (9,0,0) (10,0,8.14756) (11,0,0) 

policy_converges:
1
