Git Revision:     3cfe7dc3fe6810e9e399640d632720aa3564fe80
Build Mode:       Debug
C Compiler:       /usr/bin/cc
C++ Compiler:     /usr/bin/c++
Fortran Compiler: gfortran
Body count: 9
No end time specified. Simulation will run indefinitely.
N:
size: 27 9
(0,0,-0.00231001) (1,0,-0.999997) (6,0,0.00231001) (7,0,0.999997) (0,1,-0.999983) (1,1,0.00585242) (9,1,0.999983) (10,1,-0.00585242) (0,2,-0.71505) (1,2,-0.699073) (12,2,0.71505) (13,2,0.699073) (3,3,-0.0840884) (4,3,-0.996458) (6,3,0.0840884) (7,3,0.996458) (6,4,-0.695113) (7,4,0.7189) (18,4,0.695113) (19,4,-0.7189) (9,5,0.0523528) (10,5,-0.998629) (12,5,-0.0523528) (13,5,0.998629) (12,6,-0.722039) (13,6,0.691853) (18,6,0.722039) (19,6,-0.691853) (15,7,-0.450085) (16,7,0.892986) (18,7,0.450085) (19,7,-0.892986) (18,8,0.0466309) (19,8,-0.998912) (21,8,-0.0466309) (22,8,0.998912) 
Q:
size: 9 9
(0,0,0.0795775) (1,0,-0.000140949) (2,0,0.0278809) (3,0,0.0396554) (4,0,0.0285402) (0,1,-0.000140949) (1,1,0.0795775) (2,1,0.0282877) (5,1,0.00231556) (0,2,0.0278809) (1,2,0.0282877) (2,2,0.0795775) (5,2,0.0262876) (6,2,-0.00129864) (0,3,0.0396554) (3,3,0.0795775) (4,3,0.0261771) (0,4,0.0285402) (3,4,0.0261771) (4,4,0.0795775) (6,4,0.0397598) (7,4,0.0379914) (8,4,0.0298627) (1,5,0.00231556) (2,5,0.0262876) (5,5,0.0795775) (6,5,0.0289942) (2,6,-0.00129864) (4,6,0.0397598) (5,6,0.0289942) (6,6,0.0795775) (7,6,0.0375126) (8,6,0.0288377) (4,7,0.0379914) (6,7,0.0375126) (7,7,0.0795775) (8,7,0.0363272) (4,8,0.0298627) (6,8,0.0288377) (7,8,0.0363272) (8,8,0.0795775) 
Minv:
size: 27 27
(0,0,0.0397887) (1,1,0.0397887) (2,2,0.0795775) (3,3,0.0397887) (4,4,0.0397887) (5,5,0.0795775) (6,6,0.0397887) (7,7,0.0397887) (8,8,0.0795775) (9,9,0.0397887) (10,10,0.0397887) (11,11,0.0795775) (12,12,0.0397887) (13,13,0.0397887) (14,14,0.0795775) (15,15,0.0397887) (16,16,0.0397887) (17,17,0.0795775) (18,18,0.0397887) (19,19,0.0397887) (20,20,0.0795775) (21,21,0.0397887) (22,22,0.0397887) (23,23,0.0795775) (24,24,0.0397887) (25,25,0.0397887) (26,26,0.0795775) 
v0:
size: 27 1
(0,0,0.228486) (1,0,-0.494007) (2,0,0) (3,0,-0.156406) (4,0,-0.0891948) (5,0,0) (6,0,-0.756631) (7,0,-0.493521) (8,0,0) (9,0,0.0236243) (10,0,-0.180449) (11,0,0) (12,0,0.148456) (13,0,-0.971146) (14,0,0) (15,0,-0.313515) (16,0,0.402983) (17,0,0) (18,0,0.294082) (19,0,0.7213) (20,0,0) (21,0,0.846272) (22,0,-0.857796) (23,0,0) (24,0,0.964715) (25,0,0.751256) (26,0,0) 
ipopt_sol:
size: 9 1
(0,0,1.57923e-07) (1,0,3.53195) (2,0,3.35753) (3,0,11.3943) (4,0,5.3684e-08) (5,0,16.1285) (6,0,7.32537) (7,0,4.61012e-08) (8,0,37.6364) 
policy_sol:
size: 9 1
(0,0,0) (1,0,3.53195) (2,0,3.35753) (3,0,11.3943) (4,0,0) (5,0,16.1285) (6,0,7.32537) (7,0,0) (8,0,37.6364) 

policy_converges:
1
