Git Revision:     18345a57b34405566a64d0bf3d2a118f1cdbade3
Build Mode:       Debug
C Compiler:       /usr/bin/cc
C++ Compiler:     /usr/bin/c++
Fortran Compiler: gfortran
Body count: 9
No end time specified. Simulation will run indefinitely.
N:
size: 27 20
(0,0,-0.0552863) (1,0,-0.998471) (3,0,0.0552863) (4,0,0.998471) (0,1,-0.999936) (1,1,-0.0113001) (9,1,0.999936) (10,1,0.0113001) (0,2,-0.475183) (1,2,-0.879887) (15,2,0.475183) (16,2,0.879887) (0,3,-0.893186) (1,3,-0.449688) (21,3,0.893186) (22,3,0.449688) (0,4,-0.69978) (1,4,-0.714359) (24,4,0.69978) (25,4,0.714359) (3,5,-0.719024) (4,5,0.694985) (9,5,0.719024) (10,5,-0.694985) (3,6,-0.999419) (4,6,-0.0340696) (12,6,0.999419) (13,6,0.0340696) (3,7,-0.711455) (4,7,-0.702732) (15,7,0.711455) (16,7,0.702732) (3,8,-0.894341) (4,8,0.447386) (18,8,0.894341) (19,8,-0.447386) (3,9,-0.999742) (4,9,-0.0227317) (21,9,0.999742) (22,9,0.0227317) (3,10,-0.876548) (4,10,-0.481315) (24,10,0.876548) (25,10,0.481315) (9,11,-0.00835165) (10,11,-0.999965) (15,11,0.00835165) (16,11,0.999965) (9,12,-0.695329) (10,12,-0.718692) (21,12,0.695329) (22,12,0.718692) (12,13,-0.0148233) (13,13,-0.99989) (15,13,0.0148233) (16,13,0.99989) (12,14,-0.999939) (13,14,-0.0110889) (21,14,0.999939) (22,14,0.0110889) (12,15,-0.67618) (13,15,-0.736737) (24,15,0.67618) (25,15,0.736737) (15,16,-0.452428) (16,16,0.891801) (18,16,0.452428) (19,16,-0.891801) (15,17,-0.708287) (16,17,0.705924) (21,17,0.708287) (22,17,-0.705924) (15,18,-0.997195) (16,18,-0.0748463) (24,18,0.997195) (25,18,0.0748463) (18,19,0.0617311) (19,19,-0.998093) (21,19,-0.0617311) (22,19,0.998093) 
Q:
size: 20 20
(0,0,0.0795775) (1,0,0.00264856) (2,0,0.0360013) (3,0,0.0198299) (4,0,0.0299193) (5,0,0.0260286) (6,0,-0.00355201) (7,0,-0.0294831) (8,0,0.0158064) (9,0,-0.00310229) (10,0,-0.0210498) (0,1,0.00264856) (1,1,0.0795775) (2,1,0.0193014) (3,1,0.0357387) (4,1,0.0281628) (5,1,0.0282948) (11,1,-0.000781881) (12,1,-0.0279876) (0,2,0.0360013) (1,2,0.0193014) (2,2,0.0795775) (3,2,0.0326308) (4,2,0.0382401) (7,2,0.0380538) (11,2,0.0351663) (13,2,0.035286) (16,2,0.0226675) (17,2,0.0113226) (18,2,-0.0214743) (0,3,0.0198299) (1,3,0.0357387) (2,3,0.0326308) (3,3,0.0795775) (4,3,0.037651) (9,3,0.0359363) (12,3,0.0375703) (14,3,0.035735) (17,3,0.0125409) (19,3,0.0156645) (0,4,0.0299193) (1,4,0.0281628) (2,4,0.0382401) (3,4,0.037651) (4,4,0.0795775) (10,4,0.0380866) (15,4,0.0397677) (18,4,0.0298926) (0,5,0.0260286) (1,5,0.0282948) (5,5,0.0795775) (6,5,0.0276503) (7,5,0.000921704) (8,5,0.0379576) (9,5,0.0279731) (10,5,0.0117676) (11,5,0.0274127) (12,5,-1.90236e-05) (0,6,-0.00355201) (5,6,0.0276503) (6,6,0.0795775) (7,6,0.0292441) (8,6,0.0349576) (9,6,0.0397862) (10,6,0.0355089) (13,6,-0.0019449) (14,6,-0.0397782) (15,6,-0.0278874) (0,7,-0.0294831) (2,7,0.0380538) (5,7,0.000921704) (6,7,0.0292441) (7,7,0.0795775) (8,7,0.0128076) (9,7,0.0289362) (10,7,0.0382712) (11,7,0.0281963) (13,7,0.0283774) (16,7,0.0121282) (17,7,-0.00031188) (18,7,-0.0303212) (0,8,0.0158064) (5,8,0.0379576) (6,8,0.0349576) (7,8,0.0128076) (8,8,0.0795775) (9,8,0.0351709) (10,8,0.0226238) (16,8,0.0319744) (19,8,0.0199637) (0,9,-0.00310229) (3,9,0.0359363) (5,9,0.0279731) (6,9,0.0397862) (7,9,0.0289362) (8,9,0.0351709) (9,9,0.0795775) (10,9,0.035303) (12,9,0.0283091) (14,9,0.039786) (17,9,0.0275361) (19,9,-0.00155283) (0,10,-0.0210498) (4,10,0.0380866) (5,10,0.0117676) (6,10,0.0355089) (7,10,0.0382712) (8,10,0.0226238) (9,10,0.035303) (10,10,0.0795775) (15,10,0.0376921) (18,10,0.0362123) (1,11,-0.000781881) (2,11,0.0351663) (5,11,0.0274127) (7,11,0.0281963) (11,11,0.0795775) (12,11,0.0288259) (13,11,0.0397879) (16,11,0.035332) (17,11,0.0278515) (18,11,-0.0033093) (1,12,-0.0279876) (3,12,0.0375703) (5,12,-1.90236e-05) (9,12,0.0283091) (11,12,0.0288259) (12,12,0.0795775) (14,12,0.0279816) (17,12,-0.000590858) (19,12,0.0268334) (2,13,0.035286) (6,13,-0.0019449) (7,13,0.0283774) (11,13,0.0397879) (13,13,0.0795775) (14,13,0.00103093) (15,13,0.0297094) (16,13,0.0352129) (17,13,0.027667) (18,13,-0.00356586) (3,14,0.035735) (6,14,-0.0397782) (9,14,0.039786) (12,14,0.0279816) (13,14,0.00103093) (14,14,0.0795775) (15,14,0.0272277) (17,14,0.0278687) (19,14,-0.00201568) (4,15,0.0397677) (6,15,-0.0278874) (10,15,0.0376921) (13,15,0.0297094) (14,15,0.0272277) (15,15,0.0795775) (18,15,0.0290229) (2,16,0.0226675) (7,16,0.0121282) (8,16,0.0319744) (11,16,0.035332) (13,16,0.0352129) (16,16,0.0795775) (17,16,0.037799) (18,16,0.0152952) (19,16,0.0365272) (2,17,0.0113226) (3,17,0.0125409) (7,17,-0.00031188) (9,17,0.0275361) (11,17,0.0278515) (12,17,-0.000590858) (13,17,0.027667) (14,17,0.0278687) (16,17,0.037799) (17,17,0.0795775) (18,17,0.0260005) (19,17,-0.029774) (2,18,-0.0214743) (4,18,0.0298926) (7,18,-0.0303212) (10,18,0.0362123) (11,18,-0.0033093) (13,18,-0.00356586) (15,18,0.0290229) (16,18,0.0152952) (17,18,0.0260005) (18,18,0.0795775) (3,19,0.0156645) (8,19,0.0199637) (9,19,-0.00155283) (12,19,0.0268334) (14,19,-0.00201568) (16,19,0.0365272) (17,19,-0.029774) (19,19,0.0795775) 
Minv:
size: 27 27
(0,0,0.0397887) (1,1,0.0397887) (2,2,0.0795775) (3,3,0.0397887) (4,4,0.0397887) (5,5,0.0795775) (6,6,0.0397887) (7,7,0.0397887) (8,8,0.0795775) (9,9,0.0397887) (10,10,0.0397887) (11,11,0.0795775) (12,12,0.0397887) (13,13,0.0397887) (14,14,0.0795775) (15,15,0.0397887) (16,16,0.0397887) (17,17,0.0795775) (18,18,0.0397887) (19,19,0.0397887) (20,20,0.0795775) (21,21,0.0397887) (22,22,0.0397887) (23,23,0.0795775) (24,24,0.0397887) (25,25,0.0397887) (26,26,0.0795775) 
v0:
size: 27 1
(0,0,-0.134432) (1,0,0.417619) (2,0,0) (3,0,0.911515) (4,0,-0.293358) (5,0,0) (6,0,-0.950288) (7,0,0.504494) (8,0,0) (9,0,-0.722902) (10,0,0.038325) (11,0,0) (12,0,0.745815) (13,0,0.945572) (14,0,0) (15,0,-0.430047) (16,0,-0.615997) (17,0,0) (18,0,0.495607) (19,0,0.178466) (20,0,0) (21,0,-0.608812) (22,0,-0.082608) (23,0,0) (24,0,-0.687622) (25,0,0.94132) (26,0,0) 
ipopt_sol:
size: 20 1
(0,0,19.8115) (1,0,4.83206) (2,0,1.45313e-07) (3,0,1.4363e-07) (4,0,6.44396e-08) (5,0,26.4516) (6,0,5.59307e-06) (7,0,32.9372) (8,0,1.1686e-07) (9,0,0.847243) (10,0,4.49567e-07) (11,0,5.42928e-08) (12,0,8.38461e-08) (13,0,28.2756) (14,0,33.6846) (15,0,2.77896e-07) (16,0,6.05064e-08) (17,0,8.01119e-08) (18,0,17.343) (19,0,5.70528) 
policy_sol:
size: 20 1
(0,0,19.8115) (1,0,4.83206) (2,0,0) (3,0,0) (4,0,0) (5,0,26.4516) (6,0,0) (7,0,32.9372) (8,0,0) (9,0,0.847246) (10,0,0) (11,0,0) (12,0,0) (13,0,28.2756) (14,0,33.6846) (15,0,0) (16,0,0) (17,0,0) (18,0,17.343) (19,0,5.70528) 

policy_converges:
1
ipopt_converges:
0
