Git Revision:     18345a57b34405566a64d0bf3d2a118f1cdbade3
Build Mode:       Debug
C Compiler:       /usr/bin/cc
C++ Compiler:     /usr/bin/c++
Fortran Compiler: gfortran
Body count: 9
No end time specified. Simulation will run indefinitely.
N:
size: 27 12
(0,0,-0.0123208) (1,0,-0.999924) (3,0,0.0123208) (4,0,0.999924) (0,1,-0.00572076) (1,1,-0.999984) (6,1,0.00572076) (7,1,0.999984) (0,2,-0.999968) (1,2,0.00806002) (9,2,0.999968) (10,2,-0.00806002) (0,3,-0.686865) (1,3,-0.726785) (12,3,0.686865) (13,3,0.726785) (3,4,0.000434579) (4,4,-1) (6,4,-0.000434579) (7,4,1) (3,5,-0.706551) (4,5,0.707662) (9,5,0.706551) (10,5,-0.707662) (6,6,-0.435688) (7,6,0.900098) (9,6,0.435688) (10,6,-0.900098) (6,7,-0.692771) (7,7,0.721158) (18,7,0.692771) (19,7,-0.721158) (9,8,0.0405) (10,8,-0.99918) (12,8,-0.0405) (13,8,0.99918) (9,9,-0.687704) (10,9,-0.725991) (21,9,0.687704) (22,9,0.725991) (12,10,-0.704256) (13,10,0.709946) (18,10,0.704256) (19,10,-0.709946) (18,11,0.00363772) (19,11,-0.999993) (21,11,-0.00363772) (22,11,0.999993) 
Q:
size: 12 12
(0,0,0.0795775) (1,0,0.0397879) (2,0,0.00016954) (3,0,0.0292524) (4,0,-0.0397855) (5,0,0.0278085) (0,1,0.0397879) (1,1,0.0795775) (2,1,-9.30784e-05) (3,1,0.0290737) (4,1,0.039788) (6,1,0.035714) (7,1,0.0285358) (0,2,0.00016954) (1,2,-9.30784e-05) (2,2,0.0795775) (3,2,0.0270955) (5,2,0.0283388) (6,2,0.0176236) (8,2,0.00193183) (9,2,-0.0271292) (0,3,0.0292524) (1,3,0.0290737) (2,3,0.0270955) (3,3,0.0795775) (8,3,0.0277873) (10,3,0.00128315) (0,4,-0.0397855) (1,4,0.039788) (4,4,0.0795775) (5,4,-0.0281692) (6,4,0.0358213) (7,4,0.0287059) (0,5,0.0278085) (2,5,0.0283388) (4,5,-0.0281692) (5,5,0.0795775) (6,5,0.0375924) (8,5,0.0292724) (9,5,0.00110844) (1,6,0.035714) (2,6,0.0176236) (4,6,0.0358213) (5,6,0.0375924) (6,6,0.0795775) (7,6,0.0378369) (8,6,0.0364865) (9,6,0.0140788) (1,7,0.0285358) (4,7,0.0287059) (6,7,0.0378369) (7,7,0.0795775) (10,7,0.0397836) (11,7,0.028794) (2,8,0.00193183) (3,8,0.0277873) (5,8,0.0292724) (6,8,0.0364865) (8,8,0.0795775) (9,8,0.0277544) (10,8,0.0293596) (2,9,-0.0271292) (5,9,0.00110844) (6,9,0.0140788) (8,9,0.0277544) (9,9,0.0795775) (11,9,0.0287865) (3,10,0.00128315) (7,10,0.0397836) (8,10,0.0293596) (10,10,0.0795775) (11,10,0.0283496) (7,11,0.028794) (9,11,0.0287865) (10,11,0.0283496) (11,11,0.0795775) 
Minv:
size: 27 27
(0,0,0.0397887) (1,1,0.0397887) (2,2,0.0795775) (3,3,0.0397887) (4,4,0.0397887) (5,5,0.0795775) (6,6,0.0397887) (7,7,0.0397887) (8,8,0.0795775) (9,9,0.0397887) (10,10,0.0397887) (11,11,0.0795775) (12,12,0.0397887) (13,13,0.0397887) (14,14,0.0795775) (15,15,0.0397887) (16,16,0.0397887) (17,17,0.0795775) (18,18,0.0397887) (19,19,0.0397887) (20,20,0.0795775) (21,21,0.0397887) (22,22,0.0397887) (23,23,0.0795775) (24,24,0.0397887) (25,25,0.0397887) (26,26,0.0795775) 
v0:
size: 27 1
(0,0,-0.385447) (1,0,0.167056) (2,0,0) (3,0,-0.630293) (4,0,-0.317773) (5,0,0) (6,0,-0.765679) (7,0,-0.70887) (8,0,0) (9,0,-0.640762) (10,0,0.0470439) (11,0,0) (12,0,-0.408542) (13,0,-0.762225) (14,0,0) (15,0,-0.758873) (16,0,0.766673) (17,0,0) (18,0,0.0638058) (19,0,0.349417) (20,0,0) (21,0,0.310253) (22,0,-0.943473) (23,0,0) (24,0,-0.00197022) (25,0,0.678544) (26,0,0) 
ipopt_sol:
size: 12 1
(0,0,1.64482) (1,0,21.2374) (2,0,5.91798) (3,0,8.14716e-06) (4,0,0.0318074) (5,0,3.16382e-07) (6,0,2.44717e-07) (7,0,6.79466e-08) (8,0,20.4152) (9,0,6.5007e-08) (10,0,1.39497e-07) (11,0,32.5162) 
policy_sol:
size: 12 1
(0,0,1.61302) (1,0,21.2692) (2,0,5.91809) (3,0,0) (4,0,0) (5,0,0) (6,0,0) (7,0,0) (8,0,20.4152) (9,0,0) (10,0,0) (11,0,32.5162) 

policy_converges:
1
ipopt_converges:
0
