Git Revision:     18345a57b34405566a64d0bf3d2a118f1cdbade3
Build Mode:       Debug
C Compiler:       /usr/bin/cc
C++ Compiler:     /usr/bin/c++
Fortran Compiler: gfortran
Body count: 9
No end time specified. Simulation will run indefinitely.
N:
size: 27 24
(0,0,0.0275013) (1,0,-0.999622) (6,0,-0.0275013) (7,0,0.999622) (0,1,-0.684596) (1,1,-0.728923) (12,1,0.684596) (13,1,0.728923) (0,2,-0.434677) (1,2,-0.900586) (15,2,0.434677) (16,2,0.900586) (0,3,-0.999997) (1,3,0.00239938) (18,3,0.999997) (19,3,-0.00239938) (0,4,-0.886741) (1,4,-0.462266) (21,4,0.886741) (22,4,0.462266) (3,5,0.0349445) (4,5,-0.999389) (6,5,-0.0349445) (7,5,0.999389) (3,6,-0.999474) (4,6,0.0324436) (12,6,0.999474) (13,6,-0.0324436) (3,7,-0.705607) (4,7,-0.708603) (15,7,0.705607) (16,7,0.708603) (3,8,-0.887487) (4,8,0.460832) (18,8,0.887487) (19,8,-0.460832) (6,9,-0.439862) (7,9,0.898065) (9,9,0.439862) (10,9,-0.898065) (6,10,-0.697028) (7,10,0.717044) (12,10,0.697028) (13,10,-0.717044) (6,11,-0.999841) (7,11,-0.0178471) (15,11,0.999841) (16,11,0.0178471) (6,12,-0.707371) (7,12,0.706843) (18,12,0.707371) (19,12,-0.706843) (6,13,-0.898753) (7,13,0.438454) (21,13,0.898753) (22,13,-0.438454) (6,14,-0.999892) (7,14,0.0146649) (24,14,0.999892) (25,14,-0.0146649) (9,15,0.00957858) (10,15,-0.999954) (12,15,-0.00957858) (13,15,0.999954) (9,16,-0.0176618) (10,16,-0.999844) (15,16,0.0176618) (16,16,0.999844) (9,17,-0.999745) (10,17,-0.0225651) (18,17,0.999745) (19,17,0.0225651) (9,18,-0.696883) (10,18,-0.717185) (21,18,0.696883) (22,18,0.717185) (9,19,-0.450635) (10,19,-0.892708) (24,19,0.450635) (25,19,0.892708) (12,20,-0.717459) (13,20,0.696601) (18,20,0.717459) (19,20,-0.696601) (15,21,-0.434865) (16,21,0.900496) (18,21,0.434865) (19,21,-0.900496) (18,22,-0.00400227) (19,22,-0.999992) (21,22,0.00400227) (22,22,0.999992) (18,23,0.00224388) (19,23,-0.999997) (24,23,-0.00224388) (25,23,0.999997) 
Q:
size: 24 24
(0,0,0.0795775) (1,0,0.0282428) (2,0,0.035344) (3,0,-0.00118967) (4,0,0.0174157) (5,0,0.0397876) (9,0,0.0362007) (10,0,0.0292822) (11,0,0.000384223) (12,0,0.0288878) (13,0,0.0184224) (14,0,0.0016774) (0,1,0.0282428) (1,1,0.0795775) (2,1,0.0379599) (3,1,0.0271695) (4,1,0.0375612) (6,1,0.0262839) (10,1,-0.00180989) (15,1,0.0287407) (20,1,0.000660445) (0,2,0.035344) (1,2,0.0379599) (2,2,0.0795775) (3,2,0.0172092) (4,2,0.0319009) (7,2,0.0375952) (11,2,0.017932) (16,2,0.0361331) (21,2,0.0247465) (0,3,-0.00118967) (1,3,0.0271695) (2,3,0.0172092) (3,3,0.0795775) (4,3,0.0352381) (8,3,0.0353559) (12,3,0.0282128) (17,3,0.0397763) (20,3,0.0286132) (21,3,0.0173887) (22,3,-6.37773e-05) (23,3,0.000184749) (0,4,0.0174157) (1,4,0.0375612) (2,4,0.0319009) (3,4,0.0352381) (4,4,0.0795775) (13,4,0.0236456) (18,4,0.0377788) (22,4,0.0185341) (0,5,0.0397876) (5,5,0.0795775) (6,5,-0.00267976) (7,5,0.0271961) (8,5,-0.0195587) (9,5,0.0363226) (10,5,0.029482) (11,5,0.000680497) (12,5,0.0290907) (13,5,0.0186845) (14,5,0.00197339) (1,6,0.0262839) (5,6,-0.00267976) (6,6,0.0795775) (7,6,0.0271457) (8,6,0.0358883) (10,6,0.0286449) (15,6,-0.00167175) (20,6,-0.029431) (2,7,0.0375952) (5,7,0.0271961) (6,7,0.0271457) (7,7,0.0795775) (8,7,0.0119235) (11,7,0.0285739) (16,7,0.0286859) (21,7,0.01318) (3,8,0.0353559) (5,8,-0.0195587) (6,8,0.0358883) (7,8,0.0119235) (8,8,0.0795775) (12,8,0.0379393) (17,8,0.0348893) (20,8,0.0381077) (21,8,0.0318674) (22,8,0.0181944) (23,8,0.0184151) (0,9,0.0362007) (5,9,0.0363226) (9,9,0.0795775) (10,9,0.0378211) (11,9,0.0168611) (12,9,0.0376376) (13,9,0.0313968) (14,9,0.0180237) (15,9,0.0358989) (16,9,0.0354182) (17,9,-0.0166908) (18,9,0.0134305) (19,9,0.0240122) (0,10,0.0292822) (1,10,-0.00180989) (5,10,0.029482) (6,10,0.0286449) (9,10,0.0378211) (10,10,0.0795775) (11,10,0.0272203) (12,10,0.0397845) (13,10,0.0374351) (14,10,0.0281493) (15,10,-0.0287946) (20,10,-0.0397721) (0,11,0.000384223) (2,11,0.017932) (5,11,0.000680497) (7,11,0.0285739) (9,11,0.0168611) (10,11,0.0272203) (11,11,0.0795775) (12,11,0.027639) (13,11,0.0354432) (14,11,0.0397677) (16,11,0.00141263) (21,11,-0.0166605) (0,12,0.0288878) (3,12,0.0282128) (5,12,0.0290907) (8,12,0.0379393) (9,12,0.0376376) (10,12,0.0397845) (11,12,0.027639) (12,12,0.0795775) (13,12,0.037627) (14,12,0.0285548) (17,12,0.0275036) (20,12,0.0397846) (21,12,0.0375653) (22,12,0.0280115) (23,12,0.0281875) (0,13,0.0184224) (4,13,0.0236456) (5,13,0.0186845) (9,13,0.0313968) (10,13,0.0374351) (11,13,0.0354432) (12,13,0.037627) (13,13,0.0795775) (14,13,0.0360123) (18,13,0.012409) (22,13,-0.0173023) (0,14,0.0016774) (5,14,0.00197339) (9,14,0.0180237) (10,14,0.0281493) (11,14,0.0397677) (12,14,0.0285548) (13,14,0.0360123) (14,14,0.0795775) (19,14,0.0174074) (23,14,-0.000672768) (1,15,0.0287407) (6,15,-0.00167175) (9,15,0.0358989) (10,15,-0.0287946) (15,15,0.0795775) (16,15,0.039774) (17,15,0.000516771) (18,15,0.028269) (19,15,0.0353464) (20,15,0.027989) (2,16,0.0361331) (7,16,0.0286859) (9,16,0.0354182) (11,16,0.00141263) (15,16,0.039774) (16,16,0.0795775) (17,16,0.00160026) (18,16,0.0290211) (19,16,0.0358309) (21,16,0.0355184) (3,17,0.0397763) (8,17,0.0348893) (9,17,-0.0166908) (12,17,0.0275036) (15,17,0.000516771) (16,17,0.00160026) (17,17,0.0795775) (18,17,0.028365) (19,17,0.0187271) (20,17,0.0279141) (21,17,0.0164898) (22,17,-0.00105703) (23,17,-0.000808574) (4,18,0.0377788) (9,18,0.0134305) (13,18,0.012409) (15,18,0.028269) (16,18,0.0290211) (17,18,0.028365) (18,18,0.0795775) (19,18,0.0379695) (22,18,0.0286466) (9,19,0.0240122) (14,19,0.0174074) (15,19,0.0353464) (16,19,0.0358309) (17,19,0.0187271) (18,19,0.0379695) (19,19,0.0795775) (23,19,0.0354794) (1,20,0.000660445) (3,20,0.0286132) (6,20,-0.029431) (8,20,0.0381077) (10,20,-0.0397721) (12,20,0.0397846) (15,20,0.027989) (17,20,0.0279141) (20,20,0.0795775) (21,20,0.0373729) (22,20,0.0276024) (23,20,0.0277809) (2,21,0.0247465) (3,21,0.0173887) (7,21,0.01318) (8,21,0.0318674) (11,21,-0.0166605) (12,21,0.0375653) (16,21,0.0355184) (17,21,0.0164898) (20,21,0.0373729) (21,21,0.0795775) (22,21,0.03576) (23,21,0.0358683) (3,22,-6.37773e-05) (4,22,0.0185341) (8,22,0.0181944) (12,22,0.0280115) (13,22,-0.0173023) (17,22,-0.00105703) (18,22,0.0286466) (20,22,0.0276024) (21,22,0.03576) (22,22,0.0795775) (23,22,0.039788) (3,23,0.000184749) (8,23,0.0184151) (12,23,0.0281875) (14,23,-0.000672768) (17,23,-0.000808574) (19,23,0.0354794) (20,23,0.0277809) (21,23,0.0358683) (22,23,0.039788) (23,23,0.0795775) 
Minv:
size: 27 27
(0,0,0.0397887) (1,1,0.0397887) (2,2,0.0795775) (3,3,0.0397887) (4,4,0.0397887) (5,5,0.0795775) (6,6,0.0397887) (7,7,0.0397887) (8,8,0.0795775) (9,9,0.0397887) (10,10,0.0397887) (11,11,0.0795775) (12,12,0.0397887) (13,13,0.0397887) (14,14,0.0795775) (15,15,0.0397887) (16,16,0.0397887) (17,17,0.0795775) (18,18,0.0397887) (19,19,0.0397887) (20,20,0.0795775) (21,21,0.0397887) (22,22,0.0397887) (23,23,0.0795775) (24,24,0.0397887) (25,25,0.0397887) (26,26,0.0795775) 
v0:
size: 27 1
(0,0,-0.0222624) (1,0,0.713414) (2,0,0) (3,0,-0.286213) (4,0,0.903269) (5,0,0) (6,0,0.883921) (7,0,-0.608375) (8,0,0) (9,0,0.973639) (10,0,0.521351) (11,0,0) (12,0,-0.932328) (13,0,-0.726161) (14,0,0) (15,0,-0.596158) (16,0,-0.216415) (17,0,0) (18,0,-0.531053) (19,0,0.517973) (20,0,0) (21,0,-0.267328) (22,0,-0.408805) (23,0,0) (24,0,0.802025) (25,0,0.414395) (26,0,0) 
ipopt_sol:
size: 24 1
(0,0,1.59373e-06) (1,0,36.9883) (2,0,4.84439e-07) (3,0,5.8146e-08) (4,0,9.65251e-08) (5,0,34.8643) (6,0,0.426327) (7,0,7.20732e-07) (8,0,9.76855e-08) (9,0,1.39096e-07) (10,0,10.3651) (11,0,35.8075) (12,0,2.27362e-07) (13,0,7.86341e-07) (14,0,4.71466e-08) (15,0,14.2255) (16,0,6.37868e-07) (17,0,28.3483) (18,0,19.3789) (19,0,5.38464e-08) (20,0,2.14013e-07) (21,0,12.5832) (22,0,11.0117) (23,0,1.29132e-07) 
policy_sol:
size: 24 1
(0,0,17.4882) (1,0,0.0210048) (2,0,12.8956) (3,0,0) (4,0,0) (5,0,38.9399) (6,0,0) (7,0,0) (8,0,0) (9,0,-90.4158) (10,0,50.0336) (11,0,23.4909) (12,0,37.8723) (13,0,0) (14,0,0) (15,0,85.5157) (16,0,0) (17,0,0) (18,0,23.3822) (19,0,0) (20,0,-11.4972) (21,0,4.33859) (22,0,0) (23,0,0) 

policy_converges:
0
ipopt_converges:
0
