Git Revision:     18345a57b34405566a64d0bf3d2a118f1cdbade3
Build Mode:       Debug
C Compiler:       /usr/bin/cc
C++ Compiler:     /usr/bin/c++
Fortran Compiler: gfortran
Body count: 9
No end time specified. Simulation will run indefinitely.
N:
size: 27 11
(0,0,-0.999887) (1,0,0.0150402) (9,0,0.999887) (10,0,-0.0150402) (0,1,-0.461602) (1,1,-0.887087) (15,1,0.461602) (16,1,0.887087) (6,2,-0.429316) (7,2,0.903154) (9,2,0.429316) (10,2,-0.903154) (6,3,-0.90346) (7,3,0.428672) (21,3,0.90346) (22,3,-0.428672) (9,4,-0.00859026) (10,4,-0.999963) (15,4,0.00859026) (16,4,0.999963) (9,5,-0.45762) (10,5,-0.889148) (24,5,0.45762) (25,5,0.889148) (12,6,0.0174961) (13,6,-0.999847) (15,6,-0.0174961) (16,6,0.999847) (12,7,-0.99726) (13,7,-0.0739714) (21,7,0.99726) (22,7,0.0739714) (12,8,-0.693943) (13,8,-0.72003) (24,8,0.693943) (25,8,0.72003) (15,9,-0.751409) (16,9,0.659837) (21,9,0.751409) (22,9,-0.659837) (21,10,-0.000650527) (22,10,-1) (24,10,0.000650527) (25,10,1) 
Q:
size: 11 11
(0,0,0.0795775) (1,0,0.0178336) (2,0,0.0176205) (4,0,0.000256653) (5,0,-0.017674) (0,1,0.0178336) (1,1,0.0795775) (4,1,0.0354525) (6,1,0.0349693) (9,1,0.00948885) (0,2,0.0176205) (2,2,0.0795775) (3,2,0.0308374) (4,2,0.0357873) (5,2,0.0241348) (2,3,0.0308374) (3,3,0.0795775) (7,3,0.0345874) (9,3,0.0382657) (10,3,0.0170329) (0,4,0.000256653) (1,4,0.0354525) (2,4,0.0357873) (4,4,0.0795775) (5,4,0.0355332) (6,4,0.0397752) (9,4,0.0259963) (0,5,-0.017674) (2,5,0.0241348) (4,5,0.0355332) (5,5,0.0795775) (8,5,0.0381087) (10,5,0.0353899) (1,6,0.0349693) (4,6,0.0397752) (6,6,0.0795775) (7,6,0.00224854) (8,6,0.0281616) (9,6,0.0267732) (3,7,0.0345874) (6,7,0.00224854) (7,7,0.0795775) (8,7,0.0296547) (9,7,0.0278736) (10,7,-0.00296904) (5,8,0.0381087) (6,8,0.0281616) (7,8,0.0296547) (8,8,0.0795775) (10,8,0.028667) (1,9,0.00948885) (3,9,0.0382657) (4,9,0.0259963) (6,9,0.0267732) (7,9,0.0278736) (9,9,0.0795775) (10,9,0.0262346) (3,10,0.0170329) (5,10,0.0353899) (7,10,-0.00296904) (8,10,0.028667) (9,10,0.0262346) (10,10,0.0795775) 
Minv:
size: 27 27
(0,0,0.0397887) (1,1,0.0397887) (2,2,0.0795775) (3,3,0.0397887) (4,4,0.0397887) (5,5,0.0795775) (6,6,0.0397887) (7,7,0.0397887) (8,8,0.0795775) (9,9,0.0397887) (10,10,0.0397887) (11,11,0.0795775) (12,12,0.0397887) (13,13,0.0397887) (14,14,0.0795775) (15,15,0.0397887) (16,16,0.0397887) (17,17,0.0795775) (18,18,0.0397887) (19,19,0.0397887) (20,20,0.0795775) (21,21,0.0397887) (22,22,0.0397887) (23,23,0.0795775) (24,24,0.0397887) (25,25,0.0397887) (26,26,0.0795775) 
v0:
size: 27 1
(0,0,-0.0759728) (1,0,-0.615609) (2,0,0) (3,0,-0.977973) (4,0,-0.528019) (5,0,0) (6,0,-0.424479) (7,0,-0.269865) (8,0,0) (9,0,-0.394176) (10,0,-0.22692) (11,0,0) (12,0,0.947881) (13,0,0.640435) (14,0,0) (15,0,0.287004) (16,0,-0.806564) (17,0,0) (18,0,0.401883) (19,0,-0.989043) (20,0,0) (21,0,-0.299797) (22,0,0.624426) (23,0,0) (24,0,0.857671) (25,0,-0.902931) (26,0,0) 
ipopt_sol:
size: 11 1
(0,0,8.14335) (1,0,5.62841e-08) (2,0,9.79352e-07) (3,0,6.38158e-08) (4,0,3.48584e-07) (5,0,6.57923e-08) (6,0,35.1728) (7,0,31.7833) (8,0,1.16403e-07) (9,0,9.47359e-07) (10,0,39.5536) 
policy_sol:
size: 11 1
(0,0,8.14335) (1,0,0) (2,0,0) (3,0,0) (4,0,0) (5,0,0) (6,0,35.1728) (7,0,31.7833) (8,0,0) (9,0,0) (10,0,39.5536) 

policy_converges:
1
ipopt_converges:
0
