Git Revision:     3cfe7dc3fe6810e9e399640d632720aa3564fe80
Build Mode:       Debug
C Compiler:       /usr/bin/cc
C++ Compiler:     /usr/bin/c++
Fortran Compiler: gfortran
Body count: 9
No end time specified. Simulation will run indefinitely.
N:
size: 27 10
(3,0,-0.999128) (4,0,-0.0417452) (12,0,0.999128) (13,0,0.0417452) (3,1,-0.900891) (4,1,0.434046) (18,1,0.900891) (19,1,-0.434046) (3,2,-0.893144) (4,2,-0.449772) (24,2,0.893144) (25,2,0.449772) (6,3,-0.999978) (7,3,-0.00657772) (24,3,0.999978) (25,3,0.00657772) (9,4,-0.00619906) (10,4,-0.999981) (12,4,0.00619906) (13,4,0.999981) (9,5,-0.0413701) (10,5,-0.999144) (15,5,0.0413701) (16,5,0.999144) (9,6,-0.999793) (10,6,-0.0203587) (18,6,0.999793) (19,6,0.0203587) (9,7,-0.739445) (10,7,-0.673217) (21,7,0.739445) (22,7,0.673217) (9,8,-0.476123) (10,8,-0.879379) (24,8,0.476123) (25,8,0.879379) (15,9,-0.999468) (16,9,-0.032629) (24,9,0.999468) (25,9,0.032629) 
Q:
size: 10 10
(0,0,0.0795775) (1,0,0.0350931) (2,0,0.0362531) (4,0,0.00190739) (0,1,0.0350931) (1,1,0.0795775) (2,1,0.0242474) (6,1,0.0354863) (0,2,0.0362531) (1,2,0.0242474) (2,2,0.0795775) (3,2,0.035654) (8,2,0.0326572) (9,2,0.0361021) (2,3,0.035654) (3,3,0.0795775) (8,3,0.0191741) (9,3,0.0397752) (0,4,0.00190739) (4,4,0.0795775) (5,4,0.0397641) (6,4,0.00105663) (7,4,0.0269683) (8,4,0.0351061) (4,5,0.0397641) (5,5,0.0795775) (6,5,0.00245508) (7,5,0.0279807) (8,5,0.0357431) (9,5,-0.00294234) (1,6,0.0354863) (4,6,0.00105663) (5,6,0.00245508) (6,6,0.0795775) (7,6,0.0299608) (8,6,0.0196528) (4,7,0.0269683) (5,7,0.0279807) (6,7,0.0299608) (7,7,0.0795775) (8,7,0.0375637) (2,8,0.0326572) (3,8,0.0191741) (4,8,0.0351061) (5,8,0.0357431) (6,8,0.0196528) (7,8,0.0375637) (8,8,0.0795775) (9,8,0.0200759) (2,9,0.0361021) (3,9,0.0397752) (5,9,-0.00294234) (8,9,0.0200759) (9,9,0.0795775) 
Minv:
size: 27 27
(0,0,0.0397887) (1,1,0.0397887) (2,2,0.0795775) (3,3,0.0397887) (4,4,0.0397887) (5,5,0.0795775) (6,6,0.0397887) (7,7,0.0397887) (8,8,0.0795775) (9,9,0.0397887) (10,10,0.0397887) (11,11,0.0795775) (12,12,0.0397887) (13,13,0.0397887) (14,14,0.0795775) (15,15,0.0397887) (16,16,0.0397887) (17,17,0.0795775) (18,18,0.0397887) (19,19,0.0397887) (20,20,0.0795775) (21,21,0.0397887) (22,22,0.0397887) (23,23,0.0795775) (24,24,0.0397887) (25,25,0.0397887) (26,26,0.0795775) 
v0:
size: 27 1
(0,0,-0.916512) (1,0,-0.677995) (2,0,0) (3,0,0.419166) (4,0,0.388037) (5,0,0) (6,0,0.130949) (7,0,0.906387) (8,0,0) (9,0,0.691491) (10,0,0.263415) (11,0,0) (12,0,-0.93155) (13,0,-0.44947) (14,0,0) (15,0,0.758322) (16,0,0.250685) (17,0,0) (18,0,-0.32321) (19,0,-0.454247) (20,0,0) (21,0,0.690535) (22,0,-0.396356) (23,0,0) (24,0,-0.227686) (25,0,-0.146428) (26,0,0) 
ipopt_sol:
size: 10 1
(0,0,34.3887) (1,0,5.01903e-08) (2,0,1.66216e-07) (3,0,3.30737e-07) (4,0,17.0046) (5,0,1.30946e-07) (6,0,25.6384) (7,0,2.60084e-07) (8,0,1.78345e-05) (9,0,25.0935) 
policy_sol:
size: 10 1
(0,0,34.3887) (1,0,0) (2,0,0) (3,0,0) (4,0,17.0046) (5,0,0) (6,0,25.6384) (7,0,0) (8,0,0) (9,0,25.0936) 

policy_converges:
1
