Git Revision:     3cfe7dc3fe6810e9e399640d632720aa3564fe80
Build Mode:       Debug
C Compiler:       /usr/bin/cc
C++ Compiler:     /usr/bin/c++
Fortran Compiler: gfortran
Body count: 9
No end time specified. Simulation will run indefinitely.
N:
size: 27 22
(0,0,0.0302861) (1,0,-0.999541) (3,0,-0.0302861) (4,0,0.999541) (0,1,0.0205267) (1,1,-0.999789) (6,1,-0.0205267) (7,1,0.999789) (0,2,-0.677427) (1,2,-0.73559) (12,2,0.677427) (13,2,0.73559) (0,3,-0.431304) (1,3,-0.902207) (15,3,0.431304) (16,3,0.902207) (0,4,-0.700798) (1,4,-0.71336) (24,4,0.700798) (25,4,0.71336) (3,5,-0.719774) (4,5,0.694209) (9,5,0.719774) (10,5,-0.694209) (3,6,-0.998984) (4,6,-0.0450627) (12,6,0.998984) (13,6,0.0450627) (3,7,-0.684378) (4,7,-0.729127) (15,7,0.684378) (16,7,0.729127) (3,8,-0.89349) (4,8,0.449083) (18,8,0.89349) (19,8,-0.449083) (3,9,-0.99987) (4,9,-0.0161041) (21,9,0.99987) (22,9,0.0161041) (3,10,-0.889113) (4,10,-0.457687) (24,10,0.889113) (25,10,0.457687) (6,11,-0.452303) (7,11,0.891864) (9,11,0.452303) (10,11,-0.891864) (9,12,0.0188676) (10,12,-0.999822) (12,12,-0.0188676) (13,12,0.999822) (9,13,-0.011678) (10,13,-0.999932) (15,13,0.011678) (16,13,0.999932) (9,14,-0.716467) (10,14,-0.697621) (21,14,0.716467) (22,14,0.697621) (9,15,-0.454855) (10,15,-0.890566) (24,15,0.454855) (25,15,0.890566) (12,16,-0.0410853) (13,16,-0.999156) (15,16,0.0410853) (16,16,0.999156) (12,17,-0.707444) (13,17,0.70677) (18,17,0.707444) (19,17,-0.70677) (12,18,-0.999938) (13,18,0.0111692) (21,18,0.999938) (22,18,-0.0111692) (15,19,-0.438844) (16,19,0.898563) (18,19,0.438844) (19,19,-0.898563) (18,20,0.0366911) (19,20,-0.999327) (21,20,-0.0366911) (22,20,0.999327) (18,21,0.0184012) (19,21,-0.999831) (24,21,-0.0184012) (25,21,0.999831) 
Q:
size: 22 22
(0,0,0.0795775) (1,0,0.0397868) (2,0,0.0284384) (3,0,0.0353615) (4,0,0.0275262) (5,0,0.0284764) (6,0,-0.000588346) (7,0,-0.028173) (8,0,0.0189369) (9,0,0.000564423) (10,0,-0.017131) (0,1,0.0397868) (1,1,0.0795775) (2,1,0.0287087) (3,1,0.0355378) (4,1,0.0278053) (11,1,0.0358481) (0,2,0.0284384) (1,2,0.0287087) (2,2,0.0795775) (3,2,0.0380313) (4,2,0.039768) (6,2,0.0282455) (12,2,0.0287544) (16,2,-0.0303509) (17,2,0.00161743) (18,2,-0.0266254) (0,3,0.0353615) (1,3,0.0355378) (2,3,0.0380313) (3,3,0.0795775) (4,3,0.0376344) (7,3,0.0379186) (13,3,0.0360956) (16,3,0.0365724) (19,3,0.0247253) (0,4,0.0275262) (1,4,0.0278053) (2,4,0.039768) (3,4,0.0376344) (4,4,0.0795775) (10,4,0.0377828) (15,4,0.0379606) (21,4,0.0278658) (0,5,0.0284764) (5,5,0.0795775) (6,5,0.0273651) (7,5,-0.000539879) (8,5,0.037993) (9,5,0.0281904) (10,5,0.0128211) (11,5,0.0375883) (12,5,0.0281571) (13,5,0.0272854) (14,5,-0.00124934) (15,5,0.0115724) (0,6,-0.000588346) (2,6,0.0282455) (5,6,0.0273651) (6,6,0.0795775) (7,6,0.0285102) (8,6,0.0347095) (9,6,0.039772) (10,6,0.0361614) (12,6,0.00104271) (16,6,-0.00342455) (17,6,-0.0268525) (18,6,-0.0397258) (0,7,-0.028173) (3,7,0.0379186) (5,7,-0.000539879) (6,7,0.0285102) (7,7,0.0795775) (8,7,0.0113019) (9,7,0.0276942) (10,7,0.037489) (13,7,0.0293271) (16,7,0.0301053) (19,7,0.0141183) (0,8,0.0189369) (5,8,0.037993) (6,8,0.0347095) (7,8,0.0113019) (8,8,0.0795775) (9,8,0.0352585) (10,8,0.0234306) (17,8,0.0377791) (19,8,0.0316572) (20,8,0.0191608) (21,8,0.0185196) (0,9,0.000564423) (5,9,0.0281904) (6,9,0.039772) (7,9,0.0276942) (8,9,0.0352585) (9,9,0.0795775) (10,9,0.0356654) (14,9,0.0289506) (18,9,0.0397739) (20,9,-0.000819374) (0,10,-0.017131) (4,10,0.0377828) (5,10,0.0128211) (6,10,0.0361614) (7,10,0.037489) (8,10,0.0234306) (9,10,0.0356654) (10,10,0.0795775) (15,10,0.0323092) (21,10,0.0175567) (1,11,0.0358481) (5,11,0.0375883) (11,11,0.0795775) (12,11,0.0358194) (13,11,0.0352736) (14,11,0.0118619) (15,11,0.0234169) (2,12,0.0287544) (5,12,0.0281571) (6,12,0.00104271) (11,12,0.0358194) (12,12,0.0795775) (13,12,0.0397702) (14,12,0.0272147) (15,12,0.0350867) (16,12,-0.0397172) (17,12,0.0286476) (18,12,0.001195) (3,13,0.0360956) (5,13,0.0272854) (7,13,0.0293271) (11,13,0.0352736) (12,13,0.0397702) (13,13,0.0795775) (14,13,0.0280885) (15,13,0.0356434) (16,13,0.0397715) (19,13,0.0355463) (5,14,-0.00124934) (9,14,0.0289506) (11,14,0.0118619) (12,14,0.0272147) (13,14,0.0280885) (14,14,0.0795775) (15,14,0.0376865) (18,14,0.0281955) (20,14,0.0266928) (4,15,0.0379606) (5,15,0.0115724) (10,15,0.0323092) (11,15,0.0234169) (12,15,0.0350867) (13,15,0.0356434) (14,15,0.0376865) (15,15,0.0795775) (21,15,0.0350955) (2,16,-0.0303509) (3,16,0.0365724) (6,16,-0.00342455) (7,16,0.0301053) (12,16,-0.0397172) (13,16,0.0397715) (16,16,0.0795775) (17,16,-0.0269412) (18,16,0.0011906) (19,16,0.0350051) (2,17,0.00161743) (6,17,-0.0268525) (8,17,0.0377791) (12,17,0.0286476) (16,17,-0.0269412) (17,17,0.0795775) (18,17,0.0284606) (19,17,0.0376216) (20,17,0.0291353) (21,17,0.0286347) (2,18,-0.0266254) (6,18,-0.0397258) (9,18,0.0397739) (12,18,0.001195) (14,18,0.0281955) (16,18,0.0011906) (17,18,0.0284606) (18,18,0.0795775) (20,18,-0.00190391) (3,19,0.0247253) (7,19,0.0141183) (8,19,0.0316572) (13,19,0.0355463) (16,19,0.0350051) (17,19,0.0376216) (19,19,0.0795775) (20,19,0.0363693) (21,19,0.0360679) (8,20,0.0191608) (9,20,-0.000819374) (14,20,0.0266928) (17,20,0.0291353) (18,20,-0.00190391) (19,20,0.0363693) (20,20,0.0795775) (21,20,0.0397821) (4,21,0.0278658) (8,21,0.0185196) (10,21,0.0175567) (15,21,0.0350955) (17,21,0.0286347) (19,21,0.0360679) (20,21,0.0397821) (21,21,0.0795775) 
Minv:
size: 27 27
(0,0,0.0397887) (1,1,0.0397887) (2,2,0.0795775) (3,3,0.0397887) (4,4,0.0397887) (5,5,0.0795775) (6,6,0.0397887) (7,7,0.0397887) (8,8,0.0795775) (9,9,0.0397887) (10,10,0.0397887) (11,11,0.0795775) (12,12,0.0397887) (13,13,0.0397887) (14,14,0.0795775) (15,15,0.0397887) (16,16,0.0397887) (17,17,0.0795775) (18,18,0.0397887) (19,19,0.0397887) (20,20,0.0795775) (21,21,0.0397887) (22,22,0.0397887) (23,23,0.0795775) (24,24,0.0397887) (25,25,0.0397887) (26,26,0.0795775) 
v0:
size: 27 1
(0,0,0.0242815) (1,0,0.681651) (2,0,0) (3,0,0.906037) (4,0,-0.955909) (5,0,0) (6,0,-0.902647) (7,0,-0.596584) (8,0,0) (9,0,0.278114) (10,0,0.487904) (11,0,0) (12,0,0.697157) (13,0,-0.525681) (14,0,0) (15,0,-0.676393) (16,0,-0.754621) (17,0,0) (18,0,0.936997) (19,0,0.977559) (20,0,0) (21,0,0.565153) (22,0,-0.260637) (23,0,0) (24,0,0.210678) (25,0,0.362144) (26,0,0) 
ipopt_sol:
size: 22 1
(0,0,46.8287) (1,0,8.22737) (2,0,7.01472e-08) (3,0,2.17312e-07) (4,0,5.87063e-08) (5,0,12.1568) (6,0,1.02576e-07) (7,0,38.0862) (8,0,9.79274e-08) (9,0,1.01498e-07) (10,0,1.1098e-07) (11,0,1.22772e-07) (12,0,22.31) (13,0,1.80705e-06) (14,0,1.05838e-07) (15,0,1.32471e-07) (16,0,5.56386) (17,0,5.01584) (18,0,1.8726) (19,0,3.17408e-07) (20,0,28.9638) (21,0,9.79541e-07) 
policy_sol:
size: 22 1
(0,0,47.1366) (1,0,8.0734) (2,0,0) (3,0,0) (4,0,0) (5,0,21.9268) (6,0,-24.445) (7,0,49.1243) (8,0,0) (9,0,0) (10,0,0) (11,0,0) (12,0,18.3557) (13,0,0) (14,0,0) (15,0,0) (16,0,0) (17,0,0) (18,0,-8.35362) (19,0,0) (20,0,30.6533) (21,0,-0.195547) 

policy_converges:
0
