Git Revision:     3cfe7dc3fe6810e9e399640d632720aa3564fe80
Build Mode:       Debug
C Compiler:       /usr/bin/cc
C++ Compiler:     /usr/bin/c++
Fortran Compiler: gfortran
Body count: 9
No end time specified. Simulation will run indefinitely.
N:
size: 27 13
(0,0,0.012727) (1,0,-0.999919) (3,0,-0.012727) (4,0,0.999919) (0,1,-0.422479) (1,1,-0.906373) (15,1,0.422479) (16,1,0.906373) (3,2,-0.70849) (4,2,0.70572) (9,2,0.70849) (10,2,-0.70572) (3,3,-0.900482) (4,3,0.434894) (18,3,0.900482) (19,3,-0.434894) (6,4,-0.417177) (7,4,0.908825) (9,4,0.417177) (10,4,-0.908825) (9,5,0.0125018) (10,5,-0.999922) (12,5,-0.0125018) (13,5,0.999922) (9,6,0.00247048) (10,6,-0.999997) (15,6,-0.00247048) (16,6,0.999997) (9,7,-0.676056) (10,7,-0.73685) (21,7,0.676056) (22,7,0.73685) (12,8,-0.00707048) (13,8,-0.999975) (15,8,0.00707048) (16,8,0.999975) (12,9,-0.717919) (13,9,0.696126) (18,9,0.717919) (19,9,-0.696126) (12,10,-0.99815) (13,10,-0.0607956) (21,10,0.99815) (22,10,0.0607956) (15,11,-0.442423) (16,11,0.896807) (18,11,0.442423) (19,11,-0.896807) (18,12,0.0227479) (19,12,-0.999741) (21,12,-0.0227479) (22,12,0.999741) 
Q:
size: 13 13
(0,0,0.0795775) (1,0,0.0358466) (2,0,0.0284362) (3,0,0.0177585) (0,1,0.0358466) (1,1,0.0795775) (6,1,0.0360218) (8,1,0.0361814) (11,1,0.0249048) (0,2,0.0284362) (2,2,0.0795775) (3,2,0.0375962) (4,2,0.0372798) (5,2,0.02843) (6,2,0.0281493) (7,2,0.00163258) (0,3,0.0177585) (2,3,0.0375962) (3,3,0.0795775) (9,3,0.037768) (11,3,0.0313698) (12,3,0.0181144) (2,4,0.0372798) (4,4,0.0795775) (5,4,0.0363657) (6,4,0.0362019) (7,4,0.0154234) (2,5,0.02843) (4,5,0.0363657) (5,5,0.0795775) (6,5,0.0397867) (7,5,0.0289798) (8,5,-0.0397811) (9,5,0.0280529) (10,5,-0.00192228) (1,6,0.0360218) (2,6,0.0281493) (4,6,0.0362019) (5,6,0.0397867) (6,6,0.0795775) (7,6,0.0292518) (8,6,0.0397869) (11,6,0.0357262) (2,7,0.00163258) (4,7,0.0154234) (5,7,0.0289798) (6,7,0.0292518) (7,7,0.0795775) (10,7,0.0286321) (12,7,0.0286989) (1,8,0.0361814) (5,8,-0.0397811) (6,8,0.0397869) (8,8,0.0795775) (9,8,-0.0274953) (10,8,0.00269972) (11,8,0.0355574) (3,9,0.037768) (5,9,0.0280529) (8,9,-0.0274953) (9,9,0.0795775) (10,9,0.0268283) (11,9,0.0374776) (12,9,0.0283406) (5,10,-0.00192228) (7,10,0.0286321) (8,10,0.00269972) (9,10,0.0268283) (10,10,0.0795775) (12,10,0.00151492) (1,11,0.0249048) (3,11,0.0313698) (6,11,0.0357262) (8,11,0.0355574) (9,11,0.0374776) (11,11,0.0795775) (12,11,0.036074) (3,12,0.0181144) (7,12,0.0286989) (9,12,0.0283406) (10,12,0.00151492) (11,12,0.036074) (12,12,0.0795775) 
Minv:
size: 27 27
(0,0,0.0397887) (1,1,0.0397887) (2,2,0.0795775) (3,3,0.0397887) (4,4,0.0397887) (5,5,0.0795775) (6,6,0.0397887) (7,7,0.0397887) (8,8,0.0795775) (9,9,0.0397887) (10,10,0.0397887) (11,11,0.0795775) (12,12,0.0397887) (13,13,0.0397887) (14,14,0.0795775) (15,15,0.0397887) (16,16,0.0397887) (17,17,0.0795775) (18,18,0.0397887) (19,19,0.0397887) (20,20,0.0795775) (21,21,0.0397887) (22,22,0.0397887) (23,23,0.0795775) (24,24,0.0397887) (25,25,0.0397887) (26,26,0.0795775) 
v0:
size: 27 1
(0,0,-0.126361) (1,0,-0.0317038) (2,0,0) (3,0,0.772947) (4,0,-0.885402) (5,0,0) (6,0,-0.374205) (7,0,0.32186) (8,0,0) (9,0,0.335199) (10,0,0.671406) (11,0,0) (12,0,0.946952) (13,0,-0.108033) (14,0,0) (15,0,0.586246) (16,0,-0.555253) (17,0,0) (18,0,0.490233) (19,0,0.731027) (20,0,0) (21,0,0.778522) (22,0,-0.833608) (23,0,0) (24,0,0.646896) (25,0,0.980219) (26,0,0) 
ipopt_sol:
size: 13 1
(0,0,13.3117) (1,0,7.67253e-08) (2,0,23.5911) (3,0,2.89895e-07) (4,0,4.84772e-08) (5,0,19.7599) (6,0,1.79994e-05) (7,0,1.50266e-05) (8,0,25.3689) (9,0,12.1372) (10,0,0.189534) (11,0,3.80131e-07) (12,0,35.1521) 
policy_sol:
size: 13 1
(0,0,13.3117) (1,0,0) (2,0,23.5911) (3,0,0) (4,0,0) (5,0,19.7599) (6,0,0) (7,0,0) (8,0,25.3689) (9,0,12.1372) (10,0,0.189535) (11,0,0) (12,0,35.1521) 

policy_converges:
1
