Git Revision:     18345a57b34405566a64d0bf3d2a118f1cdbade3
Build Mode:       Debug
C Compiler:       /usr/bin/cc
C++ Compiler:     /usr/bin/c++
Fortran Compiler: gfortran
Body count: 9
No end time specified. Simulation will run indefinitely.
N:
size: 27 16
(0,0,-0.0338207) (1,0,-0.999428) (3,0,0.0338207) (4,0,0.999428) (3,1,-0.691069) (4,1,0.722789) (9,1,0.691069) (10,1,-0.722789) (3,2,-0.893884) (4,2,0.448298) (18,2,0.893884) (19,2,-0.448298) (6,3,-0.43456) (7,3,0.900643) (9,3,0.43456) (10,3,-0.900643) (9,4,-0.0106012) (10,4,-0.999944) (12,4,0.0106012) (13,4,0.999944) (9,5,-0.0189076) (10,5,-0.999821) (15,5,0.0189076) (16,5,0.999821) (9,6,-0.999999) (10,6,0.00134575) (18,6,0.999999) (19,6,-0.00134575) (9,7,-0.732272) (10,7,-0.681013) (21,7,0.732272) (22,7,0.681013) (9,8,-0.467165) (10,8,-0.88417) (24,8,0.467165) (25,8,0.88417) (12,9,-0.0270516) (13,9,-0.999634) (15,9,0.0270516) (16,9,0.999634) (12,10,-0.999115) (13,10,0.0420704) (21,10,0.999115) (22,10,-0.0420704) (12,11,-0.720114) (13,11,-0.693856) (24,11,0.720114) (25,11,0.693856) (15,12,-0.452813) (16,12,0.891605) (18,12,0.452813) (19,12,-0.891605) (15,13,-0.682113) (16,13,0.731247) (21,13,0.682113) (22,13,-0.731247) (15,14,-0.999995) (16,14,0.00310475) (24,14,0.999995) (25,14,-0.00310475) (21,15,-0.0341343) (22,15,-0.999417) (24,15,0.0341343) (25,15,0.999417) 
Q:
size: 16 16
(0,0,0.0795775) (1,0,0.0278124) (2,0,0.0166241) (0,1,0.0278124) (1,1,0.0795775) (2,1,0.0374715) (3,1,0.0378504) (4,1,0.0284657) (5,1,0.0282338) (6,1,-0.0275354) (7,1,-0.000549968) (8,1,0.0125822) (0,2,0.0166241) (1,2,0.0374715) (2,2,0.0795775) (6,2,0.0355905) (12,2,0.0320087) (1,3,0.0378504) (3,3,0.0795775) (4,3,0.0356501) (5,3,0.0355021) (6,3,-0.0173388) (7,3,0.011743) (8,3,0.0236071) (1,4,0.0284657) (3,4,0.0356501) (4,4,0.0795775) (5,4,0.0397874) (6,4,0.000368267) (7,4,0.027404) (8,4,0.0353751) (9,4,-0.0397834) (10,4,0.0012524) (11,4,-0.0279099) (1,5,0.0282338) (3,5,0.0355021) (4,5,0.0397874) (5,5,0.0795775) (6,5,0.000698772) (7,5,0.0276427) (8,5,0.0355252) (9,5,0.0397874) (12,5,0.0351289) (13,5,0.028577) (14,5,-0.000628793) (1,6,-0.0275354) (2,6,0.0355905) (3,6,-0.0173388) (4,6,0.000368267) (5,6,0.000698772) (6,6,0.0795775) (7,6,0.0290997) (8,6,0.0185406) (12,6,0.0180646) (1,7,-0.000549968) (3,7,0.011743) (4,7,0.027404) (5,7,0.0276427) (6,7,0.0290997) (7,7,0.0795775) (8,7,0.0375694) (10,7,0.0279704) (13,7,5.9809e-05) (15,7,-0.0280754) (1,8,0.0125822) (3,8,0.0236071) (4,8,0.0353751) (5,8,0.0355252) (6,8,0.0185406) (7,8,0.0375694) (8,8,0.0795775) (11,8,0.0377953) (14,8,0.0184786) (15,8,0.035794) (4,9,-0.0397834) (5,9,0.0397874) (9,9,0.0795775) (10,9,-0.000597917) (11,9,0.0283726) (12,9,0.0349755) (13,9,0.0283506) (14,9,-0.000952857) (4,10,0.0012524) (7,10,0.0279704) (9,10,-0.000597917) (10,10,0.0795775) (11,10,0.0274656) (13,10,0.0283404) (15,10,0.000315994) (4,11,-0.0279099) (8,11,0.0377953) (9,11,0.0283726) (10,11,0.0274656) (11,11,0.0795775) (14,11,0.0285666) (15,11,0.0285696) (2,12,0.0320087) (5,12,0.0351289) (6,12,0.0180646) (9,12,0.0349755) (12,12,0.0795775) (13,12,0.0382311) (14,12,0.0181269) (5,13,0.028577) (7,13,5.9809e-05) (9,13,0.0283506) (10,13,0.0283404) (12,13,0.0382311) (13,13,0.0795775) (14,13,0.0272306) (15,13,0.028152) (5,14,-0.000628793) (8,14,0.0184786) (9,14,-0.000952857) (11,14,0.0285666) (12,14,0.0181269) (13,14,0.0272306) (14,14,0.0795775) (15,14,0.00123469) (7,15,-0.0280754) (8,15,0.035794) (10,15,0.000315994) (11,15,0.0285696) (13,15,0.028152) (14,15,0.00123469) (15,15,0.0795775) 
Minv:
size: 27 27
(0,0,0.0397887) (1,1,0.0397887) (2,2,0.0795775) (3,3,0.0397887) (4,4,0.0397887) (5,5,0.0795775) (6,6,0.0397887) (7,7,0.0397887) (8,8,0.0795775) (9,9,0.0397887) (10,10,0.0397887) (11,11,0.0795775) (12,12,0.0397887) (13,13,0.0397887) (14,14,0.0795775) (15,15,0.0397887) (16,16,0.0397887) (17,17,0.0795775) (18,18,0.0397887) (19,19,0.0397887) (20,20,0.0795775) (21,21,0.0397887) (22,22,0.0397887) (23,23,0.0795775) (24,24,0.0397887) (25,25,0.0397887) (26,26,0.0795775) 
v0:
size: 27 1
(0,0,-0.451562) (1,0,-0.576339) (2,0,0) (3,0,-0.224766) (4,0,-0.965786) (5,0,0) (6,0,-0.542505) (7,0,0.17105) (8,0,0) (9,0,0.394873) (10,0,0.984991) (11,0,0) (12,0,0.720897) (13,0,0.779327) (14,0,0) (15,0,0.64393) (16,0,-0.859943) (17,0,0) (18,0,-0.223929) (19,0,-0.480199) (20,0,0) (21,0,-0.108904) (22,0,0.111846) (23,0,0) (24,0,0.427369) (25,0,-0.294521) (26,0,0) 
ipopt_sol:
size: 16 1
(0,0,0.658888) (1,0,25.5524) (2,0,6.13474e-08) (3,0,1.23674e-07) (4,0,8.71895) (5,0,7.27871) (6,0,20.781) (7,0,7.7067) (8,0,2.75061) (9,0,39.9288) (10,0,15.3912) (11,0,1.91089) (12,0,1.06265e-07) (13,0,4.20804) (14,0,3.11905) (15,0,8.94463) 
policy_sol:
size: 16 1
(0,0,0.658886) (1,0,25.5524) (2,0,0) (3,0,0) (4,0,0) (5,0,13.1357) (6,0,20.781) (7,0,3.5967) (8,0,9.15375) (9,0,32.5959) (10,0,16.8746) (11,0,0) (12,0,0) (13,0,6.23029) (14,0,1.65201) (15,0,4.60197) 

policy_converges:
1
ipopt_converges:
1
