solve status: 0
N:
size: 27 12
(0,0,-0.0432437) (1,0,-0.999065) (3,0,0.0432437) (4,0,0.999065) (0,1,-0.0334954) (1,1,-0.999439) (6,1,0.0334954) (7,1,0.999439) (0,2,-0.999928) (1,2,0.0120247) (9,2,0.999928) (10,2,-0.0120247) (0,3,-0.714583) (1,3,-0.699551) (12,3,0.714583) (13,3,0.699551) (0,4,-0.470977) (1,4,-0.882145) (15,4,0.470977) (16,4,0.882145) (0,5,-0.999935) (1,5,0.0114452) (18,5,0.999935) (19,5,-0.0114452) (3,6,-0.999468) (4,6,0.0326221) (12,6,0.999468) (13,6,-0.0326221) (6,7,-0.686139) (7,7,0.72747) (12,7,0.686139) (13,7,-0.72747) (6,8,-0.999903) (7,8,0.0139194) (15,8,0.999903) (16,8,-0.0139194) (6,9,-0.999662) (7,9,-0.0259959) (24,9,0.999662) (25,9,0.0259959) (9,10,-0.999941) (10,10,0.0108873) (18,10,0.999941) (19,10,-0.0108873) (21,11,0.0352883) (22,11,-0.999377) (24,11,-0.0352883) (25,11,0.999377) 
Q:
size: 12 12
(0,0,0.0795775) (1,0,0.0397868) (2,0,0.00124249) (3,0,0.0290377) (4,0,0.035877) (5,0,0.00126554) (6,0,-0.000422917) (0,1,0.0397868) (1,1,0.0795775) (2,1,0.000854461) (3,1,0.028771) (4,1,0.0357074) (5,1,0.000877516) (7,1,0.0280144) (8,1,-0.000779083) (9,1,-0.00236605) (0,2,0.00124249) (1,2,0.000854461) (2,2,0.0795775) (3,2,0.0280956) (4,2,0.0183162) (5,2,0.0397887) (10,2,-0.0397887) (0,3,0.0290377) (1,3,0.028771) (2,3,0.0280956) (3,3,0.0795775) (4,3,0.0379448) (5,3,0.0281119) (6,3,0.0275092) (7,3,-0.000740026) (0,4,0.035877) (1,4,0.0357074) (2,4,0.0183162) (3,4,0.0379448) (4,4,0.0795775) (5,4,0.0183366) (8,4,0.0182492) (0,5,0.00126554) (1,5,0.000877516) (2,5,0.0397887) (3,5,0.0281119) (4,5,0.0183366) (5,5,0.0795775) (10,5,0.0397887) (0,6,-0.000422917) (3,6,0.0275092) (6,6,0.0795775) (7,6,0.0282303) (1,7,0.0280144) (3,7,-0.000740026) (6,7,0.0282303) (7,7,0.0795775) (8,7,0.0277009) (9,7,0.0265389) (1,8,-0.000779083) (4,8,0.0182492) (7,8,0.0277009) (8,8,0.0795775) (9,8,0.039757) (1,9,-0.00236605) (7,9,0.0265389) (8,9,0.039757) (9,9,0.0795775) (11,9,-0.000369902) (2,10,-0.0397887) (5,10,0.0397887) (10,10,0.0795775) (9,11,-0.000369902) (11,11,0.0795775) 
Minv:
size: 27 27
(0,0,0.0397887) (1,1,0.0397887) (2,2,0.0795775) (3,3,0.0397887) (4,4,0.0397887) (5,5,0.0795775) (6,6,0.0397887) (7,7,0.0397887) (8,8,0.0795775) (9,9,0.0397887) (10,10,0.0397887) (11,11,0.0795775) (12,12,0.0397887) (13,13,0.0397887) (14,14,0.0795775) (15,15,0.0397887) (16,16,0.0397887) (17,17,0.0795775) (18,18,0.0397887) (19,19,0.0397887) (20,20,0.0795775) (21,21,0.0397887) (22,22,0.0397887) (23,23,0.0795775) (24,24,0.0397887) (25,25,0.0397887) (26,26,0.0795775) 
v0:
size: 27 1
(0,0,0.4075) (1,0,-0.505317) (2,0,0) (3,0,-0.192045) (4,0,-0.593492) (5,0,0) (6,0,-0.141142) (7,0,-0.592) (8,0,0) (9,0,0.385685) (10,0,-0.679097) (11,0,0) (12,0,-0.926879) (13,0,-0.489373) (14,0,0) (15,0,-0.846081) (16,0,0.129674) (17,0,0) (18,0,0.179648) (19,0,-0.76641) (20,0,0) (21,0,0.839769) (22,0,0.343243) (23,0,0) (24,0,-0.235141) (25,0,0.241757) (26,0,0) 
ipopt_sol:
size: 12 1
(0,0,0) (1,0,0) (2,0,0) (3,0,20.6772) (4,0,0) (5,0,0) (6,0,8.8891) (7,0,7.06663) (8,0,15.5079) (9,0,0) (10,0,5.15409) (11,0,1.59568) 
policy_sol:
size: 12 1
(0,0,0) (1,0,0) (2,0,0) (3,0,20.6772) (4,0,0) (5,0,0) (6,0,8.8891) (7,0,7.06663) (8,0,15.5079) (9,0,0) (10,0,5.15409) (11,0,1.59568) 

policy_converges:
1
ipopt_converges:
0
