Git Revision:     3cfe7dc3fe6810e9e399640d632720aa3564fe80
Build Mode:       Debug
C Compiler:       /usr/bin/cc
C++ Compiler:     /usr/bin/c++
Fortran Compiler: gfortran
Body count: 9
No end time specified. Simulation will run indefinitely.
N:
size: 27 20
(0,0,0.0387801) (1,0,-0.999248) (3,0,-0.0387801) (4,0,0.999248) (0,1,0.0205472) (1,1,-0.999789) (6,1,-0.0205472) (7,1,0.999789) (0,2,-0.997309) (1,2,0.0733186) (9,2,0.997309) (10,2,-0.0733186) (0,3,-0.439943) (1,3,-0.898026) (15,3,0.439943) (16,3,0.898026) (0,4,-0.999897) (1,4,0.0143355) (18,4,0.999897) (19,4,-0.0143355) (0,5,-0.890629) (1,5,-0.454731) (21,5,0.890629) (22,5,0.454731) (0,6,-0.712963) (1,6,-0.701202) (24,6,0.712963) (25,6,0.701202) (3,7,-0.691572) (4,7,0.722308) (9,7,0.691572) (10,7,-0.722308) (3,8,-0.999686) (4,8,-0.0250565) (12,8,0.999686) (13,8,0.0250565) (3,9,-0.706053) (4,9,-0.708159) (15,9,0.706053) (16,9,0.708159) (3,10,-0.891636) (4,10,0.452753) (18,10,0.891636) (19,10,-0.452753) (3,11,-0.999897) (4,11,-0.0143448) (21,11,0.999897) (22,11,0.0143448) (3,12,-0.898665) (4,12,-0.438635) (24,12,0.898665) (25,12,0.438635) (6,13,-0.999739) (7,13,0.0228534) (15,13,0.999739) (16,13,-0.0228534) (6,14,-0.893118) (7,14,0.449823) (21,14,0.893118) (22,14,-0.449823) (12,15,0.00546045) (13,15,-0.999985) (15,15,-0.00546045) (16,15,0.999985) (12,16,-0.999995) (13,16,-0.00325806) (21,16,0.999995) (22,16,0.00325806) (12,17,-0.725479) (13,17,-0.688244) (24,17,0.725479) (25,17,0.688244) (15,18,-0.708012) (16,18,0.706201) (21,18,0.708012) (22,18,-0.706201) (21,19,-0.0406812) (22,19,-0.999172) (24,19,0.0406812) (25,19,0.999172) 
Q:
size: 20 20
(0,0,0.0795775) (1,0,0.0397821) (2,0,-0.00445392) (3,0,0.0350256) (4,0,-0.00211281) (5,0,0.0167053) (6,0,0.0267788) (7,0,0.0297852) (8,0,0.000546311) (9,0,-0.0270661) (10,0,0.0193767) (11,0,0.00097252) (12,0,-0.0160529) (0,1,0.0397821) (1,1,0.0795775) (2,1,-0.00373198) (3,1,0.0353641) (4,1,-0.00138773) (5,1,0.0173612) (6,1,0.0273112) (13,1,0.00172645) (14,1,0.0186243) (0,2,-0.00445392) (1,2,-0.00373198) (2,2,0.0795775) (3,2,0.0148379) (4,2,0.0397194) (5,2,0.034015) (6,2,0.026246) (7,2,0.0295499) (0,3,0.0350256) (1,3,0.0353641) (2,3,0.0148379) (3,3,0.0795775) (4,3,0.0169908) (5,3,0.0318384) (6,3,0.0375351) (9,3,0.0376627) (13,3,0.0166836) (15,3,0.0356352) (18,3,0.0128399) (0,4,-0.00211281) (1,4,-0.00138773) (2,4,0.0397194) (3,4,0.0169908) (4,4,0.0795775) (5,4,0.035174) (6,4,0.027965) (10,4,0.0357317) (0,5,0.0167053) (1,5,0.0173612) (2,5,0.034015) (3,5,0.0318384) (4,5,0.035174) (5,5,0.0795775) (6,5,0.0379522) (11,5,0.0356929) (14,5,0.0235107) (16,5,0.0354957) (18,5,0.0123124) (19,5,-0.0195198) (0,6,0.0267788) (1,6,0.0273112) (2,6,0.026246) (3,6,0.0375351) (4,6,0.027965) (5,6,0.0379522) (6,6,0.0795775) (12,6,0.0377311) (17,6,0.0397823) (19,6,0.0290309) (0,7,0.0297852) (2,7,0.0295499) (7,7,0.0795775) (8,7,0.026788) (9,7,-0.000923993) (10,7,0.0375469) (11,7,0.0271017) (12,7,0.0121221) (0,8,0.000546311) (7,8,0.026788) (8,8,0.0795775) (9,8,0.0287901) (10,8,0.0350145) (11,8,0.0397865) (12,8,0.0361828) (15,8,-0.000779754) (16,8,-0.0397793) (17,8,-0.029543) (0,9,-0.0270661) (3,9,0.0376627) (7,9,-0.000923993) (8,9,0.0287901) (9,9,0.0795775) (10,9,0.0122916) (11,9,0.0284942) (12,9,0.0376055) (13,9,0.0274417) (15,9,0.0280229) (18,9,8.30445e-06) (0,10,0.0193767) (4,10,0.0357317) (7,10,0.0375469) (8,10,0.0350145) (9,10,0.0122916) (10,10,0.0795775) (11,10,0.035215) (12,10,0.0239802) (0,11,0.00097252) (5,11,0.0356929) (7,11,0.0271017) (8,11,0.0397865) (9,11,0.0284942) (10,11,0.035215) (11,11,0.0795775) (12,11,0.0360034) (14,11,0.0352756) (16,11,0.0397863) (18,11,0.0277649) (19,11,-0.00218878) (0,12,-0.0160529) (6,12,0.0377311) (7,12,0.0121221) (8,12,0.0361828) (9,12,0.0376055) (10,12,0.0239802) (11,12,0.0360034) (12,12,0.0795775) (17,12,0.0379525) (19,12,0.0188929) (1,13,0.00172645) (3,13,0.0166836) (9,13,0.0274417) (13,13,0.0795775) (14,13,0.0359358) (15,13,-0.0011265) (18,13,-0.0288057) (1,14,0.0186243) (5,14,0.0235107) (11,14,0.0352756) (13,14,0.0359358) (14,14,0.0795775) (16,14,0.0354775) (18,14,0.0377994) (19,14,0.0164374) (3,15,0.0356352) (8,15,-0.000779754) (9,15,0.0280229) (13,15,-0.0011265) (15,15,0.0795775) (16,15,-8.76309e-05) (17,15,0.0272263) (18,15,0.0282522) (5,16,0.0354957) (8,16,-0.0397793) (11,16,0.0397863) (14,16,0.0354775) (15,16,-8.76309e-05) (16,16,0.0795775) (17,16,0.028955) (18,16,0.0280792) (19,16,-0.00174817) (6,17,0.0397823) (8,17,-0.029543) (12,17,0.0379525) (15,17,0.0272263) (16,17,0.028955) (17,17,0.0795775) (19,17,0.028536) (3,18,0.0128399) (5,18,0.0123124) (9,18,8.30445e-06) (11,18,0.0277649) (13,18,-0.0288057) (14,18,0.0377994) (15,18,0.0282522) (16,18,0.0280792) (18,18,0.0795775) (19,18,0.0269295) (5,19,-0.0195198) (6,19,0.0290309) (11,19,-0.00218878) (12,19,0.0188929) (14,19,0.0164374) (16,19,-0.00174817) (17,19,0.028536) (18,19,0.0269295) (19,19,0.0795775) 
Minv:
size: 27 27
(0,0,0.0397887) (1,1,0.0397887) (2,2,0.0795775) (3,3,0.0397887) (4,4,0.0397887) (5,5,0.0795775) (6,6,0.0397887) (7,7,0.0397887) (8,8,0.0795775) (9,9,0.0397887) (10,10,0.0397887) (11,11,0.0795775) (12,12,0.0397887) (13,13,0.0397887) (14,14,0.0795775) (15,15,0.0397887) (16,16,0.0397887) (17,17,0.0795775) (18,18,0.0397887) (19,19,0.0397887) (20,20,0.0795775) (21,21,0.0397887) (22,22,0.0397887) (23,23,0.0795775) (24,24,0.0397887) (25,25,0.0397887) (26,26,0.0795775) 
v0:
size: 27 1
(0,0,0.167522) (1,0,0.0174478) (2,0,0) (3,0,0.860568) (4,0,-0.171332) (5,0,0) (6,0,-0.685338) (7,0,-0.00543822) (8,0,0) (9,0,-0.332362) (10,0,-0.353775) (11,0,0) (12,0,0.467709) (13,0,0.842877) (14,0,0) (15,0,-0.965745) (16,0,-0.00555025) (17,0,0) (18,0,-0.258675) (19,0,-0.494719) (20,0,0) (21,0,-0.573578) (22,0,0.724111) (23,0,0) (24,0,-0.245175) (25,0,-0.113917) (26,0,0) 
ipopt_sol:
size: 20 1
(0,0,13.0112) (1,0,1.8643e-07) (2,0,10.2197) (3,0,1.10575e-07) (4,0,4.54026) (5,0,9.66992e-08) (6,0,6.89477e-08) (7,0,0.236892) (8,0,6.12835e-06) (9,0,23.3064) (10,0,2.7396) (11,0,22.0179) (12,0,1.44509e-07) (13,0,1.26232e-06) (14,0,9.4788e-08) (15,0,6.452) (16,0,8.6144) (17,0,18.9295) (18,0,8.50103e-08) (19,0,14.7156) 
policy_sol:
size: 20 1
(0,0,13.0112) (1,0,0) (2,0,10.2197) (3,0,0) (4,0,4.54022) (5,0,0) (6,0,0) (7,0,0.236837) (8,0,0) (9,0,23.3064) (10,0,2.73964) (11,0,22.018) (12,0,0) (13,0,0) (14,0,0) (15,0,6.45201) (16,0,8.61439) (17,0,18.9295) (18,0,0) (19,0,14.7156) 

policy_converges:
1
