Git Revision:     3cfe7dc3fe6810e9e399640d632720aa3564fe80
Build Mode:       Debug
C Compiler:       /usr/bin/cc
C++ Compiler:     /usr/bin/c++
Fortran Compiler: gfortran
Body count: 9
No end time specified. Simulation will run indefinitely.
N:
size: 27 21
(0,0,-0.457163) (1,0,-0.889383) (15,0,0.457163) (16,0,0.889383) (3,1,-0.0412225) (4,1,-0.99915) (6,1,0.0412225) (7,1,0.99915) (3,2,-0.728113) (4,2,0.685457) (9,2,0.728113) (10,2,-0.685457) (3,3,-0.723339) (4,3,-0.690493) (15,3,0.723339) (16,3,0.690493) (3,4,-0.999884) (4,4,0.0152084) (21,4,0.999884) (22,4,-0.0152084) (3,5,-0.895103) (4,5,-0.445859) (24,5,0.895103) (25,5,0.445859) (6,6,-0.449066) (7,6,0.893499) (9,6,0.449066) (10,6,-0.893499) (6,7,-0.721458) (7,7,0.692459) (12,7,0.721458) (13,7,-0.692459) (6,8,-0.999981) (7,8,-0.00617211) (15,8,0.999981) (16,8,0.00617211) (6,9,-0.893099) (7,9,0.44986) (21,9,0.893099) (22,9,-0.44986) (6,10,-0.999834) (7,10,-0.0182422) (24,10,0.999834) (25,10,0.0182422) (9,11,-0.0445089) (10,11,-0.999009) (12,11,0.0445089) (13,11,0.999009) (9,12,-0.011047) (10,12,-0.999939) (15,12,0.011047) (16,12,0.999939) (9,13,-0.747369) (10,13,-0.66441) (21,13,0.747369) (22,13,0.66441) (9,14,-0.463225) (10,14,-0.886241) (24,14,0.463225) (25,14,0.886241) (12,15,0.0217648) (13,15,-0.999763) (15,15,-0.0217648) (16,15,0.999763) (12,16,-0.99927) (13,16,0.0382023) (21,16,0.99927) (22,16,-0.0382023) (12,17,-0.698802) (13,17,-0.715315) (24,17,0.698802) (25,17,0.715315) (15,18,-0.44532) (16,18,0.895372) (18,18,0.44532) (19,18,-0.895372) (15,19,-0.70625) (16,19,0.707962) (21,19,0.70625) (22,19,-0.707962) (15,20,-0.999546) (16,20,-0.030124) (24,20,0.999546) (25,20,0.030124) 
Q:
size: 21 21
(0,0,0.0795775) (3,0,0.0375923) (8,0,0.018408) (12,0,0.0355862) (15,0,0.0349832) (18,0,0.0235846) (19,0,0.0122063) (20,0,-0.0192477) (1,1,0.0795775) (2,1,-0.0260561) (3,1,0.0286369) (4,1,0.00103539) (5,1,0.0191932) (6,1,0.0347844) (7,1,0.0263453) (8,1,-0.00188553) (9,1,0.0164193) (10,1,-0.00236513) (1,2,-0.0260561) (2,2,0.0795775) (3,2,0.00212346) (4,2,0.0293821) (5,2,0.0137716) (6,2,0.0373786) (11,2,0.025957) (12,2,0.0269518) (13,2,-0.00353101) (14,2,0.0107509) (0,3,0.0375923) (1,3,0.0286369) (2,3,0.00212346) (3,3,0.0795775) (4,3,0.0283596) (5,3,0.0380112) (8,3,0.0289498) (12,3,0.0277901) (15,3,0.0268409) (18,3,0.0117827) (19,3,-0.000875937) (20,3,-0.0295953) (1,4,0.00103539) (2,4,0.0293821) (3,4,0.0283596) (4,4,0.0795775) (5,4,0.0353411) (9,4,0.0358034) (13,4,0.0293314) (16,4,0.0397782) (19,4,0.028526) (1,5,0.0191932) (2,5,0.0137716) (3,5,0.0380112) (4,5,0.0353411) (5,5,0.0795775) (10,5,0.0359327) (14,5,0.0322198) (17,5,0.0375777) (20,5,0.0361333) (1,6,0.0347844) (2,6,0.0373786) (6,6,0.0795775) (7,6,0.0375086) (8,6,0.017648) (9,6,0.0319507) (10,6,0.0172162) (11,6,0.0347207) (12,6,0.0353516) (13,6,0.0102668) (14,6,0.0232301) (1,7,0.0263453) (6,7,0.0375086) (7,7,0.0795775) (8,7,0.0285353) (9,7,0.0380318) (10,7,0.0281985) (11,7,-0.0262471) (15,7,0.0281703) (16,7,-0.0297375) (17,7,-0.000351337) (0,8,0.018408) (1,8,-0.00188553) (3,8,0.0289498) (6,8,0.017648) (7,8,0.0285353) (8,8,0.0795775) (9,8,0.0354241) (10,8,0.0397858) (12,8,0.000685102) (15,8,-0.000620453) (18,8,-0.0174985) (19,8,-0.0279264) (20,8,-0.0397773) (1,9,0.0164193) (4,9,0.0358034) (6,9,0.0319507) (7,9,0.0380318) (8,9,0.0354241) (9,9,0.0795775) (10,9,0.0352029) (13,9,0.0146655) (16,9,0.0361931) (19,9,0.0377689) (1,10,-0.00236513) (5,10,0.0359327) (6,10,0.0172162) (7,10,0.0281985) (8,10,0.0397858) (9,10,0.0352029) (10,10,0.0795775) (14,10,0.0190713) (17,10,0.028319) (20,10,0.0397859) (2,11,0.025957) (6,11,0.0347207) (7,11,-0.0262471) (11,11,0.0795775) (12,11,0.0397664) (13,11,0.0277334) (14,11,0.0360478) (15,11,-0.0397013) (16,11,-0.000251145) (17,11,-0.0296708) (0,12,0.0355862) (2,12,0.0269518) (3,12,0.0277901) (6,12,0.0353516) (8,12,0.000685102) (11,12,0.0397664) (12,12,0.0795775) (13,12,0.0267629) (14,12,0.0354639) (15,12,0.0397673) (18,12,0.0354278) (19,12,0.0278568) (20,12,-0.00163787) (2,13,-0.00353101) (4,13,0.0293314) (6,13,0.0102668) (9,13,0.0146655) (11,13,0.0277334) (12,13,0.0267629) (13,13,0.0795775) (14,13,0.0372035) (16,13,0.0287052) (19,13,0.00228595) (2,14,0.0107509) (5,14,0.0322198) (6,14,0.0232301) (10,14,0.0190713) (11,14,0.0360478) (12,14,0.0354639) (13,14,0.0372035) (14,14,0.0795775) (17,14,0.0381034) (20,14,0.019485) (0,15,0.0349832) (3,15,0.0268409) (7,15,0.0281703) (8,15,-0.000620453) (11,15,-0.0397013) (12,15,0.0397673) (15,15,0.0795775) (16,15,-0.00238502) (17,15,0.0278496) (18,15,0.0360029) (19,15,0.0287739) (20,15,-0.000332712) (4,16,0.0397782) (7,16,-0.0297375) (9,16,0.0361931) (11,16,-0.000251145) (13,16,0.0287052) (15,16,-0.00238502) (16,16,0.0795775) (17,16,0.0266969) (19,16,0.0291564) (5,17,0.0375777) (7,17,-0.000351337) (10,17,0.028319) (11,17,-0.0296708) (14,17,0.0381034) (15,17,0.0278496) (16,17,0.0266969) (17,17,0.0795775) (20,17,0.0286492) (0,18,0.0235846) (3,18,0.0117827) (8,18,-0.0174985) (12,18,0.0354278) (15,18,0.0360029) (18,18,0.0795775) (19,18,0.0377355) (20,18,0.0166375) (0,19,0.0122063) (3,19,-0.000875937) (4,19,0.028526) (8,19,-0.0279264) (9,19,0.0377689) (12,19,0.0278568) (13,19,0.00228595) (15,19,0.0287739) (16,19,0.0291564) (18,19,0.0377355) (19,19,0.0795775) (20,19,0.0272395) (0,20,-0.0192477) (3,20,-0.0295953) (5,20,0.0361333) (8,20,-0.0397773) (10,20,0.0397859) (12,20,-0.00163787) (14,20,0.019485) (15,20,-0.000332712) (17,20,0.0286492) (18,20,0.0166375) (19,20,0.0272395) (20,20,0.0795775) 
Minv:
size: 27 27
(0,0,0.0397887) (1,1,0.0397887) (2,2,0.0795775) (3,3,0.0397887) (4,4,0.0397887) (5,5,0.0795775) (6,6,0.0397887) (7,7,0.0397887) (8,8,0.0795775) (9,9,0.0397887) (10,10,0.0397887) (11,11,0.0795775) (12,12,0.0397887) (13,13,0.0397887) (14,14,0.0795775) (15,15,0.0397887) (16,16,0.0397887) (17,17,0.0795775) (18,18,0.0397887) (19,19,0.0397887) (20,20,0.0795775) (21,21,0.0397887) (22,22,0.0397887) (23,23,0.0795775) (24,24,0.0397887) (25,25,0.0397887) (26,26,0.0795775) 
v0:
size: 27 1
(0,0,0.0428725) (1,0,-0.394883) (2,0,0) (3,0,0.0565842) (4,0,0.965294) (5,0,0) (6,0,0.992914) (7,0,0.882327) (8,0,0) (9,0,-0.051528) (10,0,0.948591) (11,0,0) (12,0,0.410598) (13,0,0.400262) (14,0,0) (15,0,0.591677) (16,0,-0.802891) (17,0,0) (18,0,0.723978) (19,0,-0.327948) (20,0,0) (21,0,-0.229753) (22,0,0.560508) (23,0,0) (24,0,-0.567528) (25,0,0.909499) (26,0,0) 
ipopt_sol:
size: 21 1
(0,0,4.86704e-08) (1,0,4.80793e-07) (2,0,1.17112e-07) (3,0,12.451) (4,0,1.13762e-07) (5,0,9.4677e-08) (6,0,1.35353e-07) (7,0,1.28439e-07) (8,0,3.36804e-06) (9,0,1.96409e-07) (10,0,34.9692) (11,0,6.03023e-06) (12,0,30.5465) (13,0,2.63402e-07) (14,0,5.64679e-08) (15,0,3.60367) (16,0,8.6856) (17,0,8.81309e-08) (18,0,4.84443e-08) (19,0,20.902) (20,0,8.46052) 
policy_sol:
size: 21 1
(0,0,0) (1,0,0) (2,0,0) (3,0,12.451) (4,0,0) (5,0,0) (6,0,0) (7,0,0) (8,0,0) (9,0,0) (10,0,34.9692) (11,0,0) (12,0,30.5465) (13,0,0) (14,0,0) (15,0,3.60367) (16,0,8.6856) (17,0,0) (18,0,0) (19,0,20.902) (20,0,8.46052) 

policy_converges:
1
