Git Revision:     3cfe7dc3fe6810e9e399640d632720aa3564fe80
Build Mode:       Debug
C Compiler:       /usr/bin/cc
C++ Compiler:     /usr/bin/c++
Fortran Compiler: gfortran
Body count: 9
No end time specified. Simulation will run indefinitely.
N:
size: 27 10
(3,0,-0.999462) (4,0,0.032797) (12,0,0.999462) (13,0,-0.032797) (3,1,-0.874267) (4,1,0.485446) (18,1,0.874267) (19,1,-0.485446) (3,2,-0.999358) (4,2,0.0358226) (21,2,0.999358) (22,2,-0.0358226) (3,3,-0.901962) (4,3,-0.431816) (24,3,0.901962) (25,3,0.431816) (12,4,0.0410006) (13,4,-0.999159) (15,4,-0.0410006) (16,4,0.999159) (12,5,-0.999243) (13,5,0.038897) (21,5,0.999243) (22,5,-0.038897) (12,6,-0.704075) (13,6,-0.710126) (24,6,0.704075) (25,6,0.710126) (15,7,-0.698673) (16,7,0.715441) (21,7,0.698673) (22,7,-0.715441) (15,8,-0.999297) (16,8,0.0374967) (24,8,0.999297) (25,8,-0.0374967) (18,9,-0.0642633) (19,9,-0.997933) (21,9,0.0642633) (22,9,0.997933) 
Q:
size: 10 10
(0,0,0.0795775) (1,0,0.0354007) (2,0,0.0397886) (3,0,0.0353051) (4,0,0.00293434) (5,0,-0.039788) (6,0,-0.0270725) (0,1,0.0354007) (1,1,0.0795775) (2,1,0.0354556) (3,1,0.023035) (9,1,0.0170399) (0,2,0.0397886) (1,2,0.0354556) (2,2,0.0795775) (3,2,0.0352494) (5,2,0.0397885) (7,2,0.0288012) (9,2,0.00113293) (0,3,0.0353051) (1,3,0.023035) (2,3,0.0352494) (3,3,0.0795775) (6,3,0.0374688) (8,3,0.0352184) (0,4,0.00293434) (4,4,0.0795775) (5,4,-0.00317649) (6,4,0.0270826) (7,4,0.0295824) (8,4,0.00312091) (0,5,-0.039788) (2,5,0.0397885) (4,5,-0.00317649) (5,5,0.0795775) (6,5,0.026894) (7,5,0.0288855) (9,5,0.00101056) (0,6,-0.0270725) (3,6,0.0374688) (4,6,0.0270826) (5,6,0.026894) (6,6,0.0795775) (8,6,0.0269351) (2,7,0.0288012) (4,7,0.0295824) (5,7,0.0288855) (7,7,0.0795775) (8,7,0.0288472) (9,7,-0.0266212) (3,8,0.0352184) (4,8,0.00312091) (6,8,0.0269351) (7,8,0.0288472) (8,8,0.0795775) (1,9,0.0170399) (2,9,0.00113293) (5,9,0.00101056) (7,9,-0.0266212) (9,9,0.0795775) 
Minv:
size: 27 27
(0,0,0.0397887) (1,1,0.0397887) (2,2,0.0795775) (3,3,0.0397887) (4,4,0.0397887) (5,5,0.0795775) (6,6,0.0397887) (7,7,0.0397887) (8,8,0.0795775) (9,9,0.0397887) (10,10,0.0397887) (11,11,0.0795775) (12,12,0.0397887) (13,13,0.0397887) (14,14,0.0795775) (15,15,0.0397887) (16,16,0.0397887) (17,17,0.0795775) (18,18,0.0397887) (19,19,0.0397887) (20,20,0.0795775) (21,21,0.0397887) (22,22,0.0397887) (23,23,0.0795775) (24,24,0.0397887) (25,25,0.0397887) (26,26,0.0795775) 
v0:
size: 27 1
(0,0,-0.833723) (1,0,-0.428965) (2,0,0) (3,0,0.357601) (4,0,0.0295665) (5,0,0) (6,0,-0.487012) (7,0,0.872928) (8,0,0) (9,0,-0.314559) (10,0,-0.63049) (11,0,0) (12,0,0.343152) (13,0,0.910764) (14,0,0) (15,0,0.649138) (16,0,0.58737) (17,0,0) (18,0,0.00865318) (19,0,0.0941041) (20,0,0) (21,0,-0.35537) (22,0,-0.373047) (23,0,0) (24,0,-0.205431) (25,0,0.414205) (26,0,0) 
ipopt_sol:
size: 10 1
(0,0,9.90724e-06) (1,0,2.70729e-06) (2,0,14.1954) (3,0,1.06853e-07) (4,0,5.07259) (5,0,6.3567) (6,0,8.53027) (7,0,8.8979e-08) (8,0,18.2131) (9,0,12.0216) 
policy_sol:
size: 10 1
(0,0,0) (1,0,0) (2,0,14.1955) (3,0,0) (4,0,5.07259) (5,0,6.35669) (6,0,8.53027) (7,0,0) (8,0,18.2131) (9,0,12.0216) 

policy_converges:
1
