Git Revision:     18345a57b34405566a64d0bf3d2a118f1cdbade3
Build Mode:       Debug
C Compiler:       /usr/bin/cc
C++ Compiler:     /usr/bin/c++
Fortran Compiler: gfortran
Body count: 9
No end time specified. Simulation will run indefinitely.
N:
size: 27 20
(0,0,0.0104163) (1,0,-0.999946) (6,0,-0.0104163) (7,0,0.999946) (0,1,-0.681329) (1,1,-0.731978) (12,1,0.681329) (13,1,0.731978) (0,2,-0.99975) (1,2,-0.0223623) (18,2,0.99975) (19,2,0.0223623) (0,3,-0.878354) (1,3,-0.47801) (21,3,0.878354) (22,3,0.47801) (0,4,-0.695131) (1,4,-0.718884) (24,4,0.695131) (25,4,0.718884) (3,5,-0.00161275) (4,5,-0.999999) (6,5,0.00161275) (7,5,0.999999) (3,6,-0.689737) (4,6,0.72406) (9,6,0.689737) (10,6,-0.72406) (6,7,-0.439142) (7,7,0.898418) (9,7,0.439142) (10,7,-0.898418) (6,8,-0.674116) (7,8,0.738625) (12,8,0.674116) (13,8,-0.738625) (6,9,-0.999578) (7,9,0.0290396) (15,9,0.999578) (16,9,-0.0290396) (6,10,-0.708866) (7,10,0.705344) (18,10,0.708866) (19,10,-0.705344) (6,11,-0.892709) (7,11,0.450633) (21,11,0.892709) (22,11,-0.450633) (6,12,-0.999986) (7,12,0.00520566) (24,12,0.999986) (25,12,-0.00520566) (9,13,0.0162768) (10,13,-0.999868) (12,13,-0.0162768) (13,13,0.999868) (9,14,-0.99982) (10,14,0.0189577) (18,14,0.99982) (19,14,-0.0189577) (9,15,-0.707555) (10,15,-0.706658) (21,15,0.707555) (22,15,0.706658) (9,16,-0.459913) (10,16,-0.887964) (24,16,0.459913) (25,16,0.887964) (12,17,-0.707799) (13,17,-0.706414) (24,17,0.707799) (25,17,0.706414) (15,18,-0.999834) (16,18,-0.0182287) (24,18,0.999834) (25,18,0.0182287) (21,19,-0.0287852) (22,19,-0.999586) (24,19,0.0287852) (25,19,0.999586) 
Q:
size: 20 20
(0,0,0.0795775) (1,0,0.0288405) (2,0,0.000475372) (3,0,0.0186544) (4,0,0.0283138) (5,0,0.0397859) (7,0,0.035927) (8,0,0.0296668) (9,0,0.00156966) (10,0,0.028357) (11,0,0.0182991) (12,0,0.000621562) (0,1,0.0288405) (1,1,0.0795775) (2,1,0.0277537) (3,1,0.0377333) (4,1,0.0397815) (8,1,-0.00323731) (13,1,0.0286794) (17,1,-0.0397618) (0,2,0.000475372) (1,2,0.0277537) (2,2,0.0795775) (3,2,0.0353652) (4,2,0.0282911) (10,2,0.0275702) (14,2,0.0397548) (0,3,0.0186544) (1,3,0.0377333) (2,3,0.0353652) (3,3,0.0795775) (4,3,0.0379666) (11,3,0.0226282) (15,3,0.0381683) (19,3,-0.0200175) (0,4,0.0283138) (1,4,0.0397815) (2,4,0.0282911) (3,4,0.0379666) (4,4,0.0795775) (12,4,0.0275091) (16,4,0.0381193) (17,4,0.0397824) (18,4,0.0281752) (19,4,0.0293878) (0,5,0.0397859) (5,5,0.0795775) (6,5,-0.0287651) (7,5,0.0357187) (8,5,0.0293457) (9,5,0.0010913) (10,5,0.0280192) (11,5,0.0178728) (12,5,0.000142958) (5,6,-0.0287651) (6,6,0.0795775) (7,6,0.0379346) (13,6,0.0292523) (14,6,-0.027985) (15,6,0.000940441) (16,6,0.01296) (0,7,0.035927) (5,7,0.0357187) (6,7,0.0379346) (7,7,0.0795775) (8,7,0.0381823) (9,7,0.0185036) (10,7,0.0375998) (11,7,0.0317069) (12,7,0.0176587) (13,7,0.0360266) (14,7,-0.0181474) (15,7,0.0128978) (16,7,0.023706) (0,8,0.0296668) (1,8,-0.00323731) (5,8,0.0293457) (7,8,0.0381823) (8,8,0.0795775) (9,8,0.0276644) (10,8,0.0397427) (11,8,0.0371881) (12,8,0.0269749) (13,8,-0.0298217) (17,8,0.001776) (0,9,0.00156966) (5,9,0.0010913) (7,9,0.0185036) (8,9,0.0276644) (9,9,0.0795775) (10,9,0.029008) (11,9,0.0360255) (12,9,0.0397774) (18,9,-0.0397443) (0,10,0.028357) (2,10,0.0275702) (5,10,0.0280192) (7,10,0.0375998) (8,10,0.0397427) (9,10,0.029008) (10,10,0.0795775) (11,10,0.0378256) (12,10,0.0283506) (14,10,0.0287318) (0,11,0.0182991) (3,11,0.0226282) (5,11,0.0178728) (7,11,0.0317069) (8,11,0.0371881) (9,11,0.0360255) (10,11,0.0378256) (11,11,0.0795775) (12,11,0.0356126) (15,11,0.0124617) (19,11,0.0169002) (0,12,0.000621562) (4,12,0.0275091) (5,12,0.000142958) (7,12,0.0176587) (8,12,0.0269749) (9,12,0.0397774) (10,12,0.0283506) (11,12,0.0356126) (12,12,0.0795775) (16,12,0.0181152) (17,12,0.0280157) (18,12,0.0397778) (19,12,0.000938269) (1,13,0.0286794) (6,13,0.0292523) (7,13,0.0360266) (8,13,-0.0298217) (13,13,0.0795775) (14,13,-0.00140172) (15,13,0.0276551) (16,13,0.0350284) (17,13,-0.0276452) (2,14,0.0397548) (6,14,-0.027985) (7,14,-0.0181474) (10,14,0.0287318) (13,14,-0.00140172) (14,14,0.0795775) (15,14,0.0276146) (16,14,0.0176263) (3,15,0.0381683) (6,15,0.000940441) (7,15,0.0128978) (11,15,0.0124617) (13,15,0.0276551) (14,15,0.0276146) (15,15,0.0795775) (16,15,0.0379147) (19,15,-0.0289158) (4,16,0.0381193) (6,16,0.01296) (7,16,0.023706) (12,16,0.0181152) (13,16,0.0350284) (14,16,0.0176263) (15,16,0.0379147) (16,16,0.0795775) (17,16,0.0379105) (18,16,0.0189404) (19,16,0.0358431) (1,17,-0.0397618) (4,17,0.0397824) (8,17,0.001776) (12,17,0.0280157) (13,17,-0.0276452) (16,17,0.0379105) (17,17,0.0795775) (18,17,0.0286701) (19,17,0.0289063) (4,18,0.0281752) (9,18,-0.0397443) (12,18,0.0397778) (16,18,0.0189404) (17,18,0.0286701) (18,18,0.0795775) (19,18,0.00187013) (3,19,-0.0200175) (4,19,0.0293878) (11,19,0.0169002) (12,19,0.000938269) (15,19,-0.0289158) (16,19,0.0358431) (17,19,0.0289063) (18,19,0.00187013) (19,19,0.0795775) 
Minv:
size: 27 27
(0,0,0.0397887) (1,1,0.0397887) (2,2,0.0795775) (3,3,0.0397887) (4,4,0.0397887) (5,5,0.0795775) (6,6,0.0397887) (7,7,0.0397887) (8,8,0.0795775) (9,9,0.0397887) (10,10,0.0397887) (11,11,0.0795775) (12,12,0.0397887) (13,13,0.0397887) (14,14,0.0795775) (15,15,0.0397887) (16,16,0.0397887) (17,17,0.0795775) (18,18,0.0397887) (19,19,0.0397887) (20,20,0.0795775) (21,21,0.0397887) (22,22,0.0397887) (23,23,0.0795775) (24,24,0.0397887) (25,25,0.0397887) (26,26,0.0795775) 
v0:
size: 27 1
(0,0,-0.128121) (1,0,-0.370767) (2,0,0) (3,0,-0.835792) (4,0,-0.235214) (5,0,0) (6,0,0.740934) (7,0,-0.816807) (8,0,0) (9,0,-0.192607) (10,0,0.607044) (11,0,0) (12,0,-0.605394) (13,0,-0.0844035) (14,0,0) (15,0,-0.173129) (16,0,0.781907) (17,0,0) (18,0,-0.9735) (19,0,-0.516107) (20,0,0) (21,0,-0.322448) (22,0,-0.275999) (23,0,0) (24,0,-0.719503) (25,0,-0.417355) (26,0,0) 
ipopt_sol:
size: 20 1
(0,0,1.45074e-07) (1,0,1.99006e-07) (2,0,13.683) (3,0,2.87603e-07) (4,0,1.89393e-07) (5,0,2.84464e-07) (6,0,1.67308e-07) (7,0,21.9988) (8,0,22.3304) (9,0,23.6072) (10,0,2.41647e-07) (11,0,1.51248e-06) (12,0,1.01572e-06) (13,0,12.5054) (14,0,15.2933) (15,0,2.87447) (16,0,5.40856) (17,0,2.99797e-06) (18,0,24.7383) (19,0,1.86547) 
policy_sol:
size: 20 1
(0,0,0) (1,0,0) (2,0,13.683) (3,0,0) (4,0,0) (5,0,0) (6,0,0) (7,0,21.9988) (8,0,22.3304) (9,0,23.6072) (10,0,0) (11,0,0) (12,0,0) (13,0,12.5054) (14,0,15.2933) (15,0,2.87447) (16,0,5.40856) (17,0,0) (18,0,24.7383) (19,0,1.86547) 

policy_converges:
1
ipopt_converges:
0
