Git Revision:     18345a57b34405566a64d0bf3d2a118f1cdbade3
Build Mode:       Debug
C Compiler:       /usr/bin/cc
C++ Compiler:     /usr/bin/c++
Fortran Compiler: gfortran
Body count: 9
No end time specified. Simulation will run indefinitely.
N:
size: 27 17
(0,0,-0.0440867) (1,0,-0.999028) (6,0,0.0440867) (7,0,0.999028) (0,1,-0.719584) (1,1,-0.694405) (24,1,0.719584) (25,1,0.694405) (3,2,-0.082921) (4,2,-0.996556) (6,2,0.082921) (7,2,0.996556) (3,3,-0.999864) (4,3,0.0164908) (12,3,0.999864) (13,3,-0.0164908) (3,4,-0.724493) (4,4,-0.689282) (15,4,0.724493) (16,4,0.689282) (3,5,-0.999895) (4,5,0.0144871) (21,5,0.999895) (22,5,-0.0144871) (3,6,-0.903388) (4,6,-0.428823) (24,6,0.903388) (25,6,0.428823) (6,7,-0.438027) (7,7,0.898962) (9,7,0.438027) (10,7,-0.898962) (6,8,-0.660987) (7,8,0.750397) (12,8,0.660987) (13,8,-0.750397) (6,9,-0.999677) (7,9,0.0254174) (15,9,0.999677) (16,9,-0.0254174) (6,10,-0.881137) (7,10,0.472861) (21,10,0.881137) (22,10,-0.472861) (9,11,-0.998772) (10,11,-0.0495409) (18,11,0.998772) (19,11,0.0495409) (9,12,-0.713479) (10,12,-0.700677) (21,12,0.713479) (22,12,0.700677) (9,13,-0.446792) (10,13,-0.894638) (24,13,0.446792) (25,13,0.894638) (12,14,-0.999921) (13,14,0.0125696) (21,14,0.999921) (22,14,-0.0125696) (12,15,-0.72709) (13,15,-0.686542) (24,15,0.72709) (25,15,0.686542) (21,16,-0.000979389) (22,16,-1) (24,16,0.000979389) (25,16,1) 
Q:
size: 17 17
(0,0,0.0795775) (1,0,0.0288649) (2,0,0.0397586) (7,0,0.0349654) (8,0,0.0286689) (9,0,-0.000743243) (10,0,0.0172506) (0,1,0.0288649) (1,1,0.0795775) (6,1,0.0377134) (13,1,0.0375107) (15,1,0.0397864) (16,1,0.0276575) (0,2,0.0397586) (2,2,0.0795775) (3,2,0.00264498) (4,2,0.0297215) (5,2,0.00272454) (6,2,0.0199841) (7,2,0.0342002) (8,2,0.0275737) (9,2,-0.00229041) (10,2,0.0158426) (2,3,0.00264498) (3,3,0.0795775) (4,3,0.0283705) (5,3,0.0397887) (6,3,0.0356584) (8,3,0.0267886) (14,3,-0.0397884) (15,3,-0.0284756) (2,4,0.0297215) (3,4,0.0283705) (4,4,0.0795775) (5,4,0.0284263) (6,4,0.0378024) (9,4,0.0281203) (2,5,0.00272454) (3,5,0.0397887) (4,5,0.0284263) (5,5,0.0795775) (6,5,0.0356937) (10,5,0.0353282) (12,5,0.0279815) (14,5,0.0397887) (16,5,0.000537458) (1,6,0.0377134) (2,6,0.0199841) (3,6,0.0356584) (4,6,0.0378024) (5,6,0.0356937) (6,6,0.0795775) (13,6,0.0313244) (15,6,0.037849) (16,6,0.0170975) (0,7,0.0349654) (2,7,0.0342002) (7,7,0.0795775) (8,7,0.0383607) (9,7,0.018332) (10,7,0.0322705) (11,7,-0.0156351) (12,7,0.0126273) (13,7,0.024213) (0,8,0.0286689) (2,8,0.0275737) (3,8,0.0267886) (7,8,0.0383607) (8,8,0.0795775) (9,8,0.0270502) (10,8,0.0372921) (14,8,-0.0266731) (15,8,0.00137599) (0,9,-0.000743243) (2,9,-0.00229041) (4,9,0.0281203) (7,9,0.018332) (8,9,0.0270502) (9,9,0.0795775) (10,9,0.0355262) (0,10,0.0172506) (2,10,0.0158426) (5,10,0.0353282) (7,10,0.0322705) (8,10,0.0372921) (9,10,0.0355262) (10,10,0.0795775) (12,10,0.0118312) (14,10,0.035293) (16,10,0.0187802) (7,11,-0.0156351) (11,11,0.0795775) (12,11,0.0297347) (13,11,0.019519) (5,12,0.0279815) (7,12,0.0126273) (10,12,0.0118312) (11,12,0.0297347) (12,12,0.0795775) (13,12,0.0376254) (14,12,0.0280357) (16,12,-0.0279068) (1,13,0.0375107) (6,13,0.0313244) (7,13,0.024213) (11,13,0.019519) (12,13,0.0376254) (13,13,0.0795775) (15,13,0.0373642) (16,13,0.0356139) (3,14,-0.0397884) (5,14,0.0397887) (8,14,-0.0266731) (10,14,0.035293) (12,14,0.0280357) (14,14,0.0795775) (15,14,0.0285843) (16,14,0.000461163) (1,15,0.0397864) (3,15,-0.0284756) (6,15,0.037849) (8,15,0.00137599) (13,15,0.0373642) (14,15,0.0285843) (15,15,0.0795775) (16,15,0.027345) (1,16,0.0276575) (5,16,0.000537458) (6,16,0.0170975) (10,16,0.0187802) (12,16,-0.0279068) (13,16,0.0356139) (14,16,0.000461163) (15,16,0.027345) (16,16,0.0795775) 
Minv:
size: 27 27
(0,0,0.0397887) (1,1,0.0397887) (2,2,0.0795775) (3,3,0.0397887) (4,4,0.0397887) (5,5,0.0795775) (6,6,0.0397887) (7,7,0.0397887) (8,8,0.0795775) (9,9,0.0397887) (10,10,0.0397887) (11,11,0.0795775) (12,12,0.0397887) (13,13,0.0397887) (14,14,0.0795775) (15,15,0.0397887) (16,16,0.0397887) (17,17,0.0795775) (18,18,0.0397887) (19,19,0.0397887) (20,20,0.0795775) (21,21,0.0397887) (22,22,0.0397887) (23,23,0.0795775) (24,24,0.0397887) (25,25,0.0397887) (26,26,0.0795775) 
v0:
size: 27 1
(0,0,0.0956776) (1,0,-0.270822) (2,0,0) (3,0,0.146779) (4,0,0.183834) (5,0,0) (6,0,0.0266876) (7,0,-0.822025) (8,0,0) (9,0,0.875652) (10,0,0.0614082) (11,0,0) (12,0,0.0852399) (13,0,0.469617) (14,0,0) (15,0,-0.922325) (16,0,0.673821) (17,0,0) (18,0,0.898657) (19,0,-0.972949) (20,0,0) (21,0,0.0811686) (22,0,0.599278) (23,0,0) (24,0,0.643218) (25,0,-0.956138) (26,0,0) 
ipopt_sol:
size: 17 1
(0,0,3.77926e-06) (1,0,7.1072e-08) (2,0,23.528) (3,0,6.9541e-07) (4,0,1.83014e-07) (5,0,1.598e-07) (6,0,6.67874e-08) (7,0,8.75462e-08) (8,0,7.4335) (9,0,22.9495) (10,0,5.78906e-08) (11,0,1.49496e-07) (12,0,21.07) (13,0,2.06832e-07) (14,0,2.15887e-07) (15,0,6.65544e-07) (16,0,46.467) 
policy_sol:
size: 17 1
(0,0,0) (1,0,0) (2,0,23.528) (3,0,0) (4,0,0) (5,0,0) (6,0,0) (7,0,0) (8,0,7.43351) (9,0,22.9495) (10,0,0) (11,0,0) (12,0,21.07) (13,0,0) (14,0,0) (15,0,0) (16,0,46.467) 

policy_converges:
1
ipopt_converges:
0
