Git Revision:     3cfe7dc3fe6810e9e399640d632720aa3564fe80
Build Mode:       Debug
C Compiler:       /usr/bin/cc
C++ Compiler:     /usr/bin/c++
Fortran Compiler: gfortran
Body count: 9
No end time specified. Simulation will run indefinitely.
N:
size: 27 13
(0,0,-0.0886205) (1,0,-0.996065) (3,0,0.0886205) (4,0,0.996065) (0,1,-0.00308386) (1,1,-0.999995) (6,1,0.00308386) (7,1,0.999995) (0,2,-0.999663) (1,2,0.025943) (9,2,0.999663) (10,2,-0.025943) (0,3,-0.456793) (1,3,-0.889573) (15,3,0.456793) (16,3,0.889573) (0,4,-0.710636) (1,4,-0.70356) (24,4,0.710636) (25,4,0.70356) (3,5,-0.687197) (4,5,0.726471) (9,5,0.687197) (10,5,-0.726471) (3,6,-0.903596) (4,6,0.428385) (18,6,0.903596) (19,6,-0.428385) (3,7,-0.881616) (4,7,-0.471968) (24,7,0.881616) (25,7,0.471968) (6,8,-0.441675) (7,8,0.897175) (9,8,0.441675) (10,8,-0.897175) (9,9,-0.441382) (10,9,-0.897319) (24,9,0.441382) (25,9,0.897319) (12,10,-0.0273389) (13,10,-0.999626) (15,10,0.0273389) (16,10,0.999626) (12,11,-0.717895) (13,11,-0.696151) (24,11,0.717895) (25,11,0.696151) (21,12,-0.0186932) (22,12,-0.999825) (24,12,0.0186932) (25,12,0.999825) 
Q:
size: 13 13
(0,0,0.0795775) (1,0,0.0396429) (2,0,0.00249673) (3,0,0.0368664) (4,0,0.0303894) (5,0,0.0263685) (6,0,0.0137917) (7,0,-0.0218138) (0,1,0.0396429) (1,1,0.0795775) (2,1,-0.000909574) (3,1,0.0354509) (4,1,0.0280808) (8,1,0.0356431) (0,2,0.00249673) (1,2,-0.000909574) (2,2,0.0795775) (3,2,0.0172508) (4,2,0.0275395) (5,2,0.0280834) (8,2,0.0184939) (9,2,-0.0166299) (0,3,0.0368664) (1,3,0.0354509) (2,3,0.0172508) (3,3,0.0795775) (4,3,0.0378185) (10,3,0.0358787) (0,4,0.0303894) (1,4,0.0280808) (2,4,0.0275395) (3,4,0.0378185) (4,4,0.0795775) (7,4,0.0381401) (9,4,0.0375996) (11,4,0.0397866) (12,4,0.0285174) (0,5,0.0263685) (2,5,0.0280834) (5,5,0.0795775) (6,5,0.0370894) (7,5,0.0104633) (8,5,0.0380098) (9,5,0.0138688) (0,6,0.0137917) (5,6,0.0370894) (6,6,0.0795775) (7,6,0.023652) (0,7,-0.0218138) (4,7,0.0381401) (5,7,0.0104633) (6,7,0.023652) (7,7,0.0795775) (9,7,0.0323337) (11,7,0.0382556) (12,7,0.0194315) (1,8,0.0356431) (2,8,0.0184939) (5,8,0.0380098) (8,8,0.0795775) (9,8,0.0242753) (2,9,-0.0166299) (4,9,0.0375996) (5,9,0.0138688) (7,9,0.0323337) (8,9,0.0242753) (9,9,0.0795775) (11,9,0.0374625) (12,9,0.0360252) (3,10,0.0358787) (10,10,0.0795775) (11,10,0.0284695) (4,11,0.0397866) (7,11,0.0382556) (9,11,0.0374625) (10,11,0.0284695) (11,11,0.0795775) (12,11,0.0282281) (4,12,0.0285174) (7,12,0.0194315) (9,12,0.0360252) (11,12,0.0282281) (12,12,0.0795775) 
Minv:
size: 27 27
(0,0,0.0397887) (1,1,0.0397887) (2,2,0.0795775) (3,3,0.0397887) (4,4,0.0397887) (5,5,0.0795775) (6,6,0.0397887) (7,7,0.0397887) (8,8,0.0795775) (9,9,0.0397887) (10,10,0.0397887) (11,11,0.0795775) (12,12,0.0397887) (13,13,0.0397887) (14,14,0.0795775) (15,15,0.0397887) (16,16,0.0397887) (17,17,0.0795775) (18,18,0.0397887) (19,19,0.0397887) (20,20,0.0795775) (21,21,0.0397887) (22,22,0.0397887) (23,23,0.0795775) (24,24,0.0397887) (25,25,0.0397887) (26,26,0.0795775) 
v0:
size: 27 1
(0,0,0.244239) (1,0,0.493908) (2,0,0) (3,0,0.593493) (4,0,-0.854089) (5,0,0) (6,0,-0.515352) (7,0,0.0752207) (8,0,0) (9,0,-0.715983) (10,0,0.382995) (11,0,0) (12,0,0.840751) (13,0,0.608929) (14,0,0) (15,0,-0.201256) (16,0,0.557207) (17,0,0) (18,0,0.576403) (19,0,-0.770641) (20,0,0) (21,0,0.888459) (22,0,0.581964) (23,0,0) (24,0,-0.141533) (25,0,-0.33515) (26,0,0) 
ipopt_sol:
size: 13 1
(0,0,21.2181) (1,0,0.140934) (2,0,11.328) (3,0,1.22105e-07) (4,0,1.04254e-07) (5,0,34.1746) (6,0,5.23619e-08) (7,0,1.81519e-07) (8,0,1.06001e-07) (9,0,7.39684e-08) (10,0,1.23117e-07) (11,0,29.6216) (12,0,13.022) 
policy_sol:
size: 13 1
(0,0,21.2181) (1,0,0.140922) (2,0,11.328) (3,0,0) (4,0,0) (5,0,34.1746) (6,0,0) (7,0,0) (8,0,0) (9,0,0) (10,0,0) (11,0,29.6216) (12,0,13.022) 

policy_converges:
1
