Git Revision:     3cfe7dc3fe6810e9e399640d632720aa3564fe80
Build Mode:       Debug
C Compiler:       /usr/bin/cc
C++ Compiler:     /usr/bin/c++
Fortran Compiler: gfortran
Body count: 9
No end time specified. Simulation will run indefinitely.
N:
size: 27 18
(0,0,0.0418966) (1,0,-0.999122) (3,0,-0.0418966) (4,0,0.999122) (0,1,-0.671318) (1,1,-0.741169) (12,1,0.671318) (13,1,0.741169) (0,2,-0.886629) (1,2,-0.462481) (21,2,0.886629) (22,2,0.462481) (3,3,-0.724597) (4,3,0.689172) (9,3,0.724597) (10,3,-0.689172) (3,4,-0.999995) (4,4,-0.00322946) (12,4,0.999995) (13,4,0.00322946) (3,5,-0.735957) (4,5,-0.677028) (15,5,0.735957) (16,5,0.677028) (3,6,-0.896626) (4,6,0.442789) (18,6,0.896626) (19,6,-0.442789) (3,7,-0.99998) (4,7,0.00633313) (21,7,0.99998) (22,7,-0.00633313) (9,8,0.0232423) (10,8,-0.99973) (12,8,-0.0232423) (13,8,0.99973) (9,9,-0.0111988) (10,9,-0.999937) (15,9,0.0111988) (16,9,0.999937) (9,10,-0.998815) (10,10,0.0486682) (18,10,0.998815) (19,10,-0.0486682) (9,11,-0.726159) (10,11,-0.687527) (21,11,0.726159) (22,11,0.687527) (12,12,-0.722486) (13,12,0.691386) (18,12,0.722486) (19,12,-0.691386) (12,13,-0.999879) (13,13,0.0155581) (21,13,0.999879) (22,13,-0.0155581) (15,14,-0.460289) (16,14,0.887769) (18,14,0.460289) (19,14,-0.887769) (15,15,-0.713714) (16,15,0.700437) (21,15,0.713714) (22,15,-0.700437) (18,16,0.0364755) (19,16,-0.999335) (21,16,-0.0364755) (22,16,0.999335) (18,17,0.0181124) (19,17,-0.999836) (24,17,-0.0181124) (25,17,0.999836) 
Q:
size: 18 18
(0,0,0.0795775) (1,0,0.0283452) (2,0,0.0169074) (3,0,0.0286051) (4,0,0.00153862) (5,0,-0.0256876) (6,0,0.0190972) (7,0,0.00191875) (0,1,0.0283452) (1,1,0.0795775) (2,1,0.0373213) (4,1,0.026806) (8,1,0.0288614) (12,1,0.00109086) (13,1,-0.0262488) (0,2,0.0169074) (1,2,0.0373213) (2,2,0.0795775) (7,2,0.0351606) (11,2,0.0382689) (13,2,0.0349873) (15,2,0.0122892) (16,2,0.0171025) (0,3,0.0286051) (3,3,0.0795775) (4,3,0.0287421) (5,3,0.00265327) (6,3,0.0379923) (7,3,0.0290039) (8,3,0.028084) (9,3,0.0270967) (10,3,-0.0301312) (11,3,-0.00208289) (0,4,0.00153862) (1,4,0.026806) (3,4,0.0287421) (4,4,0.0795775) (5,4,0.0293697) (6,4,0.0356185) (7,4,0.0397869) (8,4,-0.000796316) (12,4,-0.0286578) (13,4,-0.0397817) (0,5,-0.0256876) (3,5,0.00265327) (4,5,0.0293697) (5,5,0.0795775) (6,5,0.0143279) (7,5,0.0291116) (9,5,0.0272643) (14,5,0.0104362) (15,5,-0.00203113) (0,6,0.0190972) (3,6,0.0379923) (4,6,0.0356185) (5,6,0.0143279) (6,6,0.0795775) (7,6,0.0357865) (10,6,0.0364908) (12,6,0.037956) (14,6,0.0320618) (16,6,0.0189076) (17,6,0.0182613) (0,7,0.00191875) (2,7,0.0351606) (3,7,0.0290039) (4,7,0.0397869) (5,7,0.0291116) (6,7,0.0357865) (7,7,0.0795775) (11,7,0.0287191) (13,7,0.039787) (15,7,0.0285737) (16,7,-0.0017031) (1,8,0.0288614) (3,8,0.028084) (4,8,-0.000796316) (8,8,0.0795775) (9,8,0.0397651) (10,8,-0.00285961) (11,8,0.0266769) (12,8,0.0281701) (13,8,0.00154354) (3,9,0.0270967) (5,9,0.0272643) (8,9,0.0397651) (9,9,0.0795775) (10,9,-0.00149127) (11,9,0.0276777) (14,9,0.0351159) (15,9,0.0275497) (3,10,-0.0301312) (6,10,0.0364908) (8,10,-0.00285961) (9,10,-0.00149127) (10,10,0.0795775) (11,10,0.0275274) (12,10,0.0300516) (14,10,0.0200117) (16,10,0.00338475) (17,10,0.00265594) (2,11,0.0382689) (3,11,-0.00208289) (7,11,0.0287191) (8,11,0.0266769) (9,11,0.0276777) (10,11,0.0275274) (11,11,0.0795775) (13,11,0.0284639) (15,11,0.00146029) (16,11,0.0262837) (1,12,0.00109086) (4,12,-0.0286578) (6,12,0.037956) (8,12,0.0281701) (10,12,0.0300516) (12,12,0.0795775) (13,12,0.0291713) (14,12,0.0376538) (16,12,0.0285396) (17,12,0.0280255) (1,13,-0.0262488) (2,13,0.0349873) (4,13,-0.0397817) (7,13,0.039787) (8,13,0.00154354) (11,13,0.0284639) (12,13,0.0291713) (13,13,0.0795775) (15,13,0.0288279) (16,13,-0.00206976) (5,14,0.0104362) (6,14,0.0320618) (9,14,0.0351159) (10,14,0.0200117) (12,14,0.0376538) (14,14,0.0795775) (15,14,0.0378129) (16,14,0.0359677) (17,14,0.0356491) (2,15,0.0122892) (5,15,-0.00203113) (7,15,0.0285737) (9,15,0.0275497) (11,15,0.00146029) (13,15,0.0288279) (14,15,0.0378129) (15,15,0.0795775) (16,15,-0.0288868) (2,16,0.0171025) (6,16,0.0189076) (7,16,-0.0017031) (10,16,0.00338475) (11,16,0.0262837) (12,16,0.0285396) (13,16,-0.00206976) (14,16,0.0359677) (15,16,-0.0288868) (16,16,0.0795775) (17,16,0.039782) (6,17,0.0182613) (10,17,0.00265594) (12,17,0.0280255) (14,17,0.0356491) (16,17,0.039782) (17,17,0.0795775) 
Minv:
size: 27 27
(0,0,0.0397887) (1,1,0.0397887) (2,2,0.0795775) (3,3,0.0397887) (4,4,0.0397887) (5,5,0.0795775) (6,6,0.0397887) (7,7,0.0397887) (8,8,0.0795775) (9,9,0.0397887) (10,10,0.0397887) (11,11,0.0795775) (12,12,0.0397887) (13,13,0.0397887) (14,14,0.0795775) (15,15,0.0397887) (16,16,0.0397887) (17,17,0.0795775) (18,18,0.0397887) (19,19,0.0397887) (20,20,0.0795775) (21,21,0.0397887) (22,22,0.0397887) (23,23,0.0795775) (24,24,0.0397887) (25,25,0.0397887) (26,26,0.0795775) 
v0:
size: 27 1
(0,0,-0.748899) (1,0,-0.0231604) (2,0,0) (3,0,0.944642) (4,0,-0.458898) (5,0,0) (6,0,-0.588495) (7,0,0.83907) (8,0,0) (9,0,-0.467968) (10,0,0.849206) (11,0,0) (12,0,-0.540859) (13,0,-0.213059) (14,0,0) (15,0,-0.469914) (16,0,-0.0302284) (17,0,0) (18,0,-0.749247) (19,0,0.236965) (20,0,0) (21,0,-0.980119) (22,0,-0.176406) (23,0,0) (24,0,0.910166) (25,0,0.16977) (26,0,0) 
ipopt_sol:
size: 18 1
(0,0,2.62761e-06) (1,0,1.48498e-07) (2,0,1.15771e-07) (3,0,35.4587) (4,0,24.1913) (5,0,4.65403) (6,0,5.15491) (7,0,8.68641) (8,0,9.40848) (9,0,4.87336e-05) (10,0,12.1908) (11,0,11.4735) (12,0,3.67795) (13,0,13.2688) (14,0,3.67156e-05) (15,0,3.41709e-05) (16,0,3.84962) (17,0,4.72901e-07) 
policy_sol:
size: 18 1
(0,0,0) (1,0,0) (2,0,0) (3,0,23.642) (4,0,13.5483) (5,0,1.89511) (6,0,19.1234) (7,0,17.4089) (8,0,10.6835) (9,0,5.67898) (10,0,2.8186) (11,0,12.5292) (12,0,2.11056) (13,0,3.73853) (14,0,-4.35164) (15,0,0) (16,0,3.04848) (17,0,0) 

policy_converges:
0
