Git Revision:     18345a57b34405566a64d0bf3d2a118f1cdbade3
Build Mode:       Debug
C Compiler:       /usr/bin/cc
C++ Compiler:     /usr/bin/c++
Fortran Compiler: gfortran
Body count: 9
No end time specified. Simulation will run indefinitely.
N:
size: 27 16
(0,0,-0.0828334) (1,0,-0.996563) (3,0,0.0828334) (4,0,0.996563) (3,1,-0.694589) (4,1,0.719407) (9,1,0.694589) (10,1,-0.719407) (3,2,-0.999728) (4,2,-0.0233137) (12,2,0.999728) (13,2,0.0233137) (3,3,-0.999606) (4,3,-0.0280616) (21,3,0.999606) (22,3,0.0280616) (6,4,-0.458881) (7,4,0.888498) (9,4,0.458881) (10,4,-0.888498) (6,5,-0.732223) (7,5,0.681065) (12,5,0.732223) (13,5,-0.681065) (6,6,-0.90663) (7,6,0.421927) (21,6,0.90663) (22,6,-0.421927) (9,7,-0.0202941) (10,7,-0.999794) (12,7,0.0202941) (13,7,0.999794) (9,8,0.000896287) (10,8,-1) (15,8,-0.000896287) (16,8,1) (9,9,-0.459782) (10,9,-0.888032) (24,9,0.459782) (25,9,0.888032) (12,10,0.0227361) (13,10,-0.999742) (15,10,-0.0227361) (16,10,0.999742) (12,11,-0.999462) (13,11,-0.0328097) (21,11,0.999462) (22,11,0.0328097) (15,12,-0.459237) (16,12,0.888314) (18,12,0.459237) (19,12,-0.888314) (15,13,-0.724212) (16,13,0.689577) (21,13,0.724212) (22,13,-0.689577) (18,14,-0.0230605) (19,14,-0.999734) (24,14,0.0230605) (25,14,0.999734) (21,15,-0.0361412) (22,15,-0.999347) (24,15,0.0361412) (25,15,0.999347) 
Q:
size: 16 16
(0,0,0.0795775) (1,0,0.0262367) (2,0,-0.00421938) (3,0,-0.00440724) (0,1,0.0262367) (1,1,0.0795775) (2,1,0.026962) (3,1,0.0268227) (4,1,0.0381146) (7,1,0.0280575) (8,1,0.028649) (9,1,0.0127123) (0,2,-0.00421938) (1,2,0.026962) (2,2,0.0795775) (3,2,0.0397883) (5,2,0.0284945) (7,2,0.00173469) (10,2,-2.29878e-05) (11,2,-0.0397869) (0,3,-0.00440724) (1,3,0.0268227) (2,3,0.0397883) (3,3,0.0795775) (6,3,0.0355883) (11,3,0.0397883) (13,3,0.0280342) (15,3,-0.00255325) (1,4,0.0381146) (4,4,0.0795775) (5,4,0.0374463) (6,4,0.0314696) (7,4,0.0349744) (8,4,0.0353686) (9,4,0.0229991) (2,5,0.0284945) (4,5,0.0374463) (5,5,0.0795775) (6,5,0.0378476) (7,5,-0.0265019) (10,5,0.0277541) (11,5,-0.0282294) (3,6,0.0355883) (4,6,0.0314696) (5,6,0.0378476) (6,6,0.0795775) (11,6,0.0355034) (13,6,0.0377016) (15,6,0.0154732) (1,7,0.0280575) (2,7,0.00173469) (4,7,0.0349744) (5,7,-0.0265019) (7,7,0.0795775) (8,7,0.0397798) (9,7,0.0356976) (10,7,-0.0397519) (11,7,-0.00211223) (1,8,0.028649) (4,8,0.0353686) (7,8,0.0397798) (8,8,0.0795775) (9,8,0.0353172) (10,8,0.0397792) (12,8,0.0353613) (13,8,0.0274632) (1,9,0.0127123) (4,9,0.0229991) (7,9,0.0356976) (8,9,0.0353172) (9,9,0.0795775) (14,9,0.0357461) (15,9,0.0359717) (2,10,-2.29878e-05) (5,10,0.0277541) (7,10,-0.0397519) (8,10,0.0397792) (10,10,0.0795775) (11,10,0.000400966) (12,10,0.0357512) (13,10,0.0280855) (2,11,-0.0397869) (3,11,0.0397883) (5,11,-0.0282294) (6,11,0.0355034) (7,11,-0.00211223) (10,11,0.000400966) (11,11,0.0795775) (13,11,0.0278998) (15,11,-0.00274184) (8,12,0.0353613) (10,12,0.0357512) (12,12,0.0795775) (13,12,0.0376062) (14,12,0.0349141) (3,13,0.0280342) (6,13,0.0377016) (8,13,0.0274632) (10,13,0.0280855) (11,13,0.0278998) (12,13,0.0376062) (13,13,0.0795775) (15,13,0.0263781) (9,14,0.0357461) (12,14,0.0349141) (14,14,0.0795775) (15,14,0.0397853) (3,15,-0.00255325) (6,15,0.0154732) (9,15,0.0359717) (11,15,-0.00274184) (13,15,0.0263781) (14,15,0.0397853) (15,15,0.0795775) 
Minv:
size: 27 27
(0,0,0.0397887) (1,1,0.0397887) (2,2,0.0795775) (3,3,0.0397887) (4,4,0.0397887) (5,5,0.0795775) (6,6,0.0397887) (7,7,0.0397887) (8,8,0.0795775) (9,9,0.0397887) (10,10,0.0397887) (11,11,0.0795775) (12,12,0.0397887) (13,13,0.0397887) (14,14,0.0795775) (15,15,0.0397887) (16,16,0.0397887) (17,17,0.0795775) (18,18,0.0397887) (19,19,0.0397887) (20,20,0.0795775) (21,21,0.0397887) (22,22,0.0397887) (23,23,0.0795775) (24,24,0.0397887) (25,25,0.0397887) (26,26,0.0795775) 
v0:
size: 27 1
(0,0,-0.721533) (1,0,-0.696673) (2,0,0) (3,0,-0.145844) (4,0,-0.902669) (5,0,0) (6,0,-0.0572302) (7,0,-0.165231) (8,0,0) (9,0,-0.248557) (10,0,0.593962) (11,0,0) (12,0,-0.457842) (13,0,-0.366303) (14,0,0) (15,0,0.350979) (16,0,-0.626716) (17,0,0) (18,0,0.860313) (19,0,0.546439) (20,0,0) (21,0,-0.559858) (22,0,0.9358) (23,0,0) (24,0,0.610465) (25,0,-0.108205) (26,0,0) 
ipopt_sol:
size: 16 1
(0,0,3.45285e-07) (1,0,21.7663) (2,0,2.6914e-07) (3,0,7.74934e-08) (4,0,2.14053e-07) (5,0,10.6245) (6,0,4.05593e-07) (7,0,20.0998) (8,0,6.15585e-07) (9,0,6.59006e-08) (10,0,6.93348e-07) (11,0,1.17602e-07) (12,0,1.74419e-07) (13,0,42.4205) (14,0,14.7263) (15,0,3.73462) 
policy_sol:
size: 16 1
(0,0,0) (1,0,21.7663) (2,0,0) (3,0,0) (4,0,0) (5,0,10.6245) (6,0,0) (7,0,20.0998) (8,0,0) (9,0,0) (10,0,0) (11,0,0) (12,0,0) (13,0,42.4205) (14,0,14.7263) (15,0,3.73462) 

policy_converges:
1
ipopt_converges:
0
