solve status: 0
N:
size: 27 19
(0,0,-0.0562869) (1,0,-0.998415) (3,0,0.0562869) (4,0,0.998415) (0,1,-0.00420972) (1,1,-0.999991) (6,1,0.00420972) (7,1,0.999991) (0,2,-0.999554) (1,2,-0.0298779) (9,2,0.999554) (10,2,0.0298779) (0,3,-0.714525) (1,3,-0.69961) (12,3,0.714525) (13,3,0.69961) (0,4,-0.460076) (1,4,-0.887879) (15,4,0.460076) (16,4,0.887879) (0,5,-0.999871) (1,5,0.0160623) (18,5,0.999871) (19,5,-0.0160623) (0,6,-0.895585) (1,6,-0.444891) (21,6,0.895585) (22,6,0.444891) (0,7,-0.720905) (1,7,-0.693033) (24,7,0.720905) (25,7,0.693033) (3,8,-0.999209) (4,8,0.0397545) (12,8,0.999209) (13,8,-0.0397545) (3,9,-0.702309) (4,9,-0.711872) (15,9,0.702309) (16,9,0.711872) (3,10,-0.999985) (4,10,0.00545608) (21,10,0.999985) (22,10,-0.00545608) (6,11,-0.709755) (7,11,0.704449) (12,11,0.709755) (13,11,-0.704449) (9,12,-0.00391452) (10,12,-0.999992) (15,12,0.00391452) (16,12,0.999992) (9,13,-0.711301) (10,13,-0.702887) (21,13,0.711301) (22,13,0.702887) (9,14,-0.458441) (10,14,-0.888725) (24,14,0.458441) (25,14,0.888725) (12,15,-0.0443539) (13,15,-0.999016) (15,15,0.0443539) (16,15,0.999016) (15,16,-0.694825) (16,16,0.719179) (21,16,0.694825) (22,16,-0.719179) (18,17,0.0145154) (19,17,-0.999895) (24,17,-0.0145154) (25,17,0.999895) (21,18,-0.00338377) (22,18,-0.999994) (24,18,0.00338377) (25,18,0.999994) 
Q:
size: 19 19
(0,0,0.0795775) (1,0,0.0397347) (2,0,0.0034255) (3,0,0.0293927) (4,0,0.036302) (5,0,0.00160121) (6,0,0.0196793) (7,0,0.0291457) (8,0,-0.000658541) (9,0,-0.0298525) (10,0,-0.0020228) (0,1,0.0397347) (1,1,0.0795775) (2,1,0.00135622) (3,1,0.027956) (4,1,0.0354044) (5,1,-0.000471615) (6,1,0.0178515) (7,1,0.0276954) (11,1,0.02791) (0,2,0.0034255) (1,2,0.00135622) (2,2,0.0795775) (3,2,0.0292491) (4,2,0.0193532) (5,2,0.0397467) (6,2,0.0361472) (7,2,0.029495) (12,2,-0.00134448) (13,2,-0.0291247) (14,2,-0.0192892) (0,3,0.0293927) (1,3,0.027956) (2,3,0.0292491) (3,3,0.0795775) (4,3,0.0377955) (5,3,0.0279793) (6,3,0.0378458) (7,3,0.0397871) (8,3,0.027301) (11,3,0.000568937) (15,3,-0.0290702) (0,4,0.036302) (1,4,0.0354044) (2,4,0.0193532) (3,4,0.0377955) (4,4,0.0795775) (5,4,0.017736) (6,4,0.0321114) (7,4,0.03768) (9,4,0.0380051) (12,4,0.035399) (15,4,0.0361048) (16,4,0.0126875) (0,5,0.00160121) (1,5,-0.000471615) (2,5,0.0397467) (3,5,0.0279793) (4,5,0.017736) (5,5,0.0795775) (6,5,0.0353453) (7,5,0.0282373) (17,5,0.0012165) (0,6,0.0196793) (1,6,0.0178515) (2,6,0.0361472) (3,6,0.0378458) (4,6,0.0321114) (5,6,0.0353453) (6,6,0.0795775) (7,6,0.0379567) (10,6,0.0355371) (13,6,0.0377889) (16,6,0.0120289) (18,6,-0.0178221) (0,7,0.0291457) (1,7,0.0276954) (2,7,0.029495) (3,7,0.0397871) (4,7,0.03768) (5,7,0.0282373) (6,7,0.0379567) (7,7,0.0795775) (14,7,0.0376564) (17,7,0.0271557) (18,7,0.0276718) (0,8,-0.000658541) (3,8,0.027301) (8,8,0.0795775) (9,8,0.0267959) (10,8,0.0397653) (11,8,0.0293322) (15,8,-0.00018317) (0,9,-0.0298525) (4,9,0.0380051) (8,9,0.0267959) (9,9,0.0795775) (10,9,0.027789) (12,9,0.0284337) (15,9,0.029536) (16,9,0.000954191) (0,10,-0.0020228) (6,10,0.0355371) (8,10,0.0397653) (9,10,0.027789) (10,10,0.0795775) (13,10,0.0281488) (16,10,0.0278019) (18,10,8.24553e-05) (1,11,0.02791) (3,11,0.000568937) (8,11,0.0293322) (11,11,0.0795775) (15,11,0.026749) (2,12,-0.00134448) (4,12,0.035399) (9,12,0.0284337) (12,12,0.0795775) (13,12,0.0280776) (14,12,0.0354324) (15,12,0.0397562) (16,12,0.0285068) (2,13,-0.0291247) (6,13,0.0377889) (10,13,0.0281488) (12,13,0.0280776) (13,13,0.0795775) (14,13,0.0378297) (16,13,-0.000448492) (18,13,-0.0280626) (2,14,-0.0192892) (7,14,0.0376564) (12,14,0.0354324) (13,14,0.0378297) (14,14,0.0795775) (17,14,0.0350927) (18,14,0.0354228) (3,15,-0.0290702) (4,15,0.0361048) (8,15,-0.00018317) (9,15,0.029536) (11,15,0.026749) (12,15,0.0397562) (15,15,0.0795775) (16,15,0.0273608) (4,16,0.0126875) (6,16,0.0120289) (9,16,0.000954191) (10,16,0.0278019) (12,16,0.0285068) (13,16,-0.000448492) (15,16,0.0273608) (16,16,0.0795775) (18,16,0.0285215) (5,17,0.0012165) (7,17,0.0271557) (14,17,0.0350927) (17,17,0.0795775) (18,17,0.0397824) (6,18,-0.0178221) (7,18,0.0276718) (10,18,8.24553e-05) (13,18,-0.0280626) (14,18,0.0354228) (16,18,0.0285215) (17,18,0.0397824) (18,18,0.0795775) 
Minv:
size: 27 27
(0,0,0.0397887) (1,1,0.0397887) (2,2,0.0795775) (3,3,0.0397887) (4,4,0.0397887) (5,5,0.0795775) (6,6,0.0397887) (7,7,0.0397887) (8,8,0.0795775) (9,9,0.0397887) (10,10,0.0397887) (11,11,0.0795775) (12,12,0.0397887) (13,13,0.0397887) (14,14,0.0795775) (15,15,0.0397887) (16,16,0.0397887) (17,17,0.0795775) (18,18,0.0397887) (19,19,0.0397887) (20,20,0.0795775) (21,21,0.0397887) (22,22,0.0397887) (23,23,0.0795775) (24,24,0.0397887) (25,25,0.0397887) (26,26,0.0795775) 
v0:
size: 27 1
(0,0,0.977246) (1,0,0.662037) (2,0,0) (3,0,-0.183455) (4,0,0.111822) (5,0,0) (6,0,-0.526939) (7,0,0.442649) (8,0,0) (9,0,0.546306) (10,0,0.204564) (11,0,0) (12,0,-0.905318) (13,0,0.458165) (14,0,0) (15,0,-0.156051) (16,0,0.0176047) (17,0,0) (18,0,0.834647) (19,0,-0.630916) (20,0,0) (21,0,-0.573603) (22,0,-0.163214) (23,0,0) (24,0,0.27081) (25,0,-0.741964) (26,0,0) 
ipopt_sol:
size: 19 1
(0,0,0) (1,0,0) (2,0,0) (3,0,31.2695) (4,0,0) (5,0,0) (6,0,23.1853) (7,0,0.672379) (8,0,7.79624) (9,0,0) (10,0,0) (11,0,0) (12,0,0) (13,0,25.5359) (14,0,0) (15,0,21.6673) (16,0,0) (17,0,0) (18,0,28.4375) 
policy_sol:
size: 19 1
(0,0,0) (1,0,0) (2,0,0) (3,0,31.2695) (4,0,0) (5,0,0) (6,0,23.1853) (7,0,0.672379) (8,0,7.79624) (9,0,0) (10,0,0) (11,0,0) (12,0,0) (13,0,25.5359) (14,0,0) (15,0,21.6673) (16,0,0) (17,0,0) (18,0,28.4375) 

policy_converges:
1
ipopt_converges:
0
