solve status: 0
N:
size: 27 18
(0,0,0.0095437) (1,0,-0.999954) (6,0,-0.0095437) (7,0,0.999954) (0,1,-0.685945) (1,1,-0.727653) (12,1,0.685945) (13,1,0.727653) (0,2,-0.441806) (1,2,-0.89711) (15,2,0.441806) (16,2,0.89711) (3,3,-0.0459483) (4,3,-0.998944) (6,3,0.0459483) (7,3,0.998944) (3,4,-0.999844) (4,4,-0.0176573) (12,4,0.999844) (13,4,0.0176573) (3,5,-0.71948) (4,5,-0.694514) (15,5,0.71948) (16,5,0.694514) (6,6,-0.458354) (7,6,0.88877) (9,6,0.458354) (10,6,-0.88877) (6,7,-0.71153) (7,7,0.702656) (12,7,0.71153) (13,7,-0.702656) (6,8,-0.999233) (7,8,-0.0391511) (15,8,0.999233) (16,8,0.0391511) (6,9,-0.704083) (7,9,0.710118) (18,9,0.704083) (19,9,-0.710118) (9,10,0.0348427) (10,10,-0.999393) (12,10,-0.0348427) (13,10,0.999393) (9,11,-0.00119623) (10,11,-0.999999) (15,11,0.00119623) (16,11,0.999999) (9,12,-0.723739) (10,12,-0.690074) (21,12,0.723739) (22,12,0.690074) (12,13,-0.0369612) (13,13,-0.999317) (15,13,0.0369612) (16,13,0.999317) (15,14,-0.43333) (16,14,0.901235) (18,14,0.43333) (19,14,-0.901235) (15,15,-0.6612) (16,15,0.750209) (21,15,0.6612) (22,15,-0.750209) (18,16,0.035268) (19,16,-0.999378) (21,16,-0.035268) (22,16,0.999378) (18,17,0.034112) (19,17,-0.999418) (24,17,-0.034112) (25,17,0.999418) 
Q:
size: 18 18
(0,0,0.0795775) (1,0,0.0286906) (2,0,0.0355255) (3,0,0.0397275) (6,0,0.0355355) (7,0,0.0282267) (8,0,-0.00117826) (9,0,0.0285208) (0,1,0.0286906) (1,1,0.0795775) (2,1,0.0380317) (4,1,0.0277998) (7,1,-0.000923892) (10,1,0.0279839) (13,1,-0.0299414) (0,2,0.0355255) (1,2,0.0380317) (2,2,0.0795775) (5,2,0.0374383) (8,2,0.0189629) (11,2,0.0357159) (13,2,0.0363202) (14,2,0.024552) (15,2,0.0151555) (0,3,0.0397275) (3,3,0.0795775) (4,3,0.00252976) (5,3,0.02892) (6,3,0.0344877) (7,3,0.0266274) (8,3,-0.00338295) (9,3,0.0269376) (1,4,0.0277998) (3,4,0.00252976) (4,4,0.0795775) (5,4,0.0291107) (7,4,0.0278128) (10,4,-0.000683999) (13,4,-0.00217249) (2,5,0.0374383) (3,5,0.02892) (4,5,0.0291107) (5,5,0.0795775) (8,5,0.0296871) (11,5,0.027668) (13,5,0.028673) (14,5,0.0124996) (15,5,0.00180285) (0,6,0.0355355) (3,6,0.0344877) (6,6,0.0795775) (7,6,0.0378244) (8,6,0.0168389) (9,6,0.0379525) (10,6,0.035977) (11,6,0.0353412) (12,6,0.011204) (0,7,0.0282267) (1,7,-0.000923892) (3,7,0.0266274) (4,7,0.0278128) (6,7,0.0378244) (7,7,0.0795775) (8,7,0.0271946) (9,7,0.0397865) (10,7,-0.0289273) (13,7,0.0268923) (0,8,-0.00117826) (2,8,0.0189629) (3,8,-0.00338295) (5,8,0.0296871) (6,8,0.0168389) (7,8,0.0271946) (8,8,0.0795775) (9,8,0.0268869) (11,8,0.00160533) (13,8,0.00302622) (14,8,-0.0158245) (15,8,-0.0251195) (0,9,0.0285208) (3,9,0.0269376) (6,9,0.0379525) (7,9,0.0397865) (8,9,0.0268869) (9,9,0.0795775) (14,9,0.0376037) (16,9,0.0292251) (17,9,0.0291939) (1,10,0.0279839) (4,10,-0.000683999) (6,10,0.035977) (7,10,-0.0289273) (10,10,0.0795775) (11,10,0.0397629) (12,10,0.0264372) (13,10,-0.0396862) (2,11,0.0357159) (5,11,0.027668) (6,11,0.0353412) (8,11,0.00160533) (10,11,0.0397629) (11,11,0.0795775) (12,11,0.0274916) (13,11,0.0397633) (14,11,0.0358384) (15,11,0.0298184) (6,12,0.011204) (10,12,0.0264372) (11,12,0.0274916) (12,12,0.0795775) (15,12,-0.00155828) (16,12,0.0264245) (1,13,-0.0299414) (2,13,0.0363202) (4,13,-0.00217249) (5,13,0.028673) (7,13,0.0268923) (8,13,0.00302622) (10,13,-0.0396862) (11,13,0.0397633) (13,13,0.0795775) (14,13,0.0351972) (15,13,0.0288571) (2,14,0.024552) (5,14,0.0124996) (8,14,-0.0158245) (9,14,0.0376037) (11,14,0.0358384) (13,14,0.0351972) (14,14,0.0795775) (15,14,0.038302) (16,14,0.0364448) (17,14,0.0364263) (2,15,0.0151555) (5,15,0.00180285) (8,15,-0.0251195) (11,15,0.0298184) (12,15,-0.00155828) (13,15,0.0288571) (14,15,0.038302) (15,15,0.0795775) (16,15,-0.0307592) (9,16,0.0292251) (12,16,0.0264245) (14,16,0.0364448) (15,16,-0.0307592) (16,16,0.0795775) (17,16,0.0397887) (9,17,0.0291939) (14,17,0.0364263) (16,17,0.0397887) (17,17,0.0795775) 
Minv:
size: 27 27
(0,0,0.0397887) (1,1,0.0397887) (2,2,0.0795775) (3,3,0.0397887) (4,4,0.0397887) (5,5,0.0795775) (6,6,0.0397887) (7,7,0.0397887) (8,8,0.0795775) (9,9,0.0397887) (10,10,0.0397887) (11,11,0.0795775) (12,12,0.0397887) (13,13,0.0397887) (14,14,0.0795775) (15,15,0.0397887) (16,16,0.0397887) (17,17,0.0795775) (18,18,0.0397887) (19,19,0.0397887) (20,20,0.0795775) (21,21,0.0397887) (22,22,0.0397887) (23,23,0.0795775) (24,24,0.0397887) (25,25,0.0397887) (26,26,0.0795775) 
v0:
size: 27 1
(0,0,-0.501563) (1,0,0.102022) (2,0,0) (3,0,-0.641709) (4,0,0.468331) (5,0,0) (6,0,-0.300296) (7,0,-0.416518) (8,0,0) (9,0,-0.276347) (10,0,0.389747) (11,0,0) (12,0,-0.771531) (13,0,-0.202507) (14,0,0) (15,0,-0.358444) (16,0,-0.867966) (17,0,0) (18,0,0.494682) (19,0,0.565691) (20,0,0) (21,0,0.0718876) (22,0,-0.232865) (23,0,0) (24,0,0.874176) (25,0,0.504463) (26,0,0) 
ipopt_sol:
size: 18 1
(0,0,0) (1,0,12.2738) (2,0,0) (3,0,20.7542) (4,0,0) (5,0,0) (6,0,0) (7,0,3.29881) (8,0,0.872638) (9,0,0) (10,0,0) (11,0,28.9225) (12,0,0) (13,0,5.34776) (14,0,0) (15,0,6.37342e-09) (16,0,19.6827) (17,0,0) 
policy_sol:
size: 18 1
(0,0,0) (1,0,12.2738) (2,0,0) (3,0,20.7542) (4,0,0) (5,0,0) (6,0,0) (7,0,3.29881) (8,0,0.872638) (9,0,0) (10,0,0) (11,0,28.9225) (12,0,0) (13,0,5.34776) (14,0,0) (15,0,0) (16,0,19.6827) (17,0,0) 

policy_converges:
1
ipopt_converges:
0
