Git Revision:     18345a57b34405566a64d0bf3d2a118f1cdbade3
Build Mode:       Debug
C Compiler:       /usr/bin/cc
C++ Compiler:     /usr/bin/c++
Fortran Compiler: gfortran
Body count: 9
No end time specified. Simulation will run indefinitely.
N:
size: 27 17
(0,0,-0.0483612) (1,0,-0.99883) (3,0,0.0483612) (4,0,0.99883) (3,1,-0.693013) (4,1,0.720925) (9,1,0.693013) (10,1,-0.720925) (3,2,-0.88822) (4,2,0.459418) (18,2,0.88822) (19,2,-0.459418) (3,3,-0.999968) (4,3,0.0079887) (21,3,0.999968) (22,3,-0.0079887) (3,4,-0.899499) (4,4,-0.436922) (24,4,0.899499) (25,4,0.436922) (6,5,-0.999766) (7,5,0.0216532) (15,5,0.999766) (16,5,-0.0216532) (6,6,-0.891856) (7,6,0.452319) (21,6,0.891856) (22,6,-0.452319) (6,7,-0.999479) (7,7,0.0322623) (24,7,0.999479) (25,7,-0.0322623) (9,8,-0.998731) (10,8,0.0503703) (18,8,0.998731) (19,8,-0.0503703) (9,9,-0.455782) (10,9,-0.890091) (24,9,0.455782) (25,9,0.890091) (12,10,-0.71354) (13,10,0.700614) (18,10,0.71354) (19,10,-0.700614) (12,11,-1) (13,11,-0.000443593) (21,11,1) (22,11,0.000443593) (12,12,-0.711079) (13,12,-0.703112) (24,12,0.711079) (25,12,0.703112) (15,13,-0.696213) (16,13,0.717835) (21,13,0.696213) (22,13,-0.717835) (15,14,-0.999031) (16,14,0.0440122) (24,14,0.999031) (25,14,-0.0440122) (18,15,0.0384615) (19,15,-0.99926) (24,15,-0.0384615) (25,15,0.99926) (21,16,0.0270736) (22,16,-0.999633) (24,16,-0.0270736) (25,16,0.999633) 
Q:
size: 17 17
(0,0,0.0795775) (1,0,0.0273176) (2,0,0.0165491) (3,0,-0.00160668) (4,0,-0.0190951) (0,1,0.0273176) (1,1,0.0795775) (2,1,0.0376702) (3,1,0.0278024) (4,1,0.0122699) (8,1,-0.028984) (9,1,0.0129642) (0,2,0.0165491) (1,2,0.0376702) (2,2,0.0795775) (3,2,0.0354861) (4,2,0.0238025) (8,2,0.036217) (10,2,0.0380243) (15,2,0.0196254) (0,3,-0.00160668) (1,3,0.0278024) (2,3,0.0354861) (3,3,0.0795775) (4,3,0.0356499) (6,3,0.0356285) (11,3,0.0397873) (13,3,0.0279287) (16,3,0.00139493) (0,4,-0.0190951) (1,4,0.0122699) (2,4,0.0238025) (3,4,0.0356499) (4,4,0.0795775) (7,4,0.0352104) (9,4,0.0317863) (12,4,0.0376728) (14,4,0.0349901) (15,4,0.0159952) (16,4,0.0164092) (5,5,0.0795775) (6,5,0.0358672) (7,5,0.0397865) (13,5,-0.0283134) (14,5,-0.0397788) (3,6,0.0356285) (5,6,0.0358672) (6,6,0.0795775) (7,6,0.036048) (11,6,0.0354779) (13,6,0.0376247) (16,6,0.0189513) (4,7,0.0352104) (5,7,0.0397865) (6,7,0.036048) (7,7,0.0795775) (9,7,0.016983) (12,7,0.0273756) (14,7,0.039786) (15,7,-0.00281227) (16,7,-0.00235987) (1,8,-0.028984) (2,8,0.036217) (8,8,0.0795775) (9,8,0.0163281) (10,8,0.029759) (15,8,0.00353108) (1,9,0.0129642) (4,9,0.0317863) (7,9,0.016983) (8,9,0.0163281) (9,9,0.0795775) (12,9,0.0377966) (14,9,0.0165587) (15,9,0.0346919) (16,9,0.0349116) (2,10,0.0380243) (8,10,0.029759) (10,10,0.0795775) (11,10,0.0283785) (12,10,0.000587798) (15,10,0.0289479) (3,11,0.0397873) (6,11,0.0354779) (10,11,0.0283785) (11,11,0.0795775) (12,11,0.0283053) (13,11,0.0276888) (16,11,0.00105958) (4,12,0.0376728) (7,12,0.0273756) (9,12,0.0377966) (10,12,0.000587798) (11,12,0.0283053) (12,12,0.0795775) (14,12,0.0270342) (15,12,0.0268671) (16,12,0.0271997) (3,13,0.0279287) (5,13,-0.0283134) (6,13,0.0376247) (11,13,0.0276888) (13,13,0.0795775) (14,13,0.0289317) (16,13,0.0293013) (4,14,0.0349901) (5,14,-0.0397788) (7,14,0.039786) (9,14,0.0165587) (12,14,0.0270342) (13,14,0.0289317) (14,14,0.0795775) (15,14,-0.00327875) (16,14,-0.00282673) (2,15,0.0196254) (4,15,0.0159952) (7,15,-0.00281227) (8,15,0.00353108) (9,15,0.0346919) (10,15,0.0289479) (12,15,0.0268671) (14,15,-0.00327875) (15,15,0.0795775) (16,15,0.0397862) (3,16,0.00139493) (4,16,0.0164092) (6,16,0.0189513) (7,16,-0.00235987) (9,16,0.0349116) (11,16,0.00105958) (12,16,0.0271997) (13,16,0.0293013) (14,16,-0.00282673) (15,16,0.0397862) (16,16,0.0795775) 
Minv:
size: 27 27
(0,0,0.0397887) (1,1,0.0397887) (2,2,0.0795775) (3,3,0.0397887) (4,4,0.0397887) (5,5,0.0795775) (6,6,0.0397887) (7,7,0.0397887) (8,8,0.0795775) (9,9,0.0397887) (10,10,0.0397887) (11,11,0.0795775) (12,12,0.0397887) (13,13,0.0397887) (14,14,0.0795775) (15,15,0.0397887) (16,16,0.0397887) (17,17,0.0795775) (18,18,0.0397887) (19,19,0.0397887) (20,20,0.0795775) (21,21,0.0397887) (22,22,0.0397887) (23,23,0.0795775) (24,24,0.0397887) (25,25,0.0397887) (26,26,0.0795775) 
v0:
size: 27 1
(0,0,-0.951939) (1,0,0.383149) (2,0,0) (3,0,0.682582) (4,0,0.00452865) (5,0,0) (6,0,0.325153) (7,0,0.833915) (8,0,0) (9,0,0.1995) (10,0,-0.192059) (11,0,0) (12,0,0.87623) (13,0,0.529841) (14,0,0) (15,0,0.301335) (16,0,0.800054) (17,0,0) (18,0,-0.0558709) (19,0,0.342125) (20,0,0) (21,0,-0.0293024) (22,0,0.714817) (23,0,0) (24,0,-0.0598762) (25,0,-0.170795) (26,0,0) 
ipopt_sol:
size: 17 1
(0,0,3.83519) (1,0,1.86989e-07) (2,0,19.0784) (3,0,0.360858) (4,0,1.15665) (5,0,9.93538e-06) (6,0,1.70684e-07) (7,0,2.81684) (8,0,7.05182e-07) (9,0,7.4721e-08) (10,0,6.1157e-07) (11,0,16.8668) (12,0,15.4287) (13,0,1.26241e-07) (14,0,1.42754) (15,0,2.00755e-07) (16,0,16.6202) 
policy_sol:
size: 17 1
(0,0,3.83519) (1,0,0) (2,0,19.0784) (3,0,0.360845) (4,0,1.15666) (5,0,0) (6,0,0) (7,0,2.81685) (8,0,0) (9,0,0) (10,0,0) (11,0,16.8668) (12,0,15.4287) (13,0,0) (14,0,1.42753) (15,0,0) (16,0,16.6202) 

policy_converges:
1
ipopt_converges:
0
