solve status: 0
N:
size: 27 14
(0,0,-0.0328705) (1,0,-0.99946) (3,0,0.0328705) (4,0,0.99946) (0,1,0.0137747) (1,1,-0.999905) (6,1,-0.0137747) (7,1,0.999905) (0,2,-0.999579) (1,2,0.0290006) (18,2,0.999579) (19,2,-0.0290006) (3,3,-0.898897) (4,3,0.438159) (18,3,0.898897) (19,3,-0.438159) (3,4,-0.999299) (4,4,-0.0374463) (21,4,0.999299) (22,4,0.0374463) (6,5,-0.702715) (7,5,0.711472) (12,5,0.702715) (13,5,-0.711472) (6,6,-0.710884) (7,6,0.703309) (18,6,0.710884) (19,6,-0.703309) (6,7,-0.900319) (7,7,0.435231) (21,7,0.900319) (22,7,-0.435231) (9,8,-0.999979) (10,8,0.00650831) (18,8,0.999979) (19,8,-0.00650831) (12,9,-0.0871495) (13,9,-0.996195) (15,9,0.0871495) (16,9,0.996195) (12,10,-0.718834) (13,10,0.695181) (18,10,0.718834) (19,10,-0.695181) (12,11,-0.999415) (13,11,-0.034212) (21,11,0.999415) (22,11,0.034212) (15,12,-0.427813) (16,12,0.903867) (18,12,0.427813) (19,12,-0.903867) (15,13,-0.693758) (16,13,0.720208) (21,13,0.693758) (22,13,-0.720208) 
Q:
size: 14 14
(0,0,0.0795775) (1,0,0.0397454) (2,0,0.000154051) (3,0,0.0162487) (4,0,-0.00279609) (0,1,0.0397454) (1,1,0.0795775) (2,1,-0.00170163) (5,1,0.028691) (6,1,0.0283707) (7,1,0.0178091) (0,2,0.000154051) (1,2,-0.00170163) (2,2,0.0795775) (3,2,0.0362565) (6,2,0.0290848) (8,2,0.0397787) (10,2,0.0293916) (12,2,0.0180579) (0,3,0.0162487) (2,3,0.0362565) (3,3,0.0795775) (4,3,0.0350881) (6,3,0.0376868) (8,3,0.0358787) (10,3,0.0378295) (12,3,0.031059) (0,4,-0.00279609) (3,4,0.0350881) (4,4,0.0795775) (7,4,0.035149) (11,4,0.0397885) (13,4,0.0265113) (1,5,0.028691) (5,5,0.0795775) (6,5,0.0397861) (7,5,0.0374938) (9,5,0.0257641) (10,5,-0.0397783) (11,5,-0.0269753) (1,6,0.0283707) (2,6,0.0290848) (3,6,0.0376868) (5,6,0.0397861) (6,6,0.0795775) (7,6,0.0376451) (8,6,0.0284667) (10,6,0.0397862) (12,6,0.0373944) (1,7,0.0178091) (4,7,0.035149) (5,7,0.0374938) (6,7,0.0376451) (7,7,0.0795775) (11,7,0.0352091) (13,7,0.0373242) (2,8,0.0397787) (3,8,0.0358787) (6,8,0.0284667) (8,8,0.0795775) (10,8,0.0287809) (12,8,0.0172558) (5,9,0.0257641) (9,9,0.0795775) (10,9,-0.0250625) (11,9,0.00482161) (12,9,0.0343434) (13,9,0.0261415) (2,10,0.0293916) (3,10,0.0378295) (5,10,-0.0397783) (6,10,0.0397862) (8,10,0.0287809) (9,10,-0.0250625) (10,10,0.0795775) (11,10,0.0276385) (12,10,0.0372374) (4,11,0.0397885) (5,11,-0.0269753) (7,11,0.0352091) (9,11,0.00482161) (10,11,0.0276385) (11,11,0.0795775) (13,11,0.0266072) (2,12,0.0180579) (3,12,0.031059) (6,12,0.0373944) (8,12,0.0172558) (9,12,0.0343434) (10,12,0.0372374) (12,12,0.0795775) (13,12,0.0377106) (4,13,0.0265113) (7,13,0.0373242) (9,13,0.0261415) (11,13,0.0266072) (12,13,0.0377106) (13,13,0.0795775) 
Minv:
size: 27 27
(0,0,0.0397887) (1,1,0.0397887) (2,2,0.0795775) (3,3,0.0397887) (4,4,0.0397887) (5,5,0.0795775) (6,6,0.0397887) (7,7,0.0397887) (8,8,0.0795775) (9,9,0.0397887) (10,10,0.0397887) (11,11,0.0795775) (12,12,0.0397887) (13,13,0.0397887) (14,14,0.0795775) (15,15,0.0397887) (16,16,0.0397887) (17,17,0.0795775) (18,18,0.0397887) (19,19,0.0397887) (20,20,0.0795775) (21,21,0.0397887) (22,22,0.0397887) (23,23,0.0795775) (24,24,0.0397887) (25,25,0.0397887) (26,26,0.0795775) 
v0:
size: 27 1
(0,0,-0.728439) (1,0,-0.247616) (2,0,0) (3,0,0.416472) (4,0,-0.624533) (5,0,0) (6,0,0.412329) (7,0,-0.467133) (8,0,0) (9,0,0.742614) (10,0,-0.493946) (11,0,0) (12,0,0.433469) (13,0,0.404892) (14,0,0) (15,0,0.817472) (16,0,0.269002) (17,0,0) (18,0,-0.760549) (19,0,0.338702) (20,0,0) (21,0,-0.0750961) (22,0,0.74665) (23,0,0) (24,0,0.888516) (25,0,0.988317) (26,0,0) 
ipopt_sol:
size: 14 1
(0,0,4.40525) (1,0,0) (2,0,0) (3,0,20.1617) (4,0,0) (5,0,23.6474) (6,0,0) (7,0,0) (8,0,25.1859) (9,0,0) (10,0,10.0587) (11,0,10.0298) (12,0,0) (13,0,20.8552) 
policy_sol:
size: 14 1
(0,0,4.40525) (1,0,0) (2,0,0) (3,0,20.1617) (4,0,0) (5,0,23.6474) (6,0,0) (7,0,0) (8,0,25.1859) (9,0,0) (10,0,10.0587) (11,0,10.0298) (12,0,0) (13,0,20.8552) 

policy_converges:
1
ipopt_converges:
0
