solve status: 0
N:
size: 27 19
(0,0,0.032611) (1,0,-0.999468) (3,0,-0.032611) (4,0,0.999468) (0,1,-0.0176991) (1,1,-0.999843) (6,1,0.0176991) (7,1,0.999843) (0,2,-0.438587) (1,2,-0.898689) (15,2,0.438587) (16,2,0.898689) (0,3,-0.999865) (1,3,0.0164498) (18,3,0.999865) (19,3,-0.0164498) (0,4,-0.886839) (1,4,-0.462079) (21,4,0.886839) (22,4,0.462079) (0,5,-0.701444) (1,5,-0.712725) (24,5,0.701444) (25,5,0.712725) (6,6,-0.662922) (7,6,0.748688) (12,6,0.662922) (13,6,-0.748688) (6,7,-0.999678) (7,7,0.0253584) (15,7,0.999678) (16,7,-0.0253584) (6,8,-0.69357) (7,8,0.720389) (18,8,0.69357) (19,8,-0.720389) (6,9,-0.999653) (7,9,0.0263435) (24,9,0.999653) (25,9,-0.0263435) (9,10,-0.999792) (10,10,0.0203862) (18,10,0.999792) (19,10,-0.0203862) (9,11,-0.680881) (10,11,-0.732394) (21,11,0.680881) (22,11,0.732394) (12,12,-0.0166097) (13,12,-0.999862) (15,12,0.0166097) (16,12,0.999862) (12,13,-0.721587) (13,13,0.692323) (18,13,0.721587) (19,13,-0.692323) (12,14,-0.999032) (13,14,-0.0439983) (21,14,0.999032) (22,14,0.0439983) (12,15,-0.703778) (13,15,-0.71042) (24,15,0.703778) (25,15,0.71042) (15,16,-0.455469) (16,16,0.890252) (18,16,0.455469) (19,16,-0.890252) (18,17,0.0453157) (19,17,-0.998973) (21,17,-0.0453157) (22,17,0.998973) (18,18,0.036798) (19,18,-0.999323) (24,18,-0.036798) (25,18,0.999323) 
Q:
size: 19 19
(0,0,0.0795775) (1,0,0.0397384) (2,0,0.0351696) (3,0,-0.00195155) (4,0,0.017225) (5,0,0.0274332) (0,1,0.0397384) (1,1,0.0795775) (2,1,0.036061) (3,1,4.97151e-05) (4,1,0.0190072) (5,1,0.0288479) (6,1,0.0293178) (7,1,0.000304821) (8,1,0.0281705) (9,1,0.000344028) (0,2,0.0351696) (1,2,0.036061) (2,2,0.0795775) (3,2,0.0168602) (4,2,0.0319989) (5,2,0.0377262) (7,2,0.0165384) (12,2,0.0360426) (16,2,0.023885) (0,3,-0.00195155) (1,3,4.97151e-05) (2,3,0.0168602) (3,3,0.0795775) (4,3,0.034979) (5,3,0.0274393) (8,3,0.028064) (10,3,0.0397884) (13,3,0.0291603) (16,3,0.0187028) (17,3,0.00245666) (18,3,0.00211802) (0,4,0.017225) (1,4,0.0190072) (2,4,0.0319989) (3,4,0.034979) (4,4,0.0795775) (5,4,0.0378551) (11,4,0.0374912) (14,4,0.036061) (17,4,0.0167676) (0,5,0.0274332) (1,5,0.0288479) (2,5,0.0377262) (3,5,0.0274393) (4,5,0.0378551) (5,5,0.0795775) (9,5,0.0271528) (15,5,0.0397885) (18,5,0.0273122) (1,6,0.0293178) (6,6,0.0795775) (7,6,0.0271238) (8,6,0.0397541) (9,6,0.0271524) (12,6,0.0293471) (13,6,-0.0396571) (14,6,-0.0250406) (15,6,0.00259951) (1,7,0.000304821) (2,7,0.0165384) (6,7,0.0271238) (7,7,0.0795775) (8,7,0.0283143) (9,7,0.0397887) (12,7,-0.000348174) (16,7,-0.019015) (1,8,0.0281705) (3,8,0.028064) (6,8,0.0397541) (7,8,0.0283143) (8,8,0.0795775) (9,8,0.0283418) (10,8,0.0281749) (13,8,0.0397574) (16,8,0.0380869) (17,8,0.0298845) (18,8,0.0296595) (1,9,0.000344028) (5,9,0.0271528) (6,9,0.0271524) (7,9,0.0397887) (8,9,0.0283418) (9,9,0.0795775) (15,9,0.0272481) (18,9,-0.0025111) (3,10,0.0397884) (8,10,0.0281749) (10,10,0.0795775) (11,10,0.0264917) (13,10,0.0292667) (16,10,0.0188409) (17,10,0.00261299) (18,10,0.00227443) (4,11,0.0374912) (10,11,0.0264917) (11,11,0.0795775) (14,11,0.0283473) (17,11,0.0278834) (2,12,0.0360426) (6,12,0.0293471) (7,12,-0.000348174) (12,12,0.0795775) (13,12,-0.027066) (14,12,0.00241063) (15,12,0.0287279) (16,12,0.0351161) (3,13,0.0291603) (6,13,-0.0396571) (8,13,0.0397574) (10,13,0.0292667) (12,13,-0.027066) (13,13,0.0795775) (14,13,0.0274712) (15,13,0.0006365) (16,13,0.0376005) (17,13,0.0288194) (18,13,0.0285845) (4,14,0.036061) (6,14,-0.0250406) (11,14,0.0283473) (12,14,0.00241063) (13,14,0.0274712) (14,14,0.0795775) (15,14,0.029219) (17,14,-5.24697e-05) (5,15,0.0397885) (6,15,0.00259951) (9,15,0.0272481) (12,15,0.0287279) (13,15,0.0006365) (14,15,0.029219) (15,15,0.0795775) (18,15,0.0272171) (2,16,0.023885) (3,16,0.0187028) (7,16,-0.019015) (8,16,0.0380869) (10,16,0.0188409) (12,16,0.0351161) (13,16,0.0376005) (16,16,0.0795775) (17,16,0.0362068) (18,16,0.0360649) (3,17,0.00245666) (4,17,0.0167676) (8,17,0.0298845) (10,17,0.00261299) (11,17,0.0278834) (13,17,0.0288194) (14,17,-5.24697e-05) (16,17,0.0362068) (17,17,0.0795775) (18,17,0.0397873) (3,18,0.00211802) (5,18,0.0273122) (8,18,0.0296595) (9,18,-0.0025111) (10,18,0.00227443) (13,18,0.0285845) (15,18,0.0272171) (16,18,0.0360649) (17,18,0.0397873) (18,18,0.0795775) 
Minv:
size: 27 27
(0,0,0.0397887) (1,1,0.0397887) (2,2,0.0795775) (3,3,0.0397887) (4,4,0.0397887) (5,5,0.0795775) (6,6,0.0397887) (7,7,0.0397887) (8,8,0.0795775) (9,9,0.0397887) (10,10,0.0397887) (11,11,0.0795775) (12,12,0.0397887) (13,13,0.0397887) (14,14,0.0795775) (15,15,0.0397887) (16,16,0.0397887) (17,17,0.0795775) (18,18,0.0397887) (19,19,0.0397887) (20,20,0.0795775) (21,21,0.0397887) (22,22,0.0397887) (23,23,0.0795775) (24,24,0.0397887) (25,25,0.0397887) (26,26,0.0795775) 
v0:
size: 27 1
(0,0,-0.266277) (1,0,0.745509) (2,0,0) (3,0,-0.820291) (4,0,0.496424) (5,0,0) (6,0,0.79005) (7,0,0.611419) (8,0,0) (9,0,0.465297) (10,0,-0.644662) (11,0,0) (12,0,0.66011) (13,0,0.59188) (14,0,0) (15,0,0.0180043) (16,0,0.33047) (17,0,0) (18,0,-0.748823) (19,0,0.486821) (20,0,0) (21,0,0.341739) (22,0,-0.722074) (23,0,0) (24,0,0.412682) (25,0,-0.608435) (26,0,0) 
ipopt_sol:
size: 19 1
(0,0,5.80279) (1,0,6.00227e-09) (2,0,0) (3,0,0) (4,0,0) (5,0,0) (6,0,0) (7,0,19.2183) (8,0,0) (9,0,0) (10,0,29.9555) (11,0,0) (12,0,0) (13,0,0.159024) (14,0,0.764159) (15,0,23.5471) (16,0,0) (17,0,27.6601) (18,0,5.78587) 
policy_sol:
size: 19 1
(0,0,5.80279) (1,0,0) (2,0,0) (3,0,0) (4,0,0) (5,0,0) (6,0,0) (7,0,19.2183) (8,0,0) (9,0,0) (10,0,29.9555) (11,0,0) (12,0,0) (13,0,0.159024) (14,0,0.764159) (15,0,23.5471) (16,0,0) (17,0,27.6601) (18,0,5.78587) 

policy_converges:
1
ipopt_converges:
0
