Git Revision:     18345a57b34405566a64d0bf3d2a118f1cdbade3
Build Mode:       Debug
C Compiler:       /usr/bin/cc
C++ Compiler:     /usr/bin/c++
Fortran Compiler: gfortran
Body count: 9
No end time specified. Simulation will run indefinitely.
N:
size: 27 17
(0,0,0.00469824) (1,0,-0.999989) (6,0,-0.00469824) (7,0,0.999989) (0,1,-0.999983) (1,1,0.00585542) (18,1,0.999983) (19,1,-0.00585542) (3,2,0.0287351) (4,2,-0.999587) (6,2,-0.0287351) (7,2,0.999587) (3,3,-0.895723) (4,3,0.444612) (18,3,0.895723) (19,3,-0.444612) (6,4,-0.700483) (7,4,0.713669) (18,4,0.700483) (19,4,-0.713669) (9,5,0.034038) (10,5,-0.999421) (12,5,-0.034038) (13,5,0.999421) (9,6,0.0439107) (10,6,-0.999035) (15,6,-0.0439107) (16,6,0.999035) (9,7,-0.999878) (10,7,-0.0156184) (18,7,0.999878) (19,7,0.0156184) (9,8,-0.696946) (10,8,-0.717123) (21,8,0.696946) (22,8,0.717123) (9,9,-0.43852) (10,9,-0.898721) (24,9,0.43852) (25,9,0.898721) (12,10,-0.702147) (13,10,0.712032) (18,10,0.702147) (19,10,-0.712032) (12,11,-0.999996) (13,11,0.00271566) (21,11,0.999996) (22,11,-0.00271566) (12,12,-0.69935) (13,12,-0.71478) (24,12,0.69935) (25,12,0.71478) (15,13,-0.459241) (16,13,0.888312) (18,13,0.459241) (19,13,-0.888312) (18,14,-0.0321408) (19,14,-0.999483) (21,14,0.0321408) (22,14,0.999483) (18,15,-0.0339451) (19,15,-0.999424) (24,15,0.0339451) (25,15,0.999424) (21,16,-0.0356064) (22,16,-0.999366) (24,16,0.0356064) (25,16,0.999366) 
Q:
size: 17 17
(0,0,0.0795775) (1,0,-0.000419911) (2,0,0.0397772) (4,0,0.0285266) (0,1,-0.000419911) (1,1,0.0795775) (3,1,0.0357427) (4,1,0.0280371) (7,1,0.0397796) (10,1,0.028103) (13,1,0.0184793) (14,1,-0.00104596) (15,1,-0.00111776) (0,2,0.0397772) (2,2,0.0795775) (3,2,-0.0187074) (4,2,0.0291852) (1,3,0.0357427) (2,3,-0.0187074) (3,3,0.0795775) (4,3,0.0375902) (7,3,0.035359) (10,3,0.0376206) (13,3,0.0320819) (14,3,0.0165359) (15,3,0.0164706) (0,4,0.0285266) (1,4,0.0280371) (2,4,0.0291852) (3,4,0.0375902) (4,4,0.0795775) (7,4,0.0274244) (10,4,0.0397886) (13,4,0.0380241) (14,4,0.0274855) (15,4,0.0274335) (5,5,0.0795775) (6,5,0.0397868) (7,5,-0.000733089) (8,5,0.027573) (9,5,0.0351444) (10,5,0.0292654) (11,5,0.00146232) (12,5,-0.0274766) (5,6,0.0397868) (6,6,0.0795775) (7,6,-0.0011261) (8,6,0.0272882) (9,6,0.0349583) (13,6,0.0361131) (1,7,0.0397796) (3,7,0.035359) (4,7,0.0274244) (5,7,-0.000733089) (6,7,-0.0011261) (7,7,0.0795775) (8,7,0.0281729) (9,7,0.0180045) (10,7,0.0274917) (13,7,0.0177183) (14,7,-0.0018998) (15,7,-0.00197155) (5,8,0.027573) (6,8,0.0272882) (7,8,0.0281729) (8,8,0.0795775) (9,8,0.037804) (11,8,0.027653) (14,8,0.02941) (16,8,-0.0295027) (5,9,0.0351444) (6,9,0.0349583) (7,9,0.0180045) (8,9,0.037804) (9,9,0.0795775) (12,9,0.0377622) (15,9,0.0363307) (16,9,0.0363576) (1,10,0.028103) (3,10,0.0376206) (4,10,0.0397886) (5,10,0.0292654) (7,10,0.0274917) (10,10,0.0795775) (11,10,0.0280144) (12,10,-0.000712191) (13,10,0.0379967) (14,10,0.0274183) (15,10,0.0273662) (5,11,0.00146232) (8,11,0.027653) (10,11,0.0280144) (11,11,0.0795775) (12,11,0.0277489) (14,11,0.00117084) (16,11,-0.00130875) (5,12,-0.0274766) (9,12,0.0377622) (10,12,-0.000712191) (11,12,0.0277489) (12,12,0.0795775) (15,12,0.0293684) (16,12,0.0294129) (1,13,0.0184793) (3,13,0.0320819) (4,13,0.0380241) (6,13,0.0361131) (7,13,0.0177183) (10,13,0.0379967) (13,13,0.0795775) (14,13,0.0347392) (15,13,0.0347042) (1,14,-0.00104596) (3,14,0.0165359) (4,14,0.0274855) (7,14,-0.0018998) (8,14,0.02941) (10,14,0.0274183) (11,14,0.00117084) (13,14,0.0347392) (14,14,0.0795775) (15,14,0.0397887) (16,14,-0.0397885) (1,15,-0.00111776) (3,15,0.0164706) (4,15,0.0274335) (7,15,-0.00197155) (9,15,0.0363307) (10,15,0.0273662) (12,15,0.0293684) (13,15,0.0347042) (14,15,0.0397887) (15,15,0.0795775) (16,15,0.0397887) (8,16,-0.0295027) (9,16,0.0363576) (11,16,-0.00130875) (12,16,0.0294129) (14,16,-0.0397885) (15,16,0.0397887) (16,16,0.0795775) 
Minv:
size: 27 27
(0,0,0.0397887) (1,1,0.0397887) (2,2,0.0795775) (3,3,0.0397887) (4,4,0.0397887) (5,5,0.0795775) (6,6,0.0397887) (7,7,0.0397887) (8,8,0.0795775) (9,9,0.0397887) (10,10,0.0397887) (11,11,0.0795775) (12,12,0.0397887) (13,13,0.0397887) (14,14,0.0795775) (15,15,0.0397887) (16,16,0.0397887) (17,17,0.0795775) (18,18,0.0397887) (19,19,0.0397887) (20,20,0.0795775) (21,21,0.0397887) (22,22,0.0397887) (23,23,0.0795775) (24,24,0.0397887) (25,25,0.0397887) (26,26,0.0795775) 
v0:
size: 27 1
(0,0,-0.715281) (1,0,0.124557) (2,0,0) (3,0,-0.538028) (4,0,0.524956) (5,0,0) (6,0,-0.587875) (7,0,-0.247072) (8,0,0) (9,0,0.660824) (10,0,0.388872) (11,0,0) (12,0,0.814543) (13,0,-0.353484) (14,0,0) (15,0,-0.190709) (16,0,0.312822) (17,0,0) (18,0,-0.813889) (19,0,0.715993) (20,0,0) (21,0,0.0625535) (22,0,0.266998) (23,0,0) (24,0,-0.115032) (25,0,0.190098) (26,0,0) 
ipopt_sol:
size: 17 1
(0,0,4.11198e-06) (1,0,4.14659e-08) (2,0,19.3592) (3,0,6.81262e-08) (4,0,8.67038e-08) (5,0,9.25267) (6,0,3.35995e-07) (7,0,25.0343) (8,0,1.90251e-06) (9,0,1.23479e-06) (10,0,34.6818) (11,0,3.46985) (12,0,8.86884) (13,0,1.82336e-07) (14,0,1.36518e-06) (15,0,5.71256e-07) (16,0,1.0002e-06) 
policy_sol:
size: 17 1
(0,0,0) (1,0,0) (2,0,19.3592) (3,0,0) (4,0,0) (5,0,9.25267) (6,0,0) (7,0,25.0343) (8,0,0) (9,0,0) (10,0,34.6818) (11,0,3.46985) (12,0,8.86884) (13,0,0) (14,0,0) (15,0,0) (16,0,0) 

policy_converges:
1
ipopt_converges:
0
