Git Revision:     18345a57b34405566a64d0bf3d2a118f1cdbade3
Build Mode:       Debug
C Compiler:       /usr/bin/cc
C++ Compiler:     /usr/bin/c++
Fortran Compiler: gfortran
Body count: 9
No end time specified. Simulation will run indefinitely.
N:
size: 27 14
(3,0,-0.730323) (4,0,0.683102) (9,0,0.730323) (10,0,-0.683102) (3,1,-0.999803) (4,1,0.0198637) (12,1,0.999803) (13,1,-0.0198637) (3,2,-0.684169) (4,2,-0.729324) (15,2,0.684169) (16,2,0.729324) (3,3,-0.893634) (4,3,0.448796) (18,3,0.893634) (19,3,-0.448796) (3,4,-0.999977) (4,4,-0.00671095) (21,4,0.999977) (22,4,0.00671095) (3,5,-0.882371) (4,5,-0.470554) (24,5,0.882371) (25,5,0.470554) (6,6,-0.998373) (7,6,-0.0570197) (15,6,0.998373) (16,6,0.0570197) (12,7,-0.0429871) (13,7,-0.999076) (15,7,0.0429871) (16,7,0.999076) (12,8,-0.724727) (13,8,0.689036) (18,8,0.724727) (19,8,-0.689036) (12,9,-0.999454) (13,9,-0.033031) (21,9,0.999454) (22,9,0.033031) (12,10,-0.691591) (13,10,-0.722289) (24,10,0.691591) (25,10,0.722289) (15,11,-0.429118) (16,11,0.903248) (18,11,0.429118) (19,11,-0.903248) (18,12,0.0626138) (19,12,-0.998038) (21,12,-0.0626138) (22,12,0.998038) (18,13,-0.00319988) (19,13,-0.999995) (24,13,0.00319988) (25,13,0.999995) 
Q:
size: 14 14
(0,0,0.0795775) (1,0,0.0295928) (2,0,5.81549e-05) (3,0,0.038166) (4,0,0.0288756) (5,0,0.012851) (0,1,0.0295928) (1,1,0.0795775) (2,1,0.0266404) (3,1,0.0359043) (4,1,0.0397747) (5,1,0.0347296) (7,1,-0.000920446) (8,1,-0.0293749) (9,1,-0.0397331) (10,1,-0.0269413) (0,2,5.81549e-05) (1,2,0.0266404) (2,2,0.0795775) (3,2,0.0113031) (4,2,0.0274163) (5,2,0.037675) (6,2,0.0288326) (7,2,0.0301623) (11,2,0.0145297) (0,3,0.038166) (1,3,0.0359043) (2,3,0.0113031) (3,3,0.0795775) (4,3,0.0354359) (5,3,0.0229714) (8,3,0.038073) (11,3,0.0313873) (12,3,0.0200483) (13,3,0.0177432) (0,4,0.0288756) (1,4,0.0397747) (2,4,0.0274163) (3,4,0.0354359) (4,4,0.0795775) (5,4,0.0352333) (9,4,0.0397749) (12,4,-0.00222477) (0,5,0.012851) (1,5,0.0347296) (2,5,0.037675) (3,5,0.0229714) (4,5,0.0352333) (5,5,0.0795775) (10,5,0.0378039) (13,5,0.018835) (2,6,0.0288326) (6,6,0.0795775) (7,6,0.00397427) (11,6,-0.0149971) (1,7,-0.000920446) (2,7,0.0301623) (6,7,0.00397427) (7,7,0.0795775) (8,7,-0.0261509) (9,7,0.00302252) (10,7,0.0298953) (11,7,0.0351719) (1,8,-0.0293749) (3,8,0.038073) (7,8,-0.0261509) (8,8,0.0795775) (9,8,0.0279147) (10,8,0.000140528) (11,8,0.0371374) (12,8,0.0291676) (13,8,0.0273235) (1,9,-0.0397331) (4,9,0.0397749) (7,9,0.00302252) (8,9,0.0279147) (9,9,0.0795775) (10,9,0.0284518) (12,9,-0.00117828) (1,10,-0.0269413) (5,10,0.0378039) (7,10,0.0298953) (8,10,0.000140528) (9,10,0.0284518) (10,10,0.0795775) (13,10,0.0288269) (2,11,0.0145297) (3,11,0.0313873) (6,11,-0.0149971) (7,11,0.0351719) (8,11,0.0371374) (11,11,0.0795775) (12,11,0.0369377) (13,11,0.0358843) (3,12,0.0200483) (4,12,-0.00222477) (8,12,0.0291676) (9,12,-0.00117828) (11,12,0.0369377) (12,12,0.0795775) (13,12,0.0397025) (3,13,0.0177432) (5,13,0.018835) (8,13,0.0273235) (10,13,0.0288269) (11,13,0.0358843) (12,13,0.0397025) (13,13,0.0795775) 
Minv:
size: 27 27
(0,0,0.0397887) (1,1,0.0397887) (2,2,0.0795775) (3,3,0.0397887) (4,4,0.0397887) (5,5,0.0795775) (6,6,0.0397887) (7,7,0.0397887) (8,8,0.0795775) (9,9,0.0397887) (10,10,0.0397887) (11,11,0.0795775) (12,12,0.0397887) (13,13,0.0397887) (14,14,0.0795775) (15,15,0.0397887) (16,16,0.0397887) (17,17,0.0795775) (18,18,0.0397887) (19,19,0.0397887) (20,20,0.0795775) (21,21,0.0397887) (22,22,0.0397887) (23,23,0.0795775) (24,24,0.0397887) (25,25,0.0397887) (26,26,0.0795775) 
v0:
size: 27 1
(0,0,-0.94392) (1,0,-0.0963041) (2,0,0) (3,0,0.705673) (4,0,0.278047) (5,0,0) (6,0,0.423668) (7,0,0.632978) (8,0,0) (9,0,-0.869072) (10,0,-0.841311) (11,0,0) (12,0,0.630469) (13,0,0.25658) (14,0,0) (15,0,0.342594) (16,0,-0.396271) (17,0,0) (18,0,0.594178) (19,0,0.395977) (20,0,0) (21,0,0.596336) (22,0,-0.184456) (23,0,0) (24,0,0.770519) (25,0,-0.129626) (26,0,0) 
ipopt_sol:
size: 14 1
(0,0,9.67659) (1,0,1.83168e-07) (2,0,14.3387) (3,0,1.46887e-07) (4,0,1.86786e-07) (5,0,1.57146e-07) (6,0,4.98412e-07) (7,0,11.2327) (8,0,6.52233e-06) (9,0,0.95446) (10,0,3.92075e-07) (11,0,1.40775e-06) (12,0,10.6423) (13,0,7.88595) 
policy_sol:
size: 14 1
(0,0,9.67659) (1,0,0) (2,0,14.3387) (3,0,0) (4,0,0) (5,0,0) (6,0,0) (7,0,11.2327) (8,0,0) (9,0,0.954462) (10,0,0) (11,0,0) (12,0,10.6423) (13,0,7.88596) 

policy_converges:
1
ipopt_converges:
0
