Git Revision:     18345a57b34405566a64d0bf3d2a118f1cdbade3
Build Mode:       Debug
C Compiler:       /usr/bin/cc
C++ Compiler:     /usr/bin/c++
Fortran Compiler: gfortran
Body count: 9
No end time specified. Simulation will run indefinitely.
N:
size: 27 24
(0,0,0.0371827) (1,0,-0.999308) (3,0,-0.0371827) (4,0,0.999308) (0,1,-0.0195473) (1,1,-0.999809) (6,1,0.0195473) (7,1,0.999809) (0,2,-0.999935) (1,2,0.0113984) (9,2,0.999935) (10,2,-0.0113984) (0,3,-0.70239) (1,3,-0.711792) (12,3,0.70239) (13,3,0.711792) (0,4,-0.438206) (1,4,-0.898875) (15,4,0.438206) (16,4,0.898875) (0,5,-0.999941) (1,5,0.0108841) (18,5,0.999941) (19,5,-0.0108841) (0,6,-0.892914) (1,6,-0.450227) (21,6,0.892914) (22,6,0.450227) (0,7,-0.711443) (1,7,-0.702744) (24,7,0.711443) (25,7,0.702744) (3,8,-0.0723818) (4,8,-0.997377) (6,8,0.0723818) (7,8,0.997377) (3,9,-0.893027) (4,9,-0.450002) (24,9,0.893027) (25,9,0.450002) (6,10,-0.428355) (7,10,0.90361) (9,10,0.428355) (10,10,-0.90361) (6,11,-0.715235) (7,11,0.698884) (12,11,0.715235) (13,11,-0.698884) (6,12,-0.999206) (7,12,-0.039851) (15,12,0.999206) (16,12,0.039851) (6,13,-0.710597) (7,13,0.703599) (18,13,0.710597) (19,13,-0.703599) (6,14,-0.901219) (7,14,0.433365) (21,14,0.901219) (22,14,-0.433365) (6,15,-0.99999) (7,15,-0.00444553) (24,15,0.99999) (25,15,0.00444553) (9,16,-0.0299127) (10,16,-0.999553) (12,16,0.0299127) (13,16,0.999553) (9,17,-0.45812) (10,17,-0.88889) (24,17,0.45812) (25,17,0.88889) (12,18,-0.999991) (13,18,0.00421945) (21,18,0.999991) (22,18,-0.00421945) (12,19,-0.720738) (13,19,-0.693207) (24,19,0.720738) (25,19,0.693207) (15,20,-0.724408) (16,20,0.689371) (21,20,0.724408) (22,20,-0.689371) (15,21,-0.999606) (16,21,0.0280608) (24,21,0.999606) (25,21,-0.0280608) (18,22,0.0236944) (19,22,-0.999719) (24,22,-0.0236944) (25,22,0.999719) (21,23,0.016022) (22,23,-0.999872) (24,23,-0.016022) (25,23,0.999872) 
Q:
size: 24 24
(0,0,0.0795775) (1,0,0.0397247) (2,0,-0.00193257) (3,0,0.0272626) (4,0,0.035092) (5,0,-0.00191213) (6,0,0.0165806) (7,0,0.0268894) (8,0,-0.0395498) (9,0,-0.0165714) (0,1,0.0397247) (1,1,0.0795775) (2,1,0.000324271) (3,1,0.0288622) (4,1,0.0360991) (5,1,0.000344735) (6,1,0.018605) (7,1,0.0285093) (8,1,0.0397331) (10,1,0.0356135) (11,1,0.0272461) (12,1,-0.00236246) (13,1,0.0274373) (14,1,0.0165388) (15,1,-0.000954604) (0,2,-0.00193257) (1,2,0.000324271) (2,2,0.0795775) (3,2,0.0276226) (4,2,0.0170269) (5,2,0.0397887) (6,2,0.0353214) (7,2,0.0279868) (10,2,0.0174524) (16,2,-0.000736785) (17,2,-0.0178237) (0,3,0.0272626) (1,3,0.0288622) (2,3,0.0276226) (3,3,0.0795775) (4,3,0.0377039) (5,3,0.0276373) (6,3,0.0377055) (7,3,0.0397855) (11,3,0.000195483) (16,3,0.0291446) (18,3,-0.0278275) (19,3,-0.0397752) (0,4,0.035092) (1,4,0.0360991) (2,4,0.0170269) (3,4,0.0377039) (4,4,0.0795775) (5,4,0.0170454) (6,4,0.031671) (7,4,0.0375382) (12,4,0.0188471) (20,4,0.0120249) (21,4,-0.0164252) (0,5,-0.00191213) (1,5,0.000344735) (2,5,0.0397887) (3,5,0.0276373) (4,5,0.0170454) (5,5,0.0795775) (6,5,0.0353308) (7,5,0.0280014) (13,5,0.0285768) (22,5,0.00137566) (0,6,0.0165806) (1,6,0.018605) (2,6,0.0353214) (3,6,0.0377055) (4,6,0.031671) (5,6,0.0353308) (6,6,0.0795775) (7,6,0.037865) (14,6,0.0242551) (18,6,0.035452) (20,6,0.0133873) (23,6,-0.0173424) (0,7,0.0268894) (1,7,0.0285093) (2,7,0.0279868) (3,7,0.0397855) (4,7,0.0375382) (5,7,0.0280014) (6,7,0.037865) (7,7,0.0795775) (9,7,0.0378619) (15,7,0.0284314) (17,7,0.0378227) (19,7,0.0397852) (21,7,0.0275116) (22,7,0.0272827) (23,7,0.0275042) (0,8,-0.0395498) (1,8,0.0397331) (8,8,0.0795775) (9,8,0.02043) (10,8,0.0346256) (11,8,0.0256749) (12,8,-0.00445915) (13,8,0.0258754) (14,8,0.0146023) (15,8,-0.00305637) (0,9,-0.0165714) (7,9,0.0378619) (8,9,0.02043) (9,9,0.0795775) (15,9,0.0356117) (17,9,0.0321937) (19,9,0.0380215) (21,9,0.035016) (22,9,0.0170581) (23,9,0.0173334) (1,10,0.0356135) (2,10,0.0174524) (8,10,0.0346256) (10,10,0.0795775) (11,10,0.0373176) (12,10,0.0155974) (13,10,0.0374081) (14,10,0.0309411) (15,10,0.0168837) (16,10,0.0354276) (17,10,0.0241507) (1,11,0.0272461) (3,11,0.000195483) (8,11,0.0256749) (10,11,0.0373176) (11,11,0.0795775) (12,11,0.0273275) (13,11,0.0397879) (14,11,0.037698) (15,11,0.0283344) (16,11,-0.026944) (18,11,-0.0285754) (19,11,-0.00123447) (1,12,-0.00236246) (4,12,0.0188471) (8,12,-0.00445915) (10,12,0.0155974) (11,12,0.0273275) (12,12,0.0795775) (13,12,0.0271357) (14,12,0.0351427) (15,12,0.0397638) (20,12,-0.0277073) (21,12,-0.039697) (1,13,0.0274373) (5,13,0.0285768) (8,13,0.0258754) (10,13,0.0374081) (11,13,0.0397879) (12,13,0.0271357) (13,13,0.0795775) (14,13,0.037613) (15,13,0.028149) (22,13,0.0286574) (1,14,0.0165388) (6,14,0.0242551) (8,14,0.0146023) (10,14,0.0309411) (11,14,0.037698) (12,14,0.0351427) (13,14,0.037613) (14,14,0.0795775) (15,14,0.0357813) (18,14,0.0359308) (20,14,0.0378629) (23,14,0.0178153) (1,15,-0.000954604) (7,15,0.0284314) (8,15,-0.00305637) (9,15,0.0356117) (10,15,0.0168837) (11,15,0.0283344) (12,15,0.0397638) (13,15,0.028149) (14,15,0.0357813) (15,15,0.0795775) (17,15,0.0183851) (19,15,0.0287996) (21,15,0.0397677) (22,15,-0.000765928) (23,15,-0.000460628) (2,16,-0.000736785) (3,16,0.0291446) (10,16,0.0354276) (11,16,-0.026944) (16,16,0.0795775) (17,16,0.0358972) (18,16,-0.00102237) (19,16,-0.0284273) (2,17,-0.0178237) (7,17,0.0378227) (9,17,0.0321937) (10,17,0.0241507) (15,17,0.0183851) (16,17,0.0358972) (17,17,0.0795775) (19,17,0.0376549) (21,17,0.0172284) (22,17,0.034926) (23,17,0.0350712) (3,18,-0.0278275) (6,18,0.035452) (11,18,-0.0285754) (14,18,0.0359308) (16,18,-0.00102237) (18,18,0.0795775) (19,18,0.0285606) (20,18,0.0289388) (23,18,0.000805353) (3,19,-0.0397752) (7,19,0.0397852) (9,19,0.0380215) (11,19,-0.00123447) (15,19,0.0287996) (16,19,-0.0284273) (17,19,0.0376549) (18,19,0.0285606) (19,19,0.0795775) (21,19,0.027892) (22,19,0.0268946) (23,19,0.0271188) (4,20,0.0120249) (6,20,0.0133873) (12,20,-0.0277073) (14,20,0.0378629) (18,20,0.0289388) (20,20,0.0795775) (21,20,0.0295816) (23,20,0.0278875) (4,21,-0.0164252) (7,21,0.0275116) (9,21,0.035016) (12,21,-0.039697) (15,21,0.0397677) (17,21,0.0172284) (19,21,0.027892) (20,21,0.0295816) (21,21,0.0795775) (22,21,-0.00205859) (23,21,-0.0017536) (5,22,0.00137566) (7,22,0.0272827) (9,22,0.0170581) (13,22,0.0286574) (15,22,-0.000765928) (17,22,0.034926) (19,22,0.0268946) (21,22,-0.00205859) (22,22,0.0795775) (23,22,0.0397876) (6,23,-0.0173424) (7,23,0.0275042) (9,23,0.0173334) (14,23,0.0178153) (15,23,-0.000460628) (17,23,0.0350712) (18,23,0.000805353) (19,23,0.0271188) (20,23,0.0278875) (21,23,-0.0017536) (22,23,0.0397876) (23,23,0.0795775) 
Minv:
size: 27 27
(0,0,0.0397887) (1,1,0.0397887) (2,2,0.0795775) (3,3,0.0397887) (4,4,0.0397887) (5,5,0.0795775) (6,6,0.0397887) (7,7,0.0397887) (8,8,0.0795775) (9,9,0.0397887) (10,10,0.0397887) (11,11,0.0795775) (12,12,0.0397887) (13,13,0.0397887) (14,14,0.0795775) (15,15,0.0397887) (16,16,0.0397887) (17,17,0.0795775) (18,18,0.0397887) (19,19,0.0397887) (20,20,0.0795775) (21,21,0.0397887) (22,22,0.0397887) (23,23,0.0795775) (24,24,0.0397887) (25,25,0.0397887) (26,26,0.0795775) 
v0:
size: 27 1
(0,0,0.249785) (1,0,0.804706) (2,0,0) (3,0,-0.851566) (4,0,0.76277) (5,0,0) (6,0,0.839429) (7,0,0.265304) (8,0,0) (9,0,-0.407089) (10,0,0.748059) (11,0,0) (12,0,-0.161341) (13,0,0.425335) (14,0,0) (15,0,-0.130508) (16,0,0.889178) (17,0,0) (18,0,0.221104) (19,0,0.297149) (20,0,0) (21,0,-0.273471) (22,0,0.846424) (23,0,0) (24,0,-0.486912) (25,0,-0.0736558) (26,0,0) 
ipopt_sol:
size: 24 1
(0,0,5.14109e-07) (1,0,0.672261) (2,0,10.8877) (3,0,6.7198) (4,0,1.2733e-07) (5,0,1.09082e-07) (6,0,0.942147) (7,0,5.61726) (8,0,4.55559) (9,0,5.68323e-08) (10,0,7.18668) (11,0,2.82546) (12,0,7.41259) (13,0,1.17769e-07) (14,0,9.06866) (15,0,20.4365) (16,0,2.16277) (17,0,3.0408) (18,0,1.36155) (19,0,0.552924) (20,0,1.58519e-07) (21,0,1.77163e-06) (22,0,3.38569e-07) (23,0,17.8448) 
policy_sol:
size: 24 1
(0,0,0) (1,0,1.30179) (2,0,11.7917) (3,0,0) (4,0,0) (5,0,0) (6,0,0) (7,0,12.1462) (8,0,4.55559) (9,0,0) (10,0,2.31977) (11,0,6.66712) (12,0,7.41259) (13,0,0) (14,0,11.5394) (15,0,17.5592) (16,0,9.25638) (17,0,0) (18,0,0) (19,0,0) (20,0,0) (21,0,0) (22,0,0) (23,0,16.3554) 

policy_converges:
1
ipopt_converges:
0
