Git Revision:     3cfe7dc3fe6810e9e399640d632720aa3564fe80
Build Mode:       Debug
C Compiler:       /usr/bin/cc
C++ Compiler:     /usr/bin/c++
Fortran Compiler: gfortran
Body count: 9
No end time specified. Simulation will run indefinitely.
N:
size: 27 7
(0,0,0.034556) (1,0,-0.999403) (3,0,-0.034556) (4,0,0.999403) (0,1,-0.996747) (1,1,-0.0805902) (9,1,0.996747) (10,1,0.0805902) (0,2,-0.99971) (1,2,-0.0240965) (18,2,0.99971) (19,2,0.0240965) (3,3,-0.99928) (4,3,-0.0379376) (12,3,0.99928) (13,3,0.0379376) (3,4,-0.693069) (4,4,-0.720871) (15,4,0.693069) (16,4,0.720871) (3,5,-0.900639) (4,5,0.434568) (18,5,0.900639) (19,5,-0.434568) (12,6,-0.680294) (13,6,0.732939) (18,6,0.680294) (19,6,-0.732939) 
Q:
size: 7 7
(0,0,0.0795775) (1,0,0.0018342) (2,0,-0.000416341) (3,0,-0.000134641) (4,0,-0.0277125) (5,0,0.0185189) (0,1,0.0018342) (1,1,0.0795775) (2,1,0.0397251) (0,2,-0.000416341) (1,2,0.0397251) (2,2,0.0795775) (5,2,0.0354082) (6,2,0.0263575) (0,3,-0.000134641) (3,3,0.0795775) (4,3,0.0286446) (5,3,0.0351535) (6,3,-0.0259422) (0,4,-0.0277125) (3,4,0.0286446) (4,4,0.0795775) (5,4,0.0123718) (0,5,0.0185189) (2,5,0.0354082) (3,5,0.0351535) (4,5,0.0123718) (5,5,0.0795775) (6,5,0.0370517) (2,6,0.0263575) (3,6,-0.0259422) (5,6,0.0370517) (6,6,0.0795775) 
Minv:
size: 27 27
(0,0,0.0397887) (1,1,0.0397887) (2,2,0.0795775) (3,3,0.0397887) (4,4,0.0397887) (5,5,0.0795775) (6,6,0.0397887) (7,7,0.0397887) (8,8,0.0795775) (9,9,0.0397887) (10,10,0.0397887) (11,11,0.0795775) (12,12,0.0397887) (13,13,0.0397887) (14,14,0.0795775) (15,15,0.0397887) (16,16,0.0397887) (17,17,0.0795775) (18,18,0.0397887) (19,19,0.0397887) (20,20,0.0795775) (21,21,0.0397887) (22,22,0.0397887) (23,23,0.0795775) (24,24,0.0397887) (25,25,0.0397887) (26,26,0.0795775) 
v0:
size: 27 1
(0,0,-0.446715) (1,0,0.706465) (2,0,0) (3,0,0.246158) (4,0,0.658198) (5,0,0) (6,0,-0.600787) (7,0,0.83784) (8,0,0) (9,0,-0.724551) (10,0,-0.866419) (11,0,0) (12,0,0.0927555) (13,0,0.585091) (14,0,0) (15,0,-0.504107) (16,0,0.746515) (17,0,0) (18,0,-0.693194) (19,0,-0.0709673) (20,0,0) (21,0,0.956453) (22,0,0.703263) (23,0,0) (24,0,0.383625) (25,0,0.877501) (26,0,0) 
ipopt_sol:
size: 7 1
(0,0,2.75726) (1,0,10.0823) (2,0,3.42029e-07) (3,0,2.28652e-07) (4,0,10.7201) (5,0,10.9906) (6,0,2.9347e-07) 
policy_sol:
size: 7 1
(0,0,2.75726) (1,0,10.0823) (2,0,0) (3,0,0) (4,0,10.7201) (5,0,10.9906) (6,0,0) 

policy_converges:
1
