Git Revision:     3cfe7dc3fe6810e9e399640d632720aa3564fe80
Build Mode:       Debug
C Compiler:       /usr/bin/cc
C++ Compiler:     /usr/bin/c++
Fortran Compiler: gfortran
Body count: 9
No end time specified. Simulation will run indefinitely.
N:
size: 27 22
(0,0,0.0676614) (1,0,-0.997708) (3,0,-0.0676614) (4,0,0.997708) (0,1,0.0329464) (1,1,-0.999457) (6,1,-0.0329464) (7,1,0.999457) (0,2,-0.999999) (1,2,-0.00117121) (9,2,0.999999) (10,2,0.00117121) (0,3,-0.673705) (1,3,-0.739) (12,3,0.673705) (13,3,0.739) (0,4,-0.412044) (1,4,-0.911164) (15,4,0.412044) (16,4,0.911164) (0,5,-0.999912) (1,5,-0.0132951) (18,5,0.999912) (19,5,0.0132951) (0,6,-0.877109) (1,6,-0.480291) (21,6,0.877109) (22,6,0.480291) (0,7,-0.680459) (1,7,-0.732786) (24,7,0.680459) (25,7,0.732786) (3,8,-0.704794) (4,8,0.709412) (9,8,0.704794) (10,8,-0.709412) (3,9,-0.999822) (4,9,0.0188787) (12,9,0.999822) (13,9,-0.0188787) (3,10,-0.701281) (4,10,-0.712885) (15,10,0.701281) (16,10,0.712885) (3,11,-0.888934) (4,11,0.458035) (18,11,0.888934) (19,11,-0.458035) (3,12,-0.999996) (4,12,0.00269686) (21,12,0.999996) (22,12,-0.00269686) (6,13,-0.69972) (7,13,0.714417) (18,13,0.69972) (19,13,-0.714417) (6,14,-0.890869) (7,14,0.45426) (21,14,0.890869) (22,14,-0.45426) (9,15,-0.668084) (10,15,-0.744086) (21,15,0.668084) (22,15,0.744086) (12,16,-0.697006) (13,16,0.717066) (18,16,0.697006) (19,16,-0.717066) (12,17,-0.999899) (13,17,-0.0142073) (21,17,0.999899) (22,17,0.0142073) (15,18,-0.430162) (16,18,0.902752) (18,18,0.430162) (19,18,-0.902752) (15,19,-0.684026) (16,19,0.729458) (21,19,0.684026) (22,19,-0.729458) (18,20,0.00917245) (19,20,-0.999958) (21,20,-0.00917245) (22,20,0.999958) (18,21,0.00259582) (19,21,-0.999997) (24,21,-0.00259582) (25,21,0.999997) 
Q:
size: 22 22
(0,0,0.0795775) (1,0,0.0397647) (2,0,-0.00264567) (3,0,0.0275228) (4,0,0.0350617) (5,0,-0.00216414) (6,0,0.0167051) (7,0,0.0272579) (8,0,0.0300593) (9,0,0.00344112) (10,0,-0.0264118) (11,0,0.020576) (12,0,0.00279921) (0,1,0.0397647) (1,1,0.0795775) (2,1,-0.00126432) (3,1,0.0285048) (4,1,0.0356942) (5,1,-0.000782074) (6,1,0.01795) (7,1,0.0282488) (13,1,0.0293276) (14,1,0.0192325) (0,2,-0.00264567) (1,2,-0.00126432) (2,2,0.0795775) (3,2,0.0268403) (4,2,0.0164372) (5,2,0.0397858) (6,2,0.0349214) (7,2,0.0271088) (8,2,0.0280098) (15,2,-0.0266169) (0,3,0.0275228) (1,3,0.0285048) (2,3,0.0268403) (3,3,0.0795775) (4,3,0.037837) (5,3,0.0271944) (6,3,0.0376341) (7,3,0.0397871) (9,3,0.026246) (16,3,0.00240068) (17,3,-0.0272209) (0,4,0.0350617) (1,4,0.0356942) (2,4,0.0164372) (3,4,0.037837) (4,4,0.0795775) (5,4,0.0168753) (6,4,0.0317925) (7,4,0.0377224) (10,4,0.0373423) (18,4,0.025676) (19,4,0.0152314) (0,5,-0.00216414) (1,5,-0.000782074) (2,5,0.0397858) (3,5,0.0271944) (4,5,0.0168753) (5,5,0.0795775) (6,5,0.03515) (7,5,0.0274599) (11,5,0.0351241) (13,5,0.0274606) (16,5,0.0273512) (18,5,0.0166365) (20,5,-0.000164043) (21,5,-0.000425716) (0,6,0.0167051) (1,6,0.01795) (2,6,0.0349214) (3,6,0.0376341) (4,6,0.0317925) (5,6,0.03515) (6,6,0.0795775) (7,6,0.0377511) (12,6,0.0348474) (14,6,0.0224095) (15,6,0.0375351) (17,6,0.035167) (19,6,0.00993179) (20,6,0.0187893) (0,7,0.0272579) (1,7,0.0282488) (2,7,0.0271088) (3,7,0.0397871) (4,7,0.0377224) (5,7,0.0274599) (6,7,0.0377511) (7,7,0.0795775) (21,7,0.0290862) (0,8,0.0300593) (2,8,0.0280098) (8,8,0.0795775) (9,8,0.0285707) (10,8,-0.000456404) (11,8,0.037857) (12,8,0.0281189) (15,8,0.00226804) (0,9,0.00344112) (3,9,0.026246) (8,9,0.0285707) (9,9,0.0795775) (10,9,0.0273626) (11,9,0.0357073) (12,9,0.0397835) (16,9,-0.0282667) (17,9,-0.039767) (0,10,-0.0264118) (4,10,0.0373423) (8,10,-0.000456404) (9,10,0.0273626) (10,10,0.0795775) (11,10,0.0118119) (12,10,0.0278265) (18,10,0.0136035) (19,10,0.0016045) (0,11,0.020576) (5,11,0.0351241) (8,11,0.037857) (9,11,0.0357073) (10,11,0.0118119) (11,11,0.0795775) (12,11,0.0354186) (13,11,0.0377688) (16,11,0.037721) (18,11,0.031667) (20,11,0.0185483) (21,11,0.0183164) (0,12,0.00279921) (6,12,0.0348474) (8,12,0.0281189) (9,12,0.0397835) (10,12,0.0278265) (11,12,0.0354186) (12,12,0.0795775) (14,12,0.0354952) (15,12,0.0265023) (17,12,0.0397831) (19,12,0.0272947) (20,12,-0.000472259) (1,13,0.0293276) (5,13,0.0274606) (11,13,0.0377688) (13,13,0.0795775) (14,13,0.0377153) (16,13,0.0397884) (18,13,0.0376375) (20,13,0.0286799) (21,13,0.0284979) (1,14,0.0192325) (6,14,0.0224095) (12,14,0.0354952) (13,14,0.0377153) (14,14,0.0795775) (15,14,0.0102323) (17,14,0.0351862) (19,14,0.0374309) (20,14,-0.0183988) (2,15,-0.0266169) (6,15,0.0375351) (8,15,0.00226804) (12,15,0.0265023) (14,15,0.0102323) (15,15,0.0795775) (17,15,0.0270002) (19,15,-0.00341358) (20,15,0.0293612) (3,16,0.00240068) (5,16,0.0273512) (9,16,-0.0282667) (11,16,0.037721) (13,16,0.0397884) (16,16,0.0795775) (17,16,0.0273248) (18,16,0.0376862) (20,16,0.0287843) (21,16,0.028603) (3,17,-0.0272209) (6,17,0.035167) (9,17,-0.039767) (12,17,0.0397831) (14,17,0.0351862) (15,17,0.0270002) (16,17,0.0273248) (17,17,0.0795775) (19,17,0.0268014) (20,17,0.000200344) (4,18,0.025676) (5,18,0.0166365) (10,18,0.0136035) (11,18,0.031667) (13,18,0.0376375) (16,18,0.0376862) (18,18,0.0795775) (19,18,0.0379092) (20,18,0.0360748) (21,18,0.0359637) (4,19,0.0152314) (6,19,0.00993179) (10,19,0.0016045) (12,19,0.0272947) (14,19,0.0374309) (15,19,-0.00341358) (17,19,0.0268014) (18,19,0.0379092) (19,19,0.0795775) (20,19,-0.0292726) (5,20,-0.000164043) (6,20,0.0187893) (11,20,0.0185483) (12,20,-0.000472259) (13,20,0.0286799) (14,20,-0.0183988) (15,20,0.0293612) (16,20,0.0287843) (17,20,0.000200344) (18,20,0.0360748) (19,20,-0.0292726) (20,20,0.0795775) (21,20,0.0397879) (5,21,-0.000425716) (7,21,0.0290862) (11,21,0.0183164) (13,21,0.0284979) (16,21,0.028603) (18,21,0.0359637) (20,21,0.0397879) (21,21,0.0795775) 
Minv:
size: 27 27
(0,0,0.0397887) (1,1,0.0397887) (2,2,0.0795775) (3,3,0.0397887) (4,4,0.0397887) (5,5,0.0795775) (6,6,0.0397887) (7,7,0.0397887) (8,8,0.0795775) (9,9,0.0397887) (10,10,0.0397887) (11,11,0.0795775) (12,12,0.0397887) (13,13,0.0397887) (14,14,0.0795775) (15,15,0.0397887) (16,16,0.0397887) (17,17,0.0795775) (18,18,0.0397887) (19,19,0.0397887) (20,20,0.0795775) (21,21,0.0397887) (22,22,0.0397887) (23,23,0.0795775) (24,24,0.0397887) (25,25,0.0397887) (26,26,0.0795775) 
v0:
size: 27 1
(0,0,0.769243) (1,0,0.939824) (2,0,0) (3,0,0.708267) (4,0,-0.295528) (5,0,0) (6,0,0.17192) (7,0,0.435973) (8,0,0) (9,0,0.0406634) (10,0,-0.668938) (11,0,0) (12,0,-0.0375402) (13,0,-0.466969) (14,0,0) (15,0,0.470074) (16,0,-0.0888045) (17,0,0) (18,0,0.0965916) (19,0,0.846276) (20,0,0) (21,0,-0.934523) (22,0,-0.762338) (23,0,0) (24,0,0.83665) (25,0,0.115184) (26,0,0) 
ipopt_sol:
size: 22 1
(0,0,16.7209) (1,0,1.06321e-07) (2,0,4.06171) (3,0,32.9569) (4,0,3.50532e-07) (5,0,0.129857) (6,0,8.36744) (7,0,7.41988e-08) (8,0,8.39806e-08) (9,0,21.5864) (10,0,3.23337e-07) (11,0,0.0954062) (12,0,5.04366) (13,0,1.47288e-07) (14,0,2.28708e-07) (15,0,7.97993e-08) (16,0,0.922325) (17,0,33.5312) (18,0,1.0921e-06) (19,0,13.4588) (20,0,42.7546) (21,0,3.35529e-07) 
policy_sol:
size: 22 1
(0,0,17.0372) (1,0,0) (2,0,4.06171) (3,0,31.8854) (4,0,0) (5,0,0) (6,0,9.36293) (7,0,0) (8,0,0) (9,0,4.78057) (10,0,0) (11,0,0) (12,0,21.91) (13,0,0) (14,0,0) (15,0,0) (16,0,1.23266) (17,0,15.7883) (18,0,0) (19,0,13.4588) (20,0,42.574) (21,0,0) 

policy_converges:
1
