solve status: 0
N:
size: 27 11
(0,0,-0.0844452) (1,0,-0.996428) (3,0,0.0844452) (4,0,0.996428) (0,1,-0.00272233) (1,1,-0.999996) (6,1,0.00272233) (7,1,0.999996) (0,2,-0.999997) (1,2,-0.00257222) (9,2,0.999997) (10,2,0.00257222) (0,3,-0.712773) (1,3,-0.701395) (12,3,0.712773) (13,3,0.701395) (0,4,-0.999884) (1,4,0.0152581) (18,4,0.999884) (19,4,-0.0152581) (0,5,-0.898839) (1,5,-0.438279) (21,5,0.898839) (22,5,0.438279) (3,6,-0.683133) (4,6,0.730294) (9,6,0.683133) (10,6,-0.730294) (6,7,-0.44373) (7,7,0.896161) (9,7,0.44373) (10,7,-0.896161) (9,8,0.022441) (10,8,-0.999748) (12,8,-0.022441) (13,8,0.999748) (15,9,-0.733988) (16,9,0.679162) (21,9,0.733988) (22,9,-0.679162) (15,10,-0.998618) (16,10,0.0525645) (24,10,0.998618) (25,10,-0.0525645) 
Q:
size: 11 11
(0,0,0.0795775) (1,0,0.0396556) (2,0,0.00346194) (3,0,0.0302028) (4,0,0.00275465) (5,0,0.0203964) (6,0,0.0266584) (0,1,0.0396556) (1,1,0.0795775) (2,1,0.000210663) (3,1,0.0279847) (4,1,-0.000498791) (5,1,0.0175359) (7,1,0.0356089) (0,2,0.00346194) (1,2,0.000210663) (2,2,0.0795775) (3,2,0.028432) (4,2,0.0397824) (5,2,0.0358084) (6,2,0.0271062) (7,2,0.0175637) (8,2,0.000790577) (0,3,0.0302028) (1,3,0.0279847) (2,3,0.028432) (3,3,0.0795775) (4,3,0.0279312) (5,3,0.0377227) (8,3,0.0272641) (0,4,0.00275465) (1,4,-0.000498791) (2,4,0.0397824) (3,4,0.0279312) (4,4,0.0795775) (5,4,0.0354934) (0,5,0.0203964) (1,5,0.0175359) (2,5,0.0358084) (3,5,0.0377227) (4,5,0.0354934) (5,5,0.0795775) (9,5,0.0144065) (0,6,0.0266584) (2,6,0.0271062) (6,6,0.0795775) (7,6,0.0381012) (8,6,0.0296601) (1,7,0.0356089) (2,7,0.0175637) (6,7,0.0381012) (7,7,0.0795775) (8,7,0.0360443) (2,8,0.000790577) (3,8,0.0272641) (6,8,0.0296601) (7,8,0.0360443) (8,8,0.0795775) (5,9,0.0144065) (9,9,0.0795775) (10,9,0.0305845) (9,10,0.0305845) (10,10,0.0795775) 
Minv:
size: 27 27
(0,0,0.0397887) (1,1,0.0397887) (2,2,0.0795775) (3,3,0.0397887) (4,4,0.0397887) (5,5,0.0795775) (6,6,0.0397887) (7,7,0.0397887) (8,8,0.0795775) (9,9,0.0397887) (10,10,0.0397887) (11,11,0.0795775) (12,12,0.0397887) (13,13,0.0397887) (14,14,0.0795775) (15,15,0.0397887) (16,16,0.0397887) (17,17,0.0795775) (18,18,0.0397887) (19,19,0.0397887) (20,20,0.0795775) (21,21,0.0397887) (22,22,0.0397887) (23,23,0.0795775) (24,24,0.0397887) (25,25,0.0397887) (26,26,0.0795775) 
v0:
size: 27 1
(0,0,0.752965) (1,0,0.224368) (2,0,0) (3,0,-0.00173583) (4,0,-0.675198) (5,0,0) (6,0,-0.777025) (7,0,-0.616243) (8,0,0) (9,0,-0.79069) (10,0,-0.0656526) (11,0,0) (12,0,0.361018) (13,0,-0.612457) (14,0,0) (15,0,0.944475) (16,0,0.499302) (17,0,0) (18,0,0.654596) (19,0,-0.495362) (20,0,0) (21,0,0.41354) (22,0,0.327554) (23,0,0) (24,0,0.816946) (25,0,0.408253) (26,0,0) 
ipopt_sol:
size: 11 1
(0,0,15.0132) (1,0,13.6512) (2,0,37.2912) (3,0,0) (4,0,0) (5,0,0) (6,0,2.06327) (7,0,0) (8,0,13.2493) (9,0,6.66293) (10,0,0.519625) 
policy_sol:
size: 11 1
(0,0,15.0132) (1,0,13.6512) (2,0,37.2912) (3,0,0) (4,0,0) (5,0,0) (6,0,2.06327) (7,0,0) (8,0,13.2493) (9,0,6.66293) (10,0,0.519625) 

policy_converges:
1
ipopt_converges:
0
