Git Revision:     18345a57b34405566a64d0bf3d2a118f1cdbade3
Build Mode:       Debug
C Compiler:       /usr/bin/cc
C++ Compiler:     /usr/bin/c++
Fortran Compiler: gfortran
Body count: 9
No end time specified. Simulation will run indefinitely.
N:
size: 27 16
(0,0,-0.453122) (1,0,-0.891449) (15,0,0.453122) (16,0,0.891449) (3,1,0.0154375) (4,1,-0.999881) (6,1,-0.0154375) (7,1,0.999881) (3,2,-0.724235) (4,2,0.689553) (9,2,0.724235) (10,2,-0.689553) (3,3,-0.999069) (4,3,-0.0431494) (12,3,0.999069) (13,3,0.0431494) (3,4,-0.721131) (4,4,-0.692799) (15,4,0.721131) (16,4,0.692799) (3,5,-0.893493) (4,5,0.449077) (18,5,0.893493) (19,5,-0.449077) (3,6,-0.999392) (4,6,-0.034861) (21,6,0.999392) (22,6,0.034861) (3,7,-0.882141) (4,7,-0.470986) (24,7,0.882141) (25,7,0.470986) (6,8,-0.998331) (7,8,0.0577461) (15,8,0.998331) (16,8,-0.0577461) (6,9,-0.698394) (7,9,0.715713) (18,9,0.698394) (19,9,-0.715713) (6,10,-0.999989) (7,10,-0.00460215) (24,10,0.999989) (25,10,0.00460215) (12,11,-0.0231468) (13,11,-0.999732) (15,11,0.0231468) (16,11,0.999732) (12,12,-0.683046) (13,12,0.730375) (18,12,0.683046) (19,12,-0.730375) (15,13,-0.431481) (16,13,0.902122) (18,13,0.431481) (19,13,-0.902122) (15,14,-0.99734) (16,14,-0.0728922) (24,14,0.99734) (25,14,0.0728922) (18,15,-0.042325) (19,15,-0.999104) (21,15,0.042325) (22,15,0.999104) 
Q:
size: 16 16
(0,0,0.0795775) (4,0,0.0375747) (8,0,0.0159508) (11,0,0.0358774) (13,0,0.0242187) (14,0,-0.0205666) (1,1,0.0795775) (2,1,-0.027878) (3,1,0.00110299) (4,1,0.0271194) (5,1,-0.0184149) (6,1,0.000773045) (7,1,0.0181959) (8,1,0.00291058) (9,1,0.0289029) (10,1,0.00043114) (1,2,-0.027878) (2,2,0.0795775) (3,2,0.0276057) (4,2,0.00177247) (5,2,0.0380683) (6,2,0.0278424) (7,2,0.012498) (1,3,0.00110299) (2,3,0.0276057) (3,3,0.0795775) (4,3,0.0298556) (5,3,0.0347468) (6,3,0.0397874) (7,3,0.0358752) (11,3,-0.00263652) (12,3,-0.0258983) (0,4,0.0375747) (1,4,0.0271194) (2,4,0.00177247) (3,4,0.0298556) (4,4,0.0795775) (5,4,0.0132578) (6,4,0.0296364) (7,4,0.0382942) (8,4,0.0270532) (11,4,0.0282224) (13,4,0.0124871) (14,4,-0.0306259) (1,5,-0.0184149) (2,5,0.0380683) (3,5,0.0347468) (4,5,0.0132578) (5,5,0.0795775) (6,5,0.0349064) (7,5,0.0229453) (9,5,0.0376171) (12,5,0.0373334) (13,5,0.0314589) (15,5,0.0163475) (1,6,0.000773045) (2,6,0.0278424) (3,6,0.0397874) (4,6,0.0296364) (5,6,0.0349064) (6,6,0.0795775) (7,6,0.0357312) (15,6,0.00306887) (1,7,0.0181959) (2,7,0.012498) (3,7,0.0358752) (4,7,0.0382942) (5,7,0.0229453) (6,7,0.0357312) (7,7,0.0795775) (10,7,0.0351851) (14,7,0.0363719) (0,8,0.0159508) (1,8,0.00291058) (4,8,0.0270532) (8,8,0.0795775) (9,8,0.0293863) (10,8,0.0397113) (11,8,-0.00137758) (13,8,-0.0192122) (14,8,-0.0394492) (1,9,0.0289029) (5,9,0.0376171) (8,9,0.0293863) (9,9,0.0795775) (10,9,0.0276569) (12,9,0.0397798) (13,9,0.0376801) (15,9,0.0272757) (1,10,0.00043114) (7,10,0.0351851) (8,10,0.0397113) (9,10,0.0276569) (10,10,0.0795775) (14,10,0.0396958) (0,11,0.0358774) (3,11,-0.00263652) (4,11,0.0282224) (8,11,-0.00137758) (11,11,0.0795775) (12,11,-0.0284238) (13,11,0.0354873) (14,11,-0.00381804) (3,12,-0.0258983) (5,12,0.0373334) (9,12,0.0397798) (11,12,-0.0284238) (12,12,0.0795775) (13,12,0.0379429) (15,12,0.0278844) (0,13,0.0242187) (4,13,0.0124871) (5,13,0.0314589) (8,13,-0.0192122) (9,13,0.0376801) (11,13,0.0354873) (12,13,0.0379429) (13,13,0.0795775) (14,13,0.014506) (15,13,0.0351355) (0,14,-0.0205666) (4,14,-0.0306259) (7,14,0.0363719) (8,14,-0.0394492) (10,14,0.0396958) (11,14,-0.00381804) (13,14,0.014506) (14,14,0.0795775) (5,15,0.0163475) (6,15,0.00306887) (9,15,0.0272757) (12,15,0.0278844) (13,15,0.0351355) (15,15,0.0795775) 
Minv:
size: 27 27
(0,0,0.0397887) (1,1,0.0397887) (2,2,0.0795775) (3,3,0.0397887) (4,4,0.0397887) (5,5,0.0795775) (6,6,0.0397887) (7,7,0.0397887) (8,8,0.0795775) (9,9,0.0397887) (10,10,0.0397887) (11,11,0.0795775) (12,12,0.0397887) (13,13,0.0397887) (14,14,0.0795775) (15,15,0.0397887) (16,16,0.0397887) (17,17,0.0795775) (18,18,0.0397887) (19,19,0.0397887) (20,20,0.0795775) (21,21,0.0397887) (22,22,0.0397887) (23,23,0.0795775) (24,24,0.0397887) (25,25,0.0397887) (26,26,0.0795775) 
v0:
size: 27 1
(0,0,-0.330449) (1,0,-0.359637) (2,0,0) (3,0,0.872248) (4,0,0.0738397) (5,0,0) (6,0,0.26589) (7,0,-0.0121958) (8,0,0) (9,0,-0.090201) (10,0,-0.903519) (11,0,0) (12,0,0.41551) (13,0,-0.528612) (14,0,0) (15,0,-0.359285) (16,0,-0.717204) (17,0,0) (18,0,0.0764459) (19,0,0.0694039) (20,0,0) (21,0,0.568681) (22,0,-0.348744) (23,0,0) (24,0,-0.516118) (25,0,0.759082) (26,0,0) 
ipopt_sol:
size: 16 1
(0,0,1.3838e-07) (1,0,1.00398e-07) (2,0,4.82549e-07) (3,0,0.21533) (4,0,38.5596) (5,0,4.11123) (6,0,1.25252e-07) (7,0,1.36391e-07) (8,0,5.73933e-07) (9,0,9.67013e-08) (10,0,15.3762) (11,0,3.35982e-07) (12,0,13.3828) (13,0,2.47276e-07) (14,0,8.39635) (15,0,4.4422) 
policy_sol:
size: 16 1
(0,0,0) (1,0,0) (2,0,0) (3,0,0.215312) (4,0,38.5596) (5,0,4.11124) (6,0,0) (7,0,0) (8,0,0) (9,0,0) (10,0,15.3762) (11,0,0) (12,0,13.3828) (13,0,0) (14,0,8.39635) (15,0,4.4422) 

policy_converges:
1
ipopt_converges:
0
