solve status: 0
N:
size: 27 18
(0,0,-0.9999) (1,0,-0.0141383) (9,0,0.9999) (10,0,0.0141383) (0,1,-0.69721) (1,1,-0.716867) (12,1,0.69721) (13,1,0.716867) (0,2,-0.890023) (1,2,-0.455916) (21,2,0.890023) (22,2,0.455916) (0,3,-0.685335) (1,3,-0.728228) (24,3,0.685335) (25,3,0.728228) (3,4,-0.99995) (4,4,-0.00997799) (12,4,0.99995) (13,4,0.00997799) (3,5,-0.999946) (4,5,-0.0103823) (21,5,0.999946) (22,5,0.0103823) (3,6,-0.873683) (4,6,-0.486497) (24,6,0.873683) (25,6,0.486497) (6,7,-0.897369) (7,7,0.441282) (21,7,0.897369) (22,7,-0.441282) (6,8,-0.999282) (7,8,-0.0378799) (24,8,0.999282) (25,8,0.0378799) (12,9,-0.698682) (13,9,0.715432) (18,9,0.698682) (19,9,-0.715432) (12,10,-0.999942) (13,10,-0.0107618) (21,10,0.999942) (22,10,0.0107618) (12,11,-0.673403) (13,11,-0.739276) (24,11,0.673403) (25,11,0.739276) (15,12,-0.421415) (16,12,0.906868) (18,12,0.421415) (19,12,-0.906868) (15,13,-0.703117) (16,13,0.711074) (21,13,0.703117) (22,13,-0.711074) (15,14,-0.997297) (16,14,-0.0734797) (24,14,0.997297) (25,14,0.0734797) (18,15,-0.0474924) (19,15,-0.998872) (21,15,0.0474924) (22,15,0.998872) (18,16,0.00213911) (19,16,-0.999998) (24,16,-0.00213911) (25,16,0.999998) (21,17,0.0496364) (22,17,-0.998767) (24,17,-0.0496364) (25,17,0.998767) 
Q:
size: 18 18
(0,0,0.0795775) (1,0,0.0281416) (2,0,0.0356658) (3,0,0.0276756) (0,1,0.0281416) (1,1,0.0795775) (2,1,0.0376944) (3,1,0.0397834) (4,1,0.0280243) (9,1,0.00102421) (10,1,-0.0280465) (11,1,-0.0397675) (0,2,0.0356658) (1,2,0.0376944) (2,2,0.0795775) (3,2,0.03748) (5,2,0.0355993) (7,2,0.0237734) (10,2,0.0356061) (13,2,0.0120003) (15,2,0.0198017) (17,2,-0.0163602) (0,3,0.0276756) (1,3,0.0397834) (2,3,0.03748) (3,3,0.0795775) (6,3,0.0379205) (8,3,0.0283466) (11,3,0.0397835) (14,3,0.029324) (16,3,0.0289169) (17,3,0.027586) (1,4,0.0280243) (4,4,0.0795775) (5,4,0.0397887) (6,4,0.0349541) (9,4,-0.0275143) (10,4,-0.0397887) (11,4,-0.027086) (2,5,0.0355993) (4,5,0.0397887) (5,5,0.0795775) (6,5,0.0349618) (7,5,0.0355209) (10,5,0.0397887) (13,5,0.0276809) (15,5,0.00230219) (17,5,0.00156227) (3,6,0.0379205) (4,6,0.0349541) (5,6,0.0349618) (6,6,0.0795775) (8,6,0.035471) (11,6,0.0377195) (14,6,0.0360911) (16,6,0.0192827) (17,6,0.0176077) (2,7,0.0237734) (5,7,0.0355209) (7,7,0.0795775) (8,7,0.0350144) (10,7,0.0355141) (13,7,0.03759) (15,7,-0.0158425) (17,7,0.0193087) (3,8,0.0283466) (6,8,0.035471) (7,8,0.0350144) (8,8,0.0795775) (11,8,0.0278888) (14,8,0.0397634) (16,8,0.00142214) (17,8,-0.000468214) (1,9,0.00102421) (4,9,-0.0275143) (9,9,0.0795775) (10,9,0.0274917) (11,9,-0.00232395) (12,9,0.0375302) (15,9,0.0271137) (16,9,0.0285255) (1,10,-0.0280465) (2,10,0.0356061) (4,10,-0.0397887) (5,10,0.0397887) (7,10,0.0355141) (9,10,0.0274917) (10,10,0.0795775) (11,10,0.0271088) (13,10,0.02767) (15,10,0.00231727) (17,10,0.00154718) (1,11,-0.0397675) (3,11,0.0397835) (4,11,-0.027086) (6,11,0.0377195) (8,11,0.0278888) (9,11,-0.00232395) (10,11,0.0271088) (11,11,0.0795775) (14,11,0.0288828) (16,11,0.0293575) (17,11,0.0280487) (9,12,0.0375302) (12,12,0.0795775) (13,12,0.0374473) (14,12,0.0140709) (15,12,0.0352461) (16,12,0.0361189) (2,13,0.0120003) (5,13,0.0276809) (7,13,0.03759) (10,13,0.02767) (12,13,0.0374473) (13,13,0.0795775) (14,13,0.0258216) (15,13,-0.0269322) (17,13,0.0296465) (3,14,0.029324) (6,14,0.0360911) (8,14,0.0397634) (11,14,0.0288828) (12,14,0.0140709) (13,14,0.0258216) (14,14,0.0795775) (16,14,0.00283877) (17,14,0.00095043) (2,15,0.0198017) (5,15,0.00230219) (7,15,-0.0158425) (9,15,0.0271137) (10,15,0.00231727) (12,15,0.0352461) (13,15,-0.0269322) (15,15,0.0795775) (16,15,0.0397397) (17,15,-0.0396011) (3,16,0.0289169) (6,16,0.0192827) (8,16,0.00142214) (9,16,0.0285255) (11,16,0.0293575) (12,16,0.0361189) (14,16,0.00283877) (15,16,0.0397397) (16,16,0.0795775) (17,16,0.0397438) (2,17,-0.0163602) (3,17,0.027586) (5,17,0.00156227) (6,17,0.0176077) (7,17,0.0193087) (8,17,-0.000468214) (10,17,0.00154718) (11,17,0.0280487) (13,17,0.0296465) (14,17,0.00095043) (15,17,-0.0396011) (16,17,0.0397438) (17,17,0.0795775) 
Minv:
size: 27 27
(0,0,0.0397887) (1,1,0.0397887) (2,2,0.0795775) (3,3,0.0397887) (4,4,0.0397887) (5,5,0.0795775) (6,6,0.0397887) (7,7,0.0397887) (8,8,0.0795775) (9,9,0.0397887) (10,10,0.0397887) (11,11,0.0795775) (12,12,0.0397887) (13,13,0.0397887) (14,14,0.0795775) (15,15,0.0397887) (16,16,0.0397887) (17,17,0.0795775) (18,18,0.0397887) (19,19,0.0397887) (20,20,0.0795775) (21,21,0.0397887) (22,22,0.0397887) (23,23,0.0795775) (24,24,0.0397887) (25,25,0.0397887) (26,26,0.0795775) 
v0:
size: 27 1
(0,0,-0.0115064) (1,0,-0.547464) (2,0,0) (3,0,-0.318607) (4,0,0.203631) (5,0,0) (6,0,0.289916) (7,0,0.935724) (8,0,0) (9,0,-0.747547) (10,0,-0.712037) (11,0,0) (12,0,-0.376469) (13,0,-0.524898) (14,0,0) (15,0,0.352208) (16,0,-0.295517) (17,0,0) (18,0,0.513784) (19,0,0.668098) (20,0,0) (21,0,-0.453365) (22,0,0.27399) (23,0,0) (24,0,-0.0847959) (25,0,-0.82454) (26,0,0) 
ipopt_sol:
size: 18 1
(0,0,18.5553) (1,0,0) (2,0,0) (3,0,0) (4,0,1.63684) (5,0,0) (6,0,0) (7,0,0) (8,0,11.3127) (9,0,0) (10,0,0) (11,0,0) (12,0,0) (13,0,22.9332) (14,0,0) (15,0,37.9376) (16,0,0) (17,0,38.437) 
policy_sol:
size: 18 1
(0,0,18.5553) (1,0,0) (2,0,0) (3,0,0) (4,0,1.63684) (5,0,0) (6,0,0) (7,0,0) (8,0,11.3127) (9,0,0) (10,0,0) (11,0,0) (12,0,0) (13,0,22.9332) (14,0,0) (15,0,37.9376) (16,0,0) (17,0,38.437) 

policy_converges:
1
ipopt_converges:
0
