Git Revision:     18345a57b34405566a64d0bf3d2a118f1cdbade3
Build Mode:       Debug
C Compiler:       /usr/bin/cc
C++ Compiler:     /usr/bin/c++
Fortran Compiler: gfortran
Body count: 9
No end time specified. Simulation will run indefinitely.
N:
size: 27 23
(0,0,-0.0160396) (1,0,-0.999871) (3,0,0.0160396) (4,0,0.999871) (0,1,-0.0364057) (1,1,-0.999337) (6,1,0.0364057) (7,1,0.999337) (0,2,-0.691839) (1,2,-0.722052) (12,2,0.691839) (13,2,0.722052) (0,3,-0.445775) (1,3,-0.895145) (15,3,0.445775) (16,3,0.895145) (0,4,-0.999961) (1,4,-0.00880868) (18,4,0.999961) (19,4,0.00880868) (0,5,-0.880897) (1,5,-0.473307) (21,5,0.880897) (22,5,0.473307) (3,6,-0.757714) (4,6,0.652587) (9,6,0.757714) (10,6,-0.652587) (3,7,-0.998952) (4,7,-0.0457662) (12,7,0.998952) (13,7,0.0457662) (3,8,-0.899836) (4,8,0.436229) (18,8,0.899836) (19,8,-0.436229) (6,9,-0.460533) (7,9,0.887643) (9,9,0.460533) (10,9,-0.887643) (6,10,-0.691853) (7,10,0.722038) (12,10,0.691853) (13,10,-0.722038) (6,11,-0.996703) (7,11,-0.0811384) (15,11,0.996703) (16,11,0.0811384) (6,12,-0.70221) (7,12,0.71197) (18,12,0.70221) (19,12,-0.71197) (6,13,-0.90366) (7,13,0.42825) (21,13,0.90366) (22,13,-0.42825) (9,14,0.0722202) (10,14,-0.997389) (12,14,-0.0722202) (13,14,0.997389) (9,15,0.0141755) (10,15,-0.9999) (15,15,-0.0141755) (16,15,0.9999) (9,16,-0.997117) (10,16,0.075875) (18,16,0.997117) (19,16,-0.075875) (9,17,-0.692015) (10,17,-0.721883) (21,17,0.692015) (22,17,0.721883) (9,18,-0.417477) (10,18,-0.908688) (24,18,0.417477) (25,18,0.908688) (12,19,-0.711583) (13,19,0.702602) (18,19,0.711583) (19,19,-0.702602) (15,20,-0.434085) (16,20,0.900872) (18,20,0.434085) (19,20,-0.900872) (18,21,0.0148993) (19,21,-0.999889) (21,21,-0.0148993) (22,21,0.999889) (18,22,0.0264388) (19,22,-0.99965) (24,22,-0.0264388) (25,22,0.99965) 
Q:
size: 23 23
(0,0,0.0795775) (1,0,0.0397805) (2,0,0.0291674) (3,0,0.0358966) (4,0,0.000988613) (5,0,0.0193921) (6,0,0.0254787) (7,0,-0.00245827) (8,0,0.0167805) (0,1,0.0397805) (1,1,0.0795775) (2,1,0.0297126) (3,1,0.0362388) (4,1,0.00179873) (5,1,0.0200958) (9,1,0.0346277) (10,1,0.0277078) (11,1,-0.00467001) (12,1,0.0272924) (13,1,0.0157193) (0,2,0.0291674) (1,2,0.0297126) (2,2,0.0795775) (3,2,0.0379881) (4,2,0.0277794) (5,2,0.0378467) (7,2,0.0288134) (10,2,-0.00169889) (14,2,0.0266665) (19,2,0.000597378) (0,3,0.0358966) (1,3,0.0362388) (2,3,0.0379881) (3,3,0.0795775) (4,3,0.0180499) (5,3,0.032482) (11,3,0.0205682) (15,3,0.0353617) (20,3,0.0243868) (0,4,0.000988613) (1,4,0.00179873) (2,4,0.0277794) (3,4,0.0180499) (4,4,0.0795775) (5,4,0.0352143) (8,4,0.035649) (12,4,0.0276894) (16,4,0.0396459) (19,4,0.0280656) (20,4,0.0169553) (21,4,0.000242353) (22,4,0.000701562) (0,5,0.0193921) (1,5,0.0200958) (2,5,0.0378467) (3,5,0.032482) (4,5,0.0352143) (5,5,0.0795775) (13,5,0.0236082) (17,5,0.0378497) (21,5,0.018308) (0,6,0.0254787) (6,6,0.0795775) (7,6,0.0289285) (8,6,0.0384556) (9,6,0.0369325) (14,6,0.0280751) (15,6,0.0263904) (16,6,-0.0320317) (17,6,-0.00211907) (18,6,0.0110084) (0,7,-0.00245827) (2,7,0.0288134) (6,7,0.0289285) (7,7,0.0795775) (8,7,0.0349714) (10,7,0.0261843) (14,7,-0.00105431) (19,7,-0.0270039) (0,8,0.0167805) (4,8,0.035649) (6,8,0.0384556) (7,8,0.0349714) (8,8,0.0795775) (12,8,0.0374991) (16,8,0.0370171) (19,8,0.0376721) (20,8,0.0311781) (21,8,0.0178885) (22,8,0.0182975) (1,9,0.0346277) (6,9,0.0369325) (9,9,0.0795775) (10,9,0.0381786) (11,9,0.0153979) (12,9,0.0380128) (13,9,0.0316837) (14,9,0.0365493) (15,9,0.0355744) (16,9,-0.020951) (17,9,0.0128151) (18,9,0.0244433) (1,10,0.0277078) (2,10,-0.00169889) (7,10,0.0261843) (9,10,0.0381786) (10,10,0.0795775) (11,10,0.0251062) (12,10,0.0397846) (13,10,0.0371791) (14,10,-0.030642) (19,10,-0.0397735) (1,11,-0.00467001) (3,11,0.0205682) (9,11,0.0153979) (10,11,0.0251062) (11,11,0.0795775) (12,11,0.0255494) (13,11,0.0344544) (15,11,0.0026659) (20,11,-0.0143064) (1,12,0.0272924) (4,12,0.0276894) (8,12,0.0374991) (9,12,0.0380128) (10,12,0.0397846) (11,12,0.0255494) (12,12,0.0795775) (13,12,0.0373799) (16,12,0.0300089) (19,12,0.0397852) (20,12,0.0376486) (21,12,0.0287415) (22,12,0.0290572) (1,13,0.0157193) (5,13,0.0236082) (9,13,0.0316837) (10,13,0.0371791) (11,13,0.0344544) (12,13,0.0373799) (13,13,0.0795775) (17,13,0.0125812) (21,13,-0.0175734) (2,14,0.0266665) (6,14,0.0280751) (7,14,-0.00105431) (9,14,0.0365493) (10,14,-0.030642) (14,14,0.0795775) (15,14,0.0397216) (16,14,-0.00587635) (17,14,0.0266593) (18,14,0.0348615) (19,14,0.0299274) (3,15,0.0353617) (6,15,0.0263904) (9,15,0.0355744) (11,15,0.0026659) (14,15,0.0397216) (15,15,0.0795775) (16,15,-0.00358107) (17,15,0.0283296) (18,15,0.0359164) (20,15,0.0360858) (4,16,0.0396459) (6,16,-0.0320317) (8,16,0.0370171) (9,16,-0.020951) (12,16,0.0300089) (14,16,-0.00587635) (15,16,-0.00358107) (16,16,0.0795775) (17,16,0.0252757) (18,16,0.0138197) (19,16,0.0303525) (20,16,0.0199416) (21,16,0.00360975) (22,16,0.00406685) (5,17,0.0378497) (6,17,-0.00211907) (9,17,0.0128151) (13,17,0.0125812) (14,17,0.0266593) (15,17,0.0283296) (16,17,0.0252757) (17,17,0.0795775) (18,17,0.037595) (21,17,0.0283094) (6,18,0.0110084) (9,18,0.0244433) (14,18,0.0348615) (15,18,0.0359164) (16,18,0.0138197) (17,18,0.037595) (18,18,0.0795775) (22,18,0.0357037) (2,19,0.000597378) (4,19,0.0280656) (7,19,-0.0270039) (8,19,0.0376721) (10,19,-0.0397735) (12,19,0.0397852) (14,19,0.0299274) (16,19,0.0303525) (19,19,0.0795775) (20,19,0.0374747) (21,19,0.0283744) (22,19,0.0286944) (3,20,0.0243868) (4,20,0.0169553) (8,20,0.0311781) (11,20,-0.0143064) (12,20,0.0376486) (15,20,0.0360858) (16,20,0.0199416) (19,20,0.0374747) (20,20,0.0795775) (21,20,0.0360979) (22,20,0.0362887) (4,21,0.000242353) (5,21,0.018308) (8,21,0.0178885) (12,21,0.0287415) (13,21,-0.0175734) (16,21,0.00360975) (17,21,0.0283094) (19,21,0.0283744) (20,21,0.0360979) (21,21,0.0795775) (22,21,0.0397861) (4,22,0.000701562) (8,22,0.0182975) (12,22,0.0290572) (16,22,0.00406685) (18,22,0.0357037) (19,22,0.0286944) (20,22,0.0362887) (21,22,0.0397861) (22,22,0.0795775) 
Minv:
size: 27 27
(0,0,0.0397887) (1,1,0.0397887) (2,2,0.0795775) (3,3,0.0397887) (4,4,0.0397887) (5,5,0.0795775) (6,6,0.0397887) (7,7,0.0397887) (8,8,0.0795775) (9,9,0.0397887) (10,10,0.0397887) (11,11,0.0795775) (12,12,0.0397887) (13,13,0.0397887) (14,14,0.0795775) (15,15,0.0397887) (16,16,0.0397887) (17,17,0.0795775) (18,18,0.0397887) (19,19,0.0397887) (20,20,0.0795775) (21,21,0.0397887) (22,22,0.0397887) (23,23,0.0795775) (24,24,0.0397887) (25,25,0.0397887) (26,26,0.0795775) 
v0:
size: 27 1
(0,0,0.824101) (1,0,-0.0662314) (2,0,0) (3,0,0.126576) (4,0,-0.997571) (5,0,0) (6,0,0.52552) (7,0,-0.861007) (8,0,0) (9,0,0.942213) (10,0,0.850069) (11,0,0) (12,0,-0.625247) (13,0,0.025397) (14,0,0) (15,0,-0.497802) (16,0,0.50412) (17,0,0) (18,0,-0.880446) (19,0,0.973627) (20,0,0) (21,0,0.36654) (22,0,-0.206653) (23,0,0) (24,0,0.548529) (25,0,0.530691) (26,0,0) 
ipopt_sol:
size: 23 1
(0,0,19.1015) (1,0,1.94984e-07) (2,0,8.20299e-07) (3,0,7.40542e-08) (4,0,21.3987) (5,0,1.19785e-07) (6,0,13.4862) (7,0,7.41812e-07) (8,0,7.14397e-07) (9,0,7.42454e-07) (10,0,46.6774) (11,0,8.12386) (12,0,6.50817e-07) (13,0,1.25149e-07) (14,0,34.1384) (15,0,8.74924e-08) (16,0,41.9231) (17,0,2.08545e-07) (18,0,8.0115e-08) (19,0,6.32162e-07) (20,0,8.87069e-08) (21,0,28.1605) (22,0,2.53686e-07) 
policy_sol:
size: 23 1
(0,0,19.1015) (1,0,0) (2,0,0) (3,0,0) (4,0,21.3987) (5,0,0) (6,0,13.4862) (7,0,0) (8,0,0) (9,0,0) (10,0,46.6774) (11,0,8.12386) (12,0,0) (13,0,0) (14,0,34.1384) (15,0,0) (16,0,41.9231) (17,0,0) (18,0,0) (19,0,0) (20,0,0) (21,0,28.1605) (22,0,0) 

policy_converges:
1
ipopt_converges:
0
