solve status: 0
N:
size: 27 19
(0,0,-0.0270402) (1,0,-0.999634) (3,0,0.0270402) (4,0,0.999634) (0,1,0.00105745) (1,1,-0.999999) (6,1,-0.00105745) (7,1,0.999999) (0,2,-0.999604) (1,2,-0.0281487) (18,2,0.999604) (19,2,0.0281487) (0,3,-0.711262) (1,3,-0.702927) (24,3,0.711262) (25,3,0.702927) (3,4,0.031265) (4,4,-0.999511) (6,4,-0.031265) (7,4,0.999511) (3,5,-0.895381) (4,5,0.4453) (18,5,0.895381) (19,5,-0.4453) (3,6,-0.905817) (4,6,-0.423669) (24,6,0.905817) (25,6,0.423669) (6,7,-0.4346) (7,7,0.900624) (9,7,0.4346) (10,7,-0.900624) (6,8,-0.722383) (7,8,0.691493) (12,8,0.722383) (13,8,-0.691493) (6,9,-0.717236) (7,9,0.696831) (18,9,0.717236) (19,9,-0.696831) (9,10,-0.998751) (10,10,-0.0499715) (18,10,0.998751) (19,10,0.0499715) (9,11,-0.460195) (10,11,-0.887818) (24,11,0.460195) (25,11,0.887818) (12,12,-0.0181257) (13,12,-0.999836) (15,12,0.0181257) (16,12,0.999836) (12,13,-0.739542) (13,13,-0.67311) (24,13,0.739542) (25,13,0.67311) (15,14,-0.461608) (16,14,0.887084) (18,14,0.461608) (19,14,-0.887084) (15,15,-0.999676) (16,15,0.0254652) (24,15,0.999676) (25,15,-0.0254652) (18,16,0.0656181) (19,16,-0.997845) (21,16,-0.0656181) (22,16,0.997845) (18,17,0.0175137) (19,17,-0.999847) (24,17,-0.0175137) (25,17,0.999847) (21,18,-0.0275503) (22,18,-0.99962) (24,18,0.0275503) (25,18,0.99962) 
Q:
size: 19 19
(0,0,0.0795775) (1,0,0.039773) (2,0,0.00219506) (3,0,0.0287236) (4,0,-0.0397211) (5,0,0.0167481) (6,0,-0.0178257) (0,1,0.039773) (1,1,0.0795775) (2,1,0.00107794) (3,1,0.0279386) (4,1,0.0397706) (7,1,0.0358529) (8,1,0.027544) (9,1,0.0277562) (0,2,0.00219506) (1,2,0.00107794) (2,2,0.0795775) (3,2,0.0290763) (5,2,0.0351132) (9,2,0.0277461) (10,2,0.0397792) (14,2,0.017366) (16,2,0.00149224) (17,2,-0.000423258) (0,3,0.0287236) (1,3,0.0279386) (2,3,0.0290763) (3,3,0.0795775) (6,3,0.0374842) (11,3,0.0378546) (13,3,0.0397551) (15,3,0.0275788) (17,3,0.0274686) (18,3,0.0287376) (0,4,-0.0397211) (1,4,0.0397706) (4,4,0.0795775) (5,4,-0.0188231) (6,4,0.0157222) (7,4,0.0363578) (8,4,0.0283988) (9,4,0.0286047) (0,5,0.0167481) (2,5,0.0351132) (4,5,-0.0188231) (5,5,0.0795775) (6,5,0.0247642) (9,5,0.0378987) (10,5,0.0346962) (14,5,0.0321626) (16,5,0.0200175) (17,5,0.0183391) (0,6,-0.0178257) (3,6,0.0374842) (4,6,0.0157222) (5,6,0.0247642) (6,6,0.0795775) (11,6,0.0315522) (13,6,0.0380009) (15,6,0.0356004) (17,6,0.0162235) (18,6,0.0178438) (1,7,0.0358529) (4,7,0.0363578) (7,7,0.0795775) (8,7,0.037271) (9,7,0.0373733) (10,7,-0.0154799) (11,7,0.0238569) (1,8,0.027544) (4,8,0.0283988) (7,8,0.037271) (8,8,0.0795775) (9,8,0.0397876) (12,8,0.0269881) (13,8,-0.00273674) (1,9,0.0277562) (2,9,0.0277461) (4,9,0.0286047) (5,9,0.0378987) (7,9,0.0373733) (8,9,0.0397876) (9,9,0.0795775) (10,9,0.0271167) (14,9,0.0377686) (16,9,0.0295389) (17,9,0.0282216) (2,10,0.0397792) (5,10,0.0346962) (7,10,-0.0154799) (9,10,0.0271167) (10,10,0.0795775) (11,10,0.0200529) (14,10,0.0165801) (16,10,0.000623583) (17,10,-0.00129202) (3,11,0.0378546) (6,11,0.0315522) (7,11,0.0238569) (10,11,0.0200529) (11,11,0.0795775) (13,11,0.0373192) (15,11,0.0174051) (17,11,0.0349991) (18,11,0.0358162) (8,12,0.0269881) (12,12,0.0795775) (13,12,0.0273111) (14,12,0.0349572) (15,12,0.000292096) (3,13,0.0397551) (6,13,0.0380009) (8,13,-0.00273674) (11,13,0.0373192) (12,13,0.0273111) (13,13,0.0795775) (15,13,0.0287339) (17,13,0.0262627) (18,13,0.0275827) (2,14,0.017366) (5,14,0.0321626) (9,14,0.0377686) (10,14,0.0165801) (12,14,0.0349572) (14,14,0.0795775) (15,14,0.0192597) (16,14,0.0364251) (17,14,0.0356122) (3,15,0.0275788) (6,15,0.0356004) (11,15,0.0174051) (12,15,0.000292096) (13,15,0.0287339) (14,15,0.0192597) (15,15,0.0795775) (17,15,-0.0017097) (18,15,8.29926e-05) (2,16,0.00149224) (5,16,0.0200175) (9,16,0.0295389) (10,16,0.000623583) (14,16,0.0364251) (16,16,0.0795775) (17,16,0.0397426) (18,16,-0.039616) (2,17,-0.000423258) (3,17,0.0274686) (5,17,0.0183391) (6,17,0.0162235) (9,17,0.0282216) (10,17,-0.00129202) (11,17,0.0349991) (13,17,0.0262627) (14,17,0.0356122) (15,17,-0.0017097) (16,17,0.0397426) (17,17,0.0795775) (18,17,0.0397483) (3,18,0.0287376) (6,18,0.0178438) (11,18,0.0358162) (13,18,0.0275827) (15,18,8.29926e-05) (16,18,-0.039616) (17,18,0.0397483) (18,18,0.0795775) 
Minv:
size: 27 27
(0,0,0.0397887) (1,1,0.0397887) (2,2,0.0795775) (3,3,0.0397887) (4,4,0.0397887) (5,5,0.0795775) (6,6,0.0397887) (7,7,0.0397887) (8,8,0.0795775) (9,9,0.0397887) (10,10,0.0397887) (11,11,0.0795775) (12,12,0.0397887) (13,13,0.0397887) (14,14,0.0795775) (15,15,0.0397887) (16,16,0.0397887) (17,17,0.0795775) (18,18,0.0397887) (19,19,0.0397887) (20,20,0.0795775) (21,21,0.0397887) (22,22,0.0397887) (23,23,0.0795775) (24,24,0.0397887) (25,25,0.0397887) (26,26,0.0795775) 
v0:
size: 27 1
(0,0,-0.389635) (1,0,0.834341) (2,0,0) (3,0,-0.355378) (4,0,0.129044) (5,0,0) (6,0,-0.808615) (7,0,-0.933912) (8,0,0) (9,0,0.0785821) (10,0,-0.390874) (11,0,0) (12,0,-0.0843734) (13,0,0.844785) (14,0,0) (15,0,0.92431) (16,0,0.791301) (17,0,0) (18,0,-0.458005) (19,0,0.157694) (20,0,0) (21,0,0.184544) (22,0,0.0126644) (23,0,0) (24,0,-0.668632) (25,0,-0.933991) (26,0,0) 
ipopt_sol:
size: 19 1
(0,0,0) (1,0,41.1135) (2,0,0) (3,0,0) (4,0,4.90827) (5,0,0) (6,0,0) (7,0,0) (8,0,2.49433) (9,0,0) (10,0,12.6432) (11,0,0) (12,0,0) (13,0,20.7392) (14,0,0) (15,0,31.4023) (16,0,17.4652) (17,0,0) (18,0,25.8472) 
policy_sol:
size: 19 1
(0,0,0) (1,0,41.1135) (2,0,0) (3,0,0) (4,0,4.90827) (5,0,0) (6,0,0) (7,0,0) (8,0,2.49433) (9,0,0) (10,0,12.6432) (11,0,0) (12,0,0) (13,0,20.7392) (14,0,0) (15,0,31.4023) (16,0,17.4652) (17,0,0) (18,0,25.8472) 

policy_converges:
1
ipopt_converges:
0
