Git Revision:     18345a57b34405566a64d0bf3d2a118f1cdbade3
Build Mode:       Debug
C Compiler:       /usr/bin/cc
C++ Compiler:     /usr/bin/c++
Fortran Compiler: gfortran
Body count: 9
No end time specified. Simulation will run indefinitely.
N:
size: 27 17
(0,0,-0.00813787) (1,0,-0.999967) (6,0,0.00813787) (7,0,0.999967) (0,1,-0.999996) (1,1,-0.00266132) (9,1,0.999996) (10,1,0.00266132) (0,2,-0.704646) (1,2,-0.709559) (12,2,0.704646) (13,2,0.709559) (0,3,-0.999976) (1,3,0.00696935) (18,3,0.999976) (19,3,-0.00696935) (0,4,-0.901572) (1,4,-0.432629) (21,4,0.901572) (22,4,0.432629) (0,5,-0.708931) (1,5,-0.705278) (24,5,0.708931) (25,5,0.705278) (3,6,0.0386746) (4,6,-0.999252) (6,6,-0.0386746) (7,6,0.999252) (6,7,-0.701516) (7,7,0.712654) (18,7,0.701516) (19,7,-0.712654) (9,8,0.0490973) (10,8,-0.998794) (12,8,-0.0490973) (13,8,0.998794) (9,9,-0.999845) (10,9,0.0176249) (18,9,0.999845) (19,9,-0.0176249) (9,10,-0.701059) (10,10,-0.713104) (21,10,0.701059) (22,10,0.713104) (12,11,-0.698893) (13,11,0.715226) (18,11,0.698893) (19,11,-0.715226) (12,12,-0.998363) (13,12,0.0571967) (21,12,0.998363) (22,12,-0.0571967) (15,13,-0.427747) (16,13,0.903899) (18,13,0.427747) (19,13,-0.903899) (15,14,-0.999304) (16,14,0.0373157) (24,14,0.999304) (25,14,-0.0373157) (18,15,0.0168657) (19,15,-0.999858) (21,15,-0.0168657) (22,15,0.999858) (18,16,0.0115694) (19,16,-0.999933) (24,16,-0.0115694) (25,16,0.999933) 
Q:
size: 17 17
(0,0,0.0795775) (1,0,0.000429681) (2,0,0.0284597) (3,0,4.64954e-05) (4,0,0.0175051) (5,0,0.0282907) (6,0,0.0397451) (7,0,0.0281275) (0,1,0.000429681) (1,1,0.0795775) (2,1,0.028112) (3,1,0.0397869) (4,1,0.0359181) (5,1,0.0282821) (8,1,0.00184775) (9,1,-0.0397805) (10,1,-0.0279696) (0,2,0.0284597) (1,2,0.028112) (2,2,0.0795775) (3,2,0.0278395) (4,2,0.0374915) (5,2,0.039788) (8,2,0.0268219) (11,2,0.000597724) (12,2,-0.0263763) (0,3,4.64954e-05) (1,3,0.0397869) (2,3,0.0278395) (3,3,0.0795775) (4,3,0.0357516) (5,3,0.0280112) (7,3,0.0281094) (9,3,0.0397865) (11,3,0.0280057) (13,3,0.0172697) (15,3,0.000948312) (16,3,0.000737602) (0,4,0.0175051) (1,4,0.0359181) (2,4,0.0374915) (3,4,0.0357516) (4,4,0.0795775) (5,4,0.0375715) (10,4,0.0374239) (12,4,0.0348291) (15,4,0.0166063) (0,5,0.0282907) (1,5,0.0282821) (2,5,0.039788) (3,5,0.0280112) (4,5,0.0375715) (5,5,0.0795775) (14,5,0.0271407) (16,5,0.0277339) (0,6,0.0397451) (6,6,0.0795775) (7,6,0.0294139) (0,7,0.0281275) (3,7,0.0281094) (6,7,0.0294139) (7,7,0.0795775) (9,7,0.0284079) (11,7,0.0397885) (13,7,0.03757) (15,7,0.0288223) (16,7,0.0286766) (1,8,0.00184775) (2,8,0.0268219) (8,8,0.0795775) (9,8,-0.00265364) (10,8,0.0269697) (11,8,0.0297889) (12,8,0.00422336) (1,9,-0.0397805) (3,9,0.0397865) (7,9,0.0284079) (8,9,-0.00265364) (9,9,0.0795775) (10,9,0.0273898) (11,9,0.0283053) (13,9,0.0176507) (15,9,0.00137213) (16,9,0.00116148) (1,10,-0.0279696) (4,10,0.0374239) (8,10,0.0269697) (9,10,0.0273898) (10,10,0.0795775) (12,10,0.0262257) (15,10,0.027899) (2,11,0.000597724) (3,11,0.0280057) (7,11,0.0397885) (8,11,0.0297889) (9,11,0.0283053) (11,11,0.0795775) (12,11,0.0293903) (13,11,0.0376179) (15,11,0.0289229) (16,11,0.0287777) (2,12,-0.0263763) (4,12,0.0348291) (8,12,0.00422336) (10,12,0.0262257) (11,12,0.0293903) (12,12,0.0795775) (15,12,-0.00294543) (3,13,0.0172697) (7,13,0.03757) (9,13,0.0176507) (11,13,0.0376179) (13,13,0.0795775) (14,13,0.0183497) (15,13,0.0362469) (16,13,0.0361595) (5,14,0.0271407) (13,14,0.0183497) (14,14,0.0795775) (16,14,-0.00194466) (3,15,0.000948312) (4,15,0.0166063) (7,15,0.0288223) (9,15,0.00137213) (10,15,0.027899) (11,15,0.0289229) (12,15,-0.00294543) (13,15,0.0362469) (15,15,0.0795775) (16,15,0.0397882) (3,16,0.000737602) (5,16,0.0277339) (7,16,0.0286766) (9,16,0.00116148) (11,16,0.0287777) (13,16,0.0361595) (14,16,-0.00194466) (15,16,0.0397882) (16,16,0.0795775) 
Minv:
size: 27 27
(0,0,0.0397887) (1,1,0.0397887) (2,2,0.0795775) (3,3,0.0397887) (4,4,0.0397887) (5,5,0.0795775) (6,6,0.0397887) (7,7,0.0397887) (8,8,0.0795775) (9,9,0.0397887) (10,10,0.0397887) (11,11,0.0795775) (12,12,0.0397887) (13,13,0.0397887) (14,14,0.0795775) (15,15,0.0397887) (16,16,0.0397887) (17,17,0.0795775) (18,18,0.0397887) (19,19,0.0397887) (20,20,0.0795775) (21,21,0.0397887) (22,22,0.0397887) (23,23,0.0795775) (24,24,0.0397887) (25,25,0.0397887) (26,26,0.0795775) 
v0:
size: 27 1
(0,0,0.38455) (1,0,0.507299) (2,0,0) (3,0,-0.722665) (4,0,0.901636) (5,0,0) (6,0,-0.271184) (7,0,-0.123829) (8,0,0) (9,0,0.0521195) (10,0,-0.406926) (11,0,0) (12,0,0.55506) (13,0,-0.886158) (14,0,0) (15,0,0.87954) (16,0,0.642592) (17,0,0) (18,0,-0.438596) (19,0,0.0698504) (20,0,0) (21,0,-0.485894) (22,0,-0.79801) (23,0,0) (24,0,0.743676) (25,0,-0.493642) (26,0,0) 
ipopt_sol:
size: 17 1
(0,0,1.22432e-07) (1,0,1.26013) (2,0,32.2485) (3,0,1.2883e-05) (4,0,2.75042e-05) (5,0,1.68336e-07) (6,0,26.1923) (7,0,4.92307e-08) (8,0,2.54274e-07) (9,0,8.47466) (10,0,3.53533e-07) (11,0,12.2971) (12,0,33.0544) (13,0,6.27654e-08) (14,0,2.37251) (15,0,17.867) (16,0,1.05881) 
policy_sol:
size: 17 1
(0,0,0) (1,0,-1.25456) (2,0,35.4027) (3,0,0) (4,0,0) (5,0,0) (6,0,26.1923) (7,0,0) (8,0,4.35089) (9,0,17.0227) (10,0,-15.8547) (11,0,0) (12,0,44.0361) (13,0,0) (14,0,2.34664) (15,0,28.6834) (16,0,0) 

policy_converges:
0
ipopt_converges:
0
