Git Revision:     3cfe7dc3fe6810e9e399640d632720aa3564fe80
Build Mode:       Debug
C Compiler:       /usr/bin/cc
C++ Compiler:     /usr/bin/c++
Fortran Compiler: gfortran
Body count: 9
No end time specified. Simulation will run indefinitely.
N:
size: 27 16
(3,0,-0.0635527) (4,0,-0.997978) (6,0,0.0635527) (7,0,0.997978) (3,1,-0.996462) (4,1,-0.0840458) (12,1,0.996462) (13,1,0.0840458) (3,2,-0.716462) (4,2,-0.697626) (15,2,0.716462) (16,2,0.697626) (3,3,-0.998868) (4,3,-0.0475736) (21,3,0.998868) (22,3,0.0475736) (3,4,-0.895146) (4,4,-0.445774) (24,4,0.895146) (25,4,0.445774) (6,5,-0.721933) (7,5,0.691963) (12,5,0.721933) (13,5,-0.691963) (6,6,-0.999845) (7,6,0.0175991) (15,6,0.999845) (16,6,-0.0175991) (6,7,-0.90556) (7,7,0.424218) (21,7,0.90556) (22,7,-0.424218) (6,8,-0.999981) (7,8,-0.00619595) (24,8,0.999981) (25,8,0.00619595) (9,9,0.0495515) (10,9,-0.998772) (12,9,-0.0495515) (13,9,0.998772) (9,10,0.0298865) (10,10,-0.999553) (15,10,-0.0298865) (16,10,0.999553) (9,11,-0.685616) (10,11,-0.727963) (21,11,0.685616) (22,11,0.727963) (9,12,-0.452664) (10,12,-0.891681) (24,12,0.452664) (25,12,0.891681) (12,13,-0.738651) (13,13,-0.674088) (24,13,0.738651) (25,13,0.674088) (15,14,-0.999602) (16,14,-0.0282035) (24,14,0.999602) (25,14,0.0282035) (18,15,-0.0188688) (19,15,-0.999822) (21,15,0.0188688) (22,15,0.999822) 
Q:
size: 16 16
(0,0,0.0795775) (1,0,0.00585705) (2,0,0.0295133) (3,0,0.00441488) (4,0,0.0199645) (5,0,0.0256512) (6,0,-0.00182946) (7,0,0.0145551) (8,0,-0.00277466) (0,1,0.00585705) (1,1,0.0795775) (2,1,0.0307392) (3,1,0.0397622) (4,1,0.0369814) (5,1,0.0263092) (9,1,0.00137535) (13,1,-0.0315402) (0,2,0.0295133) (1,2,0.0307392) (2,2,0.0795775) (3,2,0.0297954) (4,2,0.0378917) (6,2,0.0280142) (10,2,0.0268933) (14,2,-0.0292786) (0,3,0.00441488) (1,3,0.0397622) (2,3,0.0297954) (3,3,0.0795775) (4,3,0.0364202) (7,3,0.0351873) (11,3,0.0286269) (15,3,0.00264247) (0,4,0.0199645) (1,4,0.0369814) (2,4,0.0378917) (3,4,0.0364202) (4,4,0.0795775) (8,4,0.0357259) (12,4,0.031938) (13,4,0.0382645) (14,4,0.0361028) (0,5,0.0256512) (1,5,0.0263092) (5,5,0.0795775) (6,5,0.0292049) (7,5,0.0376917) (8,5,0.0285536) (9,5,-0.0289219) (13,5,-0.00265839) (0,6,-0.00182946) (2,6,0.0280142) (5,6,0.0292049) (6,6,0.0795775) (7,6,0.0363226) (8,6,0.0397775) (10,6,-0.0018889) (14,6,-0.039747) (0,7,0.0145551) (3,7,0.0351873) (5,7,0.0376917) (6,7,0.0363226) (7,7,0.0795775) (8,7,0.0359258) (11,7,0.0124161) (15,7,-0.0161962) (0,8,-0.00277466) (4,8,0.0357259) (5,8,0.0285536) (6,8,0.0397775) (7,8,0.0359258) (8,8,0.0795775) (12,8,0.0182304) (13,8,0.0295556) (14,8,0.0397791) (1,9,0.00137535) (5,9,-0.0289219) (9,9,0.0795775) (10,9,0.039781) (11,9,0.0275774) (12,9,0.0345428) (13,9,-0.0253318) (2,10,0.0268933) (6,10,-0.0018889) (9,10,0.039781) (10,10,0.0795775) (11,10,0.0281365) (12,10,0.0349247) (14,10,6.69931e-05) (3,11,0.0286269) (7,11,0.0124161) (9,11,0.0275774) (10,11,0.0281365) (11,11,0.0795775) (12,11,0.0381759) (15,11,0.0294743) (4,12,0.031938) (8,12,0.0182304) (9,12,0.0345428) (10,12,0.0349247) (11,12,0.0381759) (12,12,0.0795775) (13,12,0.0372197) (14,12,0.0190044) (1,13,-0.0315402) (4,13,0.0382645) (5,13,-0.00265839) (8,13,0.0295556) (9,13,-0.0253318) (12,13,0.0372197) (13,13,0.0795775) (14,13,0.0301348) (2,14,-0.0292786) (4,14,0.0361028) (6,14,-0.039747) (8,14,0.0397791) (10,14,6.69931e-05) (12,14,0.0190044) (13,14,0.0301348) (14,14,0.0795775) (3,15,0.00264247) (7,15,-0.0161962) (11,15,0.0294743) (15,15,0.0795775) 
Minv:
size: 27 27
(0,0,0.0397887) (1,1,0.0397887) (2,2,0.0795775) (3,3,0.0397887) (4,4,0.0397887) (5,5,0.0795775) (6,6,0.0397887) (7,7,0.0397887) (8,8,0.0795775) (9,9,0.0397887) (10,10,0.0397887) (11,11,0.0795775) (12,12,0.0397887) (13,13,0.0397887) (14,14,0.0795775) (15,15,0.0397887) (16,16,0.0397887) (17,17,0.0795775) (18,18,0.0397887) (19,19,0.0397887) (20,20,0.0795775) (21,21,0.0397887) (22,22,0.0397887) (23,23,0.0795775) (24,24,0.0397887) (25,25,0.0397887) (26,26,0.0795775) 
v0:
size: 27 1
(0,0,-0.913374) (1,0,0.206443) (2,0,0) (3,0,0.478768) (4,0,0.901447) (5,0,0) (6,0,0.991579) (7,0,0.289626) (8,0,0) (9,0,0.382245) (10,0,-0.188136) (11,0,0) (12,0,0.367775) (13,0,-0.284426) (14,0,0) (15,0,0.554221) (16,0,-0.189892) (17,0,0) (18,0,0.38019) (19,0,-0.749984) (20,0,0) (21,0,0.43774) (22,0,-0.845771) (23,0,0) (24,0,-0.974986) (25,0,0.337609) (26,0,0) 
ipopt_sol:
size: 16 1
(0,0,5.68859) (1,0,1.94746e-07) (2,0,27.0416) (3,0,9.10452e-08) (4,0,2.36041e-07) (5,0,7.95576e-08) (6,0,4.68251e-06) (7,0,5.45754e-08) (8,0,34.1602) (9,0,7.84851e-07) (10,0,7.85079e-08) (11,0,11.0757) (12,0,5.77426e-08) (13,0,1.04167e-07) (14,0,30.9173) (15,0,6.53306e-07) 
policy_sol:
size: 16 1
(0,0,5.68859) (1,0,0) (2,0,27.0416) (3,0,0) (4,0,0) (5,0,0) (6,0,0) (7,0,0) (8,0,34.1602) (9,0,0) (10,0,0) (11,0,11.0757) (12,0,0) (13,0,0) (14,0,30.9173) (15,0,0) 

policy_converges:
1
