Git Revision:     18345a57b34405566a64d0bf3d2a118f1cdbade3
Build Mode:       Debug
C Compiler:       /usr/bin/cc
C++ Compiler:     /usr/bin/c++
Fortran Compiler: gfortran
Body count: 9
No end time specified. Simulation will run indefinitely.
N:
size: 27 22
(0,0,0.00259181) (1,0,-0.999997) (3,0,-0.00259181) (4,0,0.999997) (0,1,0.0343375) (1,1,-0.99941) (6,1,-0.0343375) (7,1,0.99941) (0,2,-0.999355) (1,2,-0.0359119) (9,2,0.999355) (10,2,0.0359119) (0,3,-0.431037) (1,3,-0.902334) (15,3,0.431037) (16,3,0.902334) (0,4,-0.999949) (1,4,0.010132) (18,4,0.999949) (19,4,-0.010132) (0,5,-0.895759) (1,5,-0.444539) (21,5,0.895759) (22,5,0.444539) (0,6,-0.694041) (1,6,-0.719935) (24,6,0.694041) (25,6,0.719935) (3,7,-0.740447) (4,7,0.672115) (9,7,0.740447) (10,7,-0.672115) (3,8,-0.8932) (4,8,0.44966) (18,8,0.8932) (19,8,-0.44966) (6,9,-0.488993) (7,9,0.872288) (9,9,0.488993) (10,9,-0.872288) (9,10,0.0550392) (10,10,-0.998484) (12,10,-0.0550392) (13,10,0.998484) (9,11,0.0314015) (10,11,-0.999507) (15,11,-0.0314015) (16,11,0.999507) (9,12,-0.998176) (10,12,0.060371) (18,12,0.998176) (19,12,-0.060371) (9,13,-0.703886) (10,13,-0.710313) (21,13,0.703886) (22,13,0.710313) (9,14,-0.420498) (10,14,-0.907293) (24,14,0.420498) (25,14,0.907293) (12,15,0.00689675) (13,15,-0.999976) (15,15,-0.00689675) (16,15,0.999976) (12,16,-0.682812) (13,16,0.730594) (18,16,0.682812) (19,16,-0.730594) (12,17,-0.996846) (13,17,0.0793658) (21,17,0.996846) (22,17,-0.0793658) (12,18,-0.707456) (13,18,-0.706757) (24,18,0.707456) (25,18,0.706757) (15,19,-0.440947) (16,19,0.897533) (18,19,0.440947) (19,19,-0.897533) (18,20,0.018085) (19,20,-0.999836) (21,20,-0.018085) (22,20,0.999836) (18,21,0.0106691) (19,21,-0.999943) (24,21,-0.0106691) (25,21,0.999943) 
Q:
size: 22 22
(0,0,0.0795775) (1,0,0.0397687) (2,0,0.00132583) (3,0,0.0358582) (4,0,-0.000506258) (5,0,0.0175952) (6,0,0.0285736) (7,0,0.0268189) (8,0,0.0179834) (0,1,0.0397687) (1,1,0.0795775) (2,1,6.26825e-05) (3,1,0.0352927) (4,1,-0.00176908) (5,1,0.0164534) (6,1,0.0276802) (9,1,0.0353548) (0,2,0.00132583) (1,2,6.26825e-05) (2,2,0.0795775) (3,2,0.0184287) (4,2,0.0397466) (5,2,0.0362533) (6,2,0.0286259) (7,2,0.0284821) (9,2,0.0181975) (10,2,0.000761806) (11,2,-0.000179563) (12,2,-0.0396043) (13,2,-0.0290036) (14,2,-0.0180167) (0,3,0.0358582) (1,3,0.0352927) (2,3,0.0184287) (3,3,0.0795775) (4,3,0.0167858) (5,3,0.0313228) (6,3,0.0377507) (11,3,0.0353465) (15,3,0.0357836) (19,3,0.0246615) (0,4,-0.000506258) (1,4,-0.00176908) (2,4,0.0397466) (3,4,0.0167858) (4,4,0.0795775) (5,4,0.0354601) (6,4,0.0273234) (8,4,0.0357187) (12,4,0.0397385) (16,4,0.0274614) (19,4,0.0179056) (20,4,0.00112262) (21,4,0.000827606) (0,5,0.0175952) (1,5,0.0164534) (2,5,0.0362533) (3,5,0.0313228) (4,5,0.0354601) (5,5,0.0795775) (6,5,0.0374704) (13,5,0.0376511) (17,5,0.0341249) (20,5,0.0170402) (0,6,0.0285736) (1,6,0.0276802) (2,6,0.0286259) (3,6,0.0377507) (4,6,0.0273234) (5,6,0.0374704) (6,6,0.0795775) (14,6,0.0376018) (18,6,0.0397817) (21,6,0.028349) (0,7,0.0268189) (2,7,0.0284821) (7,7,0.0795775) (8,7,0.03834) (9,7,0.0377337) (10,7,0.0283236) (11,7,0.0276545) (12,7,-0.0310222) (13,7,-0.00174188) (14,7,0.0118749) (0,8,0.0179834) (4,8,0.0357187) (7,8,0.03834) (8,8,0.0795775) (12,8,0.0365546) (16,8,0.037338) (19,8,0.0317291) (20,8,0.0185312) (21,8,0.0182695) (1,9,0.0353548) (2,9,0.0181975) (7,9,0.0377337) (9,9,0.0795775) (10,9,0.0357255) (11,9,0.0353011) (12,9,-0.0215162) (13,9,0.0109579) (14,9,0.0233082) (2,10,0.000761806) (7,10,0.0283236) (9,10,0.0357255) (10,10,0.0795775) (11,10,0.0397776) (12,10,-0.00458439) (13,10,0.0266782) (14,10,0.0351245) (15,10,-0.0397426) (16,10,0.0305207) (17,10,0.00533611) (18,10,-0.0265291) (2,11,-0.000179563) (3,11,0.0353465) (7,11,0.0276545) (9,11,0.0353011) (10,11,0.0397776) (11,11,0.0795775) (12,11,-0.00364805) (13,11,0.0273691) (14,11,0.0355569) (15,11,0.0397768) (19,11,0.036245) (2,12,-0.0396043) (4,12,0.0397385) (7,12,-0.0310222) (8,12,0.0365546) (9,12,-0.0215162) (10,12,-0.00458439) (11,12,-0.00364805) (12,12,0.0795775) (13,12,0.0262494) (14,12,0.0145212) (16,12,0.0288736) (19,12,0.0196687) (20,12,0.00311996) (21,12,0.00282569) (2,13,-0.0290036) (5,13,0.0376511) (7,13,-0.00174188) (9,13,0.0109579) (10,13,0.0266782) (11,13,0.0273691) (12,13,0.0262494) (13,13,0.0795775) (14,13,0.0374191) (17,13,0.0256753) (20,13,0.0277513) (2,14,-0.0180167) (6,14,0.0376018) (7,14,0.0118749) (9,14,0.0233082) (10,14,0.0351245) (11,14,0.0355569) (12,14,0.0145212) (13,14,0.0374191) (14,14,0.0795775) (18,14,0.0373505) (21,14,0.0359195) (3,15,0.0357836) (10,15,-0.0397426) (11,15,0.0397768) (15,15,0.0795775) (16,15,-0.0292561) (17,15,-0.00343134) (18,15,0.0279262) (19,15,0.0358319) (4,16,0.0274614) (8,16,0.037338) (10,16,0.0305207) (12,16,0.0288736) (15,16,-0.0292561) (16,16,0.0795775) (17,16,0.0293896) (18,16,-0.00132469) (19,16,0.0380705) (20,16,0.029556) (21,16,0.0293576) (5,17,0.0341249) (10,17,0.00533611) (13,17,0.0256753) (15,17,-0.00343134) (16,17,0.0293896) (17,17,0.0795775) (18,17,0.0258282) (20,17,-0.00387466) (6,18,0.0397817) (10,18,-0.0265291) (14,18,0.0373505) (15,18,0.0279262) (16,18,-0.00132469) (17,18,0.0258282) (18,18,0.0795775) (21,18,0.027819) (3,19,0.0246615) (4,19,0.0179056) (8,19,0.0317291) (11,19,0.036245) (12,19,0.0196687) (15,19,0.0358319) (16,19,0.0380705) (19,19,0.0795775) (20,19,0.0360232) (21,19,0.0358969) (4,20,0.00112262) (5,20,0.0170402) (8,20,0.0185312) (12,20,0.00311996) (13,20,0.0277513) (16,20,0.029556) (17,20,-0.00387466) (19,20,0.0360232) (20,20,0.0795775) (21,20,0.0397876) (4,21,0.000827606) (6,21,0.028349) (8,21,0.0182695) (12,21,0.00282569) (14,21,0.0359195) (16,21,0.0293576) (18,21,0.027819) (19,21,0.0358969) (20,21,0.0397876) (21,21,0.0795775) 
Minv:
size: 27 27
(0,0,0.0397887) (1,1,0.0397887) (2,2,0.0795775) (3,3,0.0397887) (4,4,0.0397887) (5,5,0.0795775) (6,6,0.0397887) (7,7,0.0397887) (8,8,0.0795775) (9,9,0.0397887) (10,10,0.0397887) (11,11,0.0795775) (12,12,0.0397887) (13,13,0.0397887) (14,14,0.0795775) (15,15,0.0397887) (16,16,0.0397887) (17,17,0.0795775) (18,18,0.0397887) (19,19,0.0397887) (20,20,0.0795775) (21,21,0.0397887) (22,22,0.0397887) (23,23,0.0795775) (24,24,0.0397887) (25,25,0.0397887) (26,26,0.0795775) 
v0:
size: 27 1
(0,0,0.969078) (1,0,0.366004) (2,0,0) (3,0,-0.000279344) (4,0,-0.986198) (5,0,0) (6,0,-0.656489) (7,0,-0.426308) (8,0,0) (9,0,0.750482) (10,0,0.942476) (11,0,0) (12,0,0.966274) (13,0,0.932301) (14,0,0) (15,0,-0.146916) (16,0,-0.0285489) (17,0,0) (18,0,0.562413) (19,0,0.627992) (20,0,0) (21,0,0.527507) (22,0,-0.466382) (23,0,0) (24,0,0.535222) (25,0,0.369544) (26,0,0) 
ipopt_sol:
size: 22 1
(0,0,33.6873) (1,0,2.88801e-06) (2,0,8.3729) (3,0,1.40633e-07) (4,0,6.04465) (5,0,1.08251e-07) (6,0,6.38397e-08) (7,0,0.394368) (8,0,1.11116e-07) (9,0,4.91521) (10,0,5.70828) (11,0,1.69527e-06) (12,0,1.05137e-06) (13,0,22.781) (14,0,3.79668e-07) (15,0,22.7414) (16,0,7.02096e-07) (17,0,8.29026e-07) (18,0,11.5827) (19,0,7.48878e-08) (20,0,19.4545) (21,0,1.45403e-07) 
policy_sol:
size: 22 1
(0,0,33.6873) (1,0,0) (2,0,8.3729) (3,0,0) (4,0,6.04465) (5,0,0) (6,0,0) (7,0,0.394361) (8,0,0) (9,0,4.91521) (10,0,5.70828) (11,0,0) (12,0,0) (13,0,22.781) (14,0,0) (15,0,22.7414) (16,0,0) (17,0,0) (18,0,11.5827) (19,0,0) (20,0,19.4545) (21,0,0) 

policy_converges:
1
ipopt_converges:
0
