Git Revision:     3cfe7dc3fe6810e9e399640d632720aa3564fe80
Build Mode:       Debug
C Compiler:       /usr/bin/cc
C++ Compiler:     /usr/bin/c++
Fortran Compiler: gfortran
Body count: 9
No end time specified. Simulation will run indefinitely.
N:
size: 27 13
(0,0,0.0268355) (1,0,-0.99964) (3,0,-0.0268355) (4,0,0.99964) (0,1,-0.00208308) (1,1,-0.999998) (6,1,0.00208308) (7,1,0.999998) (0,2,-0.433942) (1,2,-0.900941) (15,2,0.433942) (16,2,0.900941) (0,3,-0.891711) (1,3,-0.452605) (21,3,0.891711) (22,3,0.452605) (3,4,-0.706181) (4,4,0.708031) (9,4,0.706181) (10,4,-0.708031) (3,5,-0.999883) (4,5,-0.0153106) (21,5,0.999883) (22,5,0.0153106) (6,6,-0.999939) (7,6,-0.0110118) (15,6,0.999939) (16,6,0.0110118) (6,7,-0.901379) (7,7,0.433032) (21,7,0.901379) (22,7,-0.433032) (12,8,-0.717314) (13,8,0.69675) (18,8,0.717314) (19,8,-0.69675) (12,9,-0.999829) (13,9,-0.0184704) (21,9,0.999829) (22,9,0.0184704) (15,10,-0.732886) (16,10,0.680352) (21,10,0.732886) (22,10,-0.680352) (18,11,-0.0457744) (19,11,-0.998952) (21,11,0.0457744) (22,11,0.998952) (18,12,-0.00154132) (19,12,-0.999999) (24,12,0.00154132) (25,12,0.999999) 
Q:
size: 13 13
(0,0,0.0795775) (1,0,0.0397721) (2,0,0.035371) (3,0,0.01705) (4,0,0.0289156) (5,0,0.000458655) (0,1,0.0397721) (1,1,0.0795775) (2,1,0.0358832) (3,1,0.0180824) (6,1,-0.000521021) (7,1,0.017155) (0,2,0.035371) (1,2,0.0358832) (2,2,0.0795775) (3,2,0.0316209) (6,2,0.0176597) (10,2,0.0117348) (0,3,0.01705) (1,3,0.0180824) (2,3,0.0316209) (3,3,0.0795775) (5,3,0.0357516) (7,3,0.0241827) (9,3,0.0358066) (10,3,0.0137507) (11,3,0.0196138) (0,4,0.0289156) (4,4,0.0795775) (5,4,0.0276634) (0,5,0.000458655) (3,5,0.0357516) (4,5,0.0276634) (5,5,0.0795775) (7,5,0.0355967) (9,5,0.0397885) (10,5,0.0287427) (11,5,0.00242964) (1,6,-0.000521021) (2,6,0.0176597) (6,6,0.0795775) (7,6,0.0356728) (10,6,-0.0288607) (1,7,0.017155) (3,7,0.0241827) (5,7,0.0355967) (6,7,0.0356728) (7,7,0.0795775) (9,7,0.0355404) (10,7,0.0380071) (11,7,-0.01557) (8,8,0.0795775) (9,8,0.0280241) (11,8,0.0263873) (12,8,0.0276788) (3,9,0.0358066) (5,9,0.0397885) (7,9,0.0355404) (8,9,0.0280241) (9,9,0.0795775) (10,9,0.0286556) (11,9,0.00255514) (2,10,0.0117348) (3,10,0.0137507) (5,10,0.0287427) (6,10,-0.0288607) (7,10,0.0380071) (9,10,0.0286556) (10,10,0.0795775) (11,10,-0.0257072) (3,11,0.0196138) (5,11,0.00242964) (7,11,-0.01557) (8,11,0.0263873) (9,11,0.00255514) (10,11,-0.0257072) (11,11,0.0795775) (12,11,0.0397498) (8,12,0.0276788) (11,12,0.0397498) (12,12,0.0795775) 
Minv:
size: 27 27
(0,0,0.0397887) (1,1,0.0397887) (2,2,0.0795775) (3,3,0.0397887) (4,4,0.0397887) (5,5,0.0795775) (6,6,0.0397887) (7,7,0.0397887) (8,8,0.0795775) (9,9,0.0397887) (10,10,0.0397887) (11,11,0.0795775) (12,12,0.0397887) (13,13,0.0397887) (14,14,0.0795775) (15,15,0.0397887) (16,16,0.0397887) (17,17,0.0795775) (18,18,0.0397887) (19,19,0.0397887) (20,20,0.0795775) (21,21,0.0397887) (22,22,0.0397887) (23,23,0.0795775) (24,24,0.0397887) (25,25,0.0397887) (26,26,0.0795775) 
v0:
size: 27 1
(0,0,-0.745025) (1,0,0.820946) (2,0,0) (3,0,-0.284199) (4,0,-0.79829) (5,0,0) (6,0,-0.591127) (7,0,-0.284583) (8,0,0) (9,0,-0.411325) (10,0,-0.496921) (11,0,0) (12,0,0.453924) (13,0,-0.246432) (14,0,0) (15,0,-0.82164) (16,0,-0.185113) (17,0,0) (18,0,0.890945) (19,0,0.615151) (20,0,0) (21,0,-0.83974) (22,0,0.153347) (23,0,0) (24,0,0.224781) (25,0,0.345672) (26,0,0) 
ipopt_sol:
size: 13 1
(0,0,35.3244) (1,0,8.93936) (2,0,2.69932) (3,0,5.22741e-08) (4,0,2.09019e-07) (5,0,3.75303e-07) (6,0,5.26467) (7,0,1.87686e-07) (8,0,1.27276e-07) (9,0,31.8892) (10,0,0.109256) (11,0,12.2596) (12,0,0.674752) 
policy_sol:
size: 13 1
(0,0,35.3244) (1,0,8.93935) (2,0,2.69933) (3,0,0) (4,0,0) (5,0,0) (6,0,5.26466) (7,0,0) (8,0,0) (9,0,31.8892) (10,0,0.109233) (11,0,12.2596) (12,0,0.674755) 

policy_converges:
1
