Git Revision:     3cfe7dc3fe6810e9e399640d632720aa3564fe80
Build Mode:       Debug
C Compiler:       /usr/bin/cc
C++ Compiler:     /usr/bin/c++
Fortran Compiler: gfortran
Body count: 9
No end time specified. Simulation will run indefinitely.
N:
size: 27 11
(0,0,0.0479086) (1,0,-0.998852) (3,0,-0.0479086) (4,0,0.998852) (0,1,-0.00349111) (1,1,-0.999994) (6,1,0.00349111) (7,1,0.999994) (0,2,-0.687552) (1,2,-0.726135) (12,2,0.687552) (13,2,0.726135) (0,3,-0.420507) (1,3,-0.907289) (15,3,0.420507) (16,3,0.907289) (0,4,-0.895083) (1,4,-0.4459) (21,4,0.895083) (22,4,0.4459) (3,5,-0.717222) (4,5,0.696845) (9,5,0.717222) (10,5,-0.696845) (3,6,-0.997236) (4,6,-0.074296) (12,6,0.997236) (13,6,0.074296) (3,7,-0.999588) (4,7,-0.0287077) (21,7,0.999588) (22,7,0.0287077) (12,8,0.0274146) (13,8,-0.999624) (15,8,-0.0274146) (16,8,0.999624) (18,9,-0.0480223) (19,9,-0.998846) (21,9,0.0480223) (22,9,0.998846) (18,10,-0.0307498) (19,10,-0.999527) (24,10,0.0307498) (25,10,0.999527) 
Q:
size: 11 11
(0,0,0.0795775) (1,0,0.0397362) (2,0,0.0275482) (3,0,0.0352569) (4,0,0.0160152) (5,0,0.0290619) (6,0,-0.0010518) (7,0,0.000764506) (0,1,0.0397362) (1,1,0.0795775) (2,1,0.0289873) (3,1,0.0361581) (4,1,0.017866) (0,2,0.0275482) (1,2,0.0289873) (2,2,0.0795775) (3,2,0.0377171) (4,2,0.0373696) (6,2,0.0294278) (8,2,-0.0281312) (0,3,0.0352569) (1,3,0.0361581) (2,3,0.0377171) (3,3,0.0795775) (4,3,0.0310729) (8,3,0.0356276) (0,4,0.0160152) (1,4,0.017866) (2,4,0.0373696) (3,4,0.0310729) (4,4,0.0795775) (7,4,0.0361089) (9,4,0.0194316) (0,5,0.0290619) (5,5,0.0795775) (6,5,0.0263985) (7,5,0.0277296) (0,6,-0.0010518) (2,6,0.0294278) (5,6,0.0263985) (6,6,0.0795775) (7,6,0.0397473) (8,6,-0.00186726) (0,7,0.000764506) (4,7,0.0361089) (5,7,0.0277296) (6,7,0.0397473) (7,7,0.0795775) (9,7,0.00305089) (2,8,-0.0281312) (3,8,0.0356276) (6,8,-0.00186726) (8,8,0.0795775) (4,9,0.0194316) (7,9,0.00305089) (9,9,0.0795775) (10,9,0.0397828) (9,10,0.0397828) (10,10,0.0795775) 
Minv:
size: 27 27
(0,0,0.0397887) (1,1,0.0397887) (2,2,0.0795775) (3,3,0.0397887) (4,4,0.0397887) (5,5,0.0795775) (6,6,0.0397887) (7,7,0.0397887) (8,8,0.0795775) (9,9,0.0397887) (10,10,0.0397887) (11,11,0.0795775) (12,12,0.0397887) (13,13,0.0397887) (14,14,0.0795775) (15,15,0.0397887) (16,16,0.0397887) (17,17,0.0795775) (18,18,0.0397887) (19,19,0.0397887) (20,20,0.0795775) (21,21,0.0397887) (22,22,0.0397887) (23,23,0.0795775) (24,24,0.0397887) (25,25,0.0397887) (26,26,0.0795775) 
v0:
size: 27 1
(0,0,-0.70859) (1,0,0.888712) (2,0,0) (3,0,0.115856) (4,0,-0.667648) (5,0,0) (6,0,-0.913641) (7,0,0.445189) (8,0,0) (9,0,-0.601287) (10,0,-0.869991) (11,0,0) (12,0,-0.700964) (13,0,0.428294) (14,0,0) (15,0,-0.405239) (16,0,-0.0300513) (17,0,0) (18,0,0.545726) (19,0,-0.40145) (20,0,0) (21,0,-0.285594) (22,0,-0.924426) (23,0,0) (24,0,0.858694) (25,0,-0.590126) (26,0,0) 
ipopt_sol:
size: 11 1
(0,0,40.3177) (1,0,1.17397e-07) (2,0,1.24389e-07) (3,0,1.95205e-07) (4,0,1.49305e-06) (5,0,8.7436e-08) (6,0,19.2442) (7,0,4.23508e-06) (8,0,12.1705) (9,0,14.132) (10,0,4.3502e-07) 
policy_sol:
size: 11 1
(0,0,40.3177) (1,0,0) (2,0,0) (3,0,0) (4,0,0) (5,0,0) (6,0,19.2442) (7,0,0) (8,0,12.1705) (9,0,14.132) (10,0,0) 

policy_converges:
1
