Git Revision:     18345a57b34405566a64d0bf3d2a118f1cdbade3
Build Mode:       Debug
C Compiler:       /usr/bin/cc
C++ Compiler:     /usr/bin/c++
Fortran Compiler: gfortran
Body count: 9
No end time specified. Simulation will run indefinitely.
N:
size: 27 12
(0,0,-0.999992) (1,0,-0.00391912) (9,0,0.999992) (10,0,0.00391912) (0,1,-0.680969) (1,1,-0.732312) (12,1,0.680969) (13,1,0.732312) (0,2,-0.999726) (1,2,-0.0233935) (18,2,0.999726) (19,2,0.0233935) (0,3,-0.895135) (1,3,-0.445796) (21,3,0.895135) (22,3,0.445796) (0,4,-0.720783) (1,4,-0.693161) (24,4,0.720783) (25,4,0.693161) (3,5,-0.0188325) (4,5,-0.999823) (6,5,0.0188325) (7,5,0.999823) (3,6,-0.701628) (4,6,-0.712544) (15,6,0.701628) (16,6,0.712544) (3,7,-0.900912) (4,7,-0.434001) (24,7,0.900912) (25,7,0.434001) (9,8,-0.710161) (10,8,-0.70404) (21,8,0.710161) (22,8,0.70404) (12,9,-0.998731) (13,9,0.0503587) (21,9,0.998731) (22,9,-0.0503587) (12,10,-0.759261) (13,10,-0.650787) (24,10,0.759261) (25,10,0.650787) (18,11,0.0259001) (19,11,-0.999665) (21,11,-0.0259001) (22,11,0.999665) 
Q:
size: 12 12
(0,0,0.0795775) (1,0,0.0272089) (2,0,0.0397812) (3,0,0.0356855) (4,0,0.0287869) (8,0,-0.028366) (0,1,0.0272089) (1,1,0.0795775) (2,1,0.0277691) (3,1,0.0372431) (4,1,0.0397267) (9,1,-0.0255932) (10,1,-0.0395346) (0,2,0.0397812) (1,2,0.0277691) (2,2,0.0795775) (3,2,0.0360215) (4,2,0.0293164) (11,2,9.97645e-05) (0,3,0.0356855) (1,3,0.0372431) (2,3,0.0360215) (3,3,0.0795775) (4,3,0.0379667) (8,3,0.0377813) (9,3,0.0346778) (11,3,0.0168092) (0,4,0.0287869) (1,4,0.0397267) (2,4,0.0293164) (3,4,0.0379667) (4,4,0.0795775) (7,4,0.037807) (10,4,0.0397236) (5,5,0.0795775) (6,5,0.0288719) (7,5,0.0179404) (5,6,0.0288719) (6,6,0.0795775) (7,6,0.0374551) (4,7,0.037807) (5,7,0.0179404) (6,7,0.0374551) (7,7,0.0795775) (10,7,0.0384546) (0,8,-0.028366) (3,8,0.0377813) (8,8,0.0795775) (9,8,0.0268099) (11,8,0.0272716) (1,9,-0.0255932) (3,9,0.0346778) (8,9,0.0268099) (9,9,0.0795775) (10,9,0.0288677) (11,9,-0.00303226) (1,10,-0.0395346) (4,10,0.0397236) (7,10,0.0384546) (9,10,0.0288677) (10,10,0.0795775) (2,11,9.97645e-05) (3,11,0.0168092) (8,11,0.0272716) (9,11,-0.00303226) (11,11,0.0795775) 
Minv:
size: 27 27
(0,0,0.0397887) (1,1,0.0397887) (2,2,0.0795775) (3,3,0.0397887) (4,4,0.0397887) (5,5,0.0795775) (6,6,0.0397887) (7,7,0.0397887) (8,8,0.0795775) (9,9,0.0397887) (10,10,0.0397887) (11,11,0.0795775) (12,12,0.0397887) (13,13,0.0397887) (14,14,0.0795775) (15,15,0.0397887) (16,16,0.0397887) (17,17,0.0795775) (18,18,0.0397887) (19,19,0.0397887) (20,20,0.0795775) (21,21,0.0397887) (22,22,0.0397887) (23,23,0.0795775) (24,24,0.0397887) (25,25,0.0397887) (26,26,0.0795775) 
v0:
size: 27 1
(0,0,0.565839) (1,0,-0.727499) (2,0,0) (3,0,-0.558558) (4,0,0.634026) (5,0,0) (6,0,-0.99755) (7,0,-0.642808) (8,0,0) (9,0,-0.111925) (10,0,-0.81098) (11,0,0) (12,0,-0.345705) (13,0,0.0239182) (14,0,0) (15,0,-0.869769) (16,0,0.789699) (17,0,0) (18,0,0.122203) (19,0,0.117686) (20,0,0) (21,0,-0.472578) (22,0,-0.61187) (23,0,0) (24,0,-0.578059) (25,0,0.275258) (26,0,0) 
ipopt_sol:
size: 12 1
(0,0,10.7203) (1,0,1.27062e-07) (2,0,1.02e-06) (3,0,14.0976) (4,0,1.42141e-07) (5,0,32.2924) (6,0,1.16707e-07) (7,0,3.61191e-07) (8,0,2.146e-07) (9,0,3.35357e-07) (10,0,0.322917) (11,0,14.9646) 
policy_sol:
size: 12 1
(0,0,10.7203) (1,0,0) (2,0,0) (3,0,14.0976) (4,0,0) (5,0,32.2924) (6,0,0) (7,0,0) (8,0,0) (9,0,0) (10,0,0.322914) (11,0,14.9646) 

policy_converges:
1
ipopt_converges:
0
