Git Revision:     3cfe7dc3fe6810e9e399640d632720aa3564fe80
Build Mode:       Debug
C Compiler:       /usr/bin/cc
C++ Compiler:     /usr/bin/c++
Fortran Compiler: gfortran
Body count: 9
No end time specified. Simulation will run indefinitely.
N:
size: 27 14
(0,0,-0.0561795) (1,0,-0.998421) (3,0,0.0561795) (4,0,0.998421) (0,1,-0.998829) (1,1,-0.0483711) (9,1,0.998829) (10,1,0.0483711) (0,2,-0.698542) (1,2,-0.715569) (12,2,0.698542) (13,2,0.715569) (0,3,-0.46072) (1,3,-0.887545) (15,3,0.46072) (16,3,0.887545) (0,4,-0.893658) (1,4,-0.448749) (21,4,0.893658) (22,4,0.448749) (3,5,-0.727698) (4,5,0.685897) (9,5,0.727698) (10,5,-0.685897) (3,6,-0.999013) (4,6,-0.044428) (12,6,0.999013) (13,6,0.044428) (3,7,-0.692752) (4,7,-0.721176) (15,7,0.692752) (16,7,0.721176) (3,8,-0.999973) (4,8,-0.00731475) (21,8,0.999973) (22,8,0.00731475) (9,9,0.0450053) (10,9,-0.998987) (12,9,-0.0450053) (13,9,0.998987) (9,10,-0.000329762) (10,10,-1) (15,10,0.000329762) (16,10,1) (12,11,-0.0450219) (13,11,-0.998986) (15,11,0.0450219) (16,11,0.998986) (12,12,-0.999599) (13,12,0.0283326) (21,12,0.999599) (22,12,-0.0283326) (15,13,-0.679181) (16,13,0.733971) (21,13,0.679181) (22,13,-0.733971) 
Q:
size: 14 14
(0,0,0.0795775) (1,0,0.00415428) (2,0,0.0299881) (3,0,0.0362884) (4,0,0.0198246) (5,0,0.0256213) (6,0,-0.00399805) (7,0,-0.0301979) (8,0,-0.00252584) (0,1,0.00415428) (1,1,0.0795775) (2,1,0.0291388) (3,1,0.0200182) (4,1,0.0363796) (5,1,0.0276002) (9,1,-0.000134067) (10,1,-0.00193773) (0,2,0.0299881) (1,2,0.0291388) (2,2,0.0795775) (3,2,0.0380751) (4,2,0.037615) (6,2,0.0290316) (9,2,0.0271918) (11,2,-0.0296941) (12,2,-0.0269763) (0,3,0.0362884) (1,3,0.0200182) (2,3,0.0380751) (3,3,0.0795775) (4,3,0.0322293) (7,3,0.038167) (10,3,0.0353204) (11,3,0.0361038) (13,3,0.0134693) (0,4,0.0198246) (1,4,0.0363796) (2,4,0.037615) (3,4,0.0322293) (4,4,0.0795775) (8,4,0.0356872) (12,4,0.0350374) (13,4,0.0110448) (0,5,0.0256213) (1,5,0.0276002) (5,5,0.0795775) (6,5,0.0277131) (7,5,0.000376489) (8,5,0.0287538) (9,5,0.0285664) (10,5,0.0272814) (0,6,-0.00399805) (2,6,0.0290316) (5,6,0.0277131) (6,6,0.0795775) (7,6,0.0288114) (8,6,0.0397613) (9,6,-2.29918e-05) (11,6,-0.00355554) (12,6,-0.0396834) (0,7,-0.0301979) (3,7,0.038167) (5,7,0.000376489) (6,7,0.0288114) (7,7,0.0795775) (8,7,0.0277729) (10,7,0.0287038) (11,7,0.0299065) (13,7,0.00234029) (0,8,-0.00252584) (4,8,0.0356872) (5,8,0.0287538) (6,8,0.0397613) (7,8,0.0277729) (8,8,0.0795775) (12,8,0.0397635) (13,8,0.0268094) (1,9,-0.000134067) (2,9,0.0271918) (5,9,0.0285664) (6,9,-2.29918e-05) (9,9,0.0795775) (10,9,0.0397478) (11,9,-0.0396275) (12,9,0.00291616) (1,10,-0.00193773) (3,10,0.0353204) (5,10,0.0272814) (7,10,0.0287038) (9,10,0.0397478) (10,10,0.0795775) (11,10,0.039749) (13,10,0.0291949) (2,11,-0.0296941) (3,11,0.0361038) (6,11,-0.00355554) (7,11,0.0299065) (9,11,-0.0396275) (10,11,0.039749) (11,11,0.0795775) (12,11,0.000664471) (13,11,0.0279575) (2,12,-0.0269763) (4,12,0.0350374) (6,12,-0.0396834) (8,12,0.0397635) (9,12,0.00291616) (11,12,0.000664471) (12,12,0.0795775) (13,12,0.0278403) (3,13,0.0134693) (4,13,0.0110448) (7,13,0.00234029) (8,13,0.0268094) (10,13,0.0291949) (11,13,0.0279575) (12,13,0.0278403) (13,13,0.0795775) 
Minv:
size: 27 27
(0,0,0.0397887) (1,1,0.0397887) (2,2,0.0795775) (3,3,0.0397887) (4,4,0.0397887) (5,5,0.0795775) (6,6,0.0397887) (7,7,0.0397887) (8,8,0.0795775) (9,9,0.0397887) (10,10,0.0397887) (11,11,0.0795775) (12,12,0.0397887) (13,13,0.0397887) (14,14,0.0795775) (15,15,0.0397887) (16,16,0.0397887) (17,17,0.0795775) (18,18,0.0397887) (19,19,0.0397887) (20,20,0.0795775) (21,21,0.0397887) (22,22,0.0397887) (23,23,0.0795775) (24,24,0.0397887) (25,25,0.0397887) (26,26,0.0795775) 
v0:
size: 27 1
(0,0,0.447059) (1,0,-0.0251401) (2,0,0) (3,0,0.456793) (4,0,-0.578429) (5,0,0) (6,0,-0.401718) (7,0,0.244147) (8,0,0) (9,0,-0.405909) (10,0,0.0669833) (11,0,0) (12,0,0.076061) (13,0,-0.0940782) (14,0,0) (15,0,0.333269) (16,0,-0.785127) (17,0,0) (18,0,0.64523) (19,0,-0.818899) (20,0,0) (21,0,-0.36653) (22,0,0.197509) (23,0,0) (24,0,0.834838) (25,0,0.120558) (26,0,0) 
ipopt_sol:
size: 14 1
(0,0,5.8224) (1,0,12.7989) (2,0,0.807594) (3,0,3.26484) (4,0,1.3528) (5,0,18.6827) (6,0,1.18766) (7,0,1.60011) (8,0,3.12156) (9,0,0.324157) (10,0,0.705957) (11,0,6.20143) (12,0,1.08163) (13,0,25.4165) 
policy_sol:
size: 14 1
(0,0,6.58131) (1,0,14.3482) (2,0,0) (3,0,3.66177) (4,0,0) (5,0,16.577) (6,0,2.63705) (7,0,0.550057) (8,0,3.97605) (9,0,0) (10,0,2.54907) (11,0,5.38979) (12,0,2.01696) (13,0,24.5619) 

policy_converges:
1
