Git Revision:     3cfe7dc3fe6810e9e399640d632720aa3564fe80
Build Mode:       Debug
C Compiler:       /usr/bin/cc
C++ Compiler:     /usr/bin/c++
Fortran Compiler: gfortran
Body count: 9
No end time specified. Simulation will run indefinitely.
N:
size: 27 9
(0,0,-0.00580362) (1,0,-0.999983) (3,0,0.00580362) (4,0,0.999983) (0,1,0.0263044) (1,1,-0.999654) (6,1,-0.0263044) (7,1,0.999654) (12,2,-0.720512) (13,2,0.693442) (18,2,0.720512) (19,2,-0.693442) (12,3,-0.999708) (13,3,-0.0241508) (21,3,0.999708) (22,3,0.0241508) (12,4,-0.700931) (13,4,-0.713229) (24,4,0.700931) (25,4,0.713229) (15,5,-0.468075) (16,5,0.883689) (18,5,0.468075) (19,5,-0.883689) (15,6,-0.745468) (16,6,0.666542) (21,6,0.745468) (22,6,-0.666542) (18,7,0.0174124) (19,7,-0.999848) (24,7,-0.0174124) (25,7,0.999848) (21,8,0.0566594) (22,8,-0.998394) (24,8,-0.0566594) (25,8,0.998394) 
Q:
size: 9 9
(0,0,0.0795775) (1,0,0.0397682) (0,1,0.0397682) (1,1,0.0795775) (2,2,0.0795775) (3,2,0.0279936) (4,2,0.000415653) (5,2,0.0378009) (7,2,0.0280862) (2,3,0.0279936) (3,3,0.0795775) (4,3,0.0285664) (6,3,0.0290121) (8,3,0.00129436) (2,4,0.000415653) (3,4,0.0285664) (4,4,0.0795775) (7,4,0.0278886) (8,4,0.0267527) (2,5,0.0378009) (5,5,0.0795775) (6,5,0.0373199) (7,5,0.0354798) (3,6,0.0290121) (5,6,0.0373199) (6,6,0.0795775) (8,6,0.0281588) (2,7,0.0280862) (4,7,0.0278886) (5,7,0.0354798) (7,7,0.0795775) (8,7,0.039758) (3,8,0.00129436) (4,8,0.0267527) (6,8,0.0281588) (7,8,0.039758) (8,8,0.0795775) 
Minv:
size: 27 27
(0,0,0.0397887) (1,1,0.0397887) (2,2,0.0795775) (3,3,0.0397887) (4,4,0.0397887) (5,5,0.0795775) (6,6,0.0397887) (7,7,0.0397887) (8,8,0.0795775) (9,9,0.0397887) (10,10,0.0397887) (11,11,0.0795775) (12,12,0.0397887) (13,13,0.0397887) (14,14,0.0795775) (15,15,0.0397887) (16,16,0.0397887) (17,17,0.0795775) (18,18,0.0397887) (19,19,0.0397887) (20,20,0.0795775) (21,21,0.0397887) (22,22,0.0397887) (23,23,0.0795775) (24,24,0.0397887) (25,25,0.0397887) (26,26,0.0795775) 
v0:
size: 27 1
(0,0,-0.951494) (1,0,0.578849) (2,0,0) (3,0,-0.665443) (4,0,0.24692) (5,0,0) (6,0,0.0207529) (7,0,0.340314) (8,0,0) (9,0,-0.536577) (10,0,-0.755156) (11,0,0) (12,0,0.68195) (13,0,-0.15884) (14,0,0) (15,0,0.763957) (16,0,-0.0858178) (17,0,0) (18,0,-0.371333) (19,0,-0.143853) (20,0,0) (21,0,0.447202) (22,0,0.0766374) (23,0,0) (24,0,0.876604) (25,0,-0.370278) (26,0,0) 
ipopt_sol:
size: 9 1
(0,0,6.6434) (1,0,3.31574) (2,0,18.8938) (3,0,4.07006e-07) (4,0,3.51054e-07) (5,0,0.927744) (6,0,4.61417) (7,0,1.82388e-07) (8,0,10.1929) 
policy_sol:
size: 9 1
(0,0,6.6434) (1,0,3.31574) (2,0,18.8938) (3,0,0) (4,0,0) (5,0,0.927741) (6,0,4.61417) (7,0,0) (8,0,10.1929) 

policy_converges:
1
