Git Revision:     18345a57b34405566a64d0bf3d2a118f1cdbade3
Build Mode:       Debug
C Compiler:       /usr/bin/cc
C++ Compiler:     /usr/bin/c++
Fortran Compiler: gfortran
Body count: 9
No end time specified. Simulation will run indefinitely.
N:
size: 27 17
(3,0,0.0785652) (4,0,-0.996909) (6,0,-0.0785652) (7,0,0.996909) (3,1,-0.647292) (4,1,0.762242) (9,1,0.647292) (10,1,-0.762242) (3,2,-0.879521) (4,2,0.47586) (18,2,0.879521) (19,2,-0.47586) (3,3,-0.999779) (4,3,0.0210333) (21,3,0.999779) (22,3,-0.0210333) (6,4,-0.437772) (7,4,0.899086) (9,4,0.437772) (10,4,-0.899086) (6,5,-0.741746) (7,5,0.670681) (12,5,0.741746) (13,5,-0.670681) (6,6,-0.999756) (7,6,-0.0220874) (15,6,0.999756) (16,6,0.0220874) (6,7,-0.711992) (7,7,0.702187) (18,7,0.711992) (19,7,-0.702187) (6,8,-0.89466) (7,8,0.446747) (21,8,0.89466) (22,8,-0.446747) (6,9,-0.999922) (7,9,-0.0125145) (24,9,0.999922) (25,9,0.0125145) (9,10,-0.696315) (10,10,-0.717737) (21,10,0.696315) (22,10,0.717737) (12,11,-0.682531) (13,11,0.730857) (18,11,0.682531) (19,11,-0.730857) (12,12,-0.998466) (13,12,0.055376) (21,12,0.998466) (22,12,-0.055376) (12,13,-0.715) (13,13,-0.699124) (24,13,0.715) (25,13,0.699124) (15,14,-0.449628) (16,14,0.893216) (18,14,0.449628) (19,14,-0.893216) (15,15,-0.999996) (16,15,-0.00281475) (24,15,0.999996) (25,15,0.00281475) (18,16,0.0585484) (19,16,-0.998285) (21,16,-0.0585484) (22,16,0.998285) 
Q:
size: 17 17
(0,0,0.0795775) (1,0,-0.0322583) (2,0,-0.0216248) (3,0,-0.00395962) (4,0,0.0370314) (5,0,0.0289218) (6,0,0.00224914) (7,0,0.0300785) (8,0,0.0205173) (9,0,0.00262937) (0,1,-0.0322583) (1,1,0.0795775) (2,1,0.0370842) (3,1,0.0263871) (4,1,0.0385429) (10,1,0.00383444) (0,2,-0.0216248) (1,2,0.0370842) (2,2,0.0795775) (3,2,0.0353855) (7,2,0.0382113) (11,2,0.0377231) (14,2,0.0326468) (16,2,0.0209503) (0,3,-0.00395962) (1,3,0.0263871) (2,3,0.0353855) (3,3,0.0795775) (8,3,0.0359634) (10,3,0.0270987) (12,3,0.0397652) (16,3,-0.0031645) (0,4,0.0370314) (1,4,0.0385429) (4,4,0.0795775) (5,4,0.0369126) (6,4,0.016624) (7,4,0.0375215) (8,4,0.0315653) (9,4,0.0169693) (10,4,0.0135473) (0,5,0.0289218) (4,5,0.0369126) (5,5,0.0795775) (6,5,0.0289165) (7,5,0.0397514) (8,5,0.0383259) (9,5,0.0291769) (11,5,-0.0396469) (12,5,-0.0309456) (13,5,-0.00244539) (0,6,0.00224914) (4,6,0.016624) (5,6,0.0289165) (6,6,0.0795775) (7,6,0.0277053) (8,6,0.0351961) (9,6,0.0397869) (14,6,-0.0171008) (15,6,-0.0397813) (0,7,0.0300785) (2,7,0.0382113) (4,7,0.0375215) (5,7,0.0397514) (6,7,0.0277053) (7,7,0.0795775) (8,7,0.0378268) (9,7,0.0279774) (11,7,0.0397551) (14,7,0.0376933) (16,7,0.0295499) (0,8,0.0205173) (3,8,0.0359634) (4,8,0.0315653) (5,8,0.0383259) (6,8,0.0351961) (7,8,0.0378268) (8,8,0.0795775) (9,8,0.0353722) (10,8,0.0120289) (12,8,0.0365271) (16,8,-0.0198292) (0,9,0.00262937) (4,9,0.0169693) (5,9,0.0291769) (6,9,0.0397869) (7,9,0.0279774) (8,9,0.0353722) (9,9,0.0795775) (13,9,0.0287948) (15,9,0.0397869) (1,10,0.00383444) (3,10,0.0270987) (4,10,0.0135473) (8,10,0.0120289) (10,10,0.0795775) (12,10,0.0260816) (16,10,0.0268867) (2,11,0.0377231) (5,11,-0.0396469) (7,11,0.0397551) (11,11,0.0795775) (12,11,0.0287257) (13,11,-0.000913148) (14,11,0.0381852) (16,11,0.03062) (3,12,0.0397652) (5,12,-0.0309456) (8,12,0.0365271) (10,12,0.0260816) (11,12,0.0287257) (12,12,0.0795775) (13,12,0.0268649) (16,12,-0.00452555) (5,13,-0.00244539) (9,13,0.0287948) (11,13,-0.000913148) (12,13,0.0268649) (13,13,0.0795775) (15,13,0.0285271) (2,14,0.0326468) (6,14,-0.0171008) (7,14,0.0376933) (11,14,0.0381852) (14,14,0.0795775) (15,14,0.01779) (16,14,0.0365264) (6,15,-0.0397813) (9,15,0.0397869) (13,15,0.0285271) (14,15,0.01779) (15,15,0.0795775) (2,16,0.0209503) (3,16,-0.0031645) (7,16,0.0295499) (8,16,-0.0198292) (10,16,0.0268867) (11,16,0.03062) (12,16,-0.00452555) (14,16,0.0365264) (16,16,0.0795775) 
Minv:
size: 27 27
(0,0,0.0397887) (1,1,0.0397887) (2,2,0.0795775) (3,3,0.0397887) (4,4,0.0397887) (5,5,0.0795775) (6,6,0.0397887) (7,7,0.0397887) (8,8,0.0795775) (9,9,0.0397887) (10,10,0.0397887) (11,11,0.0795775) (12,12,0.0397887) (13,13,0.0397887) (14,14,0.0795775) (15,15,0.0397887) (16,16,0.0397887) (17,17,0.0795775) (18,18,0.0397887) (19,19,0.0397887) (20,20,0.0795775) (21,21,0.0397887) (22,22,0.0397887) (23,23,0.0795775) (24,24,0.0397887) (25,25,0.0397887) (26,26,0.0795775) 
v0:
size: 27 1
(0,0,-0.672799) (1,0,-0.969058) (2,0,0) (3,0,-0.0547647) (4,0,-0.429289) (5,0,0) (6,0,0.970755) (7,0,-0.742887) (8,0,0) (9,0,-0.159878) (10,0,0.0442421) (11,0,0) (12,0,0.781349) (13,0,0.0956395) (14,0,0) (15,0,0.145663) (16,0,0.560414) (17,0,0) (18,0,-0.0158208) (19,0,0.644363) (20,0,0) (21,0,-0.470666) (22,0,-0.508425) (23,0,0) (24,0,0.130542) (25,0,0.73758) (26,0,0) 
ipopt_sol:
size: 17 1
(0,0,2.19366e-07) (1,0,6.11189) (2,0,1.91014e-07) (3,0,1.06968e-07) (4,0,9.64122) (5,0,16.1637) (6,0,3.6275) (7,0,17.7907) (8,0,4.25899e-06) (9,0,4.59885) (10,0,1.50877e-07) (11,0,2.73981e-05) (12,0,38.2179) (13,0,7.36469e-08) (14,0,6.6819e-08) (15,0,9.61865e-06) (16,0,23.8209) 
policy_sol:
size: 17 1
(0,0,0) (1,0,6.11189) (2,0,0) (3,0,0) (4,0,9.64122) (5,0,16.1636) (6,0,3.62749) (7,0,17.7907) (8,0,0) (9,0,4.59886) (10,0,0) (11,0,0) (12,0,38.2179) (13,0,0) (14,0,0) (15,0,0) (16,0,23.8209) 

policy_converges:
1
ipopt_converges:
0
