Git Revision:     3cfe7dc3fe6810e9e399640d632720aa3564fe80
Build Mode:       Debug
C Compiler:       /usr/bin/cc
C++ Compiler:     /usr/bin/c++
Fortran Compiler: gfortran
Body count: 9
No end time specified. Simulation will run indefinitely.
N:
size: 27 22
(0,0,0.00736134) (1,0,-0.999973) (3,0,-0.00736134) (4,0,0.999973) (0,1,-0.0185291) (1,1,-0.999828) (6,1,0.0185291) (7,1,0.999828) (0,2,-0.462233) (1,2,-0.886759) (15,2,0.462233) (16,2,0.886759) (0,3,-0.999608) (1,3,-0.0279838) (18,3,0.999608) (19,3,0.0279838) (0,4,-0.885982) (1,4,-0.46372) (21,4,0.885982) (22,4,0.46372) (0,5,-0.699631) (1,5,-0.714504) (24,5,0.699631) (25,5,0.714504) (3,6,-0.0467787) (4,6,-0.998905) (6,6,0.0467787) (7,6,0.998905) (3,7,-0.744159) (4,7,-0.668002) (15,7,0.744159) (16,7,0.668002) (3,8,-0.901527) (4,8,0.432723) (18,8,0.901527) (19,8,-0.432723) (6,9,-0.999702) (7,9,0.0244286) (15,9,0.999702) (16,9,-0.0244286) (6,10,-0.719321) (7,10,0.694677) (18,10,0.719321) (19,10,-0.694677) (9,11,-1) (10,11,0.000173214) (18,11,1) (19,11,-0.000173214) (9,12,-0.721196) (10,12,-0.692731) (21,12,0.721196) (22,12,0.692731) (9,13,-0.462962) (10,13,-0.886378) (24,13,0.462962) (25,13,0.886378) (12,14,0.0361749) (13,14,-0.999345) (15,14,-0.0361749) (16,14,0.999345) (12,15,-0.697741) (13,15,0.71635) (18,15,0.697741) (19,15,-0.71635) (12,16,-0.999526) (13,16,0.0307944) (21,16,0.999526) (22,16,-0.0307944) (12,17,-0.693835) (13,17,-0.720134) (24,17,0.693835) (25,17,0.720134) (15,18,-0.469015) (16,18,0.88319) (18,18,0.469015) (19,18,-0.88319) (18,19,0.0604631) (19,19,-0.99817) (21,19,-0.0604631) (22,19,0.99817) (18,20,0.022416) (19,20,-0.999749) (24,20,-0.022416) (25,20,0.999749) (21,21,-0.0148995) (22,21,-0.999889) (24,21,0.0148995) (25,21,0.999889) 
Q:
size: 22 22
(0,0,0.0795775) (1,0,0.0397754) (2,0,0.0351467) (3,0,0.000820626) (4,0,0.0181908) (5,0,0.0282235) (6,0,-0.0397304) (7,0,-0.0263603) (8,0,0.0174811) (0,1,0.0397754) (1,1,0.0795775) (2,1,0.0356177) (3,1,0.00185021) (4,1,0.0191009) (5,1,0.0289401) (6,1,0.0397728) (9,1,0.000234786) (10,1,0.0271053) (0,2,0.0351467) (1,2,0.0356177) (2,2,0.0795775) (3,2,0.0193718) (4,2,0.0326561) (5,2,0.0380772) (7,2,0.0372554) (9,2,0.0175243) (14,2,0.0345946) (18,2,0.0225356) (0,3,0.000820626) (1,3,0.00185021) (2,3,0.0193718) (3,3,0.0795775) (4,3,0.0357546) (5,3,0.0286221) (8,3,0.0353748) (10,3,0.0278362) (11,3,0.039773) (15,3,0.0269537) (18,3,0.0176708) (19,3,0.00129341) (20,3,-0.000221604) (0,4,0.0181908) (1,4,0.0191009) (2,4,0.0326561) (3,4,0.0357546) (4,4,0.0795775) (5,4,0.0378467) (12,4,0.0382051) (16,4,0.0346672) (19,4,0.0162856) (21,4,-0.018974) (0,5,0.0282235) (1,5,0.0289401) (2,5,0.0380772) (3,5,0.0286221) (4,5,0.0378467) (5,5,0.0795775) (13,5,0.0380867) (17,5,0.0397874) (20,5,0.0277981) (21,5,0.0288408) (0,6,-0.0397304) (1,6,0.0397728) (6,6,0.0795775) (7,6,0.0279349) (8,6,-0.0155207) (9,6,-0.000889793) (10,6,0.0262712) (0,7,-0.0263603) (2,7,0.0372554) (6,7,0.0279349) (7,7,0.0795775) (8,7,0.0151922) (9,7,0.028951) (14,7,0.0254905) (18,7,0.00958714) (0,8,0.0174811) (3,8,0.0353748) (6,8,-0.0155207) (7,8,0.0151922) (8,8,0.0795775) (10,8,0.0377631) (11,8,0.0358736) (15,8,0.0373622) (18,8,0.0320302) (19,8,0.0193548) (20,8,0.0180172) (1,9,0.000234786) (2,9,0.0175243) (6,9,-0.000889793) (7,9,0.028951) (9,9,0.0795775) (10,9,0.0292876) (14,9,-0.00241027) (18,9,-0.0195144) (1,10,0.0271053) (3,10,0.0278362) (6,10,0.0262712) (8,10,0.0377631) (9,10,0.0292876) (10,10,0.0795775) (11,10,0.0286257) (15,10,0.0397701) (18,10,0.0378353) (19,10,0.0293203) (20,10,0.028275) (3,11,0.039773) (8,11,0.0358736) (10,11,0.0286257) (11,11,0.0795775) (12,11,0.0286907) (13,11,0.0184146) (15,11,0.0277672) (18,11,0.0186676) (19,11,0.00241263) (20,11,0.000898795) (4,12,0.0382051) (11,12,0.0286907) (12,12,0.0795775) (13,12,0.0377161) (16,12,0.0278331) (19,12,0.0257774) (21,12,-0.0279874) (5,13,0.0380867) (11,13,0.0184146) (12,13,0.0377161) (13,13,0.0795775) (17,13,0.0381785) (20,13,0.0348461) (21,13,0.0355384) (2,14,0.0345946) (7,14,0.0254905) (9,14,-0.00241027) (14,14,0.0795775) (15,14,-0.0294883) (16,14,-0.00266314) (17,14,0.0276358) (18,14,0.0357931) (3,15,0.0269537) (8,15,0.0373622) (10,15,0.0397701) (11,15,0.0277672) (14,15,-0.0294883) (15,15,0.0795775) (16,15,0.0286268) (17,15,-0.00126333) (18,15,0.0381942) (19,15,0.0301291) (20,15,0.0291178) (4,16,0.0346672) (12,16,0.0278331) (14,16,-0.00266314) (15,16,0.0286268) (16,16,0.0795775) (17,16,0.0267114) (19,16,-0.00362764) (21,16,0.00063258) (5,17,0.0397874) (13,17,0.0381785) (14,17,0.0276358) (15,17,-0.00126333) (16,17,0.0267114) (17,17,0.0795775) (20,17,0.0280272) (21,17,0.0290614) (2,18,0.0225356) (3,18,0.0176708) (7,18,0.00958714) (8,18,0.0320302) (9,18,-0.0195144) (10,18,0.0378353) (11,18,0.0186676) (14,18,0.0357931) (15,18,0.0381942) (18,18,0.0795775) (19,18,0.0362051) (20,18,0.0355505) (3,19,0.00129341) (4,19,0.0162856) (8,19,0.0193548) (10,19,0.0293203) (11,19,0.00241263) (12,19,0.0257774) (15,19,0.0301291) (16,19,-0.00362764) (18,19,0.0362051) (19,19,0.0795775) (20,19,0.0397599) (21,19,-0.0396757) (3,20,-0.000221604) (5,20,0.0277981) (8,20,0.0180172) (10,20,0.028275) (11,20,0.000898795) (13,20,0.0348461) (15,20,0.0291178) (17,20,0.0280272) (18,20,0.0355505) (19,20,0.0397599) (20,20,0.0795775) (21,20,0.039761) (4,21,-0.018974) (5,21,0.0288408) (12,21,-0.0279874) (13,21,0.0355384) (16,21,0.00063258) (17,21,0.0290614) (19,21,-0.0396757) (20,21,0.039761) (21,21,0.0795775) 
Minv:
size: 27 27
(0,0,0.0397887) (1,1,0.0397887) (2,2,0.0795775) (3,3,0.0397887) (4,4,0.0397887) (5,5,0.0795775) (6,6,0.0397887) (7,7,0.0397887) (8,8,0.0795775) (9,9,0.0397887) (10,10,0.0397887) (11,11,0.0795775) (12,12,0.0397887) (13,13,0.0397887) (14,14,0.0795775) (15,15,0.0397887) (16,16,0.0397887) (17,17,0.0795775) (18,18,0.0397887) (19,19,0.0397887) (20,20,0.0795775) (21,21,0.0397887) (22,22,0.0397887) (23,23,0.0795775) (24,24,0.0397887) (25,25,0.0397887) (26,26,0.0795775) 
v0:
size: 27 1
(0,0,0.0802482) (1,0,0.694435) (2,0,0) (3,0,-0.406579) (4,0,0.532737) (5,0,0) (6,0,-0.46473) (7,0,-0.16561) (8,0,0) (9,0,0.669499) (10,0,-0.429169) (11,0,0) (12,0,0.255295) (13,0,0.55696) (14,0,0) (15,0,-0.701354) (16,0,0.222672) (17,0,0) (18,0,-0.465701) (19,0,0.941459) (20,0,0) (21,0,0.122656) (22,0,0.115105) (23,0,0) (24,0,0.795028) (25,0,-0.620749) (26,0,0) 
ipopt_sol:
size: 22 1
(0,0,6.69446e-06) (1,0,8.88812) (2,0,14.2393) (3,0,2.70884e-07) (4,0,2.88639e-07) (5,0,8.07484e-08) (6,0,13.1942) (7,0,4.99635e-07) (8,0,7.48983e-08) (9,0,3.21578) (10,0,7.3508e-08) (11,0,28.0525) (12,0,9.16087e-08) (13,0,4.51295e-08) (14,0,1.53755) (15,0,1.95222e-07) (16,0,3.10875) (17,0,3.28236e-07) (18,0,6.42188e-08) (19,0,1.47549) (20,0,38.9089) (21,0,2.32102e-06) 
policy_sol:
size: 22 1
(0,0,0) (1,0,8.88813) (2,0,14.2393) (3,0,0) (4,0,0) (5,0,0) (6,0,13.1942) (7,0,0) (8,0,0) (9,0,3.21578) (10,0,0) (11,0,28.0525) (12,0,0) (13,0,0) (14,0,1.53755) (15,0,0) (16,0,3.10875) (17,0,0) (18,0,0) (19,0,1.47549) (20,0,38.9089) (21,0,0) 

policy_converges:
1
