Git Revision:     18345a57b34405566a64d0bf3d2a118f1cdbade3
Build Mode:       Debug
C Compiler:       /usr/bin/cc
C++ Compiler:     /usr/bin/c++
Fortran Compiler: gfortran
Body count: 9
No end time specified. Simulation will run indefinitely.
N:
size: 27 19
(0,0,0.0104919) (1,0,-0.999945) (3,0,-0.0104919) (4,0,0.999945) (0,1,-0.0024485) (1,1,-0.999997) (6,1,0.0024485) (7,1,0.999997) (0,2,-0.999448) (1,2,-0.0332115) (9,2,0.999448) (10,2,0.0332115) (0,3,-0.673487) (1,3,-0.739199) (12,3,0.673487) (13,3,0.739199) (0,4,-0.41928) (1,4,-0.907857) (15,4,0.41928) (16,4,0.907857) (3,5,-0.0148092) (4,5,-0.99989) (6,5,0.0148092) (7,5,0.99989) (3,6,-0.698656) (4,6,0.715458) (9,6,0.698656) (10,6,-0.715458) (3,7,-0.997782) (4,7,-0.0665607) (12,7,0.997782) (13,7,0.0665607) (3,8,-0.683425) (4,8,-0.73002) (15,8,0.683425) (16,8,0.73002) (3,9,-0.897293) (4,9,0.441435) (18,9,0.897293) (19,9,-0.441435) (3,10,-0.999424) (4,10,-0.0339253) (21,10,0.999424) (22,10,0.0339253) (6,11,-0.419177) (7,11,0.907905) (9,11,0.419177) (10,11,-0.907905) (6,12,-0.701412) (7,12,0.712756) (12,12,0.701412) (13,12,-0.712756) (6,13,-0.998453) (7,13,0.0555977) (15,13,0.998453) (16,13,-0.0555977) (6,14,-0.692369) (7,14,0.721544) (18,14,0.692369) (19,14,-0.721544) (6,15,-0.893137) (7,15,0.449784) (21,15,0.893137) (22,15,-0.449784) (12,16,0.0526296) (13,16,-0.998614) (15,16,-0.0526296) (16,16,0.998614) (12,17,-0.999999) (13,17,-0.00116247) (21,17,0.999999) (22,17,0.00116247) (15,18,-0.742422) (16,18,0.669932) (21,18,0.742422) (22,18,-0.669932) 
Q:
size: 19 19
(0,0,0.0795775) (1,0,0.0397854) (2,0,0.000904145) (3,0,0.029129) (4,0,0.0359455) (5,0,-0.039776) (6,0,0.0287573) (7,0,-0.00223169) (8,0,-0.0287597) (9,0,0.0179378) (10,0,-0.000932555) (0,1,0.0397854) (1,1,0.0795775) (2,1,0.00141881) (3,1,0.0294773) (4,1,0.0361632) (5,1,0.0397857) (11,1,0.0360834) (12,1,0.0282913) (13,1,0.00211488) (14,1,0.0286418) (15,1,0.0178093) (0,2,0.000904145) (1,2,0.00141881) (2,2,0.0795775) (3,2,0.0277592) (4,2,0.0178731) (6,2,0.0268378) (11,2,0.0154696) (0,3,0.029129) (1,3,0.0294773) (2,3,0.0277592) (3,3,0.0795775) (4,3,0.0379372) (7,3,0.0286954) (12,3,-0.00216758) (16,3,-0.0279607) (17,3,-0.0268314) (0,4,0.0359455) (1,4,0.0361632) (2,4,0.0178731) (3,4,0.0379372) (4,4,0.0795775) (8,4,0.0377715) (13,4,0.0146485) (16,4,0.0351944) (18,4,0.0118141) (0,5,-0.039776) (1,5,0.0397857) (5,5,0.0795775) (6,5,-0.0280524) (7,5,0.00323601) (8,5,0.0294461) (9,5,-0.0170335) (10,5,0.0019386) (11,5,0.0358734) (12,5,0.0279433) (13,5,0.00162359) (14,5,0.0282982) (15,5,0.0173681) (0,6,0.0287573) (2,6,0.0268378) (5,6,-0.0280524) (6,6,0.0795775) (7,6,0.0258422) (8,6,-0.00178334) (9,6,0.0375099) (10,6,0.0268169) (11,6,0.037498) (0,7,-0.00223169) (3,7,0.0286954) (5,7,0.00323601) (6,7,0.0258422) (7,7,0.0795775) (8,7,0.0290657) (9,7,0.0344539) (10,7,0.0397675) (12,7,0.0259588) (16,7,-0.000555272) (17,7,-0.0397036) (0,8,-0.0287597) (4,8,0.0377715) (5,8,0.0294461) (6,8,-0.00178334) (7,8,0.0290657) (8,8,0.0795775) (9,8,0.0115776) (10,8,0.0281624) (13,8,0.0255356) (16,8,0.0275752) (18,8,-0.000729158) (0,9,0.0179378) (5,9,-0.0170335) (6,9,0.0375099) (7,9,0.0344539) (8,9,0.0115776) (9,9,0.0795775) (10,9,0.0350857) (14,9,0.0373924) (0,10,-0.000932555) (5,10,0.0019386) (6,10,0.0268169) (7,10,0.0397675) (8,10,0.0281624) (9,10,0.0350857) (10,10,0.0795775) (15,10,0.0349092) (17,10,0.0397674) (18,10,0.0286187) (1,11,0.0360834) (2,11,0.0154696) (5,11,0.0358734) (6,11,0.037498) (11,11,0.0795775) (12,11,0.0374464) (13,11,0.0186611) (14,11,0.037613) (15,11,0.0311444) (1,12,0.0282913) (3,12,-0.00216758) (5,12,0.0279433) (7,12,0.0259588) (11,12,0.0374464) (12,12,0.0795775) (13,12,0.0294419) (14,12,0.0397856) (15,12,0.0376817) (16,12,0.0297892) (17,12,-0.0278753) (1,13,0.00211488) (4,13,0.0146485) (5,13,0.00162359) (8,13,0.0255356) (11,13,0.0186611) (12,13,0.0294419) (13,13,0.0795775) (14,13,0.029102) (15,13,0.0364768) (16,13,-0.00429992) (18,13,-0.0309763) (1,14,0.0286418) (5,14,0.0282982) (9,14,0.0373924) (11,14,0.037613) (12,14,0.0397856) (13,14,0.029102) (14,14,0.0795775) (15,14,0.0375176) (1,15,0.0178093) (5,15,0.0173681) (10,15,0.0349092) (11,15,0.0311444) (12,15,0.0376817) (13,15,0.0364768) (14,15,0.0375176) (15,15,0.0795775) (17,15,0.035516) (18,15,0.0383726) (3,16,-0.0279607) (4,16,0.0351944) (7,16,-0.000555272) (8,16,0.0275752) (12,16,0.0297892) (13,16,-0.00429992) (16,16,0.0795775) (17,16,-0.00204788) (18,16,0.0281735) (3,17,-0.0268314) (7,17,-0.0397036) (10,17,0.0397674) (12,17,-0.0278753) (15,17,0.035516) (16,17,-0.00204788) (17,17,0.0795775) (18,17,0.029509) (4,18,0.0118141) (8,18,-0.000729158) (10,18,0.0286187) (13,18,-0.0309763) (15,18,0.0383726) (16,18,0.0281735) (17,18,0.029509) (18,18,0.0795775) 
Minv:
size: 27 27
(0,0,0.0397887) (1,1,0.0397887) (2,2,0.0795775) (3,3,0.0397887) (4,4,0.0397887) (5,5,0.0795775) (6,6,0.0397887) (7,7,0.0397887) (8,8,0.0795775) (9,9,0.0397887) (10,10,0.0397887) (11,11,0.0795775) (12,12,0.0397887) (13,13,0.0397887) (14,14,0.0795775) (15,15,0.0397887) (16,16,0.0397887) (17,17,0.0795775) (18,18,0.0397887) (19,19,0.0397887) (20,20,0.0795775) (21,21,0.0397887) (22,22,0.0397887) (23,23,0.0795775) (24,24,0.0397887) (25,25,0.0397887) (26,26,0.0795775) 
v0:
size: 27 1
(0,0,0.105597) (1,0,-0.109281) (2,0,0) (3,0,0.989879) (4,0,-0.752667) (5,0,0) (6,0,0.739191) (7,0,-0.827448) (8,0,0) (9,0,-0.839946) (10,0,-0.350248) (11,0,0) (12,0,0.0519061) (13,0,-0.126752) (14,0,0) (15,0,-0.413778) (16,0,-0.186024) (17,0,0) (18,0,0.911824) (19,0,0.0486927) (20,0,0) (21,0,-0.0324592) (22,0,0.395131) (23,0,0) (24,0,0.771663) (25,0,0.951129) (26,0,0) 
ipopt_sol:
size: 19 1
(0,0,13.1899) (1,0,4.76153e-06) (2,0,12.9242) (3,0,8.28029e-08) (4,0,1.3362e-07) (5,0,16.5278) (6,0,32.2549) (7,0,11.7398) (8,0,6.84975e-05) (9,0,1.15967e-07) (10,0,4.6019e-05) (11,0,1.26314e-07) (12,0,3.50921e-06) (13,0,27.7173) (14,0,1.28638e-07) (15,0,10.8362) (16,0,2.53592e-06) (17,0,0.0844294) (18,0,8.20261) 
policy_sol:
size: 19 1
(0,0,13.2115) (1,0,0) (2,0,12.0315) (3,0,0) (4,0,0) (5,0,21.0136) (6,0,34.9011) (7,0,0) (8,0,-2.90165) (9,0,0) (10,0,8.83045) (11,0,0) (12,0,0) (13,0,35.5035) (14,0,0) (15,0,0) (16,0,0) (17,0,0) (18,0,13.2878) 

policy_converges:
0
ipopt_converges:
0
