Git Revision:     18345a57b34405566a64d0bf3d2a118f1cdbade3
Build Mode:       Debug
C Compiler:       /usr/bin/cc
C++ Compiler:     /usr/bin/c++
Fortran Compiler: gfortran
Body count: 9
No end time specified. Simulation will run indefinitely.
N:
size: 27 17
(0,0,-0.0132582) (1,0,-0.999912) (3,0,0.0132582) (4,0,0.999912) (0,1,-0.00994752) (1,1,-0.999951) (6,1,0.00994752) (7,1,0.999951) (0,2,-0.437561) (1,2,-0.899189) (15,2,0.437561) (16,2,0.899189) (0,3,-0.723177) (1,3,-0.690663) (24,3,0.723177) (25,3,0.690663) (3,4,-0.00666744) (4,4,-0.999978) (6,4,0.00666744) (7,4,0.999978) (3,5,-0.691514) (4,5,-0.722363) (15,5,0.691514) (16,5,0.722363) (3,6,-0.901348) (4,6,-0.433096) (24,6,0.901348) (25,6,0.433096) (6,7,-0.427503) (7,7,0.904014) (9,7,0.427503) (10,7,-0.904014) (9,8,-0.0340036) (10,8,-0.999422) (12,8,0.0340036) (13,8,0.999422) (9,9,0.00450162) (10,9,-0.99999) (15,9,-0.00450162) (16,9,0.99999) (9,10,-0.741344) (10,10,-0.671125) (21,10,0.741344) (22,10,0.671125) (9,11,-0.47909) (10,11,-0.877766) (24,11,0.47909) (25,11,0.877766) (12,12,-0.721433) (13,12,0.692484) (18,12,0.721433) (19,12,-0.692484) (12,13,-0.999669) (13,13,-0.0257177) (21,13,0.999669) (22,13,0.0257177) (12,14,-0.71405) (13,14,-0.700095) (24,14,0.71405) (25,14,0.700095) (18,15,-0.01883) (19,15,-0.999823) (24,15,0.01883) (25,15,0.999823) (21,16,0.000934982) (22,16,-1) (24,16,-0.000934982) (25,16,1) 
Q:
size: 17 17
(0,0,0.0795775) (1,0,0.0397885) (2,0,0.0360053) (3,0,0.0278597) (4,0,-0.0397879) (5,0,-0.0291042) (6,0,-0.0177063) (0,1,0.0397885) (1,1,0.0795775) (2,1,0.035949) (3,1,0.0277655) (4,1,0.0397885) (7,1,0.0357986) (0,2,0.0360053) (1,2,0.035949) (2,2,0.0795775) (3,2,0.0373007) (5,2,0.0378837) (9,2,0.0356989) (0,3,0.0278597) (1,3,0.0277655) (2,3,0.0373007) (3,3,0.0795775) (6,3,0.0378374) (11,3,0.037907) (14,3,0.0397853) (15,3,0.0280175) (16,3,0.0274537) (0,4,-0.0397879) (1,4,0.0397885) (4,4,0.0795775) (5,4,0.0289247) (6,4,0.0174711) (7,4,0.0358554) (0,5,-0.0291042) (2,5,0.0378837) (4,5,0.0289247) (5,5,0.0795775) (6,5,0.0372481) (9,5,0.0286178) (0,6,-0.0177063) (3,6,0.0378374) (4,6,0.0174711) (5,6,0.0372481) (6,6,0.0795775) (11,6,0.0323078) (14,6,0.0376726) (15,6,0.0179046) (16,6,0.0171988) (1,7,0.0357986) (4,7,0.0358554) (7,7,0.0795775) (8,7,0.0353704) (9,7,0.0360458) (10,7,0.01153) (11,7,0.0234236) (7,8,0.0353704) (8,8,0.0795775) (9,8,0.0397592) (10,8,0.0276908) (11,8,0.0355532) (12,8,0.0265611) (13,8,-0.00237519) (14,8,-0.0288059) (2,9,0.0356989) (5,9,0.0286178) (7,9,0.0360458) (8,9,0.0397592) (9,9,0.0795775) (10,9,0.0265702) (11,9,0.034839) (7,10,0.01153) (8,10,0.0276908) (9,10,0.0265702) (10,10,0.0795775) (11,10,0.037571) (13,10,0.0301741) (16,10,-0.0266756) (3,11,0.037907) (6,11,0.0323078) (7,11,0.0234236) (8,11,0.0355532) (9,11,0.034839) (10,11,0.037571) (11,11,0.0795775) (14,11,0.0380624) (15,11,0.035278) (16,11,0.0349074) (8,12,0.0265611) (12,12,0.0795775) (13,12,0.0279868) (14,12,0.00120695) (15,12,0.0270077) (8,13,-0.00237519) (10,13,0.0301741) (12,13,0.0279868) (13,13,0.0795775) (14,13,0.0291181) (16,13,-0.000986084) (3,14,0.0397853) (6,14,0.0376726) (8,14,-0.0288059) (11,14,0.0380624) (12,14,0.00120695) (13,14,0.0291181) (14,14,0.0795775) (15,14,0.0283859) (16,14,0.0278293) (3,15,0.0280175) (6,15,0.0179046) (11,15,0.035278) (12,15,0.0270077) (14,15,0.0283859) (15,15,0.0795775) (16,15,0.039781) (3,16,0.0274537) (6,16,0.0171988) (10,16,-0.0266756) (11,16,0.0349074) (13,16,-0.000986084) (14,16,0.0278293) (15,16,0.039781) (16,16,0.0795775) 
Minv:
size: 27 27
(0,0,0.0397887) (1,1,0.0397887) (2,2,0.0795775) (3,3,0.0397887) (4,4,0.0397887) (5,5,0.0795775) (6,6,0.0397887) (7,7,0.0397887) (8,8,0.0795775) (9,9,0.0397887) (10,10,0.0397887) (11,11,0.0795775) (12,12,0.0397887) (13,13,0.0397887) (14,14,0.0795775) (15,15,0.0397887) (16,16,0.0397887) (17,17,0.0795775) (18,18,0.0397887) (19,19,0.0397887) (20,20,0.0795775) (21,21,0.0397887) (22,22,0.0397887) (23,23,0.0795775) (24,24,0.0397887) (25,25,0.0397887) (26,26,0.0795775) 
v0:
size: 27 1
(0,0,-0.500339) (1,0,0.416071) (2,0,0) (3,0,-0.35646) (4,0,0.23852) (5,0,0) (6,0,-0.584169) (7,0,-0.625697) (8,0,0) (9,0,0.428522) (10,0,0.0222341) (11,0,0) (12,0,0.929298) (13,0,-0.835153) (14,0,0) (15,0,-0.183429) (16,0,-0.061005) (17,0,0) (18,0,0.792472) (19,0,-0.603) (20,0,0) (21,0,-0.10263) (22,0,-0.128075) (23,0,0) (24,0,0.0149042) (25,0,-0.972625) (26,0,0) 
ipopt_sol:
size: 17 1
(0,0,3.757e-05) (1,0,20.431) (2,0,5.81036e-07) (3,0,1.9012e-07) (4,0,11.5424) (5,0,6.37498e-07) (6,0,1.23291e-07) (7,0,4.03863e-08) (8,0,26.6948) (9,0,8.74791e-08) (10,0,0.209114) (11,0,0.767017) (12,0,1.04427e-07) (13,0,20.9505) (14,0,14.854) (15,0,2.76055e-07) (16,0,16.0272) 
policy_sol:
size: 17 1
(0,0,0) (1,0,20.431) (2,0,0) (3,0,0) (4,0,11.5424) (5,0,0) (6,0,0) (7,0,0) (8,0,26.5415) (9,0,0) (10,0,0) (11,0,1.10147) (12,0,0) (13,0,21.1057) (14,0,14.6294) (15,0,0) (16,0,15.8909) 

policy_converges:
1
ipopt_converges:
0
