Git Revision:     18345a57b34405566a64d0bf3d2a118f1cdbade3
Build Mode:       Debug
C Compiler:       /usr/bin/cc
C++ Compiler:     /usr/bin/c++
Fortran Compiler: gfortran
Body count: 9
No end time specified. Simulation will run indefinitely.
N:
size: 27 26
(0,0,-0.00919802) (1,0,-0.999958) (6,0,0.00919802) (7,0,0.999958) (0,1,-0.705336) (1,1,-0.708873) (12,1,0.705336) (13,1,0.708873) (0,2,-0.45223) (1,2,-0.891901) (15,2,0.45223) (16,2,0.891901) (0,3,-0.999995) (1,3,-0.00307055) (18,3,0.999995) (19,3,0.00307055) (0,4,-0.901257) (1,4,-0.433285) (21,4,0.901257) (22,4,0.433285) (0,5,-0.718157) (1,5,-0.695881) (24,5,0.718157) (25,5,0.695881) (3,6,0.00851842) (4,6,-0.999964) (6,6,-0.00851842) (7,6,0.999964) (3,7,-0.699764) (4,7,-0.714374) (15,7,0.699764) (16,7,0.714374) (3,8,-0.89048) (4,8,0.455023) (18,8,0.89048) (19,8,-0.455023) (3,9,-0.99983) (4,9,0.0184223) (21,9,0.99983) (22,9,-0.0184223) (3,10,-0.899782) (4,10,-0.43634) (24,10,0.899782) (25,10,0.43634) (6,11,-0.437872) (7,11,0.899037) (9,11,0.437872) (10,11,-0.899037) (6,12,-0.999723) (7,12,-0.0235294) (15,12,0.999723) (16,12,0.0235294) (6,13,-0.701143) (7,13,0.713021) (18,13,0.701143) (19,13,-0.713021) (6,14,-0.887855) (7,14,0.460124) (21,14,0.887855) (22,14,-0.460124) (6,15,-0.999965) (7,15,0.00836799) (24,15,0.999965) (25,15,-0.00836799) (9,16,0.0232462) (10,16,-0.99973) (12,16,-0.0232462) (13,16,0.99973) (9,17,-0.0155513) (10,17,-0.999879) (15,17,0.0155513) (16,17,0.999879) (9,18,-0.999945) (10,18,-0.0105053) (18,18,0.999945) (19,18,0.0105053) (9,19,-0.723152) (10,19,-0.690689) (21,19,0.723152) (22,19,0.690689) (9,20,-0.467833) (10,20,-0.883817) (24,20,0.467833) (25,20,0.883817) (12,21,-0.720135) (13,21,0.693834) (18,21,0.720135) (19,21,-0.693834) (12,22,-0.999958) (13,22,0.00919927) (21,22,0.999958) (22,22,-0.00919927) (12,23,-0.729936) (13,23,-0.683515) (24,23,0.729936) (25,23,0.683515) (15,24,-0.682034) (16,24,0.73132) (21,24,0.682034) (22,24,-0.73132) (21,25,-0.0343869) (22,25,-0.999409) (24,25,0.0343869) (25,25,0.999409) 
Q:
size: 26 26
(0,0,0.0795775) (1,0,0.0284621) (2,0,0.0356516) (3,0,0.000488144) (4,0,0.017569) (5,0,0.0279499) (6,0,0.0397825) (11,0,0.0356098) (12,0,-0.00130204) (13,0,0.0281124) (14,0,0.017982) (15,0,-3.3027e-05) (0,1,0.0284621) (1,1,0.0795775) (2,1,0.0378478) (3,1,0.0281509) (4,1,0.0375141) (5,1,0.0397821) (16,1,0.0275451) (21,1,-0.000640512) (22,1,-0.0278038) (23,1,-0.0397639) (0,2,0.0356516) (1,2,0.0378478) (2,2,0.0795775) (3,2,0.0181026) (4,2,0.0315932) (5,2,0.0376175) (7,2,0.0379428) (12,2,0.0188237) (17,2,0.0357632) (24,2,0.0136805) (0,3,0.000488144) (1,3,0.0281509) (2,3,0.0181026) (3,3,0.0795775) (4,3,0.0359126) (5,3,0.0286594) (8,3,0.0353753) (13,3,0.0278103) (18,3,0.0397876) (21,3,0.0285684) (0,4,0.017569) (1,4,0.0375141) (2,4,0.0315932) (3,4,0.0359126) (4,4,0.0795775) (5,4,0.0377499) (9,4,0.0355362) (14,4,0.0239059) (19,4,0.0378395) (22,4,0.0356998) (24,4,0.0118498) (25,4,-0.0184628) (0,5,0.0279499) (1,5,0.0397821) (2,5,0.0376175) (3,5,0.0286594) (4,5,0.0377499) (5,5,0.0795775) (10,5,0.0377924) (15,5,0.0283419) (20,5,0.0378395) (23,5,0.0397829) (25,5,0.0286545) (0,6,0.0397825) (6,6,0.0795775) (7,6,0.0281858) (8,6,-0.0184059) (9,6,-0.00107185) (10,6,0.0170558) (11,6,0.0359187) (12,6,-0.000597327) (13,6,0.0286068) (14,6,0.018608) (15,6,0.000671865) (2,7,0.0379428) (6,7,0.0281858) (7,7,0.0795775) (8,7,0.0118598) (9,7,0.0273144) (10,7,0.0374549) (12,7,0.0285038) (17,7,0.0288536) (24,7,0.00179737) (3,8,0.0353753) (6,8,-0.0184059) (7,8,0.0118598) (8,8,0.0795775) (9,8,0.0357586) (10,8,0.0239804) (13,8,0.0377513) (18,8,0.0352389) (21,8,0.0380769) (4,9,0.0355362) (6,9,-0.00107185) (7,9,0.0273144) (8,9,0.0357586) (9,9,0.0795775) (10,9,0.0354753) (14,9,0.0356579) (19,9,0.0282621) (22,9,0.039787) (24,9,0.0276687) (25,9,-0.000635415) (5,10,0.0377924) (6,10,0.0170558) (7,10,0.0374549) (8,10,0.0239804) (9,10,0.0354753) (10,10,0.0795775) (15,10,0.0356546) (20,10,0.0320933) (23,10,0.0379994) (25,10,0.0185823) (0,11,0.0356098) (6,11,0.0359187) (11,11,0.0795775) (12,11,0.0165759) (13,11,0.0377214) (14,11,0.0319279) (15,11,0.0177211) (16,11,0.0361669) (17,11,0.0354963) (18,11,-0.0170456) (19,11,0.012108) (20,11,0.0234647) (0,12,-0.00130204) (2,12,0.0188237) (6,12,-0.000597327) (7,12,0.0285038) (11,12,0.0165759) (12,12,0.0795775) (13,12,0.0272223) (14,12,0.0348861) (15,12,0.0397685) (17,12,0.00155469) (24,12,-0.0264451) (0,13,0.0281124) (3,13,0.0278103) (6,13,0.0286068) (8,13,0.0377513) (11,13,0.0377214) (12,13,0.0272223) (13,13,0.0795775) (14,13,0.0378228) (15,13,0.028134) (18,13,0.027598) (21,13,0.0397742) (0,14,0.017982) (4,14,0.0239059) (6,14,0.018608) (9,14,0.0356579) (11,14,0.0319279) (12,14,0.0348861) (13,14,0.0378228) (14,14,0.0795775) (15,14,0.0354786) (19,14,0.0129016) (22,14,0.0354935) (24,14,0.0374828) (25,14,0.0170821) (0,15,-3.3027e-05) (5,15,0.0283419) (6,15,0.000671865) (10,15,0.0356546) (11,15,0.0177211) (12,15,0.0397685) (13,15,0.028134) (14,15,0.0354786) (15,15,0.0795775) (20,15,0.0183196) (23,15,0.0288147) (25,15,0.00103541) (1,16,0.0275451) (11,16,0.0361669) (16,16,0.0795775) (17,16,0.0397588) (18,16,-0.000507009) (19,16,0.0268053) (20,16,0.0347237) (21,16,0.0282654) (22,16,0.00129083) (23,16,-0.0265137) (2,17,0.0357632) (7,17,0.0288536) (11,17,0.0354963) (12,17,0.00155469) (16,17,0.0397588) (17,17,0.0795775) (18,17,0.00103667) (19,17,0.0279258) (20,17,0.0354512) (24,17,0.0286728) (3,18,0.0397876) (8,18,0.0352389) (11,18,-0.0170456) (13,18,0.027598) (16,18,-0.000507009) (17,18,0.00103667) (18,18,0.0795775) (19,18,0.0290604) (20,18,0.0189829) (21,18,0.0283617) (4,19,0.0378395) (9,19,0.0282621) (11,19,0.012108) (14,19,0.0129016) (16,19,0.0268053) (17,19,0.0279258) (18,19,0.0290604) (19,19,0.0795775) (20,19,0.0377498) (22,19,0.0285193) (24,19,-0.000473507) (25,19,-0.0284548) (5,20,0.0378395) (10,20,0.0320933) (11,20,0.0234647) (15,20,0.0183196) (16,20,0.0347237) (17,20,0.0354512) (18,20,0.0189829) (19,20,0.0377498) (20,20,0.0795775) (23,20,0.0376239) (25,20,0.0357853) (1,21,-0.000640512) (3,21,0.0285684) (8,21,0.0380769) (13,21,0.0397742) (16,21,0.0282654) (18,21,0.0283617) (21,21,0.0795775) (22,21,0.028906) (23,21,0.00204543) (1,22,-0.0278038) (4,22,0.0356998) (9,22,0.039787) (14,22,0.0354935) (16,22,0.00129083) (19,22,0.0285193) (21,22,0.028906) (22,22,0.0795775) (23,22,0.0287918) (24,22,0.0274038) (25,22,-0.00100234) (1,23,-0.0397639) (5,23,0.0397829) (10,23,0.0379994) (15,23,0.0288147) (16,23,-0.0265137) (20,23,0.0376239) (21,23,0.00204543) (22,23,0.0287918) (23,23,0.0795775) (25,23,0.0281788) (2,24,0.0136805) (4,24,0.0118498) (7,24,0.00179737) (9,24,0.0276687) (12,24,-0.0264451) (14,24,0.0374828) (17,24,0.0286728) (19,24,-0.000473507) (22,24,0.0274038) (24,24,0.0795775) (25,24,0.0281479) (4,25,-0.0184628) (5,25,0.0286545) (9,25,-0.000635415) (10,25,0.0185823) (14,25,0.0170821) (15,25,0.00103541) (19,25,-0.0284548) (20,25,0.0357853) (22,25,-0.00100234) (23,25,0.0281788) (24,25,0.0281479) (25,25,0.0795775) 
Minv:
size: 27 27
(0,0,0.0397887) (1,1,0.0397887) (2,2,0.0795775) (3,3,0.0397887) (4,4,0.0397887) (5,5,0.0795775) (6,6,0.0397887) (7,7,0.0397887) (8,8,0.0795775) (9,9,0.0397887) (10,10,0.0397887) (11,11,0.0795775) (12,12,0.0397887) (13,13,0.0397887) (14,14,0.0795775) (15,15,0.0397887) (16,16,0.0397887) (17,17,0.0795775) (18,18,0.0397887) (19,19,0.0397887) (20,20,0.0795775) (21,21,0.0397887) (22,22,0.0397887) (23,23,0.0795775) (24,24,0.0397887) (25,25,0.0397887) (26,26,0.0795775) 
v0:
size: 27 1
(0,0,0.25641) (1,0,0.413174) (2,0,0) (3,0,0.673557) (4,0,0.617914) (5,0,0) (6,0,0.965394) (7,0,-0.269393) (8,0,0) (9,0,0.366239) (10,0,0.0922438) (11,0,0) (12,0,0.85163) (13,0,-0.606696) (14,0,0) (15,0,-0.2542) (16,0,-0.405188) (17,0,0) (18,0,-0.264242) (19,0,-0.550697) (20,0,0) (21,0,-0.697671) (22,0,0.533275) (23,0,0) (24,0,0.0674644) (25,0,0.187989) (26,0,0) 
ipopt_sol:
size: 26 1
(0,0,6.7809) (1,0,12.6869) (2,0,3.04037e-07) (3,0,0.775495) (4,0,1.4541e-07) (5,0,1.85924e-07) (6,0,10.5637) (7,0,20.9835) (8,0,7.55535e-07) (9,0,1.57751) (10,0,1.40278) (11,0,2.94348e-07) (12,0,23.3486) (13,0,1.33059e-07) (14,0,3.41386) (15,0,8.74321) (16,0,12.9844) (17,0,1.273e-07) (18,0,15.7096) (19,0,8.82751e-08) (20,0,9.29162e-08) (21,0,5.71961e-07) (22,0,35.0969) (23,0,1.96817e-07) (24,0,17.5039) (25,0,1.10067) 
policy_sol:
size: 26 1
(0,0,6.7809) (1,0,12.6869) (2,0,0) (3,0,0.775493) (4,0,0) (5,0,0) (6,0,7.68519) (7,0,25.8143) (8,0,0) (9,0,-0.565635) (10,0,0) (11,0,0) (12,0,16.8897) (13,0,0) (14,0,9.31677) (15,0,9.98403) (16,0,12.9844) (17,0,0) (18,0,15.7096) (19,0,0) (20,0,0) (21,0,0) (22,0,35.0969) (23,0,0) (24,0,12.9928) (25,0,1.7235) 

policy_converges:
0
ipopt_converges:
0
