Git Revision:     18345a57b34405566a64d0bf3d2a118f1cdbade3
Build Mode:       Debug
C Compiler:       /usr/bin/cc
C++ Compiler:     /usr/bin/c++
Fortran Compiler: gfortran
Body count: 9
No end time specified. Simulation will run indefinitely.
N:
size: 27 12
(0,0,-0.0201958) (1,0,-0.999796) (3,0,0.0201958) (4,0,0.999796) (0,1,-0.714331) (1,1,-0.699808) (24,1,0.714331) (25,1,0.699808) (3,2,-0.907733) (4,2,0.419549) (18,2,0.907733) (19,2,-0.419549) (3,3,-0.893073) (4,3,-0.449912) (24,3,0.893073) (25,3,0.449912) (6,4,-0.725001) (7,4,0.688748) (18,4,0.725001) (19,4,-0.688748) (6,5,-0.999932) (7,5,0.0116387) (24,5,0.999932) (25,5,-0.0116387) (12,6,-0.717963) (13,6,0.696082) (18,6,0.717963) (19,6,-0.696082) (12,7,-0.699177) (13,7,-0.714949) (24,7,0.699177) (25,7,0.714949) (15,8,-0.451171) (16,8,0.892437) (18,8,0.451171) (19,8,-0.892437) (15,9,-0.996044) (16,9,0.0888578) (24,9,0.996044) (25,9,-0.0888578) (18,10,0.0210558) (19,10,-0.999778) (24,10,-0.0210558) (25,10,0.999778) (21,11,0.02771) (22,11,-0.999616) (24,11,-0.02771) (25,11,0.999616) 
Q:
size: 12 12
(0,0,0.0795775) (1,0,0.0284128) (2,0,0.0159605) (3,0,-0.0186154) (0,1,0.0284128) (1,1,0.0795775) (3,1,0.0379108) (5,1,0.0280963) (7,1,0.0397796) (9,1,0.0258357) (10,1,0.0272399) (11,1,0.0270462) (0,2,0.0159605) (2,2,0.0795775) (3,2,0.0247451) (4,2,0.0376827) (6,2,0.037551) (8,2,0.0311929) (10,2,0.0174501) (0,3,-0.0186154) (1,3,0.0379108) (2,3,0.0247451) (3,3,0.0795775) (5,3,0.0353235) (7,3,0.0376433) (9,3,0.033803) (10,3,0.0171493) (11,3,0.0169099) (2,4,0.0376827) (4,4,0.0795775) (5,4,0.0291639) (6,4,0.0397867) (8,4,0.0374716) (10,4,0.0280057) (1,5,0.0280963) (3,5,0.0353235) (4,5,0.0291639) (5,5,0.0795775) (7,5,0.0274864) (9,5,0.0396698) (10,5,-0.00130071) (11,5,-0.00156538) (2,6,0.037551) (4,6,0.0397867) (6,6,0.0795775) (7,6,0.00017188) (8,6,0.0376057) (10,6,0.0282916) (1,7,0.0397796) (3,7,0.0376433) (5,7,0.0274864) (6,7,0.00017188) (7,7,0.0795775) (9,7,0.0251816) (10,7,0.0278549) (11,7,0.0276651) (2,8,0.0311929) (4,8,0.0374716) (6,8,0.0376057) (8,8,0.0795775) (9,8,0.0210358) (10,8,0.0358791) (1,9,0.0258357) (3,9,0.033803) (5,9,0.0396698) (7,9,0.0251816) (8,9,0.0210358) (9,9,0.0795775) (10,9,-0.00436922) (11,9,-0.00463237) (1,10,0.0272399) (2,10,0.0174501) (3,10,0.0171493) (4,10,0.0280057) (5,10,-0.00130071) (6,10,0.0282916) (7,10,0.0278549) (8,10,0.0358791) (9,10,-0.00436922) (10,10,0.0795775) (11,10,0.0397879) (1,11,0.0270462) (3,11,0.0169099) (5,11,-0.00156538) (7,11,0.0276651) (9,11,-0.00463237) (10,11,0.0397879) (11,11,0.0795775) 
Minv:
size: 27 27
(0,0,0.0397887) (1,1,0.0397887) (2,2,0.0795775) (3,3,0.0397887) (4,4,0.0397887) (5,5,0.0795775) (6,6,0.0397887) (7,7,0.0397887) (8,8,0.0795775) (9,9,0.0397887) (10,10,0.0397887) (11,11,0.0795775) (12,12,0.0397887) (13,13,0.0397887) (14,14,0.0795775) (15,15,0.0397887) (16,16,0.0397887) (17,17,0.0795775) (18,18,0.0397887) (19,19,0.0397887) (20,20,0.0795775) (21,21,0.0397887) (22,22,0.0397887) (23,23,0.0795775) (24,24,0.0397887) (25,25,0.0397887) (26,26,0.0795775) 
v0:
size: 27 1
(0,0,-0.851671) (1,0,-0.0630081) (2,0,0) (3,0,-0.499691) (4,0,-0.35701) (5,0,0) (6,0,-0.106576) (7,0,0.405177) (8,0,0) (9,0,-0.62581) (10,0,-0.925145) (11,0,0) (12,0,0.229998) (13,0,0.455274) (14,0,0) (15,0,0.964177) (16,0,0.926089) (17,0,0) (18,0,-0.563898) (19,0,0.233998) (20,0,0) (21,0,0.79652) (22,0,0.716037) (23,0,0) (24,0,-0.683226) (25,0,-0.738694) (26,0,0) 
ipopt_sol:
size: 12 1
(0,0,6.87076) (1,0,3.83464e-08) (2,0,1.68602) (3,0,4.89995e-08) (4,0,2.0847e-06) (5,0,1.39043e-07) (6,0,9.0047) (7,0,14.9422) (8,0,7.73465e-08) (9,0,34.7217) (10,0,1.7487) (11,0,31.469) 
policy_sol:
size: 12 1
(0,0,6.87076) (1,0,0) (2,0,1.68602) (3,0,0) (4,0,0) (5,0,0) (6,0,9.0047) (7,0,14.9422) (8,0,0) (9,0,34.7217) (10,0,1.7487) (11,0,31.469) 

policy_converges:
1
ipopt_converges:
0
