Git Revision:     18345a57b34405566a64d0bf3d2a118f1cdbade3
Build Mode:       Debug
C Compiler:       /usr/bin/cc
C++ Compiler:     /usr/bin/c++
Fortran Compiler: gfortran
Body count: 9
No end time specified. Simulation will run indefinitely.
N:
size: 27 22
(0,0,-0.0156976) (1,0,-0.999877) (6,0,0.0156976) (7,0,0.999877) (0,1,-0.998683) (1,1,-0.0513097) (9,1,0.998683) (10,1,0.0513097) (0,2,-0.694192) (1,2,-0.71979) (12,2,0.694192) (13,2,0.71979) (0,3,-0.429905) (1,3,-0.902874) (15,3,0.429905) (16,3,0.902874) (0,4,-0.999937) (1,4,-0.0112476) (18,4,0.999937) (19,4,0.0112476) (0,5,-0.884572) (1,5,-0.466404) (21,5,0.884572) (22,5,0.466404) (3,6,-0.035915) (4,6,-0.999355) (6,6,0.035915) (7,6,0.999355) (3,7,-0.999718) (4,7,0.0237666) (12,7,0.999718) (13,7,-0.0237666) (3,8,-0.712232) (4,8,-0.701944) (15,8,0.712232) (16,8,0.701944) (3,9,-0.879698) (4,9,0.475534) (18,9,0.879698) (19,9,-0.475534) (3,10,-0.999583) (4,10,0.0288717) (21,10,0.999583) (22,10,-0.0288717) (6,11,-0.426549) (7,11,0.904465) (9,11,0.426549) (10,11,-0.904465) (6,12,-0.711698) (7,12,0.702485) (12,12,0.711698) (13,12,-0.702485) (6,13,-0.691799) (7,13,0.72209) (18,13,0.691799) (19,13,-0.72209) (6,14,-0.884876) (7,14,0.465827) (21,14,0.884876) (22,14,-0.465827) (9,15,-0.0523073) (10,15,-0.998631) (12,15,0.0523073) (13,15,0.998631) (9,16,-0.00273581) (10,16,-0.999996) (15,16,0.00273581) (16,16,0.999996) (9,17,-0.999611) (10,17,0.0278972) (18,17,0.999611) (19,17,-0.0278972) (12,18,-0.671497) (13,18,0.741008) (18,18,0.671497) (19,18,-0.741008) (15,19,-0.438446) (16,19,0.898758) (18,19,0.438446) (19,19,-0.898758) (15,20,-0.69112) (16,20,0.72274) (21,20,0.69112) (22,20,-0.72274) (15,21,-0.999352) (16,21,0.0359863) (24,21,0.999352) (25,21,-0.0359863) 
Q:
size: 22 22
(0,0,0.0795775) (1,0,0.00266506) (2,0,0.0290696) (3,0,0.0361883) (4,0,0.00107202) (5,0,0.0191078) (6,0,0.0397806) (11,0,0.0357167) (12,0,0.027503) (13,0,0.0282954) (14,0,0.0179797) (0,1,0.00266506) (1,1,0.0795775) (2,1,0.0290541) (3,1,0.0189261) (4,1,0.0397568) (5,1,0.0361018) (11,1,0.015103) (15,1,-0.00411725) (16,1,-0.00215025) (17,1,-0.0396639) (0,2,0.0290696) (1,2,0.0290541) (2,2,0.0795775) (3,2,0.0377323) (4,2,0.0279414) (5,2,0.0377904) (7,2,0.0269325) (12,2,-0.000461024) (15,2,0.0300451) (18,2,0.0026747) (0,3,0.0361883) (1,3,0.0189261) (2,3,0.0377323) (3,3,0.0795775) (4,3,0.0175083) (5,3,0.0318861) (8,3,0.0373998) (16,3,0.0359709) (19,3,0.0247874) (20,3,0.014142) (21,3,-0.0158015) (0,4,0.00107202) (1,4,0.0397568) (2,4,0.0279414) (3,4,0.0175083) (4,4,0.0795775) (5,4,0.0354025) (9,4,0.034787) (13,4,0.0272009) (17,4,0.0397582) (18,4,0.0263847) (19,4,0.0170419) (0,5,0.0191078) (1,5,0.0361018) (2,5,0.0377904) (3,5,0.0318861) (4,5,0.0354025) (5,5,0.0795775) (10,5,0.0346455) (14,5,0.0224994) (20,5,0.0109123) (0,6,0.0397806) (6,6,0.0795775) (7,6,0.000483578) (8,6,0.0289292) (9,6,-0.0176516) (10,6,0.00028039) (11,6,0.0353547) (12,6,0.0269159) (13,6,0.0277239) (14,6,0.0172582) (2,7,0.0269325) (6,7,0.000483578) (7,7,0.0795775) (8,7,0.027667) (9,7,0.0354419) (10,7,0.0397882) (12,7,0.0289739) (15,7,0.0011363) (18,7,-0.0274112) (3,8,0.0373998) (6,8,0.0289292) (7,8,0.027667) (8,8,0.0795775) (9,8,0.0116482) (10,8,0.0275206) (16,8,0.0280069) (19,8,0.0126768) (20,8,0.000600203) (21,8,-0.0273154) (4,9,0.034787) (6,9,-0.0176516) (7,9,0.0354419) (8,9,0.0116482) (9,9,0.0795775) (10,9,0.0355337) (13,9,0.037877) (17,9,0.0355163) (18,9,0.0375243) (19,9,0.0323518) (5,10,0.0346455) (6,10,0.00028039) (7,10,0.0397882) (8,10,0.0275206) (9,10,0.0355337) (10,10,0.0795775) (14,10,0.0357285) (20,10,0.0283176) (0,11,0.0357167) (1,11,0.015103) (6,11,0.0353547) (11,11,0.0795775) (12,11,0.0373595) (13,11,0.0377273) (14,11,0.0317819) (15,11,0.0350505) (16,11,0.0359409) (17,11,-0.0179692) (0,12,0.027503) (2,12,-0.000461024) (6,12,0.0269159) (7,12,0.0289739) (11,12,0.0373595) (12,12,0.0795775) (13,12,0.0397732) (14,12,0.0380779) (15,12,-0.0264315) (18,12,-0.0397271) (0,13,0.0282954) (4,13,0.0272009) (6,13,0.0277239) (9,13,0.037877) (11,13,0.0377273) (12,13,0.0397732) (13,13,0.0795775) (14,13,0.0377406) (17,13,0.0283166) (18,13,0.0397734) (19,13,0.0378908) (0,14,0.0179797) (5,14,0.0224994) (6,14,0.0172582) (10,14,0.0357285) (11,14,0.0317819) (12,14,0.0380779) (13,14,0.0377406) (14,14,0.0795775) (20,14,0.0377288) (1,15,-0.00411725) (2,15,0.0300451) (7,15,0.0011363) (11,15,0.0350505) (12,15,-0.0264315) (15,15,0.0795775) (16,15,0.0397398) (17,15,0.000971955) (18,15,0.0280458) (1,16,-0.00215025) (3,16,0.0359709) (8,16,0.0280069) (11,16,0.0359409) (15,16,0.0397398) (16,16,0.0795775) (17,16,-0.00100118) (19,16,0.0357126) (20,16,0.0286816) (21,16,0.00132306) (1,17,-0.0396639) (4,17,0.0397582) (9,17,0.0355163) (11,17,-0.0179692) (13,17,0.0283166) (15,17,0.000971955) (16,17,-0.00100118) (17,17,0.0795775) (18,17,0.0275301) (19,17,0.018436) (2,18,0.0026747) (4,18,0.0263847) (7,18,-0.0274112) (9,18,0.0375243) (12,18,-0.0397271) (13,18,0.0397734) (15,18,0.0280458) (17,18,0.0275301) (18,18,0.0795775) (19,18,0.0382131) (3,19,0.0247874) (4,19,0.0170419) (8,19,0.0126768) (9,19,0.0323518) (13,19,0.0378908) (16,19,0.0357126) (17,19,0.018436) (18,19,0.0382131) (19,19,0.0795775) (20,19,0.0379022) (21,19,0.0187208) (3,20,0.014142) (5,20,0.0109123) (8,20,0.000600203) (10,20,0.0283176) (14,20,0.0377288) (16,20,0.0286816) (19,20,0.0379022) (20,20,0.0795775) (21,20,0.0285158) (3,21,-0.0158015) (8,21,-0.0273154) (16,21,0.00132306) (19,21,0.0187208) (20,21,0.0285158) (21,21,0.0795775) 
Minv:
size: 27 27
(0,0,0.0397887) (1,1,0.0397887) (2,2,0.0795775) (3,3,0.0397887) (4,4,0.0397887) (5,5,0.0795775) (6,6,0.0397887) (7,7,0.0397887) (8,8,0.0795775) (9,9,0.0397887) (10,10,0.0397887) (11,11,0.0795775) (12,12,0.0397887) (13,13,0.0397887) (14,14,0.0795775) (15,15,0.0397887) (16,16,0.0397887) (17,17,0.0795775) (18,18,0.0397887) (19,19,0.0397887) (20,20,0.0795775) (21,21,0.0397887) (22,22,0.0397887) (23,23,0.0795775) (24,24,0.0397887) (25,25,0.0397887) (26,26,0.0795775) 
v0:
size: 27 1
(0,0,0.836713) (1,0,0.0696604) (2,0,0) (3,0,0.493306) (4,0,0.120983) (5,0,0) (6,0,0.260856) (7,0,-0.495161) (8,0,0) (9,0,0.29411) (10,0,-0.172774) (11,0,0) (12,0,-0.300881) (13,0,-0.785588) (14,0,0) (15,0,0.94104) (16,0,-0.650129) (17,0,0) (18,0,-0.621435) (19,0,-0.692615) (20,0,0) (21,0,0.327427) (22,0,0.197862) (23,0,0) (24,0,0.957889) (25,0,0.791871) (26,0,0) 
ipopt_sol:
size: 22 1
(0,0,1.97977e-06) (1,0,5.51434e-06) (2,0,18.7607) (3,0,2.83205e-07) (4,0,25.3431) (5,0,7.19629e-08) (6,0,15.6072) (7,0,12.8434) (8,0,2.30686e-07) (9,0,3.95401e-07) (10,0,8.91028e-08) (11,0,7.04771e-07) (12,0,5.58096e-07) (13,0,1.85155e-07) (14,0,1.15435e-07) (15,0,8.77566) (16,0,6.62686e-07) (17,0,9.86771) (18,0,2.77439e-07) (19,0,2.85329e-07) (20,0,26.0616) (21,0,1.25068e-07) 
policy_sol:
size: 22 1
(0,0,0) (1,0,0) (2,0,18.7607) (3,0,0) (4,0,25.3431) (5,0,0) (6,0,15.6072) (7,0,12.8434) (8,0,0) (9,0,0) (10,0,0) (11,0,0) (12,0,0) (13,0,0) (14,0,0) (15,0,8.77566) (16,0,0) (17,0,9.8677) (18,0,0) (19,0,0) (20,0,26.0616) (21,0,0) 

policy_converges:
1
ipopt_converges:
0
