Git Revision:     18345a57b34405566a64d0bf3d2a118f1cdbade3
Build Mode:       Debug
C Compiler:       /usr/bin/cc
C++ Compiler:     /usr/bin/c++
Fortran Compiler: gfortran
Body count: 9
No end time specified. Simulation will run indefinitely.
N:
size: 27 14
(0,0,-0.885684) (1,0,-0.464288) (21,0,0.885684) (22,0,0.464288) (3,1,-0.999904) (4,1,-0.0138613) (12,1,0.999904) (13,1,0.0138613) (3,2,-0.678841) (4,2,-0.734285) (15,2,0.678841) (16,2,0.734285) (3,3,-0.999716) (4,3,-0.0238117) (21,3,0.999716) (22,3,0.0238117) (3,4,-0.889198) (4,4,-0.457522) (24,4,0.889198) (25,4,0.457522) (6,5,-0.722929) (7,5,0.690923) (12,5,0.722929) (13,5,-0.690923) (6,6,-0.999043) (7,6,-0.0437295) (15,6,0.999043) (16,6,0.0437295) (6,7,-0.901824) (7,7,0.432104) (21,7,0.901824) (22,7,-0.432104) (6,8,-0.999951) (7,8,-0.0099044) (24,8,0.999951) (25,8,0.0099044) (9,9,-0.704388) (10,9,-0.709815) (21,9,0.704388) (22,9,0.709815) (12,10,0.0748655) (13,10,-0.997194) (15,10,-0.0748655) (16,10,0.997194) (12,11,-0.9994) (13,11,-0.0346244) (21,11,0.9994) (22,11,0.0346244) (15,12,-0.720737) (16,12,0.693208) (21,12,0.720737) (22,12,-0.693208) (21,13,0.0157452) (22,13,-0.999876) (24,13,-0.0157452) (25,13,0.999876) 
Q:
size: 14 14
(0,0,0.0795775) (3,0,0.0356702) (7,0,0.0237981) (9,0,0.0379355) (11,0,0.0358588) (12,0,0.012593) (13,0,-0.0179163) (1,1,0.0795775) (2,1,0.0274126) (3,1,0.0397868) (4,1,0.035629) (5,1,0.0283806) (10,1,0.00242854) (11,1,-0.0397802) (1,2,0.0274126) (2,2,0.0795775) (3,2,0.0276983) (4,2,0.0373845) (6,2,0.028262) (10,2,0.0271122) (12,2,0.000785684) (0,3,0.0356702) (1,3,0.0397868) (2,3,0.0276983) (3,3,0.0795775) (4,3,0.0358035) (7,3,0.0354629) (9,3,0.0286913) (11,3,0.0397864) (12,3,0.0280123) (13,3,-0.000321016) (1,4,0.035629) (2,4,0.0373845) (3,4,0.0358035) (4,4,0.0795775) (8,4,0.0355586) (13,4,0.0176449) (1,5,0.0283806) (5,5,0.0795775) (6,5,0.0275347) (7,5,0.0378194) (8,5,0.0284907) (10,5,0.0295672) (11,5,-0.0277953) (2,6,0.028262) (5,6,0.0275347) (6,6,0.0795775) (7,6,0.0350963) (8,6,0.039766) (10,6,-0.0012409) (12,6,-0.0274437) (0,7,0.0237981) (3,7,0.0354629) (5,7,0.0378194) (6,7,0.0350963) (7,7,0.0795775) (8,7,0.0357104) (9,7,0.0130714) (11,7,0.0352656) (12,7,0.03778) (13,7,0.0177557) (4,8,0.0355586) (5,8,0.0284907) (6,8,0.039766) (7,8,0.0357104) (8,8,0.0795775) (13,8,-0.000232416) (0,9,0.0379355) (3,9,0.0286913) (7,9,0.0130714) (9,9,0.0795775) (11,9,0.0289878) (12,9,0.000621888) (13,9,-0.0277978) (1,10,0.00242854) (2,10,0.0271122) (5,10,0.0295672) (6,10,-0.0012409) (10,10,0.0795775) (11,10,-0.00160323) (12,10,0.0296514) (0,11,0.0358588) (1,11,-0.0397802) (3,11,0.0397864) (5,11,-0.0277953) (7,11,0.0352656) (9,11,0.0289878) (10,11,-0.00160323) (11,11,0.0795775) (12,11,0.027705) (13,11,-0.000751382) (0,12,0.012593) (2,12,0.000785684) (3,12,0.0280123) (6,12,-0.0274437) (7,12,0.03778) (9,12,0.000621888) (10,12,0.0296514) (11,12,0.027705) (12,12,0.0795775) (13,12,0.02803) (0,13,-0.0179163) (3,13,-0.000321016) (4,13,0.0176449) (7,13,0.0177557) (8,13,-0.000232416) (9,13,-0.0277978) (11,13,-0.000751382) (12,13,0.02803) (13,13,0.0795775) 
Minv:
size: 27 27
(0,0,0.0397887) (1,1,0.0397887) (2,2,0.0795775) (3,3,0.0397887) (4,4,0.0397887) (5,5,0.0795775) (6,6,0.0397887) (7,7,0.0397887) (8,8,0.0795775) (9,9,0.0397887) (10,10,0.0397887) (11,11,0.0795775) (12,12,0.0397887) (13,13,0.0397887) (14,14,0.0795775) (15,15,0.0397887) (16,16,0.0397887) (17,17,0.0795775) (18,18,0.0397887) (19,19,0.0397887) (20,20,0.0795775) (21,21,0.0397887) (22,22,0.0397887) (23,23,0.0795775) (24,24,0.0397887) (25,25,0.0397887) (26,26,0.0795775) 
v0:
size: 27 1
(0,0,-0.398549) (1,0,-0.890362) (2,0,0) (3,0,0.563792) (4,0,-0.202833) (5,0,0) (6,0,0.536284) (7,0,0.601205) (8,0,0) (9,0,0.105194) (10,0,-0.918304) (11,0,0) (12,0,-0.551161) (13,0,0.168493) (14,0,0) (15,0,0.0616743) (16,0,-0.133456) (17,0,0) (18,0,0.607402) (19,0,-0.812004) (20,0,0) (21,0,-0.762607) (22,0,-0.221706) (23,0,0) (24,0,0.415969) (25,0,-0.274028) (26,0,0) 
ipopt_sol:
size: 14 1
(0,0,9.39684e-08) (1,0,38.569) (2,0,7.52446e-08) (3,0,6.19936e-06) (4,0,7.68999e-08) (5,0,9.03204e-07) (6,0,16.1434) (7,0,1.38925e-06) (8,0,2.2675e-07) (9,0,2.17364e-07) (10,0,4.61492) (11,0,21.6449) (12,0,9.70565) (13,0,7.87261e-07) 
policy_sol:
size: 14 1
(0,0,0) (1,0,38.5691) (2,0,0) (3,0,0) (4,0,0) (5,0,0) (6,0,16.1434) (7,0,0) (8,0,0) (9,0,0) (10,0,4.61492) (11,0,21.6449) (12,0,9.70565) (13,0,0) 

policy_converges:
1
ipopt_converges:
0
