Git Revision:     3cfe7dc3fe6810e9e399640d632720aa3564fe80
Build Mode:       Debug
C Compiler:       /usr/bin/cc
C++ Compiler:     /usr/bin/c++
Fortran Compiler: gfortran
Body count: 9
No end time specified. Simulation will run indefinitely.
N:
size: 27 10
(0,0,-0.88718) (1,0,-0.461423) (21,0,0.88718) (22,0,0.461423) (0,1,-0.694098) (1,1,-0.719881) (24,1,0.694098) (25,1,0.719881) (3,2,-0.0160281) (4,2,-0.999872) (6,2,0.0160281) (7,2,0.999872) (3,3,-0.999285) (4,3,-0.0378124) (21,3,0.999285) (22,3,0.0378124) (3,4,-0.88035) (4,4,-0.474324) (24,4,0.88035) (25,4,0.474324) (9,5,-0.999587) (10,5,0.0287439) (18,5,0.999587) (19,5,-0.0287439) (9,6,-0.726135) (10,6,-0.687552) (21,6,0.726135) (22,6,0.687552) (12,7,-0.99811) (13,7,-0.0614537) (21,7,0.99811) (22,7,0.0614537) (12,8,-0.657802) (13,8,-0.753191) (24,8,0.657802) (25,8,0.753191) (18,9,-0.0263573) (19,9,-0.999653) (21,9,0.0263573) (22,9,0.999653) 
Q:
size: 10 10
(0,0,0.0795775) (1,0,0.0377181) (3,0,0.0359687) (6,0,0.0382555) (7,0,0.0363613) (9,0,0.0192835) (0,1,0.0377181) (1,1,0.0795775) (4,1,0.037899) (8,1,0.0397405) (2,2,0.0795775) (3,2,0.0021416) (4,2,0.0194318) (0,3,0.0359687) (2,3,0.0021416) (3,3,0.0795775) (4,3,0.0357166) (6,3,0.0299058) (7,3,0.0397776) (9,3,0.00255196) (1,4,0.037899) (2,4,0.0194318) (3,4,0.0357166) (4,4,0.0795775) (8,4,0.0372563) (5,5,0.0795775) (6,5,0.0280937) (9,5,9.49961e-05) (0,6,0.0382555) (3,6,0.0299058) (5,6,0.0280937) (6,6,0.0795775) (7,6,0.0305186) (9,6,0.0281088) (0,7,0.0363613) (3,7,0.0397776) (6,7,0.0305186) (7,7,0.0795775) (8,7,0.0279653) (9,7,0.00349105) (1,8,0.0397405) (4,8,0.0372563) (7,8,0.0279653) (8,8,0.0795775) (0,9,0.0192835) (3,9,0.00255196) (5,9,9.49961e-05) (6,9,0.0281088) (7,9,0.00349105) (9,9,0.0795775) 
Minv:
size: 27 27
(0,0,0.0397887) (1,1,0.0397887) (2,2,0.0795775) (3,3,0.0397887) (4,4,0.0397887) (5,5,0.0795775) (6,6,0.0397887) (7,7,0.0397887) (8,8,0.0795775) (9,9,0.0397887) (10,10,0.0397887) (11,11,0.0795775) (12,12,0.0397887) (13,13,0.0397887) (14,14,0.0795775) (15,15,0.0397887) (16,16,0.0397887) (17,17,0.0795775) (18,18,0.0397887) (19,19,0.0397887) (20,20,0.0795775) (21,21,0.0397887) (22,22,0.0397887) (23,23,0.0795775) (24,24,0.0397887) (25,25,0.0397887) (26,26,0.0795775) 
v0:
size: 27 1
(0,0,-0.196683) (1,0,0.434649) (2,0,0) (3,0,-0.281791) (4,0,0.684523) (5,0,0) (6,0,-0.647443) (7,0,0.678956) (8,0,0) (9,0,0.227559) (10,0,-0.732208) (11,0,0) (12,0,0.675602) (13,0,0.769738) (14,0,0) (15,0,-0.564343) (16,0,0.995302) (17,0,0) (18,0,-0.0278477) (19,0,-0.196039) (20,0,0) (21,0,-0.840935) (22,0,-0.803555) (23,0,0) (24,0,-0.497183) (25,0,-0.0184297) (26,0,0) 
ipopt_sol:
size: 10 1
(0,0,14.9016) (1,0,1.57428e-07) (2,0,0.000112652) (3,0,2.47116e-07) (4,0,1.39658) (5,0,6.79048) (6,0,5.35098e-07) (7,0,24.357) (8,0,25.0953) (9,0,11.1142) 
policy_sol:
size: 10 1
(0,0,14.9016) (1,0,0) (2,0,0) (3,0,0) (4,0,1.39662) (5,0,6.79048) (6,0,0) (7,0,24.357) (8,0,25.0953) (9,0,11.1142) 

policy_converges:
1
