Git Revision:     3cfe7dc3fe6810e9e399640d632720aa3564fe80
Build Mode:       Debug
C Compiler:       /usr/bin/cc
C++ Compiler:     /usr/bin/c++
Fortran Compiler: gfortran
Body count: 9
No end time specified. Simulation will run indefinitely.
N:
size: 27 10
(0,0,-0.0483974) (1,0,-0.998828) (3,0,0.0483974) (4,0,0.998828) (0,1,-0.996585) (1,1,-0.0825673) (9,1,0.996585) (10,1,0.0825673) (0,2,-0.68259) (1,2,-0.730802) (12,2,0.68259) (13,2,0.730802) (0,3,-0.450933) (1,3,-0.892558) (15,3,0.450933) (16,3,0.892558) (0,4,-0.888477) (1,4,-0.458922) (21,4,0.888477) (22,4,0.458922) (0,5,-0.69463) (1,5,-0.719367) (24,5,0.69463) (25,5,0.719367) (9,6,0.00407801) (10,6,-0.999992) (12,6,-0.00407801) (13,6,0.999992) (9,7,-0.012609) (10,7,-0.999921) (15,7,0.012609) (16,7,0.999921) (15,8,-0.682436) (16,8,0.730945) (21,8,0.682436) (22,8,-0.730945) (21,9,0.026128) (22,9,-0.999659) (24,9,-0.026128) (25,9,0.999659) 
Q:
size: 10 10
(0,0,0.0795775) (1,0,0.0052005) (2,0,0.030358) (3,0,0.0363405) (4,0,0.0199494) (5,0,0.0299268) (0,1,0.0052005) (1,1,0.0795775) (2,1,0.0294675) (3,1,0.0208131) (4,1,0.0367383) (5,1,0.0299074) (6,1,-0.00312352) (7,1,-0.00378497) (0,2,0.030358) (1,2,0.0294675) (2,2,0.0795775) (3,2,0.0382006) (4,2,0.0374749) (5,2,0.0397833) (6,2,0.0289667) (0,3,0.0363405) (1,3,0.0208131) (2,3,0.0382006) (3,3,0.0795775) (4,3,0.0322391) (5,3,0.0380105) (7,3,0.0357371) (8,3,0.0137143) (0,4,0.0199494) (1,4,0.0367383) (2,4,0.0374749) (3,4,0.0322391) (4,4,0.0795775) (5,4,0.0376917) (8,4,0.0107781) (9,4,-0.01733) (0,5,0.0299268) (1,5,0.0299074) (2,5,0.0397833) (3,5,0.0380105) (4,5,0.0376917) (5,5,0.0795775) (9,5,0.0278908) (1,6,-0.00312352) (2,6,0.0289667) (6,6,0.0795775) (7,6,0.0397832) (1,7,-0.00378497) (3,7,0.0357371) (6,7,0.0397832) (7,7,0.0795775) (8,7,0.0287387) (3,8,0.0137143) (4,8,0.0107781) (7,8,0.0287387) (8,8,0.0795775) (9,8,0.0297829) (4,9,-0.01733) (5,9,0.0278908) (8,9,0.0297829) (9,9,0.0795775) 
Minv:
size: 27 27
(0,0,0.0397887) (1,1,0.0397887) (2,2,0.0795775) (3,3,0.0397887) (4,4,0.0397887) (5,5,0.0795775) (6,6,0.0397887) (7,7,0.0397887) (8,8,0.0795775) (9,9,0.0397887) (10,10,0.0397887) (11,11,0.0795775) (12,12,0.0397887) (13,13,0.0397887) (14,14,0.0795775) (15,15,0.0397887) (16,16,0.0397887) (17,17,0.0795775) (18,18,0.0397887) (19,19,0.0397887) (20,20,0.0795775) (21,21,0.0397887) (22,22,0.0397887) (23,23,0.0795775) (24,24,0.0397887) (25,25,0.0397887) (26,26,0.0795775) 
v0:
size: 27 1
(0,0,0.714106) (1,0,0.329547) (2,0,0) (3,0,-0.448943) (4,0,-0.985949) (5,0,0) (6,0,0.270212) (7,0,0.925045) (8,0,0) (9,0,0.753722) (10,0,-0.401366) (11,0,0) (12,0,-0.0470547) (13,0,-0.932256) (14,0,0) (15,0,0.262584) (16,0,-0.88222) (17,0,0) (18,0,0.770583) (19,0,-0.774869) (20,0,0) (21,0,0.26577) (22,0,0.22189) (23,0,0) (24,0,0.633396) (25,0,-0.120304) (26,0,0) 
ipopt_sol:
size: 10 1
(0,0,22.2244) (1,0,9.39023e-08) (2,0,21.6289) (3,0,8.67672) (4,0,1.044e-07) (5,0,6.86887e-08) (6,0,5.38748) (7,0,1.37085e-06) (8,0,17.9378) (9,0,2.12527) 
policy_sol:
size: 10 1
(0,0,22.2244) (1,0,0) (2,0,21.6289) (3,0,8.67672) (4,0,0) (5,0,0) (6,0,5.38748) (7,0,0) (8,0,17.9378) (9,0,2.12527) 

policy_converges:
1
