solve status: 0
N:
size: 27 13
(0,0,0.00874457) (1,0,-0.999962) (3,0,-0.00874457) (4,0,0.999962) (0,1,0.00451465) (1,1,-0.99999) (6,1,-0.00451465) (7,1,0.99999) (3,2,0.00055373) (4,2,-1) (6,2,-0.00055373) (7,2,1) (3,3,-0.719543) (4,3,0.694448) (9,3,0.719543) (10,3,-0.694448) (3,4,-0.886145) (4,4,-0.463408) (24,4,0.886145) (25,4,0.463408) (6,5,-0.446644) (7,5,0.894712) (9,5,0.446644) (10,5,-0.894712) (6,6,-0.702809) (7,6,0.711379) (12,6,0.702809) (13,6,-0.711379) (6,7,-1) (7,7,0.000665606) (24,7,1) (25,7,-0.000665606) (9,8,0.0383749) (10,8,-0.999263) (15,8,-0.0383749) (16,8,0.999263) (9,9,-0.441181) (10,9,-0.897418) (24,9,0.441181) (25,9,0.897418) (12,10,0.074571) (13,10,-0.997216) (15,10,-0.074571) (16,10,0.997216) (12,11,-0.698775) (13,11,-0.715341) (24,11,0.698775) (25,11,0.715341) (15,12,-0.999978) (16,12,-0.0066554) (24,12,0.999978) (25,12,0.0066554) 
Q:
size: 13 13
(0,0,0.0795775) (1,0,0.0397884) (2,0,-0.0397874) (3,0,0.0278805) (4,0,-0.0181294) (0,1,0.0397884) (1,1,0.0795775) (2,1,0.0397884) (5,1,0.0356793) (6,1,0.0284308) (7,1,0.000206116) (0,2,-0.0397874) (1,2,0.0397884) (2,2,0.0795775) (3,2,-0.027647) (4,2,0.0184189) (5,2,0.0356093) (6,2,0.0283203) (7,2,4.85158e-05) (0,3,0.0278805) (2,3,-0.027647) (3,3,0.0795775) (4,3,0.0125656) (5,3,0.0375092) (8,3,0.0287095) (9,3,0.0121658) (0,4,-0.0181294) (2,4,0.0184189) (3,4,0.0125656) (4,4,0.0795775) (7,4,0.0352463) (9,4,0.0321024) (11,4,0.0378276) (12,4,0.0353805) (1,5,0.0356793) (2,5,0.0356093) (3,5,0.0375092) (5,5,0.0795775) (6,5,0.0378146) (7,5,0.0177951) (8,5,0.0362552) (9,5,0.0241072) (1,6,0.0284308) (2,6,0.0283203) (5,6,0.0378146) (6,6,0.0795775) (7,6,0.0279827) (10,6,0.0303113) (11,6,0.000707169) (1,7,0.000206116) (2,7,4.85158e-05) (4,7,0.0352463) (5,7,0.0177951) (6,7,0.0279827) (7,7,0.0795775) (9,7,0.0175303) (11,7,0.0277844) (12,7,0.0397877) (3,8,0.0287095) (5,8,0.0362552) (8,8,0.0795775) (9,8,0.0350072) (10,8,0.0397626) (12,8,0.00126224) (3,9,0.0121658) (4,9,0.0321024) (5,9,0.0241072) (7,9,0.0175303) (8,9,0.0350072) (9,9,0.0795775) (11,9,0.0378091) (12,9,0.0177913) (6,10,0.0303113) (8,10,0.0397626) (10,10,0.0795775) (11,10,0.02631) (12,10,0.00270295) (4,11,0.0378276) (6,11,0.000707169) (7,11,0.0277844) (9,11,0.0378091) (10,11,0.02631) (11,11,0.0795775) (12,11,0.0279922) (4,12,0.0353805) (7,12,0.0397877) (8,12,0.00126224) (9,12,0.0177913) (10,12,0.00270295) (11,12,0.0279922) (12,12,0.0795775) 
Minv:
size: 27 27
(0,0,0.0397887) (1,1,0.0397887) (2,2,0.0795775) (3,3,0.0397887) (4,4,0.0397887) (5,5,0.0795775) (6,6,0.0397887) (7,7,0.0397887) (8,8,0.0795775) (9,9,0.0397887) (10,10,0.0397887) (11,11,0.0795775) (12,12,0.0397887) (13,13,0.0397887) (14,14,0.0795775) (15,15,0.0397887) (16,16,0.0397887) (17,17,0.0795775) (18,18,0.0397887) (19,19,0.0397887) (20,20,0.0795775) (21,21,0.0397887) (22,22,0.0397887) (23,23,0.0795775) (24,24,0.0397887) (25,25,0.0397887) (26,26,0.0795775) 
v0:
size: 27 1
(0,0,-0.364499) (1,0,-0.458876) (2,0,0) (3,0,-0.428346) (4,0,-0.471577) (5,0,0) (6,0,-0.574245) (7,0,-0.851572) (8,0,0) (9,0,-0.304246) (10,0,-0.0720691) (11,0,0) (12,0,0.0537239) (13,0,0.989744) (14,0,0) (15,0,-0.390833) (16,0,-0.439742) (17,0,0) (18,0,0.720396) (19,0,-0.632415) (20,0,0) (21,0,0.0461982) (22,0,-0.389325) (23,0,0) (24,0,-0.614573) (25,0,-0.208233) (26,0,0) 
ipopt_sol:
size: 13 1
(0,0,2.34125) (1,0,5.61558e-08) (2,0,5.6408) (3,0,2.2383) (4,0,0) (5,0,7.70052) (6,0,6.77156) (7,0,0) (8,0,0) (9,0,0) (10,0,24.0634) (11,0,25.2585) (12,0,0) 
policy_sol:
size: 13 1
(0,0,2.34125) (1,0,0) (2,0,5.6408) (3,0,2.2383) (4,0,0) (5,0,7.70052) (6,0,6.77156) (7,0,0) (8,0,0) (9,0,0) (10,0,24.0634) (11,0,25.2585) (12,0,0) 

policy_converges:
1
ipopt_converges:
0
