Git Revision:     18345a57b34405566a64d0bf3d2a118f1cdbade3
Build Mode:       Debug
C Compiler:       /usr/bin/cc
C++ Compiler:     /usr/bin/c++
Fortran Compiler: gfortran
Body count: 9
No end time specified. Simulation will run indefinitely.
N:
size: 27 16
(0,0,-0.0304659) (1,0,-0.999536) (6,0,0.0304659) (7,0,0.999536) (0,1,-0.998958) (1,1,0.0456371) (9,1,0.998958) (10,1,-0.0456371) (0,2,-0.733365) (1,2,-0.679835) (12,2,0.733365) (13,2,0.679835) (0,3,-0.471046) (1,3,-0.882109) (15,3,0.471046) (16,3,0.882109) (0,4,-0.999897) (1,4,-0.0143294) (18,4,0.999897) (19,4,0.0143294) (0,5,-0.702823) (1,5,-0.711365) (24,5,0.702823) (25,5,0.711365) (3,6,0.00756275) (4,6,-0.999971) (6,6,-0.00756275) (7,6,0.999971) (3,7,-0.714232) (4,7,-0.699909) (15,7,0.714232) (16,7,0.699909) (3,8,-0.884646) (4,8,-0.466263) (24,8,0.884646) (25,8,0.466263) (6,9,-0.416024) (7,9,0.909353) (9,9,0.416024) (10,9,-0.909353) (6,10,-0.682963) (7,10,0.730453) (12,10,0.682963) (13,10,-0.730453) (6,11,-0.999995) (7,11,0.00315364) (15,11,0.999995) (16,11,-0.00315364) (6,12,-0.999666) (7,12,-0.0258317) (24,12,0.999666) (25,12,0.0258317) (9,13,-0.0374124) (10,13,-0.9993) (12,13,0.0374124) (13,13,0.9993) (9,14,-0.440766) (10,14,-0.897622) (24,14,0.440766) (25,14,0.897622) (12,15,-0.672352) (13,15,-0.740232) (24,15,0.672352) (25,15,0.740232) 
Q:
size: 16 16
(0,0,0.0795775) (1,0,-0.000604065) (2,0,0.0279262) (3,0,0.0356527) (4,0,0.00178196) (5,0,0.0291431) (6,0,0.03976) (9,0,0.0356609) (10,0,0.0282224) (11,0,-0.00108677) (12,0,-0.00223913) (0,1,-0.000604065) (1,1,0.0795775) (2,1,0.0279148) (3,1,0.017121) (4,1,0.0397172) (5,1,0.0266436) (9,1,0.0181871) (13,1,0.00032753) (14,1,-0.0158893) (0,2,0.0279262) (1,2,0.0279148) (2,2,0.0795775) (3,2,0.0376058) (4,2,0.0295643) (5,2,0.0397504) (10,2,0.000170028) (13,2,0.0281225) (15,2,-0.0396421) (0,3,0.0356527) (1,3,0.017121) (2,3,0.0376058) (3,3,0.0795775) (4,3,0.0192433) (5,3,0.03814) (7,3,0.0379518) (11,3,0.0186315) (0,4,0.00178196) (1,4,0.0397172) (2,4,0.0295643) (3,4,0.0192433) (4,4,0.0795775) (5,4,0.0283671) (0,5,0.0291431) (1,5,0.0266436) (2,5,0.0397504) (3,5,0.03814) (4,5,0.0283671) (5,5,0.0795775) (8,5,0.0379359) (12,5,0.0286862) (14,5,0.0377324) (15,5,0.0397537) (0,6,0.03976) (6,6,0.0795775) (7,6,0.0276328) (8,6,0.0182853) (9,6,0.0363062) (10,6,0.0292685) (11,6,0.000426386) (12,6,-0.000726968) (3,7,0.0379518) (6,7,0.0276328) (7,7,0.0795775) (8,7,0.0381249) (11,7,0.0283304) (5,8,0.0379359) (6,8,0.0182853) (7,8,0.0381249) (8,8,0.0795775) (12,8,0.0356664) (14,8,0.0321672) (15,8,0.0373989) (0,9,0.0356609) (1,9,0.0181871) (6,9,0.0363062) (9,9,0.0795775) (10,9,0.0377344) (11,9,0.0166671) (12,9,0.0156129) (13,9,0.0355374) (14,9,0.0251817) (0,10,0.0282224) (2,10,0.000170028) (6,10,0.0292685) (9,10,0.0377344) (10,10,0.0795775) (11,10,0.0272658) (12,10,0.0264144) (13,10,-0.0280268) (15,10,0.00324329) (0,11,-0.00108677) (3,11,0.0186315) (6,11,0.000426386) (7,11,0.0283304) (9,11,0.0166671) (10,11,0.0272658) (11,11,0.0795775) (12,11,0.039772) (0,12,-0.00223913) (5,12,0.0286862) (6,12,-0.000726968) (8,12,0.0356664) (9,12,0.0156129) (10,12,0.0264144) (11,12,0.039772) (12,12,0.0795775) (14,12,0.0184543) (15,12,0.0275039) (1,13,0.00032753) (2,13,0.0281225) (9,13,0.0355374) (10,13,-0.0280268) (13,13,0.0795775) (14,13,0.0363464) (15,13,-0.0304331) (1,14,-0.0158893) (5,14,0.0377324) (8,14,0.0321672) (9,14,0.0251817) (12,14,0.0184543) (13,14,0.0363464) (14,14,0.0795775) (15,14,0.0382289) (2,15,-0.0396421) (5,15,0.0397537) (8,15,0.0373989) (10,15,0.00324329) (12,15,0.0275039) (13,15,-0.0304331) (14,15,0.0382289) (15,15,0.0795775) 
Minv:
size: 27 27
(0,0,0.0397887) (1,1,0.0397887) (2,2,0.0795775) (3,3,0.0397887) (4,4,0.0397887) (5,5,0.0795775) (6,6,0.0397887) (7,7,0.0397887) (8,8,0.0795775) (9,9,0.0397887) (10,10,0.0397887) (11,11,0.0795775) (12,12,0.0397887) (13,13,0.0397887) (14,14,0.0795775) (15,15,0.0397887) (16,16,0.0397887) (17,17,0.0795775) (18,18,0.0397887) (19,19,0.0397887) (20,20,0.0795775) (21,21,0.0397887) (22,22,0.0397887) (23,23,0.0795775) (24,24,0.0397887) (25,25,0.0397887) (26,26,0.0795775) 
v0:
size: 27 1
(0,0,0.444777) (1,0,-0.67241) (2,0,0) (3,0,-0.988313) (4,0,0.93504) (5,0,0) (6,0,-0.503006) (7,0,-0.662656) (8,0,0) (9,0,-0.462827) (10,0,-0.341659) (11,0,0) (12,0,-0.682979) (13,0,-0.373076) (14,0,0) (15,0,-0.894938) (16,0,-0.183948) (17,0,0) (18,0,-0.312995) (19,0,-0.910799) (20,0,0) (21,0,0.942485) (22,0,-0.885807) (23,0,0) (24,0,-0.639871) (25,0,-0.665882) (26,0,0) 
ipopt_sol:
size: 16 1
(0,0,4.16201e-08) (1,0,19.4885) (2,0,7.97618) (3,0,1.51654e-07) (4,0,6.43879) (5,0,1.34771e-06) (6,0,39.9158) (7,0,0.804926) (8,0,2.32438e-07) (9,0,4.33447e-08) (10,0,1.08554e-07) (11,0,9.38776) (12,0,2.35067e-07) (13,0,1.78362e-07) (14,0,11.6886) (15,0,3.07712) 
policy_sol:
size: 16 1
(0,0,0) (1,0,26.6474) (2,0,3.38897) (3,0,0) (4,0,4.57002) (5,0,0) (6,0,39.9158) (7,0,0.804924) (8,0,0) (9,0,0) (10,0,0) (11,0,9.38776) (12,0,0) (13,0,-23.2502) (14,0,34.3325) (15,0,-18.9778) 

policy_converges:
0
ipopt_converges:
0
