Git Revision:     18345a57b34405566a64d0bf3d2a118f1cdbade3
Build Mode:       Debug
C Compiler:       /usr/bin/cc
C++ Compiler:     /usr/bin/c++
Fortran Compiler: gfortran
Body count: 9
No end time specified. Simulation will run indefinitely.
N:
size: 27 23
(0,0,-0.0221871) (1,0,-0.999754) (3,0,0.0221871) (4,0,0.999754) (0,1,-0.00574811) (1,1,-0.999983) (6,1,0.00574811) (7,1,0.999983) (0,2,-0.666998) (1,2,-0.74506) (12,2,0.666998) (13,2,0.74506) (0,3,-0.999999) (1,3,-0.00141864) (18,3,0.999999) (19,3,0.00141864) (0,4,-0.888793) (1,4,-0.458309) (21,4,0.888793) (22,4,0.458309) (0,5,-0.69921) (1,5,-0.714916) (24,5,0.69921) (25,5,0.714916) (3,6,0.011138) (4,6,-0.999938) (6,6,-0.011138) (7,6,0.999938) (3,7,-0.999997) (4,7,0.00242328) (21,7,0.999997) (22,7,-0.00242328) (3,8,-0.895933) (4,8,-0.44419) (24,8,0.895933) (25,8,0.44419) (6,9,-0.44625) (7,9,0.894908) (9,9,0.44625) (10,9,-0.894908) (6,10,-0.682181) (7,10,0.731183) (12,10,0.682181) (13,10,-0.731183) (6,11,-0.890885) (7,11,0.454229) (21,11,0.890885) (22,11,-0.454229) (6,12,-0.999585) (7,12,0.0288157) (24,12,0.999585) (25,12,-0.0288157) (9,13,0.0692763) (10,13,-0.997598) (12,13,-0.0692763) (13,13,0.997598) (9,14,-0.000220298) (10,14,-1) (15,14,0.000220298) (16,14,1) (9,15,-0.999041) (10,15,0.0437886) (18,15,0.999041) (19,15,-0.0437886) (9,16,-0.707808) (10,16,-0.706405) (21,16,0.707808) (22,16,0.706405) (9,17,-0.4333) (10,17,-0.90125) (24,17,0.4333) (25,17,0.90125) (12,18,-0.999843) (13,18,0.0176954) (21,18,0.999843) (22,18,-0.0176954) (12,19,-0.730794) (13,19,-0.682598) (24,19,0.730794) (25,19,0.682598) (15,20,-0.702535) (16,20,0.711649) (21,20,0.702535) (22,20,-0.711649) (15,21,-0.998872) (16,21,0.0474794) (24,21,0.998872) (25,21,-0.0474794) (21,22,0.0567108) (22,22,-0.998391) (24,22,-0.0567108) (25,22,0.998391) 
Q:
size: 23 23
(0,0,0.0795775) (1,0,0.0397834) (2,0,0.0302265) (3,0,0.000939226) (4,0,0.0190157) (5,0,0.0290559) (6,0,-0.0397666) (7,0,-0.000786397) (8,0,-0.0184603) (0,1,0.0397834) (1,1,0.0795775) (2,1,0.029797) (3,1,0.000285155) (4,1,0.0184385) (5,1,0.0286051) (6,1,0.0397831) (9,1,0.0355046) (10,1,0.0289363) (11,1,0.0178691) (12,1,0.000917908) (0,2,0.0302265) (1,2,0.029797) (2,2,0.0795775) (3,2,0.026581) (4,2,0.0371742) (5,2,0.03975) (10,2,-0.0035715) (13,2,0.0277352) (18,2,-0.0260103) (19,2,-0.0396302) (0,3,0.000939226) (1,3,0.000285155) (2,3,0.026581) (3,3,0.0795775) (4,3,0.0353898) (5,3,0.027861) (15,3,0.0397481) (0,4,0.0190157) (1,4,0.0184385) (2,4,0.0371742) (3,4,0.0353898) (4,4,0.0795775) (5,4,0.0377637) (7,4,0.0353197) (11,4,0.0232221) (16,4,0.0379125) (18,4,0.0350357) (20,4,0.0118671) (22,4,-0.0162007) (0,5,0.0290559) (1,5,0.0286051) (2,5,0.03975) (3,5,0.027861) (4,5,0.0377637) (5,5,0.0795775) (8,5,0.0375607) (12,5,0.0269894) (17,5,0.0376913) (19,5,0.0397481) (21,5,0.0264387) (22,5,0.0268221) (0,6,-0.0397666) (1,6,0.0397831) (6,6,0.0795775) (7,6,-0.000539581) (8,6,0.0172756) (9,6,0.0358028) (10,6,0.0293934) (11,6,0.0184669) (12,6,0.00158946) (0,7,-0.000786397) (4,7,0.0353197) (6,7,-0.000539581) (7,7,0.0795775) (8,7,0.0356051) (11,7,0.0354909) (16,7,0.0280946) (18,7,0.0397841) (20,7,0.0280215) (22,7,0.00235271) (0,8,-0.0184603) (5,8,0.0375607) (6,8,0.0172756) (7,8,0.0356051) (8,8,0.0795775) (12,8,0.0351239) (17,8,0.0313748) (19,8,0.0381154) (21,8,0.0347687) (22,8,0.0156237) (1,9,0.0355046) (6,9,0.0358028) (9,9,0.0795775) (10,9,0.0381481) (11,9,0.0319922) (12,9,0.0187744) (13,9,0.0367518) (14,9,0.0356034) (15,9,-0.0192979) (16,9,0.0125855) (17,9,0.0243975) (1,10,0.0289363) (2,10,-0.0035715) (6,10,0.0293934) (9,10,0.0381481) (10,10,0.0795775) (11,10,0.0373962) (12,10,0.0279702) (13,10,-0.0309033) (18,10,-0.0276537) (19,10,2.26976e-05) (1,11,0.0178691) (4,11,0.0232221) (6,11,0.0184669) (7,11,0.0354909) (9,11,0.0319922) (10,11,0.0373962) (11,11,0.0795775) (12,11,0.0359533) (16,11,0.0123228) (18,11,0.0357615) (20,11,0.0377647) (22,11,0.0200543) (1,12,0.000917908) (5,12,0.0269894) (6,12,0.00158946) (8,12,0.0351239) (9,12,0.0187744) (10,12,0.0279702) (11,12,0.0359533) (12,12,0.0795775) (17,12,0.0162) (19,12,0.0282827) (21,12,0.0397818) (22,12,-0.00340021) (2,13,0.0277352) (9,13,0.0367518) (10,13,-0.0309033) (13,13,0.0795775) (14,13,0.0396925) (15,13,-0.00449188) (16,13,0.0260884) (17,13,0.0345791) (18,13,0.00345837) (19,13,-0.0250801) (9,14,0.0356034) (13,14,0.0396925) (14,14,0.0795775) (15,14,-0.00173353) (16,14,0.0281132) (17,14,0.0358634) (20,14,0.0283095) (21,14,0.00188039) (3,15,0.0397481) (9,15,-0.0192979) (13,15,-0.00449188) (14,15,-0.00173353) (15,15,0.0795775) (16,15,0.026905) (17,15,0.0156537) (4,16,0.0379125) (7,16,0.0280946) (9,16,0.0125855) (11,16,0.0123228) (13,16,0.0260884) (14,16,0.0281132) (15,16,0.026905) (16,16,0.0795775) (17,16,0.0375343) (18,16,0.027661) (20,16,-0.00021695) (22,16,-0.0264646) (5,17,0.0376913) (8,17,0.0313748) (9,17,0.0243975) (12,17,0.0162) (13,17,0.0345791) (14,17,0.0358634) (15,17,0.0156537) (16,17,0.0375343) (17,17,0.0795775) (19,17,0.0370769) (21,17,0.0155184) (22,17,0.0348241) (2,18,-0.0260103) (4,18,0.0350357) (7,18,0.0397841) (10,18,-0.0276537) (11,18,0.0357615) (13,18,0.00345837) (16,18,0.027661) (18,18,0.0795775) (19,18,0.0285922) (20,18,0.0284497) (22,18,0.00295904) (2,19,-0.0396302) (5,19,0.0397481) (8,19,0.0381154) (10,19,2.26976e-05) (12,19,0.0282827) (13,19,-0.0250801) (17,19,0.0370769) (18,19,0.0285922) (19,19,0.0795775) (21,19,0.027755) (22,19,0.025467) (4,20,0.0118671) (7,20,0.0280215) (11,20,0.0377647) (14,20,0.0283095) (16,20,-0.00021695) (18,20,0.0284497) (20,20,0.0795775) (21,20,0.0292659) (22,20,0.0298553) (5,21,0.0264387) (8,21,0.0347687) (12,21,0.0397818) (14,21,0.00188039) (17,21,0.0155184) (19,21,0.027755) (20,21,0.0292659) (21,21,0.0795775) (22,21,-0.00414001) (4,22,-0.0162007) (5,22,0.0268221) (7,22,0.00235271) (8,22,0.0156237) (11,22,0.0200543) (12,22,-0.00340021) (16,22,-0.0264646) (17,22,0.0348241) (18,22,0.00295904) (19,22,0.025467) (20,22,0.0298553) (21,22,-0.00414001) (22,22,0.0795775) 
Minv:
size: 27 27
(0,0,0.0397887) (1,1,0.0397887) (2,2,0.0795775) (3,3,0.0397887) (4,4,0.0397887) (5,5,0.0795775) (6,6,0.0397887) (7,7,0.0397887) (8,8,0.0795775) (9,9,0.0397887) (10,10,0.0397887) (11,11,0.0795775) (12,12,0.0397887) (13,13,0.0397887) (14,14,0.0795775) (15,15,0.0397887) (16,16,0.0397887) (17,17,0.0795775) (18,18,0.0397887) (19,19,0.0397887) (20,20,0.0795775) (21,21,0.0397887) (22,22,0.0397887) (23,23,0.0795775) (24,24,0.0397887) (25,25,0.0397887) (26,26,0.0795775) 
v0:
size: 27 1
(0,0,0.698981) (1,0,0.834314) (2,0,0) (3,0,0.212416) (4,0,0.16123) (5,0,0) (6,0,-0.175206) (7,0,-0.308552) (8,0,0) (9,0,0.964646) (10,0,0.85106) (11,0,0) (12,0,0.262207) (13,0,0.493543) (14,0,0) (15,0,0.991165) (16,0,0.760239) (17,0,0) (18,0,0.362842) (19,0,-0.598832) (20,0,0) (21,0,-0.454294) (22,0,0.225349) (23,0,0) (24,0,-0.831299) (25,0,-0.560283) (26,0,0) 
ipopt_sol:
size: 23 1
(0,0,1.16743e-05) (1,0,22.4211) (2,0,2.34558e-06) (3,0,0.594818) (4,0,8.23227) (5,0,11.8904) (6,0,0.488716) (7,0,5.86951e-07) (8,0,6.81532e-07) (9,0,2.55954e-07) (10,0,1.0333e-06) (11,0,1.24349e-07) (12,0,1.1007e-07) (13,0,2.60661e-07) (14,0,6.98425e-08) (15,0,1.10585e-06) (16,0,40.2038) (17,0,3.29955) (18,0,2.92135e-07) (19,0,8.41605) (20,0,1.07717e-07) (21,0,38.1067) (22,0,28.0598) 
policy_sol:
size: 23 1
(0,0,0) (1,0,22.4211) (2,0,0) (3,0,0.594817) (4,0,8.23227) (5,0,11.8904) (6,0,0.488702) (7,0,0) (8,0,0) (9,0,0) (10,0,0) (11,0,0) (12,0,0) (13,0,0) (14,0,0) (15,0,0) (16,0,40.2038) (17,0,3.29954) (18,0,0) (19,0,8.41605) (20,0,0) (21,0,38.1067) (22,0,28.0598) 

policy_converges:
1
ipopt_converges:
0
