Git Revision:     18345a57b34405566a64d0bf3d2a118f1cdbade3
Build Mode:       Debug
C Compiler:       /usr/bin/cc
C++ Compiler:     /usr/bin/c++
Fortran Compiler: gfortran
Body count: 9
No end time specified. Simulation will run indefinitely.
N:
size: 27 20
(0,0,0.0153309) (1,0,-0.999882) (3,0,-0.0153309) (4,0,0.999882) (0,1,0.012094) (1,1,-0.999927) (6,1,-0.012094) (7,1,0.999927) (0,2,-0.999915) (1,2,-0.0130477) (9,2,0.999915) (10,2,0.0130477) (0,3,-0.724756) (1,3,-0.689005) (12,3,0.724756) (13,3,0.689005) (0,4,-0.462204) (1,4,-0.886773) (15,4,0.462204) (16,4,0.886773) (0,5,-0.999702) (1,5,0.0244071) (18,5,0.999702) (19,5,-0.0244071) (0,6,-0.908486) (1,6,-0.417915) (21,6,0.908486) (22,6,0.417915) (0,7,-0.728386) (1,7,-0.685167) (24,7,0.728386) (25,7,0.685167) (3,8,-0.999999) (4,8,-0.00146597) (12,8,0.999999) (13,8,0.00146597) (3,9,-0.890088) (4,9,0.455789) (18,9,0.890088) (19,9,-0.455789) (6,10,-0.752337) (7,10,0.658778) (12,10,0.752337) (13,10,-0.658778) (6,11,-0.718131) (7,11,0.695908) (18,11,0.718131) (19,11,-0.695908) (6,12,-0.999893) (7,12,0.0146208) (24,12,0.999893) (25,12,-0.0146208) (9,13,0.00961628) (10,13,-0.999954) (15,13,-0.00961628) (16,13,0.999954) (9,14,-0.998003) (10,14,0.0631714) (18,14,0.998003) (19,14,-0.0631714) (12,15,0.0378356) (13,15,-0.999284) (15,15,-0.0378356) (16,15,0.999284) (15,16,-0.452915) (16,16,0.891554) (18,16,0.452915) (19,16,-0.891554) (15,17,-0.703945) (16,17,0.710255) (21,17,0.703945) (22,17,-0.710255) (15,18,-0.999316) (16,18,0.0369679) (24,18,0.999316) (25,18,-0.0369679) (18,19,0.00676934) (19,19,-0.999977) (21,19,-0.00676934) (22,19,0.999977) 
Q:
size: 20 20
(0,0,0.0795775) (1,0,0.0397885) (2,0,-9.08544e-05) (3,0,0.0269693) (4,0,0.0349975) (5,0,-0.00158083) (6,0,0.0160722) (7,0,0.0268144) (8,0,0.000551672) (9,0,0.0186761) (0,1,0.0397885) (1,1,0.0795775) (2,1,3.79499e-05) (3,1,0.0270639) (4,1,0.0350586) (5,1,-0.00145212) (6,1,0.0161899) (7,1,0.0269094) (10,1,0.0265721) (11,1,0.0280328) (12,1,0.00106285) (0,2,-9.08544e-05) (1,2,3.79499e-05) (2,2,0.0795775) (3,2,0.0291924) (4,2,0.0188493) (5,2,0.0397608) (6,2,0.0363614) (7,2,0.0293348) (13,2,-0.000136539) (14,2,-0.0396731) (0,3,0.0269693) (1,3,0.0270639) (2,3,0.0291924) (3,3,0.0795775) (4,3,0.0376392) (5,3,0.0281594) (6,3,0.0376551) (7,3,0.0397882) (8,3,0.0288773) (10,3,0.00363508) (15,3,-0.026304) (0,4,0.0349975) (1,4,0.0350586) (2,4,0.0188493) (3,4,0.0376392) (4,4,0.0795775) (5,4,0.0175239) (6,4,0.0314531) (7,4,0.0375706) (13,4,0.0351051) (15,4,0.0345625) (16,4,0.0231279) (17,4,0.0121144) (18,4,-0.0170736) (0,5,-0.00158083) (1,5,-0.00145212) (2,5,0.0397608) (3,5,0.0281594) (4,5,0.0175239) (5,5,0.0795775) (6,5,0.0357309) (7,5,0.0283075) (9,5,0.0358476) (11,5,0.0292408) (14,5,0.0397588) (16,5,0.0188814) (19,5,0.00124037) (0,6,0.0160722) (1,6,0.0161899) (2,6,0.0363614) (3,6,0.0376551) (4,6,0.0314531) (5,6,0.0357309) (6,6,0.0795775) (7,6,0.0377225) (17,6,0.0136355) (19,6,0.0163832) (0,7,0.0268144) (1,7,0.0269094) (2,7,0.0293348) (3,7,0.0397882) (4,7,0.0375706) (5,7,0.0283075) (6,7,0.0377225) (7,7,0.0795775) (12,7,0.0285799) (18,7,0.0279539) (0,8,0.000551672) (3,8,0.0288773) (8,8,0.0795775) (9,8,0.0353888) (10,8,0.0298961) (15,8,0.00144714) (0,9,0.0186761) (5,9,0.0358476) (8,9,0.0353888) (9,9,0.0795775) (11,9,0.0380534) (14,9,0.0364904) (16,9,0.0322088) (19,9,0.0183746) (1,10,0.0265721) (3,10,0.00363508) (8,10,0.0298961) (10,10,0.0795775) (11,10,0.039738) (12,10,0.0303146) (15,10,0.0273258) (1,11,0.0280328) (5,11,0.0292408) (9,11,0.0380534) (10,11,0.039738) (11,11,0.0795775) (12,11,0.0289753) (14,11,0.0302656) (16,11,0.0376279) (19,11,0.0278821) (1,12,0.00106285) (7,12,0.0285799) (10,12,0.0303146) (11,12,0.0289753) (12,12,0.0795775) (18,12,0.0397788) (2,13,-0.000136539) (4,13,0.0351051) (13,13,0.0795775) (14,13,-0.00289525) (15,13,0.0397729) (16,13,0.0356455) (17,13,0.0285282) (18,13,0.0018532) (2,14,-0.0396731) (5,14,0.0397588) (9,14,0.0364904) (11,14,0.0302656) (13,14,-0.00289525) (14,14,0.0795775) (16,14,0.0202258) (19,14,0.00278226) (3,15,-0.026304) (4,15,0.0345625) (8,15,0.00144714) (10,15,0.0273258) (13,15,0.0397729) (15,15,0.0795775) (16,15,0.0361302) (17,15,0.0292996) (18,15,0.00297425) (4,16,0.0231279) (5,16,0.0188814) (9,16,0.0322088) (11,16,0.0376279) (13,16,0.0356455) (14,16,0.0202258) (15,16,0.0361302) (16,16,0.0795775) (17,16,0.0378812) (18,16,0.01932) (19,16,0.035595) (4,17,0.0121144) (6,17,0.0136355) (13,17,0.0285282) (15,17,0.0292996) (16,17,0.0378812) (17,17,0.0795775) (18,17,0.0290346) (19,17,-0.0284491) (4,18,-0.0170736) (7,18,0.0279539) (12,18,0.0397788) (13,18,0.0018532) (15,18,0.00297425) (16,18,0.01932) (17,18,0.0290346) (18,18,0.0795775) (5,19,0.00124037) (6,19,0.0163832) (9,19,0.0183746) (11,19,0.0278821) (14,19,0.00278226) (16,19,0.035595) (17,19,-0.0284491) (19,19,0.0795775) 
Minv:
size: 27 27
(0,0,0.0397887) (1,1,0.0397887) (2,2,0.0795775) (3,3,0.0397887) (4,4,0.0397887) (5,5,0.0795775) (6,6,0.0397887) (7,7,0.0397887) (8,8,0.0795775) (9,9,0.0397887) (10,10,0.0397887) (11,11,0.0795775) (12,12,0.0397887) (13,13,0.0397887) (14,14,0.0795775) (15,15,0.0397887) (16,16,0.0397887) (17,17,0.0795775) (18,18,0.0397887) (19,19,0.0397887) (20,20,0.0795775) (21,21,0.0397887) (22,22,0.0397887) (23,23,0.0795775) (24,24,0.0397887) (25,25,0.0397887) (26,26,0.0795775) 
v0:
size: 27 1
(0,0,0.489433) (1,0,0.837773) (2,0,0) (3,0,-0.558651) (4,0,-0.148837) (5,0,0) (6,0,0.562921) (7,0,0.436958) (8,0,0) (9,0,-0.497257) (10,0,-0.435419) (11,0,0) (12,0,-0.817485) (13,0,0.302347) (14,0,0) (15,0,0.649765) (16,0,-0.441132) (17,0,0) (18,0,-0.788021) (19,0,-0.139908) (20,0,0) (21,0,0.416) (22,0,-0.160116) (23,0,0) (24,0,0.156815) (25,0,0.258277) (26,0,0) 
ipopt_sol:
size: 20 1
(0,0,16.5802) (1,0,8.84801e-08) (2,0,26.1775) (3,0,23.1306) (4,0,1.93035e-07) (5,0,1.7194e-06) (6,0,7.10372e-08) (7,0,6.91418e-08) (8,0,1.23309e-07) (9,0,1.00342e-07) (10,0,16.5501) (11,0,2.33295e-07) (12,0,7.8815e-07) (13,0,8.88639e-08) (14,0,18.9154) (15,0,18.2467) (16,0,7.46584) (17,0,2.20124e-07) (18,0,10.536) (19,0,3.37441e-07) 
policy_sol:
size: 20 1
(0,0,16.5802) (1,0,0) (2,0,26.1775) (3,0,23.1306) (4,0,0) (5,0,0) (6,0,0) (7,0,0) (8,0,0) (9,0,0) (10,0,16.5501) (11,0,0) (12,0,0) (13,0,0) (14,0,18.9154) (15,0,18.2467) (16,0,7.46584) (17,0,0) (18,0,10.536) (19,0,0) 

policy_converges:
1
ipopt_converges:
0
