Git Revision:     18345a57b34405566a64d0bf3d2a118f1cdbade3
Build Mode:       Debug
C Compiler:       /usr/bin/cc
C++ Compiler:     /usr/bin/c++
Fortran Compiler: gfortran
Body count: 9
No end time specified. Simulation will run indefinitely.
N:
size: 27 15
(0,0,-0.0319888) (1,0,-0.999488) (3,0,0.0319888) (4,0,0.999488) (0,1,-0.000284459) (1,1,-1) (6,1,0.000284459) (7,1,1) (3,2,0.0308579) (4,2,-0.999524) (6,2,-0.0308579) (7,2,0.999524) (3,3,-0.724225) (4,3,0.689563) (9,3,0.724225) (10,3,-0.689563) (3,4,-0.999983) (4,4,0.00577395) (12,4,0.999983) (13,4,-0.00577395) (3,5,-0.691916) (4,5,-0.721978) (15,5,0.691916) (16,5,0.721978) (6,6,-0.466625) (7,6,0.884455) (9,6,0.466625) (10,6,-0.884455) (6,7,-0.694754) (7,7,0.719247) (12,7,0.694754) (13,7,-0.719247) (6,8,-0.999916) (7,8,-0.012964) (15,8,0.999916) (16,8,0.012964) (6,9,-0.697878) (7,9,0.716216) (18,9,0.697878) (19,9,-0.716216) (6,10,-0.889181) (7,10,0.457555) (21,10,0.889181) (22,10,-0.457555) (6,11,-0.999763) (7,11,0.0217559) (24,11,0.999763) (25,11,-0.0217559) (9,12,-0.453399) (10,12,-0.891308) (24,12,0.453399) (25,12,0.891308) (12,13,-0.0299228) (13,13,-0.999552) (15,13,0.0299228) (16,13,0.999552) (21,14,-0.0644275) (22,14,-0.997922) (24,14,0.0644275) (25,14,0.997922) 
Q:
size: 15 15
(0,0,0.0795775) (1,0,0.0397687) (2,0,-0.0397102) (3,0,0.026501) (4,0,-0.00104315) (5,0,-0.0295926) (0,1,0.0397687) (1,1,0.0795775) (2,1,0.0397694) (6,1,0.0351861) (7,1,0.0286101) (8,1,-0.000527139) (9,1,0.0284894) (10,1,0.0181955) (11,1,0.000854325) (0,2,-0.0397102) (1,2,0.0397694) (2,2,0.0795775) (3,2,-0.028313) (4,2,-0.0014574) (5,2,0.0278634) (6,2,0.0357475) (7,2,0.0294573) (8,2,0.000712116) (9,2,0.0293406) (10,2,0.0192886) (11,2,0.00209273) (0,3,0.026501) (2,3,-0.028313) (3,3,0.0795775) (4,3,0.0289739) (5,3,0.000129427) (6,3,0.0377129) (12,3,0.0113895) (0,4,-0.00104315) (2,4,-0.0014574) (3,4,0.0289739) (4,4,0.0795775) (5,4,0.0273641) (7,4,0.0278082) (13,4,-0.000960935) (0,5,-0.0295926) (2,5,0.0278634) (3,5,0.000129427) (4,5,0.0273641) (5,5,0.0795775) (8,5,0.0279005) (13,5,0.0295375) (1,6,0.0351861) (2,6,0.0357475) (3,6,0.0377129) (6,6,0.0795775) (7,6,0.0382104) (8,6,0.0181086) (9,6,0.0381617) (10,6,0.0326109) (11,6,0.0193276) (12,6,0.0229483) (1,7,0.0286101) (2,7,0.0294573) (4,7,0.0278082) (6,7,0.0382104) (7,7,0.0795775) (8,7,0.0272701) (9,7,0.0397884) (10,7,0.0376743) (11,7,0.0282595) (13,7,0.0277779) (1,8,-0.000527139) (2,8,0.000712116) (5,8,0.0279005) (6,8,0.0181086) (7,8,0.0272701) (8,8,0.0795775) (9,8,0.0273959) (10,8,0.0351404) (11,8,0.0397648) (13,8,0.00170608) (1,9,0.0284894) (2,9,0.0293406) (6,9,0.0381617) (7,9,0.0397884) (8,9,0.0273959) (9,9,0.0795775) (10,9,0.0377296) (11,9,0.0283811) (1,10,0.0181955) (2,10,0.0192886) (6,10,0.0326109) (7,10,0.0376743) (8,10,0.0351404) (9,10,0.0377296) (10,10,0.0795775) (11,10,0.0357671) (14,10,0.0158883) (1,11,0.000854325) (2,11,0.00209273) (6,11,0.0193276) (7,11,0.0282595) (8,11,0.0397648) (9,11,0.0283811) (10,11,0.0357671) (11,11,0.0795775) (12,11,0.0172643) (14,11,0.00169904) (3,12,0.0113895) (6,12,0.0229483) (11,12,0.0172643) (12,12,0.0795775) (14,12,0.0365526) (4,13,-0.000960935) (5,13,0.0295375) (7,13,0.0277779) (8,13,0.00170608) (13,13,0.0795775) (10,14,0.0158883) (11,14,0.00169904) (12,14,0.0365526) (14,14,0.0795775) 
Minv:
size: 27 27
(0,0,0.0397887) (1,1,0.0397887) (2,2,0.0795775) (3,3,0.0397887) (4,4,0.0397887) (5,5,0.0795775) (6,6,0.0397887) (7,7,0.0397887) (8,8,0.0795775) (9,9,0.0397887) (10,10,0.0397887) (11,11,0.0795775) (12,12,0.0397887) (13,13,0.0397887) (14,14,0.0795775) (15,15,0.0397887) (16,16,0.0397887) (17,17,0.0795775) (18,18,0.0397887) (19,19,0.0397887) (20,20,0.0795775) (21,21,0.0397887) (22,22,0.0397887) (23,23,0.0795775) (24,24,0.0397887) (25,25,0.0397887) (26,26,0.0795775) 
v0:
size: 27 1
(0,0,-0.924787) (1,0,0.975818) (2,0,0) (3,0,-0.327199) (4,0,0.647733) (5,0,0) (6,0,0.682189) (7,0,-0.350598) (8,0,0) (9,0,-0.834161) (10,0,0.631044) (11,0,0) (12,0,-0.71719) (13,0,0.98798) (14,0,0) (15,0,-0.834288) (16,0,0.966716) (17,0,0) (18,0,-0.631701) (19,0,-0.509888) (20,0,0) (21,0,0.162755) (22,0,0.950291) (23,0,0) (24,0,0.444479) (25,0,-0.186983) (26,0,0) 
ipopt_sol:
size: 15 1
(0,0,5.38121e-06) (1,0,17.6283) (2,0,8.72659) (3,0,10.5633) (4,0,2.99818e-07) (5,0,1.08617e-07) (6,0,3.12271) (7,0,28.1924) (8,0,27.3477) (9,0,6.95581e-08) (10,0,8.61196e-08) (11,0,4.89128e-08) (12,0,8.89072e-08) (13,0,1.0651e-07) (14,0,28.0673) 
policy_sol:
size: 15 1
(0,0,0) (1,0,17.6283) (2,0,8.72658) (3,0,10.5633) (4,0,0) (5,0,0) (6,0,3.12271) (7,0,28.1924) (8,0,27.3477) (9,0,0) (10,0,0) (11,0,0) (12,0,0) (13,0,0) (14,0,28.0673) 

policy_converges:
1
ipopt_converges:
0
