solve status: 0
N:
size: 27 20
(0,0,-0.699219) (1,0,-0.714907) (24,0,0.699219) (25,0,0.714907) (3,1,-0.999959) (4,1,0.00902731) (12,1,0.999959) (13,1,-0.00902731) (3,2,-0.714217) (4,2,-0.699924) (15,2,0.714217) (16,2,0.699924) (3,3,-0.999735) (4,3,0.0230317) (21,3,0.999735) (22,3,-0.0230317) (3,4,-0.893568) (4,4,-0.448927) (24,4,0.893568) (25,4,0.448927) (6,5,-0.689645) (7,5,0.724147) (12,5,0.689645) (13,5,-0.724147) (6,6,-0.998007) (7,6,0.0631034) (15,6,0.998007) (16,6,-0.0631034) (6,7,-0.879565) (7,7,0.475779) (21,7,0.879565) (22,7,-0.475779) (6,8,-1) (7,8,-0.000411779) (24,8,1) (25,8,0.000411779) (9,9,-0.00247361) (10,9,-0.999997) (15,9,0.00247361) (16,9,0.999997) (9,10,-0.997966) (10,10,0.0637463) (18,10,0.997966) (19,10,-0.0637463) (9,11,-0.752399) (10,11,-0.658708) (21,11,0.752399) (22,11,0.658708) (9,12,-0.469384) (10,12,-0.882994) (24,12,0.469384) (25,12,0.882994) (12,13,0.0541801) (13,13,-0.998531) (15,13,-0.0541801) (16,13,0.998531) (12,14,-0.695896) (13,14,-0.718142) (24,14,0.695896) (25,14,0.718142) (15,15,-0.462992) (16,15,0.886362) (18,15,0.462992) (19,15,-0.886362) (15,16,-0.719497) (16,16,0.694495) (21,16,0.719497) (22,16,-0.694495) (15,17,-0.998403) (16,17,-0.0564968) (24,17,0.998403) (25,17,0.0564968) (18,18,-0.00474026) (19,18,-0.999989) (24,18,0.00474026) (25,18,0.999989) (21,19,-0.00619243) (22,19,-0.999981) (24,19,0.00619243) (25,19,0.999981) 
Q:
size: 20 20
(0,0,0.0795775) (4,0,0.0376299) (8,0,0.0278328) (12,0,0.0381757) (14,0,0.0397883) (17,0,0.0293837) (18,0,0.0285768) (19,0,0.028617) (1,1,0.0795775) (2,1,0.0281652) (3,1,0.0397848) (4,1,0.0353913) (5,1,0.0276991) (13,1,0.00251433) (14,1,-0.0274298) (1,2,0.0281652) (2,2,0.0795775) (3,2,0.0277689) (4,2,0.0378955) (6,2,0.0266038) (9,2,0.0279193) (13,2,0.0262685) (15,2,0.0115272) (16,2,-0.00110546) (17,2,-0.0299458) (1,3,0.0397848) (2,3,0.0277689) (3,3,0.0795775) (4,3,0.0351331) (7,3,0.0354235) (11,3,0.0293254) (16,3,0.0292567) (19,3,0.000670059) (0,4,0.0376299) (1,4,0.0353913) (2,4,0.0378955) (3,4,0.0351331) (4,4,0.0795775) (8,4,0.0355613) (12,4,0.0324607) (14,4,0.0375695) (17,4,0.0365063) (18,4,0.0180306) (19,4,0.0180821) (1,5,0.0276991) (5,5,0.0795775) (6,5,0.0292036) (7,5,0.0378439) (8,5,0.0274282) (13,5,0.0302573) (14,5,0.00159631) (2,6,0.0266038) (5,6,0.0292036) (6,6,0.0795775) (7,6,0.0361216) (8,6,0.0397084) (9,6,-0.00241257) (13,6,-0.00465858) (15,6,-0.0206107) (16,6,-0.0303146) (17,6,-0.0395042) (3,7,0.0354235) (5,7,0.0378439) (6,7,0.0361216) (7,7,0.0795775) (8,7,0.034989) (11,7,0.0138618) (16,7,0.0383273) (19,7,0.0187136) (0,8,0.0278328) (4,8,0.0355613) (5,8,0.0274282) (6,8,0.0397084) (7,8,0.034989) (8,8,0.0795775) (12,8,0.0186907) (14,8,0.0277006) (17,8,0.0397261) (18,8,0.000204993) (19,8,0.000262773) (2,9,0.0279193) (6,9,-0.00241257) (9,9,0.0795775) (10,9,-0.00243815) (11,9,0.0262831) (12,9,0.0351793) (13,9,0.0397248) (15,9,0.0352216) (16,9,0.0275622) (17,9,-0.00234619) (9,10,-0.00243815) (10,10,0.0795775) (11,10,0.0282054) (12,10,0.0163986) (15,10,0.0206326) (18,10,0.00234813) (3,11,0.0293254) (7,11,0.0138618) (9,11,0.0262831) (10,11,0.0282054) (11,11,0.0795775) (12,11,0.0371945) (16,11,0.00333744) (19,11,-0.026394) (0,12,0.0381757) (4,12,0.0324607) (8,12,0.0186907) (9,12,0.0351793) (10,12,0.0163986) (11,12,0.0371945) (12,12,0.0795775) (14,12,0.0382273) (17,12,0.0206313) (18,12,0.0352214) (19,12,0.0352482) (1,13,0.00251433) (2,13,0.0262685) (5,13,0.0302573) (6,13,-0.00465858) (9,13,0.0397248) (13,13,0.0795775) (14,13,0.0270318) (15,13,0.0362135) (16,13,0.0291436) (17,13,-9.23194e-05) (0,14,0.0397883) (1,14,-0.0274298) (4,14,0.0375695) (5,14,0.00159631) (8,14,0.0277006) (12,14,0.0382273) (13,14,0.0270318) (14,14,0.0795775) (17,14,0.0292589) (18,14,0.0287049) (19,14,0.0287449) (2,15,0.0115272) (6,15,-0.0206107) (9,15,0.0352216) (10,15,0.0206326) (13,15,0.0362135) (15,15,0.0795775) (16,15,0.0377474) (17,15,0.0164) (18,15,0.0351795) (2,16,-0.00110546) (3,16,0.0292567) (6,16,-0.0303146) (7,16,0.0383273) (9,16,0.0275622) (11,16,0.00333744) (13,16,0.0291436) (15,16,0.0377474) (16,16,0.0795775) (17,16,0.027021) (19,16,0.0274553) (0,17,0.0293837) (2,17,-0.0299458) (4,17,0.0365063) (6,17,-0.0395042) (8,17,0.0397261) (9,17,-0.00234619) (12,17,0.0206313) (13,17,-9.23194e-05) (14,17,0.0292589) (15,17,0.0164) (16,17,0.027021) (17,17,0.0795775) (18,17,0.00243622) (19,17,0.00249389) (0,18,0.0285768) (4,18,0.0180306) (8,18,0.000204993) (10,18,0.00234813) (12,18,0.0352214) (14,18,0.0287049) (15,18,0.0351795) (17,18,0.00243622) (18,18,0.0795775) (19,18,0.0397887) (0,19,0.028617) (3,19,0.000670059) (4,19,0.0180821) (7,19,0.0187136) (8,19,0.000262773) (11,19,-0.026394) (12,19,0.0352482) (14,19,0.0287449) (16,19,0.0274553) (17,19,0.00249389) (18,19,0.0397887) (19,19,0.0795775) 
Minv:
size: 27 27
(0,0,0.0397887) (1,1,0.0397887) (2,2,0.0795775) (3,3,0.0397887) (4,4,0.0397887) (5,5,0.0795775) (6,6,0.0397887) (7,7,0.0397887) (8,8,0.0795775) (9,9,0.0397887) (10,10,0.0397887) (11,11,0.0795775) (12,12,0.0397887) (13,13,0.0397887) (14,14,0.0795775) (15,15,0.0397887) (16,16,0.0397887) (17,17,0.0795775) (18,18,0.0397887) (19,19,0.0397887) (20,20,0.0795775) (21,21,0.0397887) (22,22,0.0397887) (23,23,0.0795775) (24,24,0.0397887) (25,25,0.0397887) (26,26,0.0795775) 
v0:
size: 27 1
(0,0,-0.87668) (1,0,-0.630656) (2,0,0) (3,0,-0.48885) (4,0,0.0827837) (5,0,0) (6,0,0.304349) (7,0,0.965245) (8,0,0) (9,0,0.507893) (10,0,-0.301862) (11,0,0) (12,0,-0.584185) (13,0,0.424183) (14,0,0) (15,0,-0.282096) (16,0,-0.603297) (17,0,0) (18,0,-0.77588) (19,0,-0.670573) (20,0,0) (21,0,-0.579479) (22,0,-0.59286) (23,0,0) (24,0,-0.555603) (25,0,-0.977922) (26,0,0) 
ipopt_sol:
size: 20 1
(0,0,0) (1,0,4.28204) (2,0,0) (3,0,0) (4,0,0) (5,0,0) (6,0,5.51056) (7,0,0) (8,0,16.249) (9,0,0) (10,0,23.9682) (11,0,21.5557) (12,0,0) (13,0,23.8588) (14,0,7.43415) (15,0,0) (16,0,0) (17,0,0) (18,0,0) (19,0,14.0843) 
policy_sol:
size: 20 1
(0,0,0) (1,0,4.28204) (2,0,0) (3,0,0) (4,0,0) (5,0,0) (6,0,5.51056) (7,0,0) (8,0,16.249) (9,0,0) (10,0,23.9682) (11,0,21.5557) (12,0,0) (13,0,23.8588) (14,0,7.43415) (15,0,0) (16,0,0) (17,0,0) (18,0,0) (19,0,14.0843) 

policy_converges:
1
ipopt_converges:
0
