solve status: 0
N:
size: 27 16
(3,0,-0.00701432) (4,0,-0.999975) (6,0,0.00701432) (7,0,0.999975) (3,1,-0.99995) (4,1,0.00997902) (12,1,0.99995) (13,1,-0.00997902) (3,2,-0.712115) (4,2,-0.702063) (15,2,0.712115) (16,2,0.702063) (3,3,-0.999993) (4,3,-0.00373982) (21,3,0.999993) (22,3,0.00373982) (3,4,-0.885259) (4,4,-0.465098) (24,4,0.885259) (25,4,0.465098) (6,5,-0.725608) (7,5,0.688108) (12,5,0.725608) (13,5,-0.688108) (6,6,-0.906701) (7,6,0.421775) (21,6,0.906701) (22,6,-0.421775) (9,7,-0.698797) (10,7,-0.71532) (21,7,0.698797) (22,7,0.71532) (9,8,-0.42103) (10,8,-0.907047) (24,8,0.42103) (25,8,0.907047) (12,9,0.0515358) (13,9,-0.998671) (15,9,-0.0515358) (16,9,0.998671) (12,10,-0.999846) (13,10,-0.0175345) (21,10,0.999846) (22,10,0.0175345) (12,11,-0.675655) (13,11,-0.737218) (24,11,0.675655) (25,11,0.737218) (15,12,-0.746386) (16,12,0.665513) (21,12,0.746386) (22,12,-0.665513) (15,13,-0.996383) (16,13,-0.084979) (24,13,0.996383) (25,13,0.084979) (18,14,-0.0058178) (19,14,-0.999983) (24,14,0.0058178) (25,14,0.999983) (21,15,0.0472763) (22,15,-0.998882) (24,15,-0.0472763) (25,15,0.998882) 
Q:
size: 16 16
(0,0,0.0795775) (1,0,-0.000117966) (2,0,0.0281323) (3,0,0.000427888) (4,0,0.0187523) (5,0,0.0271758) (6,0,0.0165284) (0,1,-0.000117966) (1,1,0.0795775) (2,1,0.028054) (3,1,0.039785) (4,1,0.0350369) (5,1,0.0291428) (9,1,0.00244697) (10,1,-0.0397737) (11,1,-0.0265894) (0,2,0.0281323) (1,2,0.028054) (2,2,0.0795775) (3,2,0.0284384) (4,2,0.0380752) (9,2,0.0264369) (12,2,-0.00255764) (13,2,-0.0306055) (0,3,0.000427888) (1,3,0.039785) (2,3,0.0284384) (3,3,0.0795775) (4,3,0.0352923) (6,3,0.0360135) (7,3,0.0279105) (10,3,0.0397849) (12,3,0.0295985) (15,3,0.00173241) (0,4,0.0187523) (1,4,0.0350369) (2,4,0.0380752) (3,4,0.0352923) (4,4,0.0795775) (8,4,0.0316156) (11,4,0.0374415) (13,4,0.0366685) (14,4,0.0187103) (15,4,0.0168197) (0,5,0.0271758) (1,5,0.0291428) (5,5,0.0795775) (6,5,0.0377251) (9,5,0.0288305) (10,5,-0.0283865) (11,5,0.000677416) (0,6,0.0165284) (3,6,0.0360135) (5,6,0.0377251) (6,6,0.0795775) (7,6,0.0132057) (10,6,0.0357767) (12,6,0.0380955) (15,6,0.0184687) (3,7,0.0279105) (6,7,0.0132057) (7,7,0.0795775) (8,7,0.0375225) (10,7,0.028299) (12,7,0.00181111) (15,7,-0.0271154) (4,8,0.0316156) (7,8,0.0375225) (8,8,0.0795775) (11,8,0.0379251) (13,8,0.0197586) (14,8,0.0361871) (15,8,0.0352579) (1,9,0.00244697) (2,9,0.0264369) (5,9,0.0288305) (9,9,0.0795775) (10,9,-0.00135348) (11,9,0.0279085) (12,9,0.0279752) (13,9,-0.00133359) (1,10,-0.0397737) (3,10,0.0397849) (5,10,-0.0283865) (6,10,0.0357767) (7,10,0.028299) (9,10,-0.00135348) (10,10,0.0795775) (11,10,0.0273937) (12,10,0.0292289) (15,10,0.00118388) (1,11,-0.0265894) (4,11,0.0374415) (5,11,0.000677416) (8,11,0.0379251) (9,11,0.0279085) (10,11,0.0273937) (11,11,0.0795775) (13,11,0.0292789) (14,11,0.0294889) (15,11,0.0280292) (2,12,-0.00255764) (3,12,0.0295985) (6,12,0.0380955) (7,12,0.00181111) (9,12,0.0279752) (10,12,0.0292289) (12,12,0.0795775) (13,12,0.0273401) (15,12,0.0278543) (2,13,-0.0306055) (4,13,0.0366685) (8,13,0.0197586) (9,13,-0.00133359) (11,13,0.0292789) (12,13,0.0273401) (13,13,0.0795775) (14,13,0.0036118) (15,13,0.00150317) (4,14,0.0187103) (8,14,0.0361871) (11,14,0.0294889) (13,14,0.0036118) (14,14,0.0795775) (15,14,0.0397326) (3,15,0.00173241) (4,15,0.0168197) (6,15,0.0184687) (7,15,-0.0271154) (8,15,0.0352579) (10,15,0.00118388) (11,15,0.0280292) (12,15,0.0278543) (13,15,0.00150317) (14,15,0.0397326) (15,15,0.0795775) 
Minv:
size: 27 27
(0,0,0.0397887) (1,1,0.0397887) (2,2,0.0795775) (3,3,0.0397887) (4,4,0.0397887) (5,5,0.0795775) (6,6,0.0397887) (7,7,0.0397887) (8,8,0.0795775) (9,9,0.0397887) (10,10,0.0397887) (11,11,0.0795775) (12,12,0.0397887) (13,13,0.0397887) (14,14,0.0795775) (15,15,0.0397887) (16,16,0.0397887) (17,17,0.0795775) (18,18,0.0397887) (19,19,0.0397887) (20,20,0.0795775) (21,21,0.0397887) (22,22,0.0397887) (23,23,0.0795775) (24,24,0.0397887) (25,25,0.0397887) (26,26,0.0795775) 
v0:
size: 27 1
(0,0,-0.930829) (1,0,-0.640123) (2,0,0) (3,0,0.830616) (4,0,0.913066) (5,0,0) (6,0,-0.942721) (7,0,-0.503217) (8,0,0) (9,0,-0.254988) (10,0,-0.242282) (11,0,0) (12,0,-0.747044) (13,0,0.866291) (14,0,0) (15,0,0.602227) (16,0,0.915216) (17,0,0) (18,0,0.863417) (19,0,0.0499583) (20,0,0) (21,0,-0.8874) (22,0,0.327662) (23,0,0) (24,0,0.283543) (25,0,-0.855857) (26,0,0) 
ipopt_sol:
size: 16 1
(0,0,35.9919) (1,0,57.3918) (2,0,0) (3,0,0) (4,0,0) (5,0,0) (6,0,0) (7,0,0) (8,0,0) (9,0,0) (10,0,28.5818) (11,0,10.2227) (12,0,0) (13,0,7.23991) (14,0,7.03605) (15,0,23.4274) 
policy_sol:
size: 16 1
(0,0,35.9919) (1,0,57.3918) (2,0,0) (3,0,0) (4,0,0) (5,0,0) (6,0,0) (7,0,0) (8,0,0) (9,0,0) (10,0,28.5818) (11,0,10.2227) (12,0,0) (13,0,7.23991) (14,0,7.03605) (15,0,23.4274) 

policy_converges:
1
ipopt_converges:
0
