solve status: 0
N:
size: 27 10
(0,0,-0.998786) (1,0,-0.0492536) (9,0,0.998786) (10,0,0.0492536) (0,1,-0.705027) (1,1,-0.709181) (12,1,0.705027) (13,1,0.709181) (0,2,-0.999864) (1,2,-0.0164676) (18,2,0.999864) (19,2,0.0164676) (0,3,-0.886174) (1,3,-0.463352) (21,3,0.886174) (22,3,0.463352) (3,4,-0.999994) (4,4,0.00341413) (12,4,0.999994) (13,4,-0.00341413) (6,5,-0.725146) (7,5,0.688595) (12,5,0.725146) (13,5,-0.688595) (6,6,-0.999787) (7,6,-0.0206272) (15,6,0.999787) (16,6,0.0206272) (9,7,-0.999891) (10,7,0.0147328) (18,7,0.999891) (19,7,-0.0147328) (9,8,-0.726286) (10,8,-0.687392) (21,8,0.726286) (22,8,0.687392) (18,9,-0.0608418) (19,9,-0.998147) (21,9,0.0608418) (22,9,0.998147) 
Q:
size: 10 10
(0,0,0.0795775) (1,0,0.0294079) (2,0,0.0397673) (3,0,0.036125) (7,0,-0.0397073) (8,0,-0.03021) (0,1,0.0294079) (1,1,0.0795775) (2,1,0.028513) (3,1,0.0379337) (4,1,0.0279556) (5,1,0.000911524) (0,2,0.0397673) (1,2,0.028513) (2,2,0.0795775) (3,2,0.0355586) (7,2,0.0397694) (9,2,-0.0030745) (0,3,0.036125) (1,3,0.0379337) (2,3,0.0355586) (3,3,0.0795775) (8,3,0.0382816) (9,3,0.0205473) (1,4,0.0279556) (4,4,0.0795775) (5,4,0.028946) (1,5,0.000911524) (4,5,0.028946) (5,5,0.0795775) (6,5,0.0282813) (5,6,0.0282813) (6,6,0.0795775) (0,7,-0.0397073) (2,7,0.0397694) (7,7,0.0795775) (8,7,0.0284919) (9,7,-0.00183544) (0,8,-0.03021) (3,8,0.0382816) (7,8,0.0284919) (8,8,0.0795775) (9,8,0.029058) (2,9,-0.0030745) (3,9,0.0205473) (7,9,-0.00183544) (8,9,0.029058) (9,9,0.0795775) 
Minv:
size: 27 27
(0,0,0.0397887) (1,1,0.0397887) (2,2,0.0795775) (3,3,0.0397887) (4,4,0.0397887) (5,5,0.0795775) (6,6,0.0397887) (7,7,0.0397887) (8,8,0.0795775) (9,9,0.0397887) (10,10,0.0397887) (11,11,0.0795775) (12,12,0.0397887) (13,13,0.0397887) (14,14,0.0795775) (15,15,0.0397887) (16,16,0.0397887) (17,17,0.0795775) (18,18,0.0397887) (19,19,0.0397887) (20,20,0.0795775) (21,21,0.0397887) (22,22,0.0397887) (23,23,0.0795775) (24,24,0.0397887) (25,25,0.0397887) (26,26,0.0795775) 
v0:
size: 27 1
(0,0,0.850204) (1,0,-0.835452) (2,0,0) (3,0,0.158567) (4,0,-0.502171) (5,0,0) (6,0,-0.290297) (7,0,0.0745225) (8,0,0) (9,0,0.787202) (10,0,0.135701) (11,0,0) (12,0,-0.711424) (13,0,0.224948) (14,0,0) (15,0,-0.549348) (16,0,0.536834) (17,0,0) (18,0,0.722211) (19,0,-0.408906) (20,0,0) (21,0,0.465931) (22,0,-0.461912) (23,0,0) (24,0,0.18714) (25,0,0.551855) (26,0,0) 
ipopt_sol:
size: 10 1
(0,0,7.6238) (1,0,0) (2,0,0) (3,0,0) (4,0,21.8912) (5,0,0.0999347) (6,0,6.2341) (7,0,0) (8,0,19.083) (9,0,0) 
policy_sol:
size: 10 1
(0,0,7.6238) (1,0,0) (2,0,0) (3,0,0) (4,0,21.8912) (5,0,0.0999347) (6,0,6.2341) (7,0,0) (8,0,19.083) (9,0,0) 

policy_converges:
1
ipopt_converges:
0
