solve status: 0
N:
size: 27 17
(0,0,-0.999172) (1,0,0.0406826) (9,0,0.999172) (10,0,-0.0406826) (0,1,-0.717692) (1,1,-0.69636) (12,1,0.717692) (13,1,0.69636) (0,2,-0.999825) (1,2,-0.0186819) (18,2,0.999825) (19,2,0.0186819) (0,3,-0.894688) (1,3,-0.446692) (21,3,0.894688) (22,3,0.446692) (0,4,-0.709041) (1,4,-0.705167) (24,4,0.709041) (25,4,0.705167) (3,5,0.00441948) (4,5,-0.99999) (6,5,-0.00441948) (7,5,0.99999) (3,6,-0.904502) (4,6,-0.42647) (24,6,0.904502) (25,6,0.42647) (6,7,-0.999697) (7,7,0.0246276) (24,7,0.999697) (25,7,-0.0246276) (9,8,-0.0807903) (10,8,-0.996731) (12,8,0.0807903) (13,8,0.996731) (9,9,-0.99731) (10,9,-0.0732968) (18,9,0.99731) (19,9,0.0732968) (9,10,-0.714381) (10,10,-0.699757) (21,10,0.714381) (22,10,0.699757) (9,11,-0.472681) (10,11,-0.881234) (24,11,0.472681) (25,11,0.881234) (12,12,-0.699053) (13,12,0.71507) (18,12,0.699053) (19,12,-0.71507) (12,13,-0.999992) (13,13,-0.0039225) (21,13,0.999992) (22,13,0.0039225) (12,14,-0.700589) (13,14,-0.713565) (24,14,0.700589) (25,14,0.713565) (15,15,-0.698483) (16,15,0.715627) (21,15,0.698483) (22,15,-0.715627) (15,16,-0.999479) (16,16,0.0322683) (24,16,0.999479) (25,16,-0.0322683) 
Q:
size: 17 17
(0,0,0.0795775) (1,0,0.0274052) (2,0,0.0397186) (3,0,0.034846) (4,0,0.027047) (8,0,-0.00159846) (9,0,-0.0395302) (10,0,-0.0272681) (11,0,-0.0173653) (0,1,0.0274052) (1,1,0.0795775) (2,1,0.0290687) (3,1,0.0379254) (4,1,0.0397857) (8,1,0.0299238) (12,1,-0.00014953) (13,1,-0.0286645) (14,1,-0.039777) (0,2,0.0397186) (1,2,0.0290687) (2,2,0.0795775) (3,2,0.0359243) (4,2,0.0287311) (9,2,0.0397293) (12,2,0.027278) (0,3,0.034846) (1,3,0.0379254) (2,3,0.0359243) (3,3,0.0795775) (4,3,0.037774) (10,3,0.0378679) (13,3,0.0356679) (15,3,0.0121459) (0,4,0.027047) (1,4,0.0397857) (2,4,0.0287311) (3,4,0.037774) (4,4,0.0795775) (6,4,0.0374834) (7,4,0.0275123) (11,4,0.0380606) (14,4,0.0397859) (16,4,0.0272918) (5,5,0.0795775) (6,5,0.0168095) (7,5,0.00115568) (4,6,0.0374834) (5,6,0.0168095) (6,6,0.0795775) (7,6,0.0355602) (11,6,0.0319647) (14,6,0.0373218) (16,6,0.0354227) (4,7,0.0275123) (5,7,0.00115568) (6,7,0.0355602) (7,7,0.0795775) (11,7,0.0179381) (14,7,0.0271679) (16,7,0.0397876) (0,8,-0.00159846) (1,8,0.0299238) (8,8,0.0795775) (9,8,0.00611275) (10,8,0.0300478) (11,8,0.036468) (12,8,0.0261116) (13,8,-0.00337008) (14,8,-0.0305511) (0,9,-0.0395302) (2,9,0.0397293) (8,9,0.00611275) (9,9,0.0795775) (10,9,0.0303886) (11,9,0.0213268) (12,9,0.0256542) (0,10,-0.0272681) (3,10,0.0378679) (8,10,0.0300478) (9,10,0.0303886) (10,10,0.0795775) (11,10,0.0379713) (13,10,0.0285333) (15,10,-7.08844e-05) (0,11,-0.0173653) (4,11,0.0380606) (6,11,0.0319647) (7,11,0.0179381) (8,11,0.036468) (9,11,0.0213268) (10,11,0.0379713) (11,11,0.0795775) (14,11,0.0381961) (16,11,0.0176661) (1,12,-0.00014953) (2,12,0.027278) (8,12,0.0261116) (9,12,0.0256542) (12,12,0.0795775) (13,12,0.0277026) (14,12,-0.000815689) (1,13,-0.0286645) (3,13,0.0356679) (8,13,-0.00337008) (10,13,0.0285333) (12,13,0.0277026) (13,13,0.0795775) (14,13,0.0279867) (15,13,0.0276799) (1,14,-0.039777) (4,14,0.0397859) (6,14,0.0373218) (7,14,0.0271679) (8,14,-0.0305511) (11,14,0.0381961) (12,14,-0.000815689) (13,14,0.0279867) (14,14,0.0795775) (16,14,0.0269449) (3,15,0.0121459) (10,15,-7.08844e-05) (13,15,0.0276799) (15,15,0.0795775) (16,15,0.0286961) (4,16,0.0272918) (6,16,0.0354227) (7,16,0.0397876) (11,16,0.0176661) (14,16,0.0269449) (15,16,0.0286961) (16,16,0.0795775) 
Minv:
size: 27 27
(0,0,0.0397887) (1,1,0.0397887) (2,2,0.0795775) (3,3,0.0397887) (4,4,0.0397887) (5,5,0.0795775) (6,6,0.0397887) (7,7,0.0397887) (8,8,0.0795775) (9,9,0.0397887) (10,10,0.0397887) (11,11,0.0795775) (12,12,0.0397887) (13,13,0.0397887) (14,14,0.0795775) (15,15,0.0397887) (16,16,0.0397887) (17,17,0.0795775) (18,18,0.0397887) (19,19,0.0397887) (20,20,0.0795775) (21,21,0.0397887) (22,22,0.0397887) (23,23,0.0795775) (24,24,0.0397887) (25,25,0.0397887) (26,26,0.0795775) 
v0:
size: 27 1
(0,0,0.671276) (1,0,-0.269686) (2,0,0) (3,0,-0.705193) (4,0,0.859961) (5,0,0) (6,0,-0.616299) (7,0,0.41337) (8,0,0) (9,0,0.2822) (10,0,0.432173) (11,0,0) (12,0,0.104315) (13,0,-0.159775) (14,0,0) (15,0,0.840813) (16,0,0.613857) (17,0,0) (18,0,-0.675885) (19,0,-0.46907) (20,0,0) (21,0,0.022449) (22,0,0.149259) (23,0,0) (24,0,-0.639204) (25,0,0.37824) (26,0,0) 
ipopt_sol:
size: 17 1
(0,0,30.5479) (1,0,0) (2,0,0) (3,0,0) (4,0,0) (5,0,11.2338) (6,0,0) (7,0,0) (8,0,12.8503) (9,0,39.8624) (10,0,0) (11,0,0) (12,0,0) (13,0,2.57124) (14,0,0) (15,0,0) (16,0,36.9864) 
policy_sol:
size: 17 1
(0,0,30.5479) (1,0,0) (2,0,0) (3,0,0) (4,0,0) (5,0,11.2338) (6,0,0) (7,0,0) (8,0,12.8503) (9,0,39.8624) (10,0,0) (11,0,0) (12,0,0) (13,0,2.57124) (14,0,0) (15,0,0) (16,0,36.9864) 

policy_converges:
1
ipopt_converges:
0
