Git Revision:     3cfe7dc3fe6810e9e399640d632720aa3564fe80
Build Mode:       Debug
C Compiler:       /usr/bin/cc
C++ Compiler:     /usr/bin/c++
Fortran Compiler: gfortran
Body count: 9
No end time specified. Simulation will run indefinitely.
N:
size: 27 20
(0,0,-0.00736946) (1,0,-0.999973) (3,0,0.00736946) (4,0,0.999973) (0,1,-0.0289256) (1,1,-0.999582) (6,1,0.0289256) (7,1,0.999582) (0,2,-0.999432) (1,2,0.0336899) (9,2,0.999432) (10,2,-0.0336899) (0,3,-0.740792) (1,3,-0.671735) (12,3,0.740792) (13,3,0.671735) (0,4,-0.472621) (1,4,-0.881266) (15,4,0.472621) (16,4,0.881266) (0,5,-0.999956) (1,5,0.00937949) (18,5,0.999956) (19,5,-0.00937949) (0,6,-0.899682) (1,6,-0.436545) (21,6,0.899682) (22,6,0.436545) (0,7,-0.723984) (1,7,-0.689817) (24,7,0.723984) (25,7,0.689817) (3,8,-0.0512952) (4,8,-0.998684) (6,8,0.0512952) (7,8,0.998684) (3,9,-0.999821) (4,9,0.0189349) (21,9,0.999821) (22,9,-0.0189349) (6,10,-0.88775) (7,10,0.460325) (21,10,0.88775) (22,10,-0.460325) (12,11,0.0280136) (13,11,-0.999608) (15,11,-0.0280136) (16,11,0.999608) (12,12,-0.701015) (13,12,0.713146) (18,12,0.701015) (19,12,-0.713146) (12,13,-0.999949) (13,13,-0.0101134) (21,13,0.999949) (22,13,0.0101134) (12,14,-0.706058) (13,14,-0.708154) (24,14,0.706058) (25,14,0.708154) (15,15,-0.453799) (16,15,0.891104) (18,15,0.453799) (19,15,-0.891104) (15,16,-0.711571) (16,16,0.702614) (21,16,0.711571) (22,16,-0.702614) (15,17,-0.999943) (16,17,-0.0106382) (24,17,0.999943) (25,17,0.0106382) (18,18,-0.00468184) (19,18,-0.999989) (24,18,0.00468184) (25,18,0.999989) (21,19,-0.0332329) (22,19,-0.999448) (24,19,0.0332329) (25,19,0.999448) 
Q:
size: 20 20
(0,0,0.0795775) (1,0,0.0397795) (2,0,-0.00104739) (3,0,0.026944) (4,0,0.0352021) (5,0,-7.99792e-05) (6,0,0.0176329) (7,0,0.0276585) (8,0,-0.0397503) (9,0,0.000460206) (0,1,0.0397795) (1,1,0.0795775) (2,1,-0.000189658) (3,1,0.0275689) (4,1,0.0355937) (5,1,0.000777821) (6,1,0.0183978) (7,1,0.0282687) (8,1,0.0397788) (10,1,0.0172864) (0,2,-0.00104739) (1,2,-0.000189658) (2,2,0.0795775) (3,2,0.028558) (4,2,0.017613) (5,2,0.039777) (6,2,0.0351917) (7,2,0.0278654) (0,3,0.026944) (1,3,0.0275689) (2,3,0.028558) (3,3,0.0795775) (4,3,0.0374846) (5,3,0.0292232) (6,3,0.038186) (7,3,0.0397766) (11,3,-0.0258913) (12,3,-0.00160194) (13,3,-0.029744) (14,3,-0.0397383) (0,4,0.0352021) (1,4,0.0355937) (2,4,0.017613) (3,4,0.0374846) (4,4,0.0795775) (5,4,0.0184753) (6,4,0.0322257) (7,4,0.0378026) (11,4,0.0345239) (15,4,0.0227124) (16,4,0.0112557) (17,4,-0.019177) (0,5,-7.99792e-05) (1,5,0.000777821) (2,5,0.039777) (3,5,0.0292232) (4,5,0.0184753) (5,5,0.0795775) (6,5,0.0356327) (7,5,0.0285477) (12,5,0.0281574) (15,5,0.0183878) (18,5,0.000186918) (0,6,0.0176329) (1,6,0.0183978) (2,6,0.0351917) (3,6,0.038186) (4,6,0.0322257) (5,6,0.0356327) (6,6,0.0795775) (7,6,0.0378984) (9,6,0.0354619) (10,6,0.0237833) (13,6,0.0359711) (16,6,0.0132682) (19,6,-0.0185496) (0,7,0.0276585) (1,7,0.0282687) (2,7,0.0278654) (3,7,0.0397766) (4,7,0.0378026) (5,7,0.0285477) (6,7,0.0378984) (7,7,0.0795775) (14,7,0.0397757) (17,7,0.0290967) (18,7,0.0275815) (19,7,0.0283891) (0,8,-0.0397503) (1,8,0.0397788) (8,8,0.0795775) (9,8,0.0012882) (10,8,0.0164798) (0,9,0.000460206) (6,9,0.0354619) (8,9,0.0012882) (9,9,0.0795775) (10,9,0.0356629) (13,9,0.0397719) (16,9,0.0288368) (19,9,-0.000569081) (1,10,0.0172864) (6,10,0.0237833) (8,10,0.0164798) (9,10,0.0356629) (10,10,0.0795775) (13,10,0.0351354) (16,10,0.0380034) (19,10,0.0171318) (3,11,-0.0258913) (4,11,0.0345239) (11,11,0.0795775) (12,11,-0.0291454) (13,11,-0.000712327) (14,11,0.0273785) (15,11,0.0359478) (16,11,0.0287383) (17,11,0.000691446) (3,12,-0.00160194) (5,12,0.0281574) (11,12,-0.0291454) (12,12,0.0795775) (13,12,0.0276041) (14,12,-0.000400276) (15,12,0.0379428) (18,12,0.0282443) (3,13,-0.029744) (6,13,0.0359711) (9,13,0.0397719) (10,13,0.0351354) (11,13,-0.000712327) (12,13,0.0276041) (13,13,0.0795775) (14,13,0.0283767) (16,13,0.0280283) (19,13,-0.00172441) (3,14,-0.0397383) (7,14,0.0397757) (11,14,0.0273785) (12,14,-0.000400276) (13,14,0.0283767) (14,14,0.0795775) (17,14,0.0283913) (18,14,0.0283078) (19,14,0.0290946) (4,15,0.0227124) (5,15,0.0183878) (11,15,0.0359478) (12,15,0.0379428) (15,15,0.0795775) (16,15,0.03776) (17,15,0.0176779) (18,15,0.035371) (4,16,0.0112557) (6,16,0.0132682) (9,16,0.0288368) (10,16,0.0380034) (11,16,0.0287383) (13,16,0.0280283) (15,16,0.03776) (16,16,0.0795775) (17,16,0.0280135) (19,16,0.0269998) (4,17,-0.019177) (7,17,0.0290967) (11,17,0.000691446) (14,17,0.0283913) (15,17,0.0176779) (16,17,0.0280135) (17,17,0.0795775) (18,17,0.00060955) (19,17,0.00174527) (5,18,0.000186918) (7,18,0.0275815) (12,18,0.0282443) (14,18,0.0283078) (15,18,0.035371) (17,18,0.00060955) (18,18,0.0795775) (19,18,0.0397725) (6,19,-0.0185496) (7,19,0.0283891) (9,19,-0.000569081) (10,19,0.0171318) (13,19,-0.00172441) (14,19,0.0290946) (16,19,0.0269998) (17,19,0.00174527) (18,19,0.0397725) (19,19,0.0795775) 
Minv:
size: 27 27
(0,0,0.0397887) (1,1,0.0397887) (2,2,0.0795775) (3,3,0.0397887) (4,4,0.0397887) (5,5,0.0795775) (6,6,0.0397887) (7,7,0.0397887) (8,8,0.0795775) (9,9,0.0397887) (10,10,0.0397887) (11,11,0.0795775) (12,12,0.0397887) (13,13,0.0397887) (14,14,0.0795775) (15,15,0.0397887) (16,16,0.0397887) (17,17,0.0795775) (18,18,0.0397887) (19,19,0.0397887) (20,20,0.0795775) (21,21,0.0397887) (22,22,0.0397887) (23,23,0.0795775) (24,24,0.0397887) (25,25,0.0397887) (26,26,0.0795775) 
v0:
size: 27 1
(0,0,0.980763) (1,0,-0.0752504) (2,0,0) (3,0,-0.0423889) (4,0,-0.396499) (5,0,0) (6,0,-0.336614) (7,0,-0.664067) (8,0,0) (9,0,0.301682) (10,0,-0.590545) (11,0,0) (12,0,0.781015) (13,0,-0.179038) (14,0,0) (15,0,0.662445) (16,0,-0.327072) (17,0,0) (18,0,0.895303) (19,0,0.237789) (20,0,0) (21,0,-0.494289) (22,0,0.88812) (23,0,0) (24,0,0.0253572) (25,0,-0.322145) (26,0,0) 
ipopt_sol:
size: 20 1
(0,0,5.17728e-06) (1,0,14.0747) (2,0,14.9133) (3,0,4.85248) (4,0,2.66292e-07) (5,0,1.49565e-07) (6,0,5.55028e-06) (7,0,4.96327e-07) (8,0,0.0596522) (9,0,1.12832e-07) (10,0,1.2258e-07) (11,0,3.51704e-07) (12,0,2.30073e-07) (13,0,25.709) (14,0,5.05928e-07) (15,0,2.39804e-07) (16,0,23.6371) (17,0,7.21152) (18,0,3.93416) (19,0,20.3793) 
policy_sol:
size: 20 1
(0,0,0) (1,0,14.0748) (2,0,14.9133) (3,0,4.85246) (4,0,0) (5,0,0) (6,0,0) (7,0,0) (8,0,0.0595525) (9,0,0) (10,0,0) (11,0,0) (12,0,0) (13,0,25.709) (14,0,0) (15,0,0) (16,0,23.6371) (17,0,7.21152) (18,0,3.93417) (19,0,20.3793) 

policy_converges:
1
