Git Revision:     18345a57b34405566a64d0bf3d2a118f1cdbade3
Build Mode:       Debug
C Compiler:       /usr/bin/cc
C++ Compiler:     /usr/bin/c++
Fortran Compiler: gfortran
Body count: 9
No end time specified. Simulation will run indefinitely.
N:
size: 27 13
(0,0,0.00160835) (1,0,-0.999999) (3,0,-0.00160835) (4,0,0.999999) (0,1,-0.0381849) (1,1,-0.999271) (6,1,0.0381849) (7,1,0.999271) (0,2,-0.449419) (1,2,-0.893321) (15,2,0.449419) (16,2,0.893321) (0,3,-0.712668) (1,3,-0.701501) (24,3,0.712668) (25,3,0.701501) (3,4,-0.897115) (4,4,-0.441797) (24,4,0.897115) (25,4,0.441797) (6,5,-0.999962) (7,5,0.00872098) (24,5,0.999962) (25,5,-0.00872098) (9,6,0.00929893) (10,6,-0.999957) (15,6,-0.00929893) (16,6,0.999957) (12,7,0.0752481) (13,7,-0.997165) (15,7,-0.0752481) (16,7,0.997165) (12,8,-0.694511) (13,8,-0.719482) (24,8,0.694511) (25,8,0.719482) (15,9,-0.445432) (16,9,0.895316) (18,9,0.445432) (19,9,-0.895316) (15,10,-0.728947) (16,10,0.68457) (21,10,0.728947) (22,10,-0.68457) (15,11,-0.99987) (16,11,0.0161315) (24,11,0.99987) (25,11,-0.0161315) (21,12,0.00880137) (22,12,-0.999961) (24,12,-0.00880137) (25,12,0.999961) 
Q:
size: 13 13
(0,0,0.0795775) (1,0,0.0397572) (2,0,0.0355153) (3,0,0.0278662) (4,0,-0.0175211) (0,1,0.0397572) (1,1,0.0795775) (2,1,0.036201) (3,1,0.0289743) (5,1,-0.00117253) (0,2,0.0355153) (1,2,0.036201) (2,2,0.0795775) (3,2,0.037678) (6,2,0.0353763) (7,2,0.0340978) (9,2,0.0238581) (10,2,0.0112975) (11,2,-0.0173061) (0,3,0.0278662) (1,3,0.0289743) (2,3,0.037678) (3,3,0.0795775) (4,3,0.0377701) (5,3,0.0281117) (8,3,0.0397757) (11,3,0.0279022) (12,3,0.0276612) (0,4,-0.0175211) (3,4,0.0377701) (4,4,0.0795775) (5,4,0.0355404) (8,4,0.0374381) (11,4,0.0354069) (12,4,0.0172637) (1,5,-0.00117253) (3,5,0.0281117) (4,5,0.0355404) (5,5,0.0795775) (8,5,0.027383) (11,5,0.0397876) (12,5,-0.000697165) (2,6,0.0353763) (6,6,0.0795775) (7,6,0.0397021) (9,6,0.0357867) (10,6,0.0275067) (11,6,0.00101177) (2,7,0.0340978) (6,7,0.0397021) (7,7,0.0795775) (8,7,0.0264667) (9,7,0.0368561) (10,7,0.0293434) (11,7,0.00363367) (3,8,0.0397757) (4,8,0.0374381) (5,8,0.027383) (7,8,0.0264667) (8,8,0.0795775) (11,8,0.0271683) (12,8,0.028383) (2,9,0.0238581) (6,9,0.0357867) (7,9,0.0368561) (9,9,0.0795775) (10,9,0.037306) (11,9,0.0182955) (2,10,0.0112975) (6,10,0.0275067) (7,10,0.0293434) (9,10,0.037306) (10,10,0.0795775) (11,10,0.0294395) (12,10,0.0274924) (2,11,-0.0173061) (3,11,0.0279022) (4,11,0.0354069) (5,11,0.0397876) (6,11,0.00101177) (7,11,0.00363367) (8,11,0.0271683) (9,11,0.0182955) (10,11,0.0294395) (11,11,0.0795775) (12,11,-0.000991979) (3,12,0.0276612) (4,12,0.0172637) (5,12,-0.000697165) (8,12,0.028383) (10,12,0.0274924) (11,12,-0.000991979) (12,12,0.0795775) 
Minv:
size: 27 27
(0,0,0.0397887) (1,1,0.0397887) (2,2,0.0795775) (3,3,0.0397887) (4,4,0.0397887) (5,5,0.0795775) (6,6,0.0397887) (7,7,0.0397887) (8,8,0.0795775) (9,9,0.0397887) (10,10,0.0397887) (11,11,0.0795775) (12,12,0.0397887) (13,13,0.0397887) (14,14,0.0795775) (15,15,0.0397887) (16,16,0.0397887) (17,17,0.0795775) (18,18,0.0397887) (19,19,0.0397887) (20,20,0.0795775) (21,21,0.0397887) (22,22,0.0397887) (23,23,0.0795775) (24,24,0.0397887) (25,25,0.0397887) (26,26,0.0795775) 
v0:
size: 27 1
(0,0,-0.254889) (1,0,0.498177) (2,0,0) (3,0,-0.161741) (4,0,0.0754705) (5,0,0) (6,0,-0.146436) (7,0,0.485241) (8,0,0) (9,0,-0.0081998) (10,0,-0.364193) (11,0,0) (12,0,0.181426) (13,0,0.586517) (14,0,0) (15,0,0.92011) (16,0,-0.74798) (17,0,0) (18,0,0.540477) (19,0,0.542612) (20,0,0) (21,0,0.599969) (22,0,0.815918) (23,0,0) (24,0,-0.843735) (25,0,0.770587) (26,0,0) 
ipopt_sol:
size: 13 1
(0,0,7.57518) (1,0,1.61146e-07) (2,0,6.83922) (3,0,6.56216e-08) (4,0,1.09379e-07) (5,0,3.11978e-07) (6,0,9.37057e-08) (7,0,24.9461) (8,0,1.27557e-07) (9,0,8.67208) (10,0,2.76049) (11,0,42.2783) (12,0,0.393218) 
policy_sol:
size: 13 1
(0,0,7.57518) (1,0,0) (2,0,6.83922) (3,0,0) (4,0,0) (5,0,0) (6,0,0) (7,0,24.9461) (8,0,0) (9,0,8.67208) (10,0,2.76049) (11,0,42.2783) (12,0,0.393215) 

policy_converges:
1
ipopt_converges:
1
