solve status: 0
N:
size: 27 14
(0,0,0.0305841) (1,0,-0.999532) (3,0,-0.0305841) (4,0,0.999532) (0,1,-0.703272) (1,1,-0.710921) (24,1,0.703272) (25,1,0.710921) (3,2,-0.909006) (4,2,0.416784) (18,2,0.909006) (19,2,-0.416784) (6,3,-0.997828) (7,3,0.0658727) (15,3,0.997828) (16,3,-0.0658727) (6,4,-0.713038) (7,4,0.701126) (18,4,0.713038) (19,4,-0.701126) (9,5,-0.0929571) (10,5,-0.99567) (12,5,0.0929571) (13,5,0.99567) (9,6,-0.99832) (10,6,-0.0579377) (18,6,0.99832) (19,6,0.0579377) (9,7,-0.718405) (10,7,-0.695625) (21,7,0.718405) (22,7,0.695625) (9,8,-0.454851) (10,8,-0.890567) (24,8,0.454851) (25,8,0.890567) (12,9,-0.710064) (13,9,0.704138) (18,9,0.710064) (19,9,-0.704138) (12,10,-0.683077) (13,10,-0.730347) (24,10,0.683077) (25,10,0.730347) (18,11,0.0453577) (19,11,-0.998971) (21,11,-0.0453577) (22,11,0.998971) (18,12,0.0145511) (19,12,-0.999894) (24,12,-0.0145511) (25,12,0.999894) (21,13,-0.0130267) (22,13,-0.999915) (24,13,0.0130267) (25,13,0.999915) 
Q:
size: 14 14
(0,0,0.0795775) (1,0,0.0274176) (2,0,0.0176817) (0,1,0.0274176) (1,1,0.0795775) (8,1,0.0379189) (10,1,0.0397731) (12,1,0.0278765) (13,1,0.0286487) (0,2,0.0176817) (2,2,0.0795775) (4,2,0.0374163) (6,2,0.0351466) (9,2,0.0373586) (11,2,0.0182067) (12,2,0.0171078) (3,3,0.0795775) (4,3,0.0301469) (2,4,0.0374163) (3,4,0.0301469) (4,4,0.0795775) (6,4,0.0267069) (9,4,0.0397884) (11,4,0.029155) (12,4,0.0283068) (5,5,0.0795775) (6,5,0.00598772) (7,5,0.0302153) (8,5,0.0369635) (9,5,0.0252692) (10,5,-0.0314602) (2,6,0.0351466) (4,6,0.0267069) (5,6,0.00598772) (6,6,0.0795775) (7,6,0.03014) (8,6,0.0201206) (9,6,0.0265818) (11,6,-0.000501204) (12,6,-0.00172703) (5,7,0.0302153) (6,7,0.03014) (7,7,0.0795775) (8,7,0.0376508) (11,7,0.026353) (13,7,-0.0280481) (1,8,0.0379189) (5,8,0.0369635) (6,8,0.0201206) (7,8,0.0376508) (8,8,0.0795775) (10,8,0.0382418) (12,8,0.0351675) (13,8,0.0356673) (2,9,0.0373586) (4,9,0.0397884) (5,9,0.0252692) (6,9,0.0265818) (9,9,0.0795775) (10,9,-0.00116328) (11,9,0.0292694) (12,9,0.0284249) (1,10,0.0397731) (5,10,-0.0314602) (8,10,0.0382418) (9,10,-0.00116328) (10,10,0.0795775) (12,10,0.028661) (13,10,0.0294111) (2,11,0.0182067) (4,11,0.029155) (6,11,-0.000501204) (7,11,0.026353) (9,11,0.0292694) (11,11,0.0795775) (12,11,0.0397698) (13,11,-0.0397209) (1,12,0.0278765) (2,12,0.0171078) (4,12,0.0283068) (6,12,-0.00172703) (8,12,0.0351675) (9,12,0.0284249) (10,12,0.028661) (11,12,0.0397698) (12,12,0.0795775) (13,12,0.0397736) (1,13,0.0286487) (7,13,-0.0280481) (8,13,0.0356673) (10,13,0.0294111) (11,13,-0.0397209) (12,13,0.0397736) (13,13,0.0795775) 
Minv:
size: 27 27
(0,0,0.0397887) (1,1,0.0397887) (2,2,0.0795775) (3,3,0.0397887) (4,4,0.0397887) (5,5,0.0795775) (6,6,0.0397887) (7,7,0.0397887) (8,8,0.0795775) (9,9,0.0397887) (10,10,0.0397887) (11,11,0.0795775) (12,12,0.0397887) (13,13,0.0397887) (14,14,0.0795775) (15,15,0.0397887) (16,16,0.0397887) (17,17,0.0795775) (18,18,0.0397887) (19,19,0.0397887) (20,20,0.0795775) (21,21,0.0397887) (22,22,0.0397887) (23,23,0.0795775) (24,24,0.0397887) (25,25,0.0397887) (26,26,0.0795775) 
v0:
size: 27 1
(0,0,0.0251767) (1,0,0.210633) (2,0,0) (3,0,-0.285281) (4,0,-0.105684) (5,0,0) (6,0,0.681746) (7,0,0.755136) (8,0,0) (9,0,0.980071) (10,0,0.46313) (11,0,0) (12,0,0.617076) (13,0,0.231863) (14,0,0) (15,0,-0.61898) (16,0,0.691784) (17,0,0) (18,0,0.0306968) (19,0,0.973616) (20,0,0) (21,0,0.995229) (22,0,-0.0936941) (23,0,0) (24,0,0.752543) (25,0,-0.746195) (26,0,0) 
ipopt_sol:
size: 14 1
(0,0,7.70756) (1,0,0) (2,0,0) (3,0,32.5149) (4,0,0) (5,0,1.66855) (6,0,21.4156) (7,0,0) (8,0,7.22357) (9,0,0) (10,0,0) (11,0,46.1339) (12,0,0) (13,0,36.2672) 
policy_sol:
size: 14 1
(0,0,7.70756) (1,0,0) (2,0,0) (3,0,32.5149) (4,0,0) (5,0,1.66855) (6,0,21.4156) (7,0,0) (8,0,7.22357) (9,0,0) (10,0,0) (11,0,46.1339) (12,0,0) (13,0,36.2672) 

policy_converges:
1
ipopt_converges:
0
