Git Revision:     18345a57b34405566a64d0bf3d2a118f1cdbade3
Build Mode:       Debug
C Compiler:       /usr/bin/cc
C++ Compiler:     /usr/bin/c++
Fortran Compiler: gfortran
Body count: 9
No end time specified. Simulation will run indefinitely.
N:
size: 27 20
(0,0,0.0221136) (1,0,-0.999755) (6,0,-0.0221136) (7,0,0.999755) (0,1,-0.999975) (1,1,0.00710627) (9,1,0.999975) (10,1,-0.00710627) (0,2,-0.694712) (1,2,-0.719288) (12,2,0.694712) (13,2,0.719288) (0,3,-0.461357) (1,3,-0.887215) (15,3,0.461357) (16,3,0.887215) (0,4,-0.999991) (1,4,-0.00418568) (18,4,0.999991) (19,4,0.00418568) (0,5,-0.713072) (1,5,-0.701091) (24,5,0.713072) (25,5,0.701091) (3,6,0.0138098) (4,6,-0.999905) (6,6,-0.0138098) (7,6,0.999905) (3,7,-0.711518) (4,7,0.702668) (9,7,0.711518) (10,7,-0.702668) (3,8,-0.999888) (4,8,-0.0149393) (12,8,0.999888) (13,8,0.0149393) (3,9,-0.726658) (4,9,-0.687) (15,9,0.726658) (16,9,0.687) (3,10,-0.901281) (4,10,-0.433236) (24,10,0.901281) (25,10,0.433236) (6,11,-0.459165) (7,11,0.888351) (9,11,0.459165) (10,11,-0.888351) (6,12,-0.723597) (7,12,0.690223) (12,12,0.723597) (13,12,-0.690223) (6,13,-0.999596) (7,13,-0.0284349) (15,13,0.999596) (16,13,0.0284349) (6,14,-0.999994) (7,14,0.0034905) (24,14,0.999994) (25,14,-0.0034905) (9,15,0.00873923) (10,15,-0.999962) (12,15,-0.00873923) (13,15,0.999962) (9,16,-0.0309589) (10,16,-0.999521) (15,16,0.0309589) (16,16,0.999521) (12,17,-0.0710471) (13,17,-0.997473) (15,17,0.0710471) (16,17,0.997473) (15,18,-0.697523) (16,18,0.716562) (21,18,0.697523) (22,18,-0.716562) (15,19,-0.999213) (16,19,0.0396739) (24,19,0.999213) (25,19,-0.0396739) 
Q:
size: 20 20
(0,0,0.0795775) (1,0,-0.00116253) (2,0,0.0280013) (3,0,0.0348866) (4,0,-0.000713364) (5,0,0.0272613) (6,0,0.0397874) (11,0,0.0357417) (12,0,0.0280931) (13,0,-0.000251596) (14,0,0.00101872) (0,1,-0.00116253) (1,1,0.0795775) (2,1,0.0274376) (3,1,0.0181055) (4,1,0.0397862) (5,1,0.0281733) (7,1,0.0285084) (11,1,0.0185203) (15,1,0.000630453) (16,1,-0.000949172) (0,2,0.0280013) (1,2,0.0274376) (2,2,0.0795775) (3,2,0.0381444) (4,2,0.0277613) (5,2,0.0397754) (8,2,0.0280662) (12,2,0.000247547) (15,2,0.0283769) (17,2,-0.0305111) (0,3,0.0348866) (1,3,0.0181055) (2,3,0.0381444) (3,3,0.0795775) (4,3,0.0185044) (5,3,0.037839) (9,3,0.037591) (13,3,0.0193532) (16,3,0.0358525) (17,3,0.0365161) (18,3,0.0124911) (19,3,-0.0169418) (0,4,-0.000713364) (1,4,0.0397862) (2,4,0.0277613) (3,4,0.0185044) (4,4,0.0795775) (5,4,0.0284888) (0,5,0.0272613) (1,5,0.0281733) (2,5,0.0397754) (3,5,0.037839) (4,5,0.0284888) (5,5,0.0795775) (10,5,0.0376567) (14,5,0.0282747) (19,5,0.0272432) (0,6,0.0397874) (6,6,0.0795775) (7,6,-0.0283466) (8,6,4.49458e-05) (9,6,0.026933) (10,6,0.016741) (11,6,0.0355953) (12,6,0.0278581) (13,6,-0.000582029) (14,6,0.000688342) (1,7,0.0285084) (6,7,-0.0283466) (7,7,0.0795775) (8,7,0.0278896) (9,7,0.00136465) (10,7,0.0134031) (11,7,0.0378359) (15,7,0.0282046) (16,7,0.0270684) (2,8,0.0280662) (6,8,4.49458e-05) (7,8,0.0278896) (8,8,0.0795775) (9,8,0.0293179) (10,8,0.0361143) (12,8,0.0283775) (15,8,0.00024671) (17,8,-0.00341947) (3,9,0.037591) (6,9,0.026933) (7,9,0.00136465) (8,9,0.0293179) (9,9,0.0795775) (10,9,0.037901) (13,9,0.0296784) (16,9,0.0282169) (17,9,0.0293199) (18,9,-0.000580235) (19,9,-0.0278055) (5,10,0.0376567) (6,10,0.016741) (7,10,0.0134031) (8,10,0.0361143) (9,10,0.037901) (10,10,0.0795775) (14,10,0.0358004) (19,10,0.0351487) (0,11,0.0357417) (1,11,0.0185203) (6,11,0.0355953) (7,11,0.0378359) (11,11,0.0795775) (12,11,0.0376167) (13,11,0.0172571) (14,11,0.0183928) (15,11,0.0355047) (16,11,0.0347638) (0,12,0.0280931) (2,12,0.000247547) (6,12,0.0278581) (8,12,0.0283775) (11,12,0.0376167) (12,12,0.0795775) (13,12,0.0279984) (14,12,0.0288867) (15,12,-0.0277137) (17,12,0.0253482) (0,13,-0.000251596) (3,13,0.0193532) (6,13,-0.000582029) (9,13,0.0296784) (11,13,0.0172571) (12,13,0.0279984) (13,13,0.0795775) (14,13,0.0397685) (16,13,0.00236217) (17,13,0.00395426) (18,13,-0.0269316) (19,13,-0.0396964) (0,14,0.00101872) (5,14,0.0282747) (6,14,0.000688342) (10,14,0.0358004) (11,14,0.0183928) (12,14,0.0288867) (13,14,0.0397685) (14,14,0.0795775) (19,14,0.0397627) (1,15,0.000630453) (2,15,0.0283769) (7,15,0.0282046) (8,15,0.00024671) (11,15,0.0355047) (12,15,-0.0277137) (15,15,0.0795775) (16,15,0.0397574) (17,15,-0.039662) (1,16,-0.000949172) (3,16,0.0358525) (7,16,0.0270684) (9,16,0.0282169) (11,16,0.0347638) (13,16,0.00236217) (15,16,0.0397574) (16,16,0.0795775) (17,16,0.0397567) (18,16,0.0276382) (19,16,0.00034697) (2,17,-0.0305111) (3,17,0.0365161) (8,17,-0.00341947) (9,17,0.0293199) (12,17,0.0253482) (13,17,0.00395426) (15,17,-0.039662) (16,17,0.0397567) (17,17,0.0795775) (18,17,0.0264672) (19,17,-0.00125006) (3,18,0.0124911) (9,18,-0.000580235) (13,18,-0.0269316) (16,18,0.0276382) (17,18,0.0264672) (18,18,0.0795775) (19,18,0.0288629) (3,19,-0.0169418) (5,19,0.0272432) (9,19,-0.0278055) (10,19,0.0351487) (13,19,-0.0396964) (14,19,0.0397627) (16,19,0.00034697) (17,19,-0.00125006) (18,19,0.0288629) (19,19,0.0795775) 
Minv:
size: 27 27
(0,0,0.0397887) (1,1,0.0397887) (2,2,0.0795775) (3,3,0.0397887) (4,4,0.0397887) (5,5,0.0795775) (6,6,0.0397887) (7,7,0.0397887) (8,8,0.0795775) (9,9,0.0397887) (10,10,0.0397887) (11,11,0.0795775) (12,12,0.0397887) (13,13,0.0397887) (14,14,0.0795775) (15,15,0.0397887) (16,16,0.0397887) (17,17,0.0795775) (18,18,0.0397887) (19,19,0.0397887) (20,20,0.0795775) (21,21,0.0397887) (22,22,0.0397887) (23,23,0.0795775) (24,24,0.0397887) (25,25,0.0397887) (26,26,0.0795775) 
v0:
size: 27 1
(0,0,0.930812) (1,0,0.301015) (2,0,0) (3,0,-0.0340089) (4,0,0.424263) (5,0,0) (6,0,0.175482) (7,0,-0.170877) (8,0,0) (9,0,-0.833507) (10,0,0.0350451) (11,0,0) (12,0,-0.19062) (13,0,-0.375826) (14,0,0) (15,0,-0.409599) (16,0,-0.470711) (17,0,0) (18,0,0.650789) (19,0,-0.799312) (20,0,0) (21,0,0.984051) (22,0,0.992379) (23,0,0) (24,0,-0.781701) (25,0,0.959374) (26,0,0) 
ipopt_sol:
size: 20 1
(0,0,4.6351e-07) (1,0,37.7306) (2,0,9.99972) (3,0,13.4616) (4,0,5.23258e-08) (5,0,6.29315e-08) (6,0,10.0931) (7,0,2.14184e-07) (8,0,2.25348e-07) (9,0,15.03) (10,0,9.31995e-08) (11,0,2.44807e-07) (12,0,2.00144e-07) (13,0,20.6744) (14,0,1.32661e-06) (15,0,6.60235) (16,0,4.27935e-07) (17,0,4.68183e-07) (18,0,3.00397e-07) (19,0,29.2014) 
policy_sol:
size: 20 1
(0,0,0) (1,0,37.7306) (2,0,9.99972) (3,0,13.4616) (4,0,0) (5,0,0) (6,0,10.0931) (7,0,0) (8,0,0) (9,0,15.03) (10,0,0) (11,0,0) (12,0,0) (13,0,20.6744) (14,0,0) (15,0,6.60235) (16,0,0) (17,0,0) (18,0,0) (19,0,29.2014) 

policy_converges:
1
ipopt_converges:
0
