Git Revision:     18345a57b34405566a64d0bf3d2a118f1cdbade3
Build Mode:       Debug
C Compiler:       /usr/bin/cc
C++ Compiler:     /usr/bin/c++
Fortran Compiler: gfortran
Body count: 9
No end time specified. Simulation will run indefinitely.
N:
size: 27 20
(0,0,0.00362921) (1,0,-0.999993) (6,0,-0.00362921) (7,0,0.999993) (0,1,-0.697647) (1,1,-0.716442) (12,1,0.697647) (13,1,0.716442) (0,2,-0.435356) (1,2,-0.900259) (15,2,0.435356) (16,2,0.900259) (0,3,-0.899173) (1,3,-0.437593) (21,3,0.899173) (22,3,0.437593) (3,4,0.0216261) (4,4,-0.999766) (6,4,-0.0216261) (7,4,0.999766) (3,5,-0.999043) (4,5,-0.043729) (12,5,0.999043) (13,5,0.043729) (3,6,-0.678697) (4,6,-0.734418) (15,6,0.678697) (16,6,0.734418) (3,7,-0.999977) (4,7,0.00679452) (21,7,0.999977) (22,7,-0.00679452) (6,8,-0.716835) (7,8,0.697242) (12,8,0.716835) (13,8,-0.697242) (6,9,-0.99972) (7,9,-0.0236487) (15,9,0.99972) (16,9,0.0236487) (6,10,-0.696299) (7,10,0.717752) (18,10,0.696299) (19,10,-0.717752) (6,11,-0.887999) (7,11,0.459845) (21,11,0.887999) (22,11,-0.459845) (6,12,-0.999833) (7,12,-0.0182529) (24,12,0.999833) (25,12,0.0182529) (9,13,-0.701925) (10,13,-0.712251) (21,13,0.701925) (22,13,0.712251) (12,14,0.0182109) (13,14,-0.999834) (15,14,-0.0182109) (16,14,0.999834) (12,15,-0.998384) (13,15,0.0568214) (21,15,0.998384) (22,15,-0.0568214) (15,16,-0.435351) (16,16,0.900261) (18,16,0.435351) (19,16,-0.900261) (15,17,-0.690713) (16,17,0.723129) (21,17,0.690713) (22,17,-0.723129) (18,18,-0.00649688) (19,18,-0.999979) (21,18,0.00649688) (22,18,0.999979) (18,19,-0.000896523) (19,19,-1) (24,19,0.000896523) (25,19,1) 
Q:
size: 20 20
(0,0,0.0795775) (1,0,0.0284054) (2,0,0.035757) (3,0,0.0172813) (4,0,0.0397823) (8,0,0.0278457) (9,0,-0.000796584) (10,0,0.0286588) (11,0,0.0184247) (12,0,-0.000581876) (0,1,0.0284054) (1,1,0.0795775) (2,1,0.0377479) (3,1,0.0374338) (5,1,0.0289785) (8,1,2.24458e-05) (14,1,-0.0279961) (15,1,-0.0260939) (0,2,0.035757) (1,2,0.0377479) (2,2,0.0795775) (3,2,0.0312503) (6,2,0.0380635) (9,2,0.0181645) (14,2,0.0354988) (16,2,0.0247062) (17,2,0.0139379) (0,3,0.0172813) (1,3,0.0374338) (2,3,0.0312503) (3,3,0.0795775) (7,3,0.0356578) (11,3,0.0237635) (13,3,0.0375139) (15,3,0.0347298) (17,3,0.012121) (18,3,0.0176433) (0,4,0.0397823) (4,4,0.0795775) (5,4,0.000879861) (6,4,0.0286307) (7,4,-0.00113074) (8,4,0.0283527) (9,4,-8.04975e-05) (10,4,0.0291509) (11,4,0.0190565) (12,4,0.000134242) (1,5,0.0289785) (4,5,0.000879861) (5,5,0.0795775) (6,5,0.0282565) (7,5,0.0397379) (8,5,0.0272815) (14,5,-0.00101574) (15,5,-0.0395876) (2,6,0.0380635) (4,6,0.0286307) (5,6,0.0282565) (6,6,0.0795775) (7,6,0.0268053) (9,6,0.027688) (14,6,0.028725) (16,6,0.0145506) (17,6,0.00247861) (3,7,0.0356578) (4,7,-0.00113074) (5,7,0.0397379) (6,7,0.0268053) (7,7,0.0795775) (11,7,0.0354559) (13,7,0.0277355) (15,7,0.0397389) (17,7,0.0276775) (18,7,-1.18433e-05) (0,8,0.0278457) (1,8,2.24458e-05) (4,8,0.0283527) (5,8,0.0272815) (8,8,0.0795775) (9,8,0.0278579) (10,8,0.039772) (11,8,0.0380847) (12,8,0.0280108) (14,8,0.0282572) (15,8,-0.0300523) (0,9,-0.000796584) (2,9,0.0181645) (4,9,-8.04975e-05) (6,9,0.027688) (8,9,0.0278579) (9,9,0.0795775) (10,9,0.0270217) (11,9,0.0348898) (12,9,0.0397882) (14,9,0.00021641) (16,9,-0.0164701) (17,9,-0.0267945) (0,10,0.0286588) (4,10,0.0291509) (8,10,0.039772) (9,10,0.0270217) (10,10,0.0795775) (11,10,0.0377343) (12,10,0.027179) (16,10,0.0377714) (18,10,0.0283778) (19,10,0.0285336) (0,11,0.0184247) (3,11,0.0237635) (4,11,0.0190565) (7,11,0.0354559) (8,11,0.0380847) (9,11,0.0348898) (10,11,0.0377343) (11,11,0.0795775) (12,11,0.0349925) (13,11,0.0117689) (15,11,0.0363149) (17,11,0.0376354) (18,11,-0.0180667) (0,12,-0.000581876) (4,12,0.000134242) (8,12,0.0280108) (9,12,0.0397882) (10,12,0.027179) (11,12,0.0349925) (12,12,0.0795775) (19,12,0.000761924) (3,13,0.0375139) (7,13,0.0277355) (11,13,0.0117689) (13,13,0.0795775) (15,13,0.0262733) (17,13,-0.00120243) (18,13,0.0285204) (1,14,-0.0279961) (2,14,0.0354988) (5,14,-0.00101574) (6,14,0.028725) (8,14,0.0282572) (9,14,0.00021641) (14,14,0.0795775) (15,14,-0.0029839) (16,14,0.0361297) (17,14,0.0292681) (1,15,-0.0260939) (3,15,0.0347298) (5,15,-0.0395876) (7,15,0.0397389) (8,15,-0.0300523) (11,15,0.0363149) (13,15,0.0262733) (14,15,-0.0029839) (15,15,0.0795775) (17,15,0.0290731) (18,15,-0.00200272) (2,16,0.0247062) (6,16,0.0145506) (9,16,-0.0164701) (10,16,0.0377714) (14,16,0.0361297) (16,16,0.0795775) (17,16,0.0378672) (18,16,0.0357069) (19,16,0.0358047) (2,17,0.0139379) (3,17,0.012121) (6,17,0.00247861) (7,17,0.0276775) (9,17,-0.0267945) (11,17,0.0376354) (13,17,-0.00120243) (14,17,0.0292681) (15,17,0.0290731) (16,17,0.0378672) (17,17,0.0795775) (18,17,-0.0285932) (3,18,0.0176433) (7,18,-1.18433e-05) (10,18,0.0283778) (11,18,-0.0180667) (13,18,0.0285204) (15,18,-0.00200272) (16,18,0.0357069) (17,18,-0.0285932) (18,18,0.0795775) (19,18,0.0397881) (10,19,0.0285336) (12,19,0.000761924) (16,19,0.0358047) (18,19,0.0397881) (19,19,0.0795775) 
Minv:
size: 27 27
(0,0,0.0397887) (1,1,0.0397887) (2,2,0.0795775) (3,3,0.0397887) (4,4,0.0397887) (5,5,0.0795775) (6,6,0.0397887) (7,7,0.0397887) (8,8,0.0795775) (9,9,0.0397887) (10,10,0.0397887) (11,11,0.0795775) (12,12,0.0397887) (13,13,0.0397887) (14,14,0.0795775) (15,15,0.0397887) (16,16,0.0397887) (17,17,0.0795775) (18,18,0.0397887) (19,19,0.0397887) (20,20,0.0795775) (21,21,0.0397887) (22,22,0.0397887) (23,23,0.0795775) (24,24,0.0397887) (25,25,0.0397887) (26,26,0.0795775) 
v0:
size: 27 1
(0,0,-0.0516893) (1,0,0.285873) (2,0,0) (3,0,-0.191958) (4,0,0.796274) (5,0,0) (6,0,0.954712) (7,0,-0.0637209) (8,0,0) (9,0,0.00810503) (10,0,-0.75665) (11,0,0) (12,0,-0.514607) (13,0,-0.278192) (14,0,0) (15,0,-0.0242778) (16,0,-0.462781) (17,0,0) (18,0,0.35413) (19,0,0.351441) (20,0,0) (21,0,-0.982901) (22,0,-0.708941) (23,0,0) (24,0,0.534147) (25,0,0.178686) (26,0,0) 
ipopt_sol:
size: 20 1
(0,0,1.1631e-07) (1,0,10.7497) (2,0,1.73807e-07) (3,0,12.0159) (4,0,20.7056) (5,0,5.1387) (6,0,8.76749e-07) (7,0,6.06079e-07) (8,0,1.24771e-06) (9,0,32.7811) (10,0,5.76161e-08) (11,0,6.27605) (12,0,1.20889e-07) (13,0,4.0488e-07) (14,0,3.65618e-07) (15,0,7.29636e-07) (16,0,9.74254e-08) (17,0,31.7094) (18,0,37.0224) (19,0,7.06028e-08) 
policy_sol:
size: 20 1
(0,0,0) (1,0,37.8374) (2,0,-35.6981) (3,0,13.7614) (4,0,11.3537) (5,0,-14.5843) (6,0,22.027) (7,0,0) (8,0,6.64649) (9,0,33.1953) (10,0,0) (11,0,3.2584) (12,0,0) (13,0,0) (14,0,10.787) (15,0,0) (16,0,0) (17,0,34.5967) (18,0,36.9878) (19,0,0) 

policy_converges:
0
ipopt_converges:
0
