Git Revision:     3cfe7dc3fe6810e9e399640d632720aa3564fe80
Build Mode:       Debug
C Compiler:       /usr/bin/cc
C++ Compiler:     /usr/bin/c++
Fortran Compiler: gfortran
Body count: 9
No end time specified. Simulation will run indefinitely.
N:
size: 27 21
(0,0,-0.99956) (1,0,0.0296617) (9,0,0.99956) (10,0,-0.0296617) (0,1,-0.710665) (1,1,-0.703531) (12,1,0.710665) (13,1,0.703531) (0,2,-0.999939) (1,2,-0.011033) (18,2,0.999939) (19,2,0.011033) (0,3,-0.903193) (1,3,-0.429235) (21,3,0.903193) (22,3,0.429235) (0,4,-0.724464) (1,4,-0.689313) (24,4,0.724464) (25,4,0.689313) (3,5,-0.730261) (4,5,0.683169) (9,5,0.730261) (10,5,-0.683169) (3,6,-0.997298) (4,6,-0.0734628) (12,6,0.997298) (13,6,0.0734628) (3,7,-0.907968) (4,7,0.419039) (18,7,0.907968) (19,7,-0.419039) (3,8,-0.99967) (4,8,-0.0256765) (21,8,0.99967) (22,8,0.0256765) (3,9,-0.893455) (4,9,-0.449152) (24,9,0.893455) (25,9,0.449152) (6,10,-0.997107) (7,10,0.0760131) (15,10,0.997107) (16,10,-0.0760131) (6,11,-0.700461) (7,11,0.713691) (18,11,0.700461) (19,11,-0.713691) (6,12,-0.891084) (7,12,0.453838) (21,12,0.891084) (22,12,-0.453838) (6,13,-0.999315) (7,13,0.0370174) (24,13,0.999315) (25,13,-0.0370174) (9,14,0.0553982) (10,14,-0.998464) (12,14,-0.0553982) (13,14,0.998464) (9,15,-0.998358) (10,15,-0.0572788) (18,15,0.998358) (19,15,0.0572788) (12,16,-0.713189) (13,16,0.700972) (18,16,0.713189) (19,16,-0.700972) (12,17,-0.999829) (13,17,0.0184669) (21,17,0.999829) (22,17,-0.0184669) (12,18,-0.738458) (13,18,-0.674299) (24,18,0.738458) (25,18,0.674299) (15,19,-0.999998) (16,19,-0.00201678) (24,19,0.999998) (25,19,0.00201678) (21,20,0.0421492) (22,20,-0.999111) (24,20,-0.0421492) (25,20,0.999111) 
Q:
size: 21 21
(0,0,0.0795775) (1,0,0.0274337) (2,0,0.0397558) (3,0,0.0354145) (4,0,0.0279993) (5,0,0.0298496) (14,0,0.00338164) (15,0,-0.0396383) (0,1,0.0274337) (1,1,0.0795775) (2,1,0.0285836) (3,1,0.0375545) (4,1,0.0397809) (6,1,0.0302565) (14,1,0.0263831) (16,1,-0.000544422) (17,1,-0.0277547) (18,1,-0.0397564) (0,2,0.0397558) (1,2,0.0285836) (2,2,0.0795775) (3,2,0.0361231) (4,2,0.0291263) (7,2,0.0359408) (11,2,0.0275555) (15,2,0.0397461) (16,2,0.0280674) (0,3,0.0354145) (1,3,0.0375545) (2,3,0.0361231) (3,3,0.0795775) (4,3,0.0378076) (8,3,0.0363636) (12,3,0.0242719) (17,3,0.0356154) (20,3,-0.0155488) (0,4,0.0279993) (1,4,0.0397809) (2,4,0.0291263) (3,4,0.0378076) (4,4,0.0795775) (9,4,0.0380731) (13,4,0.0277905) (18,4,0.0397804) (19,4,0.0288807) (20,4,0.0261875) (0,5,0.0298496) (5,5,0.0795775) (6,5,0.0269807) (7,5,0.0377726) (8,5,0.0283486) (9,5,0.0137513) (14,5,0.0287503) (15,5,-0.0274515) (1,6,0.0302565) (5,6,0.0269807) (6,6,0.0795775) (7,6,0.0348044) (8,6,0.0397432) (9,6,0.0367663) (14,6,0.000720236) (16,6,-0.0262513) (17,6,-0.0396205) (18,6,-0.0312739) (2,7,0.0359408) (5,7,0.0377726) (6,7,0.0348044) (7,7,0.0795775) (8,7,0.0356869) (9,7,0.024789) (11,7,0.0372049) (15,7,0.0351126) (16,7,0.0374526) (3,8,0.0363636) (5,8,0.0283486) (6,8,0.0397432) (7,8,0.0356869) (8,8,0.0795775) (9,8,0.0359966) (12,8,0.0349798) (17,8,0.03975) (20,8,0.000655781) (4,9,0.0380731) (5,9,0.0137513) (6,9,0.0367663) (7,9,0.024789) (8,9,0.0359966) (9,9,0.0795775) (13,9,0.0348635) (18,9,0.0383023) (19,9,0.0355854) (20,9,0.0163569) (10,10,0.0795775) (11,10,0.0299484) (12,10,0.0367252) (13,10,0.0397584) (19,10,-0.0396674) (2,11,0.0275555) (7,11,0.0372049) (10,11,0.0299484) (11,11,0.0795775) (12,11,0.0377225) (13,11,0.0289025) (15,11,0.0261982) (16,11,0.0397823) (3,12,0.0242719) (8,12,0.0349798) (10,12,0.0367252) (11,12,0.0377225) (12,12,0.0795775) (13,12,0.0360993) (17,12,0.0357825) (20,12,0.019536) (4,13,0.0277905) (9,13,0.0348635) (10,13,0.0397584) (11,13,0.0289025) (12,13,0.0360993) (13,13,0.0795775) (18,13,0.028369) (19,13,0.0397584) (20,13,-0.00314748) (0,14,0.00338164) (1,14,0.0263831) (5,14,0.0287503) (6,14,0.000720236) (14,14,0.0795775) (15,14,7.4945e-05) (16,14,0.02942) (17,14,0.0029375) (18,14,-0.0251606) (0,15,-0.0396383) (2,15,0.0397461) (5,15,-0.0274515) (7,15,0.0351126) (11,15,0.0261982) (14,15,7.4945e-05) (15,15,0.0795775) (16,15,0.0267327) (1,16,-0.000544422) (2,16,0.0280674) (6,16,-0.0262513) (7,16,0.0374526) (11,16,0.0397823) (14,16,0.02942) (15,16,0.0267327) (16,16,0.0795775) (17,16,0.0288871) (18,16,0.00214839) (1,17,-0.0277547) (3,17,0.0356154) (6,17,-0.0396205) (8,17,0.03975) (12,17,0.0357825) (14,17,0.0029375) (16,17,0.0288871) (17,17,0.0795775) (18,17,0.0288818) (20,17,0.0024109) (1,18,-0.0397564) (4,18,0.0397804) (6,18,-0.0312739) (9,18,0.0383023) (13,18,0.028369) (14,18,-0.0251606) (16,18,0.00214839) (17,18,0.0288818) (18,18,0.0795775) (19,18,0.0294364) (20,18,0.0255672) (4,19,0.0288807) (9,19,0.0355854) (10,19,-0.0396674) (13,19,0.0397584) (18,19,0.0294364) (19,19,0.0795775) (20,19,-0.00159688) (3,20,-0.0155488) (4,20,0.0261875) (8,20,0.000655781) (9,20,0.0163569) (12,20,0.019536) (13,20,-0.00314748) (17,20,0.0024109) (18,20,0.0255672) (19,20,-0.00159688) (20,20,0.0795775) 
Minv:
size: 27 27
(0,0,0.0397887) (1,1,0.0397887) (2,2,0.0795775) (3,3,0.0397887) (4,4,0.0397887) (5,5,0.0795775) (6,6,0.0397887) (7,7,0.0397887) (8,8,0.0795775) (9,9,0.0397887) (10,10,0.0397887) (11,11,0.0795775) (12,12,0.0397887) (13,13,0.0397887) (14,14,0.0795775) (15,15,0.0397887) (16,16,0.0397887) (17,17,0.0795775) (18,18,0.0397887) (19,19,0.0397887) (20,20,0.0795775) (21,21,0.0397887) (22,22,0.0397887) (23,23,0.0795775) (24,24,0.0397887) (25,25,0.0397887) (26,26,0.0795775) 
v0:
size: 27 1
(0,0,0.254712) (1,0,-0.988599) (2,0,0) (3,0,0.39306) (4,0,-0.84702) (5,0,0) (6,0,0.887409) (7,0,0.85237) (8,0,0) (9,0,-0.599081) (10,0,-0.655076) (11,0,0) (12,0,-0.351134) (13,0,-0.764108) (14,0,0) (15,0,-0.442615) (16,0,0.0416429) (17,0,0) (18,0,-0.755315) (19,0,-0.588675) (20,0,0) (21,0,-0.685111) (22,0,-0.262873) (23,0,0) (24,0,-0.93043) (25,0,-0.48723) (26,0,0) 
ipopt_sol:
size: 21 1
(0,0,26.9939) (1,0,2.66625e-07) (2,0,4.91342e-06) (3,0,1.85047e-07) (4,0,8.46034e-08) (5,0,1.80762) (6,0,21.7555) (7,0,13.1451) (8,0,3.53189e-06) (9,0,1.5553e-07) (10,0,12.619) (11,0,3.42415e-08) (12,0,9.48356e-08) (13,0,38.3546) (14,0,0.282585) (15,0,12.0187) (16,0,0.223159) (17,0,19.1741) (18,0,1.33373e-07) (19,0,2.47932e-06) (20,0,6.30994) 
policy_sol:
size: 21 1
(0,0,26.9939) (1,0,0) (2,0,0) (3,0,0) (4,0,0) (5,0,1.57592) (6,0,21.6052) (7,0,13.4965) (8,0,0) (9,0,0) (10,0,12.6189) (11,0,0) (12,0,0) (13,0,38.3546) (14,0,0.450303) (15,0,11.8586) (16,0,0) (17,0,19.1741) (18,0,0) (19,0,0) (20,0,6.30994) 

policy_converges:
1
