Git Revision:     3cfe7dc3fe6810e9e399640d632720aa3564fe80
Build Mode:       Debug
C Compiler:       /usr/bin/cc
C++ Compiler:     /usr/bin/c++
Fortran Compiler: gfortran
Body count: 9
No end time specified. Simulation will run indefinitely.
N:
size: 27 15
(0,0,-0.0029837) (1,0,-0.999996) (6,0,0.0029837) (7,0,0.999996) (0,1,-0.700272) (1,1,-0.713876) (24,1,0.700272) (25,1,0.713876) (3,2,0.0109299) (4,2,-0.99994) (6,2,-0.0109299) (7,2,0.99994) (3,3,-0.998461) (4,3,0.0554535) (12,3,0.998461) (13,3,-0.0554535) (3,4,-0.737382) (4,4,-0.675476) (15,4,0.737382) (16,4,0.675476) (3,5,-0.897708) (4,5,-0.440591) (24,5,0.897708) (25,5,0.440591) (6,6,-0.478714) (7,6,0.877971) (9,6,0.478714) (10,6,-0.877971) (6,7,-0.718433) (7,7,0.695596) (12,7,0.718433) (13,7,-0.695596) (6,8,-0.999991) (7,8,0.00430712) (15,8,0.999991) (16,8,-0.00430712) (6,9,-0.999832) (7,9,-0.0183084) (24,9,0.999832) (25,9,0.0183084) (9,10,-0.999984) (10,10,-0.0055725) (18,10,0.999984) (19,10,0.0055725) (9,11,-0.429175) (10,11,-0.903221) (24,11,0.429175) (25,11,0.903221) (12,12,-0.684765) (13,12,-0.728764) (24,12,0.684765) (25,12,0.728764) (15,13,-0.999102) (16,13,-0.042363) (24,13,0.999102) (25,13,0.042363) (21,14,0.0163129) (22,14,-0.999867) (24,14,-0.0163129) (25,14,0.999867) 
Q:
size: 15 15
(0,0,0.0795775) (1,0,0.0284872) (2,0,0.0397849) (6,0,0.0348764) (7,0,0.0275915) (8,0,5.26574e-05) (9,0,-0.000847164) (0,1,0.0284872) (1,1,0.0795775) (5,1,0.0375274) (9,1,0.0283783) (11,1,0.0376134) (12,1,0.0397795) (13,1,0.0290412) (14,1,0.0279459) (0,2,0.0397849) (2,2,0.0795775) (3,2,-0.00264051) (4,2,0.0265541) (5,2,0.0171391) (6,2,0.0351394) (7,2,0.0279877) (8,2,0.000606246) (9,2,-0.000293613) (2,3,-0.00264051) (3,3,0.0795775) (4,3,0.0278039) (5,3,0.0346916) (7,3,0.0300764) (12,3,-0.0255961) (2,4,0.0265541) (3,4,0.0278039) (4,4,0.0795775) (5,4,0.0381798) (8,4,0.0292234) (13,4,-0.0304517) (1,5,0.0375274) (2,5,0.0171391) (3,5,0.0346916) (4,5,0.0381798) (5,5,0.0795775) (9,5,0.0360336) (11,5,0.0311635) (12,5,0.0372345) (13,5,0.0364292) (14,5,0.0169455) (0,6,0.0348764) (2,6,0.0351394) (6,6,0.0795775) (7,6,0.0379838) (8,6,0.0191977) (9,6,0.0184047) (10,6,-0.0188525) (11,6,0.0233779) (0,7,0.0275915) (2,7,0.0279877) (3,7,0.0300764) (6,7,0.0379838) (7,7,0.0795775) (8,7,0.0287045) (9,7,0.028074) (12,7,0.000595513) (0,8,5.26574e-05) (2,8,0.000606246) (4,8,0.0292234) (6,8,0.0191977) (7,8,0.0287045) (8,8,0.0795775) (9,8,0.0397786) (13,8,-0.0397454) (0,9,-0.000847164) (1,9,0.0283783) (2,9,-0.000293613) (5,9,0.0360336) (6,9,0.0184047) (7,9,0.028074) (8,9,0.0397786) (9,9,0.0795775) (11,9,0.0177314) (12,9,0.0277723) (13,9,0.0397772) (14,9,7.94121e-05) (6,10,-0.0188525) (10,10,0.0795775) (11,10,0.0172763) (1,11,0.0376134) (5,11,0.0311635) (6,11,0.0233779) (9,11,0.0177314) (10,11,0.0172763) (11,11,0.0795775) (12,11,0.0378836) (13,11,0.0185834) (14,11,0.0356547) (1,12,0.0397795) (3,12,-0.0255961) (5,12,0.0372345) (7,12,0.000595513) (9,12,0.0277723) (11,12,0.0378836) (12,12,0.0795775) (13,12,0.0284499) (14,12,0.0285483) (1,13,0.0290412) (4,13,-0.0304517) (5,13,0.0364292) (8,13,-0.0397454) (9,13,0.0397772) (11,13,0.0185834) (12,13,0.0284499) (13,13,0.0795775) (14,13,0.00103686) (1,14,0.0279459) (5,14,0.0169455) (9,14,7.94121e-05) (11,14,0.0356547) (12,14,0.0285483) (13,14,0.00103686) (14,14,0.0795775) 
Minv:
size: 27 27
(0,0,0.0397887) (1,1,0.0397887) (2,2,0.0795775) (3,3,0.0397887) (4,4,0.0397887) (5,5,0.0795775) (6,6,0.0397887) (7,7,0.0397887) (8,8,0.0795775) (9,9,0.0397887) (10,10,0.0397887) (11,11,0.0795775) (12,12,0.0397887) (13,13,0.0397887) (14,14,0.0795775) (15,15,0.0397887) (16,16,0.0397887) (17,17,0.0795775) (18,18,0.0397887) (19,19,0.0397887) (20,20,0.0795775) (21,21,0.0397887) (22,22,0.0397887) (23,23,0.0795775) (24,24,0.0397887) (25,25,0.0397887) (26,26,0.0795775) 
v0:
size: 27 1
(0,0,-0.192442) (1,0,0.343068) (2,0,0) (3,0,0.398942) (4,0,0.451313) (5,0,0) (6,0,-0.586796) (7,0,-0.65648) (8,0,0) (9,0,0.472479) (10,0,0.202974) (11,0,0) (12,0,-0.0718957) (13,0,0.524991) (14,0,0) (15,0,-0.669634) (16,0,0.678816) (17,0,0) (18,0,0.222817) (19,0,-0.750623) (20,0,0) (21,0,0.409838) (22,0,0.765426) (23,0,0) (24,0,-0.866238) (25,0,-0.616653) (26,0,0) 
ipopt_sol:
size: 15 1
(0,0,16.7577) (1,0,2.3092e-07) (2,0,16.7851) (3,0,13.8343) (4,0,7.00713e-07) (5,0,13.2298) (6,0,1.0412e-07) (7,0,1.65659e-07) (8,0,2.08751) (9,0,1.14859e-07) (10,0,4.84298) (11,0,7.20946) (12,0,22.1575) (13,0,1.23359e-07) (14,0,20.2113) 
policy_sol:
size: 15 1
(0,0,16.7577) (1,0,0) (2,0,16.7851) (3,0,13.8343) (4,0,0) (5,0,13.2298) (6,0,0) (7,0,0) (8,0,2.08751) (9,0,0) (10,0,4.84298) (11,0,7.20946) (12,0,22.1575) (13,0,0) (14,0,20.2113) 

policy_converges:
1
