Git Revision:     3cfe7dc3fe6810e9e399640d632720aa3564fe80
Build Mode:       Debug
C Compiler:       /usr/bin/cc
C++ Compiler:     /usr/bin/c++
Fortran Compiler: gfortran
Body count: 9
No end time specified. Simulation will run indefinitely.
N:
size: 27 21
(0,0,0.0459594) (1,0,-0.998943) (3,0,-0.0459594) (4,0,0.998943) (0,1,0.0193167) (1,1,-0.999813) (6,1,-0.0193167) (7,1,0.999813) (0,2,-0.889789) (1,2,-0.456372) (21,2,0.889789) (22,2,0.456372) (0,3,-0.707147) (1,3,-0.707067) (24,3,0.707147) (25,3,0.707067) (3,4,-0.999951) (4,4,0.00988117) (21,4,0.999951) (22,4,-0.00988117) (3,5,-0.904785) (4,5,-0.425869) (24,5,0.904785) (25,5,0.425869) (6,6,-0.894045) (7,6,0.447977) (21,6,0.894045) (22,6,-0.447977) (6,7,-0.999904) (7,7,0.0138629) (24,7,0.999904) (25,7,-0.0138629) (9,8,-0.0329238) (10,8,-0.999458) (12,8,0.0329238) (13,8,0.999458) (9,9,-0.0244678) (10,9,-0.999701) (15,9,0.0244678) (16,9,0.999701) (9,10,-0.999429) (10,10,-0.0337812) (18,10,0.999429) (19,10,0.0337812) (9,11,-0.704778) (10,11,-0.709428) (21,11,0.704778) (22,11,0.709428) (9,12,-0.45845) (10,12,-0.88872) (24,12,0.45845) (25,12,0.88872) (12,13,-0.726642) (13,13,0.687016) (18,13,0.726642) (19,13,-0.687016) (12,14,-0.998702) (13,14,-0.0509248) (21,14,0.998702) (22,14,0.0509248) (12,15,-0.696222) (13,15,-0.717827) (24,15,0.696222) (25,15,0.717827) (15,16,-0.448335) (16,16,0.893866) (18,16,0.448335) (19,16,-0.893866) (15,17,-0.71097) (16,17,0.703223) (21,17,0.71097) (22,17,-0.703223) (15,18,-0.999621) (16,18,-0.0275293) (24,18,0.999621) (25,18,0.0275293) (18,19,-0.00568255) (19,19,-0.999984) (24,19,0.00568255) (25,19,0.999984) (21,20,-0.0195651) (22,20,-0.999809) (24,20,0.0195651) (25,20,0.999809) 
Q:
size: 21 21
(0,0,0.0795775) (1,0,0.0397746) (2,0,0.0165121) (3,0,0.0268104) (4,0,0.00222132) (5,0,-0.0152723) (0,1,0.0397746) (1,1,0.0795775) (2,1,0.0174712) (3,1,0.0275845) (6,1,0.0185083) (7,1,0.00132) (0,2,0.0165121) (1,2,0.0174712) (2,2,0.0795775) (3,2,0.0378748) (4,2,0.0352224) (6,2,0.0235178) (11,2,0.0378338) (14,2,0.0362824) (17,2,0.0124014) (20,2,-0.0188477) (0,3,0.0268104) (1,3,0.0275845) (2,3,0.0378748) (3,3,0.0795775) (5,3,0.0374386) (7,3,0.0277438) (12,3,0.0379018) (15,3,0.0397841) (18,3,0.0289003) (19,3,0.0282927) (20,3,0.0286784) (0,4,0.00222132) (2,4,0.0352224) (4,4,0.0795775) (5,4,0.0358311) (6,4,0.0357473) (11,4,0.0277619) (14,4,0.0397151) (17,4,0.0285637) (20,4,-0.000385348) (0,5,-0.0152723) (3,5,0.0374386) (4,5,0.0358311) (5,5,0.0795775) (7,5,0.0357619) (12,5,0.0315635) (15,5,0.0372276) (18,5,0.0364531) (19,5,0.0171491) (20,5,0.0176459) (1,6,0.0185083) (2,6,0.0235178) (4,6,0.0357473) (6,6,0.0795775) (7,6,0.0358166) (11,6,0.0124259) (14,6,0.0346191) (17,6,0.0378258) (20,6,0.017125) (1,7,0.00132) (3,7,0.0277438) (5,7,0.0357619) (6,7,0.0358166) (7,7,0.0795775) (12,7,0.0177492) (15,7,0.0273032) (18,7,0.0397546) (19,7,-0.0003255) (20,7,0.000226913) (8,8,0.0795775) (9,8,0.0397873) (10,8,0.00265263) (11,8,0.0291352) (12,8,0.0359425) (13,8,0.0263688) (14,8,-0.00333343) (15,8,-0.029458) (8,9,0.0397873) (9,9,0.0795775) (10,9,0.00231669) (11,9,0.0289049) (12,9,0.0357968) (16,9,0.0351187) (17,9,0.0272798) (18,9,-0.0020682) (8,10,0.00265263) (9,10,0.00231669) (10,10,0.0795775) (11,10,0.0289798) (12,10,0.0194253) (13,10,0.0279722) (16,10,0.016627) (19,10,-0.00157006) (2,11,0.0378338) (4,11,0.0277619) (6,11,0.0124259) (8,11,0.0291352) (9,11,0.0289049) (10,11,0.0289798) (11,11,0.0795775) (12,11,0.0379421) (14,11,0.0294433) (17,11,8.71138e-05) (20,11,-0.0287705) (3,12,0.0379018) (5,12,0.0315635) (7,12,0.0177492) (8,12,0.0359425) (9,12,0.0357968) (10,12,0.0194253) (11,12,0.0379421) (12,12,0.0795775) (15,12,0.038083) (18,12,0.0192077) (19,12,0.0354641) (20,12,0.0357112) (8,13,0.0263688) (10,13,0.0279722) (13,13,0.0795775) (14,13,0.0274826) (15,13,0.000507136) (16,13,0.0373966) (19,13,0.0271708) (2,14,0.0362824) (4,14,0.0397151) (6,14,0.0346191) (8,14,-0.00333343) (11,14,0.0294433) (13,14,0.0274826) (14,14,0.0795775) (15,14,0.0291203) (17,14,0.026827) (20,14,-0.00280331) (3,15,0.0397841) (5,15,0.0372276) (7,15,0.0273032) (8,15,-0.029458) (12,15,0.038083) (13,15,0.000507136) (14,15,0.0291203) (15,15,0.0795775) (18,15,0.0284776) (19,15,0.0287184) (20,15,0.0290979) (9,16,0.0351187) (10,16,0.016627) (13,16,0.0373966) (16,16,0.0795775) (17,16,0.0376934) (18,16,0.0168528) (19,16,0.0354638) (2,17,0.0124014) (4,17,0.0285637) (6,17,0.0378258) (9,17,0.0272798) (11,17,8.71138e-05) (14,17,0.026827) (16,17,0.0376934) (17,17,0.0795775) (18,17,0.0275076) (20,17,0.0274215) (3,18,0.0289003) (5,18,0.0364531) (7,18,0.0397546) (9,18,-0.0020682) (12,18,0.0192077) (15,18,0.0284776) (16,18,0.0168528) (17,18,0.0275076) (18,18,0.0795775) (19,18,0.00132135) (20,18,0.00187332) (3,19,0.0282927) (5,19,0.0171491) (7,19,-0.0003255) (10,19,-0.00157006) (12,19,0.0354641) (13,19,0.0271708) (15,19,0.0287184) (16,19,0.0354638) (18,19,0.00132135) (19,19,0.0795775) (20,19,0.0397849) (2,20,-0.0188477) (3,20,0.0286784) (4,20,-0.000385348) (5,20,0.0176459) (6,20,0.017125) (7,20,0.000226913) (11,20,-0.0287705) (12,20,0.0357112) (14,20,-0.00280331) (15,20,0.0290979) (17,20,0.0274215) (18,20,0.00187332) (19,20,0.0397849) (20,20,0.0795775) 
Minv:
size: 27 27
(0,0,0.0397887) (1,1,0.0397887) (2,2,0.0795775) (3,3,0.0397887) (4,4,0.0397887) (5,5,0.0795775) (6,6,0.0397887) (7,7,0.0397887) (8,8,0.0795775) (9,9,0.0397887) (10,10,0.0397887) (11,11,0.0795775) (12,12,0.0397887) (13,13,0.0397887) (14,14,0.0795775) (15,15,0.0397887) (16,16,0.0397887) (17,17,0.0795775) (18,18,0.0397887) (19,19,0.0397887) (20,20,0.0795775) (21,21,0.0397887) (22,22,0.0397887) (23,23,0.0795775) (24,24,0.0397887) (25,25,0.0397887) (26,26,0.0795775) 
v0:
size: 27 1
(0,0,-0.823001) (1,0,0.742948) (2,0,0) (3,0,-0.54032) (4,0,0.431654) (5,0,0) (6,0,-0.596224) (7,0,0.609398) (8,0,0) (9,0,0.935661) (10,0,0.508586) (11,0,0) (12,0,0.803806) (13,0,0.284551) (14,0,0) (15,0,0.82799) (16,0,0.320278) (17,0,0) (18,0,0.399235) (19,0,0.165016) (20,0,0) (21,0,-0.930369) (22,0,0.18147) (23,0,0) (24,0,-0.711076) (25,0,-0.897642) (26,0,0) 
ipopt_sol:
size: 21 1
(0,0,8.14192) (1,0,1.91018e-06) (2,0,6.17883e-08) (3,0,1.25649e-07) (4,0,5.48305e-08) (5,0,9.90506e-08) (6,0,4.05735e-08) (7,0,5.03089e-08) (8,0,2.41214e-07) (9,0,1.05716e-07) (10,0,6.388e-07) (11,0,42.8468) (12,0,5.58188e-07) (13,0,2.36614e-07) (14,0,24.7705) (15,0,11.7926) (16,0,1.38985e-07) (17,0,2.88837e-07) (18,0,34.3696) (19,0,3.88752) (20,0,36.3068) 
policy_sol:
size: 21 1
(0,0,8.14192) (1,0,0) (2,0,0) (3,0,0) (4,0,0) (5,0,0) (6,0,0) (7,0,0) (8,0,0) (9,0,0) (10,0,0) (11,0,42.8469) (12,0,0) (13,0,0) (14,0,24.7705) (15,0,11.7926) (16,0,0) (17,0,0) (18,0,34.3696) (19,0,3.88752) (20,0,36.3068) 

policy_converges:
1
