Git Revision:     3cfe7dc3fe6810e9e399640d632720aa3564fe80
Build Mode:       Debug
C Compiler:       /usr/bin/cc
C++ Compiler:     /usr/bin/c++
Fortran Compiler: gfortran
Body count: 9
No end time specified. Simulation will run indefinitely.
N:
size: 27 21
(0,0,-0.0429004) (1,0,-0.999079) (3,0,0.0429004) (4,0,0.999079) (0,1,-0.0346984) (1,1,-0.999398) (6,1,0.0346984) (7,1,0.999398) (0,2,-0.999874) (1,2,-0.0158726) (9,2,0.999874) (10,2,0.0158726) (0,3,-0.467279) (1,3,-0.88411) (15,3,0.467279) (16,3,0.88411) (0,4,-0.999918) (1,4,0.0128198) (18,4,0.999918) (19,4,-0.0128198) (3,5,-0.026963) (4,5,-0.999636) (6,5,0.026963) (7,5,0.999636) (3,6,-0.698909) (4,6,0.715211) (9,6,0.698909) (10,6,-0.715211) (3,7,-0.885944) (4,7,0.463792) (18,7,0.885944) (19,7,-0.463792) (6,8,-0.415031) (7,8,0.909807) (9,8,0.415031) (10,8,-0.909807) (6,9,-0.684223) (7,9,0.729273) (12,9,0.684223) (13,9,-0.729273) (6,10,-1) (7,10,0.00054853) (15,10,1) (16,10,-0.00054853) (6,11,-0.679092) (7,11,0.734054) (18,11,0.679092) (19,11,-0.734054) (6,12,-0.872985) (7,12,0.487747) (21,12,0.872985) (22,12,-0.487747) (9,13,-0.0473545) (10,13,-0.998878) (12,13,0.0473545) (13,13,0.998878) (9,14,-0.0413194) (10,14,-0.999146) (15,14,0.0413194) (16,14,0.999146) (12,15,-0.0355349) (13,15,-0.999368) (15,15,0.0355349) (16,15,0.999368) (12,16,-0.673844) (13,16,0.738874) (18,16,0.673844) (19,16,-0.738874) (15,17,-0.400931) (16,17,0.916108) (18,17,0.400931) (19,17,-0.916108) (15,18,-0.651233) (16,18,0.758878) (21,18,0.651233) (22,18,-0.758878) (18,19,-0.0176102) (19,19,-0.999845) (24,19,0.0176102) (25,19,0.999845) (21,20,-0.0122977) (22,20,-0.999924) (24,20,0.0122977) (25,20,0.999924) 
Q:
size: 21 21
(0,0,0.0795775) (1,0,0.0397874) (2,0,0.00233771) (3,0,0.0359428) (4,0,0.0011972) (5,0,-0.0397837) (6,0,0.0272381) (7,0,0.0169244) (0,1,0.0397874) (1,1,0.0795775) (2,1,0.0020116) (3,1,0.0358016) (4,1,0.000870712) (5,1,0.0397875) (8,1,0.0356053) (9,1,0.0280547) (10,1,-0.00135879) (11,1,0.0282519) (12,1,0.0181899) (0,2,0.00233771) (1,2,0.0020116) (2,2,0.0795775) (3,2,0.0191485) (4,2,0.0397724) (6,2,0.0273535) (8,2,0.0159369) (13,2,-0.00251478) (14,2,-0.00227485) (0,3,0.0359428) (1,3,0.0358016) (2,3,0.0191485) (3,3,0.0795775) (4,3,0.0181399) (10,3,0.0185731) (14,3,0.0359158) (15,3,0.0358161) (17,3,0.0247722) (18,3,0.0145875) (0,4,0.0011972) (1,4,0.000870712) (2,4,0.0397724) (3,4,0.0181399) (4,4,0.0795775) (7,4,0.0354843) (11,4,0.0273924) (16,4,0.0271861) (17,4,0.0164185) (19,4,-0.000190624) (0,5,-0.0397837) (1,5,0.0397875) (5,5,0.0795775) (6,5,-0.0276972) (7,5,-0.0174965) (8,5,0.0357417) (9,5,0.0282723) (10,5,-0.00105101) (11,5,0.0284679) (12,5,0.0184632) (0,6,0.0272381) (2,6,0.0273535) (5,6,-0.0276972) (6,6,0.0795775) (7,6,0.0378352) (8,6,0.0374322) (13,6,0.0271085) (14,6,0.027284) (0,7,0.0169244) (4,7,0.0354843) (5,7,-0.0174965) (6,7,0.0378352) (7,7,0.0795775) (11,7,0.0374844) (16,7,0.0373883) (17,7,0.0310386) (19,7,0.0178301) (1,8,0.0356053) (2,8,0.0159369) (5,8,0.0357417) (6,8,0.0374322) (8,8,0.0795775) (9,8,0.0376987) (10,8,0.0165334) (11,8,0.037787) (12,8,0.0320726) (13,8,0.0353775) (14,8,0.0354868) (1,9,0.0280547) (5,9,0.0282723) (8,9,0.0376987) (9,9,0.0795775) (10,9,0.0272403) (11,9,0.0397878) (12,9,0.0379193) (13,9,-0.0276951) (15,9,0.0280311) (16,9,-0.0397848) (1,10,-0.00135879) (3,10,0.0185731) (5,10,-0.00105101) (8,10,0.0165334) (9,10,0.0272403) (10,10,0.0795775) (11,10,0.0270362) (12,10,0.0347456) (14,10,0.00162224) (15,10,0.00139208) (17,10,-0.0159725) (18,10,-0.0259283) (1,11,0.0282519) (4,11,0.0273924) (5,11,0.0284679) (7,11,0.0374844) (8,11,0.037787) (9,11,0.0397878) (10,11,0.0270362) (11,11,0.0795775) (12,11,0.0378339) (16,11,0.0397877) (17,11,0.0375901) (19,11,0.0287267) (1,12,0.0181899) (5,12,0.0184632) (8,12,0.0320726) (9,12,0.0379193) (10,12,0.0347456) (11,12,0.0378339) (12,12,0.0795775) (18,12,0.037348) (20,12,0.0189782) (2,13,-0.00251478) (6,13,0.0271085) (8,13,0.0353775) (9,13,-0.0276951) (13,13,0.0795775) (14,13,0.039788) (15,13,-0.039786) (16,13,0.0280962) (2,14,-0.00227485) (3,14,0.0359158) (6,14,0.027284) (8,14,0.0354868) (10,14,0.00162224) (13,14,0.039788) (14,14,0.0795775) (15,14,0.0397881) (17,14,0.0357605) (18,14,0.0290983) (3,15,0.0358161) (9,15,0.0280311) (10,15,0.00139208) (13,15,-0.039786) (14,15,0.0397881) (15,15,0.0795775) (16,15,-0.0284276) (17,15,0.0358609) (18,15,0.0292549) (4,16,0.0271861) (7,16,0.0373883) (9,16,-0.0397848) (11,16,0.0397877) (13,16,0.0280962) (15,16,-0.0284276) (16,16,0.0795775) (17,16,0.0376821) (19,16,0.0289222) (3,17,0.0247722) (4,17,0.0164185) (7,17,0.0310386) (10,17,-0.0159725) (11,17,0.0375901) (14,17,0.0357605) (15,17,0.0358609) (16,17,0.0376821) (17,17,0.0795775) (18,17,0.0380505) (19,17,0.0361642) (3,18,0.0145875) (10,18,-0.0259283) (12,18,0.037348) (14,18,0.0290983) (15,18,0.0292549) (17,18,0.0380505) (18,18,0.0795775) (20,18,0.0298738) (4,19,-0.000190624) (7,19,0.0178301) (11,19,0.0287267) (16,19,0.0289222) (17,19,0.0361642) (19,19,0.0795775) (20,19,0.0397882) (12,20,0.0189782) (18,20,0.0298738) (19,20,0.0397882) (20,20,0.0795775) 
Minv:
size: 27 27
(0,0,0.0397887) (1,1,0.0397887) (2,2,0.0795775) (3,3,0.0397887) (4,4,0.0397887) (5,5,0.0795775) (6,6,0.0397887) (7,7,0.0397887) (8,8,0.0795775) (9,9,0.0397887) (10,10,0.0397887) (11,11,0.0795775) (12,12,0.0397887) (13,13,0.0397887) (14,14,0.0795775) (15,15,0.0397887) (16,16,0.0397887) (17,17,0.0795775) (18,18,0.0397887) (19,19,0.0397887) (20,20,0.0795775) (21,21,0.0397887) (22,22,0.0397887) (23,23,0.0795775) (24,24,0.0397887) (25,25,0.0397887) (26,26,0.0795775) 
v0:
size: 27 1
(0,0,-0.176195) (1,0,-0.249593) (2,0,0) (3,0,-0.118817) (4,0,-0.657546) (5,0,0) (6,0,0.225479) (7,0,-0.897624) (8,0,0) (9,0,-0.708997) (10,0,0.634153) (11,0,0) (12,0,0.635508) (13,0,0.0467786) (14,0,0) (15,0,0.0633445) (16,0,-0.462787) (17,0,0) (18,0,-0.462835) (19,0,0.274802) (20,0,0) (21,0,0.796232) (22,0,0.956122) (23,0,0) (24,0,0.708027) (25,0,0.057918) (26,0,0) 
ipopt_sol:
size: 21 1
(0,0,5.55875) (1,0,2.74485e-07) (2,0,0.571636) (3,0,8.68344e-08) (4,0,2.91005e-07) (5,0,2.78976e-07) (6,0,13.457) (7,0,2.82038e-07) (8,0,38.3284) (9,0,1.50698e-06) (10,0,2.54914e-07) (11,0,1.79611e-06) (12,0,9.74138e-08) (13,0,1.45952e-07) (14,0,1.47535e-07) (15,0,24.6075) (16,0,31.626) (17,0,2.92226e-07) (18,0,4.53712e-07) (19,0,5.39573e-08) (20,0,22.5999) 
policy_sol:
size: 21 1
(0,0,5.55875) (1,0,0) (2,0,0.571634) (3,0,0) (4,0,0) (5,0,0) (6,0,13.457) (7,0,0) (8,0,38.3284) (9,0,0) (10,0,0) (11,0,0) (12,0,0) (13,0,0) (14,0,0) (15,0,24.6075) (16,0,31.626) (17,0,0) (18,0,0) (19,0,0) (20,0,22.5999) 

policy_converges:
1
