Git Revision:     3cfe7dc3fe6810e9e399640d632720aa3564fe80
Build Mode:       Debug
C Compiler:       /usr/bin/cc
C++ Compiler:     /usr/bin/c++
Fortran Compiler: gfortran
Body count: 9
No end time specified. Simulation will run indefinitely.
N:
size: 27 16
(0,0,0.0380165) (1,0,-0.999277) (6,0,-0.0380165) (7,0,0.999277) (0,1,-0.997219) (1,1,-0.0745326) (9,1,0.997219) (10,1,0.0745326) (0,2,-0.691427) (1,2,-0.722447) (12,2,0.691427) (13,2,0.722447) (0,3,-0.883391) (1,3,-0.468636) (21,3,0.883391) (22,3,0.468636) (3,4,0.0320185) (4,4,-0.999487) (6,4,-0.0320185) (7,4,0.999487) (3,5,-0.999816) (4,5,0.0192003) (21,5,0.999816) (22,5,-0.0192003) (6,6,-0.473998) (7,6,0.880526) (9,6,0.473998) (10,6,-0.880526) (6,7,-0.731058) (7,7,0.682316) (12,7,0.731058) (13,7,-0.682316) (6,8,-0.997902) (7,8,-0.0647457) (15,8,0.997902) (16,8,0.0647457) (6,9,-0.728965) (7,9,0.684551) (18,9,0.728965) (19,9,-0.684551) (6,10,-0.905479) (7,10,0.424392) (21,10,0.905479) (22,10,-0.424392) (6,11,-0.999827) (7,11,-0.0186182) (24,11,0.999827) (25,11,0.0186182) (12,12,-0.999706) (13,12,-0.024261) (21,12,0.999706) (22,12,0.024261) (15,13,-0.682316) (16,13,0.731057) (21,13,0.682316) (22,13,-0.731057) (18,14,0.0405598) (19,14,-0.999177) (21,14,-0.0405598) (22,14,0.999177) (18,15,0.0204583) (19,15,-0.999791) (24,15,-0.0204583) (25,15,0.999791) 
Q:
size: 16 16
(0,0,0.0795775) (1,0,0.00145499) (2,0,0.0276786) (3,0,0.0172967) (4,0,0.039788) (6,0,0.0357267) (7,0,0.0282347) (8,0,-0.00106483) (9,0,0.0283204) (10,0,0.0182435) (11,0,0.00077211) (0,1,0.00145499) (1,1,0.0795775) (2,1,0.0295769) (3,1,0.036441) (6,1,0.0161961) (0,2,0.0276786) (1,2,0.0295769) (2,2,0.0795775) (3,2,0.037774) (7,2,0.000498808) (12,2,-0.0282003) (0,3,0.0172967) (1,3,0.036441) (2,3,0.037774) (3,3,0.0795775) (5,3,0.0347845) (10,3,0.0239133) (12,3,0.0355911) (13,3,0.0103512) (14,3,0.0172054) (0,4,0.039788) (4,4,0.0795775) (5,4,-0.00203731) (6,4,0.0356209) (7,4,0.0280659) (8,4,-0.00130353) (9,4,0.0281522) (10,4,0.0180309) (11,4,0.00053334) (3,5,0.0347845) (4,5,-0.00203731) (5,5,0.0795775) (10,5,0.0363454) (12,5,0.0397512) (13,5,0.027702) (14,5,-0.00237685) (0,6,0.0357267) (1,6,0.0161961) (4,6,0.0356209) (6,6,0.0795775) (7,6,0.0376925) (8,6,0.0165518) (9,6,0.0377314) (10,6,0.0319457) (11,6,0.0182042) (0,7,0.0282347) (2,7,0.000498808) (4,7,0.0280659) (6,7,0.0376925) (7,7,0.0795775) (8,7,0.0272691) (9,7,0.0397885) (10,7,0.03786) (11,7,0.0285774) (12,7,-0.0284207) (0,8,-0.00106483) (4,8,-0.00130353) (6,8,0.0165518) (7,8,0.0272691) (8,8,0.0795775) (9,8,0.0271802) (10,8,0.034859) (11,8,0.0397463) (13,8,-0.0252082) (0,9,0.0283204) (4,9,0.0281522) (6,9,0.0377314) (7,9,0.0397885) (8,9,0.0271802) (9,9,0.0795775) (10,9,0.0378224) (11,9,0.0284924) (14,9,0.0283914) (15,9,0.0278251) (0,10,0.0182435) (3,10,0.0239133) (4,10,0.0180309) (5,10,0.0363454) (6,10,0.0319457) (7,10,0.03786) (8,10,0.034859) (9,10,0.0378224) (10,10,0.0795775) (11,10,0.0357072) (12,10,0.0356076) (13,10,0.036927) (14,10,-0.0183334) (0,11,0.00077211) (4,11,0.00053334) (6,11,0.0182042) (7,11,0.0285774) (8,11,0.0397463) (9,11,0.0284924) (10,11,0.0357072) (11,11,0.0795775) (15,11,-7.32324e-05) (2,12,-0.0282003) (3,12,0.0355911) (5,12,0.0397512) (7,12,-0.0284207) (10,12,0.0356076) (12,12,0.0795775) (13,12,0.0264348) (14,12,-0.000648828) (3,13,0.0103512) (5,13,0.027702) (8,13,-0.0252082) (10,13,0.036927) (12,13,0.0264348) (13,13,0.0795775) (14,13,-0.030165) (3,14,0.0172054) (5,14,-0.00237685) (9,14,0.0283914) (10,14,-0.0183334) (12,14,-0.000648828) (13,14,-0.030165) (14,14,0.0795775) (15,14,0.0397807) (9,15,0.0278251) (11,15,-7.32324e-05) (14,15,0.0397807) (15,15,0.0795775) 
Minv:
size: 27 27
(0,0,0.0397887) (1,1,0.0397887) (2,2,0.0795775) (3,3,0.0397887) (4,4,0.0397887) (5,5,0.0795775) (6,6,0.0397887) (7,7,0.0397887) (8,8,0.0795775) (9,9,0.0397887) (10,10,0.0397887) (11,11,0.0795775) (12,12,0.0397887) (13,13,0.0397887) (14,14,0.0795775) (15,15,0.0397887) (16,16,0.0397887) (17,17,0.0795775) (18,18,0.0397887) (19,19,0.0397887) (20,20,0.0795775) (21,21,0.0397887) (22,22,0.0397887) (23,23,0.0795775) (24,24,0.0397887) (25,25,0.0397887) (26,26,0.0795775) 
v0:
size: 27 1
(0,0,0.0645723) (1,0,0.191251) (2,0,0) (3,0,-0.499941) (4,0,0.417823) (5,0,0) (6,0,0.80661) (7,0,-0.34004) (8,0,0) (9,0,-0.74161) (10,0,0.132737) (11,0,0) (12,0,-0.262516) (13,0,0.148561) (14,0,0) (15,0,-0.012268) (16,0,0.86393) (17,0,0) (18,0,0.625123) (19,0,0.645101) (20,0,0) (21,0,-0.675844) (22,0,0.474142) (23,0,0) (24,0,0.571861) (25,0,0.595434) (26,0,0) 
ipopt_sol:
size: 16 1
(0,0,4.4457e-07) (1,0,19.6988) (2,0,1.30437e-06) (3,0,9.8381e-08) (4,0,8.00515) (5,0,7.64183e-08) (6,0,3.02666) (7,0,4.77074) (8,0,1.08595e-06) (9,0,1.07844e-07) (10,0,39.9246) (11,0,6.66068e-08) (12,0,1.84406e-07) (13,0,1.07795e-07) (14,0,12.165) (15,0,2.25031e-07) 
policy_sol:
size: 16 1
(0,0,0) (1,0,19.6988) (2,0,0) (3,0,0) (4,0,8.00515) (5,0,0) (6,0,3.02666) (7,0,4.77074) (8,0,0) (9,0,0) (10,0,39.9246) (11,0,0) (12,0,0) (13,0,0) (14,0,12.165) (15,0,0) 

policy_converges:
1
