Git Revision:     18345a57b34405566a64d0bf3d2a118f1cdbade3
Build Mode:       Debug
C Compiler:       /usr/bin/cc
C++ Compiler:     /usr/bin/c++
Fortran Compiler: gfortran
Body count: 9
No end time specified. Simulation will run indefinitely.
N:
size: 27 20
(0,0,0.0398656) (1,0,-0.999205) (3,0,-0.0398656) (4,0,0.999205) (0,1,-0.99998) (1,1,0.00624703) (9,1,0.99998) (10,1,-0.00624703) (0,2,-0.444065) (1,2,-0.895994) (15,2,0.444065) (16,2,0.895994) (0,3,-0.708281) (1,3,-0.70593) (24,3,0.708281) (25,3,0.70593) (3,4,-0.733145) (4,4,0.680072) (9,4,0.733145) (10,4,-0.680072) (3,5,-0.999994) (4,5,-0.00356249) (12,5,0.999994) (13,5,0.00356249) (3,6,-0.720888) (4,6,-0.693051) (15,6,0.720888) (16,6,0.693051) (3,7,-0.90164) (4,7,0.432488) (18,7,0.90164) (19,7,-0.432488) (3,8,-0.999904) (4,8,-0.0138502) (21,8,0.999904) (22,8,0.0138502) (3,9,-0.893478) (4,9,-0.449108) (24,9,0.893478) (25,9,0.449108) (6,10,-0.693785) (7,10,0.720182) (12,10,0.693785) (13,10,-0.720182) (6,11,-0.999448) (7,11,-0.033225) (24,11,0.999448) (25,11,0.033225) (9,12,0.0312375) (10,12,-0.999512) (15,12,-0.0312375) (16,12,0.999512) (12,13,-0.00220315) (13,13,-0.999998) (15,13,0.00220315) (16,13,0.999998) (12,14,-0.716846) (13,14,-0.697232) (24,14,0.716846) (25,14,0.697232) (15,15,-0.454604) (16,15,0.890694) (18,15,0.454604) (19,15,-0.890694) (15,16,-0.997636) (16,16,-0.0687255) (24,16,0.997636) (25,16,0.0687255) (18,17,-0.0146202) (19,17,-0.999893) (21,17,0.0146202) (22,17,0.999893) (18,18,-0.0421734) (19,18,-0.99911) (24,18,0.0421734) (25,18,0.99911) (21,19,-0.0687513) (22,19,-0.997634) (24,19,0.0687513) (25,19,0.997634) 
Q:
size: 20 20
(0,0,0.0795775) (1,0,-0.00183453) (2,0,0.0349178) (3,0,0.0269423) (4,0,0.0282006) (5,0,0.00144456) (6,0,-0.0264102) (7,0,0.0186247) (8,0,0.0010354) (9,0,-0.016438) (0,1,-0.00183453) (1,1,0.0795775) (2,1,0.0174457) (3,1,0.0280056) (4,1,0.0293394) (12,1,0.00149132) (0,2,0.0349178) (1,2,0.0174457) (2,2,0.0795775) (3,2,0.0376812) (6,2,0.0374448) (12,2,0.0350812) (13,2,0.0356893) (15,2,0.0237214) (16,2,-0.0200771) (0,3,0.0269423) (1,3,0.0280056) (2,3,0.0376812) (3,3,0.0795775) (9,3,0.0377942) (11,3,0.0290993) (14,3,0.0397858) (16,3,0.0300454) (18,3,0.0292516) (19,3,0.0299591) (0,4,0.0282006) (1,4,0.0293394) (4,4,0.0795775) (5,4,0.0290743) (6,4,0.00227555) (7,4,0.0380044) (8,4,0.0287933) (9,4,0.0139111) (12,4,0.0279572) (0,5,0.00144456) (4,5,0.0290743) (5,5,0.0795775) (6,5,0.0287813) (7,5,0.0358136) (8,5,0.0397866) (9,5,0.0356138) (10,5,0.0275026) (13,5,-0.000229406) (14,5,-0.028621) (0,6,-0.0264102) (2,6,0.0374448) (4,6,0.00227555) (5,6,0.0287813) (6,6,0.0795775) (7,6,0.0139358) (8,6,0.0290624) (9,6,0.0380123) (12,6,0.0266662) (13,6,0.0276388) (15,6,0.0115219) (16,6,-0.0305106) (0,7,0.0186247) (4,7,0.0380044) (5,7,0.0358136) (6,7,0.0139358) (7,7,0.0795775) (8,7,0.0356333) (9,7,0.0243253) (15,7,0.0316362) (17,7,0.0166818) (18,7,0.0156799) (0,8,0.0010354) (4,8,0.0287933) (5,8,0.0397866) (6,8,0.0290624) (7,8,0.0356333) (8,8,0.0795775) (9,8,0.0357944) (17,8,0.00113269) (19,8,-0.00328505) (0,9,-0.016438) (3,9,0.0377942) (4,9,0.0139111) (5,9,0.0356138) (6,9,0.0380123) (7,9,0.0243253) (8,9,0.0357944) (9,9,0.0795775) (11,9,0.0361244) (14,9,0.0379432) (16,9,0.0366944) (18,9,0.0193528) (19,9,0.0202713) (5,10,0.0275026) (10,10,0.0795775) (11,10,0.0266375) (13,10,0.0285942) (14,10,0.000190858) (3,11,0.0290993) (9,11,0.0361244) (10,11,0.0266375) (11,11,0.0795775) (14,11,0.0294284) (16,11,0.0397636) (18,11,0.00299791) (19,11,0.00405287) (1,12,0.00149132) (2,12,0.0350812) (4,12,0.0279572) (6,12,0.0266662) (12,12,0.0795775) (13,12,0.0397665) (15,12,0.0359873) (16,12,-0.0014932) (2,13,0.0356893) (5,13,-0.000229406) (6,13,0.0276388) (10,13,0.0285942) (12,13,0.0397665) (13,13,0.0795775) (14,13,0.0278048) (15,13,0.0353996) (16,13,-0.00282195) (3,14,0.0397858) (5,14,-0.028621) (9,14,0.0379432) (10,14,0.000190858) (11,14,0.0294284) (13,14,0.0278048) (14,14,0.0795775) (16,14,0.0303615) (18,14,0.0289202) (19,14,0.0296373) (2,15,0.0237214) (6,15,0.0115219) (7,15,0.0316362) (12,15,0.0359873) (13,15,0.0353996) (15,15,0.0795775) (16,15,0.0156097) (17,15,0.0351713) (18,15,0.0346452) (2,16,-0.0200771) (3,16,0.0300454) (6,16,-0.0305106) (9,16,0.0366944) (11,16,0.0397636) (12,16,-0.0014932) (13,16,-0.00282195) (14,16,0.0303615) (15,16,0.0156097) (16,16,0.0795775) (18,16,0.00440613) (19,16,0.00545709) (7,17,0.0166818) (8,17,0.00113269) (15,17,0.0351713) (17,17,0.0795775) (18,17,0.0397736) (19,17,-0.0397303) (3,18,0.0292516) (7,18,0.0156799) (9,18,0.0193528) (11,18,0.00299791) (14,18,0.0289202) (15,18,0.0346452) (16,18,0.00440613) (17,18,0.0397736) (18,18,0.0795775) (19,18,0.0397746) (3,19,0.0299591) (8,19,-0.00328505) (9,19,0.0202713) (11,19,0.00405287) (14,19,0.0296373) (16,19,0.00545709) (17,19,-0.0397303) (18,19,0.0397746) (19,19,0.0795775) 
Minv:
size: 27 27
(0,0,0.0397887) (1,1,0.0397887) (2,2,0.0795775) (3,3,0.0397887) (4,4,0.0397887) (5,5,0.0795775) (6,6,0.0397887) (7,7,0.0397887) (8,8,0.0795775) (9,9,0.0397887) (10,10,0.0397887) (11,11,0.0795775) (12,12,0.0397887) (13,13,0.0397887) (14,14,0.0795775) (15,15,0.0397887) (16,16,0.0397887) (17,17,0.0795775) (18,18,0.0397887) (19,19,0.0397887) (20,20,0.0795775) (21,21,0.0397887) (22,22,0.0397887) (23,23,0.0795775) (24,24,0.0397887) (25,25,0.0397887) (26,26,0.0795775) 
v0:
size: 27 1
(0,0,-0.494865) (1,0,0.346556) (2,0,0) (3,0,0.130929) (4,0,0.0996704) (5,0,0) (6,0,-0.808972) (7,0,0.547913) (8,0,0) (9,0,-0.652137) (10,0,-0.610636) (11,0,0) (12,0,-0.808521) (13,0,0.661543) (14,0,0) (15,0,-0.472357) (16,0,-0.705561) (17,0,0) (18,0,-0.205253) (19,0,0.359721) (20,0,0) (21,0,-0.0865863) (22,0,-0.41208) (23,0,0) (24,0,-0.815868) (25,0,-0.513417) (26,0,0) 
ipopt_sol:
size: 20 1
(0,0,7.85199) (1,0,2.11478) (2,0,3.29466) (3,0,3.25709) (4,0,1.01404e-07) (5,0,19.1368) (6,0,5.10684) (7,0,1.14669e-07) (8,0,9.79215e-08) (9,0,10.5399) (10,0,6.59492e-08) (11,0,1.14541e-07) (12,0,6.53044e-08) (13,0,29.1157) (14,0,6.11378) (15,0,2.13833e-07) (16,0,3.03486) (17,0,24.0513) (18,0,3.74606e-06) (19,0,9.41278) 
policy_sol:
size: 20 1
(0,0,9.28981) (1,0,2.11478) (2,0,0) (3,0,5.40364) (4,0,0) (5,0,14.7635) (6,0,2.93818) (7,0,0) (8,0,0) (9,0,17.1201) (10,0,0) (11,0,0) (12,0,0) (13,0,33.3628) (14,0,0) (15,0,0) (16,0,0.0106687) (17,0,24.0513) (18,0,0) (19,0,9.41278) 

policy_converges:
1
ipopt_converges:
0
