Git Revision:     3cfe7dc3fe6810e9e399640d632720aa3564fe80
Build Mode:       Debug
C Compiler:       /usr/bin/cc
C++ Compiler:     /usr/bin/c++
Fortran Compiler: gfortran
Body count: 9
No end time specified. Simulation will run indefinitely.
N:
size: 27 14
(0,0,0.033952) (1,0,-0.999423) (3,0,-0.033952) (4,0,0.999423) (0,1,-0.998304) (1,1,-0.0582194) (9,1,0.998304) (10,1,0.0582194) (0,2,-0.704989) (1,2,-0.709218) (12,2,0.704989) (13,2,0.709218) (0,3,-0.448398) (1,3,-0.893834) (15,3,0.448398) (16,3,0.893834) (0,4,-0.99988) (1,4,-0.0154706) (18,4,0.99988) (19,4,0.0154706) (0,5,-0.884366) (1,5,-0.466794) (21,5,0.884366) (22,5,0.466794) (0,6,-0.70643) (1,6,-0.707783) (24,6,0.70643) (25,6,0.707783) (9,7,-0.715072) (10,7,-0.699051) (21,7,0.715072) (22,7,0.699051) (9,8,-0.459642) (10,8,-0.888104) (24,8,0.459642) (25,8,0.888104) (12,9,-0.999336) (13,9,-0.0364267) (21,9,0.999336) (22,9,0.0364267) (12,10,-0.707959) (13,10,-0.706253) (24,10,0.707959) (25,10,0.706253) (15,11,-0.733583) (16,11,0.679599) (21,11,0.733583) (22,11,-0.679599) (15,12,-0.999939) (16,12,0.0110836) (24,12,0.999939) (25,12,-0.0110836) (18,13,-0.0462274) (19,13,-0.998931) (21,13,0.0462274) (22,13,0.998931) 
Q:
size: 14 14
(0,0,0.0795775) (1,0,0.000966526) (2,0,0.0272502) (3,0,0.0349383) (4,0,-0.000735545) (5,0,0.0173677) (6,0,0.0271912) (0,1,0.000966526) (1,1,0.0795775) (2,1,0.0296459) (3,1,0.0198815) (4,1,0.0397523) (5,1,0.0362094) (6,1,0.0296999) (7,1,-0.0300229) (8,1,-0.0203148) (0,2,0.0272502) (1,2,0.0296459) (2,2,0.0795775) (3,2,0.0378008) (4,2,0.0284838) (5,2,0.0379794) (6,2,0.0397887) (9,2,-0.0290599) (10,2,-0.0397884) (0,3,0.0349383) (1,3,0.0198815) (2,3,0.0378008) (3,3,0.0795775) (4,3,0.0183892) (5,3,0.0323794) (6,3,0.0377755) (11,3,0.0110816) (12,3,-0.0174459) (0,4,-0.000735545) (1,4,0.0397523) (2,4,0.0284838) (3,4,0.0183892) (4,4,0.0795775) (5,4,0.0354709) (6,4,0.0285403) (13,4,-0.00245401) (0,5,0.0173677) (1,5,0.0362094) (2,5,0.0379794) (3,5,0.0323794) (4,5,0.0354709) (5,5,0.0795775) (6,5,0.0380035) (7,5,0.0381454) (9,5,0.035841) (11,5,0.0131909) (13,5,0.0201799) (0,6,0.0271912) (1,6,0.0296999) (2,6,0.0397887) (3,6,0.0377755) (4,6,0.0285403) (5,6,0.0380035) (6,6,0.0795775) (8,6,0.0379302) (10,6,0.0397886) (12,6,0.0277941) (1,7,-0.0300229) (5,7,0.0381454) (7,7,0.0795775) (8,7,0.0377797) (9,7,0.0294461) (11,7,0.00196917) (13,7,0.0290999) (1,8,-0.0203148) (6,8,0.0379302) (7,8,0.0377797) (8,8,0.0795775) (10,8,0.0379041) (12,8,0.0178958) (2,9,-0.0290599) (5,9,0.035841) (7,9,0.0294461) (9,9,0.0795775) (10,9,0.0291737) (11,9,0.028184) (13,9,0.00328593) (2,10,-0.0397884) (6,10,0.0397886) (8,10,0.0379041) (9,10,0.0291737) (10,10,0.0795775) (12,10,0.0278556) (3,11,0.0110816) (5,11,0.0131909) (7,11,0.00196917) (9,11,0.028184) (11,11,0.0795775) (12,11,0.0294863) (13,11,-0.0256622) (3,12,-0.0174459) (6,12,0.0277941) (8,12,0.0178958) (10,12,0.0278556) (11,12,0.0294863) (12,12,0.0795775) (4,13,-0.00245401) (5,13,0.0201799) (7,13,0.0290999) (9,13,0.00328593) (11,13,-0.0256622) (13,13,0.0795775) 
Minv:
size: 27 27
(0,0,0.0397887) (1,1,0.0397887) (2,2,0.0795775) (3,3,0.0397887) (4,4,0.0397887) (5,5,0.0795775) (6,6,0.0397887) (7,7,0.0397887) (8,8,0.0795775) (9,9,0.0397887) (10,10,0.0397887) (11,11,0.0795775) (12,12,0.0397887) (13,13,0.0397887) (14,14,0.0795775) (15,15,0.0397887) (16,16,0.0397887) (17,17,0.0795775) (18,18,0.0397887) (19,19,0.0397887) (20,20,0.0795775) (21,21,0.0397887) (22,22,0.0397887) (23,23,0.0795775) (24,24,0.0397887) (25,25,0.0397887) (26,26,0.0795775) 
v0:
size: 27 1
(0,0,0.423057) (1,0,0.579937) (2,0,0) (3,0,-0.993277) (4,0,-0.371457) (5,0,0) (6,0,-0.60502) (7,0,0.649072) (8,0,0) (9,0,-0.388334) (10,0,0.225317) (11,0,0) (12,0,-0.356803) (13,0,0.336922) (14,0,0) (15,0,0.633612) (16,0,0.439201) (17,0,0) (18,0,0.354673) (19,0,-0.675744) (20,0,0) (21,0,-0.575051) (22,0,-0.662907) (23,0,0) (24,0,0.158825) (25,0,-0.444325) (26,0,0) 
ipopt_sol:
size: 14 1
(0,0,20.2402) (1,0,25.2614) (2,0,3.81872e-07) (3,0,6.17569e-08) (4,0,6.82256e-08) (5,0,9.81357) (6,0,3.93323e-07) (7,0,23.031) (8,0,1.59319) (9,0,1.65248e-07) (10,0,0.000271365) (11,0,3.78199e-07) (12,0,11.3275) (13,0,1.02608e-07) 
policy_sol:
size: 14 1
(0,0,20.2402) (1,0,25.2613) (2,0,0) (3,0,0) (4,0,0) (5,0,9.81369) (6,0,0) (7,0,23.0308) (8,0,1.59336) (9,0,0) (10,0,0) (11,0,0) (12,0,11.3275) (13,0,0) 

policy_converges:
1
