Git Revision:     3cfe7dc3fe6810e9e399640d632720aa3564fe80
Build Mode:       Debug
C Compiler:       /usr/bin/cc
C++ Compiler:     /usr/bin/c++
Fortran Compiler: gfortran
Body count: 9
No end time specified. Simulation will run indefinitely.
N:
size: 27 13
(0,0,-0.894098) (1,0,-0.447871) (21,0,0.894098) (22,0,0.447871) (0,1,-0.707488) (1,1,-0.706725) (24,1,0.707488) (25,1,0.706725) (6,2,-0.894521) (7,2,0.447025) (21,2,0.894521) (22,2,-0.447025) (6,3,-0.999711) (7,3,0.0240434) (24,3,0.999711) (25,3,-0.0240434) (9,4,-0.723403) (10,4,-0.690426) (21,4,0.723403) (22,4,0.690426) (9,5,-0.462903) (10,5,-0.886409) (24,5,0.462903) (25,5,0.886409) (12,6,-0.999779) (13,6,-0.0210295) (21,6,0.999779) (22,6,0.0210295) (12,7,-0.690868) (13,7,-0.722981) (24,7,0.690868) (25,7,0.722981) (15,8,-0.701771) (16,8,0.712403) (21,8,0.701771) (22,8,-0.712403) (15,9,-0.996561) (16,9,0.0828677) (24,9,0.996561) (25,9,-0.0828677) (18,10,-0.0226358) (19,10,-0.999744) (21,10,0.0226358) (22,10,0.999744) (18,11,-0.00803338) (19,11,-0.999968) (24,11,0.00803338) (25,11,0.999968) (21,12,0.00674656) (22,12,-0.999977) (24,12,-0.00674656) (25,12,0.999977) 
Q:
size: 13 13
(0,0,0.0795775) (1,0,0.0377629) (2,0,0.0238566) (4,0,0.0380386) (6,0,0.0359419) (8,0,0.0122703) (10,0,0.0186209) (12,0,-0.0175798) (0,1,0.0377629) (1,1,0.0795775) (3,1,0.0274658) (5,1,0.0379563) (7,1,0.039778) (9,1,0.025723) (11,1,0.0283449) (12,1,0.0279291) (0,2,0.0238566) (2,2,0.0795775) (3,2,0.0360092) (4,2,0.013467) (6,2,0.03521) (8,2,0.0376485) (10,2,-0.0169763) (12,2,0.0180263) (1,3,0.0274658) (2,3,0.0360092) (3,3,0.0795775) (5,3,0.017565) (7,3,0.0267892) (9,3,0.0397197) (11,3,-0.000637079) (12,3,-0.00122499) (0,4,0.0380386) (2,4,0.013467) (4,4,0.0795775) (5,4,0.0376746) (6,4,0.0293546) (8,4,0.000628733) (10,4,0.0281157) (12,4,-0.0272764) (1,5,0.0379563) (3,5,0.017565) (4,5,0.0376746) (5,5,0.0795775) (7,5,0.0382235) (9,5,0.0154323) (11,5,0.0354159) (12,5,0.035144) (0,6,0.0359419) (2,6,0.03521) (4,6,0.0293546) (6,6,0.0795775) (7,6,0.0280876) (8,6,0.0273203) (10,6,0.00173697) (12,6,-0.000568339) (1,7,0.039778) (3,7,0.0267892) (5,7,0.0382235) (6,7,0.0280876) (7,7,0.0795775) (9,7,0.0250104) (11,7,0.0289864) (12,7,0.0285804) (0,8,0.0122703) (2,8,0.0376485) (4,8,0.000628733) (6,8,0.0273203) (8,8,0.0795775) (9,8,0.0301755) (10,8,-0.0277063) (12,8,0.0285334) (1,9,0.025723) (3,9,0.0397197) (5,9,0.0154323) (7,9,0.0250104) (8,9,0.0301755) (9,9,0.0795775) (11,9,-0.00297855) (12,9,-0.00356464) (0,10,0.0186209) (2,10,-0.0169763) (4,10,0.0281157) (6,10,0.00173697) (8,10,-0.0277063) (10,10,0.0795775) (11,10,0.0397845) (12,10,-0.0397716) (1,11,0.0283449) (3,11,-0.000637079) (5,11,0.0354159) (7,11,0.0289864) (9,11,-0.00297855) (10,11,0.0397845) (11,11,0.0795775) (12,11,0.0397844) (0,12,-0.0175798) (1,12,0.0279291) (2,12,0.0180263) (3,12,-0.00122499) (4,12,-0.0272764) (5,12,0.035144) (6,12,-0.000568339) (7,12,0.0285804) (8,12,0.0285334) (9,12,-0.00356464) (10,12,-0.0397716) (11,12,0.0397844) (12,12,0.0795775) 
Minv:
size: 27 27
(0,0,0.0397887) (1,1,0.0397887) (2,2,0.0795775) (3,3,0.0397887) (4,4,0.0397887) (5,5,0.0795775) (6,6,0.0397887) (7,7,0.0397887) (8,8,0.0795775) (9,9,0.0397887) (10,10,0.0397887) (11,11,0.0795775) (12,12,0.0397887) (13,13,0.0397887) (14,14,0.0795775) (15,15,0.0397887) (16,16,0.0397887) (17,17,0.0795775) (18,18,0.0397887) (19,19,0.0397887) (20,20,0.0795775) (21,21,0.0397887) (22,22,0.0397887) (23,23,0.0795775) (24,24,0.0397887) (25,25,0.0397887) (26,26,0.0795775) 
v0:
size: 27 1
(0,0,0.0370231) (1,0,-0.00765705) (2,0,0) (3,0,-0.872022) (4,0,0.356296) (5,0,0) (6,0,0.281186) (7,0,0.881298) (8,0,0) (9,0,0.293431) (10,0,-0.226545) (11,0,0) (12,0,0.62085) (13,0,-0.072884) (14,0,0) (15,0,0.861586) (16,0,0.347088) (17,0,0) (18,0,0.893634) (19,0,-0.285714) (20,0,0) (21,0,-0.722798) (22,0,-0.460251) (23,0,0) (24,0,-0.0961129) (25,0,-0.940696) (26,0,0) 
ipopt_sol:
size: 13 1
(0,0,7.43471) (1,0,5.85841e-07) (2,0,9.69126e-08) (3,0,3.26604e-07) (4,0,15.0039) (5,0,3.39235e-07) (6,0,23.111) (7,0,5.45921) (8,0,1.2475e-07) (9,0,20.6025) (10,0,9.06756) (11,0,2.83745e-06) (12,0,22.6252) 
policy_sol:
size: 13 1
(0,0,7.43471) (1,0,0) (2,0,0) (3,0,0) (4,0,15.0039) (5,0,0) (6,0,23.111) (7,0,5.45921) (8,0,0) (9,0,20.6025) (10,0,9.06756) (11,0,0) (12,0,22.6252) 

policy_converges:
1
