Git Revision:     18345a57b34405566a64d0bf3d2a118f1cdbade3
Build Mode:       Debug
C Compiler:       /usr/bin/cc
C++ Compiler:     /usr/bin/c++
Fortran Compiler: gfortran
Body count: 9
No end time specified. Simulation will run indefinitely.
N:
size: 27 17
(0,0,-0.0660131) (1,0,-0.997819) (3,0,0.0660131) (4,0,0.997819) (0,1,-1) (1,1,0.00074095) (9,1,1) (10,1,-0.00074095) (0,2,-0.89283) (1,2,-0.450394) (21,2,0.89283) (22,2,0.450394) (0,3,-0.713257) (1,3,-0.700903) (24,3,0.713257) (25,3,0.700903) (3,4,-0.662325) (4,4,0.749216) (9,4,0.662325) (10,4,-0.749216) (3,5,-0.999859) (4,5,0.0168054) (21,5,0.999859) (22,5,-0.0168054) (3,6,-0.904494) (4,6,-0.426485) (24,6,0.904494) (25,6,0.426485) (6,7,-0.999877) (7,7,-0.0157147) (24,7,0.999877) (25,7,0.0157147) (9,8,0.019561) (10,8,-0.999809) (12,8,-0.019561) (13,8,0.999809) (9,9,-0.45215) (10,9,-0.891942) (24,9,0.45215) (25,9,0.891942) (12,10,-0.739903) (13,10,0.672714) (18,10,0.739903) (19,10,-0.672714) (12,11,-0.998654) (13,11,-0.0518582) (21,11,0.998654) (22,11,0.0518582) (12,12,-0.713575) (13,12,-0.700579) (24,12,0.713575) (25,12,0.700579) (15,13,-0.73453) (16,13,0.678576) (21,13,0.73453) (22,13,-0.678576) (15,14,-0.999718) (16,14,-0.0237532) (24,14,0.999718) (25,14,0.0237532) (18,15,0.00950191) (19,15,-0.999955) (24,15,-0.00950191) (25,15,0.999955) (21,16,0.028239) (22,16,-0.999601) (24,16,-0.028239) (25,16,0.999601) 
Q:
size: 17 17
(0,0,0.0795775) (1,0,0.00259716) (2,0,0.0202266) (3,0,0.0297006) (4,0,0.0280057) (5,0,-0.001959) (6,0,-0.019308) (0,1,0.00259716) (1,1,0.0795775) (2,1,0.0355113) (3,1,0.0283589) (4,1,0.0263752) (8,1,0.000807784) (9,1,-0.0179642) (0,2,0.0202266) (1,2,0.0355113) (2,2,0.0795775) (3,2,0.0378987) (5,2,0.0352184) (11,2,0.0364061) (13,2,0.0139334) (16,2,-0.0169103) (0,3,0.0297006) (1,3,0.0283589) (2,3,0.0378987) (3,3,0.0795775) (6,3,0.037563) (7,3,0.0288143) (9,3,0.0377063) (12,3,0.0397887) (14,3,0.029034) (15,3,0.0276171) (16,3,0.0270755) (0,4,0.0280057) (1,4,0.0263752) (4,4,0.0795775) (5,4,0.0268503) (6,4,0.0111225) (8,4,0.0303202) (9,4,0.0146736) (0,5,-0.001959) (2,5,0.0352184) (4,5,0.0268503) (5,5,0.0795775) (6,5,0.0356984) (11,5,0.0396949) (13,5,0.0296756) (16,5,0.00179183) (0,6,-0.019308) (3,6,0.037563) (4,6,0.0111225) (5,6,0.0356984) (6,6,0.0795775) (7,6,0.0362509) (9,6,0.0314079) (12,6,0.037569) (14,6,0.0363816) (15,6,0.0166266) (16,6,0.0159463) (3,7,0.0288143) (6,7,0.0362509) (7,7,0.0795775) (9,7,0.018546) (12,7,0.0288268) (14,7,0.0397874) (15,7,0.000247217) (16,7,-0.000498436) (1,8,0.000807784) (4,8,0.0303202) (8,8,0.0795775) (9,8,0.0351305) (10,8,0.0273372) (11,8,-0.00128572) (12,8,-0.0273144) (1,9,-0.0179642) (3,9,0.0377063) (4,9,0.0146736) (6,9,0.0314079) (7,9,0.018546) (8,9,0.0351305) (9,9,0.0795775) (12,9,0.0377006) (14,9,0.0188284) (15,9,0.0353167) (16,9,0.0349671) (8,10,0.0273372) (10,10,0.0795775) (11,10,0.0280121) (12,10,0.00225553) (15,10,0.027045) (2,11,0.0364061) (5,11,0.0396949) (8,11,-0.00128572) (10,11,0.0280121) (11,11,0.0795775) (12,11,0.0297996) (13,11,0.0277865) (16,11,-0.000940468) (3,12,0.0397887) (6,12,0.037569) (7,12,0.0288268) (8,12,-0.0273144) (9,12,0.0377006) (10,12,0.00225553) (11,12,0.0297996) (12,12,0.0795775) (14,12,0.0290464) (15,12,0.0276041) (16,12,0.0270622) (2,13,0.0139334) (5,13,0.0296756) (11,13,0.0277865) (13,13,0.0795775) (14,13,0.0285764) (16,13,0.0278142) (3,14,0.029034) (6,14,0.0363816) (7,14,0.0397874) (9,14,0.0188284) (12,14,0.0290464) (13,14,0.0285764) (14,14,0.0795775) (15,14,0.000567103) (16,14,-0.000178545) (3,15,0.0276171) (6,15,0.0166266) (7,15,0.000247217) (9,15,0.0353167) (10,15,0.027045) (12,15,0.0276041) (14,15,0.000567103) (15,15,0.0795775) (16,15,0.0397817) (2,16,-0.0169103) (3,16,0.0270755) (5,16,0.00179183) (6,16,0.0159463) (7,16,-0.000498436) (9,16,0.0349671) (11,16,-0.000940468) (12,16,0.0270622) (13,16,0.0278142) (14,16,-0.000178545) (15,16,0.0397817) (16,16,0.0795775) 
Minv:
size: 27 27
(0,0,0.0397887) (1,1,0.0397887) (2,2,0.0795775) (3,3,0.0397887) (4,4,0.0397887) (5,5,0.0795775) (6,6,0.0397887) (7,7,0.0397887) (8,8,0.0795775) (9,9,0.0397887) (10,10,0.0397887) (11,11,0.0795775) (12,12,0.0397887) (13,13,0.0397887) (14,14,0.0795775) (15,15,0.0397887) (16,16,0.0397887) (17,17,0.0795775) (18,18,0.0397887) (19,19,0.0397887) (20,20,0.0795775) (21,21,0.0397887) (22,22,0.0397887) (23,23,0.0795775) (24,24,0.0397887) (25,25,0.0397887) (26,26,0.0795775) 
v0:
size: 27 1
(0,0,-0.165927) (1,0,0.243522) (2,0,0) (3,0,-0.0838149) (4,0,0.218497) (5,0,0) (6,0,-0.354236) (7,0,0.947415) (8,0,0) (9,0,-0.808776) (10,0,0.648494) (11,0,0) (12,0,0.556365) (13,0,0.301651) (14,0,0) (15,0,0.934554) (16,0,0.775624) (17,0,0) (18,0,0.118712) (19,0,-0.146033) (20,0,0) (21,0,-0.376881) (22,0,0.237922) (23,0,0) (24,0,-0.895134) (25,0,-0.707638) (26,0,0) 
ipopt_sol:
size: 17 1
(0,0,2.92632e-07) (1,0,12.3914) (2,0,2.5384e-07) (3,0,1.93612e-07) (4,0,10.974) (5,0,2.59054e-07) (6,0,2.24115e-07) (7,0,7.58967e-08) (8,0,13.3421) (9,0,1.45292e-06) (10,0,1.04096e-07) (11,0,15.1607) (12,0,23.3582) (13,0,1.09972e-07) (14,0,38.3669) (15,0,4.74998e-07) (16,0,15.709) 
policy_sol:
size: 17 1
(0,0,0) (1,0,12.3914) (2,0,0) (3,0,0) (4,0,10.974) (5,0,0) (6,0,0) (7,0,0) (8,0,13.3421) (9,0,0) (10,0,0) (11,0,15.1607) (12,0,23.3582) (13,0,0) (14,0,38.3669) (15,0,0) (16,0,15.709) 

policy_converges:
1
ipopt_converges:
0
