Git Revision:     3cfe7dc3fe6810e9e399640d632720aa3564fe80
Build Mode:       Debug
C Compiler:       /usr/bin/cc
C++ Compiler:     /usr/bin/c++
Fortran Compiler: gfortran
Body count: 9
No end time specified. Simulation will run indefinitely.
N:
size: 27 22
(0,0,-0.0299028) (1,0,-0.999553) (6,0,0.0299028) (7,0,0.999553) (0,1,-0.720347) (1,1,-0.693614) (12,1,0.720347) (13,1,0.693614) (0,2,-0.999998) (1,2,0.00211426) (18,2,0.999998) (19,2,-0.00211426) (0,3,-0.906119) (1,3,-0.423023) (21,3,0.906119) (22,3,0.423023) (0,4,-0.722978) (1,4,-0.690871) (24,4,0.722978) (25,4,0.690871) (3,5,-0.020643) (4,5,-0.999787) (6,5,0.020643) (7,5,0.999787) (3,6,-0.998194) (4,6,-0.0600796) (12,6,0.998194) (13,6,0.0600796) (3,7,-0.663824) (4,7,-0.747889) (15,7,0.663824) (16,7,0.747889) (3,8,-0.907208) (4,8,0.420683) (18,8,0.907208) (19,8,-0.420683) (3,9,-0.999927) (4,9,-0.0120896) (21,9,0.999927) (22,9,0.0120896) (3,10,-0.891454) (4,10,-0.453112) (24,10,0.891454) (25,10,0.453112) (6,11,-0.710569) (7,11,0.703627) (12,11,0.710569) (13,11,-0.703627) (6,12,-0.714225) (7,12,0.699916) (18,12,0.714225) (19,12,-0.699916) (6,13,-0.999999) (7,13,0.00165251) (24,13,0.999999) (25,13,-0.00165251) (9,14,-0.997534) (10,14,-0.0701844) (18,14,0.997534) (19,14,0.0701844) (9,15,-0.717369) (10,15,-0.696693) (21,15,0.717369) (22,15,0.696693) (9,16,-0.462697) (10,16,-0.886517) (24,16,0.462697) (25,16,0.886517) (12,17,0.0461576) (13,17,-0.998934) (15,17,-0.0461576) (16,17,0.998934) (12,18,-0.725667) (13,18,-0.688046) (24,18,0.725667) (25,18,0.688046) (15,19,-0.998996) (16,19,0.04481) (24,19,0.998996) (25,19,-0.04481) (18,20,0.00849536) (19,20,-0.999964) (21,20,-0.00849536) (22,20,0.999964) (18,21,0.00790899) (19,21,-0.999969) (24,21,-0.00790899) (25,21,0.999969) 
Q:
size: 22 22
(0,0,0.0795775) (1,0,0.0284427) (2,0,0.00110571) (3,0,0.0179021) (4,0,0.0283368) (5,0,0.039787) (11,0,0.0271385) (12,0,0.0269865) (13,0,-0.00112407) (0,1,0.0284427) (1,1,0.0795775) (2,1,0.0286033) (3,1,0.0376455) (4,1,0.0397884) (6,1,0.030268) (11,1,0.000947406) (17,1,-0.0262457) (18,1,-0.0397876) (0,2,0.00110571) (1,2,0.0286033) (2,2,0.0795775) (3,2,0.0360177) (4,2,0.0287082) (8,2,0.036132) (12,2,0.0284769) (14,2,0.0396846) (20,2,0.000422139) (21,2,0.000398809) (0,3,0.0179021) (1,3,0.0376455) (2,3,0.0360177) (3,3,0.0795775) (4,3,0.0376942) (9,3,0.0362542) (15,3,0.03759) (20,3,0.0165246) (0,4,0.0283368) (1,4,0.0397884) (2,4,0.0287082) (3,4,0.0376942) (4,4,0.0795775) (10,4,0.0380994) (13,4,0.0287209) (16,4,0.0376795) (18,4,0.0397884) (19,4,0.0275057) (21,4,0.0272605) (0,5,0.039787) (5,5,0.0795775) (6,5,0.00320986) (7,5,0.0302964) (8,5,-0.0159897) (9,5,0.00130223) (10,5,0.0187571) (11,5,0.0274068) (12,5,0.0272562) (13,5,-0.000755619) (1,6,0.030268) (5,6,0.00320986) (6,6,0.0795775) (7,6,0.0281528) (8,6,0.0350258) (9,6,0.0397429) (10,6,0.0364889) (11,6,0.0265396) (17,6,-0.000554711) (18,6,-0.030466) (5,7,0.0302964) (6,7,0.0281528) (7,7,0.0795775) (8,7,0.0114434) (9,7,0.0267706) (10,7,0.0370292) (17,7,0.0285067) (19,7,-0.0250528) (2,8,0.036132) (5,8,-0.0159897) (6,8,0.0350258) (7,8,0.0114434) (8,8,0.0795775) (9,8,0.0358917) (10,8,0.0245941) (12,8,0.0374966) (14,8,0.0348329) (20,8,0.0170445) (21,8,0.0170234) (3,9,0.0362542) (5,9,0.00130223) (6,9,0.0397429) (7,9,0.0267706) (8,9,0.0358917) (9,9,0.0795775) (10,9,0.0356852) (15,9,0.0288762) (20,9,0.000143019) (4,10,0.0380994) (5,10,0.0187571) (6,10,0.0364889) (7,10,0.0370292) (8,10,0.0245941) (9,10,0.0356852) (10,10,0.0795775) (13,10,0.03544) (16,10,0.0323946) (18,10,0.0381439) (19,10,0.0346263) (21,10,0.0177477) (0,11,0.0271385) (1,11,0.000947406) (5,11,0.0274068) (6,11,0.0265396) (11,11,0.0795775) (12,11,0.0397882) (13,11,0.0283189) (17,11,0.0292716) (18,11,-0.00125368) (0,12,0.0269865) (2,12,0.0284769) (5,12,0.0272562) (8,12,0.0374966) (11,12,0.0397882) (12,12,0.0795775) (13,12,0.0284641) (14,12,0.0263935) (20,12,0.0280892) (21,12,0.0280727) (0,13,-0.00112407) (4,13,0.0287209) (5,13,-0.000755619) (10,13,0.03544) (11,13,0.0283189) (12,13,0.0284641) (13,13,0.0795775) (16,13,0.0183518) (18,13,0.0288281) (19,13,0.0397517) (21,13,-0.000380438) (2,14,0.0396846) (8,14,0.0348329) (12,14,0.0263935) (14,14,0.0795775) (15,14,0.0304184) (16,14,0.0208404) (20,14,-0.00245526) (21,14,-0.00247855) (3,15,0.03759) (9,15,0.0288762) (14,15,0.0304184) (15,15,0.0795775) (16,15,0.0377816) (20,15,0.0274771) (4,16,0.0376795) (10,16,0.0323946) (13,16,0.0183518) (14,16,0.0208404) (15,16,0.0377816) (16,16,0.0795775) (18,16,0.0376293) (19,16,0.016811) (21,16,0.0351267) (1,17,-0.0262457) (6,17,-0.000554711) (7,17,0.0285067) (11,17,0.0292716) (17,17,0.0795775) (18,17,0.0260146) (19,17,0.00361574) (1,18,-0.0397876) (4,18,0.0397884) (6,18,-0.030466) (10,18,0.0381439) (11,18,-0.00125368) (13,18,0.0288281) (16,18,0.0376293) (17,18,0.0260146) (18,18,0.0795775) (19,18,0.0276176) (21,18,0.0271473) (4,19,0.0275057) (7,19,-0.0250528) (10,19,0.0346263) (13,19,0.0397517) (16,19,0.016811) (17,19,0.00361574) (18,19,0.0276176) (19,19,0.0795775) (21,19,-0.00209725) (2,20,0.000422139) (3,20,0.0165246) (8,20,0.0170445) (9,20,0.000143019) (12,20,0.0280892) (14,20,-0.00245526) (15,20,0.0274771) (20,20,0.0795775) (21,20,0.0397887) (2,21,0.000398809) (4,21,0.0272605) (8,21,0.0170234) (10,21,0.0177477) (12,21,0.0280727) (13,21,-0.000380438) (14,21,-0.00247855) (16,21,0.0351267) (18,21,0.0271473) (19,21,-0.00209725) (20,21,0.0397887) (21,21,0.0795775) 
Minv:
size: 27 27
(0,0,0.0397887) (1,1,0.0397887) (2,2,0.0795775) (3,3,0.0397887) (4,4,0.0397887) (5,5,0.0795775) (6,6,0.0397887) (7,7,0.0397887) (8,8,0.0795775) (9,9,0.0397887) (10,10,0.0397887) (11,11,0.0795775) (12,12,0.0397887) (13,13,0.0397887) (14,14,0.0795775) (15,15,0.0397887) (16,16,0.0397887) (17,17,0.0795775) (18,18,0.0397887) (19,19,0.0397887) (20,20,0.0795775) (21,21,0.0397887) (22,22,0.0397887) (23,23,0.0795775) (24,24,0.0397887) (25,25,0.0397887) (26,26,0.0795775) 
v0:
size: 27 1
(0,0,0.541246) (1,0,0.0606463) (2,0,0) (3,0,0.806533) (4,0,0.47393) (5,0,0) (6,0,0.00449174) (7,0,-0.798497) (8,0,0) (9,0,0.774652) (10,0,-0.486641) (11,0,0) (12,0,-0.38098) (13,0,0.674345) (14,0,0) (15,0,0.0444786) (16,0,0.556161) (17,0,0) (18,0,0.246179) (19,0,0.0265845) (20,0,0) (21,0,0.13402) (22,0,-0.676149) (23,0,0) (24,0,-0.911776) (25,0,-0.118963) (26,0,0) 
ipopt_sol:
size: 22 1
(0,0,0.966155) (1,0,2.89869) (2,0,1.88067e-07) (3,0,12.0187) (4,0,0.577748) (5,0,25.6494) (6,0,34.8293) (7,0,1.20022e-07) (8,0,8.68157e-08) (9,0,1.50315e-07) (10,0,2.36271) (11,0,12.4821) (12,0,6.57886e-08) (13,0,0.443412) (14,0,12.8233) (15,0,1.05298e-06) (16,0,9.23568e-08) (17,0,9.14247e-08) (18,0,33.2345) (19,0,10.2654) (20,0,15.5369) (21,0,6.26167e-08) 
policy_sol:
size: 22 1
(0,0,0.981846) (1,0,0) (2,0,0) (3,0,12.0187) (4,0,3.46524) (5,0,25.2039) (6,0,33.844) (7,0,0) (8,0,0) (9,0,0) (10,0,3.47631) (11,0,13.0938) (12,0,0) (13,0,0) (14,0,12.8233) (15,0,0) (16,0,0) (17,0,0) (18,0,29.6007) (19,0,10.2654) (20,0,15.5369) (21,0,0) 

policy_converges:
1
