Git Revision:     18345a57b34405566a64d0bf3d2a118f1cdbade3
Build Mode:       Debug
C Compiler:       /usr/bin/cc
C++ Compiler:     /usr/bin/c++
Fortran Compiler: gfortran
Body count: 9
No end time specified. Simulation will run indefinitely.
N:
size: 27 12
(0,0,-0.999816) (1,0,0.0191806) (9,0,0.999816) (10,0,-0.0191806) (0,1,-0.708954) (1,1,-0.705255) (12,1,0.708954) (13,1,0.705255) (0,2,-0.42921) (1,2,-0.903205) (15,2,0.42921) (16,2,0.903205) (0,3,-0.99989) (1,3,0.0148404) (18,3,0.99989) (19,3,-0.0148404) (0,4,-0.887098) (1,4,-0.461582) (21,4,0.887098) (22,4,0.461582) (6,5,-0.999698) (7,5,0.0245677) (15,5,0.999698) (16,5,-0.0245677) (6,6,-0.70447) (7,6,0.709734) (18,6,0.70447) (19,6,-0.709734) (9,7,-0.0554302) (10,7,-0.998463) (12,7,0.0554302) (13,7,0.998463) (9,8,-0.999941) (10,8,0.0108558) (18,8,0.999941) (19,8,-0.0108558) (12,9,-0.688419) (13,9,0.725313) (18,9,0.688419) (19,9,-0.725313) (15,10,-0.475066) (16,10,0.87995) (18,10,0.475066) (19,10,-0.87995) (18,11,0.0689808) (19,11,-0.997618) (21,11,-0.0689808) (22,11,0.997618) 
Q:
size: 12 12
(0,0,0.0795775) (1,0,0.027665) (2,0,0.0163853) (3,0,0.0397884) (4,0,0.0349377) (7,0,-0.00144309) (8,0,-0.0397874) (0,1,0.027665) (1,1,0.0795775) (2,1,0.0374523) (3,1,0.0277888) (4,1,0.0379761) (7,1,0.0295816) (9,1,0.000933965) (0,2,0.0163853) (1,2,0.0374523) (2,2,0.0795775) (3,2,0.0165425) (4,2,0.0317376) (5,2,0.0161897) (10,2,0.0235101) (0,3,0.0397884) (1,3,0.0277888) (2,3,0.0165425) (3,3,0.0795775) (4,3,0.0350201) (6,3,0.028446) (8,3,0.0397884) (9,3,0.0278166) (10,3,0.0194198) (11,3,0.00333343) (0,4,0.0349377) (1,4,0.0379761) (2,4,0.0317376) (3,4,0.0350201) (4,4,0.0795775) (11,4,0.0158872) (2,5,0.0161897) (5,5,0.0795775) (6,5,0.0287153) (10,5,-0.0197567) (3,6,0.028446) (5,6,0.0287153) (6,6,0.0795775) (8,6,0.0283349) (9,6,0.0397788) (10,6,0.0381654) (11,6,0.0301057) (0,7,-0.00144309) (1,7,0.0295816) (7,7,0.0795775) (8,7,0.00177409) (9,7,0.0272966) (0,8,-0.0397874) (3,8,0.0397884) (6,8,0.0283349) (7,8,0.00177409) (8,8,0.0795775) (9,8,0.027703) (10,8,0.0192812) (11,8,0.00317541) (1,9,0.000933965) (3,9,0.0278166) (6,9,0.0397788) (7,9,0.0272966) (8,9,0.027703) (9,9,0.0795775) (10,9,0.0384074) (11,9,0.03068) (2,10,0.0235101) (3,10,0.0194198) (5,10,-0.0197567) (6,10,0.0381654) (8,10,0.0192812) (9,10,0.0384074) (10,10,0.0795775) (11,10,0.0362326) (3,11,0.00333343) (4,11,0.0158872) (6,11,0.0301057) (8,11,0.00317541) (9,11,0.03068) (10,11,0.0362326) (11,11,0.0795775) 
Minv:
size: 27 27
(0,0,0.0397887) (1,1,0.0397887) (2,2,0.0795775) (3,3,0.0397887) (4,4,0.0397887) (5,5,0.0795775) (6,6,0.0397887) (7,7,0.0397887) (8,8,0.0795775) (9,9,0.0397887) (10,10,0.0397887) (11,11,0.0795775) (12,12,0.0397887) (13,13,0.0397887) (14,14,0.0795775) (15,15,0.0397887) (16,16,0.0397887) (17,17,0.0795775) (18,18,0.0397887) (19,19,0.0397887) (20,20,0.0795775) (21,21,0.0397887) (22,22,0.0397887) (23,23,0.0795775) (24,24,0.0397887) (25,25,0.0397887) (26,26,0.0795775) 
v0:
size: 27 1
(0,0,0.875069) (1,0,-0.0143408) (2,0,0) (3,0,-0.940362) (4,0,0.125987) (5,0,0) (6,0,0.498437) (7,0,0.923875) (8,0,0) (9,0,-0.592197) (10,0,-0.896832) (11,0,0) (12,0,-0.0632583) (13,0,-0.961154) (14,0,0) (15,0,0.00322167) (16,0,-0.468761) (17,0,0) (18,0,-0.603681) (19,0,0.0286065) (20,0,0) (21,0,0.316374) (22,0,-0.591796) (23,0,0) (24,0,0.981121) (25,0,0.710986) (26,0,0) 
ipopt_sol:
size: 12 1
(0,0,24.4119) (1,0,21.6632) (2,0,4.47145e-07) (3,0,9.00242) (4,0,1.50423e-07) (5,0,13.5701) (6,0,4.81608e-08) (7,0,7.92256e-08) (8,0,1.07001e-05) (9,0,17.6968) (10,0,8.00582) (11,0,6.30533) 
policy_sol:
size: 12 1
(0,0,24.4119) (1,0,21.6632) (2,0,0) (3,0,9.00244) (4,0,0) (5,0,13.5701) (6,0,0) (7,0,0) (8,0,0) (9,0,17.6968) (10,0,8.00582) (11,0,6.30533) 

policy_converges:
1
ipopt_converges:
0
