Git Revision:     3cfe7dc3fe6810e9e399640d632720aa3564fe80
Build Mode:       Debug
C Compiler:       /usr/bin/cc
C++ Compiler:     /usr/bin/c++
Fortran Compiler: gfortran
Body count: 9
No end time specified. Simulation will run indefinitely.
N:
size: 27 22
(0,0,-0.00268699) (1,0,-0.999996) (3,0,0.00268699) (4,0,0.999996) (0,1,-0.898993) (1,1,-0.437964) (21,1,0.898993) (22,1,0.437964) (0,2,-0.702906) (1,2,-0.711283) (24,2,0.702906) (25,2,0.711283) (3,3,-0.884384) (4,3,0.466761) (18,3,0.884384) (19,3,-0.466761) (6,4,-0.712652) (7,4,0.701518) (12,4,0.712652) (13,4,-0.701518) (6,5,-0.999378) (7,5,-0.035258) (15,5,0.999378) (16,5,0.035258) (6,6,-0.709219) (7,6,0.704988) (18,6,0.709219) (19,6,-0.704988) (6,7,-0.899588) (7,7,0.436739) (21,7,0.899588) (22,7,-0.436739) (6,8,-0.999307) (7,8,-0.0372286) (24,8,0.999307) (25,8,0.0372286) (9,9,0.00281857) (10,9,-0.999996) (15,9,-0.00281857) (16,9,0.999996) (9,10,-1) (10,10,0.000245613) (18,10,1) (19,10,-0.000245613) (9,11,-0.700835) (10,11,-0.713324) (21,11,0.700835) (22,11,0.713324) (9,12,-0.430261) (10,12,-0.902705) (24,12,0.430261) (25,12,0.902705) (12,13,-0.0143118) (13,13,-0.999898) (15,13,0.0143118) (16,13,0.999898) (12,14,-0.706154) (13,14,0.708058) (18,14,0.706154) (19,14,-0.708058) (12,15,-0.999623) (13,15,0.0274539) (21,15,0.999623) (22,15,-0.0274539) (12,16,-0.706425) (13,16,-0.707788) (24,16,0.706425) (25,16,0.707788) (15,17,-0.457569) (16,17,0.889174) (18,17,0.457569) (19,17,-0.889174) (15,18,-0.715223) (16,18,0.698896) (21,18,0.715223) (22,18,-0.698896) (15,19,-0.999234) (16,19,-0.0391425) (24,19,0.999234) (25,19,0.0391425) (18,20,0.0235174) (19,20,-0.999723) (21,20,-0.0235174) (22,20,0.999723) (18,21,0.0255871) (19,21,-0.999673) (24,21,-0.0255871) (25,21,0.999673) 
Q:
size: 22 22
(0,0,0.0795775) (1,0,0.0175221) (2,0,0.0283761) (3,0,0.0184772) (0,1,0.0175221) (1,1,0.0795775) (2,1,0.0375376) (7,1,0.0245675) (11,1,0.0374991) (15,1,0.0352779) (18,1,0.0134044) (20,1,0.01658) (0,2,0.0283761) (1,2,0.0375376) (2,2,0.0795775) (8,2,0.029002) (12,2,0.0375809) (16,2,0.0397882) (19,2,0.0290541) (21,2,0.0275762) (0,3,0.0184772) (3,3,0.0795775) (6,3,0.0380493) (10,3,0.0351931) (14,3,0.0379984) (17,3,0.0326148) (20,3,0.0193942) (21,3,0.0194661) (4,4,0.0795775) (5,4,0.0273538) (6,4,0.0397883) (7,4,0.0376988) (8,4,0.0272967) (13,4,0.0275038) (14,4,-0.039787) (15,4,-0.0291111) (16,4,-0.000274927) (4,5,0.0273538) (5,5,0.0795775) (6,5,0.0272124) (7,5,0.0351585) (8,5,0.0397887) (9,5,0.00129079) (13,5,0.00197182) (17,5,-0.0169474) (18,5,-0.0274597) (19,5,-0.0397884) (3,6,0.0380493) (4,6,0.0397883) (5,6,0.0272124) (6,6,0.0795775) (7,6,0.0376362) (8,6,0.0271551) (10,6,0.0282258) (14,6,0.0397884) (17,6,0.037854) (20,6,0.0287065) (21,6,0.0287634) (1,7,0.0245675) (4,7,0.0376988) (5,7,0.0351585) (6,7,0.0376362) (7,7,0.0795775) (8,7,0.0351217) (11,7,0.0126897) (15,7,0.0362571) (18,7,0.0377453) (20,7,-0.0182143) (2,8,0.029002) (4,8,0.0272967) (5,8,0.0397887) (6,8,0.0271551) (7,8,0.0351217) (8,8,0.0795775) (12,8,0.0184448) (16,8,0.0291367) (19,8,0.0397887) (21,8,0.00046342) (5,9,0.00129079) (9,9,0.0795775) (10,9,-0.00012192) (11,9,0.0283035) (12,9,0.0358691) (13,9,0.0397829) (17,9,0.0354303) (18,9,0.0278883) (19,9,-0.00144536) (3,10,0.0351931) (6,10,0.0282258) (9,10,-0.00012192) (10,10,0.0795775) (11,10,0.0278784) (12,10,0.0171107) (14,10,0.0281039) (17,10,0.0182148) (20,10,0.000945499) (21,10,0.00102785) (1,11,0.0374991) (7,11,0.0126897) (9,11,0.0283035) (10,11,0.0278784) (11,11,0.0795775) (12,11,0.0376188) (15,11,0.0270956) (18,11,0.000108001) (20,11,0.0277186) (2,12,0.0375809) (8,12,0.0184448) (9,12,0.0358691) (10,12,0.0171107) (11,12,0.0376188) (12,12,0.0795775) (16,12,0.0375156) (19,12,0.0185123) (21,12,0.0354677) (4,13,0.0275038) (5,13,0.00197182) (9,13,0.0397829) (13,13,0.0795775) (14,13,-0.0277677) (15,13,-0.00052301) (16,13,0.0285614) (17,13,0.0351149) (18,13,0.0273981) (19,13,-0.00212628) (3,14,0.0379984) (4,14,-0.039787) (6,14,0.0397884) (10,14,0.0281039) (13,14,-0.0277677) (14,14,0.0795775) (15,14,0.0288598) (16,14,-9.19256e-05) (17,14,0.0379068) (20,14,0.0288257) (21,14,0.0288824) (1,15,0.0352779) (4,15,-0.0291111) (7,15,0.0362571) (11,15,0.0270956) (13,15,-0.00052301) (14,15,0.0288598) (15,15,0.0795775) (16,15,0.027324) (18,15,0.0292105) (20,15,-0.00202743) (2,16,0.0397882) (4,16,-0.000274927) (8,16,0.0291367) (12,16,0.0375156) (13,16,0.0285614) (14,16,-9.19256e-05) (15,16,0.027324) (16,16,0.0795775) (19,16,0.0291885) (21,16,0.0274336) (3,17,0.0326148) (5,17,-0.0169474) (6,17,0.037854) (9,17,0.0354303) (10,17,0.0182148) (13,17,0.0351149) (14,17,0.0379068) (17,17,0.0795775) (18,17,0.0377477) (19,17,0.0168073) (20,17,0.0357975) (21,17,0.0358334) (1,18,0.0134044) (5,18,-0.0274597) (7,18,0.0377453) (9,18,0.0278883) (11,18,0.000108001) (13,18,0.0273981) (15,18,0.0292105) (17,18,0.0377477) (18,18,0.0795775) (19,18,0.0273475) (20,18,-0.0284698) (2,19,0.0290541) (5,19,-0.0397884) (8,19,0.0397887) (9,19,-0.00144536) (12,19,0.0185123) (13,19,-0.00212628) (16,19,0.0291885) (17,19,0.0168073) (18,19,0.0273475) (19,19,0.0795775) (21,19,0.000539621) (1,20,0.01658) (3,20,0.0193942) (6,20,0.0287065) (7,20,-0.0182143) (10,20,0.000945499) (11,20,0.0277186) (14,20,0.0288257) (15,20,-0.00202743) (17,20,0.0357975) (18,20,-0.0284698) (20,20,0.0795775) (21,20,0.0397887) (2,21,0.0275762) (3,21,0.0194661) (6,21,0.0287634) (8,21,0.00046342) (10,21,0.00102785) (12,21,0.0354677) (14,21,0.0288824) (16,21,0.0274336) (17,21,0.0358334) (19,21,0.000539621) (20,21,0.0397887) (21,21,0.0795775) 
Minv:
size: 27 27
(0,0,0.0397887) (1,1,0.0397887) (2,2,0.0795775) (3,3,0.0397887) (4,4,0.0397887) (5,5,0.0795775) (6,6,0.0397887) (7,7,0.0397887) (8,8,0.0795775) (9,9,0.0397887) (10,10,0.0397887) (11,11,0.0795775) (12,12,0.0397887) (13,13,0.0397887) (14,14,0.0795775) (15,15,0.0397887) (16,16,0.0397887) (17,17,0.0795775) (18,18,0.0397887) (19,19,0.0397887) (20,20,0.0795775) (21,21,0.0397887) (22,22,0.0397887) (23,23,0.0795775) (24,24,0.0397887) (25,25,0.0397887) (26,26,0.0795775) 
v0:
size: 27 1
(0,0,-0.881457) (1,0,-0.151722) (2,0,0) (3,0,-0.923976) (4,0,-0.962122) (5,0,0) (6,0,0.823831) (7,0,0.130903) (8,0,0) (9,0,0.636574) (10,0,-0.43979) (11,0,0) (12,0,0.00623971) (13,0,0.431112) (14,0,0) (15,0,0.804093) (16,0,-0.689043) (17,0,0) (18,0,-0.588265) (19,0,0.259218) (20,0,0) (21,0,-0.645098) (22,0,-0.642799) (23,0,0) (24,0,-0.900581) (25,0,-0.482083) (26,0,0) 
ipopt_sol:
size: 22 1
(0,0,20.3704) (1,0,4.97868e-08) (2,0,4.17692e-08) (3,0,5.30299e-08) (4,0,3.22431) (5,0,7.41325) (6,0,1.424e-07) (7,0,5.08597) (8,0,20.9855) (9,0,9.71574e-08) (10,0,29.2187) (11,0,3.45783) (12,0,2.2122e-07) (13,0,16.9663) (14,0,1.43091e-07) (15,0,3.49987) (16,0,7.87648) (17,0,2.31739e-07) (18,0,21.745) (19,0,25.912) (20,0,30.1114) (21,0,5.09566e-05) 
policy_sol:
size: 22 1
(0,0,20.3704) (1,0,0) (2,0,0) (3,0,0) (4,0,0) (5,0,0) (6,0,0) (7,0,10.1091) (8,0,26.1768) (9,0,0) (10,0,29.2187) (11,0,3.45783) (12,0,0) (13,0,19.1538) (14,0,0) (15,0,1.15948) (16,0,7.89119) (17,0,0) (18,0,18.698) (19,0,20.7099) (20,0,30.1115) (21,0,0) 

policy_converges:
1
