solve status: 0
N:
size: 27 14
(0,0,-0.995853) (1,0,-0.0909803) (9,0,0.995853) (10,0,0.0909803) (0,1,-0.673071) (1,1,-0.739578) (12,1,0.673071) (13,1,0.739578) (0,2,-0.890933) (1,2,-0.454135) (21,2,0.890933) (22,2,0.454135) (0,3,-0.689727) (1,3,-0.724069) (24,3,0.689727) (25,3,0.724069) (3,4,-0.00686223) (4,4,-0.999976) (6,4,0.00686223) (7,4,0.999976) (3,5,-0.904692) (4,5,-0.426066) (24,5,0.904692) (25,5,0.426066) (9,6,0.0771731) (10,6,-0.997018) (12,6,-0.0771731) (13,6,0.997018) (9,7,-0.434048) (10,7,-0.90089) (24,7,0.434048) (25,7,0.90089) (12,8,-0.723565) (13,8,0.690256) (18,8,0.723565) (19,8,-0.690256) (12,9,-0.999932) (13,9,-0.0116351) (21,9,0.999932) (22,9,0.0116351) (12,10,-0.705491) (13,10,-0.708719) (24,10,0.705491) (25,10,0.708719) (15,11,-1) (16,11,0.000995406) (24,11,1) (25,11,-0.000995406) (18,12,0.00609687) (19,12,-0.999981) (24,12,-0.00609687) (25,12,0.999981) (21,13,0.091243) (22,13,-0.995829) (24,13,-0.091243) (25,13,0.995829) 
Q:
size: 14 14
(0,0,0.0795775) (1,0,0.0293468) (2,0,0.036946) (3,0,0.0299507) (6,0,-0.000551313) (7,0,-0.0204598) (0,1,0.0293468) (1,1,0.0795775) (2,1,0.0372235) (3,1,0.0397784) (6,1,0.0272724) (8,1,0.000934521) (9,1,-0.0271212) (10,1,-0.0397489) (0,2,0.036946) (1,2,0.0372235) (2,2,0.0795775) (3,2,0.0375337) (9,2,0.0356569) (13,2,-0.0147596) (0,3,0.0299507) (1,3,0.0397784) (2,3,0.0375337) (3,3,0.0795775) (5,3,0.0371027) (7,3,0.0378662) (10,3,0.0397791) (11,3,0.0274147) (12,3,0.0286419) (13,3,0.0261856) (4,4,0.0795775) (5,4,0.0171992) (3,5,0.0371027) (4,5,0.0171992) (5,5,0.0795775) (7,5,0.0308967) (10,5,0.0374099) (11,5,0.0359797) (12,5,0.0167328) (13,5,0.0135975) (0,6,-0.000551313) (1,6,0.0272724) (6,6,0.0795775) (7,6,0.0344056) (8,6,0.0296043) (9,6,0.00260885) (10,6,-0.0259486) (0,7,-0.0204598) (3,7,0.0378662) (5,7,0.0308967) (6,7,0.0344056) (7,7,0.0795775) (10,7,0.0375882) (11,7,0.0172345) (12,7,0.0357393) (13,7,0.03412) (1,8,0.000934521) (6,8,0.0296043) (8,8,0.0795775) (9,8,0.0284683) (10,8,0.000846386) (12,8,0.0276394) (1,9,-0.0271212) (2,9,0.0356569) (6,9,0.00260885) (8,9,0.0284683) (9,9,0.0795775) (10,9,0.0283968) (13,9,0.00316918) (1,10,-0.0397489) (3,10,0.0397791) (5,10,0.0374099) (6,10,-0.0259486) (7,10,0.0375882) (8,10,0.000846386) (9,10,0.0283968) (10,10,0.0795775) (11,10,0.0280425) (12,10,0.0280274) (13,10,0.0255201) (3,11,0.0274147) (5,11,0.0359797) (7,11,0.0172345) (10,11,0.0280425) (11,11,0.0795775) (12,11,-0.000282192) (13,11,-0.00366988) (3,12,0.0286419) (5,12,0.0167328) (7,12,0.0357393) (8,12,0.0276394) (10,12,0.0280274) (11,12,-0.000282192) (12,12,0.0795775) (13,12,0.0396442) (2,13,-0.0147596) (3,13,0.0261856) (5,13,0.0135975) (7,13,0.03412) (9,13,0.00316918) (10,13,0.0255201) (11,13,-0.00366988) (12,13,0.0396442) (13,13,0.0795775) 
Minv:
size: 27 27
(0,0,0.0397887) (1,1,0.0397887) (2,2,0.0795775) (3,3,0.0397887) (4,4,0.0397887) (5,5,0.0795775) (6,6,0.0397887) (7,7,0.0397887) (8,8,0.0795775) (9,9,0.0397887) (10,10,0.0397887) (11,11,0.0795775) (12,12,0.0397887) (13,13,0.0397887) (14,14,0.0795775) (15,15,0.0397887) (16,16,0.0397887) (17,17,0.0795775) (18,18,0.0397887) (19,19,0.0397887) (20,20,0.0795775) (21,21,0.0397887) (22,22,0.0397887) (23,23,0.0795775) (24,24,0.0397887) (25,25,0.0397887) (26,26,0.0795775) 
v0:
size: 27 1
(0,0,0.167282) (1,0,0.407439) (2,0,0) (3,0,-0.46129) (4,0,0.79373) (5,0,0) (6,0,-0.411523) (7,0,0.682778) (8,0,0) (9,0,-0.6517) (10,0,0.516578) (11,0,0) (12,0,0.164025) (13,0,0.291275) (14,0,0) (15,0,-0.176644) (16,0,0.82937) (17,0,0) (18,0,0.181112) (19,0,0.467734) (20,0,0) (21,0,-0.0898646) (22,0,0.793108) (23,0,0) (24,0,-0.205895) (25,0,-0.161527) (26,0,0) 
ipopt_sol:
size: 14 1
(0,0,20.3234) (1,0,0) (2,0,0) (3,0,0) (4,0,2.77987) (5,0,0) (6,0,10.8278) (7,0,0) (8,0,0) (9,0,1.29623) (10,0,10.739) (11,0,0) (12,0,2.58615) (13,0,18.8425) 
policy_sol:
size: 14 1
(0,0,20.3234) (1,0,0) (2,0,0) (3,0,0) (4,0,2.77987) (5,0,0) (6,0,10.8278) (7,0,0) (8,0,0) (9,0,1.29623) (10,0,10.739) (11,0,0) (12,0,2.58615) (13,0,18.8425) 

policy_converges:
1
ipopt_converges:
0
