Git Revision:     3cfe7dc3fe6810e9e399640d632720aa3564fe80
Build Mode:       Debug
C Compiler:       /usr/bin/cc
C++ Compiler:     /usr/bin/c++
Fortran Compiler: gfortran
Body count: 9
No end time specified. Simulation will run indefinitely.
N:
size: 27 20
(0,0,-0.458601) (1,0,-0.888642) (15,0,0.458601) (16,0,0.888642) (0,1,-0.99979) (1,1,0.0204938) (18,1,0.99979) (19,1,-0.0204938) (0,2,-0.915485) (1,2,-0.402353) (21,2,0.915485) (22,2,0.402353) (3,3,0.0431162) (4,3,-0.99907) (6,3,-0.0431162) (7,3,0.99907) (3,4,-0.652355) (4,4,-0.757913) (15,4,0.652355) (16,4,0.757913) (6,5,-0.460305) (7,5,0.887761) (9,5,0.460305) (10,5,-0.887761) (6,6,-0.702089) (7,6,0.71209) (12,6,0.702089) (13,6,-0.71209) (6,7,-0.999323) (7,7,-0.0367976) (15,7,0.999323) (16,7,0.0367976) (6,8,-0.697553) (7,8,0.716534) (18,8,0.697553) (19,8,-0.716534) (6,9,-0.887437) (7,9,0.460929) (21,9,0.887437) (22,9,-0.460929) (6,10,-0.999904) (7,10,-0.0138903) (24,10,0.999904) (25,10,0.0138903) (9,11,0.0248057) (10,11,-0.999692) (15,11,-0.0248057) (16,11,0.999692) (9,12,-0.999853) (10,12,0.0171548) (18,12,0.999853) (19,12,-0.0171548) (9,13,-0.727233) (10,13,-0.686391) (21,13,0.727233) (22,13,0.686391) (9,14,-0.440966) (10,14,-0.897524) (24,14,0.440966) (25,14,0.897524) (12,15,0.0491637) (13,15,-0.998791) (15,15,-0.0491637) (16,15,0.998791) (12,16,-0.999997) (13,16,0.00235125) (21,16,0.999997) (22,16,-0.00235125) (12,17,-0.675846) (13,17,-0.737043) (24,17,0.675846) (25,17,0.737043) (15,18,-0.42949) (16,18,0.903072) (18,18,0.42949) (19,18,-0.903072) (18,19,-0.0762101) (19,19,-0.997092) (21,19,0.0762101) (22,19,0.997092) 
Q:
size: 20 20
(0,0,0.0795775) (1,0,0.0175187) (2,0,0.0309314) (4,0,0.0387019) (7,0,0.0195359) (11,0,0.0348944) (15,0,0.0344181) (18,0,0.0240938) (0,1,0.0175187) (1,1,0.0795775) (2,1,0.0360902) (8,1,0.0283332) (12,1,0.0397885) (18,1,0.0178217) (19,1,-0.00221862) (0,2,0.0309314) (1,2,0.0360902) (2,2,0.0795775) (9,2,0.0249467) (13,2,0.0374787) (16,2,0.0363882) (19,2,0.0187386) (3,3,0.0795775) (4,3,0.0290092) (5,3,0.0360797) (6,3,0.0295113) (7,3,0.000251608) (8,3,0.0296801) (9,3,0.0198452) (10,3,0.00116321) (0,4,0.0387019) (3,4,0.0290092) (4,4,0.0795775) (7,4,0.0270485) (11,4,0.0295033) (15,4,0.0288438) (18,4,0.0160854) (3,5,0.0360797) (5,5,0.0795775) (6,5,0.0380118) (7,5,0.0170028) (8,5,0.0380857) (9,5,0.0325347) (10,5,0.0178226) (11,5,0.0357663) (12,5,-0.0189182) (13,5,0.0109261) (14,5,0.0236268) (3,6,0.0295113) (5,6,0.0380118) (6,6,0.0795775) (7,6,0.0268737) (8,6,0.0397879) (9,6,0.0378503) (10,6,0.027539) (15,6,0.0296723) (16,6,-0.0280018) (17,6,0.00200284) (0,7,0.0195359) (3,7,0.000251608) (4,7,0.0270485) (5,7,0.0170028) (6,7,0.0268737) (7,7,0.0795775) (8,7,0.0266868) (9,7,0.0346112) (10,7,0.0397783) (11,7,0.000477362) (15,7,-0.000492474) (18,7,-0.0157551) (1,8,0.0283332) (3,8,0.0296801) (5,8,0.0380857) (6,8,0.0397879) (7,8,0.0266868) (8,8,0.0795775) (9,8,0.0377717) (10,8,0.027356) (12,8,0.0282397) (18,8,0.0376669) (19,8,0.0263119) (2,9,0.0249467) (3,9,0.0198452) (5,9,0.0325347) (6,9,0.0378503) (7,9,0.0346112) (8,9,0.0377717) (9,9,0.0795775) (10,9,0.0350518) (13,9,0.0130903) (16,9,0.035353) (19,9,-0.0155955) (3,10,0.00116321) (5,10,0.0178226) (6,10,0.027539) (7,10,0.0397783) (8,10,0.027356) (9,10,0.0350518) (10,10,0.0795775) (14,10,0.0180398) (17,10,0.0272958) (0,11,0.0348944) (4,11,0.0295033) (5,11,0.0357663) (7,11,0.000477362) (11,11,0.0795775) (12,11,-0.0016692) (13,11,0.0265845) (14,11,0.0352651) (15,11,0.0397769) (18,11,0.0363449) (1,12,0.0397885) (5,12,-0.0189182) (8,12,0.0282397) (11,12,-0.0016692) (12,12,0.0795775) (13,12,0.0284629) (14,12,0.0169303) (18,12,0.0177028) (19,12,-0.00235127) (2,13,0.0374787) (5,13,0.0109261) (9,13,0.0130903) (11,13,0.0265845) (12,13,0.0284629) (13,13,0.0795775) (14,13,0.0372716) (16,13,0.0288714) (19,13,0.0294364) (5,14,0.0236268) (10,14,0.0180398) (11,14,0.0352651) (12,14,0.0169303) (13,14,0.0372716) (14,14,0.0795775) (17,14,0.0381788) (0,15,0.0344181) (4,15,0.0288438) (6,15,0.0296723) (7,15,-0.000492474) (11,15,0.0397769) (15,15,0.0795775) (16,15,-0.00204959) (17,15,0.0279685) (18,15,0.0367288) (2,16,0.0363882) (6,16,-0.0280018) (9,16,0.035353) (13,16,0.0288714) (15,16,-0.00204959) (16,16,0.0795775) (17,16,0.026822) (19,16,0.00293901) (6,17,0.00200284) (10,17,0.0272958) (14,17,0.0381788) (15,17,0.0279685) (16,17,0.026822) (17,17,0.0795775) (0,18,0.0240938) (1,18,0.0178217) (4,18,0.0160854) (7,18,-0.0157551) (8,18,0.0376669) (11,18,0.0363449) (12,18,0.0177028) (15,18,0.0367288) (18,18,0.0795775) (19,18,0.0345252) (1,19,-0.00221862) (2,19,0.0187386) (8,19,0.0263119) (9,19,-0.0155955) (12,19,-0.00235127) (13,19,0.0294364) (16,19,0.00293901) (18,19,0.0345252) (19,19,0.0795775) 
Minv:
size: 27 27
(0,0,0.0397887) (1,1,0.0397887) (2,2,0.0795775) (3,3,0.0397887) (4,4,0.0397887) (5,5,0.0795775) (6,6,0.0397887) (7,7,0.0397887) (8,8,0.0795775) (9,9,0.0397887) (10,10,0.0397887) (11,11,0.0795775) (12,12,0.0397887) (13,13,0.0397887) (14,14,0.0795775) (15,15,0.0397887) (16,16,0.0397887) (17,17,0.0795775) (18,18,0.0397887) (19,19,0.0397887) (20,20,0.0795775) (21,21,0.0397887) (22,22,0.0397887) (23,23,0.0795775) (24,24,0.0397887) (25,25,0.0397887) (26,26,0.0795775) 
v0:
size: 27 1
(0,0,0.769293) (1,0,-0.60947) (2,0,0) (3,0,-0.673956) (4,0,0.83782) (5,0,0) (6,0,0.962731) (7,0,0.371538) (8,0,0) (9,0,0.912766) (10,0,0.606093) (11,0,0) (12,0,0.477323) (13,0,0.7595) (14,0,0) (15,0,-0.701003) (16,0,-0.633621) (17,0,0) (18,0,-0.0278397) (19,0,0.273618) (20,0,0) (21,0,0.348466) (22,0,0.0953953) (23,0,0) (24,0,0.232882) (25,0,0.786082) (26,0,0) 
ipopt_sol:
size: 20 1
(0,0,7.3534e-08) (1,0,13.6079) (2,0,1.26285e-07) (3,0,13.3464) (4,0,1.87689e-07) (5,0,7.47012e-08) (6,0,7.33243e-08) (7,0,42.7576) (8,0,7.24089e-08) (9,0,7.83959e-08) (10,0,3.28839e-07) (11,0,13.7327) (12,0,13.8213) (13,0,8.92363) (14,0,1.07389e-07) (15,0,26.9307) (16,0,0.610645) (17,0,1.80122e-07) (18,0,3.11237e-07) (19,0,1.20971) 
policy_sol:
size: 20 1
(0,0,0) (1,0,13.6079) (2,0,0) (3,0,13.3464) (4,0,0) (5,0,0) (6,0,0) (7,0,42.7576) (8,0,0) (9,0,0) (10,0,0) (11,0,13.7327) (12,0,13.8213) (13,0,8.92363) (14,0,0) (15,0,26.9307) (16,0,0.610643) (17,0,0) (18,0,0) (19,0,1.20971) 

policy_converges:
1
