Git Revision:     18345a57b34405566a64d0bf3d2a118f1cdbade3
Build Mode:       Debug
C Compiler:       /usr/bin/cc
C++ Compiler:     /usr/bin/c++
Fortran Compiler: gfortran
Body count: 9
No end time specified. Simulation will run indefinitely.
N:
size: 27 23
(0,0,-0.00280302) (1,0,-0.999996) (6,0,0.00280302) (7,0,0.999996) (0,1,-0.999888) (1,1,-0.0149825) (9,1,0.999888) (10,1,0.0149825) (3,2,0.0140456) (4,2,-0.999901) (6,2,-0.0140456) (7,2,0.999901) (3,3,-0.72708) (4,3,0.686553) (9,3,0.72708) (10,3,-0.686553) (3,4,-0.995585) (4,4,-0.0938683) (12,4,0.995585) (13,4,0.0938683) (3,5,-0.697746) (4,5,-0.716345) (15,5,0.697746) (16,5,0.716345) (3,6,-0.891645) (4,6,0.452736) (18,6,0.891645) (19,6,-0.452736) (3,7,-0.999999) (4,7,-0.00124417) (21,7,0.999999) (22,7,0.00124417) (3,8,-0.872506) (4,8,-0.488603) (24,8,0.872506) (25,8,0.488603) (6,9,-0.462178) (7,9,0.886787) (9,9,0.462178) (10,9,-0.886787) (6,10,-0.720511) (7,10,0.693443) (12,10,0.720511) (13,10,-0.693443) (6,11,-0.698715) (7,11,0.7154) (18,11,0.698715) (19,11,-0.7154) (6,12,-0.888825) (7,12,0.458246) (21,12,0.888825) (22,12,-0.458246) (6,13,-0.99946) (7,13,-0.032856) (24,13,0.99946) (25,13,0.032856) (9,14,0.0093259) (10,14,-0.999957) (15,14,-0.0093259) (16,14,0.999957) (12,15,-0.050936) (13,15,-0.998702) (15,15,0.050936) (16,15,0.998702) (12,16,-0.996261) (13,16,0.0863954) (21,16,0.996261) (22,16,-0.0863954) (12,17,-0.703301) (13,17,-0.710893) (24,17,0.703301) (25,17,0.710893) (15,18,-0.425542) (16,18,0.904939) (18,18,0.425542) (19,18,-0.904939) (15,19,-0.683632) (16,19,0.729827) (21,19,0.683632) (22,19,-0.729827) (15,20,-0.99812) (16,20,-0.061288) (24,20,0.99812) (25,20,0.061288) (18,21,-0.0116185) (19,21,-0.999933) (21,21,0.0116185) (22,21,0.999933) (18,22,0.00575112) (19,22,-0.999983) (24,22,-0.00575112) (25,22,0.999983) 
Q:
size: 23 23
(0,0,0.0795775) (1,0,0.000707647) (2,0,0.0397831) (9,0,0.0352324) (10,0,0.0275108) (11,0,0.0283868) (12,0,0.0181338) (13,0,-0.00141876) (0,1,0.000707647) (1,1,0.0795775) (3,1,0.0285171) (9,1,0.0178588) (14,1,-0.000225083) (0,2,0.0397831) (2,2,0.0795775) (3,2,-0.0277207) (4,2,0.00317815) (5,2,0.0281097) (6,2,-0.0185103) (7,2,-0.000509356) (8,2,0.0189514) (9,2,0.0355389) (10,2,0.0279912) (11,2,0.0288525) (12,2,0.018728) (13,2,-0.000748618) (1,3,0.0285171) (2,3,-0.0277207) (3,3,0.0795775) (4,3,0.0262377) (5,3,0.000617053) (6,3,0.0381623) (7,3,0.0288956) (8,3,0.0118941) (9,3,0.037595) (14,3,0.0275857) (2,4,0.00317815) (3,4,0.0262377) (4,4,0.0795775) (5,4,0.0303153) (6,4,0.0336298) (7,4,0.0396177) (8,4,0.0363875) (10,4,0.0259517) (15,4,-0.00574779) (16,4,-0.0391423) (17,4,-0.030515) (2,5,0.0281097) (3,5,0.000617053) (4,5,0.0303153) (5,5,0.0795775) (6,5,0.0118501) (7,5,0.0277979) (8,5,0.0381493) (14,5,0.0282423) (15,5,0.0298796) (18,5,0.0139789) (19,5,0.00182262) (20,5,-0.0294571) (2,6,-0.0185103) (3,6,0.0381623) (4,6,0.0336298) (5,6,0.0118501) (6,6,0.0795775) (7,6,0.035455) (8,6,0.0221527) (11,6,0.0376757) (18,6,0.0313985) (21,6,0.0176004) (22,6,0.0182175) (2,7,-0.000509356) (3,7,0.0288956) (4,7,0.0396177) (5,7,0.0277979) (6,7,0.035455) (7,7,0.0795775) (8,7,0.0347401) (12,7,0.0353425) (16,7,0.0396357) (19,7,0.0271647) (21,7,0.000511784) (2,8,0.0189514) (3,8,0.0118941) (4,8,0.0363875) (5,8,0.0381493) (6,8,0.0221527) (7,8,0.0347401) (8,8,0.0795775) (13,8,0.0353359) (17,8,0.0382361) (20,8,0.0358422) (22,8,0.0192409) (0,9,0.0352324) (1,9,0.0178588) (2,9,0.0355389) (3,9,0.037595) (9,9,0.0795775) (10,9,0.0377174) (11,9,0.0380913) (12,9,0.0325139) (13,9,0.0172203) (14,9,0.0354541) (0,10,0.0275108) (2,10,0.0279912) (4,10,0.0259517) (9,10,0.0377174) (10,10,0.0795775) (11,10,0.0397697) (12,10,0.0381246) (13,10,0.0277462) (15,10,0.0260952) (16,10,-0.0309448) (17,10,-0.000547973) (0,11,0.0283868) (2,11,0.0288525) (6,11,0.0376757) (9,11,0.0380913) (10,11,0.0397697) (11,11,0.0795775) (12,11,0.0377541) (13,11,0.0268507) (18,11,0.0375894) (21,11,0.0281399) (22,11,0.0286243) (0,12,0.0181338) (2,12,0.018728) (7,12,0.0353425) (9,12,0.0325139) (10,12,0.0381246) (11,12,0.0377541) (12,12,0.0795775) (13,12,0.0347471) (16,12,0.0368083) (19,12,0.0374838) (21,12,-0.0178209) (0,13,-0.00141876) (2,13,-0.000748618) (8,13,0.0353359) (9,13,0.0172203) (10,13,0.0277462) (11,13,0.0268507) (12,13,0.0347471) (13,13,0.0795775) (17,13,0.0288977) (20,13,0.0397726) (22,13,0.00107857) (1,14,-0.000225083) (3,14,0.0275857) (5,14,0.0282423) (9,14,0.0354541) (14,14,0.0795775) (15,14,0.0397165) (18,14,0.0361627) (19,14,0.0292913) (20,14,-0.0020681) (4,15,-0.00574779) (5,15,0.0298796) (10,15,0.0260952) (14,15,0.0397165) (15,15,0.0795775) (16,15,-0.001414) (17,15,0.0296742) (18,15,0.0350972) (19,15,0.0276157) (20,15,-0.00445828) (4,16,-0.0391423) (7,16,0.0396357) (10,16,-0.0309448) (12,16,0.0368083) (15,16,-0.001414) (16,16,0.0795775) (17,16,0.0254351) (19,16,0.029608) (21,16,-0.00297678) (4,17,-0.030515) (8,17,0.0382361) (10,17,-0.000547973) (13,17,0.0288977) (15,17,0.0296742) (16,17,0.0254351) (17,17,0.0795775) (20,17,0.0296644) (22,17,0.0281241) (5,18,0.0139789) (6,18,0.0313985) (11,18,0.0375894) (14,18,0.0361627) (15,18,0.0350972) (18,18,0.0795775) (19,18,0.0378535) (20,18,0.0146932) (21,18,0.0358072) (22,18,0.0361031) (5,19,0.00182262) (7,19,0.0271647) (12,19,0.0374838) (14,19,0.0292913) (15,19,0.0276157) (16,19,0.029608) (18,19,0.0378535) (19,19,0.0795775) (20,19,0.02537) (21,19,-0.0287209) (5,20,-0.0294571) (8,20,0.0358422) (13,20,0.0397726) (14,20,-0.0020681) (15,20,-0.00445828) (17,20,0.0296644) (18,20,0.0146932) (19,20,0.02537) (20,20,0.0795775) (22,20,0.00221013) (6,21,0.0176004) (7,21,0.000511784) (11,21,0.0281399) (12,21,-0.0178209) (16,21,-0.00297678) (18,21,0.0358072) (19,21,-0.0287209) (21,21,0.0795775) (22,21,0.0397827) (6,22,0.0182175) (8,22,0.0192409) (11,22,0.0286243) (13,22,0.00107857) (17,22,0.0281241) (18,22,0.0361031) (20,22,0.00221013) (21,22,0.0397827) (22,22,0.0795775) 
Minv:
size: 27 27
(0,0,0.0397887) (1,1,0.0397887) (2,2,0.0795775) (3,3,0.0397887) (4,4,0.0397887) (5,5,0.0795775) (6,6,0.0397887) (7,7,0.0397887) (8,8,0.0795775) (9,9,0.0397887) (10,10,0.0397887) (11,11,0.0795775) (12,12,0.0397887) (13,13,0.0397887) (14,14,0.0795775) (15,15,0.0397887) (16,16,0.0397887) (17,17,0.0795775) (18,18,0.0397887) (19,19,0.0397887) (20,20,0.0795775) (21,21,0.0397887) (22,22,0.0397887) (23,23,0.0795775) (24,24,0.0397887) (25,25,0.0397887) (26,26,0.0795775) 
v0:
size: 27 1
(0,0,-0.367281) (1,0,-0.533784) (2,0,0) (3,0,0.459221) (4,0,0.0681821) (5,0,0) (6,0,0.126196) (7,0,-0.548199) (8,0,0) (9,0,-0.513148) (10,0,-0.373468) (11,0,0) (12,0,-0.210448) (13,0,0.753337) (14,0,0) (15,0,0.2256) (16,0,-0.401981) (17,0,0) (18,0,0.10988) (19,0,0.649849) (20,0,0) (21,0,-0.358573) (22,0,-0.358931) (23,0,0) (24,0,-0.204202) (25,0,-0.147168) (26,0,0) 
ipopt_sol:
size: 23 1
(0,0,8.78972e-08) (1,0,0.778892) (2,0,12.2729) (3,0,7.88703) (4,0,4.17026e-06) (5,0,4.5439e-07) (6,0,1.23336e-06) (7,0,17.2317) (8,0,6.8007e-07) (9,0,1.77679e-07) (10,0,16.9357) (11,0,6.11549e-07) (12,0,7.90568e-07) (13,0,3.14814e-07) (14,0,7.48617e-08) (15,0,22.9597) (16,0,2.49338e-05) (17,0,0.321854) (18,0,9.38026e-07) (19,0,1.20776) (20,0,10.9238) (21,0,21.3724) (22,0,8.88378) 
policy_sol:
size: 23 1
(0,0,0) (1,0,0.778891) (2,0,12.2729) (3,0,7.88703) (4,0,0) (5,0,0) (6,0,0) (7,0,17.2317) (8,0,0) (9,0,0) (10,0,16.9357) (11,0,0) (12,0,0) (13,0,0) (14,0,0) (15,0,22.9597) (16,0,0) (17,0,0.321867) (18,0,0) (19,0,1.20777) (20,0,10.9238) (21,0,21.3724) (22,0,8.88377) 

policy_converges:
1
ipopt_converges:
0
