Git Revision:     3cfe7dc3fe6810e9e399640d632720aa3564fe80
Build Mode:       Debug
C Compiler:       /usr/bin/cc
C++ Compiler:     /usr/bin/c++
Fortran Compiler: gfortran
Body count: 9
No end time specified. Simulation will run indefinitely.
N:
size: 27 11
(0,0,0.0237095) (1,0,-0.999719) (3,0,-0.0237095) (4,0,0.999719) (0,1,-0.999347) (1,1,0.0361189) (18,1,0.999347) (19,1,-0.0361189) (0,2,-0.714164) (1,2,-0.699978) (24,2,0.714164) (25,2,0.699978) (3,3,-0.883742) (4,3,0.467974) (18,3,0.883742) (19,3,-0.467974) (9,4,-0.00170121) (10,4,-0.999999) (12,4,0.00170121) (13,4,0.999999) (9,5,-0.0204242) (10,5,-0.999791) (15,5,0.0204242) (16,5,0.999791) (9,6,-0.998921) (10,6,0.0464493) (18,6,0.998921) (19,6,-0.0464493) (9,7,-0.721313) (10,7,-0.69261) (21,7,0.721313) (22,7,0.69261) (9,8,-0.465346) (10,8,-0.885129) (24,8,0.465346) (25,8,0.885129) (12,9,-0.725099) (13,9,-0.688645) (24,9,0.725099) (25,9,0.688645) (15,10,-0.998821) (16,10,-0.0485542) (24,10,0.998821) (25,10,0.0485542) 
Q:
size: 11 11
(0,0,0.0795775) (1,0,-0.00237948) (2,0,0.0271697) (3,0,0.0194486) (0,1,-0.00237948) (1,1,0.0795775) (2,1,0.0273912) (3,1,0.0358126) (6,1,0.0397866) (0,2,0.0271697) (1,2,0.0273912) (2,2,0.0795775) (8,2,0.0378751) (9,2,0.0397838) (10,2,0.0297345) (0,3,0.0194486) (1,3,0.0358126) (3,3,0.0795775) (6,3,0.0359899) (4,4,0.0795775) (5,4,0.0397818) (6,4,-0.00178054) (7,4,0.0276068) (8,4,0.0352496) (9,4,-0.0274493) (4,5,0.0397818) (5,5,0.0795775) (6,5,-0.001036) (7,5,0.0281385) (8,5,0.035589) (10,5,-0.0027432) (1,6,0.0397866) (3,6,0.0359899) (4,6,-0.00178054) (5,6,-0.001036) (6,6,0.0795775) (7,6,0.0273891) (8,6,0.0168597) (4,7,0.0276068) (5,7,0.0281385) (6,7,0.0273891) (7,7,0.0795775) (8,7,0.0377479) (2,8,0.0378751) (4,8,0.0352496) (5,8,0.035589) (6,8,0.0168597) (7,8,0.0377479) (8,8,0.0795775) (9,8,0.0376784) (10,8,0.0202037) (2,9,0.0397838) (4,9,-0.0274493) (8,9,0.0376784) (9,9,0.0795775) (10,9,0.0301471) (2,10,0.0297345) (5,10,-0.0027432) (8,10,0.0202037) (9,10,0.0301471) (10,10,0.0795775) 
Minv:
size: 27 27
(0,0,0.0397887) (1,1,0.0397887) (2,2,0.0795775) (3,3,0.0397887) (4,4,0.0397887) (5,5,0.0795775) (6,6,0.0397887) (7,7,0.0397887) (8,8,0.0795775) (9,9,0.0397887) (10,10,0.0397887) (11,11,0.0795775) (12,12,0.0397887) (13,13,0.0397887) (14,14,0.0795775) (15,15,0.0397887) (16,16,0.0397887) (17,17,0.0795775) (18,18,0.0397887) (19,19,0.0397887) (20,20,0.0795775) (21,21,0.0397887) (22,22,0.0397887) (23,23,0.0795775) (24,24,0.0397887) (25,25,0.0397887) (26,26,0.0795775) 
v0:
size: 27 1
(0,0,0.0683942) (1,0,0.373167) (2,0,0) (3,0,-0.341406) (4,0,-0.123425) (5,0,0) (6,0,-0.615241) (7,0,0.83683) (8,0,0) (9,0,0.997375) (10,0,0.793917) (11,0,0) (12,0,0.503783) (13,0,0.664746) (14,0,0) (15,0,0.882873) (16,0,0.707931) (17,0,0) (18,0,-0.621851) (19,0,-0.572093) (20,0,0) (21,0,0.866565) (22,0,0.582117) (23,0,0) (24,0,-0.436433) (25,0,0.740449) (26,0,0) 
ipopt_sol:
size: 11 1
(0,0,12.233) (1,0,4.04782e-07) (2,0,6.06736e-08) (3,0,4.7796e-08) (4,0,5.84323) (5,0,0.869188) (6,0,39.1991) (7,0,1.06957e-07) (8,0,2.71205e-07) (9,0,6.18411) (10,0,30.7662) 
policy_sol:
size: 11 1
(0,0,12.233) (1,0,0) (2,0,0) (3,0,0) (4,0,5.84323) (5,0,0.869187) (6,0,39.1991) (7,0,0) (8,0,0) (9,0,6.18411) (10,0,30.7662) 

policy_converges:
1
