Git Revision:     3cfe7dc3fe6810e9e399640d632720aa3564fe80
Build Mode:       Debug
C Compiler:       /usr/bin/cc
C++ Compiler:     /usr/bin/c++
Fortran Compiler: gfortran
Body count: 9
No end time specified. Simulation will run indefinitely.
N:
size: 27 21
(0,0,-0.0550139) (1,0,-0.998486) (3,0,0.0550139) (4,0,0.998486) (0,1,-0.0255721) (1,1,-0.999673) (6,1,0.0255721) (7,1,0.999673) (0,2,-0.45514) (1,2,-0.89042) (15,2,0.45514) (16,2,0.89042) (0,3,-0.695224) (1,3,-0.718793) (24,3,0.695224) (25,3,0.718793) (3,4,0.00498533) (4,4,-0.999988) (6,4,-0.00498533) (7,4,0.999988) (3,5,-0.70041) (4,5,-0.713741) (15,5,0.70041) (16,5,0.713741) (3,6,-0.88462) (4,6,-0.466313) (24,6,0.88462) (25,6,0.466313) (6,7,-0.675642) (7,7,0.73723) (12,7,0.675642) (13,7,-0.73723) (6,8,-0.99999) (7,8,-0.00449447) (15,8,0.99999) (16,8,0.00449447) (6,9,-0.891629) (7,9,0.452767) (21,9,0.891629) (22,9,-0.452767) (6,10,-0.999967) (7,10,-0.00817611) (24,10,0.999967) (25,10,0.00817611) (9,11,-0.010491) (10,11,-0.999945) (15,11,0.010491) (16,11,0.999945) (9,12,-0.715729) (10,12,-0.698378) (21,12,0.715729) (22,12,0.698378) (9,13,-0.421267) (10,13,-0.906937) (24,13,0.421267) (25,13,0.906937) (12,14,-0.0222993) (13,14,-0.999751) (15,14,0.0222993) (16,14,0.999751) (12,15,-0.999665) (13,15,-0.0258636) (21,15,0.999665) (22,15,0.0258636) (12,16,-0.669376) (13,16,-0.742924) (24,16,0.669376) (25,16,0.742924) (15,17,-0.437348) (16,17,0.899292) (18,17,0.437348) (19,17,-0.899292) (15,18,-0.707498) (16,18,0.706715) (21,18,0.707498) (22,18,-0.706715) (15,19,-0.999927) (16,19,-0.0120504) (24,19,0.999927) (25,19,0.0120504) (18,20,-0.0635012) (19,20,-0.997982) (21,20,0.0635012) (22,20,0.997982) 
Q:
size: 21 21
(0,0,0.0795775) (1,0,0.0397715) (2,0,0.0363713) (3,0,0.0300783) (4,0,-0.0397171) (5,0,-0.029889) (6,0,-0.0204623) (0,1,0.0397715) (1,1,0.0795775) (2,1,0.0358802) (3,1,0.0292979) (4,1,0.0397702) (7,1,0.0286364) (8,1,-0.00119624) (9,1,0.0171019) (10,1,-0.00134266) (0,2,0.0363713) (1,2,0.0358802) (2,2,0.0795775) (3,2,0.038056) (5,2,0.0379709) (8,2,0.0182685) (11,2,0.0356167) (14,2,0.0358237) (17,2,0.0239406) (18,2,0.0122256) (19,2,-0.0185351) (0,3,0.0300783) (1,3,0.0292979) (2,3,0.038056) (3,3,0.0795775) (6,3,0.0378069) (10,3,0.027895) (13,3,0.0375914) (16,3,0.0397639) (19,3,0.0280047) (0,4,-0.0397171) (1,4,0.0397702) (4,4,0.0795775) (5,4,0.0282596) (6,4,0.0183783) (7,4,0.0294671) (8,4,1.95309e-05) (9,4,0.0181917) (10,4,-0.00012696) (0,5,-0.029889) (2,5,0.0379709) (4,5,0.0282596) (5,5,0.0795775) (6,5,0.0378957) (8,5,0.0279958) (11,5,0.0286896) (14,5,0.0290132) (17,5,0.0133506) (18,5,0.000353013) (19,5,-0.0282086) (0,6,-0.0204623) (3,6,0.0378069) (4,6,0.0183783) (5,6,0.0378957) (6,6,0.0795775) (10,6,0.0353484) (13,6,0.031655) (16,6,0.0373448) (19,6,0.0354189) (1,7,0.0286364) (4,7,0.0294671) (7,7,0.0795775) (8,7,0.0267508) (9,7,0.0372508) (10,7,0.0266422) (14,7,0.0287267) (15,7,-0.0261153) (16,7,0.00379773) (1,8,-0.00119624) (2,8,0.0182685) (4,8,1.95309e-05) (5,8,0.0279958) (7,8,0.0267508) (8,8,0.0795775) (9,8,0.0353955) (10,8,0.0397885) (11,8,0.000596237) (14,8,0.00106604) (17,8,-0.0172405) (18,8,-0.0280238) (19,8,-0.0397876) (1,9,0.0171019) (4,9,0.0181917) (7,9,0.0372508) (8,9,0.0353955) (9,9,0.0795775) (10,9,0.0353283) (12,9,0.0128104) (15,9,0.034999) (18,9,0.0378313) (20,9,-0.0157259) (1,10,-0.00134266) (3,10,0.027895) (4,10,-0.00012696) (6,10,0.0353484) (7,10,0.0266422) (8,10,0.0397885) (9,10,0.0353283) (10,10,0.0795775) (13,10,0.0170562) (16,10,0.0268744) (19,10,0.0397884) (2,11,0.0356167) (5,11,0.0286896) (8,11,0.000596237) (11,11,0.0795775) (12,11,0.0280848) (13,11,0.0362597) (14,11,0.039786) (17,11,0.0355972) (18,11,0.0278224) (19,11,-0.000896836) (9,12,0.0128104) (11,12,0.0280848) (12,12,0.0795775) (13,12,0.0371984) (15,12,0.0291871) (18,12,0.0005102) (20,12,0.0295399) (3,13,0.0375914) (6,13,0.031655) (10,13,0.0170562) (11,13,0.0362597) (12,13,0.0371984) (13,13,0.0795775) (16,13,0.0380289) (19,13,0.0171953) (2,14,0.0358237) (5,14,0.0290132) (7,14,0.0287267) (8,14,0.00106604) (11,14,0.039786) (14,14,0.0795775) (15,14,0.00191579) (16,14,0.0301466) (17,14,0.0353848) (18,14,0.0274846) (19,14,-0.00136655) (7,15,-0.0261153) (9,15,0.034999) (12,15,0.0291871) (14,15,0.00191579) (15,15,0.0795775) (16,15,0.0273892) (18,15,0.0274138) (20,15,0.00355279) (3,16,0.0397639) (6,16,0.0373448) (7,16,0.00379773) (10,16,0.0268744) (13,16,0.0380289) (14,16,0.0301466) (15,16,0.0273892) (16,16,0.0795775) (19,16,0.0269879) (2,17,0.0239406) (5,17,0.0133506) (8,17,-0.0172405) (11,17,0.0355972) (14,17,0.0353848) (17,17,0.0795775) (18,17,0.037599) (19,17,0.0169691) (20,17,0.0346045) (2,18,0.0122256) (5,18,0.000353013) (8,18,-0.0280238) (9,18,0.0378313) (11,18,0.0278224) (12,18,0.0005102) (14,18,0.0274846) (15,18,0.0274138) (17,18,0.037599) (18,18,0.0795775) (19,18,0.0278096) (20,18,-0.026275) (2,19,-0.0185351) (3,19,0.0280047) (5,19,-0.0282086) (6,19,0.0354189) (8,19,-0.0397876) (10,19,0.0397884) (11,19,-0.000896836) (13,19,0.0171953) (14,19,-0.00136655) (16,19,0.0269879) (17,19,0.0169691) (18,19,0.0278096) (19,19,0.0795775) (9,20,-0.0157259) (12,20,0.0295399) (15,20,0.00355279) (17,20,0.0346045) (18,20,-0.026275) (20,20,0.0795775) 
Minv:
size: 27 27
(0,0,0.0397887) (1,1,0.0397887) (2,2,0.0795775) (3,3,0.0397887) (4,4,0.0397887) (5,5,0.0795775) (6,6,0.0397887) (7,7,0.0397887) (8,8,0.0795775) (9,9,0.0397887) (10,10,0.0397887) (11,11,0.0795775) (12,12,0.0397887) (13,13,0.0397887) (14,14,0.0795775) (15,15,0.0397887) (16,16,0.0397887) (17,17,0.0795775) (18,18,0.0397887) (19,19,0.0397887) (20,20,0.0795775) (21,21,0.0397887) (22,22,0.0397887) (23,23,0.0795775) (24,24,0.0397887) (25,25,0.0397887) (26,26,0.0795775) 
v0:
size: 27 1
(0,0,-0.593928) (1,0,0.283739) (2,0,0) (3,0,-0.176206) (4,0,0.247603) (5,0,0) (6,0,0.686683) (7,0,0.242462) (8,0,0) (9,0,0.15744) (10,0,-0.145321) (11,0,0) (12,0,0.122071) (13,0,-0.10848) (14,0,0) (15,0,-0.20692) (16,0,-0.969372) (17,0,0) (18,0,0.549436) (19,0,-0.172863) (20,0,0) (21,0,-0.0865217) (22,0,-0.153212) (23,0,0) (24,0,-0.329224) (25,0,-0.0285316) (26,0,0) 
ipopt_sol:
size: 21 1
(0,0,4.39354e-06) (1,0,3.27594e-07) (2,0,9.09977) (3,0,1.00165e-07) (4,0,3.57492e-07) (5,0,9.5039) (6,0,1.57971e-07) (7,0,1.05456e-07) (8,0,11.0402) (9,0,1.77124e-07) (10,0,20.0673) (11,0,5.05294) (12,0,1.00007) (13,0,2.39425e-07) (14,0,7.59327) (15,0,0.582761) (16,0,2.94312e-07) (17,0,2.17181e-07) (18,0,11.502) (19,0,1.65998e-05) (20,0,3.92256) 
policy_sol:
size: 21 1
(0,0,0) (1,0,0) (2,0,9.09978) (3,0,0) (4,0,0) (5,0,9.50389) (6,0,0) (7,0,0) (8,0,11.0402) (9,0,0) (10,0,20.0673) (11,0,5.05294) (12,0,1.00007) (13,0,0) (14,0,7.59327) (15,0,0.582759) (16,0,0) (17,0,0) (18,0,11.502) (19,0,0) (20,0,3.92256) 

policy_converges:
1
