Git Revision:     18345a57b34405566a64d0bf3d2a118f1cdbade3
Build Mode:       Debug
C Compiler:       /usr/bin/cc
C++ Compiler:     /usr/bin/c++
Fortran Compiler: gfortran
Body count: 9
No end time specified. Simulation will run indefinitely.
N:
size: 27 16
(0,0,-0.043232) (1,0,-0.999065) (6,0,0.043232) (7,0,0.999065) (0,1,-0.689925) (1,1,-0.723881) (12,1,0.689925) (13,1,0.723881) (3,2,-0.0489859) (4,2,-0.998799) (6,2,0.0489859) (7,2,0.998799) (3,3,-0.999284) (4,3,-0.0378414) (12,3,0.999284) (13,3,0.0378414) (3,4,-0.686769) (4,4,-0.726876) (15,4,0.686769) (16,4,0.726876) (3,5,-0.999968) (4,5,0.00805052) (21,5,0.999968) (22,5,-0.00805052) (3,6,-0.896707) (4,6,-0.442625) (24,6,0.896707) (25,6,0.442625) (6,7,-0.447269) (7,7,0.8944) (9,7,0.447269) (10,7,-0.8944) (6,8,-0.681557) (7,8,0.731765) (12,8,0.681557) (13,8,-0.731765) (6,9,-0.999332) (7,9,-0.0365495) (15,9,0.999332) (16,9,0.0365495) (6,10,-0.696705) (7,10,0.717358) (18,10,0.696705) (19,10,-0.717358) (6,11,-0.88626) (7,11,0.463189) (21,11,0.88626) (22,11,-0.463189) (9,12,0.0747459) (10,12,-0.997203) (12,12,-0.0747459) (13,12,0.997203) (9,13,-0.459158) (10,13,-0.888355) (24,13,0.459158) (25,13,0.888355) (18,14,-0.0180444) (19,14,-0.999837) (24,14,0.0180444) (25,14,0.999837) (21,15,-0.0301075) (22,15,-0.999547) (24,15,0.0301075) (25,15,0.999547) 
Q:
size: 16 16
(0,0,0.0795775) (1,0,0.0299621) (2,0,0.0397881) (7,0,0.0347844) (8,0,0.0279164) (9,0,-0.0031719) (10,0,0.0273176) (11,0,0.016888) (0,1,0.0299621) (1,1,0.0795775) (3,1,0.0285215) (8,1,-0.00236689) (12,1,0.0266699) (0,2,0.0397881) (2,2,0.0795775) (3,2,0.00345155) (4,2,0.0302253) (5,2,0.00162909) (6,2,0.0193381) (7,2,0.0346725) (8,2,0.0277526) (9,2,-0.0034003) (10,2,0.0271506) (11,2,0.0166802) (1,3,0.0285215) (2,3,0.00345155) (3,3,0.0795775) (4,3,0.0284005) (5,3,0.0397468) (6,3,0.0363197) (8,3,0.0259971) (12,3,-0.00147047) (2,4,0.0302253) (3,4,0.0284005) (4,4,0.0795775) (5,4,0.027092) (6,4,0.0373045) (9,4,0.0283645) (2,5,0.00162909) (3,5,0.0397468) (4,5,0.027092) (5,5,0.0795775) (6,5,0.0355359) (11,5,0.0354104) (15,5,-0.000877725) (2,6,0.0193381) (3,6,0.0363197) (4,6,0.0373045) (5,6,0.0355359) (6,6,0.0795775) (13,6,0.0320275) (14,6,0.0182524) (15,6,0.0186777) (0,7,0.0347844) (2,7,0.0346725) (7,7,0.0795775) (8,7,0.0381705) (9,7,0.0164837) (10,7,0.0379274) (11,7,0.0322556) (12,7,0.0368177) (13,7,0.0234426) (0,8,0.0279164) (1,8,-0.00236689) (2,8,0.0277526) (3,8,0.0259971) (7,8,0.0381705) (8,8,0.0795775) (9,8,0.026036) (10,8,0.03978) (11,8,0.0375201) (12,8,-0.0310615) (0,9,-0.0031719) (2,9,-0.0034003) (4,9,0.0283645) (7,9,0.0164837) (8,9,0.026036) (9,9,0.0795775) (10,9,0.0266593) (11,9,0.034566) (0,10,0.0273176) (2,10,0.0271506) (7,10,0.0379274) (8,10,0.03978) (9,10,0.0266593) (10,10,0.0795775) (11,10,0.0377887) (14,10,0.0280379) (0,11,0.016888) (2,11,0.0166802) (5,11,0.0354104) (7,11,0.0322556) (8,11,0.0375201) (9,11,0.034566) (10,11,0.0377887) (11,11,0.0795775) (15,11,0.0173597) (1,12,0.0266699) (3,12,-0.00147047) (7,12,0.0368177) (8,12,-0.0310615) (12,12,0.0795775) (13,12,0.0338821) (6,13,0.0320275) (7,13,0.0234426) (12,13,0.0338821) (13,13,0.0795775) (14,13,0.0356704) (15,13,0.0358805) (6,14,0.0182524) (10,14,0.0280379) (13,14,0.0356704) (14,14,0.0795775) (15,14,0.0397858) (5,15,-0.000877725) (6,15,0.0186777) (11,15,0.0173597) (13,15,0.0358805) (14,15,0.0397858) (15,15,0.0795775) 
Minv:
size: 27 27
(0,0,0.0397887) (1,1,0.0397887) (2,2,0.0795775) (3,3,0.0397887) (4,4,0.0397887) (5,5,0.0795775) (6,6,0.0397887) (7,7,0.0397887) (8,8,0.0795775) (9,9,0.0397887) (10,10,0.0397887) (11,11,0.0795775) (12,12,0.0397887) (13,13,0.0397887) (14,14,0.0795775) (15,15,0.0397887) (16,16,0.0397887) (17,17,0.0795775) (18,18,0.0397887) (19,19,0.0397887) (20,20,0.0795775) (21,21,0.0397887) (22,22,0.0397887) (23,23,0.0795775) (24,24,0.0397887) (25,25,0.0397887) (26,26,0.0795775) 
v0:
size: 27 1
(0,0,-0.162773) (1,0,-0.666508) (2,0,0) (3,0,-0.108033) (4,0,0.914411) (5,0,0) (6,0,0.231567) (7,0,-0.81288) (8,0,0) (9,0,0.156652) (10,0,-0.519211) (11,0,0) (12,0,-0.608215) (13,0,-0.89061) (14,0,0) (15,0,-0.117025) (16,0,0.824917) (17,0,0) (18,0,0.246157) (19,0,-0.766435) (20,0,0) (21,0,-0.126317) (22,0,0.164435) (23,0,0) (24,0,0.415168) (25,0,-0.88874) (26,0,0) 
ipopt_sol:
size: 16 1
(0,0,4.64622e-08) (1,0,6.06425) (2,0,42.6443) (3,0,10.3669) (4,0,4.39335e-08) (5,0,1.83088e-07) (6,0,7.86425e-08) (7,0,6.08193e-08) (8,0,1.77992e-07) (9,0,8.6254) (10,0,5.58585e-08) (11,0,1.03028) (12,0,6.03049) (13,0,1.17733e-07) (14,0,1.05234e-07) (15,0,25.8227) 
policy_sol:
size: 16 1
(0,0,0) (1,0,6.06425) (2,0,42.6443) (3,0,10.3669) (4,0,0) (5,0,0) (6,0,0) (7,0,0) (8,0,0) (9,0,8.6254) (10,0,0) (11,0,1.03028) (12,0,6.03049) (13,0,0) (14,0,0) (15,0,25.8227) 

policy_converges:
1
ipopt_converges:
1
