Git Revision:     18345a57b34405566a64d0bf3d2a118f1cdbade3
Build Mode:       Debug
C Compiler:       /usr/bin/cc
C++ Compiler:     /usr/bin/c++
Fortran Compiler: gfortran
Body count: 9
No end time specified. Simulation will run indefinitely.
N:
size: 27 21
(0,0,-0.0267052) (1,0,-0.999643) (6,0,0.0267052) (7,0,0.999643) (0,1,-0.999748) (1,1,-0.0224374) (9,1,0.999748) (10,1,0.0224374) (0,2,-0.7331) (1,2,-0.680121) (12,2,0.7331) (13,2,0.680121) (0,3,-0.45793) (1,3,-0.888988) (15,3,0.45793) (16,3,0.888988) (0,4,-0.897826) (1,4,-0.44035) (21,4,0.897826) (22,4,0.44035) (3,5,-0.0410473) (4,5,-0.999157) (6,5,0.0410473) (7,5,0.999157) (3,6,-0.736799) (4,6,0.676112) (9,6,0.736799) (10,6,-0.676112) (3,7,-0.999989) (4,7,0.00466859) (12,7,0.999989) (13,7,-0.00466859) (3,8,-0.717087) (4,8,-0.696983) (15,8,0.717087) (16,8,0.696983) (3,9,-0.999988) (4,9,-0.00498031) (21,9,0.999988) (22,9,0.00498031) (3,10,-0.895161) (4,10,-0.445744) (24,10,0.895161) (25,10,0.445744) (6,11,-0.456389) (7,11,0.88978) (9,11,0.456389) (10,11,-0.88978) (6,12,-0.706301) (7,12,0.707912) (12,12,0.706301) (13,12,-0.707912) (6,13,-0.999268) (7,13,0.0382532) (15,13,0.999268) (16,13,-0.0382532) (6,14,-0.703127) (7,14,0.711064) (18,14,0.703127) (19,14,-0.711064) (6,15,-0.893898) (7,15,0.44827) (21,15,0.893898) (22,15,-0.44827) (9,16,0.00310019) (10,16,-0.999995) (12,16,-0.00310019) (13,16,0.999995) (9,17,0.0286855) (10,17,-0.999588) (15,17,-0.0286855) (16,17,0.999588) (9,18,-0.706408) (10,18,-0.707805) (21,18,0.706408) (22,18,0.707805) (9,19,-0.433288) (10,19,-0.901256) (24,19,0.433288) (25,19,0.901256) (21,20,0.0327888) (22,20,-0.999462) (24,20,-0.0327888) (25,20,0.999462) 
Q:
size: 21 21
(0,0,0.0795775) (1,0,0.00195474) (2,0,0.0278305) (3,0,0.0358457) (4,0,0.0184687) (5,0,0.0397846) (11,0,0.0349057) (12,0,0.0274064) (13,0,0.000459714) (14,0,0.0275351) (15,0,0.0168799) (0,1,0.00195474) (1,1,0.0795775) (2,1,0.029769) (3,1,0.0190095) (4,1,0.0361075) (6,1,0.0287053) (11,1,0.0173602) (16,1,-0.000769428) (17,1,0.000248685) (18,1,-0.0287319) (19,1,-0.0180402) (0,2,0.0278305) (1,2,0.029769) (2,2,0.0795775) (3,2,0.0374145) (4,2,0.0381052) (7,2,0.0290425) (12,2,0.00144525) (16,2,0.0269706) (0,3,0.0358457) (1,3,0.0190095) (2,3,0.0374145) (3,3,0.0795775) (4,3,0.0319348) (8,3,0.0377192) (13,3,0.0168541) (17,3,0.0348345) (0,4,0.0184687) (1,4,0.0361075) (2,4,0.0381052) (3,4,0.0319348) (4,4,0.0795775) (9,4,0.0358102) (15,4,0.0240789) (18,4,0.0376367) (20,4,-0.0163402) (0,5,0.0397846) (5,5,0.0795775) (6,5,-0.0256756) (7,5,0.0014476) (8,5,0.0288799) (9,5,0.00183119) (10,5,0.0191826) (11,5,0.034628) (12,5,0.0269896) (13,5,-0.000111262) (14,5,0.0271201) (15,5,0.0163612) (1,6,0.0287053) (5,6,-0.0256756) (6,6,0.0795775) (7,6,0.0294416) (8,6,0.00227235) (9,6,0.029182) (10,6,0.0142516) (11,6,0.0373162) (16,6,0.0269924) (17,6,0.0277315) (18,6,-0.00166815) (19,6,0.0115428) (2,7,0.0290425) (5,7,0.0014476) (6,7,0.0294416) (7,7,0.0795775) (8,7,0.0284022) (9,7,0.0397869) (10,7,0.0355341) (12,7,0.028234) (16,7,-0.000309107) (3,8,0.0377192) (5,8,0.0288799) (6,8,0.00227235) (7,8,0.0284022) (8,8,0.0795775) (9,8,0.0286698) (10,8,0.0379021) (13,8,0.0274503) (17,8,0.0269022) (4,9,0.0358102) (5,9,0.00183119) (6,9,0.029182) (7,9,0.0397869) (8,9,0.0286698) (9,9,0.0795775) (10,9,0.0357052) (15,9,0.0354778) (18,9,0.028247) (20,9,0.00110655) (5,10,0.0191826) (6,10,0.0142516) (7,10,0.0355341) (8,10,0.0379021) (9,10,0.0357052) (10,10,0.0795775) (19,10,0.0314168) (20,10,0.0165582) (0,11,0.0349057) (1,11,0.0173602) (5,11,0.034628) (6,11,0.0373162) (11,11,0.0795775) (12,11,0.0378882) (13,11,0.0195002) (14,11,0.0379422) (15,11,0.0321027) (16,11,0.0354594) (17,11,0.0359096) (18,11,0.0122308) (19,11,0.0240392) (0,12,0.0274064) (2,12,0.00144525) (5,12,0.0269896) (7,12,0.028234) (11,12,0.0378882) (12,12,0.0795775) (13,12,0.0291597) (14,12,0.0397883) (15,12,0.0377474) (16,12,-0.0282539) (0,13,0.000459714) (3,13,0.0168541) (5,13,-0.000111262) (8,13,0.0274503) (11,13,0.0195002) (12,13,0.0291597) (13,13,0.0795775) (14,13,0.0290383) (15,13,0.0362233) (17,13,-0.00266194) (0,14,0.0275351) (5,14,0.0271201) (11,14,0.0379422) (12,14,0.0397883) (13,14,0.0290383) (14,14,0.0795775) (15,14,0.0376908) (0,15,0.0168799) (4,15,0.0240789) (5,15,0.0163612) (9,15,0.0354778) (11,15,0.0321027) (12,15,0.0377474) (13,15,0.0362233) (14,15,0.0376908) (15,15,0.0795775) (18,15,0.0125004) (20,15,0.0189927) (1,16,-0.000769428) (2,16,0.0269706) (6,16,0.0269924) (7,16,-0.000309107) (11,16,0.0354594) (12,16,-0.0282539) (16,16,0.0795775) (17,16,0.0397757) (18,16,0.0280754) (19,16,0.0358062) (1,17,0.000248685) (3,17,0.0348345) (6,17,0.0277315) (8,17,0.0269022) (11,17,0.0359096) (13,17,-0.00266194) (16,17,0.0397757) (17,17,0.0795775) (18,17,0.0273448) (19,17,0.0353505) (1,18,-0.0287319) (4,18,0.0376367) (6,18,-0.00166815) (9,18,0.028247) (11,18,0.0122308) (15,18,0.0125004) (16,18,0.0280754) (17,18,0.0273448) (18,18,0.0795775) (19,18,0.0375602) (20,18,-0.0272259) (1,19,-0.0180402) (6,19,0.0115428) (10,19,0.0314168) (11,19,0.0240392) (16,19,0.0358062) (17,19,0.0353505) (18,19,0.0375602) (19,19,0.0795775) (20,19,0.0352753) (4,20,-0.0163402) (9,20,0.00110655) (10,20,0.0165582) (15,20,0.0189927) (18,20,-0.0272259) (19,20,0.0352753) (20,20,0.0795775) 
Minv:
size: 27 27
(0,0,0.0397887) (1,1,0.0397887) (2,2,0.0795775) (3,3,0.0397887) (4,4,0.0397887) (5,5,0.0795775) (6,6,0.0397887) (7,7,0.0397887) (8,8,0.0795775) (9,9,0.0397887) (10,10,0.0397887) (11,11,0.0795775) (12,12,0.0397887) (13,13,0.0397887) (14,14,0.0795775) (15,15,0.0397887) (16,16,0.0397887) (17,17,0.0795775) (18,18,0.0397887) (19,19,0.0397887) (20,20,0.0795775) (21,21,0.0397887) (22,22,0.0397887) (23,23,0.0795775) (24,24,0.0397887) (25,25,0.0397887) (26,26,0.0795775) 
v0:
size: 27 1
(0,0,0.491842) (1,0,-0.122249) (2,0,0) (3,0,0.84599) (4,0,0.724262) (5,0,0) (6,0,-0.0980097) (7,0,-0.650559) (8,0,0) (9,0,-0.153017) (10,0,0.699722) (11,0,0) (12,0,-0.627943) (13,0,-0.191163) (14,0,0) (15,0,-0.967117) (16,0,0.293684) (17,0,0) (18,0,0.526523) (19,0,0.0139817) (20,0,0) (21,0,-0.102532) (22,0,0.0713724) (23,0,0) (24,0,0.69953) (25,0,0.0211674) (26,0,0) 
ipopt_sol:
size: 21 1
(0,0,3.42606e-07) (1,0,19.1784) (2,0,5.39711e-07) (3,0,1.75122e-07) (4,0,4.23074e-07) (5,0,32.6588) (6,0,4.81675) (7,0,30.8274) (8,0,10.6335) (9,0,3.8803e-07) (10,0,5.4239e-08) (11,0,2.88259e-07) (12,0,1.89926e-07) (13,0,19.1125) (14,0,5.61693e-08) (15,0,9.42534e-08) (16,0,16.1187) (17,0,1.34331e-07) (18,0,13.9054) (19,0,1.52231e-07) (20,0,6.67954) 
policy_sol:
size: 21 1
(0,0,-8.02408) (1,0,18.2658) (2,0,0) (3,0,0) (4,0,0) (5,0,42.2322) (6,0,10.1717) (7,0,32.4715) (8,0,0) (9,0,0) (10,0,0) (11,0,0) (12,0,0) (13,0,22.594) (14,0,0) (15,0,0) (16,0,17.2098) (17,0,-7.36287) (18,0,16.0889) (19,0,0) (20,0,7.42657) 

policy_converges:
0
ipopt_converges:
1
