N:
size: 12 1
(3,0,-0.999761) (4,0,-0.0218625) (9,0,0.999761) (10,0,0.0218625) 
Q:
size: 1 1
(0,0,2) 
Minv:
size: 12 12
(0,0,1) (1,1,1) (2,2,2) (3,3,1) (4,4,1) (5,5,2) (6,6,1) (7,7,1) (8,8,2) (9,9,1) (10,10,1) (11,11,2) 
v0:
size: 12 1
(0,0,-0.723201) (1,0,-0.398168) (2,0,0) (3,0,0.468382) (4,0,0.226982) (5,0,0) (6,0,-0.728925) (7,0,-0.988714) (8,0,0) (9,0,0.234907) (10,0,-0.165357) (11,0,0) 
ipopt_sol:
size: 1 1
(0,0,0.241996) 
policy_sol:
size: 1 1
(0,0,0.241996) 

policy_converges:
1
ipopt_converges:
1
