N:
size: 12 2
(0,0,0.0387496) (1,0,-0.999249) (3,0,-0.0387496) (4,0,0.999249) (0,1,-0.725281) (1,1,-0.688453) (9,1,0.725281) (10,1,0.688453) 
Q:
size: 2 2
(0,0,2) (1,0,0.659831) (0,1,0.659831) (1,1,2) 
Minv:
size: 12 12
(0,0,1) (1,1,1) (2,2,2) (3,3,1) (4,4,1) (5,5,2) (6,6,1) (7,7,1) (8,8,2) (9,9,1) (10,10,1) (11,11,2) 
v0:
size: 12 1
(0,0,-0.505524) (1,0,0.260658) (2,0,0) (3,0,-0.872228) (4,0,-0.177494) (5,0,0) (6,0,-0.147384) (7,0,-0.96583) (8,0,0) (9,0,-0.569066) (10,0,-0.0199225) (11,0,0) 
ipopt_sol:
size: 2 1
(0,0,0.386779) (1,0,0.111648) 
policy_sol:
size: 2 1
(0,0,0.386779) (1,0,0.111648) 

policy_converges:
1
ipopt_converges:
1
