N:
size: 12 6
(0,0,-0.0270403) (1,0,-0.999634) (3,0,0.0270403) (4,0,0.999634) (0,1,-0.999881) (1,1,-0.0154514) (6,1,0.999881) (7,1,0.0154514) (0,2,-0.683158) (1,2,-0.73027) (9,2,0.683158) (10,2,0.73027) (3,3,-0.706626) (4,3,0.707587) (6,3,0.706626) (7,3,-0.707587) (3,4,-0.995601) (4,4,-0.0936917) (9,4,0.995601) (10,4,0.0936917) (6,5,-0.0121291) (7,5,-0.999926) (9,5,0.0121291) (10,5,0.999926) 
Q:
size: 6 6
(0,0,2) (1,0,0.0424828) (2,0,0.748476) (3,0,0.688221) (4,0,-0.120579) (0,1,0.0424828) (1,1,2) (2,1,0.694361) (3,1,0.695608) (5,1,-0.027578) (0,2,0.748476) (1,2,0.694361) (2,2,2) (4,2,0.748574) (5,2,0.738503) (0,3,0.688221) (1,3,0.695608) (3,3,2) (4,3,0.637223) (5,3,0.698965) (0,4,-0.120579) (2,4,0.748574) (3,4,0.637223) (4,4,2) (5,4,0.105761) (1,5,-0.027578) (2,5,0.738503) (3,5,0.698965) (4,5,0.105761) (5,5,2) 
Minv:
size: 12 12
(0,0,1) (1,1,1) (2,2,2) (3,3,1) (4,4,1) (5,5,2) (6,6,1) (7,7,1) (8,8,2) (9,9,1) (10,10,1) (11,11,2) 
v0:
size: 12 1
(0,0,0.187507) (1,0,0.0154112) (2,0,0) (3,0,0.513908) (4,0,-0.435722) (5,0,0) (6,0,-0.455516) (7,0,0.0338315) (8,0,0) (9,0,-0.719331) (10,0,-0.373121) (11,0,0) 
ipopt_sol:
size: 6 1
(0,0,0.296918) (1,0,0.443672) (2,0,0.188416) (3,0,0.37232) (4,0,1.04217) (5,0,0.161439) 
policy_sol:
size: 6 1
(0,0,0.144374) (1,0,0.303097) (2,0,0.400201) (3,0,0.56881) (4,0,0.898565) (5,0,0.0202221) 

policy_converges:
1
ipopt_converges:
1
