N:
size: 12 4
(0,0,-0.0263824) (1,0,-0.999652) (3,0,0.0263824) (4,0,0.999652) (0,1,-0.999872) (1,1,-0.0159778) (6,1,0.999872) (7,1,0.0159778) (3,2,-0.742595) (4,2,0.66974) (6,2,0.742595) (7,2,-0.66974) (6,3,0.0294061) (7,3,-0.999568) (9,3,-0.0294061) (10,3,0.999568) 
Q:
size: 4 4
(0,0,2) (1,0,0.0423512) (2,0,0.649916) (0,1,0.0423512) (1,1,2) (2,1,0.7318) (3,1,0.0134315) (0,2,0.649916) (1,2,0.7318) (2,2,2) (3,2,0.691288) (1,3,0.0134315) (2,3,0.691288) (3,3,2) 
Minv:
size: 12 12
(0,0,1) (1,1,1) (2,2,2) (3,3,1) (4,4,1) (5,5,2) (6,6,1) (7,7,1) (8,8,2) (9,9,1) (10,10,1) (11,11,2) 
v0:
size: 12 1
(0,0,0.033472) (1,0,-0.396713) (2,0,0) (3,0,-0.367249) (4,0,-0.925833) (5,0,0) (6,0,-0.195921) (7,0,-0.0344493) (8,0,0) (9,0,0.646926) (10,0,-0.705092) (11,0,0) 
ipopt_sol:
size: 4 1
(0,0,0.53511) (1,0,0.207584) (2,0,5.23258e-06) (3,0,0.693742) 
policy_sol:
size: 4 1
(0,0,0.535112) (1,0,0.207585) (2,0,0) (3,0,0.693744) 

policy_converges:
1
ipopt_converges:
0
