N:
size: 12 1
(3,0,-0.99982) (4,0,-0.0189519) (9,0,0.99982) (10,0,0.0189519) 
Q:
size: 1 1
(0,0,2) 
Minv:
size: 12 12
(0,0,1) (1,1,1) (2,2,2) (3,3,1) (4,4,1) (5,5,2) (6,6,1) (7,7,1) (8,8,2) (9,9,1) (10,10,1) (11,11,2) 
v0:
size: 12 1
(0,0,-0.972158) (1,0,-0.291988) (2,0,0) (3,0,-0.212966) (4,0,-0.0710879) (5,0,0) (6,0,-0.0198716) (7,0,-0.789878) (8,0,0) (9,0,-0.405143) (10,0,-0.00904615) (11,0,0) 
ipopt_sol:
size: 1 1
(0,0,0.190966) 
policy_sol:
size: 1 1
(0,0,0.190966) 

policy_converges:
1
ipopt_converges:
1
