N:
size: 12 4
(0,0,0.0290032) (1,0,-0.999579) (3,0,-0.0290032) (4,0,0.999579) (0,1,-0.999848) (1,1,-0.0174447) (6,1,0.999848) (7,1,0.0174447) (0,2,-0.70531) (1,2,-0.708899) (9,2,0.70531) (10,2,0.708899) (3,3,-0.999843) (4,3,0.017712) (9,3,0.999843) (10,3,-0.017712) 
Q:
size: 4 4
(0,0,2) (1,0,-0.0115615) (2,0,0.688145) (3,0,0.0467032) (0,1,-0.0115615) (1,1,2) (2,1,0.717569) (0,2,0.688145) (1,2,0.717569) (2,2,2) (3,2,0.692643) (0,3,0.0467032) (2,3,0.692643) (3,3,2) 
Minv:
size: 12 12
(0,0,1) (1,1,1) (2,2,2) (3,3,1) (4,4,1) (5,5,2) (6,6,1) (7,7,1) (8,8,2) (9,9,1) (10,10,1) (11,11,2) 
v0:
size: 12 1
(0,0,0.762372) (1,0,0.0909037) (2,0,0) (3,0,0.426178) (4,0,-0.620001) (5,0,0) (6,0,0.469061) (7,0,-0.787038) (8,0,0) (9,0,-0.441622) (10,0,0.659939) (11,0,0) 
ipopt_sol:
size: 4 1
(0,0,0.682243) (1,0,0.312526) (2,0,2.13754e-07) (3,0,0.874403) 
policy_sol:
size: 4 1
(0,0,0.682243) (1,0,0.312526) (2,0,0) (3,0,0.874403) 

policy_converges:
1
ipopt_converges:
1
