solve status: 0
N:
size: 12 4
(0,0,0.0334336) (1,0,-0.999441) (3,0,-0.0334336) (4,0,0.999441) (3,1,-0.726632) (4,1,0.687027) (6,1,0.726632) (7,1,-0.687027) (3,2,-0.999999) (4,2,-0.00171186) (9,2,0.999999) (10,2,0.00171186) (6,3,0.00258069) (7,3,-0.999997) (9,3,-0.00258069) (10,3,0.999997) 
Q:
size: 4 4
(0,0,2) (1,0,0.710936) (2,0,0.0317227) (0,1,0.710936) (1,1,2) (2,1,0.725455) (3,1,0.688899) (0,2,0.0317227) (1,2,0.725455) (2,2,2) (3,2,-0.00086884) (1,3,0.688899) (2,3,-0.00086884) (3,3,2) 
Minv:
size: 12 12
(0,0,1) (1,1,1) (2,2,2) (3,3,1) (4,4,1) (5,5,2) (6,6,1) (7,7,1) (8,8,2) (9,9,1) (10,10,1) (11,11,2) 
v0:
size: 12 1
(0,0,-0.730837) (1,0,-0.685789) (2,0,0) (3,0,0.795165) (4,0,-0.843329) (5,0,0) (6,0,0.283864) (7,0,0.941945) (8,0,0) (9,0,-0.324946) (10,0,-0.953597) (11,0,0) 
ipopt_sol:
size: 4 1
(0,0,0) (1,0,0.718784) (2,0,0.86029) (3,0,1.64675) 
policy_sol:
size: 4 1
(0,0,0) (1,0,0.718784) (2,0,0.86029) (3,0,1.64675) 

policy_converges:
1
ipopt_converges:
0
