N:
size: 12 3
(0,0,-0.998188) (1,0,-0.0601802) (6,0,0.998188) (7,0,0.0601802) (0,1,-0.718747) (1,1,-0.695272) (9,1,0.718747) (10,1,0.695272) (6,2,-0.0180171) (7,2,-0.999838) (9,2,0.0180171) (10,2,0.999838) 
Q:
size: 3 3
(0,0,2) (1,0,0.759286) (2,0,-0.0781549) (0,1,0.759286) (1,1,2) (2,1,0.708109) (0,2,-0.0781549) (1,2,0.708109) (2,2,2) 
Minv:
size: 12 12
(0,0,1) (1,1,1) (2,2,2) (3,3,1) (4,4,1) (5,5,2) (6,6,1) (7,7,1) (8,8,2) (9,9,1) (10,10,1) (11,11,2) 
v0:
size: 12 1
(0,0,0.567905) (1,0,0.813063) (2,0,0) (3,0,-0.32513) (4,0,0.959284) (5,0,0) (6,0,0.0808638) (7,0,0.781039) (8,0,0) (9,0,0.341105) (10,0,0.547132) (11,0,0) 
ipopt_sol:
size: 3 1
(0,0,0.458979) (1,0,0.0985152) (2,0,0.212236) 
policy_sol:
size: 3 1
(0,0,0.458979) (1,0,0.0985147) (2,0,0.212236) 

policy_converges:
1
ipopt_converges:
0
