N:
size: 12 4
(0,0,-0.663767) (1,0,-0.74794) (9,0,0.663767) (10,0,0.74794) (3,1,-0.686905) (4,1,0.726747) (6,1,0.686905) (7,1,-0.726747) (3,2,-0.999984) (4,2,-0.00556814) (9,2,0.999984) (10,2,0.00556814) (6,3,0.0178922) (7,3,-0.99984) (9,3,-0.0178922) (10,3,0.99984) 
Q:
size: 4 4
(0,0,2) (2,0,0.667921) (3,0,0.735944) (1,1,2) (2,1,0.682848) (3,1,0.738921) (0,2,0.667921) (1,2,0.682848) (2,2,2) (3,2,-0.0123247) (0,3,0.735944) (1,3,0.738921) (2,3,-0.0123247) (3,3,2) 
Minv:
size: 12 12
(0,0,1) (1,1,1) (2,2,2) (3,3,1) (4,4,1) (5,5,2) (6,6,1) (7,7,1) (8,8,2) (9,9,1) (10,10,1) (11,11,2) 
v0:
size: 12 1
(0,0,-0.750347) (1,0,0.573797) (2,0,0) (3,0,0.330762) (4,0,0.977994) (5,0,0) (6,0,-0.735554) (7,0,0.860497) (8,0,0) (9,0,-0.0210724) (10,0,-0.93189) (11,0,0) 
ipopt_sol:
size: 4 1
(0,0,2.9823e-07) (1,0,2.97148e-07) (2,0,0.3736) (3,0,1.80719) 
policy_sol:
size: 4 1
(0,0,0) (1,0,0) (2,0,0.3736) (3,0,1.80719) 

policy_converges:
1
ipopt_converges:
1
