N:
size: 12 3
(0,0,0.000407702) (1,0,-1) (3,0,-0.000407702) (4,0,1) (0,1,-0.731912) (1,1,-0.681399) (9,1,0.731912) (10,1,0.681399) (6,2,-0.0571953) (7,2,-0.998363) (9,2,0.0571953) (10,2,0.998363) 
Q:
size: 3 3
(0,0,2) (1,0,0.681101) (0,1,0.681101) (1,1,2) (2,1,0.722146) (1,2,0.722146) (2,2,2) 
Minv:
size: 12 12
(0,0,1) (1,1,1) (2,2,2) (3,3,1) (4,4,1) (5,5,2) (6,6,1) (7,7,1) (8,8,2) (9,9,1) (10,10,1) (11,11,2) 
v0:
size: 12 1
(0,0,0.53949) (1,0,0.477767) (2,0,0) (3,0,-0.962523) (4,0,-0.416289) (5,0,0) (6,0,0.74859) (7,0,-0.0561314) (8,0,0) (9,0,0.755707) (10,0,-0.246285) (11,0,0) 
ipopt_sol:
size: 3 1
(0,0,0.893443) (1,0,1.22627e-06) (2,0,0.189435) 
policy_sol:
size: 3 1
(0,0,0.893444) (1,0,0) (2,0,0.189435) 

policy_converges:
1
ipopt_converges:
0
