solve status: 0
N:
size: 12 1
(6,0,-0.013231) (7,0,-0.999912) (9,0,0.013231) (10,0,0.999912) 
Q:
size: 1 1
(0,0,2) 
Minv:
size: 12 12
(0,0,1) (1,1,1) (2,2,2) (3,3,1) (4,4,1) (5,5,2) (6,6,1) (7,7,1) (8,8,2) (9,9,1) (10,10,1) (11,11,2) 
v0:
size: 12 1
(0,0,-0.328186) (1,0,-0.164891) (2,0,0) (3,0,-0.908802) (4,0,0.331146) (5,0,0) (6,0,0.0817175) (7,0,0.592996) (8,0,0) (9,0,-0.205363) (10,0,0.387673) (11,0,0) 
ipopt_sol:
size: 1 1
(0,0,0.209103) 
policy_sol:
size: 1 1
(0,0,0.209103) 

policy_converges:
1
ipopt_converges:
1
