N:
size: 12 4
(0,0,-0.709921) (1,0,-0.704282) (9,0,0.709921) (10,0,0.704282) (3,1,-0.722557) (4,1,0.691311) (6,1,0.722557) (7,1,-0.691311) (3,2,-0.999954) (4,2,-0.00954795) (9,2,0.999954) (10,2,0.00954795) (6,3,-0.0400489) (7,3,-0.999198) (9,3,0.0400489) (10,3,0.999198) 
Q:
size: 4 4
(0,0,2) (2,0,0.716613) (3,0,0.732148) (1,1,2) (2,1,0.715923) (3,1,0.661819) (0,2,0.716613) (1,2,0.715923) (2,2,2) (3,2,0.0495874) (0,3,0.732148) (1,3,0.661819) (2,3,0.0495874) (3,3,2) 
Minv:
size: 12 12
(0,0,1) (1,1,1) (2,2,2) (3,3,1) (4,4,1) (5,5,2) (6,6,1) (7,7,1) (8,8,2) (9,9,1) (10,10,1) (11,11,2) 
v0:
size: 12 1
(0,0,0.343508) (1,0,-0.558693) (2,0,0) (3,0,0.665884) (4,0,-0.197036) (5,0,0) (6,0,0.814582) (7,0,0.090723) (8,0,0) (9,0,-0.343719) (10,0,-0.442116) (11,0,0) 
ipopt_sol:
size: 4 1
(0,0,2.95628e-07) (1,0,9.11613e-08) (2,0,0.998159) (3,0,0.554052) 
policy_sol:
size: 4 1
(0,0,0) (1,0,0) (2,0,0.99816) (3,0,0.554052) 

policy_converges:
1
ipopt_converges:
1
