solve status: 0
N:
size: 12 2
(0,0,-0.99579) (1,0,0.091664) (6,0,0.99579) (7,0,-0.091664) (0,1,-0.696207) (1,1,-0.717841) (9,1,0.696207) (10,1,0.717841) 
Q:
size: 2 2
(0,0,2) (1,0,0.627476) (0,1,0.627476) (1,1,2) 
Minv:
size: 12 12
(0,0,1) (1,1,1) (2,2,2) (3,3,1) (4,4,1) (5,5,2) (6,6,1) (7,7,1) (8,8,2) (9,9,1) (10,10,1) (11,11,2) 
v0:
size: 12 1
(0,0,0.976082) (1,0,0.422564) (2,0,0) (3,0,-0.967037) (4,0,0.844929) (5,0,0) (6,0,-0.70029) (7,0,-0.802732) (8,0,0) (9,0,0.924109) (10,0,-0.169994) (11,0,0) 
ipopt_sol:
size: 2 1
(0,0,1.557) (1,0,0) 
policy_sol:
size: 2 1
(0,0,1.557) (1,0,0) 

policy_converges:
1
ipopt_converges:
0
