N:
size: 12 1
(0,0,-0.0484602) (1,0,-0.998825) (3,0,0.0484602) (4,0,0.998825) 
Q:
size: 1 1
(0,0,2) 
Minv:
size: 12 12
(0,0,1) (1,1,1) (2,2,2) (3,3,1) (4,4,1) (5,5,2) (6,6,1) (7,7,1) (8,8,2) (9,9,1) (10,10,1) (11,11,2) 
v0:
size: 12 1
(0,0,-0.730243) (1,0,-0.0562545) (2,0,0) (3,0,-0.217717) (4,0,-0.473431) (5,0,0) (6,0,-0.125767) (7,0,-0.670147) (8,0,0) (9,0,0.0341918) (10,0,0.314066) (11,0,0) 
ipopt_sol:
size: 1 1
(0,0,0.391849) 
policy_sol:
size: 1 1
(0,0,0.391849) 

policy_converges:
1
ipopt_converges:
1
