N:
size: 12 5
(0,0,-0.0665401) (1,0,-0.997784) (3,0,0.0665401) (4,0,0.997784) (0,1,-0.999944) (1,1,-0.0105782) (6,1,0.999944) (7,1,0.0105782) (0,2,-0.722498) (1,2,-0.691373) (9,2,0.722498) (10,2,0.691373) (3,3,-0.712273) (4,3,0.701902) (6,3,0.712273) (7,3,-0.701902) (6,4,-0.0161427) (7,4,-0.99987) (9,4,0.0161427) (10,4,0.99987) 
Q:
size: 5 5
(0,0,2) (1,0,0.0770911) (2,0,0.737916) (3,0,0.652952) (0,1,0.0770911) (1,1,2) (2,1,0.729771) (3,1,0.704809) (4,1,-0.0267186) (0,2,0.737916) (1,2,0.729771) (2,2,2) (4,2,0.702946) (0,3,0.652952) (1,3,0.704809) (3,3,2) (4,3,0.690313) (1,4,-0.0267186) (2,4,0.702946) (3,4,0.690313) (4,4,2) 
Minv:
size: 12 12
(0,0,1) (1,1,1) (2,2,2) (3,3,1) (4,4,1) (5,5,2) (6,6,1) (7,7,1) (8,8,2) (9,9,1) (10,10,1) (11,11,2) 
v0:
size: 12 1
(0,0,0.27134) (1,0,0.871828) (2,0,0) (3,0,-0.445281) (4,0,0.00971315) (5,0,0) (6,0,-0.956581) (7,0,0.969333) (8,0,0) (9,0,0.912319) (10,0,-0.909183) (11,0,0) 
ipopt_sol:
size: 5 1
(0,0,0.860919) (1,0,1.21854) (2,0,6.00013e-08) (3,0,1.33879e-07) (4,0,1.86438) 
policy_sol:
size: 5 1
(0,0,0.860919) (1,0,1.21854) (2,0,0) (3,0,0) (4,0,1.86438) 

policy_converges:
1
ipopt_converges:
1
