N:
size: 12 1
(3,0,-0.998842) (4,0,-0.048108) (9,0,0.998842) (10,0,0.048108) 
Q:
size: 1 1
(0,0,2) 
Minv:
size: 12 12
(0,0,1) (1,1,1) (2,2,2) (3,3,1) (4,4,1) (5,5,2) (6,6,1) (7,7,1) (8,8,2) (9,9,1) (10,10,1) (11,11,2) 
v0:
size: 12 1
(0,0,-0.629975) (1,0,-0.943033) (2,0,0) (3,0,-0.853862) (4,0,0.594399) (5,0,0) (6,0,0.141654) (7,0,-0.715477) (8,0,0) (9,0,-0.903617) (10,0,0.0454389) (11,0,0) 
ipopt_sol:
size: 1 1
(0,0,0.0761067) 
policy_sol:
size: 1 1
(0,0,0.0761061) 

policy_converges:
1
ipopt_converges:
0
