solve status: 0
N:
size: 12 1
(6,0,-0.00444092) (7,0,-0.99999) (9,0,0.00444092) (10,0,0.99999) 
Q:
size: 1 1
(0,0,2) 
Minv:
size: 12 12
(0,0,1) (1,1,1) (2,2,2) (3,3,1) (4,4,1) (5,5,2) (6,6,1) (7,7,1) (8,8,2) (9,9,1) (10,10,1) (11,11,2) 
v0:
size: 12 1
(0,0,-0.135514) (1,0,-0.0792891) (2,0,0) (3,0,-0.919788) (4,0,0.308036) (5,0,0) (6,0,0.636518) (7,0,0.793437) (8,0,0) (9,0,-0.700963) (10,0,0.677503) (11,0,0) 
ipopt_sol:
size: 1 1
(0,0,0.121872) 
policy_sol:
size: 1 1
(0,0,0.121872) 

policy_converges:
1
ipopt_converges:
1
