solve status: 0
N:
size: 12 4
(0,0,-0.0345755) (1,0,-0.999402) (3,0,0.0345755) (4,0,0.999402) (0,1,-0.728072) (1,1,-0.6855) (9,1,0.728072) (10,1,0.6855) (3,2,-0.999913) (4,2,0.0132125) (9,2,0.999913) (10,2,-0.0132125) (6,3,0.0128209) (7,3,-0.999918) (9,3,-0.0128209) (10,3,0.999918) 
Q:
size: 4 4
(0,0,2) (1,0,0.710264) (2,0,-0.0213679) (0,1,0.710264) (1,1,2) (2,1,0.718952) (3,1,0.676109) (0,2,-0.0213679) (1,2,0.718952) (2,2,2) (3,2,-0.0260311) (1,3,0.676109) (2,3,-0.0260311) (3,3,2) 
Minv:
size: 12 12
(0,0,1) (1,1,1) (2,2,2) (3,3,1) (4,4,1) (5,5,2) (6,6,1) (7,7,1) (8,8,2) (9,9,1) (10,10,1) (11,11,2) 
v0:
size: 12 1
(0,0,-0.681477) (1,0,0.80288) (2,0,0) (3,0,0.702744) (4,0,0.557961) (5,0,0) (6,0,0.485285) (7,0,-0.0431839) (8,0,0) (9,0,-0.565362) (10,0,-0.538657) (11,0,0) 
ipopt_sol:
size: 4 1
(0,0,0.13096) (1,0,0.221236) (2,0,1.18088) (3,0,0.422542) 
policy_sol:
size: 4 1
(0,0,0.13096) (1,0,0.221236) (2,0,1.18088) (3,0,0.422542) 

policy_converges:
1
ipopt_converges:
1
