solve status: 0
N:
size: 12 4
(0,0,-0.999525) (1,0,-0.0308282) (6,0,0.999525) (7,0,0.0308282) (3,1,-0.730629) (4,1,0.682775) (6,1,0.730629) (7,1,-0.682775) (3,2,-0.998974) (4,2,-0.0452911) (9,2,0.998974) (10,2,0.0452911) (6,3,-0.0136992) (7,3,-0.999906) (9,3,0.0136992) (10,3,0.999906) 
Q:
size: 4 4
(0,0,2) (1,0,0.709233) (3,0,-0.044518) (0,1,0.709233) (1,1,2) (2,1,0.698955) (3,1,0.672702) (1,2,0.698955) (2,2,2) (3,2,0.058972) (0,3,-0.044518) (1,3,0.672702) (2,3,0.058972) (3,3,2) 
Minv:
size: 12 12
(0,0,1) (1,1,1) (2,2,2) (3,3,1) (4,4,1) (5,5,2) (6,6,1) (7,7,1) (8,8,2) (9,9,1) (10,10,1) (11,11,2) 
v0:
size: 12 1
(0,0,-0.762941) (1,0,-0.821362) (2,0,0) (3,0,0.0478613) (4,0,-0.712494) (5,0,0) (6,0,-0.91716) (7,0,-0.431799) (8,0,0) (9,0,-0.63273) (10,0,-0.805385) (11,0,0) 
ipopt_sol:
size: 4 1
(0,0,0) (1,0,0.704631) (2,0,0.434314) (3,0,0.119846) 
policy_sol:
size: 4 1
(0,0,0) (1,0,0.704631) (2,0,0.434314) (3,0,0.119846) 

policy_converges:
1
ipopt_converges:
0
