N:
size: 12 1
(6,0,0.0114176) (7,0,-0.999935) (9,0,-0.0114176) (10,0,0.999935) 
Q:
size: 1 1
(0,0,2) 
Minv:
size: 12 12
(0,0,1) (1,1,1) (2,2,2) (3,3,1) (4,4,1) (5,5,2) (6,6,1) (7,7,1) (8,8,2) (9,9,1) (10,10,1) (11,11,2) 
v0:
size: 12 1
(0,0,-0.0498602) (1,0,-0.813883) (2,0,0) (3,0,-0.0533058) (4,0,-0.150817) (5,0,0) (6,0,0.514537) (7,0,0.0510595) (8,0,0) (9,0,0.548405) (10,0,-0.946031) (11,0,0) 
ipopt_sol:
size: 1 1
(0,0,0.997412) 
policy_sol:
size: 1 1
(0,0,0.997412) 

policy_converges:
1
ipopt_converges:
1
