N:
size: 12 5
(0,0,-0.00622434) (1,0,-0.999981) (3,0,0.00622434) (4,0,0.999981) (0,1,-0.99729) (1,1,0.0735687) (6,1,0.99729) (7,1,-0.0735687) (0,2,-0.677971) (1,2,-0.735088) (9,2,0.677971) (10,2,0.735088) (3,3,-0.682458) (4,3,0.730925) (6,3,0.682458) (7,3,-0.730925) (6,4,0.0241128) (7,4,-0.999709) (9,4,-0.0241128) (10,4,0.999709) 
Q:
size: 5 5
(0,0,2) (1,0,-0.0673598) (2,0,0.739294) (3,0,0.726663) (0,1,-0.0673598) (1,1,2) (2,1,0.622055) (3,1,0.734382) (4,1,0.0975948) (0,2,0.739294) (1,2,0.622055) (2,2,2) (4,2,0.718527) (0,3,0.726663) (1,3,0.734382) (3,3,2) (4,3,0.747168) (1,4,0.0975948) (2,4,0.718527) (3,4,0.747168) (4,4,2) 
Minv:
size: 12 12
(0,0,1) (1,1,1) (2,2,2) (3,3,1) (4,4,1) (5,5,2) (6,6,1) (7,7,1) (8,8,2) (9,9,1) (10,10,1) (11,11,2) 
v0:
size: 12 1
(0,0,0.274988) (1,0,0.75459) (2,0,0) (3,0,-0.422679) (4,0,-0.714021) (5,0,0) (6,0,0.0828727) (7,0,0.121617) (8,0,0) (9,0,-0.104677) (10,0,-0.835123) (11,0,0) 
ipopt_sol:
size: 5 1
(0,0,1.20133) (1,0,6.20899e-07) (2,0,0.734752) (3,0,9.644e-08) (4,0,0.687971) 
policy_sol:
size: 5 1
(0,0,1.20133) (1,0,0) (2,0,0.734752) (3,0,0) (4,0,0.687971) 

policy_converges:
1
ipopt_converges:
1
