N:
size: 12 4
(0,0,0.0600881) (1,0,-0.998193) (3,0,-0.0600881) (4,0,0.998193) (0,1,-0.995867) (1,1,-0.0908223) (6,1,0.995867) (7,1,0.0908223) (0,2,-0.663252) (1,2,-0.748396) (9,2,0.663252) (10,2,0.748396) (3,3,-0.724577) (4,3,0.689193) (6,3,0.724577) (7,3,-0.689193) 
Q:
size: 4 4
(0,0,2) (1,0,0.0308184) (2,0,0.70719) (3,0,0.731487) (0,1,0.0308184) (1,1,2) (2,1,0.728482) (3,1,0.658989) (0,2,0.70719) (1,2,0.728482) (2,2,2) (0,3,0.731487) (1,3,0.658989) (3,3,2) 
Minv:
size: 12 12
(0,0,1) (1,1,1) (2,2,2) (3,3,1) (4,4,1) (5,5,2) (6,6,1) (7,7,1) (8,8,2) (9,9,1) (10,10,1) (11,11,2) 
v0:
size: 12 1
(0,0,0.948688) (1,0,0.91434) (2,0,0) (3,0,-0.427263) (4,0,0.562056) (5,0,0) (6,0,-0.752939) (7,0,0.742088) (8,0,0) (9,0,0.456327) (10,0,0.765699) (11,0,0) 
ipopt_sol:
size: 4 1
(0,0,0.242674) (1,0,1.7065) (2,0,1.58655e-07) (3,0,1.46245e-07) 
policy_sol:
size: 4 1
(0,0,0.242673) (1,0,1.7065) (2,0,0) (3,0,0) 

policy_converges:
1
ipopt_converges:
1
