N:
size: 12 3
(0,0,-0.999967) (1,0,0.00814971) (6,0,0.999967) (7,0,-0.00814971) (0,1,-0.707688) (1,1,-0.706525) (9,1,0.707688) (10,1,0.706525) (3,2,-0.999626) (4,2,0.0273358) (9,2,0.999626) (10,2,-0.0273358) 
Q:
size: 3 3
(0,0,2) (1,0,0.701906) (0,1,0.701906) (1,1,2) (2,1,0.68811) (1,2,0.68811) (2,2,2) 
Minv:
size: 12 12
(0,0,1) (1,1,1) (2,2,2) (3,3,1) (4,4,1) (5,5,2) (6,6,1) (7,7,1) (8,8,2) (9,9,1) (10,10,1) (11,11,2) 
v0:
size: 12 1
(0,0,0.432269) (1,0,-0.0306095) (2,0,0) (3,0,0.168749) (4,0,0.753775) (5,0,0) (6,0,0.20381) (7,0,-0.675909) (8,0,0) (9,0,-0.382412) (10,0,0.695978) (11,0,0) 
ipopt_sol:
size: 3 1
(0,0,0.223192) (1,0,2.13129e-07) (2,0,0.549375) 
policy_sol:
size: 3 1
(0,0,0.223192) (1,0,0) (2,0,0.549375) 

policy_converges:
1
ipopt_converges:
1
