solve status: 0
N:
size: 12 5
(0,0,0.0401922) (1,0,-0.999192) (3,0,-0.0401922) (4,0,0.999192) (0,1,-0.998924) (1,1,0.0463833) (6,1,0.998924) (7,1,-0.0463833) (0,2,-0.686264) (1,2,-0.727353) (9,2,0.686264) (10,2,0.727353) (3,3,-0.683644) (4,3,0.729816) (6,3,0.683644) (7,3,-0.729816) (6,4,0.037025) (7,4,-0.999314) (9,4,-0.037025) (10,4,0.999314) 
Q:
size: 5 5
(0,0,2) (1,0,-0.0864947) (2,0,0.699182) (3,0,0.756703) (0,1,-0.0864947) (1,1,2) (2,1,0.651788) (3,1,0.71676) (4,1,0.0833366) (0,2,0.699182) (1,2,0.651788) (2,2,2) (4,2,0.701445) (0,3,0.756703) (1,3,0.71676) (3,3,2) (4,3,0.754627) (1,4,0.0833366) (2,4,0.701445) (3,4,0.754627) (4,4,2) 
Minv:
size: 12 12
(0,0,1) (1,1,1) (2,2,2) (3,3,1) (4,4,1) (5,5,2) (6,6,1) (7,7,1) (8,8,2) (9,9,1) (10,10,1) (11,11,2) 
v0:
size: 12 1
(0,0,0.849794) (1,0,-0.605755) (2,0,0) (3,0,-0.904123) (4,0,-0.748932) (5,0,0) (6,0,-0.0591489) (7,0,0.76588) (8,0,0) (9,0,-0.267367) (10,0,-0.318821) (11,0,0) 
ipopt_sol:
size: 5 1
(0,0,0.112928) (1,0,0.933244) (2,0,0) (3,0,0) (4,0,1.03736) 
policy_sol:
size: 5 1
(0,0,0.112928) (1,0,0.933244) (2,0,0) (3,0,0) (4,0,1.03736) 

policy_converges:
1
ipopt_converges:
0
