N:
size: 12 2
(0,0,-0.733947) (1,0,-0.679207) (9,0,0.733947) (10,0,0.679207) (6,1,0.0194804) (7,1,-0.99981) (9,1,-0.0194804) (10,1,0.99981) 
Q:
size: 2 2
(0,0,2) (1,0,0.66478) (0,1,0.66478) (1,1,2) 
Minv:
size: 12 12
(0,0,1) (1,1,1) (2,2,2) (3,3,1) (4,4,1) (5,5,2) (6,6,1) (7,7,1) (8,8,2) (9,9,1) (10,10,1) (11,11,2) 
v0:
size: 12 1
(0,0,0.221716) (1,0,-0.390699) (2,0,0) (3,0,-0.950106) (4,0,0.183132) (5,0,0) (6,0,0.855853) (7,0,-0.104874) (8,0,0) (9,0,-0.763455) (10,0,-0.416999) (11,0,0) 
ipopt_sol:
size: 2 1
(0,0,0.72813) (1,0,0.0384985) 
policy_sol:
size: 2 1
(0,0,0.728131) (1,0,0.0384972) 

policy_converges:
1
ipopt_converges:
0
