N:
size: 12 3
(0,0,-0.999765) (1,0,-0.0216554) (6,0,0.999765) (7,0,0.0216554) (3,1,-0.745824) (4,1,0.666143) (6,1,0.745824) (7,1,-0.666143) (6,2,0.0418123) (7,2,-0.999125) (9,2,-0.0418123) (10,2,0.999125) 
Q:
size: 3 3
(0,0,2) (1,0,0.731223) (2,0,0.020166) (0,1,0.731223) (1,1,2) (2,1,0.696746) (0,2,0.020166) (1,2,0.696746) (2,2,2) 
Minv:
size: 12 12
(0,0,1) (1,1,1) (2,2,2) (3,3,1) (4,4,1) (5,5,2) (6,6,1) (7,7,1) (8,8,2) (9,9,1) (10,10,1) (11,11,2) 
v0:
size: 12 1
(0,0,-0.594079) (1,0,-0.287578) (2,0,0) (3,0,0.236813) (4,0,-0.279822) (5,0,0) (6,0,-0.711207) (7,0,0.767429) (8,0,0) (9,0,0.794069) (10,0,0.725031) (11,0,0) 
ipopt_sol:
size: 3 1
(0,0,9.84127e-08) (1,0,1.40467) (2,0,1.08369e-07) 
policy_sol:
size: 3 1
(0,0,0) (1,0,1.40467) (2,0,0) 

policy_converges:
1
ipopt_converges:
1
