N:
size: 12 1
(6,0,0.0304063) (7,0,-0.999538) (9,0,-0.0304063) (10,0,0.999538) 
Q:
size: 1 1
(0,0,2) 
Minv:
size: 12 12
(0,0,1) (1,1,1) (2,2,2) (3,3,1) (4,4,1) (5,5,2) (6,6,1) (7,7,1) (8,8,2) (9,9,1) (10,10,1) (11,11,2) 
v0:
size: 12 1
(0,0,-0.866398) (1,0,-0.867816) (2,0,0) (3,0,0.180486) (4,0,0.593424) (5,0,0) (6,0,0.575287) (7,0,0.0755709) (8,0,0) (9,0,0.166876) (10,0,-0.76297) (11,0,0) 
ipopt_sol:
size: 1 1
(0,0,0.825735) 
policy_sol:
size: 1 1
(0,0,0.825735) 

policy_converges:
1
ipopt_converges:
1
