solve status: 0
N:
size: 12 4
(0,0,-0.0357406) (1,0,-0.999361) (3,0,0.0357406) (4,0,0.999361) (0,1,-0.999538) (1,1,0.0303937) (6,1,0.999538) (7,1,-0.0303937) (3,2,-0.684117) (4,2,0.729372) (6,2,0.684117) (7,2,-0.729372) (6,3,-0.00643205) (7,3,-0.999979) (9,3,0.00643205) (10,3,0.999979) 
Q:
size: 4 4
(0,0,2) (1,0,0.0053499) (2,0,0.704456) (0,1,0.0053499) (1,1,2) (2,1,0.705969) (3,1,0.023964) (0,2,0.704456) (1,2,0.705969) (2,2,2) (3,2,0.724957) (1,3,0.023964) (2,3,0.724957) (3,3,2) 
Minv:
size: 12 12
(0,0,1) (1,1,1) (2,2,2) (3,3,1) (4,4,1) (5,5,2) (6,6,1) (7,7,1) (8,8,2) (9,9,1) (10,10,1) (11,11,2) 
v0:
size: 12 1
(0,0,-0.572664) (1,0,0.561116) (2,0,0) (3,0,0.380015) (4,0,-0.0730847) (5,0,0) (6,0,-0.784247) (7,0,-0.0165341) (8,0,0) (9,0,0.949585) (10,0,-0.947178) (11,0,0) 
ipopt_sol:
size: 4 1
(0,0,0.469614) (1,0,0.0529962) (2,0,0.369051) (3,0,0.785064) 
policy_sol:
size: 4 1
(0,0,0.469614) (1,0,0.0529962) (2,0,0.369051) (3,0,0.785064) 

policy_converges:
1
ipopt_converges:
0
