N:
size: 12 3
(0,0,-0.00726345) (1,0,-0.999974) (3,0,0.00726345) (4,0,0.999974) (0,1,-0.677966) (1,1,-0.735093) (9,1,0.677966) (10,1,0.735093) (6,2,0.0910692) (7,2,-0.995845) (9,2,-0.0910692) (10,2,0.995845) 
Q:
size: 3 3
(0,0,2) (1,0,0.739998) (0,1,0.739998) (1,1,2) (2,1,0.670296) (1,2,0.670296) (2,2,2) 
Minv:
size: 12 12
(0,0,1) (1,1,1) (2,2,2) (3,3,1) (4,4,1) (5,5,2) (6,6,1) (7,7,1) (8,8,2) (9,9,1) (10,10,1) (11,11,2) 
v0:
size: 12 1
(0,0,-0.8436) (1,0,0.115024) (2,0,0) (3,0,-0.252065) (4,0,-0.839731) (5,0,0) (6,0,0.973638) (7,0,0.194354) (8,0,0) (9,0,-0.224575) (10,0,-0.502654) (11,0,0) 
ipopt_sol:
size: 3 1
(0,0,0.950433) (1,0,7.85534e-08) (2,0,0.584991) 
policy_sol:
size: 3 1
(0,0,0.950433) (1,0,0) (2,0,0.584991) 

policy_converges:
1
ipopt_converges:
1
