N:
size: 12 3
(0,0,-0.999999) (1,0,-0.00122697) (6,0,0.999999) (7,0,0.00122697) (0,1,-0.71553) (1,1,-0.698582) (9,1,0.71553) (10,1,0.698582) (3,2,-0.999609) (4,2,0.0279748) (9,2,0.999609) (10,2,-0.0279748) 
Q:
size: 3 3
(0,0,2) (1,0,0.716386) (0,1,0.716386) (1,1,2) (2,1,0.695707) (1,2,0.695707) (2,2,2) 
Minv:
size: 12 12
(0,0,1) (1,1,1) (2,2,2) (3,3,1) (4,4,1) (5,5,2) (6,6,1) (7,7,1) (8,8,2) (9,9,1) (10,10,1) (11,11,2) 
v0:
size: 12 1
(0,0,-0.200473) (1,0,0.340858) (2,0,0) (3,0,0.413908) (4,0,0.401686) (5,0,0) (6,0,-0.527048) (7,0,-0.697526) (8,0,0) (9,0,-0.819202) (10,0,-0.0567981) (11,0,0) 
ipopt_sol:
size: 3 1
(0,0,0.242549) (1,0,0.238137) (2,0,1.13696) 
policy_sol:
size: 3 1
(0,0,0.242549) (1,0,0.238137) (2,0,1.13696) 

policy_converges:
1
ipopt_converges:
1
