N:
size: 12 2
(0,0,-0.660391) (1,0,-0.750922) (9,0,0.660391) (10,0,0.750922) (6,1,-0.0152721) (7,1,-0.999883) (9,1,0.0152721) (10,1,0.999883) 
Q:
size: 2 2
(0,0,2) (1,0,0.76092) (0,1,0.76092) (1,1,2) 
Minv:
size: 12 12
(0,0,1) (1,1,1) (2,2,2) (3,3,1) (4,4,1) (5,5,2) (6,6,1) (7,7,1) (8,8,2) (9,9,1) (10,10,1) (11,11,2) 
v0:
size: 12 1
(0,0,-0.98056) (1,0,-0.0677153) (2,0,0) (3,0,-0.872886) (4,0,0.8912) (5,0,0) (6,0,0.574653) (7,0,0.80441) (8,0,0) (9,0,-0.599901) (10,0,-0.943174) (11,0,0) 
ipopt_sol:
size: 2 1
(0,0,1.61174e-07) (1,0,1.76532) 
policy_sol:
size: 2 1
(0,0,0) (1,0,1.76532) 

policy_converges:
1
ipopt_converges:
1
