N:
size: 12 3
(0,0,-0.999735) (1,0,0.023008) (6,0,0.999735) (7,0,-0.023008) (0,1,-0.699456) (1,1,-0.714675) (9,1,0.699456) (10,1,0.714675) (3,2,-0.997769) (4,2,-0.0667616) (9,2,0.997769) (10,2,0.0667616) 
Q:
size: 3 3
(0,0,2) (1,0,0.682828) (0,1,0.682828) (1,1,2) (2,1,0.745609) (1,2,0.745609) (2,2,2) 
Minv:
size: 12 12
(0,0,1) (1,1,1) (2,2,2) (3,3,1) (4,4,1) (5,5,2) (6,6,1) (7,7,1) (8,8,2) (9,9,1) (10,10,1) (11,11,2) 
v0:
size: 12 1
(0,0,0.8888) (1,0,0.454848) (2,0,0) (3,0,-0.676427) (4,0,0.915914) (5,0,0) (6,0,-0.516699) (7,0,-0.463598) (8,0,0) (9,0,-0.800898) (10,0,0.991925) (11,0,0) 
ipopt_sol:
size: 3 1
(0,0,1.2582) (1,0,0.368466) (2,0,6.9128e-06) 
policy_sol:
size: 3 1
(0,0,1.2582) (1,0,0.368469) (2,0,0) 

policy_converges:
1
ipopt_converges:
0
