N:
size: 12 5
(0,0,0.0529094) (1,0,-0.998599) (3,0,-0.0529094) (4,0,0.998599) (0,1,-0.998742) (1,1,-0.050139) (6,1,0.998742) (7,1,0.050139) (0,2,-0.688745) (1,2,-0.725003) (9,2,0.688745) (10,2,0.725003) (3,3,-0.743913) (4,3,0.668276) (6,3,0.743913) (7,3,-0.668276) (6,4,0.0110752) (7,4,-0.999939) (9,4,-0.0110752) (10,4,0.999939) 
Q:
size: 5 5
(0,0,2) (1,0,-0.00277413) (2,0,0.687547) (3,0,0.7067) (0,1,-0.00277413) (1,1,2) (2,1,0.72423) (3,1,0.709471) (4,1,-0.0390746) (0,2,0.687547) (1,2,0.72423) (2,2,2) (4,2,0.717331) (0,3,0.7067) (1,3,0.709471) (3,3,2) (4,3,0.676474) (1,4,-0.0390746) (2,4,0.717331) (3,4,0.676474) (4,4,2) 
Minv:
size: 12 12
(0,0,1) (1,1,1) (2,2,2) (3,3,1) (4,4,1) (5,5,2) (6,6,1) (7,7,1) (8,8,2) (9,9,1) (10,10,1) (11,11,2) 
v0:
size: 12 1
(0,0,0.556139) (1,0,0.784897) (2,0,0) (3,0,-0.596628) (4,0,-0.677089) (5,0,0) (6,0,-0.270617) (7,0,0.622881) (8,0,0) (9,0,0.0205917) (10,0,-0.906589) (11,0,0) 
ipopt_sol:
size: 5 1
(0,0,1.26362) (1,0,0.719433) (2,0,0.396553) (3,0,7.25489e-08) (4,0,1.40443) 
policy_sol:
size: 5 1
(0,0,1.26362) (1,0,0.719433) (2,0,0.396553) (3,0,0) (4,0,1.40443) 

policy_converges:
1
ipopt_converges:
1
