solve status: 0
N:
size: 12 5
(0,0,0.0280804) (1,0,-0.999606) (3,0,-0.0280804) (4,0,0.999606) (0,1,-0.999961) (1,1,-0.00885266) (6,1,0.999961) (7,1,0.00885266) (3,2,-0.706075) (4,2,0.708137) (6,2,0.706075) (7,2,-0.708137) (3,3,-0.999856) (4,3,-0.0169614) (9,3,0.999856) (10,3,0.0169614) (6,4,0.0508013) (7,4,-0.998709) (9,4,-0.0508013) (10,4,0.998709) 
Q:
size: 5 5
(0,0,2) (1,0,-0.0192302) (2,0,0.727685) (3,0,0.0111217) (0,1,-0.0192302) (1,1,2) (2,1,0.699778) (4,1,0.0419581) (0,2,0.727685) (1,2,0.699778) (2,2,2) (3,2,0.693962) (4,2,0.743092) (0,3,0.0111217) (2,3,0.693962) (3,3,2) (4,3,-0.0338545) (1,4,0.0419581) (2,4,0.743092) (3,4,-0.0338545) (4,4,2) 
Minv:
size: 12 12
(0,0,1) (1,1,1) (2,2,2) (3,3,1) (4,4,1) (5,5,2) (6,6,1) (7,7,1) (8,8,2) (9,9,1) (10,10,1) (11,11,2) 
v0:
size: 12 1
(0,0,-0.854778) (1,0,-0.0854968) (2,0,0) (3,0,0.990642) (4,0,-0.967596) (5,0,0) (6,0,-0.923103) (7,0,0.831069) (8,0,0) (9,0,0.771764) (10,0,-0.232426) (11,0,0) 
ipopt_sol:
size: 5 1
(0,0,0.00664694) (1,0,0) (2,0,2.5476) (3,0,0) (4,0,0.201672) 
policy_sol:
size: 5 1
(0,0,0.00664693) (1,0,0) (2,0,2.5476) (3,0,0) (4,0,0.201672) 

policy_converges:
1
ipopt_converges:
0
