solve status: 0
N:
size: 12 1
(3,0,-0.999658) (4,0,0.0261357) (9,0,0.999658) (10,0,-0.0261357) 
Q:
size: 1 1
(0,0,2) 
Minv:
size: 12 12
(0,0,1) (1,1,1) (2,2,2) (3,3,1) (4,4,1) (5,5,2) (6,6,1) (7,7,1) (8,8,2) (9,9,1) (10,10,1) (11,11,2) 
v0:
size: 12 1
(0,0,-0.88852) (1,0,-0.284321) (2,0,0) (3,0,0.453949) (4,0,0.629429) (5,0,0) (6,0,0.934406) (7,0,-0.0654005) (8,0,0) (9,0,0.131458) (10,0,0.0586128) (11,0,0) 
ipopt_sol:
size: 1 1
(0,0,0.307463) 
policy_sol:
size: 1 1
(0,0,0.307463) 

policy_converges:
1
ipopt_converges:
1
