solve status: 0
N:
size: 12 2
(3,0,-0.726924) (4,0,0.686718) (6,0,0.726924) (7,0,-0.686718) (3,1,-0.998536) (4,1,0.054096) (9,1,0.998536) (10,1,-0.054096) 
Q:
size: 2 2
(0,0,2) (1,0,0.763009) (0,1,0.763009) (1,1,2) 
Minv:
size: 12 12
(0,0,1) (1,1,1) (2,2,2) (3,3,1) (4,4,1) (5,5,2) (6,6,1) (7,7,1) (8,8,2) (9,9,1) (10,10,1) (11,11,2) 
v0:
size: 12 1
(0,0,0.272032) (1,0,-0.894109) (2,0,0) (3,0,0.105537) (4,0,-0.750691) (5,0,0) (6,0,0.615452) (7,0,0.264263) (8,0,0) (9,0,0.162076) (10,0,0.407433) (11,0,0) 
ipopt_sol:
size: 2 1
(0,0,0.326317) (1,0,0) 
policy_sol:
size: 2 1
(0,0,0.326317) (1,0,0) 

policy_converges:
1
ipopt_converges:
0
