N:
size: 12 4
(0,0,-0.0706066) (1,0,-0.997504) (3,0,0.0706066) (4,0,0.997504) (0,1,-0.749855) (1,1,-0.661603) (9,1,0.749855) (10,1,0.661603) (3,2,-0.999904) (4,2,0.0138497) (9,2,0.999904) (10,2,-0.0138497) (6,3,0.00282479) (7,3,-0.999996) (9,3,-0.00282479) (10,3,0.999996) 
Q:
size: 4 4
(0,0,2) (1,0,0.712896) (2,0,-0.0567846) (0,1,0.712896) (1,1,2) (2,1,0.74062) (3,1,0.659482) (0,2,-0.0567846) (1,2,0.74062) (2,2,2) (3,2,-0.0166742) (1,3,0.659482) (2,3,-0.0166742) (3,3,2) 
Minv:
size: 12 12
(0,0,1) (1,1,1) (2,2,2) (3,3,1) (4,4,1) (5,5,2) (6,6,1) (7,7,1) (8,8,2) (9,9,1) (10,10,1) (11,11,2) 
v0:
size: 12 1
(0,0,-0.770248) (1,0,0.0357499) (2,0,0) (3,0,-0.173418) (4,0,-0.368503) (5,0,0) (6,0,0.0528632) (7,0,-0.57751) (8,0,0) (9,0,-0.896908) (10,0,-0.73217) (11,0,0) 
ipopt_sol:
size: 4 1
(0,0,0.295985) (1,0,0.233738) (2,0,0.640902) (3,0,0.0802473) 
policy_sol:
size: 4 1
(0,0,0.295985) (1,0,0.233738) (2,0,0.640902) (3,0,0.0802467) 

policy_converges:
1
ipopt_converges:
0
