N:
size: 12 5
(0,0,-0.0280924) (1,0,-0.999605) (3,0,0.0280924) (4,0,0.999605) (0,1,-0.72211) (1,1,-0.691778) (9,1,0.72211) (10,1,0.691778) (3,2,-0.712349) (4,2,0.701826) (6,2,0.712349) (7,2,-0.701826) (3,3,-0.999999) (4,3,0.00102133) (9,3,0.999999) (10,3,-0.00102133) (6,4,0.014068) (7,4,-0.999901) (9,4,-0.014068) (10,4,0.999901) 
Q:
size: 5 5
(0,0,2) (1,0,0.711791) (2,0,0.681537) (3,0,-0.0270715) (0,1,0.711791) (1,1,2) (3,1,0.721403) (4,1,0.681551) (0,2,0.681537) (2,2,2) (3,2,0.713065) (4,2,0.711778) (0,3,-0.0270715) (1,3,0.721403) (2,3,0.713065) (3,3,2) (4,3,-0.0150892) (1,4,0.681551) (2,4,0.711778) (3,4,-0.0150892) (4,4,2) 
Minv:
size: 12 12
(0,0,1) (1,1,1) (2,2,2) (3,3,1) (4,4,1) (5,5,2) (6,6,1) (7,7,1) (8,8,2) (9,9,1) (10,10,1) (11,11,2) 
v0:
size: 12 1
(0,0,-0.881176) (1,0,0.559942) (2,0,0) (3,0,0.0675658) (4,0,-0.628196) (5,0,0) (6,0,0.592448) (7,0,-0.0533621) (8,0,0) (9,0,-0.176316) (10,0,-0.566156) (11,0,0) 
ipopt_sol:
size: 5 1
(0,0,1.16458) (1,0,1.00554e-07) (2,0,6.09602e-08) (3,0,0.26351) (4,0,0.503916) 
policy_sol:
size: 5 1
(0,0,1.16458) (1,0,0) (2,0,0) (3,0,0.26351) (4,0,0.503916) 

policy_converges:
1
ipopt_converges:
1
