N:
size: 12 3
(0,0,-0.0454145) (1,0,-0.998968) (3,0,0.0454145) (4,0,0.998968) (3,1,-0.657042) (4,1,0.753854) (6,1,0.657042) (7,1,-0.753854) (6,2,-0.055251) (7,2,-0.998472) (9,2,0.055251) (10,2,0.998472) 
Q:
size: 3 3
(0,0,2) (1,0,0.723237) (0,1,0.723237) (1,1,2) (2,1,0.7164) (1,2,0.7164) (2,2,2) 
Minv:
size: 12 12
(0,0,1) (1,1,1) (2,2,2) (3,3,1) (4,4,1) (5,5,2) (6,6,1) (7,7,1) (8,8,2) (9,9,1) (10,10,1) (11,11,2) 
v0:
size: 12 1
(0,0,-0.977264) (1,0,-0.470022) (2,0,0) (3,0,-0.906113) (4,0,-0.929433) (5,0,0) (6,0,0.292807) (7,0,0.496088) (8,0,0) (9,0,-0.138875) (10,0,-0.596483) (11,0,0) 
ipopt_sol:
size: 3 1
(0,0,0.455705) (1,0,1.54045e-07) (2,0,1.11475) 
policy_sol:
size: 3 1
(0,0,0.455705) (1,0,0) (2,0,1.11475) 

policy_converges:
1
ipopt_converges:
1
