N:
size: 12 4
(0,0,0.0299343) (1,0,-0.999552) (3,0,-0.0299343) (4,0,0.999552) (0,1,-0.997717) (1,1,-0.0675276) (6,1,0.997717) (7,1,0.0675276) (0,2,-0.680495) (1,2,-0.732753) (9,2,0.680495) (10,2,0.732753) (3,3,-0.722822) (4,3,0.691034) (6,3,0.722822) (7,3,-0.691034) 
Q:
size: 4 4
(0,0,2) (1,0,0.0376314) (2,0,0.712054) (3,0,0.712362) (0,1,0.0376314) (1,1,2) (2,1,0.728423) (3,1,0.674508) (0,2,0.712054) (1,2,0.728423) (2,2,2) (0,3,0.712362) (1,3,0.674508) (3,3,2) 
Minv:
size: 12 12
(0,0,1) (1,1,1) (2,2,2) (3,3,1) (4,4,1) (5,5,2) (6,6,1) (7,7,1) (8,8,2) (9,9,1) (10,10,1) (11,11,2) 
v0:
size: 12 1
(0,0,0.521463) (1,0,0.409052) (2,0,0) (3,0,-0.967584) (4,0,-0.506836) (5,0,0) (6,0,-0.848947) (7,0,0.250628) (8,0,0) (9,0,-0.0636878) (10,0,0.75431) (11,0,0) 
ipopt_sol:
size: 4 1
(0,0,0.845276) (1,0,1.36207) (2,0,5.97365e-08) (3,0,1.30855e-07) 
policy_sol:
size: 4 1
(0,0,0.845276) (1,0,1.36207) (2,0,0) (3,0,0) 

policy_converges:
1
ipopt_converges:
1
