N:
size: 12 3
(0,0,-0.0801262) (1,0,-0.996785) (3,0,0.0801262) (4,0,0.996785) (0,1,-0.999247) (1,1,0.0387945) (6,1,0.999247) (7,1,-0.0387945) (0,2,-0.713731) (1,2,-0.70042) (9,2,0.713731) (10,2,0.70042) 
Q:
size: 3 3
(0,0,2) (1,0,0.0413961) (2,0,0.755356) (0,1,0.0413961) (1,1,2) (2,1,0.686022) (0,2,0.755356) (1,2,0.686022) (2,2,2) 
Minv:
size: 12 12
(0,0,1) (1,1,1) (2,2,2) (3,3,1) (4,4,1) (5,5,2) (6,6,1) (7,7,1) (8,8,2) (9,9,1) (10,10,1) (11,11,2) 
v0:
size: 12 1
(0,0,0.054147) (1,0,0.195152) (2,0,0) (3,0,-0.904339) (4,0,-0.154934) (5,0,0) (6,0,-0.700664) (7,0,-0.337319) (8,0,0) (9,0,-0.508767) (10,0,0.749617) (11,0,0) 
ipopt_sol:
size: 3 1
(0,0,0.410752) (1,0,0.725084) (2,0,1.06442e-07) 
policy_sol:
size: 3 1
(0,0,0.410752) (1,0,0.725084) (2,0,0) 

policy_converges:
1
ipopt_converges:
1
