solve status: 0
N:
size: 12 1
(0,0,0.021321) (1,0,-0.999773) (3,0,-0.021321) (4,0,0.999773) 
Q:
size: 1 1
(0,0,2) 
Minv:
size: 12 12
(0,0,1) (1,1,1) (2,2,2) (3,3,1) (4,4,1) (5,5,2) (6,6,1) (7,7,1) (8,8,2) (9,9,1) (10,10,1) (11,11,2) 
v0:
size: 12 1
(0,0,0.510566) (1,0,0.240208) (2,0,0) (3,0,0.659458) (4,0,0.0624103) (5,0,0) (6,0,0.596203) (7,0,-0.456461) (8,0,0) (9,0,0.810902) (10,0,0.129098) (11,0,0) 
ipopt_sol:
size: 1 1
(0,0,0.180932) 
policy_sol:
size: 1 1
(0,0,0.180932) 

policy_converges:
1
ipopt_converges:
1
