solve status: 0
N:
size: 12 2
(3,0,-0.70491) (4,0,0.709297) (6,0,0.70491) (7,0,-0.709297) (3,1,-0.997584) (4,1,0.0694687) (9,1,0.997584) (10,1,-0.0694687) 
Q:
size: 2 2
(0,0,2) (1,0,0.752481) (0,1,0.752481) (1,1,2) 
Minv:
size: 12 12
(0,0,1) (1,1,1) (2,2,2) (3,3,1) (4,4,1) (5,5,2) (6,6,1) (7,7,1) (8,8,2) (9,9,1) (10,10,1) (11,11,2) 
v0:
size: 12 1
(0,0,-0.0312655) (1,0,-0.431881) (2,0,0) (3,0,-0.363554) (4,0,-0.310515) (5,0,0) (6,0,-0.0520076) (7,0,0.459286) (8,0,0) (9,0,-0.66316) (10,0,0.849273) (11,0,0) 
ipopt_sol:
size: 2 1
(0,0,0.213923) (1,0,0.298965) 
policy_sol:
size: 2 1
(0,0,0.213923) (1,0,0.298965) 

policy_converges:
1
ipopt_converges:
1
