solve status: 0
N:
size: 12 3
(0,0,-0.706753) (1,0,-0.70746) (9,0,0.706753) (10,0,0.70746) (3,1,-0.999828) (4,1,0.0185502) (9,1,0.999828) (10,1,-0.0185502) (6,2,-0.0171828) (7,2,-0.999852) (9,2,0.0171828) (10,2,0.999852) 
Q:
size: 3 3
(0,0,2) (1,0,0.693508) (2,0,0.7195) (0,1,0.693508) (1,1,2) (2,1,-0.00136758) (0,2,0.7195) (1,2,-0.00136758) (2,2,2) 
Minv:
size: 12 12
(0,0,1) (1,1,1) (2,2,2) (3,3,1) (4,4,1) (5,5,2) (6,6,1) (7,7,1) (8,8,2) (9,9,1) (10,10,1) (11,11,2) 
v0:
size: 12 1
(0,0,-0.0900766) (1,0,-0.519145) (2,0,0) (3,0,0.304956) (4,0,0.223968) (5,0,0) (6,0,0.678383) (7,0,0.559235) (8,0,0) (9,0,-0.239405) (10,0,-0.716719) (11,0,0) 
ipopt_sol:
size: 3 1
(0,0,0) (1,0,0.527701) (2,0,1.2919) 
policy_sol:
size: 3 1
(0,0,0) (1,0,0.527701) (2,0,1.2919) 

policy_converges:
1
ipopt_converges:
0
