N:
size: 12 2
(0,0,-0.999993) (1,0,-0.00383607) (6,0,0.999993) (7,0,0.00383607) (0,1,-0.715133) (1,1,-0.698988) (9,1,0.715133) (10,1,0.698988) 
Q:
size: 2 2
(0,0,2) (1,0,0.717809) (0,1,0.717809) (1,1,2) 
Minv:
size: 12 12
(0,0,1) (1,1,1) (2,2,2) (3,3,1) (4,4,1) (5,5,2) (6,6,1) (7,7,1) (8,8,2) (9,9,1) (10,10,1) (11,11,2) 
v0:
size: 12 1
(0,0,-0.117254) (1,0,0.696901) (2,0,0) (3,0,-0.626712) (4,0,0.970175) (5,0,0) (6,0,-0.379537) (7,0,-0.0232252) (8,0,0) (9,0,-0.244369) (10,0,0.430977) (11,0,0) 
ipopt_sol:
size: 2 1
(0,0,0.190206) (1,0,0.208517) 
policy_sol:
size: 2 1
(0,0,0.190206) (1,0,0.208516) 

policy_converges:
1
ipopt_converges:
1
