N:
size: 12 1
(0,0,-0.0318853) (1,0,-0.999492) (3,0,0.0318853) (4,0,0.999492) 
Q:
size: 1 1
(0,0,2) 
Minv:
size: 12 12
(0,0,1) (1,1,1) (2,2,2) (3,3,1) (4,4,1) (5,5,2) (6,6,1) (7,7,1) (8,8,2) (9,9,1) (10,10,1) (11,11,2) 
v0:
size: 12 1
(0,0,0.304008) (1,0,0.845712) (2,0,0) (3,0,0.729987) (4,0,-0.397243) (5,0,0) (6,0,0.760918) (7,0,-0.537024) (8,0,0) (9,0,0.960767) (10,0,0.428232) (11,0,0) 
ipopt_sol:
size: 1 1
(0,0,1.22874) 
policy_sol:
size: 1 1
(0,0,1.22874) 

policy_converges:
1
ipopt_converges:
1
