N:
size: 12 5
(0,0,0.0128151) (1,0,-0.999918) (3,0,-0.0128151) (4,0,0.999918) (0,1,-0.999955) (1,1,0.00952875) (6,1,0.999955) (7,1,-0.00952875) (0,2,-0.695882) (1,2,-0.718156) (9,2,0.695882) (10,2,0.718156) (3,3,-0.742311) (4,3,0.670055) (6,3,0.742311) (7,3,-0.670055) (3,4,-0.998067) (4,4,-0.0621445) (9,4,0.998067) (10,4,0.0621445) 
Q:
size: 5 5
(0,0,2) (1,0,-0.0223425) (2,0,0.709179) (3,0,0.679513) (4,0,-0.049349) (0,1,-0.0223425) (1,1,2) (2,1,0.689008) (3,1,0.748662) (0,2,0.709179) (1,2,0.689008) (2,2,2) (4,2,0.739167) (0,3,0.679513) (1,3,0.748662) (3,3,2) (4,3,0.699236) (0,4,-0.049349) (2,4,0.739167) (3,4,0.699236) (4,4,2) 
Minv:
size: 12 12
(0,0,1) (1,1,1) (2,2,2) (3,3,1) (4,4,1) (5,5,2) (6,6,1) (7,7,1) (8,8,2) (9,9,1) (10,10,1) (11,11,2) 
v0:
size: 12 1
(0,0,0.812287) (1,0,0.322563) (2,0,0) (3,0,-0.3157) (4,0,0.196814) (5,0,0) (6,0,-0.612585) (7,0,0.273045) (8,0,0) (9,0,-0.809606) (10,0,0.323277) (11,0,0) 
ipopt_sol:
size: 5 1
(0,0,5.14646e-07) (1,0,1.21239) (2,0,0.615211) (3,0,1.56938e-07) (4,0,0.257721) 
policy_sol:
size: 5 1
(0,0,0) (1,0,1.21239) (2,0,0.615211) (3,0,0) (4,0,0.257721) 

policy_converges:
1
ipopt_converges:
1
