solve status: 0
N:
size: 12 3
(0,0,-0.0795552) (1,0,-0.99683) (3,0,0.0795552) (4,0,0.99683) (0,1,-0.715847) (1,1,-0.698257) (9,1,0.715847) (10,1,0.698257) (6,2,-0.0195837) (7,2,-0.999808) (9,2,0.0195837) (10,2,0.999808) 
Q:
size: 3 3
(0,0,2) (1,0,0.752993) (0,1,0.752993) (1,1,2) (2,1,0.712142) (1,2,0.712142) (2,2,2) 
Minv:
size: 12 12
(0,0,1) (1,1,1) (2,2,2) (3,3,1) (4,4,1) (5,5,2) (6,6,1) (7,7,1) (8,8,2) (9,9,1) (10,10,1) (11,11,2) 
v0:
size: 12 1
(0,0,0.0782956) (1,0,-0.609809) (2,0,0) (3,0,-0.616339) (4,0,-0.820006) (5,0,0) (6,0,0.405419) (7,0,-0.804353) (8,0,0) (9,0,-0.331594) (10,0,-0.839952) (11,0,0) 
ipopt_sol:
size: 3 1
(0,0,0.109314) (1,0,0.41296) (2,0,0) 
policy_sol:
size: 3 1
(0,0,0.109314) (1,0,0.41296) (2,0,0) 

policy_converges:
1
ipopt_converges:
0
