N:
size: 12 1
(6,0,-0.0449859) (7,0,-0.998988) (9,0,0.0449859) (10,0,0.998988) 
Q:
size: 1 1
(0,0,2) 
Minv:
size: 12 12
(0,0,1) (1,1,1) (2,2,2) (3,3,1) (4,4,1) (5,5,2) (6,6,1) (7,7,1) (8,8,2) (9,9,1) (10,10,1) (11,11,2) 
v0:
size: 12 1
(0,0,-0.575388) (1,0,-0.71688) (2,0,0) (3,0,-0.449408) (4,0,0.542375) (5,0,0) (6,0,0.34489) (7,0,0.112608) (8,0,0) (9,0,0.773954) (10,0,-0.101137) (11,0,0) 
ipopt_sol:
size: 1 1
(0,0,0.194227) 
policy_sol:
size: 1 1
(0,0,0.194227) 

policy_converges:
1
ipopt_converges:
1
