N:
size: 12 3
(0,0,-0.00763702) (1,0,-0.999971) (3,0,0.00763702) (4,0,0.999971) (3,1,-0.664567) (4,1,0.747229) (6,1,0.664567) (7,1,-0.747229) (3,2,-0.999913) (4,2,0.0132132) (9,2,0.999913) (10,2,-0.0132132) 
Q:
size: 3 3
(0,0,2) (1,0,0.742132) (2,0,0.00557647) (0,1,0.742132) (1,1,2) (2,1,0.674382) (0,2,0.00557647) (1,2,0.674382) (2,2,2) 
Minv:
size: 12 12
(0,0,1) (1,1,1) (2,2,2) (3,3,1) (4,4,1) (5,5,2) (6,6,1) (7,7,1) (8,8,2) (9,9,1) (10,10,1) (11,11,2) 
v0:
size: 12 1
(0,0,-0.815359) (1,0,-0.11879) (2,0,0) (3,0,0.398128) (4,0,-0.851727) (5,0,0) (6,0,0.256762) (7,0,0.312054) (8,0,0) (9,0,-0.556111) (10,0,0.828104) (11,0,0) 
ipopt_sol:
size: 3 1
(0,0,0.539398) (1,0,0.490461) (2,0,0.809468) 
policy_sol:
size: 3 1
(0,0,0.539398) (1,0,0.490461) (2,0,0.809468) 

policy_converges:
1
ipopt_converges:
1
