N:
size: 12 2
(3,0,-0.725573) (4,0,0.688145) (6,0,0.725573) (7,0,-0.688145) (6,1,-0.0449133) (7,1,-0.998991) (9,1,0.0449133) (10,1,0.998991) 
Q:
size: 2 2
(0,0,2) (1,0,0.654863) (0,1,0.654863) (1,1,2) 
Minv:
size: 12 12
(0,0,1) (1,1,1) (2,2,2) (3,3,1) (4,4,1) (5,5,2) (6,6,1) (7,7,1) (8,8,2) (9,9,1) (10,10,1) (11,11,2) 
v0:
size: 12 1
(0,0,-0.355516) (1,0,-0.374311) (2,0,0) (3,0,-0.270903) (4,0,-0.0652508) (5,0,0) (6,0,-0.28871) (7,0,0.130592) (8,0,0) (9,0,-0.159457) (10,0,-0.236523) (11,0,0) 
ipopt_sol:
size: 2 1
(0,0,0.0330509) (1,0,0.350118) 
policy_sol:
size: 2 1
(0,0,0.0330494) (1,0,0.350119) 

policy_converges:
1
ipopt_converges:
0
