N:
size: 12 3
(0,0,0.0141676) (1,0,-0.9999) (3,0,-0.0141676) (4,0,0.9999) (0,1,-0.708305) (1,1,-0.705907) (9,1,0.708305) (10,1,0.705907) (3,2,-0.999259) (4,2,-0.038499) (9,2,0.999259) (10,2,0.038499) 
Q:
size: 3 3
(0,0,2) (1,0,0.695801) (2,0,-0.0243381) (0,1,0.695801) (1,1,2) (2,1,0.734957) (0,2,-0.0243381) (1,2,0.734957) (2,2,2) 
Minv:
size: 12 12
(0,0,1) (1,1,1) (2,2,2) (3,3,1) (4,4,1) (5,5,2) (6,6,1) (7,7,1) (8,8,2) (9,9,1) (10,10,1) (11,11,2) 
v0:
size: 12 1
(0,0,0.0752198) (1,0,0.207603) (2,0,0) (3,0,-0.243897) (4,0,-0.27532) (5,0,0) (6,0,0.496401) (7,0,-0.678089) (8,0,0) (9,0,-0.857211) (10,0,0.833266) (11,0,0) 
ipopt_sol:
size: 3 1
(0,0,0.485364) (1,0,2.72422e-07) (2,0,0.576086) 
policy_sol:
size: 3 1
(0,0,0.485364) (1,0,0) (2,0,0.576086) 

policy_converges:
1
ipopt_converges:
1
