N:
size: 12 2
(0,0,-0.998736) (1,0,0.0502549) (6,0,0.998736) (7,0,-0.0502549) (0,1,-0.708638) (1,1,-0.705572) (9,1,0.708638) (10,1,0.705572) 
Q:
size: 2 2
(0,0,2) (1,0,0.672284) (0,1,0.672284) (1,1,2) 
Minv:
size: 12 12
(0,0,1) (1,1,1) (2,2,2) (3,3,1) (4,4,1) (5,5,2) (6,6,1) (7,7,1) (8,8,2) (9,9,1) (10,10,1) (11,11,2) 
v0:
size: 12 1
(0,0,0.691599) (1,0,-0.238708) (2,0,0) (3,0,-0.892782) (4,0,0.839162) (5,0,0) (6,0,-0.796708) (7,0,-0.30298) (8,0,0) (9,0,-0.721438) (10,0,-0.0580642) (11,0,0) 
ipopt_sol:
size: 2 1
(0,0,1.34097) (1,0,0.423118) 
policy_sol:
size: 2 1
(0,0,1.34097) (1,0,0.423118) 

policy_converges:
1
ipopt_converges:
1
