N:
size: 12 4
(0,0,-0.998484) (1,0,-0.0550446) (6,0,0.998484) (7,0,0.0550446) (3,1,-0.701366) (4,1,0.712802) (6,1,0.701366) (7,1,-0.712802) (3,2,-0.999927) (4,2,-0.0121114) (9,2,0.999927) (10,2,0.0121114) (6,3,0.0656866) (7,3,-0.99784) (9,3,-0.0656866) (10,3,0.99784) 
Q:
size: 4 4
(0,0,2) (1,0,0.661066) (3,0,0.0106613) (0,1,0.661066) (1,1,2) (2,1,0.692681) (3,1,0.757333) (1,2,0.692681) (2,2,2) (3,2,-0.0535965) (0,3,0.0106613) (1,3,0.757333) (2,3,-0.0535965) (3,3,2) 
Minv:
size: 12 12
(0,0,1) (1,1,1) (2,2,2) (3,3,1) (4,4,1) (5,5,2) (6,6,1) (7,7,1) (8,8,2) (9,9,1) (10,10,1) (11,11,2) 
v0:
size: 12 1
(0,0,0.391574) (1,0,-0.961316) (2,0,0) (3,0,0.283013) (4,0,0.00283234) (5,0,0) (6,0,-0.168901) (7,0,0.447742) (8,0,0) (9,0,-0.632214) (10,0,0.325863) (11,0,0) 
ipopt_sol:
size: 4 1
(0,0,0.42044) (1,0,0.185771) (2,0,0.848014) (3,0,0.0413222) 
policy_sol:
size: 4 1
(0,0,0.42044) (1,0,0.185771) (2,0,0.848014) (3,0,0.0413209) 

policy_converges:
1
ipopt_converges:
0
