solve status: 0
N:
size: 12 5
(0,0,0.00733369) (1,0,-0.999973) (3,0,-0.00733369) (4,0,0.999973) (0,1,-0.999815) (1,1,0.0192541) (6,1,0.999815) (7,1,-0.0192541) (0,2,-0.676467) (1,2,-0.736473) (9,2,0.676467) (10,2,0.736473) (3,3,-0.684813) (4,3,0.728718) (6,3,0.684813) (7,3,-0.728718) (3,4,-0.999991) (4,4,-0.00435477) (9,4,0.999991) (10,4,0.00435477) 
Q:
size: 5 5
(0,0,2) (1,0,-0.026586) (2,0,0.731492) (3,0,0.733721) (4,0,0.00297897) (0,1,-0.026586) (1,1,2) (2,1,0.662161) (3,1,0.698717) (0,2,0.731492) (1,2,0.662161) (2,2,2) (4,2,0.679668) (0,3,0.733721) (1,3,0.698717) (3,3,2) (4,3,0.681633) (0,4,0.00297897) (2,4,0.679668) (3,4,0.681633) (4,4,2) 
Minv:
size: 12 12
(0,0,1) (1,1,1) (2,2,2) (3,3,1) (4,4,1) (5,5,2) (6,6,1) (7,7,1) (8,8,2) (9,9,1) (10,10,1) (11,11,2) 
v0:
size: 12 1
(0,0,0.302822) (1,0,0.0146068) (2,0,0) (3,0,0.626554) (4,0,-0.384449) (5,0,0) (6,0,-0.102199) (7,0,-0.630074) (8,0,0) (9,0,-0.976948) (10,0,-0.0197129) (11,0,0) 
ipopt_sol:
size: 5 1
(0,0,0.365395) (1,0,0.362529) (2,0,0.105296) (3,0,0) (4,0,1.56557) 
policy_sol:
size: 5 1
(0,0,0.365395) (1,0,0.362529) (2,0,0.105296) (3,0,0) (4,0,1.56557) 

policy_converges:
1
ipopt_converges:
0
