N:
size: 12 2
(0,0,-0.99846) (1,0,-0.0554807) (6,0,0.99846) (7,0,0.0554807) (0,1,-0.691345) (1,1,-0.722525) (9,1,0.691345) (10,1,0.722525) 
Q:
size: 2 2
(0,0,2) (1,0,0.730366) (0,1,0.730366) (1,1,2) 
Minv:
size: 12 12
(0,0,1) (1,1,1) (2,2,2) (3,3,1) (4,4,1) (5,5,2) (6,6,1) (7,7,1) (8,8,2) (9,9,1) (10,10,1) (11,11,2) 
v0:
size: 12 1
(0,0,0.891214) (1,0,0.225353) (2,0,0) (3,0,-0.00839384) (4,0,0.464362) (5,0,0) (6,0,-0.604934) (7,0,-0.511571) (8,0,0) (9,0,0.0960405) (10,0,-0.323277) (11,0,0) 
ipopt_sol:
size: 2 1
(0,0,1.37221) (1,0,0.44503) 
policy_sol:
size: 2 1
(0,0,1.37221) (1,0,0.44503) 

policy_converges:
1
ipopt_converges:
1
