solve status: 0
N:
size: 12 2
(0,0,-0.693164) (1,0,-0.72078) (9,0,0.693164) (10,0,0.72078) (3,1,-0.999989) (4,1,-0.00474619) (9,1,0.999989) (10,1,0.00474619) 
Q:
size: 2 2
(0,0,2) (1,0,0.696577) (0,1,0.696577) (1,1,2) 
Minv:
size: 12 12
(0,0,1) (1,1,1) (2,2,2) (3,3,1) (4,4,1) (5,5,2) (6,6,1) (7,7,1) (8,8,2) (9,9,1) (10,10,1) (11,11,2) 
v0:
size: 12 1
(0,0,-0.663421) (1,0,0.7279) (2,0,0) (3,0,0.9787) (4,0,0.919283) (5,0,0) (6,0,0.166924) (7,0,-0.944448) (8,0,0) (9,0,-0.738371) (10,0,-0.69546) (11,0,0) 
ipopt_sol:
size: 2 1
(0,0,0.543059) (1,0,1.53557) 
policy_sol:
size: 2 1
(0,0,0.543059) (1,0,1.53557) 

policy_converges:
1
ipopt_converges:
1
