solve status: 0
N:
size: 12 5
(0,0,0.0151703) (1,0,-0.999885) (3,0,-0.0151703) (4,0,0.999885) (0,1,-0.999034) (1,1,-0.0439486) (6,1,0.999034) (7,1,0.0439486) (0,2,-0.687973) (1,2,-0.725737) (9,2,0.687973) (10,2,0.725737) (3,3,-0.717491) (4,3,0.696568) (6,3,0.717491) (7,3,-0.696568) (3,4,-0.99978) (4,4,0.0209913) (9,4,0.99978) (10,4,-0.0209913) 
Q:
size: 5 5
(0,0,2) (1,0,0.0287879) (2,0,0.715216) (3,0,0.707373) (4,0,0.0361559) (0,1,0.0287879) (1,1,2) (2,1,0.719203) (3,1,0.686184) (0,2,0.715216) (1,2,0.719203) (2,2,2) (4,2,0.672587) (0,3,0.707373) (1,3,0.686184) (3,3,2) (4,3,0.731954) (0,4,0.0361559) (2,4,0.672587) (3,4,0.731954) (4,4,2) 
Minv:
size: 12 12
(0,0,1) (1,1,1) (2,2,2) (3,3,1) (4,4,1) (5,5,2) (6,6,1) (7,7,1) (8,8,2) (9,9,1) (10,10,1) (11,11,2) 
v0:
size: 12 1
(0,0,0.953651) (1,0,0.324432) (2,0,0) (3,0,0.283856) (4,0,-0.690253) (5,0,0) (6,0,-0.334079) (7,0,0.588183) (8,0,0) (9,0,-0.179368) (10,0,0.839345) (11,0,0) 
ipopt_sol:
size: 5 1
(0,0,0.771144) (1,0,1.05684) (2,0,0) (3,0,0.603193) (4,0,0.260535) 
policy_sol:
size: 5 1
(0,0,0.771144) (1,0,1.05684) (2,0,0) (3,0,0.603193) (4,0,0.260535) 

policy_converges:
1
ipopt_converges:
0
