N:
size: 12 2
(0,0,-0.99933) (1,0,0.036595) (6,0,0.99933) (7,0,-0.036595) (0,1,-0.706308) (1,1,-0.707904) (9,1,0.706308) (10,1,0.707904) 
Q:
size: 2 2
(0,0,2) (1,0,0.679929) (0,1,0.679929) (1,1,2) 
Minv:
size: 12 12
(0,0,1) (1,1,1) (2,2,2) (3,3,1) (4,4,1) (5,5,2) (6,6,1) (7,7,1) (8,8,2) (9,9,1) (10,10,1) (11,11,2) 
v0:
size: 12 1
(0,0,0.52904) (1,0,0.745955) (2,0,0) (3,0,0.788638) (4,0,0.766722) (5,0,0) (6,0,-0.52216) (7,0,-0.853264) (8,0,0) (9,0,0.843567) (10,0,-0.297951) (11,0,0) 
ipopt_sol:
size: 2 1
(0,0,0.922937) (1,0,0.203067) 
policy_sol:
size: 2 1
(0,0,0.922937) (1,0,0.203067) 

policy_converges:
1
ipopt_converges:
1
