N:
size: 12 2
(0,0,-0.998265) (1,0,-0.058874) (6,0,0.998265) (7,0,0.058874) (3,1,-0.735623) (4,1,0.677392) (6,1,0.735623) (7,1,-0.677392) 
Q:
size: 2 2
(0,0,2) (1,0,0.694466) (0,1,0.694466) (1,1,2) 
Minv:
size: 12 12
(0,0,1) (1,1,1) (2,2,2) (3,3,1) (4,4,1) (5,5,2) (6,6,1) (7,7,1) (8,8,2) (9,9,1) (10,10,1) (11,11,2) 
v0:
size: 12 1
(0,0,-0.202763) (1,0,-0.374118) (2,0,0) (3,0,-0.311216) (4,0,-0.36554) (5,0,0) (6,0,-0.443533) (7,0,0.324606) (8,0,0) (9,0,0.584223) (10,0,0.486964) (11,0,0) 
ipopt_sol:
size: 2 1
(0,0,0.00353301) (1,0,0.563608) 
policy_sol:
size: 2 1
(0,0,0.00351016) (1,0,0.563616) 

policy_converges:
1
ipopt_converges:
0
