solve status: 0
N:
size: 12 5
(0,0,-0.0224838) (1,0,-0.999747) (3,0,0.0224838) (4,0,0.999747) (0,1,-1) (1,1,0.000601394) (6,1,1) (7,1,-0.000601394) (0,2,-0.703793) (1,2,-0.710405) (9,2,0.703793) (10,2,0.710405) (3,3,-0.712666) (4,3,0.701503) (6,3,0.712666) (7,3,-0.701503) (6,4,0.0575172) (7,4,-0.998345) (9,4,-0.0575172) (10,4,0.998345) 
Q:
size: 5 5
(0,0,2) (1,0,0.0218825) (2,0,0.726049) (3,0,0.685303) (0,1,0.0218825) (1,1,2) (2,1,0.703366) (3,1,0.713088) (4,1,0.0581176) (0,2,0.726049) (1,2,0.703366) (2,2,2) (4,2,0.668749) (0,3,0.685303) (1,3,0.713088) (3,3,2) (4,3,0.741333) (1,4,0.0581176) (2,4,0.668749) (3,4,0.741333) (4,4,2) 
Minv:
size: 12 12
(0,0,1) (1,1,1) (2,2,2) (3,3,1) (4,4,1) (5,5,2) (6,6,1) (7,7,1) (8,8,2) (9,9,1) (10,10,1) (11,11,2) 
v0:
size: 12 1
(0,0,0.701009) (1,0,0.492667) (2,0,0) (3,0,-0.451669) (4,0,-0.257356) (5,0,0) (6,0,-0.733395) (7,0,0.96978) (8,0,0) (9,0,0.888213) (10,0,-0.732831) (11,0,0) 
ipopt_sol:
size: 5 1
(0,0,0.760701) (1,0,1.37542) (2,0,0) (3,0,0) (4,0,1.75309) 
policy_sol:
size: 5 1
(0,0,0.760701) (1,0,1.37542) (2,0,0) (3,0,0) (4,0,1.75309) 

policy_converges:
1
ipopt_converges:
0
