solve status: 0
N:
size: 12 2
(0,0,-0.999562) (1,0,0.0295986) (6,0,0.999562) (7,0,-0.0295986) (0,1,-0.711881) (1,1,-0.7023) (9,1,0.711881) (10,1,0.7023) 
Q:
size: 2 2
(0,0,2) (1,0,0.690782) (0,1,0.690782) (1,1,2) 
Minv:
size: 12 12
(0,0,1) (1,1,1) (2,2,2) (3,3,1) (4,4,1) (5,5,2) (6,6,1) (7,7,1) (8,8,2) (9,9,1) (10,10,1) (11,11,2) 
v0:
size: 12 1
(0,0,0.821972) (1,0,-0.266236) (2,0,0) (3,0,-0.27689) (4,0,-0.253851) (5,0,0) (6,0,-0.323671) (7,0,-0.554786) (8,0,0) (9,0,-0.106863) (10,0,0.624759) (11,0,0) 
ipopt_sol:
size: 2 1
(0,0,1.1366) (1,0,0) 
policy_sol:
size: 2 1
(0,0,1.1366) (1,0,0) 

policy_converges:
1
ipopt_converges:
0
