N:
size: 12 5
(0,0,-0.999951) (1,0,-0.00991755) (6,0,0.999951) (7,0,0.00991755) (0,1,-0.715471) (1,1,-0.698642) (9,1,0.715471) (10,1,0.698642) (3,2,-0.725376) (4,2,0.688353) (6,2,0.725376) (7,2,-0.688353) (3,3,-0.998414) (4,3,-0.05629) (9,3,0.998414) (10,3,0.05629) (6,4,-0.044552) (7,4,-0.999007) (9,4,0.044552) (10,4,0.999007) 
Q:
size: 5 5
(0,0,2) (1,0,0.722365) (2,0,0.718514) (4,0,-0.0544575) (0,1,0.722365) (1,1,2) (3,1,0.753663) (4,1,0.729824) (0,2,0.718514) (2,2,2) (3,2,0.685478) (4,2,0.655352) (1,3,0.753663) (2,3,0.685478) (3,3,2) (4,3,0.100715) (0,4,-0.0544575) (1,4,0.729824) (2,4,0.655352) (3,4,0.100715) (4,4,2) 
Minv:
size: 12 12
(0,0,1) (1,1,1) (2,2,2) (3,3,1) (4,4,1) (5,5,2) (6,6,1) (7,7,1) (8,8,2) (9,9,1) (10,10,1) (11,11,2) 
v0:
size: 12 1
(0,0,0.462346) (1,0,0.360828) (2,0,0) (3,0,0.26701) (4,0,0.543587) (5,0,0) (6,0,-0.183448) (7,0,0.945429) (8,0,0) (9,0,-0.183686) (10,0,-0.111012) (11,0,0) 
ipopt_sol:
size: 5 1
(0,0,0.666687) (1,0,0.00516289) (2,0,3.44436e-07) (3,0,0.432011) (4,0,1.04992) 
policy_sol:
size: 5 1
(0,0,0.666698) (1,0,0.00513354) (2,0,0) (3,0,0.432022) (4,0,1.04993) 

policy_converges:
1
ipopt_converges:
0
