solve status: 0
N:
size: 12 4
(0,0,0.0110028) (1,0,-0.999939) (3,0,-0.0110028) (4,0,0.999939) (0,1,-0.732764) (1,1,-0.680483) (9,1,0.732764) (10,1,0.680483) (3,2,-0.737726) (4,2,0.675101) (6,2,0.737726) (7,2,-0.675101) (3,3,-1) (4,3,-0.000681072) (9,3,1) (10,3,0.000681072) 
Q:
size: 4 4
(0,0,2) (1,0,0.672379) (2,0,0.683177) (3,0,0.0103218) (0,1,0.672379) (1,1,2) (3,1,0.733227) (0,2,0.683177) (2,2,2) (3,2,0.737266) (0,3,0.0103218) (1,3,0.733227) (2,3,0.737266) (3,3,2) 
Minv:
size: 12 12
(0,0,1) (1,1,1) (2,2,2) (3,3,1) (4,4,1) (5,5,2) (6,6,1) (7,7,1) (8,8,2) (9,9,1) (10,10,1) (11,11,2) 
v0:
size: 12 1
(0,0,-0.0567292) (1,0,0.00967906) (2,0,0) (3,0,0.187814) (4,0,-0.850259) (5,0,0) (6,0,0.409174) (7,0,-0.0187309) (8,0,0) (9,0,-0.803101) (10,0,0.178461) (11,0,0) 
ipopt_sol:
size: 4 1
(0,0,0.857489) (1,0,0) (2,0,0) (3,0,0.985788) 
policy_sol:
size: 4 1
(0,0,0.857489) (1,0,0) (2,0,0) (3,0,0.985788) 

policy_converges:
1
ipopt_converges:
0
