N:
size: 12 4
(0,0,-0.0154949) (1,0,-0.99988) (3,0,0.0154949) (4,0,0.99988) (0,1,-0.999769) (1,1,0.0215136) (6,1,0.999769) (7,1,-0.0215136) (0,2,-0.719739) (1,2,-0.694245) (9,2,0.719739) (10,2,0.694245) (6,3,0.0534166) (7,3,-0.998572) (9,3,-0.0534166) (10,3,0.998572) 
Q:
size: 4 4
(0,0,2) (1,0,-0.00601976) (2,0,0.705313) (0,1,-0.00601976) (1,1,2) (2,1,0.704637) (3,1,0.0748872) (0,2,0.705313) (1,2,0.704637) (2,2,2) (3,2,0.654807) (1,3,0.0748872) (2,3,0.654807) (3,3,2) 
Minv:
size: 12 12
(0,0,1) (1,1,1) (2,2,2) (3,3,1) (4,4,1) (5,5,2) (6,6,1) (7,7,1) (8,8,2) (9,9,1) (10,10,1) (11,11,2) 
v0:
size: 12 1
(0,0,0.263342) (1,0,0.23702) (2,0,0) (3,0,-0.802436) (4,0,-0.716593) (5,0,0) (6,0,-0.0998907) (7,0,-0.340778) (8,0,0) (9,0,0.616742) (10,0,-0.945565) (11,0,0) 
ipopt_sol:
size: 4 1
(0,0,0.971006) (1,0,0.330057) (2,0,4.54965e-07) (3,0,0.629845) 
policy_sol:
size: 4 1
(0,0,0.971007) (1,0,0.330057) (2,0,0) (3,0,0.629845) 

policy_converges:
1
ipopt_converges:
1
