solve status: 0
N:
size: 12 1
(3,0,-0.650911) (4,0,0.759154) (6,0,0.650911) (7,0,-0.759154) 
Q:
size: 1 1
(0,0,2) 
Minv:
size: 12 12
(0,0,1) (1,1,1) (2,2,2) (3,3,1) (4,4,1) (5,5,2) (6,6,1) (7,7,1) (8,8,2) (9,9,1) (10,10,1) (11,11,2) 
v0:
size: 12 1
(0,0,-0.986932) (1,0,-0.644177) (2,0,0) (3,0,0.0828034) (4,0,0.446886) (5,0,0) (6,0,-0.659097) (7,0,-0.153561) (8,0,0) (9,0,0.120292) (10,0,0.737932) (11,0,0) 
ipopt_sol:
size: 1 1
(0,0,0.0270799) 
policy_sol:
size: 1 1
(0,0,0.0270799) 

policy_converges:
1
ipopt_converges:
0
