solve status: 0
N:
size: 12 1
(0,0,-0.999759) (1,0,0.0219755) (6,0,0.999759) (7,0,-0.0219755) 
Q:
size: 1 1
(0,0,2) 
Minv:
size: 12 12
(0,0,1) (1,1,1) (2,2,2) (3,3,1) (4,4,1) (5,5,2) (6,6,1) (7,7,1) (8,8,2) (9,9,1) (10,10,1) (11,11,2) 
v0:
size: 12 1
(0,0,0.445994) (1,0,-0.921214) (2,0,0) (3,0,-0.738141) (4,0,-0.0345241) (5,0,0) (6,0,-0.799549) (7,0,-0.471802) (8,0,0) (9,0,-0.634799) (10,0,0.88911) (11,0,0) 
ipopt_sol:
size: 1 1
(0,0,1.25512) 
policy_sol:
size: 1 1
(0,0,1.25512) 

policy_converges:
1
ipopt_converges:
1
