solve status: 0
N:
size: 12 1
(6,0,-0.00670249) (7,0,-0.999978) (9,0,0.00670249) (10,0,0.999978) 
Q:
size: 1 1
(0,0,2) 
Minv:
size: 12 12
(0,0,1) (1,1,1) (2,2,2) (3,3,1) (4,4,1) (5,5,2) (6,6,1) (7,7,1) (8,8,2) (9,9,1) (10,10,1) (11,11,2) 
v0:
size: 12 1
(0,0,-0.9155) (1,0,-0.996211) (2,0,0) (3,0,-0.687676) (4,0,-0.0988609) (5,0,0) (6,0,0.0860875) (7,0,0.533079) (8,0,0) (9,0,0.686612) (10,0,-0.0803621) (11,0,0) 
ipopt_sol:
size: 1 1
(0,0,0.609402) 
policy_sol:
size: 1 1
(0,0,0.609402) 

policy_converges:
1
ipopt_converges:
1
