N:
size: 12 4
(0,0,0.0743625) (1,0,-0.997231) (3,0,-0.0743625) (4,0,0.997231) (0,1,-0.678647) (1,1,-0.734464) (9,1,0.678647) (10,1,0.734464) (3,2,-0.729048) (4,2,0.684462) (6,2,0.729048) (7,2,-0.684462) (6,3,-0.0253675) (7,3,-0.999678) (9,3,0.0253675) (10,3,0.999678) 
Q:
size: 4 4
(0,0,2) (1,0,0.681965) (2,0,0.736781) (0,1,0.681965) (1,1,2) (3,1,0.751443) (0,2,0.736781) (2,2,2) (3,2,0.665748) (1,3,0.751443) (2,3,0.665748) (3,3,2) 
Minv:
size: 12 12
(0,0,1) (1,1,1) (2,2,2) (3,3,1) (4,4,1) (5,5,2) (6,6,1) (7,7,1) (8,8,2) (9,9,1) (10,10,1) (11,11,2) 
v0:
size: 12 1
(0,0,0.15934) (1,0,0.792527) (2,0,0) (3,0,0.585607) (4,0,-0.695716) (5,0,0) (6,0,0.788135) (7,0,0.763087) (8,0,0) (9,0,0.977872) (10,0,-0.840282) (11,0,0) 
ipopt_sol:
size: 4 1
(0,0,1.51582) (1,0,8.59906e-08) (2,0,1.79853e-07) (3,0,1.59804) 
policy_sol:
size: 4 1
(0,0,1.51582) (1,0,0) (2,0,0) (3,0,1.59804) 

policy_converges:
1
ipopt_converges:
1
