N:
size: 12 6
(0,0,-0.0278292) (1,0,-0.999613) (3,0,0.0278292) (4,0,0.999613) (0,1,-0.999792) (1,1,0.0203937) (6,1,0.999792) (7,1,-0.0203937) (0,2,-0.708307) (1,2,-0.705905) (9,2,0.708307) (10,2,0.705905) (3,3,-0.685519) (4,3,0.728054) (6,3,0.685519) (7,3,-0.728054) (3,4,-0.999921) (4,4,0.0125712) (9,4,0.999921) (10,4,-0.0125712) (6,5,-0.00282648) (7,5,-0.999996) (9,5,0.00282648) (10,5,0.999996) 
Q:
size: 6 6
(0,0,2) (1,0,0.00743761) (2,0,0.725343) (3,0,0.708695) (4,0,-0.0152606) (0,1,0.00743761) (1,1,2) (2,1,0.693764) (3,1,0.700225) (5,1,0.0175677) (0,2,0.725343) (1,2,0.693764) (2,2,2) (4,2,0.699377) (5,2,0.707904) (0,3,0.708695) (1,3,0.700225) (3,3,2) (4,3,0.694618) (5,3,0.726114) (0,4,-0.0152606) (2,4,0.699377) (3,4,0.694618) (4,4,2) (5,4,-0.00974495) (1,5,0.0175677) (2,5,0.707904) (3,5,0.726114) (4,5,-0.00974495) (5,5,2) 
Minv:
size: 12 12
(0,0,1) (1,1,1) (2,2,2) (3,3,1) (4,4,1) (5,5,2) (6,6,1) (7,7,1) (8,8,2) (9,9,1) (10,10,1) (11,11,2) 
v0:
size: 12 1
(0,0,-0.446336) (1,0,0.364066) (2,0,0) (3,0,0.630996) (4,0,-0.273427) (5,0,0) (6,0,-0.461345) (7,0,0.442755) (8,0,0) (9,0,-0.308728) (10,0,0.0294801) (11,0,0) 
ipopt_sol:
size: 6 1
(0,0,0.285147) (1,0,1.37516e-07) (2,0,2.04598e-07) (3,0,0.922518) (4,0,0.625629) (5,0,0.0809645) 
policy_sol:
size: 6 1
(0,0,0.285147) (1,0,0) (2,0,0) (3,0,0.922518) (4,0,0.625629) (5,0,0.0809639) 

policy_converges:
1
ipopt_converges:
0
