N:
size: 12 2
(3,0,-0.73838) (4,0,0.674385) (6,0,0.73838) (7,0,-0.674385) (6,1,-0.0540502) (7,1,-0.998538) (9,1,0.0540502) (10,1,0.998538) 
Q:
size: 2 2
(0,0,2) (1,0,0.63349) (0,1,0.63349) (1,1,2) 
Minv:
size: 12 12
(0,0,1) (1,1,1) (2,2,2) (3,3,1) (4,4,1) (5,5,2) (6,6,1) (7,7,1) (8,8,2) (9,9,1) (10,10,1) (11,11,2) 
v0:
size: 12 1
(0,0,-0.546692) (1,0,0.0411278) (2,0,0) (3,0,0.291704) (4,0,0.782998) (5,0,0) (6,0,-0.535592) (7,0,0.8451) (8,0,0) (9,0,0.458894) (10,0,0.317451) (11,0,0) 
ipopt_sol:
size: 2 1
(0,0,0.558958) (1,0,0.296078) 
policy_sol:
size: 2 1
(0,0,0.558958) (1,0,0.296078) 

policy_converges:
1
ipopt_converges:
1
