solve status: 0
N:
size: 12 5
(0,0,0.0169999) (1,0,-0.999855) (3,0,-0.0169999) (4,0,0.999855) (0,1,-0.999991) (1,1,-0.0042036) (6,1,0.999991) (7,1,0.0042036) (0,2,-0.694247) (1,2,-0.719737) (9,2,0.694247) (10,2,0.719737) (3,3,-0.998147) (4,3,-0.0608461) (9,3,0.998147) (10,3,0.0608461) (6,4,-0.0293049) (7,4,-0.999571) (9,4,0.0293049) (10,4,0.999571) 
Q:
size: 5 5
(0,0,2) (1,0,-0.0127968) (2,0,0.707831) (3,0,-0.0438689) (0,1,-0.0127968) (1,1,2) (2,1,0.697266) (4,1,-0.0335064) (0,2,0.707831) (1,2,0.697266) (2,2,2) (3,2,0.736754) (4,2,0.739773) (0,3,-0.0438689) (2,3,0.736754) (3,3,2) (4,3,0.0900706) (1,4,-0.0335064) (2,4,0.739773) (3,4,0.0900706) (4,4,2) 
Minv:
size: 12 12
(0,0,1) (1,1,1) (2,2,2) (3,3,1) (4,4,1) (5,5,2) (6,6,1) (7,7,1) (8,8,2) (9,9,1) (10,10,1) (11,11,2) 
v0:
size: 12 1
(0,0,0.815902) (1,0,0.666778) (2,0,0) (3,0,0.595863) (4,0,0.512721) (5,0,0) (6,0,0.569663) (7,0,0.340119) (8,0,0) (9,0,0.00978286) (10,0,-0.297169) (11,0,0) 
ipopt_sol:
size: 5 1
(0,0,0) (1,0,0) (2,0,1.08028) (3,0,0.225347) (4,0,0.243691) 
policy_sol:
size: 5 1
(0,0,0) (1,0,0) (2,0,1.08028) (3,0,0.225347) (4,0,0.243691) 

policy_converges:
1
ipopt_converges:
0
