N:
size: 12 1
(0,0,-0.720296) (1,0,-0.693667) (9,0,0.720296) (10,0,0.693667) 
Q:
size: 1 1
(0,0,2) 
Minv:
size: 12 12
(0,0,1) (1,1,1) (2,2,2) (3,3,1) (4,4,1) (5,5,2) (6,6,1) (7,7,1) (8,8,2) (9,9,1) (10,10,1) (11,11,2) 
v0:
size: 12 1
(0,0,0.846028) (1,0,-0.957551) (2,0,0) (3,0,-0.34517) (4,0,-0.465973) (5,0,0) (6,0,0.989363) (7,0,-0.577282) (8,0,0) (9,0,0.225063) (10,0,-0.444625) (11,0,0) 
ipopt_sol:
size: 1 1
(0,0,0.0914797) 
policy_sol:
size: 1 1
(0,0,0.0914792) 

policy_converges:
1
ipopt_converges:
1
