solve status: 0
N:
size: 12 4
(0,0,0.00584826) (1,0,-0.999983) (3,0,-0.00584826) (4,0,0.999983) (0,1,-0.999933) (1,1,-0.011586) (6,1,0.999933) (7,1,0.011586) (0,2,-0.725256) (1,2,-0.68848) (9,2,0.725256) (10,2,0.68848) (6,3,-0.0839143) (7,3,-0.996473) (9,3,0.0839143) (10,3,0.996473) 
Q:
size: 4 4
(0,0,2) (1,0,0.0057379) (2,0,0.684226) (0,1,0.0057379) (1,1,2) (2,1,0.733184) (3,1,-0.0954538) (0,2,0.684226) (1,2,0.733184) (2,2,2) (3,2,0.746911) (1,3,-0.0954538) (2,3,0.746911) (3,3,2) 
Minv:
size: 12 12
(0,0,1) (1,1,1) (2,2,2) (3,3,1) (4,4,1) (5,5,2) (6,6,1) (7,7,1) (8,8,2) (9,9,1) (10,10,1) (11,11,2) 
v0:
size: 12 1
(0,0,0.222774) (1,0,0.42475) (2,0,0) (3,0,-0.642652) (4,0,0.184905) (5,0,0) (6,0,0.168902) (7,0,-0.614823) (8,0,0) (9,0,0.431881) (10,0,-0.9483) (11,0,0) 
ipopt_sol:
size: 4 1
(0,0,0) (1,0,0) (2,0,0.787655) (3,0,0.0160798) 
policy_sol:
size: 4 1
(0,0,0) (1,0,0) (2,0,0.787655) (3,0,0.0160798) 

policy_converges:
1
ipopt_converges:
0
