N:
size: 12 2
(0,0,-0.999998) (1,0,-0.00175316) (6,0,0.999998) (7,0,0.00175316) (3,1,-0.997138) (4,1,-0.0755972) (9,1,0.997138) (10,1,0.0755972) 
Q:
size: 2 2
(0,0,2) (1,1,2) 
Minv:
size: 12 12
(0,0,1) (1,1,1) (2,2,2) (3,3,1) (4,4,1) (5,5,2) (6,6,1) (7,7,1) (8,8,2) (9,9,1) (10,10,1) (11,11,2) 
v0:
size: 12 1
(0,0,0.722239) (1,0,-0.806293) (2,0,0) (3,0,0.824857) (4,0,0.940614) (5,0,0) (6,0,0.345014) (7,0,-0.302527) (8,0,0) (9,0,-0.0436683) (10,0,0.521477) (11,0,0) 
ipopt_sol:
size: 2 1
(0,0,0.376342) (1,0,0.897725) 
policy_sol:
size: 2 1
(0,0,0.376342) (1,0,0.897725) 

policy_converges:
1
ipopt_converges:
1
