solve status: 0
N:
size: 12 1
(0,0,-0.0689322) (1,0,-0.997621) (3,0,0.0689322) (4,0,0.997621) 
Q:
size: 1 1
(0,0,2) 
Minv:
size: 12 12
(0,0,1) (1,1,1) (2,2,2) (3,3,1) (4,4,1) (5,5,2) (6,6,1) (7,7,1) (8,8,2) (9,9,1) (10,10,1) (11,11,2) 
v0:
size: 12 1
(0,0,0.132782) (1,0,-0.17563) (2,0,0) (3,0,0.221474) (4,0,-0.790254) (5,0,0) (6,0,0.664932) (7,0,-0.573946) (8,0,0) (9,0,0.431064) (10,0,0.618258) (11,0,0) 
ipopt_sol:
size: 1 1
(0,0,0.607049) 
policy_sol:
size: 1 1
(0,0,0.607049) 

policy_converges:
1
ipopt_converges:
1
