solve status: 0
N:
size: 12 3
(0,0,-0.997134) (1,0,0.0756511) (6,0,0.997134) (7,0,-0.0756511) (0,1,-0.698022) (1,1,-0.716076) (9,1,0.698022) (10,1,0.716076) (3,2,-0.999988) (4,2,0.00494275) (9,2,0.999988) (10,2,-0.00494275) 
Q:
size: 3 3
(0,0,2) (1,0,0.64185) (0,1,0.64185) (1,1,2) (2,1,0.694474) (1,2,0.694474) (2,2,2) 
Minv:
size: 12 12
(0,0,1) (1,1,1) (2,2,2) (3,3,1) (4,4,1) (5,5,2) (6,6,1) (7,7,1) (8,8,2) (9,9,1) (10,10,1) (11,11,2) 
v0:
size: 12 1
(0,0,0.513957) (1,0,-0.0678323) (2,0,0) (3,0,-0.0733346) (4,0,0.0628542) (5,0,0) (6,0,-0.409448) (7,0,-0.303308) (8,0,0) (9,0,-0.372189) (10,0,0.728063) (11,0,0) 
ipopt_sol:
size: 3 1
(0,0,0.902945) (1,0,0) (2,0,0.302138) 
policy_sol:
size: 3 1
(0,0,0.902945) (1,0,0) (2,0,0.302138) 

policy_converges:
1
ipopt_converges:
0
