solve status: 0
N:
size: 12 3
(0,0,-0.0643571) (1,0,-0.997927) (3,0,0.0643571) (4,0,0.997927) (3,1,-0.684886) (4,1,0.728651) (6,1,0.684886) (7,1,-0.728651) (3,2,-0.998779) (4,2,-0.0494033) (9,2,0.998779) (10,2,0.0494033) 
Q:
size: 3 3
(0,0,2) (1,0,0.683063) (2,0,-0.113579) (0,1,0.683063) (1,1,2) (2,1,0.648052) (0,2,-0.113579) (1,2,0.648052) (2,2,2) 
Minv:
size: 12 12
(0,0,1) (1,1,1) (2,2,2) (3,3,1) (4,4,1) (5,5,2) (6,6,1) (7,7,1) (8,8,2) (9,9,1) (10,10,1) (11,11,2) 
v0:
size: 12 1
(0,0,-0.309214) (1,0,-0.225437) (2,0,0) (3,0,0.968644) (4,0,-0.964459) (5,0,0) (6,0,0.0193486) (7,0,-0.821774) (8,0,0) (9,0,0.156175) (10,0,0.629356) (11,0,0) 
ipopt_sol:
size: 3 1
(0,0,0.574006) (1,0,0.346474) (2,0,0.653069) 
policy_sol:
size: 3 1
(0,0,0.574006) (1,0,0.346474) (2,0,0.653069) 

policy_converges:
1
ipopt_converges:
1
