solve status: 0
N:
size: 12 3
(0,0,0.0741745) (1,0,-0.997245) (3,0,-0.0741745) (4,0,0.997245) (0,1,-0.726991) (1,1,-0.686647) (9,1,0.726991) (10,1,0.686647) (6,2,-0.0447924) (7,2,-0.998996) (9,2,0.0447924) (10,2,0.998996) 
Q:
size: 3 3
(0,0,2) (1,0,0.630831) (0,1,0.630831) (1,1,2) (2,1,0.718521) (1,2,0.718521) (2,2,2) 
Minv:
size: 12 12
(0,0,1) (1,1,1) (2,2,2) (3,3,1) (4,4,1) (5,5,2) (6,6,1) (7,7,1) (8,8,2) (9,9,1) (10,10,1) (11,11,2) 
v0:
size: 12 1
(0,0,0.293059) (1,0,-0.16984) (2,0,0) (3,0,-0.845258) (4,0,-0.572474) (5,0,0) (6,0,0.787881) (7,0,0.214316) (8,0,0) (9,0,0.212434) (10,0,-0.222771) (11,0,0) 
ipopt_sol:
size: 3 1
(0,0,0.317091) (1,0,0) (2,0,0.462424) 
policy_sol:
size: 3 1
(0,0,0.317091) (1,0,0) (2,0,0.462424) 

policy_converges:
1
ipopt_converges:
0
