N:
size: 12 2
(0,0,-0.692657) (1,0,-0.721268) (9,0,0.692657) (10,0,0.721268) (6,1,-0.0219356) (7,1,-0.999759) (9,1,0.0219356) (10,1,0.999759) 
Q:
size: 2 2
(0,0,2) (1,0,0.736288) (0,1,0.736288) (1,1,2) 
Minv:
size: 12 12
(0,0,1) (1,1,1) (2,2,2) (3,3,1) (4,4,1) (5,5,2) (6,6,1) (7,7,1) (8,8,2) (9,9,1) (10,10,1) (11,11,2) 
v0:
size: 12 1
(0,0,-0.6265) (1,0,0.450235) (2,0,0) (3,0,-0.744298) (4,0,0.547851) (5,0,0) (6,0,0.141123) (7,0,-0.296631) (8,0,0) (9,0,-0.0586105) (10,0,-0.682883) (11,0,0) 
ipopt_sol:
size: 2 1
(0,0,0.324076) (1,0,0.271233) 
policy_sol:
size: 2 1
(0,0,0.324076) (1,0,0.271233) 

policy_converges:
1
ipopt_converges:
1
