solve status: 0
N:
size: 12 4
(0,0,-0.998628) (1,0,-0.0523576) (6,0,0.998628) (7,0,0.0523576) (0,1,-0.703732) (1,1,-0.710466) (9,1,0.703732) (10,1,0.710466) (3,2,-0.744505) (4,2,0.667617) (6,2,0.744505) (7,2,-0.667617) (6,3,0.0760584) (7,3,-0.997103) (9,3,-0.0760584) (10,3,0.997103) 
Q:
size: 4 4
(0,0,2) (1,0,0.739965) (2,0,0.708529) (3,0,0.0237482) (0,1,0.739965) (1,1,2) (3,1,0.654883) (0,2,0.708529) (2,2,2) (3,2,0.722309) (0,3,0.0237482) (1,3,0.654883) (2,3,0.722309) (3,3,2) 
Minv:
size: 12 12
(0,0,1) (1,1,1) (2,2,2) (3,3,1) (4,4,1) (5,5,2) (6,6,1) (7,7,1) (8,8,2) (9,9,1) (10,10,1) (11,11,2) 
v0:
size: 12 1
(0,0,0.612983) (1,0,-0.120607) (2,0,0) (3,0,0.0930943) (4,0,0.0464625) (5,0,0) (6,0,-0.328915) (7,0,0.756972) (8,0,0) (9,0,0.897634) (10,0,-0.689826) (11,0,0) 
ipopt_sol:
size: 4 1
(0,0,0.876544) (1,0,0) (2,0,0) (3,0,1.52549) 
policy_sol:
size: 4 1
(0,0,0.876544) (1,0,0) (2,0,0) (3,0,1.52549) 

policy_converges:
1
ipopt_converges:
0
