N:
size: 12 1
(6,0,-0.0190363) (7,0,-0.999819) (9,0,0.0190363) (10,0,0.999819) 
Q:
size: 1 1
(0,0,2) 
Minv:
size: 12 12
(0,0,1) (1,1,1) (2,2,2) (3,3,1) (4,4,1) (5,5,2) (6,6,1) (7,7,1) (8,8,2) (9,9,1) (10,10,1) (11,11,2) 
v0:
size: 12 1
(0,0,0.671399) (1,0,-0.771851) (2,0,0) (3,0,-0.126767) (4,0,0.778039) (5,0,0) (6,0,0.819982) (7,0,0.877058) (8,0,0) (9,0,0.672254) (10,0,-0.671813) (11,0,0) 
ipopt_sol:
size: 1 1
(0,0,1.5514) 
policy_sol:
size: 1 1
(0,0,1.5514) 

policy_converges:
1
ipopt_converges:
1
