N:
size: 12 3
(3,0,-0.694087) (4,0,0.719891) (6,0,0.694087) (7,0,-0.719891) (3,1,-0.997434) (4,1,0.071597) (9,1,0.997434) (10,1,-0.071597) (6,2,0.0504022) (7,2,-0.998729) (9,2,-0.0504022) (10,2,0.998729) 
Q:
size: 3 3
(0,0,2) (1,0,0.743848) (2,0,0.753959) (0,1,0.743848) (1,1,2) (2,1,-0.121779) (0,2,0.753959) (1,2,-0.121779) (2,2,2) 
Minv:
size: 12 12
(0,0,1) (1,1,1) (2,2,2) (3,3,1) (4,4,1) (5,5,2) (6,6,1) (7,7,1) (8,8,2) (9,9,1) (10,10,1) (11,11,2) 
v0:
size: 12 1
(0,0,-0.689862) (1,0,-0.550052) (2,0,0) (3,0,0.99606) (4,0,0.479827) (5,0,0) (6,0,0.768447) (7,0,0.986155) (8,0,0) (9,0,-0.565717) (10,0,0.799866) (11,0,0) 
ipopt_sol:
size: 3 1
(0,0,2.91409e-07) (1,0,1.59383) (2,0,0.215855) 
policy_sol:
size: 3 1
(0,0,0) (1,0,1.59383) (2,0,0.215855) 

policy_converges:
1
ipopt_converges:
1
