N:
size: 12 5
(0,0,0.00668127) (1,0,-0.999978) (3,0,-0.00668127) (4,0,0.999978) (0,1,-0.999467) (1,1,-0.0326578) (6,1,0.999467) (7,1,0.0326578) (0,2,-0.709288) (1,2,-0.704919) (9,2,0.709288) (10,2,0.704919) (3,3,-0.711505) (4,3,0.702681) (6,3,0.711505) (7,3,-0.702681) (3,4,-0.999188) (4,4,0.0402903) (9,4,0.999188) (10,4,-0.0402903) 
Q:
size: 5 5
(0,0,2) (1,0,0.0259794) (2,0,0.700164) (3,0,0.707419) (4,0,0.0469653) (0,1,0.0259794) (1,1,2) (2,1,0.731931) (3,1,0.688177) (0,2,0.700164) (1,2,0.731931) (2,2,2) (4,2,0.680311) (0,3,0.707419) (1,3,0.688177) (3,3,2) (4,3,0.739238) (0,4,0.0469653) (2,4,0.680311) (3,4,0.739238) (4,4,2) 
Minv:
size: 12 12
(0,0,1) (1,1,1) (2,2,2) (3,3,1) (4,4,1) (5,5,2) (6,6,1) (7,7,1) (8,8,2) (9,9,1) (10,10,1) (11,11,2) 
v0:
size: 12 1
(0,0,0.943197) (1,0,0.620248) (2,0,0) (3,0,0.845875) (4,0,-0.58938) (5,0,0) (6,0,0.526266) (7,0,-0.819131) (8,0,0) (9,0,0.505091) (10,0,0.460968) (11,0,0) 
ipopt_sol:
size: 5 1
(0,0,1.1948) (1,0,0.448196) (2,0,1.5242e-07) (3,0,6.08041e-08) (4,0,0.354769) 
policy_sol:
size: 5 1
(0,0,1.1948) (1,0,0.448196) (2,0,0) (3,0,0) (4,0,0.354769) 

policy_converges:
1
ipopt_converges:
1
