N:
size: 12 3
(0,0,-0.995673) (1,0,-0.0929302) (6,0,0.995673) (7,0,0.0929302) (3,1,-0.718456) (4,1,0.695573) (6,1,0.718456) (7,1,-0.695573) (6,2,0.0476304) (7,2,-0.998865) (9,2,-0.0476304) (10,2,0.998865) 
Q:
size: 3 3
(0,0,2) (1,0,0.650707) (2,0,-0.0454005) (0,1,0.650707) (1,1,2) (2,1,0.729004) (0,2,-0.0454005) (1,2,0.729004) (2,2,2) 
Minv:
size: 12 12
(0,0,1) (1,1,1) (2,2,2) (3,3,1) (4,4,1) (5,5,2) (6,6,1) (7,7,1) (8,8,2) (9,9,1) (10,10,1) (11,11,2) 
v0:
size: 12 1
(0,0,0.973753) (1,0,-0.770232) (2,0,0) (3,0,-0.0645706) (4,0,-0.147656) (5,0,0) (6,0,-0.84495) (7,0,0.378824) (8,0,0) (9,0,0.321259) (10,0,0.159898) (11,0,0) 
ipopt_sol:
size: 3 1
(0,0,1.59808) (1,0,0.338763) (2,0,0.187022) 
policy_sol:
size: 3 1
(0,0,1.59808) (1,0,0.338763) (2,0,0.187022) 

policy_converges:
1
ipopt_converges:
1
