N:
size: 12 4
(0,0,-0.999934) (1,0,0.0114784) (6,0,0.999934) (7,0,-0.0114784) (3,1,-0.656496) (4,1,0.754329) (6,1,0.656496) (7,1,-0.754329) (3,2,-1) (4,2,-0.000214316) (9,2,1) (10,2,0.000214316) (6,3,-0.00573452) (7,3,-0.999984) (9,3,0.00573452) (10,3,0.999984) 
Q:
size: 4 4
(0,0,2) (1,0,0.665112) (3,0,0.00574405) (0,1,0.665112) (1,1,2) (2,1,0.656335) (3,1,0.750552) (1,2,0.656335) (2,2,2) (3,2,0.00594884) (0,3,0.00574405) (1,3,0.750552) (2,3,0.00594884) (3,3,2) 
Minv:
size: 12 12
(0,0,1) (1,1,1) (2,2,2) (3,3,1) (4,4,1) (5,5,2) (6,6,1) (7,7,1) (8,8,2) (9,9,1) (10,10,1) (11,11,2) 
v0:
size: 12 1
(0,0,-0.0570708) (1,0,-0.823362) (2,0,0) (3,0,0.211876) (4,0,-0.279485) (5,0,0) (6,0,-0.317959) (7,0,0.00425557) (8,0,0) (9,0,0.206041) (10,0,-0.767005) (11,0,0) 
ipopt_sol:
size: 4 1
(0,0,0.186468) (1,0,0.246467) (2,0,6.05627e-07) (3,0,0.675214) 
policy_sol:
size: 4 1
(0,0,0.186468) (1,0,0.246467) (2,0,0) (3,0,0.675214) 

policy_converges:
1
ipopt_converges:
1
