solve status: 0
N:
size: 12 6
(0,0,-0.00980411) (1,0,-0.999952) (3,0,0.00980411) (4,0,0.999952) (0,1,-0.999382) (1,1,-0.0351413) (6,1,0.999382) (7,1,0.0351413) (0,2,-0.721276) (1,2,-0.692648) (9,2,0.721276) (10,2,0.692648) (3,3,-0.731267) (4,3,0.682091) (6,3,0.731267) (7,3,-0.682091) (3,4,-0.998795) (4,4,-0.0490748) (9,4,0.998795) (10,4,0.0490748) (6,5,-0.0533868) (7,5,-0.998574) (9,5,0.0533868) (10,5,0.998574) 
Q:
size: 6 6
(0,0,2) (1,0,0.0449376) (2,0,0.699686) (3,0,0.674889) (4,0,-0.0588647) (0,1,0.0449376) (1,1,2) (2,1,0.745171) (3,1,0.706846) (5,1,-0.0884449) (0,2,0.699686) (1,2,0.745171) (2,2,2) (4,2,0.754398) (5,2,0.730167) (0,3,0.674889) (1,3,0.706846) (3,3,2) (4,3,0.696913) (5,3,0.642078) (0,4,-0.0588647) (2,4,0.754398) (3,4,0.696913) (4,4,2) (5,4,0.102327) (1,5,-0.0884449) (2,5,0.730167) (3,5,0.642078) (4,5,0.102327) (5,5,2) 
Minv:
size: 12 12
(0,0,1) (1,1,1) (2,2,2) (3,3,1) (4,4,1) (5,5,2) (6,6,1) (7,7,1) (8,8,2) (9,9,1) (10,10,1) (11,11,2) 
v0:
size: 12 1
(0,0,-0.740817) (1,0,-0.0644288) (2,0,0) (3,0,0.603942) (4,0,-0.475592) (5,0,0) (6,0,-0.758565) (7,0,-0.106247) (8,0,0) (9,0,-0.48014) (10,0,-0.720279) (11,0,0) 
ipopt_sol:
size: 6 1
(0,0,0.141183) (1,0,0) (2,0,0) (3,0,0.830262) (4,0,0.794737) (5,0,0.291084) 
policy_sol:
size: 6 1
(0,0,0.141183) (1,0,0) (2,0,0) (3,0,0.830262) (4,0,0.794737) (5,0,0.291084) 

policy_converges:
1
ipopt_converges:
0
