N:
size: 12 5
(0,0,-0.996981) (1,0,0.0776468) (6,0,0.996981) (7,0,-0.0776468) (0,1,-0.741399) (1,1,-0.671065) (9,1,0.741399) (10,1,0.671065) (3,2,-0.685644) (4,2,0.727937) (6,2,0.685644) (7,2,-0.727937) (3,3,-0.999294) (4,3,0.037583) (9,3,0.999294) (10,3,-0.037583) (6,4,0.0126794) (7,4,-0.99992) (9,4,-0.0126794) (10,4,0.99992) 
Q:
size: 5 5
(0,0,2) (1,0,0.687054) (2,0,0.740095) (4,0,0.0902817) (0,1,0.687054) (1,1,2) (3,1,0.715654) (4,1,0.66161) (0,2,0.740095) (2,2,2) (3,2,0.712517) (4,2,0.736573) (1,3,0.715654) (2,3,0.712517) (3,3,2) (4,3,-0.0502504) (0,4,0.0902817) (1,4,0.66161) (2,4,0.736573) (3,4,-0.0502504) (4,4,2) 
Minv:
size: 12 12
(0,0,1) (1,1,1) (2,2,2) (3,3,1) (4,4,1) (5,5,2) (6,6,1) (7,7,1) (8,8,2) (9,9,1) (10,10,1) (11,11,2) 
v0:
size: 12 1
(0,0,0.894506) (1,0,-0.714859) (2,0,0) (3,0,0.630776) (4,0,-0.0941797) (5,0,0) (6,0,0.289046) (7,0,0.299932) (8,0,0) (9,0,0.0431732) (10,0,-0.192626) (11,0,0) 
ipopt_sol:
size: 5 1
(0,0,0.661007) (1,0,1.33638e-07) (2,0,4.04335e-07) (3,0,0.59541) (4,0,0.474522) 
policy_sol:
size: 5 1
(0,0,0.661007) (1,0,0) (2,0,0) (3,0,0.59541) (4,0,0.474522) 

policy_converges:
1
ipopt_converges:
1
