N:
size: 12 4
(0,0,0.0633417) (1,0,-0.997992) (3,0,-0.0633417) (4,0,0.997992) (3,1,-0.749635) (4,1,0.661851) (6,1,0.749635) (7,1,-0.661851) (3,2,-0.999944) (4,2,-0.0105963) (9,2,0.999944) (10,2,0.0105963) (6,3,-0.00855741) (7,3,-0.999963) (9,3,0.00855741) (10,3,0.999963) 
Q:
size: 4 4
(0,0,2) (1,0,0.708005) (2,0,0.0527631) (0,1,0.708005) (1,1,2) (2,1,0.74258) (3,1,0.655412) (0,2,0.0527631) (1,2,0.74258) (2,2,2) (3,2,0.0191529) (1,3,0.655412) (2,3,0.0191529) (3,3,2) 
Minv:
size: 12 12
(0,0,1) (1,1,1) (2,2,2) (3,3,1) (4,4,1) (5,5,2) (6,6,1) (7,7,1) (8,8,2) (9,9,1) (10,10,1) (11,11,2) 
v0:
size: 12 1
(0,0,0.0400353) (1,0,0.55446) (2,0,0) (3,0,0.895979) (4,0,-0.18512) (5,0,0) (6,0,0.335938) (7,0,0.0296081) (8,0,0) (9,0,0.783744) (10,0,-0.0870971) (11,0,0) 
ipopt_sol:
size: 4 1
(0,0,0.679522) (1,0,0.318613) (2,0,1.77569e-06) (3,0,0.00847742) 
policy_sol:
size: 4 1
(0,0,0.679519) (1,0,0.318623) (2,0,0) (3,0,0.00845433) 

policy_converges:
1
ipopt_converges:
0
