N:
size: 12 3
(0,0,0.0269008) (1,0,-0.999638) (3,0,-0.0269008) (4,0,0.999638) (3,1,-0.687399) (4,1,0.72628) (6,1,0.687399) (7,1,-0.72628) (6,2,-0.0651967) (7,2,-0.997872) (9,2,0.0651967) (10,2,0.997872) 
Q:
size: 3 3
(0,0,2) (1,0,0.744509) (0,1,0.744509) (1,1,2) (2,1,0.679919) (1,2,0.679919) (2,2,2) 
Minv:
size: 12 12
(0,0,1) (1,1,1) (2,2,2) (3,3,1) (4,4,1) (5,5,2) (6,6,1) (7,7,1) (8,8,2) (9,9,1) (10,10,1) (11,11,2) 
v0:
size: 12 1
(0,0,-0.786326) (1,0,-0.0719343) (2,0,0) (3,0,-0.0562402) (4,0,-0.222842) (5,0,0) (6,0,0.134519) (7,0,0.531735) (8,0,0) (9,0,0.39493) (10,0,-0.0480509) (11,0,0) 
ipopt_sol:
size: 3 1
(0,0,0.0893769) (1,0,0.217908) (2,0,0.487495) 
policy_sol:
size: 3 1
(0,0,0.0893764) (1,0,0.217908) (2,0,0.487494) 

policy_converges:
1
ipopt_converges:
0
