N:
size: 12 4
(0,0,-0.052721) (1,0,-0.998609) (3,0,0.052721) (4,0,0.998609) (0,1,-0.999674) (1,1,0.0255488) (6,1,0.999674) (7,1,-0.0255488) (0,2,-0.725523) (1,2,-0.688198) (9,2,0.725523) (10,2,0.688198) (3,3,-0.669794) (4,3,0.742547) (6,3,0.669794) (7,3,-0.742547) 
Q:
size: 4 4
(0,0,2) (1,0,0.0271906) (2,0,0.725491) (3,0,0.706202) (0,1,0.0271906) (1,1,2) (2,1,0.707704) (3,1,0.688547) (0,2,0.725491) (1,2,0.707704) (2,2,2) (0,3,0.706202) (1,3,0.688547) (3,3,2) 
Minv:
size: 12 12
(0,0,1) (1,1,1) (2,2,2) (3,3,1) (4,4,1) (5,5,2) (6,6,1) (7,7,1) (8,8,2) (9,9,1) (10,10,1) (11,11,2) 
v0:
size: 12 1
(0,0,0.688496) (1,0,0.488771) (2,0,0) (3,0,0.0450293) (4,0,0.262951) (5,0,0) (6,0,-0.659676) (7,0,-0.0957507) (8,0,0) (9,0,0.542738) (10,0,0.479287) (11,0,0) 
ipopt_sol:
size: 4 1
(0,0,0.241355) (1,0,1.32952) (2,0,9.19901e-08) (3,0,1.24797e-07) 
policy_sol:
size: 4 1
(0,0,0.241355) (1,0,1.32952) (2,0,0) (3,0,0) 

policy_converges:
1
ipopt_converges:
1
