N:
size: 12 5
(0,0,-0.046852) (1,0,-0.998902) (3,0,0.046852) (4,0,0.998902) (0,1,-0.755308) (1,1,-0.655371) (9,1,0.755308) (10,1,0.655371) (3,2,-0.727723) (4,2,0.685871) (6,2,0.727723) (7,2,-0.685871) (3,3,-0.999623) (4,3,0.0274703) (9,3,0.999623) (10,3,-0.0274703) (6,4,0.0044569) (7,4,-0.99999) (9,4,-0.0044569) (10,4,0.99999) 
Q:
size: 5 5
(0,0,2) (1,0,0.690038) (2,0,0.651023) (3,0,-0.0193943) (0,1,0.690038) (1,1,2) (3,1,0.737019) (4,1,0.651998) (0,2,0.651023) (2,2,2) (3,2,0.746289) (4,2,0.689108) (0,3,-0.0193943) (1,3,0.737019) (2,3,0.746289) (3,3,2) (4,3,-0.0319252) (1,4,0.651998) (2,4,0.689108) (3,4,-0.0319252) (4,4,2) 
Minv:
size: 12 12
(0,0,1) (1,1,1) (2,2,2) (3,3,1) (4,4,1) (5,5,2) (6,6,1) (7,7,1) (8,8,2) (9,9,1) (10,10,1) (11,11,2) 
v0:
size: 12 1
(0,0,-0.257619) (1,0,0.19487) (2,0,0) (3,0,0.504785) (4,0,-0.0913345) (5,0,0) (6,0,0.192832) (7,0,0.0159115) (8,0,0) (9,0,-0.46899) (10,0,-0.469559) (11,0,0) 
ipopt_sol:
size: 5 1
(0,0,0.259605) (1,0,1.66755e-05) (2,0,1.30758e-07) (3,0,0.973479) (4,0,0.49805) 
policy_sol:
size: 5 1
(0,0,0.25961) (1,0,0) (2,0,0) (3,0,0.973485) (4,0,0.498056) 

policy_converges:
1
ipopt_converges:
0
