N:
size: 12 3
(0,0,-0.998763) (1,0,0.0497217) (6,0,0.998763) (7,0,-0.0497217) (0,1,-0.713473) (1,1,-0.700683) (9,1,0.713473) (10,1,0.700683) (3,2,-1) (4,2,-0.000875273) (9,2,1) (10,2,0.000875273) 
Q:
size: 3 3
(0,0,2) (1,0,0.677752) (0,1,0.677752) (1,1,2) (2,1,0.714086) (1,2,0.714086) (2,2,2) 
Minv:
size: 12 12
(0,0,1) (1,1,1) (2,2,2) (3,3,1) (4,4,1) (5,5,2) (6,6,1) (7,7,1) (8,8,2) (9,9,1) (10,10,1) (11,11,2) 
v0:
size: 12 1
(0,0,0.542961) (1,0,-0.326911) (2,0,0) (3,0,-0.287542) (4,0,-0.280596) (5,0,0) (6,0,0.450206) (7,0,0.356521) (8,0,0) (9,0,-0.989095) (10,0,0.860818) (11,0,0) 
ipopt_sol:
size: 3 1
(0,0,0.126621) (1,0,1.49455e-06) (2,0,0.700553) 
policy_sol:
size: 3 1
(0,0,0.126621) (1,0,0) (2,0,0.700554) 

policy_converges:
1
ipopt_converges:
0
