N:
size: 12 4
(0,0,-0.0395829) (1,0,-0.999216) (3,0,0.0395829) (4,0,0.999216) (0,1,-0.999618) (1,1,0.0276233) (6,1,0.999618) (7,1,-0.0276233) (0,2,-0.719013) (1,2,-0.694997) (9,2,0.719013) (10,2,0.694997) (3,3,-0.999513) (4,3,-0.0311935) (9,3,0.999513) (10,3,0.0311935) 
Q:
size: 4 4
(0,0,2) (1,0,0.0119662) (2,0,0.722913) (3,0,-0.0707326) (0,1,0.0119662) (1,1,2) (2,1,0.699541) (0,2,0.722913) (1,2,0.699541) (2,2,2) (3,2,0.740342) (0,3,-0.0707326) (2,3,0.740342) (3,3,2) 
Minv:
size: 12 12
(0,0,1) (1,1,1) (2,2,2) (3,3,1) (4,4,1) (5,5,2) (6,6,1) (7,7,1) (8,8,2) (9,9,1) (10,10,1) (11,11,2) 
v0:
size: 12 1
(0,0,0.89725) (1,0,0.992439) (2,0,0) (3,0,0.735744) (4,0,0.750619) (5,0,0) (6,0,-0.768645) (7,0,-0.742285) (8,0,0) (9,0,-0.776424) (10,0,0.835133) (11,0,0) 
ipopt_sol:
size: 4 1
(0,0,0.242673) (1,0,1.56955) (2,0,0.132489) (3,0,1.46833) 
policy_sol:
size: 4 1
(0,0,0.242673) (1,0,1.56955) (2,0,0.132488) (3,0,1.46833) 

policy_converges:
1
ipopt_converges:
1
