N:
size: 12 5
(0,0,0.0186369) (1,0,-0.999826) (3,0,-0.0186369) (4,0,0.999826) (0,1,-0.99755) (1,1,-0.0699574) (6,1,0.99755) (7,1,0.0699574) (0,2,-0.663361) (1,2,-0.7483) (9,2,0.663361) (10,2,0.7483) (3,3,-0.714309) (4,3,0.69983) (6,3,0.714309) (7,3,-0.69983) (3,4,-0.998976) (4,4,-0.0452541) (9,4,0.998976) (10,4,0.0452541) 
Q:
size: 5 5
(0,0,2) (1,0,0.051354) (2,0,0.735807) (3,0,0.713021) (4,0,-0.0266285) (0,1,0.051354) (1,1,2) (2,1,0.714085) (3,1,0.663601) (0,2,0.735807) (1,2,0.714085) (2,2,2) (4,2,0.696545) (0,3,0.713021) (1,3,0.663601) (3,3,2) (4,3,0.681907) (0,4,-0.0266285) (2,4,0.696545) (3,4,0.681907) (4,4,2) 
Minv:
size: 12 12
(0,0,1) (1,1,1) (2,2,2) (3,3,1) (4,4,1) (5,5,2) (6,6,1) (7,7,1) (8,8,2) (9,9,1) (10,10,1) (11,11,2) 
v0:
size: 12 1
(0,0,0.0385196) (1,0,0.544027) (2,0,0) (3,0,0.100397) (4,0,-0.394029) (5,0,0) (6,0,-0.0950917) (7,0,-0.24018) (8,0,0) (9,0,-0.363367) (10,0,0.200167) (11,0,0) 
ipopt_sol:
size: 5 1
(0,0,0.940813) (1,0,0.163988) (2,0,1.23236e-06) (3,0,1.43715e-07) (4,0,0.448924) 
policy_sol:
size: 5 1
(0,0,0.940813) (1,0,0.163988) (2,0,0) (3,0,0) (4,0,0.448924) 

policy_converges:
1
ipopt_converges:
0
