N:
size: 12 2
(0,0,-0.721178) (1,0,-0.69275) (9,0,0.721178) (10,0,0.69275) (3,1,-0.999519) (4,1,-0.0310175) (9,1,0.999519) (10,1,0.0310175) 
Q:
size: 2 2
(0,0,2) (1,0,0.742318) (0,1,0.742318) (1,1,2) 
Minv:
size: 12 12
(0,0,1) (1,1,1) (2,2,2) (3,3,1) (4,4,1) (5,5,2) (6,6,1) (7,7,1) (8,8,2) (9,9,1) (10,10,1) (11,11,2) 
v0:
size: 12 1
(0,0,0.0945208) (1,0,0.44137) (2,0,0) (3,0,0.660688) (4,0,0.52038) (5,0,0) (6,0,0.992386) (7,0,-0.376478) (8,0,0) (9,0,-0.0971417) (10,0,0.0855511) (11,0,0) 
ipopt_sol:
size: 2 1
(0,0,0.114319) (1,0,0.728522) 
policy_sol:
size: 2 1
(0,0,0.114319) (1,0,0.728522) 

policy_converges:
1
ipopt_converges:
1
