solve status: 0
N:
size: 12 4
(0,0,-0.997429) (1,0,-0.0716637) (6,0,0.997429) (7,0,0.0716637) (0,1,-0.719588) (1,1,-0.694401) (9,1,0.719588) (10,1,0.694401) (3,2,-1) (4,2,-0.00067888) (9,2,1) (10,2,0.00067888) (6,3,-0.0639686) (7,3,-0.997952) (9,3,0.0639686) (10,3,0.997952) 
Q:
size: 4 4
(0,0,2) (1,0,0.767501) (3,0,-0.135321) (0,1,0.767501) (1,1,2) (2,1,0.720059) (3,1,0.73901) (1,2,0.720059) (2,2,2) (3,2,0.064646) (0,3,-0.135321) (1,3,0.73901) (2,3,0.064646) (3,3,2) 
Minv:
size: 12 12
(0,0,1) (1,1,1) (2,2,2) (3,3,1) (4,4,1) (5,5,2) (6,6,1) (7,7,1) (8,8,2) (9,9,1) (10,10,1) (11,11,2) 
v0:
size: 12 1
(0,0,0.622223) (1,0,-0.816968) (2,0,0) (3,0,-0.325988) (4,0,-0.38354) (5,0,0) (6,0,0.0115589) (7,0,-0.895503) (8,0,0) (9,0,-0.769353) (10,0,-0.954821) (11,0,0) 
ipopt_sol:
size: 4 1
(0,0,0.242483) (1,0,0.970002) (2,0,0.0945226) (3,0,0) 
policy_sol:
size: 4 1
(0,0,0.242483) (1,0,0.970002) (2,0,0.0945226) (3,0,0) 

policy_converges:
1
ipopt_converges:
0
