N:
size: 12 1
(0,0,0.0676829) (1,0,-0.997707) (3,0,-0.0676829) (4,0,0.997707) 
Q:
size: 1 1
(0,0,2) 
Minv:
size: 12 12
(0,0,1) (1,1,1) (2,2,2) (3,3,1) (4,4,1) (5,5,2) (6,6,1) (7,7,1) (8,8,2) (9,9,1) (10,10,1) (11,11,2) 
v0:
size: 12 1
(0,0,-0.445177) (1,0,0.531186) (2,0,0) (3,0,-0.796613) (4,0,-0.966055) (5,0,0) (6,0,0.752818) (7,0,-0.410134) (8,0,0) (9,0,0.867799) (10,0,-0.0961025) (11,0,0) 
ipopt_sol:
size: 1 1
(0,0,1.47002) 
policy_sol:
size: 1 1
(0,0,1.47002) 

policy_converges:
1
ipopt_converges:
1
