N:
size: 12 3
(0,0,0.0259035) (1,0,-0.999664) (3,0,-0.0259035) (4,0,0.999664) (0,1,-0.998808) (1,1,0.048814) (6,1,0.998808) (7,1,-0.048814) (0,2,-0.667393) (1,2,-0.744706) (9,2,0.667393) (10,2,0.744706) 
Q:
size: 3 3
(0,0,2) (1,0,-0.0746702) (2,0,0.727168) (0,1,-0.0746702) (1,1,2) (2,1,0.630245) (0,2,0.727168) (1,2,0.630245) (2,2,2) 
Minv:
size: 12 12
(0,0,1) (1,1,1) (2,2,2) (3,3,1) (4,4,1) (5,5,2) (6,6,1) (7,7,1) (8,8,2) (9,9,1) (10,10,1) (11,11,2) 
v0:
size: 12 1
(0,0,0.385162) (1,0,0.811547) (2,0,0) (3,0,-0.756794) (4,0,0.292652) (5,0,0) (6,0,0.150892) (7,0,-0.170252) (8,0,0) (9,0,-0.0377795) (10,0,0.988346) (11,0,0) 
ipopt_sol:
size: 3 1
(0,0,0.49678) (1,0,0.204613) (2,0,4.72034e-07) 
policy_sol:
size: 3 1
(0,0,0.49678) (1,0,0.204612) (2,0,0) 

policy_converges:
1
ipopt_converges:
1
