solve status: 0
N:
size: 12 2
(0,0,-0.686446) (1,0,-0.727181) (9,0,0.686446) (10,0,0.727181) (6,1,-0.00108609) (7,1,-0.999999) (9,1,0.00108609) (10,1,0.999999) 
Q:
size: 2 2
(0,0,2) (1,0,0.727926) (0,1,0.727926) (1,1,2) 
Minv:
size: 12 12
(0,0,1) (1,1,1) (2,2,2) (3,3,1) (4,4,1) (5,5,2) (6,6,1) (7,7,1) (8,8,2) (9,9,1) (10,10,1) (11,11,2) 
v0:
size: 12 1
(0,0,0.841299) (1,0,-0.820734) (2,0,0) (3,0,-0.344636) (4,0,0.362966) (5,0,0) (6,0,0.93656) (7,0,-0.0678725) (8,0,0) (9,0,0.0223248) (10,0,-0.306369) (11,0,0) 
ipopt_sol:
size: 2 1
(0,0,0.116399) (1,0,0.197125) 
policy_sol:
size: 2 1
(0,0,0.116399) (1,0,0.197125) 

policy_converges:
1
ipopt_converges:
1
