solve status: 0
N:
size: 12 2
(3,0,-0.724795) (4,0,0.688964) (6,0,0.724795) (7,0,-0.688964) (6,1,0.0637603) (7,1,-0.997965) (9,1,-0.0637603) (10,1,0.997965) 
Q:
size: 2 2
(0,0,2) (1,0,0.733775) (0,1,0.733775) (1,1,2) 
Minv:
size: 12 12
(0,0,1) (1,1,1) (2,2,2) (3,3,1) (4,4,1) (5,5,2) (6,6,1) (7,7,1) (8,8,2) (9,9,1) (10,10,1) (11,11,2) 
v0:
size: 12 1
(0,0,-0.938271) (1,0,0.0759694) (2,0,0) (3,0,0.426517) (4,0,0.507778) (5,0,0) (6,0,0.325633) (7,0,0.613033) (8,0,0) (9,0,0.736281) (10,0,-0.402627) (11,0,0) 
ipopt_sol:
size: 2 1
(0,0,0) (1,0,1.03978) 
policy_sol:
size: 2 1
(0,0,0) (1,0,1.03978) 

policy_converges:
1
ipopt_converges:
0
