N:
size: 12 2
(3,0,-0.998068) (4,0,-0.0621302) (9,0,0.998068) (10,0,0.0621302) (6,1,-0.0215576) (7,1,-0.999768) (9,1,0.0215576) (10,1,0.999768) 
Q:
size: 2 2
(0,0,2) (1,0,0.0836317) (0,1,0.0836317) (1,1,2) 
Minv:
size: 12 12
(0,0,1) (1,1,1) (2,2,2) (3,3,1) (4,4,1) (5,5,2) (6,6,1) (7,7,1) (8,8,2) (9,9,1) (10,10,1) (11,11,2) 
v0:
size: 12 1
(0,0,-0.867867) (1,0,0.136902) (2,0,0) (3,0,-0.536721) (4,0,0.71228) (5,0,0) (6,0,0.081966) (7,0,0.116539) (8,0,0) (9,0,-0.600704) (10,0,-0.0285086) (11,0,0) 
ipopt_sol:
size: 2 1
(0,0,0.103386) (1,0,0.155407) 
policy_sol:
size: 2 1
(0,0,0.103386) (1,0,0.155407) 

policy_converges:
1
ipopt_converges:
0
