solve status: 0
N:
size: 12 2
(0,0,-0.68775) (1,0,-0.725948) (9,0,0.68775) (10,0,0.725948) (3,1,-0.999359) (4,1,-0.0357975) (9,1,0.999359) (10,1,0.0357975) 
Q:
size: 2 2
(0,0,2) (1,0,0.713296) (0,1,0.713296) (1,1,2) 
Minv:
size: 12 12
(0,0,1) (1,1,1) (2,2,2) (3,3,1) (4,4,1) (5,5,2) (6,6,1) (7,7,1) (8,8,2) (9,9,1) (10,10,1) (11,11,2) 
v0:
size: 12 1
(0,0,-0.681648) (1,0,0.211278) (2,0,0) (3,0,0.36289) (4,0,0.586857) (5,0,0) (6,0,0.43277) (7,0,-0.9018) (8,0,0) (9,0,-0.661081) (10,0,-0.0986706) (11,0,0) 
ipopt_sol:
size: 2 1
(0,0,0) (1,0,1.04785) 
policy_sol:
size: 2 1
(0,0,0) (1,0,1.04785) 

policy_converges:
1
ipopt_converges:
0
