N:
size: 12 5
(0,0,-0.999133) (1,0,-0.0416365) (6,0,0.999133) (7,0,0.0416365) (0,1,-0.695894) (1,1,-0.718144) (9,1,0.695894) (10,1,0.718144) (3,2,-0.756813) (4,2,0.653631) (6,2,0.756813) (7,2,-0.653631) (3,3,-0.99622) (4,3,-0.0868717) (9,3,0.99622) (10,3,0.0868717) (6,4,0.0274272) (7,4,-0.999624) (9,4,-0.0274272) (10,4,0.999624) 
Q:
size: 5 5
(0,0,2) (1,0,0.725192) (2,0,0.728942) (4,0,-0.0142174) (0,1,0.725192) (1,1,2) (3,1,0.75565) (4,1,0.698788) (0,2,0.728942) (2,2,2) (3,2,0.69717) (4,2,0.674142) (1,3,0.75565) (2,3,0.69717) (3,3,2) (4,3,0.0595155) (0,4,-0.0142174) (1,4,0.698788) (2,4,0.674142) (3,4,0.0595155) (4,4,2) 
Minv:
size: 12 12
(0,0,1) (1,1,1) (2,2,2) (3,3,1) (4,4,1) (5,5,2) (6,6,1) (7,7,1) (8,8,2) (9,9,1) (10,10,1) (11,11,2) 
v0:
size: 12 1
(0,0,0.384247) (1,0,-0.185265) (2,0,0) (3,0,0.391862) (4,0,0.479103) (5,0,0) (6,0,0.134258) (7,0,0.377741) (8,0,0) (9,0,0.239097) (10,0,-0.862136) (11,0,0) 
ipopt_sol:
size: 5 1
(0,0,0.235122) (1,0,6.16245e-06) (2,0,8.94405e-08) (3,0,0.231889) (4,0,1.23706) 
policy_sol:
size: 5 1
(0,0,0.235124) (1,0,0) (2,0,0) (3,0,0.231891) (4,0,1.23706) 

policy_converges:
1
ipopt_converges:
0
