N:
size: 12 5
(0,0,-0.99701) (1,0,-0.0772767) (6,0,0.99701) (7,0,0.0772767) (0,1,-0.691827) (1,1,-0.722064) (9,1,0.691827) (10,1,0.722064) (3,2,-0.726205) (4,2,0.687479) (6,2,0.726205) (7,2,-0.687479) (3,3,-0.999761) (4,3,-0.021868) (9,3,0.999761) (10,3,0.021868) (6,4,-0.0340885) (7,4,-0.999419) (9,4,0.0340885) (10,4,0.999419) 
Q:
size: 5 5
(0,0,2) (1,0,0.745557) (2,0,0.670907) (4,0,-0.111218) (0,1,0.745557) (1,1,2) (3,1,0.707451) (4,1,0.745227) (0,2,0.670907) (2,2,2) (3,2,0.710997) (4,2,0.662324) (1,3,0.707451) (2,3,0.710997) (3,3,2) (4,3,0.0559357) (0,4,-0.111218) (1,4,0.745227) (2,4,0.662324) (3,4,0.0559357) (4,4,2) 
Minv:
size: 12 12
(0,0,1) (1,1,1) (2,2,2) (3,3,1) (4,4,1) (5,5,2) (6,6,1) (7,7,1) (8,8,2) (9,9,1) (10,10,1) (11,11,2) 
v0:
size: 12 1
(0,0,0.551429) (1,0,0.160271) (2,0,0) (3,0,0.771399) (4,0,0.439738) (5,0,0) (6,0,0.00750889) (7,0,0.607417) (8,0,0) (9,0,0.744557) (10,0,-0.599086) (11,0,0) 
ipopt_sol:
size: 5 1
(0,0,0.540138) (1,0,1.94964e-07) (2,0,0.0987044) (3,0,1.11852e-05) (4,0,1.17803) 
policy_sol:
size: 5 1
(0,0,0.540136) (1,0,0) (2,0,0.0987088) (3,0,0) (4,0,1.17802) 

policy_converges:
1
ipopt_converges:
0
