N:
size: 12 4
(0,0,0.00744623) (1,0,-0.999972) (3,0,-0.00744623) (4,0,0.999972) (0,1,-0.999993) (1,1,0.00377664) (6,1,0.999993) (7,1,-0.00377664) (0,2,-0.709375) (1,2,-0.704832) (9,2,0.709375) (10,2,0.704832) (6,3,-0.0589406) (7,3,-0.998261) (9,3,0.0589406) (10,3,0.998261) 
Q:
size: 4 4
(0,0,2) (1,0,-0.0112227) (2,0,0.69953) (0,1,-0.0112227) (1,1,2) (2,1,0.706708) (3,1,-0.0551701) (0,2,0.69953) (1,2,0.706708) (2,2,2) (3,2,0.745417) (1,3,-0.0551701) (2,3,0.745417) (3,3,2) 
Minv:
size: 12 12
(0,0,1) (1,1,1) (2,2,2) (3,3,1) (4,4,1) (5,5,2) (6,6,1) (7,7,1) (8,8,2) (9,9,1) (10,10,1) (11,11,2) 
v0:
size: 12 1
(0,0,0.78156) (1,0,0.836539) (2,0,0) (3,0,-0.21613) (4,0,0.221347) (5,0,0) (6,0,-0.155456) (7,0,-0.5358) (8,0,0) (9,0,0.732959) (10,0,-0.612267) (11,0,0) 
ipopt_sol:
size: 4 1
(0,0,0.373893) (1,0,0.693739) (2,0,0.679731) (3,0,2.06858e-07) 
policy_sol:
size: 4 1
(0,0,0.373893) (1,0,0.693739) (2,0,0.679731) (3,0,0) 

policy_converges:
1
ipopt_converges:
1
