N:
size: 12 1
(0,0,-0.0037663) (1,0,-0.999993) (3,0,0.0037663) (4,0,0.999993) 
Q:
size: 1 1
(0,0,2) 
Minv:
size: 12 12
(0,0,1) (1,1,1) (2,2,2) (3,3,1) (4,4,1) (5,5,2) (6,6,1) (7,7,1) (8,8,2) (9,9,1) (10,10,1) (11,11,2) 
v0:
size: 12 1
(0,0,-0.763556) (1,0,0.641324) (2,0,0) (3,0,-0.300917) (4,0,-0.0394788) (5,0,0) (6,0,0.975065) (7,0,0.334909) (8,0,0) (9,0,-0.192474) (10,0,0.326419) (11,0,0) 
ipopt_sol:
size: 1 1
(0,0,0.679055) 
policy_sol:
size: 1 1
(0,0,0.679055) 

policy_converges:
1
ipopt_converges:
1
