solve status: 0
N:
size: 12 5
(0,0,0.0161416) (1,0,-0.99987) (3,0,-0.0161416) (4,0,0.99987) (0,1,-0.999581) (1,1,-0.0289402) (6,1,0.999581) (7,1,0.0289402) (0,2,-0.709078) (1,2,-0.70513) (9,2,0.709078) (10,2,0.70513) (3,3,-0.717184) (4,3,0.696884) (6,3,0.717184) (7,3,-0.696884) (3,4,-0.999391) (4,4,-0.0349029) (9,4,0.999391) (10,4,0.0349029) 
Q:
size: 5 5
(0,0,2) (1,0,0.0128016) (2,0,0.693593) (3,0,0.708369) (4,0,-0.0187666) (0,1,0.0128016) (1,1,2) (2,1,0.729187) (3,1,0.696716) (0,2,0.693593) (1,2,0.729187) (2,2,2) (4,2,0.733257) (0,3,0.708369) (1,3,0.696716) (3,3,2) (4,3,0.692424) (0,4,-0.0187666) (2,4,0.733257) (3,4,0.692424) (4,4,2) 
Minv:
size: 12 12
(0,0,1) (1,1,1) (2,2,2) (3,3,1) (4,4,1) (5,5,2) (6,6,1) (7,7,1) (8,8,2) (9,9,1) (10,10,1) (11,11,2) 
v0:
size: 12 1
(0,0,0.5519) (1,0,0.75282) (2,0,0) (3,0,0.0607459) (4,0,-0.102182) (5,0,0) (6,0,-0.75326) (7,0,0.514843) (8,0,0) (9,0,-0.13174) (10,0,0.777297) (11,0,0) 
ipopt_sol:
size: 5 1
(0,0,0.726473) (1,0,1.19534) (2,0,0) (3,0,0.320113) (4,0,0.0576621) 
policy_sol:
size: 5 1
(0,0,0.726473) (1,0,1.19534) (2,0,0) (3,0,0.320113) (4,0,0.0576621) 

policy_converges:
1
ipopt_converges:
0
