N:
size: 12 1
(3,0,-0.998977) (4,0,-0.0452144) (9,0,0.998977) (10,0,0.0452144) 
Q:
size: 1 1
(0,0,2) 
Minv:
size: 12 12
(0,0,1) (1,1,1) (2,2,2) (3,3,1) (4,4,1) (5,5,2) (6,6,1) (7,7,1) (8,8,2) (9,9,1) (10,10,1) (11,11,2) 
v0:
size: 12 1
(0,0,-0.25867) (1,0,-0.592624) (2,0,0) (3,0,-0.51786) (4,0,-0.101369) (5,0,0) (6,0,0.891363) (7,0,0.023689) (8,0,0) (9,0,-0.662284) (10,0,0.378016) (11,0,0) 
ipopt_sol:
size: 1 1
(0,0,0.122602) 
policy_sol:
size: 1 1
(0,0,0.122601) 

policy_converges:
1
ipopt_converges:
1
