N:
size: 12 3
(0,0,-0.0671857) (1,0,-0.99774) (3,0,0.0671857) (4,0,0.99774) (0,1,-0.999887) (1,1,0.0150317) (6,1,0.999887) (7,1,-0.0150317) (3,2,-0.696795) (4,2,0.71727) (6,2,0.696795) (7,2,-0.71727) 
Q:
size: 3 3
(0,0,2) (1,0,0.0521804) (2,0,0.668835) (0,1,0.0521804) (1,1,2) (2,1,0.707498) (0,2,0.668835) (1,2,0.707498) (2,2,2) 
Minv:
size: 12 12
(0,0,1) (1,1,1) (2,2,2) (3,3,1) (4,4,1) (5,5,2) (6,6,1) (7,7,1) (8,8,2) (9,9,1) (10,10,1) (11,11,2) 
v0:
size: 12 1
(0,0,0.774455) (1,0,-0.820944) (2,0,0) (3,0,-0.699759) (4,0,-0.796516) (5,0,0) (6,0,0.480204) (7,0,0.618434) (8,0,0) (9,0,0.198194) (10,0,0.828815) (11,0,0) 
ipopt_sol:
size: 3 1
(0,0,0.0413639) (1,0,0.287471) (2,0,0.0771829) 
policy_sol:
size: 3 1
(0,0,0.0413622) (1,0,0.287471) (2,0,0.0771829) 

policy_converges:
1
ipopt_converges:
0
