solve status: 0
N:
size: 12 3
(3,0,-0.736932) (4,0,0.675967) (6,0,0.736932) (7,0,-0.675967) (3,1,-0.99951) (4,1,-0.0312936) (9,1,0.99951) (10,1,0.0312936) (6,2,-0.0675574) (7,2,-0.997715) (9,2,0.0675574) (10,2,0.997715) 
Q:
size: 3 3
(0,0,2) (1,0,0.715417) (2,0,0.624638) (0,1,0.715417) (1,1,2) (2,1,0.0987464) (0,2,0.624638) (1,2,0.0987464) (2,2,2) 
Minv:
size: 12 12
(0,0,1) (1,1,1) (2,2,2) (3,3,1) (4,4,1) (5,5,2) (6,6,1) (7,7,1) (8,8,2) (9,9,1) (10,10,1) (11,11,2) 
v0:
size: 12 1
(0,0,-0.698861) (1,0,-0.767936) (2,0,0) (3,0,-0.0197922) (4,0,0.424186) (5,0,0) (6,0,-0.685474) (7,0,0.916822) (8,0,0) (9,0,-0.567766) (10,0,0.548603) (11,0,0) 
ipopt_sol:
size: 3 1
(0,0,0.676177) (1,0,0.295339) (2,0,0.133661) 
policy_sol:
size: 3 1
(0,0,0.676177) (1,0,0.295339) (2,0,0.133661) 

policy_converges:
1
ipopt_converges:
1
