N:
size: 12 3
(0,0,-0.997619) (1,0,0.0689623) (6,0,0.997619) (7,0,-0.0689623) (3,1,-0.712738) (4,1,0.701431) (6,1,0.712738) (7,1,-0.701431) (6,2,0.0711847) (7,2,-0.997463) (9,2,-0.0711847) (10,2,0.997463) 
Q:
size: 3 3
(0,0,2) (1,0,0.759413) (2,0,0.139803) (0,1,0.759413) (1,1,2) (2,1,0.750387) (0,2,0.139803) (1,2,0.750387) (2,2,2) 
Minv:
size: 12 12
(0,0,1) (1,1,1) (2,2,2) (3,3,1) (4,4,1) (5,5,2) (6,6,1) (7,7,1) (8,8,2) (9,9,1) (10,10,1) (11,11,2) 
v0:
size: 12 1
(0,0,-0.519825) (1,0,-0.529268) (2,0,0) (3,0,0.505589) (4,0,0.955956) (5,0,0) (6,0,-0.815196) (7,0,0.133869) (8,0,0) (9,0,0.948968) (10,0,-0.235687) (11,0,0) 
ipopt_sol:
size: 3 1
(0,0,0.273139) (1,0,0.0963267) (2,0,0.438966) 
policy_sol:
size: 3 1
(0,0,0.273139) (1,0,0.0963262) (2,0,0.438966) 

policy_converges:
1
ipopt_converges:
0
