N:
size: 12 2
(0,0,-0.0427075) (1,0,-0.999088) (3,0,0.0427075) (4,0,0.999088) (3,1,-0.700063) (4,1,0.714081) (6,1,0.700063) (7,1,-0.714081) 
Q:
size: 2 2
(0,0,2) (1,0,0.683531) (0,1,0.683531) (1,1,2) 
Minv:
size: 12 12
(0,0,1) (1,1,1) (2,2,2) (3,3,1) (4,4,1) (5,5,2) (6,6,1) (7,7,1) (8,8,2) (9,9,1) (10,10,1) (11,11,2) 
v0:
size: 12 1
(0,0,0.235607) (1,0,-0.555104) (2,0,0) (3,0,-0.966057) (4,0,-0.79614) (5,0,0) (6,0,0.285012) (7,0,0.457193) (8,0,0) (9,0,0.445335) (10,0,0.653222) (11,0,0) 
ipopt_sol:
size: 2 1
(0,0,0.292136) (1,0,5.55782e-07) 
policy_sol:
size: 2 1
(0,0,0.292136) (1,0,0) 

policy_converges:
1
ipopt_converges:
1
