N:
size: 12 6
(0,0,0.0427501) (1,0,-0.999086) (3,0,-0.0427501) (4,0,0.999086) (0,1,-0.999721) (1,1,-0.0236003) (6,1,0.999721) (7,1,0.0236003) (0,2,-0.699574) (1,2,-0.71456) (9,2,0.699574) (10,2,0.71456) (3,3,-0.728973) (4,3,0.684542) (6,3,0.728973) (7,3,-0.684542) (3,4,-0.999981) (4,4,0.00609898) (9,4,0.999981) (10,4,-0.00609898) (6,5,0.0248204) (7,5,-0.999692) (9,5,-0.0248204) (10,5,0.999692) 
Q:
size: 6 6
(0,0,2) (1,0,-0.0191595) (2,0,0.684) (3,0,0.71508) (4,0,0.0488427) (0,1,-0.0191595) (1,1,2) (2,1,0.716243) (3,1,0.712615) (5,1,0.00122047) (0,2,0.684) (1,2,0.716243) (2,2,2) (4,2,0.695203) (5,2,0.696976) (0,3,0.71508) (1,3,0.712615) (3,3,2) (4,3,0.733135) (5,3,0.702425) (0,4,0.0488427) (2,4,0.695203) (3,4,0.733135) (4,4,2) (5,4,-0.0309171) (1,5,0.00122047) (2,5,0.696976) (3,5,0.702425) (4,5,-0.0309171) (5,5,2) 
Minv:
size: 12 12
(0,0,1) (1,1,1) (2,2,2) (3,3,1) (4,4,1) (5,5,2) (6,6,1) (7,7,1) (8,8,2) (9,9,1) (10,10,1) (11,11,2) 
v0:
size: 12 1
(0,0,0.662983) (1,0,-0.632479) (2,0,0) (3,0,0.553668) (4,0,-0.823104) (5,0,0) (6,0,-0.0435529) (7,0,-0.232525) (8,0,0) (9,0,-0.0961031) (10,0,-0.606289) (11,0,0) 
ipopt_sol:
size: 6 1
(0,0,0.0317985) (1,0,0.549789) (2,0,0.0477302) (3,0,0.365356) (4,0,0.503417) (5,0,0.23484) 
policy_sol:
size: 6 1
(0,0,0) (1,0,0.516551) (2,0,0.0932858) (3,0,0.412055) (4,0,0.470733) (5,0,0.202078) 

policy_converges:
1
ipopt_converges:
0
