N:
size: 12 5
(0,0,-0.00665064) (1,0,-0.999978) (3,0,0.00665064) (4,0,0.999978) (0,1,-0.999656) (1,1,-0.0262184) (6,1,0.999656) (7,1,0.0262184) (0,2,-0.689274) (1,2,-0.724501) (9,2,0.689274) (10,2,0.724501) (3,3,-0.675109) (4,3,0.737718) (6,3,0.675109) (7,3,-0.737718) (6,4,-0.000658156) (7,4,-1) (9,4,0.000658156) (10,4,1) 
Q:
size: 5 5
(0,0,2) (1,0,0.0328661) (2,0,0.729069) (3,0,0.733212) (0,1,0.0328661) (1,1,2) (2,1,0.708032) (3,1,0.655535) (4,1,-0.0268763) (0,2,0.729069) (1,2,0.708032) (2,2,2) (4,2,0.724955) (0,3,0.733212) (1,3,0.655535) (3,3,2) (4,3,0.737274) (1,4,-0.0268763) (2,4,0.724955) (3,4,0.737274) (4,4,2) 
Minv:
size: 12 12
(0,0,1) (1,1,1) (2,2,2) (3,3,1) (4,4,1) (5,5,2) (6,6,1) (7,7,1) (8,8,2) (9,9,1) (10,10,1) (11,11,2) 
v0:
size: 12 1
(0,0,0.924072) (1,0,0.981456) (2,0,0) (3,0,0.0784744) (4,0,0.273785) (5,0,0) (6,0,0.236989) (7,0,0.674221) (8,0,0) (9,0,0.702572) (10,0,0.635414) (11,0,0) 
ipopt_sol:
size: 5 1
(0,0,0.702038) (1,0,0.684006) (2,0,3.96764e-07) (3,0,1.36334e-07) (4,0,0.0476926) 
policy_sol:
size: 5 1
(0,0,0.702039) (1,0,0.684006) (2,0,0) (3,0,0) (4,0,0.0476918) 

policy_converges:
1
ipopt_converges:
0
