solve status: 0
N:
size: 12 2
(3,0,-0.998965) (4,0,-0.0454939) (9,0,0.998965) (10,0,0.0454939) (6,1,0.00375562) (7,1,-0.999993) (9,1,-0.00375562) (10,1,0.999993) 
Q:
size: 2 2
(0,0,2) (1,0,0.0417419) (0,1,0.0417419) (1,1,2) 
Minv:
size: 12 12
(0,0,1) (1,1,1) (2,2,2) (3,3,1) (4,4,1) (5,5,2) (6,6,1) (7,7,1) (8,8,2) (9,9,1) (10,10,1) (11,11,2) 
v0:
size: 12 1
(0,0,-0.583383) (1,0,-0.423576) (2,0,0) (3,0,0.606022) (4,0,0.528037) (5,0,0) (6,0,-0.159156) (7,0,-0.755899) (8,0,0) (9,0,0.123853) (10,0,-0.913599) (11,0,0) 
ipopt_sol:
size: 2 1
(0,0,0.544179) (1,0,0.147404) 
policy_sol:
size: 2 1
(0,0,0.544179) (1,0,0.147404) 

policy_converges:
1
ipopt_converges:
1
