N:
size: 12 5
(0,0,0.0470097) (1,0,-0.998894) (3,0,-0.0470097) (4,0,0.998894) (0,1,-0.999012) (1,1,0.0444313) (6,1,0.999012) (7,1,-0.0444313) (0,2,-0.724715) (1,2,-0.689049) (9,2,0.724715) (10,2,0.689049) (3,3,-0.700838) (4,3,0.71332) (6,3,0.700838) (7,3,-0.71332) (3,4,-0.999856) (4,4,0.0169784) (9,4,0.999856) (10,4,-0.0169784) 
Q:
size: 5 5
(0,0,2) (1,0,-0.0913454) (2,0,0.654218) (3,0,0.745478) (4,0,0.0639626) (0,1,-0.0913454) (1,1,2) (2,1,0.693384) (3,1,0.73184) (0,2,0.654218) (1,2,0.693384) (2,2,2) (4,2,0.712912) (0,3,0.745478) (1,3,0.73184) (3,3,2) (4,3,0.712848) (0,4,0.0639626) (2,4,0.712912) (3,4,0.712848) (4,4,2) 
Minv:
size: 12 12
(0,0,1) (1,1,1) (2,2,2) (3,3,1) (4,4,1) (5,5,2) (6,6,1) (7,7,1) (8,8,2) (9,9,1) (10,10,1) (11,11,2) 
v0:
size: 12 1
(0,0,0.15986) (1,0,0.984723) (2,0,0) (3,0,0.841362) (4,0,-0.347977) (5,0,0) (6,0,-0.45873) (7,0,-0.481053) (8,0,0) (9,0,-0.466103) (10,0,0.317742) (11,0,0) 
ipopt_sol:
size: 5 1
(0,0,1.35054) (1,0,0.614536) (2,0,2.21855e-07) (3,0,1.13978e-07) (4,0,1.27539) 
policy_sol:
size: 5 1
(0,0,1.35054) (1,0,0.614536) (2,0,0) (3,0,0) (4,0,1.27539) 

policy_converges:
1
ipopt_converges:
1
