solve status: 0
N:
size: 12 1
(0,0,-0.999967) (1,0,-0.00814027) (6,0,0.999967) (7,0,0.00814027) 
Q:
size: 1 1
(0,0,2) 
Minv:
size: 12 12
(0,0,1) (1,1,1) (2,2,2) (3,3,1) (4,4,1) (5,5,2) (6,6,1) (7,7,1) (8,8,2) (9,9,1) (10,10,1) (11,11,2) 
v0:
size: 12 1
(0,0,0.269026) (1,0,-0.614175) (2,0,0) (3,0,0.12529) (4,0,0.0160774) (5,0,0) (6,0,-0.564844) (7,0,-0.92628) (8,0,0) (9,0,0.73897) (10,0,0.019745) (11,0,0) 
ipopt_sol:
size: 1 1
(0,0,0.836383) 
policy_sol:
size: 1 1
(0,0,0.836383) 

policy_converges:
1
ipopt_converges:
1
