N:
size: 12 6
(0,0,-0.0257539) (1,0,-0.999668) (3,0,0.0257539) (4,0,0.999668) (0,1,-0.999753) (1,1,-0.0222099) (6,1,0.999753) (7,1,0.0222099) (0,2,-0.711987) (1,2,-0.702193) (9,2,0.711987) (10,2,0.702193) (3,3,-0.735625) (4,3,0.677389) (6,3,0.735625) (7,3,-0.677389) (3,4,-0.998279) (4,4,-0.0586401) (9,4,0.998279) (10,4,0.0586401) (6,5,0.00868577) (7,5,-0.999962) (9,5,-0.00868577) (10,5,0.999962) 
Q:
size: 6 6
(0,0,2) (1,0,0.0479501) (2,0,0.720297) (3,0,0.658219) (4,0,-0.0843302) (0,1,0.0479501) (1,1,2) (2,1,0.727407) (3,1,0.720399) (5,1,-0.0135254) (0,2,0.720297) (1,2,0.727407) (2,2,2) (4,2,0.751938) (5,2,0.695982) (0,3,0.658219) (1,3,0.720399) (3,3,2) (4,3,0.694637) (5,3,0.683753) (0,4,-0.0843302) (2,4,0.751938) (3,4,0.694637) (4,4,2) (5,4,0.049967) (1,5,-0.0135254) (2,5,0.695982) (3,5,0.683753) (4,5,0.049967) (5,5,2) 
Minv:
size: 12 12
(0,0,1) (1,1,1) (2,2,2) (3,3,1) (4,4,1) (5,5,2) (6,6,1) (7,7,1) (8,8,2) (9,9,1) (10,10,1) (11,11,2) 
v0:
size: 12 1
(0,0,-0.29811) (1,0,0.866784) (2,0,0) (3,0,0.899143) (4,0,0.462116) (5,0,0) (6,0,-0.758382) (7,0,0.264844) (8,0,0) (9,0,-0.291042) (10,0,-0.273991) (11,0,0) 
ipopt_sol:
size: 6 1
(0,0,0.194618) (1,0,0.239569) (2,0,0.156744) (3,0,0.483925) (4,0,1.00502) (5,0,0.299397) 
policy_sol:
size: 6 1
(0,0,0.0859543) (1,0,0.129725) (2,0,0.314915) (3,0,0.634442) (4,0,0.891303) (5,0,0.194995) 

policy_converges:
1
ipopt_converges:
1
