N:
size: 12 4
(0,0,-0.999603) (1,0,-0.028172) (6,0,0.999603) (7,0,0.028172) (3,1,-0.695495) (4,1,0.718531) (6,1,0.695495) (7,1,-0.718531) (3,2,-0.998559) (4,2,0.0536637) (9,2,0.998559) (10,2,-0.0536637) (6,3,-0.00703817) (7,3,-0.999975) (9,3,0.00703817) (10,3,0.999975) 
Q:
size: 4 4
(0,0,2) (1,0,0.674977) (3,0,-0.0352067) (0,1,0.674977) (1,1,2) (2,1,0.733052) (3,1,0.713618) (1,2,0.733052) (2,2,2) (3,2,-0.0466344) (0,3,-0.0352067) (1,3,0.713618) (2,3,-0.0466344) (3,3,2) 
Minv:
size: 12 12
(0,0,1) (1,1,1) (2,2,2) (3,3,1) (4,4,1) (5,5,2) (6,6,1) (7,7,1) (8,8,2) (9,9,1) (10,10,1) (11,11,2) 
v0:
size: 12 1
(0,0,-0.271737) (1,0,0.0210578) (2,0,0) (3,0,0.314314) (4,0,0.371101) (5,0,0) (6,0,-0.893369) (7,0,0.943509) (8,0,0) (9,0,0.00972744) (10,0,0.851836) (11,0,0) 
ipopt_sol:
size: 4 1
(0,0,0.195376) (1,0,1.18529) (2,0,4.25633e-07) (3,0,1.26024e-07) 
policy_sol:
size: 4 1
(0,0,0.195375) (1,0,1.18529) (2,0,0) (3,0,0) 

policy_converges:
1
ipopt_converges:
1
