solve status: 0
N:
size: 12 5
(0,0,0.034546) (1,0,-0.999403) (3,0,-0.034546) (4,0,0.999403) (0,1,-0.690043) (1,1,-0.723768) (9,1,0.690043) (10,1,0.723768) (3,2,-0.692738) (4,2,0.72119) (6,2,0.692738) (7,2,-0.72119) (3,3,-0.999753) (4,3,-0.0222354) (9,3,0.999753) (10,3,0.0222354) (6,4,-0.0477025) (7,4,-0.998862) (9,4,0.0477025) (10,4,0.998862) 
Q:
size: 5 5
(0,0,2) (1,0,0.699498) (2,0,0.744691) (3,0,0.0123153) (0,1,0.699498) (1,1,2) (3,1,0.705966) (4,1,0.755861) (0,2,0.744691) (2,2,2) (3,2,0.67653) (4,2,0.687323) (0,3,0.0123153) (1,3,0.705966) (2,3,0.67653) (3,3,2) (4,3,0.0699008) (1,4,0.755861) (2,4,0.687323) (3,4,0.0699008) (4,4,2) 
Minv:
size: 12 12
(0,0,1) (1,1,1) (2,2,2) (3,3,1) (4,4,1) (5,5,2) (6,6,1) (7,7,1) (8,8,2) (9,9,1) (10,10,1) (11,11,2) 
v0:
size: 12 1
(0,0,-0.309652) (1,0,0.796892) (2,0,0) (3,0,0.813962) (4,0,-0.243482) (5,0,0) (6,0,-0.279125) (7,0,0.00304267) (8,0,0) (9,0,0.605013) (10,0,-0.886587) (11,0,0) 
ipopt_sol:
size: 5 1
(0,0,0.971869) (1,0,0) (2,0,0.284995) (3,0,0.0947636) (4,0,0.745187) 
policy_sol:
size: 5 1
(0,0,0.971869) (1,0,0) (2,0,0.284995) (3,0,0.0947635) (4,0,0.745187) 

policy_converges:
1
ipopt_converges:
0
