N:
size: 12 2
(0,0,-0.998025) (1,0,0.0628131) (6,0,0.998025) (7,0,-0.0628131) (3,1,-0.68354) (4,1,0.729913) (6,1,0.68354) (7,1,-0.729913) 
Q:
size: 2 2
(0,0,2) (1,0,0.728039) (0,1,0.728039) (1,1,2) 
Minv:
size: 12 12
(0,0,1) (1,1,1) (2,2,2) (3,3,1) (4,4,1) (5,5,2) (6,6,1) (7,7,1) (8,8,2) (9,9,1) (10,10,1) (11,11,2) 
v0:
size: 12 1
(0,0,-0.692309) (1,0,-0.706737) (2,0,0) (3,0,-0.553691) (4,0,0.115239) (5,0,0) (6,0,-0.841785) (7,0,0.703446) (8,0,0) (9,0,0.28431) (10,0,0.85075) (11,0,0) 
ipopt_sol:
size: 2 1
(0,0,0.0112887) (1,0,0.622155) 
policy_sol:
size: 2 1
(0,0,0.0112823) (1,0,0.622157) 

policy_converges:
1
ipopt_converges:
0
