solve status: 0
N:
size: 12 1
(0,0,0.00959639) (1,0,-0.999954) (3,0,-0.00959639) (4,0,0.999954) 
Q:
size: 1 1
(0,0,2) 
Minv:
size: 12 12
(0,0,1) (1,1,1) (2,2,2) (3,3,1) (4,4,1) (5,5,2) (6,6,1) (7,7,1) (8,8,2) (9,9,1) (10,10,1) (11,11,2) 
v0:
size: 12 1
(0,0,0.832427) (1,0,-0.0932526) (2,0,0) (3,0,-0.568767) (4,0,-0.843285) (5,0,0) (6,0,0.884489) (7,0,-0.706601) (8,0,0) (9,0,0.853246) (10,0,0.527306) (11,0,0) 
ipopt_sol:
size: 1 1
(0,0,0.736552) 
policy_sol:
size: 1 1
(0,0,0.736552) 

policy_converges:
1
ipopt_converges:
1
