solve status: 0
N:
size: 12 5
(0,0,-0.025344) (1,0,-0.999679) (3,0,0.025344) (4,0,0.999679) (0,1,-0.998481) (1,1,0.0551025) (6,1,0.998481) (7,1,-0.0551025) (0,2,-0.695612) (1,2,-0.718417) (9,2,0.695612) (10,2,0.718417) (3,3,-0.702449) (4,3,0.711735) (6,3,0.702449) (7,3,-0.711735) (3,4,-0.999574) (4,4,-0.0291918) (9,4,0.999574) (10,4,0.0291918) 
Q:
size: 5 5
(0,0,2) (1,0,-0.0297793) (2,0,0.735816) (3,0,0.693703) (4,0,-0.0545157) (0,1,-0.0297793) (1,1,2) (2,1,0.654969) (3,1,0.7406) (0,2,0.735816) (1,2,0.654969) (2,2,2) (4,2,0.716288) (0,3,0.693703) (1,3,0.7406) (3,3,2) (4,3,0.681372) (0,4,-0.0545157) (2,4,0.716288) (3,4,0.681372) (4,4,2) 
Minv:
size: 12 12
(0,0,1) (1,1,1) (2,2,2) (3,3,1) (4,4,1) (5,5,2) (6,6,1) (7,7,1) (8,8,2) (9,9,1) (10,10,1) (11,11,2) 
v0:
size: 12 1
(0,0,0.266181) (1,0,0.614979) (2,0,0) (3,0,0.319513) (4,0,-0.351092) (5,0,0) (6,0,-0.595624) (7,0,-0.806722) (8,0,0) (9,0,-0.756408) (10,0,-0.73288) (11,0,0) 
ipopt_sol:
size: 5 1
(0,0,0.604366) (1,0,0.44711) (2,0,1.05057) (3,0,0) (4,0,0.726826) 
policy_sol:
size: 5 1
(0,0,0.604366) (1,0,0.44711) (2,0,1.05057) (3,0,0) (4,0,0.726826) 

policy_converges:
1
ipopt_converges:
0
