N:
size: 12 2
(3,0,-0.997636) (4,0,0.0687204) (9,0,0.997636) (10,0,-0.0687204) (6,1,-0.0796897) (7,1,-0.99682) (9,1,0.0796897) (10,1,0.99682) 
Q:
size: 2 2
(0,0,2) (1,0,0.0109995) (0,1,0.0109995) (1,1,2) 
Minv:
size: 12 12
(0,0,1) (1,1,1) (2,2,2) (3,3,1) (4,4,1) (5,5,2) (6,6,1) (7,7,1) (8,8,2) (9,9,1) (10,10,1) (11,11,2) 
v0:
size: 12 1
(0,0,-0.502621) (1,0,0.206746) (2,0,0) (3,0,0.693749) (4,0,0.956707) (5,0,0) (6,0,0.930626) (7,0,0.380556) (8,0,0) (9,0,0.45603) (10,0,-0.438192) (11,0,0) 
ipopt_sol:
size: 2 1
(0,0,0.136607) (1,0,0.853214) 
policy_sol:
size: 2 1
(0,0,0.136606) (1,0,0.853213) 

policy_converges:
1
ipopt_converges:
1
