N:
size: 12 6
(0,0,0.0220448) (1,0,-0.999757) (3,0,-0.0220448) (4,0,0.999757) (0,1,-0.999912) (1,1,-0.0132505) (6,1,0.999912) (7,1,0.0132505) (0,2,-0.706183) (1,2,-0.70803) (9,2,0.706183) (10,2,0.70803) (3,3,-0.693733) (4,3,0.720232) (6,3,0.693733) (7,3,-0.720232) (3,4,-0.995862) (4,4,0.0908815) (9,4,0.995862) (10,4,-0.0908815) (6,5,0.0187844) (7,5,-0.999824) (9,5,-0.0187844) (10,5,0.999824) 
Q:
size: 6 6
(0,0,2) (1,0,-0.00879563) (2,0,0.69229) (3,0,0.73535) (4,0,0.112813) (0,1,-0.00879563) (1,1,2) (2,1,0.715502) (3,1,0.684129) (5,1,0.00553468) (0,2,0.69229) (1,2,0.715502) (2,2,2) (4,2,0.638914) (5,2,0.694639) (0,3,0.73535) (1,3,0.684129) (3,3,2) (4,3,0.756318) (5,3,0.733136) (0,4,0.112813) (2,4,0.638914) (3,4,0.756318) (4,4,2) (5,4,-0.109572) (1,5,0.00553468) (2,5,0.694639) (3,5,0.733136) (4,5,-0.109572) (5,5,2) 
Minv:
size: 12 12
(0,0,1) (1,1,1) (2,2,2) (3,3,1) (4,4,1) (5,5,2) (6,6,1) (7,7,1) (8,8,2) (9,9,1) (10,10,1) (11,11,2) 
v0:
size: 12 1
(0,0,0.361284) (1,0,-0.742047) (2,0,0) (3,0,0.0355526) (4,0,-0.965952) (5,0,0) (6,0,0.182837) (7,0,-0.00714882) (8,0,0) (9,0,-0.1305) (10,0,-0.844702) (11,0,0) 
ipopt_sol:
size: 6 1
(0,0,0.113838) (1,0,0.0749585) (2,0,0.0602541) (3,0,0.206483) (4,0,0.113223) (5,0,0.740897) 
policy_sol:
size: 6 1
(0,0,0.0412698) (1,0,0) (2,0,0.164124) (3,0,0.3167) (4,0,0.0380503) (5,0,0.660508) 

policy_converges:
1
ipopt_converges:
0
