solve status: 0
N:
size: 12 4
(0,0,0.00988127) (1,0,-0.999951) (3,0,-0.00988127) (4,0,0.999951) (0,1,-0.999577) (1,1,0.0290956) (6,1,0.999577) (7,1,-0.0290956) (0,2,-0.741897) (1,2,-0.670514) (9,2,0.741897) (10,2,0.670514) (6,3,-0.0172033) (7,3,-0.999852) (9,3,0.0172033) (10,3,0.999852) 
Q:
size: 4 4
(0,0,2) (1,0,-0.0389713) (2,0,0.66315) (0,1,-0.0389713) (1,1,2) (2,1,0.722074) (3,1,0.0118953) (0,2,0.66315) (1,2,0.722074) (2,2,2) (3,2,0.683178) (1,3,0.0118953) (2,3,0.683178) (3,3,2) 
Minv:
size: 12 12
(0,0,1) (1,1,1) (2,2,2) (3,3,1) (4,4,1) (5,5,2) (6,6,1) (7,7,1) (8,8,2) (9,9,1) (10,10,1) (11,11,2) 
v0:
size: 12 1
(0,0,0.156659) (1,0,0.975125) (2,0,0) (3,0,-0.180963) (4,0,-0.229734) (5,0,0) (6,0,-0.249045) (7,0,-0.319114) (8,0,0) (9,0,0.929207) (10,0,-0.937608) (11,0,0) 
ipopt_sol:
size: 4 1
(0,0,1.20902) (1,0,0.387891) (2,0,0) (3,0,0.595826) 
policy_sol:
size: 4 1
(0,0,1.20902) (1,0,0.387891) (2,0,0) (3,0,0.595826) 

policy_converges:
1
ipopt_converges:
0
