N:
size: 12 2
(0,0,-0.999977) (1,0,-0.00676411) (6,0,0.999977) (7,0,0.00676411) (3,1,-1) (4,1,0.000635023) (9,1,1) (10,1,-0.000635023) 
Q:
size: 2 2
(0,0,2) (1,1,2) 
Minv:
size: 12 12
(0,0,1) (1,1,1) (2,2,2) (3,3,1) (4,4,1) (5,5,2) (6,6,1) (7,7,1) (8,8,2) (9,9,1) (10,10,1) (11,11,2) 
v0:
size: 12 1
(0,0,0.416825) (1,0,-0.466208) (2,0,0) (3,0,0.804362) (4,0,0.606034) (5,0,0) (6,0,-0.00268521) (7,0,-0.698718) (8,0,0) (9,0,0.251221) (10,0,-0.0561311) (11,0,0) 
ipopt_sol:
size: 2 1
(0,0,0.421073) (1,0,0.552721) 
policy_sol:
size: 2 1
(0,0,0.421073) (1,0,0.552721) 

policy_converges:
1
ipopt_converges:
1
