solve status: 0
N:
size: 12 5
(0,0,0.0282918) (1,0,-0.9996) (3,0,-0.0282918) (4,0,0.9996) (0,1,-0.99998) (1,1,0.00628934) (6,1,0.99998) (7,1,-0.00628934) (0,2,-0.69795) (1,2,-0.716146) (9,2,0.69795) (10,2,0.716146) (3,3,-0.711251) (4,3,0.702939) (6,3,0.711251) (7,3,-0.702939) (3,4,-0.999858) (4,4,-0.0168665) (9,4,0.999858) (10,4,0.0168665) 
Q:
size: 5 5
(0,0,2) (1,0,-0.034578) (2,0,0.696113) (3,0,0.72278) (4,0,0.011428) (0,1,-0.034578) (1,1,2) (2,1,0.693432) (3,1,0.715658) (0,2,0.696113) (1,2,0.693432) (2,2,2) (4,2,0.70993) (0,3,0.72278) (1,3,0.715658) (3,3,2) (4,3,0.699293) (0,4,0.011428) (2,4,0.70993) (3,4,0.699293) (4,4,2) 
Minv:
size: 12 12
(0,0,1) (1,1,1) (2,2,2) (3,3,1) (4,4,1) (5,5,2) (6,6,1) (7,7,1) (8,8,2) (9,9,1) (10,10,1) (11,11,2) 
v0:
size: 12 1
(0,0,-0.280055) (1,0,-0.407616) (2,0,0) (3,0,-0.602873) (4,0,-0.776465) (5,0,0) (6,0,-0.339393) (7,0,-0.456456) (8,0,0) (9,0,-0.719976) (10,0,-0.356031) (11,0,0) 
ipopt_sol:
size: 5 1
(0,0,0.313209) (1,0,0.018295) (2,0,0.133105) (3,0,0) (4,0,0.0609577) 
policy_sol:
size: 5 1
(0,0,0.313209) (1,0,0.018295) (2,0,0.133105) (3,0,0) (4,0,0.0609576) 

policy_converges:
1
ipopt_converges:
0
