solve status: 0
N:
size: 12 4
(0,0,-0.042426) (1,0,-0.9991) (3,0,0.042426) (4,0,0.9991) (0,1,-0.731445) (1,1,-0.6819) (9,1,0.731445) (10,1,0.6819) (3,2,-0.998545) (4,2,-0.0539248) (9,2,0.998545) (10,2,0.0539248) (6,3,-0.0379448) (7,3,-0.99928) (9,3,0.0379448) (10,3,0.99928) 
Q:
size: 4 4
(0,0,2) (1,0,0.712318) (2,0,-0.0962405) (0,1,0.712318) (1,1,2) (2,1,0.767152) (3,1,0.709164) (0,2,-0.0962405) (1,2,0.767152) (2,2,2) (3,2,0.0917756) (1,3,0.709164) (2,3,0.0917756) (3,3,2) 
Minv:
size: 12 12
(0,0,1) (1,1,1) (2,2,2) (3,3,1) (4,4,1) (5,5,2) (6,6,1) (7,7,1) (8,8,2) (9,9,1) (10,10,1) (11,11,2) 
v0:
size: 12 1
(0,0,-0.930411) (1,0,0.305382) (2,0,0) (3,0,0.0694963) (4,0,-0.123233) (5,0,0) (6,0,0.535158) (7,0,-0.318296) (8,0,0) (9,0,-0.33842) (10,0,-0.739899) (11,0,0) 
ipopt_sol:
size: 4 1
(0,0,0.406991) (1,0,0) (2,0,0.440234) (3,0,0.434246) 
policy_sol:
size: 4 1
(0,0,0.406991) (1,0,0) (2,0,0.440234) (3,0,0.434246) 

policy_converges:
1
ipopt_converges:
0
