solve status: 0
N:
size: 12 3
(0,0,-0.997041) (1,0,-0.0768775) (6,0,0.997041) (7,0,0.0768775) (0,1,-0.706746) (1,1,-0.707468) (9,1,0.706746) (10,1,0.707468) (6,2,0.0703379) (7,2,-0.997523) (9,2,-0.0703379) (10,2,0.997523) 
Q:
size: 3 3
(0,0,2) (1,0,0.759042) (2,0,-0.00655733) (0,1,0.759042) (1,1,2) (2,1,0.656005) (0,2,-0.00655733) (1,2,0.656005) (2,2,2) 
Minv:
size: 12 12
(0,0,1) (1,1,1) (2,2,2) (3,3,1) (4,4,1) (5,5,2) (6,6,1) (7,7,1) (8,8,2) (9,9,1) (10,10,1) (11,11,2) 
v0:
size: 12 1
(0,0,-0.228246) (1,0,0.0538331) (2,0,0) (3,0,-0.699832) (4,0,0.724704) (5,0,0) (6,0,-0.421459) (7,0,0.560849) (8,0,0) (9,0,-0.599697) (10,0,-0.182746) (11,0,0) 
ipopt_sol:
size: 3 1
(0,0,0.089201) (1,0,0.175658) (2,0,0.671893) 
policy_sol:
size: 3 1
(0,0,0.089201) (1,0,0.175658) (2,0,0.671893) 

policy_converges:
1
ipopt_converges:
0
