solve status: 0
N:
size: 12 3
(0,0,-0.0591657) (1,0,-0.998248) (3,0,0.0591657) (4,0,0.998248) (0,1,-0.715473) (1,1,-0.69864) (9,1,0.715473) (10,1,0.69864) (3,2,-0.997798) (4,2,-0.066332) (9,2,0.997798) (10,2,0.066332) 
Q:
size: 3 3
(0,0,2) (1,0,0.739748) (2,0,-0.125251) (0,1,0.739748) (1,1,2) (2,1,0.76024) (0,2,-0.125251) (1,2,0.76024) (2,2,2) 
Minv:
size: 12 12
(0,0,1) (1,1,1) (2,2,2) (3,3,1) (4,4,1) (5,5,2) (6,6,1) (7,7,1) (8,8,2) (9,9,1) (10,10,1) (11,11,2) 
v0:
size: 12 1
(0,0,-0.921151) (1,0,0.230458) (2,0,0) (3,0,0.231849) (4,0,-0.138046) (5,0,0) (6,0,-0.175083) (7,0,-0.762602) (8,0,0) (9,0,-0.234986) (10,0,-0.70094) (11,0,0) 
ipopt_sol:
size: 3 1
(0,0,0.332454) (1,0,0) (2,0,0.523965) 
policy_sol:
size: 3 1
(0,0,0.332454) (1,0,0) (2,0,0.523965) 

policy_converges:
1
ipopt_converges:
0
