solve status: 0
N:
size: 12 3
(0,0,0.0213472) (1,0,-0.999772) (3,0,-0.0213472) (4,0,0.999772) (3,1,-0.733909) (4,1,0.679247) (6,1,0.733909) (7,1,-0.679247) (6,2,-0.00856621) (7,2,-0.999963) (9,2,0.00856621) (10,2,0.999963) 
Q:
size: 3 3
(0,0,2) (1,0,0.69476) (0,1,0.69476) (1,1,2) (2,1,0.672936) (1,2,0.672936) (2,2,2) 
Minv:
size: 12 12
(0,0,1) (1,1,1) (2,2,2) (3,3,1) (4,4,1) (5,5,2) (6,6,1) (7,7,1) (8,8,2) (9,9,1) (10,10,1) (11,11,2) 
v0:
size: 12 1
(0,0,-0.516308) (1,0,0.193925) (2,0,0) (3,0,-0.04572) (4,0,-0.505032) (5,0,0) (6,0,0.112569) (7,0,0.328886) (8,0,0) (9,0,0.65336) (10,0,-0.710275) (11,0,0) 
ipopt_sol:
size: 3 1
(0,0,0.708844) (1,0,0) (2,0,1.03449) 
policy_sol:
size: 3 1
(0,0,0.708844) (1,0,0) (2,0,1.03449) 

policy_converges:
1
ipopt_converges:
0
