solve status: 0
N:
size: 12 4
(0,0,-0.999942) (1,0,0.0107873) (6,0,0.999942) (7,0,-0.0107873) (0,1,-0.707029) (1,1,-0.707184) (9,1,0.707029) (10,1,0.707184) (3,2,-0.697866) (4,2,0.716228) (6,2,0.697866) (7,2,-0.716228) (3,3,-0.999614) (4,3,0.0277813) (9,3,0.999614) (10,3,-0.0277813) 
Q:
size: 4 4
(0,0,2) (1,0,0.699359) (2,0,0.705552) (0,1,0.699359) (1,1,2) (3,1,0.68711) (0,2,0.705552) (2,2,2) (3,2,0.717495) (1,3,0.68711) (2,3,0.717495) (3,3,2) 
Minv:
size: 12 12
(0,0,1) (1,1,1) (2,2,2) (3,3,1) (4,4,1) (5,5,2) (6,6,1) (7,7,1) (8,8,2) (9,9,1) (10,10,1) (11,11,2) 
v0:
size: 12 1
(0,0,-0.078908) (1,0,0.299681) (2,0,0) (3,0,0.986667) (4,0,0.70799) (5,0,0) (6,0,-0.368616) (7,0,0.0675726) (8,0,0) (9,0,-0.58736) (10,0,0.731767) (11,0,0) 
ipopt_sol:
size: 4 1
(0,0,0.287187) (1,0,0) (2,0,0) (3,0,1.57408) 
policy_sol:
size: 4 1
(0,0,0.287187) (1,0,0) (2,0,0) (3,0,1.57408) 

policy_converges:
1
ipopt_converges:
0
