solve status: 0
N:
size: 12 5
(0,0,-0.998854) (1,0,0.0478631) (6,0,0.998854) (7,0,-0.0478631) (0,1,-0.699221) (1,1,-0.714906) (9,1,0.699221) (10,1,0.714906) (3,2,-0.697595) (4,2,0.716492) (6,2,0.697595) (7,2,-0.716492) (3,3,-0.996795) (4,3,-0.0799993) (9,3,0.996795) (10,3,0.0799993) (6,4,-0.0275182) (7,4,-0.999621) (9,4,0.0275182) (10,4,0.999621) 
Q:
size: 5 5
(0,0,2) (1,0,0.664202) (2,0,0.731089) (4,0,0.0203583) (0,1,0.664202) (1,1,2) (3,1,0.754171) (4,1,0.733877) (0,2,0.731089) (2,2,2) (3,2,0.63804) (4,2,0.697024) (1,3,0.754171) (2,3,0.63804) (3,3,2) (4,3,0.107399) (0,4,0.0203583) (1,4,0.733877) (2,4,0.697024) (3,4,0.107399) (4,4,2) 
Minv:
size: 12 12
(0,0,1) (1,1,1) (2,2,2) (3,3,1) (4,4,1) (5,5,2) (6,6,1) (7,7,1) (8,8,2) (9,9,1) (10,10,1) (11,11,2) 
v0:
size: 12 1
(0,0,-0.580873) (1,0,-0.688538) (2,0,0) (3,0,-0.100104) (4,0,-0.548662) (5,0,0) (6,0,-0.568579) (7,0,-0.334131) (8,0,0) (9,0,-0.942475) (10,0,-0.737007) (11,0,0) 
ipopt_sol:
size: 5 1
(0,0,0) (1,0,0) (2,0,0.108909) (3,0,0.802167) (4,0,0.33198) 
policy_sol:
size: 5 1
(0,0,0) (1,0,0) (2,0,0.108909) (3,0,0.802167) (4,0,0.33198) 

policy_converges:
1
ipopt_converges:
0
