N:
size: 12 1
(6,0,0.0487922) (7,0,-0.998809) (9,0,-0.0487922) (10,0,0.998809) 
Q:
size: 1 1
(0,0,2) 
Minv:
size: 12 12
(0,0,1) (1,1,1) (2,2,2) (3,3,1) (4,4,1) (5,5,2) (6,6,1) (7,7,1) (8,8,2) (9,9,1) (10,10,1) (11,11,2) 
v0:
size: 12 1
(0,0,-0.130938) (1,0,-0.854516) (2,0,0) (3,0,0.49972) (4,0,0.817088) (5,0,0) (6,0,0.525544) (7,0,-0.28132) (8,0,0) (9,0,0.871875) (10,0,-0.586565) (11,0,0) 
ipopt_sol:
size: 1 1
(0,0,0.32178) 
policy_sol:
size: 1 1
(0,0,0.32178) 

policy_converges:
1
ipopt_converges:
1
