solve status: 0
N:
size: 12 3
(0,0,-0.996653) (1,0,0.0817505) (6,0,0.996653) (7,0,-0.0817505) (3,1,-0.686861) (4,1,0.726789) (6,1,0.686861) (7,1,-0.726789) (6,2,-0.0211224) (7,2,-0.999777) (9,2,0.0211224) (10,2,0.999777) 
Q:
size: 3 3
(0,0,2) (1,0,0.743977) (2,0,0.0606805) (0,1,0.743977) (1,1,2) (2,1,0.712118) (0,2,0.0606805) (1,2,0.712118) (2,2,2) 
Minv:
size: 12 12
(0,0,1) (1,1,1) (2,2,2) (3,3,1) (4,4,1) (5,5,2) (6,6,1) (7,7,1) (8,8,2) (9,9,1) (10,10,1) (11,11,2) 
v0:
size: 12 1
(0,0,0.586161) (1,0,-0.225436) (2,0,0) (3,0,-0.825607) (4,0,-0.034227) (5,0,0) (6,0,-0.114019) (7,0,0.724093) (8,0,0) (9,0,0.471026) (10,0,0.0677181) (11,0,0) 
ipopt_sol:
size: 3 1
(0,0,0.756622) (1,0,0) (2,0,0.620914) 
policy_sol:
size: 3 1
(0,0,0.756622) (1,0,0) (2,0,0.620914) 

policy_converges:
1
ipopt_converges:
0
