solve status: 0
N:
size: 12 3
(0,0,0.0245474) (1,0,-0.999699) (3,0,-0.0245474) (4,0,0.999699) (3,1,-0.675718) (4,1,0.73716) (6,1,0.675718) (7,1,-0.73716) (3,2,-0.99968) (4,2,-0.0253158) (9,2,0.99968) (10,2,0.0253158) 
Q:
size: 3 3
(0,0,2) (1,0,0.753525) (2,0,-0.000768555) (0,1,0.753525) (1,1,2) (2,1,0.65684) (0,2,-0.000768555) (1,2,0.65684) (2,2,2) 
Minv:
size: 12 12
(0,0,1) (1,1,1) (2,2,2) (3,3,1) (4,4,1) (5,5,2) (6,6,1) (7,7,1) (8,8,2) (9,9,1) (10,10,1) (11,11,2) 
v0:
size: 12 1
(0,0,-0.294748) (1,0,0.112774) (2,0,0) (3,0,0.823307) (4,0,-0.55862) (5,0,0) (6,0,-0.10917) (7,0,-0.0516448) (8,0,0) (9,0,0.776966) (10,0,0.314026) (11,0,0) 
ipopt_sol:
size: 3 1
(0,0,0.373449) (1,0,0.863112) (2,0,0) 
policy_sol:
size: 3 1
(0,0,0.373449) (1,0,0.863112) (2,0,0) 

policy_converges:
1
ipopt_converges:
0
