N:
size: 12 4
(0,0,-0.999971) (1,0,0.0075748) (6,0,0.999971) (7,0,-0.0075748) (3,1,-0.723655) (4,1,0.690162) (6,1,0.723655) (7,1,-0.690162) (3,2,-0.999899) (4,2,0.0141991) (9,2,0.999899) (10,2,-0.0141991) (6,3,0.0619237) (7,3,-0.998081) (9,3,-0.0619237) (10,3,0.998081) 
Q:
size: 4 4
(0,0,2) (1,0,0.728862) (3,0,0.0694822) (0,1,0.728862) (1,1,2) (2,1,0.733382) (3,1,0.733649) (1,2,0.733382) (2,2,2) (3,2,-0.0760893) (0,3,0.0694822) (1,3,0.733649) (2,3,-0.0760893) (3,3,2) 
Minv:
size: 12 12
(0,0,1) (1,1,1) (2,2,2) (3,3,1) (4,4,1) (5,5,2) (6,6,1) (7,7,1) (8,8,2) (9,9,1) (10,10,1) (11,11,2) 
v0:
size: 12 1
(0,0,0.439165) (1,0,-0.905633) (2,0,0) (3,0,0.779138) (4,0,-0.738609) (5,0,0) (6,0,-0.712816) (7,0,0.879768) (8,0,0) (9,0,0.0972278) (10,0,0.185106) (11,0,0) 
ipopt_sol:
size: 4 1
(0,0,0.420857) (1,0,2.04323) (2,0,8.18225e-07) (3,0,4.53597e-06) 
policy_sol:
size: 4 1
(0,0,0.420856) (1,0,2.04323) (2,0,0) (3,0,0) 

policy_converges:
1
ipopt_converges:
0
