N:
size: 12 5
(0,0,0.0170248) (1,0,-0.999855) (3,0,-0.0170248) (4,0,0.999855) (0,1,-0.999164) (1,1,-0.0408799) (6,1,0.999164) (7,1,0.0408799) (0,2,-0.706334) (1,2,-0.707878) (9,2,0.706334) (10,2,0.707878) (3,3,-0.741158) (4,3,0.67133) (6,3,0.741158) (7,3,-0.67133) (3,4,-0.99999) (4,4,-0.0044141) (9,4,0.99999) (10,4,0.0044141) 
Q:
size: 5 5
(0,0,2) (1,0,0.0238635) (2,0,0.695751) (3,0,0.683851) (4,0,0.0126112) (0,1,0.0238635) (1,1,2) (2,1,0.734682) (3,1,0.713095) (0,2,0.695751) (1,2,0.734682) (2,2,2) (4,2,0.709452) (0,3,0.683851) (1,3,0.713095) (3,3,2) (4,3,0.738188) (0,4,0.0126112) (2,4,0.709452) (3,4,0.738188) (4,4,2) 
Minv:
size: 12 12
(0,0,1) (1,1,1) (2,2,2) (3,3,1) (4,4,1) (5,5,2) (6,6,1) (7,7,1) (8,8,2) (9,9,1) (10,10,1) (11,11,2) 
v0:
size: 12 1
(0,0,0.238456) (1,0,0.997181) (2,0,0) (3,0,0.380079) (4,0,-0.246438) (5,0,0) (6,0,-0.422046) (7,0,-0.889255) (8,0,0) (9,0,-0.828911) (10,0,-0.525344) (11,0,0) 
ipopt_sol:
size: 5 1
(0,0,0.839411) (1,0,0.307062) (2,0,1.14332) (3,0,7.6005e-08) (4,0,0.799349) 
policy_sol:
size: 5 1
(0,0,0.839411) (1,0,0.307062) (2,0,1.14332) (3,0,0) (4,0,0.799349) 

policy_converges:
1
ipopt_converges:
1
