solve status: 0
N:
size: 12 5
(0,0,-0.0357087) (1,0,-0.999362) (3,0,0.0357087) (4,0,0.999362) (0,1,-0.996362) (1,1,-0.0852208) (6,1,0.996362) (7,1,0.0852208) (0,2,-0.69296) (1,2,-0.720976) (9,2,0.69296) (10,2,0.720976) (3,3,-0.71891) (4,3,0.695104) (6,3,0.71891) (7,3,-0.695104) (6,4,0.0462973) (7,4,-0.998928) (9,4,-0.0462973) (10,4,0.998928) 
Q:
size: 5 5
(0,0,2) (1,0,0.120745) (2,0,0.745261) (3,0,0.668989) (0,1,0.120745) (1,1,2) (2,1,0.751882) (3,1,0.657057) (4,1,-0.0390005) (0,2,0.745261) (1,2,0.751882) (2,2,2) (4,2,0.68812) (0,3,0.668989) (1,3,0.657057) (3,3,2) (4,3,0.727642) (1,4,-0.0390005) (2,4,0.68812) (3,4,0.727642) (4,4,2) 
Minv:
size: 12 12
(0,0,1) (1,1,1) (2,2,2) (3,3,1) (4,4,1) (5,5,2) (6,6,1) (7,7,1) (8,8,2) (9,9,1) (10,10,1) (11,11,2) 
v0:
size: 12 1
(0,0,0.652593) (1,0,-0.552673) (2,0,0) (3,0,-0.588713) (4,0,-0.804296) (5,0,0) (6,0,-0.117965) (7,0,0.393738) (8,0,0) (9,0,0.608588) (10,0,-0.76078) (11,0,0) 
ipopt_sol:
size: 5 1
(0,0,0.253817) (1,0,0.695186) (2,0,0) (3,0,0) (4,0,1.20047) 
policy_sol:
size: 5 1
(0,0,0.253817) (1,0,0.695186) (2,0,0) (3,0,0) (4,0,1.20047) 

policy_converges:
1
ipopt_converges:
0
