N:
size: 12 5
(0,0,-0.0680173) (1,0,-0.997684) (3,0,0.0680173) (4,0,0.997684) (0,1,-0.99894) (1,1,-0.0460266) (6,1,0.99894) (7,1,0.0460266) (0,2,-0.713972) (1,2,-0.700174) (9,2,0.713972) (10,2,0.700174) (3,3,-0.692919) (4,3,0.721015) (6,3,0.692919) (7,3,-0.721015) (6,4,0.0389243) (7,4,-0.999242) (9,4,-0.0389243) (10,4,0.999242) 
Q:
size: 5 5
(0,0,2) (1,0,0.113865) (2,0,0.747115) (3,0,0.672215) (0,1,0.113865) (1,1,2) (2,1,0.745442) (3,1,0.658999) (4,1,-0.00710871) (0,2,0.747115) (1,2,0.745442) (2,2,2) (4,2,0.671852) (0,3,0.672215) (1,3,0.658999) (3,3,2) (4,3,0.74744) (1,4,-0.00710871) (2,4,0.671852) (3,4,0.74744) (4,4,2) 
Minv:
size: 12 12
(0,0,1) (1,1,1) (2,2,2) (3,3,1) (4,4,1) (5,5,2) (6,6,1) (7,7,1) (8,8,2) (9,9,1) (10,10,1) (11,11,2) 
v0:
size: 12 1
(0,0,0.170156) (1,0,0.445169) (2,0,0) (3,0,-0.388484) (4,0,-0.287572) (5,0,0) (6,0,-0.568736) (7,0,-0.127198) (8,0,0) (9,0,0.209709) (10,0,-0.478385) (11,0,0) 
ipopt_sol:
size: 5 1
(0,0,0.7278) (1,0,0.724382) (2,0,8.61411e-07) (3,0,1.07678e-07) (4,0,0.383796) 
policy_sol:
size: 5 1
(0,0,0.727801) (1,0,0.724382) (2,0,0) (3,0,0) (4,0,0.383796) 

policy_converges:
1
ipopt_converges:
1
