N:
size: 12 5
(0,0,-0.998359) (1,0,-0.0572722) (6,0,0.998359) (7,0,0.0572722) (0,1,-0.684104) (1,1,-0.729384) (9,1,0.684104) (10,1,0.729384) (3,2,-0.692149) (4,2,0.721755) (6,2,0.692149) (7,2,-0.721755) (3,3,-0.9986) (4,3,0.0528993) (9,3,0.9986) (10,3,-0.0528993) (6,4,0.0823305) (7,4,-0.996605) (9,4,-0.0823305) (10,4,0.996605) 
Q:
size: 5 5
(0,0,2) (1,0,0.724755) (2,0,0.649677) (4,0,0.0251176) (0,1,0.724755) (1,1,2) (3,1,0.644562) (4,1,0.670585) (0,2,0.649677) (2,2,2) (3,2,0.72936) (4,2,0.776289) (1,3,0.644562) (2,3,0.72936) (3,3,2) (4,3,-0.134935) (0,4,0.0251176) (1,4,0.670585) (2,4,0.776289) (3,4,-0.134935) (4,4,2) 
Minv:
size: 12 12
(0,0,1) (1,1,1) (2,2,2) (3,3,1) (4,4,1) (5,5,2) (6,6,1) (7,7,1) (8,8,2) (9,9,1) (10,10,1) (11,11,2) 
v0:
size: 12 1
(0,0,0.589037) (1,0,-0.143619) (2,0,0) (3,0,0.700272) (4,0,-0.140252) (5,0,0) (6,0,0.144829) (7,0,0.213786) (8,0,0) (9,0,-0.405148) (10,0,-0.135591) (11,0,0) 
ipopt_sol:
size: 5 1
(0,0,0.399651) (1,0,0.0521415) (2,0,1.35845e-06) (3,0,1.11129) (4,0,0.355385) 
policy_sol:
size: 5 1
(0,0,0.399652) (1,0,0.0521394) (2,0,0) (3,0,1.11129) (4,0,0.355386) 

policy_converges:
1
ipopt_converges:
0
