solve status: 0
N:
size: 12 4
(0,0,-0.998587) (1,0,0.0531502) (6,0,0.998587) (7,0,-0.0531502) (3,1,-0.683581) (4,1,0.729875) (6,1,0.683581) (7,1,-0.729875) (3,2,-0.999987) (4,2,-0.00515678) (9,2,0.999987) (10,2,0.00515678) (6,3,0.0169112) (7,3,-0.999857) (9,3,-0.0169112) (10,3,0.999857) 
Q:
size: 4 4
(0,0,2) (1,0,0.721408) (3,0,0.0700299) (0,1,0.721408) (1,1,2) (2,1,0.679808) (3,1,0.74133) (1,2,0.679808) (2,2,2) (3,2,-0.0117549) (0,3,0.0700299) (1,3,0.74133) (2,3,-0.0117549) (3,3,2) 
Minv:
size: 12 12
(0,0,1) (1,1,1) (2,2,2) (3,3,1) (4,4,1) (5,5,2) (6,6,1) (7,7,1) (8,8,2) (9,9,1) (10,10,1) (11,11,2) 
v0:
size: 12 1
(0,0,-0.288934) (1,0,-0.751506) (2,0,0) (3,0,-0.142755) (4,0,0.381554) (5,0,0) (6,0,-0.31333) (7,0,0.935794) (8,0,0) (9,0,-0.665744) (10,0,0.78172) (11,0,0) 
ipopt_sol:
size: 4 1
(0,0,0) (1,0,0.385919) (2,0,0.389786) (3,0,0.00733691) 
policy_sol:
size: 4 1
(0,0,0) (1,0,0.385919) (2,0,0.389786) (3,0,0.0073369) 

policy_converges:
1
ipopt_converges:
0
