N:
size: 12 6
(0,0,-0.00654775) (1,0,-0.999979) (3,0,0.00654775) (4,0,0.999979) (0,1,-1) (1,1,0.000745907) (6,1,1) (7,1,-0.000745907) (0,2,-0.684859) (1,2,-0.728676) (9,2,0.684859) (10,2,0.728676) (3,3,-0.687245) (4,3,0.726426) (6,3,0.687245) (7,3,-0.726426) (3,4,-0.999399) (4,4,-0.0346629) (9,4,0.999399) (10,4,0.0346629) (6,5,-0.0174351) (7,5,-0.999848) (9,5,0.0174351) (10,5,0.999848) 
Q:
size: 6 6
(0,0,2) (1,0,0.00580186) (2,0,0.733144) (3,0,0.72191) (4,0,-0.041206) (0,1,0.00580186) (1,1,2) (2,1,0.684315) (3,1,0.687787) (5,1,-0.0166893) (0,2,0.733144) (1,2,0.684315) (2,2,2) (4,2,0.709706) (5,2,0.740505) (0,3,0.72191) (1,3,0.687787) (3,3,2) (4,3,0.661652) (5,3,0.714333) (0,4,-0.041206) (2,4,0.709706) (3,4,0.661652) (4,4,2) (5,4,0.0520823) (1,5,-0.0166893) (2,5,0.740505) (3,5,0.714333) (4,5,0.0520823) (5,5,2) 
Minv:
size: 12 12
(0,0,1) (1,1,1) (2,2,2) (3,3,1) (4,4,1) (5,5,2) (6,6,1) (7,7,1) (8,8,2) (9,9,1) (10,10,1) (11,11,2) 
v0:
size: 12 1
(0,0,0.119465) (1,0,-0.0068671) (2,0,0) (3,0,0.904475) (4,0,-0.671113) (5,0,0) (6,0,-0.88413) (7,0,0.756792) (8,0,0) (9,0,-0.106859) (10,0,-0.0293403) (11,0,0) 
ipopt_sol:
size: 6 1
(0,0,6.00927e-07) (1,0,0.300146) (2,0,8.42444e-07) (3,0,2.04806) (4,0,0.310008) (5,0,0.0353956) 
policy_sol:
size: 6 1
(0,0,0) (1,0,0.300146) (2,0,0) (3,0,2.04806) (4,0,0.310008) (5,0,0.0353943) 

policy_converges:
1
ipopt_converges:
0
