N:
size: 12 2
(0,0,-0.999519) (1,0,-0.0310103) (6,0,0.999519) (7,0,0.0310103) (6,1,-0.00695825) (7,1,-0.999976) (9,1,0.00695825) (10,1,0.999976) 
Q:
size: 2 2
(0,0,2) (1,0,-0.0379645) (0,1,-0.0379645) (1,1,2) 
Minv:
size: 12 12
(0,0,1) (1,1,1) (2,2,2) (3,3,1) (4,4,1) (5,5,2) (6,6,1) (7,7,1) (8,8,2) (9,9,1) (10,10,1) (11,11,2) 
v0:
size: 12 1
(0,0,0.793264) (1,0,-0.932444) (2,0,0) (3,0,0.321359) (4,0,0.173727) (5,0,0) (6,0,0.691215) (7,0,0.143122) (8,0,0) (9,0,0.972888) (10,0,-0.02074) (11,0,0) 
ipopt_sol:
size: 2 1
(0,0,0.0717459) (1,0,0.163261) 
policy_sol:
size: 2 1
(0,0,0.0717452) (1,0,0.16326) 

policy_converges:
1
ipopt_converges:
0
