N:
size: 12 5
(0,0,-0.999981) (1,0,0.00609135) (6,0,0.999981) (7,0,-0.00609135) (0,1,-0.670795) (1,1,-0.741643) (9,1,0.670795) (10,1,0.741643) (3,2,-0.695539) (4,2,0.718488) (6,2,0.695539) (7,2,-0.718488) (3,3,-0.999884) (4,3,-0.0152364) (9,3,0.999884) (10,3,0.0152364) (6,4,0.035794) (7,4,-0.999359) (9,4,-0.035794) (10,4,0.999359) 
Q:
size: 5 5
(0,0,2) (1,0,0.666265) (2,0,0.699903) (4,0,0.0418808) (0,1,0.666265) (1,1,2) (3,1,0.682017) (4,1,0.717157) (0,2,0.699903) (2,2,2) (3,2,0.684511) (4,2,0.742924) (1,3,0.682017) (2,3,0.684511) (3,3,2) (4,3,-0.0205632) (0,4,0.0418808) (1,4,0.717157) (2,4,0.742924) (3,4,-0.0205632) (4,4,2) 
Minv:
size: 12 12
(0,0,1) (1,1,1) (2,2,2) (3,3,1) (4,4,1) (5,5,2) (6,6,1) (7,7,1) (8,8,2) (9,9,1) (10,10,1) (11,11,2) 
v0:
size: 12 1
(0,0,0.784776) (1,0,-0.570648) (2,0,0) (3,0,0.0342735) (4,0,-0.480679) (5,0,0) (6,0,-0.885372) (7,0,0.802486) (8,0,0) (9,0,0.0175666) (10,0,-0.689499) (11,0,0) 
ipopt_sol:
size: 5 1
(0,0,1.44874) (1,0,1.24911e-07) (2,0,0.580037) (3,0,2.77688e-07) (4,0,1.27755) 
policy_sol:
size: 5 1
(0,0,1.44874) (1,0,0) (2,0,0.580037) (3,0,0) (4,0,1.27755) 

policy_converges:
1
ipopt_converges:
1
