solve status: 0
N:
size: 12 3
(3,0,-0.706668) (4,0,0.707545) (6,0,0.706668) (7,0,-0.707545) (3,1,-0.99991) (4,1,-0.0134479) (9,1,0.99991) (10,1,0.0134479) (6,2,0.0902204) (7,2,-0.995922) (9,2,-0.0902204) (10,2,0.995922) 
Q:
size: 3 3
(0,0,2) (1,0,0.697089) (2,0,0.768416) (0,1,0.697089) (1,1,2) (2,1,-0.0768192) (0,2,0.768416) (1,2,-0.0768192) (2,2,2) 
Minv:
size: 12 12
(0,0,1) (1,1,1) (2,2,2) (3,3,1) (4,4,1) (5,5,2) (6,6,1) (7,7,1) (8,8,2) (9,9,1) (10,10,1) (11,11,2) 
v0:
size: 12 1
(0,0,-0.922465) (1,0,0.101243) (2,0,0) (3,0,0.697182) (4,0,0.973485) (5,0,0) (6,0,-0.528894) (7,0,0.193613) (8,0,0) (9,0,-0.163982) (10,0,-0.513921) (11,0,0) 
ipopt_sol:
size: 3 1
(0,0,0) (1,0,0.910762) (2,0,0.772552) 
policy_sol:
size: 3 1
(0,0,0) (1,0,0.910762) (2,0,0.772552) 

policy_converges:
1
ipopt_converges:
0
