N:
size: 12 2
(0,0,-0.997269) (1,0,-0.0738528) (6,0,0.997269) (7,0,0.0738528) (3,1,-0.999845) (4,1,-0.0175847) (9,1,0.999845) (10,1,0.0175847) 
Q:
size: 2 2
(0,0,2) (1,1,2) 
Minv:
size: 12 12
(0,0,1) (1,1,1) (2,2,2) (3,3,1) (4,4,1) (5,5,2) (6,6,1) (7,7,1) (8,8,2) (9,9,1) (10,10,1) (11,11,2) 
v0:
size: 12 1
(0,0,0.0755328) (1,0,-0.853527) (2,0,0) (3,0,0.028748) (4,0,0.740058) (5,0,0) (6,0,-0.590446) (7,0,-0.939455) (8,0,0) (9,0,-0.852751) (10,0,0.437195) (11,0,0) 
ipopt_sol:
size: 2 1
(0,0,0.670506) (1,0,0.886688) 
policy_sol:
size: 2 1
(0,0,0.670506) (1,0,0.886688) 

policy_converges:
1
ipopt_converges:
1
