N:
size: 12 2
(0,0,-0.999964) (1,0,0.00843692) (6,0,0.999964) (7,0,-0.00843692) (3,1,-0.99995) (4,1,-0.00999079) (9,1,0.99995) (10,1,0.00999079) 
Q:
size: 2 2
(0,0,2) (1,1,2) 
Minv:
size: 12 12
(0,0,1) (1,1,1) (2,2,2) (3,3,1) (4,4,1) (5,5,2) (6,6,1) (7,7,1) (8,8,2) (9,9,1) (10,10,1) (11,11,2) 
v0:
size: 12 1
(0,0,0.663133) (1,0,-0.746807) (2,0,0) (3,0,0.428245) (4,0,0.594983) (5,0,0) (6,0,0.133579) (7,0,-0.492709) (8,0,0) (9,0,0.198579) (10,0,0.714412) (11,0,0) 
ipopt_sol:
size: 2 1
(0,0,0.531679) (1,0,0.228461) 
policy_sol:
size: 2 1
(0,0,0.531679) (1,0,0.228461) 

policy_converges:
1
ipopt_converges:
1
