N:
size: 12 4
(0,0,-0.0348236) (1,0,-0.999393) (3,0,0.0348236) (4,0,0.999393) (0,1,-0.998009) (1,1,-0.0630787) (6,1,0.998009) (7,1,0.0630787) (0,2,-0.704994) (1,2,-0.709213) (9,2,0.704994) (10,2,0.709213) (6,3,-0.0637805) (7,3,-0.997964) (9,3,0.0637805) (10,3,0.997964) 
Q:
size: 4 4
(0,0,2) (1,0,0.0977946) (2,0,0.733333) (0,1,0.0977946) (1,1,2) (2,1,0.748326) (3,1,-0.126604) (0,2,0.733333) (1,2,0.748326) (2,2,2) (3,2,0.752734) (1,3,-0.126604) (2,3,0.752734) (3,3,2) 
Minv:
size: 12 12
(0,0,1) (1,1,1) (2,2,2) (3,3,1) (4,4,1) (5,5,2) (6,6,1) (7,7,1) (8,8,2) (9,9,1) (10,10,1) (11,11,2) 
v0:
size: 12 1
(0,0,0.803414) (1,0,0.799968) (2,0,0) (3,0,-0.90802) (4,0,-0.363951) (5,0,0) (6,0,0.455153) (7,0,-0.113127) (8,0,0) (9,0,-0.401022) (10,0,-0.209182) (11,0,0) 
ipopt_sol:
size: 4 1
(0,0,0.749857) (1,0,3.88749e-07) (2,0,1.28988) (3,0,1.25689e-07) 
policy_sol:
size: 4 1
(0,0,0.749857) (1,0,0) (2,0,1.28988) (3,0,0) 

policy_converges:
1
ipopt_converges:
1
