solve status: 0
N:
size: 12 5
(0,0,0.023088) (1,0,-0.999733) (3,0,-0.023088) (4,0,0.999733) (0,1,-0.685445) (1,1,-0.728124) (9,1,0.685445) (10,1,0.728124) (3,2,-0.694452) (4,2,0.719539) (6,2,0.694452) (7,2,-0.719539) (3,3,-0.996096) (4,3,0.0882724) (9,3,0.996096) (10,3,-0.0882724) (6,4,0.0458466) (7,4,-0.998948) (9,4,-0.0458466) (10,4,0.998948) 
Q:
size: 5 5
(0,0,2) (1,0,0.712105) (2,0,0.73538) (3,0,0.111247) (0,1,0.712105) (1,1,2) (3,1,0.618496) (4,1,0.695934) (0,2,0.73538) (2,2,2) (3,2,0.755257) (4,2,0.75062) (0,3,0.111247) (1,3,0.618496) (2,3,0.755257) (3,3,2) (4,3,-0.133847) (1,4,0.695934) (2,4,0.75062) (3,4,-0.133847) (4,4,2) 
Minv:
size: 12 12
(0,0,1) (1,1,1) (2,2,2) (3,3,1) (4,4,1) (5,5,2) (6,6,1) (7,7,1) (8,8,2) (9,9,1) (10,10,1) (11,11,2) 
v0:
size: 12 1
(0,0,-0.811652) (1,0,0.620571) (2,0,0) (3,0,0.508258) (4,0,-0.931893) (5,0,0) (6,0,-0.713183) (7,0,0.708782) (8,0,0) (9,0,-0.207197) (10,0,-0.150176) (11,0,0) 
ipopt_sol:
size: 5 1
(0,0,1.04424) (1,0,0) (2,0,1.43272) (3,0,0.206462) (4,0,0.357356) 
policy_sol:
size: 5 1
(0,0,1.04424) (1,0,0) (2,0,1.43272) (3,0,0.206462) (4,0,0.357356) 

policy_converges:
1
ipopt_converges:
0
