N:
size: 12 3
(0,0,-0.0141424) (1,0,-0.9999) (3,0,0.0141424) (4,0,0.9999) (3,1,-0.667381) (4,1,0.744717) (6,1,0.667381) (7,1,-0.744717) (3,2,-0.99943) (4,2,0.0337552) (9,2,0.99943) (10,2,-0.0337552) 
Q:
size: 3 3
(0,0,2) (1,0,0.735204) (2,0,0.0196174) (0,1,0.735204) (1,1,2) (2,1,0.692138) (0,2,0.0196174) (1,2,0.692138) (2,2,2) 
Minv:
size: 12 12
(0,0,1) (1,1,1) (2,2,2) (3,3,1) (4,4,1) (5,5,2) (6,6,1) (7,7,1) (8,8,2) (9,9,1) (10,10,1) (11,11,2) 
v0:
size: 12 1
(0,0,-0.27281) (1,0,-0.714269) (2,0,0) (3,0,0.810391) (4,0,-0.833412) (5,0,0) (6,0,0.400803) (7,0,0.739754) (8,0,0) (9,0,-0.980757) (10,0,0.879927) (11,0,0) 
ipopt_sol:
size: 3 1
(0,0,1.73712e-07) (1,0,0.914972) (2,0,1.53132) 
policy_sol:
size: 3 1
(0,0,0) (1,0,0.914973) (2,0,1.53132) 

policy_converges:
1
ipopt_converges:
1
