N:
size: 12 3
(0,0,-0.999999) (1,0,-0.00124563) (6,0,0.999999) (7,0,0.00124563) (0,1,-0.702667) (1,1,-0.711519) (9,1,0.702667) (10,1,0.711519) (3,2,-0.999979) (4,2,0.00655539) (9,2,0.999979) (10,2,-0.00655539) 
Q:
size: 3 3
(0,0,2) (1,0,0.703553) (0,1,0.703553) (1,1,2) (2,1,0.697987) (1,2,0.697987) (2,2,2) 
Minv:
size: 12 12
(0,0,1) (1,1,1) (2,2,2) (3,3,1) (4,4,1) (5,5,2) (6,6,1) (7,7,1) (8,8,2) (9,9,1) (10,10,1) (11,11,2) 
v0:
size: 12 1
(0,0,0.629128) (1,0,0.43455) (2,0,0) (3,0,0.245802) (4,0,0.743635) (5,0,0) (6,0,-0.765583) (7,0,-0.993812) (8,0,0) (9,0,-0.329744) (10,0,0.859201) (11,0,0) 
ipopt_sol:
size: 3 1
(0,0,1.39649) (1,0,1.31742e-07) (2,0,0.576292) 
policy_sol:
size: 3 1
(0,0,1.39649) (1,0,0) (2,0,0.576292) 

policy_converges:
1
ipopt_converges:
1
