solve status: 0
N:
size: 12 3
(0,0,-0.0290059) (1,0,-0.999579) (3,0,0.0290059) (4,0,0.999579) (0,1,-0.999477) (1,1,0.0323315) (6,1,0.999477) (7,1,-0.0323315) (3,2,-0.699865) (4,2,0.714275) (6,2,0.699865) (7,2,-0.714275) 
Q:
size: 3 3
(0,0,2) (1,0,-0.00332708) (2,0,0.693674) (0,1,-0.00332708) (1,1,2) (2,1,0.722593) (0,2,0.693674) (1,2,0.722593) (2,2,2) 
Minv:
size: 12 12
(0,0,1) (1,1,1) (2,2,2) (3,3,1) (4,4,1) (5,5,2) (6,6,1) (7,7,1) (8,8,2) (9,9,1) (10,10,1) (11,11,2) 
v0:
size: 12 1
(0,0,-0.580303) (1,0,0.549719) (2,0,0) (3,0,0.0300335) (4,0,0.0888301) (5,0,0) (6,0,-0.711927) (7,0,-0.246857) (8,0,0) (9,0,0.290085) (10,0,0.199105) (11,0,0) 
ipopt_sol:
size: 3 1
(0,0,0.402659) (1,0,0.0643456) (2,0,0.116594) 
policy_sol:
size: 3 1
(0,0,0.402659) (1,0,0.0643456) (2,0,0.116594) 

policy_converges:
1
ipopt_converges:
0
