N:
size: 12 2
(0,0,-0.697168) (1,0,-0.716908) (9,0,0.697168) (10,0,0.716908) (3,1,-0.996295) (4,1,0.0860053) (9,1,0.996295) (10,1,-0.0860053) 
Q:
size: 2 2
(0,0,2) (1,0,0.632927) (0,1,0.632927) (1,1,2) 
Minv:
size: 12 12
(0,0,1) (1,1,1) (2,2,2) (3,3,1) (4,4,1) (5,5,2) (6,6,1) (7,7,1) (8,8,2) (9,9,1) (10,10,1) (11,11,2) 
v0:
size: 12 1
(0,0,0.109317) (1,0,0.475514) (2,0,0) (3,0,0.684515) (4,0,0.676533) (5,0,0) (6,0,0.934471) (7,0,-0.831712) (8,0,0) (9,0,0.279955) (10,0,-0.273141) (11,0,0) 
ipopt_sol:
size: 2 1
(0,0,0.351222) (1,0,0.210235) 
policy_sol:
size: 2 1
(0,0,0.351222) (1,0,0.210235) 

policy_converges:
1
ipopt_converges:
1
