solve status: 0
N:
size: 12 4
(0,0,-0.0469139) (1,0,-0.998899) (3,0,0.0469139) (4,0,0.998899) (0,1,-0.997622) (1,1,-0.0689179) (6,1,0.997622) (7,1,0.0689179) (3,2,-0.701325) (4,2,0.712841) (6,2,0.701325) (7,2,-0.712841) (6,3,0.0176162) (7,3,-0.999845) (9,3,-0.0176162) (10,3,0.999845) 
Q:
size: 4 4
(0,0,2) (1,0,0.115644) (2,0,0.679154) (0,1,0.115644) (1,1,2) (2,1,0.65053) (3,1,-0.0513329) (0,2,0.679154) (1,2,0.65053) (2,2,2) (3,2,0.725085) (1,3,-0.0513329) (2,3,0.725085) (3,3,2) 
Minv:
size: 12 12
(0,0,1) (1,1,1) (2,2,2) (3,3,1) (4,4,1) (5,5,2) (6,6,1) (7,7,1) (8,8,2) (9,9,1) (10,10,1) (11,11,2) 
v0:
size: 12 1
(0,0,-0.419465) (1,0,0.128332) (2,0,0) (3,0,-0.960961) (4,0,-0.944462) (5,0,0) (6,0,-0.604211) (7,0,0.126901) (8,0,0) (9,0,0.029771) (10,0,0.0768594) (11,0,0) 
ipopt_sol:
size: 4 1
(0,0,1.05055) (1,0,0.0843111) (2,0,0.122471) (3,0,0.0189655) 
policy_sol:
size: 4 1
(0,0,1.05055) (1,0,0.0843111) (2,0,0.122471) (3,0,0.0189655) 

policy_converges:
1
ipopt_converges:
0
