solve status: 0
N:
size: 12 1
(0,0,-0.998804) (1,0,0.0488932) (6,0,0.998804) (7,0,-0.0488932) 
Q:
size: 1 1
(0,0,2) 
Minv:
size: 12 12
(0,0,1) (1,1,1) (2,2,2) (3,3,1) (4,4,1) (5,5,2) (6,6,1) (7,7,1) (8,8,2) (9,9,1) (10,10,1) (11,11,2) 
v0:
size: 12 1
(0,0,0.723451) (1,0,-0.619457) (2,0,0) (3,0,-0.699788) (4,0,0.594608) (5,0,0) (6,0,-0.59023) (7,0,-0.872757) (8,0,0) (9,0,0.699135) (10,0,0.0302462) (11,0,0) 
ipopt_sol:
size: 1 1
(0,0,1.29973) 
policy_sol:
size: 1 1
(0,0,1.29973) 

policy_converges:
1
ipopt_converges:
1
