N:
size: 12 3
(0,0,-0.720933) (1,0,-0.693005) (9,0,0.720933) (10,0,0.693005) (3,1,-0.99931) (4,1,0.0371335) (9,1,0.99931) (10,1,-0.0371335) (6,2,-0.0540905) (7,2,-0.998536) (9,2,0.0540905) (10,2,0.998536) 
Q:
size: 3 3
(0,0,2) (1,0,0.694702) (2,0,0.730986) (0,1,0.694702) (1,1,2) (2,1,0.016974) (0,2,0.730986) (1,2,0.016974) (2,2,2) 
Minv:
size: 12 12
(0,0,1) (1,1,1) (2,2,2) (3,3,1) (4,4,1) (5,5,2) (6,6,1) (7,7,1) (8,8,2) (9,9,1) (10,10,1) (11,11,2) 
v0:
size: 12 1
(0,0,-0.178887) (1,0,-0.798925) (2,0,0) (3,0,0.230019) (4,0,0.60826) (5,0,0) (6,0,-0.00746262) (7,0,-0.589776) (8,0,0) (9,0,-0.695684) (10,0,-0.683173) (11,0,0) 
ipopt_sol:
size: 3 1
(0,0,7.92718e-07) (1,0,0.876065) (2,0,0.123051) 
policy_sol:
size: 3 1
(0,0,0) (1,0,0.876065) (2,0,0.123051) 

policy_converges:
1
ipopt_converges:
0
