N:
size: 12 4
(0,0,-0.999852) (1,0,0.017188) (6,0,0.999852) (7,0,-0.017188) (0,1,-0.730137) (1,1,-0.6833) (9,1,0.730137) (10,1,0.6833) (3,2,-0.704965) (4,2,0.709242) (6,2,0.704965) (7,2,-0.709242) (6,3,-0.0593462) (7,3,-0.998237) (9,3,0.0593462) (10,3,0.998237) 
Q:
size: 4 4
(0,0,2) (1,0,0.718285) (2,0,0.717051) (3,0,-0.0421797) (0,1,0.718285) (1,1,2) (3,1,0.725427) (0,2,0.717051) (2,2,2) (3,2,0.666155) (0,3,-0.0421797) (1,3,0.725427) (2,3,0.666155) (3,3,2) 
Minv:
size: 12 12
(0,0,1) (1,1,1) (2,2,2) (3,3,1) (4,4,1) (5,5,2) (6,6,1) (7,7,1) (8,8,2) (9,9,1) (10,10,1) (11,11,2) 
v0:
size: 12 1
(0,0,0.686179) (1,0,-0.042189) (2,0,0) (3,0,-0.148748) (4,0,0.1311) (5,0,0) (6,0,-0.948354) (7,0,-0.290525) (8,0,0) (9,0,0.336144) (10,0,-0.898692) (11,0,0) 
ipopt_sol:
size: 4 1
(0,0,1.61894) (1,0,0.0627075) (2,0,8.15604e-08) (3,0,0.542263) 
policy_sol:
size: 4 1
(0,0,1.61894) (1,0,0.0627065) (2,0,0) (3,0,0.542264) 

policy_converges:
1
ipopt_converges:
0
