N:
size: 12 1
(0,0,-0.00581059) (1,0,-0.999983) (3,0,0.00581059) (4,0,0.999983) 
Q:
size: 1 1
(0,0,2) 
Minv:
size: 12 12
(0,0,1) (1,1,1) (2,2,2) (3,3,1) (4,4,1) (5,5,2) (6,6,1) (7,7,1) (8,8,2) (9,9,1) (10,10,1) (11,11,2) 
v0:
size: 12 1
(0,0,-0.721989) (1,0,0.952673) (2,0,0) (3,0,-0.485017) (4,0,0.647296) (5,0,0) (6,0,0.834367) (7,0,0.595786) (8,0,0) (9,0,0.371049) (10,0,0.912588) (11,0,0) 
ipopt_sol:
size: 1 1
(0,0,0.303995) 
policy_sol:
size: 1 1
(0,0,0.303995) 

policy_converges:
1
ipopt_converges:
1
