N:
size: 12 2
(0,0,-0.708904) (1,0,-0.705305) (9,0,0.708904) (10,0,0.705305) (3,1,-0.999973) (4,1,0.0073741) (9,1,0.999973) (10,1,-0.0073741) 
Q:
size: 2 2
(0,0,2) (1,0,0.703683) (0,1,0.703683) (1,1,2) 
Minv:
size: 12 12
(0,0,1) (1,1,1) (2,2,2) (3,3,1) (4,4,1) (5,5,2) (6,6,1) (7,7,1) (8,8,2) (9,9,1) (10,10,1) (11,11,2) 
v0:
size: 12 1
(0,0,0.352733) (1,0,0.886663) (2,0,0) (3,0,0.53849) (4,0,0.931884) (5,0,0) (6,0,0.58416) (7,0,-0.393556) (8,0,0) (9,0,0.299581) (10,0,-0.386246) (11,0,0) 
ipopt_sol:
size: 2 1
(0,0,0.935469) (1,0,4.48784e-07) 
policy_sol:
size: 2 1
(0,0,0.935469) (1,0,0) 

policy_converges:
1
ipopt_converges:
1
