solve status: 0
N:
size: 12 3
(0,0,0.00114621) (1,0,-0.999999) (3,0,-0.00114621) (4,0,0.999999) (0,1,-0.732033) (1,1,-0.681269) (9,1,0.732033) (10,1,0.681269) (3,2,-0.99997) (4,2,0.00772722) (9,2,0.99997) (10,2,-0.00772722) 
Q:
size: 3 3
(0,0,2) (1,0,0.680429) (2,0,0.00887338) (0,1,0.680429) (1,1,2) (2,1,0.726747) (0,2,0.00887338) (1,2,0.726747) (2,2,2) 
Minv:
size: 12 12
(0,0,1) (1,1,1) (2,2,2) (3,3,1) (4,4,1) (5,5,2) (6,6,1) (7,7,1) (8,8,2) (9,9,1) (10,10,1) (11,11,2) 
v0:
size: 12 1
(0,0,-0.382707) (1,0,0.589209) (2,0,0) (3,0,-0.472748) (4,0,-0.719301) (5,0,0) (6,0,0.612131) (7,0,-0.789946) (8,0,0) (9,0,-0.477438) (10,0,0.14008) (11,0,0) 
ipopt_sol:
size: 3 1
(0,0,1.30838) (1,0,0) (2,0,0.00552503) 
policy_sol:
size: 3 1
(0,0,1.30838) (1,0,0) (2,0,0.00552502) 

policy_converges:
1
ipopt_converges:
0
