N:
size: 12 4
(0,0,-0.0221778) (1,0,-0.999754) (3,0,0.0221778) (4,0,0.999754) (0,1,-0.741074) (1,1,-0.671423) (9,1,0.741074) (10,1,0.671423) (3,2,-0.997948) (4,2,0.0640348) (9,2,0.997948) (10,2,-0.0640348) (6,3,0.016875) (7,3,-0.999858) (9,3,-0.016875) (10,3,0.999858) 
Q:
size: 4 4
(0,0,2) (1,0,0.687693) (2,0,0.0418868) (0,1,0.687693) (1,1,2) (2,1,0.696559) (3,1,0.658822) (0,2,0.0418868) (1,2,0.696559) (2,2,2) (3,2,-0.0808661) (1,3,0.658822) (2,3,-0.0808661) (3,3,2) 
Minv:
size: 12 12
(0,0,1) (1,1,1) (2,2,2) (3,3,1) (4,4,1) (5,5,2) (6,6,1) (7,7,1) (8,8,2) (9,9,1) (10,10,1) (11,11,2) 
v0:
size: 12 1
(0,0,-0.313352) (1,0,0.967318) (2,0,0) (3,0,-0.764047) (4,0,0.341504) (5,0,0) (6,0,0.210278) (7,0,0.650787) (8,0,0) (9,0,-0.978238) (10,0,-0.406649) (11,0,0) 
ipopt_sol:
size: 4 1
(0,0,0.25546) (1,0,1.10571) (2,0,2.21423e-07) (3,0,0.672997) 
policy_sol:
size: 4 1
(0,0,0.25546) (1,0,1.10571) (2,0,0) (3,0,0.672996) 

policy_converges:
1
ipopt_converges:
1
