N:
size: 12 3
(0,0,-0.691665) (1,0,-0.722218) (9,0,0.691665) (10,0,0.722218) (3,1,-0.999738) (4,1,-0.0228718) (9,1,0.999738) (10,1,0.0228718) (6,2,0.0160839) (7,2,-0.999871) (9,2,-0.0160839) (10,2,0.999871) 
Q:
size: 3 3
(0,0,2) (1,0,0.708003) (2,0,0.711) (0,1,0.708003) (1,1,2) (2,1,0.00678912) (0,2,0.711) (1,2,0.00678912) (2,2,2) 
Minv:
size: 12 12
(0,0,1) (1,1,1) (2,2,2) (3,3,1) (4,4,1) (5,5,2) (6,6,1) (7,7,1) (8,8,2) (9,9,1) (10,10,1) (11,11,2) 
v0:
size: 12 1
(0,0,-0.417967) (1,0,0.269271) (2,0,0) (3,0,-0.47809) (4,0,0.687056) (5,0,0) (6,0,0.852883) (7,0,0.373561) (8,0,0) (9,0,-0.658227) (10,0,0.161612) (11,0,0) 
ipopt_sol:
size: 3 1
(0,0,0.146411) (1,0,0.13982) (2,0,0.135094) 
policy_sol:
size: 3 1
(0,0,0.146411) (1,0,0.139819) (2,0,0.135094) 

policy_converges:
1
ipopt_converges:
0
