solve status: 0
N:
size: 12 2
(3,0,-0.657554) (4,0,0.753407) (6,0,0.657554) (7,0,-0.753407) (3,1,-1) (4,1,-0.000696328) (9,1,1) (10,1,0.000696328) 
Q:
size: 2 2
(0,0,2) (1,0,0.657029) (0,1,0.657029) (1,1,2) 
Minv:
size: 12 12
(0,0,1) (1,1,1) (2,2,2) (3,3,1) (4,4,1) (5,5,2) (6,6,1) (7,7,1) (8,8,2) (9,9,1) (10,10,1) (11,11,2) 
v0:
size: 12 1
(0,0,-0.188543) (1,0,-0.416111) (2,0,0) (3,0,0.66701) (4,0,0.0455845) (5,0,0) (6,0,0.088535) (7,0,0.491271) (8,0,0) (9,0,0.442495) (10,0,0.850765) (11,0,0) 
ipopt_sol:
size: 2 1
(0,0,0.716161) (1,0,0) 
policy_sol:
size: 2 1
(0,0,0.716161) (1,0,0) 

policy_converges:
1
ipopt_converges:
0
