N:
size: 12 3
(0,0,-0.714839) (1,0,-0.699289) (9,0,0.714839) (10,0,0.699289) (3,1,-0.99979) (4,1,-0.0204969) (9,1,0.99979) (10,1,0.0204969) (6,2,0.0363087) (7,2,-0.999341) (9,2,-0.0363087) (10,2,0.999341) 
Q:
size: 3 3
(0,0,2) (1,0,0.729022) (2,0,0.672873) (0,1,0.729022) (1,1,2) (2,1,-0.0158177) (0,2,0.672873) (1,2,-0.0158177) (2,2,2) 
Minv:
size: 12 12
(0,0,1) (1,1,1) (2,2,2) (3,3,1) (4,4,1) (5,5,2) (6,6,1) (7,7,1) (8,8,2) (9,9,1) (10,10,1) (11,11,2) 
v0:
size: 12 1
(0,0,-0.211553) (1,0,0.182933) (2,0,0) (3,0,-0.410568) (4,0,0.998514) (5,0,0) (6,0,-0.0879378) (7,0,0.837831) (8,0,0) (9,0,-0.710555) (10,0,0.547711) (11,0,0) 
ipopt_sol:
size: 3 1
(0,0,4.337e-07) (1,0,0.311298) (2,0,0.269784) 
policy_sol:
size: 3 1
(0,0,0) (1,0,0.311298) (2,0,0.269784) 

policy_converges:
1
ipopt_converges:
1
