N:
size: 12 3
(0,0,0.0628293) (1,0,-0.998024) (3,0,-0.0628293) (4,0,0.998024) (3,1,-0.707836) (4,1,0.706377) (6,1,0.707836) (7,1,-0.706377) (3,2,-0.999848) (4,2,0.0174153) (9,2,0.999848) (10,2,-0.0174153) 
Q:
size: 3 3
(0,0,2) (1,0,0.749455) (2,0,0.0802006) (0,1,0.749455) (1,1,2) (2,1,0.72003) (0,2,0.0802006) (1,2,0.72003) (2,2,2) 
Minv:
size: 12 12
(0,0,1) (1,1,1) (2,2,2) (3,3,1) (4,4,1) (5,5,2) (6,6,1) (7,7,1) (8,8,2) (9,9,1) (10,10,1) (11,11,2) 
v0:
size: 12 1
(0,0,-0.567368) (1,0,0.935769) (2,0,0) (3,0,0.873283) (4,0,0.23674) (5,0,0) (6,0,0.406062) (7,0,0.373618) (8,0,0) (9,0,0.174357) (10,0,0.731378) (11,0,0) 
ipopt_sol:
size: 3 1
(0,0,0.761018) (1,0,4.40589e-07) (2,0,0.676917) 
policy_sol:
size: 3 1
(0,0,0.761018) (1,0,0) (2,0,0.676917) 

policy_converges:
1
ipopt_converges:
1
