N:
size: 12 3
(0,0,-0.00145426) (1,0,-0.999999) (3,0,0.00145426) (4,0,0.999999) (0,1,-0.999972) (1,1,0.00745248) (6,1,0.999972) (7,1,-0.00745248) (3,2,-0.720045) (4,2,0.693927) (6,2,0.720045) (7,2,-0.693927) 
Q:
size: 3 3
(0,0,2) (1,0,-0.00599826) (2,0,0.692879) (0,1,-0.00599826) (1,1,2) (2,1,0.725197) (0,2,0.692879) (1,2,0.725197) (2,2,2) 
Minv:
size: 12 12
(0,0,1) (1,1,1) (2,2,2) (3,3,1) (4,4,1) (5,5,2) (6,6,1) (7,7,1) (8,8,2) (9,9,1) (10,10,1) (11,11,2) 
v0:
size: 12 1
(0,0,-0.689553) (1,0,0.637998) (2,0,0) (3,0,0.0124631) (4,0,-0.520071) (5,0,0) (6,0,-0.699098) (7,0,-0.288078) (8,0,0) (9,0,0.536598) (10,0,0.948573) (11,0,0) 
ipopt_sol:
size: 3 1
(0,0,1.04977) (1,0,4.17534e-07) (2,0,0.309661) 
policy_sol:
size: 3 1
(0,0,1.04977) (1,0,0) (2,0,0.309661) 

policy_converges:
1
ipopt_converges:
1
