N:
size: 12 5
(0,0,-0.0815648) (1,0,-0.996668) (3,0,0.0815648) (4,0,0.996668) (0,1,-0.999871) (1,1,-0.0160395) (6,1,0.999871) (7,1,0.0160395) (0,2,-0.700215) (1,2,-0.713932) (9,2,0.700215) (10,2,0.713932) (3,3,-0.729443) (4,3,0.684042) (6,3,0.729443) (7,3,-0.684042) (3,4,-0.99824) (4,4,-0.0592955) (9,4,0.99824) (10,4,0.0592955) 
Q:
size: 5 5
(0,0,2) (1,0,0.0975404) (2,0,0.768666) (3,0,0.622266) (4,0,-0.140519) (0,1,0.0975404) (1,1,2) (2,1,0.711576) (3,1,0.718377) (0,2,0.768666) (1,2,0.711576) (2,2,2) (4,2,0.741316) (0,3,0.622266) (1,3,0.718377) (3,3,2) (4,3,0.687599) (0,4,-0.140519) (2,4,0.741316) (3,4,0.687599) (4,4,2) 
Minv:
size: 12 12
(0,0,1) (1,1,1) (2,2,2) (3,3,1) (4,4,1) (5,5,2) (6,6,1) (7,7,1) (8,8,2) (9,9,1) (10,10,1) (11,11,2) 
v0:
size: 12 1
(0,0,0.595174) (1,0,0.302448) (2,0,0) (3,0,0.550812) (4,0,-0.1704) (5,0,0) (6,0,-0.349441) (7,0,-0.608266) (8,0,0) (9,0,0.0637062) (10,0,0.388456) (11,0,0) 
ipopt_sol:
size: 5 1
(0,0,0.463339) (1,0,0.936504) (2,0,1.09455e-07) (3,0,1.4659e-07) (4,0,0.485665) 
policy_sol:
size: 5 1
(0,0,0.463339) (1,0,0.936504) (2,0,0) (3,0,0) (4,0,0.485665) 

policy_converges:
1
ipopt_converges:
1
