solve status: 0
N:
size: 12 2
(0,0,-0.996593) (1,0,-0.0824718) (6,0,0.996593) (7,0,0.0824718) (3,1,-0.696022) (4,1,0.71802) (6,1,0.696022) (7,1,-0.71802) 
Q:
size: 2 2
(0,0,2) (1,0,0.634435) (0,1,0.634435) (1,1,2) 
Minv:
size: 12 12
(0,0,1) (1,1,1) (2,2,2) (3,3,1) (4,4,1) (5,5,2) (6,6,1) (7,7,1) (8,8,2) (9,9,1) (10,10,1) (11,11,2) 
v0:
size: 12 1
(0,0,-0.572987) (1,0,-0.752628) (2,0,0) (3,0,-0.587189) (4,0,0.72126) (5,0,0) (6,0,-0.993457) (7,0,0.549972) (8,0,0) (9,0,0.191426) (10,0,0.607873) (11,0,0) 
ipopt_sol:
size: 2 1
(0,0,0.290117) (1,0,0.0677534) 
policy_sol:
size: 2 1
(0,0,0.290117) (1,0,0.0677534) 

policy_converges:
1
ipopt_converges:
0
