N:
size: 12 2
(0,0,-0.99989) (1,0,-0.0148092) (6,0,0.99989) (7,0,0.0148092) (6,1,0.0622559) (7,1,-0.99806) (9,1,-0.0622559) (10,1,0.99806) 
Q:
size: 2 2
(0,0,2) (1,0,0.0474686) (0,1,0.0474686) (1,1,2) 
Minv:
size: 12 12
(0,0,1) (1,1,1) (2,2,2) (3,3,1) (4,4,1) (5,5,2) (6,6,1) (7,7,1) (8,8,2) (9,9,1) (10,10,1) (11,11,2) 
v0:
size: 12 1
(0,0,0.071303) (1,0,0.217887) (2,0,0) (3,0,-0.0918718) (4,0,0.50614) (5,0,0) (6,0,-0.125162) (7,0,0.0198817) (8,0,0) (9,0,0.880174) (10,0,-0.573591) (11,0,0) 
ipopt_sol:
size: 2 1
(0,0,0.183936) (1,0,0.650544) 
policy_sol:
size: 2 1
(0,0,0.183936) (1,0,0.650544) 

policy_converges:
1
ipopt_converges:
1
