N:
size: 12 4
(0,0,0.0070978) (1,0,-0.999975) (3,0,-0.0070978) (4,0,0.999975) (0,1,-0.999774) (1,1,-0.0212377) (6,1,0.999774) (7,1,0.0212377) (0,2,-0.711041) (1,2,-0.70315) (9,2,0.711041) (10,2,0.70315) (6,3,0.0487231) (7,3,-0.998812) (9,3,-0.0487231) (10,3,0.998812) 
Q:
size: 4 4
(0,0,2) (1,0,0.014141) (2,0,0.698086) (0,1,0.014141) (1,1,2) (2,1,0.725814) (3,1,0.0274996) (0,2,0.698086) (1,2,0.725814) (2,2,2) (3,2,0.667671) (1,3,0.0274996) (2,3,0.667671) (3,3,2) 
Minv:
size: 12 12
(0,0,1) (1,1,1) (2,2,2) (3,3,1) (4,4,1) (5,5,2) (6,6,1) (7,7,1) (8,8,2) (9,9,1) (10,10,1) (11,11,2) 
v0:
size: 12 1
(0,0,0.830873) (1,0,0.85167) (2,0,0) (3,0,0.010369) (4,0,0.487918) (5,0,0) (6,0,-0.348346) (7,0,-0.522334) (8,0,0) (9,0,0.781629) (10,0,-0.744112) (11,0,0) 
ipopt_sol:
size: 4 1
(0,0,0.0726725) (1,0,0.917789) (2,0,0.798638) (3,0,4.24526e-05) 
policy_sol:
size: 4 1
(0,0,0.0726653) (1,0,0.917782) (2,0,0.798657) (3,0,0) 

policy_converges:
1
ipopt_converges:
0
