N:
size: 12 1
(6,0,-0.0232251) (7,0,-0.99973) (9,0,0.0232251) (10,0,0.99973) 
Q:
size: 1 1
(0,0,2) 
Minv:
size: 12 12
(0,0,1) (1,1,1) (2,2,2) (3,3,1) (4,4,1) (5,5,2) (6,6,1) (7,7,1) (8,8,2) (9,9,1) (10,10,1) (11,11,2) 
v0:
size: 12 1
(0,0,-0.677387) (1,0,-0.0885988) (2,0,0) (3,0,-0.570269) (4,0,0.550204) (5,0,0) (6,0,-0.369731) (7,0,0.658305) (8,0,0) (9,0,0.876077) (10,0,-0.956611) (11,0,0) 
ipopt_sol:
size: 1 1
(0,0,1.58555) 
policy_sol:
size: 1 1
(0,0,1.58555) 

policy_converges:
1
ipopt_converges:
1
