N:
size: 12 5
(0,0,-0.0896862) (1,0,-0.99597) (3,0,0.0896862) (4,0,0.99597) (0,1,-0.99955) (1,1,-0.0299953) (6,1,0.99955) (7,1,0.0299953) (0,2,-0.727861) (1,2,-0.685725) (9,2,0.727861) (10,2,0.685725) (3,3,-0.734662) (4,3,0.678433) (6,3,0.734662) (7,3,-0.678433) (3,4,-0.99817) (4,4,-0.0604712) (9,4,0.99817) (10,4,0.0604712) 
Q:
size: 5 5
(0,0,2) (1,0,0.11952) (2,0,0.74824) (3,0,0.60981) (4,0,-0.14975) (0,1,0.11952) (1,1,2) (2,1,0.748102) (3,1,0.713982) (0,2,0.74824) (1,2,0.748102) (2,2,2) (4,2,0.767996) (0,3,0.60981) (1,3,0.713982) (3,3,2) (4,3,0.692292) (0,4,-0.14975) (2,4,0.767996) (3,4,0.692292) (4,4,2) 
Minv:
size: 12 12
(0,0,1) (1,1,1) (2,2,2) (3,3,1) (4,4,1) (5,5,2) (6,6,1) (7,7,1) (8,8,2) (9,9,1) (10,10,1) (11,11,2) 
v0:
size: 12 1
(0,0,0.901853) (1,0,0.815973) (2,0,0) (3,0,0.47905) (4,0,0.399012) (5,0,0) (6,0,-0.316329) (7,0,-0.342315) (8,0,0) (9,0,0.0634691) (10,0,0.0478959) (11,0,0) 
ipopt_sol:
size: 5 1
(0,0,0.182166) (1,0,1.0149) (2,0,0.605787) (3,0,1.00597e-07) (4,0,0.217071) 
policy_sol:
size: 5 1
(0,0,0.182165) (1,0,1.0149) (2,0,0.605787) (3,0,0) (4,0,0.217071) 

policy_converges:
1
ipopt_converges:
1
