N:
size: 12 4
(0,0,-0.997339) (1,0,0.0729053) (6,0,0.997339) (7,0,-0.0729053) (0,1,-0.727505) (1,1,-0.686102) (9,1,0.727505) (10,1,0.686102) (3,2,-0.722619) (4,2,0.691247) (6,2,0.722619) (7,2,-0.691247) (3,3,-0.999973) (4,3,-0.00741463) (9,3,0.999973) (10,3,0.00741463) 
Q:
size: 4 4
(0,0,2) (1,0,0.675549) (2,0,0.771091) (0,1,0.675549) (1,1,2) (3,1,0.732572) (0,2,0.771091) (2,2,2) (3,2,0.717474) (1,3,0.732572) (2,3,0.717474) (3,3,2) 
Minv:
size: 12 12
(0,0,1) (1,1,1) (2,2,2) (3,3,1) (4,4,1) (5,5,2) (6,6,1) (7,7,1) (8,8,2) (9,9,1) (10,10,1) (11,11,2) 
v0:
size: 12 1
(0,0,0.533666) (1,0,-0.989395) (2,0,0) (3,0,0.578934) (4,0,-0.63504) (5,0,0) (6,0,0.274588) (7,0,-0.747258) (8,0,0) (9,0,-0.946132) (10,0,-0.308673) (11,0,0) 
ipopt_sol:
size: 4 1
(0,0,0.27604) (1,0,1.09944e-06) (2,0,7.90632e-08) (3,0,1.5226) 
policy_sol:
size: 4 1
(0,0,0.276041) (1,0,0) (2,0,0) (3,0,1.5226) 

policy_converges:
1
ipopt_converges:
0
