N:
size: 12 3
(0,0,0.0379436) (1,0,-0.99928) (3,0,-0.0379436) (4,0,0.99928) (0,1,-0.701436) (1,1,-0.712732) (9,1,0.701436) (10,1,0.712732) (3,2,-0.998668) (4,2,-0.0515914) (9,2,0.998668) (10,2,0.0515914) 
Q:
size: 3 3
(0,0,2) (1,0,0.685604) (2,0,-0.0136612) (0,1,0.685604) (1,1,2) (2,1,0.737273) (0,2,-0.0136612) (1,2,0.737273) (2,2,2) 
Minv:
size: 12 12
(0,0,1) (1,1,1) (2,2,2) (3,3,1) (4,4,1) (5,5,2) (6,6,1) (7,7,1) (8,8,2) (9,9,1) (10,10,1) (11,11,2) 
v0:
size: 12 1
(0,0,-0.453609) (1,0,0.894759) (2,0,0) (3,0,0.508131) (4,0,0.147194) (5,0,0) (6,0,-0.140558) (7,0,-0.793738) (8,0,0) (9,0,-0.317469) (10,0,0.166246) (11,0,0) 
ipopt_sol:
size: 3 1
(0,0,0.78918) (1,0,2.88534e-07) (2,0,0.828909) 
policy_sol:
size: 3 1
(0,0,0.78918) (1,0,0) (2,0,0.828909) 

policy_converges:
1
ipopt_converges:
1
