solve status: 0
N:
size: 12 3
(0,0,-0.0150915) (1,0,-0.999886) (3,0,0.0150915) (4,0,0.999886) (3,1,-0.732196) (4,1,0.681094) (6,1,0.732196) (7,1,-0.681094) (3,2,-0.999013) (4,2,-0.0444107) (9,2,0.999013) (10,2,0.0444107) 
Q:
size: 3 3
(0,0,2) (1,0,0.669966) (2,0,-0.0594823) (0,1,0.669966) (1,1,2) (2,1,0.701226) (0,2,-0.0594823) (1,2,0.701226) (2,2,2) 
Minv:
size: 12 12
(0,0,1) (1,1,1) (2,2,2) (3,3,1) (4,4,1) (5,5,2) (6,6,1) (7,7,1) (8,8,2) (9,9,1) (10,10,1) (11,11,2) 
v0:
size: 12 1
(0,0,-0.811879) (1,0,0.802407) (2,0,0) (3,0,0.420197) (4,0,0.231398) (5,0,0) (6,0,-0.121558) (7,0,0.0708535) (8,0,0) (9,0,0.226606) (10,0,0.468316) (11,0,0) 
ipopt_sol:
size: 3 1
(0,0,0.544426) (1,0,0.0400822) (2,0,0.185017) 
policy_sol:
size: 3 1
(0,0,0.544426) (1,0,0.0400822) (2,0,0.185017) 

policy_converges:
1
ipopt_converges:
0
