solve status: 0
N:
size: 12 3
(0,0,-0.0122671) (1,0,-0.999925) (3,0,0.0122671) (4,0,0.999925) (0,1,-0.71435) (1,1,-0.699789) (9,1,0.71435) (10,1,0.699789) (6,2,-0.0969924) (7,2,-0.995285) (9,2,0.0969924) (10,2,0.995285) 
Q:
size: 3 3
(0,0,2) (1,0,0.708499) (0,1,0.708499) (1,1,2) (2,1,0.765776) (1,2,0.765776) (2,2,2) 
Minv:
size: 12 12
(0,0,1) (1,1,1) (2,2,2) (3,3,1) (4,4,1) (5,5,2) (6,6,1) (7,7,1) (8,8,2) (9,9,1) (10,10,1) (11,11,2) 
v0:
size: 12 1
(0,0,0.442786) (1,0,0.291683) (2,0,0) (3,0,-0.951903) (4,0,0.270767) (5,0,0) (6,0,0.756824) (7,0,-0.266829) (8,0,0) (9,0,0.940471) (10,0,-0.687901) (11,0,0) 
ipopt_sol:
size: 3 1
(0,0,0) (1,0,0.206631) (2,0,0.322158) 
policy_sol:
size: 3 1
(0,0,0) (1,0,0.206631) (2,0,0.322158) 

policy_converges:
1
ipopt_converges:
0
