N:
size: 12 2
(0,0,-0.718355) (1,0,-0.695677) (9,0,0.718355) (10,0,0.695677) (6,1,0.044409) (7,1,-0.999013) (9,1,-0.044409) (10,1,0.999013) 
Q:
size: 2 2
(0,0,2) (1,0,0.663089) (0,1,0.663089) (1,1,2) 
Minv:
size: 12 12
(0,0,1) (1,1,1) (2,2,2) (3,3,1) (4,4,1) (5,5,2) (6,6,1) (7,7,1) (8,8,2) (9,9,1) (10,10,1) (11,11,2) 
v0:
size: 12 1
(0,0,0.460256) (1,0,-0.332442) (2,0,0) (3,0,-0.659382) (4,0,0.787847) (5,0,0) (6,0,0.845081) (7,0,-0.0911865) (8,0,0) (9,0,-0.52268) (10,0,-0.918364) (11,0,0) 
ipopt_sol:
size: 2 1
(0,0,0.966063) (1,0,0.445328) 
policy_sol:
size: 2 1
(0,0,0.966063) (1,0,0.445327) 

policy_converges:
1
ipopt_converges:
1
