solve status: 0
N:
size: 12 3
(0,0,-0.00607506) (1,0,-0.999982) (3,0,0.00607506) (4,0,0.999982) (0,1,-0.999163) (1,1,0.0409061) (6,1,0.999163) (7,1,-0.0409061) (3,2,-0.702312) (4,2,0.71187) (6,2,0.702312) (7,2,-0.71187) 
Q:
size: 3 3
(0,0,2) (1,0,-0.0348354) (2,0,0.70759) (0,1,-0.0348354) (1,1,2) (2,1,0.730844) (0,2,0.70759) (1,2,0.730844) (2,2,2) 
Minv:
size: 12 12
(0,0,1) (1,1,1) (2,2,2) (3,3,1) (4,4,1) (5,5,2) (6,6,1) (7,7,1) (8,8,2) (9,9,1) (10,10,1) (11,11,2) 
v0:
size: 12 1
(0,0,0.875133) (1,0,-0.105364) (2,0,0) (3,0,0.398916) (4,0,-0.277546) (5,0,0) (6,0,-0.933457) (7,0,0.0790248) (8,0,0) (9,0,0.858017) (10,0,0.679834) (11,0,0) 
ipopt_sol:
size: 3 1
(0,0,0) (1,0,1.59259) (2,0,0.607607) 
policy_sol:
size: 3 1
(0,0,0) (1,0,1.59259) (2,0,0.607607) 

policy_converges:
1
ipopt_converges:
0
