solve status: 0
N:
size: 12 4
(0,0,0.0095272) (1,0,-0.999955) (3,0,-0.0095272) (4,0,0.999955) (0,1,-0.680878) (1,1,-0.732397) (9,1,0.680878) (10,1,0.732397) (3,2,-0.999928) (4,2,0.0120125) (9,2,0.999928) (10,2,-0.0120125) (6,3,0.00718204) (7,3,-0.999974) (9,3,-0.00718204) (10,3,0.999974) 
Q:
size: 4 4
(0,0,2) (1,0,0.725877) (2,0,0.0215384) (0,1,0.725877) (1,1,2) (2,1,0.672031) (3,1,0.727488) (0,2,0.0215384) (1,2,0.672031) (2,2,2) (3,2,-0.0191937) (1,3,0.727488) (2,3,-0.0191937) (3,3,2) 
Minv:
size: 12 12
(0,0,1) (1,1,1) (2,2,2) (3,3,1) (4,4,1) (5,5,2) (6,6,1) (7,7,1) (8,8,2) (9,9,1) (10,10,1) (11,11,2) 
v0:
size: 12 1
(0,0,0.490925) (1,0,0.637561) (2,0,0) (3,0,-0.0358882) (4,0,0.401371) (5,0,0) (6,0,0.680574) (7,0,-0.000787552) (8,0,0) (9,0,-0.759078) (10,0,-0.684052) (11,0,0) 
ipopt_sol:
size: 4 1
(0,0,0) (1,0,1.76894) (2,0,0.116001) (3,0,0.030577) 
policy_sol:
size: 4 1
(0,0,0) (1,0,1.76894) (2,0,0.116001) (3,0,0.030577) 

policy_converges:
1
ipopt_converges:
0
