solve status: 0
N:
size: 12 4
(0,0,0.0189009) (1,0,-0.999821) (3,0,-0.0189009) (4,0,0.999821) (0,1,-0.99965) (1,1,-0.0264713) (6,1,0.99965) (7,1,0.0264713) (0,2,-0.700725) (1,2,-0.713431) (9,2,0.700725) (10,2,0.713431) (6,3,-0.0455027) (7,3,-0.998964) (9,3,0.0455027) (10,3,0.998964) 
Q:
size: 4 4
(0,0,2) (1,0,0.00757229) (2,0,0.70006) (0,1,0.00757229) (1,1,2) (2,1,0.719365) (3,1,-0.0719306) (0,2,0.70006) (1,2,0.719365) (2,2,2) (3,2,0.744577) (1,3,-0.0719306) (2,3,0.744577) (3,3,2) 
Minv:
size: 12 12
(0,0,1) (1,1,1) (2,2,2) (3,3,1) (4,4,1) (5,5,2) (6,6,1) (7,7,1) (8,8,2) (9,9,1) (10,10,1) (11,11,2) 
v0:
size: 12 1
(0,0,0.810993) (1,0,0.529176) (2,0,0) (3,0,0.0837847) (4,0,0.166906) (5,0,0) (6,0,0.714951) (7,0,-0.31383) (8,0,0) (9,0,0.523878) (10,0,-0.575062) (11,0,0) 
ipopt_sol:
size: 4 1
(0,0,0.00260448) (1,0,0) (2,0,0.988075) (3,0,0) 
policy_sol:
size: 4 1
(0,0,0.00260446) (1,0,0) (2,0,0.988075) (3,0,0) 

policy_converges:
1
ipopt_converges:
0
