N:
size: 12 2
(0,0,-0.999569) (1,0,0.0293509) (6,0,0.999569) (7,0,-0.0293509) (6,1,-0.030532) (7,1,-0.999534) (9,1,0.030532) (10,1,0.999534) 
Q:
size: 2 2
(0,0,2) (1,0,-0.0011816) (0,1,-0.0011816) (1,1,2) 
Minv:
size: 12 12
(0,0,1) (1,1,1) (2,2,2) (3,3,1) (4,4,1) (5,5,2) (6,6,1) (7,7,1) (8,8,2) (9,9,1) (10,10,1) (11,11,2) 
v0:
size: 12 1
(0,0,0.817622) (1,0,-0.954697) (2,0,0) (3,0,-0.924995) (4,0,0.254235) (5,0,0) (6,0,0.377071) (7,0,0.495385) (8,0,0) (9,0,0.646206) (10,0,-0.281148) (11,0,0) 
ipopt_sol:
size: 2 1
(0,0,0.483376) (1,0,0.768239) 
policy_sol:
size: 2 1
(0,0,0.483376) (1,0,0.768239) 

policy_converges:
1
ipopt_converges:
1
