solve status: 0
N:
size: 12 5
(0,0,0.0519561) (1,0,-0.998649) (3,0,-0.0519561) (4,0,0.998649) (0,1,-0.999454) (1,1,0.0330362) (6,1,0.999454) (7,1,-0.0330362) (0,2,-0.705749) (1,2,-0.708462) (9,2,0.705749) (10,2,0.708462) (3,3,-0.706032) (4,3,0.70818) (6,3,0.706032) (7,3,-0.70818) (6,4,-0.0633538) (7,4,-0.997991) (9,4,0.0633538) (10,4,0.997991) 
Q:
size: 5 5
(0,0,2) (1,0,-0.0849193) (2,0,0.670837) (3,0,0.743906) (0,1,-0.0849193) (1,1,2) (2,1,0.681959) (3,1,0.729042) (4,1,-0.0303494) (0,2,0.670837) (1,2,0.681959) (2,2,2) (4,2,0.75175) (0,3,0.743906) (1,3,0.729042) (3,3,2) (4,3,0.662028) (1,4,-0.0303494) (2,4,0.75175) (3,4,0.662028) (4,4,2) 
Minv:
size: 12 12
(0,0,1) (1,1,1) (2,2,2) (3,3,1) (4,4,1) (5,5,2) (6,6,1) (7,7,1) (8,8,2) (9,9,1) (10,10,1) (11,11,2) 
v0:
size: 12 1
(0,0,-0.312496) (1,0,0.182339) (2,0,0) (3,0,-0.508395) (4,0,-0.399466) (5,0,0) (6,0,-0.762771) (7,0,0.367125) (8,0,0) (9,0,0.493167) (10,0,-0.995706) (11,0,0) 
ipopt_sol:
size: 5 1
(0,0,0.592106) (1,0,0.500821) (2,0,0) (3,0,0) (4,0,1.28813) 
policy_sol:
size: 5 1
(0,0,0.592106) (1,0,0.500821) (2,0,0) (3,0,0) (4,0,1.28813) 

policy_converges:
1
ipopt_converges:
0
