N:
size: 12 6
(0,0,0.0324304) (1,0,-0.999474) (3,0,-0.0324304) (4,0,0.999474) (0,1,-0.997776) (1,1,-0.0666614) (6,1,0.997776) (7,1,0.0666614) (0,2,-0.720868) (1,2,-0.693073) (9,2,0.720868) (10,2,0.693073) (3,3,-0.764365) (4,3,0.644783) (6,3,0.764365) (7,3,-0.644783) (3,4,-0.999999) (4,4,0.00143621) (9,4,0.999999) (10,4,-0.00143621) (6,5,0.0322253) (7,5,-0.999481) (9,5,-0.0322253) (10,5,0.999481) 
Q:
size: 6 6
(0,0,2) (1,0,0.0342681) (2,0,0.66933) (3,0,0.669233) (4,0,0.0338658) (0,1,0.0342681) (1,1,2) (2,1,0.765465) (3,1,0.719683) (5,1,-0.0344731) (0,2,0.66933) (1,2,0.765465) (2,2,2) (4,2,0.719872) (5,2,0.669483) (0,3,0.669233) (1,3,0.719683) (3,3,2) (4,3,0.765291) (5,3,0.669081) (0,4,0.0338658) (2,4,0.719872) (3,4,0.765291) (4,4,2) (5,4,-0.0336607) (1,5,-0.0344731) (2,5,0.669483) (3,5,0.669081) (4,5,-0.0336607) (5,5,2) 
Minv:
size: 12 12
(0,0,1) (1,1,1) (2,2,2) (3,3,1) (4,4,1) (5,5,2) (6,6,1) (7,7,1) (8,8,2) (9,9,1) (10,10,1) (11,11,2) 
v0:
size: 12 1
(0,0,-0.308852) (1,0,0.911431) (2,0,0) (3,0,0.492038) (4,0,0.3901) (5,0,0) (6,0,-0.427152) (7,0,0.305843) (8,0,0) (9,0,-0.00791382) (10,0,-0.723453) (11,0,0) 
ipopt_sol:
size: 6 1
(0,0,0.419376) (1,0,0.0300802) (2,0,0.318204) (3,0,0.0426741) (4,0,0.376013) (5,0,0.928326) 
policy_sol:
size: 6 1
(0,0,0.393325) (1,0,0) (2,0,0.358666) (3,0,0.083122) (4,0,0.34594) (5,0,0.900226) 

policy_converges:
1
ipopt_converges:
0
