solve status: 0
N:
size: 12 2
(0,0,-0.999633) (1,0,-0.0270785) (6,0,0.999633) (7,0,0.0270785) (0,1,-0.705568) (1,1,-0.708642) (9,1,0.705568) (10,1,0.708642) 
Q:
size: 2 2
(0,0,2) (1,0,0.724498) (0,1,0.724498) (1,1,2) 
Minv:
size: 12 12
(0,0,1) (1,1,1) (2,2,2) (3,3,1) (4,4,1) (5,5,2) (6,6,1) (7,7,1) (8,8,2) (9,9,1) (10,10,1) (11,11,2) 
v0:
size: 12 1
(0,0,-0.0339109) (1,0,0.143264) (2,0,0) (3,0,-0.929782) (4,0,0.753371) (5,0,0) (6,0,-0.904613) (7,0,-0.386263) (8,0,0) (9,0,-0.273721) (10,0,0.123389) (11,0,0) 
ipopt_sol:
size: 2 1
(0,0,0.884721) (1,0,0) 
policy_sol:
size: 2 1
(0,0,0.884721) (1,0,0) 

policy_converges:
1
ipopt_converges:
0
