N:
size: 12 5
(0,0,-0.996696) (1,0,-0.0812238) (6,0,0.996696) (7,0,0.0812238) (0,1,-0.702647) (1,1,-0.711539) (9,1,0.702647) (10,1,0.711539) (3,2,-0.739131) (4,2,0.673562) (6,2,0.739131) (7,2,-0.673562) (3,3,-0.99838) (4,3,-0.0569051) (9,3,0.99838) (10,3,0.0569051) (6,4,-0.0404989) (7,4,-0.99918) (9,4,0.0404989) (10,4,0.99918) 
Q:
size: 5 5
(0,0,2) (1,0,0.758119) (2,0,0.681979) (4,0,-0.121522) (0,1,0.758119) (1,1,2) (3,1,0.741999) (4,1,0.739411) (0,2,0.681979) (2,2,2) (3,2,0.699604) (4,2,0.643076) (1,3,0.741999) (2,3,0.699604) (3,3,2) (4,3,0.0972917) (0,4,-0.121522) (1,4,0.739411) (2,4,0.643076) (3,4,0.0972917) (4,4,2) 
Minv:
size: 12 12
(0,0,1) (1,1,1) (2,2,2) (3,3,1) (4,4,1) (5,5,2) (6,6,1) (7,7,1) (8,8,2) (9,9,1) (10,10,1) (11,11,2) 
v0:
size: 12 1
(0,0,0.660042) (1,0,-0.234906) (2,0,0) (3,0,0.805233) (4,0,0.720095) (5,0,0) (6,0,-0.261411) (7,0,0.435811) (8,0,0) (9,0,0.436087) (10,0,-0.397066) (11,0,0) 
ipopt_sol:
size: 5 1
(0,0,0.915001) (1,0,7.5765e-08) (2,0,3.62276e-07) (3,0,0.391233) (4,0,0.840511) 
policy_sol:
size: 5 1
(0,0,0.915001) (1,0,0) (2,0,0) (3,0,0.391233) (4,0,0.840511) 

policy_converges:
1
ipopt_converges:
1
