N:
size: 12 1
(6,0,0.0577717) (7,0,-0.99833) (9,0,-0.0577717) (10,0,0.99833) 
Q:
size: 1 1
(0,0,2) 
Minv:
size: 12 12
(0,0,1) (1,1,1) (2,2,2) (3,3,1) (4,4,1) (5,5,2) (6,6,1) (7,7,1) (8,8,2) (9,9,1) (10,10,1) (11,11,2) 
v0:
size: 12 1
(0,0,-0.361441) (1,0,-0.662929) (2,0,0) (3,0,0.161298) (4,0,0.602252) (5,0,0) (6,0,-0.00506007) (7,0,-0.32593) (8,0,0) (9,0,0.864462) (10,0,-0.369798) (11,0,0) 
ipopt_sol:
size: 1 1
(0,0,0.0940295) 
policy_sol:
size: 1 1
(0,0,0.094029) 

policy_converges:
1
ipopt_converges:
0
