N:
size: 12 4
(0,0,-0.0146461) (1,0,-0.999893) (3,0,0.0146461) (4,0,0.999893) (0,1,-0.998241) (1,1,-0.0592855) (6,1,0.998241) (7,1,0.0592855) (3,2,-0.705565) (4,2,0.708645) (6,2,0.705565) (7,2,-0.708645) (3,3,-0.998578) (4,3,0.0533084) (9,3,0.998578) (10,3,-0.0533084) 
Q:
size: 4 4
(0,0,2) (1,0,0.0738994) (2,0,0.698235) (3,0,0.0386774) (0,1,0.0738994) (1,1,2) (2,1,0.662312) (0,2,0.698235) (1,2,0.662312) (2,2,2) (3,2,0.742339) (0,3,0.0386774) (2,3,0.742339) (3,3,2) 
Minv:
size: 12 12
(0,0,1) (1,1,1) (2,2,2) (3,3,1) (4,4,1) (5,5,2) (6,6,1) (7,7,1) (8,8,2) (9,9,1) (10,10,1) (11,11,2) 
v0:
size: 12 1
(0,0,0.60029) (1,0,0.194945) (2,0,0) (3,0,0.654359) (4,0,0.00380931) (5,0,0) (6,0,-0.415405) (7,0,-0.80082) (8,0,0) (9,0,0.205644) (10,0,0.813131) (11,0,0) 
ipopt_sol:
size: 4 1
(0,0,0.141425) (1,0,1.06772) (2,0,1.03867e-07) (3,0,0.488486) 
policy_sol:
size: 4 1
(0,0,0.141425) (1,0,1.06772) (2,0,0) (3,0,0.488486) 

policy_converges:
1
ipopt_converges:
1
