N:
size: 12 2
(0,0,-0.00869229) (1,0,-0.999962) (3,0,0.00869229) (4,0,0.999962) (3,1,-0.999983) (4,1,0.00582287) (9,1,0.999983) (10,1,-0.00582287) 
Q:
size: 2 2
(0,0,2) (1,0,-0.00286949) (0,1,-0.00286949) (1,1,2) 
Minv:
size: 12 12
(0,0,1) (1,1,1) (2,2,2) (3,3,1) (4,4,1) (5,5,2) (6,6,1) (7,7,1) (8,8,2) (9,9,1) (10,10,1) (11,11,2) 
v0:
size: 12 1
(0,0,-0.822518) (1,0,0.766419) (2,0,0) (3,0,0.700722) (4,0,0.164929) (5,0,0) (6,0,0.321632) (7,0,-0.976215) (8,0,0) (9,0,0.699349) (10,0,0.287505) (11,0,0) 
ipopt_sol:
size: 2 1
(0,0,0.588231) (1,0,0.00295855) 
policy_sol:
size: 2 1
(0,0,0.588231) (1,0,0.00293017) 

policy_converges:
1
ipopt_converges:
0
