N:
size: 12 5
(0,0,0.0808856) (1,0,-0.996723) (3,0,-0.0808856) (4,0,0.996723) (0,1,-0.999997) (1,1,-0.00255012) (6,1,0.999997) (7,1,0.00255012) (0,2,-0.682348) (1,2,-0.731027) (9,2,0.682348) (10,2,0.731027) (3,3,-0.7327) (4,3,0.680552) (6,3,0.7327) (7,3,-0.680552) (6,4,0.00423174) (7,4,-0.999991) (9,4,-0.00423174) (10,4,0.999991) 
Q:
size: 5 5
(0,0,2) (1,0,-0.0783436) (2,0,0.67344) (3,0,0.737587) (0,1,-0.0783436) (1,1,2) (2,1,0.68421) (3,1,0.730962) (4,1,0.00168164) (0,2,0.67344) (1,2,0.68421) (2,2,2) (4,2,0.728133) (0,3,0.737587) (1,3,0.730962) (3,3,2) (4,3,0.683646) (1,4,0.00168164) (2,4,0.728133) (3,4,0.683646) (4,4,2) 
Minv:
size: 12 12
(0,0,1) (1,1,1) (2,2,2) (3,3,1) (4,4,1) (5,5,2) (6,6,1) (7,7,1) (8,8,2) (9,9,1) (10,10,1) (11,11,2) 
v0:
size: 12 1
(0,0,-0.150088) (1,0,0.747169) (2,0,0) (3,0,-0.452573) (4,0,-0.86363) (5,0,0) (6,0,-0.31069) (7,0,-0.316807) (8,0,0) (9,0,0.208789) (10,0,-0.729818) (11,0,0) 
ipopt_sol:
size: 5 1
(0,0,1.55003) (1,0,0.184844) (2,0,0.113631) (3,0,8.11356e-08) (4,0,0.373681) 
policy_sol:
size: 5 1
(0,0,1.55003) (1,0,0.184844) (2,0,0.113631) (3,0,0) (4,0,0.373681) 

policy_converges:
1
ipopt_converges:
1
