N:
size: 12 3
(0,0,-0.653317) (1,0,-0.757085) (9,0,0.653317) (10,0,0.757085) (3,1,-0.999875) (4,1,-0.015828) (9,1,0.999875) (10,1,0.015828) (6,2,0.0445576) (7,2,-0.999007) (9,2,-0.0445576) (10,2,0.999007) 
Q:
size: 3 3
(0,0,2) (1,0,0.665218) (2,0,0.727223) (0,1,0.665218) (1,1,2) (2,1,-0.0287398) (0,2,0.727223) (1,2,-0.0287398) (2,2,2) 
Minv:
size: 12 12
(0,0,1) (1,1,1) (2,2,2) (3,3,1) (4,4,1) (5,5,2) (6,6,1) (7,7,1) (8,8,2) (9,9,1) (10,10,1) (11,11,2) 
v0:
size: 12 1
(0,0,0.0578614) (1,0,-0.885784) (2,0,0) (3,0,0.592446) (4,0,0.897588) (5,0,0) (6,0,0.174625) (7,0,-0.168941) (8,0,0) (9,0,-0.107647) (10,0,-0.874633) (11,0,0) 
ipopt_sol:
size: 3 1
(0,0,1.03241e-07) (1,0,0.738158) (2,0,0.703021) 
policy_sol:
size: 3 1
(0,0,0) (1,0,0.738158) (2,0,0.703021) 

policy_converges:
1
ipopt_converges:
1
