N:
size: 12 5
(0,0,-0.999974) (1,0,-0.0072559) (6,0,0.999974) (7,0,0.0072559) (0,1,-0.667101) (1,1,-0.744967) (9,1,0.667101) (10,1,0.744967) (3,2,-0.652692) (4,2,0.757623) (6,2,0.652692) (7,2,-0.757623) (3,3,-0.999936) (4,3,-0.011316) (9,3,0.999936) (10,3,0.011316) (6,4,-0.0179775) (7,4,-0.999838) (9,4,0.0179775) (10,4,0.999838) 
Q:
size: 5 5
(0,0,2) (1,0,0.672489) (2,0,0.647178) (4,0,-0.0252318) (0,1,0.672489) (1,1,2) (3,1,0.675488) (4,1,0.75684) (0,2,0.647178) (2,2,2) (3,2,0.644077) (4,2,0.745767) (1,3,0.675488) (2,3,0.644077) (3,3,2) (4,3,0.0292905) (0,4,-0.0252318) (1,4,0.75684) (2,4,0.745767) (3,4,0.0292905) (4,4,2) 
Minv:
size: 12 12
(0,0,1) (1,1,1) (2,2,2) (3,3,1) (4,4,1) (5,5,2) (6,6,1) (7,7,1) (8,8,2) (9,9,1) (10,10,1) (11,11,2) 
v0:
size: 12 1
(0,0,0.945139) (1,0,-0.321861) (2,0,0) (3,0,0.874431) (4,0,-0.222187) (5,0,0) (6,0,0.272661) (7,0,-0.353943) (8,0,0) (9,0,-0.934529) (10,0,-0.767537) (11,0,0) 
ipopt_sol:
size: 5 1
(0,0,0.359145) (1,0,0.934902) (2,0,1.28739e-07) (3,0,1.49832) (4,0,0.0640323) 
policy_sol:
size: 5 1
(0,0,0.359145) (1,0,0.934903) (2,0,0) (3,0,1.49832) (4,0,0.0640311) 

policy_converges:
1
ipopt_converges:
0
