N:
size: 12 5
(0,0,-0.0274582) (1,0,-0.999623) (3,0,0.0274582) (4,0,0.999623) (0,1,-0.999493) (1,1,0.0318346) (6,1,0.999493) (7,1,-0.0318346) (0,2,-0.733772) (1,2,-0.679396) (9,2,0.733772) (10,2,0.679396) (3,3,-0.715356) (4,3,0.69876) (6,3,0.715356) (7,3,-0.69876) (3,4,-0.999857) (4,4,-0.0168899) (9,4,0.999857) (10,4,0.0168899) 
Q:
size: 5 5
(0,0,2) (1,0,-0.00437833) (2,0,0.699288) (3,0,0.678854) (4,0,-0.0443378) (0,1,-0.00437833) (1,1,2) (2,1,0.711772) (3,1,0.737238) (0,2,0.699288) (1,2,0.711772) (2,2,2) (4,2,0.745142) (0,3,0.678854) (1,3,0.737238) (3,3,2) (4,3,0.703452) (0,4,-0.0443378) (2,4,0.745142) (3,4,0.703452) (4,4,2) 
Minv:
size: 12 12
(0,0,1) (1,1,1) (2,2,2) (3,3,1) (4,4,1) (5,5,2) (6,6,1) (7,7,1) (8,8,2) (9,9,1) (10,10,1) (11,11,2) 
v0:
size: 12 1
(0,0,0.366874) (1,0,0.315643) (2,0,0) (3,0,-0.0113397) (4,0,0.154716) (5,0,0) (6,0,-0.739872) (7,0,-0.383601) (8,0,0) (9,0,-0.457825) (10,0,0.0911797) (11,0,0) 
ipopt_sol:
size: 5 1
(0,0,0.101124) (1,0,1.00232) (2,0,0.22993) (3,0,1.07535e-07) (4,0,0.364071) 
policy_sol:
size: 5 1
(0,0,0.101123) (1,0,1.00232) (2,0,0.22993) (3,0,0) (4,0,0.364071) 

policy_converges:
1
ipopt_converges:
0
