N:
size: 12 6
(0,0,-0.00119298) (1,0,-0.999999) (3,0,0.00119298) (4,0,0.999999) (0,1,-0.999637) (1,1,0.0269407) (6,1,0.999637) (7,1,-0.0269407) (0,2,-0.685001) (1,2,-0.728542) (9,2,0.685001) (10,2,0.728542) (3,3,-0.678063) (4,3,0.735004) (6,3,0.678063) (7,3,-0.735004) (3,4,-0.999716) (4,4,-0.0238275) (9,4,0.999716) (10,4,0.0238275) (6,5,-0.0138178) (7,5,-0.999905) (9,5,0.0138178) (10,5,0.999905) 
Q:
size: 6 6
(0,0,2) (1,0,-0.0257481) (2,0,0.729359) (3,0,0.734195) (4,0,-0.0250202) (0,1,-0.0257481) (1,1,2) (2,1,0.665125) (3,1,0.697618) (5,1,0.0131253) (0,2,0.729359) (1,2,0.665125) (2,2,2) (4,2,0.702166) (5,2,0.737938) (0,3,0.734195) (1,3,0.697618) (3,3,2) (4,3,0.660357) (5,3,0.725565) (0,4,-0.0250202) (2,4,0.702166) (3,4,0.660357) (4,4,2) (5,4,0.0376391) (1,5,0.0131253) (2,5,0.737938) (3,5,0.725565) (4,5,0.0376391) (5,5,2) 
Minv:
size: 12 12
(0,0,1) (1,1,1) (2,2,2) (3,3,1) (4,4,1) (5,5,2) (6,6,1) (7,7,1) (8,8,2) (9,9,1) (10,10,1) (11,11,2) 
v0:
size: 12 1
(0,0,0.0337739) (1,0,0.208245) (2,0,0) (3,0,0.811127) (4,0,-0.882389) (5,0,0) (6,0,0.00668617) (7,0,0.482431) (8,0,0) (9,0,-0.731786) (10,0,-0.714452) (11,0,0) 
ipopt_sol:
size: 6 1
(0,0,0.984979) (1,0,5.89576e-07) (2,0,8.65776e-07) (3,0,0.333698) (4,0,1.42068) (5,0,1.05918) 
policy_sol:
size: 6 1
(0,0,0.98498) (1,0,0) (2,0,0) (3,0,0.333697) (4,0,1.42068) (5,0,1.05918) 

policy_converges:
1
ipopt_converges:
0
