N:
size: 12 3
(0,0,-0.0233595) (1,0,-0.999727) (3,0,0.0233595) (4,0,0.999727) (3,1,-0.731093) (4,1,0.682278) (6,1,0.731093) (7,1,-0.682278) (3,2,-0.998977) (4,2,0.0452204) (9,2,0.998977) (10,2,-0.0452204) 
Q:
size: 3 3
(0,0,2) (1,0,0.665014) (2,0,0.0218724) (0,1,0.665014) (1,1,2) (2,1,0.761198) (0,2,0.0218724) (1,2,0.761198) (2,2,2) 
Minv:
size: 12 12
(0,0,1) (1,1,1) (2,2,2) (3,3,1) (4,4,1) (5,5,2) (6,6,1) (7,7,1) (8,8,2) (9,9,1) (10,10,1) (11,11,2) 
v0:
size: 12 1
(0,0,-0.106056) (1,0,-0.0959513) (2,0,0) (3,0,0.943361) (4,0,-0.839089) (5,0,0) (6,0,0.506348) (7,0,0.063925) (8,0,0) (9,0,0.642303) (10,0,0.983065) (11,0,0) 
ipopt_sol:
size: 3 1
(0,0,0.470338) (1,0,0.742967) (2,0,0.0952329) 
policy_sol:
size: 3 1
(0,0,0.470338) (1,0,0.742967) (2,0,0.0952324) 

policy_converges:
1
ipopt_converges:
1
