solve status: 0
N:
size: 12 3
(0,0,-0.00874326) (1,0,-0.999962) (3,0,0.00874326) (4,0,0.999962) (0,1,-0.688397) (1,1,-0.725334) (9,1,0.688397) (10,1,0.725334) (3,2,-0.998049) (4,2,-0.0624295) (9,2,0.998049) (10,2,0.0624295) 
Q:
size: 3 3
(0,0,2) (1,0,0.731325) (2,0,-0.0711533) (0,1,0.731325) (1,1,2) (2,1,0.732337) (0,2,-0.0711533) (1,2,0.732337) (2,2,2) 
Minv:
size: 12 12
(0,0,1) (1,1,1) (2,2,2) (3,3,1) (4,4,1) (5,5,2) (6,6,1) (7,7,1) (8,8,2) (9,9,1) (10,10,1) (11,11,2) 
v0:
size: 12 1
(0,0,0.121879) (1,0,0.96759) (2,0,0) (3,0,0.762182) (4,0,0.708216) (5,0,0) (6,0,0.553385) (7,0,0.251906) (8,0,0) (9,0,-0.649655) (10,0,0.667424) (11,0,0) 
ipopt_sol:
size: 3 1
(0,0,0.243121) (1,0,0.16154) (2,0,1.36113) 
policy_sol:
size: 3 1
(0,0,0.243121) (1,0,0.16154) (2,0,1.36113) 

policy_converges:
1
ipopt_converges:
1
