N:
size: 12 6
(0,0,-0.0450314) (1,0,-0.998986) (3,0,0.0450314) (4,0,0.998986) (0,1,-0.999328) (1,1,0.0366541) (6,1,0.999328) (7,1,-0.0366541) (0,2,-0.712028) (1,2,-0.702152) (9,2,0.712028) (10,2,0.702152) (3,3,-0.704218) (4,3,0.709984) (6,3,0.704218) (7,3,-0.709984) (3,4,-0.997495) (4,4,-0.0707358) (9,4,0.997495) (10,4,0.0707358) (6,5,-0.0117095) (7,5,-0.999931) (9,5,0.0117095) (10,5,0.999931) 
Q:
size: 6 6
(0,0,2) (1,0,0.0083842) (2,0,0.733503) (3,0,0.677552) (4,0,-0.115583) (0,1,0.0083842) (1,1,2) (2,1,0.685812) (3,1,0.729769) (5,1,0.02495) (0,2,0.733503) (1,2,0.685812) (2,2,2) (4,2,0.759911) (5,2,0.710441) (0,3,0.677552) (1,3,0.729769) (3,3,2) (4,3,0.652233) (5,3,0.701689) (0,4,-0.115583) (2,4,0.759911) (3,4,0.652233) (4,4,2) (5,4,0.0824111) (1,5,0.02495) (2,5,0.710441) (3,5,0.701689) (4,5,0.0824111) (5,5,2) 
Minv:
size: 12 12
(0,0,1) (1,1,1) (2,2,2) (3,3,1) (4,4,1) (5,5,2) (6,6,1) (7,7,1) (8,8,2) (9,9,1) (10,10,1) (11,11,2) 
v0:
size: 12 1
(0,0,0.773602) (1,0,0.466112) (2,0,0) (3,0,0.725953) (4,0,0.0949859) (5,0,0) (6,0,-0.677196) (7,0,0.690728) (8,0,0) (9,0,0.0428418) (10,0,-0.776791) (11,0,0) 
ipopt_sol:
size: 6 1
(0,0,0.160146) (1,0,1.20635) (2,0,0.320062) (3,0,0.34653) (4,0,0.468694) (5,0,1.18935) 
policy_sol:
size: 6 1
(0,0,0) (1,0,1.05679) (2,0,0.540101) (3,0,0.556382) (4,0,0.313311) (5,0,1.04583) 

policy_converges:
1
ipopt_converges:
1
