solve status: 0
N:
size: 12 3
(0,0,-0.033688) (1,0,-0.999432) (3,0,0.033688) (4,0,0.999432) (3,1,-0.705094) (4,1,0.709114) (6,1,0.705094) (7,1,-0.709114) (6,2,0.0324149) (7,2,-0.999475) (9,2,-0.0324149) (10,2,0.999475) 
Q:
size: 3 3
(0,0,2) (1,0,0.684958) (0,1,0.684958) (1,1,2) (2,1,0.731597) (1,2,0.731597) (2,2,2) 
Minv:
size: 12 12
(0,0,1) (1,1,1) (2,2,2) (3,3,1) (4,4,1) (5,5,2) (6,6,1) (7,7,1) (8,8,2) (9,9,1) (10,10,1) (11,11,2) 
v0:
size: 12 1
(0,0,-0.881772) (1,0,0.646558) (2,0,0) (3,0,0.355199) (4,0,-0.558201) (5,0,0) (6,0,-0.175319) (7,0,0.583383) (8,0,0) (9,0,0.765053) (10,0,-0.267688) (11,0,0) 
ipopt_sol:
size: 3 1
(0,0,0.950591) (1,0,0.61847) (2,0,0.654871) 
policy_sol:
size: 3 1
(0,0,0.950591) (1,0,0.61847) (2,0,0.654871) 

policy_converges:
1
ipopt_converges:
1
