solve status: 0
N:
size: 12 1
(0,0,-0.0582137) (1,0,-0.998304) (3,0,0.0582137) (4,0,0.998304) 
Q:
size: 1 1
(0,0,2) 
Minv:
size: 12 12
(0,0,1) (1,1,1) (2,2,2) (3,3,1) (4,4,1) (5,5,2) (6,6,1) (7,7,1) (8,8,2) (9,9,1) (10,10,1) (11,11,2) 
v0:
size: 12 1
(0,0,-0.108891) (1,0,0.772593) (2,0,0) (3,0,-0.678292) (4,0,-0.822477) (5,0,0) (6,0,0.639396) (7,0,-0.815898) (8,0,0) (9,0,0.922144) (10,0,-0.296329) (11,0,0) 
ipopt_sol:
size: 1 1
(0,0,1.62551) 
policy_sol:
size: 1 1
(0,0,1.62551) 

policy_converges:
1
ipopt_converges:
1
