N:
size: 12 4
(0,0,-0.699334) (1,0,-0.714795) (9,0,0.699334) (10,0,0.714795) (3,1,-0.713904) (4,1,0.700243) (6,1,0.713904) (7,1,-0.700243) (3,2,-0.999634) (4,2,-0.027049) (9,2,0.999634) (10,2,0.027049) (6,3,0.0555553) (7,3,-0.998456) (9,3,-0.0555553) (10,3,0.998456) 
Q:
size: 4 4
(0,0,2) (2,0,0.718413) (3,0,0.674839) (1,1,2) (2,1,0.694702) (3,1,0.738823) (0,2,0.718413) (1,2,0.694702) (2,2,2) (3,2,-0.0285277) (0,3,0.674839) (1,3,0.738823) (2,3,-0.0285277) (3,3,2) 
Minv:
size: 12 12
(0,0,1) (1,1,1) (2,2,2) (3,3,1) (4,4,1) (5,5,2) (6,6,1) (7,7,1) (8,8,2) (9,9,1) (10,10,1) (11,11,2) 
v0:
size: 12 1
(0,0,0.0160085) (1,0,0.344381) (2,0,0) (3,0,0.238566) (4,0,0.372861) (5,0,0) (6,0,0.0207699) (7,0,0.694619) (8,0,0) (9,0,-0.224536) (10,0,0.248297) (11,0,0) 
ipopt_sol:
size: 4 1
(0,0,7.21246e-07) (1,0,0.0738304) (2,0,0.446521) (3,0,0.4111) 
policy_sol:
size: 4 1
(0,0,0) (1,0,0.0738294) (2,0,0.446521) (3,0,0.411101) 

policy_converges:
1
ipopt_converges:
0
