N:
size: 12 1
(6,0,-0.00212055) (7,0,-0.999998) (9,0,0.00212055) (10,0,0.999998) 
Q:
size: 1 1
(0,0,2) 
Minv:
size: 12 12
(0,0,1) (1,1,1) (2,2,2) (3,3,1) (4,4,1) (5,5,2) (6,6,1) (7,7,1) (8,8,2) (9,9,1) (10,10,1) (11,11,2) 
v0:
size: 12 1
(0,0,0.325469) (1,0,-0.142952) (2,0,0) (3,0,-0.592393) (4,0,0.695409) (5,0,0) (6,0,0.425728) (7,0,0.934476) (8,0,0) (9,0,0.808142) (10,0,0.365357) (11,0,0) 
ipopt_sol:
size: 1 1
(0,0,0.568307) 
policy_sol:
size: 1 1
(0,0,0.568307) 

policy_converges:
1
ipopt_converges:
1
