N:
size: 12 3
(0,0,-0.999685) (1,0,0.0251094) (6,0,0.999685) (7,0,-0.0251094) (3,1,-0.719588) (4,1,0.694402) (6,1,0.719588) (7,1,-0.694402) (3,2,-0.999998) (4,2,0.00195202) (9,2,0.999998) (10,2,-0.00195202) 
Q:
size: 3 3
(0,0,2) (1,0,0.736797) (0,1,0.736797) (1,1,2) (2,1,0.720942) (1,2,0.720942) (2,2,2) 
Minv:
size: 12 12
(0,0,1) (1,1,1) (2,2,2) (3,3,1) (4,4,1) (5,5,2) (6,6,1) (7,7,1) (8,8,2) (9,9,1) (10,10,1) (11,11,2) 
v0:
size: 12 1
(0,0,0.255999) (1,0,-0.938953) (2,0,0) (3,0,0.531539) (4,0,0.396378) (5,0,0) (6,0,-0.376522) (7,0,-0.540295) (8,0,0) (9,0,-0.521063) (10,0,0.441524) (11,0,0) 
ipopt_sol:
size: 3 1
(0,0,0.642332) (1,0,6.4144e-08) (2,0,1.05269) 
policy_sol:
size: 3 1
(0,0,0.642332) (1,0,0) (2,0,1.05269) 

policy_converges:
1
ipopt_converges:
1
