N:
size: 12 3
(3,0,-0.708145) (4,0,0.706067) (6,0,0.708145) (7,0,-0.706067) (3,1,-0.997129) (4,1,0.0757177) (9,1,0.997129) (10,1,-0.0757177) (6,2,0.0727777) (7,2,-0.997348) (9,2,-0.0727777) (10,2,0.997348) 
Q:
size: 3 3
(0,0,2) (1,0,0.759574) (2,0,0.755732) (0,1,0.759574) (1,1,2) (2,1,-0.148086) (0,2,0.755732) (1,2,-0.148086) (2,2,2) 
Minv:
size: 12 12
(0,0,1) (1,1,1) (2,2,2) (3,3,1) (4,4,1) (5,5,2) (6,6,1) (7,7,1) (8,8,2) (9,9,1) (10,10,1) (11,11,2) 
v0:
size: 12 1
(0,0,-0.044868) (1,0,-0.616822) (2,0,0) (3,0,0.672949) (4,0,0.080363) (5,0,0) (6,0,-0.10911) (7,0,0.751504) (8,0,0) (9,0,-0.0692509) (10,0,-0.162558) (11,0,0) 
ipopt_sol:
size: 3 1
(0,0,0.519468) (1,0,0.580754) (2,0,0.76125) 
policy_sol:
size: 3 1
(0,0,0.519468) (1,0,0.580754) (2,0,0.76125) 

policy_converges:
1
ipopt_converges:
1
