N:
size: 12 1
(0,0,0.00916196) (1,0,-0.999958) (3,0,-0.00916196) (4,0,0.999958) 
Q:
size: 1 1
(0,0,2) 
Minv:
size: 12 12
(0,0,1) (1,1,1) (2,2,2) (3,3,1) (4,4,1) (5,5,2) (6,6,1) (7,7,1) (8,8,2) (9,9,1) (10,10,1) (11,11,2) 
v0:
size: 12 1
(0,0,0.0522346) (1,0,0.350823) (2,0,0) (3,0,0.134537) (4,0,-0.716754) (5,0,0) (6,0,0.773003) (7,0,-0.563991) (8,0,0) (9,0,0.523939) (10,0,0.288158) (11,0,0) 
ipopt_sol:
size: 1 1
(0,0,1.06829) 
policy_sol:
size: 1 1
(0,0,1.06829) 

policy_converges:
1
ipopt_converges:
1
