N:
size: 12 2
(0,0,-0.99849) (1,0,-0.054928) (6,0,0.99849) (7,0,0.054928) (0,1,-0.70193) (1,1,-0.712246) (9,1,0.70193) (10,1,0.712246) 
Q:
size: 2 2
(0,0,2) (1,0,0.739992) (0,1,0.739992) (1,1,2) 
Minv:
size: 12 12
(0,0,1) (1,1,1) (2,2,2) (3,3,1) (4,4,1) (5,5,2) (6,6,1) (7,7,1) (8,8,2) (9,9,1) (10,10,1) (11,11,2) 
v0:
size: 12 1
(0,0,0.521735) (1,0,0.940797) (2,0,0) (3,0,-0.790164) (4,0,0.927146) (5,0,0) (6,0,-0.366277) (7,0,-0.364419) (8,0,0) (9,0,-0.0181961) (10,0,0.779444) (11,0,0) 
ipopt_sol:
size: 2 1
(0,0,0.898638) (1,0,0.161425) 
policy_sol:
size: 2 1
(0,0,0.898638) (1,0,0.161424) 

policy_converges:
1
ipopt_converges:
1
