N:
size: 12 2
(0,0,-0.999999) (1,0,-0.00116937) (6,0,0.999999) (7,0,0.00116937) (0,1,-0.668488) (1,1,-0.743723) (9,1,0.668488) (10,1,0.743723) 
Q:
size: 2 2
(0,0,2) (1,0,0.669357) (0,1,0.669357) (1,1,2) 
Minv:
size: 12 12
(0,0,1) (1,1,1) (2,2,2) (3,3,1) (4,4,1) (5,5,2) (6,6,1) (7,7,1) (8,8,2) (9,9,1) (10,10,1) (11,11,2) 
v0:
size: 12 1
(0,0,-0.137311) (1,0,0.575116) (2,0,0) (3,0,-0.748496) (4,0,0.90598) (5,0,0) (6,0,-0.739182) (7,0,-0.392078) (8,0,0) (9,0,0.710453) (10,0,-0.252136) (11,0,0) 
ipopt_sol:
size: 2 1
(0,0,0.603002) (1,0,2.96042e-07) 
policy_sol:
size: 2 1
(0,0,0.603002) (1,0,0) 

policy_converges:
1
ipopt_converges:
1
