N:
size: 12 1
(3,0,-0.999948) (4,0,-0.0101671) (9,0,0.999948) (10,0,0.0101671) 
Q:
size: 1 1
(0,0,2) 
Minv:
size: 12 12
(0,0,1) (1,1,1) (2,2,2) (3,3,1) (4,4,1) (5,5,2) (6,6,1) (7,7,1) (8,8,2) (9,9,1) (10,10,1) (11,11,2) 
v0:
size: 12 1
(0,0,-0.800656) (1,0,0.240273) (2,0,0) (3,0,0.114683) (4,0,0.7582) (5,0,0) (6,0,0.216956) (7,0,-0.575808) (8,0,0) (9,0,-0.253911) (10,0,0.299942) (11,0,0) 
ipopt_sol:
size: 1 1
(0,0,0.373235) 
policy_sol:
size: 1 1
(0,0,0.373235) 

policy_converges:
1
ipopt_converges:
1
