solve status: 0
N:
size: 12 1
(0,0,-0.0689191) (1,0,-0.997622) (3,0,0.0689191) (4,0,0.997622) 
Q:
size: 1 1
(0,0,2) 
Minv:
size: 12 12
(0,0,1) (1,1,1) (2,2,2) (3,3,1) (4,4,1) (5,5,2) (6,6,1) (7,7,1) (8,8,2) (9,9,1) (10,10,1) (11,11,2) 
v0:
size: 12 1
(0,0,0.12482) (1,0,0.85944) (2,0,0) (3,0,0.326781) (4,0,0.112076) (5,0,0) (6,0,0.424352) (7,0,-0.932739) (8,0,0) (9,0,0.918724) (10,0,0.284102) (11,0,0) 
ipopt_sol:
size: 1 1
(0,0,0.731668) 
policy_sol:
size: 1 1
(0,0,0.731668) 

policy_converges:
1
ipopt_converges:
1
