N:
size: 12 3
(0,0,-0.0790866) (1,0,-0.996868) (3,0,0.0790866) (4,0,0.996868) (0,1,-0.999871) (1,1,-0.0160374) (6,1,0.999871) (7,1,0.0160374) (3,2,-0.690343) (4,2,0.723483) (6,2,0.690343) (7,2,-0.723483) 
Q:
size: 3 3
(0,0,2) (1,0,0.0950636) (2,0,0.66662) (0,1,0.0950636) (1,1,2) (2,1,0.678651) (0,2,0.66662) (1,2,0.678651) (2,2,2) 
Minv:
size: 12 12
(0,0,1) (1,1,1) (2,2,2) (3,3,1) (4,4,1) (5,5,2) (6,6,1) (7,7,1) (8,8,2) (9,9,1) (10,10,1) (11,11,2) 
v0:
size: 12 1
(0,0,-0.800314) (1,0,0.438047) (2,0,0) (3,0,-0.581053) (4,0,-0.937856) (5,0,0) (6,0,-0.879411) (7,0,-0.460189) (8,0,0) (9,0,0.882837) (10,0,0.318836) (11,0,0) 
ipopt_sol:
size: 3 1
(0,0,1.3167) (1,0,2.35829e-05) (2,0,0.112678) 
policy_sol:
size: 3 1
(0,0,1.31669) (1,0,0) (2,0,0.112686) 

policy_converges:
1
ipopt_converges:
0
