N:
size: 12 1
(0,0,0.00905371) (1,0,-0.999959) (3,0,-0.00905371) (4,0,0.999959) 
Q:
size: 1 1
(0,0,2) 
Minv:
size: 12 12
(0,0,1) (1,1,1) (2,2,2) (3,3,1) (4,4,1) (5,5,2) (6,6,1) (7,7,1) (8,8,2) (9,9,1) (10,10,1) (11,11,2) 
v0:
size: 12 1
(0,0,0.609146) (1,0,-0.755576) (2,0,0) (3,0,-0.470977) (4,0,-0.965014) (5,0,0) (6,0,0.668886) (7,0,-0.14336) (8,0,0) (9,0,0.859545) (10,0,0.267408) (11,0,0) 
ipopt_sol:
size: 1 1
(0,0,0.19965) 
policy_sol:
size: 1 1
(0,0,0.19965) 

policy_converges:
1
ipopt_converges:
1
