N:
size: 12 2
(3,0,-0.666047) (4,0,0.74591) (6,0,0.666047) (7,0,-0.74591) (3,1,-0.997333) (4,1,0.0729867) (9,1,0.997333) (10,1,-0.0729867) 
Q:
size: 2 2
(0,0,2) (1,0,0.718712) (0,1,0.718712) (1,1,2) 
Minv:
size: 12 12
(0,0,1) (1,1,1) (2,2,2) (3,3,1) (4,4,1) (5,5,2) (6,6,1) (7,7,1) (8,8,2) (9,9,1) (10,10,1) (11,11,2) 
v0:
size: 12 1
(0,0,-0.785806) (1,0,-0.540056) (2,0,0) (3,0,0.732043) (4,0,-0.0933101) (5,0,0) (6,0,-0.00789401) (7,0,0.310779) (8,0,0) (9,0,-0.887093) (10,0,0.907623) (11,0,0) 
ipopt_sol:
size: 2 1
(0,0,0.215534) (1,0,1.61042) 
policy_sol:
size: 2 1
(0,0,0.215534) (1,0,1.61042) 

policy_converges:
1
ipopt_converges:
1
