N:
size: 12 1
(6,0,-0.0441417) (7,0,-0.999025) (9,0,0.0441417) (10,0,0.999025) 
Q:
size: 1 1
(0,0,2) 
Minv:
size: 12 12
(0,0,1) (1,1,1) (2,2,2) (3,3,1) (4,4,1) (5,5,2) (6,6,1) (7,7,1) (8,8,2) (9,9,1) (10,10,1) (11,11,2) 
v0:
size: 12 1
(0,0,-0.165891) (1,0,-0.986493) (2,0,0) (3,0,-0.528704) (4,0,0.931498) (5,0,0) (6,0,0.225317) (7,0,0.363425) (8,0,0) (9,0,0.330463) (10,0,-0.0390482) (11,0,0) 
ipopt_sol:
size: 1 1
(0,0,0.39744) 
policy_sol:
size: 1 1
(0,0,0.39744) 

policy_converges:
1
ipopt_converges:
1
