solve status: 0
N:
size: 12 3
(0,0,-0.999447) (1,0,0.0332386) (6,0,0.999447) (7,0,-0.0332386) (3,1,-0.67431) (4,1,0.738449) (6,1,0.67431) (7,1,-0.738449) (6,2,-0.0484803) (7,2,-0.998824) (9,2,0.0484803) (10,2,0.998824) 
Q:
size: 3 3
(0,0,2) (1,0,0.698482) (2,0,-0.015254) (0,1,0.698482) (1,1,2) (2,1,0.70489) (0,2,-0.015254) (1,2,0.70489) (2,2,2) 
Minv:
size: 12 12
(0,0,1) (1,1,1) (2,2,2) (3,3,1) (4,4,1) (5,5,2) (6,6,1) (7,7,1) (8,8,2) (9,9,1) (10,10,1) (11,11,2) 
v0:
size: 12 1
(0,0,0.963995) (1,0,-0.994641) (2,0,0) (3,0,-0.197959) (4,0,-0.656414) (5,0,0) (6,0,-0.614246) (7,0,0.847868) (8,0,0) (9,0,0.406607) (10,0,0.710594) (11,0,0) 
ipopt_sol:
size: 3 1
(0,0,1.31274) (1,0,0.933078) (2,0,0) 
policy_sol:
size: 3 1
(0,0,1.31274) (1,0,0.933078) (2,0,0) 

policy_converges:
1
ipopt_converges:
0
