solve status: 0
N:
size: 12 3
(0,0,-0.7339) (1,0,-0.679258) (9,0,0.7339) (10,0,0.679258) (3,1,-0.998485) (4,1,-0.0550167) (9,1,0.998485) (10,1,0.0550167) (6,2,-0.0535209) (7,2,-0.998567) (9,2,0.0535209) (10,2,0.998567) 
Q:
size: 3 3
(0,0,2) (1,0,0.770159) (2,0,0.717563) (0,1,0.770159) (1,1,2) (2,1,0.108378) (0,2,0.717563) (1,2,0.108378) (2,2,2) 
Minv:
size: 12 12
(0,0,1) (1,1,1) (2,2,2) (3,3,1) (4,4,1) (5,5,2) (6,6,1) (7,7,1) (8,8,2) (9,9,1) (10,10,1) (11,11,2) 
v0:
size: 12 1
(0,0,0.280976) (1,0,0.272851) (2,0,0) (3,0,0.34197) (4,0,0.750806) (5,0,0) (6,0,0.621919) (7,0,0.600892) (8,0,0) (9,0,-0.373196) (10,0,-0.990253) (11,0,0) 
ipopt_sol:
size: 3 1
(0,0,0.657287) (1,0,0.481972) (2,0,1.38018) 
policy_sol:
size: 3 1
(0,0,0.657287) (1,0,0.481972) (2,0,1.38018) 

policy_converges:
1
ipopt_converges:
1
