N:
size: 12 4
(0,0,-0.998111) (1,0,0.0614308) (6,0,0.998111) (7,0,-0.0614308) (0,1,-0.683285) (1,1,-0.730152) (9,1,0.683285) (10,1,0.730152) (3,2,-0.690546) (4,2,0.723288) (6,2,0.690546) (7,2,-0.723288) (6,3,0.00509132) (7,3,-0.999987) (9,3,-0.00509132) (10,3,0.999987) 
Q:
size: 4 4
(0,0,2) (1,0,0.63714) (2,0,0.733674) (3,0,0.0665117) (0,1,0.63714) (1,1,2) (3,1,0.726664) (0,2,0.733674) (2,2,2) (3,2,0.726795) (0,3,0.0665117) (1,3,0.726664) (2,3,0.726795) (3,3,2) 
Minv:
size: 12 12
(0,0,1) (1,1,1) (2,2,2) (3,3,1) (4,4,1) (5,5,2) (6,6,1) (7,7,1) (8,8,2) (9,9,1) (10,10,1) (11,11,2) 
v0:
size: 12 1
(0,0,0.92771) (1,0,0.165626) (2,0,0) (3,0,-0.801028) (4,0,0.293787) (5,0,0) (6,0,-0.986432) (7,0,0.312441) (8,0,0) (9,0,0.323633) (10,0,0.311742) (11,0,0) 
ipopt_sol:
size: 4 1
(0,0,1.91955) (1,0,1.39007e-07) (2,0,7.08401e-08) (3,0,8.40852e-07) 
policy_sol:
size: 4 1
(0,0,1.91955) (1,0,0) (2,0,0) (3,0,0) 

policy_converges:
1
ipopt_converges:
1
