N:
size: 12 4
(0,0,-0.0692785) (1,0,-0.997597) (3,0,0.0692785) (4,0,0.997597) (0,1,-0.99987) (1,1,-0.0160981) (6,1,0.99987) (7,1,0.0160981) (3,2,-0.698843) (4,2,0.715275) (6,2,0.698843) (7,2,-0.715275) (6,3,0.0306662) (7,3,-0.99953) (9,3,-0.0306662) (10,3,0.99953) 
Q:
size: 4 4
(0,0,2) (1,0,0.085329) (2,0,0.665141) (0,1,0.085329) (1,1,2) (2,1,0.687238) (3,1,0.0145716) (0,2,0.665141) (1,2,0.687238) (2,2,2) (3,2,0.736369) (1,3,0.0145716) (2,3,0.736369) (3,3,2) 
Minv:
size: 12 12
(0,0,1) (1,1,1) (2,2,2) (3,3,1) (4,4,1) (5,5,2) (6,6,1) (7,7,1) (8,8,2) (9,9,1) (10,10,1) (11,11,2) 
v0:
size: 12 1
(0,0,-0.13386) (1,0,-0.0354001) (2,0,0) (3,0,-0.2674) (4,0,-0.466018) (5,0,0) (6,0,-0.963931) (7,0,0.416991) (8,0,0) (9,0,0.611788) (10,0,-0.578835) (11,0,0) 
ipopt_sol:
size: 4 1
(0,0,0.243514) (1,0,0.632134) (2,0,0.506212) (3,0,0.852694) 
policy_sol:
size: 4 1
(0,0,0.243513) (1,0,0.632134) (2,0,0.506212) (3,0,0.852693) 

policy_converges:
1
ipopt_converges:
1
