N:
size: 12 1
(3,0,-0.999906) (4,0,-0.013744) (9,0,0.999906) (10,0,0.013744) 
Q:
size: 1 1
(0,0,2) 
Minv:
size: 12 12
(0,0,1) (1,1,1) (2,2,2) (3,3,1) (4,4,1) (5,5,2) (6,6,1) (7,7,1) (8,8,2) (9,9,1) (10,10,1) (11,11,2) 
v0:
size: 12 1
(0,0,0.213663) (1,0,-0.270617) (2,0,0) (3,0,0.755057) (4,0,0.808702) (5,0,0) (6,0,0.56859) (7,0,-0.552269) (8,0,0) (9,0,0.0264824) (10,0,0.435317) (11,0,0) 
ipopt_sol:
size: 1 1
(0,0,0.733638) 
policy_sol:
size: 1 1
(0,0,0.733638) 

policy_converges:
1
ipopt_converges:
1
