N:
size: 12 3
(0,0,-0.999377) (1,0,0.0352997) (6,0,0.999377) (7,0,-0.0352997) (3,1,-0.688235) (4,1,0.725488) (6,1,0.688235) (7,1,-0.725488) (6,2,0.0123401) (7,2,-0.999924) (9,2,-0.0123401) (10,2,0.999924) 
Q:
size: 3 3
(0,0,2) (1,0,0.713415) (2,0,0.0476294) (0,1,0.713415) (1,1,2) (2,1,0.733926) (0,2,0.0476294) (1,2,0.733926) (2,2,2) 
Minv:
size: 12 12
(0,0,1) (1,1,1) (2,2,2) (3,3,1) (4,4,1) (5,5,2) (6,6,1) (7,7,1) (8,8,2) (9,9,1) (10,10,1) (11,11,2) 
v0:
size: 12 1
(0,0,-0.32799) (1,0,-0.728607) (2,0,0) (3,0,-0.678129) (4,0,0.669867) (5,0,0) (6,0,-0.442448) (7,0,0.95581) (8,0,0) (9,0,0.704487) (10,0,0.923514) (11,0,0) 
ipopt_sol:
size: 3 1
(0,0,0.172838) (1,0,1.52839e-06) (2,0,0.0423313) 
policy_sol:
size: 3 1
(0,0,0.172838) (1,0,0) (2,0,0.0423308) 

policy_converges:
1
ipopt_converges:
0
