N:
size: 12 4
(0,0,-0.997039) (1,0,-0.0768911) (6,0,0.997039) (7,0,0.0768911) (3,1,-0.730211) (4,1,0.683221) (6,1,0.730211) (7,1,-0.683221) (3,2,-0.999974) (4,2,0.00726863) (9,2,0.999974) (10,2,-0.00726863) (6,3,0.00814917) (7,3,-0.999967) (9,3,-0.00814917) (10,3,0.999967) 
Q:
size: 4 4
(0,0,2) (1,0,0.675516) (3,0,-0.0687635) (0,1,0.675516) (1,1,2) (2,1,0.735158) (3,1,0.689149) (1,2,0.735158) (2,2,2) (3,2,-0.0154173) (0,3,-0.0687635) (1,3,0.689149) (2,3,-0.0154173) (3,3,2) 
Minv:
size: 12 12
(0,0,1) (1,1,1) (2,2,2) (3,3,1) (4,4,1) (5,5,2) (6,6,1) (7,7,1) (8,8,2) (9,9,1) (10,10,1) (11,11,2) 
v0:
size: 12 1
(0,0,-0.146129) (1,0,-0.471689) (2,0,0) (3,0,0.289195) (4,0,0.637244) (5,0,0) (6,0,-0.508043) (7,0,0.688138) (8,0,0) (9,0,-0.359867) (10,0,0.0111705) (11,0,0) 
ipopt_sol:
size: 4 1
(0,0,0.273342) (1,0,0.0632876) (2,0,0.626401) (3,0,0.670572) 
policy_sol:
size: 4 1
(0,0,0.273342) (1,0,0.0632866) (2,0,0.626401) (3,0,0.670573) 

policy_converges:
1
ipopt_converges:
0
