N:
size: 12 6
(0,0,-0.0493867) (1,0,-0.99878) (3,0,0.0493867) (4,0,0.99878) (0,1,-0.996389) (1,1,-0.0849031) (6,1,0.996389) (7,1,0.0849031) (0,2,-0.707039) (1,2,-0.707175) (9,2,0.707039) (10,2,0.707175) (3,3,-0.718472) (4,3,0.695556) (6,3,0.718472) (7,3,-0.695556) (3,4,-0.998943) (4,4,-0.0459758) (9,4,0.998943) (10,4,0.0459758) (6,5,-0.0528042) (7,5,-0.998605) (9,5,0.0528042) (10,5,0.998605) 
Q:
size: 6 6
(0,0,2) (1,0,0.134008) (2,0,0.74123) (3,0,0.659225) (4,0,-0.0952542) (0,1,0.134008) (1,1,2) (2,1,0.764527) (3,1,0.656822) (5,1,-0.137398) (0,2,0.74123) (1,2,0.764527) (2,2,2) (4,2,0.738804) (5,2,0.743523) (0,3,0.659225) (1,3,0.656822) (3,3,2) (4,3,0.685733) (5,3,0.656648) (0,4,-0.0952542) (2,4,0.738804) (3,4,0.685733) (4,4,2) (5,4,0.0986601) (1,5,-0.137398) (2,5,0.743523) (3,5,0.656648) (4,5,0.0986601) (5,5,2) 
Minv:
size: 12 12
(0,0,1) (1,1,1) (2,2,2) (3,3,1) (4,4,1) (5,5,2) (6,6,1) (7,7,1) (8,8,2) (9,9,1) (10,10,1) (11,11,2) 
v0:
size: 12 1
(0,0,0.602787) (1,0,-0.0970114) (2,0,0) (3,0,-0.238384) (4,0,-0.46609) (5,0,0) (6,0,-0.829493) (7,0,0.783169) (8,0,0) (9,0,-0.630066) (10,0,0.545439) (11,0,0) 
ipopt_sol:
size: 6 1
(0,0,0.0351185) (1,0,1.04477) (2,0,7.00889e-05) (3,0,0.92941) (4,0,0.0277447) (5,0,3.52766e-05) 
policy_sol:
size: 6 1
(0,0,0.0351498) (1,0,1.0448) (2,0,0) (3,0,0.92939) (4,0,0.0277795) (5,0,0) 

policy_converges:
1
ipopt_converges:
0
