solve status: 0
N:
size: 12 4
(0,0,0.0211696) (1,0,-0.999776) (3,0,-0.0211696) (4,0,0.999776) (0,1,-0.731373) (1,1,-0.681978) (9,1,0.731373) (10,1,0.681978) (3,2,-0.737711) (4,2,0.675117) (6,2,0.737711) (7,2,-0.675117) (3,3,-0.999594) (4,3,-0.0285019) (9,3,0.999594) (10,3,0.0285019) 
Q:
size: 4 4
(0,0,2) (1,0,0.666342) (2,0,0.690583) (3,0,-0.00733452) (0,1,0.666342) (1,1,2) (3,1,0.750514) (0,2,0.690583) (2,2,2) (3,2,0.718169) (0,3,-0.00733452) (1,3,0.750514) (2,3,0.718169) (3,3,2) 
Minv:
size: 12 12
(0,0,1) (1,1,1) (2,2,2) (3,3,1) (4,4,1) (5,5,2) (6,6,1) (7,7,1) (8,8,2) (9,9,1) (10,10,1) (11,11,2) 
v0:
size: 12 1
(0,0,-0.549825) (1,0,0.210225) (2,0,0) (3,0,-0.12455) (4,0,-0.300852) (5,0,0) (6,0,-0.400893) (7,0,0.0134081) (8,0,0) (9,0,-0.691977) (10,0,0.165388) (11,0,0) 
ipopt_sol:
size: 4 1
(0,0,0.505297) (1,0,0) (2,0,0.0481983) (3,0,0.538453) 
policy_sol:
size: 4 1
(0,0,0.505297) (1,0,0) (2,0,0.0481983) (3,0,0.538453) 

policy_converges:
1
ipopt_converges:
0
