N:
size: 12 2
(0,0,0.0336416) (1,0,-0.999434) (3,0,-0.0336416) (4,0,0.999434) (0,1,-0.999277) (1,1,0.0380074) (6,1,0.999277) (7,1,-0.0380074) 
Q:
size: 2 2
(0,0,2) (1,0,-0.0716031) (0,1,-0.0716031) (1,1,2) 
Minv:
size: 12 12
(0,0,1) (1,1,1) (2,2,2) (3,3,1) (4,4,1) (5,5,2) (6,6,1) (7,7,1) (8,8,2) (9,9,1) (10,10,1) (11,11,2) 
v0:
size: 12 1
(0,0,0.970723) (1,0,-0.576486) (2,0,0) (3,0,-0.497475) (4,0,-0.810044) (5,0,0) (6,0,0.47438) (7,0,0.173056) (8,0,0) (9,0,0.276276) (10,0,0.753663) (11,0,0) 
ipopt_sol:
size: 2 1
(0,0,0.20307) (1,0,0.531743) 
policy_sol:
size: 2 1
(0,0,0.20307) (1,0,0.531743) 

policy_converges:
1
ipopt_converges:
1
