N:
size: 12 2
(0,0,-0.672686) (1,0,-0.739928) (9,0,0.672686) (10,0,0.739928) (3,1,-0.998664) (4,1,-0.0516829) (9,1,0.998664) (10,1,0.0516829) 
Q:
size: 2 2
(0,0,2) (1,0,0.710028) (0,1,0.710028) (1,1,2) 
Minv:
size: 12 12
(0,0,1) (1,1,1) (2,2,2) (3,3,1) (4,4,1) (5,5,2) (6,6,1) (7,7,1) (8,8,2) (9,9,1) (10,10,1) (11,11,2) 
v0:
size: 12 1
(0,0,-0.976955) (1,0,0.134942) (2,0,0) (3,0,0.23893) (4,0,0.449478) (5,0,0) (6,0,0.923038) (7,0,-0.739228) (8,0,0) (9,0,-0.973793) (10,0,-0.742722) (11,0,0) 
ipopt_sol:
size: 2 1
(0,0,0.223634) (1,0,1.19333) 
policy_sol:
size: 2 1
(0,0,0.223634) (1,0,1.19333) 

policy_converges:
1
ipopt_converges:
1
