solve status: 0
N:
size: 12 5
(0,0,-0.0536871) (1,0,-0.998558) (3,0,0.0536871) (4,0,0.998558) (0,1,-0.998847) (1,1,0.0480096) (6,1,0.998847) (7,1,-0.0480096) (0,2,-0.728252) (1,2,-0.68531) (9,2,0.728252) (10,2,0.68531) (3,3,-0.706329) (4,3,0.707884) (6,3,0.706329) (7,3,-0.707884) (6,4,0.0215203) (7,4,-0.999768) (9,4,-0.0215203) (10,4,0.999768) 
Q:
size: 5 5
(0,0,2) (1,0,0.00568485) (2,0,0.723419) (3,0,0.668942) (0,1,0.00568485) (1,1,2) (2,1,0.69451) (3,1,0.7395) (4,1,0.069494) (0,2,0.723419) (1,2,0.69451) (2,2,2) (4,2,0.669479) (0,3,0.668942) (1,3,0.7395) (3,3,2) (4,3,0.72292) (1,4,0.069494) (2,4,0.669479) (3,4,0.72292) (4,4,2) 
Minv:
size: 12 12
(0,0,1) (1,1,1) (2,2,2) (3,3,1) (4,4,1) (5,5,2) (6,6,1) (7,7,1) (8,8,2) (9,9,1) (10,10,1) (11,11,2) 
v0:
size: 12 1
(0,0,0.919025) (1,0,0.350693) (2,0,0) (3,0,-0.433947) (4,0,-0.721311) (5,0,0) (6,0,-0.168556) (7,0,-0.42166) (8,0,0) (9,0,0.55113) (10,0,-0.846433) (11,0,0) 
ipopt_sol:
size: 5 1
(0,0,1.03824) (1,0,0.937315) (2,0,0.28251) (3,0,0) (4,0,0.313027) 
policy_sol:
size: 5 1
(0,0,1.03824) (1,0,0.937315) (2,0,0.28251) (3,0,0) (4,0,0.313027) 

policy_converges:
1
ipopt_converges:
0
