N:
size: 12 4
(0,0,0.0125834) (1,0,-0.999921) (3,0,-0.0125834) (4,0,0.999921) (0,1,-0.996843) (1,1,-0.0794031) (6,1,0.996843) (7,1,0.0794031) (0,2,-0.701691) (1,2,-0.712481) (9,2,0.701691) (10,2,0.712481) (3,3,-0.999541) (4,3,0.03028) (9,3,0.999541) (10,3,-0.03028) 
Q:
size: 4 4
(0,0,2) (1,0,0.0668532) (2,0,0.703595) (3,0,0.0428552) (0,1,0.0668532) (1,1,2) (2,1,0.756049) (0,2,0.703595) (1,2,0.756049) (2,2,2) (3,2,0.679796) (0,3,0.0428552) (2,3,0.679796) (3,3,2) 
Minv:
size: 12 12
(0,0,1) (1,1,1) (2,2,2) (3,3,1) (4,4,1) (5,5,2) (6,6,1) (7,7,1) (8,8,2) (9,9,1) (10,10,1) (11,11,2) 
v0:
size: 12 1
(0,0,-0.79839) (1,0,0.844555) (2,0,0) (3,0,-0.791408) (4,0,0.338318) (5,0,0) (6,0,-0.868951) (7,0,-0.755827) (8,0,0) (9,0,-0.973941) (10,0,-0.483166) (11,0,0) 
ipopt_sol:
size: 4 1
(0,0,0.148541) (1,0,2.26853e-07) (2,0,1.0169) (3,0,2.27742e-07) 
policy_sol:
size: 4 1
(0,0,0.148541) (1,0,0) (2,0,1.0169) (3,0,0) 

policy_converges:
1
ipopt_converges:
1
