solve status: 0
N:
size: 12 4
(0,0,0.0285023) (1,0,-0.999594) (3,0,-0.0285023) (4,0,0.999594) (0,1,-0.998624) (1,1,-0.0524378) (6,1,0.998624) (7,1,0.0524378) (3,2,-0.693219) (4,2,0.720727) (6,2,0.693219) (7,2,-0.720727) (3,3,-0.999684) (4,3,0.0251496) (9,3,0.999684) (10,3,-0.0251496) 
Q:
size: 4 4
(0,0,2) (1,0,0.0239534) (2,0,0.740193) (3,0,0.0536327) (0,1,0.0239534) (1,1,2) (2,1,0.654472) (0,2,0.740193) (1,2,0.654472) (2,2,2) (3,2,0.711126) (0,3,0.0536327) (2,3,0.711126) (3,3,2) 
Minv:
size: 12 12
(0,0,1) (1,1,1) (2,2,2) (3,3,1) (4,4,1) (5,5,2) (6,6,1) (7,7,1) (8,8,2) (9,9,1) (10,10,1) (11,11,2) 
v0:
size: 12 1
(0,0,-0.0254918) (1,0,0.00199162) (2,0,0) (3,0,-0.266613) (4,0,-0.583811) (5,0,0) (6,0,-0.637903) (7,0,0.563043) (8,0,0) (9,0,-0.470814) (10,0,0.929674) (11,0,0) 
ipopt_sol:
size: 4 1
(0,0,0.241644) (1,0,0.284249) (2,0,0.901506) (3,0,0) 
policy_sol:
size: 4 1
(0,0,0.241644) (1,0,0.284249) (2,0,0.901506) (3,0,0) 

policy_converges:
1
ipopt_converges:
0
