N:
size: 12 3
(0,0,-0.726547) (1,0,-0.687117) (9,0,0.726547) (10,0,0.687117) (3,1,-0.99998) (4,1,0.00631426) (9,1,0.99998) (10,1,-0.00631426) (6,2,0.0280102) (7,2,-0.999608) (9,2,-0.0280102) (10,2,0.999608) 
Q:
size: 3 3
(0,0,2) (1,0,0.722194) (2,0,0.666497) (0,1,0.722194) (1,1,2) (2,1,-0.0343214) (0,2,0.666497) (1,2,-0.0343214) (2,2,2) 
Minv:
size: 12 12
(0,0,1) (1,1,1) (2,2,2) (3,3,1) (4,4,1) (5,5,2) (6,6,1) (7,7,1) (8,8,2) (9,9,1) (10,10,1) (11,11,2) 
v0:
size: 12 1
(0,0,-0.441615) (1,0,-0.514137) (2,0,0) (3,0,0.504988) (4,0,0.212825) (5,0,0) (6,0,0.926547) (7,0,-0.224626) (8,0,0) (9,0,-0.557424) (10,0,-0.605037) (11,0,0) 
ipopt_sol:
size: 3 1
(0,0,1.17593e-07) (1,0,1.06335) (2,0,0.356943) 
policy_sol:
size: 3 1
(0,0,0) (1,0,1.06335) (2,0,0.356943) 

policy_converges:
1
ipopt_converges:
1
