N:
size: 12 1
(6,0,-0.00582943) (7,0,-0.999983) (9,0,0.00582943) (10,0,0.999983) 
Q:
size: 1 1
(0,0,2) 
Minv:
size: 12 12
(0,0,1) (1,1,1) (2,2,2) (3,3,1) (4,4,1) (5,5,2) (6,6,1) (7,7,1) (8,8,2) (9,9,1) (10,10,1) (11,11,2) 
v0:
size: 12 1
(0,0,-0.0607) (1,0,-0.569122) (2,0,0) (3,0,-0.458746) (4,0,0.653035) (5,0,0) (6,0,0.0846427) (7,0,0.458642) (8,0,0) (9,0,0.842806) (10,0,-0.931735) (11,0,0) 
ipopt_sol:
size: 1 1
(0,0,1.38593) 
policy_sol:
size: 1 1
(0,0,1.38593) 

policy_converges:
1
ipopt_converges:
1
