N:
size: 12 2
(3,0,-0.996382) (4,0,-0.0849927) (9,0,0.996382) (10,0,0.0849927) (6,1,-0.0169104) (7,1,-0.999857) (9,1,0.0169104) (10,1,0.999857) 
Q:
size: 2 2
(0,0,2) (1,0,0.10183) (0,1,0.10183) (1,1,2) 
Minv:
size: 12 12
(0,0,1) (1,1,1) (2,2,2) (3,3,1) (4,4,1) (5,5,2) (6,6,1) (7,7,1) (8,8,2) (9,9,1) (10,10,1) (11,11,2) 
v0:
size: 12 1
(0,0,-0.467651) (1,0,-0.0386857) (2,0,0) (3,0,-0.282669) (4,0,0.343247) (5,0,0) (6,0,0.254335) (7,0,0.723112) (8,0,0) (9,0,-0.599634) (10,0,0.123302) (11,0,0) 
ipopt_sol:
size: 2 1
(0,0,0.30403) (1,0,0.598685) 
policy_sol:
size: 2 1
(0,0,0.30403) (1,0,0.598685) 

policy_converges:
1
ipopt_converges:
1
