N:
size: 12 5
(0,0,-0.062227) (1,0,-0.998062) (3,0,0.062227) (4,0,0.998062) (0,1,-0.999313) (1,1,-0.0370494) (6,1,0.999313) (7,1,0.0370494) (3,2,-0.703258) (4,2,0.710934) (6,2,0.703258) (7,2,-0.710934) (3,3,-0.999065) (4,3,-0.0432407) (9,3,0.999065) (10,3,0.0432407) (6,4,-0.0324538) (7,4,-0.999473) (9,4,0.0324538) (10,4,0.999473) 
Q:
size: 5 5
(0,0,2) (1,0,0.0991619) (2,0,0.665795) (3,0,-0.105326) (0,1,0.0991619) (1,1,2) (2,1,0.676436) (4,1,-0.0694615) (0,2,0.665795) (1,2,0.676436) (2,2,2) (3,2,0.671859) (4,2,0.687736) (0,3,-0.105326) (2,3,0.671859) (3,3,2) (4,3,0.0756413) (1,4,-0.0694615) (2,4,0.687736) (3,4,0.0756413) (4,4,2) 
Minv:
size: 12 12
(0,0,1) (1,1,1) (2,2,2) (3,3,1) (4,4,1) (5,5,2) (6,6,1) (7,7,1) (8,8,2) (9,9,1) (10,10,1) (11,11,2) 
v0:
size: 12 1
(0,0,-0.407638) (1,0,-0.145245) (2,0,0) (3,0,-0.141571) (4,0,-0.175881) (5,0,0) (6,0,-0.612684) (7,0,0.816797) (8,0,0) (9,0,-0.556857) (10,0,0.197073) (11,0,0) 
ipopt_sol:
size: 5 1
(0,0,1.50652e-07) (1,0,3.50098e-07) (2,0,0.904732) (3,0,0.0833727) (4,0,0.303324) 
policy_sol:
size: 5 1
(0,0,0) (1,0,0) (2,0,0.904733) (3,0,0.0833719) (4,0,0.303324) 

policy_converges:
1
ipopt_converges:
0
