solve status: 0
N:
size: 12 5
(0,0,-0.0148456) (1,0,-0.99989) (3,0,0.0148456) (4,0,0.99989) (0,1,-0.711989) (1,1,-0.70219) (9,1,0.711989) (10,1,0.70219) (3,2,-0.722916) (4,2,0.690936) (6,2,0.722916) (7,2,-0.690936) (3,3,-0.99991) (4,3,-0.0133904) (9,3,0.99991) (10,3,0.0133904) (6,4,0.0243041) (7,4,-0.999705) (9,4,-0.0243041) (10,4,0.999705) 
Q:
size: 5 5
(0,0,2) (1,0,0.712683) (2,0,0.680128) (3,0,-0.0282332) (0,1,0.712683) (1,1,2) (3,1,0.721328) (4,1,0.684679) (0,2,0.680128) (2,2,2) (3,2,0.713599) (4,2,0.708301) (0,3,-0.0282332) (1,3,0.721328) (2,3,0.713599) (3,3,2) (4,3,-0.0109154) (1,4,0.684679) (2,4,0.708301) (3,4,-0.0109154) (4,4,2) 
Minv:
size: 12 12
(0,0,1) (1,1,1) (2,2,2) (3,3,1) (4,4,1) (5,5,2) (6,6,1) (7,7,1) (8,8,2) (9,9,1) (10,10,1) (11,11,2) 
v0:
size: 12 1
(0,0,-0.977988) (1,0,-0.496617) (2,0,0) (3,0,0.462247) (4,0,-0.656655) (5,0,0) (6,0,-0.0230796) (7,0,0.0742491) (8,0,0) (9,0,-0.568235) (10,0,-0.916209) (11,0,0) 
ipopt_sol:
size: 5 1
(0,0,0.10699) (1,0,0) (2,0,0.134274) (3,0,0.992568) (4,0,0.93478) 
policy_sol:
size: 5 1
(0,0,0.10699) (1,0,0) (2,0,0.134274) (3,0,0.992568) (4,0,0.93478) 

policy_converges:
1
ipopt_converges:
0
