N:
size: 12 1
(0,0,0.00465927) (1,0,-0.999989) (3,0,-0.00465927) (4,0,0.999989) 
Q:
size: 1 1
(0,0,2) 
Minv:
size: 12 12
(0,0,1) (1,1,1) (2,2,2) (3,3,1) (4,4,1) (5,5,2) (6,6,1) (7,7,1) (8,8,2) (9,9,1) (10,10,1) (11,11,2) 
v0:
size: 12 1
(0,0,-0.569038) (1,0,0.658559) (2,0,0) (3,0,-0.77909) (4,0,-0.246999) (5,0,0) (6,0,-0.514648) (7,0,-0.0535909) (8,0,0) (9,0,0.203651) (10,0,0.0229725) (11,0,0) 
ipopt_sol:
size: 1 1
(0,0,0.90457) 
policy_sol:
size: 1 1
(0,0,0.90457) 

policy_converges:
1
ipopt_converges:
1
