solve status: 0
N:
size: 12 4
(0,0,-0.038064) (1,0,-0.999275) (3,0,0.038064) (4,0,0.999275) (0,1,-0.999933) (1,1,0.0116068) (6,1,0.999933) (7,1,-0.0116068) (0,2,-0.753182) (1,2,-0.657812) (9,2,0.753182) (10,2,0.657812) (3,3,-0.999531) (4,3,0.0306318) (9,3,0.999531) (10,3,-0.0306318) 
Q:
size: 4 4
(0,0,2) (1,0,0.0264631) (2,0,0.686004) (3,0,-0.00743651) (0,1,0.0264631) (1,1,2) (2,1,0.745497) (0,2,0.686004) (1,2,0.745497) (2,2,2) (3,2,0.732679) (0,3,-0.00743651) (2,3,0.732679) (3,3,2) 
Minv:
size: 12 12
(0,0,1) (1,1,1) (2,2,2) (3,3,1) (4,4,1) (5,5,2) (6,6,1) (7,7,1) (8,8,2) (9,9,1) (10,10,1) (11,11,2) 
v0:
size: 12 1
(0,0,0.993181) (1,0,0.848079) (2,0,0) (3,0,-0.629733) (4,0,0.553423) (5,0,0) (6,0,-0.371821) (7,0,-0.718728) (8,0,0) (9,0,-0.681954) (10,0,0.876508) (11,0,0) 
ipopt_sol:
size: 4 1
(0,0,0.054744) (1,0,1.03324) (2,0,0.839066) (3,0,0) 
policy_sol:
size: 4 1
(0,0,0.054744) (1,0,1.03324) (2,0,0.839066) (3,0,0) 

policy_converges:
1
ipopt_converges:
0
