N:
size: 12 4
(0,0,-0.999959) (1,0,-0.00907726) (6,0,0.999959) (7,0,0.00907726) (0,1,-0.711504) (1,1,-0.702682) (9,1,0.711504) (10,1,0.702682) (3,2,-0.743573) (4,2,0.668655) (6,2,0.743573) (7,2,-0.668655) (6,3,0.0408517) (7,3,-0.999165) (9,3,-0.0408517) (10,3,0.999165) 
Q:
size: 4 4
(0,0,2) (1,0,0.717853) (2,0,0.737473) (3,0,0.0317803) (0,1,0.717853) (1,1,2) (3,1,0.673029) (0,2,0.737473) (2,2,2) (3,2,0.698473) (0,3,0.0317803) (1,3,0.673029) (2,3,0.698473) (3,3,2) 
Minv:
size: 12 12
(0,0,1) (1,1,1) (2,2,2) (3,3,1) (4,4,1) (5,5,2) (6,6,1) (7,7,1) (8,8,2) (9,9,1) (10,10,1) (11,11,2) 
v0:
size: 12 1
(0,0,0.973153) (1,0,-0.75307) (2,0,0) (3,0,-0.297083) (4,0,-0.690143) (5,0,0) (6,0,-0.341226) (7,0,-0.351827) (8,0,0) (9,0,0.828645) (10,0,-0.689663) (11,0,0) 
ipopt_sol:
size: 4 1
(0,0,1.30489) (1,0,7.53189e-08) (2,0,1.20095e-07) (3,0,0.364611) 
policy_sol:
size: 4 1
(0,0,1.30489) (1,0,0) (2,0,0) (3,0,0.36461) 

policy_converges:
1
ipopt_converges:
1
