N:
size: 12 3
(0,0,-0.999812) (1,0,-0.0193649) (6,0,0.999812) (7,0,0.0193649) (3,1,-0.720295) (4,1,0.693668) (6,1,0.720295) (7,1,-0.693668) (6,2,0.0207348) (7,2,-0.999785) (9,2,-0.0207348) (10,2,0.999785) 
Q:
size: 3 3
(0,0,2) (1,0,0.706727) (2,0,0.00137018) (0,1,0.706727) (1,1,2) (2,1,0.708454) (0,2,0.00137018) (1,2,0.708454) (2,2,2) 
Minv:
size: 12 12
(0,0,1) (1,1,1) (2,2,2) (3,3,1) (4,4,1) (5,5,2) (6,6,1) (7,7,1) (8,8,2) (9,9,1) (10,10,1) (11,11,2) 
v0:
size: 12 1
(0,0,-0.0917383) (1,0,-0.45501) (2,0,0) (3,0,0.214569) (4,0,-0.13942) (5,0,0) (6,0,-0.698214) (7,0,0.668238) (8,0,0) (9,0,0.456735) (10,0,0.0710918) (11,0,0) 
ipopt_sol:
size: 3 1
(0,0,0.211455) (1,0,1.05553) (2,0,0.246922) 
policy_sol:
size: 3 1
(0,0,0.211455) (1,0,1.05553) (2,0,0.246922) 

policy_converges:
1
ipopt_converges:
1
