N:
size: 12 3
(0,0,-0.999659) (1,0,0.0261291) (6,0,0.999659) (7,0,-0.0261291) (3,1,-0.720063) (4,1,0.693909) (6,1,0.720063) (7,1,-0.693909) (6,2,-0.00256381) (7,2,-0.999997) (9,2,0.00256381) (10,2,0.999997) 
Q:
size: 3 3
(0,0,2) (1,0,0.737948) (2,0,0.0235661) (0,1,0.737948) (1,1,2) (2,1,0.69206) (0,2,0.0235661) (1,2,0.69206) (2,2,2) 
Minv:
size: 12 12
(0,0,1) (1,1,1) (2,2,2) (3,3,1) (4,4,1) (5,5,2) (6,6,1) (7,7,1) (8,8,2) (9,9,1) (10,10,1) (11,11,2) 
v0:
size: 12 1
(0,0,-0.150251) (1,0,-0.820514) (2,0,0) (3,0,-0.00883919) (4,0,-0.318123) (5,0,0) (6,0,-0.256429) (7,0,0.635817) (8,0,0) (9,0,0.443305) (10,0,-0.642995) (11,0,0) 
ipopt_sol:
size: 3 1
(0,0,1.2812e-06) (1,0,0.452525) (2,0,1.12043) 
policy_sol:
size: 3 1
(0,0,0) (1,0,0.452526) (2,0,1.12043) 

policy_converges:
1
ipopt_converges:
0
