N:
size: 12 3
(0,0,-0.999723) (1,0,-0.0235356) (6,0,0.999723) (7,0,0.0235356) (3,1,-0.71525) (4,1,0.698868) (6,1,0.71525) (7,1,-0.698868) (6,2,0.0233696) (7,2,-0.999727) (9,2,-0.0233696) (10,2,0.999727) 
Q:
size: 3 3
(0,0,2) (1,0,0.698604) (2,0,-0.000166058) (0,1,0.698604) (1,1,2) (2,1,0.715393) (0,2,-0.000166058) (1,2,0.715393) (2,2,2) 
Minv:
size: 12 12
(0,0,1) (1,1,1) (2,2,2) (3,3,1) (4,4,1) (5,5,2) (6,6,1) (7,7,1) (8,8,2) (9,9,1) (10,10,1) (11,11,2) 
v0:
size: 12 1
(0,0,-0.822703) (1,0,-0.7196) (2,0,0) (3,0,-0.371838) (4,0,-0.32847) (5,0,0) (6,0,-0.853819) (7,0,0.582272) (8,0,0) (9,0,-0.192787) (10,0,-0.753441) (11,0,0) 
ipopt_sol:
size: 3 1
(0,0,2.1898e-07) (1,0,0.571124) (2,0,1.14651) 
policy_sol:
size: 3 1
(0,0,0) (1,0,0.571124) (2,0,1.14651) 

policy_converges:
1
ipopt_converges:
1
