solve status: 0
N:
size: 12 5
(0,0,-0.0445475) (1,0,-0.999007) (3,0,0.0445475) (4,0,0.999007) (0,1,-0.999766) (1,1,-0.0216245) (6,1,0.999766) (7,1,0.0216245) (0,2,-0.673039) (1,2,-0.739607) (9,2,0.673039) (10,2,0.739607) (3,3,-0.693157) (4,3,0.720787) (6,3,0.693157) (7,3,-0.720787) (3,4,-0.998748) (4,4,-0.0500268) (9,4,0.998748) (10,4,0.0500268) 
Q:
size: 5 5
(0,0,2) (1,0,0.0661401) (2,0,0.768855) (3,0,0.689193) (4,0,-0.0944689) (0,1,0.0661401) (1,1,2) (2,1,0.688875) (3,1,0.677408) (0,2,0.768855) (1,2,0.688875) (2,2,2) (4,2,0.709196) (0,3,0.689193) (1,3,0.677408) (3,3,2) (4,3,0.65623) (0,4,-0.0944689) (2,4,0.709196) (3,4,0.65623) (4,4,2) 
Minv:
size: 12 12
(0,0,1) (1,1,1) (2,2,2) (3,3,1) (4,4,1) (5,5,2) (6,6,1) (7,7,1) (8,8,2) (9,9,1) (10,10,1) (11,11,2) 
v0:
size: 12 1
(0,0,0.326391) (1,0,0.389205) (2,0,0) (3,0,0.766008) (4,0,0.166415) (5,0,0) (6,0,-0.640587) (7,0,-0.413352) (8,0,0) (9,0,-0.36707) (10,0,0.612842) (11,0,0) 
ipopt_sol:
size: 5 1
(0,0,0.223582) (1,0,0.976712) (2,0,0) (3,0,0) (4,0,1.11989) 
policy_sol:
size: 5 1
(0,0,0.223582) (1,0,0.976712) (2,0,0) (3,0,0) (4,0,1.11989) 

policy_converges:
1
ipopt_converges:
0
