N:
size: 12 3
(0,0,-0.00378072) (1,0,-0.999993) (3,0,0.00378072) (4,0,0.999993) (0,1,-0.999561) (1,1,-0.0296437) (6,1,0.999561) (7,1,0.0296437) (3,2,-0.704385) (4,2,0.709818) (6,2,0.704385) (7,2,-0.709818) 
Q:
size: 3 3
(0,0,2) (1,0,0.0334225) (2,0,0.707149) (0,1,0.0334225) (1,1,2) (2,1,0.683034) (0,2,0.707149) (1,2,0.683034) (2,2,2) 
Minv:
size: 12 12
(0,0,1) (1,1,1) (2,2,2) (3,3,1) (4,4,1) (5,5,2) (6,6,1) (7,7,1) (8,8,2) (9,9,1) (10,10,1) (11,11,2) 
v0:
size: 12 1
(0,0,0.0142002) (1,0,0.101064) (2,0,0) (3,0,-0.462544) (4,0,-0.354403) (5,0,0) (6,0,-0.881326) (7,0,-0.166588) (8,0,0) (9,0,0.512663) (10,0,0.824857) (11,0,0) 
ipopt_sol:
size: 3 1
(0,0,0.442298) (1,0,0.895675) (2,0,1.38214e-06) 
policy_sol:
size: 3 1
(0,0,0.442298) (1,0,0.895676) (2,0,0) 

policy_converges:
1
ipopt_converges:
0
