solve status: 0
N:
size: 12 2
(0,0,0.0568674) (1,0,-0.998382) (3,0,-0.0568674) (4,0,0.998382) (3,1,-0.713454) (4,1,0.700702) (6,1,0.713454) (7,1,-0.700702) 
Q:
size: 2 2
(0,0,2) (1,0,0.74014) (0,1,0.74014) (1,1,2) 
Minv:
size: 12 12
(0,0,1) (1,1,1) (2,2,2) (3,3,1) (4,4,1) (5,5,2) (6,6,1) (7,7,1) (8,8,2) (9,9,1) (10,10,1) (11,11,2) 
v0:
size: 12 1
(0,0,-0.511273) (1,0,-0.0509444) (2,0,0) (3,0,0.169822) (4,0,-0.763873) (5,0,0) (6,0,-0.162023) (7,0,-0.484518) (8,0,0) (9,0,0.708772) (10,0,0.174829) (11,0,0) 
ipopt_sol:
size: 2 1
(0,0,0.684146) (1,0,0.179319) 
policy_sol:
size: 2 1
(0,0,0.684146) (1,0,0.179319) 

policy_converges:
1
ipopt_converges:
1
