N:
size: 12 2
(3,0,-0.737506) (4,0,0.675341) (6,0,0.737506) (7,0,-0.675341) (3,1,-0.999134) (4,1,0.0416135) (9,1,0.999134) (10,1,-0.0416135) 
Q:
size: 2 2
(0,0,2) (1,0,0.76497) (0,1,0.76497) (1,1,2) 
Minv:
size: 12 12
(0,0,1) (1,1,1) (2,2,2) (3,3,1) (4,4,1) (5,5,2) (6,6,1) (7,7,1) (8,8,2) (9,9,1) (10,10,1) (11,11,2) 
v0:
size: 12 1
(0,0,-0.732164) (1,0,-0.957544) (2,0,0) (3,0,0.987548) (4,0,0.315477) (5,0,0) (6,0,-0.367745) (7,0,0.108832) (8,0,0) (9,0,0.218539) (10,0,0.579096) (11,0,0) 
ipopt_sol:
size: 2 1
(0,0,0.658196) (1,0,0.527563) 
policy_sol:
size: 2 1
(0,0,0.658196) (1,0,0.527563) 

policy_converges:
1
ipopt_converges:
1
