N:
size: 12 2
(3,0,-0.691577) (4,0,0.722303) (6,0,0.691577) (7,0,-0.722303) (3,1,-0.999871) (4,1,0.0160902) (9,1,0.999871) (10,1,-0.0160902) 
Q:
size: 2 2
(0,0,2) (1,0,0.70311) (0,1,0.70311) (1,1,2) 
Minv:
size: 12 12
(0,0,1) (1,1,1) (2,2,2) (3,3,1) (4,4,1) (5,5,2) (6,6,1) (7,7,1) (8,8,2) (9,9,1) (10,10,1) (11,11,2) 
v0:
size: 12 1
(0,0,-0.672391) (1,0,-0.46553) (2,0,0) (3,0,-0.0227009) (4,0,-0.0882436) (5,0,0) (6,0,-0.16195) (7,0,-0.220947) (8,0,0) (9,0,-0.786614) (10,0,0.0354114) (11,0,0) 
ipopt_sol:
size: 2 1
(0,0,1.5925e-07) (1,0,0.765804) 
policy_sol:
size: 2 1
(0,0,0) (1,0,0.765804) 

policy_converges:
1
ipopt_converges:
1
