solve status: 0
N:
size: 12 2
(0,0,-0.056693) (1,0,-0.998392) (3,0,0.056693) (4,0,0.998392) (3,1,-0.717977) (4,1,0.696066) (6,1,0.717977) (7,1,-0.696066) 
Q:
size: 2 2
(0,0,2) (1,0,0.654243) (0,1,0.654243) (1,1,2) 
Minv:
size: 12 12
(0,0,1) (1,1,1) (2,2,2) (3,3,1) (4,4,1) (5,5,2) (6,6,1) (7,7,1) (8,8,2) (9,9,1) (10,10,1) (11,11,2) 
v0:
size: 12 1
(0,0,-0.718995) (1,0,-0.173899) (2,0,0) (3,0,0.0692589) (4,0,-0.407489) (5,0,0) (6,0,-0.696084) (7,0,-0.380343) (8,0,0) (9,0,0.244547) (10,0,0.656056) (11,0,0) 
ipopt_sol:
size: 2 1
(0,0,0.00290277) (1,0,0.567445) 
policy_sol:
size: 2 1
(0,0,0.00290275) (1,0,0.567445) 

policy_converges:
1
ipopt_converges:
0
