N:
size: 12 1
(6,0,-0.0440408) (7,0,-0.99903) (9,0,0.0440408) (10,0,0.99903) 
Q:
size: 1 1
(0,0,2) 
Minv:
size: 12 12
(0,0,1) (1,1,1) (2,2,2) (3,3,1) (4,4,1) (5,5,2) (6,6,1) (7,7,1) (8,8,2) (9,9,1) (10,10,1) (11,11,2) 
v0:
size: 12 1
(0,0,0.712565) (1,0,-0.328265) (2,0,0) (3,0,-0.2456) (4,0,0.158173) (5,0,0) (6,0,0.890523) (7,0,0.775275) (8,0,0) (9,0,0.861386) (10,0,-0.263127) (11,0,0) 
ipopt_sol:
size: 1 1
(0,0,1.03868) 
policy_sol:
size: 1 1
(0,0,1.03868) 

policy_converges:
1
ipopt_converges:
1
