N:
size: 12 4
(0,0,-0.0364447) (1,0,-0.999336) (3,0,0.0364447) (4,0,0.999336) (0,1,-0.687314) (1,1,-0.726361) (9,1,0.687314) (10,1,0.726361) (3,2,-0.68092) (4,2,0.732358) (6,2,0.68092) (7,2,-0.732358) (6,3,-0.0356104) (7,3,-0.999366) (9,3,0.0356104) (10,3,0.999366) 
Q:
size: 4 4
(0,0,2) (1,0,0.750927) (2,0,0.707055) (0,1,0.750927) (1,1,2) (3,1,0.750375) (0,2,0.707055) (2,2,2) (3,2,0.707645) (1,3,0.750375) (2,3,0.707645) (3,3,2) 
Minv:
size: 12 12
(0,0,1) (1,1,1) (2,2,2) (3,3,1) (4,4,1) (5,5,2) (6,6,1) (7,7,1) (8,8,2) (9,9,1) (10,10,1) (11,11,2) 
v0:
size: 12 1
(0,0,0.529187) (1,0,0.954146) (2,0,0) (3,0,0.057123) (4,0,-0.66777) (5,0,0) (6,0,0.777724) (7,0,0.421829) (8,0,0) (9,0,0.120044) (10,0,0.406643) (11,0,0) 
ipopt_sol:
size: 4 1
(0,0,1.61223) (1,0,0.0687431) (2,0,1.63653e-07) (3,0,0.0128404) 
policy_sol:
size: 4 1
(0,0,1.61223) (1,0,0.0687608) (2,0,0) (3,0,0.0127983) 

policy_converges:
1
ipopt_converges:
0
