N:
size: 12 3
(0,0,-0.0505403) (1,0,-0.998722) (3,0,0.0505403) (4,0,0.998722) (0,1,-0.999307) (1,1,0.0372224) (6,1,0.999307) (7,1,-0.0372224) (3,2,-0.70508) (4,2,0.709128) (6,2,0.70508) (7,2,-0.709128) 
Q:
size: 3 3
(0,0,2) (1,0,0.0133305) (2,0,0.672586) (0,1,0.0133305) (1,1,2) (2,1,0.730987) (0,2,0.672586) (1,2,0.730987) (2,2,2) 
Minv:
size: 12 12
(0,0,1) (1,1,1) (2,2,2) (3,3,1) (4,4,1) (5,5,2) (6,6,1) (7,7,1) (8,8,2) (9,9,1) (10,10,1) (11,11,2) 
v0:
size: 12 1
(0,0,-0.2564) (1,0,-0.0738223) (2,0,0) (3,0,0.326175) (4,0,-0.965876) (5,0,0) (6,0,-0.267842) (7,0,-0.230588) (8,0,0) (9,0,0.990812) (10,0,0.246714) (11,0,0) 
ipopt_sol:
size: 3 1
(0,0,0.614803) (1,0,1.60613e-07) (2,0,0.733489) 
policy_sol:
size: 3 1
(0,0,0.614803) (1,0,0) (2,0,0.733489) 

policy_converges:
1
ipopt_converges:
1
