solve status: 0
N:
size: 12 3
(0,0,-0.999769) (1,0,0.0214819) (6,0,0.999769) (7,0,-0.0214819) (3,1,-0.679328) (4,1,0.733835) (6,1,0.679328) (7,1,-0.733835) (3,2,-0.998582) (4,2,0.053229) (9,2,0.998582) (10,2,-0.053229) 
Q:
size: 3 3
(0,0,2) (1,0,0.694935) (0,1,0.694935) (1,1,2) (2,1,0.717426) (1,2,0.717426) (2,2,2) 
Minv:
size: 12 12
(0,0,1) (1,1,1) (2,2,2) (3,3,1) (4,4,1) (5,5,2) (6,6,1) (7,7,1) (8,8,2) (9,9,1) (10,10,1) (11,11,2) 
v0:
size: 12 1
(0,0,0.432087) (1,0,-0.69027) (2,0,0) (3,0,0.713807) (4,0,0.585585) (5,0,0) (6,0,-0.968591) (7,0,0.347638) (8,0,0) (9,0,-0.285829) (10,0,0.387493) (11,0,0) 
ipopt_sol:
size: 3 1
(0,0,1.36725) (1,0,0.159433) (2,0,0.930484) 
policy_sol:
size: 3 1
(0,0,1.36725) (1,0,0.159433) (2,0,0.930484) 

policy_converges:
1
ipopt_converges:
1
