N:
size: 12 3
(0,0,-0.997955) (1,0,-0.0639275) (6,0,0.997955) (7,0,0.0639275) (0,1,-0.686235) (1,1,-0.72738) (9,1,0.686235) (10,1,0.72738) (6,2,-0.0135285) (7,2,-0.999908) (9,2,0.0135285) (10,2,0.999908) 
Q:
size: 3 3
(0,0,2) (1,0,0.731331) (2,0,-0.0774225) (0,1,0.731331) (1,1,2) (2,1,0.736597) (0,2,-0.0774225) (1,2,0.736597) (2,2,2) 
Minv:
size: 12 12
(0,0,1) (1,1,1) (2,2,2) (3,3,1) (4,4,1) (5,5,2) (6,6,1) (7,7,1) (8,8,2) (9,9,1) (10,10,1) (11,11,2) 
v0:
size: 12 1
(0,0,0.591925) (1,0,0.230159) (2,0,0) (3,0,-0.720234) (4,0,0.439347) (5,0,0) (6,0,-0.422654) (7,0,0.594204) (8,0,0) (9,0,-0.405902) (10,0,-0.120629) (11,0,0) 
ipopt_sol:
size: 3 1
(0,0,0.865219) (1,0,0.402634) (2,0,0.599746) 
policy_sol:
size: 3 1
(0,0,0.865219) (1,0,0.402634) (2,0,0.599746) 

policy_converges:
1
ipopt_converges:
1
