solve status: 0
N:
size: 12 3
(0,0,-0.996346) (1,0,0.0854038) (6,0,0.996346) (7,0,-0.0854038) (3,1,-0.687532) (4,1,0.726154) (6,1,0.687532) (7,1,-0.726154) (6,2,0.0163146) (7,2,-0.999867) (9,2,-0.0163146) (10,2,0.999867) 
Q:
size: 3 3
(0,0,2) (1,0,0.747036) (2,0,0.101647) (0,1,0.747036) (1,1,2) (2,1,0.737274) (0,2,0.101647) (1,2,0.737274) (2,2,2) 
Minv:
size: 12 12
(0,0,1) (1,1,1) (2,2,2) (3,3,1) (4,4,1) (5,5,2) (6,6,1) (7,7,1) (8,8,2) (9,9,1) (10,10,1) (11,11,2) 
v0:
size: 12 1
(0,0,0.0811743) (1,0,-0.614526) (2,0,0) (3,0,-0.829024) (4,0,-0.511701) (5,0,0) (6,0,-0.749958) (7,0,0.146493) (8,0,0) (9,0,-0.378658) (10,0,-0.0126452) (11,0,0) 
ipopt_sol:
size: 3 1
(0,0,0.863841) (1,0,0.0650672) (2,0,0.0972851) 
policy_sol:
size: 3 1
(0,0,0.863841) (1,0,0.0650672) (2,0,0.0972851) 

policy_converges:
1
ipopt_converges:
0
