N:
size: 12 5
(0,0,0.00796301) (1,0,-0.999968) (3,0,-0.00796301) (4,0,0.999968) (0,1,-0.999995) (1,1,-0.00331251) (6,1,0.999995) (7,1,0.00331251) (0,2,-0.714848) (1,2,-0.69928) (9,2,0.714848) (10,2,0.69928) (3,3,-0.738796) (4,3,0.673929) (6,3,0.738796) (7,3,-0.673929) (3,4,-0.999867) (4,4,-0.0163165) (9,4,0.999867) (10,4,0.0163165) 
Q:
size: 5 5
(0,0,2) (1,0,-0.00465056) (2,0,0.693565) (3,0,0.679791) (4,0,-0.00835399) (0,1,-0.00465056) (1,1,2) (2,1,0.71716) (3,1,0.73656) (0,2,0.693565) (1,2,0.71716) (2,2,2) (4,2,0.726163) (0,3,0.679791) (1,3,0.73656) (3,3,2) (4,3,0.727701) (0,4,-0.00835399) (2,4,0.726163) (3,4,0.727701) (4,4,2) 
Minv:
size: 12 12
(0,0,1) (1,1,1) (2,2,2) (3,3,1) (4,4,1) (5,5,2) (6,6,1) (7,7,1) (8,8,2) (9,9,1) (10,10,1) (11,11,2) 
v0:
size: 12 1
(0,0,0.0668977) (1,0,-0.150109) (2,0,0) (3,0,0.085734) (4,0,-0.479273) (5,0,0) (6,0,-0.281706) (7,0,-0.782174) (8,0,0) (9,0,-0.744535) (10,0,0.223029) (11,0,0) 
ipopt_sol:
size: 5 1
(0,0,0.333546) (1,0,0.351471) (2,0,1.96616e-07) (3,0,8.59194e-08) (4,0,0.820092) 
policy_sol:
size: 5 1
(0,0,0.333546) (1,0,0.351471) (2,0,0) (3,0,0) (4,0,0.820092) 

policy_converges:
1
ipopt_converges:
1
