N:
size: 12 3
(3,0,-0.694321) (4,0,0.719665) (6,0,0.694321) (7,0,-0.719665) (3,1,-0.996789) (4,1,0.0800712) (9,1,0.996789) (10,1,-0.0800712) (6,2,-0.0380343) (7,2,-0.999276) (9,2,0.0380343) (10,2,0.999276) 
Q:
size: 3 3
(0,0,2) (1,0,0.749716) (2,0,0.692736) (0,1,0.749716) (1,1,2) (2,1,-0.042101) (0,2,0.692736) (1,2,-0.042101) (2,2,2) 
Minv:
size: 12 12
(0,0,1) (1,1,1) (2,2,2) (3,3,1) (4,4,1) (5,5,2) (6,6,1) (7,7,1) (8,8,2) (9,9,1) (10,10,1) (11,11,2) 
v0:
size: 12 1
(0,0,-0.0271355) (1,0,-0.529961) (2,0,0) (3,0,0.91941) (4,0,0.26496) (5,0,0) (6,0,0.374808) (7,0,0.134062) (8,0,0) (9,0,-0.0887833) (10,0,-0.392864) (11,0,0) 
ipopt_sol:
size: 3 1
(0,0,1.56561e-07) (1,0,0.964166) (2,0,0.564473) 
policy_sol:
size: 3 1
(0,0,0) (1,0,0.964166) (2,0,0.564473) 

policy_converges:
1
ipopt_converges:
1
