N:
size: 12 1
(0,0,-0.0385245) (1,0,-0.999258) (3,0,0.0385245) (4,0,0.999258) 
Q:
size: 1 1
(0,0,2) 
Minv:
size: 12 12
(0,0,1) (1,1,1) (2,2,2) (3,3,1) (4,4,1) (5,5,2) (6,6,1) (7,7,1) (8,8,2) (9,9,1) (10,10,1) (11,11,2) 
v0:
size: 12 1
(0,0,-0.971744) (1,0,0.651155) (2,0,0) (3,0,-0.430239) (4,0,0.495435) (5,0,0) (6,0,-0.219285) (7,0,-0.995287) (8,0,0) (9,0,0.233422) (10,0,-0.178736) (11,0,0) 
ipopt_sol:
size: 1 1
(0,0,0.134743) 
policy_sol:
size: 1 1
(0,0,0.134743) 

policy_converges:
1
ipopt_converges:
1
