N:
size: 12 2
(0,0,-0.999767) (1,0,0.0215735) (6,0,0.999767) (7,0,-0.0215735) (0,1,-0.653882) (1,1,-0.756596) (9,1,0.653882) (10,1,0.756596) 
Q:
size: 2 2
(0,0,2) (1,0,0.637408) (0,1,0.637408) (1,1,2) 
Minv:
size: 12 12
(0,0,1) (1,1,1) (2,2,2) (3,3,1) (4,4,1) (5,5,2) (6,6,1) (7,7,1) (8,8,2) (9,9,1) (10,10,1) (11,11,2) 
v0:
size: 12 1
(0,0,0.557827) (1,0,0.152227) (2,0,0) (3,0,-0.86518) (4,0,0.554654) (5,0,0) (6,0,-0.760928) (7,0,-0.874968) (8,0,0) (9,0,0.132549) (10,0,-0.0625258) (11,0,0) 
ipopt_sol:
size: 2 1
(0,0,1.28656) (1,0,0.0305342) 
policy_sol:
size: 2 1
(0,0,1.28656) (1,0,0.0305322) 

policy_converges:
1
ipopt_converges:
0
