No end time specified. Simulation will run indefinitely.
solve status: 0
N:
size: 30 6
(0,0,0.707107) (1,0,0.707107) (3,1,0.707107) (4,1,0.707107) (6,2,0.707107) (7,2,0.707107) (9,3,0.707107) (10,3,0.707107) (9,4,-0.707107) (10,4,0.707107) (21,5,-0.707107) (22,5,0.707107) 
Q:
size: 6 6
(0,0,4.91219) (1,1,4.91219) (2,2,4.91219) (3,3,4.91219) (4,3,0) (3,4,0) (4,4,4.91219) (5,5,4.91219) 
Minv:
size: 30 30
(0,0,4.91219) (1,1,4.91219) (2,2,1212.89) (3,3,4.91219) (4,4,4.91219) (5,5,1212.89) (6,6,4.91219) (7,7,4.91219) (8,8,1212.89) (9,9,4.91219) (10,10,4.91219) (11,11,1212.89) (12,12,4.91219) (13,13,4.91219) (14,14,1212.89) (15,15,4.91219) (16,16,4.91219) (17,17,1212.89) (18,18,4.91219) (19,19,4.91219) (20,20,1212.89) (21,21,4.91219) (22,22,4.91219) (23,23,1212.89) (24,24,4.91219) (25,25,4.91219) (26,26,1212.89) (27,27,4.91219) (28,28,4.91219) (29,29,1212.89) 
v0:
size: 30 1
(0,0,0) (1,0,-1) (2,0,0) (3,0,0) (4,0,-1) (5,0,0) (6,0,0) (7,0,-1) (8,0,0) (9,0,0) (10,0,-1) (11,0,0) (12,0,0) (13,0,-1) (14,0,0) (15,0,0) (16,0,-1) (17,0,0) (18,0,0) (19,0,-1) (20,0,0) (21,0,0) (22,0,-1) (23,0,0) (24,0,0) (25,0,-1) (26,0,0) (27,0,0) (28,0,-1) (29,0,0) 
ipopt_sol:
size: 6 1
(0,0,0.287899) (1,0,0.287899) (2,0,0.287899) (3,0,0.287899) (4,0,0.287899) (5,0,0.287899) 
policy_sol:
size: 6 1
(0,0,0.287899) (1,0,0.287899) (2,0,0.287899) (3,0,0.287899) (4,0,0.287899) (5,0,0.287899) 

policy_converges:
1
ipopt_converges:
1
