solve status: 0
N:
size: 27 22
(0,0,0.0216864) (1,0,-0.999765) (6,0,-0.0216864) (7,0,0.999765) (0,1,-0.999996) (1,1,-0.00272586) (9,1,0.999996) (10,1,0.00272586) (0,2,-0.704298) (1,2,-0.709904) (24,2,0.704298) (25,2,0.709904) (3,3,0.0786967) (4,3,-0.996899) (6,3,-0.0786967) (7,3,0.996899) (3,4,-0.693906) (4,4,-0.720066) (15,4,0.693906) (16,4,0.720066) (3,5,-0.903275) (4,5,0.429061) (18,5,0.903275) (19,5,-0.429061) (3,6,-0.999871) (4,6,-0.0160316) (21,6,0.999871) (22,6,0.0160316) (3,7,-0.887808) (4,7,-0.460214) (24,7,0.887808) (25,7,0.460214) (6,8,-0.444136) (7,8,0.895959) (9,8,0.444136) (10,8,-0.895959) (6,9,-0.999606) (7,9,0.0280671) (15,9,0.999606) (16,9,-0.0280671) (6,10,-0.720346) (7,10,0.693614) (18,10,0.720346) (19,10,-0.693614) (6,11,-0.892713) (7,11,0.450625) (21,11,0.892713) (22,11,-0.450625) (6,12,-0.999707) (7,12,0.0242042) (24,12,0.999707) (25,12,-0.0242042) (12,13,-0.696315) (13,13,0.717736) (18,13,0.696315) (19,13,-0.717736) (12,14,-0.99939) (13,14,0.0349135) (21,14,0.99939) (22,14,-0.0349135) (12,15,-0.700573) (13,15,-0.713581) (24,15,0.700573) (25,15,0.713581) (15,16,-0.455612) (16,16,0.890178) (18,16,0.455612) (19,16,-0.890178) (15,17,-0.693762) (16,17,0.720204) (21,17,0.693762) (22,17,-0.720204) (15,18,-0.999803) (16,18,0.0198618) (24,18,0.999803) (25,18,-0.0198618) (18,19,0.0540687) (19,19,-0.998537) (21,19,-0.0540687) (22,19,0.998537) (18,20,0.0293173) (19,20,-0.99957) (24,20,-0.0293173) (25,20,0.99957) (21,21,0.00437323) (22,21,-0.99999) (24,21,-0.00437323) (25,21,0.99999) 
Q:
size: 22 22
(0,0,0.0795775) (1,0,-0.000754439) (2,0,0.0276318) (3,0,0.0397239) (8,0,0.0360239) (9,0,0.00197902) (10,0,0.0282131) (11,0,0.0186959) (12,0,0.00182545) (0,1,-0.000754439) (1,1,0.0795775) (2,1,0.0281) (8,1,0.0175744) (0,2,0.0276318) (1,2,0.0281) (2,2,0.0795775) (7,2,0.0378785) (12,2,0.0273312) (15,2,0.0397882) (18,2,0.0274566) (20,2,0.0274125) (21,2,0.0281234) (0,3,0.0397239) (3,3,0.0795775) (4,3,0.0263889) (5,3,-0.0198472) (6,3,-0.00249494) (7,3,0.0154746) (8,3,0.0369292) (9,3,0.0042433) (10,3,0.029768) (11,3,0.0206695) (12,3,0.00409039) (3,4,0.0263889) (4,4,0.0795775) (5,4,0.0126463) (6,4,0.0280654) (7,4,0.0376974) (9,4,0.0267946) (16,4,0.0129248) (17,4,0.0014797) (18,4,-0.0270351) (3,5,-0.0198472) (4,5,0.0126463) (5,5,0.0795775) (6,5,0.0356619) (7,5,0.0240513) (10,5,0.0377306) (13,5,0.0372788) (16,5,0.0315717) (19,5,0.0189901) (20,5,0.0181181) (3,6,-0.00249494) (4,6,0.0280654) (5,6,0.0356619) (6,6,0.0795775) (7,6,0.0356138) (11,6,0.0352279) (14,6,0.0397371) (17,6,0.027141) (19,6,-0.0015141) (21,6,-0.000463888) (2,7,0.0378785) (3,7,0.0154746) (4,7,0.0376974) (5,7,0.0240513) (6,7,0.0356138) (7,7,0.0795775) (12,7,0.0348712) (15,7,0.0378142) (18,7,0.0349541) (20,7,0.0172678) (21,7,0.0181567) (0,8,0.0360239) (1,8,0.0175744) (3,8,0.0369292) (8,8,0.0795775) (9,8,0.0186652) (10,8,0.0374564) (11,8,0.03184) (12,8,0.0185293) (0,9,0.00197902) (3,9,0.0042433) (4,9,0.0267946) (8,9,0.0186652) (9,9,0.0795775) (10,9,0.029425) (11,9,0.0360092) (12,9,0.0397884) (16,9,-0.0191152) (17,9,-0.0283973) (18,9,-0.0397874) (0,10,0.0282131) (3,10,0.029768) (5,10,0.0377306) (8,10,0.0374564) (9,10,0.029425) (10,10,0.0795775) (11,10,0.038023) (12,10,0.0293213) (13,10,0.0397657) (16,10,0.0376258) (19,10,0.0291074) (20,10,0.0284265) (0,11,0.0186959) (3,11,0.0206695) (6,11,0.0352279) (8,11,0.03184) (9,11,0.0360092) (10,11,0.038023) (11,11,0.0795775) (12,11,0.0359435) (14,11,0.0361243) (17,11,0.0375555) (19,11,-0.0198241) (21,11,0.018085) (0,12,0.00182545) (2,12,0.0273312) (3,12,0.00409039) (7,12,0.0348712) (8,12,0.0185293) (9,12,0.0397884) (10,12,0.0293213) (11,12,0.0359435) (12,12,0.0795775) (15,12,0.0271795) (18,12,0.0397884) (20,12,-0.0021288) (21,12,-0.001137) (5,13,0.0372788) (10,13,0.0397657) (13,13,0.0795775) (14,13,0.0286857) (15,13,-0.000968587) (16,13,0.0380445) (19,13,0.030014) (20,13,0.0293578) (6,14,0.0397371) (11,14,0.0361243) (13,14,0.0286857) (14,14,0.0795775) (15,14,0.0268666) (17,14,0.0285876) (19,14,-0.00353714) (21,14,0.00156305) (2,15,0.0397882) (7,15,0.0378142) (12,15,0.0271795) (13,15,-0.000968587) (14,15,0.0268666) (15,15,0.0795775) (18,15,0.0273055) (20,15,0.0275631) (21,15,0.0282703) (4,16,0.0129248) (5,16,0.0315717) (9,16,-0.0191152) (10,16,0.0376258) (13,16,0.0380445) (16,16,0.0795775) (17,16,0.0380856) (18,16,0.0188281) (19,16,0.0363474) (20,16,0.0359353) (4,17,0.0014797) (6,17,0.027141) (9,17,-0.0283973) (11,17,0.0375555) (14,17,0.0285876) (16,17,0.0380856) (17,17,0.0795775) (18,17,0.0281676) (19,17,-0.0301066) (21,17,0.0287765) (2,18,0.0274566) (4,18,-0.0270351) (7,18,0.0349541) (9,18,-0.0397874) (12,18,0.0397884) (15,18,0.0273055) (16,18,0.0188281) (17,18,0.0281676) (18,18,0.0795775) (20,18,-0.00195621) (21,18,-0.00096424) (5,19,0.0189901) (6,19,-0.0015141) (10,19,0.0291074) (11,19,-0.0198241) (13,19,0.030014) (14,19,-0.00353714) (16,19,0.0363474) (17,19,-0.0301066) (19,19,0.0795775) (20,19,0.0397765) (21,19,-0.0397396) (2,20,0.0274125) (5,20,0.0181181) (7,20,0.0172678) (10,20,0.0284265) (12,20,-0.0021288) (13,20,0.0293578) (15,20,0.0275631) (16,20,0.0359353) (18,20,-0.00195621) (19,20,0.0397765) (20,20,0.0795775) (21,20,0.0397764) (2,21,0.0281234) (6,21,-0.000463888) (7,21,0.0181567) (11,21,0.018085) (12,21,-0.001137) (14,21,0.00156305) (15,21,0.0282703) (17,21,0.0287765) (18,21,-0.00096424) (19,21,-0.0397396) (20,21,0.0397764) (21,21,0.0795775) 
Minv:
size: 27 27
(0,0,0.0397887) (1,1,0.0397887) (2,2,0.0795775) (3,3,0.0397887) (4,4,0.0397887) (5,5,0.0795775) (6,6,0.0397887) (7,7,0.0397887) (8,8,0.0795775) (9,9,0.0397887) (10,10,0.0397887) (11,11,0.0795775) (12,12,0.0397887) (13,13,0.0397887) (14,14,0.0795775) (15,15,0.0397887) (16,16,0.0397887) (17,17,0.0795775) (18,18,0.0397887) (19,19,0.0397887) (20,20,0.0795775) (21,21,0.0397887) (22,22,0.0397887) (23,23,0.0795775) (24,24,0.0397887) (25,25,0.0397887) (26,26,0.0795775) 
v0:
size: 27 1
(0,0,-0.421362) (1,0,0.220363) (2,0,0) (3,0,0.730773) (4,0,0.979234) (5,0,0) (6,0,0.999382) (7,0,-0.261218) (8,0,0) (9,0,-0.696167) (10,0,-0.937487) (11,0,0) (12,0,0.896745) (13,0,-0.807704) (14,0,0) (15,0,0.167567) (16,0,0.38395) (17,0,0) (18,0,0.0159262) (19,0,0.686928) (20,0,0) (21,0,-0.231753) (22,0,0.652676) (23,0,0) (24,0,-0.732264) (25,0,-0.915112) (26,0,0) 
ipopt_sol:
size: 22 1
(0,0,0) (1,0,6.9859) (2,0,0) (3,0,25.1172) (4,0,0) (5,0,0) (6,0,7.82803) (7,0,25.2528) (8,0,0) (9,0,34.2843) (10,0,0) (11,0,1.76072e-08) (12,0,1.37155e-08) (13,0,35.4932) (14,0,12.3254) (15,0,0) (16,0,0) (17,0,0) (18,0,28.543) (19,0,0) (20,0,6.61268) (21,0,30.4298) 
policy_sol:
size: 22 1
(0,0,0) (1,0,6.9859) (2,0,0) (3,0,27.5373) (4,0,-13.6051) (5,0,0) (6,0,7.92157) (7,0,36.313) (8,0,0) (9,0,16.5006) (10,0,0) (11,0,0) (12,0,17.3522) (13,0,36.434) (14,0,11.9689) (15,0,0) (16,0,0) (17,0,0) (18,0,1.4229) (19,0,0) (20,0,4.41099) (21,0,28.9336) 

policy_converges:
0
ipopt_converges:
0
