solve status: 0
N:
size: 27 18
(0,0,-0.999978) (1,0,0.0065862) (18,0,0.999978) (19,0,-0.0065862) (0,1,-0.901015) (1,1,-0.433788) (21,1,0.901015) (22,1,0.433788) (0,2,-0.703318) (1,2,-0.710875) (24,2,0.703318) (25,2,0.710875) (3,3,0.035893) (4,3,-0.999356) (6,3,-0.035893) (7,3,0.999356) (3,4,-0.731009) (4,4,-0.682368) (15,4,0.731009) (16,4,0.682368) (3,5,-0.882408) (4,5,0.470485) (18,5,0.882408) (19,5,-0.470485) (3,6,-0.99934) (4,6,0.0363293) (21,6,0.99934) (22,6,-0.0363293) (3,7,-0.899533) (4,7,-0.436852) (24,7,0.899533) (25,7,0.436852) (9,8,0.0302867) (10,8,-0.999541) (12,8,-0.0302867) (13,8,0.999541) (9,9,-0.99933) (10,9,0.0365901) (18,9,0.99933) (19,9,-0.0365901) (9,10,-0.734112) (10,10,-0.679028) (21,10,0.734112) (22,10,0.679028) (9,11,-0.439594) (10,11,-0.898197) (24,11,0.439594) (25,11,0.898197) (12,12,-0.706653) (13,12,0.70756) (18,12,0.706653) (19,12,-0.70756) (12,13,-0.99701) (13,13,0.0772731) (21,13,0.99701) (22,13,-0.0772731) (12,14,-0.732586) (13,14,-0.680674) (24,14,0.732586) (25,14,0.680674) (15,15,-0.999942) (16,15,0.0107469) (24,15,0.999942) (25,15,-0.0107469) (18,16,0.0104268) (19,16,-0.999946) (21,16,-0.0104268) (22,16,0.999946) (18,17,0.0427828) (19,17,-0.999084) (24,17,-0.0427828) (25,17,0.999084) 
Q:
size: 18 18
(0,0,0.0795775) (1,0,0.0357358) (2,0,0.0277972) (5,0,0.0352324) (9,0,0.0397708) (12,0,0.0283017) (16,0,0.000676904) (17,0,0.00196405) (0,1,0.0357358) (1,1,0.0795775) (2,1,0.0374837) (6,1,0.0351995) (10,1,0.038038) (13,1,0.0344093) (16,1,0.0168851) (0,2,0.0277972) (1,2,0.0374837) (2,2,0.0795775) (7,2,0.037529) (11,2,0.037707) (14,2,0.0397535) (15,2,0.0276786) (17,2,0.0270617) (3,3,0.0795775) (4,3,0.0260891) (5,3,-0.0199681) (6,3,-0.00287176) (7,3,0.0160859) (3,4,0.0260891) (4,4,0.0795775) (5,4,0.0128917) (6,4,0.0280804) (7,4,0.0380245) (15,4,-0.0287925) (0,5,0.0352324) (3,5,-0.0199681) (4,5,0.0128917) (5,5,0.0795775) (6,5,0.0357668) (7,5,0.0234046) (9,5,0.0357714) (12,5,0.0380561) (16,5,0.0190851) (17,5,0.020205) (1,6,0.0351995) (3,6,-0.00287176) (4,6,0.0280804) (5,6,0.0357668) (6,6,0.0795775) (7,6,0.0351362) (10,6,0.0282086) (13,6,0.0397553) (16,6,-0.00186002) (2,7,0.037529) (3,7,0.0160859) (4,7,0.0380245) (5,7,0.0234046) (6,7,0.0351362) (7,7,0.0795775) (11,7,0.0313459) (14,7,0.0380516) (15,7,0.0356024) (17,7,0.0158346) (8,8,0.0795775) (9,8,-0.00265947) (10,8,0.0261206) (11,8,0.035192) (12,8,0.0289916) (13,8,0.00427466) (14,8,-0.0261879) (0,9,0.0397708) (5,9,0.0357714) (8,9,-0.00265947) (9,9,0.0795775) (10,9,0.0282013) (11,9,0.0161715) (12,9,0.0291281) (16,9,0.00187039) (17,9,0.00315568) (1,10,0.038038) (6,10,0.0282086) (8,10,0.0261206) (9,10,0.0282013) (10,10,0.0795775) (11,10,0.0371075) (13,10,0.0270343) (16,10,0.0267116) (2,11,0.037707) (7,11,0.0313459) (8,11,0.035192) (9,11,0.0161715) (10,11,0.0371075) (11,11,0.0795775) (14,11,0.0371396) (15,11,0.0171058) (17,11,0.0349571) (0,12,0.0283017) (5,12,0.0380561) (8,12,0.0289916) (9,12,0.0291281) (12,12,0.0795775) (13,12,0.0302082) (14,12,0.00143506) (16,12,0.0284445) (17,12,0.0293301) (1,13,0.0344093) (6,13,0.0397553) (8,13,0.00427466) (10,13,0.0270343) (12,13,0.0302082) (13,13,0.0795775) (14,13,0.0269687) (16,13,-0.00348806) (2,14,0.0397535) (7,14,0.0380516) (8,14,-0.0261879) (11,14,0.0371396) (12,14,0.00143506) (13,14,0.0269687) (14,14,0.0795775) (15,14,0.0288559) (17,14,0.0258113) (2,15,0.0276786) (4,15,-0.0287925) (7,15,0.0356024) (11,15,0.0171058) (14,15,0.0288559) (15,15,0.0795775) (17,15,-0.00212939) (0,16,0.000676904) (1,16,0.0168851) (5,16,0.0190851) (6,16,-0.00186002) (9,16,0.00187039) (10,16,0.0267116) (12,16,0.0284445) (13,16,-0.00348806) (16,16,0.0795775) (17,16,0.0397679) (0,17,0.00196405) (2,17,0.0270617) (5,17,0.020205) (7,17,0.0158346) (9,17,0.00315568) (11,17,0.0349571) (12,17,0.0293301) (14,17,0.0258113) (15,17,-0.00212939) (16,17,0.0397679) (17,17,0.0795775) 
Minv:
size: 27 27
(0,0,0.0397887) (1,1,0.0397887) (2,2,0.0795775) (3,3,0.0397887) (4,4,0.0397887) (5,5,0.0795775) (6,6,0.0397887) (7,7,0.0397887) (8,8,0.0795775) (9,9,0.0397887) (10,10,0.0397887) (11,11,0.0795775) (12,12,0.0397887) (13,13,0.0397887) (14,14,0.0795775) (15,15,0.0397887) (16,16,0.0397887) (17,17,0.0795775) (18,18,0.0397887) (19,19,0.0397887) (20,20,0.0795775) (21,21,0.0397887) (22,22,0.0397887) (23,23,0.0795775) (24,24,0.0397887) (25,25,0.0397887) (26,26,0.0795775) 
v0:
size: 27 1
(0,0,-0.315077) (1,0,-0.196763) (2,0,0) (3,0,0.52257) (4,0,0.944552) (5,0,0) (6,0,-0.79132) (7,0,0.797435) (8,0,0) (9,0,0.555173) (10,0,-0.0809357) (11,0,0) (12,0,0.868263) (13,0,-0.40509) (14,0,0) (15,0,-0.531882) (16,0,0.675355) (17,0,0) (18,0,-0.441297) (19,0,0.0753285) (20,0,0) (21,0,-0.942315) (22,0,-0.399214) (23,0,0) (24,0,-0.617694) (25,0,0.040373) (26,0,0) 
ipopt_sol:
size: 18 1
(0,0,0) (1,0,0) (2,0,0) (3,0,0) (4,0,8.97773) (5,0,0) (6,0,0) (7,0,31.4162) (8,0,0.69107) (9,0,18.5379) (10,0,10.6484) (11,0,0) (12,0,7.43536) (13,0,39.203) (14,0,0) (15,0,0) (16,0,6.84519) (17,0,0) 
policy_sol:
size: 18 1
(0,0,0) (1,0,0) (2,0,0) (3,0,0) (4,0,8.97773) (5,0,0) (6,0,0) (7,0,31.4162) (8,0,0) (9,0,17.7989) (10,0,11.6258) (11,0,0) (12,0,8.49103) (13,0,38.4758) (14,0,0) (15,0,0) (16,0,6.12524) (17,0,0) 

policy_converges:
1
ipopt_converges:
0
