solve status: 0
N:
size: 27 10
(0,0,-0.709189) (1,0,-0.705018) (24,0,0.709189) (25,0,0.705018) (3,1,-0.999212) (4,1,-0.039694) (21,1,0.999212) (22,1,0.039694) (3,2,-0.878605) (4,2,-0.47755) (24,2,0.878605) (25,2,0.47755) (9,3,-0.442407) (10,3,-0.896814) (24,3,0.442407) (25,3,0.896814) (12,4,-0.717251) (13,4,0.696815) (18,4,0.717251) (19,4,-0.696815) (12,5,-0.998554) (13,5,-0.0537501) (21,5,0.998554) (22,5,0.0537501) (12,6,-0.695086) (13,6,-0.718927) (24,6,0.695086) (25,6,0.718927) (18,7,-0.0151878) (19,7,-0.999885) (21,7,0.0151878) (22,7,0.999885) (18,8,0.00147193) (19,8,-0.999999) (24,8,-0.00147193) (25,8,0.999999) (21,9,0.0189761) (22,9,-0.99982) (24,9,-0.0189761) (25,9,0.99982) 
Q:
size: 10 10
(0,0,0.0795775) (2,0,0.0381884) (3,0,0.037641) (6,0,0.0397809) (8,0,0.0280102) (9,0,0.0275113) (1,1,0.0795775) (2,1,0.0356852) (5,1,0.0397848) (7,1,0.00218302) (9,1,-0.000824649) (0,2,0.0381884) (1,2,0.0356852) (2,2,0.0795775) (3,2,0.0325064) (6,2,0.0379596) (8,2,0.0189496) (9,2,0.0183343) (0,3,0.037641) (2,3,0.0325064) (3,3,0.0795775) (6,3,0.037889) (8,3,0.0356572) (9,3,0.0353426) (4,4,0.0795775) (5,4,0.027007) (6,4,-9.5815e-05) (7,4,0.0272888) (8,4,0.0277674) (1,5,0.0397848) (4,5,0.027007) (5,5,0.0795775) (6,5,0.0291541) (7,5,0.00274183) (9,5,-0.00138432) (0,6,0.0397809) (2,6,0.0379596) (3,6,0.037889) (4,6,-9.5815e-05) (5,6,0.0291541) (6,6,0.0795775) (8,6,0.0285644) (9,6,0.0280752) (1,7,0.00218302) (4,7,0.0272888) (5,7,0.00274183) (7,7,0.0795775) (8,7,0.0397832) (9,7,-0.0397655) (0,8,0.0280102) (2,8,0.0189496) (3,8,0.0356572) (4,8,0.0277674) (6,8,0.0285644) (7,8,0.0397832) (8,8,0.0795775) (9,8,0.0397826) (0,9,0.0275113) (1,9,-0.000824649) (2,9,0.0183343) (3,9,0.0353426) (5,9,-0.00138432) (6,9,0.0280752) (7,9,-0.0397655) (8,9,0.0397826) (9,9,0.0795775) 
Minv:
size: 27 27
(0,0,0.0397887) (1,1,0.0397887) (2,2,0.0795775) (3,3,0.0397887) (4,4,0.0397887) (5,5,0.0795775) (6,6,0.0397887) (7,7,0.0397887) (8,8,0.0795775) (9,9,0.0397887) (10,10,0.0397887) (11,11,0.0795775) (12,12,0.0397887) (13,13,0.0397887) (14,14,0.0795775) (15,15,0.0397887) (16,16,0.0397887) (17,17,0.0795775) (18,18,0.0397887) (19,19,0.0397887) (20,20,0.0795775) (21,21,0.0397887) (22,22,0.0397887) (23,23,0.0795775) (24,24,0.0397887) (25,25,0.0397887) (26,26,0.0795775) 
v0:
size: 27 1
(0,0,0.256573) (1,0,-0.972381) (2,0,0) (3,0,0.0521139) (4,0,-0.819483) (5,0,0) (6,0,-0.757672) (7,0,-0.627706) (8,0,0) (9,0,0.6842) (10,0,-0.939846) (11,0,0) (12,0,0.217816) (13,0,-0.831677) (14,0,0) (15,0,-0.650109) (16,0,0.842569) (17,0,0) (18,0,0.965779) (19,0,0.860883) (20,0,0) (21,0,-0.0581187) (22,0,-0.104362) (23,0,0) (24,0,-0.147961) (25,0,-0.991118) (26,0,0) 
ipopt_sol:
size: 10 1
(0,0,0) (1,0,0) (2,0,0) (3,0,0) (4,0,0) (5,0,5.10751) (6,0,0) (7,0,47.487) (8,0,0) (9,0,46.0582) 
policy_sol:
size: 10 1
(0,0,0) (1,0,0) (2,0,0) (3,0,0) (4,0,0) (5,0,5.10751) (6,0,0) (7,0,47.487) (8,0,0) (9,0,46.0582) 

policy_converges:
1
ipopt_converges:
0
