solve status: 0
N:
size: 27 12
(0,0,0.0243182) (1,0,-0.999704) (6,0,-0.0243182) (7,0,0.999704) (3,1,0.0247072) (4,1,-0.999695) (6,1,-0.0247072) (7,1,0.999695) (3,2,-0.713545) (4,2,-0.700609) (15,2,0.713545) (16,2,0.700609) (3,3,-0.890737) (4,3,-0.454519) (24,3,0.890737) (25,3,0.454519) (6,4,-0.438234) (7,4,0.898861) (9,4,0.438234) (10,4,-0.898861) (6,5,-0.69891) (7,5,0.715209) (12,5,0.69891) (13,5,-0.715209) (6,6,-0.999975) (7,6,0.00708861) (15,6,0.999975) (16,6,-0.00708861) (6,7,-0.710997) (7,7,0.703195) (18,7,0.710997) (19,7,-0.703195) (6,8,-0.999794) (7,8,-0.0202771) (24,8,0.999794) (25,8,0.0202771) (12,9,-0.0128415) (13,9,-0.999918) (15,9,0.0128415) (16,9,0.999918) (12,10,-0.692408) (13,10,-0.721507) (24,10,0.692408) (25,10,0.721507) (18,11,-0.0799844) (19,11,-0.996796) (21,11,0.0799844) (22,11,0.996796) 
Q:
size: 12 12
(0,0,0.0795775) (1,0,0.0397887) (4,0,0.036178) (5,0,0.0291251) (6,0,0.00124953) (7,0,0.0286589) (8,0,0.000160826) (0,1,0.0397887) (1,1,0.0795775) (2,1,0.0271664) (3,1,0.0172036) (4,1,0.0361844) (5,1,0.0291357) (6,1,0.001265) (7,1,0.0286696) (8,1,0.000176309) (1,2,0.0271664) (2,2,0.0795775) (3,2,0.0379593) (6,2,0.0281927) (9,2,0.0282386) (1,3,0.0172036) (2,3,0.0379593) (3,3,0.0795775) (8,3,0.0358007) (10,3,0.0375881) (0,4,0.036178) (1,4,0.0361844) (4,4,0.0795775) (5,4,0.0377659) (6,4,0.0176899) (7,4,0.0375469) (8,4,0.016708) (0,5,0.0291251) (1,5,0.0291357) (4,5,0.0377659) (5,5,0.0795775) (6,5,0.0280098) (7,5,0.039783) (8,5,0.027226) (9,5,0.0280978) (10,5,0.00127712) (0,6,0.00124953) (1,6,0.001265) (2,6,0.0281927) (4,6,0.0176899) (5,6,0.0280098) (6,6,0.0795775) (7,6,0.0284873) (8,6,0.0397738) (9,6,0.000228912) (0,7,0.0286589) (1,7,0.0286696) (4,7,0.0375469) (5,7,0.039783) (6,7,0.0284873) (7,7,0.0795775) (8,7,0.0277165) (11,7,0.0256269) (0,8,0.000160826) (1,8,0.000176309) (3,8,0.0358007) (4,8,0.016708) (5,8,0.027226) (6,8,0.0397738) (7,8,0.0277165) (8,8,0.0795775) (10,8,0.0281265) (2,9,0.0282386) (5,9,0.0280978) (6,9,0.000228912) (9,9,0.0795775) (10,9,0.0290593) (3,10,0.0375881) (5,10,0.00127712) (8,10,0.0281265) (9,10,0.0290593) (10,10,0.0795775) (7,11,0.0256269) (11,11,0.0795775) 
Minv:
size: 27 27
(0,0,0.0397887) (1,1,0.0397887) (2,2,0.0795775) (3,3,0.0397887) (4,4,0.0397887) (5,5,0.0795775) (6,6,0.0397887) (7,7,0.0397887) (8,8,0.0795775) (9,9,0.0397887) (10,10,0.0397887) (11,11,0.0795775) (12,12,0.0397887) (13,13,0.0397887) (14,14,0.0795775) (15,15,0.0397887) (16,16,0.0397887) (17,17,0.0795775) (18,18,0.0397887) (19,19,0.0397887) (20,20,0.0795775) (21,21,0.0397887) (22,22,0.0397887) (23,23,0.0795775) (24,24,0.0397887) (25,25,0.0397887) (26,26,0.0795775) 
v0:
size: 27 1
(0,0,-0.571058) (1,0,-0.000612676) (2,0,0) (3,0,-0.16676) (4,0,0.873028) (5,0,0) (6,0,0.637193) (7,0,-0.846061) (8,0,0) (9,0,0.183335) (10,0,-0.497433) (11,0,0) (12,0,-0.114454) (13,0,0.700272) (14,0,0) (15,0,-0.594109) (16,0,0.58903) (17,0,0) (18,0,0.170178) (19,0,-0.0194188) (20,0,0) (21,0,0.868885) (22,0,-0.861779) (23,0,0) (24,0,-0.134629) (25,0,0.0863581) (26,0,0) 
ipopt_sol:
size: 12 1
(0,0,0) (1,0,36.3139) (2,0,0) (3,0,0) (4,0,0) (5,0,19.1127) (6,0,23.8963) (7,0,0) (8,0,0) (9,0,0) (10,0,11.1767) (11,0,19.6984) 
policy_sol:
size: 12 1
(0,0,0) (1,0,36.3139) (2,0,0) (3,0,0) (4,0,0) (5,0,19.1127) (6,0,23.8963) (7,0,0) (8,0,0) (9,0,0) (10,0,11.1767) (11,0,19.6984) 

policy_converges:
1
ipopt_converges:
0
