solve status: 0
N:
size: 27 15
(0,0,-0.0441341) (1,0,-0.999026) (3,0,0.0441341) (4,0,0.999026) (0,1,-0.99996) (1,1,0.00899339) (9,1,0.99996) (10,1,-0.00899339) (0,2,-0.999842) (1,2,0.017787) (18,2,0.999842) (19,2,-0.017787) (0,3,-0.892393) (1,3,-0.45126) (21,3,0.892393) (22,3,0.45126) (0,4,-0.700472) (1,4,-0.713679) (24,4,0.700472) (25,4,0.713679) (3,5,-0.712095) (4,5,0.702083) (9,5,0.712095) (10,5,-0.702083) (3,6,-0.887404) (4,6,0.460993) (18,6,0.887404) (19,6,-0.460993) (6,7,-0.999914) (7,7,0.0131231) (15,7,0.999914) (16,7,-0.0131231) (9,8,-0.999623) (10,8,0.0274579) (18,8,0.999623) (19,8,-0.0274579) (9,9,-0.683533) (10,9,-0.72992) (21,9,0.683533) (22,9,0.72992) (9,10,-0.418882) (10,10,-0.908041) (24,10,0.418882) (25,10,0.908041) (12,11,-0.677677) (13,11,0.73536) (18,11,0.677677) (19,11,-0.73536) (12,12,-0.678845) (13,12,-0.734282) (24,12,0.678845) (25,12,0.734282) (18,13,-0.00661498) (19,13,-0.999978) (21,13,0.00661498) (22,13,0.999978) (18,14,0.00723651) (19,14,-0.999974) (24,14,-0.00723651) (25,14,0.999974) 
Q:
size: 15 15
(0,0,0.0795775) (1,0,0.00139848) (2,0,0.00104873) (3,0,0.0195046) (4,0,0.0295988) (5,0,0.0266573) (6,0,0.0167662) (0,1,0.00139848) (1,1,0.0795775) (2,1,0.0397872) (3,1,0.0353443) (4,1,0.0276144) (5,1,0.0285834) (8,1,-0.039782) (9,1,-0.0269346) (10,1,-0.0163412) (0,2,0.00104873) (1,2,0.0397872) (2,2,0.0795775) (3,2,0.0351822) (4,2,0.0273614) (6,2,0.0356293) (8,2,0.0397869) (11,2,0.0274801) (13,2,0.000444549) (14,2,0.000995592) (0,3,0.0195046) (1,3,0.0353443) (2,3,0.0351822) (3,3,0.0795775) (4,3,0.037686) (9,3,0.0373761) (13,3,0.0181896) (0,4,0.0295988) (1,4,0.0276144) (2,4,0.0273614) (3,4,0.037686) (4,4,0.0795775) (10,4,0.0374597) (12,4,0.039771) (14,4,0.028194) (0,5,0.0266573) (1,5,0.0285834) (5,5,0.0795775) (6,5,0.038021) (8,5,-0.0290897) (9,5,0.00102356) (10,5,0.0134978) (0,6,0.0167662) (2,6,0.0356293) (5,6,0.038021) (6,6,0.0795775) (8,6,0.035799) (11,6,0.0374161) (13,6,0.0181084) (14,6,0.0185974) (7,7,0.0795775) (1,8,-0.039782) (2,8,0.0397869) (5,8,-0.0290897) (6,8,0.035799) (8,8,0.0795775) (9,8,0.0263892) (10,8,0.0156685) (11,8,0.0277571) (13,8,0.000829389) (14,8,0.00138031) (1,9,-0.0269346) (3,9,0.0373761) (5,9,0.00102356) (8,9,0.0263892) (9,9,0.0795775) (10,9,0.0377641) (13,9,0.0292219) (1,10,-0.0163412) (4,10,0.0374597) (5,10,0.0134978) (8,10,0.0156685) (9,10,0.0377641) (10,10,0.0795775) (12,10,0.0378436) (14,10,0.0360082) (2,11,0.0274801) (6,11,0.0374161) (8,11,0.0277571) (11,11,0.0795775) (12,11,-0.00318005) (13,11,0.02908) (14,11,0.0294534) (4,12,0.039771) (10,12,0.0378436) (11,12,-0.00318005) (12,12,0.0795775) (14,12,0.0290199) (2,13,0.000444549) (3,13,0.0181896) (6,13,0.0181084) (8,13,0.000829389) (9,13,0.0292219) (11,13,0.02908) (13,13,0.0795775) (14,13,0.0397849) (2,14,0.000995592) (4,14,0.028194) (6,14,0.0185974) (8,14,0.00138031) (10,14,0.0360082) (11,14,0.0294534) (12,14,0.0290199) (13,14,0.0397849) (14,14,0.0795775) 
Minv:
size: 27 27
(0,0,0.0397887) (1,1,0.0397887) (2,2,0.0795775) (3,3,0.0397887) (4,4,0.0397887) (5,5,0.0795775) (6,6,0.0397887) (7,7,0.0397887) (8,8,0.0795775) (9,9,0.0397887) (10,10,0.0397887) (11,11,0.0795775) (12,12,0.0397887) (13,13,0.0397887) (14,14,0.0795775) (15,15,0.0397887) (16,16,0.0397887) (17,17,0.0795775) (18,18,0.0397887) (19,19,0.0397887) (20,20,0.0795775) (21,21,0.0397887) (22,22,0.0397887) (23,23,0.0795775) (24,24,0.0397887) (25,25,0.0397887) (26,26,0.0795775) 
v0:
size: 27 1
(0,0,0.740566) (1,0,-0.497264) (2,0,0) (3,0,0.475613) (4,0,-0.949995) (5,0,0) (6,0,0.0331207) (7,0,0.754336) (8,0,0) (9,0,0.672356) (10,0,-0.0406008) (11,0,0) (12,0,0.592756) (13,0,-0.0384605) (14,0,0) (15,0,-0.791754) (16,0,0.662338) (17,0,0) (18,0,-0.120979) (19,0,0.479356) (20,0,0) (21,0,0.737209) (22,0,-0.782784) (23,0,0) (24,0,0.510543) (25,0,-0.411196) (26,0,0) 
ipopt_sol:
size: 15 1
(0,0,5.34811) (1,0,1.22629e-08) (2,0,11.3018) (3,0,0) (4,0,0) (5,0,18.4011) (6,0,0) (7,0,20.6992) (8,0,20.9743) (9,0,0) (10,0,0) (11,0,0) (12,0,6.3165) (13,0,28.6023) (14,0,5.38785) 
policy_sol:
size: 15 1
(0,0,5.34811) (1,0,0) (2,0,11.3018) (3,0,0) (4,0,0) (5,0,18.4011) (6,0,0) (7,0,20.6992) (8,0,20.9743) (9,0,0) (10,0,0) (11,0,0) (12,0,6.3165) (13,0,28.6023) (14,0,5.38785) 

policy_converges:
1
ipopt_converges:
0
