solve status: 0
N:
size: 27 21
(0,0,-0.0120403) (1,0,-0.999928) (3,0,0.0120403) (4,0,0.999928) (0,1,-0.000182206) (1,1,-1) (6,1,0.000182206) (7,1,1) (0,2,-0.691469) (1,2,-0.722406) (12,2,0.691469) (13,2,0.722406) (0,3,-0.423208) (1,3,-0.906033) (15,3,0.423208) (16,3,0.906033) (0,4,-0.895955) (1,4,-0.444146) (21,4,0.895955) (22,4,0.444146) (3,5,-0.661301) (4,5,0.750121) (9,5,0.661301) (10,5,-0.750121) (3,6,-0.998766) (4,6,0.0496569) (12,6,0.998766) (13,6,-0.0496569) (3,7,-0.999333) (4,7,0.036528) (21,7,0.999333) (22,7,-0.036528) (6,8,-0.424448) (7,8,0.905452) (9,8,0.424448) (10,8,-0.905452) (6,9,-0.692048) (7,9,0.721851) (12,9,0.692048) (13,9,-0.721851) (6,10,-0.999933) (7,10,0.0115379) (15,10,0.999933) (16,10,-0.0115379) (6,11,-0.699071) (7,11,0.715052) (18,11,0.699071) (19,11,-0.715052) (6,12,-0.88732) (7,12,0.461155) (21,12,0.88732) (22,12,-0.461155) (6,13,-0.999862) (7,13,0.0165952) (24,13,0.999862) (25,13,-0.0165952) (9,14,-0.0185804) (10,14,-0.999827) (12,14,0.0185804) (13,14,0.999827) (9,15,0.00515256) (10,15,-0.999987) (15,15,-0.00515256) (16,15,0.999987) (9,16,-0.724651) (10,16,-0.689116) (21,16,0.724651) (22,16,0.689116) (9,17,-0.454139) (10,17,-0.890931) (24,17,0.454139) (25,17,0.890931) (15,18,-0.716602) (16,18,0.697483) (21,18,0.716602) (22,18,-0.697483) (18,19,-0.00628601) (19,19,-0.99998) (21,19,0.00628601) (22,19,0.99998) (18,20,0.00982063) (19,20,-0.999952) (24,20,-0.00982063) (25,20,0.999952) 
Q:
size: 21 21
(0,0,0.0795775) (1,0,0.0397859) (2,0,0.0290728) (3,0,0.03625) (4,0,0.0180999) (5,0,0.0295274) (6,0,0.00149716) (7,0,0.00097455) (0,1,0.0397859) (1,1,0.0795775) (2,1,0.0287486) (3,1,0.036053) (4,1,0.0176785) (8,1,0.0360237) (9,1,0.0287165) (10,1,0.000451829) (11,1,0.0284459) (12,1,0.0183423) (13,1,0.000653055) (0,2,0.0290728) (1,2,0.0287486) (2,2,0.0795775) (3,2,0.0376863) (4,2,0.0374165) (6,2,0.0260514) (9,2,-0.00170852) (14,2,0.0292499) (0,3,0.03625) (1,3,0.036053) (2,3,0.0376863) (3,3,0.0795775) (4,3,0.0310983) (10,3,0.0164219) (15,3,0.0359626) (18,3,0.0130774) (0,4,0.0180999) (1,4,0.0176785) (2,4,0.0374165) (3,4,0.0310983) (4,4,0.0795775) (7,4,0.0349796) (12,4,0.0234824) (16,4,0.0380111) (18,4,0.0132201) (19,4,0.0178957) (0,5,0.0295274) (5,5,0.0795775) (6,5,0.0277619) (7,5,0.027385) (8,5,0.0381927) (14,5,0.0293523) (15,5,0.0299815) (16,5,0.00150034) (17,5,0.0146416) (0,6,0.00149716) (2,6,0.0260514) (5,6,0.0277619) (6,6,0.0795775) (7,6,0.0397853) (9,6,0.028928) (14,6,-0.00123706) (0,7,0.00097455) (4,7,0.0349796) (5,7,0.027385) (6,7,0.0397853) (7,7,0.0795775) (12,7,0.035952) (16,7,0.0278122) (18,7,0.0295074) (19,7,-0.00120343) (1,8,0.0360237) (5,8,0.0381927) (8,8,0.0795775) (9,8,0.0376935) (10,8,0.0173028) (11,8,0.0375671) (12,8,0.0315992) (13,8,0.0174838) (14,8,0.0357068) (15,8,0.0361133) (16,8,0.0125885) (17,8,0.0244278) (1,9,0.0287165) (2,9,-0.00170852) (6,9,0.028928) (8,9,0.0376935) (9,9,0.0795775) (10,9,0.0278653) (11,9,0.0397868) (12,9,0.0376781) (13,9,0.0280086) (14,9,-0.028205) (1,10,0.000451829) (3,10,0.0164219) (8,10,0.0173028) (9,10,0.0278653) (10,10,0.0795775) (11,10,0.0281416) (12,10,0.0355147) (13,10,0.0397882) (15,10,-0.000664072) (18,10,-0.028831) (1,11,0.0284459) (8,11,0.0375671) (9,11,0.0397868) (10,11,0.0281416) (11,11,0.0795775) (12,11,0.0378013) (13,11,0.0282835) (19,11,0.0282756) (20,11,0.0287228) (1,12,0.0183423) (4,12,0.0234824) (7,12,0.035952) (8,12,0.0315992) (9,12,0.0376781) (10,12,0.0355147) (11,12,0.0378013) (12,12,0.0795775) (13,12,0.035605) (16,12,0.0129396) (18,12,0.0380978) (19,12,-0.0181265) (1,13,0.000653055) (8,13,0.0174838) (9,13,0.0280086) (10,13,0.0397882) (11,13,0.0282835) (12,13,0.035605) (13,13,0.0795775) (17,13,0.0174788) (20,13,-0.00105097) (2,14,0.0292499) (5,14,0.0293523) (6,14,-0.00123706) (8,14,0.0357068) (9,14,-0.028205) (14,14,0.0795775) (15,14,0.0397775) (16,14,0.02795) (17,14,0.0357786) (3,15,0.0359626) (5,15,0.0299815) (8,15,0.0361133) (10,15,-0.000664072) (14,15,0.0397775) (15,15,0.0795775) (16,15,0.0272701) (17,15,0.0353554) (18,15,0.0278985) (4,16,0.0380111) (5,16,0.00150034) (7,16,0.0278122) (8,16,0.0125885) (12,16,0.0129396) (14,16,0.02795) (15,16,0.0272701) (16,16,0.0795775) (17,16,0.0375226) (18,16,0.00153743) (19,16,0.0275997) (5,17,0.0146416) (8,17,0.0244278) (13,17,0.0174788) (14,17,0.0357786) (15,17,0.0353554) (16,17,0.0375226) (17,17,0.0795775) (20,17,0.0352699) (3,18,0.0130774) (4,18,0.0132201) (7,18,0.0295074) (10,18,-0.028831) (12,18,0.0380978) (15,18,0.0278985) (16,18,0.00153743) (18,18,0.0795775) (19,18,-0.0275722) (4,19,0.0178957) (7,19,-0.00120343) (11,19,0.0282756) (12,19,-0.0181265) (16,19,0.0275997) (18,19,-0.0275722) (19,19,0.0795775) (20,19,0.0397836) (11,20,0.0287228) (13,20,-0.00105097) (17,20,0.0352699) (19,20,0.0397836) (20,20,0.0795775) 
Minv:
size: 27 27
(0,0,0.0397887) (1,1,0.0397887) (2,2,0.0795775) (3,3,0.0397887) (4,4,0.0397887) (5,5,0.0795775) (6,6,0.0397887) (7,7,0.0397887) (8,8,0.0795775) (9,9,0.0397887) (10,10,0.0397887) (11,11,0.0795775) (12,12,0.0397887) (13,13,0.0397887) (14,14,0.0795775) (15,15,0.0397887) (16,16,0.0397887) (17,17,0.0795775) (18,18,0.0397887) (19,19,0.0397887) (20,20,0.0795775) (21,21,0.0397887) (22,22,0.0397887) (23,23,0.0795775) (24,24,0.0397887) (25,25,0.0397887) (26,26,0.0795775) 
v0:
size: 27 1
(0,0,-0.761331) (1,0,0.930062) (2,0,0) (3,0,-0.442486) (4,0,-0.587668) (5,0,0) (6,0,0.707627) (7,0,-0.465132) (8,0,0) (9,0,-0.18938) (10,0,0.593552) (11,0,0) (12,0,-0.996288) (13,0,-0.788072) (14,0,0) (15,0,0.562362) (16,0,0.176115) (17,0,0) (18,0,0.914934) (19,0,0.153948) (20,0,0) (21,0,-0.787032) (22,0,-0.871904) (23,0,0) (24,0,0.561929) (25,0,-0.0649449) (26,0,0) 
ipopt_sol:
size: 21 1
(0,0,34.8608) (1,0,2.03718e-09) (2,0,8.717) (3,0,0) (4,0,0) (5,0,0) (6,0,0) (7,0,0) (8,0,0) (9,0,30.9022) (10,0,0) (11,0,0) (12,0,14.854) (13,0,0) (14,0,39.4166) (15,0,0) (16,0,9.75697) (17,0,0) (18,0,8.70223) (19,0,29.0655) (20,0,0) 
policy_sol:
size: 21 1
(0,0,44.7351) (1,0,0) (2,0,19.6898) (3,0,-30.4768) (4,0,0) (5,0,0) (6,0,0) (7,0,0) (8,0,-14.4328) (9,0,33.7713) (10,0,0) (11,0,0) (12,0,23.5566) (13,0,0) (14,0,39.184) (15,0,8.54735) (16,0,8.10536) (17,0,0) (18,0,0) (19,0,28.6055) (20,0,0) 

policy_converges:
0
ipopt_converges:
0
