solve status: 0
N:
size: 27 20
(0,0,0.0303203) (1,0,-0.99954) (3,0,-0.0303203) (4,0,0.99954) (0,1,0.0316621) (1,1,-0.999499) (6,1,-0.0316621) (7,1,0.999499) (0,2,-0.999999) (1,2,-0.00103621) (9,2,0.999999) (10,2,0.00103621) (0,3,-0.69133) (1,3,-0.722539) (12,3,0.69133) (13,3,0.722539) (0,4,-0.415016) (1,4,-0.909814) (15,4,0.415016) (16,4,0.909814) (0,5,-0.99969) (1,5,-0.0248988) (18,5,0.99969) (19,5,0.0248988) (0,6,-0.877377) (1,6,-0.479802) (21,6,0.877377) (22,6,0.479802) (0,7,-0.703251) (1,7,-0.710941) (24,7,0.703251) (25,7,0.710941) (3,8,0.033135) (4,8,-0.999451) (6,8,-0.033135) (7,8,0.999451) (3,9,-0.998401) (4,9,0.0565363) (12,9,0.998401) (13,9,-0.0565363) (3,10,-0.894228) (4,10,0.447612) (18,10,0.894228) (19,10,-0.447612) (6,11,-0.708089) (7,11,0.706123) (12,11,0.708089) (13,11,-0.706123) (6,12,-0.720106) (7,12,0.693864) (18,12,0.720106) (19,12,-0.693864) (9,13,-0.998879) (10,13,-0.0473463) (18,13,0.998879) (19,13,0.0473463) (12,14,-0.732291) (13,14,0.680992) (18,14,0.732291) (19,14,-0.680992) (15,15,-0.473708) (16,15,0.880682) (18,15,0.473708) (19,15,-0.880682) (15,16,-0.737994) (16,16,0.674807) (21,16,0.737994) (22,16,-0.674807) (15,17,-0.998843) (16,17,0.0480996) (24,17,0.998843) (25,17,-0.0480996) (18,18,0.0167725) (19,18,-0.999859) (24,18,-0.0167725) (25,18,0.999859) (21,19,0.0108818) (22,19,-0.999941) (24,19,-0.0108818) (25,19,0.999941) 
Q:
size: 20 20
(0,0,0.0795775) (1,0,0.0397887) (2,0,-0.00116519) (3,0,0.0279017) (4,0,0.035683) (5,0,-0.000215795) (6,0,0.0180235) (7,0,0.027426) (8,0,-0.0397886) (9,0,0.00345295) (10,0,0.0188805) (0,1,0.0397887) (1,1,0.0795775) (2,1,-0.00121859) (3,1,0.0278636) (4,1,0.0356594) (5,1,-0.000269211) (6,1,0.0179758) (7,1,0.0273873) (8,1,0.0397887) (11,1,0.0289737) (12,1,0.0285013) (0,2,-0.00116519) (1,2,-0.00121859) (2,2,0.0795775) (3,2,0.0275369) (4,2,0.0165505) (5,2,0.0397774) (6,2,0.0349295) (7,2,0.0280108) (13,2,-0.039746) (0,3,0.0279017) (1,3,0.0278636) (2,3,0.0275369) (3,3,0.0795775) (4,3,0.0375721) (5,3,0.0282144) (6,3,0.0379279) (7,3,0.0397832) (9,3,0.0258378) (11,3,-0.000822759) (14,3,-0.000565427) (0,4,0.035683) (1,4,0.0356594) (2,4,0.0165505) (3,4,0.0375721) (4,4,0.0795775) (5,4,0.0174092) (6,4,0.0318571) (7,4,0.0373491) (15,4,0.0240587) (16,4,0.0122418) (17,4,-0.0147526) (0,5,-0.000215795) (1,5,-0.000269211) (2,5,0.0397774) (3,5,0.0282144) (4,5,0.0174092) (5,5,0.0795775) (6,5,0.0353742) (7,5,0.0286771) (10,5,0.0351257) (12,5,0.0279558) (13,5,0.0397787) (14,5,0.0284532) (15,5,0.0179699) (18,5,-0.000323403) (0,6,0.0180235) (1,6,0.0179758) (2,6,0.0349295) (3,6,0.0379279) (4,6,0.0318571) (5,6,0.0353742) (6,6,0.0795775) (7,6,0.0381227) (16,6,0.0128806) (19,6,-0.0187097) (0,7,0.027426) (1,7,0.0273873) (2,7,0.0280108) (3,7,0.0397832) (4,7,0.0373491) (5,7,0.0286771) (6,7,0.0381227) (7,7,0.0795775) (17,7,0.0265885) (18,7,0.0278142) (19,7,0.0279813) (0,8,-0.0397886) (1,8,0.0397887) (8,8,0.0795775) (9,8,-0.00356456) (10,8,-0.0189791) (11,8,0.0290138) (12,8,0.0285422) (0,9,0.00345295) (3,9,0.0258378) (8,9,-0.00356456) (9,9,0.0795775) (10,9,0.0365302) (11,9,0.0297173) (14,9,-0.0306222) (0,10,0.0188805) (5,10,0.0351257) (8,10,-0.0189791) (9,10,0.0365302) (10,10,0.0795775) (12,10,0.0379792) (13,10,0.0346971) (14,10,0.0381835) (15,10,0.0325395) (18,10,0.0184042) (1,11,0.0289737) (3,11,-0.000822759) (8,11,0.0290138) (9,11,0.0297173) (11,11,0.0795775) (12,11,0.0397829) (14,11,-0.0397645) (1,12,0.0285013) (5,12,0.0279558) (8,12,0.0285422) (10,12,0.0379792) (11,12,0.0397829) (12,12,0.0795775) (13,12,0.0273128) (14,12,0.0397825) (15,12,0.0378866) (18,12,0.0280847) (2,13,-0.039746) (5,13,0.0397787) (10,13,0.0346971) (12,13,0.0273128) (13,13,0.0795775) (14,13,0.0278214) (15,13,0.017168) (18,13,-0.00121698) (3,14,-0.000565427) (5,14,0.0284532) (9,14,-0.0306222) (10,14,0.0381835) (11,14,-0.0397645) (12,14,0.0397825) (13,14,0.0278214) (14,14,0.0795775) (15,14,0.0376652) (18,14,0.0275807) (4,15,0.0240587) (5,15,0.0179699) (10,15,0.0325395) (12,15,0.0378866) (13,15,0.017168) (14,15,0.0376652) (15,15,0.0795775) (16,15,0.037556) (17,15,0.0205119) (18,15,0.0353524) (4,16,0.0122418) (6,16,0.0128806) (15,16,0.037556) (16,16,0.0795775) (17,16,0.0306213) (19,16,0.0271677) (4,17,-0.0147526) (7,17,0.0265885) (15,17,0.0205119) (16,17,0.0306213) (17,17,0.0795775) (18,17,-0.00258014) (19,17,-0.00234618) (5,18,-0.000323403) (7,18,0.0278142) (10,18,0.0184042) (12,18,0.0280847) (13,18,-0.00121698) (14,18,0.0275807) (15,18,0.0353524) (17,18,-0.00258014) (18,18,0.0795775) (19,18,0.039788) (6,19,-0.0187097) (7,19,0.0279813) (16,19,0.0271677) (17,19,-0.00234618) (18,19,0.039788) (19,19,0.0795775) 
Minv:
size: 27 27
(0,0,0.0397887) (1,1,0.0397887) (2,2,0.0795775) (3,3,0.0397887) (4,4,0.0397887) (5,5,0.0795775) (6,6,0.0397887) (7,7,0.0397887) (8,8,0.0795775) (9,9,0.0397887) (10,10,0.0397887) (11,11,0.0795775) (12,12,0.0397887) (13,13,0.0397887) (14,14,0.0795775) (15,15,0.0397887) (16,16,0.0397887) (17,17,0.0795775) (18,18,0.0397887) (19,19,0.0397887) (20,20,0.0795775) (21,21,0.0397887) (22,22,0.0397887) (23,23,0.0795775) (24,24,0.0397887) (25,25,0.0397887) (26,26,0.0795775) 
v0:
size: 27 1
(0,0,0.458449) (1,0,0.6091) (2,0,0) (3,0,-0.650953) (4,0,-0.651519) (5,0,0) (6,0,-0.845914) (7,0,-0.710017) (8,0,0) (9,0,-0.281987) (10,0,-0.87414) (11,0,0) (12,0,-0.685876) (13,0,0.264781) (14,0,0) (15,0,-0.069407) (16,0,0.344041) (17,0,0) (18,0,-0.488031) (19,0,0.603416) (20,0,0) (21,0,0.286765) (22,0,0.90263) (23,0,0) (24,0,-0.215264) (25,0,-0.178607) (26,0,0) 
ipopt_sol:
size: 20 1
(0,0,38.7764) (1,0,1.37596e-07) (2,0,9.40919) (3,0,3.19453) (4,0,0) (5,0,17.4069) (6,0,0) (7,0,0) (8,0,17.7773) (9,0,0) (10,0,0) (11,0,8.00292) (12,0,0) (13,0,0) (14,0,0) (15,0,2.98274) (16,0,0) (17,0,3.17983) (18,0,6.7345) (19,0,23.7621) 
policy_sol:
size: 20 1
(0,0,38.7764) (1,0,0) (2,0,9.40919) (3,0,3.19453) (4,0,0) (5,0,17.4069) (6,0,0) (7,0,0) (8,0,17.7773) (9,0,0) (10,0,0) (11,0,8.00292) (12,0,0) (13,0,0) (14,0,0) (15,0,2.98274) (16,0,0) (17,0,3.17983) (18,0,6.7345) (19,0,23.7621) 

policy_converges:
1
ipopt_converges:
0
