solve status: 0
N:
size: 27 13
(0,0,-0.0250265) (1,0,-0.999687) (6,0,0.0250265) (7,0,0.999687) (0,1,-0.452073) (1,1,-0.891981) (15,1,0.452073) (16,1,0.891981) (3,2,0.0151298) (4,2,-0.999886) (6,2,-0.0151298) (7,2,0.999886) (3,3,-0.699965) (4,3,0.714177) (9,3,0.699965) (10,3,-0.714177) (3,4,-0.999899) (4,4,-0.0141887) (12,4,0.999899) (13,4,0.0141887) (3,5,-0.68974) (4,5,-0.724057) (15,5,0.68974) (16,5,0.724057) (3,6,-0.89575) (4,6,-0.444559) (24,6,0.89575) (25,6,0.444559) (6,7,-0.435607) (7,7,0.900137) (9,7,0.435607) (10,7,-0.900137) (6,8,-0.708461) (7,8,0.70575) (12,8,0.708461) (13,8,-0.70575) (9,9,-0.0508138) (10,9,-0.998708) (12,9,0.0508138) (13,9,0.998708) (9,10,-0.0264415) (10,10,-0.99965) (15,10,0.0264415) (16,10,0.99965) (12,11,-0.0033328) (13,11,-0.999994) (15,11,0.0033328) (16,11,0.999994) (15,12,-0.40998) (16,12,0.912095) (18,12,0.40998) (19,12,-0.912095) 
Q:
size: 13 13
(0,0,0.0795775) (1,0,0.0359298) (2,0,0.0397567) (7,0,0.0353703) (8,0,0.0273667) (0,1,0.0359298) (1,1,0.0795775) (5,1,0.038104) (10,1,0.035954) (11,1,0.0355506) (12,1,0.0249965) (0,2,0.0397567) (2,2,0.0795775) (3,2,-0.0288343) (4,2,-3.74498e-05) (5,2,0.0283908) (6,2,0.0171472) (7,2,0.0360735) (8,2,0.0285042) (2,3,-0.0288343) (3,3,0.0795775) (4,3,0.0274447) (5,3,-0.0013652) (6,3,0.0123146) (7,3,0.0377104) (9,3,0.0269643) (10,3,0.0276698) (2,4,-3.74498e-05) (3,4,0.0274447) (4,4,0.0795775) (5,4,0.0278499) (6,4,0.0358881) (8,4,0.0277875) (9,4,0.00258543) (11,4,-0.000697142) (1,5,0.038104) (2,5,0.0283908) (3,5,-0.0013652) (4,5,0.0278499) (5,5,0.0795775) (6,5,0.0373903) (10,5,0.0295249) (11,5,0.0289006) (12,5,0.0150254) (2,6,0.0171472) (3,6,0.0123146) (4,6,0.0358881) (5,6,0.0373903) (6,6,0.0795775) (0,7,0.0353703) (2,7,0.0360735) (3,7,0.0377104) (7,7,0.0795775) (8,7,0.0375559) (9,7,0.0348883) (10,7,0.0353445) (0,8,0.0273667) (2,8,0.0285042) (4,8,0.0277875) (7,8,0.0375559) (8,8,0.0795775) (9,8,-0.0266123) (11,8,0.0279868) (3,9,0.0269643) (4,9,0.00258543) (7,9,0.0348883) (8,9,-0.0266123) (9,9,0.0795775) (10,9,0.0397769) (11,9,-0.0397439) (1,10,0.035954) (3,10,0.0276698) (5,10,0.0295249) (7,10,0.0353445) (9,10,0.0397769) (10,10,0.0795775) (11,10,0.0397781) (12,10,0.0358471) (1,11,0.0355506) (4,11,-0.000697142) (5,11,0.0289006) (8,11,0.0279868) (9,11,-0.0397439) (10,11,0.0397781) (11,11,0.0795775) (12,11,0.0362365) (1,12,0.0249965) (5,12,0.0150254) (10,12,0.0358471) (11,12,0.0362365) (12,12,0.0795775) 
Minv:
size: 27 27
(0,0,0.0397887) (1,1,0.0397887) (2,2,0.0795775) (3,3,0.0397887) (4,4,0.0397887) (5,5,0.0795775) (6,6,0.0397887) (7,7,0.0397887) (8,8,0.0795775) (9,9,0.0397887) (10,10,0.0397887) (11,11,0.0795775) (12,12,0.0397887) (13,13,0.0397887) (14,14,0.0795775) (15,15,0.0397887) (16,16,0.0397887) (17,17,0.0795775) (18,18,0.0397887) (19,19,0.0397887) (20,20,0.0795775) (21,21,0.0397887) (22,22,0.0397887) (23,23,0.0795775) (24,24,0.0397887) (25,25,0.0397887) (26,26,0.0795775) 
v0:
size: 27 1
(0,0,-0.679393) (1,0,-0.0707782) (2,0,0) (3,0,0.261464) (4,0,0.233203) (5,0,0) (6,0,-0.847311) (7,0,-0.521956) (8,0,0) (9,0,-0.0864632) (10,0,0.564323) (11,0,0) (12,0,-0.57243) (13,0,0.0421103) (14,0,0) (15,0,-0.144063) (16,0,-0.732506) (17,0,0) (18,0,0.661561) (19,0,-0.283374) (20,0,0) (21,0,0.788921) (22,0,-0.00689772) (23,0,0) (24,0,0.0349485) (25,0,0.613985) (26,0,0) 
ipopt_sol:
size: 13 1
(0,0,2.48772) (1,0,0) (2,0,17.9218) (3,0,1.65567) (4,0,19.7974) (5,0,0) (6,0,0) (7,0,0) (8,0,0) (9,0,29.7322) (10,0,1.82217e-08) (11,0,34.455) (12,0,0) 
policy_sol:
size: 13 1
(0,0,2.48772) (1,0,0) (2,0,17.9218) (3,0,1.65567) (4,0,19.7974) (5,0,0) (6,0,0) (7,0,0) (8,0,0) (9,0,29.7322) (10,0,0) (11,0,34.455) (12,0,0) 

policy_converges:
1
ipopt_converges:
0
