solve status: 0
N:
size: 27 9
(0,0,0.0543459) (1,0,-0.998522) (3,0,-0.0543459) (4,0,0.998522) (0,1,-0.999962) (1,1,-0.00875066) (9,1,0.999962) (10,1,0.00875066) (0,2,-0.454431) (1,2,-0.890782) (15,2,0.454431) (16,2,0.890782) (0,3,-0.903936) (1,3,-0.427668) (21,3,0.903936) (22,3,0.427668) (3,4,-0.713752) (4,4,0.700399) (9,4,0.713752) (10,4,-0.700399) (9,5,-0.0233998) (10,5,-0.999726) (15,5,0.0233998) (16,5,0.999726) (12,6,0.0312765) (13,6,-0.999511) (15,6,-0.0312765) (16,6,0.999511) (12,7,-0.999481) (13,7,0.0322169) (21,7,0.999481) (22,7,-0.0322169) (15,8,-0.719478) (16,8,0.694515) (21,8,0.719478) (22,8,-0.694515) 
Q:
size: 9 9
(0,0,0.0795775) (1,0,-0.00181461) (2,0,0.0344081) (3,0,0.0150366) (4,0,0.0293702) (0,1,-0.00181461) (1,1,0.0795775) (2,1,0.0183907) (3,1,0.036114) (4,1,0.0281543) (5,1,-0.0012791) (0,2,0.0344081) (1,2,0.0183907) (2,2,0.0795775) (3,2,0.0315021) (5,2,0.0358565) (6,2,0.0348602) (8,2,0.0116067) (0,3,0.0150366) (1,3,0.036114) (2,3,0.0315021) (3,3,0.0795775) (7,3,0.0353996) (8,3,0.014059) (0,4,0.0293702) (1,4,0.0281543) (4,4,0.0795775) (5,4,0.0271958) (1,5,-0.0012791) (2,5,0.0358565) (4,5,0.0271958) (5,5,0.0795775) (6,5,0.0397293) (8,5,0.0269564) (2,6,0.0348602) (5,6,0.0397293) (6,6,0.0795775) (7,6,-0.00252505) (8,6,0.0285157) (3,7,0.0353996) (6,7,-0.00252505) (7,7,0.0795775) (8,7,0.0295025) (2,8,0.0116067) (3,8,0.014059) (5,8,0.0269564) (6,8,0.0285157) (7,8,0.0295025) (8,8,0.0795775) 
Minv:
size: 27 27
(0,0,0.0397887) (1,1,0.0397887) (2,2,0.0795775) (3,3,0.0397887) (4,4,0.0397887) (5,5,0.0795775) (6,6,0.0397887) (7,7,0.0397887) (8,8,0.0795775) (9,9,0.0397887) (10,10,0.0397887) (11,11,0.0795775) (12,12,0.0397887) (13,13,0.0397887) (14,14,0.0795775) (15,15,0.0397887) (16,16,0.0397887) (17,17,0.0795775) (18,18,0.0397887) (19,19,0.0397887) (20,20,0.0795775) (21,21,0.0397887) (22,22,0.0397887) (23,23,0.0795775) (24,24,0.0397887) (25,25,0.0397887) (26,26,0.0795775) 
v0:
size: 27 1
(0,0,-0.255273) (1,0,0.17724) (2,0,0) (3,0,-0.510051) (4,0,-0.813479) (5,0,0) (6,0,0.0927056) (7,0,0.86457) (8,0,0) (9,0,-0.582191) (10,0,-0.472689) (11,0,0) (12,0,0.301758) (13,0,0.298999) (14,0,0) (15,0,0.00252929) (16,0,-0.575634) (17,0,0) (18,0,0.577054) (19,0,-0.798005) (20,0,0) (21,0,-0.399163) (22,0,-0.322624) (23,0,0) (24,0,0.460214) (25,0,0.241966) (26,0,0) 
ipopt_sol:
size: 9 1
(0,0,24.7182) (1,0,8.9226) (2,0,0) (3,0,0) (4,0,0) (5,0,0) (6,0,22.3011) (7,0,17.8112) (8,0,0) 
policy_sol:
size: 9 1
(0,0,24.7182) (1,0,8.9226) (2,0,0) (3,0,0) (4,0,0) (5,0,0) (6,0,22.3011) (7,0,17.8112) (8,0,0) 

policy_converges:
1
ipopt_converges:
0
