solve status: 0
N:
size: 27 19
(0,0,-0.0158286) (1,0,-0.999875) (3,0,0.0158286) (4,0,0.999875) (0,1,0.0152322) (1,1,-0.999884) (6,1,-0.0152322) (7,1,0.999884) (0,2,-0.999371) (1,2,0.0354699) (9,2,0.999371) (10,2,-0.0354699) (0,3,-0.734785) (1,3,-0.6783) (12,3,0.734785) (13,3,0.6783) (0,4,-0.999523) (1,4,0.030875) (18,4,0.999523) (19,4,-0.030875) (0,5,-0.714728) (1,5,-0.699403) (24,5,0.714728) (25,5,0.699403) (3,6,0.0457764) (4,6,-0.998952) (6,6,-0.0457764) (7,6,0.998952) (3,7,-0.6939) (4,7,0.720072) (9,7,0.6939) (10,7,-0.720072) (3,8,-0.999357) (4,8,0.035853) (12,8,0.999357) (13,8,-0.035853) (3,9,-0.712152) (4,9,-0.702026) (15,9,0.712152) (16,9,0.702026) (3,10,-0.887695) (4,10,0.460432) (18,10,0.887695) (19,10,-0.460432) (3,11,-0.90229) (4,11,-0.431129) (24,11,0.90229) (25,11,0.431129) (6,12,-0.453848) (7,12,0.891079) (9,12,0.453848) (10,12,-0.891079) (6,13,-0.999998) (7,13,-0.0018961) (15,13,0.999998) (16,13,0.0018961) (6,14,-0.999287) (7,14,0.0377654) (24,14,0.999287) (25,14,-0.0377654) (9,15,-0.0291835) (10,15,-0.999574) (12,15,0.0291835) (13,15,0.999574) (9,16,-0.0164958) (10,16,-0.999864) (15,16,0.0164958) (16,16,0.999864) (9,17,-0.439942) (10,17,-0.898026) (24,17,0.439942) (25,17,0.898026) (15,18,-0.996521) (16,18,0.0833467) (24,18,0.996521) (25,18,-0.0833467) 
Q:
size: 19 19
(0,0,0.0795775) (1,0,0.0397695) (2,0,-0.000781721) (3,0,0.0274481) (4,0,-0.000598824) (5,0,0.028275) (6,0,-0.0397132) (7,0,0.0282101) (8,0,0.000796973) (9,0,-0.0283777) (10,0,0.0177587) (11,0,-0.0177202) (0,1,0.0397695) (1,1,0.0795775) (2,1,-0.00201683) (3,1,0.0265402) (4,1,-0.00183411) (5,1,0.0273919) (6,1,0.0397702) (12,1,0.0357259) (13,1,0.000530634) (14,1,0.0021081) (0,2,-0.000781721) (1,2,-0.00201683) (2,2,0.0795775) (3,2,0.0282605) (4,2,0.0397883) (5,2,0.0274332) (7,2,0.0286083) (12,2,0.0193043) (15,2,0.000250255) (16,2,0.000755176) (17,2,-0.0162263) (0,3,0.0274481) (1,3,0.0265402) (2,3,0.0282605) (3,3,0.0795775) (4,3,0.0283889) (5,3,0.0397719) (8,3,0.0282497) (15,3,0.0278304) (0,4,-0.000598824) (1,4,-0.00183411) (2,4,0.0397883) (3,4,0.0283889) (4,4,0.0795775) (5,4,0.0275654) (10,4,0.035869) (0,5,0.028275) (1,5,0.0273919) (2,5,0.0274332) (3,5,0.0397719) (4,5,0.0275654) (5,5,0.0795775) (11,5,0.037657) (14,5,0.0273669) (17,5,0.0375017) (18,5,0.0260198) (0,6,-0.0397132) (1,6,0.0397702) (6,6,0.0795775) (7,6,-0.0298846) (8,6,-0.00324526) (9,6,0.0266063) (10,6,-0.0199176) (11,6,0.0154927) (12,6,0.0362444) (13,6,0.00174602) (14,6,0.00332115) (0,7,0.0282101) (2,7,0.0286083) (6,7,-0.0298846) (7,7,0.0795775) (8,7,0.0286189) (9,7,-0.00045149) (10,7,0.0377004) (11,7,0.0125595) (12,7,0.0380605) (15,7,0.0278328) (16,7,0.0281914) (17,7,0.0135826) (0,8,0.000796973) (3,8,0.0282497) (6,8,-0.00324526) (7,8,0.0286189) (8,8,0.0795775) (9,8,0.0273159) (10,8,0.0359544) (11,8,0.0352629) (15,8,-0.00026551) (0,9,-0.0283777) (6,9,0.0266063) (7,9,-0.00045149) (8,9,0.0273159) (9,9,0.0795775) (10,9,0.0122923) (11,9,0.0376096) (13,9,0.0283885) (16,9,0.0283963) (18,9,-0.0259089) (0,10,0.0177587) (4,10,0.035869) (6,10,-0.0199176) (7,10,0.0377004) (8,10,0.0359544) (9,10,0.0122923) (10,10,0.0795775) (11,10,0.0239708) (0,11,-0.0177202) (5,11,0.037657) (6,11,0.0154927) (7,11,0.0125595) (8,11,0.0352629) (9,11,0.0376096) (10,11,0.0239708) (11,11,0.0795775) (14,11,0.0352275) (17,11,0.0311992) (18,11,0.0343463) (1,12,0.0357259) (2,12,0.0193043) (6,12,0.0362444) (7,12,0.0380605) (12,12,0.0795775) (13,12,0.0179908) (14,12,0.0193841) (15,12,0.0349128) (16,12,0.0351522) (17,12,0.023895) (1,13,0.000530634) (6,13,0.00174602) (9,13,0.0283885) (12,13,0.0179908) (13,13,0.0795775) (14,13,0.0397574) (16,13,0.000731778) (18,13,-0.0396439) (1,14,0.0021081) (5,14,0.0273669) (6,14,0.00332115) (11,14,0.0352275) (12,14,0.0193841) (13,14,0.0397574) (14,14,0.0795775) (17,14,0.0161428) (18,14,0.0397472) (2,15,0.000250255) (3,15,0.0278304) (7,15,0.0278328) (8,15,-0.00026551) (12,15,0.0349128) (15,15,0.0795775) (16,15,0.0397855) (17,15,0.036227) (2,16,0.000755176) (7,16,0.0281914) (9,16,0.0283963) (12,16,0.0351522) (13,16,0.000731778) (15,16,0.0397855) (16,16,0.0795775) (17,16,0.0360152) (18,16,0.00266175) (2,17,-0.0162263) (5,17,0.0375017) (7,17,0.0135826) (11,17,0.0311992) (12,17,0.023895) (14,17,0.0161428) (15,17,0.036227) (16,17,0.0360152) (17,17,0.0795775) (18,17,0.0144657) (5,18,0.0260198) (9,18,-0.0259089) (11,18,0.0343463) (13,18,-0.0396439) (14,18,0.0397472) (16,18,0.00266175) (17,18,0.0144657) (18,18,0.0795775) 
Minv:
size: 27 27
(0,0,0.0397887) (1,1,0.0397887) (2,2,0.0795775) (3,3,0.0397887) (4,4,0.0397887) (5,5,0.0795775) (6,6,0.0397887) (7,7,0.0397887) (8,8,0.0795775) (9,9,0.0397887) (10,10,0.0397887) (11,11,0.0795775) (12,12,0.0397887) (13,13,0.0397887) (14,14,0.0795775) (15,15,0.0397887) (16,16,0.0397887) (17,17,0.0795775) (18,18,0.0397887) (19,19,0.0397887) (20,20,0.0795775) (21,21,0.0397887) (22,22,0.0397887) (23,23,0.0795775) (24,24,0.0397887) (25,25,0.0397887) (26,26,0.0795775) 
v0:
size: 27 1
(0,0,-0.392618) (1,0,0.398104) (2,0,0) (3,0,0.640208) (4,0,0.270523) (5,0,0) (6,0,0.0672653) (7,0,0.194103) (8,0,0) (9,0,-0.707391) (10,0,0.865748) (11,0,0) (12,0,-0.959433) (13,0,-0.996616) (14,0,0) (15,0,-0.348673) (16,0,0.437403) (17,0,0) (18,0,-0.574968) (19,0,-0.685982) (20,0,0) (21,0,0.800811) (22,0,-0.557886) (23,0,0) (24,0,-0.841128) (25,0,-0.550848) (26,0,0) 
ipopt_sol:
size: 19 1
(0,0,5.03974) (1,0,0) (2,0,3.65111) (3,0,8.35474) (4,0,0) (5,0,1.18255) (6,0,0) (7,0,3.72064) (8,0,20.8175) (9,0,0) (10,0,0) (11,0,31.6063) (12,0,0) (13,0,8.8655) (14,0,3.15559) (15,0,42.5278) (16,0,0) (17,0,0.611108) (18,0,0) 
policy_sol:
size: 19 1
(0,0,1.44237) (1,0,0) (2,0,0) (3,0,12.2557) (4,0,0) (5,0,2.357) (6,0,0) (7,0,8.47607) (8,0,18.0296) (9,0,0) (10,0,0) (11,0,30.974) (12,0,0) (13,0,8.8655) (14,0,3.15559) (15,0,39.7807) (16,0,0) (17,0,0) (18,0,0) 

policy_converges:
1
ipopt_converges:
0
