solve status: 0
N:
size: 27 11
(0,0,-0.00584779) (1,0,-0.999983) (6,0,0.00584779) (7,0,0.999983) (0,1,-0.999935) (1,1,0.0113665) (9,1,0.999935) (10,1,-0.0113665) (0,2,-0.448012) (1,2,-0.894028) (15,2,0.448012) (16,2,0.894028) (3,3,0.0147794) (4,3,-0.999891) (6,3,-0.0147794) (7,3,0.999891) (3,4,-0.996708) (4,4,0.081076) (12,4,0.996708) (13,4,-0.081076) (3,5,-0.708009) (4,5,-0.706203) (15,5,0.708009) (16,5,0.706203) (6,6,-0.679724) (7,6,0.733468) (12,6,0.679724) (13,6,-0.733468) (6,7,-0.998743) (7,7,-0.05012) (15,7,0.998743) (16,7,0.05012) (6,8,-0.712396) (7,8,0.701777) (18,8,0.712396) (19,8,-0.701777) (12,9,-0.06175) (13,9,-0.998092) (15,9,0.06175) (16,9,0.998092) (18,10,-0.062227) (19,10,-0.998062) (21,10,0.062227) (22,10,0.998062) 
Q:
size: 11 11
(0,0,0.0795775) (1,0,-0.00021959) (2,0,0.0356759) (3,0,0.0397803) (6,0,0.0290251) (7,0,-0.00222656) (8,0,0.0277566) (0,1,-0.00021959) (1,1,0.0795775) (2,1,0.0174203) (0,2,0.0356759) (1,2,0.0174203) (2,2,0.0795775) (5,2,0.0377421) (7,2,0.0195863) (9,2,0.0366051) (0,3,0.0397803) (3,3,0.0795775) (4,3,-0.00381168) (5,3,0.0276795) (6,3,0.0295803) (7,3,-0.00140668) (8,3,0.0283387) (3,4,-0.00381168) (4,4,0.0795775) (5,4,0.0257999) (6,4,0.0293224) (9,4,0.000770889) (2,5,0.0377421) (3,5,0.0276795) (4,5,0.0257999) (5,5,0.0795775) (7,5,0.0295437) (9,5,0.0297849) (0,6,0.0290251) (3,6,0.0295803) (4,6,0.0293224) (6,6,0.0795775) (7,6,0.0255487) (8,6,0.0397475) (9,6,0.027458) (0,7,-0.00222656) (2,7,0.0195863) (3,7,-0.00140668) (5,7,0.0295437) (6,7,0.0255487) (7,7,0.0795775) (8,7,0.0269102) (9,7,0.00444427) (0,8,0.0277566) (3,8,0.0283387) (6,8,0.0397475) (7,8,0.0269102) (8,8,0.0795775) (10,8,0.0261049) (2,9,0.0366051) (4,9,0.000770889) (5,9,0.0297849) (6,9,0.027458) (7,9,0.00444427) (9,9,0.0795775) (8,10,0.0261049) (10,10,0.0795775) 
Minv:
size: 27 27
(0,0,0.0397887) (1,1,0.0397887) (2,2,0.0795775) (3,3,0.0397887) (4,4,0.0397887) (5,5,0.0795775) (6,6,0.0397887) (7,7,0.0397887) (8,8,0.0795775) (9,9,0.0397887) (10,10,0.0397887) (11,11,0.0795775) (12,12,0.0397887) (13,13,0.0397887) (14,14,0.0795775) (15,15,0.0397887) (16,16,0.0397887) (17,17,0.0795775) (18,18,0.0397887) (19,19,0.0397887) (20,20,0.0795775) (21,21,0.0397887) (22,22,0.0397887) (23,23,0.0795775) (24,24,0.0397887) (25,25,0.0397887) (26,26,0.0795775) 
v0:
size: 27 1
(0,0,-0.49543) (1,0,-0.19487) (2,0,0) (3,0,-0.348514) (4,0,0.319169) (5,0,0) (6,0,-0.381269) (7,0,-0.277707) (8,0,0) (9,0,-0.794174) (10,0,-0.903129) (11,0,0) (12,0,-0.405099) (13,0,0.326838) (14,0,0) (15,0,-0.986248) (16,0,-0.0271117) (17,0,0) (18,0,-0.311009) (19,0,0.132204) (20,0,0) (21,0,0.397119) (22,0,-0.152753) (23,0,0) (24,0,0.970839) (25,0,0.502444) (26,0,0) 
ipopt_sol:
size: 11 1
(0,0,0) (1,0,7.30544) (2,0,0) (3,0,13.1572) (4,0,0.075653) (5,0,5.66148) (6,0,0.231977) (7,0,12.542) (8,0,0) (9,0,6.88042) (10,0,6.0404) 
policy_sol:
size: 11 1
(0,0,0) (1,0,7.30544) (2,0,0) (3,0,13.077) (4,0,0) (5,0,5.76631) (6,0,0.336492) (7,0,12.472) (8,0,0) (9,0,6.80976) (10,0,6.0404) 

policy_converges:
1
ipopt_converges:
0
