solve status: 0
N:
size: 27 18
(0,0,-0.0612769) (1,0,-0.998121) (3,0,0.0612769) (4,0,0.998121) (0,1,-0.0344774) (1,1,-0.999405) (6,1,0.0344774) (7,1,0.999405) (0,2,-0.999986) (1,2,0.00533404) (9,2,0.999986) (10,2,-0.00533404) (0,3,-0.699271) (1,3,-0.714857) (12,3,0.699271) (13,3,0.714857) (0,4,-0.451553) (1,4,-0.892244) (15,4,0.451553) (16,4,0.892244) (0,5,-0.999935) (1,5,-0.0114036) (18,5,0.999935) (19,5,0.0114036) (0,6,-0.883109) (1,6,-0.469169) (21,6,0.883109) (22,6,0.469169) (0,7,-0.69398) (1,7,-0.719994) (24,7,0.69398) (25,7,0.719994) (3,8,-0.893813) (4,8,0.44844) (18,8,0.893813) (19,8,-0.44844) (6,9,-0.409721) (7,9,0.912211) (9,9,0.409721) (10,9,-0.912211) (6,10,-0.717917) (7,10,0.696129) (12,10,0.717917) (13,10,-0.696129) (6,11,-0.999984) (7,11,-0.00568575) (15,11,0.999984) (16,11,0.00568575) (6,12,-0.699878) (7,12,0.714263) (18,12,0.699878) (19,12,-0.714263) (6,13,-0.900695) (7,13,0.434452) (21,13,0.900695) (22,13,-0.434452) (6,14,-0.999951) (7,14,-0.00991808) (24,14,0.999951) (25,14,0.00991808) (9,15,-0.999634) (10,15,-0.0270503) (18,15,0.999634) (19,15,0.0270503) (12,16,-0.682309) (13,16,0.731064) (18,16,0.682309) (19,16,-0.731064) (12,17,-0.999987) (13,17,-0.00510433) (21,17,0.999987) (22,17,0.00510433) 
Q:
size: 18 18
(0,0,0.0795775) (1,0,0.0397744) (2,0,0.00222626) (3,0,0.0300947) (4,0,0.0365355) (5,0,0.00289085) (6,0,0.0207857) (7,0,0.0302858) (8,0,0.0156301) (0,1,0.0397744) (1,1,0.0795775) (2,1,0.00115968) (3,1,0.0293856) (4,1,0.0360996) (5,1,0.00182519) (6,1,0.019868) (7,1,0.0295826) (9,1,0.0357121) (10,1,0.0266968) (11,1,-0.00159788) (12,1,0.0274426) (13,1,0.0160404) (14,1,-0.00176614) (0,2,0.00222626) (1,2,0.00115968) (2,2,0.0795775) (3,2,0.027671) (4,2,0.0177771) (5,2,0.0397832) (6,2,0.0350377) (7,2,0.0274594) (9,2,0.0164957) (15,2,-0.0397679) (0,3,0.0300947) (1,3,0.0293856) (2,3,0.027671) (3,3,0.0795775) (4,3,0.0379419) (5,3,0.0281456) (6,3,0.0379155) (7,3,0.0397877) (10,3,0.000174486) (16,3,0.00180988) (17,3,-0.0279679) (0,4,0.0365355) (1,4,0.0360996) (2,4,0.0177771) (3,4,0.0379419) (4,4,0.0795775) (5,4,0.0183704) (6,4,0.0325226) (7,4,0.0380292) (11,4,0.0181683) (0,5,0.00289085) (1,5,0.00182519) (2,5,0.0397832) (3,5,0.0281456) (4,5,0.0183704) (5,5,0.0795775) (6,5,0.0353484) (7,5,0.0279375) (8,5,0.0353579) (12,5,0.0275213) (15,5,0.0397839) (16,5,0.0268148) (0,6,0.0207857) (1,6,0.019868) (2,6,0.0350377) (3,6,0.0379155) (4,6,0.0325226) (5,6,0.0353484) (6,6,0.0795775) (7,6,0.0378255) (13,6,0.0235382) (17,6,0.0352326) (0,7,0.0302858) (1,7,0.0295826) (2,7,0.0274594) (3,7,0.0397877) (4,7,0.0380292) (5,7,0.0279375) (6,7,0.0378255) (7,7,0.0795775) (14,7,0.0278954) (0,8,0.0156301) (5,8,0.0353579) (8,8,0.0795775) (12,8,0.0376347) (15,8,0.035068) (16,8,0.0373097) (1,9,0.0357121) (2,9,0.0164957) (9,9,0.0795775) (10,9,0.0369702) (11,9,0.0160957) (12,9,0.0373343) (13,9,0.0304521) (14,9,0.0159415) (15,9,-0.0153145) (1,10,0.0266968) (3,10,0.000174486) (9,10,0.0369702) (10,10,0.0795775) (11,10,0.0284071) (12,10,0.0397757) (13,10,0.0377618) (14,10,0.0282889) (16,10,-0.0397392) (17,10,-0.0284232) (1,11,-0.00159788) (4,11,0.0181683) (9,11,0.0160957) (10,11,0.0284071) (11,11,0.0795775) (12,11,0.0276852) (13,11,0.0357387) (14,11,0.0397884) (1,12,0.0274426) (5,12,0.0275213) (8,12,0.0376347) (9,12,0.0373343) (10,12,0.0397757) (11,12,0.0276852) (12,12,0.0795775) (13,12,0.0374288) (14,12,0.027564) (15,12,0.0270683) (16,12,0.039777) (1,13,0.0160404) (6,13,0.0235382) (9,13,0.0304521) (10,13,0.0377618) (11,13,0.0357387) (12,13,0.0374288) (13,13,0.0795775) (14,13,0.0356643) (17,13,0.0357488) (1,14,-0.00176614) (7,14,0.0278954) (9,14,0.0159415) (10,14,0.0282889) (11,14,0.0397884) (12,14,0.027564) (13,14,0.0356643) (14,14,0.0795775) (2,15,-0.0397679) (5,15,0.0397839) (8,15,0.035068) (9,15,-0.0153145) (12,15,0.0270683) (15,15,0.0795775) (16,15,0.0263514) (3,16,0.00180988) (5,16,0.0268148) (8,16,0.0373097) (10,16,-0.0397392) (12,16,0.039777) (15,16,0.0263514) (16,16,0.0795775) (17,16,0.0269994) (3,17,-0.0279679) (6,17,0.0352326) (10,17,-0.0284232) (13,17,0.0357488) (16,17,0.0269994) (17,17,0.0795775) 
Minv:
size: 27 27
(0,0,0.0397887) (1,1,0.0397887) (2,2,0.0795775) (3,3,0.0397887) (4,4,0.0397887) (5,5,0.0795775) (6,6,0.0397887) (7,7,0.0397887) (8,8,0.0795775) (9,9,0.0397887) (10,10,0.0397887) (11,11,0.0795775) (12,12,0.0397887) (13,13,0.0397887) (14,14,0.0795775) (15,15,0.0397887) (16,16,0.0397887) (17,17,0.0795775) (18,18,0.0397887) (19,19,0.0397887) (20,20,0.0795775) (21,21,0.0397887) (22,22,0.0397887) (23,23,0.0795775) (24,24,0.0397887) (25,25,0.0397887) (26,26,0.0795775) 
v0:
size: 27 1
(0,0,0.764694) (1,0,0.208698) (2,0,0) (3,0,-0.143946) (4,0,-0.660723) (5,0,0) (6,0,0.878494) (7,0,-0.588743) (8,0,0) (9,0,0.189192) (10,0,-0.894911) (11,0,0) (12,0,0.650141) (13,0,-0.328035) (14,0,0) (15,0,-0.975) (16,0,0.316086) (17,0,0) (18,0,-0.397077) (19,0,-0.605193) (20,0,0) (21,0,0.187192) (22,0,0.149766) (23,0,0) (24,0,-0.430639) (25,0,0.743441) (26,0,0) 
ipopt_sol:
size: 18 1
(0,0,15.9901) (1,0,12.3794) (2,0,0) (3,0,0) (4,0,0) (5,0,28.3974) (6,0,0) (7,0,0) (8,0,0) (9,0,0) (10,0,0) (11,0,40.3737) (12,0,0) (13,0,0) (14,0,12.6565) (15,0,0.335215) (16,0,0) (17,0,11.5737) 
policy_sol:
size: 18 1
(0,0,15.9901) (1,0,12.3794) (2,0,0) (3,0,0) (4,0,0) (5,0,28.3974) (6,0,0) (7,0,0) (8,0,0) (9,0,0) (10,0,0) (11,0,40.3737) (12,0,0) (13,0,0) (14,0,12.6565) (15,0,0.335215) (16,0,0) (17,0,11.5737) 

policy_converges:
1
ipopt_converges:
0
