solve status: 0
N:
size: 27 20
(0,0,-0.999326) (1,0,-0.0367186) (9,0,0.999326) (10,0,0.0367186) (0,1,-0.703454) (1,1,-0.710741) (12,1,0.703454) (13,1,0.710741) (0,2,-0.999979) (1,2,-0.00645124) (18,2,0.999979) (19,2,0.00645124) (0,3,-0.896184) (1,3,-0.443683) (21,3,0.896184) (22,3,0.443683) (3,4,-0.703533) (4,4,0.710663) (9,4,0.703533) (10,4,-0.710663) (3,5,-0.681356) (4,5,-0.731953) (15,5,0.681356) (16,5,0.731953) (3,6,-0.89395) (4,6,0.448167) (18,6,0.89395) (19,6,-0.448167) (3,7,-0.999671) (4,7,0.0256372) (21,7,0.999671) (22,7,-0.0256372) (6,8,-0.458914) (7,8,0.888481) (9,8,0.458914) (10,8,-0.888481) (6,9,-0.999986) (7,9,0.00525251) (15,9,0.999986) (16,9,-0.00525251) (6,10,-0.715411) (7,10,0.698704) (18,10,0.715411) (19,10,-0.698704) (6,11,-0.885961) (7,11,0.46376) (21,11,0.885961) (22,11,-0.46376) (6,12,-0.999993) (7,12,-0.00364187) (24,12,0.999993) (25,12,0.00364187) (9,13,-0.00639752) (10,13,-0.99998) (12,13,0.00639752) (13,13,0.99998) (9,14,0.0206408) (10,14,-0.999787) (15,14,-0.0206408) (16,14,0.999787) (9,15,-0.999762) (10,15,0.0218156) (18,15,0.999762) (19,15,-0.0218156) (9,16,-0.728427) (10,16,-0.685123) (21,16,0.728427) (22,16,0.685123) (9,17,-0.444953) (10,17,-0.895554) (24,17,0.444953) (25,17,0.895554) (12,18,-0.727922) (13,18,0.68566) (18,18,0.727922) (19,18,-0.68566) (12,19,-0.999928) (13,19,0.0119598) (21,19,0.999928) (22,19,-0.0119598) 
Q:
size: 20 20
(0,0,0.0795775) (1,0,0.029009) (2,0,0.0397705) (3,0,0.0362822) (4,0,0.0269355) (8,0,0.0169492) (13,0,-0.00171533) (14,0,-0.000639958) (15,0,-0.0397206) (16,0,-0.0299646) (17,0,-0.0190006) (0,1,0.029009) (1,1,0.0795775) (2,1,0.0281714) (3,1,0.0376309) (13,1,0.028458) (18,1,-0.000984068) (19,1,-0.0276493) (0,2,0.0397705) (1,2,0.0281714) (2,2,0.0795775) (3,2,0.0357712) (6,2,0.0354533) (10,2,0.0282853) (15,2,0.0397728) (18,2,0.0287865) (0,3,0.0362822) (1,3,0.0376309) (2,3,0.0357712) (3,3,0.0795775) (7,3,0.0351937) (11,3,0.0234046) (16,3,0.0380692) (19,3,0.0354443) (0,4,0.0269355) (4,4,0.0795775) (5,4,-0.00162398) (6,4,0.0376966) (7,4,0.0287084) (8,4,0.0379692) (13,4,0.0280967) (14,4,0.0288481) (15,4,-0.0286029) (16,4,-0.00101786) (17,4,0.0128676) (4,5,-0.00162398) (5,5,0.0795775) (6,5,0.011183) (7,5,0.0263547) (9,5,0.0269569) (14,5,0.0285577) (2,6,0.0354533) (4,6,0.0376966) (5,6,0.011183) (6,6,0.0795775) (7,6,0.0360146) (10,6,0.0379058) (15,6,0.0359497) (18,6,0.0381182) (3,7,0.0351937) (4,7,0.0287084) (5,7,0.0263547) (6,7,0.0360146) (7,7,0.0795775) (11,7,0.0357128) (16,7,0.0282748) (19,7,0.039785) (0,8,0.0169492) (4,8,0.0379692) (8,8,0.0795775) (9,8,0.018445) (10,8,0.0377634) (11,8,0.0325719) (12,8,0.0181307) (13,8,0.035234) (14,8,0.0357209) (15,8,-0.0190265) (16,8,0.0109194) (17,8,0.0235345) (5,9,0.0269569) (8,9,0.018445) (9,9,0.0795775) (10,9,0.0286109) (11,9,0.0353477) (12,9,0.0397872) (14,9,-0.00103021) (2,10,0.0282853) (6,10,0.0379058) (8,10,0.0377634) (9,10,0.0286109) (10,10,0.0795775) (11,10,0.0381119) (12,10,0.0283639) (15,10,0.029065) (18,10,0.0397822) (3,11,0.0234046) (7,11,0.0357128) (8,11,0.0325719) (9,11,0.0353477) (10,11,0.0381119) (11,11,0.0795775) (12,11,0.0351838) (16,11,0.0130358) (19,11,0.0354694) (8,12,0.0181307) (9,12,0.0397872) (10,12,0.0283639) (11,12,0.0351838) (12,12,0.0795775) (17,12,0.0178338) (0,13,-0.00171533) (1,13,0.028458) (4,13,0.0280967) (8,13,0.035234) (13,13,0.0795775) (14,13,0.0397742) (15,13,-0.00061351) (16,13,0.027445) (17,13,0.0357455) (18,13,0.0270957) (19,13,0.000221324) (0,14,-0.000639958) (4,14,0.0288481) (5,14,0.0285577) (8,14,0.0357209) (9,14,-0.00103021) (13,14,0.0397742) (14,14,0.0795775) (15,14,-0.00168891) (16,14,0.0266561) (17,14,0.0352599) (0,15,-0.0397206) (2,15,0.0397728) (4,15,-0.0286029) (6,15,0.0359497) (8,15,-0.0190265) (10,15,0.029065) (13,15,-0.00061351) (14,15,-0.00168891) (15,15,0.0795775) (16,15,0.0283816) (17,15,0.0169226) (18,15,0.0295514) (0,16,-0.0299646) (3,16,0.0380692) (4,16,-0.00101786) (7,16,0.0282748) (8,16,0.0109194) (11,16,0.0130358) (13,16,0.027445) (14,16,0.0266561) (15,16,0.0283816) (16,16,0.0795775) (17,16,0.0373091) (19,16,0.0286551) (0,17,-0.0190006) (4,17,0.0128676) (8,17,0.0235345) (12,17,0.0178338) (13,17,0.0357455) (14,17,0.0352599) (15,17,0.0169226) (16,17,0.0373091) (17,17,0.0795775) (1,18,-0.000984068) (2,18,0.0287865) (6,18,0.0381182) (10,18,0.0397822) (13,18,0.0270957) (15,18,0.0295514) (18,18,0.0795775) (19,18,0.0292873) (1,19,-0.0276493) (3,19,0.0354443) (7,19,0.039785) (11,19,0.0354694) (13,19,0.000221324) (16,19,0.0286551) (18,19,0.0292873) (19,19,0.0795775) 
Minv:
size: 27 27
(0,0,0.0397887) (1,1,0.0397887) (2,2,0.0795775) (3,3,0.0397887) (4,4,0.0397887) (5,5,0.0795775) (6,6,0.0397887) (7,7,0.0397887) (8,8,0.0795775) (9,9,0.0397887) (10,10,0.0397887) (11,11,0.0795775) (12,12,0.0397887) (13,13,0.0397887) (14,14,0.0795775) (15,15,0.0397887) (16,16,0.0397887) (17,17,0.0795775) (18,18,0.0397887) (19,19,0.0397887) (20,20,0.0795775) (21,21,0.0397887) (22,22,0.0397887) (23,23,0.0795775) (24,24,0.0397887) (25,25,0.0397887) (26,26,0.0795775) 
v0:
size: 27 1
(0,0,0.35839) (1,0,-0.728643) (2,0,0) (3,0,-0.00283526) (4,0,-0.545419) (5,0,0) (6,0,0.674801) (7,0,-0.291849) (8,0,0) (9,0,0.086328) (10,0,0.789529) (11,0,0) (12,0,0.266965) (13,0,-0.69538) (14,0,0) (15,0,-0.975955) (16,0,0.285923) (17,0,0) (18,0,-0.999523) (19,0,-0.915941) (20,0,0) (21,0,-0.345189) (22,0,-0.866864) (23,0,0) (24,0,-0.088371) (25,0,-0.00292439) (26,0,0) 
ipopt_sol:
size: 20 1
(0,0,0) (1,0,0) (2,0,28.376) (3,0,0) (4,0,17.3276) (5,0,0) (6,0,0) (7,0,0) (8,0,3.06881) (9,0,40.8524) (10,0,0) (11,0,0) (12,0,0) (13,0,22.4039) (14,0,0) (15,0,11.5681) (16,0,21.6822) (17,0,0) (18,0,0) (19,0,7.46261) 
policy_sol:
size: 20 1
(0,0,0) (1,0,0) (2,0,28.376) (3,0,0) (4,0,17.3276) (5,0,0) (6,0,0) (7,0,0) (8,0,3.06881) (9,0,40.8524) (10,0,0) (11,0,0) (12,0,0) (13,0,22.4039) (14,0,0) (15,0,11.5681) (16,0,21.6822) (17,0,0) (18,0,0) (19,0,7.46261) 

policy_converges:
1
ipopt_converges:
0
