solve status: 0
N:
size: 27 20
(0,0,-0.00936363) (1,0,-0.999956) (6,0,0.00936363) (7,0,0.999956) (0,1,-0.999912) (1,1,-0.013298) (18,1,0.999912) (19,1,0.013298) (3,2,4.02286e-05) (4,2,-1) (6,2,-4.02286e-05) (7,2,1) (3,3,-0.715394) (4,3,0.698721) (9,3,0.715394) (10,3,-0.698721) (3,4,-0.999954) (4,4,-0.00959317) (12,4,0.999954) (13,4,0.00959317) (3,5,-0.711259) (4,5,-0.70293) (15,5,0.711259) (16,5,0.70293) (3,6,-0.89788) (4,6,0.440239) (18,6,0.89788) (19,6,-0.440239) (3,7,-0.999996) (4,7,-0.00293981) (21,7,0.999996) (22,7,0.00293981) (6,8,-0.446031) (7,8,0.895017) (9,8,0.446031) (10,8,-0.895017) (6,9,-0.705319) (7,9,0.70889) (18,9,0.705319) (19,9,-0.70889) (9,10,-0.0554319) (10,10,-0.998462) (12,10,0.0554319) (13,10,0.998462) (9,11,-0.0170718) (10,11,-0.999854) (15,11,0.0170718) (16,11,0.999854) (9,12,-0.99999) (10,12,0.00436254) (18,12,0.99999) (19,12,-0.00436254) (9,13,-0.45287) (10,13,-0.891577) (24,13,0.45287) (25,13,0.891577) (12,14,-0.690472) (13,14,0.723359) (18,14,0.690472) (19,14,-0.723359) (12,15,-0.999992) (13,15,0.00404355) (21,15,0.999992) (22,15,-0.00404355) (15,16,-0.434666) (16,16,0.900592) (18,16,0.434666) (19,16,-0.900592) (18,17,-0.0595452) (19,17,-0.998226) (21,17,0.0595452) (22,17,0.998226) (18,18,-0.0139373) (19,18,-0.999903) (24,18,0.0139373) (25,18,0.999903) (21,19,0.0292921) (22,19,-0.999571) (24,19,-0.0292921) (25,19,0.999571) 
Q:
size: 20 20
(0,0,0.0795775) (1,0,0.00090162) (2,0,0.039787) (8,0,0.0354439) (9,0,0.0279418) (0,1,0.00090162) (1,1,0.0795775) (6,1,0.0354894) (9,1,0.0276862) (12,1,0.0397825) (14,1,0.0270878) (16,1,0.0168168) (17,1,-0.00289719) (18,1,-0.00108356) (0,2,0.039787) (2,2,0.0795775) (3,2,-0.0278024) (4,2,0.0003801) (5,2,0.0279676) (6,2,-0.017518) (7,2,0.000115371) (8,2,0.0356123) (9,2,0.028207) (2,3,-0.0278024) (3,3,0.0795775) (4,3,0.0281966) (5,3,0.000703377) (6,3,0.037797) (7,3,0.0283828) (8,3,0.0375787) (10,3,0.0261806) (11,3,0.0273112) (12,3,-0.0285856) (13,3,0.0118962) (2,4,0.0003801) (3,4,0.0281966) (4,4,0.0795775) (5,4,0.0285671) (6,4,0.0355558) (7,4,0.0397879) (10,4,0.00258658) (14,4,-0.0271956) (15,4,-0.039785) (2,5,0.0279676) (3,5,0.000703377) (4,5,0.0285671) (5,5,0.0795775) (6,5,0.0130972) (7,5,0.0283822) (11,5,0.0284478) (16,5,0.0128873) (1,6,0.0354894) (2,6,-0.017518) (3,6,0.037797) (4,6,0.0355558) (5,6,0.0130972) (6,6,0.0795775) (7,6,0.0356739) (9,6,0.0376152) (12,6,0.0358016) (14,6,0.0373382) (16,6,0.0313039) (17,6,0.0153582) (18,6,0.0170169) (2,7,0.000115371) (3,7,0.0283828) (4,7,0.0397879) (5,7,0.0283822) (6,7,0.0356739) (7,7,0.0795775) (15,7,0.0397878) (17,7,0.00248598) (19,7,0.00104857) (0,8,0.0354439) (2,8,0.0356123) (3,8,0.0375787) (8,8,0.0795775) (9,8,0.037762) (10,8,0.0345731) (11,8,0.0353034) (12,8,-0.0179022) (13,8,0.0237134) (0,9,0.0279418) (1,9,0.0276862) (2,9,0.028207) (6,9,0.0376152) (8,9,0.037762) (9,9,0.0795775) (12,9,0.0281865) (14,9,0.0397802) (16,9,0.0376003) (17,9,0.0264847) (18,9,0.027812) (3,10,0.0261806) (4,10,0.00258658) (8,10,0.0345731) (10,10,0.0795775) (11,10,0.0397594) (12,10,0.00203223) (13,10,0.036419) (14,10,0.0272144) (15,10,-0.00204491) (3,11,0.0273112) (5,11,0.0284478) (8,11,0.0353034) (10,11,0.0397594) (11,11,0.0795775) (12,11,0.000505703) (13,11,0.0357772) (16,11,0.0355329) (1,12,0.0397825) (3,12,-0.0285856) (6,12,0.0358016) (8,12,-0.0179022) (9,12,0.0281865) (10,12,0.00203223) (11,12,0.000505703) (12,12,0.0795775) (13,12,0.0178642) (14,12,0.0275983) (16,12,0.017451) (17,12,-0.00219593) (18,12,-0.000380981) (3,13,0.0118962) (8,13,0.0237134) (10,13,0.036419) (11,13,0.0357772) (12,13,0.0178642) (13,13,0.0795775) (18,13,0.0357224) (19,13,0.0349317) (1,14,0.0270878) (4,14,-0.0271956) (6,14,0.0373382) (9,14,0.0397802) (10,14,0.0272144) (12,14,0.0275983) (14,14,0.0795775) (15,14,0.0275892) (16,14,0.037862) (17,14,0.0270946) (18,14,0.0283959) (4,15,-0.039785) (7,15,0.0397878) (10,15,-0.00204491) (14,15,0.0275892) (15,15,0.0795775) (17,15,0.0022086) (19,15,0.00132631) (1,16,0.0168168) (5,16,0.0128873) (6,16,0.0313039) (9,16,0.0376003) (11,16,0.0355329) (12,16,0.017451) (14,16,0.037862) (16,16,0.0795775) (17,16,0.03474) (18,16,0.0355889) (1,17,-0.00289719) (6,17,0.0153582) (7,17,0.00248598) (9,17,0.0264847) (12,17,-0.00219593) (14,17,0.0270946) (15,17,0.0022086) (16,17,0.03474) (17,17,0.0795775) (18,17,0.0397473) (19,17,-0.0396317) (1,18,-0.00108356) (6,18,0.0170169) (9,18,0.027812) (12,18,-0.000380981) (13,18,0.0357224) (14,18,0.0283959) (16,18,0.0355889) (17,18,0.0397473) (18,18,0.0795775) (19,18,0.0397516) (7,19,0.00104857) (13,19,0.0349317) (15,19,0.00132631) (17,19,-0.0396317) (18,19,0.0397516) (19,19,0.0795775) 
Minv:
size: 27 27
(0,0,0.0397887) (1,1,0.0397887) (2,2,0.0795775) (3,3,0.0397887) (4,4,0.0397887) (5,5,0.0795775) (6,6,0.0397887) (7,7,0.0397887) (8,8,0.0795775) (9,9,0.0397887) (10,10,0.0397887) (11,11,0.0795775) (12,12,0.0397887) (13,13,0.0397887) (14,14,0.0795775) (15,15,0.0397887) (16,16,0.0397887) (17,17,0.0795775) (18,18,0.0397887) (19,19,0.0397887) (20,20,0.0795775) (21,21,0.0397887) (22,22,0.0397887) (23,23,0.0795775) (24,24,0.0397887) (25,25,0.0397887) (26,26,0.0795775) 
v0:
size: 27 1
(0,0,-0.683279) (1,0,-0.639998) (2,0,0) (3,0,0.561948) (4,0,-0.148156) (5,0,0) (6,0,-0.803557) (7,0,-0.943983) (8,0,0) (9,0,-0.249426) (10,0,0.214462) (11,0,0) (12,0,0.531769) (13,0,-0.160973) (14,0,0) (15,0,-0.316734) (16,0,0.0281155) (17,0,0) (18,0,-0.839547) (19,0,0.291658) (20,0,0) (21,0,0.0431562) (22,0,-0.0134392) (23,0,0) (24,0,0.876206) (25,0,-0.435412) (26,0,0) 
ipopt_sol:
size: 20 1
(0,0,0) (1,0,0) (2,0,33.9974) (3,0,31.2797) (4,0,0) (5,0,0) (6,0,13.942) (7,0,0) (8,0,0) (9,0,0) (10,0,0) (11,0,0) (12,0,14.1076) (13,0,0) (14,0,16.8121) (15,0,6.10509) (16,0,0) (17,0,4.88378) (18,0,0) (19,0,13.5446) 
policy_sol:
size: 20 1
(0,0,0) (1,0,0) (2,0,33.9974) (3,0,31.2797) (4,0,0) (5,0,0) (6,0,13.942) (7,0,0) (8,0,0) (9,0,0) (10,0,0) (11,0,0) (12,0,14.1076) (13,0,0) (14,0,16.8121) (15,0,6.10509) (16,0,0) (17,0,4.88378) (18,0,0) (19,0,13.5446) 

policy_converges:
1
ipopt_converges:
0
