solve status: 0
N:
size: 27 18
(3,0,0.0394616) (4,0,-0.999221) (6,0,-0.0394616) (7,0,0.999221) (3,1,-0.999975) (4,1,0.0070722) (12,1,0.999975) (13,1,-0.0070722) (3,2,-0.692614) (4,2,-0.721309) (15,2,0.692614) (16,2,0.721309) (3,3,-0.886104) (4,3,0.463486) (18,3,0.886104) (19,3,-0.463486) (3,4,-0.999883) (4,4,0.0152665) (21,4,0.999883) (22,4,-0.0152665) (6,5,-0.441202) (7,5,0.897408) (9,5,0.441202) (10,5,-0.897408) (6,6,-0.713381) (7,6,0.700777) (12,6,0.713381) (13,6,-0.700777) (6,7,-0.999999) (7,7,0.00172349) (15,7,0.999999) (16,7,-0.00172349) (6,8,-0.707913) (7,8,0.7063) (18,8,0.707913) (19,8,-0.7063) (6,9,-0.888759) (7,9,0.458374) (21,9,0.888759) (22,9,-0.458374) (6,10,-0.999951) (7,10,0.00990507) (24,10,0.999951) (25,10,-0.00990507) (9,11,-0.0115078) (10,11,-0.999934) (15,11,0.0115078) (16,11,0.999934) (9,12,-0.99764) (10,12,0.0686619) (18,12,0.99764) (19,12,-0.0686619) (9,13,-0.730965) (10,13,-0.682415) (21,13,0.730965) (22,13,0.682415) (12,14,0.0268717) (13,14,-0.999639) (15,14,-0.0268717) (16,14,0.999639) (12,15,-0.999722) (13,15,0.023574) (21,15,0.999722) (22,15,-0.023574) (15,16,-0.45987) (16,16,0.887986) (18,16,0.45987) (19,16,-0.887986) (15,17,-0.696798) (16,17,0.717267) (21,17,0.696798) (22,17,-0.717267) 
Q:
size: 18 18
(0,0,0.0795775) (1,0,-0.00185126) (2,0,0.0275901) (3,0,-0.0198185) (4,0,-0.00217691) (5,0,0.0363717) (6,0,0.0289814) (7,0,0.00163865) (8,0,0.0291924) (9,0,0.0196194) (10,0,0.00196385) (0,1,-0.00185126) (1,1,0.0795775) (2,1,0.0273546) (3,1,0.0353865) (4,1,0.0397874) (6,1,0.028581) (14,1,0.00135046) (15,1,-0.0397833) (0,2,0.0275901) (1,2,0.0273546) (2,2,0.0795775) (3,2,0.0111174) (4,2,0.0271169) (7,2,0.0275087) (11,2,0.0290152) (14,2,0.0279491) (16,2,0.012812) (17,2,0.00138301) (0,3,-0.0198185) (1,3,0.0353865) (2,3,0.0111174) (3,3,0.0795775) (4,3,0.0355344) (8,3,0.0379841) (12,3,0.03644) (16,3,0.0325894) (0,4,-0.00217691) (1,4,0.0397874) (2,4,0.0271169) (3,4,0.0355344) (4,4,0.0795775) (9,4,0.0356369) (13,4,0.0286663) (15,4,0.0397874) (17,4,0.0281572) (0,5,0.0363717) (5,5,0.0795775) (6,5,0.0375457) (7,5,0.0176164) (8,5,0.037647) (9,5,0.0319691) (10,5,0.0179077) (11,5,0.0355023) (12,5,-0.0199651) (13,5,0.0115348) (0,6,0.0289814) (1,6,0.028581) (5,6,0.0375457) (6,6,0.0795775) (7,6,0.0284325) (8,6,0.0397875) (9,6,0.0380079) (10,6,0.0286593) (14,6,0.0286357) (15,6,-0.0290339) (0,7,0.00163865) (2,7,0.0275087) (5,7,0.0176164) (6,7,0.0284325) (7,7,0.0795775) (8,7,0.0282153) (9,7,0.035394) (10,7,0.0397874) (11,7,0.000389308) (14,7,-0.00113774) (16,7,-0.0183585) (17,7,-0.0277739) (0,8,0.0291924) (3,8,0.0379841) (5,8,0.037647) (6,8,0.0397875) (7,8,0.0282153) (8,8,0.0795775) (9,8,0.0379152) (10,8,0.0284439) (12,8,0.0300301) (16,8,0.037908) (0,9,0.0196194) (4,9,0.0356369) (5,9,0.0319691) (6,9,0.0380079) (7,9,0.035394) (8,9,0.0379152) (9,9,0.0795775) (10,9,0.0355415) (13,9,0.0134028) (15,9,0.0357827) (17,9,0.0377222) (0,10,0.00196385) (5,10,0.0179077) (6,10,0.0286593) (7,10,0.0397874) (8,10,0.0284439) (9,10,0.0355415) (10,10,0.0795775) (2,11,0.0290152) (5,11,0.0355023) (7,11,0.000389308) (11,11,0.0795775) (12,11,-0.00227499) (13,11,0.0274853) (14,11,0.0397594) (16,11,0.0351189) (17,11,0.0282182) (3,12,0.03644) (5,12,-0.0199651) (8,12,0.0300301) (11,12,-0.00227499) (12,12,0.0795775) (13,12,0.0271512) (16,12,0.0206804) (4,13,0.0286663) (5,13,0.0115348) (9,13,0.0134028) (11,13,0.0274853) (12,13,0.0271512) (13,13,0.0795775) (15,13,0.028436) (17,13,0.00079026) (1,14,0.00135046) (2,14,0.0279491) (6,14,0.0286357) (7,14,-0.00113774) (11,14,0.0397594) (14,14,0.0795775) (15,14,-0.00200653) (16,14,0.0358108) (17,14,0.0292739) (1,15,-0.0397833) (4,15,0.0397874) (6,15,-0.0290339) (9,15,0.0357827) (13,15,0.028436) (14,15,-0.00200653) (15,15,0.0795775) (17,15,0.0283898) (2,16,0.012812) (3,16,0.0325894) (7,16,-0.0183585) (8,16,0.037908) (11,16,0.0351189) (12,16,0.0206804) (14,16,0.0358108) (16,16,0.0795775) (17,16,0.0380921) (2,17,0.00138301) (4,17,0.0281572) (7,17,-0.0277739) (9,17,0.0377222) (11,17,0.0282182) (13,17,0.00079026) (14,17,0.0292739) (15,17,0.0283898) (16,17,0.0380921) (17,17,0.0795775) 
Minv:
size: 27 27
(0,0,0.0397887) (1,1,0.0397887) (2,2,0.0795775) (3,3,0.0397887) (4,4,0.0397887) (5,5,0.0795775) (6,6,0.0397887) (7,7,0.0397887) (8,8,0.0795775) (9,9,0.0397887) (10,10,0.0397887) (11,11,0.0795775) (12,12,0.0397887) (13,13,0.0397887) (14,14,0.0795775) (15,15,0.0397887) (16,16,0.0397887) (17,17,0.0795775) (18,18,0.0397887) (19,19,0.0397887) (20,20,0.0795775) (21,21,0.0397887) (22,22,0.0397887) (23,23,0.0795775) (24,24,0.0397887) (25,25,0.0397887) (26,26,0.0795775) 
v0:
size: 27 1
(0,0,-0.954179) (1,0,-0.933162) (2,0,0) (3,0,0.284386) (4,0,-0.263666) (5,0,0) (6,0,0.318661) (7,0,-0.492084) (8,0,0) (9,0,0.831677) (10,0,0.0655799) (11,0,0) (12,0,-0.216923) (13,0,0.612604) (14,0,0) (15,0,-0.160183) (16,0,-0.822665) (17,0,0) (18,0,-0.142998) (19,0,0.424693) (20,0,0) (21,0,-0.627537) (22,0,0.712038) (23,0,0) (24,0,-0.105405) (25,0,0.89607) (26,0,0) 
ipopt_sol:
size: 18 1
(0,0,0.196511) (1,0,8.16749) (2,0,0.277586) (3,0,1.67106) (4,0,2.57252) (5,0,0.227114) (6,0,8.38454) (7,0,13.3864) (8,0,0.491197) (9,0,10.3059) (10,0,0) (11,0,0.558785) (12,0,22.2969) (13,0,4.31146) (14,0,23.049) (15,0,1.87123) (16,0,1.58781) (17,0,24.5746) 
policy_sol:
size: 18 1
(0,0,0) (1,0,6.6398) (2,0,0.0948279) (3,0,0.909834) (4,0,4.8938) (5,0,0) (6,0,7.8919) (7,0,12.0712) (8,0,0) (9,0,12.6939) (10,0,0) (11,0,1.55279) (12,0,22.9827) (13,0,3.22263) (14,0,23.361) (15,0,0) (16,0,2.32279) (17,0,22.0247) 

policy_converges:
1
ipopt_converges:
0
