solve status: 0
N:
size: 27 19
(0,0,-0.0184043) (1,0,-0.999831) (3,0,0.0184043) (4,0,0.999831) (0,1,-0.0240148) (1,1,-0.999712) (6,1,0.0240148) (7,1,0.999712) (0,2,-0.7317) (1,2,-0.681627) (12,2,0.7317) (13,2,0.681627) (0,3,-0.452299) (1,3,-0.891866) (15,3,0.452299) (16,3,0.891866) (3,4,-0.706487) (4,4,0.707726) (9,4,0.706487) (10,4,-0.707726) (3,5,-0.998373) (4,5,0.0570176) (12,5,0.998373) (13,5,-0.0570176) (3,6,-0.718472) (4,6,-0.695556) (15,6,0.718472) (16,6,0.695556) (3,7,-0.896476) (4,7,0.443092) (18,7,0.896476) (19,7,-0.443092) (3,8,-0.999611) (4,8,0.0278789) (21,8,0.999611) (22,8,-0.0278789) (6,9,-0.435603) (7,9,0.900139) (9,9,0.435603) (10,9,-0.900139) (6,10,-0.999194) (7,10,0.0401507) (15,10,0.999194) (16,10,-0.0401507) (6,11,-0.887349) (7,11,0.461099) (21,11,0.887349) (22,11,-0.461099) (9,12,-0.0329345) (10,12,-0.999458) (12,12,0.0329345) (13,12,0.999458) (9,13,0.00213396) (10,13,-0.999998) (15,13,-0.00213396) (16,13,0.999998) (9,14,-0.476768) (10,14,-0.879029) (24,14,0.476768) (25,14,0.879029) (12,15,-0.73466) (13,15,0.678436) (18,15,0.73466) (19,15,-0.678436) (18,16,0.0105373) (19,16,-0.999944) (21,16,-0.0105373) (22,16,0.999944) (18,17,0.00177553) (19,17,-0.999998) (24,17,-0.00177553) (25,17,0.999998) (21,18,-0.00638194) (22,18,-0.99998) (24,18,0.00638194) (25,18,0.99998) 
Q:
size: 19 19
(0,0,0.0795775) (1,0,0.0397881) (2,0,0.0276523) (3,0,0.0358114) (4,0,0.0276374) (5,0,0.00153718) (6,0,-0.0281967) (7,0,0.0169706) (8,0,0.000377081) (0,1,0.0397881) (1,1,0.0795775) (2,1,0.0278124) (3,1,0.0359082) (9,1,0.0353888) (10,1,0.000642336) (11,1,0.0174934) (0,2,0.0276523) (1,2,0.0278124) (2,2,0.0795775) (3,2,0.0373563) (5,2,0.0275197) (12,2,0.0280652) (15,2,-0.00298854) (0,3,0.0358114) (1,3,0.0359082) (2,3,0.0373563) (3,3,0.0795775) (6,3,0.0376126) (10,3,0.0165571) (13,3,0.0354477) (0,4,0.0276374) (4,4,0.0795775) (5,4,0.0296701) (6,4,0.000609896) (7,4,0.0376774) (8,4,0.0288844) (9,4,0.0375924) (12,4,0.0272184) (13,4,0.0282194) (14,4,0.011351) (0,5,0.00153718) (2,5,0.0275197) (4,5,0.0296701) (5,5,0.0795775) (6,5,0.0269626) (7,5,0.0366168) (8,5,0.0397718) (12,5,-0.000959141) (15,5,-0.0307228) (0,6,-0.0281967) (3,6,0.0376126) (4,6,0.000609896) (5,6,0.0269626) (6,6,0.0795775) (7,6,0.0133649) (8,6,0.0278044) (10,6,0.0274529) (13,6,0.0276142) (0,7,0.0169706) (4,7,0.0376774) (5,7,0.0366168) (6,7,0.0133649) (7,7,0.0795775) (8,7,0.0361473) (15,7,0.0381659) (16,7,0.018005) (17,7,0.0176934) (0,8,0.000377081) (4,8,0.0288844) (5,8,0.0397718) (6,8,0.0278044) (7,8,0.0361473) (8,8,0.0795775) (11,8,0.0358042) (16,8,-0.00152831) (18,8,0.000855415) (1,9,0.0353888) (4,9,0.0375924) (9,9,0.0795775) (10,9,0.0187561) (11,9,0.031894) (12,9,0.0352251) (13,9,0.0358523) (14,9,0.0232194) (1,10,0.000642336) (3,10,0.0165571) (6,10,0.0274529) (9,10,0.0187561) (10,10,0.0795775) (11,10,0.0360146) (13,10,-0.00168238) (1,11,0.0174934) (8,11,0.0358042) (9,11,0.031894) (10,11,0.0360146) (11,11,0.0795775) (16,11,-0.0187176) (18,11,0.0181209) (2,12,0.0280652) (4,12,0.0272184) (5,12,-0.000959141) (9,12,0.0352251) (12,12,0.0795775) (13,12,0.0397643) (14,12,0.0355813) (15,12,0.0260167) (3,13,0.0354477) (4,13,0.0282194) (6,13,0.0276142) (9,13,0.0358523) (10,13,-0.00168238) (12,13,0.0397643) (13,13,0.0795775) (14,13,0.0349349) (4,14,0.011351) (9,14,0.0232194) (12,14,0.0355813) (13,14,0.0349349) (14,14,0.0795775) (17,14,0.0349417) (18,14,0.0350958) (2,15,-0.00298854) (5,15,-0.0307228) (7,15,0.0381659) (12,15,0.0260167) (15,15,0.0795775) (16,15,0.0273006) (17,15,0.027046) (7,16,0.018005) (8,16,-0.00152831) (11,16,-0.0187176) (15,16,0.0273006) (16,16,0.0795775) (17,16,0.0397872) (18,16,-0.039783) (7,17,0.0176934) (14,17,0.0349417) (15,17,0.027046) (16,17,0.0397872) (17,17,0.0795775) (18,17,0.0397874) (8,18,0.000855415) (11,18,0.0181209) (14,18,0.0350958) (16,18,-0.039783) (17,18,0.0397874) (18,18,0.0795775) 
Minv:
size: 27 27
(0,0,0.0397887) (1,1,0.0397887) (2,2,0.0795775) (3,3,0.0397887) (4,4,0.0397887) (5,5,0.0795775) (6,6,0.0397887) (7,7,0.0397887) (8,8,0.0795775) (9,9,0.0397887) (10,10,0.0397887) (11,11,0.0795775) (12,12,0.0397887) (13,13,0.0397887) (14,14,0.0795775) (15,15,0.0397887) (16,16,0.0397887) (17,17,0.0795775) (18,18,0.0397887) (19,19,0.0397887) (20,20,0.0795775) (21,21,0.0397887) (22,22,0.0397887) (23,23,0.0795775) (24,24,0.0397887) (25,25,0.0397887) (26,26,0.0795775) 
v0:
size: 27 1
(0,0,-0.935137) (1,0,0.784143) (2,0,0) (3,0,0.616554) (4,0,-0.682509) (5,0,0) (6,0,0.603699) (7,0,0.689501) (8,0,0) (9,0,-0.0699346) (10,0,0.519772) (11,0,0) (12,0,0.0387806) (13,0,-0.404833) (14,0,0) (15,0,-0.651144) (16,0,0.447669) (17,0,0) (18,0,0.983692) (19,0,0.722535) (20,0,0) (21,0,0.230374) (22,0,0.245431) (23,0,0) (24,0,0.824275) (25,0,-0.211718) (26,0,0) 
ipopt_sol:
size: 19 1
(0,0,31.7516) (1,0,0) (2,0,0) (3,0,0) (4,0,12.0859) (5,0,9.4627) (6,0,4.09674e-09) (7,0,0) (8,0,1.08748) (9,0,0) (10,0,31.2682) (11,0,0) (12,0,19.1155) (13,0,0) (14,0,0) (15,0,0) (16,0,0.100668) (17,0,23.4229) (18,0,0) 
policy_sol:
size: 19 1
(0,0,31.7516) (1,0,0) (2,0,0) (3,0,0) (4,0,12.0859) (5,0,9.4627) (6,0,0) (7,0,0) (8,0,1.08748) (9,0,0) (10,0,31.2682) (11,0,0) (12,0,19.1155) (13,0,0) (14,0,0) (15,0,0) (16,0,0.100668) (17,0,23.4229) (18,0,0) 

policy_converges:
1
ipopt_converges:
0
