solve status: 0
N:
size: 27 13
(0,0,-0.0403617) (1,0,-0.999185) (3,0,0.0403617) (4,0,0.999185) (0,1,-0.678467) (1,1,-0.734631) (12,1,0.678467) (13,1,0.734631) (0,2,-0.893199) (1,2,-0.449662) (21,2,0.893199) (22,2,0.449662) (0,3,-0.68999) (1,3,-0.723819) (24,3,0.68999) (25,3,0.723819) (3,4,-0.725144) (4,4,0.688598) (9,4,0.725144) (10,4,-0.688598) (3,5,-0.999957) (4,5,-0.00922687) (21,5,0.999957) (22,5,0.00922687) (6,6,-0.438238) (7,6,0.898859) (9,6,0.438238) (10,6,-0.898859) (6,7,-0.999993) (7,7,-0.0037252) (24,7,0.999993) (25,7,0.0037252) (9,8,0.0240415) (10,8,-0.999711) (12,8,-0.0240415) (13,8,0.999711) (9,9,-0.717911) (10,9,-0.696135) (21,9,0.717911) (22,9,0.696135) (9,10,-0.430549) (10,10,-0.902567) (24,10,0.430549) (25,10,0.902567) (12,11,-0.997448) (13,11,0.0713926) (21,11,0.997448) (22,11,-0.0713926) (15,12,-0.999765) (16,12,-0.0216705) (24,12,0.999765) (25,12,0.0216705) 
Q:
size: 13 13
(0,0,0.0795775) (1,0,0.0302958) (2,0,0.0193113) (3,0,0.0298845) (4,0,0.0262116) (5,0,-0.0019727) (0,1,0.0302958) (1,1,0.0795775) (2,1,0.0372558) (3,1,0.0397838) (8,1,0.0285726) (11,1,-0.0248396) (0,2,0.0193113) (1,2,0.0372558) (2,2,0.0795775) (3,2,0.0374719) (5,2,0.0357028) (9,2,0.0379689) (11,2,0.0341713) (0,3,0.0298845) (1,3,0.0397838) (2,3,0.0374719) (3,3,0.0795775) (7,3,0.0275609) (10,3,0.037814) (12,3,0.0280715) (0,4,0.0262116) (4,4,0.0795775) (5,4,0.0285985) (6,4,0.0372716) (8,4,0.0280842) (9,4,-0.00164055) (10,4,0.0123065) (0,5,-0.0019727) (2,5,0.0357028) (4,5,0.0285985) (5,5,0.0795775) (9,5,0.0288191) (11,5,0.0396593) (4,6,0.0372716) (6,6,0.0795775) (7,6,0.0173036) (8,6,0.0361733) (9,6,0.0123787) (10,6,0.0247724) (3,7,0.0275609) (6,7,0.0173036) (7,7,0.0795775) (10,7,0.0172647) (12,7,0.0397823) (1,8,0.0285726) (4,8,0.0280842) (6,8,0.0361733) (8,8,0.0795775) (9,8,0.0270036) (10,8,0.0354898) (11,8,0.00379394) (2,9,0.0379689) (4,9,-0.00164055) (5,9,0.0288191) (6,9,0.0123787) (8,9,0.0270036) (9,9,0.0795775) (10,9,0.0372981) (11,9,0.0265144) (3,10,0.037814) (4,10,0.0123065) (6,10,0.0247724) (7,10,0.0172647) (8,10,0.0354898) (9,10,0.0372981) (10,10,0.0795775) (12,10,0.0179052) (1,11,-0.0248396) (2,11,0.0341713) (5,11,0.0396593) (8,11,0.00379394) (9,11,0.0265144) (11,11,0.0795775) (3,12,0.0280715) (7,12,0.0397823) (10,12,0.0179052) (12,12,0.0795775) 
Minv:
size: 27 27
(0,0,0.0397887) (1,1,0.0397887) (2,2,0.0795775) (3,3,0.0397887) (4,4,0.0397887) (5,5,0.0795775) (6,6,0.0397887) (7,7,0.0397887) (8,8,0.0795775) (9,9,0.0397887) (10,10,0.0397887) (11,11,0.0795775) (12,12,0.0397887) (13,13,0.0397887) (14,14,0.0795775) (15,15,0.0397887) (16,16,0.0397887) (17,17,0.0795775) (18,18,0.0397887) (19,19,0.0397887) (20,20,0.0795775) (21,21,0.0397887) (22,22,0.0397887) (23,23,0.0795775) (24,24,0.0397887) (25,25,0.0397887) (26,26,0.0795775) 
v0:
size: 27 1
(0,0,-0.601857) (1,0,-0.00434334) (2,0,0) (3,0,-0.40659) (4,0,-0.94422) (5,0,0) (6,0,-0.451722) (7,0,0.0546345) (8,0,0) (9,0,-0.258763) (10,0,0.254676) (11,0,0) (12,0,-0.24838) (13,0,-0.564931) (14,0,0) (15,0,0.00162058) (16,0,0.960457) (17,0,0) (18,0,0.691583) (19,0,-0.914124) (20,0,0) (21,0,-0.673562) (22,0,-0.488823) (23,0,0) (24,0,-0.664178) (25,0,-0.0642322) (26,0,0) 
ipopt_sol:
size: 13 1
(0,0,21.1761) (1,0,0) (2,0,0) (3,0,0) (4,0,6.76494) (5,0,0) (6,0,0) (7,0,0) (8,0,13.0666) (9,0,14.4081) (10,0,0) (11,0,5.37169) (12,0,17.2875) 
policy_sol:
size: 13 1
(0,0,21.1761) (1,0,0) (2,0,0) (3,0,0) (4,0,6.76494) (5,0,0) (6,0,0) (7,0,0) (8,0,13.0666) (9,0,14.4081) (10,0,0) (11,0,5.37169) (12,0,17.2875) 

policy_converges:
1
ipopt_converges:
0
