solve status: 0
N:
size: 27 9
(0,0,-0.999901) (1,0,-0.0140922) (9,0,0.999901) (10,0,0.0140922) (0,1,-0.999837) (1,1,-0.0180417) (18,1,0.999837) (19,1,0.0180417) (3,2,-0.69787) (4,2,0.716224) (9,2,0.69787) (10,2,-0.716224) (3,3,-0.999121) (4,3,-0.0419281) (12,3,0.999121) (13,3,0.0419281) (3,4,-0.888894) (4,4,0.458112) (18,4,0.888894) (19,4,-0.458112) (3,5,-0.88907) (4,5,-0.457772) (24,5,0.88907) (25,5,0.457772) (12,6,-0.686969) (13,6,0.726686) (18,6,0.686969) (19,6,-0.726686) (15,7,-0.999763) (16,7,-0.0217536) (24,7,0.999763) (25,7,0.0217536) (21,8,-0.0146559) (22,8,-0.999893) (24,8,0.0146559) (25,8,0.999893) 
Q:
size: 9 9
(0,0,0.0795775) (1,0,0.0397884) (2,0,0.027363) (0,1,0.0397884) (1,1,0.0795775) (4,1,0.0350334) (6,1,0.0268075) (0,2,0.027363) (2,2,0.0795775) (3,2,0.0265481) (4,2,0.0377374) (5,2,0.0116417) (2,3,0.0265481) (3,3,0.0795775) (4,3,0.0345726) (5,3,0.0361075) (6,3,-0.0260973) (1,4,0.0350334) (2,4,0.0377374) (3,4,0.0345726) (4,4,0.0795775) (5,4,0.0231005) (6,4,0.0375425) (2,5,0.0116417) (3,5,0.0361075) (4,5,0.0231005) (5,5,0.0795775) (7,5,0.0357628) (8,5,0.0187307) (1,6,0.0268075) (3,6,-0.0260973) (4,6,0.0375425) (6,6,0.0795775) (5,7,0.0357628) (7,7,0.0795775) (8,7,0.00144846) (5,8,0.0187307) (7,8,0.00144846) (8,8,0.0795775) 
Minv:
size: 27 27
(0,0,0.0397887) (1,1,0.0397887) (2,2,0.0795775) (3,3,0.0397887) (4,4,0.0397887) (5,5,0.0795775) (6,6,0.0397887) (7,7,0.0397887) (8,8,0.0795775) (9,9,0.0397887) (10,10,0.0397887) (11,11,0.0795775) (12,12,0.0397887) (13,13,0.0397887) (14,14,0.0795775) (15,15,0.0397887) (16,16,0.0397887) (17,17,0.0795775) (18,18,0.0397887) (19,19,0.0397887) (20,20,0.0795775) (21,21,0.0397887) (22,22,0.0397887) (23,23,0.0795775) (24,24,0.0397887) (25,25,0.0397887) (26,26,0.0795775) 
v0:
size: 27 1
(0,0,0.290835) (1,0,-0.358442) (2,0,0) (3,0,0.808366) (4,0,-0.173247) (5,0,0) (6,0,-0.588608) (7,0,0.79392) (8,0,0) (9,0,-0.738308) (10,0,-0.89514) (11,0,0) (12,0,0.424342) (13,0,-0.413364) (14,0,0) (15,0,0.440986) (16,0,0.87983) (17,0,0) (18,0,-0.657365) (19,0,-0.885287) (20,0,0) (21,0,0.880033) (22,0,0.982214) (23,0,0) (24,0,0.331058) (25,0,0.0726559) (26,0,0) 
ipopt_sol:
size: 9 1
(0,0,25.8432) (1,0,0.419081) (2,0,0) (3,0,0) (4,0,24.3623) (5,0,0) (6,0,0) (7,0,2.78464) (8,0,23.0088) 
policy_sol:
size: 9 1
(0,0,25.8432) (1,0,0.419081) (2,0,0) (3,0,0) (4,0,24.3623) (5,0,0) (6,0,0) (7,0,2.78464) (8,0,23.0088) 

policy_converges:
1
ipopt_converges:
0
