solve status: 0
N:
size: 27 12
(0,0,-0.0268336) (1,0,-0.99964) (3,0,0.0268336) (4,0,0.99964) (0,1,-0.999991) (1,1,0.00421559) (9,1,0.999991) (10,1,-0.00421559) (0,2,-0.690322) (1,2,-0.723502) (12,2,0.690322) (13,2,0.723502) (0,3,-0.999939) (1,3,-0.0110428) (18,3,0.999939) (19,3,0.0110428) (0,4,-0.899425) (1,4,-0.437076) (21,4,0.899425) (22,4,0.437076) (6,5,-0.461832) (7,5,0.886967) (9,5,0.461832) (10,5,-0.886967) (6,6,-0.728381) (7,6,0.685172) (12,6,0.728381) (13,6,-0.685172) (6,7,-0.714158) (7,7,0.699984) (18,7,0.714158) (19,7,-0.699984) (6,8,-1) (7,8,1.13518e-06) (24,8,1) (25,8,-1.13518e-06) (15,9,-0.443727) (16,9,0.896162) (18,9,0.443727) (19,9,-0.896162) (15,10,-0.99667) (16,10,0.0815468) (24,10,0.99667) (25,10,-0.0815468) (18,11,-0.0302052) (19,11,-0.999544) (21,11,0.0302052) (22,11,0.999544) 
Q:
size: 12 12
(0,0,0.0795775) (1,0,0.000899994) (2,0,0.0295139) (3,0,0.00150683) (4,0,0.0183447) (0,1,0.000899994) (1,1,0.0795775) (2,1,0.0273455) (3,1,0.0397841) (4,1,0.0357133) (5,1,0.0185243) (0,2,0.0295139) (1,2,0.0273455) (2,2,0.0795775) (3,2,0.0277833) (4,2,0.0372867) (6,2,0.000282276) (0,3,0.00150683) (1,3,0.0397841) (2,3,0.0277833) (3,3,0.0795775) (4,3,0.0359768) (7,3,0.0281062) (9,3,0.0172605) (11,3,-0.00164093) (0,4,0.0183447) (1,4,0.0357133) (2,4,0.0372867) (3,4,0.0359768) (4,4,0.0795775) (11,4,0.0184637) (1,5,0.0185243) (5,5,0.0795775) (6,5,0.0375651) (7,5,0.0378265) (8,5,0.0183757) (2,6,0.000282276) (5,6,0.0375651) (6,6,0.0795775) (7,6,0.0397803) (8,6,0.0289814) (3,7,0.0281062) (5,7,0.0378265) (6,7,0.0397803) (7,7,0.0795775) (8,7,0.0284155) (9,7,0.0375681) (11,7,0.0269805) (5,8,0.0183757) (6,8,0.0289814) (7,8,0.0284155) (8,8,0.0795775) (10,8,0.0396562) (3,9,0.0172605) (7,9,0.0375681) (9,9,0.0795775) (10,9,0.0205043) (11,9,0.0351076) (8,10,0.0396562) (9,10,0.0205043) (10,10,0.0795775) (3,11,-0.00164093) (4,11,0.0184637) (7,11,0.0269805) (9,11,0.0351076) (11,11,0.0795775) 
Minv:
size: 27 27
(0,0,0.0397887) (1,1,0.0397887) (2,2,0.0795775) (3,3,0.0397887) (4,4,0.0397887) (5,5,0.0795775) (6,6,0.0397887) (7,7,0.0397887) (8,8,0.0795775) (9,9,0.0397887) (10,10,0.0397887) (11,11,0.0795775) (12,12,0.0397887) (13,13,0.0397887) (14,14,0.0795775) (15,15,0.0397887) (16,16,0.0397887) (17,17,0.0795775) (18,18,0.0397887) (19,19,0.0397887) (20,20,0.0795775) (21,21,0.0397887) (22,22,0.0397887) (23,23,0.0795775) (24,24,0.0397887) (25,25,0.0397887) (26,26,0.0795775) 
v0:
size: 27 1
(0,0,0.8891) (1,0,-0.841196) (2,0,0) (3,0,-0.845708) (4,0,-0.928083) (5,0,0) (6,0,-0.105445) (7,0,-0.742674) (8,0,0) (9,0,-0.373932) (10,0,-0.545396) (11,0,0) (12,0,-0.0904388) (13,0,0.026306) (14,0,0) (15,0,0.943917) (16,0,0.349085) (17,0,0) (18,0,-0.253611) (19,0,-0.227931) (20,0,0) (21,0,0.472781) (22,0,-0.735289) (23,0,0) (24,0,-0.263521) (25,0,0.961037) (26,0,0) 
ipopt_sol:
size: 12 1
(0,0,2.76575) (1,0,23.1555) (2,0,0) (3,0,17.1775) (4,0,0) (5,0,0) (6,0,12.9673) (7,0,0) (8,0,0) (9,0,0) (10,0,31.4993) (11,0,12.5483) 
policy_sol:
size: 12 1
(0,0,2.76575) (1,0,23.1555) (2,0,0) (3,0,17.1775) (4,0,0) (5,0,0) (6,0,12.9673) (7,0,0) (8,0,0) (9,0,0) (10,0,31.4993) (11,0,12.5483) 

policy_converges:
1
ipopt_converges:
0
