solve status: 0
N:
size: 27 22
(0,0,0.0308264) (1,0,-0.999525) (3,0,-0.0308264) (4,0,0.999525) (0,1,0.0427834) (1,1,-0.999084) (6,1,-0.0427834) (7,1,0.999084) (3,2,-0.699175) (4,2,0.71495) (9,2,0.699175) (10,2,-0.71495) (3,3,-0.745547) (4,3,-0.666453) (15,3,0.745547) (16,3,0.666453) (3,4,-0.879788) (4,4,0.475366) (18,4,0.879788) (19,4,-0.475366) (3,5,-0.999527) (4,5,0.0307492) (21,5,0.999527) (22,5,-0.0307492) (6,6,-0.463929) (7,6,0.885872) (9,6,0.463929) (10,6,-0.885872) (6,7,-0.700061) (7,7,0.714083) (18,7,0.700061) (19,7,-0.714083) (6,8,-0.891304) (7,8,0.453407) (21,8,0.891304) (22,8,-0.453407) (9,9,0.0213156) (10,9,-0.999773) (12,9,-0.0213156) (13,9,0.999773) (9,10,-0.0197348) (10,10,-0.999805) (15,10,0.0197348) (16,10,0.999805) (9,11,-0.999446) (10,11,0.0332891) (18,11,0.999446) (19,11,-0.0332891) (9,12,-0.727145) (10,12,-0.686484) (21,12,0.727145) (22,12,0.686484) (9,13,-0.474223) (10,13,-0.880405) (24,13,0.474223) (25,13,0.880405) (12,14,-0.0616356) (13,14,-0.998099) (15,14,0.0616356) (16,14,0.998099) (12,15,-0.690524) (13,15,0.72331) (18,15,0.690524) (19,15,-0.72331) (12,16,-0.999683) (13,16,0.0251894) (21,16,0.999683) (22,16,-0.0251894) (12,17,-0.747226) (13,17,-0.66457) (24,17,0.747226) (25,17,0.66457) (15,18,-0.418154) (16,18,0.908376) (18,18,0.418154) (19,18,-0.908376) (15,19,-0.702961) (16,19,0.711228) (21,19,0.702961) (22,19,-0.711228) (18,20,-0.0666141) (19,20,-0.997779) (21,20,0.0666141) (22,20,0.997779) (18,21,-0.0450118) (19,21,-0.998986) (24,21,0.0450118) (25,21,0.998986) 
Q:
size: 22 22
(0,0,0.0795775) (1,0,0.0397859) (2,0,0.029291) (3,0,-0.0255903) (4,0,0.0199843) (5,0,0.00244885) (0,1,0.0397859) (1,1,0.0795775) (6,1,0.0360052) (7,1,0.0295781) (8,1,0.0195412) (0,2,0.029291) (2,2,0.0795775) (3,2,0.00178205) (4,2,0.0379978) (5,2,0.0286809) (6,2,0.0381066) (9,2,0.0290335) (10,2,0.0278924) (11,2,-0.0287509) (12,2,-0.000700284) (13,2,0.0118523) (0,3,-0.0255903) (2,3,0.00178205) (3,3,0.0795775) (4,3,0.013493) (5,3,0.028835) (10,3,0.0270976) (14,3,0.0282953) (18,3,0.0116834) (19,3,-0.00199305) (0,4,0.0199843) (2,4,0.0379978) (3,4,0.013493) (4,4,0.0795775) (5,4,0.0355707) (7,4,0.0380124) (11,4,0.0356159) (15,4,0.0378531) (18,4,0.031819) (20,4,0.0165403) (21,4,0.0173194) (0,5,0.00244885) (2,5,0.0286809) (3,5,0.028835) (4,5,0.0355707) (5,5,0.0795775) (8,5,0.0360018) (12,5,0.0280786) (16,5,0.0397881) (19,5,0.0288269) (20,5,0.00142848) (1,6,0.0360052) (2,6,0.0381066) (6,6,0.0795775) (7,6,0.0380923) (8,6,0.0324343) (9,6,0.0356332) (10,6,0.0348766) (11,6,-0.0196223) (12,6,0.0107745) (13,6,0.0222785) (1,7,0.0295781) (4,7,0.0380124) (6,7,0.0380923) (7,7,0.0795775) (8,7,0.0377093) (11,7,0.0287849) (15,7,0.0397852) (18,7,0.0374567) (20,7,0.0264938) (21,7,0.0271299) (1,8,0.0195412) (5,8,0.0360018) (6,8,0.0324343) (7,8,0.0377093) (8,8,0.0795775) (12,8,0.0134029) (16,8,0.035907) (19,8,0.0377606) (20,8,-0.015638) (2,9,0.0290335) (6,9,0.0356332) (9,9,0.0795775) (10,9,0.0397552) (11,9,-0.00217188) (12,9,0.0266914) (13,9,0.03462) (14,9,-0.0396518) (15,9,0.0293587) (16,9,0.00184988) (17,9,-0.0258027) (2,10,0.0278924) (3,10,0.0270976) (6,10,0.0348766) (9,10,0.0397552) (10,10,0.0795775) (11,10,-0.000539488) (12,10,0.02788) (13,10,0.0353957) (14,10,0.0397537) (18,10,0.0358077) (19,10,0.0277414) (2,11,-0.0287509) (4,11,0.0356159) (6,11,-0.0196223) (7,11,0.0287849) (9,11,-0.00217188) (10,11,-0.000539488) (11,11,0.0795775) (12,11,0.0280069) (13,11,0.0176921) (15,11,0.0284179) (18,11,0.0178318) (20,11,-0.00132743) (21,11,-0.000466781) (2,12,-0.000700284) (5,12,0.0280786) (6,12,0.0107745) (8,12,0.0134029) (9,12,0.0266914) (10,12,0.02788) (11,12,0.0280069) (12,12,0.0795775) (13,12,0.037768) (16,12,0.028235) (19,12,0.000911476) (20,12,0.0291809) (2,13,0.0118523) (6,13,0.0222785) (9,13,0.03462) (10,13,0.0353957) (11,13,0.0176921) (12,13,0.037768) (13,13,0.0795775) (17,13,0.0373792) (21,13,0.035844) (3,14,0.0282953) (9,14,-0.0396518) (10,14,0.0397537) (14,14,0.0795775) (15,14,-0.0270314) (16,14,0.00145128) (17,14,0.0282246) (18,14,0.0350489) (19,14,0.0265211) (4,15,0.0378531) (7,15,0.0397852) (9,15,0.0293587) (11,15,0.0284179) (14,15,-0.0270314) (15,15,0.0795775) (16,15,0.0281913) (17,15,0.00140403) (18,15,0.0376315) (20,15,0.0268854) (21,15,0.0275137) (5,16,0.0397881) (8,16,0.035907) (9,16,0.00184988) (12,16,0.028235) (14,16,0.00145128) (15,16,0.0281913) (16,16,0.0795775) (17,16,0.0290557) (19,16,0.0286739) (20,16,0.00164962) (9,17,-0.0258027) (13,17,0.0373792) (14,17,0.0282246) (15,17,0.00140403) (16,17,0.0290557) (17,17,0.0795775) (21,17,0.0277539) (3,18,0.0116834) (4,18,0.031819) (7,18,0.0374567) (10,18,0.0358077) (11,18,0.0178318) (14,18,0.0350489) (15,18,0.0376315) (18,18,0.0795775) (19,18,0.0374018) (20,18,0.0349545) (21,18,0.0353576) (3,19,-0.00199305) (5,19,0.0288269) (8,19,0.0377606) (10,19,0.0277414) (12,19,0.000911476) (14,19,0.0265211) (16,19,0.0286739) (18,19,0.0374018) (19,19,0.0795775) (20,19,-0.0263728) (4,20,0.0165403) (5,20,0.00142848) (7,20,0.0264938) (8,20,-0.015638) (11,20,-0.00132743) (12,20,0.0291809) (15,20,0.0268854) (16,20,0.00164962) (18,20,0.0349545) (19,20,-0.0263728) (20,20,0.0795775) (21,20,0.0397794) (4,21,0.0173194) (7,21,0.0271299) (11,21,-0.000466781) (13,21,0.035844) (15,21,0.0275137) (17,21,0.0277539) (18,21,0.0353576) (20,21,0.0397794) (21,21,0.0795775) 
Minv:
size: 27 27
(0,0,0.0397887) (1,1,0.0397887) (2,2,0.0795775) (3,3,0.0397887) (4,4,0.0397887) (5,5,0.0795775) (6,6,0.0397887) (7,7,0.0397887) (8,8,0.0795775) (9,9,0.0397887) (10,10,0.0397887) (11,11,0.0795775) (12,12,0.0397887) (13,13,0.0397887) (14,14,0.0795775) (15,15,0.0397887) (16,16,0.0397887) (17,17,0.0795775) (18,18,0.0397887) (19,19,0.0397887) (20,20,0.0795775) (21,21,0.0397887) (22,22,0.0397887) (23,23,0.0795775) (24,24,0.0397887) (25,25,0.0397887) (26,26,0.0795775) 
v0:
size: 27 1
(0,0,-0.996177) (1,0,-0.624429) (2,0,0) (3,0,0.450381) (4,0,-0.928442) (5,0,0) (6,0,-0.539189) (7,0,-0.858849) (8,0,0) (9,0,0.427077) (10,0,0.177408) (11,0,0) (12,0,0.790088) (13,0,-0.1611) (14,0,0) (15,0,-0.306553) (16,0,-0.927114) (17,0,0) (18,0,0.404661) (19,0,0.466851) (20,0,0) (21,0,-0.626333) (22,0,-0.719153) (23,0,0) (24,0,0.869225) (25,0,-0.52794) (26,0,0) 
ipopt_sol:
size: 22 1
(0,0,1.31648) (1,0,5.7194) (2,0,18.0401) (3,0,6.40102) (4,0,0) (5,0,0) (6,0,0) (7,0,0) (8,0,0) (9,0,5.11529) (10,0,0) (11,0,0.267144) (12,0,17.9082) (13,0,0) (14,0,21.8784) (15,0,3.47474) (16,0,26.8118) (17,0,0) (18,0,0) (19,0,0) (20,0,15.4007) (21,0,15.5526) 
policy_sol:
size: 22 1
(0,0,1.04274) (1,0,5.85626) (2,0,22.2719) (3,0,6.67804) (4,0,-5.03038) (5,0,0) (6,0,0) (7,0,0) (8,0,0) (9,0,0) (10,0,0) (11,0,-0.205802) (12,0,22.4456) (13,0,0) (14,0,25.2026) (15,0,13.8101) (16,0,21.643) (17,0,0) (18,0,-5.37305) (19,0,0) (20,0,13.2628) (21,0,16.5272) 

policy_converges:
0
ipopt_converges:
0
