solve status: 0
N:
size: 27 15
(0,0,-0.00235558) (1,0,-0.999997) (6,0,0.00235558) (7,0,0.999997) (0,1,-0.733155) (1,1,-0.680061) (12,1,0.733155) (13,1,0.680061) (0,2,-0.480297) (1,2,-0.877106) (15,2,0.480297) (16,2,0.877106) (0,3,-0.90034) (1,3,-0.435188) (21,3,0.90034) (22,3,0.435188) (3,4,0.00496543) (4,4,-0.999988) (6,4,-0.00496543) (7,4,0.999988) (3,5,-0.999615) (4,5,0.0277305) (12,5,0.999615) (13,5,-0.0277305) (3,6,-0.730076) (4,6,-0.683366) (15,6,0.730076) (16,6,0.683366) (3,7,-0.99982) (4,7,-0.0189554) (21,7,0.99982) (22,7,0.0189554) (6,8,-0.468999) (7,8,0.883199) (9,8,0.468999) (10,8,-0.883199) (6,9,-0.695412) (7,9,0.718612) (12,9,0.695412) (13,9,-0.718612) (6,10,-0.999896) (7,10,0.0144102) (15,10,0.999896) (16,10,-0.0144102) (6,11,-0.905346) (7,11,0.424675) (21,11,0.905346) (22,11,-0.424675) (9,12,0.0456035) (10,12,-0.99896) (12,12,-0.0456035) (13,12,0.99896) (9,13,-0.0106212) (10,13,-0.999944) (15,13,0.0106212) (16,13,0.999944) (9,14,-0.714884) (10,14,-0.699243) (21,14,0.714884) (22,14,0.699243) 
Q:
size: 15 15
(0,0,0.0795775) (1,0,0.0271274) (2,0,0.0349439) (3,0,0.0173999) (4,0,0.0397877) (8,0,0.0350973) (9,0,0.0285274) (10,0,0.000479647) (11,0,0.0168124) (0,1,0.0271274) (1,1,0.0795775) (2,1,0.0377443) (3,1,0.0380398) (5,1,0.0284097) (9,1,0.000841321) (12,1,0.0257003) (0,2,0.0349439) (1,2,0.0377443) (2,2,0.0795775) (3,2,0.0323935) (6,2,0.0378008) (10,2,0.0186055) (13,2,0.0350999) (0,3,0.0173999) (1,3,0.0380398) (2,3,0.0323935) (3,3,0.0795775) (7,3,0.0361452) (11,3,0.0250791) (14,3,0.0377174) (0,4,0.0397877) (4,4,0.0795775) (5,4,-0.00130084) (6,4,0.0270457) (7,4,0.000556668) (8,4,0.0352336) (9,4,0.0287297) (10,4,0.000770905) (11,4,0.0170759) (1,5,0.0284097) (4,5,-0.00130084) (5,5,0.0795775) (6,5,0.0282836) (7,5,0.0397454) (9,5,0.0284518) (12,5,-0.00291602) (2,6,0.0378008) (4,6,0.0270457) (5,6,0.0282836) (6,6,0.0795775) (7,6,0.029559) (10,6,0.028654) (13,6,0.0274973) (3,7,0.0361452) (4,7,0.000556668) (5,7,0.0397454) (6,7,0.029559) (7,7,0.0795775) (11,7,0.0356958) (14,7,0.0289666) (0,8,0.0350973) (4,8,0.0352336) (8,8,0.0795775) (9,8,0.03823) (10,8,0.0191653) (11,8,0.0318182) (12,8,0.0359558) (13,8,0.0349412) (14,8,0.011232) (0,9,0.0285274) (1,9,0.000841321) (4,9,0.0287297) (5,9,0.0284518) (8,9,0.03823) (9,9,0.0795775) (10,9,0.0280787) (11,9,0.0371931) (12,9,-0.0298247) (0,10,0.000479647) (2,10,0.0186055) (4,10,0.000770905) (6,10,0.028654) (8,10,0.0191653) (9,10,0.0280787) (10,10,0.0795775) (11,10,0.0362623) (13,10,-0.000150773) (0,11,0.0168124) (3,11,0.0250791) (4,11,0.0170759) (7,11,0.0356958) (8,11,0.0318182) (9,11,0.0371931) (10,11,0.0362623) (11,11,0.0795775) (14,11,0.0139367) (1,12,0.0257003) (5,12,-0.00291602) (8,12,0.0359558) (9,12,-0.0298247) (12,12,0.0795775) (13,12,0.0397258) (14,12,0.0264959) (2,13,0.0350999) (6,13,0.0274973) (8,13,0.0349412) (10,13,-0.000150773) (12,13,0.0397258) (13,13,0.0795775) (14,13,0.0281225) (3,14,0.0377174) (7,14,0.0289666) (8,14,0.011232) (11,14,0.0139367) (12,14,0.0264959) (13,14,0.0281225) (14,14,0.0795775) 
Minv:
size: 27 27
(0,0,0.0397887) (1,1,0.0397887) (2,2,0.0795775) (3,3,0.0397887) (4,4,0.0397887) (5,5,0.0795775) (6,6,0.0397887) (7,7,0.0397887) (8,8,0.0795775) (9,9,0.0397887) (10,10,0.0397887) (11,11,0.0795775) (12,12,0.0397887) (13,13,0.0397887) (14,14,0.0795775) (15,15,0.0397887) (16,16,0.0397887) (17,17,0.0795775) (18,18,0.0397887) (19,19,0.0397887) (20,20,0.0795775) (21,21,0.0397887) (22,22,0.0397887) (23,23,0.0795775) (24,24,0.0397887) (25,25,0.0397887) (26,26,0.0795775) 
v0:
size: 27 1
(0,0,0.397495) (1,0,0.337818) (2,0,0) (3,0,0.50098) (4,0,0.924766) (5,0,0) (6,0,-0.351888) (7,0,-0.556695) (8,0,0) (9,0,0.481985) (10,0,0.400092) (11,0,0) (12,0,-0.633088) (13,0,0.245977) (14,0,0) (15,0,-0.661868) (16,0,0.398126) (17,0,0) (18,0,0.944947) (19,0,0.0891578) (20,0,0) (21,0,-0.346116) (22,0,0.28761) (23,0,0) (24,0,0.571136) (25,0,0.804664) (26,0,0) 
ipopt_sol:
size: 15 1
(0,0,1.16396) (1,0,9.6369) (2,0,0) (3,0,5.83676) (4,0,33.5501) (5,0,21.6681) (6,0,9.72955) (7,0,0) (8,0,0) (9,0,0) (10,0,4.30022) (11,0,0) (12,0,0) (13,0,0) (14,0,14.0888) 
policy_sol:
size: 15 1
(0,0,8.76494) (1,0,14.5913) (2,0,-13.1794) (3,0,7.5581) (4,0,25.8038) (5,0,15.7376) (6,0,21.0825) (7,0,0) (8,0,0) (9,0,0) (10,0,3.32294) (11,0,0) (12,0,0) (13,0,0) (14,0,13.2729) 

policy_converges:
0
ipopt_converges:
0
