solve status: 0
N:
size: 27 11
(0,0,0.00497118) (1,0,-0.999988) (3,0,-0.00497118) (4,0,0.999988) (0,1,0.0215683) (1,1,-0.999767) (6,1,-0.0215683) (7,1,0.999767) (0,2,-0.678848) (1,2,-0.734278) (12,2,0.678848) (13,2,0.734278) (0,3,-0.433104) (1,3,-0.901344) (15,3,0.433104) (16,3,0.901344) (0,4,-0.695033) (1,4,-0.718978) (24,4,0.695033) (25,4,0.718978) (9,5,-0.00663955) (10,5,-0.999978) (12,5,0.00663955) (13,5,0.999978) (9,6,-0.999352) (10,6,0.0360053) (18,6,0.999352) (19,6,-0.0360053) (9,7,-0.454344) (10,7,-0.890826) (24,7,0.454344) (25,7,0.890826) (12,8,-0.705232) (13,8,0.708976) (18,8,0.705232) (19,8,-0.708976) (18,9,0.00709872) (19,9,-0.999975) (24,9,-0.00709872) (25,9,0.999975) (21,10,0.0159752) (22,10,-0.999872) (24,10,-0.0159752) (25,10,0.999872) 
Q:
size: 11 11
(0,0,0.0795775) (1,0,0.0397833) (2,0,0.0290814) (3,0,0.0357772) (4,0,0.0284694) (0,1,0.0397833) (1,1,0.0795775) (2,1,0.0286266) (3,1,0.0354833) (4,1,0.0280041) (0,2,0.0290814) (1,2,0.0286266) (2,2,0.0795775) (3,2,0.038032) (4,2,0.0397789) (5,2,0.0293947) (8,2,0.00166476) (0,3,0.0357772) (1,3,0.0354833) (2,3,0.038032) (3,3,0.0795775) (4,3,0.0377622) (0,4,0.0284694) (1,4,0.0280041) (2,4,0.0397789) (3,4,0.0377622) (4,4,0.0795775) (7,4,0.0380487) (9,4,0.0284102) (10,4,0.0281618) (2,5,0.0293947) (5,5,0.0795775) (6,5,-0.00116857) (7,5,0.0355641) (8,5,0.0280223) (5,6,-0.00116857) (6,6,0.0795775) (7,6,0.0167898) (8,6,0.0290578) (9,6,0.00171484) (4,7,0.0380487) (5,7,0.0355641) (6,7,0.0167898) (7,7,0.0795775) (9,7,0.0353156) (10,7,0.0351515) (2,8,0.00166476) (5,8,0.0280223) (6,8,0.0290578) (8,8,0.0795775) (9,8,0.0284077) (4,9,0.0284102) (6,9,0.00171484) (7,9,0.0353156) (8,9,0.0284077) (9,9,0.0795775) (10,9,0.0397872) (4,10,0.0281618) (7,10,0.0351515) (9,10,0.0397872) (10,10,0.0795775) 
Minv:
size: 27 27
(0,0,0.0397887) (1,1,0.0397887) (2,2,0.0795775) (3,3,0.0397887) (4,4,0.0397887) (5,5,0.0795775) (6,6,0.0397887) (7,7,0.0397887) (8,8,0.0795775) (9,9,0.0397887) (10,10,0.0397887) (11,11,0.0795775) (12,12,0.0397887) (13,13,0.0397887) (14,14,0.0795775) (15,15,0.0397887) (16,16,0.0397887) (17,17,0.0795775) (18,18,0.0397887) (19,19,0.0397887) (20,20,0.0795775) (21,21,0.0397887) (22,22,0.0397887) (23,23,0.0795775) (24,24,0.0397887) (25,25,0.0397887) (26,26,0.0795775) 
v0:
size: 27 1
(0,0,-0.967334) (1,0,0.442637) (2,0,0) (3,0,-0.651833) (4,0,-0.766178) (5,0,0) (6,0,-0.934983) (7,0,-0.745893) (8,0,0) (9,0,-0.0791136) (10,0,-0.680083) (11,0,0) (12,0,0.0873757) (13,0,-0.965495) (14,0,0) (15,0,-0.648255) (16,0,-0.0247185) (17,0,0) (18,0,-0.228126) (19,0,-0.550456) (20,0,0) (21,0,0.23111) (22,0,0.481405) (23,0,0) (24,0,0.0272228) (25,0,-0.835855) (26,0,0) 
ipopt_sol:
size: 11 1
(0,0,20.6396) (1,0,19.5632) (2,0,0) (3,0,0) (4,0,0) (5,0,2.93591) (6,0,0) (7,0,0) (8,0,11.9536) (9,0,0) (10,0,33.0203) 
policy_sol:
size: 11 1
(0,0,20.6396) (1,0,19.5632) (2,0,0) (3,0,0) (4,0,0) (5,0,2.93591) (6,0,0) (7,0,0) (8,0,11.9536) (9,0,0) (10,0,33.0203) 

policy_converges:
1
ipopt_converges:
0
