solve status: 0
N:
size: 27 20
(0,0,-0.0462218) (1,0,-0.998931) (3,0,0.0462218) (4,0,0.998931) (0,1,-0.00722401) (1,1,-0.999974) (6,1,0.00722401) (7,1,0.999974) (0,2,-0.999687) (1,2,0.0250055) (9,2,0.999687) (10,2,-0.0250055) (0,3,-0.694942) (1,3,-0.719066) (12,3,0.694942) (13,3,0.719066) (0,4,-0.45342) (1,4,-0.891297) (15,4,0.45342) (16,4,0.891297) (0,5,-0.999835) (1,5,-0.0181586) (18,5,0.999835) (19,5,0.0181586) (0,6,-0.902842) (1,6,-0.429972) (21,6,0.902842) (22,6,0.429972) (3,7,-0.718984) (4,7,0.695027) (9,7,0.718984) (10,7,-0.695027) (3,8,-0.996185) (4,8,-0.0872627) (12,8,0.996185) (13,8,0.0872627) (3,9,-0.907181) (4,9,0.42074) (18,9,0.907181) (19,9,-0.42074) (3,10,-0.99998) (4,10,-0.00638924) (21,10,0.99998) (22,10,0.00638924) (6,11,-0.451569) (7,11,0.892236) (9,11,0.451569) (10,11,-0.892236) (6,12,-0.883383) (7,12,0.468651) (21,12,0.883383) (22,12,-0.468651) (9,13,0.051813) (10,13,-0.998657) (12,13,-0.051813) (13,13,0.998657) (9,14,0.0136619) (10,14,-0.999907) (15,14,-0.0136619) (16,14,0.999907) (9,15,-0.699235) (10,15,-0.714892) (21,15,0.699235) (22,15,0.714892) (12,16,-0.0275287) (13,16,-0.999621) (15,16,0.0275287) (16,16,0.999621) (12,17,-0.997596) (13,17,0.0693042) (21,17,0.997596) (22,17,-0.0693042) (15,18,-0.446207) (16,18,0.89493) (18,18,0.446207) (19,18,-0.89493) (15,19,-0.686449) (16,19,0.727178) (21,19,0.686449) (22,19,-0.727178) 
Q:
size: 20 20
(0,0,0.0795775) (1,0,0.0397585) (2,0,0.000844657) (3,0,0.0298582) (4,0,0.0362596) (5,0,0.00256054) (6,0,0.0187502) (7,0,0.0263024) (8,0,-0.00530045) (9,0,0.0150544) (10,0,-0.00209302) (0,1,0.0397585) (1,1,0.0795775) (2,1,-0.000707566) (3,1,0.0288097) (4,1,0.035593) (5,1,0.00100988) (6,1,0.0173671) (11,1,0.0353702) (12,1,0.0183926) (0,2,0.000844657) (1,2,-0.000707566) (2,2,0.0795775) (3,2,0.0269268) (4,2,0.0171486) (5,2,0.0397517) (6,2,0.0354839) (7,2,0.02929) (11,2,0.0188494) (13,2,0.00305453) (14,2,0.00153826) (15,2,-0.0271017) (0,3,0.0298582) (1,3,0.0288097) (2,3,0.0269268) (3,3,0.0795775) (4,3,0.0380381) (5,3,0.0281658) (6,3,0.0372662) (8,3,0.030042) (13,3,0.0271396) (16,3,-0.0293611) (17,3,-0.0256015) (0,4,0.0362596) (1,4,0.035593) (2,4,0.0171486) (3,4,0.0380381) (4,4,0.0795775) (5,4,0.018682) (6,4,0.0315365) (14,4,0.0352138) (16,4,0.0359468) (18,4,0.0236874) (19,4,0.0134041) (0,5,0.00256054) (1,5,0.00100988) (2,5,0.0397517) (3,5,0.0281658) (4,5,0.018682) (5,5,0.0795775) (6,5,0.0362277) (9,5,0.0357857) (18,5,0.0171045) (0,6,0.0187502) (1,6,0.0173671) (2,6,0.0354839) (3,6,0.0372662) (4,6,0.0315365) (5,6,0.0362277) (6,6,0.0795775) (10,6,0.0360315) (12,6,0.0237161) (15,6,0.037349) (17,6,0.0346509) (19,6,0.0122187) (0,7,0.0263024) (2,7,0.02929) (7,7,0.0795775) (8,7,0.0260851) (9,7,0.0375874) (10,7,0.0284302) (11,7,0.0375924) (13,7,0.0290993) (14,7,0.0280425) (15,7,-0.000233531) (0,8,-0.00530045) (3,8,0.030042) (7,8,0.0260851) (8,8,0.0795775) (9,8,0.0344971) (10,8,0.0396583) (13,8,0.0014137) (16,8,-0.00456191) (17,8,-0.039301) (0,9,0.0150544) (5,9,0.0357857) (7,9,0.0375874) (8,9,0.0344971) (9,9,0.0795775) (10,9,0.0359879) (18,9,0.0310879) (0,10,-0.00209302) (6,10,0.0360315) (7,10,0.0284302) (8,10,0.0396583) (9,10,0.0359879) (10,10,0.0795775) (12,10,0.0350289) (15,10,0.0280028) (17,10,0.0396746) (19,10,0.0271275) (1,11,0.0353702) (2,11,0.0188494) (7,11,0.0375924) (11,11,0.0795775) (12,11,0.0325096) (13,11,0.0363842) (14,11,0.0357431) (15,11,0.012816) (1,12,0.0183926) (6,12,0.0237161) (10,12,0.0350289) (11,12,0.0325096) (12,12,0.0795775) (15,12,0.0112466) (17,12,0.0363565) (19,12,0.0376875) (2,13,0.00305453) (3,13,0.0271396) (7,13,0.0290993) (8,13,0.0014137) (11,13,0.0363842) (13,13,0.0795775) (14,13,0.0397597) (15,13,0.0269649) (16,13,-0.0396635) (17,13,0.00481044) (2,14,0.00153826) (4,14,0.0352138) (7,14,0.0280425) (11,14,0.0357431) (13,14,0.0397597) (14,14,0.0795775) (15,14,0.0280619) (16,14,0.039755) (18,14,0.0358473) (19,14,0.0293039) (2,15,-0.0271017) (6,15,0.037349) (7,15,-0.000233531) (10,15,0.0280028) (11,15,0.012816) (12,15,0.0112466) (13,15,0.0269649) (14,15,0.0280619) (15,15,0.0795775) (17,15,0.0257834) (19,15,-0.00158617) (3,16,-0.0293611) (4,16,0.0359468) (8,16,-0.00456191) (13,16,-0.0396635) (14,16,0.039755) (16,16,0.0795775) (17,16,-0.00166378) (18,16,0.0351059) (19,16,0.0281706) (3,17,-0.0256015) (6,17,0.0346509) (8,17,-0.039301) (10,17,0.0396746) (12,17,0.0363565) (13,17,0.00481044) (15,17,0.0257834) (16,17,-0.00166378) (17,17,0.0795775) (19,17,0.0292525) (4,18,0.0236874) (5,18,0.0171045) (9,18,0.0310879) (14,18,0.0358473) (16,18,0.0351059) (18,18,0.0795775) (19,18,0.0380807) (4,19,0.0134041) (6,19,0.0122187) (10,19,0.0271275) (12,19,0.0376875) (14,19,0.0293039) (15,19,-0.00158617) (16,19,0.0281706) (17,19,0.0292525) (18,19,0.0380807) (19,19,0.0795775) 
Minv:
size: 27 27
(0,0,0.0397887) (1,1,0.0397887) (2,2,0.0795775) (3,3,0.0397887) (4,4,0.0397887) (5,5,0.0795775) (6,6,0.0397887) (7,7,0.0397887) (8,8,0.0795775) (9,9,0.0397887) (10,10,0.0397887) (11,11,0.0795775) (12,12,0.0397887) (13,13,0.0397887) (14,14,0.0795775) (15,15,0.0397887) (16,16,0.0397887) (17,17,0.0795775) (18,18,0.0397887) (19,19,0.0397887) (20,20,0.0795775) (21,21,0.0397887) (22,22,0.0397887) (23,23,0.0795775) (24,24,0.0397887) (25,25,0.0397887) (26,26,0.0795775) 
v0:
size: 27 1
(0,0,0.751505) (1,0,0.0337361) (2,0,0) (3,0,0.795769) (4,0,-0.703127) (5,0,0) (6,0,-0.829984) (7,0,-0.609411) (8,0,0) (9,0,0.596097) (10,0,0.439497) (11,0,0) (12,0,0.612143) (13,0,0.0625795) (14,0,0) (15,0,0.861757) (16,0,-0.578257) (17,0,0) (18,0,0.734533) (19,0,-0.0593798) (20,0,0) (21,0,-0.573784) (22,0,0.343546) (23,0,0) (24,0,0.994735) (25,0,0.461359) (26,0,0) 
ipopt_sol:
size: 20 1
(0,0,3.67749) (1,0,13.8228) (2,0,0.990481) (3,0,0) (4,0,0) (5,0,0) (6,0,3.66278) (7,0,21.3132) (8,0,0) (9,0,0) (10,0,2.03699) (11,0,0) (12,0,0) (13,0,0) (14,0,0) (15,0,18.2781) (16,0,3.16602) (17,0,8.32492) (18,0,0) (19,0,36.5398) 
policy_sol:
size: 20 1
(0,0,3.16943) (1,0,13.8228) (2,0,0) (3,0,0) (4,0,0) (5,0,0) (6,0,4.78552) (7,0,22.0384) (8,0,0) (9,0,0) (10,0,1.49209) (11,0,0) (12,0,0) (13,0,0) (14,0,0) (15,0,17.6077) (16,0,3.16602) (17,0,8.32492) (18,0,0) (19,0,36.5398) 

policy_converges:
1
ipopt_converges:
0
