solve status: 0
N:
size: 27 11
(0,0,-0.999998) (1,0,0.00200537) (18,0,0.999998) (19,0,-0.00200537) (3,1,0.0375811) (4,1,-0.999294) (6,1,-0.0375811) (7,1,0.999294) (3,2,-0.715347) (4,2,-0.69877) (15,2,0.715347) (16,2,0.69877) (3,3,-0.880969) (4,3,0.473175) (18,3,0.880969) (19,3,-0.473175) (3,4,-0.896183) (4,4,-0.443686) (24,4,0.896183) (25,4,0.443686) (9,5,0.0219336) (10,5,-0.999759) (12,5,-0.0219336) (13,5,0.999759) (9,6,-0.998065) (10,6,0.0621789) (18,6,0.998065) (19,6,-0.0621789) (12,7,-0.714377) (13,7,0.699761) (18,7,0.714377) (19,7,-0.699761) (15,8,-0.459049) (16,8,0.888411) (18,8,0.459049) (19,8,-0.888411) (15,9,-0.730238) (16,9,0.683193) (21,9,0.730238) (22,9,-0.683193) (21,10,0.0062244) (22,10,-0.999981) (24,10,-0.0062244) (25,10,0.999981) 
Q:
size: 11 11
(0,0,0.0795775) (3,0,0.0350903) (6,0,0.0397166) (7,0,0.0284799) (8,0,0.0183358) (1,1,0.0795775) (2,1,0.0267139) (3,1,-0.020131) (4,1,0.0163011) (1,2,0.0267139) (2,2,0.0795775) (3,2,0.011919) (4,2,0.0378437) (8,2,0.0116348) (9,2,-0.00178965) (0,3,0.0350903) (1,3,-0.020131) (2,3,0.011919) (3,3,0.0795775) (4,3,0.0230603) (6,3,0.0361554) (7,3,0.0382152) (8,3,0.032817) (1,4,0.0163011) (2,4,0.0378437) (3,4,0.0230603) (4,4,0.0795775) (10,4,0.0174314) (5,5,0.0795775) (6,5,-0.00334445) (7,5,0.0284593) (0,6,0.0397166) (3,6,0.0361554) (5,6,-0.00334445) (6,6,0.0795775) (7,6,0.0301004) (8,6,0.0204276) (0,7,0.0284799) (3,7,0.0382152) (5,7,0.0284593) (6,7,0.0301004) (7,7,0.0795775) (8,7,0.0377838) (0,8,0.0183358) (2,8,0.0116348) (3,8,0.032817) (6,8,0.0204276) (7,8,0.0377838) (8,8,0.0795775) (9,8,0.0374878) (2,9,-0.00178965) (8,9,0.0374878) (9,9,0.0795775) (10,9,0.0273637) (4,10,0.0174314) (9,10,0.0273637) (10,10,0.0795775) 
Minv:
size: 27 27
(0,0,0.0397887) (1,1,0.0397887) (2,2,0.0795775) (3,3,0.0397887) (4,4,0.0397887) (5,5,0.0795775) (6,6,0.0397887) (7,7,0.0397887) (8,8,0.0795775) (9,9,0.0397887) (10,10,0.0397887) (11,11,0.0795775) (12,12,0.0397887) (13,13,0.0397887) (14,14,0.0795775) (15,15,0.0397887) (16,16,0.0397887) (17,17,0.0795775) (18,18,0.0397887) (19,19,0.0397887) (20,20,0.0795775) (21,21,0.0397887) (22,22,0.0397887) (23,23,0.0795775) (24,24,0.0397887) (25,25,0.0397887) (26,26,0.0795775) 
v0:
size: 27 1
(0,0,-0.0293967) (1,0,-0.518032) (2,0,0) (3,0,0.624348) (4,0,0.392317) (5,0,0) (6,0,-0.958913) (7,0,-0.2019) (8,0,0) (9,0,0.0707177) (10,0,-0.66489) (11,0,0) (12,0,0.794988) (13,0,-0.926265) (14,0,0) (15,0,0.665075) (16,0,-0.282844) (17,0,0) (18,0,-0.812028) (19,0,-0.956795) (20,0,0) (21,0,0.974829) (22,0,0.681511) (23,0,0) (24,0,0.765514) (25,0,0.0849175) (26,0,0) 
ipopt_sol:
size: 11 1
(0,0,6.76587) (1,0,10.8679) (2,0,7.62713) (3,0,0) (4,0,0) (5,0,0) (6,0,9.93702) (7,0,22.1357) (8,0,0) (9,0,6.69184) (10,0,12.6599) 
policy_sol:
size: 11 1
(0,0,6.76587) (1,0,10.8679) (2,0,7.62713) (3,0,0) (4,0,0) (5,0,0) (6,0,9.93702) (7,0,22.1357) (8,0,0) (9,0,6.69184) (10,0,12.6599) 

policy_converges:
1
ipopt_converges:
0
