solve status: 0
N:
size: 27 12
(0,0,-0.0225293) (1,0,-0.999746) (3,0,0.0225293) (4,0,0.999746) (0,1,0.008539) (1,1,-0.999964) (6,1,-0.008539) (7,1,0.999964) (3,2,-0.893389) (4,2,0.449285) (18,2,0.893389) (19,2,-0.449285) (6,3,-0.691495) (7,3,0.722381) (12,3,0.691495) (13,3,-0.722381) (6,4,-0.719061) (7,4,0.694947) (18,4,0.719061) (19,4,-0.694947) (9,5,-0.997977) (10,5,-0.063573) (18,5,0.997977) (19,5,0.063573) (12,6,-0.0697753) (13,6,-0.997563) (15,6,0.0697753) (16,6,0.997563) (12,7,-0.74443) (13,7,0.667701) (18,7,0.74443) (19,7,-0.667701) (12,8,-0.999862) (13,8,0.0166297) (21,8,0.999862) (22,8,-0.0166297) (12,9,-0.72685) (13,9,-0.686796) (24,9,0.72685) (25,9,0.686796) (15,10,-0.461064) (16,10,0.887367) (18,10,0.461064) (19,10,-0.887367) (18,11,0.0185897) (19,11,-0.999827) (21,11,-0.0185897) (22,11,0.999827) 
Q:
size: 12 12
(0,0,0.0795775) (1,0,0.0397695) (2,0,0.0170711) (0,1,0.0397695) (1,1,0.0795775) (3,1,0.0289765) (4,1,0.0278943) (0,2,0.0170711) (2,2,0.0795775) (4,2,0.0379835) (5,2,0.0343384) (7,2,0.0383982) (10,2,0.0322523) (11,2,0.0185342) (1,3,0.0289765) (3,3,0.0795775) (4,3,0.0397586) (6,3,0.0267528) (7,3,-0.0396735) (8,3,-0.0279879) (9,3,-0.000258035) (1,4,0.0278943) (2,4,0.0379835) (3,4,0.0397586) (4,4,0.0795775) (5,4,0.0267948) (7,4,0.0397612) (10,4,0.0377279) (11,4,0.0281781) (2,5,0.0343384) (4,5,0.0267948) (5,5,0.0795775) (7,5,0.0278711) (10,5,0.0160634) (11,5,-0.00179089) (3,6,0.0267528) (6,6,0.0795775) (7,6,-0.0244355) (8,6,0.00211583) (9,6,0.0292781) (10,6,0.0339411) (2,7,0.0383982) (3,7,-0.0396735) (4,7,0.0397612) (5,7,0.0278711) (6,7,-0.0244355) (7,7,0.0795775) (8,7,0.0300576) (9,7,0.00328315) (10,7,0.0372313) (11,7,0.027113) (3,8,-0.0279879) (6,8,0.00211583) (7,8,0.0300576) (8,8,0.0795775) (9,8,0.028462) (11,8,-0.00140112) (3,9,-0.000258035) (6,9,0.0292781) (7,9,0.00328315) (8,9,0.028462) (9,9,0.0795775) (2,10,0.0322523) (4,10,0.0377279) (5,10,0.0160634) (6,10,0.0339411) (7,10,0.0372313) (10,10,0.0795775) (11,10,0.0356421) (2,11,0.0185342) (4,11,0.0281781) (5,11,-0.00179089) (7,11,0.027113) (8,11,-0.00140112) (10,11,0.0356421) (11,11,0.0795775) 
Minv:
size: 27 27
(0,0,0.0397887) (1,1,0.0397887) (2,2,0.0795775) (3,3,0.0397887) (4,4,0.0397887) (5,5,0.0795775) (6,6,0.0397887) (7,7,0.0397887) (8,8,0.0795775) (9,9,0.0397887) (10,10,0.0397887) (11,11,0.0795775) (12,12,0.0397887) (13,13,0.0397887) (14,14,0.0795775) (15,15,0.0397887) (16,16,0.0397887) (17,17,0.0795775) (18,18,0.0397887) (19,19,0.0397887) (20,20,0.0795775) (21,21,0.0397887) (22,22,0.0397887) (23,23,0.0795775) (24,24,0.0397887) (25,25,0.0397887) (26,26,0.0795775) 
v0:
size: 27 1
(0,0,-0.889691) (1,0,-0.29167) (2,0,0) (3,0,-0.777297) (4,0,-0.904815) (5,0,0) (6,0,-0.937361) (7,0,-0.80142) (8,0,0) (9,0,0.58624) (10,0,-0.966471) (11,0,0) (12,0,0.656214) (13,0,0.966169) (14,0,0) (15,0,0.656992) (16,0,0.09042) (17,0,0) (18,0,-0.450852) (19,0,0.0906955) (20,0,0) (21,0,0.393841) (22,0,-0.711294) (23,0,0) (24,0,0.707176) (25,0,0.740705) (26,0,0) 
ipopt_sol:
size: 12 1
(0,0,11.9231) (1,0,6.84206) (2,0,0) (3,0,0) (4,0,0) (5,0,24.8004) (6,0,21.8038) (7,0,0) (8,0,5.68577) (9,0,0) (10,0,0) (11,0,21.2056) 
policy_sol:
size: 12 1
(0,0,11.9231) (1,0,6.84206) (2,0,0) (3,0,0) (4,0,0) (5,0,24.8004) (6,0,21.8038) (7,0,0) (8,0,5.68577) (9,0,0) (10,0,0) (11,0,21.2056) 

policy_converges:
1
ipopt_converges:
0
