solve status: 0
N:
size: 27 13
(0,0,0.062688) (1,0,-0.998033) (3,0,-0.062688) (4,0,0.998033) (0,1,0.0399844) (1,1,-0.9992) (6,1,-0.0399844) (7,1,0.9992) (0,2,-0.65264) (1,2,-0.757668) (12,2,0.65264) (13,2,0.757668) (0,3,-0.880285) (1,3,-0.474445) (21,3,0.880285) (22,3,0.474445) (3,4,0.0160634) (4,4,-0.999871) (6,4,-0.0160634) (7,4,0.999871) (6,5,-0.714567) (7,5,0.699567) (12,5,0.714567) (13,5,-0.699567) (6,6,-0.705511) (7,6,0.708699) (18,6,0.705511) (19,6,-0.708699) (6,7,-0.999857) (7,7,0.0169032) (24,7,0.999857) (25,7,-0.0169032) (9,8,-0.680117) (10,8,-0.733104) (21,8,0.680117) (22,8,0.733104) (15,9,-0.454117) (16,9,0.890942) (18,9,0.454117) (19,9,-0.890942) (15,10,-0.718256) (16,10,0.695779) (21,10,0.718256) (22,10,-0.695779) (15,11,-0.999956) (16,11,0.00942151) (24,11,0.999956) (25,11,-0.00942151) (18,12,0.00707699) (19,12,-0.999975) (21,12,-0.00707699) (22,12,0.999975) 
Q:
size: 13 13
(0,0,0.0795775) (1,0,0.0397785) (2,0,0.0284595) (3,0,0.0166448) (4,0,-0.0397454) (0,1,0.0397785) (1,1,0.0795775) (2,1,0.0290842) (3,1,0.017462) (4,1,0.0397773) (5,1,0.0289495) (6,1,0.0292981) (7,1,0.00226272) (0,2,0.0284595) (1,2,0.0290842) (2,2,0.0795775) (3,2,0.0371619) (5,2,-0.00253392) (0,3,0.0166448) (1,3,0.017462) (2,3,0.0371619) (3,3,0.0795775) (8,3,0.0376606) (10,3,0.0120226) (12,3,0.0186292) (0,4,-0.0397454) (1,4,0.0397773) (4,4,0.0795775) (5,4,0.028288) (6,4,0.0286455) (7,4,0.00131152) (1,5,0.0289495) (2,5,-0.00253392) (4,5,0.028288) (5,5,0.0795775) (6,5,0.0397854) (7,5,0.0288981) (1,6,0.0292981) (4,6,0.0286455) (5,6,0.0397854) (6,6,0.0795775) (7,6,0.028544) (9,6,0.0378707) (12,6,0.0283962) (1,7,0.00226272) (4,7,0.00131152) (5,7,0.0288981) (6,7,0.028544) (7,7,0.0795775) (11,7,0.0397876) (3,8,0.0376606) (8,8,0.0795775) (10,8,-0.000858617) (12,8,0.028977) (6,9,0.0378707) (9,9,0.0795775) (10,9,0.037643) (11,9,0.0184019) (12,9,0.0355764) (3,10,0.0120226) (8,10,-0.000858617) (9,10,0.037643) (10,10,0.0795775) (11,10,0.0288381) (12,10,-0.0278857) (7,11,0.0397876) (9,11,0.0184019) (10,11,0.0288381) (11,11,0.0795775) (3,12,0.0186292) (6,12,0.0283962) (8,12,0.028977) (9,12,0.0355764) (10,12,-0.0278857) (12,12,0.0795775) 
Minv:
size: 27 27
(0,0,0.0397887) (1,1,0.0397887) (2,2,0.0795775) (3,3,0.0397887) (4,4,0.0397887) (5,5,0.0795775) (6,6,0.0397887) (7,7,0.0397887) (8,8,0.0795775) (9,9,0.0397887) (10,10,0.0397887) (11,11,0.0795775) (12,12,0.0397887) (13,13,0.0397887) (14,14,0.0795775) (15,15,0.0397887) (16,16,0.0397887) (17,17,0.0795775) (18,18,0.0397887) (19,19,0.0397887) (20,20,0.0795775) (21,21,0.0397887) (22,22,0.0397887) (23,23,0.0795775) (24,24,0.0397887) (25,25,0.0397887) (26,26,0.0795775) 
v0:
size: 27 1
(0,0,-0.763132) (1,0,-0.101836) (2,0,0) (3,0,-0.911416) (4,0,-0.247399) (5,0,0) (6,0,-0.653789) (7,0,-0.901695) (8,0,0) (9,0,-0.406088) (10,0,-0.954775) (11,0,0) (12,0,-0.733048) (13,0,-0.565524) (14,0,0) (15,0,0.580657) (16,0,-0.351078) (17,0,0) (18,0,-0.233356) (19,0,-0.437299) (20,0,0) (21,0,-0.676396) (22,0,-0.998634) (23,0,0) (24,0,-0.798433) (25,0,0.430002) (26,0,0) 
ipopt_sol:
size: 13 1
(0,0,0) (1,0,14.4008) (2,0,3.07297) (3,0,0) (4,0,9.34782) (5,0,0) (6,0,0) (7,0,0) (8,0,0) (9,0,0) (10,0,4.90333) (11,0,33.0668) (12,0,15.747) 
policy_sol:
size: 13 1
(0,0,0) (1,0,14.4008) (2,0,3.07297) (3,0,0) (4,0,9.34782) (5,0,0) (6,0,0) (7,0,0) (8,0,0) (9,0,0) (10,0,4.90333) (11,0,33.0668) (12,0,15.747) 

policy_converges:
1
ipopt_converges:
0
