solve status: 0
N:
size: 27 21
(0,0,-0.012555) (1,0,-0.999921) (6,0,0.012555) (7,0,0.999921) (0,1,-0.894745) (1,1,-0.446577) (21,1,0.894745) (22,1,0.446577) (3,2,-0.0571206) (4,2,-0.998367) (6,2,0.0571206) (7,2,0.998367) (3,3,-0.743425) (4,3,0.668819) (9,3,0.743425) (10,3,-0.668819) (3,4,-0.713007) (4,4,-0.701156) (15,4,0.713007) (16,4,0.701156) (3,5,-0.899389) (4,5,0.437148) (18,5,0.899389) (19,5,-0.437148) (3,6,-0.99967) (4,6,-0.0256888) (21,6,0.99967) (22,6,0.0256888) (6,7,-0.457034) (7,7,0.889449) (9,7,0.457034) (10,7,-0.889449) (6,8,-0.703641) (7,8,0.710555) (12,8,0.703641) (13,8,-0.710555) (6,9,-0.999439) (7,9,-0.0334774) (15,9,0.999439) (16,9,0.0334774) (6,10,-0.700262) (7,10,0.713886) (18,10,0.700262) (19,10,-0.713886) (6,11,-0.899187) (7,11,0.437566) (21,11,0.899187) (22,11,-0.437566) (6,12,-0.999962) (7,12,-0.00875385) (24,12,0.999962) (25,12,0.00875385) (9,13,0.0662711) (10,13,-0.997802) (12,13,-0.0662711) (13,13,0.997802) (9,14,0.0056491) (10,14,-0.999984) (15,14,-0.0056491) (16,14,0.999984) (9,15,-0.684035) (10,15,-0.729449) (21,15,0.684035) (22,15,0.729449) (12,16,-0.05677) (13,16,-0.998387) (15,16,0.05677) (16,16,0.998387) (12,17,-0.697072) (13,17,0.717001) (18,17,0.697072) (19,17,-0.717001) (12,18,-0.999999) (13,18,0.00142529) (21,18,0.999999) (22,18,-0.00142529) (15,19,-0.423299) (16,19,0.90599) (18,19,0.423299) (19,19,-0.90599) (18,20,-0.0218032) (19,20,-0.999762) (21,20,0.0218032) (22,20,0.999762) 
Q:
size: 21 21
(0,0,0.0795775) (1,0,0.0182143) (2,0,0.0397492) (7,0,0.035159) (8,0,0.0279184) (9,0,-0.00183119) (10,0,0.0280526) (11,0,0.0169596) (12,0,-0.000847805) (0,1,0.0182143) (1,1,0.0795775) (6,1,0.0360455) (11,1,0.0242368) (15,1,0.0373136) (18,1,0.0355754) (20,1,0.0185407) (0,2,0.0397492) (2,2,0.0795775) (3,2,-0.0248784) (4,2,0.0294731) (5,2,-0.0153211) (6,2,0.00329246) (7,2,0.0342935) (8,2,0.0266267) (9,2,-0.00360133) (10,2,0.0267667) (11,2,0.0153381) (12,2,-0.00262041) (2,3,-0.0248784) (3,3,0.0795775) (4,3,0.00243193) (5,3,0.0382371) (6,3,0.0288866) (7,3,0.0371886) (13,3,0.0285133) (14,3,0.0267781) (15,3,-0.000822004) (2,4,0.0294731) (3,4,0.00243193) (4,4,0.0795775) (5,4,0.0133198) (6,4,0.029077) (9,4,0.0292877) (14,4,0.0277374) (16,4,0.0294637) (19,4,0.0132666) (2,5,-0.0153211) (3,5,0.0382371) (4,5,0.0133198) (5,5,0.0795775) (6,5,0.0353269) (10,5,0.0374763) (17,5,0.0374163) (19,5,0.0309064) (20,5,0.0166092) (1,6,0.0360455) (2,6,0.00329246) (3,6,0.0288866) (4,6,0.029077) (5,6,0.0353269) (6,6,0.0795775) (11,6,0.0353184) (15,6,0.0279535) (18,6,0.0397741) (20,6,0.00188912) (0,7,0.035159) (2,7,0.0342935) (3,7,0.0371886) (7,7,0.0795775) (8,7,0.0379422) (9,7,0.0169899) (10,7,0.0379986) (11,7,0.031837) (12,7,0.0178743) (13,7,0.0365174) (14,7,0.0354922) (15,7,0.0133762) (0,8,0.0279184) (2,8,0.0266267) (7,8,0.0379422) (8,8,0.0795775) (9,8,0.0270348) (10,8,0.0397883) (11,8,0.0375454) (12,8,0.0277484) (13,8,-0.0300653) (16,8,0.0266371) (17,8,-0.0397871) (18,8,-0.0280373) (0,9,-0.00183119) (2,9,-0.00360133) (4,9,0.0292877) (7,9,0.0169899) (8,9,0.0270348) (9,9,0.0795775) (10,9,0.026896) (11,9,0.0351746) (12,9,0.0397766) (14,9,0.00110736) (16,9,0.00358742) (19,9,-0.0156263) (0,10,0.0280526) (2,10,0.0267667) (5,10,0.0374763) (7,10,0.0379986) (8,10,0.0397883) (9,10,0.026896) (10,10,0.0795775) (11,10,0.0374825) (12,10,0.0276128) (17,10,0.0397883) (19,10,0.0375285) (20,10,0.0277904) (0,11,0.0169596) (1,11,0.0242368) (2,11,0.0153381) (6,11,0.0353184) (7,11,0.031837) (8,11,0.0375454) (9,11,0.0351746) (10,11,0.0374825) (11,11,0.0795775) (12,11,0.0356237) (15,11,0.0117732) (18,11,0.0358023) (20,11,-0.016626) (0,12,-0.000847805) (2,12,-0.00262041) (7,12,0.0178743) (8,12,0.0277484) (9,12,0.0397766) (10,12,0.0276128) (11,12,0.0356237) (12,12,0.0795775) (3,13,0.0285133) (7,13,0.0365174) (8,13,-0.0300653) (13,13,0.0795775) (14,13,0.0397155) (15,13,0.0271564) (16,13,-0.0394875) (17,13,0.0303039) (18,13,0.00269343) (3,14,0.0267781) (4,14,0.0277374) (7,14,0.0354922) (9,14,0.00110736) (13,14,0.0397155) (14,14,0.0795775) (15,14,0.0288697) (16,14,0.0397112) (19,14,0.0361428) (1,15,0.0373136) (3,15,-0.000822004) (6,15,0.0279535) (7,15,0.0133762) (11,15,0.0117732) (13,15,0.0271564) (14,15,0.0288697) (15,15,0.0795775) (18,15,0.0271755) (20,15,0.0296104) (4,16,0.0294637) (8,16,0.0266371) (9,16,0.00358742) (13,16,-0.0394875) (14,16,0.0397112) (16,16,0.0795775) (17,16,-0.026908) (18,16,0.00220219) (19,16,0.0350339) (5,17,0.0374163) (8,17,-0.0397871) (10,17,0.0397883) (13,17,0.0303039) (16,17,-0.026908) (17,17,0.0795775) (18,17,0.0277763) (19,17,0.0375871) (20,17,0.027917) (1,18,0.0355754) (6,18,0.0397741) (8,18,-0.0280373) (11,18,0.0358023) (13,18,0.00269343) (15,18,0.0271755) (16,18,0.00220219) (17,18,0.0277763) (18,18,0.0795775) (20,18,0.000810825) (4,19,0.0132666) (5,19,0.0309064) (9,19,-0.0156263) (10,19,0.0375285) (14,19,0.0361428) (16,19,0.0350339) (17,19,0.0375871) (19,19,0.0795775) (20,19,0.0356724) (1,20,0.0185407) (5,20,0.0166092) (6,20,0.00188912) (10,20,0.0277904) (11,20,-0.016626) (15,20,0.0296104) (17,20,0.027917) (18,20,0.000810825) (19,20,0.0356724) (20,20,0.0795775) 
Minv:
size: 27 27
(0,0,0.0397887) (1,1,0.0397887) (2,2,0.0795775) (3,3,0.0397887) (4,4,0.0397887) (5,5,0.0795775) (6,6,0.0397887) (7,7,0.0397887) (8,8,0.0795775) (9,9,0.0397887) (10,10,0.0397887) (11,11,0.0795775) (12,12,0.0397887) (13,13,0.0397887) (14,14,0.0795775) (15,15,0.0397887) (16,16,0.0397887) (17,17,0.0795775) (18,18,0.0397887) (19,19,0.0397887) (20,20,0.0795775) (21,21,0.0397887) (22,22,0.0397887) (23,23,0.0795775) (24,24,0.0397887) (25,25,0.0397887) (26,26,0.0795775) 
v0:
size: 27 1
(0,0,-0.483741) (1,0,-0.522573) (2,0,0) (3,0,0.235541) (4,0,-0.475482) (5,0,0) (6,0,0.796221) (7,0,-0.844885) (8,0,0) (9,0,-0.188617) (10,0,0.295545) (11,0,0) (12,0,0.607602) (13,0,0.345325) (14,0,0) (15,0,-0.482987) (16,0,-0.0984265) (17,0,0) (18,0,0.635491) (19,0,0.667075) (20,0,0) (21,0,-0.658844) (22,0,-0.398137) (23,0,0) (24,0,0.0695262) (25,0,0.974114) (26,0,0) 
ipopt_sol:
size: 21 1
(0,0,0) (1,0,0) (2,0,0) (3,0,14.1456) (4,0,0) (5,0,0) (6,0,0) (7,0,14.4222) (8,0,24.0675) (9,0,20.1301) (10,0,0) (11,0,0) (12,0,0) (13,0,0) (14,0,0) (15,0,0) (16,0,2.62199) (17,0,0) (18,0,39.9339) (19,0,0) (20,0,27.0677) 
policy_sol:
size: 21 1
(0,0,0) (1,0,0) (2,0,0) (3,0,13.3769) (4,0,0) (5,0,0) (6,0,0) (7,0,29.6225) (8,0,2.4547) (9,0,20.394) (10,0,0) (11,0,8.79968) (12,0,0) (13,0,-17.6797) (14,0,0) (15,0,0) (16,0,1.37498) (17,0,0) (18,0,28.9731) (19,0,0) (20,0,29.0179) 

policy_converges:
0
ipopt_converges:
0
