solve status: 0
N:
size: 27 17
(0,0,0.00907663) (1,0,-0.999959) (3,0,-0.00907663) (4,0,0.999959) (0,1,0.0128315) (1,1,-0.999918) (6,1,-0.0128315) (7,1,0.999918) (0,2,-0.999455) (1,2,-0.0330142) (9,2,0.999455) (10,2,0.0330142) (0,3,-0.877426) (1,3,-0.479712) (21,3,0.877426) (22,3,0.479712) (0,4,-0.696081) (1,4,-0.717963) (24,4,0.696081) (25,4,0.717963) (3,5,0.0167152) (4,5,-0.99986) (6,5,-0.0167152) (7,5,0.99986) (6,6,-0.437744) (7,6,0.8991) (9,6,0.437744) (10,6,-0.8991) (6,7,-0.717113) (7,7,0.696957) (18,7,0.717113) (19,7,-0.696957) (9,8,-0.460324) (10,8,-0.887751) (24,8,0.460324) (25,8,0.887751) (12,9,-0.744347) (13,9,0.667793) (18,9,0.744347) (19,9,-0.667793) (12,10,-0.998787) (13,10,-0.0492451) (21,10,0.998787) (22,10,0.0492451) (12,11,-0.71859) (13,11,-0.695434) (24,11,0.71859) (25,11,0.695434) (15,12,-0.441117) (16,12,0.89745) (18,12,0.441117) (19,12,-0.89745) (15,13,-0.99959) (16,13,0.0286302) (24,13,0.99959) (25,13,-0.0286302) (18,14,0.0498874) (19,14,-0.998755) (21,14,-0.0498874) (22,14,0.998755) (18,15,0.00788629) (19,15,-0.999969) (24,15,-0.00788629) (25,15,0.999969) (21,16,-0.0358914) (22,16,-0.999356) (24,16,0.0358914) (25,16,0.999356) 
Q:
size: 17 17
(0,0,0.0795775) (1,0,0.0397885) (2,0,0.000952586) (3,0,0.0187695) (4,0,0.0283143) (5,0,-0.0397876) (0,1,0.0397885) (1,1,0.0795775) (2,1,0.000803213) (3,1,0.0186376) (4,1,0.0282091) (5,1,0.0397884) (6,1,0.0359946) (7,1,0.0280949) (0,2,0.000952586) (1,2,0.000803213) (2,2,0.0795775) (3,2,0.0355228) (4,2,0.0286242) (6,2,0.0162267) (8,2,-0.0194719) (0,3,0.0187695) (1,3,0.0186376) (2,3,0.0355228) (3,3,0.0795775) (4,3,0.0380052) (10,3,0.0358093) (14,3,0.0173217) (16,3,-0.0203279) (0,4,0.0283143) (1,4,0.0282091) (2,4,0.0286242) (3,4,0.0380052) (4,4,0.0795775) (8,4,0.0381095) (11,4,0.0397686) (13,4,0.026867) (15,4,0.0283475) (16,4,0.0295425) (0,5,-0.0397876) (1,5,0.0397884) (5,5,0.0795775) (6,5,0.0360602) (7,5,0.0282041) (1,6,0.0359946) (2,6,0.0162267) (5,6,0.0360602) (6,6,0.0795775) (7,6,0.0374231) (8,6,0.0237408) (1,7,0.0280949) (5,7,0.0282041) (6,7,0.0374231) (7,7,0.0795775) (9,7,0.0397571) (12,7,0.0374736) (14,7,0.02912) (15,7,0.0279552) (2,8,-0.0194719) (4,8,0.0381095) (6,8,0.0237408) (8,8,0.0795775) (11,8,0.0377259) (13,8,0.0172969) (15,8,0.0351769) (16,8,0.0359571) (7,9,0.0397571) (9,9,0.0795775) (10,9,0.0282722) (11,9,0.00280405) (12,9,0.0369102) (14,9,0.0280151) (15,9,0.0268034) (3,10,0.0358093) (9,10,0.0282722) (10,10,0.0795775) (11,10,0.0299197) (14,10,-2.55851e-05) (16,10,-0.00338448) (4,11,0.0397686) (8,11,0.0377259) (9,11,0.00280405) (10,11,0.0299197) (11,11,0.0795775) (13,11,0.0277878) (15,11,0.0274441) (16,11,0.0286788) (7,12,0.0374736) (9,12,0.0369102) (12,12,0.0795775) (13,12,0.0185666) (14,12,0.0365395) (15,12,0.0358457) (4,13,0.026867) (8,13,0.0172969) (11,13,0.0277878) (12,13,0.0185666) (13,13,0.0795775) (15,13,-0.00145278) (16,13,0.000289062) (3,14,0.0173217) (7,14,0.02912) (9,14,0.0280151) (10,14,-2.55851e-05) (12,14,0.0365395) (14,14,0.0795775) (15,14,0.0397536) (16,14,-0.0396423) (4,15,0.0283475) (7,15,0.0279552) (8,15,0.0351769) (9,15,0.0268034) (11,15,0.0274441) (12,15,0.0358457) (13,15,-0.00145278) (14,15,0.0397536) (15,15,0.0795775) (16,15,0.0397506) (3,16,-0.0203279) (4,16,0.0295425) (8,16,0.0359571) (10,16,-0.00338448) (11,16,0.0286788) (13,16,0.000289062) (14,16,-0.0396423) (15,16,0.0397506) (16,16,0.0795775) 
Minv:
size: 27 27
(0,0,0.0397887) (1,1,0.0397887) (2,2,0.0795775) (3,3,0.0397887) (4,4,0.0397887) (5,5,0.0795775) (6,6,0.0397887) (7,7,0.0397887) (8,8,0.0795775) (9,9,0.0397887) (10,10,0.0397887) (11,11,0.0795775) (12,12,0.0397887) (13,13,0.0397887) (14,14,0.0795775) (15,15,0.0397887) (16,16,0.0397887) (17,17,0.0795775) (18,18,0.0397887) (19,19,0.0397887) (20,20,0.0795775) (21,21,0.0397887) (22,22,0.0397887) (23,23,0.0795775) (24,24,0.0397887) (25,25,0.0397887) (26,26,0.0795775) 
v0:
size: 27 1
(0,0,0.0403658) (1,0,0.751986) (2,0,0) (3,0,-0.189637) (4,0,0.69731) (5,0,0) (6,0,-0.193067) (7,0,-0.290466) (8,0,0) (9,0,-0.451816) (10,0,-0.0998145) (11,0,0) (12,0,0.987522) (13,0,0.0633498) (14,0,0) (15,0,0.778986) (16,0,0.646997) (17,0,0) (18,0,0.227082) (19,0,0.829391) (20,0,0) (21,0,0.307512) (22,0,-0.235109) (23,0,0) (24,0,0.725216) (25,0,-0.975976) (26,0,0) 
ipopt_sol:
size: 17 1
(0,0,2.52915e-07) (1,0,18.1092) (2,0,12.8871) (3,0,0) (4,0,0) (5,0,15.7661) (6,0,0) (7,0,0) (8,0,0) (9,0,6.84155) (10,0,14.0775) (11,0,3.5448) (12,0,0) (13,0,0) (14,0,13.9226) (15,0,30.323) (16,0,9.34111) 
policy_sol:
size: 17 1
(0,0,0) (1,0,18.1092) (2,0,12.8871) (3,0,0) (4,0,0) (5,0,15.7661) (6,0,0) (7,0,0) (8,0,0) (9,0,6.74058) (10,0,14.2302) (11,0,3.43703) (12,0,0) (13,0,0) (14,0,15.6988) (15,0,28.6164) (16,0,11.1238) 

policy_converges:
1
ipopt_converges:
0
