solve status: 0
N:
size: 27 21
(0,0,-0.0182287) (1,0,-0.999834) (3,0,0.0182287) (4,0,0.999834) (0,1,-0.000183497) (1,1,-1) (6,1,0.000183497) (7,1,1) (3,2,0.018611) (4,2,-0.999827) (6,2,-0.018611) (7,2,0.999827) (3,3,-0.730835) (4,3,0.682555) (9,3,0.730835) (10,3,-0.682555) (3,4,-0.999917) (4,4,0.012891) (12,4,0.999917) (13,4,-0.012891) (3,5,-0.707119) (4,5,-0.707094) (15,5,0.707119) (16,5,0.707094) (3,6,-0.899847) (4,6,0.436205) (18,6,0.899847) (19,6,-0.436205) (3,7,-0.999919) (4,7,0.0127518) (21,7,0.999919) (22,7,-0.0127518) (6,8,-0.474064) (7,8,0.88049) (9,8,0.474064) (10,8,-0.88049) (6,9,-0.997814) (7,9,-0.0660916) (15,9,0.997814) (16,9,0.0660916) (6,10,-0.723586) (7,10,0.690234) (18,10,0.723586) (19,10,-0.690234) (6,11,-0.894846) (7,11,0.446376) (21,11,0.894846) (22,11,-0.446376) (9,12,-0.0309969) (10,12,-0.999519) (12,12,0.0309969) (13,12,0.999519) (9,13,-0.999328) (10,13,0.0366589) (18,13,0.999328) (19,13,-0.0366589) (9,14,-0.722288) (10,14,-0.691592) (21,14,0.722288) (22,14,0.691592) (9,15,-0.441136) (10,15,-0.89744) (24,15,0.441136) (25,15,0.89744) (12,16,-0.713115) (13,16,0.701048) (18,16,0.713115) (19,16,-0.701048) (12,17,-0.999921) (13,17,0.0125964) (21,17,0.999921) (22,17,-0.0125964) (18,18,0.0560075) (19,18,-0.99843) (21,18,-0.0560075) (22,18,0.99843) (18,19,0.0199575) (19,19,-0.999801) (24,19,-0.0199575) (25,19,0.999801) (21,20,-0.012608) (22,20,-0.999921) (24,20,0.012608) (25,20,0.999921) 
Q:
size: 21 21
(0,0,0.0795775) (1,0,0.0397823) (2,0,-0.0397617) (3,0,0.0266234) (4,0,-0.000212405) (5,0,-0.0286426) (6,0,0.0167005) (7,0,-0.000217943) (0,1,0.0397823) (1,1,0.0795775) (2,1,0.0397817) (8,1,0.0350301) (9,1,-0.00263699) (10,1,0.0274582) (11,1,0.0177542) (0,2,-0.0397617) (1,2,0.0397817) (2,2,0.0795775) (3,2,-0.0276945) (4,2,-0.00125327) (5,2,0.0276059) (6,2,-0.0180194) (7,2,-0.00124774) (8,2,0.0353786) (9,2,-0.00189036) (10,2,0.0279946) (11,2,0.0184203) (0,3,0.0266234) (2,3,-0.0276945) (3,3,0.0795775) (4,3,0.0294267) (5,3,0.00135907) (6,3,0.0380131) (7,3,0.0294229) (8,3,0.0376976) (12,3,0.0262436) (13,3,-0.030055) (14,3,-0.00222117) (15,3,0.0115449) (0,4,-0.000212405) (2,4,-0.00125327) (3,4,0.0294267) (4,4,0.0795775) (5,4,0.0277704) (6,4,0.0360246) (7,4,0.0397887) (12,4,0.000720554) (16,4,-0.0287311) (17,4,-0.0397887) (0,5,-0.0286426) (2,5,0.0276059) (3,5,0.00135907) (4,5,0.0277704) (5,5,0.0795775) (6,5,0.0130452) (7,5,0.0277743) (9,5,0.0299333) (0,6,0.0167005) (2,6,-0.0180194) (3,6,0.0380131) (4,6,0.0360246) (5,6,0.0130452) (6,6,0.0795775) (7,6,0.0360222) (10,6,0.0378869) (13,6,0.036416) (16,6,0.0376996) (18,6,0.0193341) (19,6,0.0180671) (0,7,-0.000217943) (2,7,-0.00124774) (3,7,0.0294229) (4,7,0.0397887) (5,7,0.0277743) (6,7,0.0360222) (7,7,0.0795775) (11,7,0.0358284) (14,7,0.0283857) (17,7,0.0397887) (18,7,-0.00273487) (20,7,5.72179e-06) (1,8,0.0350301) (2,8,0.0353786) (3,8,0.0376976) (8,8,0.0795775) (9,8,0.0165057) (10,8,0.03783) (11,8,0.0325171) (12,8,0.0344321) (13,8,-0.020134) (14,8,0.0106049) (15,8,0.0231197) (1,9,-0.00263699) (2,9,-0.00189036) (5,9,0.0299333) (8,9,0.0165057) (9,9,0.0795775) (10,9,0.0269125) (11,9,0.0343531) (1,10,0.0274582) (2,10,0.0279946) (6,10,0.0378869) (8,10,0.03783) (9,10,0.0269125) (10,10,0.0795775) (11,10,0.0380222) (13,10,0.029778) (16,10,0.0397842) (18,10,0.0290329) (19,10,0.0280326) (1,11,0.0177542) (2,11,0.0184203) (7,11,0.0358284) (8,11,0.0325171) (9,11,0.0343531) (10,11,0.0380222) (11,11,0.0795775) (14,11,0.0134337) (17,11,0.0358257) (18,11,-0.019727) (20,11,0.0173104) (3,12,0.0262436) (4,12,0.000720554) (8,12,0.0344321) (12,12,0.0795775) (13,12,-0.000225411) (14,12,0.0283952) (15,12,0.0362349) (16,12,0.0270009) (17,12,-0.000732276) (3,13,-0.030055) (6,13,0.036416) (8,13,-0.020134) (10,13,0.029778) (12,13,-0.000225411) (13,13,0.0795775) (14,13,0.0277109) (15,13,0.0162314) (16,13,0.0293774) (18,13,0.00368329) (19,13,0.00225187) (3,14,-0.00222117) (7,14,0.0283857) (8,14,0.0106049) (11,14,0.0134337) (12,14,0.0283952) (13,14,0.0277109) (14,14,0.0795775) (15,14,0.0373732) (17,14,0.02839) (18,14,0.0258648) (20,14,-0.0278777) (3,15,0.0115449) (8,15,0.0231197) (12,15,0.0362349) (13,15,0.0162314) (14,15,0.0373732) (15,15,0.0795775) (19,15,0.0353506) (20,15,0.0359265) (4,16,-0.0287311) (6,16,0.0376996) (10,16,0.0397842) (12,16,0.0270009) (13,16,0.0293774) (16,16,0.0795775) (17,16,0.028723) (18,16,0.0294392) (19,16,0.0284545) (4,17,-0.0397887) (7,17,0.0397887) (11,17,0.0358257) (12,17,-0.000732276) (14,17,0.02839) (16,17,0.028723) (17,17,0.0795775) (18,17,-0.0027287) (20,17,-4.63914e-07) (6,18,0.0193341) (7,18,-0.00273487) (10,18,0.0290329) (11,18,-0.019727) (13,18,0.00368329) (14,18,0.0258648) (16,18,0.0294392) (17,18,-0.0027287) (18,18,0.0795775) (19,18,0.0397628) (20,18,-0.039695) (6,19,0.0180671) (10,19,0.0280326) (13,19,0.00225187) (15,19,0.0353506) (16,19,0.0284545) (18,19,0.0397628) (19,19,0.0795775) (20,19,0.0397676) (7,20,5.72179e-06) (11,20,0.0173104) (14,20,-0.0278777) (15,20,0.0359265) (17,20,-4.63914e-07) (18,20,-0.039695) (19,20,0.0397676) (20,20,0.0795775) 
Minv:
size: 27 27
(0,0,0.0397887) (1,1,0.0397887) (2,2,0.0795775) (3,3,0.0397887) (4,4,0.0397887) (5,5,0.0795775) (6,6,0.0397887) (7,7,0.0397887) (8,8,0.0795775) (9,9,0.0397887) (10,10,0.0397887) (11,11,0.0795775) (12,12,0.0397887) (13,13,0.0397887) (14,14,0.0795775) (15,15,0.0397887) (16,16,0.0397887) (17,17,0.0795775) (18,18,0.0397887) (19,19,0.0397887) (20,20,0.0795775) (21,21,0.0397887) (22,22,0.0397887) (23,23,0.0795775) (24,24,0.0397887) (25,25,0.0397887) (26,26,0.0795775) 
v0:
size: 27 1
(0,0,-0.987342) (1,0,-0.0657637) (2,0,0) (3,0,0.641831) (4,0,-0.0999656) (5,0,0) (6,0,0.448451) (7,0,-0.305955) (8,0,0) (9,0,0.533508) (10,0,0.138387) (11,0,0) (12,0,0.146879) (13,0,-0.6914) (14,0,0) (15,0,-0.673173) (16,0,0.818346) (17,0,0) (18,0,0.503706) (19,0,0.257253) (20,0,0) (21,0,-0.845572) (22,0,-0.156745) (23,0,0) (24,0,0.88376) (25,0,-0.193234) (26,0,0) 
ipopt_sol:
size: 21 1
(0,0,0) (1,0,5.08202) (2,0,3.65403) (3,0,0) (4,0,5.77927e-07) (5,0,0) (6,0,0) (7,0,30.5476) (8,0,0) (9,0,26.5155) (10,0,0) (11,0,0) (12,0,17.4307) (13,0,0) (14,0,10.5733) (15,0,0) (16,0,0) (17,0,6.2506) (18,0,0.753569) (19,0,11.1338) (20,0,0) 
policy_sol:
size: 21 1
(0,0,0) (1,0,5.08202) (2,0,3.65403) (3,0,0) (4,0,0) (5,0,0) (6,0,0) (7,0,30.5476) (8,0,0) (9,0,26.5155) (10,0,0) (11,0,0) (12,0,17.4307) (13,0,0) (14,0,10.5733) (15,0,0) (16,0,0) (17,0,6.2506) (18,0,0.753569) (19,0,11.1338) (20,0,0) 

policy_converges:
1
ipopt_converges:
0
