solve status: 0
N:
size: 27 18
(0,0,0.00837252) (1,0,-0.999965) (3,0,-0.00837252) (4,0,0.999965) (0,1,-0.99988) (1,1,-0.0154927) (9,1,0.99988) (10,1,0.0154927) (0,2,-0.714648) (1,2,-0.699484) (12,2,0.714648) (13,2,0.699484) (0,3,-0.468697) (1,3,-0.883359) (15,3,0.468697) (16,3,0.883359) (0,4,-0.999804) (1,4,-0.0197964) (18,4,0.999804) (19,4,0.0197964) (0,5,-0.893542) (1,5,-0.448979) (21,5,0.893542) (22,5,0.448979) (0,6,-0.693018) (1,6,-0.72092) (24,6,0.693018) (25,6,0.72092) (3,7,-0.760714) (4,7,-0.649087) (15,7,0.760714) (16,7,0.649087) (6,8,-0.687218) (7,8,0.726452) (12,8,0.687218) (13,8,-0.726452) (6,9,-0.997576) (7,9,0.0695828) (15,9,0.997576) (16,9,-0.0695828) (6,10,-0.704245) (7,10,0.709957) (18,10,0.704245) (19,10,-0.709957) (6,11,-0.895465) (7,11,0.445132) (21,11,0.895465) (22,11,-0.445132) (6,12,-0.99997) (7,12,-0.00768751) (24,12,0.99997) (25,12,0.00768751) (12,13,-0.0479033) (13,13,-0.998852) (15,13,0.0479033) (16,13,0.998852) (12,14,-0.722258) (13,14,0.691623) (18,14,0.722258) (19,14,-0.691623) (15,15,-0.43438) (16,15,0.90073) (18,15,0.43438) (19,15,-0.90073) (18,16,-0.0630208) (19,16,-0.998012) (21,16,0.0630208) (22,16,0.998012) (18,17,-0.00145929) (19,17,-0.999999) (24,17,0.00145929) (25,17,0.999999) 
Q:
size: 18 18
(0,0,0.0795775) (1,0,0.000283322) (2,0,0.0275925) (3,0,0.0349904) (4,0,0.000454579) (5,0,0.017566) (6,0,0.0284526) (7,0,-0.025572) (0,1,0.000283322) (1,1,0.0795775) (2,1,0.0288627) (3,1,0.0191911) (4,1,0.0397884) (5,1,0.0358254) (6,1,0.0280154) (0,2,0.0275925) (1,2,0.0288627) (2,2,0.0795775) (3,2,0.0379127) (4,2,0.0289803) (5,2,0.0379036) (6,2,0.0397703) (8,2,-0.000677308) (13,2,-0.0291618) (14,2,-0.00128841) (0,3,0.0349904) (1,3,0.0191911) (2,3,0.0379127) (3,3,0.0795775) (4,3,0.019341) (5,3,0.0324441) (6,3,0.0382627) (7,3,0.0370004) (9,3,0.016158) (13,3,0.0360007) (15,3,0.0235579) (0,4,0.000454579) (1,4,0.0397884) (2,4,0.0289803) (3,4,0.019341) (4,4,0.0795775) (5,4,0.0358996) (6,4,0.0281368) (10,4,0.0274563) (14,4,0.0281873) (15,4,0.0165706) (16,4,-0.00329313) (17,4,-0.000845724) (0,5,0.017566) (1,5,0.0358254) (2,5,0.0379036) (3,5,0.0324441) (4,5,0.0358996) (5,5,0.0795775) (6,5,0.0375176) (11,5,0.0238844) (16,5,0.0200694) (0,6,0.0284526) (1,6,0.0280154) (2,6,0.0397703) (3,6,0.0382627) (4,6,0.0281368) (5,6,0.0375176) (6,6,0.0795775) (12,6,0.027794) (17,6,0.0287247) (0,7,-0.025572) (3,7,0.0370004) (7,7,0.0795775) (9,7,0.0283974) (13,7,0.0272466) (15,7,0.0101148) (2,8,-0.000677308) (8,8,0.0795775) (9,8,0.0292885) (10,8,0.0397776) (11,8,0.0373515) (12,8,0.0271205) (13,8,0.0275616) (14,8,-0.0397402) (3,9,0.016158) (7,9,0.0283974) (8,9,0.0292885) (9,9,0.0795775) (10,9,0.0299187) (11,9,0.0367755) (12,9,0.0396698) (13,9,-0.000864044) (15,9,-0.0197353) (4,10,0.0274563) (8,10,0.0397776) (9,10,0.0299187) (10,10,0.0795775) (11,10,0.0376661) (12,10,0.027803) (14,10,0.0397756) (15,10,0.0376158) (16,10,0.0264262) (17,10,0.0282074) (5,11,0.0238844) (8,11,0.0373515) (9,11,0.0367755) (10,11,0.0376661) (11,11,0.0795775) (12,11,0.0354922) (16,11,-0.0154306) (6,12,0.027794) (8,12,0.0271205) (9,12,0.0396698) (10,12,0.027803) (11,12,0.0354922) (12,12,0.0795775) (17,12,0.000363938) (2,13,-0.0291618) (3,13,0.0360007) (7,13,0.0272466) (8,13,0.0275616) (9,13,-0.000864044) (13,13,0.0795775) (14,13,-0.0261106) (15,13,0.0349698) (2,14,-0.00128841) (4,14,0.0281873) (8,14,-0.0397402) (10,14,0.0397756) (13,14,-0.0261106) (14,14,0.0795775) (15,14,0.0372701) (16,14,0.025653) (17,14,0.0274768) (3,15,0.0235579) (4,15,0.0165706) (7,15,0.0101148) (9,15,-0.0197353) (10,15,0.0376158) (13,15,0.0349698) (14,15,0.0372701) (15,15,0.0795775) (16,15,0.0346784) (17,15,0.0358136) (4,16,-0.00329313) (5,16,0.0200694) (10,16,0.0264262) (11,16,-0.0154306) (14,16,0.025653) (15,16,0.0346784) (16,16,0.0795775) (17,16,0.0397133) (4,17,-0.000845724) (6,17,0.0287247) (10,17,0.0282074) (12,17,0.000363938) (14,17,0.0274768) (15,17,0.0358136) (16,17,0.0397133) (17,17,0.0795775) 
Minv:
size: 27 27
(0,0,0.0397887) (1,1,0.0397887) (2,2,0.0795775) (3,3,0.0397887) (4,4,0.0397887) (5,5,0.0795775) (6,6,0.0397887) (7,7,0.0397887) (8,8,0.0795775) (9,9,0.0397887) (10,10,0.0397887) (11,11,0.0795775) (12,12,0.0397887) (13,13,0.0397887) (14,14,0.0795775) (15,15,0.0397887) (16,16,0.0397887) (17,17,0.0795775) (18,18,0.0397887) (19,19,0.0397887) (20,20,0.0795775) (21,21,0.0397887) (22,22,0.0397887) (23,23,0.0795775) (24,24,0.0397887) (25,25,0.0397887) (26,26,0.0795775) 
v0:
size: 27 1
(0,0,0.556973) (1,0,0.151826) (2,0,0) (3,0,-0.487636) (4,0,-0.137886) (5,0,0) (6,0,0.91873) (7,0,0.212774) (8,0,0) (9,0,-0.105741) (10,0,-0.918587) (11,0,0) (12,0,0.0903443) (13,0,-0.513704) (14,0,0) (15,0,-0.302379) (16,0,-0.566709) (17,0,0) (18,0,0.331826) (19,0,0.397992) (20,0,0) (21,0,0.479027) (22,0,0.251976) (23,0,0) (24,0,0.365731) (25,0,0.279574) (26,0,0) 
ipopt_sol:
size: 18 1
(0,0,0.805436) (1,0,11.1596) (2,0,14.484) (3,0,2.71517) (4,0,0) (5,0,0) (6,0,0) (7,0,0) (8,0,0) (9,0,34.1325) (10,0,0) (11,0,0) (12,0,0) (13,0,0) (14,0,1.44108) (15,0,21.9012) (16,0,0) (17,0,0) 
policy_sol:
size: 18 1
(0,0,0.805436) (1,0,11.1596) (2,0,14.484) (3,0,2.71517) (4,0,0) (5,0,0) (6,0,0) (7,0,0) (8,0,0) (9,0,34.1325) (10,0,0) (11,0,0) (12,0,0) (13,0,0) (14,0,1.44108) (15,0,21.9012) (16,0,0) (17,0,0) 

policy_converges:
1
ipopt_converges:
0
