solve status: 0
N:
size: 27 3
(0,0,0.0218402) (1,0,-0.999761) (3,0,-0.0218402) (4,0,0.999761) (6,1,-0.999991) (7,1,0.00423302) (15,1,0.999991) (16,1,-0.00423302) (9,2,-0.999519) (10,2,-0.0310115) (18,2,0.999519) (19,2,0.0310115) 
Q:
size: 3 3
(0,0,0.0795775) (1,1,0.0795775) (2,2,0.0795775) 
Minv:
size: 27 27
(0,0,0.0397887) (1,1,0.0397887) (2,2,0.0795775) (3,3,0.0397887) (4,4,0.0397887) (5,5,0.0795775) (6,6,0.0397887) (7,7,0.0397887) (8,8,0.0795775) (9,9,0.0397887) (10,10,0.0397887) (11,11,0.0795775) (12,12,0.0397887) (13,13,0.0397887) (14,14,0.0795775) (15,15,0.0397887) (16,16,0.0397887) (17,17,0.0795775) (18,18,0.0397887) (19,19,0.0397887) (20,20,0.0795775) (21,21,0.0397887) (22,22,0.0397887) (23,23,0.0795775) (24,24,0.0397887) (25,25,0.0397887) (26,26,0.0795775) 
v0:
size: 27 1
(0,0,0.0115552) (1,0,-0.19462) (2,0,0) (3,0,-0.712994) (4,0,-0.309675) (5,0,0) (6,0,0.112066) (7,0,-0.0114286) (8,0,0) (9,0,0.657024) (10,0,-0.812607) (11,0,0) (12,0,0.471972) (13,0,-0.58183) (14,0,0) (15,0,-0.0248026) (16,0,0.669368) (17,0,0) (18,0,0.165925) (19,0,-0.972045) (20,0,0) (21,0,0.814241) (22,0,-0.817059) (23,0,0) (24,0,0.576758) (25,0,0.725157) (26,0,0) 
ipopt_sol:
size: 3 1
(0,0,2.49325) (1,0,3.51229) (2,0,12.461) 
policy_sol:
size: 3 1
(0,0,2.49325) (1,0,3.51229) (2,0,12.461) 

policy_converges:
1
ipopt_converges:
1
