solve status: 0
N:
size: 27 16
(0,0,-0.0181356) (1,0,-0.999836) (6,0,0.0181356) (7,0,0.999836) (0,1,-0.714506) (1,1,-0.699629) (12,1,0.714506) (13,1,0.699629) (0,2,-0.450125) (1,2,-0.892966) (15,2,0.450125) (16,2,0.892966) (3,3,-0.0404339) (4,3,-0.999182) (6,3,0.0404339) (7,3,0.999182) (3,4,-0.99994) (4,4,-0.0109975) (12,4,0.99994) (13,4,0.0109975) (6,5,-0.435939) (7,5,0.899976) (9,5,0.435939) (10,5,-0.899976) (6,6,-0.702153) (7,6,0.712026) (18,6,0.702153) (19,6,-0.712026) (9,7,-0.0267033) (10,7,-0.999643) (12,7,0.0267033) (13,7,0.999643) (9,8,-0.00130012) (10,8,-0.999999) (15,8,0.00130012) (16,8,0.999999) (9,9,-0.751528) (10,9,-0.659701) (21,9,0.751528) (22,9,0.659701) (12,10,-0.704713) (13,10,0.709493) (18,10,0.704713) (19,10,-0.709493) (15,11,-0.455338) (16,11,0.890318) (18,11,0.455338) (19,11,-0.890318) (15,12,-0.728255) (16,12,0.685307) (21,12,0.728255) (22,12,-0.685307) (15,13,-0.998242) (16,13,-0.0592722) (24,13,0.998242) (25,13,0.0592722) (18,14,-0.0673641) (19,14,-0.997728) (21,14,0.0673641) (22,14,0.997728) (18,15,-0.00279818) (19,15,-0.999996) (24,15,0.00279818) (25,15,0.999996) 
Q:
size: 16 16
(0,0,0.0795775) (1,0,0.0283484) (2,0,0.0358489) (3,0,0.0397788) (5,0,0.0354884) (6,0,0.0278193) (0,1,0.0283484) (1,1,0.0795775) (2,1,0.0376545) (4,1,0.0287337) (7,1,0.0285866) (10,1,-0.0002841) (0,2,0.0358489) (1,2,0.0376545) (2,2,0.0795775) (8,2,0.0355532) (11,2,0.0234779) (12,2,0.011306) (13,2,-0.0199843) (0,3,0.0397788) (3,3,0.0795775) (4,3,0.00204593) (5,3,0.0350783) (6,3,0.0271778) (1,4,0.0287337) (3,4,0.00204593) (4,4,0.0795775) (7,4,0.00149985) (10,4,-0.0277275) (0,5,0.0354884) (3,5,0.0350783) (5,5,0.0795775) (6,5,0.037676) (7,5,0.035333) (8,5,0.0357863) (9,5,0.0105875) (0,6,0.0278193) (3,6,0.0271778) (5,6,0.037676) (6,6,0.0795775) (10,6,0.0397885) (11,6,0.0379444) (14,6,0.0263842) (15,6,0.0282523) (1,7,0.0285866) (4,7,0.00149985) (5,7,0.035333) (7,7,0.0795775) (8,7,0.0397759) (9,7,0.0270378) (10,7,0.027471) (2,8,0.0355532) (5,8,0.0357863) (7,8,0.0397759) (8,8,0.0795775) (9,8,0.0262875) (11,8,0.0354011) (12,8,0.0272298) (13,8,-0.00241) (5,9,0.0105875) (7,9,0.0270378) (8,9,0.0262875) (9,9,0.0795775) (12,9,0.00378816) (14,9,0.0282034) (1,10,-0.0002841) (4,10,-0.0277275) (6,10,0.0397885) (7,10,0.027471) (10,10,0.0795775) (11,10,0.037901) (14,10,0.0262768) (15,10,0.0281512) (2,11,0.0234779) (6,11,0.0379444) (8,11,0.0354011) (10,11,0.037901) (11,11,0.0795775) (12,11,0.0374708) (13,11,0.0159858) (14,11,0.0341237) (15,11,0.0353738) (2,12,0.011306) (8,12,0.0272298) (9,12,0.00378816) (11,12,0.0374708) (12,12,0.0795775) (13,12,0.0273092) (14,12,-0.0252536) (2,13,-0.0199843) (8,13,-0.00241) (11,13,0.0159858) (12,13,0.0273092) (13,13,0.0795775) (15,13,0.0024695) (6,14,0.0263842) (9,14,0.0282034) (10,14,0.0262768) (11,14,0.0341237) (12,14,-0.0252536) (14,14,0.0795775) (15,14,0.0397057) (6,15,0.0282523) (10,15,0.0281512) (11,15,0.0353738) (13,15,0.0024695) (14,15,0.0397057) (15,15,0.0795775) 
Minv:
size: 27 27
(0,0,0.0397887) (1,1,0.0397887) (2,2,0.0795775) (3,3,0.0397887) (4,4,0.0397887) (5,5,0.0795775) (6,6,0.0397887) (7,7,0.0397887) (8,8,0.0795775) (9,9,0.0397887) (10,10,0.0397887) (11,11,0.0795775) (12,12,0.0397887) (13,13,0.0397887) (14,14,0.0795775) (15,15,0.0397887) (16,16,0.0397887) (17,17,0.0795775) (18,18,0.0397887) (19,19,0.0397887) (20,20,0.0795775) (21,21,0.0397887) (22,22,0.0397887) (23,23,0.0795775) (24,24,0.0397887) (25,25,0.0397887) (26,26,0.0795775) 
v0:
size: 27 1
(0,0,-0.82826) (1,0,0.720747) (2,0,0) (3,0,-0.882539) (4,0,0.740896) (5,0,0) (6,0,0.389237) (7,0,0.671397) (8,0,0) (9,0,0.0472408) (10,0,0.810148) (11,0,0) (12,0,-0.870083) (13,0,-0.633716) (14,0,0) (15,0,0.994505) (16,0,-0.418102) (17,0,0) (18,0,0.535822) (19,0,0.889835) (20,0,0) (21,0,0.376466) (22,0,-0.715377) (23,0,0) (24,0,0.779284) (25,0,0.77165) (26,0,0) 
ipopt_sol:
size: 16 1
(0,0,0) (1,0,15.2835) (2,0,0) (3,0,0.452854) (4,0,0) (5,0,0) (6,0,0) (7,0,25.8437) (8,0,11.1175) (9,0,0) (10,0,0) (11,0,4.68247) (12,0,13.7941) (13,0,0) (14,0,42.8912) (15,0,0) 
policy_sol:
size: 16 1
(0,0,0) (1,0,15.2835) (2,0,0) (3,0,0.452854) (4,0,0) (5,0,0) (6,0,0) (7,0,25.8437) (8,0,11.1175) (9,0,0) (10,0,0) (11,0,4.68247) (12,0,13.7941) (13,0,0) (14,0,42.8912) (15,0,0) 

policy_converges:
1
ipopt_converges:
0
