solve status: 0
N:
size: 27 19
(0,0,-0.999982) (1,0,-0.00600335) (9,0,0.999982) (10,0,0.00600335) (0,1,-0.462128) (1,1,-0.886813) (15,1,0.462128) (16,1,0.886813) (0,2,-0.999737) (1,2,-0.0229241) (18,2,0.999737) (19,2,0.0229241) (3,3,0.0437351) (4,3,-0.999043) (6,3,-0.0437351) (7,3,0.999043) (3,4,-0.698874) (4,4,-0.715245) (15,4,0.698874) (16,4,0.715245) (3,5,-0.896706) (4,5,0.442626) (18,5,0.896706) (19,5,-0.442626) (3,6,-0.999717) (4,6,0.0238012) (21,6,0.999717) (22,6,-0.0238012) (6,7,-0.43749) (7,7,0.899223) (9,7,0.43749) (10,7,-0.899223) (6,8,-0.99998) (7,8,0.00635064) (15,8,0.99998) (16,8,-0.00635064) (6,9,-0.711466) (7,9,0.702721) (18,9,0.711466) (19,9,-0.702721) (6,10,-0.883632) (7,10,0.468182) (21,10,0.883632) (22,10,-0.468182) (9,11,-0.0586442) (10,11,-0.998279) (12,11,0.0586442) (13,11,0.998279) (9,12,-0.021901) (10,12,-0.99976) (15,12,0.021901) (16,12,0.99976) (9,13,-0.999215) (10,13,-0.0396089) (18,13,0.999215) (19,13,0.0396089) (12,14,0.0117788) (13,14,-0.999931) (15,14,-0.0117788) (16,14,0.999931) (12,15,-0.723274) (13,15,0.690561) (18,15,0.723274) (19,15,-0.690561) (12,16,-1) (13,16,0.000364521) (21,16,1) (22,16,-0.000364521) (15,17,-0.443858) (16,17,0.896097) (18,17,0.443858) (19,17,-0.896097) (15,18,-0.678266) (16,18,0.734816) (21,18,0.678266) (22,18,-0.734816) 
Q:
size: 19 19
(0,0,0.0795775) (1,0,0.018599) (2,0,0.039783) (7,0,0.0171921) (11,0,-0.00257179) (12,0,-0.00111021) (13,0,-0.0397663) (0,1,0.018599) (1,1,0.0795775) (2,1,0.0191915) (4,1,0.0380881) (8,1,0.018163) (12,1,0.0356794) (14,1,0.0350661) (17,1,0.0234575) (18,1,0.0134565) (0,2,0.039783) (1,2,0.0191915) (2,2,0.0795775) (5,2,0.0352657) (9,2,0.0276599) (13,2,0.0397832) (15,2,0.0281407) (17,2,0.0168386) (3,3,0.0795775) (4,3,0.0272153) (5,3,-0.0191551) (6,3,-0.00268579) (7,3,0.036506) (8,3,0.00199257) (9,3,0.0291717) (10,3,0.0201482) (1,4,0.0380881) (3,4,0.0272153) (4,4,0.0795775) (5,4,0.0123384) (6,4,0.0271221) (8,4,0.027626) (12,4,0.0290609) (14,4,0.0281292) (17,4,0.0131592) (18,4,0.00205113) (2,5,0.0352657) (3,5,-0.0191551) (4,5,0.0123384) (5,5,0.0795775) (6,5,0.0360879) (9,5,0.0377602) (13,5,0.0349532) (15,5,0.0379674) (17,5,0.031618) (3,6,-0.00268579) (4,6,0.0271221) (5,6,0.0360879) (6,6,0.0795775) (10,6,0.035592) (16,6,0.0397778) (18,6,0.0276756) (0,7,0.0171921) (3,7,0.036506) (7,7,0.0795775) (8,7,0.017634) (9,7,0.0375272) (10,7,0.0321326) (11,7,0.0346965) (12,7,0.0353891) (13,7,-0.0159764) (1,8,0.018163) (3,8,0.00199257) (4,8,0.027626) (7,8,0.017634) (8,8,0.0795775) (9,8,0.0284853) (10,8,0.0352762) (12,8,0.000618773) (14,8,-0.000721318) (17,8,-0.0178866) (18,8,-0.0271725) (2,9,0.0276599) (3,9,0.0291717) (5,9,0.0377602) (7,9,0.0375272) (8,9,0.0284853) (9,9,0.0795775) (10,9,0.0381047) (13,9,0.0271786) (15,9,0.039783) (17,9,0.0376201) (3,10,0.0201482) (6,10,0.035592) (7,10,0.0321326) (8,10,0.0352762) (9,10,0.0381047) (10,10,0.0795775) (16,10,0.0351654) (18,10,0.0375353) (0,11,-0.00257179) (7,11,0.0346965) (11,11,0.0795775) (12,11,0.0397618) (13,11,0.00390482) (14,11,-0.03969) (15,11,0.0257416) (16,11,-0.0023189) (0,12,-0.00111021) (1,12,0.0356794) (4,12,0.0290609) (7,12,0.0353891) (8,12,0.000618773) (11,12,0.0397618) (12,12,0.0795775) (13,12,0.00244634) (14,12,0.0397662) (17,12,0.0352592) (18,12,0.0286393) (0,13,-0.0397663) (2,13,0.0397832) (5,13,0.0349532) (7,13,-0.0159764) (9,13,0.0271786) (11,13,0.00390482) (12,13,0.00244634) (13,13,0.0795775) (15,13,0.0276673) (17,13,0.0162345) (1,14,0.0350661) (4,14,0.0281292) (8,14,-0.000721318) (11,14,-0.03969) (12,14,0.0397662) (14,14,0.0795775) (15,14,-0.0278136) (16,14,-0.000483164) (17,14,0.0358601) (18,14,0.0295533) (2,15,0.0281407) (5,15,0.0379674) (9,15,0.039783) (11,15,0.0257416) (13,15,0.0276673) (14,15,-0.0278136) (15,15,0.0795775) (16,15,0.0287882) (17,15,0.0373951) (6,16,0.0397778) (10,16,0.0351654) (11,16,-0.0023189) (14,16,-0.000483164) (15,16,0.0287882) (16,16,0.0795775) (18,16,0.026998) (1,17,0.0234575) (2,17,0.0168386) (4,17,0.0131592) (5,17,0.031618) (8,17,-0.0178866) (9,17,0.0376201) (12,17,0.0352592) (13,17,0.0162345) (14,17,0.0358601) (15,17,0.0373951) (17,17,0.0795775) (18,17,0.0381781) (1,18,0.0134565) (4,18,0.00205113) (6,18,0.0276756) (8,18,-0.0271725) (10,18,0.0375353) (12,18,0.0286393) (14,18,0.0295533) (16,18,0.026998) (17,18,0.0381781) (18,18,0.0795775) 
Minv:
size: 27 27
(0,0,0.0397887) (1,1,0.0397887) (2,2,0.0795775) (3,3,0.0397887) (4,4,0.0397887) (5,5,0.0795775) (6,6,0.0397887) (7,7,0.0397887) (8,8,0.0795775) (9,9,0.0397887) (10,10,0.0397887) (11,11,0.0795775) (12,12,0.0397887) (13,13,0.0397887) (14,14,0.0795775) (15,15,0.0397887) (16,16,0.0397887) (17,17,0.0795775) (18,18,0.0397887) (19,19,0.0397887) (20,20,0.0795775) (21,21,0.0397887) (22,22,0.0397887) (23,23,0.0795775) (24,24,0.0397887) (25,25,0.0397887) (26,26,0.0795775) 
v0:
size: 27 1
(0,0,-0.353478) (1,0,-0.0484806) (2,0,0) (3,0,-0.107281) (4,0,0.833635) (5,0,0) (6,0,0.199272) (7,0,0.0200142) (8,0,0) (9,0,-0.587604) (10,0,0.226057) (11,0,0) (12,0,0.934205) (13,0,-0.905161) (14,0,0) (15,0,0.18106) (16,0,-0.98937) (17,0,0) (18,0,-0.978632) (19,0,0.0132444) (20,0,0) (21,0,-0.447359) (22,0,0.479889) (23,0,0) (24,0,0.754188) (25,0,0.560427) (26,0,0) 
ipopt_sol:
size: 19 1
(0,0,6.20603) (1,0,0) (2,0,0) (3,0,14.8117) (4,0,16.9948) (5,0,0) (6,0,0) (7,0,0) (8,0,5.67258) (9,0,0) (10,0,0) (11,0,7.94106) (12,0,7.64674) (13,0,0) (14,0,0) (15,0,45.6781) (16,0,6.81088) (17,0,0) (18,0,34.2829) 
policy_sol:
size: 19 1
(0,0,6.20603) (1,0,0) (2,0,0) (3,0,14.8117) (4,0,16.9948) (5,0,0) (6,0,0) (7,0,0) (8,0,5.67258) (9,0,0) (10,0,0) (11,0,7.94106) (12,0,7.64674) (13,0,0) (14,0,0) (15,0,45.6781) (16,0,6.81088) (17,0,0) (18,0,34.2829) 

policy_converges:
1
ipopt_converges:
0
