solve status: 0
N:
size: 27 13
(0,0,-0.456386) (1,0,-0.889782) (15,0,0.456386) (16,0,0.889782) (0,1,-0.999993) (1,1,0.00372833) (18,1,0.999993) (19,1,-0.00372833) (3,2,0.0356196) (4,2,-0.999365) (6,2,-0.0356196) (7,2,0.999365) (3,3,-0.997779) (4,3,0.066604) (12,3,0.997779) (13,3,-0.066604) (3,4,-0.722029) (4,4,-0.691863) (15,4,0.722029) (16,4,0.691863) (3,5,-0.889375) (4,5,0.457178) (18,5,0.889375) (19,5,-0.457178) (3,6,-0.999956) (4,6,0.0093558) (21,6,0.999956) (22,6,-0.0093558) (6,7,-0.999872) (7,7,-0.0160237) (15,7,0.999872) (16,7,0.0160237) (9,8,-0.0285102) (10,8,-0.999594) (12,8,0.0285102) (13,8,0.999594) (9,9,-0.0144394) (10,9,-0.999896) (15,9,0.0144394) (16,9,0.999896) (9,10,-0.999999) (10,10,-0.00165959) (18,10,0.999999) (19,10,0.00165959) (9,11,-0.708479) (10,11,-0.705732) (21,11,0.708479) (22,11,0.705732) (12,12,-0.00127042) (13,12,-0.999999) (15,12,0.00127042) (16,12,0.999999) 
Q:
size: 13 13
(0,0,0.0795775) (1,0,0.0180269) (4,0,0.0376056) (7,0,0.018724) (9,0,0.0356618) (12,0,0.0354263) (0,1,0.0180269) (1,1,0.0795775) (5,1,0.0354547) (10,1,0.0397882) (2,2,0.0795775) (3,2,-0.00406252) (4,2,0.0264876) (5,2,-0.0194395) (6,2,-0.00178922) (7,2,0.000779919) (2,3,-0.00406252) (3,3,0.0795775) (4,3,0.0268313) (5,3,0.0365201) (6,3,0.0397234) (8,3,-0.00151715) (12,3,0.00259965) (0,4,0.0376056) (2,4,0.0264876) (3,4,0.0268313) (4,4,0.0795775) (5,4,0.0129651) (6,4,0.0284698) (7,4,0.029166) (9,4,0.0279403) (12,4,0.0275648) (1,5,0.0354547) (2,5,-0.0194395) (3,5,0.0365201) (4,5,0.0129651) (5,5,0.0795775) (6,5,0.0355557) (10,5,0.0353569) (2,6,-0.00178922) (3,6,0.0397234) (4,6,0.0284698) (5,6,0.0355557) (6,6,0.0795775) (11,6,0.0279255) (0,7,0.018724) (2,7,0.000779919) (4,7,0.029166) (7,7,0.0795775) (9,7,0.00121195) (12,7,0.000688105) (3,8,-0.00151715) (8,8,0.0795775) (9,8,0.0397848) (10,8,0.00120039) (11,8,0.0288724) (12,8,-0.039774) (0,9,0.0356618) (4,9,0.0279403) (7,9,0.00121195) (8,9,0.0397848) (9,9,0.0795775) (10,9,0.000640551) (11,9,0.0284843) (12,9,0.0397853) (1,10,0.0397882) (5,10,0.0353569) (8,10,0.00120039) (9,10,0.000640551) (10,10,0.0795775) (11,10,0.028236) (6,11,0.0279255) (8,11,0.0288724) (9,11,0.0284843) (10,11,0.028236) (11,11,0.0795775) (0,12,0.0354263) (3,12,0.00259965) (4,12,0.0275648) (7,12,0.000688105) (8,12,-0.039774) (9,12,0.0397853) (12,12,0.0795775) 
Minv:
size: 27 27
(0,0,0.0397887) (1,1,0.0397887) (2,2,0.0795775) (3,3,0.0397887) (4,4,0.0397887) (5,5,0.0795775) (6,6,0.0397887) (7,7,0.0397887) (8,8,0.0795775) (9,9,0.0397887) (10,10,0.0397887) (11,11,0.0795775) (12,12,0.0397887) (13,13,0.0397887) (14,14,0.0795775) (15,15,0.0397887) (16,16,0.0397887) (17,17,0.0795775) (18,18,0.0397887) (19,19,0.0397887) (20,20,0.0795775) (21,21,0.0397887) (22,22,0.0397887) (23,23,0.0795775) (24,24,0.0397887) (25,25,0.0397887) (26,26,0.0795775) 
v0:
size: 27 1
(0,0,-0.415857) (1,0,-0.418615) (2,0,0) (3,0,0.665911) (4,0,0.540132) (5,0,0) (6,0,-0.636903) (7,0,0.078944) (8,0,0) (9,0,0.405217) (10,0,0.0885468) (11,0,0) (12,0,-0.243358) (13,0,-0.0352736) (14,0,0) (15,0,-0.872073) (16,0,-0.426845) (17,0,0) (18,0,-0.593911) (19,0,-0.924271) (20,0,0) (21,0,-0.0202221) (22,0,-0.0951661) (23,0,0) (24,0,0.89951) (25,0,0.225617) (26,0,0) 
ipopt_sol:
size: 13 1
(0,0,0) (1,0,0) (2,0,0) (3,0,7.69057) (4,0,42.1303) (5,0,0) (6,0,0) (7,0,0) (8,0,3.00138) (9,0,0) (10,0,24.7684) (11,0,0.956488) (12,0,0) 
policy_sol:
size: 13 1
(0,0,0) (1,0,0) (2,0,0) (3,0,7.69057) (4,0,42.1303) (5,0,0) (6,0,0) (7,0,0) (8,0,3.00138) (9,0,0) (10,0,24.7684) (11,0,0.956488) (12,0,0) 

policy_converges:
1
ipopt_converges:
0
