solve status: 0
N:
size: 12 3
(0,0,-0.00585317) (1,0,-0.999983) (3,0,0.00585317) (4,0,0.999983) (3,1,-0.70807) (4,1,0.706142) (6,1,0.70807) (7,1,-0.706142) (3,2,-0.999996) (4,2,-0.00281196) (9,2,0.999996) (10,2,0.00281196) 
Q:
size: 3 3
(0,0,2) (1,0,0.701986) (2,0,-0.00866506) (0,1,0.701986) (1,1,2) (2,1,0.706082) (0,2,-0.00866506) (1,2,0.706082) (2,2,2) 
Minv:
size: 12 12
(0,0,1) (1,1,1) (2,2,2) (3,3,1) (4,4,1) (5,5,2) (6,6,1) (7,7,1) (8,8,2) (9,9,1) (10,10,1) (11,11,2) 
v0:
size: 12 1
(0,0,-0.849362) (1,0,0.533253) (2,0,0) (3,0,0.372623) (4,0,0.469198) (5,0,0) (6,0,-0.483896) (7,0,0.139236) (8,0,0) (9,0,-0.334978) (10,0,0.60267) (11,0,0) 
ipopt_sol:
size: 3 1
(0,0,0.0117914) (1,0,0.136675) (2,0,0.659022) 
policy_sol:
size: 3 1
(0,0,0.0117843) (1,0,0.136678) (2,0,0.659021) 

policy_converges:
1
ipopt_converges:
0
