solve status: 0
N:
size: 12 2
(0,0,-0.999998) (1,0,0.00177519) (6,0,0.999998) (7,0,-0.00177519) (3,1,-0.705594) (4,1,0.708617) (6,1,0.705594) (7,1,-0.708617) 
Q:
size: 2 2
(0,0,2) (1,0,0.706851) (0,1,0.706851) (1,1,2) 
Minv:
size: 12 12
(0,0,1) (1,1,1) (2,2,2) (3,3,1) (4,4,1) (5,5,2) (6,6,1) (7,7,1) (8,8,2) (9,9,1) (10,10,1) (11,11,2) 
v0:
size: 12 1
(0,0,-0.0342416) (1,0,-0.372545) (2,0,0) (3,0,0.268473) (4,0,0.431258) (5,0,0) (6,0,-0.68574) (7,0,0.0891323) (8,0,0) (9,0,0.765544) (10,0,0.157063) (11,0,0) 
ipopt_sol:
size: 2 1
(0,0,0.571419) (1,0,0.228897) 
policy_sol:
size: 2 1
(0,0,0.571419) (1,0,0.228897) 

policy_converges:
1
ipopt_converges:
1
