solve status: 0
N:
size: 12 3
(0,0,-0.0016539) (1,0,-0.999999) (3,0,0.0016539) (4,0,0.999999) (3,1,-0.999999) (4,1,0.00140172) (9,1,0.999999) (10,1,-0.00140172) (6,2,0.00496839) (7,2,-0.999988) (9,2,-0.00496839) (10,2,0.999988) 
Q:
size: 3 3
(0,0,2) (1,0,-0.000252185) (0,1,-0.000252185) (1,1,2) (2,1,-0.00637008) (1,2,-0.00637008) (2,2,2) 
Minv:
size: 12 12
(0,0,1) (1,1,1) (2,2,2) (3,3,1) (4,4,1) (5,5,2) (6,6,1) (7,7,1) (8,8,2) (9,9,1) (10,10,1) (11,11,2) 
v0:
size: 12 1
(0,0,-0.885186) (1,0,0.958103) (2,0,0) (3,0,0.302184) (4,0,0.640623) (5,0,0) (6,0,0.878535) (7,0,0.681721) (8,0,0) (9,0,-0.0642891) (10,0,0.450405) (11,0,0) 
ipopt_sol:
size: 3 1
(0,0,0.315562) (1,0,0.366972) (2,0,0.227798) 
policy_sol:
size: 3 1
(0,0,0.315562) (1,0,0.366971) (2,0,0.227798) 

policy_converges:
1
ipopt_converges:
1
