solve status: 0
N:
size: 12 2
(0,0,-1) (1,0,-0.000959051) (6,0,1) (7,0,0.000959051) (3,1,-0.704844) (4,1,0.709362) (6,1,0.704844) (7,1,-0.709362) 
Q:
size: 2 2
(0,0,2) (1,0,0.704163) (0,1,0.704163) (1,1,2) 
Minv:
size: 12 12
(0,0,1) (1,1,1) (2,2,2) (3,3,1) (4,4,1) (5,5,2) (6,6,1) (7,7,1) (8,8,2) (9,9,1) (10,10,1) (11,11,2) 
v0:
size: 12 1
(0,0,0.436746) (1,0,-0.406146) (2,0,0) (3,0,-0.157964) (4,0,0.184435) (5,0,0) (6,0,-0.908945) (7,0,0.387677) (8,0,0) (9,0,0.932288) (10,0,0.845034) (11,0,0) 
ipopt_sol:
size: 2 1
(0,0,1.26456) (1,0,0.228268) 
policy_sol:
size: 2 1
(0,0,1.26456) (1,0,0.228268) 

policy_converges:
1
ipopt_converges:
1
