solve status: 0
N:
size: 12 1
(0,0,-0.999987) (1,0,-0.00502) (6,0,0.999987) (7,0,0.00502) 
Q:
size: 1 1
(0,0,2) 
Minv:
size: 12 12
(0,0,1) (1,1,1) (2,2,2) (3,3,1) (4,4,1) (5,5,2) (6,6,1) (7,7,1) (8,8,2) (9,9,1) (10,10,1) (11,11,2) 
v0:
size: 12 1
(0,0,0.42853) (1,0,-0.618285) (2,0,0) (3,0,-0.696826) (4,0,0.955876) (5,0,0) (6,0,-0.312445) (7,0,-0.265817) (8,0,0) (9,0,0.45366) (10,0,0.519286) (11,0,0) 
ipopt_sol:
size: 1 1
(0,0,0.739196) 
policy_sol:
size: 1 1
(0,0,0.739196) 

policy_converges:
1
ipopt_converges:
1
