solve status: 0
N:
size: 12 6
(0,0,-0.00096132) (1,0,-1) (3,0,0.00096132) (4,0,1) (0,1,-0.999997) (1,1,-0.00254177) (6,1,0.999997) (7,1,0.00254177) (0,2,-0.70804) (1,2,-0.706172) (9,2,0.70804) (10,2,0.706172) (3,3,-0.707199) (4,3,0.707015) (6,3,0.707199) (7,3,-0.707015) (3,4,-0.999985) (4,4,0.00541132) (9,4,0.999985) (10,4,-0.00541132) (6,5,0.00145488) (7,5,-0.999999) (9,5,-0.00145488) (10,5,0.999999) 
Q:
size: 6 6
(0,0,2) (1,0,0.00350309) (2,0,0.706853) (3,0,0.706334) (4,0,0.00445001) (0,1,0.00350309) (1,1,2) (2,1,0.709833) (3,1,0.7054) (5,1,-0.0010869) (0,2,0.706853) (1,2,0.709833) (2,2,2) (4,2,0.704208) (5,2,0.705141) (0,3,0.706334) (1,3,0.7054) (3,3,2) (4,3,0.711014) (5,3,0.708043) (0,4,0.00445001) (2,4,0.704208) (3,4,0.711014) (4,4,2) (5,4,-0.00686617) (1,5,-0.0010869) (2,5,0.705141) (3,5,0.708043) (4,5,-0.00686617) (5,5,2) 
Minv:
size: 12 12
(0,0,1) (1,1,1) (2,2,2) (3,3,1) (4,4,1) (5,5,2) (6,6,1) (7,7,1) (8,8,2) (9,9,1) (10,10,1) (11,11,2) 
v0:
size: 12 1
(0,0,0.672895) (1,0,-0.162475) (2,0,0) (3,0,0.39534) (4,0,-0.299387) (5,0,0) (6,0,-0.989329) (7,0,0.877245) (8,0,0) (9,0,0.219211) (10,0,-0.702363) (11,0,0) 
ipopt_sol:
size: 6 1
(0,0,2.44894e-07) (1,0,1.34743) (2,0,1.94127e-07) (3,0,0.88696) (4,0,3.22052e-07) (5,0,1.26809) 
policy_sol:
size: 6 1
(0,0,0) (1,0,1.34743) (2,0,0) (3,0,0.88696) (4,0,0) (5,0,1.26809) 

policy_converges:
1
ipopt_converges:
1
