solve status: 0
N:
size: 12 4
(0,0,0.00213621) (1,0,-0.999998) (3,0,-0.00213621) (4,0,0.999998) (0,1,-0.999981) (1,1,0.00620562) (6,1,0.999981) (7,1,-0.00620562) (3,2,-0.708264) (4,2,0.705948) (6,2,0.708264) (7,2,-0.705948) (3,3,-0.999977) (4,3,-0.00680382) (9,3,0.999977) (10,3,0.00680382) 
Q:
size: 4 4
(0,0,2) (1,0,-0.00834177) (2,0,0.707459) (3,0,-0.00466765) (0,1,-0.00834177) (1,1,2) (2,1,0.712631) (0,2,0.707459) (1,2,0.712631) (2,2,2) (3,2,0.703444) (0,3,-0.00466765) (2,3,0.703444) (3,3,2) 
Minv:
size: 12 12
(0,0,1) (1,1,1) (2,2,2) (3,3,1) (4,4,1) (5,5,2) (6,6,1) (7,7,1) (8,8,2) (9,9,1) (10,10,1) (11,11,2) 
v0:
size: 12 1
(0,0,0.423384) (1,0,-0.814903) (2,0,0) (3,0,0.630016) (4,0,-0.943873) (5,0,0) (6,0,-0.134559) (7,0,-0.330884) (8,0,0) (9,0,0.483761) (10,0,0.74691) (11,0,0) 
ipopt_sol:
size: 4 1
(0,0,2.38991e-07) (1,0,0.244883) (2,0,0.887003) (3,0,2.48425e-07) 
policy_sol:
size: 4 1
(0,0,0) (1,0,0.244882) (2,0,0.887003) (3,0,0) 

policy_converges:
1
ipopt_converges:
1
