solve status: 0
N:
size: 12 5
(0,0,0.00188923) (1,0,-0.999998) (3,0,-0.00188923) (4,0,0.999998) (0,1,-0.704232) (1,1,-0.709969) (9,1,0.704232) (10,1,0.709969) (3,2,-0.706892) (4,2,0.707321) (6,2,0.706892) (7,2,-0.707321) (3,3,-1) (4,3,-0.000985927) (9,3,1) (10,3,0.000985927) (6,4,0.00334612) (7,4,-0.999994) (9,4,-0.00334612) (10,4,0.999994) 
Q:
size: 5 5
(0,0,2) (1,0,0.708638) (2,0,0.708655) (3,0,0.000903304) (0,1,0.708638) (1,1,2) (3,1,0.704932) (4,1,0.707609) (0,2,0.708655) (2,2,2) (3,2,0.706195) (4,2,0.709682) (0,3,0.000903304) (1,3,0.704932) (2,3,0.706195) (3,3,2) (4,3,-0.00236019) (1,4,0.707609) (2,4,0.709682) (3,4,-0.00236019) (4,4,2) 
Minv:
size: 12 12
(0,0,1) (1,1,1) (2,2,2) (3,3,1) (4,4,1) (5,5,2) (6,6,1) (7,7,1) (8,8,2) (9,9,1) (10,10,1) (11,11,2) 
v0:
size: 12 1
(0,0,0.0098632) (1,0,-0.252424) (2,0,0) (3,0,0.637311) (4,0,-0.577647) (5,0,0) (6,0,0.0700245) (7,0,0.848169) (8,0,0) (9,0,-0.528575) (10,0,0.203382) (11,0,0) 
ipopt_sol:
size: 5 1
(0,0,1.21926e-06) (1,0,1.29498e-07) (2,0,1.02692) (3,0,0.802843) (4,0,0.279335) 
policy_sol:
size: 5 1
(0,0,0) (1,0,0) (2,0,1.02692) (3,0,0.802843) (4,0,0.279334) 

policy_converges:
1
ipopt_converges:
0
