solve status: 0
N:
size: 12 4
(0,0,-0.999975) (1,0,-0.00710086) (6,0,0.999975) (7,0,0.00710086) (0,1,-0.7069) (1,1,-0.707313) (9,1,0.7069) (10,1,0.707313) (3,2,-0.999999) (4,2,0.00119743) (9,2,0.999999) (10,2,-0.00119743) (6,3,0.00271337) (7,3,-0.999996) (9,3,-0.00271337) (10,3,0.999996) 
Q:
size: 4 4
(0,0,2) (1,0,0.711905) (3,0,-0.00438754) (0,1,0.711905) (1,1,2) (2,1,0.706053) (3,1,0.705392) (1,2,0.706053) (2,2,2) (3,2,-0.00391079) (0,3,-0.00438754) (1,3,0.705392) (2,3,-0.00391079) (3,3,2) 
Minv:
size: 12 12
(0,0,1) (1,1,1) (2,2,2) (3,3,1) (4,4,1) (5,5,2) (6,6,1) (7,7,1) (8,8,2) (9,9,1) (10,10,1) (11,11,2) 
v0:
size: 12 1
(0,0,0.705002) (1,0,-0.800193) (2,0,0) (3,0,0.749604) (4,0,0.595115) (5,0,0) (6,0,0.403925) (7,0,0.0101953) (8,0,0) (9,0,-0.652752) (10,0,-0.261655) (11,0,0) 
ipopt_sol:
size: 4 1
(0,0,0.295912) (1,0,3.77618e-07) (2,0,1.40186) (3,0,0.272372) 
policy_sol:
size: 4 1
(0,0,0.295912) (1,0,0) (2,0,1.40186) (3,0,0.272372) 

policy_converges:
1
ipopt_converges:
1
