solve status: 0
N:
size: 12 6
(0,0,-0.000214923) (1,0,-1) (3,0,0.000214923) (4,0,1) (0,1,-1) (1,1,-0.000591103) (6,1,1) (7,1,0.000591103) (0,2,-0.706689) (1,2,-0.707524) (9,2,0.706689) (10,2,0.707524) (3,3,-0.707064) (4,3,0.707149) (6,3,0.707064) (7,3,-0.707149) (3,4,-0.999996) (4,4,-0.00280465) (9,4,0.999996) (10,4,0.00280465) (6,5,-0.00211699) (7,5,-0.999998) (9,5,0.00211699) (10,5,0.999998) 
Q:
size: 6 6
(0,0,2) (1,0,0.000806026) (2,0,0.707676) (3,0,0.706997) (4,0,-0.00301958) (0,1,0.000806026) (1,1,2) (2,1,0.707107) (3,1,0.706646) (5,1,-0.00270809) (0,2,0.707676) (1,2,0.707107) (2,2,2) (4,2,0.708671) (5,2,0.709018) (0,3,0.706997) (1,3,0.706646) (3,3,2) (4,3,0.705078) (5,3,0.705651) (0,4,-0.00301958) (2,4,0.708671) (3,4,0.705078) (4,4,2) (5,4,0.00492163) (1,5,-0.00270809) (2,5,0.709018) (3,5,0.705651) (4,5,0.00492163) (5,5,2) 
Minv:
size: 12 12
(0,0,1) (1,1,1) (2,2,2) (3,3,1) (4,4,1) (5,5,2) (6,6,1) (7,7,1) (8,8,2) (9,9,1) (10,10,1) (11,11,2) 
v0:
size: 12 1
(0,0,0.605878) (1,0,0.474034) (2,0,0) (3,0,0.585777) (4,0,-0.520558) (5,0,0) (6,0,-0.316226) (7,0,0.893871) (8,0,0) (9,0,0.361526) (10,0,-0.796222) (11,0,0) 
ipopt_sol:
size: 6 1
(0,0,0.782093) (1,0,0.711415) (2,0,0.0154312) (3,0,0.584934) (4,0,0.0108928) (5,0,1.47774) 
policy_sol:
size: 6 1
(0,0,0.771175) (1,0,0.700507) (2,0,0.0308685) (3,0,0.600331) (4,0,0) (5,0,1.46685) 

policy_converges:
1
ipopt_converges:
0
