solve status: 0
N:
size: 12 2
(3,0,-0.705082) (4,0,0.709126) (6,0,0.705082) (7,0,-0.709126) (6,1,-0.000269615) (7,1,-1) (9,1,0.000269615) (10,1,1) 
Q:
size: 2 2
(0,0,2) (1,0,0.708935) (0,1,0.708935) (1,1,2) 
Minv:
size: 12 12
(0,0,1) (1,1,1) (2,2,2) (3,3,1) (4,4,1) (5,5,2) (6,6,1) (7,7,1) (8,8,2) (9,9,1) (10,10,1) (11,11,2) 
v0:
size: 12 1
(0,0,-0.880776) (1,0,-0.544156) (2,0,0) (3,0,-0.782694) (4,0,-0.268011) (5,0,0) (6,0,-0.265147) (7,0,0.587285) (8,0,0) (9,0,-0.218745) (10,0,-0.438223) (11,0,0) 
ipopt_sol:
size: 2 1
(0,0,3.63291e-07) (1,0,1.0255) 
policy_sol:
size: 2 1
(0,0,0) (1,0,1.0255) 

policy_converges:
1
ipopt_converges:
1
