solve status: 0
N:
size: 12 2
(0,0,-0.708757) (1,0,-0.705453) (9,0,0.708757) (10,0,0.705453) (6,1,-0.00134584) (7,1,-0.999999) (9,1,0.00134584) (10,1,0.999999) 
Q:
size: 2 2
(0,0,2) (1,0,0.706406) (0,1,0.706406) (1,1,2) 
Minv:
size: 12 12
(0,0,1) (1,1,1) (2,2,2) (3,3,1) (4,4,1) (5,5,2) (6,6,1) (7,7,1) (8,8,2) (9,9,1) (10,10,1) (11,11,2) 
v0:
size: 12 1
(0,0,0.707209) (1,0,0.145753) (2,0,0) (3,0,-0.257607) (4,0,0.41777) (5,0,0) (6,0,0.853094) (7,0,0.370414) (8,0,0) (9,0,0.0642184) (10,0,-0.867516) (11,0,0) 
ipopt_sol:
size: 2 1
(0,0,0.837389) (1,0,0.943223) 
policy_sol:
size: 2 1
(0,0,0.837389) (1,0,0.943223) 

policy_converges:
1
ipopt_converges:
1
