solve status: 0
N:
size: 12 1
(0,0,-0.999994) (1,0,0.00337362) (6,0,0.999994) (7,0,-0.00337362) 
Q:
size: 1 1
(0,0,2) 
Minv:
size: 12 12
(0,0,1) (1,1,1) (2,2,2) (3,3,1) (4,4,1) (5,5,2) (6,6,1) (7,7,1) (8,8,2) (9,9,1) (10,10,1) (11,11,2) 
v0:
size: 12 1
(0,0,0.667454) (1,0,-0.121188) (2,0,0) (3,0,-0.614615) (4,0,0.574609) (5,0,0) (6,0,-0.352049) (7,0,-0.14306) (8,0,0) (9,0,0.872337) (10,0,-0.132887) (11,0,0) 
ipopt_sol:
size: 1 1
(0,0,1.01942) 
policy_sol:
size: 1 1
(0,0,1.01942) 

policy_converges:
1
ipopt_converges:
1
