solve status: 0
N:
size: 12 4
(0,0,-0.704807) (1,0,-0.709399) (9,0,0.704807) (10,0,0.709399) (3,1,-0.707816) (4,1,0.706397) (6,1,0.707816) (7,1,-0.706397) (3,2,-0.999973) (4,2,-0.00740434) (9,2,0.999973) (10,2,0.00740434) (6,3,-0.00290853) (7,3,-0.999996) (9,3,0.00290853) (10,3,0.999996) 
Q:
size: 4 4
(0,0,2) (2,0,0.71004) (3,0,0.711446) (1,1,2) (2,1,0.702567) (3,1,0.704335) (0,2,0.71004) (1,2,0.702567) (2,2,2) (3,2,0.0103128) (0,3,0.711446) (1,3,0.704335) (2,3,0.0103128) (3,3,2) 
Minv:
size: 12 12
(0,0,1) (1,1,1) (2,2,2) (3,3,1) (4,4,1) (5,5,2) (6,6,1) (7,7,1) (8,8,2) (9,9,1) (10,10,1) (11,11,2) 
v0:
size: 12 1
(0,0,-0.31046) (1,0,-0.0987673) (2,0,0) (3,0,0.451442) (4,0,0.0821945) (5,0,0) (6,0,-0.195412) (7,0,0.430465) (8,0,0) (9,0,-0.239849) (10,0,-0.35478) (11,0,0) 
ipopt_sol:
size: 4 1
(0,0,1.27697e-07) (1,0,0.246722) (2,0,0.604252) (3,0,0.695369) 
policy_sol:
size: 4 1
(0,0,0) (1,0,0.246721) (2,0,0.604252) (3,0,0.695369) 

policy_converges:
1
ipopt_converges:
1
