solve status: 0
N:
size: 12 4
(0,0,-0.709569) (1,0,-0.704636) (9,0,0.709569) (10,0,0.704636) (3,1,-0.702605) (4,1,0.711581) (6,1,0.702605) (7,1,-0.711581) (3,2,-0.999963) (4,2,0.00855884) (9,2,0.999963) (10,2,-0.00855884) (6,3,-0.00501899) (7,3,-0.999987) (9,3,0.00501899) (10,3,0.999987) 
Q:
size: 4 4
(0,0,2) (2,0,0.703512) (3,0,0.708189) (1,1,2) (2,1,0.708669) (3,1,0.708045) (0,2,0.703512) (1,2,0.708669) (2,2,2) (3,2,-0.00353992) (0,3,0.708189) (1,3,0.708045) (2,3,-0.00353992) (3,3,2) 
Minv:
size: 12 12
(0,0,1) (1,1,1) (2,2,2) (3,3,1) (4,4,1) (5,5,2) (6,6,1) (7,7,1) (8,8,2) (9,9,1) (10,10,1) (11,11,2) 
v0:
size: 12 1
(0,0,-0.731) (1,0,-0.310173) (2,0,0) (3,0,0.512802) (4,0,0.895014) (5,0,0) (6,0,0.392173) (7,0,0.94236) (8,0,0) (9,0,-0.924987) (10,0,-0.80974) (11,0,0) 
ipopt_sol:
size: 4 1
(0,0,6.15092e-08) (1,0,3.49856e-08) (2,0,1.42626) (3,0,1.76121) 
policy_sol:
size: 4 1
(0,0,0) (1,0,0) (2,0,1.42626) (3,0,1.76121) 

policy_converges:
1
ipopt_converges:
1
