solve status: 0
N:
size: 12 6
(0,0,-0.000915634) (1,0,-1) (3,0,0.000915634) (4,0,1) (0,1,-0.999992) (1,1,0.00394773) (6,1,0.999992) (7,1,-0.00394773) (0,2,-0.71024) (1,2,-0.70396) (9,2,0.71024) (10,2,0.70396) (3,3,-0.708171) (4,3,0.706041) (6,3,0.708171) (7,3,-0.706041) (3,4,-0.999997) (4,4,0.00248534) (9,4,0.999997) (10,4,-0.00248534) (6,5,0.00151994) (7,5,-0.999999) (9,5,-0.00151994) (10,5,0.999999) 
Q:
size: 6 6
(0,0,2) (1,0,-0.0030321) (2,0,0.70461) (3,0,0.705393) (4,0,0.0015697) (0,1,-0.0030321) (1,1,2) (2,1,0.707455) (3,1,0.710952) (5,1,0.00546765) (0,2,0.70461) (1,2,0.707455) (2,2,2) (4,2,0.708488) (5,2,0.702879) (0,3,0.705393) (1,3,0.710952) (3,3,2) (4,3,0.709923) (5,3,0.707117) (0,4,0.0015697) (2,4,0.708488) (3,4,0.709923) (4,4,2) (5,4,-0.00400527) (1,5,0.00546765) (2,5,0.702879) (3,5,0.707117) (4,5,-0.00400527) (5,5,2) 
Minv:
size: 12 12
(0,0,1) (1,1,1) (2,2,2) (3,3,1) (4,4,1) (5,5,2) (6,6,1) (7,7,1) (8,8,2) (9,9,1) (10,10,1) (11,11,2) 
v0:
size: 12 1
(0,0,0.567214) (1,0,0.5602) (2,0,0) (3,0,-0.272737) (4,0,-0.787315) (5,0,0) (6,0,0.256531) (7,0,0.221314) (8,0,0) (9,0,-0.289777) (10,0,-0.00693993) (11,0,0) 
ipopt_sol:
size: 6 1
(0,0,1.1558) (1,0,0.117557) (2,0,0.546867) (3,0,3.57192e-07) (4,0,2.48835e-07) (5,0,0.0349121) 
policy_sol:
size: 6 1
(0,0,1.1558) (1,0,0.117557) (2,0,0.546868) (3,0,0) (4,0,0) (5,0,0.0349106) 

policy_converges:
1
ipopt_converges:
0
