solve status: 0
N:
size: 12 4
(0,0,0.00336716) (1,0,-0.999994) (3,0,-0.00336716) (4,0,0.999994) (0,1,-0.705856) (1,1,-0.708355) (9,1,0.705856) (10,1,0.708355) (3,2,-0.999977) (4,2,-0.00673929) (9,2,0.999977) (10,2,0.00673929) (6,3,0.00167655) (7,3,-0.999999) (9,3,-0.00167655) (10,3,0.999999) 
Q:
size: 4 4
(0,0,2) (1,0,0.705975) (2,0,-0.00337217) (0,1,0.705975) (1,1,2) (2,1,0.710614) (3,1,0.707171) (0,2,-0.00337217) (1,2,0.710614) (2,2,2) (3,2,0.00506277) (1,3,0.707171) (2,3,0.00506277) (3,3,2) 
Minv:
size: 12 12
(0,0,1) (1,1,1) (2,2,2) (3,3,1) (4,4,1) (5,5,2) (6,6,1) (7,7,1) (8,8,2) (9,9,1) (10,10,1) (11,11,2) 
v0:
size: 12 1
(0,0,0.276189) (1,0,-0.282678) (2,0,0) (3,0,-0.563922) (4,0,-0.347216) (5,0,0) (6,0,0.995332) (7,0,0.611694) (8,0,0) (9,0,-0.710033) (10,0,0.59153) (11,0,0) 
ipopt_sol:
size: 4 1
(0,0,0.06181) (1,0,0.000382672) (2,0,0.139707) (3,0,0.016818) 
policy_sol:
size: 4 1
(0,0,0.0619445) (1,0,0) (2,0,0.139842) (3,0,0.0169503) 

policy_converges:
1
ipopt_converges:
0
