solve status: 0
N:
size: 12 1
(0,0,-0.999997) (1,0,-0.00231737) (6,0,0.999997) (7,0,0.00231737) 
Q:
size: 1 1
(0,0,2) 
Minv:
size: 12 12
(0,0,1) (1,1,1) (2,2,2) (3,3,1) (4,4,1) (5,5,2) (6,6,1) (7,7,1) (8,8,2) (9,9,1) (10,10,1) (11,11,2) 
v0:
size: 12 1
(0,0,0.675881) (1,0,-0.80962) (2,0,0) (3,0,-0.59691) (4,0,0.413866) (5,0,0) (6,0,0.2206) (7,0,-0.453027) (8,0,0) (9,0,0.471952) (10,0,0.724622) (11,0,0) 
ipopt_sol:
size: 1 1
(0,0,0.454454) 
policy_sol:
size: 1 1
(0,0,0.454454) 

policy_converges:
1
ipopt_converges:
1
