solve status: 0
N:
size: 12 3
(0,0,0.00151433) (1,0,-0.999999) (3,0,-0.00151433) (4,0,0.999999) (0,1,-0.999999) (1,1,0.00155663) (6,1,0.999999) (7,1,-0.00155663) (0,2,-0.705951) (1,2,-0.708261) (9,2,0.705951) (10,2,0.708261) 
Q:
size: 3 3
(0,0,2) (1,0,-0.00307096) (2,0,0.707191) (0,1,-0.00307096) (1,1,2) (2,1,0.704847) (0,2,0.707191) (1,2,0.704847) (2,2,2) 
Minv:
size: 12 12
(0,0,1) (1,1,1) (2,2,2) (3,3,1) (4,4,1) (5,5,2) (6,6,1) (7,7,1) (8,8,2) (9,9,1) (10,10,1) (11,11,2) 
v0:
size: 12 1
(0,0,0.7162) (1,0,0.93121) (2,0,0) (3,0,-0.386603) (4,0,0.822765) (5,0,0) (6,0,0.513395) (7,0,-0.872) (8,0,0) (9,0,0.911265) (10,0,0.19212) (11,0,0) 
ipopt_sol:
size: 3 1
(0,0,3.21152e-06) (1,0,0.0731307) (2,0,0.359989) 
policy_sol:
size: 3 1
(0,0,0) (1,0,0.0731296) (2,0,0.35999) 

policy_converges:
1
ipopt_converges:
0
