solve status: 0
N:
size: 12 3
(0,0,-0.00334954) (1,0,-0.999994) (3,0,0.00334954) (4,0,0.999994) (0,1,-1) (1,1,0.00014648) (6,1,1) (7,1,-0.00014648) (0,2,-0.708607) (1,2,-0.705603) (9,2,0.708607) (10,2,0.705603) 
Q:
size: 3 3
(0,0,2) (1,0,0.00320306) (2,0,0.707972) (0,1,0.00320306) (1,1,2) (2,1,0.708504) (0,2,0.707972) (1,2,0.708504) (2,2,2) 
Minv:
size: 12 12
(0,0,1) (1,1,1) (2,2,2) (3,3,1) (4,4,1) (5,5,2) (6,6,1) (7,7,1) (8,8,2) (9,9,1) (10,10,1) (11,11,2) 
v0:
size: 12 1
(0,0,0.276587) (1,0,0.788563) (2,0,0) (3,0,0.270614) (4,0,0.148476) (5,0,0) (6,0,-0.534601) (7,0,-0.909581) (8,0,0) (9,0,0.285328) (10,0,0.400119) (11,0,0) 
ipopt_sol:
size: 3 1
(0,0,0.638807) (1,0,0.809916) (2,0,1.75613e-07) 
policy_sol:
size: 3 1
(0,0,0.638807) (1,0,0.809916) (2,0,0) 

policy_converges:
1
ipopt_converges:
1
