solve status: 0
N:
size: 12 5
(0,0,-0.00181569) (1,0,-0.999998) (3,0,0.00181569) (4,0,0.999998) (0,1,-0.709484) (1,1,-0.704722) (9,1,0.709484) (10,1,0.704722) (3,2,-0.70905) (4,2,0.705158) (6,2,0.70905) (7,2,-0.705158) (3,3,-0.999999) (4,3,-0.00114106) (9,3,0.999999) (10,3,0.00114106) (6,4,0.000137094) (7,4,-1) (9,4,-0.000137094) (10,4,1) 
Q:
size: 5 5
(0,0,2) (1,0,0.706009) (2,0,0.70387) (3,0,-0.00295675) (0,1,0.706009) (1,1,2) (3,1,0.710288) (4,1,0.704624) (0,2,0.70387) (2,2,2) (3,2,0.708245) (4,2,0.705255) (0,3,-0.00295675) (1,3,0.710288) (2,3,0.708245) (3,3,2) (4,3,0.00100397) (1,4,0.704624) (2,4,0.705255) (3,4,0.00100397) (4,4,2) 
Minv:
size: 12 12
(0,0,1) (1,1,1) (2,2,2) (3,3,1) (4,4,1) (5,5,2) (6,6,1) (7,7,1) (8,8,2) (9,9,1) (10,10,1) (11,11,2) 
v0:
size: 12 1
(0,0,-0.219673) (1,0,0.220094) (2,0,0) (3,0,0.782089) (4,0,0.207419) (5,0,0) (6,0,0.249877) (7,0,0.251405) (8,0,0) (9,0,0.121855) (10,0,-0.890101) (11,0,0) 
ipopt_sol:
size: 5 1
(0,0,0.0118382) (1,0,4.45406e-07) (2,0,1.86551e-07) (3,0,0.66093) (4,0,1.14116) 
policy_sol:
size: 5 1
(0,0,0.0118329) (1,0,0) (2,0,0) (3,0,0.66093) (4,0,1.14116) 

policy_converges:
1
ipopt_converges:
0
