solve status: 0
N:
size: 12 3
(0,0,-0.999995) (1,0,0.00327943) (6,0,0.999995) (7,0,-0.00327943) (0,1,-0.705696) (1,1,-0.708515) (9,1,0.705696) (10,1,0.708515) (3,2,-1) (4,2,0.000279096) (9,2,1) (10,2,-0.000279096) 
Q:
size: 3 3
(0,0,2) (1,0,0.703368) (0,1,0.703368) (1,1,2) (2,1,0.705498) (1,2,0.705498) (2,2,2) 
Minv:
size: 12 12
(0,0,1) (1,1,1) (2,2,2) (3,3,1) (4,4,1) (5,5,2) (6,6,1) (7,7,1) (8,8,2) (9,9,1) (10,10,1) (11,11,2) 
v0:
size: 12 1
(0,0,0.487854) (1,0,0.451305) (2,0,0) (3,0,0.494555) (4,0,0.963969) (5,0,0) (6,0,-0.184783) (7,0,-0.568072) (8,0,0) (9,0,-0.627904) (10,0,-0.393807) (11,0,0) 
ipopt_sol:
size: 3 1
(0,0,0.316165) (1,0,1.0041) (2,0,0.767886) 
policy_sol:
size: 3 1
(0,0,0.316165) (1,0,1.0041) (2,0,0.767885) 

policy_converges:
1
ipopt_converges:
1
