solve status: 0
N:
size: 12 2
(0,0,-0.706316) (1,0,-0.707897) (9,0,0.706316) (10,0,0.707897) (6,1,0.00122781) (7,1,-0.999999) (9,1,-0.00122781) (10,1,0.999999) 
Q:
size: 2 2
(0,0,2) (1,0,0.707029) (0,1,0.707029) (1,1,2) 
Minv:
size: 12 12
(0,0,1) (1,1,1) (2,2,2) (3,3,1) (4,4,1) (5,5,2) (6,6,1) (7,7,1) (8,8,2) (9,9,1) (10,10,1) (11,11,2) 
v0:
size: 12 1
(0,0,0.901174) (1,0,0.268773) (2,0,0) (3,0,-0.0226967) (4,0,0.391774) (5,0,0) (6,0,0.976774) (7,0,0.521634) (8,0,0) (9,0,0.432066) (10,0,0.148642) (11,0,0) 
ipopt_sol:
size: 2 1
(0,0,0.325427) (1,0,0.25728) 
policy_sol:
size: 2 1
(0,0,0.325427) (1,0,0.25728) 

policy_converges:
1
ipopt_converges:
1
