solve status: 0
N:
size: 12 6
(0,0,-0.00550175) (1,0,-0.999985) (3,0,0.00550175) (4,0,0.999985) (0,1,-0.999999) (1,1,0.001135) (6,1,0.999999) (7,1,-0.001135) (0,2,-0.705554) (1,2,-0.708656) (9,2,0.705554) (10,2,0.708656) (3,3,-0.705673) (4,3,0.708538) (6,3,0.705673) (7,3,-0.708538) (3,4,-0.999999) (4,4,-0.0014059) (9,4,0.999999) (10,4,0.0014059) (6,5,0.00556722) (7,5,-0.999985) (9,5,-0.00556722) (10,5,0.999985) 
Q:
size: 6 6
(0,0,2) (1,0,0.00436676) (2,0,0.712527) (3,0,0.704645) (4,0,-0.00690762) (0,1,0.00436676) (1,1,2) (2,1,0.704749) (3,1,0.706477) (5,1,0.00670221) (0,2,0.712527) (1,2,0.704749) (2,2,2) (4,2,0.70655) (5,2,0.704717) (0,3,0.704645) (1,3,0.706477) (3,3,2) (4,3,0.704676) (5,3,0.712455) (0,4,-0.00690762) (2,4,0.70655) (3,4,0.704676) (4,4,2) (5,4,-0.00416134) (1,5,0.00670221) (2,5,0.704717) (3,5,0.712455) (4,5,-0.00416134) (5,5,2) 
Minv:
size: 12 12
(0,0,1) (1,1,1) (2,2,2) (3,3,1) (4,4,1) (5,5,2) (6,6,1) (7,7,1) (8,8,2) (9,9,1) (10,10,1) (11,11,2) 
v0:
size: 12 1
(0,0,0.482316) (1,0,-0.29619) (2,0,0) (3,0,0.00686747) (4,0,-0.893232) (5,0,0) (6,0,-0.866552) (7,0,0.325747) (8,0,0) (9,0,-0.826392) (10,0,-0.791712) (11,0,0) 
ipopt_sol:
size: 6 1
(0,0,0.168407) (1,0,0.917592) (2,0,0.506749) (3,0,0.709875) (4,0,0.405984) (5,0,0.684001) 
policy_sol:
size: 6 1
(0,0,0.111847) (1,0,0.861655) (2,0,0.586471) (3,0,0.789588) (4,0,0.349421) (5,0,0.627584) 

policy_converges:
1
ipopt_converges:
1
