solve status: 0
N:
size: 12 1
(0,0,-1) (1,0,-0.000248418) (6,0,1) (7,0,0.000248418) 
Q:
size: 1 1
(0,0,2) 
Minv:
size: 12 12
(0,0,1) (1,1,1) (2,2,2) (3,3,1) (4,4,1) (5,5,2) (6,6,1) (7,7,1) (8,8,2) (9,9,1) (10,10,1) (11,11,2) 
v0:
size: 12 1
(0,0,0.891627) (1,0,-0.171546) (2,0,0) (3,0,-0.885768) (4,0,-0.0273284) (5,0,0) (6,0,-0.259304) (7,0,-0.130144) (8,0,0) (9,0,0.190962) (10,0,0.600744) (11,0,0) 
ipopt_sol:
size: 1 1
(0,0,1.15092) 
policy_sol:
size: 1 1
(0,0,1.15092) 

policy_converges:
1
ipopt_converges:
1
