solve status: 0
N:
size: 12 2
(3,0,-0.707774) (4,0,0.706439) (6,0,0.707774) (7,0,-0.706439) (6,1,-0.00268432) (7,1,-0.999996) (9,1,0.00268432) (10,1,0.999996) 
Q:
size: 2 2
(0,0,2) (1,0,0.704537) (0,1,0.704537) (1,1,2) 
Minv:
size: 12 12
(0,0,1) (1,1,1) (2,2,2) (3,3,1) (4,4,1) (5,5,2) (6,6,1) (7,7,1) (8,8,2) (9,9,1) (10,10,1) (11,11,2) 
v0:
size: 12 1
(0,0,-0.856404) (1,0,-0.810138) (2,0,0) (3,0,0.287802) (4,0,-0.131533) (5,0,0) (6,0,-0.407532) (7,0,0.211847) (8,0,0) (9,0,0.413749) (10,0,-0.3679) (11,0,0) 
ipopt_sol:
size: 2 1
(0,0,0.606534) (1,0,0.363878) 
policy_sol:
size: 2 1
(0,0,0.606534) (1,0,0.363878) 

policy_converges:
1
ipopt_converges:
1
