solve status: 0
N:
size: 12 5
(0,0,0.000171903) (1,0,-1) (3,0,-0.000171903) (4,0,1) (0,1,-0.999994) (1,1,-0.003358) (6,1,0.999994) (7,1,0.003358) (0,2,-0.70806) (1,2,-0.706152) (9,2,0.70806) (10,2,0.706152) (3,3,-0.709129) (4,3,0.705079) (6,3,0.709129) (7,3,-0.705079) (3,4,-0.999989) (4,4,0.00468083) (9,4,0.999989) (10,4,-0.00468083) 
Q:
size: 5 5
(0,0,2) (1,0,0.0031861) (2,0,0.70603) (3,0,0.705201) (4,0,0.00485273) (0,1,0.0031861) (1,1,2) (2,1,0.710428) (3,1,0.706757) (0,2,0.70603) (1,2,0.710428) (2,2,2) (4,2,0.704747) (0,3,0.705201) (1,3,0.706757) (3,3,2) (4,3,0.712422) (0,4,0.00485273) (2,4,0.704747) (3,4,0.712422) (4,4,2) 
Minv:
size: 12 12
(0,0,1) (1,1,1) (2,2,2) (3,3,1) (4,4,1) (5,5,2) (6,6,1) (7,7,1) (8,8,2) (9,9,1) (10,10,1) (11,11,2) 
v0:
size: 12 1
(0,0,0.54059) (1,0,0.461551) (2,0,0) (3,0,0.558121) (4,0,-0.533514) (5,0,0) (6,0,-0.056965) (7,0,-0.10357) (8,0,0) (9,0,-0.245142) (10,0,0.200826) (11,0,0) 
ipopt_sol:
size: 5 1
(0,0,0.992163) (1,0,0.597869) (2,0,4.20824e-07) (3,0,4.09997e-07) (4,0,0.804283) 
policy_sol:
size: 5 1
(0,0,0.992164) (1,0,0.597869) (2,0,0) (3,0,0) (4,0,0.804283) 

policy_converges:
1
ipopt_converges:
1
