solve status: 0
N:
size: 12 2
(3,0,-0.99999) (4,0,0.00443554) (9,0,0.99999) (10,0,-0.00443554) (6,1,-0.00198964) (7,1,-0.999998) (9,1,0.00198964) (10,1,0.999998) 
Q:
size: 2 2
(0,0,2) (1,0,-0.0024459) (0,1,-0.0024459) (1,1,2) 
Minv:
size: 12 12
(0,0,1) (1,1,1) (2,2,2) (3,3,1) (4,4,1) (5,5,2) (6,6,1) (7,7,1) (8,8,2) (9,9,1) (10,10,1) (11,11,2) 
v0:
size: 12 1
(0,0,-0.856864) (1,0,0.338789) (2,0,0) (3,0,-0.154571) (4,0,0.914218) (5,0,0) (6,0,-0.5902) (7,0,0.0889104) (8,0,0) (9,0,-0.434021) (10,0,-0.0458196) (11,0,0) 
ipopt_sol:
size: 2 1
(0,0,0.275354) (1,0,0.134756) 
policy_sol:
size: 2 1
(0,0,0.275354) (1,0,0.134756) 

policy_converges:
1
ipopt_converges:
1
