solve status: 0
N:
size: 12 4
(0,0,-0.999958) (1,0,0.00915086) (6,0,0.999958) (7,0,-0.00915086) (0,1,-0.707545) (1,1,-0.706668) (9,1,0.707545) (10,1,0.706668) (3,2,-0.706778) (4,2,0.707435) (6,2,0.706778) (7,2,-0.707435) (3,3,-0.999993) (4,3,-0.00381598) (9,3,0.999993) (10,3,0.00381598) 
Q:
size: 4 4
(0,0,2) (1,0,0.701049) (2,0,0.713222) (0,1,0.701049) (1,1,2) (3,1,0.710237) (0,2,0.713222) (2,2,2) (3,2,0.704073) (1,3,0.710237) (2,3,0.704073) (3,3,2) 
Minv:
size: 12 12
(0,0,1) (1,1,1) (2,2,2) (3,3,1) (4,4,1) (5,5,2) (6,6,1) (7,7,1) (8,8,2) (9,9,1) (10,10,1) (11,11,2) 
v0:
size: 12 1
(0,0,0.999385) (1,0,-0.581956) (2,0,0) (3,0,0.984233) (4,0,-0.296733) (5,0,0) (6,0,-0.9315) (7,0,-0.765804) (8,0,0) (9,0,-0.248104) (10,0,-0.0880298) (11,0,0) 
ipopt_sol:
size: 4 1
(0,0,1.92912) (1,0,6.8377e-08) (2,0,4.48315e-07) (3,0,1.23153) 
policy_sol:
size: 4 1
(0,0,1.92912) (1,0,0) (2,0,0) (3,0,1.23153) 

policy_converges:
1
ipopt_converges:
1
