solve status: 0
N:
size: 12 6
(0,0,0.00667859) (1,0,-0.999978) (3,0,-0.00667859) (4,0,0.999978) (0,1,-0.999986) (1,1,0.00524442) (6,1,0.999986) (7,1,-0.00524442) (0,2,-0.707446) (1,2,-0.706768) (9,2,0.707446) (10,2,0.706768) (3,3,-0.704853) (4,3,0.709353) (6,3,0.704853) (7,3,-0.709353) (3,4,-0.999967) (4,4,0.00814619) (9,4,0.999967) (10,4,-0.00814619) (6,5,-0.000664454) (7,5,-1) (9,5,0.000664454) (10,5,1) 
Q:
size: 6 6
(0,0,2) (1,0,-0.0119228) (2,0,0.702027) (3,0,0.714045) (4,0,0.0148244) (0,1,-0.0119228) (1,1,2) (2,1,0.70373) (3,1,0.708563) (5,1,0.00457997) (0,2,0.702027) (1,2,0.70373) (2,2,2) (4,2,0.701665) (5,2,0.707237) (0,3,0.714045) (1,3,0.708563) (3,3,2) (4,3,0.710608) (5,3,0.708885) (0,4,0.0148244) (2,4,0.701665) (3,4,0.710608) (4,4,2) (5,4,-0.00748176) (1,5,0.00457997) (2,5,0.707237) (3,5,0.708885) (4,5,-0.00748176) (5,5,2) 
Minv:
size: 12 12
(0,0,1) (1,1,1) (2,2,2) (3,3,1) (4,4,1) (5,5,2) (6,6,1) (7,7,1) (8,8,2) (9,9,1) (10,10,1) (11,11,2) 
v0:
size: 12 1
(0,0,0.764995) (1,0,0.534754) (2,0,0) (3,0,0.242726) (4,0,-0.93916) (5,0,0) (6,0,0.532757) (7,0,0.942326) (8,0,0) (9,0,-0.720166) (10,0,0.0495916) (11,0,0) 
ipopt_sol:
size: 6 1
(0,0,1.28902) (1,0,0.0644713) (2,0,0.387312) (3,0,0.111934) (4,0,0.7884) (5,0,0.719734) 
policy_sol:
size: 6 1
(0,0,1.2247) (1,0,0) (2,0,0.477836) (3,0,0.203338) (4,0,0.724401) (5,0,0.655234) 

policy_converges:
1
ipopt_converges:
0
