solve status: 0
N:
size: 12 4
(0,0,-0.999993) (1,0,0.0038447) (6,0,0.999993) (7,0,-0.0038447) (3,1,-0.704443) (4,1,0.70976) (6,1,0.704443) (7,1,-0.70976) (3,2,-0.999996) (4,2,0.00282906) (9,2,0.999996) (10,2,-0.00282906) (6,3,-0.0037597) (7,3,-0.999993) (9,3,0.0037597) (10,3,0.999993) 
Q:
size: 4 4
(0,0,2) (1,0,0.707167) (3,0,8.50004e-05) (0,1,0.707167) (1,1,2) (2,1,0.706448) (3,1,0.707107) (1,2,0.706448) (2,2,2) (3,2,0.000930647) (0,3,8.50004e-05) (1,3,0.707107) (2,3,0.000930647) (3,3,2) 
Minv:
size: 12 12
(0,0,1) (1,1,1) (2,2,2) (3,3,1) (4,4,1) (5,5,2) (6,6,1) (7,7,1) (8,8,2) (9,9,1) (10,10,1) (11,11,2) 
v0:
size: 12 1
(0,0,-0.315859) (1,0,-0.94866) (2,0,0) (3,0,0.266891) (4,0,-0.828355) (5,0,0) (6,0,-0.794803) (7,0,0.246584) (8,0,0) (9,0,-0.272493) (10,0,-0.485241) (11,0,0) 
ipopt_sol:
size: 4 1
(0,0,1.13831e-05) (1,0,1.41554) (2,0,0.0402443) (3,0,0.22937) 
policy_sol:
size: 4 1
(0,0,0) (1,0,1.41554) (2,0,0.0402409) (3,0,0.229367) 

policy_converges:
1
ipopt_converges:
0
