solve status: 0
N:
size: 12 2
(0,0,-0.711293) (1,0,-0.702895) (9,0,0.711293) (10,0,0.702895) (3,1,-0.999978) (4,1,0.00669749) (9,1,0.999978) (10,1,-0.00669749) 
Q:
size: 2 2
(0,0,2) (1,0,0.70657) (0,1,0.70657) (1,1,2) 
Minv:
size: 12 12
(0,0,1) (1,1,1) (2,2,2) (3,3,1) (4,4,1) (5,5,2) (6,6,1) (7,7,1) (8,8,2) (9,9,1) (10,10,1) (11,11,2) 
v0:
size: 12 1
(0,0,0.535097) (1,0,0.385873) (2,0,0) (3,0,0.445389) (4,0,0.598608) (5,0,0) (6,0,0.956663) (7,0,0.286222) (8,0,0) (9,0,-0.818534) (10,0,0.956969) (11,0,0) 
ipopt_sol:
size: 2 1
(0,0,0.130309) (1,0,1.22026) 
policy_sol:
size: 2 1
(0,0,0.130309) (1,0,1.22026) 

policy_converges:
1
ipopt_converges:
1
