solve status: 0
N:
size: 12 5
(0,0,0.00114149) (1,0,-0.999999) (3,0,-0.00114149) (4,0,0.999999) (0,1,-0.999973) (1,1,0.00731143) (6,1,0.999973) (7,1,-0.00731143) (0,2,-0.70546) (1,2,-0.70875) (9,2,0.70546) (10,2,0.70875) (3,3,-0.705093) (4,3,0.709114) (6,3,0.705093) (7,3,-0.709114) (6,4,-0.000613602) (7,4,-1) (9,4,0.000613602) (10,4,1) 
Q:
size: 5 5
(0,0,2) (1,0,-0.00845289) (2,0,0.707944) (3,0,0.709919) (0,1,-0.00845289) (1,1,2) (2,1,0.700259) (3,1,0.710259) (4,1,0.00669784) (0,2,0.707944) (1,2,0.700259) (2,2,2) (4,2,0.709182) (0,3,0.709919) (1,3,0.710259) (3,3,2) (4,3,0.708682) (1,4,0.00669784) (2,4,0.709182) (3,4,0.708682) (4,4,2) 
Minv:
size: 12 12
(0,0,1) (1,1,1) (2,2,2) (3,3,1) (4,4,1) (5,5,2) (6,6,1) (7,7,1) (8,8,2) (9,9,1) (10,10,1) (11,11,2) 
v0:
size: 12 1
(0,0,0.621096) (1,0,0.573524) (2,0,0) (3,0,-0.607067) (4,0,0.431329) (5,0,0) (6,0,-0.847284) (7,0,0.21767) (8,0,0) (9,0,0.903683) (10,0,-0.640337) (11,0,0) 
ipopt_sol:
size: 5 1
(0,0,0.146978) (1,0,1.46351) (2,0,2.12078e-07) (3,0,4.31104e-08) (4,0,0.852031) 
policy_sol:
size: 5 1
(0,0,0.146978) (1,0,1.46351) (2,0,0) (3,0,0) (4,0,0.852031) 

policy_converges:
1
ipopt_converges:
1
