solve status: 0
N:
size: 12 2
(0,0,0.00383014) (1,0,-0.999993) (3,0,-0.00383014) (4,0,0.999993) (3,1,-0.707727) (4,1,0.706486) (6,1,0.707727) (7,1,-0.706486) 
Q:
size: 2 2
(0,0,2) (1,0,0.709191) (0,1,0.709191) (1,1,2) 
Minv:
size: 12 12
(0,0,1) (1,1,1) (2,2,2) (3,3,1) (4,4,1) (5,5,2) (6,6,1) (7,7,1) (8,8,2) (9,9,1) (10,10,1) (11,11,2) 
v0:
size: 12 1
(0,0,-0.888693) (1,0,0.606411) (2,0,0) (3,0,0.533855) (4,0,-0.795876) (5,0,0) (6,0,-0.466507) (7,0,-0.589143) (8,0,0) (9,0,0.886603) (10,0,0.192997) (11,0,0) 
ipopt_sol:
size: 2 1
(0,0,1.2638) (1,0,0.405901) 
policy_sol:
size: 2 1
(0,0,1.2638) (1,0,0.405901) 

policy_converges:
1
ipopt_converges:
1
