solve status: 0
N:
size: 12 3
(0,0,-0.999997) (1,0,0.00258772) (6,0,0.999997) (7,0,-0.00258772) (3,1,-0.703654) (4,1,0.710543) (6,1,0.703654) (7,1,-0.710543) (3,2,-0.999999) (4,2,-0.00147061) (9,2,0.999999) (10,2,0.00147061) 
Q:
size: 3 3
(0,0,2) (1,0,0.70549) (0,1,0.70549) (1,1,2) (2,1,0.702608) (1,2,0.702608) (2,2,2) 
Minv:
size: 12 12
(0,0,1) (1,1,1) (2,2,2) (3,3,1) (4,4,1) (5,5,2) (6,6,1) (7,7,1) (8,8,2) (9,9,1) (10,10,1) (11,11,2) 
v0:
size: 12 1
(0,0,-0.235357) (1,0,-0.93089) (2,0,0) (3,0,0.152064) (4,0,-0.746936) (5,0,0) (6,0,-0.523322) (7,0,-0.646147) (8,0,0) (9,0,0.143393) (10,0,0.299852) (11,0,0) 
ipopt_sol:
size: 3 1
(0,0,0.109416) (1,0,0.508256) (2,0,2.55684e-07) 
policy_sol:
size: 3 1
(0,0,0.109415) (1,0,0.508257) (2,0,0) 

policy_converges:
1
ipopt_converges:
1
