solve status: 0
N:
size: 12 3
(0,0,-0.999985) (1,0,-0.00538686) (6,0,0.999985) (7,0,0.00538686) (3,1,-0.707925) (4,1,0.706287) (6,1,0.707925) (7,1,-0.706287) (3,2,-0.999991) (4,2,-0.00432953) (9,2,0.999991) (10,2,0.00432953) 
Q:
size: 3 3
(0,0,2) (1,0,0.70411) (0,1,0.70411) (1,1,2) (2,1,0.704861) (1,2,0.704861) (2,2,2) 
Minv:
size: 12 12
(0,0,1) (1,1,1) (2,2,2) (3,3,1) (4,4,1) (5,5,2) (6,6,1) (7,7,1) (8,8,2) (9,9,1) (10,10,1) (11,11,2) 
v0:
size: 12 1
(0,0,-0.08591) (1,0,-0.356684) (2,0,0) (3,0,0.653627) (4,0,-0.0694672) (5,0,0) (6,0,-0.743159) (7,0,0.234583) (8,0,0) (9,0,-0.45327) (10,0,0.355958) (11,0,0) 
ipopt_sol:
size: 3 1
(0,0,0.380664) (1,0,0.776554) (2,0,0.831363) 
policy_sol:
size: 3 1
(0,0,0.380664) (1,0,0.776554) (2,0,0.831363) 

policy_converges:
1
ipopt_converges:
1
