solve status: 0
N:
size: 27 8
(0,0,0.002606417825) (1,0,-0.999996603287) (3,0,-0.002606417825) (4,0,0.999996603287) (9,1,0.002090193882) (10,1,-0.999997815542) (15,1,-0.002090193882) (16,1,0.999997815542) (9,2,-0.705643335036) (10,2,-0.708567204801) (21,2,0.705643335036) (22,2,0.708567204801) (12,3,-0.002869805368) (13,3,-0.999995882100) (15,3,0.002869805368) (16,3,0.999995882100) (12,4,-0.999988455565) (13,4,-0.004805073992) (21,4,0.999988455565) (22,4,0.004805073992) (12,5,-0.707523201993) (13,5,-0.706690115002) (24,5,0.707523201993) (25,5,0.706690115002) (18,6,-0.005054235212) (19,6,-0.999987227272) (21,6,0.005054235212) (22,6,0.999987227272) (18,7,0.001671326490) (19,7,-0.999998603333) (24,7,-0.001671326490) (25,7,0.999998603333) 
Q:
size: 8 8
(0,0,2.000000000000) (1,1,2.000000000000) (2,1,0.707090725585) (3,1,0.999987699202) (1,2,0.707090725585) (2,2,2.000000000000) (4,2,0.709039906629) (6,2,0.712124641856) (1,3,0.999987699202) (3,3,2.000000000000) (4,3,0.007674826443) (5,3,0.708717658806) (2,4,0.709039906629) (3,4,0.007674826443) (4,4,2.000000000000) (5,4,0.710910732329) (6,4,0.009859189481) (3,5,0.708717658806) (4,5,0.710910732329) (5,5,2.000000000000) (7,5,0.705506625721) (2,6,0.712124641856) (4,6,0.009859189481) (6,6,2.000000000000) (7,6,0.999977383345) (5,7,0.705506625721) (6,7,0.999977383345) (7,7,2.000000000000) 
Minv:
size: 27 27
(0,0,1.000000000000) (1,1,1.000000000000) (2,2,2.000000000000) (3,3,1.000000000000) (4,4,1.000000000000) (5,5,2.000000000000) (6,6,1.000000000000) (7,7,1.000000000000) (8,8,2.000000000000) (9,9,1.000000000000) (10,10,1.000000000000) (11,11,2.000000000000) (12,12,1.000000000000) (13,13,1.000000000000) (14,14,2.000000000000) (15,15,1.000000000000) (16,16,1.000000000000) (17,17,2.000000000000) (18,18,1.000000000000) (19,19,1.000000000000) (20,20,2.000000000000) (21,21,1.000000000000) (22,22,1.000000000000) (23,23,2.000000000000) (24,24,1.000000000000) (25,25,1.000000000000) (26,26,2.000000000000) 
v0:
size: 27 1
(0,0,-0.609678228020) (1,0,0.698753476838) (2,0,0.000000000000) (3,0,-0.982950232196) (4,0,-0.549209644234) (5,0,0.000000000000) (6,0,-0.346106850805) (7,0,0.686140574882) (8,0,0.000000000000) (9,0,-0.106238681157) (10,0,0.153540845237) (11,0,0.000000000000) (12,0,0.495251748863) (13,0,0.449754618307) (14,0,0.000000000000) (15,0,0.199510558878) (16,0,-0.496771813062) (17,0,0.000000000000) (18,0,0.016623312368) (19,0,-0.705553351885) (20,0,0.000000000000) (21,0,0.401711819515) (22,0,-0.749635068451) (23,0,0.000000000000) (24,0,0.772347111430) (25,0,-0.712917589002) (26,0,0.000000000000) 
ipopt_sol:
size: 8 1
(0,0,1.246985979295) (1,0,0.231661318549) (2,0,0.199626169470) (3,0,0.697432754685) (4,0,0.000000000000) (5,0,0.378456110256) (6,0,0.000000000000) (7,0,0.000000000000) 
policy_sol:
size: 8 1
(0,0,1.246985979295) (1,0,0.231661320413) (2,0,0.199626161707) (3,0,0.697432756445) (4,0,0.000000000000) (5,0,0.378456102551) (6,0,0.000000000000) (7,0,0.000000000000) 

policy_converges:
1
ipopt_converges:
0
