solve status: 0
N:
size: 27 15
(0,0,0.003260554205) (1,0,-0.999994684379) (3,0,-0.003260554205) (4,0,0.999994684379) (0,1,0.001053049603) (1,1,-0.999999445543) (6,1,-0.001053049603) (7,1,0.999999445543) (0,2,-0.999988407465) (1,2,0.004815073747) (9,2,0.999988407465) (10,2,-0.004815073747) (0,3,-0.999999087863) (1,3,0.001350656918) (18,3,0.999999087863) (19,3,-0.001350656918) (3,4,-0.001163330713) (4,4,-0.999999323331) (6,4,0.001163330713) (7,4,0.999999323331) (3,5,-0.706582494467) (4,5,0.707630679460) (9,5,0.706582494467) (10,5,-0.707630679460) (3,6,-0.708899413659) (4,6,-0.705309592529) (15,6,0.708899413659) (16,6,0.705309592529) (3,7,-0.999998895482) (4,7,-0.001486281937) (21,7,0.999998895482) (22,7,0.001486281937) (9,8,-0.000370332790) (10,8,-0.999999931427) (15,8,0.000370332790) (16,8,0.999999931427) (9,9,-0.706339588369) (10,9,-0.707873142521) (21,9,0.706339588369) (22,9,0.707873142521) (12,10,-0.000563877739) (13,10,-0.999999841021) (15,10,0.000563877739) (16,10,0.999999841021) (12,11,-0.999999871613) (13,11,-0.000506728204) (21,11,0.999999871613) (22,11,0.000506728204) (12,12,-0.711006338572) (13,12,-0.703185598907) (24,12,0.711006338572) (25,12,0.703185598907) (15,13,-0.710236978607) (16,13,0.703962665359) (21,13,0.710236978607) (22,13,-0.703962665359) (21,14,0.000716438481) (22,14,-0.999999743358) (24,14,-0.000716438481) (25,14,0.999999743358) 
Q:
size: 15 15
(0,0,2.000000000000) (1,0,0.999997563450) (2,0,-0.008075564559) (3,0,-0.004611200969) (4,0,-0.999990214610) (5,0,0.709930768487) (6,0,-0.702994438406) (7,0,0.001774276567) (0,1,0.999997563450) (1,1,2.000000000000) (2,1,-0.005868108473) (3,1,-0.002403704811) (4,1,0.999997543829) (0,2,-0.008075564559) (1,2,-0.005868108473) (2,2,2.000000000000) (3,2,0.999993998851) (5,2,0.709981597292) (8,2,0.004444744920) (9,2,-0.702922938718) (0,3,-0.004611200969) (1,3,-0.002403704811) (2,3,0.999993998851) (3,3,2.000000000000) (0,4,-0.999990214610) (1,4,0.999997543829) (4,4,2.000000000000) (5,4,-0.706808211510) (6,4,0.706133799728) (7,4,0.002649610360) (0,5,0.709930768487) (2,5,0.709981597292) (4,5,-0.706808211510) (5,5,2.000000000000) (6,5,0.001797209839) (7,5,0.705529975337) (8,5,0.707368960269) (9,5,0.001825564522) (0,6,-0.702994438406) (4,6,0.706133799728) (5,6,0.001797209839) (6,6,2.000000000000) (7,6,0.709946919575) (8,6,0.705572072861) (10,6,0.705709212998) (13,6,-0.006974957034) (0,7,0.001774276567) (4,7,0.002649610360) (5,7,0.705529975337) (6,7,0.709946919575) (7,7,2.000000000000) (9,7,0.707390907271) (11,7,0.999999520237) (13,7,0.709189907144) (14,7,-0.000769843867) (2,8,0.004444744920) (5,8,0.707368960269) (6,8,0.705572072861) (8,8,2.000000000000) (9,8,0.708134674690) (10,8,0.999999981270) (13,8,0.703699593044) (2,9,-0.702922938718) (5,9,0.001825564522) (7,9,0.707390907271) (8,9,0.708134674690) (9,9,2.000000000000) (11,9,0.706698196971) (13,9,0.003352230970) (14,9,-0.707366911989) (6,10,0.705709212998) (8,10,0.999999981270) (10,10,2.000000000000) (11,10,0.001070605789) (12,10,0.703586407762) (13,10,0.703562066622) (7,11,0.999999520237) (9,11,0.706698196971) (10,11,0.001070605789) (11,11,2.000000000000) (12,11,0.711362571264) (13,11,0.709880169685) (14,11,0.000209710315) (10,12,0.703586407762) (11,12,0.711362571264) (12,12,2.000000000000) (14,12,0.702676026139) (6,13,-0.006974957034) (7,13,0.709189907144) (8,13,0.703699593044) (9,13,0.003352230970) (10,13,0.703562066622) (11,13,0.709880169685) (13,13,2.000000000000) (14,13,0.704471325794) (7,14,-0.000769843867) (9,14,-0.707366911989) (11,14,0.000209710315) (12,14,0.702676026139) (13,14,0.704471325794) (14,14,2.000000000000) 
Minv:
size: 27 27
(0,0,1.000000000000) (1,1,1.000000000000) (2,2,2.000000000000) (3,3,1.000000000000) (4,4,1.000000000000) (5,5,2.000000000000) (6,6,1.000000000000) (7,7,1.000000000000) (8,8,2.000000000000) (9,9,1.000000000000) (10,10,1.000000000000) (11,11,2.000000000000) (12,12,1.000000000000) (13,13,1.000000000000) (14,14,2.000000000000) (15,15,1.000000000000) (16,16,1.000000000000) (17,17,2.000000000000) (18,18,1.000000000000) (19,19,1.000000000000) (20,20,2.000000000000) (21,21,1.000000000000) (22,22,1.000000000000) (23,23,2.000000000000) (24,24,1.000000000000) (25,25,1.000000000000) (26,26,2.000000000000) 
v0:
size: 27 1
(0,0,0.353959397709) (1,0,0.587804358981) (2,0,0.000000000000) (3,0,0.887975000300) (4,0,-0.253362027574) (5,0,0.000000000000) (6,0,-0.587699994026) (7,0,-0.344972478647) (8,0,0.000000000000) (9,0,-0.125055534760) (10,0,0.272460419664) (11,0,0.000000000000) (12,0,0.898664273255) (13,0,0.782459087704) (14,0,0.000000000000) (15,0,-0.226527147068) (16,0,-0.344959727314) (17,0,0.000000000000) (18,0,-0.078978508252) (19,0,-0.960014071289) (20,0,0.000000000000) (21,0,-0.948457187160) (22,0,0.841617027600) (23,0,0.000000000000) (24,0,0.954567674867) (25,0,-0.681891593545) (26,0,0.000000000000) 
ipopt_sol:
size: 15 1
(0,0,1.103125657760) (1,0,0.000000000000) (2,0,0.016479384418) (3,0,0.425150663671) (4,0,0.764911680306) (5,0,0.712389485228) (6,0,0.370475503889) (7,0,0.703178686878) (8,0,0.000000000000) (9,0,0.000000000000) (10,0,0.996528954626) (11,0,1.494808734716) (12,0,0.000000000000) (13,0,0.000000000000) (14,0,1.524985564383) 
policy_sol:
size: 15 1
(0,0,1.103125650603) (1,0,0.000000000000) (2,0,0.016479393217) (3,0,0.425150659267) (4,0,0.764911667608) (5,0,0.712389476469) (6,0,0.370475506844) (7,0,0.703178687272) (8,0,0.000000000000) (9,0,0.000000000000) (10,0,0.996528941554) (11,0,1.494808723887) (12,0,0.000000000000) (13,0,0.000000000000) (14,0,1.524985560885) 

policy_converges:
1
ipopt_converges:
0
