solve status: 0
N:
size: 27 12
(3,0,0.000644241055) (4,0,-0.999999792477) (6,0,-0.000644241055) (7,0,0.999999792477) (3,1,-0.707229993353) (4,1,0.706983547547) (9,1,0.707229993353) (10,1,-0.706983547547) (3,2,-0.704816514720) (4,2,-0.709389653560) (15,2,0.704816514720) (16,2,0.709389653560) (3,3,-0.999999822998) (4,3,0.000594981867) (21,3,0.999999822998) (22,3,-0.000594981867) (6,4,-0.999997626096) (7,4,-0.002178945414) (15,4,0.999997626096) (16,4,0.002178945414) (6,5,-0.999999775868) (7,5,0.000669524558) (24,5,0.999999775868) (25,5,-0.000669524558) (9,6,0.001192512551) (10,6,-0.999999288957) (12,6,-0.001192512551) (13,6,0.999999288957) (9,7,0.000140145676) (10,7,-0.999999990180) (15,7,-0.000140145676) (16,7,0.999999990180) (9,8,-0.708655730560) (10,8,-0.705554431313) (21,8,0.708655730560) (22,8,0.705554431313) (12,9,-0.707274497402) (13,9,0.706939025181) (18,9,0.707274497402) (19,9,-0.706939025181) (12,10,-0.999978552881) (13,10,0.006549334181) (21,10,0.999978552881) (22,10,-0.006549334181) (15,11,-0.705604349502) (16,11,0.708606027327) (21,11,0.705604349502) (22,11,-0.708606027327) 
Q:
size: 12 12
(0,0,2.000000000000) (1,0,-0.707439027429) (2,0,0.708935434610) (3,0,-0.001239222685) (4,0,-0.001534705436) (5,0,0.001313765330) (0,1,-0.707439027429) (1,1,2.000000000000) (2,1,-0.003059434846) (3,1,0.707650510563) (6,1,0.707826425494) (7,1,0.707082655830) (8,1,-0.002367212777) (0,2,0.708935434610) (1,2,-0.003059434846) (2,2,2.000000000000) (3,2,0.704394315986) (4,2,0.706360562886) (7,2,0.709290869606) (11,2,0.005356185849) (0,3,-0.001239222685) (1,3,0.707650510563) (2,3,0.704394315986) (3,3,2.000000000000) (8,3,0.708235813034) (10,3,0.999982272618) (11,3,0.706025832346) (0,4,-0.001534705436) (2,4,0.706360562886) (4,4,2.000000000000) (5,4,0.999995943107) (7,4,0.002038800049) (11,4,-0.704058660611) (0,5,0.001313765330) (4,5,0.999995943107) (5,5,2.000000000000) (1,6,0.707826425494) (6,6,2.000000000000) (7,6,0.999999446262) (8,6,0.704708848780) (9,6,0.707781956232) (10,6,0.007741816498) (1,7,0.707082655830) (2,7,0.709290869606) (4,7,0.002038800049) (6,7,0.999999446262) (7,7,2.000000000000) (8,7,0.705455109347) (11,7,0.708704907767) (1,8,-0.002367212777) (3,8,0.708235813034) (6,8,0.704708848780) (7,8,0.705455109347) (8,8,2.000000000000) (10,8,0.704019620183) (11,8,0.000070443147) (6,9,0.707781956232) (9,9,2.000000000000) (10,9,0.711889308323) (3,10,0.999982272618) (6,10,0.007741816498) (8,10,0.704019620183) (9,10,0.711889308323) (10,10,2.000000000000) (11,10,0.710230113996) (2,11,0.005356185849) (3,11,0.706025832346) (4,11,-0.704058660611) (7,11,0.708704907767) (8,11,0.000070443147) (10,11,0.710230113996) (11,11,2.000000000000) 
Minv:
size: 27 27
(0,0,1.000000000000) (1,1,1.000000000000) (2,2,2.000000000000) (3,3,1.000000000000) (4,4,1.000000000000) (5,5,2.000000000000) (6,6,1.000000000000) (7,7,1.000000000000) (8,8,2.000000000000) (9,9,1.000000000000) (10,10,1.000000000000) (11,11,2.000000000000) (12,12,1.000000000000) (13,13,1.000000000000) (14,14,2.000000000000) (15,15,1.000000000000) (16,16,1.000000000000) (17,17,2.000000000000) (18,18,1.000000000000) (19,19,1.000000000000) (20,20,2.000000000000) (21,21,1.000000000000) (22,22,1.000000000000) (23,23,2.000000000000) (24,24,1.000000000000) (25,25,1.000000000000) (26,26,2.000000000000) 
v0:
size: 27 1
(0,0,-0.587750485288) (1,0,-0.821647279545) (2,0,0.000000000000) (3,0,0.582443540788) (4,0,0.177001062178) (5,0,0.000000000000) (6,0,0.472641783956) (7,0,0.135013629629) (8,0,0.000000000000) (9,0,-0.019833283962) (10,0,0.233742946202) (11,0,0.000000000000) (12,0,0.843224117970) (13,0,-0.794139865103) (14,0,0.000000000000) (15,0,-0.936588801473) (16,0,-0.651297643997) (17,0,0.000000000000) (18,0,0.292834947231) (19,0,-0.593895894416) (20,0,0.000000000000) (21,0,-0.468515817908) (22,0,0.110140483414) (23,0,0.000000000000) (24,0,-0.166610279986) (25,0,0.523606792784) (26,0,0.000000000000) 
ipopt_sol:
size: 12 1
(0,0,0.000000000000) (1,0,0.120938848495) (2,0,1.365821270409) (3,0,0.000000000000) (4,0,0.828176360068) (5,0,0.225425593215) (6,0,0.981071845709) (7,0,0.000000000000) (8,0,0.000000000000) (9,0,0.000000000000) (10,0,1.301399266611) (11,0,0.035023418897) 
policy_sol:
size: 12 1
(0,0,0.000000000000) (1,0,0.120938849305) (2,0,1.365821257877) (3,0,0.000000000000) (4,0,0.828176365513) (5,0,0.225425590486) (6,0,0.981071833405) (7,0,0.000000000000) (8,0,0.000000000000) (9,0,0.000000000000) (10,0,1.301399254926) (11,0,0.035023417921) 

policy_converges:
1
ipopt_converges:
0
