solve status: 0
N:
size: 27 14
(0,0,0.002164059734) (1,0,-0.999997658420) (3,0,-0.002164059734) (4,0,0.999997658420) (0,1,0.000454511271) (1,1,-0.999999896710) (6,1,-0.000454511271) (7,1,0.999999896710) (0,2,-0.999971287481) (1,2,0.007577876562) (9,2,0.999971287481) (10,2,-0.007577876562) (0,3,-0.709738209127) (1,3,-0.704465524000) (12,3,0.709738209127) (13,3,0.704465524000) (0,4,-0.999989819047) (1,4,0.004512405326) (18,4,0.999989819047) (19,4,-0.004512405326) (3,5,-0.707469885682) (4,5,0.706743490138) (9,5,0.707469885682) (10,5,-0.706743490138) (6,6,-0.999999187114) (7,6,-0.001275057226) (15,6,0.999999187114) (16,6,0.001275057226) (9,7,-0.000895752241) (10,7,-0.999999598814) (12,7,0.000895752241) (13,7,0.999999598814) (12,8,-0.707717881471) (13,8,0.706495152317) (18,8,0.707717881471) (19,8,-0.706495152317) (12,9,-0.999999842364) (13,9,0.000561490687) (21,9,0.999999842364) (22,9,-0.000561490687) (15,10,-0.702908555430) (16,10,0.711280227971) (21,10,0.702908555430) (22,10,-0.711280227971) (18,11,0.003640327816) (19,11,-0.999993373985) (21,11,-0.003640327816) (22,11,0.999993373985) (18,12,-0.002000671872) (19,12,-0.999997998654) (24,12,0.002000671872) (25,12,0.999997998654) (21,13,-0.007592901180) (22,13,-0.999971173510) (24,13,0.007592901180) (25,13,0.999971173510) 
Q:
size: 14 14
(0,0,2.000000000000) (1,0,0.999998538720) (2,0,-0.009741856416) (3,0,0.702927958558) (4,0,-0.006676432461) (5,0,0.708272842334) (0,1,0.999998538720) (1,1,2.000000000000) (2,1,-0.008032374000) (3,1,0.704142867220) (4,1,-0.004966911504) (6,1,-0.000820546192) (0,2,-0.009741856416) (1,2,-0.008032374000) (2,2,2.000000000000) (3,2,0.704379477973) (4,2,0.999995301271) (5,2,0.712805187369) (7,2,0.006682147000) (0,3,0.702927958558) (1,3,0.704142867220) (2,3,0.704379477973) (3,3,2.000000000000) (4,3,0.706552149334) (7,3,0.705100990970) (8,3,-0.004592944082) (9,3,-0.709342546416) (0,4,-0.006676432461) (1,4,-0.004966911504) (2,4,0.999995301271) (3,4,0.706552149334) (4,4,2.000000000000) (8,4,0.710898668716) (11,4,0.008152666180) (12,4,0.002511744791) (0,5,0.708272842334) (2,5,0.712805187369) (5,5,2.000000000000) (7,5,0.706109488867) (1,6,-0.000820546192) (6,6,2.000000000000) (10,6,-0.702001061051) (2,7,0.006682147000) (3,7,0.705100990970) (5,7,0.706109488867) (7,7,2.000000000000) (8,7,0.705860929002) (9,7,-0.000334261638) (3,8,-0.004592944082) (4,8,0.710898668716) (7,8,0.705860929002) (8,8,2.000000000000) (9,8,0.708114460357) (11,8,0.709066796159) (12,8,0.705077827116) (3,9,-0.709342546416) (7,9,-0.000334261638) (8,9,0.708114460357) (9,9,2.000000000000) (10,9,0.703307821851) (11,9,-0.004201814209) (13,9,-0.007031425482) (6,10,-0.702001061051) (9,10,0.703307821851) (10,10,2.000000000000) (11,10,-0.713834332584) (13,10,0.705922609059) (4,11,0.008152666180) (8,11,0.709066796159) (9,11,-0.004201814209) (10,11,-0.713834332584) (11,11,2.000000000000) (12,11,0.999984089551) (13,11,-0.999936907037) (4,12,0.002511744791) (8,12,0.705077827116) (11,12,0.999984089551) (12,12,2.000000000000) (13,12,0.999984363126) (9,13,-0.007031425482) (10,13,0.705922609059) (11,13,-0.999936907037) (12,13,0.999984363126) (13,13,2.000000000000) 
Minv:
size: 27 27
(0,0,1.000000000000) (1,1,1.000000000000) (2,2,2.000000000000) (3,3,1.000000000000) (4,4,1.000000000000) (5,5,2.000000000000) (6,6,1.000000000000) (7,7,1.000000000000) (8,8,2.000000000000) (9,9,1.000000000000) (10,10,1.000000000000) (11,11,2.000000000000) (12,12,1.000000000000) (13,13,1.000000000000) (14,14,2.000000000000) (15,15,1.000000000000) (16,16,1.000000000000) (17,17,2.000000000000) (18,18,1.000000000000) (19,19,1.000000000000) (20,20,2.000000000000) (21,21,1.000000000000) (22,22,1.000000000000) (23,23,2.000000000000) (24,24,1.000000000000) (25,25,1.000000000000) (26,26,2.000000000000) 
v0:
size: 27 1
(0,0,0.838223246186) (1,0,0.381770137655) (2,0,0.000000000000) (3,0,-0.739639376930) (4,0,-0.593112973292) (5,0,0.000000000000) (6,0,0.166188825881) (7,0,-0.151691358860) (8,0,0.000000000000) (9,0,-0.774253870867) (10,0,0.065008227679) (11,0,0.000000000000) (12,0,0.702941064828) (13,0,-0.583685667272) (14,0,0.000000000000) (15,0,-0.029982909732) (16,0,0.703644770391) (17,0,0.000000000000) (18,0,0.344075101189) (19,0,0.763157042586) (20,0,0.000000000000) (21,0,-0.290094780873) (22,0,0.649651564154) (23,0,0.000000000000) (24,0,0.629650311836) (25,0,-0.113846051603) (26,0,0.000000000000) 
ipopt_sol:
size: 14 1
(0,0,0.945956351064) (1,0,0.066738893071) (2,0,1.613553365760) (3,0,0.000000000000) (4,0,0.000000000000) (5,0,0.000000000000) (6,0,0.195108351299) (7,0,0.404900938027) (8,0,0.672101713615) (9,0,0.757893196765) (10,0,0.000000000000) (11,0,0.000000000000) (12,0,0.346550555338) (13,0,0.585884038319) 
policy_sol:
size: 14 1
(0,0,0.945956343986) (1,0,0.066738893068) (2,0,1.613553353660) (3,0,0.000000000000) (4,0,0.000000000000) (5,0,0.000000000000) (6,0,0.195108354808) (7,0,0.404900932173) (8,0,0.672101710327) (9,0,0.757893197994) (10,0,0.000000000000) (11,0,0.000000000000) (12,0,0.346550549228) (13,0,0.585884042843) 

policy_converges:
1
ipopt_converges:
0
