solve status: 0
N:
size: 27 13
(0,0,0.002726971836) (1,0,-0.999996281805) (6,0,-0.002726971836) (7,0,0.999996281805) (3,1,0.004850436385) (4,1,-0.999988236564) (6,1,-0.004850436385) (7,1,0.999988236564) (3,2,-0.705659042289) (4,2,-0.708551562017) (15,2,0.705659042289) (16,2,0.708551562017) (3,3,-0.999999393776) (4,3,0.001101111783) (21,3,0.999999393776) (22,3,-0.001101111783) (6,4,-0.709426491938) (7,4,0.704779435381) (12,4,0.709426491938) (13,4,-0.704779435381) (9,5,-0.001280592418) (10,5,-0.999999180041) (15,5,0.001280592418) (16,5,0.999999180041) (9,6,-0.999999737501) (10,6,-0.000724567832) (18,6,0.999999737501) (19,6,0.000724567832) (12,7,-0.002067235369) (13,7,-0.999997863267) (15,7,0.002067235369) (16,7,0.999997863267) (12,8,-0.999998905729) (13,8,0.001479371481) (21,8,0.999998905729) (22,8,-0.001479371481) (12,9,-0.710316485943) (13,9,-0.703882440325) (24,9,0.710316485943) (25,9,0.703882440325) (15,10,-0.705869489965) (16,10,0.708341911182) (21,10,0.705869489965) (22,10,-0.708341911182) (18,11,0.001346285700) (19,11,-0.999999093757) (24,11,-0.001346285700) (25,11,0.999999093757) (21,12,-0.000938846745) (22,12,-0.999999559283) (24,12,0.000938846745) (25,12,0.999999559283) 
Q:
size: 13 13
(0,0,2.000000000000) (1,0,0.999997745417) (4,0,0.706711400938) (0,1,0.999997745417) (1,1,2.000000000000) (2,1,0.705120472722) (3,1,-0.005951532274) (4,1,0.708212172822) (1,2,0.705120472722) (2,2,2.000000000000) (3,2,0.704878420028) (5,2,0.709454642653) (7,2,0.710008811362) (10,2,0.003793579341) (1,3,-0.005951532274) (2,3,0.704878420028) (3,3,2.000000000000) (8,3,0.999999928460) (10,3,0.706649025674) (12,3,0.000162265122) (0,4,0.706711400938) (1,4,0.708212172822) (4,4,2.000000000000) (7,4,0.703311377919) (8,4,-0.710468346231) (9,4,-0.007835463921) (2,5,0.709454642653) (5,5,2.000000000000) (6,5,0.002005159319) (7,5,0.999999690596) (10,5,0.707437399254) (5,6,0.002005159319) (6,6,2.000000000000) (11,6,0.000621718172) (2,7,0.710008811362) (4,7,0.703311377919) (5,7,0.999999690596) (7,7,2.000000000000) (8,7,0.000587864787) (9,7,0.705349327679) (10,7,0.706881199269) (3,8,0.999999928460) (4,8,-0.710468346231) (7,8,0.000587864787) (8,8,2.000000000000) (9,8,0.709274405056) (10,8,0.706916618375) (12,8,0.000540525112) (4,9,-0.007835463921) (7,9,0.705349327679) (8,9,0.709274405056) (9,9,2.000000000000) (11,9,0.702925513509) (12,9,0.704549008433) (2,10,0.003793579341) (3,10,0.706649025674) (5,10,0.707437399254) (7,10,0.706881199269) (8,10,0.706916618375) (10,10,2.000000000000) (12,10,0.707678895731) (6,11,0.000621718172) (9,11,0.702925513509) (11,11,2.000000000000) (12,11,0.999997389085) (3,12,0.000162265122) (8,12,0.000540525112) (9,12,0.704549008433) (10,12,0.707678895731) (11,12,0.999997389085) (12,12,2.000000000000) 
Minv:
size: 27 27
(0,0,1.000000000000) (1,1,1.000000000000) (2,2,2.000000000000) (3,3,1.000000000000) (4,4,1.000000000000) (5,5,2.000000000000) (6,6,1.000000000000) (7,7,1.000000000000) (8,8,2.000000000000) (9,9,1.000000000000) (10,10,1.000000000000) (11,11,2.000000000000) (12,12,1.000000000000) (13,13,1.000000000000) (14,14,2.000000000000) (15,15,1.000000000000) (16,16,1.000000000000) (17,17,2.000000000000) (18,18,1.000000000000) (19,19,1.000000000000) (20,20,2.000000000000) (21,21,1.000000000000) (22,22,1.000000000000) (23,23,2.000000000000) (24,24,1.000000000000) (25,25,1.000000000000) (26,26,2.000000000000) 
v0:
size: 27 1
(0,0,-0.670741644006) (1,0,-0.168764131826) (2,0,0.000000000000) (3,0,0.046849813864) (4,0,0.474097300571) (5,0,0.000000000000) (6,0,-0.416482373763) (7,0,-0.744951826775) (8,0,0.000000000000) (9,0,0.493725170919) (10,0,-0.396087487848) (11,0,0.000000000000) (12,0,0.163045910888) (13,0,0.661281822829) (14,0,0.000000000000) (15,0,0.103543511535) (16,0,-0.717951721211) (17,0,0.000000000000) (18,0,-0.399758877438) (19,0,-0.379712576281) (20,0,0.000000000000) (21,0,-0.228584855008) (22,0,0.913452887984) (23,0,0.000000000000) (24,0,0.903743694064) (25,0,-0.468041749789) (26,0,0.000000000000) 
ipopt_sol:
size: 13 1
(0,0,0.000000000000) (1,0,1.216812301892) (2,0,0.000000000000) (3,0,0.008356163209) (4,0,0.000000000000) (5,0,0.000000000000) (6,0,0.893471949097) (7,0,1.224142779590) (8,0,0.231983985946) (9,0,0.000000000000) (10,0,0.438949716037) (11,0,0.000000000000) (12,0,1.225049854770) 
policy_sol:
size: 13 1
(0,0,0.000000000000) (1,0,1.216812289806) (2,0,0.000000000000) (3,0,0.008356156087) (4,0,0.000000000000) (5,0,0.000000000000) (6,0,0.893471949084) (7,0,1.224142760477) (8,0,0.231983986001) (9,0,0.000000000000) (10,0,0.438949725995) (11,0,0.000000000000) (12,0,1.225049842725) 

policy_converges:
1
ipopt_converges:
0
