solve status: 0
N:
size: 27 12
(0,0,-0.001350999449) (1,0,-0.999999087400) (3,0,0.001350999449) (4,0,0.999999087400) (0,1,-0.999999998970) (1,1,-0.000045376528) (9,1,0.999999998970) (10,1,0.000045376528) (3,2,-0.707787568171) (4,2,0.706425338123) (9,2,0.707787568171) (10,2,-0.706425338123) (3,3,-0.706370871340) (4,3,-0.707841925942) (15,3,0.706370871340) (16,3,0.707841925942) (3,4,-0.999994926214) (4,4,-0.003185521202) (21,4,0.999994926214) (22,4,0.003185521202) (6,5,-0.999998628019) (7,5,0.001656490463) (24,5,0.999998628019) (25,5,-0.001656490463) (12,6,-0.001301643105) (13,6,-0.999999152862) (15,6,0.001301643105) (16,6,0.999999152862) (12,7,-0.999995860464) (13,7,-0.002877334554) (21,7,0.999995860464) (22,7,0.002877334554) (12,8,-0.706892254598) (13,8,-0.707321242710) (24,8,0.706892254598) (25,8,0.707321242710) (15,9,-0.709330660418) (16,9,0.704875885664) (21,9,0.709330660418) (22,9,-0.704875885664) (15,10,-0.999994194850) (16,10,-0.003407384228) (24,10,0.999994194850) (25,10,0.003407384228) (21,11,0.001907455322) (22,11,-0.999998180805) (24,11,-0.001907455322) (25,11,0.999998180805) 
Q:
size: 12 12
(0,0,2.000000000000) (1,0,0.001396375935) (2,0,0.705468472824) (3,0,-0.708795586624) (4,0,-0.004536510890) (0,1,0.001396375935) (1,1,2.000000000000) (2,1,0.707755512313) (0,2,0.705468472824) (1,2,0.707755512313) (2,2,2.000000000000) (3,2,-0.000076950619) (4,2,0.705533644116) (0,3,-0.708795586624) (2,3,-0.000076950619) (3,3,2.000000000000) (4,3,0.708622132829) (6,3,0.708760769077) (9,3,-0.002109812209) (10,3,-0.708778660165) (0,4,-0.004536510890) (2,4,0.705533644116) (3,4,0.708622132829) (4,4,2.000000000000) (7,4,0.999999952510) (9,4,0.707081664347) (11,4,-0.001278069763) (5,5,2.000000000000) (8,5,0.705719613862) (10,5,0.999987178577) (11,5,-0.003563940155) (3,6,0.708760769077) (6,6,2.000000000000) (7,6,0.004178969833) (8,6,0.708240764941) (9,6,0.703951993174) (10,6,-0.004709016890) (4,7,0.999999952510) (6,7,0.004178969833) (7,7,2.000000000000) (8,7,0.708924528245) (9,7,0.707299560377) (11,7,-0.000969881893) (5,8,0.705719613862) (6,8,0.708240764941) (7,8,0.708924528245) (8,8,2.000000000000) (10,8,0.709298266229) (11,8,0.705971590562) (3,9,-0.002109812209) (4,9,0.707081664347) (6,9,0.703951993174) (7,9,0.707299560377) (9,9,2.000000000000) (10,9,0.706924759671) (11,9,0.706227619901) (3,10,-0.708778660165) (5,10,0.999987178577) (6,10,-0.004709016890) (8,10,0.709298266229) (9,10,0.706924759671) (10,10,2.000000000000) (11,10,0.001499933780) (4,11,-0.001278069763) (5,11,-0.003563940155) (7,11,-0.000969881893) (8,11,0.705971590562) (9,11,0.706227619901) (10,11,0.001499933780) (11,11,2.000000000000) 
Minv:
size: 27 27
(0,0,1.000000000000) (1,1,1.000000000000) (2,2,2.000000000000) (3,3,1.000000000000) (4,4,1.000000000000) (5,5,2.000000000000) (6,6,1.000000000000) (7,7,1.000000000000) (8,8,2.000000000000) (9,9,1.000000000000) (10,10,1.000000000000) (11,11,2.000000000000) (12,12,1.000000000000) (13,13,1.000000000000) (14,14,2.000000000000) (15,15,1.000000000000) (16,16,1.000000000000) (17,17,2.000000000000) (18,18,1.000000000000) (19,19,1.000000000000) (20,20,2.000000000000) (21,21,1.000000000000) (22,22,1.000000000000) (23,23,2.000000000000) (24,24,1.000000000000) (25,25,1.000000000000) (26,26,2.000000000000) 
v0:
size: 27 1
(0,0,0.595174814722) (1,0,0.171842784543) (2,0,0.000000000000) (3,0,0.737486616920) (4,0,-0.276667123565) (5,0,0.000000000000) (6,0,0.095754949835) (7,0,0.990185945833) (8,0,0.000000000000) (9,0,-0.497034377343) (10,0,-0.872797776342) (11,0,0.000000000000) (12,0,0.838285889493) (13,0,0.577615380439) (14,0,0.000000000000) (15,0,0.484415375420) (16,0,-0.740525554967) (17,0,0.000000000000) (18,0,0.705113997425) (19,0,-0.933677800097) (20,0,0.000000000000) (21,0,-0.521870047156) (22,0,-0.078761935031) (23,0,0.000000000000) (24,0,-0.525686413193) (25,0,-0.234185908837) (26,0,0.000000000000) 
ipopt_sol:
size: 12 1
(0,0,0.632533195431) (1,0,1.091814969575) (2,0,0.000000000000) (3,0,0.517721771956) (4,0,0.660769852318) (5,0,0.000000000000) (6,0,0.938134609037) (7,0,0.831900422849) (8,0,0.558009682503) (9,0,0.000000000000) (10,0,0.996156907260) (11,0,0.000000000000) 
policy_sol:
size: 12 1
(0,0,0.632533191797) (1,0,1.091814966039) (2,0,0.000000000000) (3,0,0.517721771699) (4,0,0.660769844252) (5,0,0.000000000000) (6,0,0.938134607267) (7,0,0.831900425035) (8,0,0.558009677764) (9,0,0.000000000000) (10,0,0.996156900305) (11,0,0.000000000000) 

policy_converges:
1
ipopt_converges:
0
