solve status: 0
N:
size: 27 17
(0,0,-0.001752193755) (1,0,-0.999998464907) (3,0,0.001752193755) (4,0,0.999998464907) (0,1,-0.003265802192) (1,1,-0.999994667254) (6,1,0.003265802192) (7,1,0.999994667254) (0,2,-0.999993635639) (1,2,-0.003567727836) (9,2,0.999993635639) (10,2,0.003567727836) (3,3,-0.004776998487) (4,3,-0.999988590078) (6,3,0.004776998487) (7,3,0.999988590078) (3,4,-0.709907874405) (4,4,0.704294547655) (9,4,0.709907874405) (10,4,-0.704294547655) (3,5,-0.999994579441) (4,5,-0.003292580754) (12,5,0.999994579441) (13,5,0.003292580754) (3,6,-0.704756528899) (4,6,-0.709449247638) (15,6,0.704756528899) (16,6,0.709449247638) (6,7,-0.705471576555) (7,7,0.708738213076) (12,7,0.705471576555) (13,7,-0.708738213076) (9,8,0.005876533922) (10,8,-0.999982733025) (12,8,-0.005876533922) (13,8,0.999982733025) (9,9,0.003378903799) (10,9,-0.999994291488) (15,9,-0.003378903799) (16,9,0.999994291488) (9,10,-0.999999017461) (10,10,0.001401812373) (18,10,0.999999017461) (19,10,-0.001401812373) (9,11,-0.708840689187) (10,11,-0.705368610978) (21,11,0.708840689187) (22,11,0.705368610978) (12,12,0.000884326980) (13,12,-0.999999608983) (15,12,-0.000884326980) (16,12,0.999999608983) (12,13,-0.710218340630) (13,13,-0.703981468956) (24,13,0.710218340630) (25,13,0.703981468956) (15,14,-0.999983360904) (16,14,0.005768701384) (24,14,0.999983360904) (25,14,-0.005768701384) (18,15,0.003125097160) (19,15,-0.999995116872) (21,15,-0.003125097160) (22,15,0.999995116872) (18,16,0.002868058681) (19,16,-0.999995887111) (24,16,-0.002868058681) (25,16,0.999995887111) 
Q:
size: 17 17
(0,0,2.000000000000) (1,0,0.999998854488) (2,0,0.005319904962) (3,0,-0.999995425229) (4,0,0.703049570354) (5,0,-0.005044759956) (6,0,-0.710683028556) (0,1,0.999998854488) (1,1,2.000000000000) (2,1,0.006833490217) (3,1,0.999998858124) (7,1,0.706430502933) (0,2,0.005319904962) (1,2,0.006833490217) (2,2,2.000000000000) (4,2,0.707390625033) (8,2,0.002308830290) (9,2,-0.000188825175) (10,2,-0.999987651821) (11,2,-0.711352741097) (0,3,-0.999995425229) (1,3,0.999998858124) (3,3,2.000000000000) (4,3,-0.700895282867) (5,3,0.008069515779) (6,3,0.712807773749) (7,3,0.705360089774) (0,4,0.703049570354) (2,4,0.707390625033) (3,4,-0.700895282867) (4,4,2.000000000000) (5,4,0.707585079636) (6,4,0.000650972455) (8,4,0.708454184325) (9,4,0.706689237595) (10,4,-0.710894465704) (11,4,-0.006424320154) (0,5,-0.005044759956) (3,5,0.008069515779) (4,5,0.707585079636) (5,5,2.000000000000) (6,5,0.707088627664) (7,5,0.703134174705) (8,5,-0.002583978167) (12,5,-0.002408257280) (13,5,-0.712532406686) (0,6,-0.710683028556) (3,6,0.712807773749) (4,6,0.000650972455) (5,6,0.707088627664) (6,6,2.000000000000) (9,6,0.707063893226) (12,6,0.708825735018) (14,6,-0.700652201531) (1,7,0.706430502933) (3,7,0.705360089774) (5,7,0.703134174705) (7,7,2.000000000000) (8,7,-0.712871702962) (12,7,0.709361803495) (13,7,-0.002100284116) (2,8,0.002308830290) (4,8,0.708454184325) (5,8,-0.002583978167) (7,8,-0.712871702962) (8,8,2.000000000000) (9,8,0.999996880855) (10,8,-0.007278316317) (11,8,0.701190905040) (12,8,-0.999987538793) (13,8,-0.699795691154) (2,9,-0.000188825175) (4,9,0.706689237595) (6,9,0.707063893226) (8,9,0.999996880855) (9,9,2.000000000000) (10,9,-0.004780704850) (11,9,0.702969479875) (12,9,0.999996888529) (14,9,0.009147516030) (2,10,-0.999987651821) (4,10,-0.710894465704) (8,10,-0.007278316317) (9,10,-0.004780704850) (10,10,2.000000000000) (11,10,0.707851198276) (15,10,0.004526899618) (16,10,0.004269862471) (2,11,-0.711352741097) (4,11,-0.006424320154) (8,11,0.701190905040) (9,11,0.702969479875) (10,11,0.707851198276) (11,11,2.000000000000) (15,11,0.703149970548) (5,12,-0.002408257280) (6,12,0.708825735018) (7,12,0.709361803495) (8,12,-0.999987538793) (9,12,0.999996888529) (12,12,2.000000000000) (13,12,0.703353128446) (14,12,0.006653011394) (5,13,-0.712532406686) (7,13,-0.002100284116) (8,13,-0.699795691154) (12,13,0.703353128446) (13,13,2.000000000000) (14,13,0.706145464364) (16,13,0.701941625681) (6,14,-0.700652201531) (9,14,0.009147516030) (12,14,0.006653011394) (13,14,0.706145464364) (14,14,2.000000000000) (16,14,-0.008636688617) (10,15,0.004526899618) (11,15,0.703149970548) (15,15,2.000000000000) (16,15,0.999999966965) (10,16,0.004269862471) (13,16,0.701941625681) (14,16,-0.008636688617) (15,16,0.999999966965) (16,16,2.000000000000) 
Minv:
size: 27 27
(0,0,1.000000000000) (1,1,1.000000000000) (2,2,2.000000000000) (3,3,1.000000000000) (4,4,1.000000000000) (5,5,2.000000000000) (6,6,1.000000000000) (7,7,1.000000000000) (8,8,2.000000000000) (9,9,1.000000000000) (10,10,1.000000000000) (11,11,2.000000000000) (12,12,1.000000000000) (13,13,1.000000000000) (14,14,2.000000000000) (15,15,1.000000000000) (16,16,1.000000000000) (17,17,2.000000000000) (18,18,1.000000000000) (19,19,1.000000000000) (20,20,2.000000000000) (21,21,1.000000000000) (22,22,1.000000000000) (23,23,2.000000000000) (24,24,1.000000000000) (25,25,1.000000000000) (26,26,2.000000000000) 
v0:
size: 27 1
(0,0,-0.023827633025) (1,0,0.028441065097) (2,0,0.000000000000) (3,0,-0.442145191500) (4,0,-0.287565462886) (5,0,0.000000000000) (6,0,-0.201982372826) (7,0,-0.975793172988) (8,0,0.000000000000) (9,0,-0.051072986602) (10,0,0.945417264709) (11,0,0.000000000000) (12,0,-0.498103003948) (13,0,0.602557002419) (14,0,0.000000000000) (15,0,-0.040114060772) (16,0,-0.906536873942) (17,0,0.000000000000) (18,0,-0.317366784850) (19,0,0.384685751853) (20,0,0.000000000000) (21,0,0.379586636674) (22,0,-0.667785146587) (23,0,0.000000000000) (24,0,-0.104932043479) (25,0,-0.114555654749) (26,0,0.000000000000) 
ipopt_sol:
size: 17 1
(0,0,0.000000000000) (1,0,0.626819636892) (2,0,0.187115581923) (3,0,0.054343015695) (4,0,0.086545127176) (5,0,0.000000000000) (6,0,0.000000000000) (7,0,0.991407546762) (8,0,0.000000000000) (9,0,1.687371715010) (10,0,0.391474646755) (11,0,0.000000000000) (12,0,0.269816023629) (13,0,0.126000869210) (14,0,0.016282958213) (15,0,1.053757731549) (16,0,0.000000000000) 
policy_sol:
size: 17 1
(0,0,0.000000000000) (1,0,0.626819631643) (2,0,0.187115586086) (3,0,0.054343017853) (4,0,0.086545119464) (5,0,0.000000000000) (6,0,0.000000000000) (7,0,0.991407544371) (8,0,0.000000000000) (9,0,1.687371700778) (10,0,0.391474642556) (11,0,0.000000000000) (12,0,0.269816033484) (13,0,0.126000867823) (14,0,0.016282962277) (15,0,1.053757723043) (16,0,0.000000000000) 

policy_converges:
1
ipopt_converges:
0
