solve status: 0
N:
size: 27 13
(0,0,-0.708312008823) (1,0,-0.705899495791) (12,0,0.708312008823) (13,0,0.705899495791) (3,1,-0.999965517083) (4,1,-0.008304495406) (12,1,0.999965517083) (13,1,0.008304495406) (3,2,-0.706610716286) (4,2,-0.707602498321) (15,2,0.706610716286) (16,2,0.707602498321) (3,3,-0.999996575025) (4,3,-0.002617238600) (21,3,0.999996575025) (22,3,0.002617238600) (6,4,-0.710725392709) (7,4,0.703469555957) (12,4,0.710725392709) (13,4,-0.703469555957) (6,5,-0.999998309895) (7,5,-0.001838534138) (15,5,0.999998309895) (16,5,0.001838534138) (6,6,-0.999992139349) (7,6,-0.003965001926) (24,6,0.999992139349) (25,6,0.003965001926) (9,7,0.002345397637) (10,7,-0.999997249551) (12,7,-0.002345397637) (13,7,0.999997249551) (9,8,-0.999998805858) (10,8,0.001545407188) (18,8,0.999998805858) (19,8,-0.001545407188) (9,9,-0.707870382452) (10,9,-0.706342354420) (21,9,0.707870382452) (22,9,0.706342354420) (12,10,-0.707723419522) (13,10,-0.706489604637) (24,10,0.707723419522) (25,10,0.706489604637) (15,11,-0.999981316444) (16,11,-0.006112835993) (24,11,0.999981316444) (25,11,0.006112835993) (21,12,-0.002691748869) (22,12,-0.999996377237) (24,12,0.002691748869) (25,12,0.999996377237) 
Q:
size: 13 13
(0,0,2.000000000000) (1,0,0.714149723278) (4,0,0.006836525777) (7,0,0.704236280939) (10,0,-0.999999652667) (0,1,0.714149723278) (1,1,2.000000000000) (2,1,0.712462631984) (3,1,0.999983827073) (4,1,0.704858925129) (7,1,0.005959155804) (10,1,-0.713566054830) (1,2,0.712462631984) (2,2,2.000000000000) (3,2,0.708460260734) (5,2,0.707910473389) (11,2,-0.710922972305) (1,3,0.999983827073) (2,3,0.708460260734) (3,3,2.000000000000) (9,3,0.709716624488) (12,3,-0.005308968768) (0,4,0.006836525777) (1,4,0.704858925129) (4,4,2.000000000000) (5,4,0.709430838715) (6,4,0.707930547801) (7,4,-0.705134554756) (10,4,-0.006003076807) (2,5,0.707910473389) (4,5,0.709430838715) (5,5,2.000000000000) (6,5,0.999997739048) (11,5,-0.999990865027) (4,6,0.707930547801) (5,6,0.999997739048) (6,6,2.000000000000) (10,6,0.710519088999) (11,6,0.999997693346) (12,6,0.006656715272) (0,7,0.704236280939) (1,7,0.005959155804) (4,7,-0.705134554756) (7,7,2.000000000000) (8,7,-0.003890797773) (9,7,0.704680174139) (10,7,-0.704827768638) (7,8,-0.003890797773) (8,8,2.000000000000) (9,8,0.706777950602) (3,9,0.709716624488) (7,9,0.704680174139) (8,9,0.706777950602) (9,9,2.000000000000) (12,9,-0.708245204811) (0,10,-0.999999652667) (1,10,-0.713566054830) (4,10,-0.006003076807) (6,10,0.710519088999) (7,10,-0.704827768638) (10,10,2.000000000000) (11,10,0.712028851815) (12,10,0.708392058907) (2,11,-0.710922972305) (5,11,-0.999990865027) (6,11,0.999997693346) (10,11,0.712028851815) (11,11,2.000000000000) (12,11,0.008804512425) (3,12,-0.005308968768) (6,12,0.006656715272) (9,12,-0.708245204811) (10,12,0.708392058907) (11,12,0.008804512425) (12,12,2.000000000000) 
Minv:
size: 27 27
(0,0,1.000000000000) (1,1,1.000000000000) (2,2,2.000000000000) (3,3,1.000000000000) (4,4,1.000000000000) (5,5,2.000000000000) (6,6,1.000000000000) (7,7,1.000000000000) (8,8,2.000000000000) (9,9,1.000000000000) (10,10,1.000000000000) (11,11,2.000000000000) (12,12,1.000000000000) (13,13,1.000000000000) (14,14,2.000000000000) (15,15,1.000000000000) (16,16,1.000000000000) (17,17,2.000000000000) (18,18,1.000000000000) (19,19,1.000000000000) (20,20,2.000000000000) (21,21,1.000000000000) (22,22,1.000000000000) (23,23,2.000000000000) (24,24,1.000000000000) (25,25,1.000000000000) (26,26,2.000000000000) 
v0:
size: 27 1
(0,0,0.339804420054) (1,0,-0.495575521504) (2,0,0.000000000000) (3,0,0.560723956182) (4,0,-0.095311583966) (5,0,0.000000000000) (6,0,0.827508341367) (7,0,-0.061285290935) (8,0,0.000000000000) (9,0,0.946567446560) (10,0,0.111965256424) (11,0,0.000000000000) (12,0,-0.125272277688) (13,0,-0.327107241668) (14,0,0.000000000000) (15,0,-0.065960627558) (16,0,0.454912168903) (17,0,0.000000000000) (18,0,0.686064674623) (19,0,-0.698093343808) (20,0,0.000000000000) (21,0,0.002762261231) (22,0,-0.251551738510) (23,0,0.000000000000) (24,0,-0.443708431671) (25,0,-0.626350633071) (26,0,0.000000000000) 
ipopt_sol:
size: 13 1
(0,0,0.000000000000) (1,0,0.698182989583) (2,0,0.000000000000) (3,0,0.000000000000) (4,0,0.000000000000) (5,0,1.437057181435) (6,0,0.000000000000) (7,0,0.024041339976) (8,0,0.000000000000) (9,0,1.193920405332) (10,0,0.029029077853) (11,0,1.089087463074) (12,0,0.783717098579) 
policy_sol:
size: 13 1
(0,0,0.000000000000) (1,0,0.698182975630) (2,0,0.000000000000) (3,0,0.000000000000) (4,0,0.000000000000) (5,0,1.437057163254) (6,0,0.000000000000) (7,0,0.024041345630) (8,0,0.000000000000) (9,0,1.193920394284) (10,0,0.029029082673) (11,0,1.089087450859) (12,0,0.783717093007) 

policy_converges:
1
ipopt_converges:
0
