solve status: 0
N:
size: 27 12
(0,0,-0.003110087293) (1,0,-0.999995163667) (3,0,0.003110087293) (4,0,0.999995163667) (0,1,-0.000569674048) (1,1,-0.999999837736) (6,1,0.000569674048) (7,1,0.999999837736) (0,2,-0.999983211130) (1,2,0.005794605929) (9,2,0.999983211130) (10,2,-0.005794605929) (0,3,-0.710061246056) (1,3,-0.704139919938) (12,3,0.710061246056) (13,3,0.704139919938) (0,4,-0.999991940063) (1,4,0.004014948289) (18,4,0.999991940063) (19,4,-0.004014948289) (3,5,-0.702927534436) (4,5,0.711261471845) (9,5,0.702927534436) (10,5,-0.711261471845) (3,6,-0.999987186384) (4,6,0.005062318475) (12,6,0.999987186384) (13,6,-0.005062318475) (6,7,-0.706172403804) (7,7,0.708039925502) (12,7,0.706172403804) (13,7,-0.708039925502) (6,8,-0.999975939285) (7,8,0.006936919356) (15,8,0.999975939285) (16,8,-0.006936919356) (6,9,-0.999992100501) (7,9,0.003974787575) (24,9,0.999992100501) (25,9,-0.003974787575) (9,10,-0.006195619176) (10,10,-0.999980806967) (12,10,0.006195619176) (13,10,0.999980806967) (15,11,-0.708025980108) (16,11,0.706186385802) (21,11,0.708025980108) (22,11,-0.706186385802) 
Q:
size: 12 12
(0,0,2.000000000000) (1,0,0.999996773139) (2,0,-0.002684542827) (3,0,0.706344866941) (4,0,-0.000904866645) (5,0,0.709071865955) (6,0,0.001952246551) (0,1,0.999996773139) (1,1,2.000000000000) (2,1,-0.005224940506) (3,1,0.704544309145) (4,1,-0.003445278181) (7,1,0.707637522521) (8,1,0.006367257889) (9,1,0.003405117383) (0,2,-0.002684542827) (1,2,-0.005224940506) (2,2,2.000000000000) (3,2,0.705969111575) (4,2,0.999998416371) (5,2,0.707037213019) (10,2,-0.000401020446) (0,3,0.706344866941) (1,3,0.704544309145) (2,3,0.705969111575) (3,3,2.000000000000) (4,3,0.707228437640) (6,3,0.706487567078) (7,3,0.002866480519) (10,3,0.708525674430) (0,4,-0.000904866645) (1,4,-0.003445278181) (2,4,0.999998416371) (3,4,0.707228437640) (4,4,2.000000000000) (0,5,0.709071865955) (2,5,0.707037213019) (5,5,2.000000000000) (6,5,0.706519159482) (10,5,0.706892749269) (0,6,0.001952246551) (3,6,0.706487567078) (5,6,0.706519159482) (6,6,2.000000000000) (7,6,0.709747678778) (10,6,0.001133318474) (1,7,0.707637522521) (3,7,0.002866480519) (6,7,0.709747678778) (7,7,2.000000000000) (8,7,0.711067028656) (9,7,0.708981133694) (10,7,-0.703651160782) (1,8,0.006367257889) (7,8,0.711067028656) (8,8,2.000000000000) (9,8,0.999995612757) (11,8,-0.712907702505) (1,9,0.003405117383) (7,9,0.708981133694) (8,9,0.999995612757) (9,9,2.000000000000) (2,10,-0.000401020446) (3,10,0.708525674430) (5,10,0.706892749269) (6,10,0.001133318474) (7,10,-0.703651160782) (10,10,2.000000000000) (8,11,-0.712907702505) (11,11,2.000000000000) 
Minv:
size: 27 27
(0,0,1.000000000000) (1,1,1.000000000000) (2,2,2.000000000000) (3,3,1.000000000000) (4,4,1.000000000000) (5,5,2.000000000000) (6,6,1.000000000000) (7,7,1.000000000000) (8,8,2.000000000000) (9,9,1.000000000000) (10,10,1.000000000000) (11,11,2.000000000000) (12,12,1.000000000000) (13,13,1.000000000000) (14,14,2.000000000000) (15,15,1.000000000000) (16,16,1.000000000000) (17,17,2.000000000000) (18,18,1.000000000000) (19,19,1.000000000000) (20,20,2.000000000000) (21,21,1.000000000000) (22,22,1.000000000000) (23,23,2.000000000000) (24,24,1.000000000000) (25,25,1.000000000000) (26,26,2.000000000000) 
v0:
size: 27 1
(0,0,0.711915071687) (1,0,0.672158263737) (2,0,0.000000000000) (3,0,-0.316783443476) (4,0,-0.636367572784) (5,0,0.000000000000) (6,0,0.735321052923) (7,0,0.340219539160) (8,0,0.000000000000) (9,0,-0.258239734172) (10,0,0.301095722613) (11,0,0.000000000000) (12,0,-0.929194729608) (13,0,-0.619348801432) (14,0,0.000000000000) (15,0,0.199993228942) (16,0,0.328086008103) (17,0,0.000000000000) (18,0,-0.157771734474) (19,0,-0.014649471806) (20,0,0.000000000000) (21,0,-0.049524727077) (22,0,0.367100260151) (23,0,0.000000000000) (24,0,0.545533551998) (25,0,0.943646811246) (26,0,0.000000000000) 
ipopt_sol:
size: 12 1
(0,0,0.839289068414) (1,0,0.000000000000) (2,0,0.399485144289) (3,0,1.339441293582) (4,0,0.193914278811) (5,0,0.000000000000) (6,0,0.000000000000) (7,0,0.553500285839) (8,0,0.471093475667) (9,0,0.000000000000) (10,0,0.644885230318) (11,0,0.372139612715) 
policy_sol:
size: 12 1
(0,0,0.839289060018) (1,0,0.000000000000) (2,0,0.399485139694) (3,0,1.339441293120) (4,0,0.193914281286) (5,0,0.000000000000) (6,0,0.000000000000) (7,0,0.553500272482) (8,0,0.471093475343) (9,0,0.000000000000) (10,0,0.644885222242) (11,0,0.372139612600) 

policy_converges:
1
ipopt_converges:
0
