solve status: 0
N:
size: 27 11
(0,0,-0.999974933381) (1,0,0.007080438496) (9,0,0.999974933381) (10,0,-0.007080438496) (0,1,-0.999999724876) (1,1,0.000741786663) (18,1,0.999999724876) (19,1,-0.000741786663) (3,2,-0.708036747830) (4,2,0.706175589866) (9,2,0.708036747830) (10,2,-0.706175589866) (3,3,-0.707795428290) (4,3,-0.706417462760) (15,3,0.707795428290) (16,3,0.706417462760) (9,4,-0.999983971549) (10,4,-0.005661858721) (18,4,0.999983971549) (19,4,0.005661858721) (12,5,-0.706438361646) (13,5,0.707774569474) (18,5,0.706438361646) (19,5,-0.707774569474) (12,6,-0.999980244382) (13,6,-0.006285765394) (21,6,0.999980244382) (22,6,0.006285765394) (12,7,-0.705786572112) (13,7,-0.708424529944) (24,7,0.705786572112) (25,7,0.708424529944) (15,8,-0.999999254765) (16,8,0.001220847460) (24,8,0.999999254765) (25,8,-0.001220847460) (18,9,-0.002517957936) (19,9,-0.999996829939) (24,9,0.002517957936) (25,9,0.999996829939) (21,10,0.002035999507) (22,10,-0.999997927351) (24,10,-0.002035999507) (25,10,0.999997927351) 
Q:
size: 11 11
(0,0,2.000000000000) (1,0,0.999979910439) (2,0,0.713019032574) (4,0,-0.999918816890) (0,1,0.999979910439) (1,1,2.000000000000) (4,1,0.999979496539) (5,1,0.706963185025) (9,1,-0.001776172931) (0,2,0.713019032574) (2,2,2.000000000000) (3,2,0.002290404719) (4,2,-0.704027132676) (2,3,0.002290404719) (3,3,2.000000000000) (8,3,-0.706932472851) (0,4,-0.999918816890) (1,4,0.999979496539) (2,4,-0.704027132676) (4,4,2.000000000000) (5,4,0.702419718916) (9,4,-0.008179758349) (1,5,0.706963185025) (4,5,0.702419718916) (5,5,2.000000000000) (6,5,0.701975500624) (7,5,-0.002810157011) (9,5,0.705993543707) (5,6,0.701975500624) (6,6,2.000000000000) (7,6,0.710225619257) (10,6,-0.004249793081) (5,7,-0.002810157011) (6,7,0.710225619257) (7,7,2.000000000000) (8,7,0.704921167847) (9,7,0.710199425095) (10,7,0.706986080515) (3,8,-0.706932472851) (7,8,0.704921167847) (8,8,2.000000000000) (9,8,0.001297112469) (10,8,-0.003256842920) (1,9,-0.001776172931) (4,9,-0.008179758349) (5,9,0.705993543707) (7,9,0.710199425095) (8,9,0.001297112469) (9,9,2.000000000000) (10,9,0.999989630735) (6,10,-0.004249793081) (7,10,0.706986080515) (8,10,-0.003256842920) (9,10,0.999989630735) (10,10,2.000000000000) 
Minv:
size: 27 27
(0,0,1.000000000000) (1,1,1.000000000000) (2,2,2.000000000000) (3,3,1.000000000000) (4,4,1.000000000000) (5,5,2.000000000000) (6,6,1.000000000000) (7,7,1.000000000000) (8,8,2.000000000000) (9,9,1.000000000000) (10,10,1.000000000000) (11,11,2.000000000000) (12,12,1.000000000000) (13,13,1.000000000000) (14,14,2.000000000000) (15,15,1.000000000000) (16,16,1.000000000000) (17,17,2.000000000000) (18,18,1.000000000000) (19,19,1.000000000000) (20,20,2.000000000000) (21,21,1.000000000000) (22,22,1.000000000000) (23,23,2.000000000000) (24,24,1.000000000000) (25,25,1.000000000000) (26,26,2.000000000000) 
v0:
size: 27 1
(0,0,0.482869820253) (1,0,-0.908132620187) (2,0,0.000000000000) (3,0,0.668657531786) (4,0,-0.178914011358) (5,0,0.000000000000) (6,0,-0.546678699924) (7,0,0.621345760407) (8,0,0.000000000000) (9,0,-0.618546639675) (10,0,-0.241619535365) (11,0,0.000000000000) (12,0,0.859215914702) (13,0,-0.143304318482) (14,0,0.000000000000) (15,0,0.086906393210) (16,0,0.269227679261) (17,0,0.000000000000) (18,0,-0.971148577944) (19,0,0.375883459306) (20,0,0.000000000000) (21,0,0.751194070431) (22,0,0.578253639843) (23,0,0.000000000000) (24,0,-0.486589681512) (25,0,-0.243078218988) (26,0,0.000000000000) 
ipopt_sol:
size: 11 1
(0,0,1.212111451920) (1,0,0.000000000000) (2,0,0.680028135908) (3,0,0.244844942851) (4,0,0.696936365052) (5,0,1.416672545135) (6,0,0.000000000000) (7,0,0.666054008166) (8,0,0.425607927806) (9,0,0.000000000000) (10,0,0.584057647129) 
policy_sol:
size: 11 1
(0,0,1.212111443991) (1,0,0.000000000000) (2,0,0.680028136808) (3,0,0.244844943885) (4,0,0.696936359584) (5,0,1.416672536560) (6,0,0.000000000000) (7,0,0.666054000866) (8,0,0.425607930734) (9,0,0.000000000000) (10,0,0.584057644735) 

policy_converges:
1
ipopt_converges:
0
