solve status: 0
N:
size: 27 17
(0,0,0.002871786576) (1,0,-0.999995876412) (3,0,-0.002871786576) (4,0,0.999995876412) (0,1,-0.002967088727) (1,1,-0.999995598183) (6,1,0.002967088727) (7,1,0.999995598183) (0,2,-0.708963679840) (1,2,-0.705244993365) (12,2,0.708963679840) (13,2,0.705244993365) (0,3,-0.999996904879) (1,3,-0.002488017602) (18,3,0.999996904879) (19,3,0.002488017602) (3,4,-0.008844066843) (4,4,-0.999960890476) (6,4,0.008844066843) (7,4,0.999960890476) (6,5,-0.999989891742) (7,5,0.004496266669) (15,5,0.999989891742) (16,5,-0.004496266669) (6,6,-0.999996803797) (7,6,0.002528318811) (24,6,0.999996803797) (25,6,-0.002528318811) (9,7,-0.007055964094) (10,7,-0.999975106376) (12,7,0.007055964094) (13,7,0.999975106376) (9,8,0.000189945149) (10,8,-0.999999981960) (15,8,-0.000189945149) (16,8,0.999999981960) (9,9,-0.999993790449) (10,9,0.003524069131) (18,9,0.999993790449) (19,9,-0.003524069131) (9,10,-0.707883004172) (10,10,-0.706329705169) (21,10,0.707883004172) (22,10,0.706329705169) (12,11,-0.705794589158) (13,11,0.708416542661) (18,11,0.705794589158) (19,11,-0.708416542661) (12,12,-0.706754446239) (13,12,-0.707458940662) (24,12,0.706754446239) (25,12,0.707458940662) (15,13,-0.710338844479) (16,13,0.703859876697) (21,13,0.710338844479) (22,13,-0.703859876697) (15,14,-0.999999825454) (16,14,0.000590839339) (24,14,0.999999825454) (25,14,-0.000590839339) (18,15,-0.004425807434) (19,15,-0.999990206066) (24,15,0.004425807434) (25,15,0.999990206066) (21,16,-0.005090013010) (22,16,-0.999987045800) (24,16,0.005090013010) (25,16,0.999987045800) 
Q:
size: 17 17
(0,0,2.000000000000) (1,0,0.999982953768) (2,0,0.703206092847) (3,0,-0.000383770345) (4,0,-0.999931368777) (0,1,0.999982953768) (1,1,2.000000000000) (2,1,0.707345447148) (3,1,0.005455086194) (4,1,0.999982729962) (5,1,0.001529188142) (6,1,-0.000438771562) (0,2,0.703206092847) (1,2,0.707345447148) (2,2,2.000000000000) (3,2,0.710716147470) (7,2,0.710229859530) (11,2,-0.000775509212) (12,2,-0.999995108862) (0,3,-0.000383770345) (1,3,0.005455086194) (2,3,0.710716147470) (3,3,2.000000000000) (9,3,0.999981927402) (11,3,0.704029851810) (15,3,-0.006913786970) (0,4,-0.999931368777) (1,4,0.999982729962) (4,4,2.000000000000) (5,4,-0.004347886622) (6,4,-0.006315818645) (1,5,0.001529188142) (4,5,-0.004347886622) (5,5,2.000000000000) (6,5,0.999998063567) (8,5,-0.004686209817) (13,5,-0.713496405894) (14,5,-0.999992373769) (1,6,-0.000438771562) (4,6,-0.006315818645) (5,6,0.999998063567) (6,6,2.000000000000) (12,6,0.704963505560) (14,6,0.999998123082) (15,6,0.001897499239) (16,6,0.002561710682) (2,7,0.710229859530) (7,7,2.000000000000) (8,7,0.999973748090) (9,7,0.003531938876) (10,7,0.711306919123) (11,7,0.703418846327) (12,7,-0.712428163440) (5,8,-0.004686209817) (7,8,0.999973748090) (8,8,2.000000000000) (9,8,-0.003714013037) (10,8,0.706195233485) (13,8,0.703994789418) (14,8,0.000780784444) (3,9,0.999981927402) (7,9,0.003531938876) (8,9,-0.003714013037) (9,9,2.000000000000) (10,9,0.705389453826) (11,9,0.708286715360) (15,9,-0.000901745335) (7,10,0.711306919123) (8,10,0.706195233485) (9,10,0.705389453826) (10,10,2.000000000000) (13,10,0.005679656022) (16,10,-0.709923688934) (2,11,-0.000775509212) (3,11,0.704029851810) (7,11,0.703418846327) (9,11,0.708286715360) (11,11,2.000000000000) (12,11,-0.002352152800) (15,11,0.705285893537) (2,12,-0.999995108862) (6,12,0.704963505560) (7,12,-0.712428163440) (11,12,-0.002352152800) (12,12,2.000000000000) (14,12,0.706336328305) (15,12,0.710579970938) (16,12,0.711047165423) (5,13,-0.713496405894) (8,13,0.703994789418) (10,13,0.005679656022) (13,13,2.000000000000) (14,13,0.710754588597) (16,13,0.700235124796) (5,14,-0.999992373769) (6,14,0.999998123082) (8,14,0.000780784444) (12,14,0.706336328305) (13,14,0.710754588597) (14,14,2.000000000000) (15,14,0.003834973109) (16,14,0.004499180437) (3,15,-0.006913786970) (6,15,0.001897499239) (9,15,-0.000901745335) (11,15,0.705285893537) (12,15,0.710579970938) (14,15,0.003834973109) (15,15,2.000000000000) (16,15,0.999999779410) (6,16,0.002561710682) (10,16,-0.709923688934) (12,16,0.711047165423) (13,16,0.700235124796) (14,16,0.004499180437) (15,16,0.999999779410) (16,16,2.000000000000) 
Minv:
size: 27 27
(0,0,1.000000000000) (1,1,1.000000000000) (2,2,2.000000000000) (3,3,1.000000000000) (4,4,1.000000000000) (5,5,2.000000000000) (6,6,1.000000000000) (7,7,1.000000000000) (8,8,2.000000000000) (9,9,1.000000000000) (10,10,1.000000000000) (11,11,2.000000000000) (12,12,1.000000000000) (13,13,1.000000000000) (14,14,2.000000000000) (15,15,1.000000000000) (16,16,1.000000000000) (17,17,2.000000000000) (18,18,1.000000000000) (19,19,1.000000000000) (20,20,2.000000000000) (21,21,1.000000000000) (22,22,1.000000000000) (23,23,2.000000000000) (24,24,1.000000000000) (25,25,1.000000000000) (26,26,2.000000000000) 
v0:
size: 27 1
(0,0,0.364358454020) (1,0,0.952680936794) (2,0,0.000000000000) (3,0,-0.135445507797) (4,0,-0.240693873569) (5,0,0.000000000000) (6,0,0.886579755175) (7,0,-0.423313905467) (8,0,0.000000000000) (9,0,0.878962103804) (10,0,0.515334486476) (11,0,0.000000000000) (12,0,0.813282478992) (13,0,-0.732658414514) (14,0,0.000000000000) (15,0,0.787342003297) (16,0,0.180212740387) (17,0,0.000000000000) (18,0,-0.715594084063) (19,0,0.160808774005) (20,0,0.000000000000) (21,0,0.888693803660) (22,0,0.370011127476) (23,0,0.000000000000) (24,0,-0.533948609972) (25,0,-0.495833568355) (26,0,0.000000000000) 
ipopt_sol:
size: 17 1
(0,0,0.673813202165) (1,0,1.036328801068) (2,0,0.000000000000) (3,0,0.178295995181) (4,0,0.000000000000) (5,0,0.946054683521) (6,0,0.000000000000) (7,0,1.048439970981) (8,0,0.000000000000) (9,0,1.199079495888) (10,0,0.000000000000) (11,0,0.856205587115) (12,0,0.289903763139) (13,0,0.000000000000) (14,0,1.689806261963) (15,0,0.000000000000) (16,0,0.766205756713) 
policy_sol:
size: 17 1
(0,0,0.673813209812) (1,0,1.036328788730) (2,0,0.000000000000) (3,0,0.178295992027) (4,0,0.000000000000) (5,0,0.946054676390) (6,0,0.000000000000) (7,0,1.048439957189) (8,0,0.000000000000) (9,0,1.199079492726) (10,0,0.000000000000) (11,0,0.856205590672) (12,0,0.289903761903) (13,0,0.000000000000) (14,0,1.689806250331) (15,0,0.000000000000) (16,0,0.766205752215) 

policy_converges:
1
ipopt_converges:
0
