solve status: 0
N:
size: 27 14
(0,0,0.004419352417) (1,0,-0.999990234614) (3,0,-0.004419352417) (4,0,0.999990234614) (0,1,-0.999981272673) (1,1,0.006119992116) (9,1,0.999981272673) (10,1,-0.006119992116) (0,2,-0.708000550338) (1,2,-0.706211880897) (12,2,0.708000550338) (13,2,0.706211880897) (0,3,-0.999994793324) (1,3,0.003226968332) (18,3,0.999994793324) (19,3,-0.003226968332) (3,4,-0.707511883989) (4,4,0.706701446167) (9,4,0.707511883989) (10,4,-0.706701446167) (3,5,-0.999997414669) (4,5,0.002273907312) (12,5,0.999997414669) (13,5,-0.002273907312) (3,6,-0.707540314980) (4,6,-0.706672981426) (15,6,0.707540314980) (16,6,0.706672981426) (3,7,-0.999997971156) (4,7,-0.002014369406) (21,7,0.999997971156) (22,7,0.002014369406) (6,8,-0.999987325468) (7,8,-0.005034769531) (15,8,0.999987325468) (16,8,0.005034769531) (9,9,0.002619548394) (10,9,-0.999996568977) (12,9,-0.002619548394) (13,9,0.999996568977) (9,10,0.000413885519) (10,10,-0.999999914349) (15,10,-0.000413885519) (16,10,0.999999914349) (12,11,-0.001783778247) (13,11,-0.999998409066) (15,11,0.001783778247) (16,11,0.999998409066) (15,12,-0.706784254335) (16,12,0.707429160993) (21,12,0.706784254335) (22,12,-0.707429160993) (21,13,0.000533878163) (22,13,-0.999999857487) (24,13,-0.000533878163) (25,13,0.999999857487) 
Q:
size: 14 14
(0,0,2.000000000000) (1,0,-0.010539202007) (2,0,0.703076080523) (3,0,-0.007646266227) (4,0,0.709821289309) (5,0,0.006693226098) (6,0,-0.703539210491) (7,0,0.002404993716) (0,1,-0.010539202007) (1,1,2.000000000000) (2,1,0.703665280237) (3,1,0.999995815115) (4,1,0.711823641462) (9,1,0.008739470455) (10,1,0.006533869360) (0,2,0.703076080523) (1,2,0.703665280237) (2,2,2.000000000000) (3,2,0.705717940633) (5,2,0.706392859563) (9,2,0.704354816164) (11,2,-0.707473673341) (0,3,-0.007646266227) (1,3,0.999995815115) (2,3,0.705717940633) (3,3,2.000000000000) (0,4,0.709821289309) (1,4,0.711823641462) (4,4,2.000000000000) (5,4,0.709117028423) (6,4,0.001186363310) (7,4,0.706086890786) (9,4,0.708552383077) (10,4,0.706994214560) (0,5,0.006693226098) (2,5,0.706392859563) (4,5,0.709117028423) (5,5,2.000000000000) (6,5,0.705931576895) (7,5,0.999990805341) (9,5,-0.004893441131) (11,5,0.000490130059) (0,6,-0.703539210491) (4,6,0.001186363310) (5,6,0.705931576895) (6,6,2.000000000000) (7,6,0.708962379925) (8,6,0.711089282833) (10,6,0.706380080208) (11,6,0.707933952179) (12,6,-0.000157279589) (0,7,0.002404993716) (4,7,0.706086890786) (5,7,0.999990805341) (6,7,0.708962379925) (7,7,2.000000000000) (12,7,0.705357796721) (13,7,-0.001480492039) (6,8,0.711089282833) (8,8,2.000000000000) (10,8,0.004620888827) (11,8,0.006818517159) (12,8,-0.703213553390) (1,9,0.008739470455) (2,9,0.704354816164) (4,9,0.708552383077) (5,9,-0.004893441131) (9,9,2.000000000000) (10,9,0.999997567520) (11,9,-0.999990305356) (1,10,0.006533869360) (4,10,0.706994214560) (6,10,0.706380080208) (8,10,0.004620888827) (9,10,0.999997567520) (10,10,2.000000000000) (11,10,0.999997585136) (12,10,0.707721628170) (2,11,-0.707473673341) (5,11,0.000490130059) (6,11,0.707933952179) (8,11,0.006818517159) (9,11,-0.999990305356) (10,11,0.999997585136) (11,11,2.000000000000) (12,11,0.706167289142) (6,12,-0.000157279589) (7,12,0.705357796721) (8,12,-0.703213553390) (10,12,0.707721628170) (11,12,0.706167289142) (12,12,2.000000000000) (13,12,0.707806396855) (7,13,-0.001480492039) (12,13,0.707806396855) (13,13,2.000000000000) 
Minv:
size: 27 27
(0,0,1.000000000000) (1,1,1.000000000000) (2,2,2.000000000000) (3,3,1.000000000000) (4,4,1.000000000000) (5,5,2.000000000000) (6,6,1.000000000000) (7,7,1.000000000000) (8,8,2.000000000000) (9,9,1.000000000000) (10,10,1.000000000000) (11,11,2.000000000000) (12,12,1.000000000000) (13,13,1.000000000000) (14,14,2.000000000000) (15,15,1.000000000000) (16,16,1.000000000000) (17,17,2.000000000000) (18,18,1.000000000000) (19,19,1.000000000000) (20,20,2.000000000000) (21,21,1.000000000000) (22,22,1.000000000000) (23,23,2.000000000000) (24,24,1.000000000000) (25,25,1.000000000000) (26,26,2.000000000000) 
v0:
size: 27 1
(0,0,0.563659346078) (1,0,0.357126880974) (2,0,0.000000000000) (3,0,0.965666052403) (4,0,-0.426578945034) (5,0,0.000000000000) (6,0,0.326695169746) (7,0,0.910598737705) (8,0,0.000000000000) (9,0,-0.409874882977) (10,0,0.126578216529) (11,0,0.000000000000) (12,0,0.435883652288) (13,0,-0.527312888958) (14,0,0.000000000000) (15,0,0.333815328779) (16,0,-0.541694323999) (17,0,0.000000000000) (18,0,0.406831685789) (19,0,-0.773676823419) (20,0,0.000000000000) (21,0,0.676739979866) (22,0,0.078794994263) (23,0,0.000000000000) (24,0,0.539120218799) (25,0,-0.151844220653) (26,0,0.000000000000) 
ipopt_sol:
size: 14 1
(0,0,0.847326417541) (1,0,0.742059069450) (2,0,0.006001008731) (3,0,0.000000000000) (4,0,0.647797811219) (5,0,0.004981311845) (6,0,0.824340329738) (7,0,0.000000000000) (8,0,0.000000000000) (9,0,0.421261192459) (10,0,0.000000000000) (11,0,0.000000000000) (12,0,0.131517636636) (13,0,0.184021197599) 
policy_sol:
size: 14 1
(0,0,0.851590557477) (1,0,0.746326709053) (2,0,0.000000000000) (3,0,0.000000000000) (4,0,0.641750288441) (5,0,0.009241170682) (6,0,0.824340313235) (7,0,0.000000000000) (8,0,0.000000000000) (9,0,0.425508879727) (10,0,0.000000000000) (11,0,0.000000000000) (12,0,0.131517628538) (13,0,0.184021200472) 

policy_converges:
1
ipopt_converges:
0
