solve status: 0
N:
size: 27 15
(0,0,0.002389215463) (1,0,-0.999997145821) (3,0,-0.002389215463) (4,0,0.999997145821) (0,1,0.000514173372) (1,1,-0.999999867813) (6,1,-0.000514173372) (7,1,0.999999867813) (0,2,-0.999997642798) (1,2,0.002171266674) (18,2,0.999997642798) (19,2,-0.002171266674) (3,3,-0.711522210192) (4,3,0.702663606858) (9,3,0.711522210192) (10,3,-0.702663606858) (3,4,-0.999994428562) (4,4,-0.003338089882) (12,4,0.999994428562) (13,4,0.003338089882) (3,5,-0.708732416246) (4,5,-0.705477400178) (15,5,0.708732416246) (16,5,0.705477400178) (6,6,-0.707943034813) (7,6,0.706269537401) (12,6,0.707943034813) (13,6,-0.706269537401) (6,7,-0.999998570322) (7,7,-0.001690962629) (15,7,0.999998570322) (16,7,0.001690962629) (6,8,-0.999999987146) (7,8,-0.000160339881) (24,8,0.999999987146) (25,8,0.000160339881) (9,9,-0.999992576551) (10,9,0.003853160148) (18,9,0.999992576551) (19,9,-0.003853160148) (12,10,-0.707678768164) (13,10,0.706534331148) (18,10,0.707678768164) (19,10,-0.706534331148) (12,11,-0.708764847715) (13,11,-0.705444817575) (24,11,0.708764847715) (25,11,0.705444817575) (18,12,-0.000032952944) (19,12,-0.999999999457) (21,12,0.000032952944) (22,12,0.999999999457) (18,13,0.001836238330) (19,13,-0.999998314113) (24,13,-0.001836238330) (25,13,0.999998314113) (21,14,0.003706718184) (22,14,-0.999993130097) (24,14,-0.003706718184) (25,14,0.999993130097) 
Q:
size: 15 15
(0,0,2.000000000000) (1,0,0.999998242105) (2,0,-0.004560470308) (3,0,0.704361581197) (4,0,-0.000948878203) (5,0,-0.703782072171) (0,1,0.999998242105) (1,1,2.000000000000) (2,1,-0.002685438547) (6,1,0.706633449499) (7,1,-0.001176789768) (8,1,0.000353833506) (0,2,-0.004560470308) (1,2,-0.002685438547) (2,2,2.000000000000) (9,2,0.999998585604) (10,2,0.709211174469) (12,2,0.002138313807) (13,2,0.004007497015) (0,3,0.704361581197) (3,3,2.000000000000) (4,3,0.709172691714) (5,3,0.008565560677) (9,3,-0.714224403651) (0,4,-0.000948878203) (3,4,0.709172691714) (4,4,2.000000000000) (5,4,0.711083414560) (6,4,0.705581499355) (10,4,-0.705316350274) (11,4,-0.711115737084) (0,5,-0.703782072171) (3,5,0.008565560677) (4,5,0.711083414560) (5,5,2.000000000000) (7,5,0.709924338906) (1,6,0.706633449499) (4,6,0.705581499355) (6,6,2.000000000000) (7,6,0.706747747288) (8,6,0.707829782539) (10,6,-0.999999930024) (11,6,-0.003530952290) (1,7,-0.001176789768) (5,7,0.709924338906) (6,7,0.706747747288) (7,7,2.000000000000) (8,7,0.999998828596) (1,8,0.000353833506) (6,8,0.707829782539) (7,8,0.999998828596) (8,8,2.000000000000) (11,8,0.708877949543) (13,8,-0.001675898695) (14,8,-0.003546379357) (2,9,0.999998585604) (3,9,-0.714224403651) (9,9,2.000000000000) (10,9,0.710395904675) (12,9,0.003820207447) (13,9,0.005689378351) (2,10,0.709211174469) (4,10,-0.705316350274) (6,10,-0.999999930024) (9,10,0.710395904675) (10,10,2.000000000000) (11,10,0.003156852003) (12,10,0.706511010665) (13,10,0.707832606890) (4,11,-0.711115737084) (6,11,-0.003530952290) (8,11,0.708877949543) (10,11,0.003156852003) (11,11,2.000000000000) (13,11,0.704142167094) (14,11,0.702812779687) (2,12,0.002138313807) (9,12,0.003820207447) (10,12,0.706511010665) (12,12,2.000000000000) (13,12,0.999998253061) (14,12,-0.999993007406) (2,13,0.004007497015) (8,13,-0.001675898695) (9,13,0.005689378351) (10,13,0.707832606890) (11,13,0.704142167094) (12,13,0.999998253061) (13,13,2.000000000000) (14,13,0.999998250639) (8,14,-0.003546379357) (11,14,0.702812779687) (12,14,-0.999993007406) (13,14,0.999998250639) (14,14,2.000000000000) 
Minv:
size: 27 27
(0,0,1.000000000000) (1,1,1.000000000000) (2,2,2.000000000000) (3,3,1.000000000000) (4,4,1.000000000000) (5,5,2.000000000000) (6,6,1.000000000000) (7,7,1.000000000000) (8,8,2.000000000000) (9,9,1.000000000000) (10,10,1.000000000000) (11,11,2.000000000000) (12,12,1.000000000000) (13,13,1.000000000000) (14,14,2.000000000000) (15,15,1.000000000000) (16,16,1.000000000000) (17,17,2.000000000000) (18,18,1.000000000000) (19,19,1.000000000000) (20,20,2.000000000000) (21,21,1.000000000000) (22,22,1.000000000000) (23,23,2.000000000000) (24,24,1.000000000000) (25,25,1.000000000000) (26,26,2.000000000000) 
v0:
size: 27 1
(0,0,-0.245511703322) (1,0,-0.523226899424) (2,0,0.000000000000) (3,0,0.433924660228) (4,0,-0.620211538972) (5,0,0.000000000000) (6,0,0.680953137555) (7,0,-0.542116142218) (8,0,0.000000000000) (9,0,-0.049920640799) (10,0,-0.658661460861) (11,0,0.000000000000) (12,0,0.252119443820) (13,0,0.153655608426) (14,0,0.000000000000) (15,0,-0.889640854425) (16,0,0.292539515930) (17,0,0.000000000000) (18,0,-0.836265433460) (19,0,0.924706375049) (20,0,0.000000000000) (21,0,0.775170042952) (22,0,-0.550929806049) (23,0,0.000000000000) (24,0,-0.606414886676) (25,0,-0.591091477292) (26,0,0.000000000000) 
ipopt_sol:
size: 15 1
(0,0,0.099091642489) (1,0,0.000000000000) (2,0,0.000000000000) (3,0,0.000000000000) (4,0,1.020056960207) (5,0,0.000000000000) (6,0,0.857506996665) (7,0,1.266159814466) (8,0,0.000000000000) (9,0,0.174758782854) (10,0,1.734338595096) (11,0,1.495342598190) (12,0,0.862584614534) (13,0,0.000000000000) (14,0,0.000000000000) 
policy_sol:
size: 15 1
(0,0,0.099091637501) (1,0,0.000000000000) (2,0,0.000000000000) (3,0,0.000000000000) (4,0,1.020056942470) (5,0,0.000000000000) (6,0,0.857506984924) (7,0,1.266159810071) (8,0,0.000000000000) (9,0,0.174758790222) (10,0,1.734338570196) (11,0,1.495342581324) (12,0,0.862584623305) (13,0,0.000000000000) (14,0,0.000000000000) 

policy_converges:
1
ipopt_converges:
0
