solve status: 0
N:
size: 27 13
(0,0,-0.001885197013) (1,0,-0.999998223015) (6,0,0.001885197013) (7,0,0.999998223015) (0,1,-0.999986410473) (1,1,0.005213335739) (9,1,0.999986410473) (10,1,-0.005213335739) (0,2,-0.999999807690) (1,2,0.000620177819) (18,2,0.999999807690) (19,2,-0.000620177819) (3,3,-0.005446578020) (4,3,-0.999985167284) (6,3,0.005446578020) (7,3,0.999985167284) (6,4,-0.708680322902) (7,4,0.705529730013) (12,4,0.708680322902) (13,4,-0.705529730013) (6,5,-0.999998118585) (7,5,-0.001939800574) (24,5,0.999998118585) (25,5,0.001939800574) (12,6,-0.003600059217) (13,6,-0.999993519766) (15,6,0.003600059217) (16,6,0.999993519766) (12,7,-0.999983311671) (13,7,0.005777229390) (21,7,0.999983311671) (22,7,-0.005777229390) (12,8,-0.708322280505) (13,8,-0.705889188854) (24,8,0.708322280505) (25,8,0.705889188854) (15,9,-0.704045110066) (16,9,0.710155252738) (21,9,0.704045110066) (22,9,-0.710155252738) (15,10,-0.999997837047) (16,10,-0.002079880045) (24,10,0.999997837047) (25,10,0.002079880045) (18,11,-0.001040049729) (19,11,-0.999999459148) (24,11,0.001040049729) (25,11,0.999999459148) (21,12,-0.004772435975) (22,12,-0.999988611863) (24,12,0.004772435975) (25,12,0.999988611863) 
Q:
size: 13 13
(0,0,2.000000000000) (1,0,-0.003328155081) (2,0,0.001265019934) (3,0,0.999993658197) (4,0,0.704192474268) (5,0,-0.003824990594) (0,1,-0.003328155081) (1,1,2.000000000000) (2,1,0.999989451360) (0,2,0.001265019934) (1,2,0.999989451360) (2,2,2.000000000000) (11,2,-0.000419872046) (0,3,0.999993658197) (3,3,2.000000000000) (4,3,0.701659382421) (5,3,-0.007386339574) (0,4,0.704192474268) (3,4,0.701659382421) (4,4,2.000000000000) (5,4,0.707310402605) (6,4,0.702973866887) (7,4,-0.712744503303) (8,4,-0.003948253636) (0,5,-0.003824990594) (3,5,-0.007386339574) (4,5,0.707310402605) (5,5,2.000000000000) (8,5,0.709690232110) (10,5,0.999999990189) (11,5,0.002979847297) (12,5,0.006712205479) (4,6,0.702973866887) (6,6,2.000000000000) (7,6,-0.002177192814) (8,6,0.708434616681) (9,6,0.707616046679) (10,6,-0.005679917996) (4,7,-0.712744503303) (6,7,-0.002177192814) (7,7,2.000000000000) (8,7,0.704232376022) (9,7,0.708136090527) (12,7,0.001004807267) (4,8,-0.003948253636) (5,8,0.709690232110) (6,8,0.708434616681) (7,8,0.704232376022) (8,8,2.000000000000) (10,8,0.709788913275) (11,8,0.706625497468) (12,8,0.709261572824) (6,9,0.707616046679) (7,9,0.708136090527) (9,9,2.000000000000) (10,9,0.702566549511) (12,9,0.706787155182) (5,10,0.999999990189) (6,10,-0.005679917996) (8,10,0.709788913275) (9,10,0.702566549511) (10,10,2.000000000000) (11,10,0.003119926399) (12,10,0.006852282011) (2,11,-0.000419872046) (5,11,0.002979847297) (8,11,0.706625497468) (10,11,0.003119926399) (11,11,2.000000000000) (12,11,0.999993034588) (5,12,0.006712205479) (7,12,0.001004807267) (8,12,0.709261572824) (9,12,0.706787155182) (10,12,0.006852282011) (11,12,0.999993034588) (12,12,2.000000000000) 
Minv:
size: 27 27
(0,0,1.000000000000) (1,1,1.000000000000) (2,2,2.000000000000) (3,3,1.000000000000) (4,4,1.000000000000) (5,5,2.000000000000) (6,6,1.000000000000) (7,7,1.000000000000) (8,8,2.000000000000) (9,9,1.000000000000) (10,10,1.000000000000) (11,11,2.000000000000) (12,12,1.000000000000) (13,13,1.000000000000) (14,14,2.000000000000) (15,15,1.000000000000) (16,16,1.000000000000) (17,17,2.000000000000) (18,18,1.000000000000) (19,19,1.000000000000) (20,20,2.000000000000) (21,21,1.000000000000) (22,22,1.000000000000) (23,23,2.000000000000) (24,24,1.000000000000) (25,25,1.000000000000) (26,26,2.000000000000) 
v0:
size: 27 1
(0,0,0.331639361006) (1,0,-0.599613394899) (2,0,0.000000000000) (3,0,-0.584853029890) (4,0,-0.009991173671) (5,0,0.000000000000) (6,0,0.024443414909) (7,0,-0.733376888050) (8,0,0.000000000000) (9,0,-0.181574187364) (10,0,-0.654365945601) (11,0,0.000000000000) (12,0,0.247136689384) (13,0,0.591406796595) (14,0,0.000000000000) (15,0,0.793076697982) (16,0,-0.239751026831) (17,0,0.000000000000) (18,0,-0.156335945896) (19,0,0.085989998769) (20,0,0.000000000000) (21,0,-0.551554830552) (22,0,0.098385937794) (23,0,0.000000000000) (24,0,-0.699157241272) (25,0,-0.849951096560) (26,0,0.000000000000) 
ipopt_sol:
size: 13 1
(0,0,0.000000000000) (1,0,0.358219226930) (2,0,0.309407071152) (3,0,0.431596823059) (4,0,0.822221132112) (5,0,0.000000000000) (6,0,0.160960541215) (7,0,0.707088085086) (8,0,0.694547863959) (9,0,0.387572398926) (10,0,1.109477385853) (11,0,0.544862049760) (12,0,0.289171408947) 
policy_sol:
size: 13 1
(0,0,0.000000000000) (1,0,0.358219226956) (2,0,0.309407071133) (3,0,0.431596821072) (4,0,0.822221123628) (5,0,0.000000000000) (6,0,0.000000000000) (7,0,0.547078175697) (8,0,0.921262039985) (9,0,0.613758272110) (10,0,0.949652511067) (11,0,0.544862050671) (12,0,0.129466919115) 

policy_converges:
1
ipopt_converges:
0
