solve status: 0
N:
size: 27 13
(0,0,-0.000459688920) (1,0,-0.999999894343) (3,0,0.000459688920) (4,0,0.999999894343) (3,1,-0.709434499145) (4,1,0.704771375286) (9,1,0.709434499145) (10,1,-0.704771375286) (3,2,-0.706628398332) (4,2,-0.707584840617) (15,2,0.706628398332) (16,2,0.707584840617) (3,3,-0.999999651287) (4,3,-0.000835120784) (21,3,0.999999651287) (22,3,0.000835120784) (6,4,-0.703669629418) (7,4,0.710527306044) (12,4,0.703669629418) (13,4,-0.710527306044) (6,5,-0.999999087980) (7,5,0.001350570184) (15,5,0.999999087980) (16,5,-0.001350570184) (9,6,0.002106854867) (10,6,-0.999997780579) (12,6,-0.002106854867) (13,6,0.999997780579) (9,7,0.001134003934) (10,7,-0.999999357017) (15,7,-0.001134003934) (16,7,0.999999357017) (9,8,-0.705068085672) (10,8,-0.709139615708) (21,8,0.705068085672) (22,8,0.709139615708) (12,9,0.000172268231) (13,9,-0.999999985162) (15,9,-0.000172268231) (16,9,0.999999985162) (12,10,-0.709584180932) (13,10,0.704620671121) (18,10,0.709584180932) (19,10,-0.704620671121) (12,11,-0.999989446384) (13,11,-0.004594248572) (21,11,0.999989446384) (22,11,0.004594248572) (15,12,-0.705043680491) (16,12,0.709163879932) (21,12,0.705043680491) (22,12,-0.709163879932) 
Q:
size: 13 13
(0,0,2.000000000000) (1,0,0.704445181643) (2,0,-0.707909595101) (3,0,-0.001294809456) (0,1,0.704445181643) (1,1,2.000000000000) (2,1,0.002621022600) (3,1,0.708845682533) (6,1,0.706264486628) (7,1,0.705575423643) (8,1,-0.000418321990) (0,2,-0.707909595101) (1,2,0.002621022600) (2,2,2.000000000000) (3,2,0.707219070728) (5,2,0.705672110885) (7,2,0.706783066269) (9,2,0.707463100493) (12,2,0.003589724253) (0,3,-0.001294809456) (1,3,0.708845682533) (2,3,0.707219070728) (3,3,2.000000000000) (8,3,0.705660057037) (11,3,0.999992934427) (12,3,0.704451197137) (4,4,2.000000000000) (5,4,0.704628604651) (6,4,-0.712008258868) (9,4,0.710648515423) (10,4,-0.999965064872) (11,4,-0.700397864098) (2,5,0.705672110885) (4,5,0.704628604651) (5,5,2.000000000000) (7,5,-0.002484572215) (9,5,-0.001522838237) (12,5,-0.706000813068) (1,6,0.706264486628) (4,6,-0.712008258868) (6,6,2.000000000000) (7,6,0.999999526779) (8,6,0.707652565701) (9,6,-0.999998128685) (10,6,0.706114098156) (11,6,-0.002487405744) (1,7,0.705575423643) (2,7,0.706783066269) (5,7,-0.002484572215) (6,7,0.999999526779) (7,7,2.000000000000) (8,7,0.708339609761) (9,7,0.999999537532) (12,7,0.709962946259) (1,8,-0.000418321990) (3,8,0.705660057037) (6,8,0.707652565701) (7,8,0.708339609761) (8,8,2.000000000000) (11,8,0.708318608322) (12,8,-0.005792403170) (2,9,0.707463100493) (4,9,0.710648515423) (5,9,-0.001522838237) (6,9,-0.999998128685) (7,9,0.999999537532) (9,9,2.000000000000) (10,9,-0.704742899477) (11,9,0.004421982091) (12,9,0.709285326037) (4,10,-0.999965064872) (6,10,0.706114098156) (9,10,-0.704742899477) (10,10,2.000000000000) (11,10,0.706339489741) (3,11,0.999992934427) (4,11,-0.700397864098) (6,11,-0.002487405744) (8,11,0.708318608322) (9,11,0.004421982091) (10,11,0.706339489741) (11,11,2.000000000000) (12,11,0.701778164588) (2,12,0.003589724253) (3,12,0.704451197137) (5,12,-0.706000813068) (7,12,0.709962946259) (8,12,-0.005792403170) (9,12,0.709285326037) (11,12,0.701778164588) (12,12,2.000000000000) 
Minv:
size: 27 27
(0,0,1.000000000000) (1,1,1.000000000000) (2,2,2.000000000000) (3,3,1.000000000000) (4,4,1.000000000000) (5,5,2.000000000000) (6,6,1.000000000000) (7,7,1.000000000000) (8,8,2.000000000000) (9,9,1.000000000000) (10,10,1.000000000000) (11,11,2.000000000000) (12,12,1.000000000000) (13,13,1.000000000000) (14,14,2.000000000000) (15,15,1.000000000000) (16,16,1.000000000000) (17,17,2.000000000000) (18,18,1.000000000000) (19,19,1.000000000000) (20,20,2.000000000000) (21,21,1.000000000000) (22,22,1.000000000000) (23,23,2.000000000000) (24,24,1.000000000000) (25,25,1.000000000000) (26,26,2.000000000000) 
v0:
size: 27 1
(0,0,-0.924253288825) (1,0,-0.537453070742) (2,0,0.000000000000) (3,0,-0.097751284667) (4,0,-0.704292797307) (5,0,0.000000000000) (6,0,0.273990232933) (7,0,-0.685191836902) (8,0,0.000000000000) (9,0,-0.203574866009) (10,0,0.637032637097) (11,0,0.000000000000) (12,0,0.139161481232) (13,0,-0.170202224303) (14,0,0.000000000000) (15,0,-0.803648014321) (16,0,-0.409404868065) (17,0,0.000000000000) (18,0,0.282700164887) (19,0,0.266644627463) (20,0,0.000000000000) (21,0,-0.707307369305) (22,0,0.410237786057) (23,0,0.000000000000) (24,0,0.435028966309) (25,0,0.568813332697) (26,0,0.000000000000) 
ipopt_sol:
size: 13 1
(0,0,0.000000000000) (1,0,0.674289214481) (2,0,0.000000000000) (3,0,0.000000000000) (4,0,0.664696809195) (5,0,0.990045509343) (6,0,0.980124225610) (7,0,0.000000000000) (8,0,0.000000000000) (9,0,0.344977529022) (10,0,0.000000000000) (11,0,0.931943276081) (12,0,0.413470605544) 
policy_sol:
size: 13 1
(0,0,0.000000000000) (1,0,0.555976063501) (2,0,0.000000000000) (3,0,0.000000000000) (4,0,0.876244011014) (5,0,0.840764282619) (6,0,276.117990043301) (7,0,-275.071198300385) (8,0,0.000000000000) (9,0,275.316591099523) (10,0,0.000000000000) (11,0,0.683002981068) (12,0,0.576638593630) 

policy_converges:
0
ipopt_converges:
0
