solve status: 0
N:
size: 27 13
(0,0,-0.004379904113) (1,0,-0.999990408174) (3,0,0.004379904113) (4,0,0.999990408174) (0,1,-0.000660083138) (1,1,-0.999999782145) (6,1,0.000660083138) (7,1,0.999999782145) (3,2,-0.709788882764) (4,2,0.704414467416) (9,2,0.709788882764) (10,2,-0.704414467416) (3,3,-0.705470551848) (4,3,-0.708739233057) (15,3,0.705470551848) (16,3,0.708739233057) (6,4,-0.709917521469) (7,4,0.704284823570) (12,4,0.709917521469) (13,4,-0.704284823570) (6,5,-0.999999000074) (7,5,-0.001414161060) (15,5,0.999999000074) (16,5,0.001414161060) (6,6,-0.999994595013) (7,6,-0.003287847952) (24,6,0.999994595013) (25,6,0.003287847952) (9,7,0.002689704815) (10,7,-0.999996382737) (12,7,-0.002689704815) (13,7,0.999996382737) (9,8,0.003776910369) (10,8,-0.999992867449) (15,8,-0.003776910369) (16,8,0.999992867449) (9,9,-0.708475198568) (10,9,-0.705735710457) (21,9,0.708475198568) (22,9,0.705735710457) (12,10,0.004866117980) (13,10,-0.999988160378) (15,10,-0.004866117980) (16,10,0.999988160378) (12,11,-0.999996154995) (13,11,0.002773083991) (21,11,0.999996154995) (22,11,-0.002773083991) (15,12,-0.709811351742) (16,12,0.704391826286) (21,12,0.709811351742) (22,12,-0.704391826286) 
Q:
size: 13 13
(0,0,2.000000000000) (1,0,0.999993081422) (2,0,0.701298903548) (3,0,-0.711822328325) (0,1,0.999993081422) (1,1,2.000000000000) (4,1,0.703816065553) (5,1,-0.002074243230) (6,1,-0.003947926806) (0,2,0.701298903548) (2,2,2.000000000000) (3,2,0.001488985428) (7,2,0.706321041940) (8,2,0.707090252135) (9,2,-0.005737375039) (0,3,-0.711822328325) (2,3,0.001488985428) (3,3,2.000000000000) (5,3,0.706472117855) (8,3,0.706069678896) (10,3,0.705297938916) (12,3,-0.001520883288) (1,4,0.703816065553) (4,4,2.000000000000) (5,4,0.708920839431) (6,4,0.707598102960) (7,4,-0.706191744563) (10,4,0.707731027520) (11,4,-0.711867832802) (1,5,-0.002074243230) (3,5,0.706472117855) (4,5,0.708920839431) (5,5,2.000000000000) (6,5,0.999998244639) (8,5,-0.002362755619) (10,5,-0.003451968798) (12,5,-0.708814518491) (1,6,-0.003947926806) (4,6,0.707598102960) (5,6,0.999998244639) (6,6,2.000000000000) (2,7,0.706321041940) (4,7,-0.706191744563) (7,7,2.000000000000) (8,7,0.999999408986) (9,7,0.703827568473) (10,7,-0.999997631579) (11,7,0.005462768433) (2,8,0.707090252135) (3,8,0.706069678896) (5,8,-0.002362755619) (7,8,0.999999408986) (8,8,2.000000000000) (9,8,0.703054829438) (10,8,0.999999406802) (12,8,0.707067696029) (2,9,-0.005737375039) (7,9,0.703827568473) (8,9,0.703054829438) (9,9,2.000000000000) (11,9,0.706515410077) (12,9,0.005769272407) (3,10,0.705297938916) (4,10,0.707731027520) (5,10,-0.003451968798) (7,10,-0.999997631579) (8,10,0.999999406802) (10,10,2.000000000000) (11,10,-0.007639150429) (12,10,0.707837512334) (4,11,-0.711867832802) (7,11,0.005462768433) (9,11,0.706515410077) (10,11,-0.007639150429) (11,11,2.000000000000) (12,11,0.711761960211) (3,12,-0.001520883288) (5,12,-0.708814518491) (8,12,0.707067696029) (9,12,0.005769272407) (10,12,0.707837512334) (11,12,0.711761960211) (12,12,2.000000000000) 
Minv:
size: 27 27
(0,0,1.000000000000) (1,1,1.000000000000) (2,2,2.000000000000) (3,3,1.000000000000) (4,4,1.000000000000) (5,5,2.000000000000) (6,6,1.000000000000) (7,7,1.000000000000) (8,8,2.000000000000) (9,9,1.000000000000) (10,10,1.000000000000) (11,11,2.000000000000) (12,12,1.000000000000) (13,13,1.000000000000) (14,14,2.000000000000) (15,15,1.000000000000) (16,16,1.000000000000) (17,17,2.000000000000) (18,18,1.000000000000) (19,19,1.000000000000) (20,20,2.000000000000) (21,21,1.000000000000) (22,22,1.000000000000) (23,23,2.000000000000) (24,24,1.000000000000) (25,25,1.000000000000) (26,26,2.000000000000) 
v0:
size: 27 1
(0,0,-0.412065771577) (1,0,0.200450010479) (2,0,0.000000000000) (3,0,-0.622796200300) (4,0,-0.813457179296) (5,0,0.000000000000) (6,0,0.922118984247) (7,0,0.030866352046) (8,0,0.000000000000) (9,0,-0.303455405162) (10,0,0.904216289757) (11,0,0.000000000000) (12,0,-0.228920351704) (13,0,0.877020297394) (14,0,0.000000000000) (15,0,-0.532579099250) (16,0,-0.989911324816) (17,0,0.000000000000) (18,0,0.284744975366) (19,0,-0.959604941833) (20,0,0.000000000000) (21,0,-0.348819546612) (22,0,0.070508731394) (23,0,0.000000000000) (24,0,0.189086209494) (25,0,0.784490228295) (26,0,0.000000000000) 
ipopt_sol:
size: 13 1
(0,0,0.950313037217) (1,0,0.000000000000) (2,0,0.183965517476) (3,0,0.000000000000) (4,0,0.778619854513) (5,0,1.241650477550) (6,0,0.000000000000) (7,0,0.811908072370) (8,0,0.507661830207) (9,0,0.041137581030) (10,0,1.687508811980) (11,0,0.326266198901) (12,0,0.163619284577) 
policy_sol:
size: 13 1
(0,0,0.950313034133) (1,0,0.000000000000) (2,0,0.183965522162) (3,0,0.000000000000) (4,0,0.778619845365) (5,0,1.241650473355) (6,0,0.000000000000) (7,0,1.320116444000) (8,0,0.000000000000) (9,0,0.040360618685) (10,0,2.195724433381) (11,0,0.327372303406) (12,0,0.162836482528) 

policy_converges:
1
ipopt_converges:
0
