solve status: 0
N:
size: 27 14
(0,0,-0.002549911403) (1,0,-0.999996748971) (3,0,0.002549911403) (4,0,0.999996748971) (0,1,-0.001850777351) (1,1,-0.999998287310) (6,1,0.001850777351) (7,1,0.999998287310) (0,2,-0.999967813857) (1,2,-0.008023169631) (9,2,0.999967813857) (10,2,0.008023169631) (0,3,-0.704703310361) (1,3,-0.709502110191) (12,3,0.704703310361) (13,3,0.709502110191) (3,4,-0.001149012659) (4,4,-0.999999339885) (6,4,0.001149012659) (7,4,0.999999339885) (3,5,-0.709333985177) (4,5,-0.704872539877) (15,5,0.709333985177) (16,5,0.704872539877) (6,6,-0.706371567444) (7,6,0.707841231285) (12,6,0.706371567444) (13,6,-0.707841231285) (6,7,-0.999993542397) (7,7,0.003593767476) (15,7,0.999993542397) (16,7,-0.003593767476) (6,8,-0.999999679490) (7,8,0.000800637607) (24,8,0.999999679490) (25,8,-0.000800637607) (12,9,-0.006006820307) (13,9,-0.999981958892) (15,9,0.006006820307) (16,9,0.999981958892) (12,10,-0.708892647342) (13,10,-0.705316393220) (24,10,0.708892647342) (25,10,0.705316393220) (15,11,-0.999997978886) (16,11,-0.002010528472) (24,11,0.999997978886) (25,11,0.002010528472) (18,12,0.002289196217) (19,12,-0.999997379787) (24,12,-0.002289196217) (25,12,0.999997379787) (21,13,0.006200157260) (22,13,-0.999980778840) (24,13,-0.006200157260) (25,13,0.999980778840) 
Q:
size: 14 14
(0,0,2.000000000000) (1,0,0.999999755605) (2,0,0.010572972879) (3,0,0.711296734586) (4,0,-0.999999018738) (5,0,-0.706678987134) (0,1,0.999999755605) (1,1,2.000000000000) (2,1,0.009873873672) (3,1,0.710805143960) (4,1,0.999999753763) (6,1,0.706532682474) (7,1,0.001742995922) (8,1,-0.001050140522) (0,2,0.010572972879) (1,2,0.009873873672) (2,2,2.000000000000) (3,2,0.710373084463) (0,3,0.711296734586) (1,3,0.710805143960) (2,3,0.710373084463) (3,3,2.000000000000) (6,3,-0.004432465354) (9,3,-0.713722336142) (10,3,-0.999982464615) (0,4,-0.999999018738) (1,4,0.999999753763) (4,4,2.000000000000) (5,4,0.705687108308) (6,4,0.707029134155) (7,4,0.002444759865) (8,4,-0.000348375212) (0,5,-0.706678987134) (4,5,0.705687108308) (5,5,2.000000000000) (7,5,0.706796256571) (9,5,0.709120664983) (11,5,-0.710749717842) (1,6,0.706532682474) (3,6,-0.004432465354) (4,6,0.707029134155) (6,6,2.000000000000) (7,6,0.708910822772) (8,6,0.706938065354) (9,6,0.703585413969) (10,6,-0.001489586231) (1,7,0.001742995922) (4,7,0.002444759865) (5,7,0.706796256571) (6,7,0.708910822772) (7,7,2.000000000000) (8,7,0.999996099194) (9,7,0.002413078877) (11,7,-0.999984295924) (1,8,-0.001050140522) (4,8,-0.000348375212) (6,8,0.706938065354) (7,8,0.999996099194) (8,8,2.000000000000) (10,8,0.708327717306) (11,8,0.999996048671) (12,8,-0.003089830993) (13,8,-0.007000777490) (3,9,-0.713722336142) (5,9,0.709120664983) (6,9,0.703585413969) (7,9,0.002413078877) (9,9,2.000000000000) (10,9,0.709561859280) (11,9,-0.008017300367) (3,10,-0.999982464615) (6,10,-0.001489586231) (8,10,0.708327717306) (9,10,0.709561859280) (10,10,2.000000000000) (11,10,0.710309273280) (12,10,0.703691750773) (13,10,0.700907590327) (5,11,-0.710749717842) (7,11,-0.999984295924) (8,11,0.999996048671) (9,11,-0.008017300367) (10,11,0.710309273280) (11,11,2.000000000000) (12,11,-0.000278668386) (13,11,-0.004189654901) (8,12,-0.003089830993) (10,12,0.703691750773) (11,12,-0.000278668386) (12,12,2.000000000000) (13,12,0.999992352054) (8,13,-0.007000777490) (10,13,0.700907590327) (11,13,-0.004189654901) (12,13,0.999992352054) (13,13,2.000000000000) 
Minv:
size: 27 27
(0,0,1.000000000000) (1,1,1.000000000000) (2,2,2.000000000000) (3,3,1.000000000000) (4,4,1.000000000000) (5,5,2.000000000000) (6,6,1.000000000000) (7,7,1.000000000000) (8,8,2.000000000000) (9,9,1.000000000000) (10,10,1.000000000000) (11,11,2.000000000000) (12,12,1.000000000000) (13,13,1.000000000000) (14,14,2.000000000000) (15,15,1.000000000000) (16,16,1.000000000000) (17,17,2.000000000000) (18,18,1.000000000000) (19,19,1.000000000000) (20,20,2.000000000000) (21,21,1.000000000000) (22,22,1.000000000000) (23,23,2.000000000000) (24,24,1.000000000000) (25,25,1.000000000000) (26,26,2.000000000000) 
v0:
size: 27 1
(0,0,-0.069076434270) (1,0,0.833501597802) (2,0,0.000000000000) (3,0,-0.850793249792) (4,0,0.832270584487) (5,0,0.000000000000) (6,0,-0.282481668309) (7,0,0.072860524444) (8,0,0.000000000000) (9,0,-0.518726971798) (10,0,-0.667216774286) (11,0,0.000000000000) (12,0,-0.089499284011) (13,0,0.783920991630) (14,0,0.000000000000) (15,0,-0.447146084660) (16,0,0.007849000895) (17,0,0.000000000000) (18,0,0.796031313677) (19,0,-0.154254958504) (20,0,0.000000000000) (21,0,0.725343262289) (22,0,0.667453263813) (23,0,0.000000000000) (24,0,-0.854785465614) (25,0,-0.701083432500) (26,0,0.000000000000) 
ipopt_sol:
size: 14 1
(0,0,0.027609635778) (1,0,0.000000000000) (2,0,0.100736794633) (3,0,1.015786882757) (4,0,0.772362370879) (5,0,0.000000000000) (6,0,0.000000000000) (7,0,0.162802915945) (8,0,0.000000000000) (9,0,0.565822857814) (10,0,1.619821913051) (11,0,0.000000000000) (12,0,0.000000000000) (13,0,0.791040612873) 
policy_sol:
size: 14 1
(0,0,0.027609632656) (1,0,0.000000000000) (2,0,0.100736799696) (3,0,1.015786868409) (4,0,0.772362357317) (5,0,0.000000000000) (6,0,0.000000000000) (7,0,0.162802908882) (8,0,0.000000000000) (9,0,0.565822851223) (10,0,1.619821897426) (11,0,0.000000000000) (12,0,0.000000000000) (13,0,0.791040613405) 

policy_converges:
1
ipopt_converges:
0
