solve status: 0
N:
size: 27 15
(0,0,-0.999998046471) (1,0,0.001976627076) (9,0,0.999998046471) (10,0,-0.001976627076) (0,1,-0.707127771175) (1,1,-0.707085790575) (12,1,0.707127771175) (13,1,0.707085790575) (0,2,-0.999998637965) (1,2,-0.001650474886) (18,2,0.999998637965) (19,2,0.001650474886) (3,3,-0.000944311051) (4,3,-0.999999554138) (6,3,0.000944311051) (7,3,0.999999554138) (3,4,-0.999971573270) (4,4,-0.007540069808) (12,4,0.999971573270) (13,4,0.007540069808) (3,5,-0.705961173572) (4,5,-0.708250535763) (15,5,0.705961173572) (16,5,0.708250535763) (6,6,-0.708355830464) (7,6,0.705855521652) (12,6,0.708355830464) (13,6,-0.705855521652) (9,7,-0.999986245144) (10,7,-0.005244952035) (18,7,0.999986245144) (19,7,0.005244952035) (12,8,0.000310876392) (13,8,-0.999999951678) (15,8,-0.000310876392) (16,8,0.999999951678) (12,9,-0.707974065682) (13,9,0.706238431638) (18,9,0.707974065682) (19,9,-0.706238431638) (12,10,-0.710773141798) (13,10,-0.703421311092) (24,10,0.710773141798) (25,10,0.703421311092) (15,11,-0.708887199507) (16,11,0.705321868636) (21,11,0.708887199507) (22,11,-0.705321868636) (15,12,-0.999974923899) (16,12,0.007081777599) (24,12,0.999974923899) (25,12,-0.007081777599) (18,13,-0.000159764362) (19,13,-0.999999987238) (24,13,0.000159764362) (25,13,0.999999987238) (21,14,0.001510464852) (22,14,-0.999998859247) (24,14,-0.001510464852) (25,14,0.999998859247) 
Q:
size: 15 15
(0,0,2.000000000000) (1,0,0.705728744862) (2,0,0.999993422066) (7,0,-0.999973924328) (0,1,0.705728744862) (1,1,2.000000000000) (2,1,0.708293835382) (4,1,0.712439146066) (6,1,0.001797670036) (8,1,-0.706865927077) (9,1,-0.001256963346) (10,1,-0.999986641432) (0,2,0.999993422066) (1,2,0.708293835382) (2,2,2.000000000000) (7,2,0.999993539790) (9,2,0.706807472602) (13,2,-0.001810239009) (3,3,2.000000000000) (4,3,0.008484350654) (5,3,0.708916866919) (6,3,0.705186298700) (1,4,0.712439146066) (3,4,0.008484350654) (4,4,2.000000000000) (5,4,0.711281363886) (6,4,0.703013494316) (8,4,-0.007229201889) (9,4,-0.702628853218) (10,4,-0.716056782632) (3,5,0.708916866919) (4,5,0.711281363886) (5,5,2.000000000000) (8,5,0.708031034876) (11,5,-0.000902247948) (12,5,-0.700927798039) (1,6,0.001797670036) (3,6,0.705186298700) (4,6,0.703013494316) (6,6,2.000000000000) (8,6,0.706075698649) (9,6,-0.999999853818) (10,6,-0.006966482648) (0,7,-0.999973924328) (2,7,0.999993539790) (7,7,2.000000000000) (9,7,0.704260140901) (13,7,-0.005404714133) (1,8,-0.706865927077) (4,8,-0.007229201889) (5,8,0.708031034876) (6,8,0.706075698649) (8,8,2.000000000000) (9,8,-0.706458489934) (10,8,0.703200314511) (11,8,0.705542210848) (12,8,0.007392645854) (1,9,-0.001256963346) (2,9,0.706807472602) (4,9,-0.702628853218) (6,9,-0.999999853818) (7,9,0.704260140901) (8,9,-0.706458489934) (9,9,2.000000000000) (10,9,0.006425787450) (13,9,0.706125313599) (1,10,-0.999986641432) (4,10,-0.716056782632) (6,10,-0.006966482648) (8,10,0.703200314511) (9,10,0.006425787450) (10,10,2.000000000000) (12,10,0.705773845095) (13,10,0.703534858332) (14,10,0.702346910814) (5,11,-0.000902247948) (8,11,0.705542210848) (11,11,2.000000000000) (12,11,0.713864355989) (14,11,0.706391813237) (5,12,-0.700927798039) (8,12,0.007392645854) (10,12,0.705773845095) (11,12,0.713864355989) (12,12,2.000000000000) (13,12,-0.006922017153) (14,12,-0.008592196496) (2,13,-0.001810239009) (7,13,-0.005404714133) (9,13,0.706125313599) (10,13,0.703534858332) (12,13,-0.006922017153) (13,13,2.000000000000) (14,13,0.999998605167) (10,14,0.702346910814) (11,14,0.706391813237) (12,14,-0.008592196496) (13,14,0.999998605167) (14,14,2.000000000000) 
Minv:
size: 27 27
(0,0,1.000000000000) (1,1,1.000000000000) (2,2,2.000000000000) (3,3,1.000000000000) (4,4,1.000000000000) (5,5,2.000000000000) (6,6,1.000000000000) (7,7,1.000000000000) (8,8,2.000000000000) (9,9,1.000000000000) (10,10,1.000000000000) (11,11,2.000000000000) (12,12,1.000000000000) (13,13,1.000000000000) (14,14,2.000000000000) (15,15,1.000000000000) (16,16,1.000000000000) (17,17,2.000000000000) (18,18,1.000000000000) (19,19,1.000000000000) (20,20,2.000000000000) (21,21,1.000000000000) (22,22,1.000000000000) (23,23,2.000000000000) (24,24,1.000000000000) (25,25,1.000000000000) (26,26,2.000000000000) 
v0:
size: 27 1
(0,0,0.984574050166) (1,0,-0.978877010259) (2,0,0.000000000000) (3,0,0.705979519139) (4,0,0.386972830184) (5,0,0.000000000000) (6,0,-0.279034321666) (7,0,-0.375666914653) (8,0,0.000000000000) (9,0,0.709041614993) (10,0,-0.442882586537) (11,0,0.000000000000) (12,0,-0.614954430398) (13,0,-0.018870361130) (14,0,0.000000000000) (15,0,-0.252699747941) (16,0,-0.456871489398) (17,0,0.000000000000) (18,0,0.148817837006) (19,0,0.847101218731) (20,0,0.000000000000) (21,0,-0.069213828890) (22,0,0.897091997601) (23,0,0.000000000000) (24,0,-0.639265085729) (25,0,-0.058494611381) (26,0,0.000000000000) 
ipopt_sol:
size: 15 1
(0,0,0.000000000000) (1,0,0.000000000000) (2,0,0.740948656286) (3,0,0.407653847782) (4,0,0.969261936848) (5,0,0.987179607522) (6,0,0.005359718935) (7,0,0.184821044899) (8,0,0.000000000000) (9,0,0.000000000000) (10,0,0.000000000000) (11,0,0.459576909810) (12,0,0.575620105106) (13,0,0.681927705317) (14,0,0.453913340153) 
policy_sol:
size: 15 1
(0,0,0.000000000000) (1,0,0.000000000000) (2,0,0.740948639245) (3,0,0.407653852692) (4,0,0.969261945350) (5,0,0.987179596804) (6,0,0.005359715682) (7,0,0.184821054858) (8,0,0.000000000000) (9,0,0.000000000000) (10,0,0.000000000000) (11,0,0.459576908528) (12,0,0.575620098219) (13,0,0.681927697962) (14,0,0.453913340742) 

policy_converges:
1
ipopt_converges:
0
