solve status: 0
N:
size: 27 9
(0,0,-0.002759670770) (1,0,-0.999996192101) (3,0,0.002759670770) (4,0,0.999996192101) (0,1,-0.709155120356) (1,1,-0.705052491147) (12,1,0.709155120356) (13,1,0.705052491147) (3,2,-0.706301023406) (4,2,0.707911621839) (9,2,0.706301023406) (10,2,-0.707911621839) (3,3,-0.999994584915) (4,3,0.003290917974) (12,3,0.999994584915) (13,3,-0.003290917974) (3,4,-0.999991421031) (4,4,0.004142205173) (21,4,0.999991421031) (22,4,-0.004142205173) (9,5,-0.004146158616) (10,5,-0.999991404647) (12,5,0.004146158616) (13,5,0.999991404647) (9,6,-0.999984346751) (10,6,0.005595199176) (18,6,0.999984346751) (19,6,-0.005595199176) (12,7,-0.702237544391) (13,7,0.711942716269) (18,7,0.702237544391) (19,7,-0.711942716269) (21,8,0.000306529108) (22,8,-0.999999953020) (24,8,-0.000306529108) (25,8,0.999999953020) 
Q:
size: 9 9
(0,0,2.000000000000) (1,0,0.707006841036) (2,0,0.705959767894) (3,0,0.000531249616) (4,0,0.001382542304) (0,1,0.707006841036) (1,1,2.000000000000) (3,1,0.706831010305) (5,1,0.707986700584) (7,1,0.003961635349) (0,2,0.705959767894) (2,2,2.000000000000) (3,2,0.708626877806) (4,2,0.709227279254) (5,2,0.704977101016) (6,2,-0.710250874023) (0,3,0.000531249616) (1,3,0.706831010305) (2,3,0.708626877806) (3,3,2.000000000000) (4,3,0.999999637650) (5,3,0.000855246476) (7,3,-0.704576686796) (0,4,0.001382542304) (2,4,0.709227279254) (3,4,0.999999637650) (4,4,2.000000000000) (8,4,0.004448731457) (1,5,0.707986700584) (2,5,0.704977101016) (3,5,0.000855246476) (5,5,2.000000000000) (6,5,-0.001449057368) (7,5,0.709025008625) (2,6,-0.710250874023) (5,6,-0.001449057368) (6,6,2.000000000000) (7,6,0.706210013390) (1,7,0.003961635349) (3,7,-0.704576686796) (5,7,0.709025008625) (6,7,0.706210013390) (7,7,2.000000000000) (4,8,0.004448731457) (8,8,2.000000000000) 
Minv:
size: 27 27
(0,0,1.000000000000) (1,1,1.000000000000) (2,2,2.000000000000) (3,3,1.000000000000) (4,4,1.000000000000) (5,5,2.000000000000) (6,6,1.000000000000) (7,7,1.000000000000) (8,8,2.000000000000) (9,9,1.000000000000) (10,10,1.000000000000) (11,11,2.000000000000) (12,12,1.000000000000) (13,13,1.000000000000) (14,14,2.000000000000) (15,15,1.000000000000) (16,16,1.000000000000) (17,17,2.000000000000) (18,18,1.000000000000) (19,19,1.000000000000) (20,20,2.000000000000) (21,21,1.000000000000) (22,22,1.000000000000) (23,23,2.000000000000) (24,24,1.000000000000) (25,25,1.000000000000) (26,26,2.000000000000) 
v0:
size: 27 1
(0,0,-0.627619912537) (1,0,0.414924942706) (2,0,0.000000000000) (3,0,0.901323275238) (4,0,-0.354013279868) (5,0,0.000000000000) (6,0,-0.321043625138) (7,0,0.576691433820) (8,0,0.000000000000) (9,0,0.149641358972) (10,0,-0.330719217456) (11,0,0.000000000000) (12,0,-0.641267573819) (13,0,-0.902451997711) (14,0,0.000000000000) (15,0,0.365314270064) (16,0,0.610351235158) (17,0,0.000000000000) (18,0,-0.625751851751) (19,0,-0.598174366767) (20,0,0.000000000000) (21,0,0.268239780584) (22,0,0.039651596571) (23,0,0.000000000000) (24,0,0.743189737746) (25,0,-0.039306899611) (26,0,0.000000000000) 
ipopt_sol:
size: 9 1
(0,0,0.764266173216) (1,0,0.000000000000) (2,0,0.000000000000) (3,0,1.693172293429) (4,0,0.000000000000) (5,0,0.420990798505) (6,0,0.621057774707) (7,0,0.433672270902) (8,0,0.079104078483) 
policy_sol:
size: 9 1
(0,0,0.764266166149) (1,0,0.000000000000) (2,0,0.000000000000) (3,0,1.693172279653) (4,0,0.000000000000) (5,0,0.420990793164) (6,0,0.621057779962) (7,0,0.433672266067) (8,0,0.079104078459) 

policy_converges:
1
ipopt_converges:
0
