solve status: 0
N:
size: 27 16
(0,0,0.003894341908) (1,0,-0.999992417022) (6,0,-0.003894341908) (7,0,0.999992417022) (3,1,-0.000760319044) (4,1,-0.999999710957) (6,1,0.000760319044) (7,1,0.999999710957) (3,2,-0.709013726671) (4,2,0.705194679073) (9,2,0.709013726671) (10,2,-0.705194679073) (3,3,-0.999997447355) (4,3,0.002259487350) (12,3,0.999997447355) (13,3,-0.002259487350) (3,4,-0.710358528542) (4,4,-0.703840010889) (15,4,0.710358528542) (16,4,0.703840010889) (3,5,-0.999996848707) (4,5,0.002510493362) (21,5,0.999996848707) (22,5,-0.002510493362) (6,6,-0.999995482536) (7,6,-0.003005812207) (15,6,0.999995482536) (16,6,0.003005812207) (6,7,-0.999998737567) (7,7,-0.001588982138) (24,7,0.999998737567) (25,7,0.001588982138) (9,8,-0.001370459852) (10,8,-0.999999060919) (12,8,0.001370459852) (13,8,0.999999060919) (9,9,-0.000903762887) (10,9,-0.999999591606) (15,9,0.000903762887) (16,9,0.999999591606) (9,10,-0.999999916670) (10,10,-0.000408239361) (18,10,0.999999916670) (19,10,0.000408239361) (9,11,-0.709589932302) (10,11,-0.704614879190) (21,11,0.709589932302) (22,11,0.704614879190) (12,12,-0.000438244978) (13,12,-0.999999903971) (15,12,0.000438244978) (16,12,0.999999903971) (12,13,-0.999996182783) (13,13,0.002763045335) (21,13,0.999996182783) (22,13,-0.002763045335) (12,14,-0.705747535741) (13,14,-0.708463418812) (24,14,0.705747535741) (25,14,0.708463418812) (15,15,-0.999999987604) (16,15,-0.000157452740) (24,15,0.999999987604) (25,15,0.000157452740) 
Q:
size: 16 16
(0,0,2.000000000000) (1,0,0.999989167039) (6,0,0.000888534901) (7,0,0.002305366903) (0,1,0.999989167039) (1,1,2.000000000000) (2,1,-0.704655398602) (3,1,-0.001499169593) (4,1,0.704379906567) (5,1,-0.001750175988) (6,1,-0.003766126948) (7,1,-0.002349299763) (1,2,-0.704655398602) (2,2,2.000000000000) (3,2,0.710605295267) (4,2,0.007309716996) (5,2,0.710781878921) (8,2,0.704222341991) (9,2,0.704553610783) (10,2,-0.708725779364) (11,2,-0.006218338710) (1,3,-0.001499169593) (2,3,0.710605295267) (3,3,2.000000000000) (4,3,0.708766397648) (5,3,0.999999968498) (8,3,-0.000889028874) (12,3,0.001821243274) (13,3,-0.999999873214) (14,3,-0.704144970086) (1,4,0.704379906567) (2,4,0.007309716996) (3,4,0.708766397648) (4,4,2.000000000000) (5,4,0.708589304318) (6,4,0.712470930419) (9,4,0.704481719119) (12,4,0.704151254357) (15,4,-0.710469341275) (1,5,-0.001750175988) (2,5,0.710781878921) (3,5,0.999999968498) (4,5,0.708589304318) (5,5,2.000000000000) (11,5,0.707818765199) (13,5,0.999999968109) (0,6,0.000888534901) (1,6,-0.003766126948) (4,6,0.712470930419) (6,6,2.000000000000) (7,6,0.999998996291) (9,6,0.003909569783) (12,6,0.003444054917) (15,6,-0.999995943414) (0,7,0.002305366903) (1,7,-0.002349299763) (6,7,0.999998996291) (7,7,2.000000000000) (14,7,0.706872380501) (15,7,0.999998975361) (2,8,0.704222341991) (3,8,-0.000889028874) (8,8,2.000000000000) (9,8,0.999999891097) (10,8,0.001778698716) (11,8,0.705586682013) (12,8,-0.999999565487) (13,8,0.001392588119) (14,8,-0.709429952171) (2,9,0.704553610783) (4,9,0.704481719119) (6,9,0.003909569783) (8,9,0.999999891097) (9,9,2.000000000000) (10,9,0.001312002006) (11,9,0.705255892475) (12,9,0.999999891646) (15,9,-0.001061215551) (2,10,-0.708725779364) (8,10,0.001778698716) (9,10,0.001312002006) (10,10,2.000000000000) (11,10,0.709877524701) (2,11,-0.006218338710) (5,11,0.707818765199) (8,11,0.705586682013) (9,11,0.705255892475) (10,11,0.709877524701) (11,11,2.000000000000) (13,11,0.707640340789) (3,12,0.001821243274) (4,12,0.704151254357) (6,12,0.003444054917) (8,12,-0.999999565487) (9,12,0.999999891646) (12,12,2.000000000000) (13,12,-0.002324801764) (14,12,0.708772641092) (15,12,-0.000595697698) (3,13,-0.999999873214) (5,13,0.999999968109) (8,13,0.001392588119) (11,13,0.707640340789) (12,13,-0.002324801764) (13,13,2.000000000000) (14,13,0.703787325206) (3,14,-0.704144970086) (7,14,0.706872380501) (8,14,-0.709429952171) (12,14,0.708772641092) (13,14,0.703787325206) (14,14,2.000000000000) (15,14,0.705859076500) (4,15,-0.710469341275) (6,15,-0.999995943414) (7,15,0.999998975361) (9,15,-0.001061215551) (12,15,-0.000595697698) (14,15,0.705859076500) (15,15,2.000000000000) 
Minv:
size: 27 27
(0,0,1.000000000000) (1,1,1.000000000000) (2,2,2.000000000000) (3,3,1.000000000000) (4,4,1.000000000000) (5,5,2.000000000000) (6,6,1.000000000000) (7,7,1.000000000000) (8,8,2.000000000000) (9,9,1.000000000000) (10,10,1.000000000000) (11,11,2.000000000000) (12,12,1.000000000000) (13,13,1.000000000000) (14,14,2.000000000000) (15,15,1.000000000000) (16,16,1.000000000000) (17,17,2.000000000000) (18,18,1.000000000000) (19,19,1.000000000000) (20,20,2.000000000000) (21,21,1.000000000000) (22,22,1.000000000000) (23,23,2.000000000000) (24,24,1.000000000000) (25,25,1.000000000000) (26,26,2.000000000000) 
v0:
size: 27 1
(0,0,-0.328999321169) (1,0,0.384882686470) (2,0,0.000000000000) (3,0,0.992046212756) (4,0,0.441018813669) (5,0,0.000000000000) (6,0,-0.360709155781) (7,0,0.379627877725) (8,0,0.000000000000) (9,0,0.804335574614) (10,0,0.741579529220) (11,0,0.000000000000) (12,0,0.452272954255) (13,0,0.481714931129) (14,0,0.000000000000) (15,0,-0.400669624275) (16,0,0.154784755322) (17,0,0.000000000000) (18,0,-0.216045639981) (19,0,-0.928120162382) (20,0,0.000000000000) (21,0,-0.366940275414) (22,0,0.055255035999) (23,0,0.000000000000) (24,0,-0.757168446584) (25,0,0.320352418896) (26,0,0.000000000000) 
ipopt_sol:
size: 16 1
(0,0,0.005131284987) (1,0,0.000000000000) (2,0,0.410983682383) (3,0,0.371463759794) (4,0,1.158217003202) (5,0,0.177398801108) (6,0,0.000000000000) (7,0,0.000000000000) (8,0,0.156152399619) (9,0,0.000000000000) (10,0,0.896883555209) (11,0,0.759786564250) (12,0,0.000000000000) (13,0,0.339155034654) (14,0,0.872344948198) (15,0,0.460035284696) 
policy_sol:
size: 16 1
(0,0,0.005131279959) (1,0,0.000000000000) (2,0,0.411046961673) (3,0,0.548817600095) (4,0,1.158216980228) (5,0,0.000000000000) (6,0,0.000000000000) (7,0,0.000000000000) (8,0,0.156063097675) (9,0,0.000000000000) (10,0,0.896883556115) (11,0,0.759849962059) (12,0,0.000000000000) (13,0,0.516508972176) (14,0,0.872344947852) (15,0,0.460035276665) 

policy_converges:
1
ipopt_converges:
0
