solve status: 0
N:
size: 27 10
(0,0,-0.001356263871) (1,0,-0.999999080274) (3,0,0.001356263871) (4,0,0.999999080274) (0,1,-0.999985266761) (1,1,-0.005428283471) (9,1,0.999985266761) (10,1,0.005428283471) (0,2,-0.708818860458) (1,2,-0.705390546477) (12,2,0.708818860458) (13,2,0.705390546477) (3,3,-0.710438373829) (4,3,0.703759416983) (9,3,0.710438373829) (10,3,-0.703759416983) (3,4,-0.999999696406) (4,4,0.000779222680) (12,4,0.999999696406) (13,4,-0.000779222680) (6,5,-0.999999919566) (7,5,-0.000401083838) (24,5,0.999999919566) (25,5,0.000401083838) (9,6,0.001270432472) (10,6,-0.999999193000) (12,6,-0.001270432472) (13,6,0.999999193000) (12,7,-0.708716691437) (13,7,0.705493197188) (18,7,0.708716691437) (19,7,-0.705493197188) (15,8,-0.999991105570) (16,8,-0.004217674768) (24,8,0.999991105570) (25,8,0.004217674768) (18,9,0.003221702353) (19,9,-0.999994810304) (21,9,-0.003221702353) (22,9,0.999994810304) 
Q:
size: 10 10
(0,0,2.000000000000) (1,0,0.006784522367) (2,0,0.706351243122) (3,0,0.702795227818) (4,0,-0.000577041496) (0,1,0.006784522367) (1,1,2.000000000000) (2,1,0.712637477104) (3,1,0.706607701160) (6,1,-0.004157865336) (0,2,0.706351243122) (1,2,0.712637477104) (2,2,2.000000000000) (4,2,0.708268988953) (6,2,0.704489470729) (7,2,-0.004703525712) (0,3,0.702795227818) (1,3,0.706607701160) (3,3,2.000000000000) (4,3,0.710986543443) (6,3,0.704661413029) (0,4,-0.000577041496) (2,4,0.708268988953) (3,4,0.710986543443) (4,4,2.000000000000) (6,4,-0.002049654137) (7,4,-0.709266212574) (5,5,2.000000000000) (8,5,0.999992716778) (1,6,-0.004157865336) (2,6,0.704489470729) (3,6,0.704661413029) (4,6,-0.002049654137) (6,6,2.000000000000) (7,6,0.706393004554) (2,7,-0.004703525712) (4,7,-0.709266212574) (6,7,0.706393004554) (7,7,2.000000000000) (9,7,0.707772810125) (5,8,0.999992716778) (8,8,2.000000000000) (7,9,0.707772810125) (9,9,2.000000000000) 
Minv:
size: 27 27
(0,0,1.000000000000) (1,1,1.000000000000) (2,2,2.000000000000) (3,3,1.000000000000) (4,4,1.000000000000) (5,5,2.000000000000) (6,6,1.000000000000) (7,7,1.000000000000) (8,8,2.000000000000) (9,9,1.000000000000) (10,10,1.000000000000) (11,11,2.000000000000) (12,12,1.000000000000) (13,13,1.000000000000) (14,14,2.000000000000) (15,15,1.000000000000) (16,16,1.000000000000) (17,17,2.000000000000) (18,18,1.000000000000) (19,19,1.000000000000) (20,20,2.000000000000) (21,21,1.000000000000) (22,22,1.000000000000) (23,23,2.000000000000) (24,24,1.000000000000) (25,25,1.000000000000) (26,26,2.000000000000) 
v0:
size: 27 1
(0,0,0.482902452167) (1,0,-0.344578279275) (2,0,0.000000000000) (3,0,0.390647393816) (4,0,-0.959064215948) (5,0,0.000000000000) (6,0,0.183621877208) (7,0,0.732708448806) (8,0,0.000000000000) (9,0,-0.615062488572) (10,0,0.054912773623) (11,0,0.000000000000) (12,0,-0.266735220520) (13,0,0.004850817529) (14,0,0.000000000000) (15,0,0.839173875863) (16,0,0.781038538041) (17,0,0.000000000000) (18,0,0.367011811527) (19,0,0.734885020023) (20,0,0.000000000000) (21,0,0.917335402245) (22,0,-0.399196788730) (23,0,0.000000000000) (24,0,-0.468823726810) (25,0,0.915139155694) (26,0,0.000000000000) 
ipopt_sol:
size: 10 1
(0,0,0.279343016144) (1,0,0.760246061374) (2,0,0.000000000000) (3,0,0.947022090556) (4,0,0.321554134091) (5,0,0.000000000000) (6,0,0.000000000000) (7,0,0.000000000000) (8,0,1.307420380966) (9,0,1.135848905559) 
policy_sol:
size: 10 1
(0,0,0.279343013208) (1,0,0.760246058431) (2,0,0.000000000000) (3,0,0.947022088888) (4,0,0.321554134698) (5,0,0.000000000000) (6,0,0.000000000000) (7,0,0.000000000000) (8,0,1.307420375990) (9,0,1.135848902020) 

policy_converges:
1
ipopt_converges:
0
