solve status: 0
N:
size: 27 8
(3,0,-0.004611217666) (4,0,-0.999989368279) (6,0,0.004611217666) (7,0,0.999989368279) (6,1,-0.706991840997) (7,1,0.707221702695) (12,1,0.706991840997) (13,1,-0.707221702695) (6,2,-0.999989513664) (7,2,0.004579581064) (15,2,0.999989513664) (16,2,-0.004579581064) (6,3,-0.999996792666) (7,3,0.002532717389) (24,3,0.999996792666) (25,3,-0.002532717389) (9,4,-0.007134323173) (10,4,-0.999974550393) (12,4,0.007134323173) (13,4,0.999974550393) (12,5,-0.705111178137) (13,5,-0.709096768055) (24,5,0.705111178137) (25,5,0.709096768055) (15,6,-0.999999890215) (16,6,0.000468583198) (24,6,0.999999890215) (25,6,-0.000468583198) (21,7,0.005925517845) (22,7,-0.999982443965) (24,7,-0.005925517845) (25,7,0.999982443965) 
Q:
size: 8 8
(0,0,2.000000000000) (1,0,0.703954090444) (2,0,-0.000031636937) (3,0,-0.002078512415) (0,1,0.703954090444) (1,1,2.000000000000) (2,1,0.710223206361) (3,1,0.708780766143) (4,1,-0.702159795906) (5,1,0.002980773741) (0,2,-0.000031636937) (1,2,0.710223206361) (2,2,2.000000000000) (3,2,0.999997905148) (6,2,-0.999991549794) (0,3,-0.002078512415) (1,3,0.708780766143) (2,3,0.999997905148) (3,3,2.000000000000) (5,3,0.703312974895) (6,3,0.999997869670) (7,3,-0.008458171764) (1,4,-0.702159795906) (4,4,2.000000000000) (5,4,-0.714109212838) (1,5,0.002980773741) (3,5,0.703312974895) (4,5,-0.714109212838) (5,5,2.000000000000) (6,5,0.704778829895) (7,5,0.704906170259) (2,6,-0.999991549794) (3,6,0.999997869670) (5,6,0.704778829895) (6,6,2.000000000000) (7,6,-0.006394092165) (3,7,-0.008458171764) (5,7,0.704906170259) (6,7,-0.006394092165) (7,7,2.000000000000) 
Minv:
size: 27 27
(0,0,1.000000000000) (1,1,1.000000000000) (2,2,2.000000000000) (3,3,1.000000000000) (4,4,1.000000000000) (5,5,2.000000000000) (6,6,1.000000000000) (7,7,1.000000000000) (8,8,2.000000000000) (9,9,1.000000000000) (10,10,1.000000000000) (11,11,2.000000000000) (12,12,1.000000000000) (13,13,1.000000000000) (14,14,2.000000000000) (15,15,1.000000000000) (16,16,1.000000000000) (17,17,2.000000000000) (18,18,1.000000000000) (19,19,1.000000000000) (20,20,2.000000000000) (21,21,1.000000000000) (22,22,1.000000000000) (23,23,2.000000000000) (24,24,1.000000000000) (25,25,1.000000000000) (26,26,2.000000000000) 
v0:
size: 27 1
(0,0,-0.640093425923) (1,0,-0.711917453700) (2,0,0.000000000000) (3,0,-0.805748489253) (4,0,0.689165286644) (5,0,0.000000000000) (6,0,0.926639124346) (7,0,-0.873674996262) (8,0,0.000000000000) (9,0,-0.347954422258) (10,0,0.590713346535) (11,0,0.000000000000) (12,0,0.570070828435) (13,0,-0.164638171624) (14,0,0.000000000000) (15,0,0.597581933906) (16,0,0.773145102600) (17,0,0.000000000000) (18,0,0.416901185287) (19,0,-0.573306813142) (20,0,0.000000000000) (21,0,0.999142678914) (22,0,-0.360410082400) (23,0,0.000000000000) (24,0,0.426505867860) (25,0,-0.527492142152) (26,0,0.000000000000) 
ipopt_sol:
size: 8 1
(0,0,1.301488772204) (1,0,0.719784893839) (2,0,0.081012105939) (3,0,0.000000000000) (4,0,1.294097718646) (5,0,0.819518640476) (6,0,0.000000000000) (7,0,0.000000000000) 
policy_sol:
size: 8 1
(0,0,1.301488775131) (1,0,0.719784885554) (2,0,0.081012108881) (3,0,0.000000000000) (4,0,1.294097710994) (5,0,0.819518627192) (6,0,0.000000000000) (7,0,0.000000000000) 

policy_converges:
1
ipopt_converges:
0
