solve status: 0
N:
size: 27 10
(3,0,0.003981984646) (4,0,-0.999992071868) (6,0,-0.003981984646) (7,0,0.999992071868) (3,1,-0.708490194274) (4,1,0.705720656221) (9,1,0.708490194274) (10,1,-0.705720656221) (3,2,-0.999991867495) (4,2,-0.004032982031) (12,2,0.999991867495) (13,2,0.004032982031) (6,3,-0.707863279100) (7,3,0.706349473067) (12,3,0.707863279100) (13,3,-0.706349473067) (6,4,-0.999996731703) (7,4,0.002556674331) (15,4,0.999996731703) (16,4,-0.002556674331) (6,5,-0.999994752647) (7,5,0.003239549158) (24,5,0.999994752647) (25,5,-0.003239549158) (12,6,-0.002607369159) (13,6,-0.999996600807) (15,6,0.002607369159) (16,6,0.999996600807) (12,7,-0.706863444810) (13,7,-0.707350033853) (24,7,0.706863444810) (25,7,0.707350033853) (15,8,-0.705430676825) (16,8,0.708778921945) (21,8,0.705430676825) (22,8,-0.708778921945) (21,9,0.006737475970) (22,9,-0.999977302951) (24,9,-0.006737475970) (25,9,0.999977302951) 
Q:
size: 10 10
(0,0,2.000000000000) (1,0,-0.708536258250) (2,0,0.000050997794) (3,0,0.709162573744) (4,0,0.006538625693) (5,0,0.007221487226) (0,1,-0.708536258250) (1,1,2.000000000000) (2,1,0.705638273749) (0,2,0.000050997794) (1,2,0.705638273749) (2,2,2.000000000000) (3,2,0.705008827666) (6,2,-0.006640316277) (7,2,-0.709710426215) (0,3,0.709162573744) (2,3,0.705008827666) (3,3,2.000000000000) (4,3,0.709666871159) (5,3,0.710147818532) (6,3,0.704501411166) (7,3,-0.000726352233) (0,4,0.006538625693) (3,4,0.709666871159) (4,4,2.000000000000) (5,4,0.999999766839) (6,4,0.000050694997) (8,4,-0.707240488144) (0,5,0.007221487226) (3,5,0.710147818532) (4,5,0.999999766839) (5,5,2.000000000000) (7,5,0.704568240441) (9,5,-0.009976916246) (2,6,-0.006640316277) (3,6,0.704501411166) (4,6,0.000050694997) (6,6,2.000000000000) (7,6,0.709190683379) (8,6,0.706937194478) (2,7,-0.709710426215) (3,7,-0.000726352233) (5,7,0.704568240441) (6,7,0.709190683379) (7,7,2.000000000000) (9,7,0.702571503621) (4,8,-0.707240488144) (6,8,0.706937194478) (8,8,2.000000000000) (9,8,0.713515656989) (5,9,-0.009976916246) (7,9,0.702571503621) (8,9,0.713515656989) (9,9,2.000000000000) 
Minv:
size: 27 27
(0,0,1.000000000000) (1,1,1.000000000000) (2,2,2.000000000000) (3,3,1.000000000000) (4,4,1.000000000000) (5,5,2.000000000000) (6,6,1.000000000000) (7,7,1.000000000000) (8,8,2.000000000000) (9,9,1.000000000000) (10,10,1.000000000000) (11,11,2.000000000000) (12,12,1.000000000000) (13,13,1.000000000000) (14,14,2.000000000000) (15,15,1.000000000000) (16,16,1.000000000000) (17,17,2.000000000000) (18,18,1.000000000000) (19,19,1.000000000000) (20,20,2.000000000000) (21,21,1.000000000000) (22,22,1.000000000000) (23,23,2.000000000000) (24,24,1.000000000000) (25,25,1.000000000000) (26,26,2.000000000000) 
v0:
size: 27 1
(0,0,-0.833155956473) (1,0,-0.775515494282) (2,0,0.000000000000) (3,0,0.326765629098) (4,0,0.822427291112) (5,0,0.000000000000) (6,0,0.919187465925) (7,0,-0.212989454114) (8,0,0.000000000000) (9,0,-0.717541965745) (10,0,-0.170755218195) (11,0,0.000000000000) (12,0,-0.112707853238) (13,0,0.810822564439) (14,0,0.000000000000) (15,0,0.537030251216) (16,0,0.690903184495) (17,0,0.000000000000) (18,0,0.404155634934) (19,0,-0.482088267518) (20,0,0.000000000000) (21,0,0.600023800484) (22,0,0.761578266326) (23,0,0.000000000000) (24,0,0.551740096837) (25,0,-0.326243269747) (26,0,0.000000000000) 
ipopt_sol:
size: 10 1
(0,0,0.716046367353) (1,0,0.292644688994) (2,0,0.000000000000) (3,0,1.199713255882) (4,0,0.000000000000) (5,0,0.000000000000) (6,0,0.000000000000) (7,0,0.000000000000) (8,0,0.000000000000) (9,0,1.087471542472) 
policy_sol:
size: 10 1
(0,0,0.716046372289) (1,0,0.292644687214) (2,0,0.000000000000) (3,0,1.199713239990) (4,0,0.000000000000) (5,0,0.000000000000) (6,0,0.000000000000) (7,0,0.000000000000) (8,0,0.000000000000) (9,0,1.087471535442) 

policy_converges:
1
ipopt_converges:
0
