solve status: 0
N:
size: 27 8
(0,0,-0.001902969985) (1,0,-0.999998189351) (3,0,0.001902969985) (4,0,0.999998189351) (3,1,-0.705121671623) (4,1,0.709086333395) (9,1,0.705121671623) (10,1,-0.709086333395) (9,2,-0.001613387820) (10,2,-0.999998698489) (12,2,0.001613387820) (13,2,0.999998698489) (9,3,-0.705478908706) (10,3,-0.708730914644) (21,3,0.705478908706) (22,3,0.708730914644) (12,4,-0.000121781217) (13,4,-0.999999992585) (15,4,0.000121781217) (16,4,0.999999992585) (12,5,-0.704009826285) (13,5,0.710190231202) (18,5,0.704009826285) (19,5,-0.710190231202) (12,6,-0.999987244311) (13,6,-0.005050862901) (21,6,0.999987244311) (22,6,0.005050862901) (18,7,-0.005736632275) (19,7,-0.999983545390) (21,7,0.005736632275) (22,7,0.999983545390) 
Q:
size: 8 8
(0,0,2.000000000000) (1,0,0.707743224111) (0,1,0.707743224111) (1,1,2.000000000000) (2,1,0.707947775794) (3,1,0.005102938226) (1,2,0.707947775794) (2,2,2.000000000000) (3,2,0.709868203301) (4,2,-0.999998887554) (5,2,0.709053466002) (6,2,-0.006664223567) (1,3,0.005102938226) (2,3,0.709868203301) (3,3,2.000000000000) (6,3,0.709049612519) (7,3,0.712766325829) (2,4,-0.999998887554) (4,4,2.000000000000) (5,4,-0.710104490762) (6,4,0.005172642527) (2,5,0.709053466002) (4,5,-0.710104490762) (5,5,2.000000000000) (6,5,0.700413772663) (7,5,0.706139899807) (2,6,-0.006664223567) (3,6,0.709049612519) (4,6,0.005172642527) (5,6,0.700413772663) (6,6,2.000000000000) (7,6,0.010787338891) (3,7,0.712766325829) (5,7,0.706139899807) (6,7,0.010787338891) (7,7,2.000000000000) 
Minv:
size: 27 27
(0,0,1.000000000000) (1,1,1.000000000000) (2,2,2.000000000000) (3,3,1.000000000000) (4,4,1.000000000000) (5,5,2.000000000000) (6,6,1.000000000000) (7,7,1.000000000000) (8,8,2.000000000000) (9,9,1.000000000000) (10,10,1.000000000000) (11,11,2.000000000000) (12,12,1.000000000000) (13,13,1.000000000000) (14,14,2.000000000000) (15,15,1.000000000000) (16,16,1.000000000000) (17,17,2.000000000000) (18,18,1.000000000000) (19,19,1.000000000000) (20,20,2.000000000000) (21,21,1.000000000000) (22,22,1.000000000000) (23,23,2.000000000000) (24,24,1.000000000000) (25,25,1.000000000000) (26,26,2.000000000000) 
v0:
size: 27 1
(0,0,-0.273559600798) (1,0,0.129893682874) (2,0,0.000000000000) (3,0,-0.774411580886) (4,0,-0.477113494670) (5,0,0.000000000000) (6,0,-0.277035207042) (7,0,0.512806653408) (8,0,0.000000000000) (9,0,-0.240620367165) (10,0,0.204323708871) (11,0,0.000000000000) (12,0,0.756137220194) (13,0,-0.155121036917) (14,0,0.000000000000) (15,0,0.077770711031) (16,0,-0.267097645064) (17,0,0.000000000000) (18,0,0.148870920307) (19,0,-0.134653576653) (20,0,0.000000000000) (21,0,0.301775942473) (22,0,-0.726113882352) (23,0,0.000000000000) (24,0,0.578356834947) (25,0,0.537443406184) (26,0,0.000000000000) 
ipopt_sol:
size: 8 1
(0,0,0.607959188291) (1,0,0.000000000000) (2,0,0.546345839293) (3,0,0.000000000000) (4,0,0.394137337679) (5,0,0.028323783442) (6,0,0.445002954049) (7,0,0.578172941492) 
policy_sol:
size: 8 1
(0,0,0.607959184752) (1,0,0.000000000000) (2,0,0.546345828145) (3,0,0.000000000000) (4,0,0.394137334646) (5,0,0.028323790556) (6,0,0.445002948016) (7,0,0.578172935449) 

policy_converges:
1
ipopt_converges:
0
