solve status: 0
N:
size: 27 13
(0,0,0.006170325093) (1,0,-0.999980963363) (3,0,-0.006170325093) (4,0,0.999980963363) (0,1,0.001613634279) (1,1,-0.999998698091) (6,1,-0.001613634279) (7,1,0.999998698091) (0,2,-0.705098488500) (1,2,-0.709109386142) (12,2,0.705098488500) (13,2,0.709109386142) (0,3,-0.999991321965) (1,3,0.004166052611) (18,3,0.999991321965) (19,3,-0.004166052611) (3,4,-0.002967908390) (4,4,-0.999995595750) (6,4,0.002967908390) (7,4,0.999995595750) (6,5,-0.709596521229) (7,5,0.704608243678) (12,5,0.709596521229) (13,5,-0.704608243678) (6,6,-0.999987744134) (7,6,-0.004950917339) (15,6,0.999987744134) (16,6,0.004950917339) (9,7,-0.999999992106) (10,7,-0.000125647247) (18,7,0.999999992106) (19,7,0.000125647247) (9,8,-0.706360618556) (10,8,-0.707852157271) (21,8,0.706360618556) (22,8,0.707852157271) (12,9,-0.005534000872) (13,9,-0.999984687300) (15,9,0.005534000872) (16,9,0.999984687300) (15,10,-0.704501378224) (16,10,0.709702619469) (21,10,0.704501378224) (22,10,-0.709702619469) (18,11,0.002033013314) (19,11,-0.999997933426) (24,11,-0.002033013314) (25,11,0.999997933426) (21,12,0.000107564158) (22,12,-0.999999994215) (24,12,-0.000107564158) (25,12,0.999999994215) 
Q:
size: 13 13
(0,0,2.000000000000) (1,0,0.999989618127) (2,0,0.704745200187) (3,0,-0.010336244850) (4,0,-0.999958246237) (0,1,0.999989618127) (1,1,2.000000000000) (2,1,0.707970691856) (3,1,-0.005779667463) (4,1,0.999989504729) (5,1,0.705752355614) (6,1,-0.003337296391) (0,2,0.704745200187) (1,2,0.707970691856) (2,2,2.000000000000) (3,2,0.702138182621) (5,2,0.000691115418) (9,2,-0.713000543413) (0,3,-0.010336244850) (1,3,-0.005779667463) (2,3,0.702138182621) (3,3,2.000000000000) (7,3,0.999990790619) (11,3,0.006199039673) (0,4,-0.999958246237) (1,4,0.999989504729) (4,4,2.000000000000) (5,4,0.702499122939) (6,4,-0.007918767550) (1,5,0.705752355614) (2,5,0.000691115418) (4,5,0.702499122939) (5,5,2.000000000000) (6,5,0.706099367338) (9,5,0.700670546457) (1,6,-0.003337296391) (4,6,-0.007918767550) (5,6,0.706099367338) (6,6,2.000000000000) (9,6,0.010484774575) (10,6,-0.700979064945) (3,7,0.999990790619) (7,7,2.000000000000) (8,7,0.706449552655) (11,7,0.001907366311) (7,8,0.706449552655) (8,8,2.000000000000) (10,8,-0.004732500915) (12,8,-0.707776174090) (2,9,-0.713000543413) (5,9,0.700670546457) (6,9,0.010484774575) (9,9,2.000000000000) (10,9,0.705793040764) (6,10,-0.700979064945) (8,10,-0.004732500915) (9,10,0.705793040764) (10,10,2.000000000000) (12,10,0.709778394461) (3,11,0.006199039673) (7,11,0.001907366311) (11,11,2.000000000000) (12,11,0.999998146321) (8,12,-0.707776174090) (10,12,0.709778394461) (11,12,0.999998146321) (12,12,2.000000000000) 
Minv:
size: 27 27
(0,0,1.000000000000) (1,1,1.000000000000) (2,2,2.000000000000) (3,3,1.000000000000) (4,4,1.000000000000) (5,5,2.000000000000) (6,6,1.000000000000) (7,7,1.000000000000) (8,8,2.000000000000) (9,9,1.000000000000) (10,10,1.000000000000) (11,11,2.000000000000) (12,12,1.000000000000) (13,13,1.000000000000) (14,14,2.000000000000) (15,15,1.000000000000) (16,16,1.000000000000) (17,17,2.000000000000) (18,18,1.000000000000) (19,19,1.000000000000) (20,20,2.000000000000) (21,21,1.000000000000) (22,22,1.000000000000) (23,23,2.000000000000) (24,24,1.000000000000) (25,25,1.000000000000) (26,26,2.000000000000) 
v0:
size: 27 1
(0,0,0.212004443496) (1,0,0.965078213980) (2,0,0.000000000000) (3,0,-0.660831667954) (4,0,0.103856049290) (5,0,0.000000000000) (6,0,0.207689041794) (7,0,-0.130228418249) (8,0,0.000000000000) (9,0,0.959884671635) (10,0,0.492175953460) (11,0,0.000000000000) (12,0,-0.082662439228) (13,0,0.804018743819) (14,0,0.000000000000) (15,0,-0.024539915539) (16,0,0.095820892761) (17,0,0.000000000000) (18,0,-0.046221200919) (19,0,0.503322294632) (20,0,0.000000000000) (21,0,0.099882455870) (22,0,0.695862491779) (23,0,0.000000000000) (24,0,0.736784820413) (25,0,0.281358151456) (26,0,0.000000000000) 
ipopt_sol:
size: 13 1
(0,0,0.464543546318) (1,0,0.683790445685) (2,0,0.140149553760) (3,0,0.000000000000) (4,0,0.000000000000) (5,0,0.367814314596) (6,0,0.099096651528) (7,0,0.886184824931) (8,0,0.339499526137) (9,0,0.628450882636) (10,0,0.000000000000) (11,0,0.000000000000) (12,0,0.534717692197) 
policy_sol:
size: 13 1
(0,0,0.464543558055) (1,0,0.683790437092) (2,0,0.140149546968) (3,0,0.000000000000) (4,0,0.000000000000) (5,0,0.367814315073) (6,0,0.099096654920) (7,0,0.886184820502) (8,0,0.339499524495) (9,0,0.628450876501) (10,0,0.000000000000) (11,0,0.000000000000) (12,0,0.534717683068) 

policy_converges:
1
ipopt_converges:
0
