solve status: 0
N:
size: 27 11
(0,0,-0.002056860918) (1,0,-0.999997884659) (3,0,0.002056860918) (4,0,0.999997884659) (0,1,-0.999997227329) (1,1,0.002354853430) (9,1,0.999997227329) (10,1,-0.002354853430) (3,2,-0.707135106071) (4,2,0.707078455167) (9,2,0.707135106071) (10,2,-0.707078455167) (6,3,-0.999999991493) (7,3,0.000130439468) (24,3,0.999999991493) (25,3,-0.000130439468) (9,4,-0.001606896506) (10,4,-0.999998708941) (12,4,0.001606896506) (13,4,0.999998708941) (9,5,0.002352545031) (10,5,-0.999997232762) (15,5,-0.002352545031) (16,5,0.999997232762) (9,6,-0.709669247326) (10,6,-0.704534995156) (21,6,0.709669247326) (22,6,0.704534995156) (12,7,-0.999964374815) (13,7,0.008440918300) (21,7,0.999964374815) (22,7,-0.008440918300) (12,8,-0.707703952769) (13,8,-0.706509104849) (24,8,0.707703952769) (25,8,0.706509104849) (15,9,-0.999987999414) (16,9,0.004899084350) (24,9,0.999987999414) (25,9,-0.004899084350) (18,10,-0.009389485323) (19,10,-0.999955917811) (21,10,0.009389485323) (22,10,0.999955917811) 
Q:
size: 11 11
(0,0,2.000000000000) (1,0,-0.000297993234) (2,0,0.705622480892) (0,1,-0.000297993234) (1,1,2.000000000000) (2,1,0.708798211544) (4,1,0.000747958339) (5,1,0.004707385422) (6,1,-0.708008202996) (0,2,0.705622480892) (1,2,0.708798211544) (2,2,2.000000000000) (4,2,0.705941249356) (5,2,0.708740065693) (6,2,-0.003670522497) (3,3,2.000000000000) (8,3,0.707611790077) (9,3,0.999988629941) (1,4,0.000747958339) (2,4,0.705941249356) (4,4,2.000000000000) (5,4,0.999992161410) (6,4,0.705674450594) (7,4,0.006834068142) (8,4,-0.707645399713) (1,5,0.004707385422) (2,5,0.708740065693) (4,5,0.999992161410) (5,5,2.000000000000) (6,5,0.702863516679) (9,5,0.007251587592) (1,6,-0.708008202996) (2,6,-0.003670522497) (4,6,0.705674450594) (5,6,0.702863516679) (6,6,2.000000000000) (7,6,0.703697042893) (10,6,0.711167366693) (4,7,0.006834068142) (6,7,0.703697042893) (7,7,2.000000000000) (8,7,0.701715155052) (10,7,0.000948604615) (3,8,0.707611790077) (4,8,-0.707645399713) (7,8,0.701715155052) (8,8,2.000000000000) (9,8,0.704234212208) (3,9,0.999988629941) (5,9,0.007251587592) (8,9,0.704234212208) (9,9,2.000000000000) (6,10,0.711167366693) (7,10,0.000948604615) (10,10,2.000000000000) 
Minv:
size: 27 27
(0,0,1.000000000000) (1,1,1.000000000000) (2,2,2.000000000000) (3,3,1.000000000000) (4,4,1.000000000000) (5,5,2.000000000000) (6,6,1.000000000000) (7,7,1.000000000000) (8,8,2.000000000000) (9,9,1.000000000000) (10,10,1.000000000000) (11,11,2.000000000000) (12,12,1.000000000000) (13,13,1.000000000000) (14,14,2.000000000000) (15,15,1.000000000000) (16,16,1.000000000000) (17,17,2.000000000000) (18,18,1.000000000000) (19,19,1.000000000000) (20,20,2.000000000000) (21,21,1.000000000000) (22,22,1.000000000000) (23,23,2.000000000000) (24,24,1.000000000000) (25,25,1.000000000000) (26,26,2.000000000000) 
v0:
size: 27 1
(0,0,-0.233843614225) (1,0,-0.270906250356) (2,0,0.000000000000) (3,0,-0.863916986058) (4,0,-0.867515118290) (5,0,0.000000000000) (6,0,0.444131679922) (7,0,0.984649643183) (8,0,0.000000000000) (9,0,-0.905779193140) (10,0,0.853482511913) (11,0,0.000000000000) (12,0,0.259419753655) (13,0,0.179123795477) (14,0,0.000000000000) (15,0,0.790818754668) (16,0,0.188056290186) (17,0,0.000000000000) (18,0,-0.110532138295) (19,0,-0.361850474487) (20,0,0.000000000000) (21,0,0.024387171337) (22,0,-0.714799229366) (23,0,0.000000000000) (24,0,-0.005184944965) (25,0,0.090378262152) (26,0,0.000000000000) 
ipopt_sol:
size: 11 1
(0,0,0.295602802871) (1,0,0.525500834982) (2,0,0.857056237182) (3,0,0.068918391865) (4,0,0.148168784181) (5,0,0.133762973613) (6,0,0.437807124111) (7,0,0.072837652654) (8,0,0.000000000000) (9,0,0.760571816654) (10,0,0.195954756394) 
policy_sol:
size: 11 1
(0,0,0.295602803357) (1,0,0.525500835737) (2,0,0.857056235805) (3,0,0.068918389489) (4,0,0.148168789055) (5,0,0.133762971408) (6,0,0.437807124857) (7,0,0.072837648867) (8,0,0.000000000000) (9,0,0.760571814330) (10,0,0.195954756131) 

policy_converges:
1
ipopt_converges:
0
