solve status: 0
N:
size: 27 13
(0,0,0.001154140710) (1,0,-0.999999333979) (3,0,-0.001154140710) (4,0,0.999999333979) (0,1,-0.999999997271) (1,1,0.000073882246) (9,1,0.999999997271) (10,1,-0.000073882246) (0,2,-0.706560991853) (1,2,-0.707652149571) (12,2,0.706560991853) (13,2,0.707652149571) (0,3,-0.999999999613) (1,3,-0.000027825032) (18,3,0.999999999613) (19,3,0.000027825032) (3,4,-0.705134851792) (4,4,0.709073226676) (9,4,0.705134851792) (10,4,-0.709073226676) (6,5,-0.999996340434) (7,5,0.002705386879) (24,5,0.999996340434) (25,5,-0.002705386879) (12,6,-0.000233743886) (13,6,-0.999999972682) (15,6,0.000233743886) (16,6,0.999999972682) (12,7,-0.707318098433) (13,7,0.706895400769) (18,7,0.707318098433) (19,7,-0.706895400769) (12,8,-0.999991335892) (13,8,-0.004162708481) (21,8,0.999991335892) (22,8,0.004162708481) (12,9,-0.704219399779) (13,9,-0.709982420187) (24,9,0.704219399779) (25,9,0.709982420187) (15,10,-0.707323136860) (16,10,0.706890359294) (21,10,0.707323136860) (22,10,-0.706890359294) (15,11,-0.999998888478) (16,11,0.001490987080) (24,11,0.999998888478) (25,11,-0.001490987080) (21,12,0.006311326728) (22,12,-0.999980083379) (24,12,-0.006311326728) (25,12,0.999980083379) 
Q:
size: 13 13
(0,0,2.000000000000) (1,0,-0.001228022904) (2,0,0.706836207455) (3,0,-0.001126315696) (4,0,0.709886579257) (0,1,-0.001228022904) (1,1,2.000000000000) (2,1,0.706508706994) (3,1,0.999999994828) (4,1,0.705187237790) (0,2,0.706836207455) (1,2,0.706508706994) (2,2,2.000000000000) (3,2,0.706580682023) (6,2,-0.707817284551) (7,2,0.000472672692) (8,2,-0.709500619736) (9,2,-0.999994543393) (0,3,-0.001126315696) (1,3,0.999999994828) (2,3,0.706580682023) (3,3,2.000000000000) (7,3,0.707298428772) (0,4,0.709886579257) (1,4,0.705187237790) (4,4,2.000000000000) (5,5,2.000000000000) (9,5,0.702296045518) (11,5,0.999999262613) (12,5,-0.009016636628) (2,6,-0.707817284551) (6,6,2.000000000000) (7,6,-0.706730050177) (8,6,0.004396450228) (9,6,0.710147007771) (10,6,0.706725007524) (11,6,0.001257243413) (2,7,0.000472672692) (3,7,0.707298428772) (6,7,-0.706730050177) (7,7,2.000000000000) (8,7,0.704369370673) (9,7,-0.003776180726) (2,8,-0.709500619736) (6,8,0.004396450228) (7,8,0.704369370673) (8,8,2.000000000000) (9,8,0.707168748188) (10,8,0.704374430042) (12,8,0.002148646473) (2,9,-0.999994543393) (5,9,0.702296045518) (6,9,0.710147007771) (7,9,-0.003776180726) (8,9,0.707168748188) (9,9,2.000000000000) (11,9,0.703160042408) (12,9,0.705523721016) (6,10,0.706725007524) (8,10,0.704374430042) (10,10,2.000000000000) (11,10,0.708376315047) (12,10,0.711340427846) (5,11,0.999999262613) (6,11,0.001257243413) (9,11,0.703160042408) (10,11,0.708376315047) (11,11,2.000000000000) (12,11,-0.007802277098) (5,12,-0.009016636628) (8,12,0.002148646473) (9,12,0.705523721016) (10,12,0.711340427846) (11,12,-0.007802277098) (12,12,2.000000000000) 
Minv:
size: 27 27
(0,0,1.000000000000) (1,1,1.000000000000) (2,2,2.000000000000) (3,3,1.000000000000) (4,4,1.000000000000) (5,5,2.000000000000) (6,6,1.000000000000) (7,7,1.000000000000) (8,8,2.000000000000) (9,9,1.000000000000) (10,10,1.000000000000) (11,11,2.000000000000) (12,12,1.000000000000) (13,13,1.000000000000) (14,14,2.000000000000) (15,15,1.000000000000) (16,16,1.000000000000) (17,17,2.000000000000) (18,18,1.000000000000) (19,19,1.000000000000) (20,20,2.000000000000) (21,21,1.000000000000) (22,22,1.000000000000) (23,23,2.000000000000) (24,24,1.000000000000) (25,25,1.000000000000) (26,26,2.000000000000) 
v0:
size: 27 1
(0,0,0.610262113533) (1,0,0.170761331866) (2,0,0.000000000000) (3,0,-0.009776685170) (4,0,-0.482757749982) (5,0,0.000000000000) (6,0,0.403504392930) (7,0,0.829089957515) (8,0,0.000000000000) (9,0,-0.875373394409) (10,0,-0.209224747863) (11,0,0.000000000000) (12,0,0.579204850338) (13,0,-0.080472083649) (14,0,0.000000000000) (15,0,0.535537758296) (16,0,-0.360356110186) (17,0,0.000000000000) (18,0,-0.637670625834) (19,0,0.492764987602) (20,0,0.000000000000) (21,0,0.210126729302) (22,0,0.844619468584) (23,0,0.000000000000) (24,0,-0.834120367013) (25,0,0.683796359629) (26,0,0.000000000000) 
ipopt_sol:
size: 13 1
(0,0,0.630815748231) (1,0,1.463260517863) (2,0,0.000000000000) (3,0,0.000000000000) (4,0,0.064477197491) (5,0,0.883986649196) (6,0,0.576975131983) (7,0,1.469819536065) (8,0,0.000000000000) (9,0,0.000000000000) (10,0,0.627847604380) (11,0,0.706481540252) (12,0,0.000000000000) 
policy_sol:
size: 13 1
(0,0,0.630815742682) (1,0,1.463260507351) (2,0,0.000000000000) (3,0,0.000000000000) (4,0,0.064477203166) (5,0,0.883986645099) (6,0,0.576975132172) (7,0,1.469819529108) (8,0,0.000000000000) (9,0,0.000000000000) (10,0,0.627847596789) (11,0,0.706481541513) (12,0,0.000000000000) 

policy_converges:
1
ipopt_converges:
0
