solve status: 0
N:
size: 27 17
(0,0,-0.006510813868) (1,0,-0.999978804427) (3,0,0.006510813868) (4,0,0.999978804427) (0,1,-0.003792907052) (1,1,-0.999992806902) (6,1,0.003792907052) (7,1,0.999992806902) (0,2,-0.999997890732) (1,2,-0.002053906354) (9,2,0.999997890732) (10,2,0.002053906354) (0,3,-0.708076960365) (1,3,-0.706135269053) (12,3,0.708076960365) (13,3,0.706135269053) (0,4,-0.999999780250) (1,4,-0.000662948233) (18,4,0.999999780250) (19,4,0.000662948233) (3,5,-0.999998994965) (4,5,-0.001417769340) (12,5,0.999998994965) (13,5,0.001417769340) (3,6,-0.705865737254) (4,6,-0.708345650775) (15,6,0.705865737254) (16,6,0.708345650775) (3,7,-0.999998369913) (4,7,0.001805594298) (21,7,0.999998369913) (22,7,-0.001805594298) (6,8,-0.999999815268) (7,8,0.000607835985) (15,8,0.999999815268) (16,8,-0.000607835985) (9,9,0.002296969237) (10,9,-0.999997361963) (12,9,-0.002296969237) (13,9,0.999997361963) (9,10,-0.999999727942) (10,10,0.000737642504) (18,10,0.999999727942) (19,10,-0.000737642504) (9,11,-0.706270828761) (10,11,-0.707941746503) (21,11,0.706270828761) (22,11,0.707941746503) (12,12,-0.707726481969) (13,12,0.706486536829) (18,12,0.707726481969) (19,12,-0.706486536829) (12,13,-0.999987299955) (13,13,0.005039834098) (21,13,0.999987299955) (22,13,-0.005039834098) (18,14,0.007592224659) (19,14,-0.999971178647) (21,14,-0.007592224659) (22,14,0.999971178647) (18,15,-0.000556105725) (19,15,-0.999999845373) (24,15,0.000556105725) (25,15,0.999999845373) (21,16,-0.008622208697) (22,16,-0.999962828068) (24,16,0.008622208697) (25,16,0.999962828068) 
Q:
size: 17 17
(0,0,2.000000000000) (1,0,0.999996306393) (2,0,0.008564662956) (3,0,0.710730459404) (4,0,0.007173746619) (5,0,-0.007928546614) (6,0,-0.712926397414) (7,0,-0.004705247228) (0,1,0.999996306393) (1,1,2.000000000000) (2,1,0.005846790633) (3,1,0.708815859849) (4,1,0.004455849683) (8,1,-0.003185074739) (0,2,0.008564662956) (1,2,0.005846790633) (2,2,2.000000000000) (3,2,0.709525802557) (4,2,0.999999032616) (9,2,0.000243063456) (10,2,-0.999996103626) (11,2,-0.707723385098) (0,3,0.710730459404) (1,3,0.708815859849) (2,3,0.709525802557) (3,3,2.000000000000) (4,3,0.708544935894) (5,3,0.709077385657) (9,3,0.704506975247) (12,3,-0.002249755356) (13,3,-0.704509163149) (0,4,0.007173746619) (1,4,0.004455849683) (2,4,0.999999032616) (3,4,0.708544935894) (4,4,2.000000000000) (10,4,0.999999019173) (12,4,0.707257962445) (14,4,0.006929293865) (15,4,-0.001219053733) (0,5,-0.007928546614) (3,5,0.709077385657) (5,5,2.000000000000) (6,5,0.706869298579) (7,5,0.999994804963) (9,5,-0.000879201329) (12,5,-0.706724135728) (13,5,-0.999979149611) (0,6,-0.712926397414) (5,6,0.706869298579) (6,6,2.000000000000) (7,6,0.704585601763) (8,6,0.705435048881) (0,7,-0.004705247228) (5,7,0.999994804963) (6,7,0.704585601763) (7,7,2.000000000000) (11,7,0.704991421897) (13,7,0.999994769785) (14,7,-0.009397754541) (16,7,-0.006816667462) (1,8,-0.003185074739) (6,8,0.705435048881) (8,8,2.000000000000) (2,9,0.000243063456) (3,9,0.704506975247) (5,9,-0.000879201329) (9,9,2.000000000000) (10,9,-0.003034609170) (11,9,0.706317596559) (12,9,0.708110299048) (13,9,0.007336760868) (2,10,-0.999996103626) (4,10,0.999999019173) (9,10,-0.003034609170) (10,10,2.000000000000) (11,10,0.705748428691) (12,10,0.708247423924) (14,10,0.008329843838) (15,10,0.000181536817) (2,11,-0.707723385098) (7,11,0.704991421897) (9,11,0.706317596559) (10,11,0.705748428691) (11,11,2.000000000000) (13,11,0.702693950136) (14,11,0.702559175862) (16,11,-0.714005045423) (3,12,-0.002249755356) (4,12,0.707257962445) (5,12,-0.706724135728) (9,12,0.708110299048) (10,12,0.708247423924) (12,12,2.000000000000) (13,12,0.711278068749) (14,12,0.711839393379) (15,12,0.706092856839) (3,13,-0.704509163149) (5,13,-0.999979149611) (7,13,0.999994769785) (9,13,0.007336760868) (11,13,0.702693950136) (12,13,0.711278068749) (13,13,2.000000000000) (14,13,-0.012631817081) (16,13,-0.003582452437) (4,14,0.006929293865) (7,14,-0.009397754541) (10,14,0.008329843838) (11,14,0.702559175862) (12,14,0.711839393379) (13,14,-0.012631817081) (14,14,2.000000000000) (15,14,0.999966801945) (16,14,-0.999868546041) (4,15,-0.001219053733) (10,15,0.000181536817) (12,15,0.706092856839) (14,15,0.999966801945) (15,15,2.000000000000) (16,15,0.999967468306) (7,16,-0.006816667462) (11,16,-0.714005045423) (13,16,-0.003582452437) (14,16,-0.999868546041) (15,16,0.999967468306) (16,16,2.000000000000) 
Minv:
size: 27 27
(0,0,1.000000000000) (1,1,1.000000000000) (2,2,2.000000000000) (3,3,1.000000000000) (4,4,1.000000000000) (5,5,2.000000000000) (6,6,1.000000000000) (7,7,1.000000000000) (8,8,2.000000000000) (9,9,1.000000000000) (10,10,1.000000000000) (11,11,2.000000000000) (12,12,1.000000000000) (13,13,1.000000000000) (14,14,2.000000000000) (15,15,1.000000000000) (16,16,1.000000000000) (17,17,2.000000000000) (18,18,1.000000000000) (19,19,1.000000000000) (20,20,2.000000000000) (21,21,1.000000000000) (22,22,1.000000000000) (23,23,2.000000000000) (24,24,1.000000000000) (25,25,1.000000000000) (26,26,2.000000000000) 
v0:
size: 27 1
(0,0,0.523116685453) (1,0,0.934868586538) (2,0,0.000000000000) (3,0,0.402230881353) (4,0,0.592427592240) (5,0,0.000000000000) (6,0,0.327592048732) (7,0,0.848044021352) (8,0,0.000000000000) (9,0,0.121730737068) (10,0,-0.105222636608) (11,0,0.000000000000) (12,0,-0.432807587394) (13,0,-0.436439474345) (14,0,0.000000000000) (15,0,-0.766230299741) (16,0,-0.033987524618) (17,0,0.000000000000) (18,0,-0.721642077345) (19,0,0.363685719673) (20,0,0.000000000000) (21,0,-0.909988014009) (22,0,-0.638599754305) (23,0,0.000000000000) (24,0,0.935008836358) (25,0,-0.753164538702) (26,0,0.000000000000) 
ipopt_sol:
size: 17 1
(0,0,0.000000000000) (1,0,0.000000000000) (2,0,0.321970090865) (3,0,1.783895093663) (4,0,0.000000000000) (5,0,0.000000000000) (6,0,0.774537468218) (7,0,0.581040735905) (8,0,0.820093077504) (9,0,0.000000000000) (10,0,0.903321424498) (11,0,0.281606013945) (12,0,0.000000000000) (13,0,0.718006784982) (14,0,0.463325912714) (15,0,0.884191562498) (16,0,0.000000000000) 
policy_sol:
size: 17 1
(0,0,0.000000000000) (1,0,0.000000000000) (2,0,485.353406334790) (3,0,1.054674771891) (4,0,-484.358441408484) (5,0,0.000000000000) (6,0,0.837283784807) (7,0,0.425090716499) (8,0,0.797961352065) (9,0,0.000000000000) (10,0,485.111512184729) (11,0,1.668016202851) (12,0,0.000000000000) (13,0,0.000000000000) (14,0,-0.418333312539) (15,0,0.985826242034) (16,0,0.000000000000) 

policy_converges:
0
ipopt_converges:
0
