solve status: 0
N:
size: 27 13
(0,0,-0.999999031799) (1,0,0.001391545963) (9,0,0.999999031799) (10,0,-0.001391545963) (0,1,-0.705608810852) (1,1,-0.708601584847) (12,1,0.705608810852) (13,1,0.708601584847) (0,2,-0.999999967193) (1,2,0.000256150453) (18,2,0.999999967193) (19,2,-0.000256150453) (3,3,-0.001263271567) (4,3,-0.999999202072) (6,3,0.001263271567) (7,3,0.999999202072) (3,4,-0.702677011001) (4,4,0.711508972685) (9,4,0.702677011001) (10,4,-0.711508972685) (3,5,-0.999996655921) (4,5,0.002586145110) (12,5,0.999996655921) (13,5,-0.002586145110) (3,6,-0.705443127003) (4,6,-0.708766530364) (15,6,0.705443127003) (16,6,0.708766530364) (3,7,-0.999994833457) (4,7,0.003214507669) (21,7,0.999994833457) (22,7,-0.003214507669) (6,8,-0.704762826889) (7,8,0.709442991251) (12,8,0.704762826889) (13,8,-0.709442991251) (6,9,-0.999996342953) (7,9,-0.002704455746) (15,9,0.999996342953) (16,9,0.002704455746) (6,10,-0.999999387163) (7,10,-0.001107101464) (24,10,0.999999387163) (25,10,0.001107101464) (12,11,-0.000761681920) (13,11,-0.999999709920) (15,11,0.000761681920) (16,11,0.999999709920) (18,12,-0.005119930698) (19,12,-0.999986893069) (21,12,0.005119930698) (22,12,0.999986893069) 
Q:
size: 13 13
(0,0,2.000000000000) (1,0,0.704622076006) (2,0,0.999999355438) (4,0,0.703666428107) (0,1,0.704622076006) (1,1,2.000000000000) (2,1,0.705427279086) (5,1,0.703773904717) (8,1,-0.005425567746) (11,1,-0.709138828771) (0,2,0.999999355438) (1,2,0.705427279086) (2,2,2.000000000000) (12,2,-0.004863783434) (3,3,2.000000000000) (4,3,-0.710620733063) (5,3,-0.001322875704) (6,3,0.709657131064) (7,3,-0.001951240064) (8,3,0.708552118326) (9,3,-0.003967720535) (10,3,-0.002370371373) (0,4,0.703666428107) (3,4,-0.710620733063) (4,4,2.000000000000) (5,4,0.704514726644) (6,4,-0.008595077979) (7,4,0.704960531639) (1,5,0.703773904717) (3,5,-0.001322875704) (4,5,0.704514726644) (5,5,2.000000000000) (6,5,0.703607794849) (7,5,0.999999802579) (8,5,0.706595192629) (11,5,0.001824464986) (3,6,0.709657131064) (4,6,-0.008595077979) (5,6,0.703607794849) (6,6,2.000000000000) (7,6,0.703161146853) (9,6,0.707357374880) (11,6,0.709303648041) (3,7,-0.001951240064) (4,7,0.704960531639) (5,7,0.999999802579) (6,7,0.703161146853) (7,7,2.000000000000) (12,7,0.001905438710) (1,8,-0.005425567746) (3,8,0.708552118326) (5,8,0.706595192629) (8,8,2.000000000000) (9,8,0.702841592364) (10,8,0.703976969610) (11,8,0.708905980353) (3,9,-0.003967720535) (6,9,0.707357374880) (8,9,0.702841592364) (9,9,2.000000000000) (10,9,0.999998724225) (11,9,0.003466134096) (3,10,-0.002370371373) (8,10,0.703976969610) (9,10,0.999998724225) (10,10,2.000000000000) (1,11,-0.709138828771) (5,11,0.001824464986) (6,11,0.709303648041) (8,11,0.708905980353) (9,11,0.003466134096) (11,11,2.000000000000) (2,12,-0.004863783434) (7,12,0.001905438710) (12,12,2.000000000000) 
Minv:
size: 27 27
(0,0,1.000000000000) (1,1,1.000000000000) (2,2,2.000000000000) (3,3,1.000000000000) (4,4,1.000000000000) (5,5,2.000000000000) (6,6,1.000000000000) (7,7,1.000000000000) (8,8,2.000000000000) (9,9,1.000000000000) (10,10,1.000000000000) (11,11,2.000000000000) (12,12,1.000000000000) (13,13,1.000000000000) (14,14,2.000000000000) (15,15,1.000000000000) (16,16,1.000000000000) (17,17,2.000000000000) (18,18,1.000000000000) (19,19,1.000000000000) (20,20,2.000000000000) (21,21,1.000000000000) (22,22,1.000000000000) (23,23,2.000000000000) (24,24,1.000000000000) (25,25,1.000000000000) (26,26,2.000000000000) 
v0:
size: 27 1
(0,0,-0.608336231261) (1,0,0.002194751542) (2,0,0.000000000000) (3,0,0.671590691594) (4,0,0.429072263517) (5,0,0.000000000000) (6,0,0.295330649643) (7,0,0.374364253307) (8,0,0.000000000000) (9,0,-0.869358571843) (10,0,-0.560800929162) (11,0,0.000000000000) (12,0,-0.841157808062) (13,0,0.170767345779) (14,0,0.000000000000) (15,0,-0.738593190256) (16,0,-0.089075616994) (17,0,0.000000000000) (18,0,-0.730305899143) (19,0,-0.189588587882) (20,0,0.000000000000) (21,0,0.330404681645) (22,0,-0.828171944799) (23,0,0.000000000000) (24,0,-0.075646910195) (25,0,-0.397688229725) (26,0,0.000000000000) 
ipopt_sol:
size: 13 1
(0,0,0.260238665527) (1,0,0.000000000000) (2,0,0.000000000000) (3,0,0.000000000000) (4,0,0.000000000000) (5,0,1.302300582125) (6,0,0.596164957444) (7,0,0.000000000000) (8,0,0.000000000000) (9,0,0.824243349101) (10,0,0.000000000000) (11,0,0.045717306314) (12,0,0.633144222370) 
policy_sol:
size: 13 1
(0,0,0.260238653494) (1,0,0.000000000000) (2,0,0.000000000000) (3,0,0.000000000000) (4,0,0.000000000000) (5,0,1.302300565743) (6,0,0.596164959759) (7,0,0.000000000000) (8,0,0.000000000000) (9,0,0.824243339790) (10,0,0.000000000000) (11,0,0.045717305524) (12,0,0.633144222384) 

policy_converges:
1
ipopt_converges:
0
