solve status: 0
N:
size: 27 14
(0,0,-0.999988296614) (1,0,-0.004838040395) (9,0,0.999988296614) (10,0,0.004838040395) (3,1,-0.706307324447) (4,1,0.707905335079) (9,1,0.706307324447) (10,1,-0.707905335079) (3,2,-0.999995254789) (4,2,0.003080649038) (21,2,0.999995254789) (22,2,-0.003080649038) (9,3,-0.002715637758) (10,3,-0.999996312649) (12,3,0.002715637758) (13,3,0.999996312649) (9,4,-0.002008453413) (10,4,-0.999997983055) (15,4,0.002008453413) (16,4,0.999997983055) (9,5,-0.708843907627) (10,5,-0.705365376681) (21,5,0.708843907627) (22,5,0.705365376681) (12,6,-0.001294298796) (13,6,-0.999999162395) (15,6,0.001294298796) (16,6,0.999999162395) (12,7,-0.704851069992) (13,7,0.709355319379) (18,7,0.704851069992) (19,7,-0.709355319379) (12,8,-0.999981611708) (13,8,0.006064342240) (21,8,0.999981611708) (22,8,-0.006064342240) (12,9,-0.708434130298) (13,9,-0.705776935745) (24,9,0.708434130298) (25,9,0.705776935745) (15,10,-0.706601685657) (16,10,0.707611516178) (21,10,0.706601685657) (22,10,-0.707611516178) (15,11,-0.999998458819) (16,11,-0.001755664858) (24,11,0.999998458819) (25,11,0.001755664858) (18,12,-0.002858416168) (19,12,-0.999995914720) (24,12,0.002858416168) (25,12,0.999995914720) (21,13,0.000421105840) (22,13,-0.999999911335) (24,13,-0.000421105840) (25,13,0.999999911335) 
Q:
size: 14 14
(0,0,2.000000000000) (1,0,0.702874183652) (3,0,-0.007553628531) (4,0,-0.006846460544) (5,0,-0.712248197939) (0,1,0.702874183652) (1,1,2.000000000000) (2,1,0.708484780759) (3,1,0.705984649944) (4,1,0.706485321917) (5,1,-0.001329730514) (1,2,0.708484780759) (2,2,2.000000000000) (5,2,0.706667560844) (8,2,0.999995548694) (10,2,0.708778235419) (13,2,0.003501752607) (0,3,-0.007553628531) (1,3,0.705984649944) (3,3,2.000000000000) (4,3,0.999999749944) (5,3,0.707287739031) (6,3,-0.999998989894) (7,3,0.707438583558) (8,3,0.003348732057) (9,3,-0.707698183771) (0,4,-0.006846460544) (1,4,0.706485321917) (3,4,0.999999749944) (4,4,2.000000000000) (5,4,0.706787633964) (6,4,0.999999744991) (10,4,0.706190912397) (11,4,-0.003764111634) (0,5,-0.712248197939) (1,5,-0.001329730514) (2,5,0.706667560844) (3,5,0.707287739031) (4,5,0.706787633964) (5,5,2.000000000000) (8,5,0.704553296149) (10,5,0.001745636344) (13,5,-0.705066815830) (3,6,-0.999998989894) (4,6,0.999999744991) (6,6,2.000000000000) (7,6,-0.708442437328) (8,6,-0.004770062164) (9,6,0.706693270025) (10,6,0.706696369768) (11,6,-0.003049960189) (3,7,0.707438583558) (6,7,-0.708442437328) (7,7,2.000000000000) (8,7,0.709139882411) (9,7,-0.001306068906) (12,7,0.707337663769) (2,8,0.999995548694) (3,8,0.003348732057) (5,8,0.704553296149) (6,8,-0.004770062164) (7,8,0.709139882411) (8,8,2.000000000000) (9,8,0.704141030520) (10,8,0.710879890865) (13,8,0.006485439799) (3,9,-0.707698183771) (6,9,0.706693270025) (7,9,-0.001306068906) (8,9,0.704141030520) (9,9,2.000000000000) (11,9,0.709672146236) (12,9,0.707799052021) (13,9,0.705478547417) (2,10,0.708778235419) (4,10,0.706190912397) (5,10,0.001745636344) (6,10,0.706696369768) (8,10,0.710879890865) (10,10,2.000000000000) (11,10,0.705358267984) (13,10,0.707909007534) (4,11,-0.003764111634) (6,11,-0.003049960189) (9,11,0.709672146236) (10,11,0.705358267984) (11,11,2.000000000000) (12,11,0.004614069448) (13,11,0.001334559511) (7,12,0.707337663769) (9,12,0.707799052021) (11,12,0.004614069448) (12,12,2.000000000000) (13,12,0.999994622360) (2,13,0.003501752607) (5,13,-0.705066815830) (8,13,0.006485439799) (9,13,0.705478547417) (10,13,0.707909007534) (11,13,0.001334559511) (12,13,0.999994622360) (13,13,2.000000000000) 
Minv:
size: 27 27
(0,0,1.000000000000) (1,1,1.000000000000) (2,2,2.000000000000) (3,3,1.000000000000) (4,4,1.000000000000) (5,5,2.000000000000) (6,6,1.000000000000) (7,7,1.000000000000) (8,8,2.000000000000) (9,9,1.000000000000) (10,10,1.000000000000) (11,11,2.000000000000) (12,12,1.000000000000) (13,13,1.000000000000) (14,14,2.000000000000) (15,15,1.000000000000) (16,16,1.000000000000) (17,17,2.000000000000) (18,18,1.000000000000) (19,19,1.000000000000) (20,20,2.000000000000) (21,21,1.000000000000) (22,22,1.000000000000) (23,23,2.000000000000) (24,24,1.000000000000) (25,25,1.000000000000) (26,26,2.000000000000) 
v0:
size: 27 1
(0,0,-0.628796691401) (1,0,-0.675130409557) (2,0,0.000000000000) (3,0,0.386823006997) (4,0,-0.611755634411) (5,0,0.000000000000) (6,0,-0.187148130104) (7,0,-0.605877984449) (8,0,0.000000000000) (9,0,-0.643426588061) (10,0,0.683184941609) (11,0,0.000000000000) (12,0,0.696987280223) (13,0,-0.017811726676) (14,0,0.000000000000) (15,0,0.948927811179) (16,0,-0.023763050724) (17,0,0.000000000000) (18,0,0.640856091239) (19,0,0.140964139817) (20,0,0.000000000000) (21,0,-0.986827928991) (22,0,0.623569167647) (23,0,0.000000000000) (24,0,0.528071050820) (25,0,-0.834575703554) (26,0,0.000000000000) 
ipopt_sol:
size: 14 1
(0,0,0.000000000000) (1,0,1.612349047940) (2,0,0.000000000000) (3,0,0.090895129645) (4,0,0.000000000000) (5,0,0.099483496879) (6,0,0.000000000000) (7,0,0.000000000000) (8,0,1.272306858141) (9,0,0.000000000000) (10,0,1.061959237993) (11,0,0.045903471582) (12,0,0.558463582598) (13,0,0.834582024434) 
policy_sol:
size: 14 1
(0,0,0.000000000000) (1,0,1.612349035716) (2,0,0.000000000000) (3,0,0.090895134276) (4,0,0.000000000000) (5,0,0.099483496136) (6,0,0.000000000000) (7,0,0.000000000000) (8,0,1.272306849433) (9,0,0.000000000000) (10,0,1.061959229292) (11,0,0.045903471153) (12,0,0.558463573631) (13,0,0.834582028219) 

policy_converges:
1
ipopt_converges:
0
