solve status: 0
N:
size: 27 6
(0,0,-0.709223371381) (1,0,-0.704983836331) (12,0,0.709223371381) (13,0,0.704983836331) (3,1,-0.002630227970) (4,1,-0.999996540944) (6,1,0.002630227970) (7,1,0.999996540944) (9,2,-0.002908407633) (10,2,-0.999995770574) (12,2,0.002908407633) (13,2,0.999995770574) (9,3,-0.709135763308) (10,3,-0.705071960297) (21,3,0.709135763308) (22,3,0.705071960297) (12,4,-0.999999342508) (13,4,0.001146727025) (21,4,0.999999342508) (22,4,-0.001146727025) (21,5,-0.003378385653) (22,5,-0.999994293239) (24,5,0.003378385653) (25,5,0.999994293239) 
Q:
size: 6 6
(0,0,2.000000000000) (2,0,0.707043565320) (4,0,-0.708414481055) (1,1,2.000000000000) (0,2,0.707043565320) (2,2,2.000000000000) (3,2,0.707131434114) (4,2,-0.001761683546) (2,3,0.707131434114) (3,3,2.000000000000) (4,3,0.708326771986) (5,3,-0.707463670709) (0,4,-0.708414481055) (2,4,-0.001761683546) (3,4,0.708326771986) (4,4,2.000000000000) (5,4,-0.002231662951) (3,5,-0.707463670709) (4,5,-0.002231662951) (5,5,2.000000000000) 
Minv:
size: 27 27
(0,0,1.000000000000) (1,1,1.000000000000) (2,2,2.000000000000) (3,3,1.000000000000) (4,4,1.000000000000) (5,5,2.000000000000) (6,6,1.000000000000) (7,7,1.000000000000) (8,8,2.000000000000) (9,9,1.000000000000) (10,10,1.000000000000) (11,11,2.000000000000) (12,12,1.000000000000) (13,13,1.000000000000) (14,14,2.000000000000) (15,15,1.000000000000) (16,16,1.000000000000) (17,17,2.000000000000) (18,18,1.000000000000) (19,19,1.000000000000) (20,20,2.000000000000) (21,21,1.000000000000) (22,22,1.000000000000) (23,23,2.000000000000) (24,24,1.000000000000) (25,25,1.000000000000) (26,26,2.000000000000) 
v0:
size: 27 1
(0,0,0.058165097679) (1,0,-0.183044849455) (2,0,0.000000000000) (3,0,-0.656902309593) (4,0,0.663888618773) (5,0,0.000000000000) (6,0,-0.721948126487) (7,0,0.165769583247) (8,0,0.000000000000) (9,0,0.589508947203) (10,0,-0.491500887116) (11,0,0.000000000000) (12,0,0.124553562094) (13,0,-0.917102491339) (14,0,0.000000000000) (15,0,-0.341585632163) (16,0,0.483162562389) (17,0,0.000000000000) (18,0,0.630269033835) (19,0,-0.977896466321) (20,0,0.000000000000) (21,0,-0.029416631845) (22,0,-0.447565507307) (23,0,0.000000000000) (24,0,0.189405579443) (25,0,-0.789496343346) (26,0,0.000000000000) 
ipopt_sol:
size: 6 1
(0,0,0.499163956910) (1,0,0.498288397831) (2,0,0.068015490545) (3,0,0.516460000789) (4,0,0.149049444576) (5,0,0.524044276931) 
policy_sol:
size: 6 1
(0,0,0.499163956910) (1,0,0.498288397831) (2,0,0.068015490544) (3,0,0.516460000790) (4,0,0.149049444575) (5,0,0.524044276931) 

policy_converges:
1
ipopt_converges:
0
