solve status: 0
N:
size: 27 13
(0,0,-0.000653363834) (1,0,-0.999999786558) (6,0,0.000653363834) (7,0,0.999999786558) (0,1,-0.999977316756) (1,1,-0.006735426745) (9,1,0.999977316756) (10,1,0.006735426745) (0,2,-0.999994009572) (1,2,-0.003461332205) (18,2,0.999994009572) (19,2,0.003461332205) (3,3,-0.009674653877) (4,3,-0.999953199441) (6,3,0.009674653877) (7,3,0.999953199441) (3,4,-0.999993145735) (4,4,0.003702496842) (12,4,0.999993145735) (13,4,-0.003702496842) (3,5,-0.999998392138) (4,5,-0.001793243108) (21,5,0.999998392138) (22,5,0.001793243108) (6,6,-0.702995000679) (7,6,0.711194789787) (12,6,0.702995000679) (13,6,-0.711194789787) (9,7,-0.999999984421) (10,7,-0.000176513741) (18,7,0.999999984421) (19,7,0.000176513741) (9,8,-0.705468718346) (10,8,-0.708741058099) (21,8,0.705468718346) (22,8,0.708741058099) (12,9,-0.001098828011) (13,9,-0.999999396288) (15,9,0.001098828011) (16,9,0.999999396288) (12,10,-0.999973526632) (13,10,-0.007276402615) (21,10,0.999973526632) (22,10,0.007276402615) (12,11,-0.705506432945) (13,11,-0.708703515635) (24,11,0.705506432945) (25,11,0.708703515635) (15,12,-0.999999805295) (16,12,-0.000624027842) (24,12,0.999999805295) (25,12,0.000624027842) 
Q:
size: 13 13
(0,0,2.000000000000) (1,0,0.007388774321) (2,0,0.004114691386) (3,0,0.999959307078) (6,0,0.710735326479) (0,1,0.007388774321) (1,1,2.000000000000) (2,1,0.999994640013) (7,1,-0.999978490073) (8,1,-0.710226389505) (0,2,0.004114691386) (1,2,0.999994640013) (2,2,2.000000000000) (7,2,0.999994604966) (0,3,0.999959307078) (3,3,2.000000000000) (4,3,0.005972264002) (5,3,0.011467797505) (6,3,0.704360272164) (3,4,0.005972264002) (4,4,2.000000000000) (5,4,0.999984898407) (6,4,0.705623378628) (9,4,0.002603674127) (10,4,-0.999939731691) (11,4,-0.702877624688) (3,5,0.011467797505) (4,5,0.999984898407) (5,5,2.000000000000) (8,5,0.706738529068) (10,5,0.999984967172) (0,6,0.710735326479) (3,6,0.704360272164) (4,6,0.705623378628) (6,6,2.000000000000) (9,6,0.710421889832) (10,6,-0.697801450406) (11,6,0.008058752516) (1,7,-0.999978490073) (2,7,0.999994604966) (7,7,2.000000000000) (8,7,0.705593809891) (1,8,-0.710226389505) (5,8,0.706738529068) (7,8,0.705593809891) (8,8,2.000000000000) (10,8,0.710607127502) (4,9,0.002603674127) (6,9,0.710421889832) (9,9,2.000000000000) (10,9,0.008375197144) (11,9,0.709478318013) (12,9,-0.001722855262) (4,10,-0.999939731691) (5,10,0.999984967172) (6,10,-0.697801450406) (8,10,0.710607127502) (9,10,0.008375197144) (10,10,2.000000000000) (11,10,0.710644567928) (4,11,-0.702877624688) (6,11,0.008058752516) (9,11,0.709478318013) (10,11,0.710644567928) (11,11,2.000000000000) (12,11,0.705948546304) (9,12,-0.001722855262) (11,12,0.705948546304) (12,12,2.000000000000) 
Minv:
size: 27 27
(0,0,1.000000000000) (1,1,1.000000000000) (2,2,2.000000000000) (3,3,1.000000000000) (4,4,1.000000000000) (5,5,2.000000000000) (6,6,1.000000000000) (7,7,1.000000000000) (8,8,2.000000000000) (9,9,1.000000000000) (10,10,1.000000000000) (11,11,2.000000000000) (12,12,1.000000000000) (13,13,1.000000000000) (14,14,2.000000000000) (15,15,1.000000000000) (16,16,1.000000000000) (17,17,2.000000000000) (18,18,1.000000000000) (19,19,1.000000000000) (20,20,2.000000000000) (21,21,1.000000000000) (22,22,1.000000000000) (23,23,2.000000000000) (24,24,1.000000000000) (25,25,1.000000000000) (26,26,2.000000000000) 
v0:
size: 27 1
(0,0,0.901667462617) (1,0,-0.391186384362) (2,0,0.000000000000) (3,0,0.531984025447) (4,0,0.977375720762) (5,0,0.000000000000) (6,0,-0.837337161824) (7,0,-0.610274896994) (8,0,0.000000000000) (9,0,0.397477297332) (10,0,-0.436982125053) (11,0,0.000000000000) (12,0,0.342485032557) (13,0,0.959340857995) (14,0,0.000000000000) (15,0,0.636491632261) (16,0,0.912567741706) (17,0,0.000000000000) (18,0,-0.502903661811) (19,0,-0.903104147267) (20,0,0.000000000000) (21,0,-0.171941154520) (22,0,-0.539404394149) (23,0,0.000000000000) (24,0,-0.452385734138) (25,0,-0.192600750055) (26,0,0.000000000000) 
ipopt_sol:
size: 13 1
(0,0,0.000000000000) (1,0,0.000000000000) (2,0,1.345870375009) (3,0,1.598343992197) (4,0,0.830519124705) (5,0,0.000000000000) (6,0,0.000000000000) (7,0,0.120929168141) (8,0,0.302163909208) (9,0,0.000000000000) (10,0,0.364393832682) (11,0,1.319362319678) (12,0,0.623865854476) 
policy_sol:
size: 13 1
(0,0,0.000000000000) (1,0,0.000000000000) (2,0,1.345870364552) (3,0,1.598343983659) (4,0,0.830519111070) (5,0,0.000000000000) (6,0,0.000000000000) (7,0,0.120929179082) (8,0,0.302163907093) (9,0,0.000000000000) (10,0,0.364393827760) (11,0,1.319362312100) (12,0,0.623865857159) 

policy_converges:
1
ipopt_converges:
0
