solve status: 0
N:
size: 27 13
(0,0,-0.000381212538) (1,0,-0.999999927338) (3,0,0.000381212538) (4,0,0.999999927338) (0,1,0.002382228341) (1,1,-0.999997162490) (6,1,-0.002382228341) (7,1,0.999997162490) (0,2,-0.999992532013) (1,2,0.003864701596) (9,2,0.999992532013) (10,2,-0.003864701596) (0,3,-0.707466572682) (1,3,-0.706746806528) (12,3,0.707466572682) (13,3,0.706746806528) (3,4,-0.706925733377) (4,4,0.707287782652) (9,4,0.706925733377) (10,4,-0.707287782652) (3,5,-0.999999768208) (4,5,0.000680870354) (12,5,0.999999768208) (13,5,-0.000680870354) (3,6,-0.707056544502) (4,6,-0.707157014302) (15,6,0.707056544502) (16,6,0.707157014302) (9,7,0.003398774736) (10,7,-0.999994224148) (12,7,-0.003398774736) (13,7,0.999994224148) (9,8,0.000200291535) (10,8,-0.999999979942) (15,8,-0.000200291535) (16,8,0.999999979942) (9,9,-0.705721066457) (10,9,-0.708489785642) (21,9,0.705721066457) (22,9,0.708489785642) (12,10,-0.002996323112) (13,10,-0.999995511014) (15,10,0.002996323112) (16,10,0.999995511014) (15,11,-0.707285679246) (16,11,0.706927837855) (21,11,0.707285679246) (22,11,-0.706927837855) (15,12,-0.999982609484) (16,12,-0.005897518918) (24,12,0.999982609484) (25,12,0.005897518918) 
Q:
size: 13 13
(0,0,2.000000000000) (1,0,0.999996181693) (2,0,-0.003483491623) (3,0,0.707016450303) (4,0,0.707018242306) (5,0,0.000299657854) (6,0,-0.707426501739) (0,1,0.999996181693) (1,1,2.000000000000) (2,1,-0.006246901180) (3,1,0.705059454207) (0,2,-0.003483491623) (1,2,-0.006246901180) (2,2,2.000000000000) (3,2,0.704729923820) (4,2,0.709653910287) (7,2,0.007263428628) (8,2,0.004064991557) (9,2,-0.702977694536) (0,3,0.707016450303) (1,3,0.705059454207) (2,3,0.704729923820) (3,3,2.000000000000) (5,3,0.706985205749) (7,3,0.704338204949) (10,3,-0.708863432394) (0,4,0.707018242306) (2,4,0.709653910287) (4,4,2.000000000000) (5,4,0.707407140800) (6,4,-0.000327050371) (7,4,0.709686378786) (8,4,0.707429359705) (9,4,0.002213787054) (0,5,0.000299657854) (3,5,0.706985205749) (4,5,0.707407140800) (5,5,2.000000000000) (6,5,0.706574898366) (7,5,-0.004079640369) (10,5,-0.002315455121) (0,6,-0.707426501739) (4,6,-0.000327050371) (5,6,0.706574898366) (6,6,2.000000000000) (8,6,0.707015382677) (10,6,0.709272409750) (11,6,-0.000181989199) (12,6,-0.711214720294) (2,7,0.007263428628) (3,7,0.704338204949) (4,7,0.709686378786) (5,7,-0.004079640369) (7,7,2.000000000000) (8,7,0.999994884836) (9,7,0.706087106579) (10,7,-0.999979551361) (2,8,0.004064991557) (4,8,0.707429359705) (6,8,0.707015382677) (7,8,0.999994884836) (8,8,2.000000000000) (9,8,0.708348421475) (10,8,0.999994890817) (11,8,0.707069487009) (12,8,-0.005697230748) (2,9,-0.702977694536) (4,9,0.002213787054) (7,9,0.706087106579) (8,9,0.708348421475) (9,9,2.000000000000) (11,9,-0.001704748460) (3,10,-0.708863432394) (5,10,-0.002315455121) (6,10,0.709272409750) (7,10,-0.999979551361) (8,10,0.999994890817) (10,10,2.000000000000) (11,10,0.704805408038) (12,10,-0.008893763448) (6,11,-0.000181989199) (8,11,0.707069487009) (9,11,-0.001704748460) (10,11,0.704805408038) (11,11,2.000000000000) (12,11,0.703104258886) (6,12,-0.711214720294) (8,12,-0.005697230748) (10,12,-0.008893763448) (11,12,0.703104258886) (12,12,2.000000000000) 
Minv:
size: 27 27
(0,0,1.000000000000) (1,1,1.000000000000) (2,2,2.000000000000) (3,3,1.000000000000) (4,4,1.000000000000) (5,5,2.000000000000) (6,6,1.000000000000) (7,7,1.000000000000) (8,8,2.000000000000) (9,9,1.000000000000) (10,10,1.000000000000) (11,11,2.000000000000) (12,12,1.000000000000) (13,13,1.000000000000) (14,14,2.000000000000) (15,15,1.000000000000) (16,16,1.000000000000) (17,17,2.000000000000) (18,18,1.000000000000) (19,19,1.000000000000) (20,20,2.000000000000) (21,21,1.000000000000) (22,22,1.000000000000) (23,23,2.000000000000) (24,24,1.000000000000) (25,25,1.000000000000) (26,26,2.000000000000) 
v0:
size: 27 1
(0,0,0.091522675474) (1,0,0.756522229866) (2,0,0.000000000000) (3,0,0.170202342658) (4,0,0.249289837267) (5,0,0.000000000000) (6,0,0.054778480693) (7,0,0.583355626956) (8,0,0.000000000000) (9,0,-0.578324634565) (10,0,0.900164756563) (11,0,0.000000000000) (12,0,-0.871557652754) (13,0,-0.811081583693) (14,0,0.000000000000) (15,0,0.858875291574) (16,0,-0.967498784453) (17,0,0.000000000000) (18,0,0.525258618088) (19,0,-0.857649648821) (20,0,0.000000000000) (21,0,0.522898146110) (22,0,-0.565879595870) (23,0,0.000000000000) (24,0,0.493441357700) (25,0,-0.209742967739) (26,0,0.000000000000) 
ipopt_sol:
size: 13 1
(0,0,0.007131568867) (1,0,0.000000000000) (2,0,0.166956010846) (3,0,1.405088985062) (4,0,0.010098575022) (5,0,0.541537206923) (6,0,0.000000000000) (7,0,0.373051550214) (8,0,1.678557058841) (9,0,0.000000000000) (10,0,0.000000000000) (11,0,0.000000000000) (12,0,0.365740262884) 
policy_sol:
size: 13 1
(0,0,0.000000000000) (1,0,0.000000000000) (2,0,0.159847350955) (3,0,1.415140804203) (4,0,0.020188425776) (5,0,0.534401710928) (6,0,0.000000000000) (7,0,0.365942570054) (8,0,1.678557035143) (9,0,0.000000000000) (10,0,0.000000000000) (11,0,0.000000000000) (12,0,0.365740262902) 

policy_converges:
1
ipopt_converges:
0
