solve status: 0
N:
size: 27 8
(3,0,-0.003058495487) (4,0,-0.999995322792) (6,0,0.003058495487) (7,0,0.999995322792) (3,1,-0.999994338236) (4,1,-0.003365040318) (12,1,0.999994338236) (13,1,0.003365040318) (3,2,-0.999999481673) (4,2,-0.001018162296) (21,2,0.999999481673) (22,2,0.001018162296) (6,3,-0.705332195019) (7,3,0.708876924910) (12,3,0.705332195019) (13,3,-0.708876924910) (9,4,-0.003260887734) (10,4,-0.999994683291) (12,4,0.003260887734) (13,4,0.999994683291) (9,5,-0.999999920578) (10,5,0.000398552158) (18,5,0.999999920578) (19,5,-0.000398552158) (12,6,-0.707907133366) (13,6,0.706305522086) (18,6,0.707907133366) (19,6,-0.706305522086) (15,7,-0.702096280802) (16,7,0.712082026514) (21,7,0.702096280802) (22,7,-0.712082026514) 
Q:
size: 8 8
(0,0,2.000000000000) (1,0,0.006423502749) (2,0,0.004076651436) (3,0,0.706716354009) (0,1,0.006423502749) (1,1,2.000000000000) (2,1,0.999997246069) (3,1,0.702942802162) (4,1,0.006625891698) (6,1,-0.705526378805) (0,2,0.004076651436) (1,2,0.999997246069) (2,2,2.000000000000) (7,2,0.701370901815) (0,3,0.706716354009) (1,3,0.702942802162) (3,3,2.000000000000) (4,3,-0.706573146914) (6,3,-0.999993378790) (1,4,0.006625891698) (3,4,-0.706573146914) (4,4,2.000000000000) (5,4,0.002862337436) (6,4,0.703993361177) (4,5,0.002862337436) (5,5,2.000000000000) (6,5,0.708188576733) (1,6,-0.705526378805) (3,6,-0.999993378790) (4,6,0.703993361177) (5,6,0.708188576733) (6,6,2.000000000000) (2,7,0.701370901815) (7,7,2.000000000000) 
Minv:
size: 27 27
(0,0,1.000000000000) (1,1,1.000000000000) (2,2,2.000000000000) (3,3,1.000000000000) (4,4,1.000000000000) (5,5,2.000000000000) (6,6,1.000000000000) (7,7,1.000000000000) (8,8,2.000000000000) (9,9,1.000000000000) (10,10,1.000000000000) (11,11,2.000000000000) (12,12,1.000000000000) (13,13,1.000000000000) (14,14,2.000000000000) (15,15,1.000000000000) (16,16,1.000000000000) (17,17,2.000000000000) (18,18,1.000000000000) (19,19,1.000000000000) (20,20,2.000000000000) (21,21,1.000000000000) (22,22,1.000000000000) (23,23,2.000000000000) (24,24,1.000000000000) (25,25,1.000000000000) (26,26,2.000000000000) 
v0:
size: 27 1
(0,0,-0.992673318261) (1,0,-0.827341235272) (2,0,0.000000000000) (3,0,0.357666264679) (4,0,-0.176210012355) (5,0,0.000000000000) (6,0,0.448630117552) (7,0,-0.974500368851) (8,0,0.000000000000) (9,0,0.356270036522) (10,0,-0.715625143197) (11,0,0.000000000000) (12,0,-0.602995102879) (13,0,-0.779938718190) (14,0,0.000000000000) (15,0,0.792325441523) (16,0,-0.390439362412) (17,0,0.000000000000) (18,0,-0.354996615002) (19,0,0.220421863620) (20,0,0.000000000000) (21,0,-0.247376934889) (22,0,0.407325667591) (23,0,0.000000000000) (24,0,0.999129914176) (25,0,0.841842924426) (26,0,0.000000000000) 
ipopt_sol:
size: 8 1
(0,0,0.436353875265) (1,0,1.074900829375) (2,0,0.000000000000) (3,0,1.013708593833) (4,0,0.000000000000) (5,0,0.239962180685) (6,0,1.332067456082) (7,0,1.298045314373) 
policy_sol:
size: 8 1
(0,0,0.436353873611) (1,0,1.074900821039) (2,0,0.000000000000) (3,0,1.013708598533) (4,0,0.000000000000) (5,0,0.239962182332) (6,0,1.332067451389) (7,0,1.298045310866) 

policy_converges:
1
ipopt_converges:
0
