solve status: 0
N:
size: 27 14
(0,0,-0.002664206367) (1,0,-0.999996450996) (3,0,0.002664206367) (4,0,0.999996450996) (0,1,0.001592212708) (1,1,-0.999998732429) (6,1,-0.001592212708) (7,1,0.999998732429) (0,2,-0.710508322448) (1,2,-0.703688797504) (12,2,0.710508322448) (13,2,0.703688797504) (0,3,-0.999999578040) (1,3,0.000918651567) (18,3,0.999999578040) (19,3,-0.000918651567) (3,4,-0.999995466530) (4,4,0.003011132665) (12,4,0.999995466530) (13,4,-0.003011132665) (3,5,-0.999997221246) (4,5,-0.002357435273) (21,5,0.999997221246) (22,5,0.002357435273) (6,6,-0.706944421431) (7,6,0.707269103671) (12,6,0.706944421431) (13,6,-0.707269103671) (9,7,-0.999997462934) (10,7,0.002252582026) (18,7,0.999997462934) (19,7,-0.002252582026) (12,8,-0.709146145534) (13,8,0.705061518078) (18,8,0.709146145534) (19,8,-0.705061518078) (12,9,-0.707112637823) (13,9,-0.707100924501) (24,9,0.707112637823) (25,9,0.707100924501) (15,10,-0.706005322806) (16,10,0.708206526495) (21,10,0.706005322806) (22,10,-0.708206526495) (15,11,-0.999974792759) (16,11,0.007100270823) (24,11,0.999974792759) (25,11,-0.007100270823) (18,12,0.000303729969) (19,12,-0.999999953874) (21,12,-0.000303729969) (22,12,0.999999953874) (18,13,-0.001086051157) (19,13,-0.999999410246) (24,13,0.001086051157) (25,13,0.999999410246) 
Q:
size: 14 14
(0,0,2.000000000000) (1,0,0.999990941446) (2,0,0.705579240906) (3,0,0.001745556936) (4,0,0.000346927690) (5,0,-0.005021625870) (0,1,0.999990941446) (1,1,2.000000000000) (2,1,0.702556625148) (3,1,-0.002510862439) (6,1,0.708393813049) (0,2,0.705579240906) (1,2,0.702556625148) (2,2,2.000000000000) (3,2,0.709861577825) (4,2,0.708386201055) (6,2,0.004592549861) (8,2,-0.007710346411) (9,2,-0.999988413358) (0,3,0.001745556936) (1,3,-0.002510862439) (2,3,0.709861577825) (3,3,2.000000000000) (7,3,0.999999110313) (8,3,0.709793552171) (12,3,0.001222381366) (13,3,-0.000167399674) (0,4,0.000346927690) (2,4,0.708386201055) (4,4,2.000000000000) (5,4,0.999985589238) (6,4,0.709070897620) (8,4,-0.711265964409) (9,4,-0.704980257458) (0,5,-0.005021625870) (4,5,0.999985589238) (5,5,2.000000000000) (10,5,0.704333809944) (12,5,0.002053706039) (1,6,0.708393813049) (2,6,0.004592549861) (4,6,0.709070897620) (6,6,2.000000000000) (8,6,-0.999995139488) (9,6,0.000221302445) (3,7,0.999999110313) (7,7,2.000000000000) (8,7,0.710732555286) (12,7,0.002556311121) (13,7,0.001166532295) (2,8,-0.007710346411) (3,8,0.709793552171) (4,8,-0.711265964409) (6,8,-0.999995139488) (7,8,0.710732555286) (8,8,2.000000000000) (9,8,0.002896550308) (12,8,0.705276874493) (13,8,0.704290933273) (2,9,-0.999988413358) (4,9,-0.704980257458) (6,9,0.000221302445) (8,9,0.002896550308) (9,9,2.000000000000) (11,9,0.702074205402) (13,9,0.707868467985) (5,10,0.704333809944) (10,10,2.000000000000) (11,10,0.711015984497) (12,10,-0.708420928803) (9,11,0.702074205402) (10,11,0.711015984497) (11,11,2.000000000000) (13,11,-0.006014242854) (3,12,0.001222381366) (5,12,0.002053706039) (7,12,0.002556311121) (8,12,0.705276874493) (10,12,-0.708420928803) (12,12,2.000000000000) (13,12,0.999999034254) (3,13,-0.000167399674) (7,13,0.001166532295) (8,13,0.704290933273) (9,13,0.707868467985) (11,13,-0.006014242854) (12,13,0.999999034254) (13,13,2.000000000000) 
Minv:
size: 27 27
(0,0,1.000000000000) (1,1,1.000000000000) (2,2,2.000000000000) (3,3,1.000000000000) (4,4,1.000000000000) (5,5,2.000000000000) (6,6,1.000000000000) (7,7,1.000000000000) (8,8,2.000000000000) (9,9,1.000000000000) (10,10,1.000000000000) (11,11,2.000000000000) (12,12,1.000000000000) (13,13,1.000000000000) (14,14,2.000000000000) (15,15,1.000000000000) (16,16,1.000000000000) (17,17,2.000000000000) (18,18,1.000000000000) (19,19,1.000000000000) (20,20,2.000000000000) (21,21,1.000000000000) (22,22,1.000000000000) (23,23,2.000000000000) (24,24,1.000000000000) (25,25,1.000000000000) (26,26,2.000000000000) 
v0:
size: 27 1
(0,0,-0.304942475342) (1,0,0.265696827702) (2,0,0.000000000000) (3,0,0.839343828577) (4,0,-0.557117135753) (5,0,0.000000000000) (6,0,-0.625118404468) (7,0,0.011938005786) (8,0,0.000000000000) (9,0,0.590410698533) (10,0,-0.926973742785) (11,0,0.000000000000) (12,0,-0.493128076773) (13,0,0.405563148811) (14,0,0.000000000000) (15,0,0.874485207427) (16,0,0.653695080920) (17,0,0.000000000000) (18,0,-0.472508410056) (19,0,0.518675470986) (20,0,0.000000000000) (21,0,0.355877046003) (22,0,0.239007363884) (23,0,0.000000000000) (24,0,-0.615276858648) (25,0,0.338690319096) (26,0,0.000000000000) 
ipopt_sol:
size: 14 1
(0,0,0.819515040638) (1,0,0.000000000000) (2,0,0.000000000000) (3,0,0.000000000000) (4,0,1.426212492653) (5,0,0.000000000000) (6,0,0.000000000000) (7,0,1.020764371977) (8,0,0.126938295397) (9,0,0.130064832551) (10,0,0.000000000000) (11,0,1.441830315708) (12,0,0.233851683389) (13,0,0.000000000000) 
policy_sol:
size: 14 1
(0,0,0.819515032129) (1,0,0.000000000000) (2,0,0.000000000000) (3,0,0.000000000000) (4,0,1.426212476892) (5,0,0.000000000000) (6,0,0.000000000000) (7,0,1.020764369499) (8,0,0.126938288281) (9,0,0.130064829306) (10,0,0.000000000000) (11,0,1.441830313322) (12,0,0.233851684431) (13,0,0.000000000000) 

policy_converges:
1
ipopt_converges:
0
