solve status: 0
N:
size: 27 16
(0,0,-0.999992955441) (1,0,-0.003753540909) (9,0,0.999992955441) (10,0,0.003753540909) (0,1,-0.705926874600) (1,1,-0.708284722211) (12,1,0.705926874600) (13,1,0.708284722211) (0,2,-0.999996136249) (1,2,-0.002779835858) (18,2,0.999996136249) (19,2,0.002779835858) (3,3,-0.006216546623) (4,3,-0.999980677087) (6,3,0.006216546623) (7,3,0.999980677087) (3,4,-0.999997296483) (4,4,0.002325301537) (12,4,0.999997296483) (13,4,-0.002325301537) (6,5,-0.999995111632) (7,5,0.003126773524) (24,5,0.999995111632) (25,5,-0.003126773524) (9,6,0.003245323386) (10,6,-0.999994733924) (12,6,-0.003245323386) (13,6,0.999994733924) (9,7,-0.000605801334) (10,7,-0.999999816502) (15,7,0.000605801334) (16,7,0.999999816502) (9,8,-0.999998373606) (10,8,-0.001803547874) (18,8,0.999998373606) (19,8,0.001803547874) (12,9,-0.709248601389) (13,9,0.704958453689) (18,9,0.709248601389) (19,9,-0.704958453689) (12,10,-0.708759524741) (13,10,-0.705450165560) (24,10,0.708759524741) (25,10,0.705450165560) (15,11,-0.706042586139) (16,11,0.708169377027) (21,11,0.706042586139) (22,11,-0.708169377027) (15,12,-0.999997318747) (16,12,0.002315707066) (24,12,0.999997318747) (25,12,-0.002315707066) (18,13,0.003271926206) (19,13,-0.999994647235) (21,13,-0.003271926206) (22,13,0.999994647235) (18,14,-0.001461124193) (19,14,-0.999998932557) (24,14,0.001461124193) (25,14,0.999998932557) (21,15,-0.006223846475) (22,15,-0.999980631680) (24,15,0.006223846475) (25,15,0.999980631680) 
Q:
size: 16 16
(0,0,2.000000000000) (1,0,0.708580477337) (2,0,0.999999525944) (6,0,-0.000508220619) (7,0,-0.004359337287) (8,0,-0.999998098749) (0,1,0.708580477337) (1,1,2.000000000000) (2,1,0.707893062343) (4,1,0.704277990561) (6,1,0.705990031335) (9,1,-0.001366345951) (10,1,-0.999991970691) (0,2,0.999999525944) (1,2,0.707893062343) (2,2,2.000000000000) (8,2,0.999999523428) (9,2,0.707286192241) (13,2,0.000492092586) (14,2,-0.004240951438) (3,3,2.000000000000) (4,3,0.003891273211) (5,3,-0.003089803128) (1,4,0.704277990561) (3,4,0.003891273211) (4,4,2.000000000000) (6,4,-0.005570603904) (9,4,-0.710885924899) (10,4,-0.707117224243) (3,5,-0.003089803128) (5,5,2.000000000000) (10,5,0.706550277164) (12,5,0.999999671083) (14,5,-0.001665653136) (15,5,0.003097103087) (0,6,-0.000508220619) (1,6,0.705990031335) (4,6,-0.005570603904) (6,6,2.000000000000) (7,6,0.999992584406) (8,6,-0.001441779732) (9,6,0.707256482397) (10,6,-0.703146296745) (0,7,-0.004359337287) (6,7,0.999992584406) (7,7,2.000000000000) (8,7,0.002409347892) (11,7,0.707741525539) (12,7,0.001709906931) (0,8,-0.999998098749) (2,8,0.999999523428) (6,8,-0.001441779732) (7,8,0.002409347892) (8,8,2.000000000000) (9,8,0.707976021551) (13,8,0.001468382665) (14,8,-0.003264667765) (1,9,-0.001366345951) (2,9,0.707286192241) (4,9,-0.710885924899) (6,9,0.707256482397) (8,9,0.707976021551) (9,9,2.000000000000) (10,9,0.005373643776) (13,9,0.707275289298) (14,9,0.703921400897) (1,10,-0.999991970691) (4,10,-0.707117224243) (5,10,0.706550277164) (6,10,-0.703146296745) (9,10,0.005373643776) (10,10,2.000000000000) (12,10,0.707124008445) (14,10,0.706484998221) (15,10,0.709847712645) (7,11,0.707741525539) (11,11,2.000000000000) (12,11,0.707680605890) (13,11,-0.710475705603) (15,11,0.703761360315) (5,12,0.999999671083) (7,12,0.001709906931) (10,12,0.707124008445) (11,12,0.707680605890) (12,12,2.000000000000) (14,12,-0.000854584318) (15,12,0.003908167573) (2,13,0.000492092586) (8,13,0.001468382665) (9,13,0.707275289298) (11,13,-0.710475705603) (13,13,2.000000000000) (14,13,0.999988799108) (15,13,-0.999954915052) (2,14,-0.004240951438) (5,14,-0.001665653136) (8,14,-0.003264667765) (9,14,0.703921400897) (10,14,0.706484998221) (12,14,-0.000854584318) (13,14,0.999988799108) (14,14,2.000000000000) (15,14,0.999988658071) (5,15,0.003097103087) (10,15,0.709847712645) (11,15,0.703761360315) (12,15,0.003908167573) (13,15,-0.999954915052) (14,15,0.999988658071) (15,15,2.000000000000) 
Minv:
size: 27 27
(0,0,1.000000000000) (1,1,1.000000000000) (2,2,2.000000000000) (3,3,1.000000000000) (4,4,1.000000000000) (5,5,2.000000000000) (6,6,1.000000000000) (7,7,1.000000000000) (8,8,2.000000000000) (9,9,1.000000000000) (10,10,1.000000000000) (11,11,2.000000000000) (12,12,1.000000000000) (13,13,1.000000000000) (14,14,2.000000000000) (15,15,1.000000000000) (16,16,1.000000000000) (17,17,2.000000000000) (18,18,1.000000000000) (19,19,1.000000000000) (20,20,2.000000000000) (21,21,1.000000000000) (22,22,1.000000000000) (23,23,2.000000000000) (24,24,1.000000000000) (25,25,1.000000000000) (26,26,2.000000000000) 
v0:
size: 27 1
(0,0,0.876232718654) (1,0,-0.529175651062) (2,0,0.000000000000) (3,0,-0.043850522774) (4,0,0.650487916258) (5,0,0.000000000000) (6,0,-0.467479682623) (7,0,0.397766849453) (8,0,0.000000000000) (9,0,0.260191325164) (10,0,0.277604353654) (11,0,0.000000000000) (12,0,-0.065269302733) (13,0,-0.342126921789) (14,0,0.000000000000) (15,0,0.956655319721) (16,0,-0.022259122542) (17,0,0.000000000000) (18,0,-0.863707003292) (19,0,0.908259831096) (20,0,0.000000000000) (21,0,0.564243693225) (22,0,0.377654140972) (23,0,0.000000000000) (24,0,-0.990730559855) (25,0,-0.983849847654) (26,0,0.000000000000) 
ipopt_sol:
size: 16 1
(0,0,0.000000000000) (1,0,0.000000000000) (2,0,1.566041399348) (3,0,0.255310123791) (4,0,0.020337875159) (5,0,0.000000000000) (6,0,0.618972818750) (7,0,0.000000000000) (8,0,0.338992390387) (9,0,0.000000000000) (10,0,0.000000000000) (11,0,0.000000000000) (12,0,1.940894989731) (13,0,1.624339734419) (14,0,0.000000000000) (15,0,2.179496130824) 
policy_sol:
size: 16 1
(0,0,0.000000000000) (1,0,0.000000000000) (2,0,1.566041382448) (3,0,0.255310123799) (4,0,0.020337878698) (5,0,0.000000000000) (6,0,0.618972810223) (7,0,0.000000000000) (8,0,0.338992400234) (9,0,0.000000000000) (10,0,0.000000000000) (11,0,0.000000000000) (12,0,1.940894977691) (13,0,1.624339719746) (14,0,0.000000000000) (15,0,2.179496111435) 

policy_converges:
1
ipopt_converges:
0
