solve status: 0
N:
size: 27 15
(0,0,-0.000003698383) (1,0,-0.999999999993) (3,0,0.000003698383) (4,0,0.999999999993) (0,1,0.000443665274) (1,1,-0.999999901581) (6,1,-0.000443665274) (7,1,0.999999901581) (0,2,-0.705321347390) (1,2,-0.708887718130) (12,2,0.705321347390) (13,2,0.708887718130) (0,3,-0.999999563324) (1,3,-0.000934533147) (18,3,0.999999563324) (19,3,0.000934533147) (3,4,-0.999982370822) (4,4,0.005937848513) (12,4,0.999982370822) (13,4,-0.005937848513) (6,5,-0.704034820812) (7,5,0.710165453317) (12,5,0.704034820812) (13,5,-0.710165453317) (6,6,-0.999998860575) (7,6,-0.001509585646) (15,6,0.999998860575) (16,6,0.001509585646) (6,7,-0.999999992892) (7,7,0.000119228385) (24,7,0.999999992892) (25,7,-0.000119228385) (9,8,-0.999994349046) (10,8,0.003361826323) (18,8,0.999994349046) (19,8,-0.003361826323) (9,9,-0.706660822092) (10,9,-0.707552459201) (21,9,0.706660822092) (22,9,0.707552459201) (12,10,-0.005959897077) (13,10,-0.999982239656) (15,10,0.005959897077) (16,10,0.999982239656) (12,11,-0.707331167257) (13,11,-0.706882323890) (24,11,0.707331167257) (25,11,0.706882323890) (15,12,-0.999998463837) (16,12,0.001752804472) (24,12,0.999998463837) (25,12,-0.001752804472) (18,13,0.000768420521) (19,13,-0.999999704765) (24,13,-0.000768420521) (25,13,0.999999704765) (21,14,0.000825231592) (22,14,-0.999999659496) (24,14,-0.000825231592) (25,14,0.999999659496) 
Q:
size: 15 15
(0,0,2.000000000000) (1,0,0.999999899933) (2,0,0.708890326674) (3,0,0.000938231529) (4,0,0.005934150195) (0,1,0.999999899933) (1,1,2.000000000000) (2,1,0.708574721773) (3,1,0.000490867974) (5,1,0.710477739225) (6,1,-0.001065920729) (7,1,0.000562893644) (0,2,0.708890326674) (1,2,0.708574721773) (2,2,2.000000000000) (3,2,0.705983518463) (4,2,0.701099645272) (5,2,-0.006856779272) (10,2,-0.713078770677) (11,2,-0.999995969509) (0,3,0.000938231529) (1,3,0.000490867974) (2,3,0.705983518463) (3,3,2.000000000000) (8,3,0.999990770634) (13,3,-0.000166112686) (0,4,0.005934150195) (2,4,0.701099645272) (4,4,2.000000000000) (5,4,0.708239264138) (10,4,-0.000022048954) (11,4,-0.703121337434) (1,5,0.710477739225) (2,5,-0.006856779272) (4,5,0.708239264138) (5,5,2.000000000000) (6,5,0.702961963042) (7,5,0.704119487687) (10,5,0.705956865463) (11,5,0.004017634393) (1,6,-0.001065920729) (5,6,0.702961963042) (6,6,2.000000000000) (7,6,0.999998673482) (10,6,0.007469449122) (12,6,-0.999994678405) (1,7,0.000562893644) (5,7,0.704119487687) (6,7,0.999998673482) (7,7,2.000000000000) (11,7,0.707246881791) (12,7,0.999998665713) (13,7,-0.000887648865) (14,7,-0.000944459931) (3,8,0.999990770634) (8,8,2.000000000000) (9,8,0.704278160302) (13,8,0.004130241508) (8,9,0.704278160302) (9,9,2.000000000000) (14,9,-0.706969059441) (2,10,-0.713078770677) (4,10,-0.000022048954) (5,10,0.705956865463) (6,10,0.007469449122) (10,10,2.000000000000) (11,10,0.711085390372) (12,10,-0.004207114581) (2,11,-0.999995969509) (4,11,-0.703121337434) (5,11,0.004017634393) (7,11,0.707246881791) (10,11,0.711085390372) (11,11,2.000000000000) (12,11,0.706091054182) (13,11,0.706338587409) (14,11,0.706298371168) (6,12,-0.999994678405) (7,12,0.999998665713) (10,12,-0.004207114581) (11,12,0.706091054182) (12,12,2.000000000000) (13,12,-0.002521223294) (14,12,-0.002578034199) (3,13,-0.000166112686) (7,13,-0.000887648865) (8,13,0.004130241508) (11,13,0.706338587409) (12,13,-0.002521223294) (13,13,2.000000000000) (14,13,0.999999998386) (7,14,-0.000944459931) (9,14,-0.706969059441) (11,14,0.706298371168) (12,14,-0.002578034199) (13,14,0.999999998386) (14,14,2.000000000000) 
Minv:
size: 27 27
(0,0,1.000000000000) (1,1,1.000000000000) (2,2,2.000000000000) (3,3,1.000000000000) (4,4,1.000000000000) (5,5,2.000000000000) (6,6,1.000000000000) (7,7,1.000000000000) (8,8,2.000000000000) (9,9,1.000000000000) (10,10,1.000000000000) (11,11,2.000000000000) (12,12,1.000000000000) (13,13,1.000000000000) (14,14,2.000000000000) (15,15,1.000000000000) (16,16,1.000000000000) (17,17,2.000000000000) (18,18,1.000000000000) (19,19,1.000000000000) (20,20,2.000000000000) (21,21,1.000000000000) (22,22,1.000000000000) (23,23,2.000000000000) (24,24,1.000000000000) (25,25,1.000000000000) (26,26,2.000000000000) 
v0:
size: 27 1
(0,0,0.174057841550) (1,0,0.345786034307) (2,0,0.000000000000) (3,0,-0.590791534700) (4,0,-0.558024955248) (5,0,0.000000000000) (6,0,0.698603573648) (7,0,-0.454588215316) (8,0,0.000000000000) (9,0,0.536265945410) (10,0,-0.244122888484) (11,0,0.000000000000) (12,0,-0.643873005052) (13,0,0.997723577516) (14,0,0.000000000000) (15,0,0.262736258022) (16,0,0.214494641805) (17,0,0.000000000000) (18,0,-0.201777818738) (19,0,-0.784476110594) (20,0,0.000000000000) (21,0,0.312707297920) (22,0,-0.222382639931) (23,0,0.000000000000) (24,0,-0.722554603084) (25,0,-0.863603016527) (26,0,0.000000000000) 
ipopt_sol:
size: 15 1
(0,0,0.687780847425) (1,0,0.000000000000) (2,0,0.609496187874) (3,0,0.000000000000) (4,0,0.000000000000) (5,0,1.975681613302) (6,0,0.000000000000) (7,0,0.000000000000) (8,0,0.736223028352) (9,0,0.000000000000) (10,0,0.000000000000) (11,0,1.463505498387) (12,0,0.466875591126) (13,0,0.000000000000) (14,0,0.124131864660) 
policy_sol:
size: 15 1
(0,0,0.687780848721) (1,0,0.000000000000) (2,0,0.609496170015) (3,0,0.000000000000) (4,0,0.000000000000) (5,0,1.975681595625) (6,0,0.000000000000) (7,0,0.000000000000) (8,0,0.736223019810) (9,0,0.000000000000) (10,0,0.000000000000) (11,0,1.463505477735) (12,0,0.466875598458) (13,0,0.000000000000) (14,0,0.124131870501) 

policy_converges:
1
ipopt_converges:
0
