solve status: 0
N:
size: 27 15
(0,0,-0.001296542939) (1,0,-0.999999159488) (3,0,0.001296542939) (4,0,0.999999159488) (0,1,0.002311916044) (1,1,-0.999997327519) (6,1,-0.002311916044) (7,1,0.999997327519) (0,2,-0.999997036230) (1,2,-0.002434652232) (9,2,0.999997036230) (10,2,0.002434652232) (0,3,-0.707457176073) (1,3,-0.706756212581) (12,3,0.707457176073) (13,3,0.706756212581) (0,4,-0.999999264865) (1,4,-0.001212546374) (18,4,0.999999264865) (19,4,0.001212546374) (3,5,-0.999999911461) (4,5,0.000420807524) (21,5,0.999999911461) (22,5,-0.000420807524) (9,6,0.003421762892) (10,6,-0.999994145752) (12,6,-0.003421762892) (13,6,0.999994145752) (9,7,-0.999999999923) (10,7,0.000012408628) (18,7,0.999999999923) (19,7,-0.000012408628) (9,8,-0.709107534244) (10,8,-0.705100350928) (21,8,0.709107534244) (22,8,0.705100350928) (12,9,-0.709897062792) (13,9,0.704305445272) (18,9,0.709897062792) (19,9,-0.704305445272) (12,10,-0.999998091160) (13,10,0.001953887246) (21,10,0.999998091160) (22,10,-0.001953887246) (15,11,-0.705890450702) (16,11,0.708321022988) (21,11,0.705890450702) (22,11,-0.708321022988) (18,12,0.000827451082) (19,12,-0.999999657662) (21,12,-0.000827451082) (22,12,0.999999657662) (18,13,0.004646358443) (19,13,-0.999989205618) (24,13,-0.004646358443) (25,13,0.999989205618) (21,14,0.008435468038) (22,14,-0.999964420807) (24,14,-0.008435468038) (25,14,0.999964420807) 
Q:
size: 15 15
(0,0,2.000000000000) (1,0,0.999993489510) (2,0,0.003731189282) (3,0,0.707672867150) (4,0,0.002509087340) (5,0,-0.000875735654) (0,1,0.999993489510) (1,1,2.000000000000) (2,1,0.000122736534) (3,1,0.705118742193) (4,1,-0.001099371211) (0,2,0.003731189282) (1,2,0.000122736534) (2,2,2.000000000000) (3,2,0.709175784924) (4,2,0.999999253226) (6,2,0.000987114772) (7,2,-0.999997005942) (8,2,-0.710822106756) (0,3,0.707672867150) (1,3,0.705118742193) (2,3,0.709175784924) (3,3,2.000000000000) (4,3,0.708313630680) (6,3,0.704331324342) (9,3,-0.004449522345) (10,3,-0.706074903701) (0,4,0.002509087340) (1,4,-0.001099371211) (2,4,0.999999253226) (3,4,0.708313630680) (4,4,2.000000000000) (7,4,0.999999249742) (9,4,0.709042537908) (12,4,-0.000385095485) (13,4,0.003433821742) (0,5,-0.000875735654) (5,5,2.000000000000) (8,5,0.708810759927) (10,5,0.999998824832) (11,5,0.706188455019) (12,5,-0.001248258389) (14,5,0.008856259843) (2,6,0.000987114772) (3,6,0.704331324342) (6,6,2.000000000000) (7,6,-0.003434171447) (8,6,0.702669825248) (9,6,0.706730421520) (10,6,0.005375632168) (2,7,-0.999997005942) (4,7,0.999999249742) (6,7,-0.003434171447) (7,7,2.000000000000) (8,7,0.709098784862) (9,7,0.709905802201) (12,7,0.000839859706) (13,7,0.004658766937) (2,8,-0.710822106756) (5,8,0.708810759927) (6,8,0.702669825248) (7,8,0.709098784862) (8,8,2.000000000000) (10,8,0.707728494089) (11,8,0.001114835065) (12,8,0.704513357749) (14,8,-0.699093610086) (3,9,-0.004449522345) (4,9,0.709042537908) (6,9,0.706730421520) (7,9,0.709905802201) (9,9,2.000000000000) (10,9,0.711271841139) (12,9,0.704892609254) (13,9,0.707596278941) (3,10,-0.706074903701) (5,10,0.999998824832) (6,10,0.005375632168) (8,10,0.707728494089) (9,10,0.711271841139) (10,10,2.000000000000) (11,10,0.707273082683) (12,10,-0.002781336080) (14,10,0.010389269664) (5,11,0.706188455019) (8,11,0.001114835065) (10,11,0.707273082683) (11,11,2.000000000000) (12,11,-0.708904870321) (14,11,0.714250337833) (4,12,-0.000385095485) (5,12,-0.001248258389) (7,12,0.000839859706) (8,12,0.704513357749) (9,12,0.704892609254) (10,12,-0.002781336080) (11,12,-0.708904870321) (12,12,2.000000000000) (13,12,0.999992707919) (14,12,-0.999971058418) (4,13,0.003433821742) (7,13,0.004658766937) (9,13,0.707596278941) (12,13,0.999992707919) (13,13,2.000000000000) (14,13,0.999992821017) (5,14,0.008856259843) (8,14,-0.699093610086) (10,14,0.010389269664) (11,14,0.714250337833) (12,14,-0.999971058418) (13,14,0.999992821017) (14,14,2.000000000000) 
Minv:
size: 27 27
(0,0,1.000000000000) (1,1,1.000000000000) (2,2,2.000000000000) (3,3,1.000000000000) (4,4,1.000000000000) (5,5,2.000000000000) (6,6,1.000000000000) (7,7,1.000000000000) (8,8,2.000000000000) (9,9,1.000000000000) (10,10,1.000000000000) (11,11,2.000000000000) (12,12,1.000000000000) (13,13,1.000000000000) (14,14,2.000000000000) (15,15,1.000000000000) (16,16,1.000000000000) (17,17,2.000000000000) (18,18,1.000000000000) (19,19,1.000000000000) (20,20,2.000000000000) (21,21,1.000000000000) (22,22,1.000000000000) (23,23,2.000000000000) (24,24,1.000000000000) (25,25,1.000000000000) (26,26,2.000000000000) 
v0:
size: 27 1
(0,0,0.845053600562) (1,0,0.037497242443) (2,0,0.000000000000) (3,0,-0.280423794899) (4,0,-0.751662834194) (5,0,0.000000000000) (6,0,-0.461365283963) (7,0,-0.051872362727) (8,0,0.000000000000) (9,0,0.700772330960) (10,0,-0.499438842331) (11,0,0.000000000000) (12,0,0.048944531254) (13,0,-0.755882400689) (14,0,0.000000000000) (15,0,0.565634366293) (16,0,0.118092745021) (17,0,0.000000000000) (18,0,-0.147878050563) (19,0,0.880577973532) (20,0,0.000000000000) (21,0,-0.676851344120) (22,0,0.008315084176) (23,0,0.000000000000) (24,0,0.835999239774) (25,0,-0.367408458317) (26,0,0.000000000000) 
ipopt_sol:
size: 15 1
(0,0,0.343186433832) (1,0,0.000000000000) (2,0,0.126225986744) (3,0,1.263851557740) (4,0,0.000000000000) (5,0,0.000000000000) (6,0,0.000000000000) (7,0,0.858851766967) (8,0,0.000000000000) (9,0,0.147318768805) (10,0,0.866125679291) (11,0,0.713884372603) (12,0,1.517699003453) (13,0,0.000000000000) (14,0,0.887854034487) 
policy_sol:
size: 15 1
(0,0,0.257574335137) (1,0,0.000000000000) (2,0,171.339138100737) (3,0,1.210007121793) (4,0,-171.177520195291) (5,0,0.000000000000) (6,0,0.000000000000) (7,0,172.069291642201) (8,0,0.000000000000) (9,0,0.103675246726) (10,0,0.872641276734) (11,0,0.685879904499) (12,0,1.391824179973) (13,0,0.000000000000) (14,0,0.834885696966) 

policy_converges:
0
ipopt_converges:
0
