solve status: 0
N:
size: 27 12
(3,0,-0.006361332998) (4,0,-0.999979766517) (6,0,0.006361332998) (7,0,0.999979766517) (3,1,-0.706425218017) (4,1,-0.707787688046) (15,1,0.706425218017) (16,1,0.707787688046) (3,2,-0.999999999478) (4,2,-0.000032308155) (21,2,0.999999999478) (22,2,0.000032308155) (9,3,-0.999999445837) (10,3,0.001052770747) (18,3,0.999999445837) (19,3,-0.001052770747) (9,4,-0.710416360328) (10,4,-0.703781638705) (21,4,0.710416360328) (22,4,0.703781638705) (12,5,-0.708416408818) (13,5,0.705794723498) (18,5,0.708416408818) (19,5,-0.705794723498) (12,6,-0.999997625285) (13,6,0.002179317429) (21,6,0.999997625285) (22,6,-0.002179317429) (12,7,-0.708992861157) (13,7,-0.705215656965) (24,7,0.708992861157) (25,7,0.705215656965) (15,8,-0.999994603864) (16,8,0.003285155064) (24,8,0.999994603864) (25,8,-0.003285155064) (18,9,-0.001589456199) (19,9,-0.999998736814) (21,9,0.001589456199) (22,9,0.999998736814) (18,10,-0.001532159558) (19,10,-0.999998826243) (24,10,0.001532159558) (25,10,0.999998826243) (21,11,-0.001475193974) (22,11,-0.999998911901) (24,11,0.001475193974) (25,11,0.999998911901) 
Q:
size: 12 12
(0,0,2.000000000000) (1,0,0.712267173085) (2,0,0.006393640495) (0,1,0.712267173085) (1,1,2.000000000000) (2,1,0.706448084963) (8,1,-0.704096213743) (0,2,0.006393640495) (1,2,0.706448084963) (2,2,2.000000000000) (4,2,0.710439097844) (6,2,0.999997554353) (9,2,0.001621764312) (11,2,-0.001507502092) (3,3,2.000000000000) (4,3,0.709675045920) (5,3,0.709159056278) (9,3,-0.000536685901) (10,3,-0.000479389197) (2,4,0.710439097844) (3,4,0.709675045920) (4,4,2.000000000000) (6,4,0.708880909701) (9,4,0.704909925385) (11,4,-0.704828874854) (3,5,0.709159056278) (5,5,2.000000000000) (6,5,0.709952877273) (7,5,0.004524686965) (9,5,0.704667835095) (10,5,0.704708488095) (2,6,0.999997554353) (4,6,0.708880909701) (5,6,0.709952877273) (6,6,2.000000000000) (7,6,0.707454288729) (9,6,-0.000589862251) (11,6,0.000704124587) (5,7,0.004524686965) (6,7,0.707454288729) (7,7,2.000000000000) (8,7,0.706672292548) (10,7,0.706301119401) (11,7,0.706260791616) (1,8,-0.704096213743) (7,8,0.706672292548) (8,8,2.000000000000) (10,8,-0.001752999919) (11,8,-0.001809965477) (2,9,0.001621764312) (3,9,-0.000536685901) (4,9,0.704909925385) (5,9,0.704667835095) (6,9,-0.000589862251) (9,9,2.000000000000) (10,9,0.999999998359) (11,9,-0.999999993472) (3,10,-0.000479389197) (5,10,0.704708488095) (7,10,0.706301119401) (8,10,-0.001752999919) (9,10,0.999999998359) (10,10,2.000000000000) (11,10,0.999999998377) (2,11,-0.001507502092) (4,11,-0.704828874854) (6,11,0.000704124587) (7,11,0.706260791616) (8,11,-0.001809965477) (9,11,-0.999999993472) (10,11,0.999999998377) (11,11,2.000000000000) 
Minv:
size: 27 27
(0,0,1.000000000000) (1,1,1.000000000000) (2,2,2.000000000000) (3,3,1.000000000000) (4,4,1.000000000000) (5,5,2.000000000000) (6,6,1.000000000000) (7,7,1.000000000000) (8,8,2.000000000000) (9,9,1.000000000000) (10,10,1.000000000000) (11,11,2.000000000000) (12,12,1.000000000000) (13,13,1.000000000000) (14,14,2.000000000000) (15,15,1.000000000000) (16,16,1.000000000000) (17,17,2.000000000000) (18,18,1.000000000000) (19,19,1.000000000000) (20,20,2.000000000000) (21,21,1.000000000000) (22,22,1.000000000000) (23,23,2.000000000000) (24,24,1.000000000000) (25,25,1.000000000000) (26,26,2.000000000000) 
v0:
size: 27 1
(0,0,-0.853821733210) (1,0,-0.903375487697) (2,0,0.000000000000) (3,0,0.488661385488) (4,0,0.726286065173) (5,0,0.000000000000) (6,0,-0.963395476696) (7,0,-0.636253400606) (8,0,0.000000000000) (9,0,0.941915570772) (10,0,-0.478565543157) (11,0,0.000000000000) (12,0,0.522327316617) (13,0,0.170125639896) (14,0,0.000000000000) (15,0,0.175235062386) (16,0,0.627294599442) (17,0,0.000000000000) (18,0,-0.649984253015) (19,0,-0.006632129284) (20,0,0.000000000000) (21,0,-0.630408607419) (22,0,-0.795230070211) (23,0,0.000000000000) (24,0,-0.215799524809) (25,0,-0.878373755905) (26,0,0.000000000000) 
ipopt_sol:
size: 12 1
(0,0,1.368699061346) (1,0,0.000000000000) (2,0,0.954028087460) (3,0,1.544183349459) (4,0,0.136482001343) (5,0,0.000000000000) (6,0,0.223362026836) (7,0,1.136669217777) (8,0,0.000000000000) (9,0,0.806810431383) (10,0,0.000000000000) (11,0,0.133283421854) 
policy_sol:
size: 12 1
(0,0,1.368699057799) (1,0,0.000000000000) (2,0,0.954028082825) (3,0,1.544183343445) (4,0,0.136482008295) (5,0,0.000000000000) (6,0,0.223362024135) (7,0,1.136669214959) (8,0,0.000000000000) (9,0,0.806810419457) (10,0,0.000000000000) (11,0,0.133283416210) 

policy_converges:
1
ipopt_converges:
0
