solve status: 0
N:
size: 27 17
(0,0,0.000821009414) (1,0,-0.999999662972) (3,0,-0.000821009414) (4,0,0.999999662972) (0,1,-0.002910370238) (1,1,-0.999995764864) (6,1,0.002910370238) (7,1,0.999995764864) (0,2,-0.705375351610) (1,2,-0.708833981508) (12,2,0.705375351610) (13,2,0.708833981508) (0,3,-0.999999538570) (1,3,0.000960655569) (18,3,0.999999538570) (19,3,-0.000960655569) (3,4,-0.006667006357) (4,4,-0.999977775266) (6,4,0.006667006357) (7,4,0.999977775266) (3,5,-0.999995593173) (4,5,-0.002968776641) (12,5,0.999995593173) (13,5,0.002968776641) (3,6,-0.707085229927) (4,6,-0.707128331789) (15,6,0.707085229927) (16,6,0.707128331789) (6,7,-0.707816841835) (7,7,0.706396006794) (12,7,0.707816841835) (13,7,-0.706396006794) (6,8,-0.999992827675) (7,8,-0.003787426339) (15,8,0.999992827675) (16,8,0.003787426339) (6,9,-0.999999684360) (7,9,0.000794530776) (24,9,0.999999684360) (25,9,-0.000794530776) (9,10,-0.999995850122) (10,10,0.002880926667) (18,10,0.999995850122) (19,10,-0.002880926667) (9,11,-0.704464706477) (10,11,-0.709739020576) (21,11,0.704464706477) (22,11,0.709739020576) (12,12,0.001970211760) (13,12,-0.999998059131) (15,12,-0.001970211760) (16,12,0.999998059131) (12,13,-0.709283091087) (13,13,-0.704923752400) (24,13,0.709283091087) (25,13,0.704923752400) (18,14,0.004810962401) (19,14,-0.999988427253) (21,14,-0.004810962401) (22,14,0.999988427253) (18,15,0.001243549563) (19,15,-0.999999226792) (24,15,-0.001243549563) (25,15,0.999999226792) (21,16,-0.002351315687) (22,16,-0.999997235653) (24,16,0.002351315687) (25,16,0.999997235653) 
Q:
size: 17 17
(0,0,2.000000000000) (1,0,0.999993038395) (2,0,0.708254622807) (3,0,-0.001781664280) (4,0,-0.999971964570) (5,0,-0.002147769844) (6,0,-0.706547569836) (0,1,0.999993038395) (1,1,2.000000000000) (2,1,0.710883882930) (3,1,0.001949717395) (4,1,0.999992943681) (7,1,0.704333006040) (8,1,-0.006697759663) (9,1,-0.002115841908) (0,2,0.708254622807) (1,2,0.710883882930) (2,2,2.000000000000) (3,2,0.704694080817) (5,2,0.707476612910) (7,2,-0.001440940332) (12,2,-0.707442866941) (13,2,-0.999984719840) (0,3,-0.001781664280) (1,3,0.001949717395) (2,3,0.704694080817) (3,3,2.000000000000) (10,3,0.999998156273) (14,3,0.005771604632) (15,3,0.002204203815) (0,4,-0.999971964570) (1,4,0.999992943681) (4,4,2.000000000000) (5,4,0.009635687637) (6,4,0.711826757773) (7,4,0.701661287947) (8,4,-0.010454300704) (9,4,-0.005872491135) (0,5,-0.002147769844) (2,5,0.707476612910) (4,5,0.009635687637) (5,5,2.000000000000) (6,5,0.709181419999) (7,5,0.705716590644) (12,5,-0.000998567801) (13,5,-0.711372726569) (0,6,-0.706547569836) (4,6,0.711826757773) (5,6,0.709181419999) (6,6,2.000000000000) (8,6,0.709758354951) (12,6,0.705733851710) (1,7,0.704333006040) (2,7,-0.001440940332) (4,7,0.701661287947) (5,7,0.705716590644) (7,7,2.000000000000) (8,7,0.705136342301) (9,7,0.708377871788) (12,7,0.707789184837) (13,7,-0.004087193711) (1,8,-0.006697759663) (4,8,-0.010454300704) (6,8,0.709758354951) (7,8,0.705136342301) (8,8,2.000000000000) (9,8,0.999989502811) (12,8,0.001817221360) (1,9,-0.002115841908) (4,9,-0.005872491135) (7,9,0.708377871788) (8,9,0.999989502811) (9,9,2.000000000000) (13,9,0.708722783593) (15,9,-0.002038079332) (16,9,0.001556786365) (3,10,0.999998156273) (10,10,2.000000000000) (11,10,0.702417076964) (14,10,0.007691835763) (15,10,0.004124468842) (10,11,0.702417076964) (11,11,2.000000000000) (14,11,0.706341653731) (16,11,-0.711393477526) (2,12,-0.707442866941) (5,12,-0.000998567801) (6,12,0.705733851710) (7,12,0.707789184837) (8,12,0.001817221360) (12,12,2.000000000000) (13,12,0.703524946348) (2,13,-0.999984719840) (5,13,-0.711372726569) (7,13,-0.004087193711) (9,13,0.708722783593) (12,13,0.703524946348) (13,13,2.000000000000) (15,13,0.704041178669) (16,13,0.706589552205) (3,14,0.005771604632) (10,14,0.007691835763) (11,14,0.706341653731) (14,14,2.000000000000) (15,14,0.999993636725) (16,14,-0.999974350848) (3,15,0.002204203815) (9,15,-0.002038079332) (10,15,0.004124468842) (13,15,0.704041178669) (14,15,0.999993636725) (15,15,2.000000000000) (16,15,0.999993538470) (9,16,0.001556786365) (11,16,-0.711393477526) (13,16,0.706589552205) (14,16,-0.999974350848) (15,16,0.999993538470) (16,16,2.000000000000) 
Minv:
size: 27 27
(0,0,1.000000000000) (1,1,1.000000000000) (2,2,2.000000000000) (3,3,1.000000000000) (4,4,1.000000000000) (5,5,2.000000000000) (6,6,1.000000000000) (7,7,1.000000000000) (8,8,2.000000000000) (9,9,1.000000000000) (10,10,1.000000000000) (11,11,2.000000000000) (12,12,1.000000000000) (13,13,1.000000000000) (14,14,2.000000000000) (15,15,1.000000000000) (16,16,1.000000000000) (17,17,2.000000000000) (18,18,1.000000000000) (19,19,1.000000000000) (20,20,2.000000000000) (21,21,1.000000000000) (22,22,1.000000000000) (23,23,2.000000000000) (24,24,1.000000000000) (25,25,1.000000000000) (26,26,2.000000000000) 
v0:
size: 27 1
(0,0,0.463900038629) (1,0,0.693086254727) (2,0,0.000000000000) (3,0,-0.375676255475) (4,0,0.527418020970) (5,0,0.000000000000) (6,0,0.572270945654) (7,0,-0.609670254784) (8,0,0.000000000000) (9,0,0.780635256586) (10,0,-0.507229715659) (11,0,0.000000000000) (12,0,-0.414846663043) (13,0,0.427218044142) (14,0,0.000000000000) (15,0,-0.138721311313) (16,0,0.147694824309) (17,0,0.000000000000) (18,0,-0.179653923371) (19,0,0.501740209428) (20,0,0.000000000000) (21,0,0.755627027885) (22,0,-0.831682167891) (23,0,0.000000000000) (24,0,0.164112938307) (25,0,-0.984717258530) (26,0,0.000000000000) 
ipopt_sol:
size: 17 1
(0,0,0.000000000000) (1,0,0.154459902782) (2,0,1.253574692702) (3,0,0.000000000000) (4,0,0.706233624178) (5,0,0.000000000000) (6,0,0.000000000000) (7,0,0.995264037092) (8,0,0.361405488183) (9,0,0.000000000000) (10,0,0.956842539386) (11,0,0.000000000000) (12,0,0.026027691540) (13,0,0.980514809403) (14,0,1.650953707273) (15,0,0.000000000000) (16,0,0.633470426194) 
policy_sol:
size: 17 1
(0,0,0.000000000000) (1,0,0.154459904588) (2,0,1.253574674929) (3,0,0.000000000000) (4,0,0.706233626112) (5,0,0.000000000000) (6,0,0.000000000000) (7,0,0.995264032922) (8,0,0.361405481125) (9,0,0.000000000000) (10,0,0.956842530892) (11,0,0.000000000000) (12,0,0.026027686569) (13,0,0.980514799852) (14,0,1.650953697211) (15,0,0.000000000000) (16,0,0.633470423100) 

policy_converges:
1
ipopt_converges:
0
