solve status: 0
N:
size: 27 15
(0,0,-0.001669106909) (1,0,-0.999998607040) (6,0,0.001669106909) (7,0,0.999998607040) (0,1,-0.999981200722) (1,1,0.006131737345) (9,1,0.999981200722) (10,1,-0.006131737345) (0,2,-0.711147494297) (1,2,-0.703042844608) (12,2,0.711147494297) (13,2,0.703042844608) (0,3,-0.999999180894) (1,3,0.001279926200) (18,3,0.999999180894) (19,3,-0.001279926200) (3,4,0.002064773850) (4,4,-0.999997868352) (6,4,-0.002064773850) (7,4,0.999997868352) (3,5,-0.705909816445) (4,5,-0.708301723170) (15,5,0.705909816445) (16,5,0.708301723170) (9,6,-0.001440995770) (10,6,-0.999998961765) (12,6,0.001440995770) (13,6,0.999998961765) (9,7,0.001784453525) (10,7,-0.999998407862) (15,7,-0.001784453525) (16,7,0.999998407862) (9,8,-0.999993395291) (10,8,-0.003634470405) (18,8,0.999993395291) (19,8,0.003634470405) (9,9,-0.703444793169) (10,9,-0.710749901838) (21,9,0.703444793169) (22,9,0.710749901838) (12,10,-0.704701464587) (13,10,0.709503943477) (18,10,0.704701464587) (19,10,-0.709503943477) (12,11,-0.999999557288) (13,11,-0.000940969774) (21,11,0.999999557288) (22,11,0.000940969774) (12,12,-0.703634264213) (13,12,-0.710562328178) (24,12,0.703634264213) (25,12,0.710562328178) (18,13,-0.000634090983) (19,13,-0.999999798964) (24,13,0.000634090983) (25,13,0.999999798964) (21,14,-0.001718016417) (22,14,-0.999998524209) (24,14,0.001718016417) (25,14,0.999998524209) 
Q:
size: 15 15
(0,0,2.000000000000) (1,0,-0.004462653272) (2,0,0.704228846494) (3,0,0.000389181125) (4,0,0.999993029067) (0,1,-0.004462653272) (1,1,2.000000000000) (2,1,0.706823251172) (3,1,0.999988229803) (6,1,0.004690762298) (7,1,0.007916147561) (8,1,-0.999952310519) (9,1,-0.699073437199) (0,2,0.704228846494) (1,2,0.706823251172) (2,2,2.000000000000) (3,2,0.710247068835) (6,2,0.704066875216) (10,2,-0.002335010085) (11,2,-0.711808721530) (12,2,-0.999943504370) (0,3,0.000389181125) (1,3,0.999988229803) (2,3,0.710247068835) (3,3,2.000000000000) (8,3,0.999987924336) (10,3,0.705609000048) (13,3,0.000645835479) (0,4,0.999993029067) (4,4,2.000000000000) (5,4,0.706842669191) (4,5,0.706842669191) (5,5,2.000000000000) (7,5,0.707040932196) (1,6,0.004690762298) (2,6,0.704066875216) (6,6,2.000000000000) (7,6,0.999994798238) (8,6,0.005075452885) (9,6,0.711762824885) (10,6,0.708487735015) (11,6,-0.002381963930) (12,6,-0.711575524446) (1,7,0.007916147561) (5,7,0.707040932196) (6,7,0.999994798238) (7,7,2.000000000000) (8,7,0.001850022879) (9,7,0.709493505685) (1,8,-0.999952310519) (3,8,0.999987924336) (6,8,0.005075452885) (7,8,0.001850022879) (8,8,2.000000000000) (9,8,0.706023346604) (10,8,0.702118139153) (13,8,-0.004268556469) (1,9,-0.699073437199) (6,9,0.711762824885) (7,9,0.709493505685) (8,9,0.706023346604) (9,9,2.000000000000) (11,9,0.704113275920) (14,9,-0.711957382623) (2,10,-0.002335010085) (3,10,0.705609000048) (6,10,0.708487735015) (8,10,0.702118139153) (10,10,2.000000000000) (11,10,0.704033530841) (12,10,-0.008294677404) (13,10,0.709056955997) (2,11,-0.711808721530) (6,11,-0.002381963930) (9,11,0.704113275920) (10,11,0.704033530841) (11,11,2.000000000000) (12,11,0.704302570379) (14,11,-0.002658984041) (2,12,-0.999943504370) (6,12,-0.711575524446) (10,12,-0.008294677404) (11,12,0.704302570379) (12,12,2.000000000000) (13,12,0.711008353472) (14,12,0.711770134753) (3,13,0.000645835479) (8,13,-0.004268556469) (10,13,0.709056955997) (12,13,0.711008353472) (13,13,2.000000000000) (14,13,0.999999412552) (9,14,-0.711957382623) (11,14,-0.002658984041) (12,14,0.711770134753) (13,14,0.999999412552) (14,14,2.000000000000) 
Minv:
size: 27 27
(0,0,1.000000000000) (1,1,1.000000000000) (2,2,2.000000000000) (3,3,1.000000000000) (4,4,1.000000000000) (5,5,2.000000000000) (6,6,1.000000000000) (7,7,1.000000000000) (8,8,2.000000000000) (9,9,1.000000000000) (10,10,1.000000000000) (11,11,2.000000000000) (12,12,1.000000000000) (13,13,1.000000000000) (14,14,2.000000000000) (15,15,1.000000000000) (16,16,1.000000000000) (17,17,2.000000000000) (18,18,1.000000000000) (19,19,1.000000000000) (20,20,2.000000000000) (21,21,1.000000000000) (22,22,1.000000000000) (23,23,2.000000000000) (24,24,1.000000000000) (25,25,1.000000000000) (26,26,2.000000000000) 
v0:
size: 27 1
(0,0,0.622485457063) (1,0,0.461112531454) (2,0,0.000000000000) (3,0,-0.244136856146) (4,0,0.737483637514) (5,0,0.000000000000) (6,0,-0.904498997850) (7,0,-0.442685060219) (8,0,0.000000000000) (9,0,0.259022444269) (10,0,0.790536950859) (11,0,0.000000000000) (12,0,0.838169888550) (13,0,-0.625906898467) (14,0,0.000000000000) (15,0,-0.748085239378) (16,0,0.246137769339) (17,0,0.000000000000) (18,0,0.238734940322) (19,0,-0.044263880904) (20,0,0.000000000000) (21,0,0.019826748337) (22,0,0.045628394678) (23,0,0.000000000000) (24,0,0.077554063780) (25,0,-0.801589772341) (26,0,0.000000000000) 
ipopt_sol:
size: 15 1
(0,0,0.124591520238) (1,0,0.115953170886) (2,0,0.812774157524) (3,0,0.017639443060) (4,0,0.991645524713) (5,0,0.353294554552) (6,0,1.503204949740) (7,0,0.000000000000) (8,0,0.020324481669) (9,0,0.113368143339) (10,0,0.024449787774) (11,0,0.642819133747) (12,0,1.186902949630) (13,0,0.125179516646) (14,0,0.403338248684) 
policy_sol:
size: 15 1
(0,0,0.124591515880) (1,0,0.133506886763) (2,0,0.812895149277) (3,0,0.000000000000) (4,0,0.991645528631) (5,0,0.353294549632) (6,0,1.378050562330) (7,0,0.000000000000) (8,0,-0.086086641821) (9,0,0.289848451344) (10,0,0.200368925255) (11,0,0.518890221800) (12,0,1.186709779901) (13,0,0.000000000000) (14,0,0.528655183046) 

policy_converges:
0
ipopt_converges:
0
