solve status: 0
N:
size: 27 17
(0,0,-0.001376646582) (1,0,-0.999999052422) (3,0,0.001376646582) (4,0,0.999999052422) (0,1,0.000726344160) (1,1,-0.999999736212) (6,1,-0.000726344160) (7,1,0.999999736212) (0,2,-0.999989815375) (1,2,-0.004513218970) (9,2,0.999989815375) (10,2,0.004513218970) (0,3,-0.707277132562) (1,3,-0.706936388761) (12,3,0.707277132562) (13,3,0.706936388761) (0,4,-0.999999363487) (1,4,-0.001128284504) (18,4,0.999999363487) (19,4,0.001128284504) (3,5,-0.708892511527) (4,5,0.705316529723) (9,5,0.708892511527) (10,5,-0.705316529723) (9,6,-0.002655860359) (10,6,-0.999996473197) (12,6,0.002655860359) (13,6,0.999996473197) (9,7,-0.001655229914) (10,7,-0.999998630106) (15,7,0.001655229914) (16,7,0.999998630106) (9,8,-0.999997410521) (10,8,0.002275730823) (18,8,0.999997410521) (19,8,-0.002275730823) (9,9,-0.708018428910) (10,9,-0.706193956589) (21,9,0.708018428910) (22,9,0.706193956589) (12,10,-0.000649085571) (13,10,-0.999999789344) (15,10,0.000649085571) (16,10,0.999999789344) (12,11,-0.704203810153) (13,11,0.709997882930) (18,11,0.704203810153) (19,11,-0.709997882930) (15,12,-0.708609348487) (16,12,0.705601014198) (21,12,0.708609348487) (22,12,-0.705601014198) (15,13,-0.999995540089) (16,13,-0.002986603642) (24,13,0.999995540089) (25,13,0.002986603642) (18,14,-0.005568844356) (19,14,-0.999984493866) (21,14,0.005568844356) (22,14,0.999984493866) (18,15,0.000755403574) (19,15,-0.999999714683) (24,15,-0.000755403574) (25,15,0.999999714683) (21,16,0.007106596911) (22,16,-0.999974747821) (24,16,-0.007106596911) (25,16,0.999974747821) 
Q:
size: 17 17
(0,0,2.000000000000) (1,0,0.999997788715) (2,0,0.005889847255) (3,0,0.707909389530) (4,0,0.002504929140) (5,0,0.704339966927) (0,1,0.999997788715) (1,1,2.000000000000) (2,1,0.003786881016) (3,1,0.706422475664) (4,1,0.000401940508) (0,2,0.005889847255) (1,2,0.003786881016) (2,2,2.000000000000) (3,2,0.710460487931) (4,2,0.999994271064) (5,2,0.705702043781) (6,2,-0.007169036362) (7,2,-0.006168425843) (8,2,-0.999976955052) (9,2,-0.711198425970) (0,3,0.707909389530) (1,3,0.706422475664) (2,3,0.710460487931) (3,3,2.000000000000) (4,3,0.708074307744) (6,3,0.708812324834) (10,3,-0.707395323222) (11,3,0.003856087802) (0,4,0.002504929140) (1,4,0.000401940508) (2,4,0.999994271064) (3,4,0.708074307744) (4,4,2.000000000000) (8,4,0.999994206338) (11,4,0.703402282309) (14,4,-0.006697107819) (15,4,-0.000372881089) (0,5,0.704339966927) (2,5,0.705702043781) (5,5,2.000000000000) (6,5,0.703431322691) (7,5,0.704142183424) (8,5,-0.710495786432) (9,5,-0.003818691504) (2,6,-0.007169036362) (3,6,0.708812324834) (5,6,0.703431322691) (6,6,2.000000000000) (7,6,0.999999499367) (8,6,0.000380130684) (9,6,0.708071864061) (10,6,-0.999997986422) (11,6,0.708125111924) (2,7,-0.006168425843) (5,7,0.704142183424) (6,7,0.999999499367) (7,7,2.000000000000) (8,7,-0.000620502078) (9,7,0.707364922462) (10,7,0.999999493836) (12,7,0.704427136208) (13,7,-0.004641822082) (2,8,-0.999976955052) (4,8,0.999994206338) (5,8,-0.710495786432) (6,8,0.000380130684) (7,8,-0.000620502078) (8,8,2.000000000000) (9,8,0.706409488158) (11,8,0.705817750699) (14,8,-0.003293134400) (15,8,0.003031131791) (2,9,-0.711198425970) (5,9,-0.003818691504) (6,9,0.708071864061) (7,9,0.707364922462) (8,9,0.706409488158) (9,9,2.000000000000) (12,9,0.003417305637) (14,9,0.710125850683) (16,9,-0.701144522074) (3,10,-0.707395323222) (6,10,-0.999997986422) (7,10,0.999999493836) (10,10,2.000000000000) (11,10,-0.709540644833) (12,10,0.705140917455) (13,10,-0.003635685689) (3,11,0.003856087802) (4,11,0.703402282309) (6,11,0.708125111924) (8,11,0.705817750699) (10,11,-0.709540644833) (11,11,2.000000000000) (14,11,0.706065272195) (15,11,0.710529638431) (7,12,0.704427136208) (9,12,0.003417305637) (10,12,0.705140917455) (12,12,2.000000000000) (13,12,0.706498837594) (14,12,-0.701643937883) (16,12,0.710618997242) (7,13,-0.004641822082) (10,13,-0.003635685689) (12,13,0.706498837594) (13,13,2.000000000000) (15,13,0.002231202585) (16,13,-0.004120036992) (4,14,-0.006697107819) (8,14,-0.003293134400) (9,14,0.710125850683) (11,14,0.706065272195) (12,14,-0.701643937883) (14,14,2.000000000000) (15,14,0.999980001828) (16,14,-0.999919666547) (4,15,-0.000372881089) (8,15,0.003031131791) (11,15,0.710529638431) (13,15,0.002231202585) (14,15,0.999980001828) (15,15,2.000000000000) (16,15,0.999979830860) (9,16,-0.701144522074) (12,16,0.710618997242) (13,16,-0.004120036992) (14,16,-0.999919666547) (15,16,0.999979830860) (16,16,2.000000000000) 
Minv:
size: 27 27
(0,0,1.000000000000) (1,1,1.000000000000) (2,2,2.000000000000) (3,3,1.000000000000) (4,4,1.000000000000) (5,5,2.000000000000) (6,6,1.000000000000) (7,7,1.000000000000) (8,8,2.000000000000) (9,9,1.000000000000) (10,10,1.000000000000) (11,11,2.000000000000) (12,12,1.000000000000) (13,13,1.000000000000) (14,14,2.000000000000) (15,15,1.000000000000) (16,16,1.000000000000) (17,17,2.000000000000) (18,18,1.000000000000) (19,19,1.000000000000) (20,20,2.000000000000) (21,21,1.000000000000) (22,22,1.000000000000) (23,23,2.000000000000) (24,24,1.000000000000) (25,25,1.000000000000) (26,26,2.000000000000) 
v0:
size: 27 1
(0,0,0.146308274942) (1,0,0.383177982401) (2,0,0.000000000000) (3,0,-0.457106543889) (4,0,-0.430748725483) (5,0,0.000000000000) (6,0,-0.160997664458) (7,0,-0.210222921340) (8,0,0.000000000000) (9,0,0.074460360181) (10,0,0.778797763405) (11,0,0.000000000000) (12,0,0.356410183315) (13,0,-0.348657000394) (14,0,0.000000000000) (15,0,0.873474596491) (16,0,-0.776408556647) (17,0,0.000000000000) (18,0,-0.771794699810) (19,0,-0.157421816077) (20,0,0.000000000000) (21,0,0.998891069827) (22,0,-0.192333143439) (23,0,0.000000000000) (24,0,0.618594670450) (25,0,-0.394911238528) (26,0,0.000000000000) 
ipopt_sol:
size: 17 1
(0,0,0.690064486909) (1,0,0.248038003846) (2,0,0.000000000000) (3,0,0.000000000000) (4,0,0.537674349266) (5,0,0.000000000000) (6,0,1.662894926422) (7,0,0.000000000000) (8,0,0.388414341461) (9,0,0.000000000000) (10,0,1.446868700157) (11,0,0.528624457121) (12,0,0.000000000000) (13,0,0.256782417807) (14,0,0.000000000000) (15,0,0.000000000000) (16,0,0.200399342912) 
policy_sol:
size: 17 1
(0,0,0.690064479843) (1,0,0.248038003831) (2,0,0.000000000000) (3,0,0.000000000000) (4,0,0.537674335979) (5,0,0.000000000000) (6,0,1.662894903930) (7,0,0.000000000000) (8,0,0.388414355126) (9,0,0.000000000000) (10,0,1.446868682008) (11,0,0.528624451395) (12,0,0.000000000000) (13,0,0.256782414253) (14,0,0.000000000000) (15,0,0.000000000000) (16,0,0.200399342856) 

policy_converges:
1
ipopt_converges:
0
