solve status: 0
N:
size: 27 16
(0,0,-0.999989809024) (1,0,0.004514625974) (9,0,0.999989809024) (10,0,-0.004514625974) (0,1,-0.999998478317) (1,1,0.001744523797) (18,1,0.999998478317) (19,1,-0.001744523797) (3,2,0.001239141944) (4,2,-0.999999232263) (6,2,-0.001239141944) (7,2,0.999999232263) (3,3,-0.704427004428) (4,3,0.709776440460) (9,3,0.704427004428) (10,3,-0.709776440460) (3,4,-0.705121611077) (4,4,-0.709086393603) (15,4,0.705121611077) (16,4,0.709086393603) (3,5,-0.999999941847) (4,5,-0.000341035980) (21,5,0.999999941847) (22,5,0.000341035980) (6,6,-0.999965926909) (7,6,0.008254999747) (15,6,0.999965926909) (16,6,-0.008254999747) (6,7,-0.999998401472) (7,7,0.001788030458) (24,7,0.999998401472) (25,7,-0.001788030458) (9,8,0.002660953135) (10,8,-0.999996459658) (12,8,-0.002660953135) (13,8,0.999996459658) (9,9,0.001791727685) (10,9,-0.999998394855) (15,9,-0.001791727685) (16,9,0.999998394855) (9,10,-0.707154023717) (10,10,-0.707059535499) (21,10,0.707154023717) (22,10,0.707059535499) (12,11,-0.708497956666) (13,11,0.705712863281) (18,11,0.708497956666) (19,11,-0.705712863281) (12,12,-0.999997201632) (13,12,-0.002365740436) (21,12,0.999997201632) (22,12,0.002365740436) (12,13,-0.706787961528) (13,13,-0.707425457161) (24,13,0.706787961528) (25,13,0.707425457161) (15,14,-0.999989372058) (16,14,-0.004610398083) (24,14,0.999989372058) (25,14,0.004610398083) (18,15,-0.002237232657) (19,15,-0.999997497392) (21,15,0.002237232657) (22,15,0.999997497392) 
Q:
size: 16 16
(0,0,2.000000000000) (1,0,0.999996163229) (3,0,0.707624200784) (8,0,0.007175536008) (9,0,0.006306328153) (10,0,-0.703954707783) (0,1,0.999996163229) (1,1,2.000000000000) (11,1,0.709728011441) (15,1,-0.000492709822) (2,2,2.000000000000) (3,2,-0.710648780586) (4,2,0.708212103447) (5,2,-0.000898106153) (6,2,0.009494093132) (7,2,0.003027169048) (0,3,0.707624200784) (2,3,-0.710648780586) (3,3,2.000000000000) (4,3,-0.006586112181) (5,3,0.704184904160) (8,3,0.711648374855) (9,3,0.711037442531) (10,3,0.003715809704) (2,4,0.708212103447) (3,4,-0.006586112181) (4,4,2.000000000000) (5,4,0.705363394046) (6,4,0.699244077404) (9,4,0.707821869504) (14,4,-0.708383287635) (2,5,-0.000898106153) (3,5,0.704184904160) (4,5,0.705363394046) (5,5,2.000000000000) (10,5,0.707395115336) (12,5,0.999997950282) (15,5,0.002578267654) (2,6,0.009494093132) (4,6,0.699244077404) (6,6,2.000000000000) (7,6,0.999979088627) (9,6,-0.010046653132) (14,6,-0.999917240495) (2,7,0.003027169048) (6,7,0.999979088627) (7,7,2.000000000000) (13,7,0.705521933444) (14,7,0.999979530015) (0,8,0.007175536008) (3,8,0.711648374855) (8,8,2.000000000000) (9,8,0.999999622222) (10,8,0.705175328550) (11,8,0.707595644675) (12,8,0.000295213628) (13,8,-0.705542222990) (0,9,0.006306328153) (3,9,0.711037442531) (4,9,0.707821869504) (6,9,-0.010046653132) (8,9,0.999999622222) (9,9,2.000000000000) (10,9,0.705791373125) (14,9,-0.002818682040) (0,10,-0.703954707783) (3,10,0.003715809704) (5,10,0.707395115336) (8,10,0.705175328550) (9,10,0.705791373125) (10,10,2.000000000000) (12,10,0.708824764174) (15,10,0.708639834082) (1,11,0.709728011441) (8,11,0.707595644675) (11,11,2.000000000000) (12,11,0.706826440571) (13,11,0.001518581608) (15,11,0.704126022392) (5,12,0.999997950282) (8,12,0.000295213628) (10,12,0.708824764174) (11,12,0.706826440571) (12,12,2.000000000000) (13,12,0.708459568685) (15,12,0.004602960912) (7,13,0.705521933444) (8,13,-0.705542222990) (11,13,0.001518581608) (12,13,0.708459568685) (13,13,2.000000000000) (14,13,0.710041962798) (4,14,-0.708383287635) (6,14,-0.999917240495) (7,14,0.999979530015) (9,14,-0.002818682040) (13,14,0.710041962798) (14,14,2.000000000000) (1,15,-0.000492709822) (5,15,0.002578267654) (10,15,0.708639834082) (11,15,0.704126022392) (12,15,0.004602960912) (15,15,2.000000000000) 
Minv:
size: 27 27
(0,0,1.000000000000) (1,1,1.000000000000) (2,2,2.000000000000) (3,3,1.000000000000) (4,4,1.000000000000) (5,5,2.000000000000) (6,6,1.000000000000) (7,7,1.000000000000) (8,8,2.000000000000) (9,9,1.000000000000) (10,10,1.000000000000) (11,11,2.000000000000) (12,12,1.000000000000) (13,13,1.000000000000) (14,14,2.000000000000) (15,15,1.000000000000) (16,16,1.000000000000) (17,17,2.000000000000) (18,18,1.000000000000) (19,19,1.000000000000) (20,20,2.000000000000) (21,21,1.000000000000) (22,22,1.000000000000) (23,23,2.000000000000) (24,24,1.000000000000) (25,25,1.000000000000) (26,26,2.000000000000) 
v0:
size: 27 1
(0,0,0.860028304509) (1,0,-0.930049297999) (2,0,0.000000000000) (3,0,0.586615497657) (4,0,0.980697999549) (5,0,0.000000000000) (6,0,0.374297845082) (7,0,0.701387982006) (8,0,0.000000000000) (9,0,-0.788899618178) (10,0,0.987598219127) (11,0,0.000000000000) (12,0,0.815000002021) (13,0,-0.025204152425) (14,0,0.000000000000) (15,0,0.038739291179) (16,0,0.065871260500) (17,0,0.000000000000) (18,0,0.416885070153) (19,0,-0.105666804186) (20,0,0.000000000000) (21,0,-0.681184417500) (22,0,-0.678774729603) (23,0,0.000000000000) (24,0,-0.720394861857) (25,0,0.651180175395) (26,0,0.000000000000) 
ipopt_sol:
size: 16 1
(0,0,2.058596871743) (1,0,0.000000000000) (2,0,0.000000000000) (3,0,0.043134019626) (4,0,1.361681931582) (5,0,0.000000000000) (6,0,0.000000000000) (7,0,0.633660555046) (8,0,0.575095628742) (9,0,0.000000000000) (10,0,1.188579123262) (11,0,0.000000000000) (12,0,1.076044668130) (13,0,0.000000000000) (14,0,0.921900146150) (15,0,0.151949379477) 
policy_sol:
size: 16 1
(0,0,2.058596865641) (1,0,0.000000000000) (2,0,0.000000000000) (3,0,0.043134019602) (4,0,1.361681917898) (5,0,0.000000000000) (6,0,0.000000000000) (7,0,0.633660545948) (8,0,0.575095624858) (9,0,0.000000000000) (10,0,1.188579120160) (11,0,0.000000000000) (12,0,1.076044657160) (13,0,0.000000000000) (14,0,0.921900147298) (15,0,0.151949377070) 

policy_converges:
1
ipopt_converges:
0
