solve status: 0
N:
size: 27 11
(0,0,-0.999992307546) (1,0,0.003922352343) (9,0,0.999992307546) (10,0,-0.003922352343) (3,1,-0.707166248252) (4,1,0.707047309119) (9,1,0.707166248252) (10,1,-0.707047309119) (3,2,-0.999998620884) (4,2,-0.001660792306) (12,2,0.999998620884) (13,2,0.001660792306) (6,3,-0.707722495573) (7,3,0.706490530198) (12,3,0.707722495573) (13,3,-0.706490530198) (6,4,-0.999999791569) (7,4,-0.000645648071) (24,4,0.999999791569) (25,4,0.000645648071) (12,5,-0.002241209816) (13,5,-0.999997488486) (15,5,0.002241209816) (16,5,0.999997488486) (12,6,-0.706664403547) (13,6,-0.707548882240) (24,6,0.706664403547) (25,6,0.707548882240) (15,7,-0.999986874871) (16,7,-0.005123483830) (24,7,0.999986874871) (25,7,0.005123483830) (18,8,-0.004671498708) (19,8,-0.999989088490) (21,8,0.004671498708) (22,8,0.999989088490) (18,9,0.000243626444) (19,9,-0.999999970323) (24,9,-0.000243626444) (25,9,0.999999970323) (21,10,0.005167140812) (22,10,-0.999986650239) (24,10,-0.005167140812) (25,10,0.999986650239) 
Q:
size: 11 11
(0,0,2.000000000000) (1,0,0.709934097079) (0,1,0.709934097079) (1,1,2.000000000000) (2,1,0.705991014257) (1,2,0.705991014257) (2,2,2.000000000000) (3,2,0.706548185504) (5,2,-0.003901994860) (6,2,-0.707838520715) (2,3,0.706548185504) (3,3,2.000000000000) (4,3,0.707266203814) (5,3,0.704902601234) (6,3,-0.000245710256) (3,4,0.707266203814) (4,4,2.000000000000) (6,4,0.707121083827) (7,4,0.999989974410) (9,4,0.000402021659) (10,4,-0.004521500284) (2,5,-0.003901994860) (3,5,0.704902601234) (5,5,2.000000000000) (6,5,0.709130888419) (7,5,-0.007364651362) (2,6,-0.707838520715) (3,6,-0.000245710256) (4,6,0.707121083827) (5,6,0.709130888419) (6,6,2.000000000000) (7,6,0.710280243743) (9,6,0.707376699107) (10,6,0.703888002151) (4,7,0.999989974410) (5,7,-0.007364651362) (6,7,0.710280243743) (7,7,2.000000000000) (9,7,0.004879860432) (10,7,-0.000043657560) (8,8,2.000000000000) (9,8,0.999987920713) (10,8,-0.999951600583) (4,9,0.000402021659) (6,9,0.707376699107) (7,9,0.004879860432) (8,9,0.999987920713) (9,9,2.000000000000) (10,9,0.999987879414) (4,10,-0.004521500284) (6,10,0.703888002151) (7,10,-0.000043657560) (8,10,-0.999951600583) (9,10,0.999987879414) (10,10,2.000000000000) 
Minv:
size: 27 27
(0,0,1.000000000000) (1,1,1.000000000000) (2,2,2.000000000000) (3,3,1.000000000000) (4,4,1.000000000000) (5,5,2.000000000000) (6,6,1.000000000000) (7,7,1.000000000000) (8,8,2.000000000000) (9,9,1.000000000000) (10,10,1.000000000000) (11,11,2.000000000000) (12,12,1.000000000000) (13,13,1.000000000000) (14,14,2.000000000000) (15,15,1.000000000000) (16,16,1.000000000000) (17,17,2.000000000000) (18,18,1.000000000000) (19,19,1.000000000000) (20,20,2.000000000000) (21,21,1.000000000000) (22,22,1.000000000000) (23,23,2.000000000000) (24,24,1.000000000000) (25,25,1.000000000000) (26,26,2.000000000000) 
v0:
size: 27 1
(0,0,-0.295145919186) (1,0,0.329627814476) (2,0,0.000000000000) (3,0,0.070388734850) (4,0,0.409252708822) (5,0,0.000000000000) (6,0,-0.355220327178) (7,0,0.601993892544) (8,0,0.000000000000) (9,0,-0.658154936431) (10,0,-0.061856921207) (11,0,0.000000000000) (12,0,-0.487434229215) (13,0,0.529002014280) (14,0,0.000000000000) (15,0,0.663072084006) (16,0,0.325096793131) (17,0,0.000000000000) (18,0,-0.163509611626) (19,0,0.628141288297) (20,0,0.000000000000) (21,0,0.418944807530) (22,0,-0.442946990706) (23,0,0.000000000000) (24,0,-0.840525567766) (25,0,-0.600569357398) (26,0,0.000000000000) 
ipopt_sol:
size: 11 1
(0,0,0.361470687294) (1,0,0.000000000000) (2,0,0.791798170838) (3,0,0.000000000000) (4,0,0.000000000000) (5,0,0.000000000000) (6,0,0.661661779923) (7,0,1.271850383285) (8,0,0.763529113449) (9,0,0.609660440871) (10,0,0.000000000000) 
policy_sol:
size: 11 1
(0,0,0.361470683744) (1,0,0.000000000000) (2,0,0.791798159053) (3,0,0.000000000000) (4,0,0.000000000000) (5,0,0.000000000000) (6,0,0.661661766526) (7,0,1.271850383089) (8,0,0.763529120278) (9,0,0.609660437200) (10,0,0.000000000000) 

policy_converges:
1
ipopt_converges:
0
