solve status: 0
N:
size: 27 10
(3,0,0.001483671469) (4,0,-0.999998899359) (6,0,-0.001483671469) (7,0,0.999998899359) (3,1,-0.703383079695) (4,1,-0.710810975716) (15,1,0.703383079695) (16,1,0.710810975716) (6,2,-0.709189427088) (7,2,0.705017983109) (12,2,0.709189427088) (13,2,-0.705017983109) (6,3,-0.999960316846) (7,3,-0.008908688596) (15,3,0.999960316846) (16,3,0.008908688596) (6,4,-0.999993348073) (7,4,-0.003647438809) (24,4,0.999993348073) (25,4,0.003647438809) (9,5,-0.002912890090) (10,5,-0.999995757527) (12,5,0.002912890090) (13,5,0.999995757527) (9,6,-0.000352560668) (10,6,-0.999999937850) (15,6,0.000352560668) (16,6,0.999999937850) (9,7,-0.999991543256) (10,7,-0.004112592434) (18,7,0.999991543256) (19,7,0.004112592434) (9,8,-0.709519000770) (10,8,-0.704686304356) (21,8,0.709519000770) (22,8,0.704686304356) (12,9,0.002201493653) (13,9,-0.999997576710) (15,9,-0.002201493653) (16,9,0.999997576710) 
Q:
size: 10 10
(0,0,2.000000000000) (1,0,0.709766603962) (2,0,0.706069411256) (3,0,-0.007425066199) (4,0,-0.002163773195) (0,1,0.709766603962) (1,1,2.000000000000) (3,1,0.709687560870) (6,1,0.711058916748) (9,1,0.709260759830) (0,2,0.706069411256) (2,2,2.000000000000) (3,2,0.702880498548) (4,2,0.706613199659) (5,2,-0.702949201235) (9,2,0.706577550669) (0,3,-0.007425066199) (1,3,0.709687560870) (2,3,0.702880498548) (3,3,2.000000000000) (4,3,0.999986159080) (6,3,0.009261234720) (9,3,0.006707260717) (0,4,-0.002163773195) (2,4,0.706613199659) (3,4,0.999986159080) (4,4,2.000000000000) (2,5,-0.702949201235) (5,5,2.000000000000) (6,5,0.999996722348) (7,5,0.007025440442) (8,5,0.706750065609) (9,5,-0.999986921538) (1,6,0.711058916748) (3,6,0.009261234720) (5,6,0.999996722348) (6,6,2.000000000000) (7,6,0.004465149864) (8,6,0.704936409053) (9,6,0.999996738400) (5,7,0.007025440442) (6,7,0.004465149864) (7,7,2.000000000000) (8,7,0.712411088113) (5,8,0.706750065609) (6,8,0.704936409053) (7,8,0.712411088113) (8,8,2.000000000000) (1,9,0.709260759830) (2,9,0.706577550669) (3,9,0.006707260717) (5,9,-0.999986921538) (6,9,0.999996738400) (9,9,2.000000000000) 
Minv:
size: 27 27
(0,0,1.000000000000) (1,1,1.000000000000) (2,2,2.000000000000) (3,3,1.000000000000) (4,4,1.000000000000) (5,5,2.000000000000) (6,6,1.000000000000) (7,7,1.000000000000) (8,8,2.000000000000) (9,9,1.000000000000) (10,10,1.000000000000) (11,11,2.000000000000) (12,12,1.000000000000) (13,13,1.000000000000) (14,14,2.000000000000) (15,15,1.000000000000) (16,16,1.000000000000) (17,17,2.000000000000) (18,18,1.000000000000) (19,19,1.000000000000) (20,20,2.000000000000) (21,21,1.000000000000) (22,22,1.000000000000) (23,23,2.000000000000) (24,24,1.000000000000) (25,25,1.000000000000) (26,26,2.000000000000) 
v0:
size: 27 1
(0,0,-0.441365327303) (1,0,-0.997881612136) (2,0,0.000000000000) (3,0,-0.896784496995) (4,0,0.853071893633) (5,0,0.000000000000) (6,0,0.938327716270) (7,0,-0.645370963606) (8,0,0.000000000000) (9,0,0.886529411446) (10,0,0.320449653680) (11,0,0.000000000000) (12,0,-0.500689487172) (13,0,0.087428543498) (14,0,0.000000000000) (15,0,-0.487672670660) (16,0,-0.206897738221) (17,0,0.000000000000) (18,0,0.036901309751) (19,0,0.011296784241) (20,0,0.000000000000) (21,0,0.304974543735) (22,0,0.421272504421) (23,0,0.000000000000) (24,0,0.501441709049) (25,0,0.766501515654) (26,0,0.000000000000) 
ipopt_sol:
size: 10 1
(0,0,1.209963873721) (1,0,0.000000000000) (2,0,0.836745072722) (3,0,1.131305467453) (4,0,0.000000000000) (5,0,0.700859391199) (6,0,0.000000000000) (7,0,0.848430416988) (8,0,0.000000000000) (9,0,0.345372723601) 
policy_sol:
size: 10 1
(0,0,1.209963869690) (1,0,0.000000000000) (2,0,0.836745074023) (3,0,1.131305458444) (4,0,0.000000000000) (5,0,0.700859374490) (6,0,0.000000000000) (7,0,0.848430413462) (8,0,0.000000000000) (9,0,0.345372706284) 

policy_converges:
1
ipopt_converges:
0
