solve status: 0
N:
size: 27 8
(0,0,0.000182695859) (1,0,-0.999999983311) (3,0,-0.000182695859) (4,0,0.999999983311) (0,1,-0.999999647885) (1,1,-0.000839184238) (9,1,0.999999647885) (10,1,0.000839184238) (0,2,-0.999998564381) (1,2,-0.001694471988) (18,2,0.999998564381) (19,2,0.001694471988) (6,3,-0.703900062949) (7,3,0.710299022511) (12,3,0.703900062949) (13,3,-0.710299022511) (9,4,-0.001522225916) (10,4,-0.999998841413) (15,4,0.001522225916) (16,4,0.999998841413) (12,5,-0.002230327192) (13,5,-0.999997512817) (15,5,0.002230327192) (16,5,0.999997512817) (15,6,-0.710828714707) (16,6,0.703365152924) (21,6,0.710828714707) (22,6,-0.703365152924) (21,7,0.002417199784) (22,7,-0.999997078568) (24,7,-0.002417199784) (25,7,0.999997078568) 
Q:
size: 8 8
(0,0,2.000000000000) (1,0,0.000656488430) (2,0,0.001511776364) (0,1,0.000656488430) (1,1,2.000000000000) (2,1,0.999999634241) (4,1,-0.002361408647) (0,2,0.001511776364) (1,2,0.999999634241) (2,2,2.000000000000) (3,3,2.000000000000) (5,3,0.708727328417) (1,4,-0.002361408647) (4,4,2.000000000000) (5,4,0.999999749295) (6,4,0.702282296123) (3,5,0.708727328417) (4,5,0.999999749295) (5,5,2.000000000000) (6,5,0.701778022915) (4,6,0.702282296123) (5,6,0.701778022915) (6,6,2.000000000000) (7,6,0.705081313106) (6,7,0.705081313106) (7,7,2.000000000000) 
Minv:
size: 27 27
(0,0,1.000000000000) (1,1,1.000000000000) (2,2,2.000000000000) (3,3,1.000000000000) (4,4,1.000000000000) (5,5,2.000000000000) (6,6,1.000000000000) (7,7,1.000000000000) (8,8,2.000000000000) (9,9,1.000000000000) (10,10,1.000000000000) (11,11,2.000000000000) (12,12,1.000000000000) (13,13,1.000000000000) (14,14,2.000000000000) (15,15,1.000000000000) (16,16,1.000000000000) (17,17,2.000000000000) (18,18,1.000000000000) (19,19,1.000000000000) (20,20,2.000000000000) (21,21,1.000000000000) (22,22,1.000000000000) (23,23,2.000000000000) (24,24,1.000000000000) (25,25,1.000000000000) (26,26,2.000000000000) 
v0:
size: 27 1
(0,0,0.943725460767) (1,0,-0.682157430392) (2,0,0.000000000000) (3,0,-0.605996485467) (4,0,-0.904222789141) (5,0,0.000000000000) (6,0,-0.190092978276) (7,0,-0.126449056933) (8,0,0.000000000000) (9,0,0.696152871078) (10,0,0.361274110224) (11,0,0.000000000000) (12,0,0.278250848272) (13,0,0.495849775087) (14,0,0.000000000000) (15,0,0.549647307625) (16,0,-0.252966810629) (17,0,0.000000000000) (18,0,0.864678534453) (19,0,-0.290272463002) (20,0,0.000000000000) (21,0,0.783778850730) (22,0,0.760143321090) (23,0,0.000000000000) (24,0,0.812580859524) (25,0,0.511431782591) (26,0,0.000000000000) 
ipopt_sol:
size: 8 1
(0,0,0.221701167785) (1,0,0.246948701906) (2,0,0.000000000000) (3,0,0.000000000000) (4,0,0.274918804691) (5,0,0.541926899080) (6,0,0.196139390810) (7,0,0.179633322503) 
policy_sol:
size: 8 1
(0,0,0.221701167779) (1,0,0.246948696909) (2,0,0.000000000000) (3,0,0.000000000000) (4,0,0.274918806772) (5,0,0.541926894087) (6,0,0.196139391976) (7,0,0.179633322091) 

policy_converges:
1
ipopt_converges:
0
