solve status: 0
N:
size: 27 13
(0,0,-0.002536032707) (1,0,-0.999996784264) (6,0,0.002536032707) (7,0,0.999996784264) (0,1,-0.999994575952) (1,1,0.003293640350) (9,1,0.999994575952) (10,1,-0.003293640350) (0,2,-0.708471321837) (1,2,-0.705739602215) (12,2,0.708471321837) (13,2,0.705739602215) (0,3,-0.999999601625) (1,3,0.000892607949) (18,3,0.999999601625) (19,3,-0.000892607949) (3,4,-0.001137165500) (4,4,-0.999999353427) (6,4,0.001137165500) (7,4,0.999999353427) (3,5,-0.705243420577) (4,5,-0.708965244376) (15,5,0.705243420577) (16,5,0.708965244376) (9,6,0.003233396282) (10,6,-0.999994772561) (12,6,-0.003233396282) (13,6,0.999994772561) (9,7,-0.999998843256) (10,7,-0.001521015174) (18,7,0.999998843256) (19,7,0.001521015174) (9,8,-0.707768038548) (10,8,-0.706444904865) (21,8,0.707768038548) (22,8,0.706444904865) (12,9,-0.708275061150) (13,9,0.705936567797) (18,9,0.708275061150) (19,9,-0.705936567797) (12,10,-0.999998193534) (13,10,-0.001900770521) (21,10,0.999998193534) (22,10,0.001900770521) (18,11,-0.005233169407) (19,11,-0.999986306875) (21,11,0.005233169407) (22,11,0.999986306875) (18,12,-0.000177517733) (19,12,-0.999999984244) (24,12,0.000177517733) (25,12,0.999999984244) 
Q:
size: 13 13
(0,0,2.000000000000) (1,0,-0.000757610807) (2,0,0.707534039187) (3,0,0.001643426618) (4,0,0.999999021582) (0,1,-0.000757610807) (1,1,2.000000000000) (2,1,0.706143026624) (3,1,0.999997117509) (6,1,0.006527001876) (7,1,-0.999988409537) (8,1,-0.705437424137) (0,2,0.707534039187) (1,2,0.706143026624) (2,2,2.000000000000) (3,2,0.707841090821) (6,2,0.703445144466) (9,2,-0.003585176251) (10,2,-0.709811491039) (0,3,0.001643426618) (1,3,0.999997117509) (2,3,0.707841090821) (3,3,2.000000000000) (7,3,0.999997087211) (9,3,0.708904903583) (11,3,-0.004340571596) (12,3,0.000715090273) (0,4,0.999999021582) (4,4,2.000000000000) (5,4,0.709766764465) (4,5,0.709766764465) (5,5,2.000000000000) (1,6,0.006527001876) (2,6,0.703445144466) (6,6,2.000000000000) (7,6,-0.001712385319) (8,6,0.704152717423) (9,6,0.708223011506) (10,6,0.001332629856) (1,7,-0.999988409537) (3,7,0.999997087211) (6,7,-0.001712385319) (7,7,2.000000000000) (8,7,0.708841733262) (9,7,0.707200501625) (11,7,-0.006754157700) (12,7,-0.001698532678) (1,8,-0.705437424137) (6,8,0.704152717423) (7,8,0.708841733262) (8,8,2.000000000000) (10,8,0.709109549639) (11,8,0.710139101473) (2,9,-0.003585176251) (3,9,0.708904903583) (6,9,0.708223011506) (7,9,0.707200501625) (9,9,2.000000000000) (10,9,0.706931958257) (11,9,0.702220377938) (12,9,0.705810825291) (2,10,-0.709811491039) (6,10,0.001332629856) (8,10,0.709109549639) (9,10,0.706931958257) (10,10,2.000000000000) (11,10,0.007133904447) (3,11,-0.004340571596) (7,11,-0.006754157700) (8,11,0.710139101473) (9,11,0.702220377938) (10,11,0.007133904447) (11,11,2.000000000000) (12,11,0.999987220100) (3,12,0.000715090273) (7,12,-0.001698532678) (9,12,0.705810825291) (11,12,0.999987220100) (12,12,2.000000000000) 
Minv:
size: 27 27
(0,0,1.000000000000) (1,1,1.000000000000) (2,2,2.000000000000) (3,3,1.000000000000) (4,4,1.000000000000) (5,5,2.000000000000) (6,6,1.000000000000) (7,7,1.000000000000) (8,8,2.000000000000) (9,9,1.000000000000) (10,10,1.000000000000) (11,11,2.000000000000) (12,12,1.000000000000) (13,13,1.000000000000) (14,14,2.000000000000) (15,15,1.000000000000) (16,16,1.000000000000) (17,17,2.000000000000) (18,18,1.000000000000) (19,19,1.000000000000) (20,20,2.000000000000) (21,21,1.000000000000) (22,22,1.000000000000) (23,23,2.000000000000) (24,24,1.000000000000) (25,25,1.000000000000) (26,26,2.000000000000) 
v0:
size: 27 1
(0,0,0.818391382083) (1,0,-0.333411084154) (2,0,0.000000000000) (3,0,-0.329465601691) (4,0,0.406604730735) (5,0,0.000000000000) (6,0,-0.872547123000) (7,0,-0.418740646521) (8,0,0.000000000000) (9,0,0.648652324068) (10,0,-0.092466190972) (11,0,0.000000000000) (12,0,-0.171373550616) (13,0,-0.731542822445) (14,0,0.000000000000) (15,0,-0.286027450740) (16,0,0.327565654845) (17,0,0.000000000000) (18,0,-0.551857507265) (19,0,-0.509191958898) (20,0,0.000000000000) (21,0,-0.185694909625) (22,0,-0.796271465979) (23,0,0.000000000000) (24,0,0.832897041396) (25,0,-0.703159593437) (26,0,0.000000000000) 
ipopt_sol:
size: 13 1
(0,0,0.000000000000) (1,0,0.952906592695) (2,0,0.610569235468) (3,0,0.000000000000) (4,0,0.825962425728) (5,0,0.000000000000) (6,0,0.100033386642) (7,0,1.356023720287) (8,0,0.908009456163) (9,0,0.000000000000) (10,0,0.000000000000) (11,0,0.000000000000) (12,0,0.194873446827) 
policy_sol:
size: 13 1
(0,0,0.000000000000) (1,0,0.952906577687) (2,0,0.610569237991) (3,0,0.000000000000) (4,0,0.825962417180) (5,0,0.000000000000) (6,0,0.100033384677) (7,0,1.356023706784) (8,0,0.908009449251) (9,0,0.000000000000) (10,0,0.000000000000) (11,0,0.000000000000) (12,0,0.194873438283) 

policy_converges:
1
ipopt_converges:
0
