solve status: 0
N:
size: 27 11
(0,0,-0.000523136923) (1,0,-0.999999863164) (3,0,0.000523136923) (4,0,0.999999863164) (0,1,0.001815195997) (1,1,-0.999998352530) (6,1,-0.001815195997) (7,1,0.999998352530) (0,2,-0.999999566611) (1,2,0.000931008645) (18,2,0.999999566611) (19,2,-0.000931008645) (3,3,0.004152433147) (4,3,-0.999991378612) (6,3,-0.004152433147) (7,3,0.999991378612) (3,4,-0.999997721823) (4,4,0.002134560512) (21,4,0.999997721823) (22,4,-0.002134560512) (9,5,-0.999998985759) (10,5,-0.001424247677) (18,5,0.999998985759) (19,5,0.001424247677) (9,6,-0.704586135316) (10,6,-0.709618473491) (21,6,0.704586135316) (22,6,0.709618473491) (12,7,-0.999998564534) (13,7,0.001694381971) (21,7,0.999998564534) (22,7,-0.001694381971) (12,8,-0.705761311824) (13,8,-0.708449695273) (24,8,0.705761311824) (25,8,0.708449695273) (18,9,0.000153417156) (19,9,-0.999999988232) (21,9,-0.000153417156) (22,9,0.999999988232) (18,10,-0.002271531205) (19,10,-0.999997420070) (24,10,0.002271531205) (25,10,0.999997420070) 
Q:
size: 11 11
(0,0,2.000000000000) (1,0,0.999997266098) (2,0,-0.000407871822) (3,0,-0.999989069486) (4,0,0.001611424489) (0,1,0.999997266098) (1,1,2.000000000000) (2,1,-0.002746202322) (3,1,0.999997268637) (0,2,-0.000407871822) (1,2,-0.002746202322) (2,2,2.000000000000) (5,2,0.999997226384) (9,2,0.001084425724) (10,2,-0.001340523977) (0,3,-0.999989069486) (1,3,0.999997268637) (3,3,2.000000000000) (4,3,-0.006286965796) (0,4,0.001611424489) (3,4,-0.006286965796) (4,4,2.000000000000) (6,4,0.703069806572) (7,4,0.999999903121) (9,4,-0.002287977293) (2,5,0.999997226384) (5,5,2.000000000000) (6,5,0.705596093158) (9,5,-0.001270830660) (10,5,-0.003695772904) (4,6,0.703069806572) (5,6,0.705596093158) (6,6,2.000000000000) (7,6,0.703382759159) (9,6,0.709510369539) (4,7,0.999999903121) (6,7,0.703382759159) (7,7,2.000000000000) (8,7,0.704559914337) (9,7,-0.001847798887) (7,8,0.704559914337) (8,8,2.000000000000) (10,8,0.710051026365) (2,9,0.001084425724) (4,9,-0.002287977293) (5,9,-0.001270830660) (6,9,0.709510369539) (7,9,-0.001847798887) (9,9,2.000000000000) (10,9,0.999997059809) (2,10,-0.001340523977) (5,10,-0.003695772904) (8,10,0.710051026365) (9,10,0.999997059809) (10,10,2.000000000000) 
Minv:
size: 27 27
(0,0,1.000000000000) (1,1,1.000000000000) (2,2,2.000000000000) (3,3,1.000000000000) (4,4,1.000000000000) (5,5,2.000000000000) (6,6,1.000000000000) (7,7,1.000000000000) (8,8,2.000000000000) (9,9,1.000000000000) (10,10,1.000000000000) (11,11,2.000000000000) (12,12,1.000000000000) (13,13,1.000000000000) (14,14,2.000000000000) (15,15,1.000000000000) (16,16,1.000000000000) (17,17,2.000000000000) (18,18,1.000000000000) (19,19,1.000000000000) (20,20,2.000000000000) (21,21,1.000000000000) (22,22,1.000000000000) (23,23,2.000000000000) (24,24,1.000000000000) (25,25,1.000000000000) (26,26,2.000000000000) 
v0:
size: 27 1
(0,0,0.742729729274) (1,0,0.140327073530) (2,0,0.000000000000) (3,0,0.440029715726) (4,0,-0.754698998171) (5,0,0.000000000000) (6,0,-0.836878137282) (7,0,-0.837065420960) (8,0,0.000000000000) (9,0,0.810168315075) (10,0,-0.561880359747) (11,0,0.000000000000) (12,0,0.704329937241) (13,0,0.562893685884) (14,0,0.000000000000) (15,0,-0.795007862105) (16,0,0.746613364453) (17,0,0.000000000000) (18,0,0.250425301752) (19,0,-0.120638381020) (20,0,0.000000000000) (21,0,-0.416925381686) (22,0,-0.790683168970) (23,0,0.000000000000) (24,0,-0.492393989250) (25,0,-0.643258371739) (26,0,0.000000000000) 
ipopt_sol:
size: 11 1
(0,0,0.542925767293) (1,0,0.703639897737) (2,0,0.421271122323) (3,0,0.000000000000) (4,0,0.652163102852) (5,0,0.143231409510) (6,0,0.582606316548) (7,0,0.000000000000) (8,0,1.699099512999) (9,0,0.463868450534) (10,0,0.000000000000) 
policy_sol:
size: 11 1
(0,0,0.542925777249) (1,0,0.703639887784) (2,0,0.421271122310) (3,0,0.000000000000) (4,0,0.652163097873) (5,0,0.143231409531) (6,0,0.582606316549) (7,0,0.000000000000) (8,0,1.699099505928) (9,0,0.463868445537) (10,0,0.000000000000) 

policy_converges:
1
ipopt_converges:
0
