solve status: 0
N:
size: 27 12
(3,0,-0.001935009266) (4,0,-0.999998127868) (6,0,0.001935009266) (7,0,0.999998127868) (3,1,-0.999998818499) (4,1,0.001537205475) (12,1,0.999998818499) (13,1,-0.001537205475) (3,2,-0.999997934632) (4,2,0.002032420350) (21,2,0.999997934632) (22,2,-0.002032420350) (6,3,-0.705114069063) (7,3,0.709093893366) (12,3,0.705114069063) (13,3,-0.709093893366) (9,4,0.001448085634) (10,4,-0.999998951523) (12,4,-0.001448085634) (13,4,0.999998951523) (9,5,-0.999995067658) (10,5,-0.003140805579) (18,5,0.999995067658) (19,5,0.003140805579) (9,6,-0.706011639302) (10,6,-0.708200229575) (21,6,0.706011639302) (22,6,0.708200229575) (12,7,-0.999996800724) (13,7,0.002529533733) (21,7,0.999996800724) (22,7,-0.002529533733) (15,8,-0.702787701608) (16,8,0.711399639069) (21,8,0.702787701608) (22,8,-0.711399639069) (15,9,-0.999986702470) (16,9,0.005157022636) (24,9,0.999986702470) (25,9,-0.005157022636) (18,10,-0.001985900820) (19,10,-0.999998028097) (24,10,0.001985900820) (25,10,0.999998028097) (21,11,-0.002733527645) (22,11,-0.999996263906) (24,11,0.002733527645) (25,11,0.999996263906) 
Q:
size: 12 12
(0,0,2.000000000000) (1,0,0.000397804382) (2,0,-0.000097411275) (3,0,0.707728163591) (0,1,0.000397804382) (1,1,2.000000000000) (2,1,0.999999877381) (3,1,0.706203258986) (4,1,-0.002985287787) (7,1,-0.999999507640) (0,2,-0.000097411275) (1,2,0.999999877381) (2,2,2.000000000000) (6,2,0.704570820570) (7,2,0.999999876438) (8,2,0.704232113196) (11,2,-0.000701109243) (0,3,0.707728163591) (1,3,0.706203258986) (3,3,2.000000000000) (4,3,-0.710114215451) (7,3,-0.706905490133) (1,4,-0.002985287787) (3,4,-0.710114215451) (4,4,2.000000000000) (5,4,0.001692723794) (6,4,0.707177121731) (7,4,0.003977612083) (4,5,0.001692723794) (5,5,2.000000000000) (6,5,0.708232476243) (10,5,-0.005126690410) (2,6,0.704570820570) (4,6,0.707177121731) (5,6,0.708232476243) (6,6,2.000000000000) (7,6,0.704217964205) (8,6,-0.007637090415) (11,6,-0.710127486006) (1,7,-0.999999507640) (2,7,0.999999876438) (3,7,-0.706905490133) (4,7,0.003977612083) (6,7,0.704217964205) (7,7,2.000000000000) (8,7,0.704584962582) (11,7,-0.000203994616) (2,8,0.704232113196) (6,8,-0.007637090415) (7,8,0.704584962582) (8,8,2.000000000000) (9,8,0.706447060310) (11,8,0.709475891603) (8,9,0.706447060310) (9,9,2.000000000000) (10,9,-0.003171138054) (11,9,-0.002423512074) (5,10,-0.005126690410) (9,10,-0.003171138054) (10,10,2.000000000000) (11,10,0.999999720526) (2,11,-0.000701109243) (6,11,-0.710127486006) (7,11,-0.000203994616) (8,11,0.709475891603) (9,11,-0.002423512074) (10,11,0.999999720526) (11,11,2.000000000000) 
Minv:
size: 27 27
(0,0,1.000000000000) (1,1,1.000000000000) (2,2,2.000000000000) (3,3,1.000000000000) (4,4,1.000000000000) (5,5,2.000000000000) (6,6,1.000000000000) (7,7,1.000000000000) (8,8,2.000000000000) (9,9,1.000000000000) (10,10,1.000000000000) (11,11,2.000000000000) (12,12,1.000000000000) (13,13,1.000000000000) (14,14,2.000000000000) (15,15,1.000000000000) (16,16,1.000000000000) (17,17,2.000000000000) (18,18,1.000000000000) (19,19,1.000000000000) (20,20,2.000000000000) (21,21,1.000000000000) (22,22,1.000000000000) (23,23,2.000000000000) (24,24,1.000000000000) (25,25,1.000000000000) (26,26,2.000000000000) 
v0:
size: 27 1
(0,0,-0.741529977021) (1,0,-0.843154388548) (2,0,0.000000000000) (3,0,-0.851983770845) (4,0,-0.163116326671) (5,0,0.000000000000) (6,0,-0.123829135835) (7,0,-0.874295026995) (8,0,0.000000000000) (9,0,0.468390342084) (10,0,0.768702565387) (11,0,0.000000000000) (12,0,-0.916025228527) (13,0,-0.287965264598) (14,0,0.000000000000) (15,0,0.901469808962) (16,0,0.690860056686) (17,0,0.000000000000) (18,0,0.320347517583) (19,0,-0.531314879304) (20,0,0.000000000000) (21,0,-0.991999434987) (22,0,-0.010179744146) (23,0,0.000000000000) (24,0,0.365533218198) (25,0,-0.703868236708) (26,0,0.000000000000) 
ipopt_sol:
size: 12 1
(0,0,0.292039853075) (1,0,0.000000000000) (2,0,0.000000000000) (3,0,1.180477339619) (4,0,0.871601449220) (5,0,0.000000000000) (6,0,1.703102015106) (7,0,0.000000000000) (8,0,0.255873511098) (9,0,0.439815773109) (10,0,0.000000000000) (11,0,1.204449734742) 
policy_sol:
size: 12 1
(0,0,0.292039852110) (1,0,0.000000000000) (2,0,0.000000000000) (3,0,1.180477342341) (4,0,0.871601455913) (5,0,0.000000000000) (6,0,1.703101998871) (7,0,0.000000000000) (8,0,0.255873506706) (9,0,0.439815774665) (10,0,0.000000000000) (11,0,1.204449725542) 

policy_converges:
1
ipopt_converges:
0
