solve status: 0
N:
size: 27 9
(0,0,-0.005115257963) (1,0,-0.999986916982) (3,0,0.005115257963) (4,0,0.999986916982) (3,1,-0.708343207196) (4,1,0.705868189409) (9,1,0.708343207196) (10,1,-0.705868189409) (3,2,-0.704160352787) (4,2,-0.710040983017) (15,2,0.704160352787) (16,2,0.710040983017) (9,3,0.000769785642) (10,3,-0.999999703715) (15,3,-0.000769785642) (16,3,0.999999703715) (12,4,0.003556381569) (13,4,-0.999993676055) (15,4,-0.003556381569) (16,4,0.999993676055) (12,5,-0.999998755827) (13,5,0.001577448569) (21,5,0.999998755827) (22,5,-0.001577448569) (12,6,-0.707744129377) (13,6,-0.706468858006) (24,6,0.707744129377) (25,6,0.706468858006) (15,7,-0.709290299969) (16,7,0.704916498864) (21,7,0.709290299969) (22,7,-0.704916498864) (21,8,0.005303649168) (22,8,-0.999985935554) (24,8,-0.005303649168) (25,8,0.999985935554) 
Q:
size: 9 9
(0,0,2.000000000000) (1,0,0.702235596292) (2,0,-0.713633655390) (0,1,0.702235596292) (1,1,2.000000000000) (2,1,-0.002408140415) (3,1,0.706413252701) (0,2,-0.713633655390) (1,2,-0.002408140415) (2,2,2.000000000000) (3,2,0.709498720113) (4,2,0.707532229856) (7,2,0.001065495944) (1,3,0.706413252701) (2,3,0.709498720113) (3,3,2.000000000000) (4,3,0.999996117423) (7,3,0.705462291496) (2,4,0.707532229856) (3,4,0.999996117423) (4,4,2.000000000000) (5,4,-0.005133815737) (6,4,0.703947382158) (7,4,0.707434547961) (4,5,-0.005133815737) (5,5,2.000000000000) (6,5,0.706628830532) (7,5,0.710401387011) (8,5,0.006881068952) (4,6,0.703947382158) (5,6,0.706628830532) (6,6,2.000000000000) (8,6,0.702705295350) (2,7,0.001065495944) (3,7,0.705462291496) (4,7,0.707434547961) (5,7,0.710401387011) (7,7,2.000000000000) (8,7,0.708668411513) (5,8,0.006881068952) (6,8,0.702705295350) (7,8,0.708668411513) (8,8,2.000000000000) 
Minv:
size: 27 27
(0,0,1.000000000000) (1,1,1.000000000000) (2,2,2.000000000000) (3,3,1.000000000000) (4,4,1.000000000000) (5,5,2.000000000000) (6,6,1.000000000000) (7,7,1.000000000000) (8,8,2.000000000000) (9,9,1.000000000000) (10,10,1.000000000000) (11,11,2.000000000000) (12,12,1.000000000000) (13,13,1.000000000000) (14,14,2.000000000000) (15,15,1.000000000000) (16,16,1.000000000000) (17,17,2.000000000000) (18,18,1.000000000000) (19,19,1.000000000000) (20,20,2.000000000000) (21,21,1.000000000000) (22,22,1.000000000000) (23,23,2.000000000000) (24,24,1.000000000000) (25,25,1.000000000000) (26,26,2.000000000000) 
v0:
size: 27 1
(0,0,-0.597966746375) (1,0,-0.289802341512) (2,0,0.000000000000) (3,0,0.271417227805) (4,0,-0.634611347810) (5,0,0.000000000000) (6,0,-0.011534733691) (7,0,0.208574566702) (8,0,0.000000000000) (9,0,0.407016684867) (10,0,0.100038579604) (11,0,0.000000000000) (12,0,0.945642131058) (13,0,0.736805691286) (14,0,0.000000000000) (15,0,0.102776461533) (16,0,-0.552549750523) (17,0,0.000000000000) (18,0,0.882456000707) (19,0,0.394665681752) (20,0,0.000000000000) (21,0,0.777369893604) (22,0,0.990098549714) (23,0,0.000000000000) (24,0,0.648897366833) (25,0,0.593102275248) (26,0,0.000000000000) 
ipopt_sol:
size: 9 1
(0,0,0.219004495940) (1,0,0.345618686925) (2,0,0.000000000000) (3,0,0.000000000000) (4,0,1.286787699922) (5,0,0.170613160808) (6,0,0.000000000000) (7,0,0.000000000000) (8,0,0.395722324319) 
policy_sol:
size: 9 1
(0,0,0.219004501420) (1,0,0.345618681481) (2,0,0.000000000000) (3,0,0.000000000000) (4,0,1.286787684310) (5,0,0.170613153707) (6,0,0.000000000000) (7,0,0.000000000000) (8,0,0.395722317287) 

policy_converges:
1
ipopt_converges:
0
