solve status: 0
N:
size: 27 12
(0,0,-0.000082856781) (1,0,-0.999999996567) (3,0,0.000082856781) (4,0,0.999999996567) (0,1,-0.003394956807) (1,1,-0.999994237118) (6,1,0.003394956807) (7,1,0.999994237118) (0,2,-0.999992836048) (1,2,-0.003785215115) (9,2,0.999992836048) (10,2,0.003785215115) (0,3,-0.999999808643) (1,3,0.000618639199) (18,3,0.999999808643) (19,3,-0.000618639199) (3,4,-0.006669899401) (4,4,-0.999977755974) (6,4,0.006669899401) (7,4,0.999977755974) (6,5,-0.704790070168) (7,5,0.709415926655) (12,5,0.704790070168) (13,5,-0.709415926655) (12,6,-0.002698380171) (13,6,-0.999996359366) (15,6,0.002698380171) (16,6,0.999996359366) (12,7,-0.999994341626) (13,7,-0.003364032590) (21,7,0.999994341626) (22,7,0.003364032590) (12,8,-0.711378922145) (13,8,-0.702808671779) (24,8,0.711378922145) (25,8,0.702808671779) (15,9,-0.706154984298) (16,9,0.708057298635) (21,9,0.706154984298) (22,9,-0.708057298635) (18,10,-0.004774722413) (19,10,-0.999988600948) (24,10,0.004774722413) (25,10,0.999988600948) (21,11,-0.007625532893) (22,11,-0.999970925201) (24,11,0.007625532893) (25,11,0.999970925201) 
Q:
size: 12 12
(0,0,2.000000000000) (1,0,0.999994514980) (2,0,0.003868071289) (3,0,-0.000535782432) (4,0,-0.999978305187) (0,1,0.999994514980) (1,1,2.000000000000) (2,1,0.007180125786) (3,1,0.002776320523) (4,1,0.999994637240) (5,1,0.707019106529) (0,2,0.003868071289) (1,2,0.007180125786) (2,2,2.000000000000) (3,2,0.999990303009) (0,3,-0.000535782432) (1,3,0.002776320523) (2,3,0.999990303009) (3,3,2.000000000000) (10,3,-0.004156089352) (0,4,-0.999978305187) (1,4,0.999994637240) (4,4,2.000000000000) (5,4,0.704699267522) (1,5,0.707019106529) (4,5,0.704699267522) (5,5,2.000000000000) (6,5,0.707511552381) (7,5,-0.702399583905) (8,5,-0.002789135303) (5,6,0.707511552381) (6,6,2.000000000000) (7,6,0.006062385245) (8,6,0.704725683887) (9,6,0.706149246250) (5,7,-0.702399583905) (6,7,0.006062385245) (7,7,2.000000000000) (8,7,0.713739168174) (9,7,0.703769060781) (11,7,-0.010989424526) (5,8,-0.002789135303) (6,8,0.704725683887) (7,8,0.713739168174) (8,8,2.000000000000) (10,8,0.706197297310) (11,8,0.708212881129) (6,9,0.706149246250) (7,9,0.703769060781) (9,9,2.000000000000) (11,9,0.702651903952) (3,10,-0.004156089352) (8,10,0.706197297310) (10,10,2.000000000000) (11,10,0.999995936284) (7,11,-0.010989424526) (8,11,0.708212881129) (9,11,0.702651903952) (10,11,0.999995936284) (11,11,2.000000000000) 
Minv:
size: 27 27
(0,0,1.000000000000) (1,1,1.000000000000) (2,2,2.000000000000) (3,3,1.000000000000) (4,4,1.000000000000) (5,5,2.000000000000) (6,6,1.000000000000) (7,7,1.000000000000) (8,8,2.000000000000) (9,9,1.000000000000) (10,10,1.000000000000) (11,11,2.000000000000) (12,12,1.000000000000) (13,13,1.000000000000) (14,14,2.000000000000) (15,15,1.000000000000) (16,16,1.000000000000) (17,17,2.000000000000) (18,18,1.000000000000) (19,19,1.000000000000) (20,20,2.000000000000) (21,21,1.000000000000) (22,22,1.000000000000) (23,23,2.000000000000) (24,24,1.000000000000) (25,25,1.000000000000) (26,26,2.000000000000) 
v0:
size: 27 1
(0,0,0.079888217179) (1,0,0.550657225413) (2,0,0.000000000000) (3,0,-0.461683306316) (4,0,0.114507295225) (5,0,0.000000000000) (6,0,-0.674783936751) (7,0,-0.309846485141) (8,0,0.000000000000) (9,0,-0.048557234305) (10,0,0.491482729824) (11,0,0.000000000000) (12,0,0.237877941974) (13,0,0.765530862415) (14,0,0.000000000000) (15,0,-0.042697600920) (16,0,0.512044855093) (17,0,0.000000000000) (18,0,0.060367723996) (19,0,-0.435601849587) (20,0,0.000000000000) (21,0,0.022379418167) (22,0,0.628635689568) (23,0,0.000000000000) (24,0,0.709140889656) (25,0,-0.869963762559) (26,0,0.000000000000) 
ipopt_sol:
size: 12 1
(0,0,0.006199027631) (1,0,0.859510535430) (2,0,0.125570838481) (3,0,0.000000000000) (4,0,0.000000000000) (5,0,0.000000000000) (6,0,0.188162349694) (7,0,0.156791635604) (8,0,0.186184716064) (9,0,0.000000000000) (10,0,0.000000000000) (11,0,1.428251284802) 
policy_sol:
size: 12 1
(0,0,0.006199039917) (1,0,0.859510520791) (2,0,0.125570833510) (3,0,0.000000000000) (4,0,0.000000000000) (5,0,0.000000000000) (6,0,0.188162341497) (7,0,0.156791634422) (8,0,0.186184719276) (9,0,0.000000000000) (10,0,0.000000000000) (11,0,1.428251275145) 

policy_converges:
1
ipopt_converges:
0
