solve status: 0
N:
size: 27 15
(0,0,0.004336746876) (1,0,-0.999990596269) (3,0,-0.004336746876) (4,0,0.999990596269) (0,1,-0.000248989460) (1,1,-0.999999969002) (6,1,0.000248989460) (7,1,0.999999969002) (0,2,-0.999985862993) (1,2,0.005317312697) (9,2,0.999985862993) (10,2,-0.005317312697) (0,3,-0.706748841010) (1,3,-0.707464540265) (12,3,0.706748841010) (13,3,0.707464540265) (0,4,-0.999998716221) (1,4,-0.001602359427) (18,4,0.999998716221) (19,4,0.001602359427) (3,5,-0.704146541932) (4,5,0.710054679222) (9,5,0.704146541932) (10,5,-0.710054679222) (3,6,-0.999999128290) (4,6,0.001320386317) (12,6,0.999999128290) (13,6,-0.001320386317) (3,7,-0.707366721135) (4,7,-0.706846745647) (15,7,0.707366721135) (16,7,0.706846745647) (3,8,-0.999999184766) (4,8,0.001276897378) (21,8,0.999999184766) (22,8,-0.001276897378) (6,9,-0.710298251761) (7,9,0.703900840705) (12,9,0.710298251761) (13,9,-0.703900840705) (6,10,-0.999971240082) (7,10,-0.007584128707) (15,10,0.999971240082) (16,10,0.007584128707) (9,11,-0.005070017541) (10,11,-0.999987147378) (12,11,0.005070017541) (13,11,0.999987147378) (9,12,-0.999964227823) (10,12,-0.008458313890) (18,12,0.999964227823) (19,12,0.008458313890) (9,13,-0.705338080632) (10,13,-0.708871068679) (21,13,0.705338080632) (22,13,0.708871068679) (18,14,0.004058473336) (19,14,-0.999991764363) (21,14,-0.004058473336) (22,14,0.999991764363) 
Q:
size: 15 15
(0,0,2.000000000000) (1,0,0.999989485467) (2,0,-0.009653948262) (3,0,0.704392896630) (4,0,-0.002734396949) (5,0,0.713101707374) (6,0,0.005657116995) (7,0,-0.703772428232) (8,0,0.005613628710) (0,1,0.999989485467) (1,1,2.000000000000) (2,1,-0.005068326593) (3,1,0.707640491347) (4,1,0.001851348517) (9,1,0.703723962108) (10,1,-0.007833110771) (0,2,-0.009653948262) (1,2,-0.005068326593) (2,2,2.000000000000) (3,2,0.702977039513) (4,2,0.999976058986) (5,2,0.707912170169) (11,2,0.000247298490) (12,2,-0.999905115822) (13,2,-0.701558820128) (0,3,0.704392896630) (1,3,0.707640491347) (2,3,0.702977039513) (3,3,2.000000000000) (4,3,0.707881546176) (6,3,0.705814098431) (9,3,0.004017581542) (11,3,0.711038676512) (0,4,-0.002734396949) (1,4,0.001851348517) (2,4,0.999976058986) (3,4,0.707881546176) (4,4,2.000000000000) (12,4,0.999976497349) (14,4,0.002456121895) (0,5,0.713101707374) (2,5,0.707912170169) (5,5,2.000000000000) (6,5,0.705083474603) (7,5,-0.003810008674) (8,5,0.705052634846) (11,5,0.706475517839) (12,5,-0.698115487722) (13,5,0.006675848911) (0,6,0.005657116995) (3,6,0.705814098431) (5,6,0.705083474603) (6,6,2.000000000000) (7,6,0.706432793745) (8,6,0.999999999054) (9,6,0.711227053625) (11,6,0.003749643775) (0,7,-0.703772428232) (5,7,-0.003810008674) (6,7,0.706432793745) (7,7,2.000000000000) (8,7,0.706463573710) (10,7,0.712707194021) (0,8,0.005613628710) (5,8,0.705052634846) (6,8,0.999999999054) (7,8,0.706463573710) (8,8,2.000000000000) (13,8,0.704432350008) (14,8,-0.005335356889) (1,9,0.703723962108) (3,9,0.004017581542) (6,9,0.711227053625) (9,9,2.000000000000) (10,9,0.704939349069) (11,9,-0.700290569138) (1,10,-0.007833110771) (7,10,0.712707194021) (9,10,0.704939349069) (10,10,2.000000000000) (2,11,0.000247298490) (3,11,0.711038676512) (5,11,0.706475517839) (6,11,0.003749643775) (9,11,-0.700290569138) (11,11,2.000000000000) (12,11,0.013528041354) (13,11,0.712438034269) (2,12,-0.999905115822) (4,12,0.999976497349) (5,12,-0.698115487722) (11,12,0.013528041354) (12,12,2.000000000000) (13,12,0.711308703160) (14,12,-0.004399916075) (2,13,-0.701558820128) (5,13,0.006675848911) (8,13,0.704432350008) (11,13,0.712438034269) (12,13,0.711308703160) (13,13,2.000000000000) (14,13,0.706002634882) (4,14,0.002456121895) (8,14,-0.005335356889) (12,14,-0.004399916075) (13,14,0.706002634882) (14,14,2.000000000000) 
Minv:
size: 27 27
(0,0,1.000000000000) (1,1,1.000000000000) (2,2,2.000000000000) (3,3,1.000000000000) (4,4,1.000000000000) (5,5,2.000000000000) (6,6,1.000000000000) (7,7,1.000000000000) (8,8,2.000000000000) (9,9,1.000000000000) (10,10,1.000000000000) (11,11,2.000000000000) (12,12,1.000000000000) (13,13,1.000000000000) (14,14,2.000000000000) (15,15,1.000000000000) (16,16,1.000000000000) (17,17,2.000000000000) (18,18,1.000000000000) (19,19,1.000000000000) (20,20,2.000000000000) (21,21,1.000000000000) (22,22,1.000000000000) (23,23,2.000000000000) (24,24,1.000000000000) (25,25,1.000000000000) (26,26,2.000000000000) 
v0:
size: 27 1
(0,0,0.708391327915) (1,0,0.114323275318) (2,0,0.000000000000) (3,0,0.845494941961) (4,0,-0.242620899004) (5,0,0.000000000000) (6,0,0.490631048402) (7,0,-0.003927228479) (8,0,0.000000000000) (9,0,0.212444232930) (10,0,0.330555852727) (11,0,0.000000000000) (12,0,-0.493263584993) (13,0,-0.973800613201) (14,0,0.000000000000) (15,0,-0.332587225461) (16,0,0.860807897727) (17,0,0.000000000000) (18,0,0.059565213656) (19,0,-0.604103020579) (20,0,0.000000000000) (21,0,0.135131144498) (22,0,-0.900991061133) (23,0,0.000000000000) (24,0,0.903235607817) (25,0,-0.281040549022) (26,0,0.000000000000) 
ipopt_sol:
size: 15 1
(0,0,0.055169634739) (1,0,0.000000000000) (2,0,0.567809698083) (3,0,0.781292729974) (4,0,0.000000000000) (5,0,0.075763957658) (6,0,1.033863183710) (7,0,0.000000000000) (8,0,0.000000000000) (9,0,0.000000000000) (10,0,0.816636342728) (11,0,0.714216606951) (12,0,0.180814572053) (13,0,0.802714373218) (14,0,0.014230830995) 
policy_sol:
size: 15 1
(0,0,0.000000000000) (1,0,0.000000000000) (2,0,0.512748827734) (3,0,0.858860346674) (4,0,0.000000000000) (5,0,0.153562376906) (6,0,0.979320893247) (7,0,0.000000000000) (8,0,0.000000000000) (9,0,0.000000000000) (10,0,0.816636335679) (11,0,0.659267551719) (12,0,0.180814564297) (13,0,0.802714365018) (14,0,0.014230833882) 

policy_converges:
1
ipopt_converges:
0
