solve status: 0
N:
size: 27 13
(0,0,-0.003902762162) (1,0,-0.999992384195) (6,0,0.003902762162) (7,0,0.999992384195) (0,1,-0.999999703051) (1,1,-0.000770647616) (9,1,0.999999703051) (10,1,0.000770647616) (3,2,-0.002933398127) (4,2,-0.999995697578) (6,2,0.002933398127) (7,2,0.999995697578) (3,3,-0.999992247189) (4,3,-0.003937710288) (12,3,0.999992247189) (13,3,0.003937710288) (3,4,-0.703046639898) (4,4,-0.711143742241) (15,4,0.703046639898) (16,4,0.711143742241) (3,5,-0.999998602074) (4,5,-0.001672079555) (21,5,0.999998602074) (22,5,0.001672079555) (6,6,-0.705252861156) (7,6,0.708955853231) (12,6,0.705252861156) (13,6,-0.708955853231) (6,7,-0.999996502893) (7,7,-0.002644655140) (15,7,0.999996502893) (16,7,0.002644655140) (6,8,-0.999999249943) (7,8,-0.001224791585) (24,8,0.999999249943) (25,8,0.001224791585) (9,9,-0.999993289227) (10,9,-0.003663536781) (18,9,0.999993289227) (19,9,0.003663536781) (12,10,-0.710299070089) (13,10,0.703900014939) (18,10,0.710299070089) (19,10,-0.703900014939) (15,11,-0.708157749161) (16,11,0.706054248839) (21,11,0.708157749161) (22,11,-0.706054248839) (18,12,0.001881140991) (19,12,-0.999998230653) (21,12,-0.001881140991) (22,12,0.999998230653) 
Q:
size: 13 13
(0,0,2.000000000000) (1,0,0.004673402750) (2,0,0.999999530161) (6,0,0.706198019780) (7,0,-0.006547383512) (8,0,-0.005127541492) (0,1,0.004673402750) (1,1,2.000000000000) (9,1,-0.999995815576) (0,2,0.999999530161) (2,2,2.000000000000) (3,2,0.006871068731) (4,2,0.713202998298) (5,2,0.004605466387) (6,2,0.706884015582) (7,2,-0.005578031630) (8,2,-0.004158182242) (2,3,0.006871068731) (3,3,2.000000000000) (4,3,0.705841467340) (5,3,0.999997433438) (6,3,0.702455730707) (10,3,-0.707521808944) (2,4,0.713202998298) (3,4,0.705841467340) (4,4,2.000000000000) (5,4,0.704234746003) (7,4,0.704924911222) (11,4,0.004238134679) (2,5,0.004605466387) (3,5,0.999997433438) (4,5,0.704234746003) (5,5,2.000000000000) (11,5,0.706976180335) (12,5,-0.000209061765) (0,6,0.706198019780) (2,6,0.706884015582) (3,6,0.702455730707) (6,6,2.000000000000) (7,6,0.703375451071) (8,6,0.704384009013) (10,6,-0.999974487137) (0,7,-0.006547383512) (2,7,-0.005578031630) (4,7,0.704924911222) (6,7,0.703375451071) (7,7,2.000000000000) (8,7,0.999998991990) (11,7,-0.706288002660) (0,8,-0.005127541492) (2,8,-0.004158182242) (6,8,0.704384009013) (7,8,0.999998991990) (8,8,2.000000000000) (1,9,-0.999995815576) (9,9,2.000000000000) (10,9,0.707715539838) (12,9,-0.001782401932) (3,10,-0.707521808944) (6,10,-0.999974487137) (9,10,0.707715539838) (10,10,2.000000000000) (12,10,0.705234942191) (4,11,0.004238134679) (5,11,0.706976180335) (7,11,-0.706288002660) (11,11,2.000000000000) (12,11,-0.707385144153) (5,12,-0.000209061765) (9,12,-0.001782401932) (10,12,0.705234942191) (11,12,-0.707385144153) (12,12,2.000000000000) 
Minv:
size: 27 27
(0,0,1.000000000000) (1,1,1.000000000000) (2,2,2.000000000000) (3,3,1.000000000000) (4,4,1.000000000000) (5,5,2.000000000000) (6,6,1.000000000000) (7,7,1.000000000000) (8,8,2.000000000000) (9,9,1.000000000000) (10,10,1.000000000000) (11,11,2.000000000000) (12,12,1.000000000000) (13,13,1.000000000000) (14,14,2.000000000000) (15,15,1.000000000000) (16,16,1.000000000000) (17,17,2.000000000000) (18,18,1.000000000000) (19,19,1.000000000000) (20,20,2.000000000000) (21,21,1.000000000000) (22,22,1.000000000000) (23,23,2.000000000000) (24,24,1.000000000000) (25,25,1.000000000000) (26,26,2.000000000000) 
v0:
size: 27 1
(0,0,-0.578076921767) (1,0,-0.411485006901) (2,0,0.000000000000) (3,0,-0.238380066587) (4,0,0.563767943555) (5,0,0.000000000000) (6,0,0.457302055771) (7,0,-0.604966625253) (8,0,0.000000000000) (9,0,-0.843028394660) (10,0,-0.269475456095) (11,0,0.000000000000) (12,0,-0.751723924631) (13,0,-0.031151247012) (14,0,0.000000000000) (15,0,-0.648747895454) (16,0,0.033598733585) (17,0,0.000000000000) (18,0,-0.856443869776) (19,0,0.509080808883) (20,0,0.000000000000) (21,0,-0.649755717284) (22,0,0.035971272346) (23,0,0.000000000000) (24,0,-0.474240865941) (25,0,0.843981210026) (26,0,0.000000000000) 
ipopt_sol:
size: 13 1
(0,0,0.000000000000) (1,0,0.264841949918) (2,0,0.839882651105) (3,0,0.548397473094) (4,0,0.000000000000) (5,0,0.003549321797) (6,0,0.926874640085) (7,0,0.814218586908) (8,0,0.197967035922) (9,0,0.000000000000) (10,0,1.025888589487) (11,0,0.375123720185) (12,0,0.244430113391) 
policy_sol:
size: 13 1
(0,0,0.000000000000) (1,0,0.264841954894) (2,0,0.839882643346) (3,0,0.548397468354) (4,0,0.000000000000) (5,0,0.003549320759) (6,0,0.926874637838) (7,0,0.814218582594) (8,0,0.197967038879) (9,0,0.000000000000) (10,0,1.025888582290) (11,0,0.375123719868) (12,0,0.244430115826) 

policy_converges:
1
ipopt_converges:
0
