solve status: 0
N:
size: 27 11
(0,0,-0.002060957197) (1,0,-0.999997876225) (3,0,0.002060957197) (4,0,0.999997876225) (0,1,0.003229513253) (1,1,-0.999994785108) (6,1,-0.003229513253) (7,1,0.999994785108) (0,2,-0.999994514250) (1,2,-0.003312320854) (9,2,0.999994514250) (10,2,0.003312320854) (0,3,-0.707395976540) (1,3,-0.706817467508) (12,3,0.707395976540) (13,3,0.706817467508) (3,4,-0.705695291037) (4,4,0.708515459400) (9,4,0.705695291037) (10,4,-0.708515459400) (6,5,-0.709125060461) (7,5,0.705082724669) (12,5,0.709125060461) (13,5,-0.705082724669) (9,6,-0.003590283365) (10,6,-0.999993554912) (15,6,0.003590283365) (16,6,0.999993554912) (12,7,-0.003049156316) (13,7,-0.999995351312) (15,7,0.003049156316) (16,7,0.999995351312) (12,8,-0.708040002744) (13,8,-0.706172326358) (24,8,0.708040002744) (25,8,0.706172326358) (15,9,-0.706747046465) (16,9,0.707466332989) (21,9,0.706747046465) (22,9,-0.707466332989) (21,10,-0.007454490474) (22,10,-0.999972214900) (24,10,0.007454490474) (25,10,0.999972214900) 
Q:
size: 11 11
(0,0,2.000000000000) (1,0,0.999986005456) (2,0,0.005373259711) (3,0,0.708273879216) (4,0,0.707059546883) (0,1,0.999986005456) (1,1,2.000000000000) (2,1,0.000082808044) (3,1,0.704529236851) (5,1,0.707369176520) (0,2,0.005373259711) (1,2,0.000082808044) (2,2,2.000000000000) (3,2,0.709733302181) (4,2,0.703344589238) (6,2,-0.006902563175) (0,3,0.708273879216) (1,3,0.704529236851) (2,3,0.709733302181) (3,3,2.000000000000) (5,3,0.003267428800) (7,3,-0.708971142644) (8,3,-0.999999584512) (0,4,0.707059546883) (2,4,0.703344589238) (4,4,2.000000000000) (6,4,0.705977246891) (1,5,0.707369176520) (3,5,0.003267428800) (5,5,2.000000000000) (7,5,0.702917213802) (8,5,-0.004179001800) (2,6,-0.006902563175) (4,6,0.705977246891) (6,6,2.000000000000) (7,6,0.999999853589) (9,6,0.704924351142) (3,7,-0.708971142644) (5,7,0.702917213802) (6,7,0.999999853589) (7,7,2.000000000000) (8,7,0.708327968230) (9,7,0.705308061978) (3,8,-0.999999584512) (5,8,-0.004179001800) (7,8,0.708327968230) (8,8,2.000000000000) (10,8,0.711430782744) (6,9,0.704924351142) (7,9,0.705308061978) (9,9,2.000000000000) (10,9,0.702178236841) (8,10,0.711430782744) (9,10,0.702178236841) (10,10,2.000000000000) 
Minv:
size: 27 27
(0,0,1.000000000000) (1,1,1.000000000000) (2,2,2.000000000000) (3,3,1.000000000000) (4,4,1.000000000000) (5,5,2.000000000000) (6,6,1.000000000000) (7,7,1.000000000000) (8,8,2.000000000000) (9,9,1.000000000000) (10,10,1.000000000000) (11,11,2.000000000000) (12,12,1.000000000000) (13,13,1.000000000000) (14,14,2.000000000000) (15,15,1.000000000000) (16,16,1.000000000000) (17,17,2.000000000000) (18,18,1.000000000000) (19,19,1.000000000000) (20,20,2.000000000000) (21,21,1.000000000000) (22,22,1.000000000000) (23,23,2.000000000000) (24,24,1.000000000000) (25,25,1.000000000000) (26,26,2.000000000000) 
v0:
size: 27 1
(0,0,0.056393102417) (1,0,0.948162126027) (2,0,0.000000000000) (3,0,-0.589222768971) (4,0,-0.000582654791) (5,0,0.000000000000) (6,0,0.130398938257) (7,0,0.565555693815) (8,0,0.000000000000) (9,0,-0.076543070898) (10,0,0.665913009848) (11,0,0.000000000000) (12,0,0.059223448552) (13,0,0.702612678456) (14,0,0.000000000000) (15,0,0.863351182683) (16,0,-0.486674739006) (17,0,0.000000000000) (18,0,0.665833464464) (19,0,-0.659350224618) (20,0,0.000000000000) (21,0,0.594931096014) (22,0,0.705678692058) (23,0,0.000000000000) (24,0,0.999772382980) (25,0,-0.394464754335) (26,0,0.000000000000) 
ipopt_sol:
size: 11 1
(0,0,0.909285392034) (1,0,0.000000000000) (2,0,0.093170051848) (3,0,0.114468870932) (4,0,0.000000000000) (5,0,0.000000000000) (6,0,0.684905806703) (7,0,0.840617851713) (8,0,0.000000000000) (9,0,0.125723340786) (10,0,1.052954899956) 
policy_sol:
size: 11 1
(0,0,0.909285381788) (1,0,0.000000000000) (2,0,0.093170046620) (3,0,0.114468875805) (4,0,0.000000000000) (5,0,0.000000000000) (6,0,0.684905804423) (7,0,0.840617845871) (8,0,0.000000000000) (9,0,0.125723345477) (10,0,1.052954894752) 

policy_converges:
1
ipopt_converges:
0
