solve status: 0
N:
size: 27 14
(0,0,0.001515827412) (1,0,-0.999998851133) (6,0,-0.001515827412) (7,0,0.999998851133) (0,1,-0.999976907495) (1,1,0.006795916142) (9,1,0.999976907495) (10,1,-0.006795916142) (0,2,-0.708210801527) (1,2,-0.706001034418) (12,2,0.708210801527) (13,2,0.706001034418) (3,3,0.003657622612) (4,3,-0.999993310876) (6,3,-0.003657622612) (7,3,0.999993310876) (3,4,-0.706048714169) (4,4,0.708163267347) (9,4,0.706048714169) (10,4,-0.708163267347) (3,5,-0.999995435142) (4,5,0.003021538422) (12,5,0.999995435142) (13,5,-0.003021538422) (3,6,-0.706716864996) (4,6,-0.707496482486) (15,6,0.706716864996) (16,6,0.707496482486) (6,7,-0.707916391293) (7,7,0.706296243045) (12,7,0.707916391293) (13,7,-0.706296243045) (6,8,-0.999999992550) (7,8,0.000122069368) (15,8,0.999999992550) (16,8,-0.000122069368) (9,9,0.004324163802) (10,9,-0.999990650760) (12,9,-0.004324163802) (13,9,0.999990650760) (9,10,0.003605963236) (10,10,-0.999993498493) (15,10,-0.003605963236) (16,10,0.999993498493) (12,11,0.002885535624) (13,11,-0.999995836833) (15,11,-0.002885535624) (16,11,0.999995836833) (12,12,-0.707073782563) (13,12,-0.707139778270) (24,12,0.707073782563) (25,12,0.707139778270) (21,13,-0.004175133286) (22,13,-0.999991284093) (24,13,0.004175133286) (25,13,0.999991284093) 
Q:
size: 14 14
(0,0,2.000000000000) (1,0,-0.008311700742) (2,0,0.704926697970) (3,0,0.999997706341) (7,0,0.707368510676) (8,0,0.001637896629) (0,1,-0.008311700742) (1,1,2.000000000000) (2,1,0.703396523340) (4,1,0.710845027915) (9,1,0.011119916551) (10,1,0.010401751923) (0,2,0.704926697970) (1,2,0.703396523340) (2,2,2.000000000000) (5,2,0.706074359394) (7,2,0.002708156696) (9,2,0.702932014333) (11,2,-0.703954527721) (12,2,-0.999998705225) (0,3,0.999997706341) (3,3,2.000000000000) (4,3,-0.710740990097) (5,3,-0.006679124126) (6,3,0.704906846368) (7,3,0.708880809542) (8,3,0.003779691136) (1,4,0.710845027915) (3,4,-0.710740990097) (4,4,2.000000000000) (5,4,0.708185233679) (6,4,-0.002046486861) (9,4,0.711209716851) (10,4,0.710704648925) (2,5,0.706074359394) (3,5,-0.006679124126) (4,5,0.708185233679) (5,5,2.000000000000) (6,5,0.704575911129) (7,5,0.710047260991) (9,5,-0.007345654236) (11,5,0.005907048296) (12,5,-0.704933904862) (3,6,0.704906846368) (4,6,-0.002046486861) (5,6,0.704575911129) (6,6,2.000000000000) (8,6,0.706630496082) (10,6,0.704943487659) (11,6,0.705454280370) (0,7,0.707368510676) (2,7,0.002708156696) (3,7,0.708880809542) (5,7,0.710047260991) (7,7,2.000000000000) (8,7,0.708002603154) (9,7,-0.709350786146) (11,7,0.708336020582) (12,7,-0.001098951829) (0,8,0.001637896629) (3,8,0.003779691136) (6,8,0.706630496082) (7,8,0.708002603154) (8,8,2.000000000000) (10,8,-0.003728031783) (11,8,-0.003007604463) (1,9,0.011119916551) (2,9,0.702932014333) (4,9,0.711209716851) (5,9,-0.007345654236) (7,9,-0.709350786146) (9,9,2.000000000000) (10,9,0.999999742090) (11,9,-0.999998965161) (12,9,-0.704075664195) (1,10,0.010401751923) (4,10,0.710704648925) (6,10,0.704943487659) (8,10,-0.003728031783) (9,10,0.999999742090) (10,10,2.000000000000) (11,10,0.999999740489) (2,11,-0.703954527721) (5,11,0.005907048296) (6,11,0.705454280370) (7,11,0.708336020582) (8,11,-0.003007604463) (9,11,-0.999998965161) (10,11,0.999999740489) (11,11,2.000000000000) (12,11,0.705096547741) (2,12,-0.999998705225) (5,12,-0.704933904862) (7,12,-0.001098951829) (9,12,-0.704075664195) (11,12,0.705096547741) (12,12,2.000000000000) (13,12,0.710085742191) (12,13,0.710085742191) (13,13,2.000000000000) 
Minv:
size: 27 27
(0,0,1.000000000000) (1,1,1.000000000000) (2,2,2.000000000000) (3,3,1.000000000000) (4,4,1.000000000000) (5,5,2.000000000000) (6,6,1.000000000000) (7,7,1.000000000000) (8,8,2.000000000000) (9,9,1.000000000000) (10,10,1.000000000000) (11,11,2.000000000000) (12,12,1.000000000000) (13,13,1.000000000000) (14,14,2.000000000000) (15,15,1.000000000000) (16,16,1.000000000000) (17,17,2.000000000000) (18,18,1.000000000000) (19,19,1.000000000000) (20,20,2.000000000000) (21,21,1.000000000000) (22,22,1.000000000000) (23,23,2.000000000000) (24,24,1.000000000000) (25,25,1.000000000000) (26,26,2.000000000000) 
v0:
size: 27 1
(0,0,-0.163404533593) (1,0,0.096167886725) (2,0,0.000000000000) (3,0,0.392326826319) (4,0,0.887297614884) (5,0,0.000000000000) (6,0,-0.580020385875) (7,0,-0.948545919920) (8,0,0.000000000000) (9,0,-0.736628071255) (10,0,0.843541543421) (11,0,0.000000000000) (12,0,-0.340073969542) (13,0,0.203777780690) (14,0,0.000000000000) (15,0,-0.795455334206) (16,0,-0.931491098661) (17,0,0.000000000000) (18,0,0.811713823905) (19,0,-0.409546581756) (20,0,0.000000000000) (21,0,0.575599522048) (22,0,-0.150352536045) (23,0,0.000000000000) (24,0,-0.629654667860) (25,0,-0.450239064717) (26,0,0.000000000000) 
ipopt_sol:
size: 14 1
(0,0,0.294808385251) (1,0,0.401521335443) (2,0,0.000000000000) (3,0,1.501886190699) (4,0,0.479858301277) (5,0,0.543885162203) (6,0,1.008157477730) (7,0,0.000000000000) (8,0,0.000000000000) (9,0,0.934073643891) (10,0,0.432116129056) (11,0,0.695404365500) (12,0,0.942603443024) (13,0,0.000000000000) 
policy_sol:
size: 14 1
(0,0,0.294808375634) (1,0,0.401521328173) (2,0,0.000000000000) (3,0,1.501886196026) (4,0,0.480265836392) (5,0,0.543310873067) (6,0,1.008562932722) (7,0,0.000000000000) (8,0,0.000000000000) (9,0,0.534899422486) (10,0,0.831000612192) (11,0,0.296233954250) (12,0,0.942603438265) (13,0,0.000000000000) 

policy_converges:
1
ipopt_converges:
0
