solve status: 0
N:
size: 27 16
(0,0,-0.999953041887) (1,0,0.009690924638) (9,0,0.999953041887) (10,0,-0.009690924638) (0,1,-0.711666348816) (1,1,-0.702517621105) (12,1,0.711666348816) (13,1,0.702517621105) (3,2,-0.702137662368) (4,2,0.712041222883) (9,2,0.702137662368) (10,2,-0.712041222883) (3,3,-0.999962617793) (4,3,0.008646561005) (12,3,0.999962617793) (13,3,-0.008646561005) (3,4,-0.708396023121) (4,4,-0.705815184327) (15,4,0.708396023121) (16,4,0.705815184327) (3,5,-0.999999992171) (4,5,0.000125132567) (21,5,0.999999992171) (22,5,-0.000125132567) (6,6,-0.999992809328) (7,6,0.003792267386) (24,6,0.999992809328) (25,6,-0.003792267386) (9,7,-0.004038689018) (10,7,-0.999991844462) (12,7,0.004038689018) (13,7,0.999991844462) (9,8,-0.003081120513) (10,8,-0.999995253337) (15,8,0.003081120513) (16,8,0.999995253337) (9,9,-0.704844531847) (10,9,-0.709361815949) (21,9,0.704844531847) (22,9,0.709361815949) (12,10,-0.002129042307) (13,10,-0.999997733587) (15,10,0.002129042307) (16,10,0.999997733587) (12,11,-0.707420171893) (13,11,0.706793251523) (18,11,0.707420171893) (19,11,-0.706793251523) (12,12,-0.999964698620) (13,12,-0.008402470733) (21,12,0.999964698620) (22,12,0.008402470733) (15,13,-0.706536650041) (16,13,0.707676453013) (21,13,0.706536650041) (22,13,-0.707676453013) (15,14,-0.999987416810) (16,14,0.005016594551) (24,14,0.999987416810) (25,14,-0.005016594551) (18,15,0.001674238532) (19,15,-0.999998598462) (21,15,-0.001674238532) (22,15,0.999998598462) 
Q:
size: 16 16
(0,0,2.000000000000) (1,0,0.704824884984) (2,0,0.709005029139) (7,0,0.005652346235) (8,0,0.006609902809) (9,0,-0.697937061778) (0,1,0.704824884984) (1,1,2.000000000000) (3,1,0.705565383689) (7,1,0.705386090764) (10,1,-0.704031196675) (11,1,-0.006912417136) (12,1,-0.717544109762) (0,2,0.709005029139) (2,2,2.000000000000) (3,2,0.708268122784) (4,2,-0.005177979272) (5,2,0.702226756417) (7,2,0.709199700137) (8,2,0.709874472308) (9,2,0.010196962970) (1,3,0.705565383689) (2,3,0.708268122784) (3,3,2.000000000000) (4,3,0.702266667665) (5,3,0.999963691930) (7,3,-0.004607952445) (10,3,0.006517578689) (11,3,-0.713505057933) (12,3,-0.999854665256) (2,4,-0.005177979272) (3,4,0.702266667665) (4,4,2.000000000000) (5,4,0.708307697109) (8,4,0.707994487578) (10,4,0.707321789761) (13,4,-0.001018966952) (14,4,-0.704846320632) (2,5,0.702226756417) (3,5,0.999963691930) (4,5,0.708307697109) (5,5,2.000000000000) (9,5,0.704755762063) (12,5,0.999963639368) (13,5,0.706625197881) (15,5,-0.001799370911) (6,6,2.000000000000) (14,6,0.999999250497) (0,7,0.005652346235) (1,7,0.705386090764) (2,7,0.709199700137) (3,7,-0.004607952445) (7,7,2.000000000000) (8,7,0.999999541525) (9,7,0.712202678592) (10,7,-0.999998176607) (11,7,0.703930437165) (12,7,-0.012440948653) (0,8,0.006609902809) (2,8,0.709874472308) (4,8,0.707994487578) (7,8,0.999999541525) (8,8,2.000000000000) (9,8,0.711530159793) (10,8,0.999999546770) (13,8,0.705496169345) (14,8,0.001935488996) (0,9,-0.697937061778) (2,9,0.010196962970) (5,9,0.704755762063) (7,9,0.712202678592) (8,9,0.711530159793) (9,9,2.000000000000) (12,9,0.710780041759) (13,9,-0.004000159483) (15,9,0.708180743876) (1,10,-0.704031196675) (3,10,0.006517578689) (4,10,0.707321789761) (7,10,-0.999998176607) (8,10,0.999999546770) (10,10,2.000000000000) (11,10,-0.705285522163) (12,10,0.010531418838) (13,10,0.706170602706) (14,10,0.002887567664) (1,11,-0.006912417136) (3,11,-0.713505057933) (7,11,0.703930437165) (10,11,-0.705285522163) (11,11,2.000000000000) (12,11,0.701456389375) (15,11,0.707976651035) (1,12,-0.717544109762) (3,12,-0.999854665256) (5,12,0.999963639368) (7,12,-0.012440948653) (9,12,0.710780041759) (10,12,0.010531418838) (11,12,0.701456389375) (12,12,2.000000000000) (13,12,0.700565477637) (15,12,0.006728279527) (4,13,-0.001018966952) (5,13,0.706625197881) (8,13,0.705496169345) (9,13,-0.004000159483) (10,13,0.706170602706) (12,13,0.700565477637) (13,13,2.000000000000) (14,13,0.710077885394) (15,13,-0.708858372061) (4,14,-0.704846320632) (6,14,0.999999250497) (8,14,0.001935488996) (10,14,0.002887567664) (13,14,0.710077885394) (14,14,2.000000000000) (5,15,-0.001799370911) (9,15,0.708180743876) (11,15,0.707976651035) (12,15,0.006728279527) (13,15,-0.708858372061) (15,15,2.000000000000) 
Minv:
size: 27 27
(0,0,1.000000000000) (1,1,1.000000000000) (2,2,2.000000000000) (3,3,1.000000000000) (4,4,1.000000000000) (5,5,2.000000000000) (6,6,1.000000000000) (7,7,1.000000000000) (8,8,2.000000000000) (9,9,1.000000000000) (10,10,1.000000000000) (11,11,2.000000000000) (12,12,1.000000000000) (13,13,1.000000000000) (14,14,2.000000000000) (15,15,1.000000000000) (16,16,1.000000000000) (17,17,2.000000000000) (18,18,1.000000000000) (19,19,1.000000000000) (20,20,2.000000000000) (21,21,1.000000000000) (22,22,1.000000000000) (23,23,2.000000000000) (24,24,1.000000000000) (25,25,1.000000000000) (26,26,2.000000000000) 
v0:
size: 27 1
(0,0,0.709207628528) (1,0,0.447227754522) (2,0,0.000000000000) (3,0,0.987060446699) (4,0,0.977948695327) (5,0,0.000000000000) (6,0,0.396227985717) (7,0,0.992067903045) (8,0,0.000000000000) (9,0,-0.591040835934) (10,0,0.450303788795) (11,0,0.000000000000) (12,0,-0.230523643249) (13,0,-0.397797596317) (14,0,0.000000000000) (15,0,0.399490869860) (16,0,-0.658517068869) (17,0,0.000000000000) (18,0,0.411073776779) (19,0,0.402872072995) (20,0,0.000000000000) (21,0,-0.283405930773) (22,0,-0.058805800820) (23,0,0.000000000000) (24,0,-0.970802158947) (25,0,0.893728493581) (26,0,0.000000000000) 
ipopt_sol:
size: 16 1
(0,0,1.076131175296) (1,0,0.630880453871) (2,0,0.000000000000) (3,0,0.094016322550) (4,0,1.996154956407) (5,0,0.379169763702) (6,0,0.526778885632) (7,0,0.621306591951) (8,0,0.000000000000) (9,0,0.000000000000) (10,0,0.000000000000) (11,0,0.000000000000) (12,0,0.000000000000) (13,0,0.389891052322) (14,0,1.679738258633) (15,0,0.599044411020) 
policy_sol:
size: 16 1
(0,0,1.076131171447) (1,0,0.630880464658) (2,0,0.000000000000) (3,0,0.094016330343) (4,0,1.996154951257) (5,0,0.379169753988) (6,0,0.526778883927) (7,0,0.621306577612) (8,0,0.000000000000) (9,0,0.000000000000) (10,0,0.000000000000) (11,0,0.000000000000) (12,0,0.000000000000) (13,0,0.389891039940) (14,0,1.679738262043) (15,0,0.599044399509) 

policy_converges:
1
ipopt_converges:
0
