solve status: 0
N:
size: 27 10
(0,0,-0.002994671316) (1,0,-0.999995515962) (3,0,0.002994671316) (4,0,0.999995515962) (0,1,-0.002961898205) (1,1,-0.999995613570) (6,1,0.002961898205) (7,1,0.999995613570) (0,2,-0.709685661572) (1,2,-0.704518460907) (12,2,0.709685661572) (13,2,0.704518460907) (3,3,-0.708769683784) (4,3,0.705439958713) (9,3,0.708769683784) (10,3,-0.705439958713) (3,4,-0.999999974229) (4,4,0.000227028039) (12,4,0.999999974229) (13,4,-0.000227028039) (3,5,-0.705947754154) (4,5,-0.708263911550) (15,5,0.705947754154) (16,5,0.708263911550) (9,6,-0.706647698376) (10,6,-0.707565566135) (21,6,0.706647698376) (22,6,0.707565566135) (12,7,0.004001607304) (13,7,-0.999991993537) (15,7,-0.004001607304) (16,7,0.999991993537) (12,8,-0.707271873282) (13,8,-0.706941650537) (24,8,0.707271873282) (25,8,0.706941650537) (18,9,-0.005789338859) (19,9,-0.999983241637) (21,9,0.005789338859) (22,9,0.999983241637) 
Q:
size: 10 10
(0,0,2.000000000000) (1,0,0.999999999463) (2,0,0.706640577114) (3,0,0.703314263252) (4,0,-0.002767644218) (5,0,-0.710374817158) (0,1,0.999999999463) (1,1,2.000000000000) (2,1,0.706617387274) (0,2,0.706640577114) (1,2,0.706617387274) (2,2,2.000000000000) (4,2,0.709525697838) (7,2,-0.701672936880) (8,2,-0.999994150889) (0,3,0.703314263252) (3,3,2.000000000000) (4,3,0.708929820168) (5,3,0.000716701958) (6,3,-0.001705441964) (0,4,-0.002767644218) (2,4,0.709525697838) (3,4,0.708929820168) (4,4,2.000000000000) (5,4,0.705786940195) (7,4,0.004228633422) (8,4,-0.707111359479) (0,5,-0.710374817158) (3,5,0.000716701958) (4,5,0.705786940195) (5,5,2.000000000000) (7,5,0.705433315173) (3,6,-0.001705441964) (6,6,2.000000000000) (9,6,0.711644731474) (2,7,-0.701672936880) (4,7,0.004228633422) (5,7,0.705433315173) (7,7,2.000000000000) (8,7,0.704105766141) (2,8,-0.999994150889) (4,8,-0.707111359479) (7,8,0.704105766141) (8,8,2.000000000000) (6,9,0.711644731474) (9,9,2.000000000000) 
Minv:
size: 27 27
(0,0,1.000000000000) (1,1,1.000000000000) (2,2,2.000000000000) (3,3,1.000000000000) (4,4,1.000000000000) (5,5,2.000000000000) (6,6,1.000000000000) (7,7,1.000000000000) (8,8,2.000000000000) (9,9,1.000000000000) (10,10,1.000000000000) (11,11,2.000000000000) (12,12,1.000000000000) (13,13,1.000000000000) (14,14,2.000000000000) (15,15,1.000000000000) (16,16,1.000000000000) (17,17,2.000000000000) (18,18,1.000000000000) (19,19,1.000000000000) (20,20,2.000000000000) (21,21,1.000000000000) (22,22,1.000000000000) (23,23,2.000000000000) (24,24,1.000000000000) (25,25,1.000000000000) (26,26,2.000000000000) 
v0:
size: 27 1
(0,0,0.025071488382) (1,0,0.456822135223) (2,0,0.000000000000) (3,0,0.494167574628) (4,0,-0.923547880858) (5,0,0.000000000000) (6,0,-0.956007031622) (7,0,0.131033266616) (8,0,0.000000000000) (9,0,0.519817865895) (10,0,0.073627166498) (11,0,0.000000000000) (12,0,-0.459736034756) (13,0,0.511089746969) (14,0,0.000000000000) (15,0,-0.901593495570) (16,0,0.178009929200) (17,0,0.000000000000) (18,0,0.535252699931) (19,0,-0.681710131803) (20,0,0.000000000000) (21,0,0.603034071640) (22,0,-0.797884890756) (23,0,0.000000000000) (24,0,0.377342087165) (25,0,-0.477165336243) (26,0,0.000000000000) 
ipopt_sol:
size: 10 1
(0,0,1.517610843775) (1,0,0.000000000000) (2,0,0.000000000000) (3,0,0.000000000000) (4,0,0.974489582136) (5,0,0.386565712425) (6,0,0.557847385475) (7,0,0.038898899141) (8,0,0.437438720324) (9,0,0.000000000000) 
policy_sol:
size: 10 1
(0,0,1.517610830006) (1,0,0.000000000000) (2,0,0.000000000000) (3,0,0.000000000000) (4,0,0.974489577305) (5,0,0.386565707601) (6,0,0.557847381926) (7,0,0.038898903774) (8,0,0.437438721984) (9,0,0.000000000000) 

policy_converges:
1
ipopt_converges:
0
