solve status: 0
N:
size: 27 13
(0,0,-0.999998111324) (1,0,0.001943540121) (9,0,0.999998111324) (10,0,-0.001943540121) (0,1,-0.710672966179) (1,1,-0.703522519286) (12,1,0.710672966179) (13,1,0.703522519286) (0,2,-0.999999963366) (1,2,-0.000270681904) (18,2,0.999999963366) (19,2,0.000270681904) (3,3,0.000267107711) (4,3,-0.999999964327) (6,3,-0.000267107711) (7,3,0.999999964327) (3,4,-0.708539698835) (4,4,-0.705670953898) (15,4,0.708539698835) (16,4,0.705670953898) (9,5,-0.004821718049) (10,5,-0.999988375450) (12,5,0.004821718049) (13,5,0.999988375450) (12,6,-0.001424940664) (13,6,-0.999998984772) (15,6,0.001424940664) (16,6,0.999998984772) (12,7,-0.707488206632) (13,7,0.706725149883) (18,7,0.707488206632) (19,7,-0.706725149883) (12,8,-0.999999842076) (13,8,-0.000562004162) (21,8,0.999999842076) (22,8,0.000562004162) (15,9,-0.701561880881) (16,9,0.712608537203) (21,9,0.701561880881) (22,9,-0.712608537203) (18,10,0.005227291369) (19,10,-0.999986337619) (21,10,-0.005227291369) (22,10,0.999986337619) (18,11,0.001856695962) (19,11,-0.999998276339) (24,11,-0.001856695962) (25,11,0.999998276339) (21,12,-0.001480641472) (22,12,-0.999998903850) (24,12,0.001480641472) (25,12,0.999998903850) 
Q:
size: 13 13
(0,0,2.000000000000) (1,0,0.709304299706) (2,0,0.999997548609) (5,0,-0.002878191415) (0,1,0.709304299706) (1,1,2.000000000000) (2,1,0.710863370959) (5,1,0.706941005822) (6,1,-0.704534471858) (7,1,-0.005595684455) (8,1,-0.711068236530) (0,2,0.999997548609) (1,2,0.710863370959) (2,2,2.000000000000) (7,2,0.707296883005) (10,2,0.004956612971) (11,2,0.001586014456) (3,3,2.000000000000) (4,3,0.705481672307) (3,4,0.705481672307) (4,4,2.000000000000) (6,4,0.706679864509) (9,4,0.005782702410) (0,5,-0.002878191415) (1,5,0.706941005822) (5,5,2.000000000000) (6,5,-0.999994230895) (7,5,0.703305625865) (8,5,-0.005383714916) (1,6,-0.704534471858) (4,6,0.706679864509) (5,6,-0.999994230895) (6,6,2.000000000000) (7,6,-0.705716303680) (8,6,0.001986944030) (9,6,0.711608129690) (1,7,-0.005595684455) (2,7,0.707296883005) (5,7,0.703305625865) (6,7,-0.705716303680) (7,7,2.000000000000) (8,7,0.707090912427) (10,7,0.710413741330) (11,7,0.708037522224) (1,8,-0.711068236530) (5,8,-0.005383714916) (6,8,0.001986944030) (7,8,0.707090912427) (8,8,2.000000000000) (9,8,0.701161281124) (10,8,-0.004665294060) (12,8,-0.002042644783) (4,9,0.005782702410) (6,9,0.711608129690) (8,9,0.701161281124) (9,9,2.000000000000) (10,9,-0.716266069638) (12,9,0.711568994461) (2,10,0.004956612971) (7,10,0.710413741330) (8,10,-0.004665294060) (9,10,-0.716266069638) (10,10,2.000000000000) (11,10,0.999994319472) (12,10,-0.999977501740) (2,11,0.001586014456) (7,11,0.708037522224) (10,11,0.999994319472) (11,11,2.000000000000) (12,11,0.999994431089) (8,12,-0.002042644783) (9,12,0.711568994461) (10,12,-0.999977501740) (11,12,0.999994431089) (12,12,2.000000000000) 
Minv:
size: 27 27
(0,0,1.000000000000) (1,1,1.000000000000) (2,2,2.000000000000) (3,3,1.000000000000) (4,4,1.000000000000) (5,5,2.000000000000) (6,6,1.000000000000) (7,7,1.000000000000) (8,8,2.000000000000) (9,9,1.000000000000) (10,10,1.000000000000) (11,11,2.000000000000) (12,12,1.000000000000) (13,13,1.000000000000) (14,14,2.000000000000) (15,15,1.000000000000) (16,16,1.000000000000) (17,17,2.000000000000) (18,18,1.000000000000) (19,19,1.000000000000) (20,20,2.000000000000) (21,21,1.000000000000) (22,22,1.000000000000) (23,23,2.000000000000) (24,24,1.000000000000) (25,25,1.000000000000) (26,26,2.000000000000) 
v0:
size: 27 1
(0,0,0.658057523128) (1,0,-0.658289937201) (2,0,0.000000000000) (3,0,-0.785239336492) (4,0,0.940050004563) (5,0,0.000000000000) (6,0,0.677095038358) (7,0,0.481370562702) (8,0,0.000000000000) (9,0,-0.429685760599) (10,0,-0.502096034162) (11,0,0.000000000000) (12,0,-0.219327083716) (13,0,-0.823671832734) (14,0,0.000000000000) (15,0,0.824091113732) (16,0,-0.971475204151) (17,0,0.000000000000) (18,0,0.045293560455) (19,0,0.928600801756) (20,0,0.000000000000) (21,0,-0.426814970404) (22,0,0.648427215616) (23,0,0.000000000000) (24,0,0.891136802729) (25,0,-0.580922864584) (26,0,0.000000000000) 
ipopt_sol:
size: 13 1
(0,0,0.943818248230) (1,0,0.406670466444) (2,0,0.000000000000) (3,0,0.442725486024) (4,0,0.046335832391) (5,0,0.000000000000) (6,0,0.000000000000) (7,0,0.541212942862) (8,0,0.000000000000) (9,0,2.120156801086) (10,0,0.246686108510) (11,0,1.196149654024) (12,0,0.000000000000) 
policy_sol:
size: 13 1
(0,0,0.943818242539) (1,0,0.406670468432) (2,0,0.000000000000) (3,0,0.442725487439) (4,0,0.046335828380) (5,0,0.000000000000) (6,0,0.000000000000) (7,0,0.541212935164) (8,0,0.000000000000) (9,0,2.120156793399) (10,0,0.246686116635) (11,0,1.196149647697) (12,0,0.000000000000) 

policy_converges:
1
ipopt_converges:
0
