solve status: 0
N:
size: 27 9
(0,0,-0.005556561839) (1,0,-0.999984562191) (3,0,0.005556561839) (4,0,0.999984562191) (0,1,-0.999968368211) (1,1,-0.007953777578) (9,1,0.999968368211) (10,1,0.007953777578) (6,2,-0.703472396598) (7,2,0.710722581058) (12,2,0.703472396598) (13,2,-0.710722581058) (12,3,-0.005036822574) (13,3,-0.999987315129) (15,3,0.005036822574) (16,3,0.999987315129) (12,4,-0.999995844751) (13,4,-0.002882790527) (21,4,0.999995844751) (22,4,0.002882790527) (12,5,-0.706358591049) (13,5,-0.707854180500) (24,5,0.706358591049) (25,5,0.707854180500) (15,6,-0.705661260053) (16,6,0.708549353299) (21,6,0.705661260053) (22,6,-0.708549353299) (15,7,-0.999999966046) (16,7,0.000260592375) (24,7,0.999999966046) (25,7,-0.000260592375) (21,8,0.000467669714) (22,8,-0.999999890643) (24,8,-0.000467669714) (25,8,0.999999890643) 
Q:
size: 9 9
(0,0,2.000000000000) (1,0,0.013510040864) (0,1,0.013510040864) (1,1,2.000000000000) (2,2,2.000000000000) (3,2,0.707170299986) (4,2,-0.701420609170) (5,2,0.006184179275) (2,3,0.707170299986) (3,3,2.000000000000) (4,3,0.007919555604) (5,3,0.711403004358) (6,3,0.704986074878) (7,3,-0.004776233334) (2,4,-0.701420609170) (3,4,0.007919555604) (4,4,2.000000000000) (5,4,0.708396251279) (6,4,0.703615728491) (8,4,-0.002415122441) (2,5,0.006184179275) (3,5,0.711403004358) (4,5,0.708396251279) (5,5,2.000000000000) (7,5,0.706174105663) (8,5,0.707523760571) (3,6,0.704986074878) (4,6,0.703615728491) (6,6,2.000000000000) (7,6,0.705845878651) (8,6,0.708879292214) (3,7,-0.004776233334) (5,7,0.706174105663) (6,7,0.705845878651) (7,7,2.000000000000) (8,7,-0.000728262045) (4,8,-0.002415122441) (5,8,0.707523760571) (6,8,0.708879292214) (7,8,-0.000728262045) (8,8,2.000000000000) 
Minv:
size: 27 27
(0,0,1.000000000000) (1,1,1.000000000000) (2,2,2.000000000000) (3,3,1.000000000000) (4,4,1.000000000000) (5,5,2.000000000000) (6,6,1.000000000000) (7,7,1.000000000000) (8,8,2.000000000000) (9,9,1.000000000000) (10,10,1.000000000000) (11,11,2.000000000000) (12,12,1.000000000000) (13,13,1.000000000000) (14,14,2.000000000000) (15,15,1.000000000000) (16,16,1.000000000000) (17,17,2.000000000000) (18,18,1.000000000000) (19,19,1.000000000000) (20,20,2.000000000000) (21,21,1.000000000000) (22,22,1.000000000000) (23,23,2.000000000000) (24,24,1.000000000000) (25,25,1.000000000000) (26,26,2.000000000000) 
v0:
size: 27 1
(0,0,-0.103697228401) (1,0,-0.096721311285) (2,0,0.000000000000) (3,0,-0.694455005142) (4,0,-0.412102778860) (5,0,0.000000000000) (6,0,-0.330008168937) (7,0,0.405695863217) (8,0,0.000000000000) (9,0,-0.779088722350) (10,0,-0.588459766119) (11,0,0.000000000000) (12,0,-0.151104986118) (13,0,0.826026868957) (14,0,0.000000000000) (15,0,0.787946666447) (16,0,0.770706241771) (17,0,0.000000000000) (18,0,0.827294142392) (19,0,-0.124586043474) (20,0,0.000000000000) (21,0,-0.622023848881) (22,0,0.740567149437) (23,0,0.000000000000) (24,0,-0.234250052777) (25,0,0.691489322457) (26,0,0.000000000000) 
ipopt_sol:
size: 9 1
(0,0,0.314084953568) (1,0,0.677159658125) (2,0,0.309003787221) (3,0,0.000000000000) (4,0,0.388122320198) (5,0,0.000000000000) (6,0,0.544080401855) (7,0,0.830157590041) (8,0,0.000000000000) 
policy_sol:
size: 9 1
(0,0,0.314084953568) (1,0,0.677159658125) (2,0,0.309003782473) (3,0,0.000000000000) (4,0,0.388122316831) (5,0,0.000000000000) (6,0,0.544080396546) (7,0,0.830157588412) (8,0,0.000000000000) 

policy_converges:
1
ipopt_converges:
0
