solve status: 0
N:
size: 27 16
(0,0,0.002289270854) (1,0,-0.999997379616) (3,0,-0.002289270854) (4,0,0.999997379616) (0,1,0.001409410813) (1,1,-0.999999006780) (6,1,-0.001409410813) (7,1,0.999999006780) (0,2,-0.999999605852) (1,2,-0.000887859954) (9,2,0.999999605852) (10,2,0.000887859954) (0,3,-0.705757739730) (1,3,-0.708453253793) (12,3,0.705757739730) (13,3,0.708453253793) (0,4,-0.999991517023) (1,4,0.004118966254) (18,4,0.999991517023) (19,4,-0.004118966254) (3,5,0.000531800499) (4,5,-0.999999858594) (6,5,-0.000531800499) (7,5,0.999999858594) (3,6,-0.708503904810) (4,6,0.705706891613) (9,6,0.708503904810) (10,6,-0.705706891613) (3,7,-0.999998160008) (4,7,0.001918327790) (12,7,0.999998160008) (13,7,-0.001918327790) (6,8,-0.704499876085) (7,8,0.709704110596) (12,8,0.704499876085) (13,8,-0.709704110596) (6,9,-0.999999849447) (7,9,0.000548731736) (24,9,0.999999849447) (25,9,-0.000548731736) (9,10,0.001042472668) (10,10,-0.999999456625) (15,10,-0.001042472668) (16,10,0.999999456625) (9,11,-0.999958358834) (10,11,0.009125820401) (18,11,0.999958358834) (19,11,-0.009125820401) (9,12,-0.709833707005) (10,12,-0.704369298308) (21,12,0.709833707005) (22,12,0.704369298308) (12,13,-0.004375856174) (13,13,-0.999990425896) (15,13,0.004375856174) (16,13,0.999990425896) (12,14,-0.709777920959) (13,14,-0.704425512684) (24,14,0.709777920959) (25,14,0.704425512684) (15,15,-0.999996153302) (16,15,0.002773694608) (24,15,0.999996153302) (25,15,-0.002773694608) 
Q:
size: 16 16
(0,0,2.000000000000) (1,0,0.999999612922) (2,0,-0.001401412325) (3,0,0.706835726750) (4,0,-0.006408206895) (5,0,-0.999998455646) (6,0,0.707326999729) (7,0,0.004207589406) (0,1,0.999999612922) (1,1,2.000000000000) (2,1,-0.000521551186) (3,1,0.707457847554) (4,1,-0.005528361020) (5,1,0.999999614900) (8,1,0.710696335447) (9,1,0.001958141792) (0,2,-0.001401412325) (1,2,-0.000521551186) (2,2,2.000000000000) (3,2,0.706386468831) (4,2,0.999987465813) (6,2,0.707877056666) (10,2,0.000154612786) (11,2,-0.999949862252) (12,2,-0.710458808518) (0,3,0.706835726750) (1,3,0.707457847554) (2,3,0.706386468831) (3,3,2.000000000000) (4,3,0.702833657759) (7,3,0.704397395577) (8,3,-0.005585946196) (13,3,-0.711534765351) (14,3,-0.999983807722) (0,4,-0.006408206895) (1,4,-0.005528361020) (2,4,0.999987465813) (3,4,0.702833657759) (4,4,2.000000000000) (11,4,0.999987465156) (0,5,-0.999998455646) (1,5,0.999999614900) (5,5,2.000000000000) (6,5,-0.706083574551) (7,5,-0.002450127039) (8,5,0.710078663625) (9,5,0.001080532077) (0,6,0.707326999729) (2,6,0.707877056666) (5,6,-0.706083574551) (6,6,2.000000000000) (7,6,0.709856378310) (10,6,0.706445104106) (11,6,-0.714914556230) (12,6,-0.005841685122) (0,7,0.004207589406) (3,7,0.704397395577) (5,7,-0.002450127039) (6,7,0.709856378310) (7,7,2.000000000000) (8,7,0.705860024929) (13,7,-0.002457538698) (14,7,-0.708425295935) (1,8,0.710696335447) (3,8,-0.005585946196) (5,8,0.710078663625) (7,8,0.705860024929) (8,8,2.000000000000) (9,8,0.704889207189) (13,8,0.706614525682) (14,8,-0.000104775403) (1,9,0.001958141792) (5,9,0.001080532077) (8,9,0.704889207189) (9,9,2.000000000000) (14,9,0.709391273465) (15,9,0.999997524763) (2,10,0.000154612786) (6,10,0.706445104106) (10,10,2.000000000000) (11,10,-0.010168244701) (12,10,0.703628933333) (13,10,0.999985320816) (15,10,0.003816161759) (2,11,-0.999949862252) (4,11,0.999987465156) (6,11,-0.714914556230) (10,11,-0.010168244701) (11,11,2.000000000000) (12,11,0.703376200989) (2,12,-0.710458808518) (6,12,-0.005841685122) (10,12,0.703628933333) (11,12,0.703376200989) (12,12,2.000000000000) (3,13,-0.711534765351) (7,13,-0.002457538698) (8,13,0.706614525682) (10,13,0.999985320816) (13,13,2.000000000000) (14,13,0.707524654537) (15,13,-0.001602171289) (3,14,-0.999983807722) (7,14,-0.708425295935) (8,14,-0.000104775403) (9,14,0.709391273465) (13,14,0.707524654537) (14,14,2.000000000000) (15,14,0.707821329411) (9,15,0.999997524763) (10,15,0.003816161759) (13,15,-0.001602171289) (14,15,0.707821329411) (15,15,2.000000000000) 
Minv:
size: 27 27
(0,0,1.000000000000) (1,1,1.000000000000) (2,2,2.000000000000) (3,3,1.000000000000) (4,4,1.000000000000) (5,5,2.000000000000) (6,6,1.000000000000) (7,7,1.000000000000) (8,8,2.000000000000) (9,9,1.000000000000) (10,10,1.000000000000) (11,11,2.000000000000) (12,12,1.000000000000) (13,13,1.000000000000) (14,14,2.000000000000) (15,15,1.000000000000) (16,16,1.000000000000) (17,17,2.000000000000) (18,18,1.000000000000) (19,19,1.000000000000) (20,20,2.000000000000) (21,21,1.000000000000) (22,22,1.000000000000) (23,23,2.000000000000) (24,24,1.000000000000) (25,25,1.000000000000) (26,26,2.000000000000) 
v0:
size: 27 1
(0,0,0.884054907012) (1,0,0.793567102562) (2,0,0.000000000000) (3,0,0.045847121584) (4,0,0.248166562985) (5,0,0.000000000000) (6,0,-0.049926943621) (7,0,-0.370117417801) (8,0,0.000000000000) (9,0,0.424358065197) (10,0,0.682480642408) (11,0,0.000000000000) (12,0,-0.357571318344) (13,0,0.823656522418) (14,0,0.000000000000) (15,0,0.341696960347) (16,0,0.307847125102) (17,0,0.000000000000) (18,0,-0.862142949142) (19,0,-0.318500211430) (20,0,0.000000000000) (21,0,0.569446335949) (22,0,0.342243247971) (23,0,0.000000000000) (24,0,-0.556378028142) (25,0,0.727575372893) (26,0,0.000000000000) 
ipopt_sol:
size: 16 1
(0,0,0.978340870300) (1,0,0.000000001440) (2,0,0.000000000000) (3,0,0.000000000000) (4,0,1.459441764227) (5,0,0.903731329422) (6,0,0.060359886359) (7,0,0.158494013067) (8,0,0.634225612318) (9,0,0.000000000000) (10,0,0.279495058651) (11,0,0.570598002545) (12,0,0.000000000000) (13,0,0.149837354783) (14,0,0.000000000000) (15,0,0.898822473758) 
policy_sol:
size: 16 1
(0,0,0.978340867363) (1,0,0.000000000000) (2,0,0.000000000000) (3,0,0.000000000000) (4,0,1.459441750670) (5,0,0.903731332943) (6,0,0.060359891592) (7,0,0.158494013666) (8,0,0.634225605482) (9,0,0.000000000000) (10,0,0.279495049968) (11,0,0.570598012628) (12,0,0.000000000000) (13,0,0.149837361548) (14,0,0.000000000000) (15,0,0.898822465242) 

policy_converges:
1
ipopt_converges:
0
