solve status: 0
N:
size: 27 15
(0,0,-0.999985924557) (1,0,0.005305722184) (9,0,0.999985924557) (10,0,-0.005305722184) (0,1,-0.706514642494) (1,1,-0.707698424430) (12,1,0.706514642494) (13,1,0.707698424430) (0,2,-0.999995290295) (1,2,0.003069102151) (18,2,0.999995290295) (19,2,-0.003069102151) (3,3,0.006622466585) (4,3,-0.999978071228) (6,3,-0.006622466585) (7,3,0.999978071228) (3,4,-0.709474303553) (4,4,-0.704731305249) (15,4,0.709474303553) (16,4,0.704731305249) (9,5,0.003792385092) (10,5,-0.999992808882) (12,5,-0.003792385092) (13,5,0.999992808882) (9,6,-0.002511130378) (10,6,-0.999996847107) (15,6,0.002511130378) (16,6,0.999996847107) (9,7,-0.999999643255) (10,7,0.000844683034) (18,7,0.999999643255) (19,7,-0.000844683034) (9,8,-0.705922816098) (10,8,-0.708288767180) (21,8,0.705922816098) (22,8,0.708288767180) (12,9,-0.008805992158) (13,9,-0.999961226499) (15,9,0.008805992158) (16,9,0.999961226499) (12,10,-0.708962339500) (13,10,0.705246340771) (18,10,0.708962339500) (19,10,-0.705246340771) (15,11,-0.999998904509) (16,11,-0.001480196226) (24,11,0.999998904509) (25,11,0.001480196226) (18,12,0.005976836032) (19,12,-0.999982138556) (21,12,-0.005976836032) (22,12,0.999982138556) (18,13,-0.000765164724) (19,13,-0.999999707261) (24,13,0.000765164724) (25,13,0.999999707261) (21,14,-0.007489687572) (22,14,-0.999971951897) (24,14,0.007489687572) (25,14,0.999971951897) 
Q:
size: 15 15
(0,0,2.000000000000) (1,0,0.702749846757) (2,0,0.999997498722) (5,0,0.009098015742) (6,0,0.002794610423) (7,0,-0.999990049471) (8,0,-0.702154896496) (0,1,0.702749846757) (1,1,2.000000000000) (2,1,0.704339316262) (5,1,0.705013959690) (9,1,-0.713892546887) (10,1,-0.001790549635) (0,2,0.999997498722) (1,2,0.704339316262) (2,2,2.000000000000) (7,2,0.999997525970) (10,2,0.711123473558) (12,2,0.009045855215) (13,2,0.002303940133) (3,3,2.000000000000) (4,3,0.700017381488) (3,4,0.700017381488) (4,4,2.000000000000) (6,4,0.706510665783) (9,4,0.710951605503) (11,4,-0.710516666949) (0,5,0.009098015742) (1,5,0.705013959690) (5,5,2.000000000000) (6,5,0.999980132838) (7,5,-0.004637060699) (8,5,0.705606542628) (9,5,-0.999920639947) (10,5,0.707929927468) (0,6,0.002794610423) (4,6,0.706510665783) (5,6,0.999980132838) (6,6,2.000000000000) (7,6,0.001666449111) (8,6,0.710059198249) (9,6,0.999980186723) (11,6,-0.003991319186) (0,7,-0.999990049471) (2,7,0.999997525970) (5,7,-0.004637060699) (6,7,0.001666449111) (7,7,2.000000000000) (8,7,0.705324284759) (10,7,0.709557796200) (12,7,0.006821501846) (13,7,0.000079518336) (0,8,-0.702154896496) (5,8,0.705606542628) (6,8,0.710059198249) (7,8,0.705324284759) (8,8,2.000000000000) (12,8,0.704056931196) (14,8,-0.713556042366) (1,9,-0.713892546887) (4,9,0.710951605503) (5,9,-0.999920639947) (6,9,0.999980186723) (9,9,2.000000000000) (10,9,-0.698975879099) (11,9,-0.010286121345) (1,10,-0.001790549635) (2,10,0.711123473558) (5,10,0.707929927468) (7,10,0.709557796200) (9,10,-0.698975879099) (10,10,2.000000000000) (12,10,0.709471095709) (13,10,0.704703661346) (4,11,-0.710516666949) (6,11,-0.003991319186) (9,11,-0.010286121345) (11,11,2.000000000000) (13,11,0.002245359678) (14,11,0.008969834077) (2,12,0.009045855215) (7,12,0.006821501846) (8,12,0.704056931196) (10,12,0.709471095709) (12,12,2.000000000000) (13,12,0.999977272559) (14,12,-0.999909326319) (2,13,0.002303940133) (7,13,0.000079518336) (10,13,0.704703661346) (11,13,0.002245359678) (12,13,0.999977272559) (13,13,2.000000000000) (14,13,0.999977390011) (8,14,-0.713556042366) (11,14,0.008969834077) (12,14,-0.999909326319) (13,14,0.999977390011) (14,14,2.000000000000) 
Minv:
size: 27 27
(0,0,1.000000000000) (1,1,1.000000000000) (2,2,2.000000000000) (3,3,1.000000000000) (4,4,1.000000000000) (5,5,2.000000000000) (6,6,1.000000000000) (7,7,1.000000000000) (8,8,2.000000000000) (9,9,1.000000000000) (10,10,1.000000000000) (11,11,2.000000000000) (12,12,1.000000000000) (13,13,1.000000000000) (14,14,2.000000000000) (15,15,1.000000000000) (16,16,1.000000000000) (17,17,2.000000000000) (18,18,1.000000000000) (19,19,1.000000000000) (20,20,2.000000000000) (21,21,1.000000000000) (22,22,1.000000000000) (23,23,2.000000000000) (24,24,1.000000000000) (25,25,1.000000000000) (26,26,2.000000000000) 
v0:
size: 27 1
(0,0,0.692600272888) (1,0,-0.963965607192) (2,0,0.000000000000) (3,0,-0.830067217542) (4,0,0.420541029823) (5,0,0.000000000000) (6,0,-0.380059003563) (7,0,-0.142986254215) (8,0,0.000000000000) (9,0,0.619151927566) (10,0,0.785335825168) (11,0,0.000000000000) (12,0,-0.634017069238) (13,0,-0.814465328881) (14,0,0.000000000000) (15,0,0.225970517667) (16,0,-0.890226141229) (17,0,0.000000000000) (18,0,-0.297543528350) (19,0,0.372909469318) (20,0,0.000000000000) (21,0,0.900922765837) (22,0,-0.294023830410) (23,0,0.000000000000) (24,0,-0.677662527531) (25,0,-0.656285436096) (26,0,0.000000000000) 
ipopt_sol:
size: 15 1
(0,0,0.553910350980) (1,0,0.336859088794) (2,0,0.000000000000) (3,0,0.566495094437) (4,0,0.000000000000) (5,0,0.851002070720) (6,0,1.251084860340) (7,0,1.190341703764) (8,0,0.000000000000) (9,0,0.000000000000) (10,0,0.000000000000) (11,0,0.901566868307) (12,0,1.139962097518) (13,0,0.000000000000) (14,0,0.939960470888) 
policy_sol:
size: 15 1
(0,0,0.553910339848) (1,0,0.336859091333) (2,0,0.000000000000) (3,0,0.566495090937) (4,0,0.000000000000) (5,0,0.851002074803) (6,0,1.251084846258) (7,0,1.190341686222) (8,0,0.000000000000) (9,0,0.000000000000) (10,0,0.000000000000) (11,0,0.901566871916) (12,0,1.139962080489) (13,0,0.000000000000) (14,0,0.939960460929) 

policy_converges:
1
ipopt_converges:
0
