solve status: 0
N:
size: 27 14
(3,0,0.007369683876) (4,0,-0.999972843511) (6,0,-0.007369683876) (7,0,0.999972843511) (3,1,-0.704297835412) (4,1,0.709904612630) (9,1,0.704297835412) (10,1,-0.709904612630) (3,2,-0.999993723158) (4,2,-0.003543112172) (12,2,0.999993723158) (13,2,0.003543112172) (3,3,-0.705727392867) (4,3,-0.708483483899) (15,3,0.705727392867) (16,3,0.708483483899) (3,4,-0.999999994303) (4,4,-0.000106745338) (21,4,0.999999994303) (22,4,0.000106745338) (6,5,-0.707648946034) (7,5,0.706564200322) (12,5,0.707648946034) (13,5,-0.706564200322) (6,6,-0.999988854502) (7,6,0.004721320945) (15,6,0.999988854502) (16,6,-0.004721320945) (6,7,-0.999999936394) (7,7,-0.000356668348) (24,7,0.999999936394) (25,7,0.000356668348) (9,8,-0.001768936277) (10,8,-0.999998435431) (15,8,0.001768936277) (16,8,0.999998435431) (9,9,-0.708636912470) (10,9,-0.705573331614) (21,9,0.708636912470) (22,9,0.705573331614) (12,10,-0.000768955255) (13,10,-0.999999704354) (15,10,0.000768955255) (16,10,0.999999704354) (12,11,-0.999994535442) (13,11,0.003305916895) (21,11,0.999994535442) (22,11,-0.003305916895) (12,12,-0.707671012536) (13,12,-0.706542099253) (24,12,0.707671012536) (25,12,0.706542099253) (18,13,0.002832395615) (19,13,-0.999995988759) (21,13,-0.002832395615) (22,13,0.999995988759) 
Q:
size: 14 14
(0,0,2.000000000000) (1,0,-0.715075786515) (2,0,-0.003826621664) (3,0,0.703263256187) (4,0,-0.007262941395) (5,0,0.711760161547) (6,0,0.012090794468) (7,0,0.007013024745) (0,1,-0.715075786515) (1,1,2.000000000000) (2,1,0.701778142972) (3,1,-0.005913418004) (4,1,0.704222052392) (8,1,0.708657643944) (9,1,0.001798319115) (0,2,-0.003826621664) (1,2,0.701778142972) (2,2,2.000000000000) (3,2,0.708233199584) (4,2,0.999994095672) (5,2,0.705141068015) (10,2,-0.004312061553) (11,2,-0.999976545400) (12,2,-0.710169928509) (0,3,0.703263256187) (1,3,-0.005913418004) (2,3,0.708233199584) (3,3,2.000000000000) (4,3,0.705803016155) (6,3,0.702374549272) (8,3,0.709730762214) (10,3,0.709025947226) (0,4,-0.007262941395) (1,4,0.704222052392) (2,4,0.999994095672) (3,4,0.705803016155) (4,4,2.000000000000) (9,4,0.708712225096) (11,4,0.999994176853) (13,4,-0.002725650690) (0,5,0.711760161547) (2,5,0.705141068015) (5,5,2.000000000000) (6,5,0.710976975292) (7,5,0.707396891937) (10,5,0.706019841054) (11,5,-0.709980921572) (12,5,-0.001565292807) (0,6,0.012090794468) (3,6,0.702374549272) (5,6,0.710976975292) (6,6,2.000000000000) (7,6,0.999987106951) (8,6,-0.002952396997) (10,6,-0.003952372864) (0,7,0.007013024745) (5,7,0.707396891937) (6,7,0.999987106951) (7,7,2.000000000000) (12,7,0.707922968727) (1,8,0.708657643944) (3,8,0.709730762214) (6,8,-0.002952396997) (8,8,2.000000000000) (9,8,0.706825761238) (10,8,0.999999500018) (1,9,0.001798319115) (4,9,0.708712225096) (8,9,0.706825761238) (9,9,2.000000000000) (11,9,0.706300473285) (13,9,0.703563361306) (2,10,-0.004312061553) (3,10,0.709025947226) (5,10,0.706019841054) (6,10,-0.003952372864) (8,10,0.999999500018) (10,10,2.000000000000) (11,10,-0.002536964865) (12,10,0.707086057710) (2,11,-0.999976545400) (4,11,0.999994176853) (5,11,-0.709980921572) (9,11,0.706300473285) (10,11,-0.002536964865) (11,11,2.000000000000) (12,11,0.705331375963) (13,11,-0.006138283772) (2,12,-0.710169928509) (5,12,-0.001565292807) (7,12,0.707922968727) (10,12,0.707086057710) (11,12,0.705331375963) (12,12,2.000000000000) (4,13,-0.002725650690) (9,13,0.703563361306) (11,13,-0.006138283772) (13,13,2.000000000000) 
Minv:
size: 27 27
(0,0,1.000000000000) (1,1,1.000000000000) (2,2,2.000000000000) (3,3,1.000000000000) (4,4,1.000000000000) (5,5,2.000000000000) (6,6,1.000000000000) (7,7,1.000000000000) (8,8,2.000000000000) (9,9,1.000000000000) (10,10,1.000000000000) (11,11,2.000000000000) (12,12,1.000000000000) (13,13,1.000000000000) (14,14,2.000000000000) (15,15,1.000000000000) (16,16,1.000000000000) (17,17,2.000000000000) (18,18,1.000000000000) (19,19,1.000000000000) (20,20,2.000000000000) (21,21,1.000000000000) (22,22,1.000000000000) (23,23,2.000000000000) (24,24,1.000000000000) (25,25,1.000000000000) (26,26,2.000000000000) 
v0:
size: 27 1
(0,0,-0.755454174585) (1,0,-0.512707685109) (2,0,0.000000000000) (3,0,0.778337255899) (4,0,0.388574129052) (5,0,0.000000000000) (6,0,0.642147984127) (7,0,0.039985041880) (8,0,0.000000000000) (9,0,-0.222406922997) (10,0,-0.050328100519) (11,0,0.000000000000) (12,0,-0.087547186992) (13,0,0.713433380586) (14,0,0.000000000000) (15,0,-0.360128141621) (16,0,-0.219746899828) (17,0,0.000000000000) (18,0,0.296716514783) (19,0,0.099797047695) (20,0,0.000000000000) (21,0,-0.474284884512) (22,0,-0.435038154549) (23,0,0.000000000000) (24,0,-0.325490297068) (25,0,0.181954941517) (26,0,0.000000000000) 
ipopt_sol:
size: 14 1
(0,0,0.186010643590) (1,0,0.009503840344) (2,0,0.252145020242) (3,0,0.269202971195) (4,0,1.029693063912) (5,0,0.194433687841) (6,0,0.563012355089) (7,0,0.549272658193) (8,0,0.000000000000) (9,0,0.000000000000) (10,0,0.703663327977) (11,0,0.000000000000) (12,0,0.190385785837) (13,0,0.534052571201) 
policy_sol:
size: 14 1
(0,0,0.000000000000) (1,0,0.009503835612) (2,0,0.064829918928) (3,0,0.532680203897) (4,0,1.029693049757) (5,0,0.458928856905) (6,0,0.377211399216) (7,0,0.549272654660) (8,0,0.000000000000) (9,0,0.000000000000) (10,0,0.516116770627) (11,0,0.000000000000) (12,0,0.190385791651) (13,0,0.534052567694) 

policy_converges:
1
ipopt_converges:
0
