solve status: 0
N:
size: 27 17
(0,0,0.001488450288) (1,0,-0.999998892257) (6,0,-0.001488450288) (7,0,0.999998892257) (0,1,-0.999968013422) (1,1,0.007998258087) (9,1,0.999968013422) (10,1,-0.007998258087) (0,2,-0.708310987252) (1,2,-0.705900520851) (12,2,0.708310987252) (13,2,0.705900520851) (0,3,-0.999998240122) (1,3,0.001876100418) (18,3,0.999998240122) (19,3,-0.001876100418) (3,4,0.004021643832) (4,4,-0.999991913158) (6,4,-0.004021643832) (7,4,0.999991913158) (3,5,-0.702048377230) (4,5,0.712129255142) (9,5,0.702048377230) (10,5,-0.712129255142) (3,6,-0.999997804779) (4,6,0.002095337011) (12,6,0.999997804779) (13,6,-0.002095337011) (3,7,-0.999997296576) (4,7,0.002325261590) (21,7,0.999997296576) (22,7,-0.002325261590) (6,8,-0.708416680088) (7,8,0.705794451220) (12,8,0.708416680088) (13,8,-0.705794451220) (6,9,-0.999999978073) (7,9,0.000209414111) (24,9,0.999999978073) (25,9,-0.000209414111) (9,10,-0.006544519919) (10,10,-0.999978584400) (12,10,0.006544519919) (13,10,0.999978584400) (12,11,-0.703500028768) (13,11,0.710695229704) (18,11,0.703500028768) (19,11,-0.710695229704) (12,12,-0.999996732792) (13,12,0.002556248400) (21,12,0.999996732792) (22,12,-0.002556248400) (12,13,-0.705990528259) (13,13,-0.708221274750) (24,13,0.705990528259) (25,13,0.708221274750) (15,14,-0.705402157926) (16,14,0.708807304980) (21,14,0.705402157926) (22,14,-0.708807304980) (15,15,-0.999996048921) (16,15,-0.002811074826) (24,15,0.999996048921) (25,15,0.002811074826) (21,16,-0.001326713970) (22,16,-0.999999119915) (24,16,0.001326713970) (25,16,0.999999119915) 
Q:
size: 17 17
(0,0,2.000000000000) (1,0,-0.009486651905) (2,0,0.704845453202) (3,0,-0.003364546009) (4,0,0.999996791441) (8,0,0.706848112393) (9,0,0.001697864134) (0,1,-0.009486651905) (1,1,2.000000000000) (2,1,0.702642356258) (3,1,0.999981259136) (5,1,0.707721714679) (10,1,0.001453776217) (0,2,0.704845453202) (1,2,0.702642356258) (2,2,2.000000000000) (3,2,0.706985400449) (6,2,0.706830332866) (8,2,0.003558647329) (10,2,0.710520958933) (11,2,0.003383332906) (12,2,-0.706504215976) (13,2,-0.999994614786) (0,3,-0.003364546009) (1,3,0.999981259136) (2,3,0.706985400449) (3,3,2.000000000000) (11,3,0.704832126311) (0,4,0.999996791441) (4,4,2.000000000000) (5,4,-0.714946884791) (6,4,-0.006116955070) (7,4,-0.006346875746) (8,4,0.708637743144) (9,4,0.004231056162) (1,5,0.707721714679) (4,5,-0.714946884791) (5,5,2.000000000000) (6,5,0.703538986863) (7,5,0.703702366099) (10,5,0.707519434878) (2,6,0.706830332866) (4,6,-0.006116955070) (5,6,0.703538986863) (6,6,2.000000000000) (7,6,0.999999973567) (8,6,0.709894002192) (10,6,0.004449213415) (11,6,-0.704987630448) (12,6,-0.999999893780) (13,6,-0.704505016205) (4,7,-0.006346875746) (5,7,0.703702366099) (6,7,0.999999973567) (7,7,2.000000000000) (12,7,0.999999973322) (14,7,0.707048413326) (16,7,0.000998549160) (0,8,0.706848112393) (2,8,0.003558647329) (4,8,0.708637743144) (6,8,0.709894002192) (8,8,2.000000000000) (9,8,0.708564467872) (10,8,-0.701143089135) (11,8,-0.999975904455) (12,8,-0.710218551480) (13,8,-0.000276820248) (0,9,0.001697864134) (4,9,0.004231056162) (8,9,0.708564467872) (9,9,2.000000000000) (13,9,0.705842201250) (15,9,0.999995438316) (16,9,0.001117300014) (1,10,0.001453776217) (2,10,0.710520958933) (5,10,0.707519434878) (6,10,0.004449213415) (8,10,-0.701143089135) (10,10,2.000000000000) (11,10,0.706075939788) (12,10,-0.003988304880) (13,10,-0.712826476842) (2,11,0.003383332906) (3,11,0.704832126311) (6,11,-0.704987630448) (8,11,-0.999975904455) (10,11,0.706075939788) (11,11,2.000000000000) (12,11,0.705314443831) (13,11,-0.006665124600) (2,12,-0.706504215976) (6,12,-0.999999893780) (7,12,0.999999973322) (8,12,-0.710218551480) (10,12,-0.003988304880) (11,12,0.705314443831) (12,12,2.000000000000) (13,12,0.704177832140) (14,12,0.707211740770) (16,12,0.001229536515) (2,13,-0.999994614786) (6,13,-0.704505016205) (8,13,-0.000276820248) (9,13,0.705842201250) (10,13,-0.712826476842) (11,13,-0.006665124600) (12,13,0.704177832140) (13,13,2.000000000000) (15,13,0.707978601831) (16,13,0.709157298952) (7,14,0.707048413326) (12,14,0.707211740770) (14,14,2.000000000000) (15,14,0.703406860456) (16,14,0.707870814271) (9,15,0.999995438316) (13,15,0.707978601831) (14,15,0.703406860456) (15,15,2.000000000000) (16,15,0.004137781080) (7,16,0.000998549160) (9,16,0.001117300014) (12,16,0.001229536515) (13,16,0.709157298952) (14,16,0.707870814271) (15,16,0.004137781080) (16,16,2.000000000000) 
Minv:
size: 27 27
(0,0,1.000000000000) (1,1,1.000000000000) (2,2,2.000000000000) (3,3,1.000000000000) (4,4,1.000000000000) (5,5,2.000000000000) (6,6,1.000000000000) (7,7,1.000000000000) (8,8,2.000000000000) (9,9,1.000000000000) (10,10,1.000000000000) (11,11,2.000000000000) (12,12,1.000000000000) (13,13,1.000000000000) (14,14,2.000000000000) (15,15,1.000000000000) (16,16,1.000000000000) (17,17,2.000000000000) (18,18,1.000000000000) (19,19,1.000000000000) (20,20,2.000000000000) (21,21,1.000000000000) (22,22,1.000000000000) (23,23,2.000000000000) (24,24,1.000000000000) (25,25,1.000000000000) (26,26,2.000000000000) 
v0:
size: 27 1
(0,0,0.905498482743) (1,0,-0.209815604317) (2,0,0.000000000000) (3,0,0.550843329097) (4,0,0.628810469637) (5,0,0.000000000000) (6,0,-0.329359139992) (7,0,-0.491032694825) (8,0,0.000000000000) (9,0,-0.458344084099) (10,0,0.372954018502) (11,0,0.000000000000) (12,0,0.141509195189) (13,0,0.189865618217) (14,0,0.000000000000) (15,0,0.697250324944) (16,0,0.817059349257) (17,0,0.000000000000) (18,0,-0.187827728385) (19,0,0.033337886786) (20,0,0.000000000000) (21,0,-0.048335543950) (22,0,0.576496979176) (23,0,0.000000000000) (24,0,-0.779847567821) (25,0,0.006784896752) (26,0,0.000000000000) 
ipopt_sol:
size: 17 1
(0,0,0.000000000000) (1,0,0.860939956376) (2,0,0.000000000000) (3,0,0.663318563607) (4,0,1.295379603921) (5,0,0.496881636725) (6,0,0.478459817541) (7,0,0.000000000000) (8,0,0.000000000000) (9,0,0.000000000000) (10,0,0.055170711825) (11,0,0.000000000000) (12,0,0.377769881211) (13,0,0.147933756591) (14,0,0.000000000000) (15,0,1.425937267239) (16,0,0.515045591121) 
policy_sol:
size: 17 1
(0,0,0.000000000000) (1,0,0.860939959101) (2,0,0.000000000000) (3,0,0.663318555202) (4,0,1.295379593348) (5,0,0.496881631100) (6,0,0.478459809724) (7,0,0.000000000000) (8,0,0.000000000000) (9,0,0.000000000000) (10,0,0.055170713979) (11,0,0.000000000000) (12,0,0.377769869551) (13,0,0.147933767114) (14,0,0.000000000000) (15,0,1.425937255012) (16,0,0.515045583873) 

policy_converges:
1
ipopt_converges:
0
