solve status: 0
N:
size: 27 17
(0,0,-0.711186736526) (1,0,-0.703003147781) (12,0,0.711186736526) (13,0,0.703003147781) (0,1,-0.999999425564) (1,1,0.001071854289) (18,1,0.999999425564) (19,1,-0.001071854289) (3,2,-0.706041334230) (4,2,0.708170625174) (9,2,0.706041334230) (10,2,-0.708170625174) (3,3,-0.999993491086) (4,3,0.003608016866) (12,3,0.999993491086) (13,3,-0.003608016866) (3,4,-0.999999996110) (4,4,-0.000088203487) (21,4,0.999999996110) (22,4,0.000088203487) (6,5,-0.707781840536) (7,5,0.706431076757) (12,5,0.707781840536) (13,5,-0.706431076757) (6,6,-0.999996248302) (7,6,0.002739230199) (15,6,0.999996248302) (16,6,-0.002739230199) (6,7,-0.999999717294) (7,7,-0.000751938899) (24,7,0.999999717294) (25,7,0.000751938899) (9,8,-0.004521180166) (10,8,-0.999989779413) (12,8,0.004521180166) (13,8,0.999989779413) (9,9,-0.000517068380) (10,9,-0.999999866320) (15,9,0.000517068380) (16,9,0.999999866320) (9,10,-0.999995887326) (10,10,0.002867983969) (18,10,0.999995887326) (19,10,-0.002867983969) (9,11,-0.706732313969) (10,11,-0.707481050200) (21,11,0.706732313969) (22,11,0.707481050200) (12,12,-0.706993097093) (13,12,0.707220447006) (18,12,0.706993097093) (19,12,-0.707220447006) (15,13,-0.706280019566) (16,13,0.707932577271) (21,13,0.706280019566) (22,13,-0.707932577271) (18,14,0.004317305139) (19,14,-0.999990680395) (21,14,-0.004317305139) (22,14,0.999990680395) (18,15,0.001734506793) (19,15,-0.999998495742) (24,15,-0.001734506793) (25,15,0.999998495742) (21,16,-0.000844146864) (22,16,-0.999999643708) (24,16,0.000844146864) (25,16,0.999999643708) 
Q:
size: 17 17
(0,0,2.000000000000) (1,0,0.710432811055) (3,0,0.708645660258) (5,0,0.006741786693) (8,0,0.706211366043) (12,0,-0.005625913048) (0,1,0.710432811055) (1,1,2.000000000000) (10,1,0.999998386953) (12,1,0.707750728240) (14,1,0.005389146959) (15,1,0.002806358473) (2,2,2.000000000000) (3,2,0.708591830227) (4,2,0.705978868365) (8,2,0.704971247178) (9,2,0.707805458857) (10,2,-0.708069452512) (11,2,0.002035071721) (0,3,0.708645660258) (2,3,0.708591830227) (3,3,2.000000000000) (4,3,0.999993168956) (5,3,0.710326048885) (8,3,0.000913170747) (12,3,-0.709540158637) (2,4,0.705978868365) (3,4,0.999993168956) (4,4,2.000000000000) (11,4,0.706794713515) (13,4,0.706217574697) (14,4,-0.004229102457) (16,4,-0.000932350317) (0,5,0.006741786693) (3,5,0.710326048885) (5,5,2.000000000000) (6,5,0.709714262491) (7,5,0.707250447435) (8,5,-0.703223847397) (12,5,-0.999999377389) (5,6,0.709714262491) (6,6,2.000000000000) (7,6,0.999993905863) (9,6,-0.002222163393) (13,6,-0.708216560112) (5,7,0.707250447435) (6,7,0.999993905863) (7,7,2.000000000000) (15,7,-0.000982568534) (16,7,0.001596085257) (0,8,0.706211366043) (2,8,0.704971247178) (3,8,0.000913170747) (5,8,-0.703223847397) (8,8,2.000000000000) (9,8,0.999991983494) (10,8,0.001653206915) (11,8,0.710669083449) (12,8,0.704016775629) (2,9,0.707805458857) (6,9,-0.002222163393) (8,9,0.999991983494) (9,9,2.000000000000) (10,9,-0.002350917332) (11,9,0.707846384557) (13,9,0.707567287569) (1,10,0.999998386953) (2,10,-0.708069452512) (8,10,0.001653206915) (9,10,-0.002350917332) (10,10,2.000000000000) (11,10,0.704700363099) (12,10,0.709018486365) (14,10,0.007185244623) (15,10,0.004602479314) (2,11,0.002035071721) (4,11,0.706794713515) (8,11,0.710669083449) (9,11,0.707846384557) (10,11,0.704700363099) (11,11,2.000000000000) (13,11,-0.001697970701) (14,11,0.704423277705) (16,11,-0.708077383997) (0,12,-0.005625913048) (1,12,0.707750728240) (3,12,-0.709540158637) (5,12,-0.999999377389) (8,12,0.704016775629) (10,12,0.709018486365) (12,12,2.000000000000) (14,12,0.710266160921) (15,12,0.708445667493) (4,13,0.706217574697) (6,13,-0.708216560112) (9,13,0.707567287569) (11,13,-0.001697970701) (13,13,2.000000000000) (14,13,-0.710975205977) (16,13,0.707336120976) (1,14,0.005389146959) (4,14,-0.004229102457) (10,14,0.007185244623) (11,14,0.704423277705) (12,14,0.710266160921) (13,14,-0.710975205977) (14,14,2.000000000000) (15,14,0.999996664546) (16,14,-0.999986679666) (1,15,0.002806358473) (7,15,-0.000982568534) (10,15,0.004602479314) (12,15,0.708445667493) (14,15,0.999996664546) (15,15,2.000000000000) (16,15,0.999996675272) (4,16,-0.000932350317) (7,16,0.001596085257) (11,16,-0.708077383997) (13,16,0.707336120976) (14,16,-0.999986679666) (15,16,0.999996675272) (16,16,2.000000000000) 
Minv:
size: 27 27
(0,0,1.000000000000) (1,1,1.000000000000) (2,2,2.000000000000) (3,3,1.000000000000) (4,4,1.000000000000) (5,5,2.000000000000) (6,6,1.000000000000) (7,7,1.000000000000) (8,8,2.000000000000) (9,9,1.000000000000) (10,10,1.000000000000) (11,11,2.000000000000) (12,12,1.000000000000) (13,13,1.000000000000) (14,14,2.000000000000) (15,15,1.000000000000) (16,16,1.000000000000) (17,17,2.000000000000) (18,18,1.000000000000) (19,19,1.000000000000) (20,20,2.000000000000) (21,21,1.000000000000) (22,22,1.000000000000) (23,23,2.000000000000) (24,24,1.000000000000) (25,25,1.000000000000) (26,26,2.000000000000) 
v0:
size: 27 1
(0,0,-0.063195703848) (1,0,-0.896071265641) (2,0,0.000000000000) (3,0,0.682707971433) (4,0,-0.658392632751) (5,0,0.000000000000) (6,0,0.927462773725) (7,0,-0.242983008103) (8,0,0.000000000000) (9,0,0.882280988038) (10,0,-0.090238548522) (11,0,0.000000000000) (12,0,-0.616364015514) (13,0,-0.654440631586) (14,0,0.000000000000) (15,0,0.593399632751) (16,0,-0.191544479927) (17,0,0.000000000000) (18,0,-0.747431705149) (19,0,0.059981913961) (20,0,0.000000000000) (21,0,-0.298864337885) (22,0,-0.562652377083) (23,0,0.000000000000) (24,0,0.779929472838) (25,0,-0.607728565804) (26,0,0.000000000000) 
ipopt_sol:
size: 17 1
(0,0,0.000000000000) (1,0,0.000000000000) (2,0,0.214909281295) (3,0,1.028025494778) (4,0,0.096768863190) (5,0,0.619291948348) (6,0,0.345587706250) (7,0,0.000000000000) (8,0,0.572133906216) (9,0,0.000000000000) (10,0,1.563992150054) (11,0,0.185637343105) (12,0,0.207695395319) (13,0,0.652752530326) (14,0,0.553944895197) (15,0,0.316217602675) (16,0,0.000000000000) 
policy_sol:
size: 17 1
(0,0,0.000000000000) (1,0,0.000000000000) (2,0,0.214402376039) (3,0,1.125152885372) (4,0,0.000000000000) (5,0,0.619291947066) (6,0,0.345587697665) (7,0,0.000000000000) (8,0,0.475761211581) (9,0,0.000000000000) (10,0,1.467717092426) (11,0,0.321972527864) (12,0,0.344459171658) (13,0,0.652752518884) (14,0,0.457497976776) (15,0,0.316217595615) (16,0,0.000000000000) 

policy_converges:
1
ipopt_converges:
0
