solve status: 0
N:
size: 27 13
(0,0,-0.999986565730) (1,0,0.005183469894) (9,0,0.999986565730) (10,0,-0.005183469894) (3,1,-0.001758512469) (4,1,-0.999998453816) (6,1,0.001758512469) (7,1,0.999998453816) (3,2,-0.707441675518) (4,2,0.706771728170) (9,2,0.707441675518) (10,2,-0.706771728170) (3,3,-0.999999836317) (4,3,-0.000572159683) (12,3,0.999999836317) (13,3,0.000572159683) (3,4,-0.707236253051) (4,4,-0.706977285612) (15,4,0.707236253051) (16,4,0.706977285612) (3,5,-0.999994454450) (4,5,0.003330325694) (21,5,0.999994454450) (22,5,-0.003330325694) (6,6,-0.999998935603) (7,6,-0.001459038485) (15,6,0.999998935603) (16,6,0.001459038485) (12,7,-0.707223814119) (13,7,0.706989728880) (18,7,0.707223814119) (19,7,-0.706989728880) (12,8,-0.999973887045) (13,8,0.007226702427) (21,8,0.999973887045) (22,8,-0.007226702427) (12,9,-0.710878130561) (13,9,-0.703315209199) (24,9,0.710878130561) (25,9,0.703315209199) (18,10,-0.002658252699) (19,10,-0.999996466840) (21,10,0.002658252699) (22,10,0.999996466840) (18,11,-0.001644690501) (19,11,-0.999998647496) (24,11,0.001644690501) (25,11,0.999998647496) (21,12,-0.000638651009) (22,12,-0.999999796062) (24,12,0.000638651009) (25,12,0.999999796062) 
Q:
size: 13 13
(0,0,2.000000000000) (2,0,0.711095701531) (1,1,2.000000000000) (2,1,-0.705526590363) (3,1,0.002330670980) (4,1,0.708219876264) (5,1,-0.001571817828) (6,1,-0.003217546826) (0,2,0.711095701531) (1,2,-0.705526590363) (2,2,2.000000000000) (3,2,0.707037173434) (4,2,0.000656841917) (5,2,0.709791532411) (1,3,0.002330670980) (2,3,0.707037173434) (3,3,2.000000000000) (4,3,0.707640641188) (5,3,0.999992385289) (7,3,-0.706819187339) (8,3,-0.999969588538) (9,3,-0.711280422810) (1,4,0.708219876264) (2,4,0.000656841917) (3,4,0.707640641188) (4,4,2.000000000000) (5,4,0.704877866418) (6,4,0.708267007338) (1,5,-0.001571817828) (2,5,0.709791532411) (3,5,0.999992385289) (4,5,0.704877866418) (5,5,2.000000000000) (8,5,0.999992408913) (10,5,-0.000672075970) (12,5,0.002691677548) (1,6,-0.003217546826) (4,6,0.708267007338) (6,6,2.000000000000) (3,7,-0.706819187339) (7,7,2.000000000000) (8,7,0.712314550806) (9,7,0.005513313801) (10,7,0.705107251360) (11,7,0.705825608384) (3,8,-0.999969588538) (5,8,0.999992408913) (7,8,0.712314550806) (8,8,2.000000000000) (9,8,0.705776917703) (10,8,-0.004568493610) (12,8,0.006588066622) (3,9,-0.711280422810) (7,9,0.005513313801) (8,9,0.705776917703) (9,9,2.000000000000) (11,9,0.704483432471) (12,9,0.703769068801) (5,10,-0.000672075970) (7,10,0.705107251360) (8,10,-0.004568493610) (10,10,2.000000000000) (11,10,0.999999486343) (12,10,-0.999997960599) (7,11,0.705825608384) (9,11,0.704483432471) (10,11,0.999999486343) (11,11,2.000000000000) (12,11,0.999999493942) (5,12,0.002691677548) (8,12,0.006588066622) (9,12,0.703769068801) (10,12,-0.999997960599) (11,12,0.999999493942) (12,12,2.000000000000) 
Minv:
size: 27 27
(0,0,1.000000000000) (1,1,1.000000000000) (2,2,2.000000000000) (3,3,1.000000000000) (4,4,1.000000000000) (5,5,2.000000000000) (6,6,1.000000000000) (7,7,1.000000000000) (8,8,2.000000000000) (9,9,1.000000000000) (10,10,1.000000000000) (11,11,2.000000000000) (12,12,1.000000000000) (13,13,1.000000000000) (14,14,2.000000000000) (15,15,1.000000000000) (16,16,1.000000000000) (17,17,2.000000000000) (18,18,1.000000000000) (19,19,1.000000000000) (20,20,2.000000000000) (21,21,1.000000000000) (22,22,1.000000000000) (23,23,2.000000000000) (24,24,1.000000000000) (25,25,1.000000000000) (26,26,2.000000000000) 
v0:
size: 27 1
(0,0,-0.672548339327) (1,0,-0.839403194367) (2,0,0.000000000000) (3,0,0.606497162767) (4,0,0.216381577105) (5,0,0.000000000000) (6,0,0.194671705695) (7,0,-0.463698467616) (8,0,0.000000000000) (9,0,-0.804308876206) (10,0,-0.565074210744) (11,0,0.000000000000) (12,0,0.449557121405) (13,0,-0.450662007663) (14,0,0.000000000000) (15,0,-0.991030208822) (16,0,0.587232950349) (17,0,0.000000000000) (18,0,-0.339370627342) (19,0,0.273404766204) (20,0,0.000000000000) (21,0,-0.212141409792) (22,0,0.121263834108) (23,0,0.000000000000) (24,0,-0.192260426188) (25,0,-0.627373761987) (26,0,0.000000000000) 
ipopt_sol:
size: 13 1
(0,0,0.000000000000) (1,0,0.839379799250) (2,0,0.446876806743) (3,0,0.834405108207) (4,0,0.000000000000) (5,0,0.000000000000) (6,0,1.185517678522) (7,0,1.179016150981) (8,0,0.486456644681) (9,0,0.495287919951) (10,0,0.016129663574) (11,0,0.015357616601) (12,0,0.573124193850) 
policy_sol:
size: 13 1
(0,0,0.000000000000) (1,0,0.839379794255) (2,0,0.446876802573) (3,0,0.834405095001) (4,0,0.000000000000) (5,0,0.000000000000) (6,0,1.185517674973) (7,0,1.178993071399) (8,0,0.486489210172) (9,0,0.495265054440) (10,0,0.000000000000) (11,0,0.031503562048) (12,0,0.556994348606) 

policy_converges:
1
ipopt_converges:
0
