solve status: 0
N:
size: 27 17
(0,0,-0.006993579500) (1,0,-0.999975544624) (3,0,0.006993579500) (4,0,0.999975544624) (0,1,-0.001016561946) (1,1,-0.999999483301) (6,1,0.001016561946) (7,1,0.999999483301) (0,2,-0.707444230393) (1,2,-0.706769170864) (12,2,0.707444230393) (13,2,0.706769170864) (0,3,-0.999993943028) (1,3,-0.003480503793) (18,3,0.999993943028) (19,3,0.003480503793) (3,4,-0.706429632368) (4,4,0.707783282165) (9,4,0.706429632368) (10,4,-0.707783282165) (3,5,-0.999999997546) (4,5,0.000070058379) (12,5,0.999999997546) (13,5,-0.000070058379) (3,6,-0.999998109720) (4,6,-0.001944365259) (21,6,0.999998109720) (22,6,0.001944365259) (6,7,-0.704447706793) (7,7,0.709755893525) (12,7,0.704447706793) (13,7,-0.709755893525) (6,8,-0.999998693364) (7,8,0.001616561372) (15,8,0.999998693364) (16,8,-0.001616561372) (9,9,-0.001628044559) (10,9,-0.999998674735) (15,9,0.001628044559) (16,9,0.999998674735) (9,10,-0.999993841364) (10,10,-0.003509591862) (18,10,0.999993841364) (19,10,0.003509591862) (9,11,-0.707472778294) (10,11,-0.706740594541) (21,11,0.707472778294) (22,11,0.706740594541) (12,12,-0.003984457057) (13,12,-0.999992062019) (15,12,0.003984457057) (16,12,0.999992062019) (12,13,-0.710353144911) (13,13,0.703845444338) (18,13,0.710353144911) (19,13,-0.703845444338) (18,14,-0.000066445519) (19,14,-0.999999997792) (21,14,0.000066445519) (22,14,0.999999997792) (18,15,-0.002872192890) (19,15,-0.999995875245) (24,15,0.002872192890) (25,15,0.999995875245) (21,16,-0.005657772403) (22,16,-0.999983994678) (24,16,0.005657772403) (25,16,0.999983994678) 
Q:
size: 17 17
(0,0,2.000000000000) (1,0,0.999982137344) (2,0,0.711699454025) (3,0,0.010473955815) (4,0,0.702825501263) (5,0,-0.006923522817) (6,0,-0.008937883988) (0,1,0.999982137344) (1,1,2.000000000000) (2,1,0.707487966561) (3,1,0.004497057783) (7,1,0.709039412063) (8,1,0.000599999919) (0,2,0.711699454025) (1,2,0.707487966561) (2,2,2.000000000000) (3,2,0.709899858203) (5,2,0.707394713554) (7,2,-0.003276118598) (12,2,-0.709582341700) (13,2,-0.005078972798) (0,3,0.010473955815) (1,3,0.004497057783) (2,3,0.709899858203) (3,3,2.000000000000) (10,3,0.999999999577) (13,3,0.707899105584) (14,3,-0.003546948901) (15,3,-0.006352664930) (0,4,0.702825501263) (4,4,2.000000000000) (5,4,0.706479216784) (6,4,0.705052107794) (9,4,0.706632245245) (10,4,-0.703941251278) (11,4,0.000439442962) (0,5,-0.006923522817) (2,5,0.707394713554) (4,5,0.706479216784) (5,5,2.000000000000) (6,5,0.999997971047) (7,5,0.704497429412) (12,5,-0.003914399224) (13,5,-0.710402453439) (0,6,-0.008937883988) (4,6,0.705052107794) (5,6,0.999997971047) (6,6,2.000000000000) (11,6,0.708845602831) (14,6,0.002010810647) (16,6,-0.007602095847) (1,7,0.709039412063) (2,7,-0.003276118598) (5,7,0.704497429412) (7,7,2.000000000000) (8,7,0.705594150298) (12,7,0.706943417860) (13,7,-0.999965096196) (1,8,0.000599999919) (7,8,0.705594150298) (8,8,2.000000000000) (9,8,0.000011483202) (12,8,0.002367903311) (4,9,0.706632245245) (8,9,0.000011483202) (9,9,2.000000000000) (10,9,0.005137621743) (11,9,0.707891455130) (12,9,0.999997223638) (3,10,0.999999999577) (4,10,-0.703941251278) (9,10,0.005137621743) (10,10,2.000000000000) (11,10,0.709948792266) (13,10,0.707878559860) (14,10,-0.003576036964) (15,10,-0.006381752588) (4,11,0.000439442962) (6,11,0.708845602831) (9,11,0.707891455130) (10,11,0.709948792266) (11,11,2.000000000000) (14,11,0.706787601377) (16,11,-0.710732002892) (2,12,-0.709582341700) (5,12,-0.003914399224) (7,12,0.706943417860) (8,12,0.002367903311) (9,12,0.999997223638) (12,12,2.000000000000) (13,12,-0.701009485625) (2,13,-0.005078972798) (3,13,0.707899105584) (5,13,-0.710402453439) (7,13,-0.999965096196) (10,13,0.707878559860) (12,13,-0.701009485625) (13,13,2.000000000000) (14,13,0.703798243001) (15,13,0.701802269896) (3,14,-0.003546948901) (6,14,0.002010810647) (10,14,-0.003576036964) (11,14,0.706787601377) (13,14,0.703798243001) (14,14,2.000000000000) (15,14,0.999996063882) (16,14,-0.999984368404) (3,15,-0.006352664930) (10,15,-0.006381752588) (13,15,0.701802269896) (14,15,0.999996063882) (15,15,2.000000000000) (16,15,0.999996120203) (6,16,-0.007602095847) (11,16,-0.710732002892) (14,16,-0.999984368404) (15,16,0.999996120203) (16,16,2.000000000000) 
Minv:
size: 27 27
(0,0,1.000000000000) (1,1,1.000000000000) (2,2,2.000000000000) (3,3,1.000000000000) (4,4,1.000000000000) (5,5,2.000000000000) (6,6,1.000000000000) (7,7,1.000000000000) (8,8,2.000000000000) (9,9,1.000000000000) (10,10,1.000000000000) (11,11,2.000000000000) (12,12,1.000000000000) (13,13,1.000000000000) (14,14,2.000000000000) (15,15,1.000000000000) (16,16,1.000000000000) (17,17,2.000000000000) (18,18,1.000000000000) (19,19,1.000000000000) (20,20,2.000000000000) (21,21,1.000000000000) (22,22,1.000000000000) (23,23,2.000000000000) (24,24,1.000000000000) (25,25,1.000000000000) (26,26,2.000000000000) 
v0:
size: 27 1
(0,0,0.483744812416) (1,0,0.847892189975) (2,0,0.000000000000) (3,0,0.997872217172) (4,0,-0.988540779886) (5,0,0.000000000000) (6,0,-0.258691675048) (7,0,-0.145543636058) (8,0,0.000000000000) (9,0,0.538838707439) (10,0,0.628095628479) (11,0,0.000000000000) (12,0,-0.684994943462) (13,0,0.716108381955) (14,0,0.000000000000) (15,0,-0.334895551941) (16,0,0.376168010895) (17,0,0.000000000000) (18,0,-0.708051045229) (19,0,0.903793560622) (20,0,0.000000000000) (21,0,0.127578457431) (22,0,0.440979636763) (23,0,0.000000000000) (24,0,0.894470327288) (25,0,-0.613061190952) (26,0,0.000000000000) 
ipopt_sol:
size: 17 1
(0,0,1.395798060515) (1,0,0.172159266049) (2,0,0.000000000000) (3,0,0.545108038246) (4,0,1.002403418467) (5,0,1.212026155709) (6,0,0.000000000000) (7,0,0.346718463614) (8,0,0.000000000000) (9,0,0.000000000000) (10,0,1.285802592566) (11,0,0.125376330172) (12,0,0.218359723859) (13,0,0.000000000000) (14,0,0.000000000000) (15,0,1.294613168857) (16,0,0.446935464890) 
policy_sol:
size: 17 1
(0,0,1.395798062020) (1,0,0.172159259865) (2,0,0.000000000000) (3,0,0.545108030548) (4,0,1.002403413052) (5,0,1.212026150746) (6,0,0.000000000000) (7,0,0.346718468998) (8,0,0.000000000000) (9,0,0.000000000000) (10,0,1.285802593751) (11,0,0.125376322200) (12,0,0.218359723987) (13,0,0.000000000000) (14,0,0.000000000000) (15,0,1.294613156044) (16,0,0.446935473487) 

policy_converges:
1
ipopt_converges:
0
