solve status: 0
N:
size: 27 16
(0,0,0.002314909281) (1,0,-0.999997320594) (6,0,-0.002314909281) (7,0,0.999997320594) (3,1,0.002099859778) (4,1,-0.999997795292) (6,1,-0.002099859778) (7,1,0.999997795292) (3,2,-0.709043570983) (4,2,-0.705164671866) (15,2,0.709043570983) (16,2,0.705164671866) (3,3,-0.999996221839) (4,3,0.002748873725) (21,3,0.999996221839) (22,3,-0.002748873725) (6,4,-0.705389249056) (7,4,0.708820151602) (12,4,0.705389249056) (13,4,-0.708820151602) (6,5,-0.999976220807) (7,5,0.006896217851) (15,5,0.999976220807) (16,5,-0.006896217851) (9,6,-0.999998631825) (10,6,-0.001654191374) (18,6,0.999998631825) (19,6,0.001654191374) (9,7,-0.711856279322) (10,7,-0.702325165141) (21,7,0.711856279322) (22,7,0.702325165141) (12,8,-0.004433664834) (13,8,-0.999990171260) (15,8,0.004433664834) (16,8,0.999990171260) (12,9,-0.708484379105) (13,9,0.705726494163) (18,9,0.708484379105) (19,9,-0.705726494163) (12,10,-0.999990460174) (13,10,0.004368015590) (21,10,0.999990460174) (22,10,-0.004368015590) (12,11,-0.712215971190) (13,11,-0.701960405139) (24,11,0.712215971190) (25,11,0.701960405139) (15,12,-0.709167696345) (16,12,0.705039841754) (21,12,0.709167696345) (22,12,-0.705039841754) (18,13,-0.007335511879) (19,13,-0.999973094771) (21,13,0.007335511879) (22,13,0.999973094771) (18,14,-0.004020534846) (19,14,-0.999991917617) (24,14,0.004020534846) (25,14,0.999991917617) (21,15,-0.000725945985) (22,15,-0.999999736501) (24,15,0.000725945985) (25,15,0.999999736501) 
Q:
size: 16 16
(0,0,2.000000000000) (1,0,0.999999976877) (4,0,0.710451164504) (5,0,0.009211053608) (0,1,0.999999976877) (1,1,2.000000000000) (2,1,0.703674225108) (3,1,-0.004848719509) (4,1,0.710299807372) (5,1,0.008996012492) (1,2,0.703674225108) (2,2,2.000000000000) (3,2,0.707102483464) (5,2,0.704163741301) (8,2,0.708301402532) (12,2,-0.005661607180) (1,3,-0.004848719509) (2,3,0.707102483464) (3,3,2.000000000000) (7,3,0.709922986622) (10,3,0.999998689173) (12,3,0.711103082492) (13,3,0.004586684398) (15,3,0.002022929758) (0,4,0.710451164504) (1,4,0.710299807372) (4,4,2.000000000000) (5,4,0.710260653652) (8,4,0.705685725284) (9,4,-0.999990424727) (10,4,-0.708478657238) (11,4,-0.004825808295) (0,5,0.009211053608) (1,5,0.008996012492) (2,5,0.704163741301) (4,5,0.710260653652) (5,5,2.000000000000) (8,5,-0.002462590665) (12,5,-0.714012941252) (6,6,2.000000000000) (7,6,0.713017085607) (9,6,0.707316003095) (13,6,-0.008989648711) (14,6,-0.005674707349) (3,7,0.709922986622) (6,7,0.713017085607) (7,7,2.000000000000) (10,7,0.708781721066) (12,7,0.009658254445) (13,7,0.707528099115) (15,7,-0.702841749287) (2,8,0.708301402532) (4,8,0.705685725284) (5,8,-0.002462590665) (8,8,2.000000000000) (9,8,-0.702578375484) (10,8,0.000065649879) (11,8,0.705111232658) (12,8,0.701888700223) (4,9,-0.999990424727) (6,9,0.707316003095) (8,9,-0.702578375484) (9,9,2.000000000000) (10,9,0.711560244617) (11,9,0.009201834377) (13,9,0.700510410851) (14,9,0.702872304078) (3,10,0.999998689173) (4,10,-0.708478657238) (7,10,0.708781721066) (8,10,0.000065649879) (9,10,0.711560244617) (10,10,2.000000000000) (11,10,0.709143002780) (12,10,0.712240556030) (13,10,0.002967543832) (15,10,0.003642075379) (4,11,-0.004825808295) (8,11,0.705111232658) (9,11,0.009201834377) (10,11,0.709143002780) (11,11,2.000000000000) (14,11,0.704818220756) (15,11,0.702477250498) (2,12,-0.005661607180) (3,12,0.711103082492) (5,12,-0.714012941252) (7,12,0.009658254445) (8,12,0.701888700223) (10,12,0.712240556030) (12,12,2.000000000000) (13,12,-0.699818764434) (15,12,0.704524838534) (3,13,0.004586684398) (6,13,-0.008989648711) (7,13,0.707528099115) (9,13,0.700510410851) (10,13,0.002967543832) (12,13,-0.699818764434) (13,13,2.000000000000) (14,13,0.999994505286) (15,13,-0.999978156464) (6,14,-0.005674707349) (9,14,0.702872304078) (11,14,0.704818220756) (13,14,0.999994505286) (14,14,2.000000000000) (15,14,0.999994572812) (3,15,0.002022929758) (7,15,-0.702841749287) (10,15,0.003642075379) (11,15,0.702477250498) (12,15,0.704524838534) (13,15,-0.999978156464) (14,15,0.999994572812) (15,15,2.000000000000) 
Minv:
size: 27 27
(0,0,1.000000000000) (1,1,1.000000000000) (2,2,2.000000000000) (3,3,1.000000000000) (4,4,1.000000000000) (5,5,2.000000000000) (6,6,1.000000000000) (7,7,1.000000000000) (8,8,2.000000000000) (9,9,1.000000000000) (10,10,1.000000000000) (11,11,2.000000000000) (12,12,1.000000000000) (13,13,1.000000000000) (14,14,2.000000000000) (15,15,1.000000000000) (16,16,1.000000000000) (17,17,2.000000000000) (18,18,1.000000000000) (19,19,1.000000000000) (20,20,2.000000000000) (21,21,1.000000000000) (22,22,1.000000000000) (23,23,2.000000000000) (24,24,1.000000000000) (25,25,1.000000000000) (26,26,2.000000000000) 
v0:
size: 27 1
(0,0,-0.744532049471) (1,0,-0.071954327929) (2,0,0.000000000000) (3,0,0.239013907510) (4,0,0.597151164165) (5,0,0.000000000000) (6,0,0.738250098050) (7,0,-0.091444866734) (8,0,0.000000000000) (9,0,-0.084154106055) (10,0,-0.523058414934) (11,0,0.000000000000) (12,0,0.764087296784) (13,0,0.516097971433) (14,0,0.000000000000) (15,0,0.431934675225) (16,0,0.030742029507) (17,0,0.000000000000) (18,0,-0.488012343755) (19,0,-0.167515116436) (20,0,0.000000000000) (21,0,-0.794196262143) (22,0,-0.616614335361) (23,0,0.000000000000) (24,0,0.968544822309) (25,0,-0.838435825262) (26,0,0.000000000000) 
ipopt_sol:
size: 16 1
(0,0,0.000000000000) (1,0,0.396403943828) (2,0,0.000000000000) (3,0,0.142094679376) (4,0,0.826493220309) (5,0,0.012095228938) (6,0,0.406618371926) (7,0,0.000000000000) (8,0,0.195158296724) (9,0,0.000000000000) (10,0,1.772864455646) (11,0,0.000000000000) (12,0,0.000000000000) (13,0,0.745038313730) (14,0,0.000000000000) (15,0,0.589680628090) 
policy_sol:
size: 16 1
(0,0,0.000000000000) (1,0,0.378389339460) (2,0,0.000000000000) (3,0,0.000000000000) (4,0,0.876470045459) (5,0,-0.005503093171) (6,0,0.406838273654) (7,0,0.000000000000) (8,0,0.251143477678) (9,0,0.000000000000) (10,0,1.935430395634) (11,0,-0.208892315309) (12,0,0.000000000000) (13,0,0.793963207001) (14,0,0.000000000000) (15,0,0.687361266614) 

policy_converges:
0
ipopt_converges:
0
