solve status: 0
N:
size: 27 13
(0,0,-0.003585667306) (1,0,-0.999993571474) (3,0,0.003585667306) (4,0,0.999993571474) (0,1,-0.001823081931) (1,1,-0.999998338185) (6,1,0.001823081931) (7,1,0.999998338185) (0,2,-0.999999850478) (1,2,-0.000546849036) (9,2,0.999999850478) (10,2,0.000546849036) (0,3,-0.999999976378) (1,3,-0.000217357403) (18,3,0.999999976378) (19,3,0.000217357403) (3,4,-0.000058062561) (4,4,-0.999999998314) (6,4,0.000058062561) (7,4,0.999999998314) (3,5,-0.710582276115) (4,5,-0.703614119295) (15,5,0.710582276115) (16,5,0.703614119295) (6,6,-0.704979661061) (7,6,0.709227521667) (12,6,0.704979661061) (13,6,-0.709227521667) (12,7,-0.005200960531) (13,7,-0.999986474913) (15,7,0.005200960531) (16,7,0.999986474913) (12,8,-0.999988420731) (13,8,0.004812318006) (21,8,0.999988420731) (22,8,-0.004812318006) (12,9,-0.707437471893) (13,9,-0.706775935754) (24,9,0.707437471893) (25,9,0.706775935754) (15,10,-0.705933541701) (16,10,0.708278077242) (21,10,0.705933541701) (22,10,-0.708278077242) (18,11,-0.000534399126) (19,11,-0.999999857209) (24,11,0.000534399126) (25,11,0.999999857209) (21,12,0.001328978975) (22,12,-0.999999116907) (24,12,-0.001328978975) (25,12,0.999999116907) 
Q:
size: 13 13
(0,0,2.000000000000) (1,0,0.999998446635) (2,0,0.004132512291) (3,0,0.003803023226) (4,0,-0.999993777982) (5,0,-0.706157507729) (0,1,0.999998446635) (1,1,2.000000000000) (2,1,0.002369929786) (3,1,0.002040438929) (4,1,0.999998442352) (6,1,0.707941107381) (0,2,0.004132512291) (1,2,0.002369929786) (2,2,2.000000000000) (3,2,0.999999945718) (0,3,0.003803023226) (1,3,0.002040438929) (2,3,0.999999945718) (3,3,2.000000000000) (11,3,-0.000751756485) (0,4,-0.999993777982) (1,4,0.999998442352) (4,4,2.000000000000) (5,4,0.703655376336) (6,4,0.709186587547) (0,5,-0.706157507729) (4,5,0.703655376336) (5,5,2.000000000000) (7,5,0.707300313225) (10,5,-0.003269407313) (1,6,0.707941107381) (4,6,0.709186587547) (6,6,2.000000000000) (7,6,0.705551357911) (8,6,-0.708384526285) (9,6,0.002535916131) (5,7,0.707300313225) (6,7,0.705551357911) (7,7,2.000000000000) (8,7,0.000388647389) (9,7,0.710445730918) (10,7,0.704596965232) (6,8,-0.708384526285) (7,8,0.000388647389) (8,8,2.000000000000) (9,8,0.704028049723) (10,8,0.709333826850) (12,8,0.006141277342) (6,9,0.002535916131) (7,9,0.710445730918) (8,9,0.704028049723) (9,9,2.000000000000) (11,9,0.707153888799) (12,9,0.705835142079) (5,10,-0.003269407313) (7,10,0.704596965232) (8,10,0.709333826850) (10,10,2.000000000000) (12,10,0.709215622601) (3,11,-0.000751756485) (9,11,0.707153888799) (11,11,2.000000000000) (12,11,0.999998263911) (8,12,0.006141277342) (9,12,0.705835142079) (10,12,0.709215622601) (11,12,0.999998263911) (12,12,2.000000000000) 
Minv:
size: 27 27
(0,0,1.000000000000) (1,1,1.000000000000) (2,2,2.000000000000) (3,3,1.000000000000) (4,4,1.000000000000) (5,5,2.000000000000) (6,6,1.000000000000) (7,7,1.000000000000) (8,8,2.000000000000) (9,9,1.000000000000) (10,10,1.000000000000) (11,11,2.000000000000) (12,12,1.000000000000) (13,13,1.000000000000) (14,14,2.000000000000) (15,15,1.000000000000) (16,16,1.000000000000) (17,17,2.000000000000) (18,18,1.000000000000) (19,19,1.000000000000) (20,20,2.000000000000) (21,21,1.000000000000) (22,22,1.000000000000) (23,23,2.000000000000) (24,24,1.000000000000) (25,25,1.000000000000) (26,26,2.000000000000) 
v0:
size: 27 1
(0,0,0.293322863678) (1,0,0.152457281852) (2,0,0.000000000000) (3,0,-0.857379782960) (4,0,0.059254485423) (5,0,0.000000000000) (6,0,-0.948295273225) (7,0,-0.338263249817) (8,0,0.000000000000) (9,0,-0.544394468652) (10,0,-0.897728707905) (11,0,0.000000000000) (12,0,-0.011074629912) (13,0,0.777118351131) (14,0,0.000000000000) (15,0,-0.768763068048) (16,0,-0.690473704542) (17,0,0.000000000000) (18,0,0.249351297332) (19,0,-0.008649871275) (20,0,0.000000000000) (21,0,-0.724646418560) (22,0,0.527165490618) (23,0,0.000000000000) (24,0,0.618779483490) (25,0,-0.195619167697) (26,0,0.000000000000) 
ipopt_sol:
size: 13 1
(0,0,0.392475788351) (1,0,0.000000000000) (2,0,0.837480549771) (3,0,0.000000000000) (4,0,0.593759698569) (5,0,0.000000000000) (6,0,0.000000000000) (7,0,1.471374986216) (8,0,0.709856556098) (9,0,0.000000000000) (10,0,0.000000000000) (11,0,0.000000000000) (12,0,0.722389703889) 
policy_sol:
size: 13 1
(0,0,0.392475778397) (1,0,0.000000000000) (2,0,0.837480544780) (3,0,0.000000000000) (4,0,0.593759681558) (5,0,0.000000000000) (6,0,0.000000000000) (7,0,1.471374972077) (8,0,0.709856552613) (9,0,0.000000000000) (10,0,0.000000000000) (11,0,0.000000000000) (12,0,0.722389691825) 

policy_converges:
1
ipopt_converges:
0
