solve status: 0
N:
size: 27 12
(0,0,-0.001861210138) (1,0,-0.999998267947) (6,0,0.001861210138) (7,0,0.999998267947) (0,1,-0.999999736320) (1,1,0.000726195867) (9,1,0.999999736320) (10,1,-0.000726195867) (0,2,-0.709084302447) (1,2,-0.705123713985) (12,2,0.709084302447) (13,2,0.705123713985) (0,3,-0.999999450789) (1,3,-0.001048055835) (18,3,0.999999450789) (19,3,0.001048055835) (3,4,-0.005964438784) (4,4,-0.999982212577) (6,4,0.005964438784) (7,4,0.999982212577) (3,5,-0.707265650658) (4,5,-0.706947876013) (15,5,0.707265650658) (16,5,0.706947876013) (6,6,-0.706917536182) (7,6,0.707295975556) (12,6,0.706917536182) (13,6,-0.707295975556) (6,7,-0.999986800896) (7,7,0.005137901597) (15,7,0.999986800896) (16,7,-0.005137901597) (6,8,-0.999999226325) (7,8,0.001243925330) (24,8,0.999999226325) (25,8,-0.001243925330) (9,9,-0.006567904468) (10,9,-0.999978431083) (12,9,0.006567904468) (13,9,0.999978431083) (15,10,-0.999996607957) (16,10,-0.002604625706) (24,10,0.999996607957) (25,10,0.002604625706) (18,11,-0.004347247500) (19,11,-0.999990550675) (21,11,0.004347247500) (22,11,0.999990550675) 
Q:
size: 12 12
(0,0,2.000000000000) (1,0,0.001135015038) (2,0,0.706442247565) (3,0,0.002909263136) (4,0,0.999991581628) (6,0,0.705979028397) (7,0,0.003276707126) (8,0,-0.000617285523) (0,1,0.001135015038) (1,1,2.000000000000) (2,1,0.708572057548) (3,1,0.999998426015) (9,1,-0.005841722532) (0,2,0.706442247565) (1,2,0.708572057548) (2,2,2.000000000000) (3,2,0.709822922033) (6,2,0.002532962861) (9,2,0.709765703188) (0,3,0.002909263136) (1,3,0.999998426015) (2,3,0.709822922033) (3,3,2.000000000000) (11,3,-0.005395291045) (0,4,0.999991581628) (4,4,2.000000000000) (5,4,0.711153743910) (6,4,0.703067028214) (7,4,-0.000826549851) (8,4,-0.004720530965) (4,5,0.711153743910) (5,5,2.000000000000) (7,5,0.703624086764) (10,5,-0.709104586193) (0,6,0.705979028397) (2,6,0.002532962861) (4,6,0.703067028214) (6,6,2.000000000000) (7,6,0.710542222627) (8,6,0.707796812637) (9,6,-0.702637753104) (0,7,0.003276707126) (4,7,-0.000826549851) (5,7,0.703624086764) (6,7,0.710542222627) (7,7,2.000000000000) (8,7,0.999992418397) (10,7,-0.999970026587) (0,8,-0.000617285523) (4,8,-0.004720530965) (6,8,0.707796812637) (7,8,0.999992418397) (8,8,2.000000000000) (10,8,0.999992594324) (1,9,-0.005841722532) (2,9,0.709765703188) (6,9,-0.702637753104) (9,9,2.000000000000) (5,10,-0.709104586193) (7,10,-0.999970026587) (8,10,0.999992594324) (10,10,2.000000000000) (3,11,-0.005395291045) (11,11,2.000000000000) 
Minv:
size: 27 27
(0,0,1.000000000000) (1,1,1.000000000000) (2,2,2.000000000000) (3,3,1.000000000000) (4,4,1.000000000000) (5,5,2.000000000000) (6,6,1.000000000000) (7,7,1.000000000000) (8,8,2.000000000000) (9,9,1.000000000000) (10,10,1.000000000000) (11,11,2.000000000000) (12,12,1.000000000000) (13,13,1.000000000000) (14,14,2.000000000000) (15,15,1.000000000000) (16,16,1.000000000000) (17,17,2.000000000000) (18,18,1.000000000000) (19,19,1.000000000000) (20,20,2.000000000000) (21,21,1.000000000000) (22,22,1.000000000000) (23,23,2.000000000000) (24,24,1.000000000000) (25,25,1.000000000000) (26,26,2.000000000000) 
v0:
size: 27 1
(0,0,0.399974684822) (1,0,0.162227596082) (2,0,0.000000000000) (3,0,-0.597975344441) (4,0,0.907137392051) (5,0,0.000000000000) (6,0,0.654308186342) (7,0,-0.707081729040) (8,0,0.000000000000) (9,0,-0.849015615575) (10,0,-0.509671261753) (11,0,0.000000000000) (12,0,-0.370241316018) (13,0,-0.851959074601) (14,0,0.000000000000) (15,0,-0.260355825196) (16,0,0.192372942744) (17,0,0.000000000000) (18,0,0.363810868505) (19,0,-0.423070437528) (20,0,0.000000000000) (21,0,0.438119875553) (22,0,-0.965876935569) (23,0,0.000000000000) (24,0,-0.528751882907) (25,0,0.895559326740) (26,0,0.000000000000) 
ipopt_sol:
size: 12 1
(0,0,0.000000000000) (1,0,0.918343327277) (2,0,0.931990054653) (3,0,0.000000000000) (4,0,1.609194427053) (5,0,0.000000000000) (6,0,0.000000000000) (7,0,0.434020965927) (8,0,0.971842016656) (9,0,0.011070947905) (10,0,0.000000000000) (11,0,0.542478329214) 
policy_sol:
size: 12 1
(0,0,0.000000000000) (1,0,0.918343325400) (2,0,0.931990045877) (3,0,0.000000000000) (4,0,1.609194414960) (5,0,0.000000000000) (6,0,0.000000000000) (7,0,0.434020968820) (8,0,0.971842006659) (9,0,0.011070954520) (10,0,0.000000000000) (11,0,0.542478329241) 

policy_converges:
1
ipopt_converges:
0
