solve status: 0
N:
size: 27 16
(0,0,-0.711844865631) (1,0,-0.702336733537) (12,0,0.711844865631) (13,0,0.702336733537) (3,1,-0.004071260696) (4,1,-0.999991712384) (6,1,0.004071260696) (7,1,0.999991712384) (3,2,-0.706180375758) (4,2,-0.708031974486) (15,2,0.706180375758) (16,2,0.708031974486) (3,3,-0.999994600904) (4,3,-0.003286055758) (21,3,0.999994600904) (22,3,0.003286055758) (6,4,-0.999974948266) (7,4,0.007078336051) (15,4,0.999974948266) (16,4,-0.007078336051) (6,5,-0.999999977712) (7,5,0.000211130443) (24,5,0.999999977712) (25,5,-0.000211130443) (9,6,0.001340419693) (10,6,-0.999999101637) (12,6,-0.001340419693) (13,6,0.999999101637) (9,7,-0.999980060314) (10,7,-0.006314980197) (18,7,0.999980060314) (19,7,0.006314980197) (9,8,-0.705277728305) (10,8,-0.708931115100) (21,8,0.705277728305) (22,8,0.708931115100) (12,9,-0.709650396450) (13,9,0.704553982898) (18,9,0.709650396450) (19,9,-0.704553982898) (12,10,-0.999979625149) (13,10,-0.006383516836) (21,10,0.999979625149) (22,10,0.006383516836) (12,11,-0.704168475666) (13,11,-0.710032927319) (24,11,0.704168475666) (25,11,0.710032927319) (15,12,-0.711304468862) (16,12,0.702884024983) (21,12,0.711304468862) (22,12,-0.702884024983) (15,13,-0.999978256878) (16,13,-0.006594374164) (24,13,0.999978256878) (25,13,0.006594374164) (18,14,0.000674875513) (19,14,-0.999999772271) (24,14,-0.000674875513) (25,14,0.999999772271) (21,15,0.003024707268) (22,15,-0.999995425563) (24,15,-0.003024707268) (25,15,0.999995425563) 
Q:
size: 16 16
(0,0,2.000000000000) (6,0,0.701381931707) (9,0,-0.010326848157) (10,0,-0.716313740261) (11,0,-0.999940920819) (1,1,2.000000000000) (2,1,0.710901150997) (3,1,0.007357267240) (4,1,0.003007118685) (5,1,-0.003860131912) (1,2,0.710901150997) (2,2,2.000000000000) (3,2,0.708503195569) (4,2,0.701150996464) (12,2,-0.004644893056) (13,2,-0.710834048952) (1,3,0.007357267240) (2,3,0.708503195569) (3,3,2.000000000000) (8,3,0.707603507616) (10,3,0.999995202755) (12,3,0.708990912364) (15,3,-0.000261349789) (1,4,0.003007118685) (2,4,0.701150996464) (4,4,2.000000000000) (5,4,0.999976420430) (12,4,-0.716261898786) (13,4,-0.999906528492) (1,5,-0.003860131912) (4,5,0.999976420430) (5,5,2.000000000000) (11,5,0.704018550405) (13,5,0.999976842318) (14,5,-0.000886005894) (15,5,-0.003235836678) (0,6,0.701381931707) (6,6,2.000000000000) (7,6,0.004974581559) (8,6,0.707985110066) (9,6,0.705504579320) (10,6,-0.005043118720) (11,6,-0.709088408160) (6,7,0.004974581559) (7,7,2.000000000000) (8,7,0.709740551242) (9,7,0.705187001794) (14,7,-0.005640116703) (3,8,0.707603507616) (6,8,0.707985110066) (7,8,0.709740551242) (8,8,2.000000000000) (10,8,0.709788832086) (12,8,0.003370844316) (15,8,-0.706794613468) (0,9,-0.010326848157) (6,9,0.705504579320) (7,9,0.705187001794) (9,9,2.000000000000) (10,9,0.705138405217) (11,9,-0.000543089007) (14,9,0.705032748127) (0,10,-0.716313740261) (3,10,0.999995202755) (6,10,-0.005043118720) (8,10,0.709788832086) (9,10,0.705138405217) (10,10,2.000000000000) (11,10,0.708686635485) (12,10,0.706803104132) (15,10,-0.003358841995) (0,11,-0.999940920819) (5,11,0.704018550405) (6,11,-0.709088408160) (9,11,-0.000543089007) (10,11,0.708686635485) (11,11,2.000000000000) (13,11,0.708835387637) (14,11,0.709557539563) (15,11,0.707899775812) (2,12,-0.004644893056) (3,12,0.708990912364) (4,12,-0.716261898786) (8,12,0.003370844316) (10,12,0.706803104132) (12,12,2.000000000000) (13,12,0.706653922628) (15,12,0.705032297481) (2,13,-0.710834048952) (4,13,-0.999906528492) (5,13,0.999976842318) (11,13,0.708835387637) (12,13,0.706653922628) (13,13,2.000000000000) (14,13,0.005919511823) (15,13,0.003569702497) (5,14,-0.000886005894) (7,14,-0.005640116703) (9,14,0.705032748127) (11,14,0.709557539563) (13,14,0.005919511823) (14,14,2.000000000000) (15,14,0.999997239136) (3,15,-0.000261349789) (5,15,-0.003235836678) (8,15,-0.706794613468) (10,15,-0.003358841995) (11,15,0.707899775812) (12,15,0.705032297481) (13,15,0.003569702497) (14,15,0.999997239136) (15,15,2.000000000000) 
Minv:
size: 27 27
(0,0,1.000000000000) (1,1,1.000000000000) (2,2,2.000000000000) (3,3,1.000000000000) (4,4,1.000000000000) (5,5,2.000000000000) (6,6,1.000000000000) (7,7,1.000000000000) (8,8,2.000000000000) (9,9,1.000000000000) (10,10,1.000000000000) (11,11,2.000000000000) (12,12,1.000000000000) (13,13,1.000000000000) (14,14,2.000000000000) (15,15,1.000000000000) (16,16,1.000000000000) (17,17,2.000000000000) (18,18,1.000000000000) (19,19,1.000000000000) (20,20,2.000000000000) (21,21,1.000000000000) (22,22,1.000000000000) (23,23,2.000000000000) (24,24,1.000000000000) (25,25,1.000000000000) (26,26,2.000000000000) 
v0:
size: 27 1
(0,0,0.046332113150) (1,0,0.480171749326) (2,0,0.000000000000) (3,0,-0.033845041870) (4,0,0.982239779368) (5,0,0.000000000000) (6,0,0.391263470960) (7,0,0.410916626329) (8,0,0.000000000000) (9,0,0.642711867219) (10,0,0.049997047216) (11,0,0.000000000000) (12,0,0.821231894156) (13,0,-0.899190761522) (14,0,0.000000000000) (15,0,-0.165696762877) (16,0,0.209376010665) (17,0,0.000000000000) (18,0,0.272087835698) (19,0,0.047522522704) (20,0,0.000000000000) (21,0,-0.764061433128) (22,0,0.332629823846) (23,0,0.000000000000) (24,0,-0.830049385915) (25,0,-0.658238938265) (26,0,0.000000000000) 
ipopt_sol:
size: 16 1
(0,0,0.943183494577) (1,0,0.341410500361) (2,0,0.637777275402) (3,0,0.000000000000) (4,0,0.983593122144) (5,0,0.000000000000) (6,0,0.576408201061) (7,0,0.241289645585) (8,0,0.227468185552) (9,0,0.134654595310) (10,0,1.708015474823) (11,0,0.231460390913) (12,0,0.000000000000) (13,0,1.304473589034) (14,0,0.103226691915) (15,0,0.938052885713) 
policy_sol:
size: 16 1
(0,0,0.943183495616) (1,0,0.341410503640) (2,0,0.637777266165) (3,0,0.000000000000) (4,0,0.983593113119) (5,0,0.000000000000) (6,0,0.671664814168) (7,0,0.336784805926) (8,0,0.092251133885) (9,0,0.000000000000) (10,0,1.803671084112) (11,0,0.231142771830) (12,0,0.000000000000) (13,0,1.304473567324) (14,0,0.198701195706) (15,0,0.842803487539) 

policy_converges:
1
ipopt_converges:
0
