solve status: 0
N:
size: 27 14
(0,0,0.002551619208) (1,0,-0.999996744614) (3,0,-0.002551619208) (4,0,0.999996744614) (0,1,-0.000948337744) (1,1,-0.999999550328) (6,1,0.000948337744) (7,1,0.999999550328) (0,2,-0.999997810915) (1,2,0.002092406758) (18,2,0.999997810915) (19,2,-0.002092406758) (3,3,-0.708206961049) (4,3,0.706004886897) (9,3,0.708206961049) (10,3,-0.706004886897) (9,4,-0.999991762175) (10,4,-0.004059012384) (18,4,0.999991762175) (19,4,0.004059012384) (9,5,-0.707044566343) (10,5,-0.707168990557) (21,5,0.707044566343) (22,5,0.707168990557) (12,6,-0.000397186393) (13,6,-0.999999921121) (15,6,0.000397186393) (16,6,0.999999921121) (12,7,-0.706766330468) (13,7,0.707447068067) (18,7,0.706766330468) (19,7,-0.707447068067) (12,8,-0.999999448419) (13,8,-0.001050315360) (21,8,0.999999448419) (22,8,0.001050315360) (12,9,-0.707711890571) (13,9,-0.706501153533) (24,9,0.707711890571) (25,9,0.706501153533) (15,10,-0.705474206862) (16,10,0.708735594882) (21,10,0.705474206862) (22,10,-0.708735594882) (15,11,-0.999971518129) (16,11,0.007547379053) (24,11,0.999971518129) (25,11,-0.007547379053) (18,12,-0.006626766728) (19,12,-0.999978042740) (21,12,0.006626766728) (22,12,0.999978042740) (18,13,-0.003031029029) (19,13,-0.999995406421) (24,13,0.003031029029) (25,13,0.999995406421) 
Q:
size: 14 14
(0,0,2.000000000000) (1,0,0.999993875147) (2,0,-0.004644013569) (3,0,0.707809663064) (0,1,0.999993875147) (1,1,2.000000000000) (2,1,-0.001144070149) (0,2,-0.004644013569) (1,2,-0.001144070149) (2,2,2.000000000000) (4,2,0.999981080003) (7,2,0.708245050322) (12,2,-0.004534391407) (13,2,-0.000938625247) (0,3,0.707809663064) (3,3,2.000000000000) (4,3,-0.705335444385) (5,3,-0.001469120461) (2,4,0.999981080003) (3,4,-0.705335444385) (4,4,2.000000000000) (5,4,0.709909149524) (7,4,0.703888971841) (12,4,-0.010685635397) (13,4,-0.007089997798) (3,5,-0.001469120461) (4,5,0.709909149524) (5,5,2.000000000000) (8,5,0.707786926803) (10,5,-0.002394130548) (12,5,0.711838882471) (6,6,2.000000000000) (7,6,-0.707166294295) (8,6,0.001447501451) (9,6,0.706782191338) (10,6,0.708455334223) (11,6,0.007150203378) (2,7,0.708245050322) (4,7,0.703888971841) (6,7,-0.707166294295) (7,7,2.000000000000) (8,7,0.706022898107) (9,7,0.000374766275) (12,7,0.702747958865) (13,7,0.705301589089) (5,8,0.707786926803) (6,8,0.001447501451) (7,8,0.706022898107) (8,8,2.000000000000) (9,8,0.708453549224) (10,8,0.704729421854) (12,8,0.007677055370) (6,9,0.706782191338) (7,9,0.000374766275) (8,9,0.708453549224) (9,9,2.000000000000) (11,9,0.702359501605) (13,9,0.708643003449) (5,10,-0.002394130548) (6,10,0.708455334223) (8,10,0.704729421854) (10,10,2.000000000000) (11,10,0.710803209819) (12,10,-0.704045019989) (6,11,0.007150203378) (9,11,0.702359501605) (10,11,0.710803209819) (11,11,2.000000000000) (13,11,-0.004516401684) (2,12,-0.004534391407) (4,12,-0.010685635397) (5,12,0.711838882471) (7,12,0.702747958865) (8,12,0.007677055370) (10,12,-0.704045019989) (12,12,2.000000000000) (13,12,0.999993535184) (2,13,-0.000938625247) (4,13,-0.007089997798) (7,13,0.705301589089) (9,13,0.708643003449) (11,13,-0.004516401684) (12,13,0.999993535184) (13,13,2.000000000000) 
Minv:
size: 27 27
(0,0,1.000000000000) (1,1,1.000000000000) (2,2,2.000000000000) (3,3,1.000000000000) (4,4,1.000000000000) (5,5,2.000000000000) (6,6,1.000000000000) (7,7,1.000000000000) (8,8,2.000000000000) (9,9,1.000000000000) (10,10,1.000000000000) (11,11,2.000000000000) (12,12,1.000000000000) (13,13,1.000000000000) (14,14,2.000000000000) (15,15,1.000000000000) (16,16,1.000000000000) (17,17,2.000000000000) (18,18,1.000000000000) (19,19,1.000000000000) (20,20,2.000000000000) (21,21,1.000000000000) (22,22,1.000000000000) (23,23,2.000000000000) (24,24,1.000000000000) (25,25,1.000000000000) (26,26,2.000000000000) 
v0:
size: 27 1
(0,0,-0.617953685738) (1,0,0.819672648945) (2,0,0.000000000000) (3,0,-0.059275100595) (4,0,-0.580465021073) (5,0,0.000000000000) (6,0,-0.302846932885) (7,0,0.298164914044) (8,0,0.000000000000) (9,0,-0.405029468589) (10,0,-0.298088160964) (11,0,0.000000000000) (12,0,0.953865440796) (13,0,0.985200113588) (14,0,0.000000000000) (15,0,0.959443663420) (16,0,0.526137766406) (17,0,0.000000000000) (18,0,-0.890892158558) (19,0,0.196437944112) (20,0,0.000000000000) (21,0,-0.482243149237) (22,0,-0.398879295432) (23,0,0.000000000000) (24,0,0.620654560478) (25,0,-0.291461007717) (26,0,0.000000000000) 
ipopt_sol:
size: 14 1
(0,0,1.345627887321) (1,0,0.000000000000) (2,0,0.005651517990) (3,0,0.158076077513) (4,0,0.538963967826) (5,0,0.000000000000) (6,0,0.260484735390) (7,0,0.002731059707) (8,0,1.235511318371) (9,0,0.560752850911) (10,0,0.000000000000) (11,0,0.134752423399) (12,0,0.589786382994) (13,0,0.000000000000) 
policy_sol:
size: 14 1
(0,0,1.345936711840) (1,0,0.000000000000) (2,0,0.004124210711) (3,0,0.157193422321) (4,0,0.536771080126) (5,0,0.000000000000) (6,0,0.259354709812) (7,0,0.010160876219) (8,0,1.229078930923) (9,0,0.571435875133) (10,0,0.000000000000) (11,0,0.130962252857) (12,0,0.596605335721) (13,0,-0.018840301733) 

policy_converges:
0
ipopt_converges:
0
