solve status: 0
N:
size: 27 8
(0,0,-0.999999683452) (1,0,0.000795673263) (9,0,0.999999683452) (10,0,-0.000795673263) (0,1,-0.999999922133) (1,1,-0.000394630644) (18,1,0.999999922133) (19,1,0.000394630644) (3,2,-0.000849452003) (4,2,-0.999999639216) (6,2,0.000849452003) (7,2,0.999999639216) (3,3,-0.999996326712) (4,3,-0.002710454405) (12,3,0.999996326712) (13,3,0.002710454405) (3,4,-0.710090363200) (4,4,-0.704110556724) (15,4,0.710090363200) (16,4,0.704110556724) (6,5,-0.708297846457) (7,5,0.705913706273) (12,5,0.708297846457) (13,5,-0.705913706273) (6,6,-0.999999993108) (7,6,-0.000117405273) (15,6,0.999999993108) (16,6,0.000117405273) (9,7,-0.999998750733) (10,7,-0.001580674944) (18,7,0.999998750733) (19,7,0.001580674944) 
Q:
size: 8 8
(0,0,2.000000000000) (1,0,0.999999291588) (7,0,-0.999997176484) (0,1,0.999999291588) (1,1,2.000000000000) (7,1,0.999999296649) (2,2,2.000000000000) (3,2,0.003559902310) (4,2,0.704713490373) (5,2,0.705311786566) (6,2,-0.000966857227) (2,3,0.003559902310) (3,3,2.000000000000) (4,3,0.711996214394) (5,3,0.706381897760) (2,4,0.704713490373) (3,4,0.711996214394) (4,4,2.000000000000) (6,4,0.710173024598) (2,5,0.705311786566) (3,5,0.706381897760) (5,5,2.000000000000) (6,5,0.708214963585) (2,6,-0.000966857227) (4,6,0.710173024598) (5,6,0.708214963585) (6,6,2.000000000000) (0,7,-0.999997176484) (1,7,0.999999296649) (7,7,2.000000000000) 
Minv:
size: 27 27
(0,0,1.000000000000) (1,1,1.000000000000) (2,2,2.000000000000) (3,3,1.000000000000) (4,4,1.000000000000) (5,5,2.000000000000) (6,6,1.000000000000) (7,7,1.000000000000) (8,8,2.000000000000) (9,9,1.000000000000) (10,10,1.000000000000) (11,11,2.000000000000) (12,12,1.000000000000) (13,13,1.000000000000) (14,14,2.000000000000) (15,15,1.000000000000) (16,16,1.000000000000) (17,17,2.000000000000) (18,18,1.000000000000) (19,19,1.000000000000) (20,20,2.000000000000) (21,21,1.000000000000) (22,22,1.000000000000) (23,23,2.000000000000) (24,24,1.000000000000) (25,25,1.000000000000) (26,26,2.000000000000) 
v0:
size: 27 1
(0,0,0.300867335524) (1,0,-0.811370137033) (2,0,0.000000000000) (3,0,0.119490332999) (4,0,0.862326205902) (5,0,0.000000000000) (6,0,0.344368973155) (7,0,-0.182112266063) (8,0,0.000000000000) (9,0,-0.457292686522) (10,0,0.008710853845) (11,0,0.000000000000) (12,0,-0.225406052550) (13,0,0.095579155346) (14,0,0.000000000000) (15,0,-0.660084404807) (16,0,0.975442038951) (17,0,0.000000000000) (18,0,-0.747036828231) (19,0,-0.975127319049) (20,0,0.000000000000) (21,0,0.478302991599) (22,0,-0.321632473286) (23,0,0.000000000000) (24,0,0.686641840635) (25,0,0.652549585618) (26,0,0.000000000000) 
ipopt_sol:
size: 8 1
(0,0,1.205946195129) (1,0,0.000000000000) (2,0,1.044118550779) (3,0,0.345114878638) (4,0,0.000000000000) (5,0,0.000000000000) (6,0,1.004822231936) (7,0,0.894270308136) 
policy_sol:
size: 8 1
(0,0,1.205946185159) (1,0,0.000000000000) (2,0,1.044118543738) (3,0,0.345114871559) (4,0,0.000000000000) (5,0,0.000000000000) (6,0,1.004822224841) (7,0,0.894270298166) 

policy_converges:
1
ipopt_converges:
0
