solve status: 0
N:
size: 27 16
(0,0,-0.003483866579) (1,0,-0.999993931318) (3,0,0.003483866579) (4,0,0.999993931318) (3,1,-0.706861618752) (4,1,0.707351858650) (9,1,0.706861618752) (10,1,-0.707351858650) (3,2,-0.999955857695) (4,2,0.009395885320) (12,2,0.999955857695) (13,2,-0.009395885320) (3,3,-0.705516178340) (4,3,-0.708693814070) (15,3,0.705516178340) (16,3,0.708693814070) (3,4,-0.999997949164) (4,4,0.002025257344) (21,4,0.999997949164) (22,4,-0.002025257344) (6,5,-0.706750565910) (7,5,0.707462817105) (12,5,0.706750565910) (13,5,-0.707462817105) (6,6,-0.999999261091) (7,6,-0.001215655140) (15,6,0.999999261091) (16,6,0.001215655140) (9,7,0.002806183685) (10,7,-0.999996062659) (15,7,-0.002806183685) (16,7,0.999996062659) (9,8,-0.999977201143) (10,8,0.006752569486) (18,8,0.999977201143) (19,8,-0.006752569486) (9,9,-0.706412222441) (10,9,-0.707800658368) (21,9,0.706412222441) (22,9,0.707800658368) (12,10,0.006597495367) (13,10,-0.999978236291) (15,10,-0.006597495367) (16,10,0.999978236291) (12,11,-0.999985417359) (13,11,-0.005400469294) (21,11,0.999985417359) (22,11,0.005400469294) (12,12,-0.705080069646) (13,12,-0.709127700339) (24,12,0.705080069646) (25,12,0.709127700339) (15,13,-0.706189313368) (16,13,0.708023060136) (21,13,0.706189313368) (22,13,-0.708023060136) (18,14,-0.002195691888) (19,14,-0.999997589466) (24,14,0.002195691888) (25,14,0.999997589466) (21,15,-0.007073880239) (22,15,-0.999974979796) (24,15,0.007073880239) (25,15,0.999974979796) 
Q:
size: 16 16
(0,0,2.000000000000) (1,0,0.704884954387) (2,0,0.005912115506) (3,0,-0.711147437467) (4,0,-0.001458614381) (0,1,0.704884954387) (1,1,2.000000000000) (2,1,0.713476613196) (3,1,-0.002593578719) (4,1,0.708292738642) (7,1,0.709332657106) (8,1,-0.711621945692) (9,1,0.001328424189) (0,2,0.005912115506) (1,2,0.713476613196) (2,2,2.000000000000) (3,2,0.698826229425) (4,2,0.999972836036) (5,2,0.713366607809) (10,2,0.015992884969) (11,2,-0.999890533508) (12,2,-0.698386063237) (0,3,-0.711147437467) (1,3,-0.002593578719) (2,3,0.698826229425) (3,3,2.000000000000) (4,3,0.704079444090) (6,3,0.706377184305) (7,3,0.706711215711) (10,3,0.704023750546) (13,3,0.003543577386) (0,4,-0.001458614381) (1,4,0.708292738642) (2,4,0.999972836036) (3,4,0.704079444090) (4,4,2.000000000000) (9,4,0.704977295224) (11,4,0.999972429213) (13,4,0.707621793992) (15,4,-0.005048659060) (2,5,0.713366607809) (5,5,2.000000000000) (6,5,0.705890012876) (10,5,0.712110203674) (11,5,-0.702919628400) (12,5,0.003365742335) (3,6,0.706377184305) (5,6,0.705890012876) (6,6,2.000000000000) (7,6,-0.001590531258) (10,6,-0.005381861809) (13,6,-0.705328079686) (1,7,0.709332657106) (3,7,0.706711215711) (6,7,-0.001590531258) (7,7,2.000000000000) (8,7,-0.009558662606) (9,7,0.705815549061) (10,7,0.999992812819) (13,7,0.710001969338) (1,8,-0.711621945692) (7,8,-0.009558662606) (8,8,2.000000000000) (9,8,0.701616643922) (14,8,0.004556911379) (1,9,0.001328424189) (4,9,0.704977295224) (7,9,0.705815549061) (8,9,0.701616643922) (9,9,2.000000000000) (11,9,0.710224376808) (13,9,-0.002278425783) (15,9,-0.712780024512) (2,10,0.015992884969) (3,10,0.704023750546) (5,10,0.712110203674) (6,10,-0.005381861809) (7,10,0.999992812819) (10,10,2.000000000000) (11,10,-0.001197047398) (12,10,0.704460504597) (13,10,0.712666731651) (2,11,-0.999890533508) (4,11,0.999972429213) (5,11,-0.702919628400) (9,11,0.710224376808) (10,11,-0.001197047398) (11,11,2.000000000000) (12,11,0.708899410088) (13,11,0.702355358467) (15,11,-0.012474111256) (2,12,-0.698386063237) (5,12,0.003365742335) (10,12,0.704460504597) (11,12,0.708899410088) (12,12,2.000000000000) (14,12,0.710674129552) (15,12,0.714097609791) (3,13,0.003543577386) (4,13,0.707621793992) (6,13,-0.705328079686) (7,13,0.710001969338) (9,13,-0.002278425783) (10,13,0.712666731651) (11,13,0.702355358467) (13,13,2.000000000000) (15,13,0.703009846626) (8,14,0.004556911379) (12,14,0.710674129552) (14,14,2.000000000000) (15,14,0.999988101384) (4,15,-0.005048659060) (9,15,-0.712780024512) (11,15,-0.012474111256) (12,15,0.714097609791) (13,15,0.703009846626) (14,15,0.999988101384) (15,15,2.000000000000) 
Minv:
size: 27 27
(0,0,1.000000000000) (1,1,1.000000000000) (2,2,2.000000000000) (3,3,1.000000000000) (4,4,1.000000000000) (5,5,2.000000000000) (6,6,1.000000000000) (7,7,1.000000000000) (8,8,2.000000000000) (9,9,1.000000000000) (10,10,1.000000000000) (11,11,2.000000000000) (12,12,1.000000000000) (13,13,1.000000000000) (14,14,2.000000000000) (15,15,1.000000000000) (16,16,1.000000000000) (17,17,2.000000000000) (18,18,1.000000000000) (19,19,1.000000000000) (20,20,2.000000000000) (21,21,1.000000000000) (22,22,1.000000000000) (23,23,2.000000000000) (24,24,1.000000000000) (25,25,1.000000000000) (26,26,2.000000000000) 
v0:
size: 27 1
(0,0,-0.846830281728) (1,0,-0.236358919456) (2,0,0.000000000000) (3,0,0.626876303287) (4,0,-0.894055078241) (5,0,0.000000000000) (6,0,0.435816120421) (7,0,0.231350850051) (8,0,0.000000000000) (9,0,0.370899152953) (10,0,0.475419457994) (11,0,0.000000000000) (12,0,0.368775857275) (13,0,0.828529669436) (14,0,0.000000000000) (15,0,-0.007517129093) (16,0,-0.305883961844) (17,0,0.000000000000) (18,0,-0.191300313236) (19,0,-0.258765969708) (20,0,0.000000000000) (21,0,0.142702154131) (22,0,0.201319530443) (23,0,0.000000000000) (24,0,0.372237918493) (25,0,-0.560892387323) (26,0,0.000000000000) 
ipopt_sol:
size: 16 1
(0,0,0.142293639281) (1,0,1.447794634651) (2,0,0.000000000000) (3,0,0.000000000000) (4,0,0.000000000000) (5,0,0.000000000000) (6,0,0.446687218173) (7,0,0.000000000000) (8,0,0.979396997802) (9,0,0.265025725894) (10,0,1.003816356216) (11,0,0.010347391348) (12,0,0.367084335488) (13,0,0.000000000000) (14,0,0.000000000000) (15,0,0.724019182723) 
policy_sol:
size: 16 1
(0,0,0.142293647613) (1,0,1.447794621035) (2,0,0.000000000000) (3,0,0.000000000000) (4,0,0.000000000000) (5,0,0.000000000000) (6,0,0.446687214592) (7,0,0.000000000000) (8,0,0.979396997673) (9,0,0.265025712523) (10,0,1.003816335642) (11,0,0.010347391092) (12,0,0.367084349233) (13,0,0.000000000000) (14,0,0.000000000000) (15,0,0.724019164560) 

policy_converges:
1
ipopt_converges:
0
