solve status: 0
N:
size: 27 12
(0,0,-0.001275786991) (1,0,-0.999999186183) (3,0,0.001275786991) (4,0,0.999999186183) (0,1,0.000540350354) (1,1,-0.999999854011) (6,1,-0.000540350354) (7,1,0.999999854011) (0,2,-0.999997033669) (1,2,-0.002435703830) (9,2,0.999997033669) (10,2,0.002435703830) (3,3,0.002371174335) (4,3,-0.999997188762) (6,3,-0.002371174335) (7,3,0.999997188762) (12,4,0.000708947559) (13,4,-0.999999748697) (15,4,-0.000708947559) (16,4,0.999999748697) (12,5,-0.709396784628) (13,5,0.704809337310) (18,5,0.709396784628) (19,5,-0.704809337310) (12,6,-0.999984309389) (13,6,-0.005601872513) (21,6,0.999984309389) (22,6,0.005601872513) (12,7,-0.704514557035) (13,7,-0.709689536999) (24,7,0.704514557035) (25,7,0.709689536999) (15,8,-0.705371413096) (16,8,0.708837900783) (21,8,0.705371413096) (22,8,-0.708837900783) (15,9,-0.999998350712) (16,9,0.001816197419) (24,9,0.999998350712) (25,9,-0.001816197419) (18,10,0.000984056431) (19,10,-0.999999515816) (24,10,-0.000984056431) (25,10,0.999999515816) (21,11,-0.002047215922) (22,11,-0.999997904451) (24,11,0.002047215922) (25,11,0.999997904451) 
Q:
size: 12 12
(0,0,2.000000000000) (1,0,0.999998350822) (2,0,0.003711485054) (3,0,-0.999993349835) (0,1,0.999998350822) (1,1,2.000000000000) (2,1,0.001895354723) (3,1,0.999998324038) (0,2,0.003711485054) (1,2,0.001895354723) (2,2,2.000000000000) (0,3,-0.999993349835) (1,3,0.999998324038) (3,3,2.000000000000) (4,4,2.000000000000) (5,4,-0.705312085308) (6,4,0.004892934670) (7,4,0.709189894776) (8,4,0.709337793991) (9,4,0.002525143353) (4,5,-0.705312085308) (5,5,2.000000000000) (6,5,0.705437401706) (7,5,-0.000415450783) (10,5,0.705507082520) (4,6,0.004892934670) (5,6,0.705437401706) (6,6,2.000000000000) (7,6,0.708479093081) (8,6,0.701389525835) (11,6,-0.007649044574) (4,7,0.709189894776) (5,7,-0.000415450783) (6,7,0.708479093081) (7,7,2.000000000000) (9,7,0.703224458782) (10,7,0.708995911298) (11,7,0.711130343229) (4,8,0.709337793991) (6,8,0.701389525835) (8,8,2.000000000000) (9,8,0.706657639302) (11,8,0.707392367791) (4,9,0.002525143353) (7,9,0.703224458782) (8,9,0.706657639302) (9,9,2.000000000000) (10,9,-0.002800251348) (11,9,0.000231018933) (5,10,0.705507082520) (7,10,0.708995911298) (9,10,-0.002800251348) (10,10,2.000000000000) (11,10,0.999995405693) (6,11,-0.007649044574) (7,11,0.711130343229) (8,11,0.707392367791) (9,11,0.000231018933) (10,11,0.999995405693) (11,11,2.000000000000) 
Minv:
size: 27 27
(0,0,1.000000000000) (1,1,1.000000000000) (2,2,2.000000000000) (3,3,1.000000000000) (4,4,1.000000000000) (5,5,2.000000000000) (6,6,1.000000000000) (7,7,1.000000000000) (8,8,2.000000000000) (9,9,1.000000000000) (10,10,1.000000000000) (11,11,2.000000000000) (12,12,1.000000000000) (13,13,1.000000000000) (14,14,2.000000000000) (15,15,1.000000000000) (16,16,1.000000000000) (17,17,2.000000000000) (18,18,1.000000000000) (19,19,1.000000000000) (20,20,2.000000000000) (21,21,1.000000000000) (22,22,1.000000000000) (23,23,2.000000000000) (24,24,1.000000000000) (25,25,1.000000000000) (26,26,2.000000000000) 
v0:
size: 27 1
(0,0,0.515533567760) (1,0,0.117204503452) (2,0,0.000000000000) (3,0,-0.218164778374) (4,0,-0.153168429806) (5,0,0.000000000000) (6,0,-0.616434575313) (7,0,-0.333050627706) (8,0,0.000000000000) (9,0,-0.161948865887) (10,0,-0.948941018721) (11,0,0.000000000000) (12,0,0.737683478864) (13,0,-0.086883679478) (14,0,0.000000000000) (15,0,0.688179964526) (16,0,-0.315449678463) (17,0,0.000000000000) (18,0,0.771061999448) (19,0,0.589059889564) (20,0,0.000000000000) (21,0,-0.199072056335) (22,0,0.920630258099) (23,0,0.000000000000) (24,0,-0.948854448633) (25,0,0.107197566552) (26,0,0.000000000000) 
ipopt_sol:
size: 12 1
(0,0,0.060731028896) (1,0,0.418633933397) (2,0,0.679567807688) (3,0,0.000000000000) (4,0,0.066941935989) (5,0,0.216604489143) (6,0,0.624194634383) (7,0,0.084801567078) (8,0,0.576892027072) (9,0,1.404161229111) (10,0,0.112226251921) (11,0,0.526881145382) 
policy_sol:
size: 12 1
(0,0,0.060731034406) (1,0,0.418633927887) (2,0,0.679567807683) (3,0,0.000000000000) (4,0,0.000000000000) (5,0,0.216604489142) (6,0,0.557320451941) (7,0,0.179655071745) (8,0,0.671501862643) (9,0,1.337473504037) (10,0,0.112226251921) (11,0,0.459443346179) 

policy_converges:
1
ipopt_converges:
0
