solve status: 0
N:
size: 27 11
(3,0,-0.000784960869) (4,0,-0.999999691918) (6,0,0.000784960869) (7,0,0.999999691918) (3,1,-0.710024791640) (4,1,0.704176679006) (9,1,0.710024791640) (10,1,-0.704176679006) (3,2,-0.999999015171) (4,2,0.001403444814) (12,2,0.999999015171) (13,2,-0.001403444814) (3,3,-0.705489882514) (4,3,-0.708719991019) (15,3,0.705489882514) (16,3,0.708719991019) (3,4,-0.999997422446) (4,4,-0.002270484753) (21,4,0.999997422446) (22,4,0.002270484753) (6,5,-0.704151632804) (7,5,0.710049630674) (12,5,0.704151632804) (13,5,-0.710049630674) (9,6,0.001198316817) (10,6,-0.999999282018) (12,6,-0.001198316817) (13,6,0.999999282018) (12,7,-0.704934985809) (13,7,0.709271926543) (18,7,0.704934985809) (19,7,-0.709271926543) (18,8,-0.004072602140) (19,8,-0.999991706922) (21,8,0.004072602140) (22,8,0.999991706922) (18,9,-0.002873922205) (19,9,-0.999995870277) (24,9,0.002873922205) (25,9,0.999995870277) (21,10,-0.001667162558) (22,10,-0.999998610284) (24,10,0.001667162558) (25,10,0.999998610284) 
Q:
size: 11 11
(0,0,2.000000000000) (1,0,-0.703619120384) (2,0,-0.000618484285) (3,0,0.709273554627) (4,0,0.003055442900) (5,0,0.709496680443) (0,1,-0.703619120384) (1,1,2.000000000000) (2,1,0.711012365495) (3,1,0.001851217215) (4,1,0.708424139100) (6,1,0.705027008068) (0,2,-0.000618484285) (1,2,0.711012365495) (2,2,2.000000000000) (3,2,0.704494538331) (4,2,0.999993251120) (5,2,0.705147454806) (6,2,-0.002601759443) (7,2,-0.705929715576) (0,3,0.709273554627) (1,3,0.001851217215) (2,3,0.704494538331) (3,3,2.000000000000) (4,3,0.707097202010) (0,4,0.003055442900) (1,4,0.708424139100) (2,4,0.999993251120) (3,4,0.707097202010) (4,4,2.000000000000) (8,4,0.006343057566) (10,4,-0.003937639859) (0,5,0.709496680443) (2,5,0.705147454806) (5,5,2.000000000000) (6,5,-0.710892917614) (7,5,-0.999999390767) (1,6,0.705027008068) (2,6,-0.002601759443) (5,6,-0.710892917614) (6,6,2.000000000000) (7,6,0.710116152747) (2,7,-0.705929715576) (5,7,-0.999999390767) (6,7,0.710116152747) (7,7,2.000000000000) (8,7,0.706395124764) (9,7,0.707243069138) (4,8,0.006343057566) (7,8,0.706395124764) (8,8,2.000000000000) (9,8,0.999999281575) (10,8,-0.999997106906) (7,9,0.707243069138) (8,9,0.999999281575) (9,9,2.000000000000) (10,9,0.999999271862) (4,10,-0.003937639859) (8,10,-0.999997106906) (9,10,0.999999271862) (10,10,2.000000000000) 
Minv:
size: 27 27
(0,0,1.000000000000) (1,1,1.000000000000) (2,2,2.000000000000) (3,3,1.000000000000) (4,4,1.000000000000) (5,5,2.000000000000) (6,6,1.000000000000) (7,7,1.000000000000) (8,8,2.000000000000) (9,9,1.000000000000) (10,10,1.000000000000) (11,11,2.000000000000) (12,12,1.000000000000) (13,13,1.000000000000) (14,14,2.000000000000) (15,15,1.000000000000) (16,16,1.000000000000) (17,17,2.000000000000) (18,18,1.000000000000) (19,19,1.000000000000) (20,20,2.000000000000) (21,21,1.000000000000) (22,22,1.000000000000) (23,23,2.000000000000) (24,24,1.000000000000) (25,25,1.000000000000) (26,26,2.000000000000) 
v0:
size: 27 1
(0,0,-0.792796017762) (1,0,-0.780857748712) (2,0,0.000000000000) (3,0,0.830206554800) (4,0,-0.725755405109) (5,0,0.000000000000) (6,0,-0.371795114131) (7,0,-0.894622981197) (8,0,0.000000000000) (9,0,-0.615537674945) (10,0,-0.410686179264) (11,0,0.000000000000) (12,0,-0.136148794576) (13,0,-0.447191874303) (14,0,0.000000000000) (15,0,0.114590656520) (16,0,-0.069976635285) (17,0,0.000000000000) (18,0,0.830174602735) (19,0,0.791326686473) (20,0,0.000000000000) (21,0,0.605595205740) (22,0,0.181564714679) (23,0,0.000000000000) (24,0,0.829355582356) (25,0,-0.781259633564) (26,0,0.000000000000) 
ipopt_sol:
size: 11 1
(0,0,0.622452873265) (1,0,1.286162312080) (2,0,0.509699189428) (3,0,0.000000000000) (4,0,0.000000000000) (5,0,0.000000000000) (6,0,0.000000000000) (7,0,0.000000000000) (8,0,1.455857377237) (9,0,0.000000000000) (10,0,1.690376552841) 
policy_sol:
size: 11 1
(0,0,0.622452863080) (1,0,1.286162303340) (2,0,0.509699184026) (3,0,0.000000000000) (4,0,0.000000000000) (5,0,0.000000000000) (6,0,0.000000000000) (7,0,0.000000000000) (8,0,1.455857362620) (9,0,0.000000000000) (10,0,1.690376540613) 

policy_converges:
1
ipopt_converges:
0
