solve status: 0
N:
size: 27 15
(0,0,-0.003624016570) (1,0,-0.999993433230) (3,0,0.003624016570) (4,0,0.999993433230) (0,1,-0.000419556910) (1,1,-0.999999911986) (6,1,0.000419556910) (7,1,0.999999911986) (0,2,-0.999999999486) (1,2,0.000032061604) (9,2,0.999999999486) (10,2,-0.000032061604) (0,3,-0.704928805202) (1,3,-0.709278069305) (12,3,0.704928805202) (13,3,0.709278069305) (0,4,-0.999995741225) (1,4,-0.002918481093) (18,4,0.999995741225) (19,4,0.002918481093) (3,5,-0.706777217468) (4,5,0.707436191375) (9,5,0.706777217468) (10,5,-0.707436191375) (3,6,-0.999999332698) (4,6,-0.001155250574) (21,6,0.999999332698) (22,6,0.001155250574) (9,7,0.000204288382) (10,7,-0.999999979133) (12,7,-0.000204288382) (13,7,0.999999979133) (9,8,-0.999982801376) (10,8,-0.005864891554) (18,8,0.999982801376) (19,8,0.005864891554) (12,9,-0.707622388172) (13,9,0.706590797957) (18,9,0.707622388172) (19,9,-0.706590797957) (12,10,-0.999979413776) (13,10,0.006416542946) (21,10,0.999979413776) (22,10,-0.006416542946) (12,11,-0.708805907791) (13,11,-0.705403561857) (24,11,0.708805907791) (25,11,0.705403561857) (15,12,-0.704656578419) (16,12,0.709548523000) (21,12,0.704656578419) (22,12,-0.709548523000) (15,13,-0.999983322519) (16,13,0.005775351341) (24,13,0.999983322519) (25,13,-0.005775351341) (21,14,-0.001931043222) (22,14,-0.999998135534) (24,14,0.001931043222) (25,14,0.999998135534) 
Q:
size: 15 15
(0,0,2.000000000000) (1,0,0.999994865698) (2,0,0.003591955175) (3,0,0.711828085310) (4,0,0.006542463064) (5,0,0.704870173457) (6,0,-0.004779257139) (0,1,0.999994865698) (1,1,2.000000000000) (2,1,0.000387495308) (3,1,0.709573764629) (4,1,0.003338035959) (0,2,0.003591955175) (1,2,0.000387495308) (2,2,2.000000000000) (3,2,0.704906064247) (4,2,0.999995647140) (5,2,0.706799898644) (7,2,0.000236349986) (8,2,-0.999982612824) (0,3,0.711828085310) (1,3,0.709573764629) (2,3,0.704906064247) (3,3,2.000000000000) (4,3,0.706995817704) (7,3,0.709134045739) (9,3,0.002345952335) (10,3,-0.700363180188) (11,3,-0.999984978134) (0,4,0.006542463064) (1,4,0.003338035959) (2,4,0.999995647140) (3,4,0.706995817704) (4,4,2.000000000000) (8,4,0.999995659249) (9,4,0.705557202683) (0,5,0.704870173457) (2,5,0.706799898644) (5,5,2.000000000000) (6,5,0.705959479768) (7,5,0.707580562988) (8,5,-0.702616025329) (0,6,-0.004779257139) (5,6,0.705959479768) (6,6,2.000000000000) (10,6,0.999971333773) (12,6,0.703836401862) (14,6,-0.003086290354) (2,7,0.000236349986) (3,7,0.709134045739) (5,7,0.707580562988) (7,7,2.000000000000) (8,7,0.005660606562) (9,7,0.706735342246) (10,7,0.006620826989) (11,7,-0.705258746325) (2,8,-0.999982612824) (4,8,0.999995659249) (5,8,-0.702616025329) (7,8,0.005660606562) (8,8,2.000000000000) (9,8,0.703466139638) (3,9,0.002345952335) (4,9,0.705557202683) (7,9,0.706735342246) (8,9,0.703466139638) (9,9,2.000000000000) (10,9,0.712141691100) (11,9,0.003135263567) (3,10,-0.700363180188) (6,10,0.999971333773) (7,10,0.006620826989) (9,10,0.712141691100) (10,10,2.000000000000) (11,10,0.704265063905) (12,10,0.709194920771) (14,10,0.004485527513) (3,11,-0.999984978134) (7,11,-0.705258746325) (9,11,0.003135263567) (10,11,0.704265063905) (11,11,2.000000000000) (13,11,0.704720133287) (14,11,0.706770981501) (6,12,0.703836401862) (10,12,0.709194920771) (12,12,2.000000000000) (13,12,0.708742718537) (14,12,0.708186477761) (11,13,0.704720133287) (12,13,0.708742718537) (13,13,2.000000000000) (14,13,-0.003844329556) (6,14,-0.003086290354) (10,14,0.004485527513) (11,14,0.706770981501) (12,14,0.708186477761) (13,14,-0.003844329556) (14,14,2.000000000000) 
Minv:
size: 27 27
(0,0,1.000000000000) (1,1,1.000000000000) (2,2,2.000000000000) (3,3,1.000000000000) (4,4,1.000000000000) (5,5,2.000000000000) (6,6,1.000000000000) (7,7,1.000000000000) (8,8,2.000000000000) (9,9,1.000000000000) (10,10,1.000000000000) (11,11,2.000000000000) (12,12,1.000000000000) (13,13,1.000000000000) (14,14,2.000000000000) (15,15,1.000000000000) (16,16,1.000000000000) (17,17,2.000000000000) (18,18,1.000000000000) (19,19,1.000000000000) (20,20,2.000000000000) (21,21,1.000000000000) (22,22,1.000000000000) (23,23,2.000000000000) (24,24,1.000000000000) (25,25,1.000000000000) (26,26,2.000000000000) 
v0:
size: 27 1
(0,0,0.409352324756) (1,0,0.963700832657) (2,0,0.000000000000) (3,0,0.150283149190) (4,0,-0.277771544031) (5,0,0.000000000000) (6,0,-0.748443780348) (7,0,-0.171960037540) (8,0,0.000000000000) (9,0,-0.183043522408) (10,0,0.188987498098) (11,0,0.000000000000) (12,0,0.617645631105) (13,0,-0.593864522497) (14,0,0.000000000000) (15,0,0.937650766157) (16,0,0.876779263863) (17,0,0.000000000000) (18,0,-0.997778310299) (19,0,-0.923154904034) (20,0,0.000000000000) (21,0,-0.367334868849) (22,0,0.485437037591) (23,0,0.000000000000) (24,0,-0.441672923407) (25,0,-0.040099674041) (26,0,0.000000000000) 
ipopt_sol:
size: 15 1
(0,0,0.853908899399) (1,0,0.694892231435) (2,0,1.298400265193) (3,0,0.039602593246) (4,0,0.000000000000) (5,0,0.069864914380) (6,0,0.000000000000) (7,0,0.736560016876) (8,0,1.492891639470) (9,0,0.000000000000) (10,0,1.002135542845) (11,0,0.000000000000) (12,0,0.000000000000) (13,0,1.375016597327) (14,0,0.526074744040) 
policy_sol:
size: 15 1
(0,0,0.898303125368) (1,0,0.690056820211) (2,0,1.337773083676) (3,0,-0.009354166622) (4,0,0.000000000000) (5,0,0.000000000000) (6,0,0.000000000000) (7,0,0.778702646733) (8,0,1.487914317288) (9,0,0.000000000000) (10,0,0.984852174757) (11,0,0.000000000000) (12,0,0.000000000000) (13,0,1.375016664755) (14,0,0.526113499621) 

policy_converges:
0
ipopt_converges:
0
