solve status: 0
N:
size: 27 10
(0,0,-0.006018506125) (1,0,-0.999981888628) (3,0,0.006018506125) (4,0,0.999981888628) (0,1,-0.002777203490) (1,1,-0.999996143563) (6,1,0.002777203490) (7,1,0.999996143563) (0,2,-0.999999997899) (1,2,0.000064819413) (9,2,0.999999997899) (10,2,-0.000064819413) (0,3,-0.707179165109) (1,3,-0.707034389854) (12,3,0.707179165109) (13,3,0.707034389854) (3,4,0.000482674751) (4,4,-0.999999883513) (6,4,-0.000482674751) (7,4,0.999999883513) (3,5,-0.999998968834) (4,5,0.001436081603) (12,5,0.999998968834) (13,5,-0.001436081603) (3,6,-0.708317523408) (4,6,-0.705893962315) (15,6,0.708317523408) (16,6,0.705893962315) (6,7,-0.706212396164) (7,7,0.708000036373) (12,7,0.706212396164) (13,7,-0.708000036373) (12,8,-0.005577828312) (13,8,-0.999984443795) (15,8,0.005577828312) (16,8,0.999984443795) (18,9,0.007117714469) (19,9,-0.999974668750) (21,9,-0.007117714469) (22,9,0.999974668750) 
Q:
size: 10 10
(0,0,2.000000000000) (1,0,0.999994746877) (2,0,0.005953687874) (3,0,0.711277746628) (4,0,-0.999978867162) (5,0,-0.004582444326) (6,0,-0.710144190960) (0,1,0.999994746877) (1,1,2.000000000000) (2,1,0.002712384322) (3,1,0.708995643666) (4,1,0.999994686590) (7,1,0.706036010484) (0,2,0.005953687874) (1,2,0.002712384322) (2,2,2.000000000000) (3,2,0.707133334069) (0,3,0.711277746628) (1,3,0.708995643666) (2,3,0.707133334069) (3,3,2.000000000000) (5,3,0.706163076810) (7,3,-0.001161681025) (8,3,-0.710967915051) (0,4,-0.999978867162) (1,4,0.999994686590) (4,4,2.000000000000) (5,4,-0.001918755688) (6,4,0.705551993103) (7,4,0.708340824792) (0,5,-0.004582444326) (3,5,0.706163076810) (4,5,-0.001918755688) (5,5,2.000000000000) (6,5,0.707303071683) (7,5,0.707228413769) (8,5,-0.004141763298) (0,6,-0.710144190960) (4,6,0.705551993103) (5,6,0.707303071683) (6,6,2.000000000000) (8,6,0.709833854820) (1,7,0.706036010484) (3,7,-0.001161681025) (4,7,0.708340824792) (5,7,0.707228413769) (7,7,2.000000000000) (8,7,0.704049891082) (3,8,-0.710967915051) (5,8,-0.004141763298) (6,8,0.709833854820) (7,8,0.704049891082) (8,8,2.000000000000) (9,9,2.000000000000) 
Minv:
size: 27 27
(0,0,1.000000000000) (1,1,1.000000000000) (2,2,2.000000000000) (3,3,1.000000000000) (4,4,1.000000000000) (5,5,2.000000000000) (6,6,1.000000000000) (7,7,1.000000000000) (8,8,2.000000000000) (9,9,1.000000000000) (10,10,1.000000000000) (11,11,2.000000000000) (12,12,1.000000000000) (13,13,1.000000000000) (14,14,2.000000000000) (15,15,1.000000000000) (16,16,1.000000000000) (17,17,2.000000000000) (18,18,1.000000000000) (19,19,1.000000000000) (20,20,2.000000000000) (21,21,1.000000000000) (22,22,1.000000000000) (23,23,2.000000000000) (24,24,1.000000000000) (25,25,1.000000000000) (26,26,2.000000000000) 
v0:
size: 27 1
(0,0,0.310648369169) (1,0,0.540259308434) (2,0,0.000000000000) (3,0,0.362502617566) (4,0,0.438965329498) (5,0,0.000000000000) (6,0,-0.106151446450) (7,0,-0.196918927521) (8,0,0.000000000000) (9,0,-0.002938568456) (10,0,-0.270081043925) (11,0,0.000000000000) (12,0,-0.485968384369) (13,0,0.481099953986) (14,0,0.000000000000) (15,0,-0.087606801994) (16,0,-0.201455855595) (17,0,0.000000000000) (18,0,0.322510877603) (19,0,0.148492663434) (20,0,0.000000000000) (21,0,0.810090791308) (22,0,-0.854653989230) (23,0,0.000000000000) (24,0,0.270214758357) (25,0,0.841247027641) (26,0,0.000000000000) 
ipopt_sol:
size: 10 1
(0,0,0.000000000000) (1,0,0.346796729998) (2,0,0.135484494133) (3,0,0.502252080378) (4,0,0.426612662388) (5,0,0.636960838342) (6,0,0.102781806609) (7,0,0.000000000000) (8,0,0.823705827334) (9,0,1.006591696312) 
policy_sol:
size: 10 1
(0,0,0.000000000000) (1,0,0.346796719003) (2,0,0.135484493856) (3,0,0.502252081120) (4,0,0.426612667161) (5,0,0.636960832561) (6,0,0.102781812261) (7,0,0.000000000000) (8,0,0.823705822060) (9,0,1.006591696312) 

policy_converges:
1
ipopt_converges:
0
