solve status: 0
N:
size: 27 11
(0,0,0.002432192391) (1,0,-0.999997042216) (3,0,-0.002432192391) (4,0,0.999997042216) (0,1,-0.703164612906) (1,1,-0.711027093124) (12,1,0.703164612906) (13,1,0.711027093124) (3,2,-0.709106000606) (4,2,0.705101893278) (9,2,0.709106000606) (10,2,-0.705101893278) (3,3,-0.999981904935) (4,3,-0.006015796056) (12,3,0.999981904935) (13,3,0.006015796056) (3,4,-0.999999673606) (4,4,-0.000807952293) (21,4,0.999999673606) (22,4,0.000807952293) (9,5,0.002682616910) (10,5,-0.999996401777) (12,5,-0.002682616910) (13,5,0.999996401777) (9,6,-0.001149889722) (10,6,-0.999999338877) (15,6,0.001149889722) (16,6,0.999999338877) (12,7,-0.705443756065) (13,7,0.708765904251) (18,7,0.705443756065) (19,7,-0.708765904251) (12,8,-0.999990426721) (13,8,0.004375667527) (21,8,0.999990426721) (22,8,-0.004375667527) (15,9,-0.705280198125) (16,9,0.708928657999) (21,9,0.705280198125) (22,9,-0.708928657999) (21,10,0.000385396033) (22,10,-0.999999925735) (24,10,-0.000385396033) (25,10,0.999999925735) 
Q:
size: 11 11
(0,0,2.000000000000) (1,0,0.709314758438) (2,0,0.706824489958) (3,0,-0.003583629883) (4,0,0.001624241694) (0,1,0.709314758438) (1,1,2.000000000000) (3,1,0.707429283080) (5,1,0.709138213408) (7,1,0.007908674944) (8,1,-0.700046663153) (0,2,0.706824489958) (2,2,2.000000000000) (3,2,0.704851420098) (4,2,0.708536080467) (5,2,0.707001615913) (6,2,0.704286033417) (0,3,-0.003583629883) (1,3,0.707429283080) (2,3,0.704851420098) (3,3,2.000000000000) (4,3,0.999986439024) (5,3,0.003333206042) (7,3,-0.701167199883) (8,3,-0.999946008706) (0,4,0.001624241694) (2,4,0.708536080467) (3,4,0.999986439024) (4,4,2.000000000000) (8,4,0.999986565000) (9,4,0.704707187392) (10,4,-0.000422556326) (1,5,0.709138213408) (2,5,0.707001615913) (3,5,0.003333206042) (5,5,2.000000000000) (6,5,0.999992655942) (7,5,0.710655789302) (8,5,0.007058243011) (2,6,0.704286033417) (5,6,0.999992655942) (6,6,2.000000000000) (9,6,0.708117194859) (1,7,0.007908674944) (3,7,-0.701167199883) (5,7,0.710655789302) (7,7,2.000000000000) (8,7,0.708538326607) (1,8,-0.700046663153) (3,8,-0.999946008706) (4,8,0.999986565000) (5,8,0.007058243011) (7,8,0.708538326607) (8,8,2.000000000000) (9,8,0.708375482389) (10,8,0.004761059545) (4,9,0.704707187392) (6,9,0.708117194859) (8,9,0.708375482389) (9,9,2.000000000000) (10,9,0.709200417541) (4,10,-0.000422556326) (8,10,0.004761059545) (9,10,0.709200417541) (10,10,2.000000000000) 
Minv:
size: 27 27
(0,0,1.000000000000) (1,1,1.000000000000) (2,2,2.000000000000) (3,3,1.000000000000) (4,4,1.000000000000) (5,5,2.000000000000) (6,6,1.000000000000) (7,7,1.000000000000) (8,8,2.000000000000) (9,9,1.000000000000) (10,10,1.000000000000) (11,11,2.000000000000) (12,12,1.000000000000) (13,13,1.000000000000) (14,14,2.000000000000) (15,15,1.000000000000) (16,16,1.000000000000) (17,17,2.000000000000) (18,18,1.000000000000) (19,19,1.000000000000) (20,20,2.000000000000) (21,21,1.000000000000) (22,22,1.000000000000) (23,23,2.000000000000) (24,24,1.000000000000) (25,25,1.000000000000) (26,26,2.000000000000) 
v0:
size: 27 1
(0,0,-0.869962942489) (1,0,0.612173126573) (2,0,0.000000000000) (3,0,-0.351171197952) (4,0,-0.179020510221) (5,0,0.000000000000) (6,0,-0.505842886072) (7,0,0.821181412668) (8,0,0.000000000000) (9,0,-0.765876274551) (10,0,0.512510643364) (11,0,0.000000000000) (12,0,-0.432267806342) (13,0,-0.906521737428) (14,0,0.000000000000) (15,0,0.640216477610) (16,0,-0.131571428871) (17,0,0.000000000000) (18,0,-0.003814014773) (19,0,-0.117952887410) (20,0,0.000000000000) (21,0,-0.648071146778) (22,0,0.970906972793) (23,0,0.000000000000) (24,0,0.796797197556) (25,0,0.947314139345) (26,0,0.000000000000) 
ipopt_sol:
size: 11 1
(0,0,0.792604559325) (1,0,0.000000000000) (2,0,0.000000000000) (3,0,0.084525632293) (4,0,0.000000000000) (5,0,1.419781363508) (6,0,0.000000000000) (7,0,0.000000000000) (8,0,0.000000000000) (9,0,1.690182298888) (10,0,0.000000000000) 
policy_sol:
size: 11 1
(0,0,0.792604552231) (1,0,0.000000000000) (2,0,0.000000000000) (3,0,0.084525628751) (4,0,0.000000000000) (5,0,1.419781347846) (6,0,0.000000000000) (7,0,0.000000000000) (8,0,0.000000000000) (9,0,1.690182284736) (10,0,0.000000000000) 

policy_converges:
1
ipopt_converges:
0
