solve status: 0
N:
size: 27 16
(0,0,0.005890644583) (1,0,-0.999982650003) (3,0,-0.005890644583) (4,0,0.999982650003) (0,1,0.000900150915) (1,1,-0.999999594864) (6,1,-0.000900150915) (7,1,0.999999594864) (3,2,-0.004108744874) (4,2,-0.999991559072) (6,2,0.004108744874) (7,2,0.999991559072) (3,3,-0.707065793269) (4,3,0.707147766728) (9,3,0.707065793269) (10,3,-0.707147766728) (3,4,-0.999992695206) (4,4,0.003822242134) (12,4,0.999992695206) (13,4,-0.003822242134) (3,5,-0.709004975535) (4,5,-0.705203477492) (15,5,0.709004975535) (16,5,0.705203477492) (3,6,-0.999999985577) (4,6,0.000169838526) (21,6,0.999999985577) (22,6,-0.000169838526) (6,7,-0.707702736588) (7,7,0.706510323085) (12,7,0.707702736588) (13,7,-0.706510323085) (6,8,-0.999982519727) (7,8,-0.005912718518) (15,8,0.999982519727) (16,8,0.005912718518) (6,9,-0.999999979524) (7,9,0.000202367662) (24,9,0.999999979524) (25,9,-0.000202367662) (9,10,-0.001893538614) (10,10,-0.999998207254) (12,10,0.001893538614) (13,10,0.999998207254) (9,11,-0.001796301431) (10,11,-0.999998386649) (15,11,0.001796301431) (16,11,0.999998386649) (12,12,-0.001699622334) (13,12,-0.999998555641) (15,12,0.001699622334) (16,12,0.999998555641) (12,13,-0.999993825746) (13,13,-0.003514039058) (21,13,0.999993825746) (22,13,0.003514039058) (15,14,-0.704643087106) (16,14,0.709561921042) (21,14,0.704643087106) (22,14,-0.709561921042) (15,15,-0.999979760847) (16,15,0.006362224185) (24,15,0.999979760847) (25,15,-0.006362224185) 
Q:
size: 16 16
(0,0,2.000000000000) (1,0,0.999987547343) (2,0,-0.999950006066) (3,0,0.711300571001) (4,0,0.009712777371) (5,0,-0.701014745895) (6,0,0.006060480077) (0,1,0.999987547343) (1,1,2.000000000000) (2,1,0.999987455449) (7,1,0.707147076119) (8,1,-0.005012580942) (9,1,0.001102518477) (0,2,-0.999950006066) (1,2,0.999987455449) (2,2,2.000000000000) (3,2,-0.704236644791) (4,2,0.000286504990) (5,2,0.708110645479) (6,2,0.003938907723) (7,2,0.703596589491) (8,2,-0.010021341661) (9,2,-0.003906378836) (0,3,0.711300571001) (2,3,-0.704236644791) (3,3,2.000000000000) (4,3,0.709763518288) (5,3,0.002630101261) (6,3,0.707185884006) (10,3,0.705807642609) (11,3,0.705876522554) (0,4,0.009712777371) (2,4,0.000286504990) (3,4,0.709763518288) (4,4,2.000000000000) (5,4,0.706304337955) (6,4,0.999993329947) (7,4,0.710398020490) (10,4,-0.001928710499) (12,4,0.002122626695) (13,4,-0.999973089488) (0,5,-0.701014745895) (2,5,0.708110645479) (3,5,0.002630101261) (4,5,0.706304337955) (5,5,2.000000000000) (6,5,0.708885194590) (8,5,0.713162251594) (11,5,0.706475926404) (12,5,0.706407499616) (14,5,0.000790079480) (15,5,-0.704503963255) (0,6,0.006060480077) (2,6,0.003938907723) (3,6,0.707185884006) (4,6,0.999993329947) (5,6,0.708885194590) (6,6,2.000000000000) (13,6,0.999993214504) (14,6,0.704763587894) (1,7,0.707147076119) (2,7,0.703596589491) (4,7,0.710398020490) (7,7,2.000000000000) (8,7,0.703512969081) (9,7,0.707845696939) (10,7,-0.705168994033) (12,7,0.705306475254) (13,7,-0.705215662181) (1,8,-0.005012580942) (2,8,-0.010021341661) (5,8,0.713162251594) (7,8,0.703512969081) (8,8,2.000000000000) (9,8,0.999981302708) (11,8,0.007708979010) (12,8,0.007612302601) (14,8,-0.700435329843) (15,8,-0.999924662887) (1,9,0.001102518477) (2,9,-0.003906378836) (7,9,0.707845696939) (8,9,0.999981302708) (9,9,2.000000000000) (15,9,0.999981027879) (3,10,0.705807642609) (4,10,-0.001928710499) (7,10,-0.705168994033) (10,10,2.000000000000) (11,10,0.999999995272) (12,10,-0.999999981198) (13,10,-0.005407559682) (3,11,0.705876522554) (5,11,0.706475926404) (8,11,0.007708979010) (10,11,0.999999995272) (11,11,2.000000000000) (12,11,0.999999995327) (14,11,0.708295024884) (15,11,0.004565948845) (4,12,0.002122626695) (5,12,0.706407499616) (7,12,0.705306475254) (8,12,0.007612302601) (10,12,-0.999999981198) (11,12,0.999999995327) (12,12,2.000000000000) (13,12,0.005213645823) (14,12,0.708363269052) (15,12,0.004662627061) (4,13,-0.999973089488) (6,13,0.999993214504) (7,13,-0.705215662181) (10,13,-0.005407559682) (12,13,0.005213645823) (13,13,2.000000000000) (14,13,0.702145308156) (5,14,0.000790079480) (6,14,0.704763587894) (8,14,-0.700435329843) (11,14,0.708295024884) (12,14,0.708363269052) (13,14,0.702145308156) (14,14,2.000000000000) (15,14,0.709143217742) (5,15,-0.704503963255) (8,15,-0.999924662887) (9,15,0.999981027879) (11,15,0.004565948845) (12,15,0.004662627061) (14,15,0.709143217742) (15,15,2.000000000000) 
Minv:
size: 27 27
(0,0,1.000000000000) (1,1,1.000000000000) (2,2,2.000000000000) (3,3,1.000000000000) (4,4,1.000000000000) (5,5,2.000000000000) (6,6,1.000000000000) (7,7,1.000000000000) (8,8,2.000000000000) (9,9,1.000000000000) (10,10,1.000000000000) (11,11,2.000000000000) (12,12,1.000000000000) (13,13,1.000000000000) (14,14,2.000000000000) (15,15,1.000000000000) (16,16,1.000000000000) (17,17,2.000000000000) (18,18,1.000000000000) (19,19,1.000000000000) (20,20,2.000000000000) (21,21,1.000000000000) (22,22,1.000000000000) (23,23,2.000000000000) (24,24,1.000000000000) (25,25,1.000000000000) (26,26,2.000000000000) 
v0:
size: 27 1
(0,0,-0.830531009506) (1,0,-0.357861546019) (2,0,0.000000000000) (3,0,0.839892761586) (4,0,-0.560454058979) (5,0,0.000000000000) (6,0,0.760471398862) (7,0,-0.652305868639) (8,0,0.000000000000) (9,0,-0.105381879884) (10,0,0.435368848739) (11,0,0.000000000000) (12,0,0.774146951039) (13,0,0.323506610400) (14,0,0.000000000000) (15,0,0.760151956178) (16,0,-0.914773544761) (17,0,0.000000000000) (18,0,0.236088939468) (19,0,-0.504031036633) (20,0,0.000000000000) (21,0,0.073272956135) (22,0,0.878335178979) (23,0,0.000000000000) (24,0,0.593125005429) (25,0,0.899318890742) (26,0,0.000000000000) 
ipopt_sol:
size: 16 1
(0,0,0.000000000000) (1,0,0.000000000000) (2,0,0.618505449498) (3,0,1.590352428460) (4,0,0.000000000000) (5,0,0.000000000000) (6,0,0.000000000000) (7,0,0.103637950885) (8,0,0.557912274285) (9,0,0.000000000000) (10,0,0.000000000000) (11,0,0.000000000000) (12,0,0.600882231925) (13,0,0.140768475628) (14,0,1.689475540849) (15,0,0.000000000000) 
policy_sol:
size: 16 1
(0,0,0.000000000000) (1,0,0.000000000000) (2,0,0.618505437009) (3,0,1.590352406350) (4,0,0.000000000000) (5,0,0.000000000000) (6,0,0.000000000000) (7,0,0.103637954032) (8,0,0.557912263385) (9,0,0.000000000000) (10,0,0.000000000000) (11,0,0.000000000000) (12,0,0.600882233486) (13,0,0.140768482919) (14,0,1.689475523304) (15,0,0.000000000000) 

policy_converges:
1
ipopt_converges:
0
