solve status: 0
N:
size: 27 14
(0,0,-0.999998402003) (1,0,-0.001787733870) (18,0,0.999998402003) (19,0,0.001787733870) (3,1,0.001785021040) (4,1,-0.999998406849) (6,1,-0.001785021040) (7,1,0.999998406849) (3,2,-0.708441387236) (4,2,-0.705769651410) (15,2,0.708441387236) (16,2,0.705769651410) (9,3,-0.002211267385) (10,3,-0.999997555145) (15,3,0.002211267385) (16,3,0.999997555145) (9,4,-0.999999711005) (10,4,0.000760256720) (18,4,0.999999711005) (19,4,-0.000760256720) (9,5,-0.706609201966) (10,5,-0.707604010515) (21,5,0.706609201966) (22,5,0.707604010515) (12,6,0.002443063515) (13,6,-0.999997015716) (15,6,-0.002443063515) (16,6,0.999997015716) (12,7,-0.707492408317) (13,7,0.706720943636) (18,7,0.707492408317) (19,7,-0.706720943636) (12,8,-0.999957739323) (13,8,-0.009193452481) (21,8,0.999957739323) (22,8,0.009193452481) (12,9,-0.703100846930) (13,9,-0.711090148326) (24,9,0.703100846930) (25,9,0.711090148326) (15,10,-0.707285945837) (16,10,0.706927571128) (21,10,0.707285945837) (22,10,-0.706927571128) (15,11,-0.999996854853) (16,11,-0.002508043845) (24,11,0.999996854853) (25,11,0.002508043845) (18,12,-0.000640693979) (19,12,-0.999999794756) (24,12,0.000640693979) (25,12,0.999999794756) (21,13,-0.002277054667) (22,13,-0.999997407508) (24,13,0.002277054667) (25,13,0.999997407508) 
Q:
size: 14 14
(0,0,2.000000000000) (4,0,0.999996753871) (7,0,0.706227848779) (12,0,-0.002428426458) (1,1,2.000000000000) (2,1,0.704503944230) (1,2,0.704503944230) (2,2,2.000000000000) (3,2,0.707334479240) (6,2,0.704036777887) (10,2,-0.002142611194) (11,2,-0.710209260314) (2,3,0.707334479240) (3,3,2.000000000000) (4,3,0.001451011885) (5,3,0.709164782408) (6,3,0.999989168602) (10,3,0.705361844449) (11,3,-0.004719298143) (0,4,0.999996753871) (3,4,0.001451011885) (4,4,2.000000000000) (5,4,0.706071037055) (7,4,0.708029493202) (12,4,0.000119562770) (3,5,0.709164782408) (4,5,0.706071037055) (5,5,2.000000000000) (8,5,0.713084664029) (10,5,-0.000450026724) (13,5,-0.709211163838) (2,6,0.704036777887) (3,6,0.999989168602) (6,6,2.000000000000) (7,6,-0.708447283469) (8,6,0.006750464776) (9,6,0.709370306204) (10,6,0.708653405944) (11,6,-0.000064980529) (0,7,0.706227848779) (4,7,0.708029493202) (6,7,-0.708447283469) (7,7,2.000000000000) (8,7,0.700965303796) (9,7,-0.005103789150) (12,7,0.706267512459) (5,8,0.713084664029) (6,8,0.006750464776) (7,8,0.700965303796) (8,8,2.000000000000) (9,8,0.709608506901) (10,8,0.700756950421) (13,8,-0.011470387085) (6,9,0.709370306204) (7,9,-0.005103789150) (8,9,0.709608506901) (9,9,2.000000000000) (11,9,0.704882080844) (12,9,0.711540474858) (13,9,0.712689303895) (2,10,-0.002142611194) (3,10,0.705361844449) (5,10,-0.000450026724) (6,10,0.708653405944) (8,10,0.700756950421) (10,10,2.000000000000) (11,10,0.705510715976) (13,10,0.705315209660) (2,11,-0.710209260314) (3,11,-0.004719298143) (6,11,-0.000064980529) (9,11,0.704882080844) (10,11,0.705510715976) (11,11,2.000000000000) (12,11,0.003148735294) (13,11,0.004785084848) (0,12,-0.002428426458) (4,12,0.000119562770) (7,12,0.706267512459) (9,12,0.711540474858) (11,12,0.003148735294) (12,12,2.000000000000) (13,12,0.999998661159) (5,13,-0.709211163838) (8,13,-0.011470387085) (9,13,0.712689303895) (10,13,0.705315209660) (11,13,0.004785084848) (12,13,0.999998661159) (13,13,2.000000000000) 
Minv:
size: 27 27
(0,0,1.000000000000) (1,1,1.000000000000) (2,2,2.000000000000) (3,3,1.000000000000) (4,4,1.000000000000) (5,5,2.000000000000) (6,6,1.000000000000) (7,7,1.000000000000) (8,8,2.000000000000) (9,9,1.000000000000) (10,10,1.000000000000) (11,11,2.000000000000) (12,12,1.000000000000) (13,13,1.000000000000) (14,14,2.000000000000) (15,15,1.000000000000) (16,16,1.000000000000) (17,17,2.000000000000) (18,18,1.000000000000) (19,19,1.000000000000) (20,20,2.000000000000) (21,21,1.000000000000) (22,22,1.000000000000) (23,23,2.000000000000) (24,24,1.000000000000) (25,25,1.000000000000) (26,26,2.000000000000) 
v0:
size: 27 1
(0,0,-0.315857921959) (1,0,0.168448879201) (2,0,0.000000000000) (3,0,-0.300007864357) (4,0,0.816751068574) (5,0,0.000000000000) (6,0,-0.035749377766) (7,0,0.508701061865) (8,0,0.000000000000) (9,0,0.760921806276) (10,0,-0.618524718492) (11,0,0.000000000000) (12,0,0.821982345424) (13,0,-0.426653542562) (14,0,0.000000000000) (15,0,0.508246309642) (16,0,-0.772360094682) (17,0,0.000000000000) (18,0,-0.726046162496) (19,0,-0.543604201215) (20,0,0.000000000000) (21,0,-0.048435730225) (22,0,-0.275807125444) (23,0,0.000000000000) (24,0,0.469477441998) (25,0,-0.960291112065) (26,0,0.000000000000) 
ipopt_sol:
size: 14 1
(0,0,0.000000000000) (1,0,0.148492086322) (2,0,0.454303025232) (3,0,0.000000000000) (4,0,1.348560372605) (5,0,0.000000000000) (6,0,0.205189980186) (7,0,0.391125327782) (8,0,0.619082475067) (9,0,0.103126325484) (10,0,0.224955319061) (11,0,0.083506595838) (12,0,0.000000000000) (13,0,0.570572943114) 
policy_sol:
size: 14 1
(0,0,0.000000000000) (1,0,0.148492086829) (2,0,0.454303023793) (3,0,0.000000000000) (4,0,1.348560366546) (5,0,0.000000000000) (6,0,0.121311447088) (7,0,0.391125320780) (8,0,0.535175399213) (9,0,0.222168435268) (10,0,0.343310920171) (11,0,0.000000000000) (12,0,0.000000000000) (13,0,0.486132489430) 

policy_converges:
1
ipopt_converges:
0
