solve status: 0
N:
size: 27 10
(0,0,-0.006062264346) (1,0,-0.999981624307) (3,0,0.006062264346) (4,0,0.999981624307) (0,1,-0.999999957510) (1,1,-0.000291512450) (9,1,0.999999957510) (10,1,0.000291512450) (0,2,-0.999992242454) (1,2,-0.003938912593) (18,2,0.999992242454) (19,2,0.003938912593) (3,3,-0.703872077230) (4,3,0.710326755019) (9,3,0.703872077230) (10,3,-0.710326755019) (12,4,0.000832233160) (13,4,-0.999999653694) (15,4,-0.000832233160) (16,4,0.999999653694) (12,5,-0.708622451917) (13,5,0.705587854657) (18,5,0.708622451917) (19,5,-0.705587854657) (12,6,-0.999997837582) (13,6,-0.002079622912) (21,6,0.999997837582) (22,6,0.002079622912) (12,7,-0.703778754162) (13,7,-0.710419217920) (24,7,0.703778754162) (25,7,0.710419217920) (18,8,-0.002915543416) (19,8,-0.999995749794) (21,8,0.002915543416) (22,8,0.999995749794) (18,9,-0.001205454345) (19,9,-0.999999273440) (24,9,0.001205454345) (25,9,0.999999273440) 
Q:
size: 10 10
(0,0,2.000000000000) (1,0,0.006353771181) (2,0,0.010001057530) (3,0,0.706046643675) (0,1,0.006353771181) (1,1,2.000000000000) (2,1,0.999993348206) (3,1,0.703664978230) (0,2,0.010001057530) (1,2,0.999993348206) (2,2,2.000000000000) (5,2,0.705837705860) (8,2,-0.006854416650) (9,2,-0.005144354725) (0,3,0.706046643675) (1,3,0.703664978230) (3,3,2.000000000000) (4,4,2.000000000000) (5,4,-0.706177349410) (6,4,0.001247390831) (7,4,0.709833263881) (2,5,0.705837705860) (4,5,-0.706177349410) (5,5,2.000000000000) (6,5,0.707153562910) (7,5,-0.002549745498) (8,5,0.703518836239) (9,5,0.704733129991) (4,6,0.001247390831) (5,6,0.707153562910) (6,6,2.000000000000) (7,6,0.705254636381) (8,6,0.004995151184) (4,7,0.709833263881) (5,7,-0.002549745498) (6,7,0.705254636381) (7,7,2.000000000000) (9,7,0.711267074915) (2,8,-0.006854416650) (5,8,0.703518836239) (6,8,0.004995151184) (8,8,2.000000000000) (9,8,0.999998537791) (2,9,-0.005144354725) (5,9,0.704733129991) (7,9,0.711267074915) (8,9,0.999998537791) (9,9,2.000000000000) 
Minv:
size: 27 27
(0,0,1.000000000000) (1,1,1.000000000000) (2,2,2.000000000000) (3,3,1.000000000000) (4,4,1.000000000000) (5,5,2.000000000000) (6,6,1.000000000000) (7,7,1.000000000000) (8,8,2.000000000000) (9,9,1.000000000000) (10,10,1.000000000000) (11,11,2.000000000000) (12,12,1.000000000000) (13,13,1.000000000000) (14,14,2.000000000000) (15,15,1.000000000000) (16,16,1.000000000000) (17,17,2.000000000000) (18,18,1.000000000000) (19,19,1.000000000000) (20,20,2.000000000000) (21,21,1.000000000000) (22,22,1.000000000000) (23,23,2.000000000000) (24,24,1.000000000000) (25,25,1.000000000000) (26,26,2.000000000000) 
v0:
size: 27 1
(0,0,0.580040638209) (1,0,-0.554557648687) (2,0,0.000000000000) (3,0,0.063561850729) (4,0,-0.843162093323) (5,0,0.000000000000) (6,0,0.011359052597) (7,0,-0.119004321387) (8,0,0.000000000000) (9,0,0.082019890062) (10,0,-0.688622863036) (11,0,0.000000000000) (12,0,0.831323571719) (13,0,-0.098243823581) (14,0,0.000000000000) (15,0,0.310183869212) (16,0,-0.220816468813) (17,0,0.000000000000) (18,0,0.234888834259) (19,0,0.279210152267) (20,0,0.000000000000) (21,0,0.540354337932) (22,0,-0.626227860477) (23,0,0.000000000000) (24,0,0.426454288589) (25,0,-0.603758853773) (26,0,0.000000000000) 
ipopt_sol:
size: 10 1
(0,0,0.290150825168) (1,0,0.497138041207) (2,0,0.000000000000) (3,0,0.000000000000) (4,0,0.075554505450) (5,0,0.409651992689) (6,0,0.000000000000) (7,0,0.538796578067) (8,0,0.649408964819) (9,0,0.222071634916) 
policy_sol:
size: 10 1
(0,0,0.290150821615) (1,0,0.497138032700) (2,0,0.000000000000) (3,0,0.000000000000) (4,0,0.075554503594) (5,0,0.409651982979) (6,0,0.000000000000) (7,0,0.538796573613) (8,0,0.649408966032) (9,0,0.222071639340) 

policy_converges:
1
ipopt_converges:
0
