solve status: 0
N:
size: 27 10
(0,0,0.000281929084) (1,0,-0.999999960258) (6,0,-0.000281929084) (7,0,0.999999960258) (3,1,-0.005684405099) (4,1,-0.999983843639) (6,1,0.005684405099) (7,1,0.999983843639) (3,2,-0.999983995958) (4,2,-0.005657546089) (12,2,0.999983995958) (13,2,0.005657546089) (3,3,-0.710054527797) (4,3,-0.704146694627) (15,3,0.710054527797) (16,3,0.704146694627) (6,4,-0.706804335380) (7,4,0.707409097685) (12,4,0.706804335380) (13,4,-0.707409097685) (6,5,-0.999981486640) (7,5,0.006084930296) (15,5,0.999981486640) (16,5,-0.006084930296) (12,6,-0.003130119813) (13,6,-0.999995101163) (15,6,0.003130119813) (16,6,0.999995101163) (12,7,-0.707802531746) (13,7,-0.706410345376) (24,7,0.707802531746) (25,7,0.706410345376) (18,8,0.001071624730) (19,8,-0.999999425810) (24,8,-0.001071624730) (25,8,0.999999425810) (21,9,0.005370716159) (22,9,-0.999985577600) (24,9,-0.005370716159) (25,9,0.999985577600) 
Q:
size: 10 10
(0,0,2.000000000000) (1,0,0.999982201298) (4,0,0.707608338270) (5,0,0.006366853920) (0,1,0.999982201298) (1,1,2.000000000000) (2,1,0.011341768810) (3,1,0.708171555758) (4,1,0.703379906360) (5,1,0.000400532124) (1,2,0.011341768810) (2,2,2.000000000000) (3,2,0.714026906433) (4,2,0.702790824080) (6,2,-0.008787588092) (7,2,-0.711787753132) (1,3,0.708171555758) (2,3,0.714026906433) (3,3,2.000000000000) (5,3,0.705756698747) (6,3,0.706365800873) (0,4,0.707608338270) (1,4,0.703379906360) (2,4,0.702790824080) (4,4,2.000000000000) (5,4,0.711095785108) (6,4,0.705193249949) (7,4,-0.000556793014) (0,5,0.006366853920) (1,5,0.000400532124) (3,5,0.705756698747) (4,5,0.711095785108) (5,5,2.000000000000) (6,5,-0.002954838623) (2,6,-0.008787588092) (3,6,0.706365800873) (4,6,0.705193249949) (5,6,-0.002954838623) (6,6,2.000000000000) (7,6,0.708622391515) (2,7,-0.711787753132) (4,7,-0.000556793014) (6,7,0.708622391515) (7,7,2.000000000000) (8,7,0.705651441065) (9,7,0.702598750749) (7,8,0.705651441065) (8,8,2.000000000000) (9,8,0.999990758811) (7,9,0.702598750749) (8,9,0.999990758811) (9,9,2.000000000000) 
Minv:
size: 27 27
(0,0,1.000000000000) (1,1,1.000000000000) (2,2,2.000000000000) (3,3,1.000000000000) (4,4,1.000000000000) (5,5,2.000000000000) (6,6,1.000000000000) (7,7,1.000000000000) (8,8,2.000000000000) (9,9,1.000000000000) (10,10,1.000000000000) (11,11,2.000000000000) (12,12,1.000000000000) (13,13,1.000000000000) (14,14,2.000000000000) (15,15,1.000000000000) (16,16,1.000000000000) (17,17,2.000000000000) (18,18,1.000000000000) (19,19,1.000000000000) (20,20,2.000000000000) (21,21,1.000000000000) (22,22,1.000000000000) (23,23,2.000000000000) (24,24,1.000000000000) (25,25,1.000000000000) (26,26,2.000000000000) 
v0:
size: 27 1
(0,0,-0.675428925087) (1,0,0.930380575256) (2,0,0.000000000000) (3,0,0.857717703912) (4,0,0.986787895954) (5,0,0.000000000000) (6,0,0.579767474012) (7,0,0.147872101004) (8,0,0.000000000000) (9,0,-0.277687350095) (10,0,-0.894519229394) (11,0,0.000000000000) (12,0,-0.641868895754) (13,0,0.968662177263) (14,0,0.000000000000) (15,0,0.250897307861) (16,0,0.591149138884) (17,0,0.000000000000) (18,0,0.046556115251) (19,0,-0.789911241251) (20,0,0.000000000000) (21,0,0.784183384130) (22,0,-0.080942752907) (23,0,0.000000000000) (24,0,0.899741382657) (25,0,-0.882472510070) (26,0,0.000000000000) 
ipopt_sol:
size: 10 1
(0,0,0.344074088527) (1,0,0.445906136204) (2,0,1.468940401193) (3,0,0.000000000000) (4,0,0.609028255945) (5,0,0.113838043540) (6,0,0.000000000000) (7,0,0.522104143116) (8,0,0.000000000000) (9,0,0.618723972033) 
policy_sol:
size: 10 1
(0,0,0.344074090511) (1,0,0.445906131189) (2,0,1.468940393974) (3,0,0.000000000000) (4,0,0.609028257461) (5,0,0.113838039490) (6,0,0.000000000000) (7,0,0.522104134129) (8,0,0.000000000000) (9,0,0.618723970191) 

policy_converges:
1
ipopt_converges:
0
