solve status: 0
N:
size: 27 15
(0,0,-0.999963670481) (1,0,-0.008523949698) (9,0,0.999963670481) (10,0,0.008523949698) (3,1,-0.001149534937) (4,1,-0.999999339284) (6,1,0.001149534937) (7,1,0.999999339284) (3,2,-0.705236510613) (4,2,0.708972117998) (9,2,0.705236510613) (10,2,-0.708972117998) (3,3,-0.706197746013) (4,3,-0.708014649231) (15,3,0.706197746013) (16,3,0.708014649231) (3,4,-0.999999719028) (4,4,0.000749628661) (21,4,0.999999719028) (22,4,-0.000749628661) (6,5,-0.703523752812) (7,5,0.710671745062) (12,5,0.703523752812) (13,5,-0.710671745062) (6,6,-0.999990722117) (7,6,0.004307630441) (24,6,0.999990722117) (25,6,-0.004307630441) (9,7,-0.002295578110) (10,7,-0.999997365157) (15,7,0.002295578110) (16,7,0.999997365157) (12,8,-0.000269386704) (13,8,-0.999999963715) (15,8,0.000269386704) (16,8,0.999999963715) (12,9,-0.708589798845) (13,9,0.705620646646) (18,9,0.708589798845) (19,9,-0.705620646646) (12,10,-0.999995155043) (13,10,-0.003112858898) (21,10,0.999995155043) (22,10,0.003112858898) (12,11,-0.709424202292) (13,11,-0.704781740117) (24,11,0.709424202292) (25,11,0.704781740117) (15,12,-0.704747446261) (16,12,0.709458270083) (21,12,0.704747446261) (22,12,-0.709458270083) (15,13,-0.999975161126) (16,13,0.007048200555) (24,13,0.999975161126) (25,13,-0.007048200555) (18,14,0.006597230825) (19,14,-0.999978238036) (21,14,-0.006597230825) (22,14,0.999978238036) 
Q:
size: 15 15
(0,0,2.000000000000) (2,0,0.699167647039) (7,0,-0.010819421951) (1,1,2.000000000000) (2,1,-0.708160955561) (3,1,0.708825980416) (4,1,0.000399906449) (5,1,0.709862550377) (6,1,0.003158103323) (0,2,0.699167647039) (1,2,-0.708160955561) (2,2,2.000000000000) (3,2,-0.003926211237) (4,2,0.705767778281) (7,2,0.707351324471) (1,3,0.708825980416) (2,3,-0.003926211237) (3,3,2.000000000000) (4,3,0.705666799519) (7,3,0.709633915811) (8,3,0.708204863824) (12,3,0.004615790178) (13,3,-0.701189975613) (1,4,0.000399906449) (2,4,0.705767778281) (3,4,0.705666799519) (4,4,2.000000000000) (10,4,0.999992540585) (12,4,0.705279078500) (14,4,-0.007346841319) (1,5,0.709862550377) (5,5,2.000000000000) (6,5,0.706578536844) (8,5,0.710482199330) (9,5,-0.999974410791) (10,5,-0.701308123405) (11,5,0.001771692005) (1,6,0.003158103323) (5,6,0.706578536844) (6,6,2.000000000000) (11,6,0.706381681059) (13,6,0.999996244517) (0,7,-0.010819421951) (2,7,0.707351324471) (3,7,0.709633915811) (7,7,2.000000000000) (8,7,0.999997947271) (12,7,0.707838597961) (13,7,0.004752660893) (3,8,0.708204863824) (5,8,0.710482199330) (7,8,0.999997947271) (8,8,2.000000000000) (9,8,-0.705429736373) (10,8,0.003382244184) (11,8,0.704972823992) (12,8,0.709268394749) (13,8,0.006778820287) (5,9,-0.999974410791) (8,9,-0.705429736373) (9,9,2.000000000000) (10,9,0.706389868249) (11,9,0.005382205591) (14,9,0.710280021419) (4,10,0.999992540585) (5,10,-0.701308123405) (8,10,0.003382244184) (9,10,0.706389868249) (10,10,2.000000000000) (11,10,0.711614651273) (12,10,0.702535588301) (14,10,-0.003484407706) (5,11,0.001771692005) (6,11,0.706381681059) (8,11,0.704972823992) (9,11,0.005382205591) (10,11,0.711614651273) (11,11,2.000000000000) (13,11,0.704439137942) (3,12,0.004615790178) (4,12,0.705279078500) (7,12,0.707838597961) (8,12,0.709268394749) (10,12,0.702535588301) (12,12,2.000000000000) (13,12,0.709730345301) (14,12,-0.714092212454) (3,13,-0.701189975613) (6,13,0.999996244517) (7,13,0.004752660893) (8,13,0.006778820287) (11,13,0.704439137942) (12,13,0.709730345301) (13,13,2.000000000000) (4,14,-0.007346841319) (9,14,0.710280021419) (10,14,-0.003484407706) (12,14,-0.714092212454) (14,14,2.000000000000) 
Minv:
size: 27 27
(0,0,1.000000000000) (1,1,1.000000000000) (2,2,2.000000000000) (3,3,1.000000000000) (4,4,1.000000000000) (5,5,2.000000000000) (6,6,1.000000000000) (7,7,1.000000000000) (8,8,2.000000000000) (9,9,1.000000000000) (10,10,1.000000000000) (11,11,2.000000000000) (12,12,1.000000000000) (13,13,1.000000000000) (14,14,2.000000000000) (15,15,1.000000000000) (16,16,1.000000000000) (17,17,2.000000000000) (18,18,1.000000000000) (19,19,1.000000000000) (20,20,2.000000000000) (21,21,1.000000000000) (22,22,1.000000000000) (23,23,2.000000000000) (24,24,1.000000000000) (25,25,1.000000000000) (26,26,2.000000000000) 
v0:
size: 27 1
(0,0,-0.583245067659) (1,0,-0.836337937815) (2,0,0.000000000000) (3,0,0.322685816552) (4,0,0.107788685477) (5,0,0.000000000000) (6,0,-0.036704334067) (7,0,-0.703892357657) (8,0,0.000000000000) (9,0,-0.903302141870) (10,0,-0.445264985963) (11,0,0.000000000000) (12,0,0.542666426070) (13,0,-0.007283830501) (14,0,0.000000000000) (15,0,0.298215665488) (16,0,-0.575649855050) (17,0,0.000000000000) (18,0,0.151320048893) (19,0,0.795691260116) (20,0,0.000000000000) (21,0,-0.440833119581) (22,0,0.749749900514) (23,0,0.000000000000) (24,0,-0.797803495636) (25,0,0.948992749752) (26,0,0.000000000000) 
ipopt_sol:
size: 15 1
(0,0,0.024713897424) (1,0,1.047993081201) (2,0,0.835273383388) (3,0,0.166688500854) (4,0,0.000000000000) (5,0,0.000000000000) (6,0,0.492694060347) (7,0,0.000000000000) (8,0,0.435809251310) (9,0,0.845382644049) (10,0,0.316136119551) (11,0,0.000000000000) (12,0,1.041596501930) (13,0,0.547728516758) (14,0,0.114253336234) 
policy_sol:
size: 15 1
(0,0,0.024713901281) (1,0,1.047993074207) (2,0,0.835273372496) (3,0,0.166688499721) (4,0,0.000000000000) (5,0,0.000000000000) (6,0,0.492694052726) (7,0,0.000000000000) (8,0,0.435809242613) (9,0,0.845382648969) (10,0,0.316136113997) (11,0,0.000000000000) (12,0,1.041596498441) (13,0,0.547728517893) (14,0,0.114253333267) 

policy_converges:
1
ipopt_converges:
0
