solve status: 0
N:
size: 27 12
(0,0,0.004883358227) (1,0,-0.999988076335) (3,0,-0.004883358227) (4,0,0.999988076335) (0,1,0.001792956044) (1,1,-0.999998392653) (6,1,-0.001792956044) (7,1,0.999998392653) (0,2,-0.708910104050) (1,2,-0.705298847564) (12,2,0.708910104050) (13,2,0.705298847564) (0,3,-0.999999843586) (1,3,-0.000559309600) (18,3,0.999999843586) (19,3,0.000559309600) (3,4,-0.999960303488) (4,4,0.008910187868) (12,4,0.999960303488) (13,4,-0.008910187868) (3,5,-0.711846308416) (4,5,-0.702335271216) (15,5,0.711846308416) (16,5,0.702335271216) (3,6,-0.999998127809) (4,6,0.001935039471) (21,6,0.999998127809) (22,6,-0.001935039471) (6,7,-0.999993687671) (7,7,-0.003553113879) (15,7,0.999993687671) (16,7,0.003553113879) (9,8,-0.999999683329) (10,8,-0.000795828343) (18,8,0.999999683329) (19,8,0.000795828343) (9,9,-0.708240000046) (10,9,-0.705971743298) (21,9,0.708240000046) (22,9,0.705971743298) (12,10,-0.709436649681) (13,10,0.704769210515) (18,10,0.709436649681) (19,10,-0.704769210515) (12,11,-0.999987095367) (13,11,-0.005080265749) (21,11,0.999987095367) (22,11,0.005080265749) 
Q:
size: 12 12
(0,0,2.000000000000) (1,0,0.999995224654) (2,0,0.701828575829) (3,0,-0.004324054532) (4,0,0.013793246000) (5,0,-0.698850696279) (6,0,0.006818365483) (0,1,0.999995224654) (1,1,2.000000000000) (2,1,0.704026669249) (3,1,-0.001233647062) (7,1,-0.001760163442) (0,2,0.701828575829) (1,2,0.704026669249) (2,2,2.000000000000) (3,2,0.709304473583) (4,2,0.702597617557) (10,2,-0.005853897167) (11,2,-0.712484061403) (0,3,-0.004324054532) (1,3,-0.001233647062) (2,3,0.709304473583) (3,3,2.000000000000) (8,3,0.999999972029) (10,3,0.709042354530) (0,4,0.013793246000) (2,4,0.702597617557) (4,4,2.000000000000) (5,4,0.705560111388) (6,4,0.999975672937) (10,4,-0.715688113589) (11,4,-0.999902133245) (0,5,-0.698850696279) (4,5,0.705560111388) (5,5,2.000000000000) (6,5,0.710485929233) (7,5,0.714337292208) (0,6,0.006818365483) (4,6,0.999975672937) (5,6,0.710485929233) (6,6,2.000000000000) (9,6,0.706872590897) (11,6,0.999975392685) (1,7,-0.001760163442) (5,7,0.714337292208) (7,7,2.000000000000) (3,8,0.999999972029) (8,8,2.000000000000) (9,8,0.708801608089) (10,8,0.708875549709) (6,9,0.706872590897) (8,9,0.708801608089) (9,9,2.000000000000) (11,9,0.711817384536) (2,10,-0.005853897167) (3,10,0.709042354530) (4,10,-0.715688113589) (8,10,0.708875549709) (10,10,2.000000000000) (11,10,0.705847079780) (2,11,-0.712484061403) (4,11,-0.999902133245) (6,11,0.999975392685) (9,11,0.711817384536) (10,11,0.705847079780) (11,11,2.000000000000) 
Minv:
size: 27 27
(0,0,1.000000000000) (1,1,1.000000000000) (2,2,2.000000000000) (3,3,1.000000000000) (4,4,1.000000000000) (5,5,2.000000000000) (6,6,1.000000000000) (7,7,1.000000000000) (8,8,2.000000000000) (9,9,1.000000000000) (10,10,1.000000000000) (11,11,2.000000000000) (12,12,1.000000000000) (13,13,1.000000000000) (14,14,2.000000000000) (15,15,1.000000000000) (16,16,1.000000000000) (17,17,2.000000000000) (18,18,1.000000000000) (19,19,1.000000000000) (20,20,2.000000000000) (21,21,1.000000000000) (22,22,1.000000000000) (23,23,2.000000000000) (24,24,1.000000000000) (25,25,1.000000000000) (26,26,2.000000000000) 
v0:
size: 27 1
(0,0,-0.131793221993) (1,0,0.927088317457) (2,0,0.000000000000) (3,0,0.997438913642) (4,0,-0.383193910855) (5,0,0.000000000000) (6,0,-0.879199027884) (7,0,-0.167133215706) (8,0,0.000000000000) (9,0,0.786138798537) (10,0,-0.775653267916) (11,0,0.000000000000) (12,0,-0.235761036434) (13,0,-0.447812862987) (14,0,0.000000000000) (15,0,-0.890639436936) (16,0,0.647313436095) (17,0,0.000000000000) (18,0,-0.761497134282) (19,0,0.062826872119) (20,0,0.000000000000) (21,0,-0.568469397294) (22,0,0.324385005097) (23,0,0.000000000000) (24,0,0.444135090371) (25,0,0.425596334677) (26,0,0.000000000000) 
ipopt_sol:
size: 12 1
(0,0,1.139850226199) (1,0,0.417552357276) (2,0,0.299434565237) (3,0,0.000000000000) (4,0,0.564501463205) (5,0,0.416902011203) (6,0,1.133043251512) (7,0,0.000000000000) (8,0,1.389916569722) (9,0,0.000000000000) (10,0,0.443100612942) (11,0,0.000000000000) 
policy_sol:
size: 12 1
(0,0,1.139850225723) (1,0,0.417552360032) (2,0,0.299434558127) (3,0,0.000000000000) (4,0,0.564501481214) (5,0,0.416902006781) (6,0,1.133043235552) (7,0,0.000000000000) (8,0,1.389916560213) (9,0,0.000000000000) (10,0,0.443100615666) (11,0,0.000000000000) 

policy_converges:
1
ipopt_converges:
0
