solve status: 0
N:
size: 27 13
(3,0,-0.002498211815) (4,0,-0.999996879464) (6,0,0.002498211815) (7,0,0.999996879464) (3,1,-0.999997111467) (4,1,0.002403550887) (12,1,0.999997111467) (13,1,-0.002403550887) (3,2,-0.704265304672) (4,2,-0.709936884966) (15,2,0.704265304672) (16,2,0.709936884966) (3,3,-0.999999950172) (4,3,-0.000315684039) (21,3,0.999999950172) (22,3,0.000315684039) (6,4,-0.702552136742) (7,4,0.711632275238) (12,4,0.702552136742) (13,4,-0.711632275238) (6,5,-0.999999999990) (7,5,-0.000004451914) (15,5,0.999999999990) (16,5,0.000004451914) (6,6,-0.999998321355) (7,6,0.001832289999) (24,6,0.999998321355) (25,6,-0.001832289999) (9,7,-0.999987000734) (10,7,0.005098859063) (18,7,0.999987000734) (19,7,-0.005098859063) (12,8,0.000077049879) (13,8,-0.999999997032) (15,8,-0.000077049879) (16,8,0.999999997032) (12,9,-0.706495885078) (13,9,-0.707717149974) (24,9,0.706495885078) (25,9,0.707717149974) (15,10,-0.705673363705) (16,10,0.708537298777) (21,10,0.705673363705) (22,10,-0.708537298777) (15,11,-0.999993320287) (16,11,0.003655048851) (24,11,0.999993320287) (25,11,-0.003655048851) (21,12,-0.001768285255) (22,12,-0.999998436582) (24,12,0.001768285255) (25,12,0.999998436582) 
Q:
size: 13 13
(0,0,2.000000000000) (1,0,0.000094661213) (2,0,0.711694073488) (3,0,0.002813894744) (4,0,0.709874930515) (5,0,-0.002502663715) (6,0,-0.000665923340) (0,1,0.000094661213) (1,1,2.000000000000) (2,1,0.702556900949) (3,1,0.999996302877) (4,1,0.704260551783) (8,1,0.002480600536) (9,1,-0.704792810158) (0,2,0.711694073488) (1,2,0.702556900949) (2,2,2.000000000000) (3,2,0.704489385322) (5,2,0.704268465243) (8,2,0.709882619303) (10,2,0.006035496288) (11,2,-0.701665746386) (0,3,0.002813894744) (1,3,0.999996302877) (2,3,0.704489385322) (3,3,2.000000000000) (10,3,0.705449654626) (12,3,-0.002083968712) (0,4,0.709874930515) (1,4,0.704260551783) (4,4,2.000000000000) (5,4,0.702548968609) (6,4,0.703854874107) (8,4,0.711686404682) (9,4,0.007284172000) (0,5,-0.002502663715) (2,5,0.704268465243) (4,5,0.702548968609) (5,5,2.000000000000) (6,5,0.999998313188) (8,5,-0.000072597965) (10,5,-0.705670209350) (11,5,-0.999993304005) (0,6,-0.000665923340) (4,6,0.703854874107) (5,6,0.999998313188) (6,6,2.000000000000) (9,6,0.705197956066) (11,6,0.999998338763) (12,6,-0.000064004848) (7,7,2.000000000000) (1,8,0.002480600536) (2,8,0.709882619303) (4,8,0.711686404682) (5,8,-0.000072597965) (8,8,2.000000000000) (9,8,0.707662712451) (10,8,0.708591668721) (11,8,0.003732098205) (1,9,-0.704792810158) (4,9,0.007284172000) (6,9,0.705197956066) (8,9,0.707662712451) (9,9,2.000000000000) (11,9,0.703904425132) (12,9,0.708965329774) (2,10,0.006035496288) (3,10,0.705449654626) (5,10,-0.705670209350) (8,10,0.708591668721) (10,10,2.000000000000) (11,10,0.708258388449) (12,10,0.707288359233) (2,11,-0.701665746386) (5,11,-0.999993304005) (6,11,0.999998338763) (8,11,0.003732098205) (9,11,0.703904425132) (10,11,0.708258388449) (11,11,2.000000000000) (12,11,-0.001886769693) (3,12,-0.002083968712) (6,12,-0.000064004848) (9,12,0.708965329774) (10,12,0.707288359233) (11,12,-0.001886769693) (12,12,2.000000000000) 
Minv:
size: 27 27
(0,0,1.000000000000) (1,1,1.000000000000) (2,2,2.000000000000) (3,3,1.000000000000) (4,4,1.000000000000) (5,5,2.000000000000) (6,6,1.000000000000) (7,7,1.000000000000) (8,8,2.000000000000) (9,9,1.000000000000) (10,10,1.000000000000) (11,11,2.000000000000) (12,12,1.000000000000) (13,13,1.000000000000) (14,14,2.000000000000) (15,15,1.000000000000) (16,16,1.000000000000) (17,17,2.000000000000) (18,18,1.000000000000) (19,19,1.000000000000) (20,20,2.000000000000) (21,21,1.000000000000) (22,22,1.000000000000) (23,23,2.000000000000) (24,24,1.000000000000) (25,25,1.000000000000) (26,26,2.000000000000) 
v0:
size: 27 1
(0,0,-0.299334149448) (1,0,-0.695238104135) (2,0,0.000000000000) (3,0,0.670063215750) (4,0,0.446126226065) (5,0,0.000000000000) (6,0,0.582779408212) (7,0,0.282559413926) (8,0,0.000000000000) (9,0,0.569737934246) (10,0,0.146641154179) (11,0,0.000000000000) (12,0,-0.489691992942) (13,0,0.716585384315) (14,0,0.000000000000) (15,0,0.351418819665) (16,0,0.471128273952) (17,0,0.000000000000) (18,0,-0.278162922152) (19,0,-0.461318633856) (20,0,0.000000000000) (21,0,0.337649394013) (22,0,0.786214785241) (23,0,0.000000000000) (24,0,-0.302099658918) (25,0,0.226453770280) (26,0,0.000000000000) 
ipopt_sol:
size: 13 1
(0,0,0.000000000000) (1,0,0.989401960311) (2,0,0.000000000000) (3,0,0.000000000000) (4,0,0.528900529654) (5,0,0.288651409493) (6,0,0.197300987057) (7,0,0.844789933033) (8,0,0.039471070190) (9,0,0.043391124122) (10,0,0.000000000000) (11,0,0.683464207729) (12,0,0.546161084739) 
policy_sol:
size: 13 1
(0,0,0.000000000000) (1,0,0.989401951331) (2,0,0.000000000000) (3,0,0.000000000000) (4,0,0.528232692489) (5,0,0.030369830933) (6,0,0.456052190724) (7,0,0.844789933033) (8,0,0.040416249194) (9,0,0.042727116645) (10,0,0.000000000000) (11,0,0.425180831376) (12,0,0.546161080396) 

policy_converges:
1
ipopt_converges:
0
