solve status: 0
N:
size: 27 18
(0,0,-0.999984750929) (1,0,-0.005522491300) (9,0,0.999984750929) (10,0,0.005522491300) (0,1,-0.999998429075) (1,1,-0.001772525721) (18,1,0.999998429075) (19,1,0.001772525721) (3,2,0.004558512250) (4,2,-0.999989609929) (6,2,-0.004558512250) (7,2,0.999989609929) (3,3,-0.706082627153) (4,3,0.708129454007) (9,3,0.706082627153) (10,3,-0.708129454007) (3,4,-0.999998751009) (4,4,-0.001580500360) (21,4,0.999998751009) (22,4,0.001580500360) (6,5,-0.708400323382) (7,5,0.705810868316) (12,5,0.708400323382) (13,5,-0.705810868316) (6,6,-0.999998721681) (7,6,0.001598948253) (15,6,0.999998721681) (16,6,-0.001598948253) (9,7,-0.004839681398) (10,7,-0.999988288673) (12,7,0.004839681398) (13,7,0.999988288673) (9,8,-0.001424964735) (10,8,-0.999998984737) (15,8,0.001424964735) (16,8,0.999998984737) (9,9,-0.704912924780) (10,9,-0.709293851996) (21,9,0.704912924780) (22,9,0.709293851996) (12,10,0.001972563193) (13,10,-0.999998054495) (15,10,-0.001972563193) (16,10,0.999998054495) (12,11,-0.706265158666) (13,11,0.707947403169) (18,11,0.706265158666) (19,11,-0.707947403169) (12,12,-0.999975062686) (13,12,-0.007062153128) (21,12,0.999975062686) (22,12,0.007062153128) (12,13,-0.705830933143) (13,13,-0.708380331332) (24,13,0.705830933143) (25,13,0.708380331332) (15,14,-0.707077321440) (16,14,0.707136239706) (21,14,0.707077321440) (22,14,-0.707136239706) (15,15,-0.999999822860) (16,15,-0.000595214435) (24,15,0.999999822860) (25,15,0.000595214435) (18,16,0.003610957894) (19,16,-0.999993480470) (21,16,-0.003610957894) (22,16,0.999993480470) (18,17,-0.001212511299) (19,17,-0.999999264908) (24,17,0.001212511299) (25,17,0.999999264908) 
Q:
size: 18 18
(0,0,2.000000000000) (1,0,0.999992968786) (3,0,0.702161221300) (7,0,-0.010362034221) (8,0,-0.006947428698) (9,0,-0.708819244639) (0,1,0.999992968786) (1,1,2.000000000000) (11,1,0.705009194196) (16,1,0.001838438056) (17,1,-0.002985033812) (2,2,2.000000000000) (3,2,-0.711340782797) (4,2,-0.002978022618) (5,2,0.709032786443) (6,2,0.006157438062) (0,3,0.702161221300) (2,3,-0.711340782797) (3,3,2.000000000000) (4,3,0.704962546405) (7,3,0.704703945916) (8,3,0.707122592226) (9,3,0.004545098302) (2,4,-0.002978022618) (3,4,0.704962546405) (4,4,2.000000000000) (9,4,0.706033083537) (12,4,0.999984975461) (14,4,0.705958809225) (16,4,-0.002030463328) (2,5,0.709032786443) (5,5,2.000000000000) (6,5,0.709527972875) (7,5,-0.702374170467) (10,5,0.707206859562) (11,5,-0.999995438145) (12,5,-0.703398113349) (13,5,-0.000028324536) (2,6,0.006157438062) (5,6,0.709527972875) (6,6,2.000000000000) (8,6,-0.000173983716) (10,6,-0.003571505814) (14,6,-0.708207091825) (15,6,-0.999997592824) (0,7,-0.010362034221) (3,7,0.704703945916) (5,7,-0.702374170467) (7,7,2.000000000000) (8,7,0.999994169798) (9,7,0.712697099193) (10,7,-0.999976796614) (11,7,0.704521013816) (12,7,-0.011901631130) (13,7,-0.711788032096) (0,8,-0.006947428698) (3,8,0.707122592226) (6,8,-0.000173983716) (7,8,0.999994169798) (8,8,2.000000000000) (9,8,0.710297607935) (10,8,0.999994228402) (14,8,0.706127961529) (15,8,-0.002020178313) (0,9,-0.708819244639) (3,9,0.004545098302) (4,9,0.706033083537) (7,9,0.712697099193) (8,9,0.710297607935) (9,9,2.000000000000) (12,9,0.709904487940) (14,9,-0.003139444645) (16,9,0.706743816843) (5,10,0.707206859562) (6,10,-0.003571505814) (7,10,-0.999976796614) (8,10,0.999994228402) (10,10,2.000000000000) (11,10,-0.709339178511) (12,10,0.005089625386) (13,10,0.706986657055) (14,10,0.708529618668) (15,10,0.001377349567) (1,11,0.705009194196) (5,11,-0.999995438145) (7,11,0.704521013816) (10,11,-0.709339178511) (11,11,2.000000000000) (12,11,0.701247913342) (13,11,-0.002992220035) (16,11,0.710493081435) (17,11,0.707090528278) (4,12,0.999984975461) (5,12,-0.703398113349) (7,12,-0.011901631130) (9,12,0.709904487940) (10,12,0.005089625386) (11,12,0.701247913342) (12,12,2.000000000000) (13,12,0.710816021988) (14,12,0.702065784423) (16,12,0.003451239240) (5,13,-0.000028324536) (7,13,-0.711788032096) (10,13,0.706986657055) (11,13,-0.002992220035) (12,13,0.710816021988) (13,13,2.000000000000) (15,13,0.706252446311) (17,13,0.709235638589) (4,14,0.705958809225) (6,14,-0.708207091825) (8,14,0.706127961529) (9,14,-0.003139444645) (10,14,0.708529618668) (12,14,0.702065784423) (14,14,2.000000000000) (15,14,0.706656298491) (16,14,-0.709684855945) (6,15,-0.999997592824) (8,15,-0.002020178313) (10,15,0.001377349567) (13,15,0.706252446311) (14,15,0.706656298491) (15,15,2.000000000000) (17,15,0.001807725082) (1,16,0.001838438056) (4,16,-0.002030463328) (9,16,0.706743816843) (11,16,0.710493081435) (12,16,0.003451239240) (14,16,-0.709684855945) (16,16,2.000000000000) (17,16,0.999988367056) (1,17,-0.002985033812) (11,17,0.707090528278) (13,17,0.709235638589) (15,17,0.001807725082) (16,17,0.999988367056) (17,17,2.000000000000) 
Minv:
size: 27 27
(0,0,1.000000000000) (1,1,1.000000000000) (2,2,2.000000000000) (3,3,1.000000000000) (4,4,1.000000000000) (5,5,2.000000000000) (6,6,1.000000000000) (7,7,1.000000000000) (8,8,2.000000000000) (9,9,1.000000000000) (10,10,1.000000000000) (11,11,2.000000000000) (12,12,1.000000000000) (13,13,1.000000000000) (14,14,2.000000000000) (15,15,1.000000000000) (16,16,1.000000000000) (17,17,2.000000000000) (18,18,1.000000000000) (19,19,1.000000000000) (20,20,2.000000000000) (21,21,1.000000000000) (22,22,1.000000000000) (23,23,2.000000000000) (24,24,1.000000000000) (25,25,1.000000000000) (26,26,2.000000000000) 
v0:
size: 27 1
(0,0,0.992030628447) (1,0,-0.880805072833) (2,0,0.000000000000) (3,0,-0.738197676677) (4,0,-0.473933986925) (5,0,0.000000000000) (6,0,0.019821912843) (7,0,-0.620840750397) (8,0,0.000000000000) (9,0,0.098332060476) (10,0,0.835017490360) (11,0,0.000000000000) (12,0,0.163753489197) (13,0,0.666166016033) (14,0,0.000000000000) (15,0,0.012324315080) (16,0,-0.387314009280) (17,0,0.000000000000) (18,0,0.234535751565) (19,0,0.950597912855) (20,0,0.000000000000) (21,0,-0.993128193154) (22,0,-0.840415293533) (23,0,0.000000000000) (24,0,-0.292281739478) (25,0,-0.370664618331) (26,0,0.000000000000) 
ipopt_sol:
size: 18 1
(0,0,1.576989700861) (1,0,0.000000000000) (2,0,0.000000000000) (3,0,0.000000000000) (4,0,0.000000000000) (5,0,0.861264982860) (6,0,0.000000000000) (7,0,0.000000095148) (8,0,0.261886416497) (9,0,1.952177945981) (10,0,0.545937108054) (11,0,0.000000000000) (12,0,0.704821898126) (13,0,0.197454304782) (14,0,0.000000000000) (15,0,0.233910028029) (16,0,0.626235966816) (17,0,0.938553757207) 
policy_sol:
size: 18 1
(0,0,1.576989694529) (1,0,0.000000000000) (2,0,0.000000000000) (3,0,0.000000000000) (4,0,0.000000000000) (5,0,0.861264970108) (6,0,0.000000000000) (7,0,0.000000000000) (8,0,0.261886497516) (9,0,1.952177952723) (10,0,0.545937022556) (11,0,0.000000000000) (12,0,0.704821876870) (13,0,0.197454310949) (14,0,0.000000000000) (15,0,0.233910027643) (16,0,0.626235967250) (17,0,0.938553751284) 

policy_converges:
1
ipopt_converges:
0
