solve status: 0
N:
size: 27 12
(0,0,-0.999990775422) (1,0,0.004295238114) (9,0,0.999990775422) (10,0,-0.004295238114) (0,1,-0.706199380068) (1,1,-0.708013019365) (12,1,0.706199380068) (13,1,0.708013019365) (0,2,-0.999999973706) (1,2,-0.000229319943) (18,2,0.999999973706) (19,2,0.000229319943) (3,3,-0.707120889677) (4,3,0.707092672414) (9,3,0.707120889677) (10,3,-0.707092672414) (3,4,-0.999997884348) (4,4,0.002057012345) (12,4,0.999997884348) (13,4,-0.002057012345) (6,5,-0.704206686853) (7,5,0.709995029695) (12,5,0.704206686853) (13,5,-0.709995029695) (6,6,-0.999999987676) (7,6,-0.000156995236) (24,6,0.999999987676) (25,6,0.000156995236) (9,7,-0.001108480843) (10,7,-0.999999385635) (15,7,0.001108480843) (16,7,0.999999385635) (12,8,-0.005187628234) (13,8,-0.999986544166) (15,8,0.005187628234) (16,8,0.999986544166) (15,9,-0.708154388495) (16,9,0.706057619501) (21,9,0.708154388495) (22,9,-0.706057619501) (15,10,-0.999999356961) (16,10,0.001134053319) (24,10,0.999999356961) (25,10,-0.001134053319) (18,11,-0.007929454896) (19,11,-0.999968561378) (21,11,0.007929454896) (22,11,0.999968561378) 
Q:
size: 12 12
(0,0,2.000000000000) (1,0,0.703151781171) (2,0,0.999989764145) (3,0,0.710151498182) (7,0,0.003186764858) (0,1,0.703151781171) (1,1,2.000000000000) (2,1,0.706361723005) (4,1,0.704741494475) (5,1,-0.005375399014) (8,1,-0.711666992303) (0,2,0.999989764145) (1,2,0.706361723005) (2,2,2.000000000000) (11,2,-0.008158767421) (0,3,0.710151498182) (3,3,2.000000000000) (4,3,0.708573892012) (7,3,0.706308408041) (1,4,0.704741494475) (3,4,0.708573892012) (4,4,2.000000000000) (5,4,0.705665665537) (8,4,-0.003130632592) (1,5,-0.005375399014) (4,5,0.705665665537) (5,5,2.000000000000) (6,5,0.704095212337) (8,5,0.706332313629) (5,6,0.704095212337) (6,6,2.000000000000) (10,6,0.999999166597) (0,7,0.003186764858) (3,7,0.706308408041) (7,7,2.000000000000) (8,7,0.999991680196) (9,7,0.705272210150) (10,7,0.000025572493) (1,8,-0.711666992303) (4,8,-0.003130632592) (5,8,0.706332313629) (7,8,0.999991680196) (8,8,2.000000000000) (9,8,0.702374477207) (10,8,-0.004053586838) (7,9,0.705272210150) (8,9,0.702374477207) (9,9,2.000000000000) (10,9,0.708954640111) (11,9,-0.700420143739) (6,10,0.999999166597) (7,10,0.000025572493) (8,10,-0.004053586838) (9,10,0.708954640111) (10,10,2.000000000000) (2,11,-0.008158767421) (9,11,-0.700420143739) (11,11,2.000000000000) 
Minv:
size: 27 27
(0,0,1.000000000000) (1,1,1.000000000000) (2,2,2.000000000000) (3,3,1.000000000000) (4,4,1.000000000000) (5,5,2.000000000000) (6,6,1.000000000000) (7,7,1.000000000000) (8,8,2.000000000000) (9,9,1.000000000000) (10,10,1.000000000000) (11,11,2.000000000000) (12,12,1.000000000000) (13,13,1.000000000000) (14,14,2.000000000000) (15,15,1.000000000000) (16,16,1.000000000000) (17,17,2.000000000000) (18,18,1.000000000000) (19,19,1.000000000000) (20,20,2.000000000000) (21,21,1.000000000000) (22,22,1.000000000000) (23,23,2.000000000000) (24,24,1.000000000000) (25,25,1.000000000000) (26,26,2.000000000000) 
v0:
size: 27 1
(0,0,0.731792070564) (1,0,-0.823327298549) (2,0,0.000000000000) (3,0,0.127812096672) (4,0,-0.703586476943) (5,0,0.000000000000) (6,0,0.389570726473) (7,0,0.219342746310) (8,0,0.000000000000) (9,0,-0.939010167895) (10,0,0.417815314069) (11,0,0.000000000000) (12,0,-0.861675022552) (13,0,0.529750556913) (14,0,0.000000000000) (15,0,0.869236877190) (16,0,-0.987556221502) (17,0,0.000000000000) (18,0,-0.068587462368) (19,0,0.235281870470) (20,0,0.000000000000) (21,0,-0.524215740438) (22,0,0.002302495590) (23,0,0.000000000000) (24,0,0.013509294079) (25,0,0.279291316549) (26,0,0.000000000000) 
ipopt_sol:
size: 12 1
(0,0,1.304912471448) (1,0,0.000000000000) (2,0,0.150878478402) (3,0,0.831712156003) (4,0,0.432939060856) (5,0,0.751888130208) (6,0,0.000000000000) (7,0,0.279956206102) (8,0,0.557472397321) (9,0,1.556478144513) (10,0,0.306553810904) (11,0,0.782294748271) 
policy_sol:
size: 12 1
(0,0,1.304912466652) (1,0,0.000000000000) (2,0,0.150878477270) (3,0,0.831712161232) (4,0,0.432939057267) (5,0,0.751888125179) (6,0,0.000000000000) (7,0,0.279956199719) (8,0,0.557472405256) (9,0,1.556478146148) (10,0,0.306553805341) (11,0,0.782294748839) 

policy_converges:
1
ipopt_converges:
0
