solve status: 0
N:
size: 27 13
(0,0,-0.999993266441) (1,0,-0.003669750904) (9,0,0.999993266441) (10,0,0.003669750904) (3,1,-0.710426067157) (4,1,0.703771840232) (9,1,0.710426067157) (10,1,-0.703771840232) (3,2,-0.999999716192) (4,2,-0.000753403030) (12,2,0.999999716192) (13,2,0.000753403030) (3,3,-0.704202369629) (4,3,-0.709999311696) (15,3,0.704202369629) (16,3,0.709999311696) (3,4,-0.999998883988) (4,4,-0.001493995309) (21,4,0.999998883988) (22,4,0.001493995309) (6,5,-0.999994503144) (7,5,-0.003315672154) (15,5,0.999994503144) (16,5,0.003315672154) (12,6,0.000325934365) (13,6,-0.999999946883) (15,6,-0.000325934365) (16,6,0.999999946883) (12,7,-0.707899552550) (13,7,0.706313120011) (18,7,0.707899552550) (19,7,-0.706313120011) (12,8,-0.999997519495) (13,8,-0.002227331192) (21,8,0.999997519495) (22,8,0.002227331192) (12,9,-0.707020249213) (13,9,-0.707193302572) (24,9,0.707020249213) (25,9,0.707193302572) (15,10,-0.708971732554) (16,10,0.705236898098) (21,10,0.708971732554) (22,10,-0.705236898098) (18,11,-0.007781236708) (19,11,-0.999969725719) (21,11,0.007781236708) (22,11,0.999969725719) (18,12,0.000388944800) (19,12,-0.999999924361) (24,12,-0.000388944800) (25,12,0.999999924361) 
Q:
size: 13 13
(0,0,2.000000000000) (1,0,0.707838616114) (0,1,0.707838616114) (1,1,2.000000000000) (2,1,0.709895641696) (3,1,0.000606197782) (4,1,0.709373842485) (1,2,0.709895641696) (2,2,2.000000000000) (3,2,0.704737085403) (4,2,0.999999725761) (6,2,-0.000427468717) (7,2,-0.707367213198) (8,2,-0.999998913765) (9,2,-0.707552850131) (1,3,0.000606197782) (2,3,0.704737085403) (3,3,2.000000000000) (4,3,0.705262319372) (5,3,0.706552623677) (6,3,0.709769750231) (10,3,0.001458138167) (1,4,0.709373842485) (2,4,0.999999725761) (3,4,0.705262319372) (4,4,2.000000000000) (8,4,0.999999731108) (10,4,0.707917320716) (11,4,0.009275178104) (3,5,0.706552623677) (5,5,2.000000000000) (6,5,0.002989739405) (10,5,-0.706629501094) (2,6,-0.000427468717) (3,6,0.709769750231) (5,6,0.002989739405) (6,6,2.000000000000) (7,6,-0.706543811285) (8,6,0.001901397517) (9,6,0.706962822813) (10,6,0.705467938890) (2,7,-0.707367213198) (6,7,-0.706543811285) (7,7,2.000000000000) (8,7,0.706324603358) (9,7,0.000999410071) (11,7,0.700783402905) (12,7,0.706588400436) (2,8,-0.999998913765) (4,8,0.999999731108) (6,8,0.001901397517) (7,8,0.706324603358) (8,8,2.000000000000) (9,8,0.708593649147) (10,8,0.707399177805) (11,8,0.010008481168) (2,9,-0.707552850131) (6,9,0.706962822813) (7,9,0.000999410071) (8,9,0.708593649147) (9,9,2.000000000000) (12,9,0.706918257231) (3,10,0.001458138167) (4,10,0.707917320716) (5,10,-0.706629501094) (6,10,0.705467938890) (8,10,0.707399177805) (10,10,2.000000000000) (11,10,-0.699698870688) (4,11,0.009275178104) (7,11,0.700783402905) (8,11,0.010008481168) (10,11,-0.699698870688) (11,11,2.000000000000) (12,11,0.999966623611) (7,12,0.706588400436) (9,12,0.706918257231) (11,12,0.999966623611) (12,12,2.000000000000) 
Minv:
size: 27 27
(0,0,1.000000000000) (1,1,1.000000000000) (2,2,2.000000000000) (3,3,1.000000000000) (4,4,1.000000000000) (5,5,2.000000000000) (6,6,1.000000000000) (7,7,1.000000000000) (8,8,2.000000000000) (9,9,1.000000000000) (10,10,1.000000000000) (11,11,2.000000000000) (12,12,1.000000000000) (13,13,1.000000000000) (14,14,2.000000000000) (15,15,1.000000000000) (16,16,1.000000000000) (17,17,2.000000000000) (18,18,1.000000000000) (19,19,1.000000000000) (20,20,2.000000000000) (21,21,1.000000000000) (22,22,1.000000000000) (23,23,2.000000000000) (24,24,1.000000000000) (25,25,1.000000000000) (26,26,2.000000000000) 
v0:
size: 27 1
(0,0,-0.634693163114) (1,0,-0.626644895542) (2,0,0.000000000000) (3,0,0.057632372459) (4,0,-0.385230735181) (5,0,0.000000000000) (6,0,-0.533449196463) (7,0,0.412742518942) (8,0,0.000000000000) (9,0,-0.791347745011) (10,0,-0.297225900132) (11,0,0.000000000000) (12,0,-0.019067599588) (13,0,-0.076309213558) (14,0,0.000000000000) (15,0,-0.836996409387) (16,0,-0.307219245232) (17,0,0.000000000000) (18,0,-0.183306644134) (19,0,0.887405186744) (20,0,0.000000000000) (21,0,-0.669272704972) (22,0,-0.077944296184) (23,0,0.000000000000) (24,0,-0.277750692781) (25,0,0.052308751766) (26,0,0.000000000000) 
ipopt_sol:
size: 13 1
(0,0,0.000000000000) (1,0,0.642333702569) (2,0,0.028001948494) (3,0,0.433904914840) (4,0,0.035717372634) (5,0,0.199606098655) (6,0,0.133667317894) (7,0,0.296805280773) (8,0,0.490558702098) (9,0,0.000000000000) (10,0,0.133483077815) (11,0,0.725442775003) (12,0,0.367490776363) 
policy_sol:
size: 13 1
(0,0,0.000000000000) (1,0,0.642333697444) (2,0,0.000000000000) (3,0,0.433875662117) (4,0,0.063739948191) (5,0,0.199606100757) (6,0,0.133708586610) (7,0,0.296805283023) (8,0,0.462556697143) (9,0,0.000000000000) (10,0,0.133454008830) (11,0,0.725442779254) (12,0,0.367490769907) 

policy_converges:
1
ipopt_converges:
0
