solve status: 0
N:
size: 27 15
(0,0,0.002358116701) (1,0,-0.999997219639) (3,0,-0.002358116701) (4,0,0.999997219639) (3,1,-0.707680066535) (4,1,0.706533030670) (9,1,0.707680066535) (10,1,-0.706533030670) (3,2,-0.999960313413) (4,2,-0.008909073997) (12,2,0.999960313413) (13,2,0.008909073997) (3,3,-0.704669536987) (4,3,-0.709535653538) (15,3,0.704669536987) (16,3,0.709535653538) (3,4,-0.999999959863) (4,4,0.000283328075) (21,4,0.999999959863) (22,4,-0.000283328075) (6,5,-0.709117445093) (7,5,0.705090383614) (12,5,0.709117445093) (13,5,-0.705090383614) (6,6,-0.999999651552) (7,6,0.000834802311) (15,6,0.999999651552) (16,6,-0.000834802311) (9,7,-0.708667523347) (10,7,-0.705542586491) (21,7,0.708667523347) (22,7,0.705542586491) (12,8,0.007088579522) (13,8,-0.999974875705) (15,8,-0.007088579522) (16,8,0.999974875705) (12,9,-0.999954222902) (13,9,0.009568286194) (21,9,0.999954222902) (22,9,-0.009568286194) (12,10,-0.710171049874) (13,10,-0.704029175476) (24,10,0.710171049874) (25,10,0.704029175476) (15,11,-0.705920212395) (16,11,0.708291362175) (21,11,0.705920212395) (22,11,-0.708291362175) (18,12,0.003073290289) (19,12,-0.999995277432) (21,12,-0.003073290289) (22,12,0.999995277432) (18,13,0.000094020294) (19,13,-0.999999995580) (24,13,-0.000094020294) (25,13,0.999999995580) (21,14,-0.002868555704) (22,14,-0.999995885686) (24,14,0.002868555704) (25,14,0.999995885686) 
Q:
size: 15 15
(0,0,2.000000000000) (1,0,0.708199858437) (2,0,-0.006551026112) (3,0,-0.707871987770) (4,0,0.002641443893) (0,1,0.708199858437) (1,1,2.000000000000) (2,1,0.701357426077) (3,1,-0.002629790843) (4,1,0.707880218774) (7,1,-0.003020738173) (0,2,-0.006551026112) (1,2,0.701357426077) (2,2,2.000000000000) (3,2,0.710962876699) (4,2,0.999957749086) (5,2,0.702807600239) (8,2,-0.001820551963) (9,2,-0.999829293562) (10,2,-0.716415113629) (0,3,-0.707871987770) (1,3,-0.002629790843) (2,3,0.710962876699) (3,3,2.000000000000) (4,3,0.704468477333) (6,3,0.704076969444) (8,3,0.704522720905) (11,3,0.005117505338) (0,4,0.002641443893) (1,4,0.707880218774) (2,4,0.999957749086) (3,4,0.704468477333) (4,4,2.000000000000) (7,4,0.708467594880) (9,4,0.999956893730) (11,4,0.706120862890) (12,4,-0.003356616902) (14,4,-0.002585228680) (2,5,0.702807600239) (5,5,2.000000000000) (6,5,0.709705809084) (8,5,0.710099304115) (9,5,-0.715831490337) (10,5,-0.007190479054) (3,6,0.704076969444) (5,6,0.709705809084) (6,6,2.000000000000) (8,6,-0.007923358389) (11,6,-0.706511249685) (1,7,-0.003020738173) (4,7,0.708467594880) (7,7,2.000000000000) (9,7,0.701884249215) (11,7,0.000533008940) (12,7,0.703361313501) (14,7,-0.707572535934) (2,8,-0.001820551963) (3,8,0.704522720905) (5,8,0.710099304115) (6,8,-0.007923358389) (8,8,2.000000000000) (9,8,-0.016656300825) (10,8,0.698977383278) (11,8,0.713277538415) (2,9,-0.999829293562) (4,9,0.999956893730) (5,9,-0.715831490337) (7,9,0.701884249215) (8,9,-0.016656300825) (9,9,2.000000000000) (10,9,0.703402187664) (11,9,0.712665031878) (12,9,-0.012641390609) (14,9,0.006699822437) (2,10,-0.716415113629) (5,10,-0.007190479054) (8,10,0.698977383278) (9,10,0.703402187664) (10,10,2.000000000000) (13,10,0.703962401873) (14,10,0.706063444094) (3,11,0.005117505338) (4,11,0.706120862890) (6,11,-0.706511249685) (7,11,0.000533008940) (8,11,0.713277538415) (9,11,0.712665031878) (11,11,2.000000000000) (12,11,-0.710457514954) (14,11,0.706263476590) (4,12,-0.003356616902) (7,12,0.703361313501) (9,12,-0.012641390609) (11,12,-0.710457514954) (12,12,2.000000000000) (13,12,0.999995561964) (14,12,-0.999982347233) (10,13,0.703962401873) (12,13,0.999995561964) (13,13,2.000000000000) (14,13,0.999995611563) (4,14,-0.002585228680) (7,14,-0.707572535934) (9,14,0.006699822437) (10,14,0.706063444094) (11,14,0.706263476590) (12,14,-0.999982347233) (13,14,0.999995611563) (14,14,2.000000000000) 
Minv:
size: 27 27
(0,0,1.000000000000) (1,1,1.000000000000) (2,2,2.000000000000) (3,3,1.000000000000) (4,4,1.000000000000) (5,5,2.000000000000) (6,6,1.000000000000) (7,7,1.000000000000) (8,8,2.000000000000) (9,9,1.000000000000) (10,10,1.000000000000) (11,11,2.000000000000) (12,12,1.000000000000) (13,13,1.000000000000) (14,14,2.000000000000) (15,15,1.000000000000) (16,16,1.000000000000) (17,17,2.000000000000) (18,18,1.000000000000) (19,19,1.000000000000) (20,20,2.000000000000) (21,21,1.000000000000) (22,22,1.000000000000) (23,23,2.000000000000) (24,24,1.000000000000) (25,25,1.000000000000) (26,26,2.000000000000) 
v0:
size: 27 1
(0,0,-0.112718097385) (1,0,-0.119423544230) (2,0,0.000000000000) (3,0,0.870077405691) (4,0,-0.503163311631) (5,0,0.000000000000) (6,0,0.398478065704) (7,0,-0.301559582958) (8,0,0.000000000000) (9,0,0.263732198696) (10,0,-0.434867131919) (11,0,0.000000000000) (12,0,-0.397394691870) (13,0,0.375784004913) (14,0,0.000000000000) (15,0,-0.467473830128) (16,0,-0.618410078195) (17,0,0.000000000000) (18,0,0.415597348459) (19,0,0.134627993668) (20,0,0.000000000000) (21,0,-0.528369665518) (22,0,-0.101504873797) (23,0,0.000000000000) (24,0,0.307883539624) (25,0,-0.554442462742) (26,0,0.000000000000) 
ipopt_sol:
size: 15 1
(0,0,0.386796169526) (1,0,0.000000000000) (2,0,0.657190914024) (3,0,0.000000000000) (4,0,1.069653497604) (5,0,0.198366974803) (6,0,0.798968488617) (7,0,0.000000000000) (8,0,0.927005710197) (9,0,0.000000000000) (10,0,0.000000000000) (11,0,0.000000000000) (12,0,0.000000000000) (13,0,0.617466938729) (14,0,0.143187420083) 
policy_sol:
size: 15 1
(0,0,0.386796169600) (1,0,0.000000000000) (2,0,0.657190926947) (3,0,0.000000000000) (4,0,1.069653472109) (5,0,0.198366978544) (6,0,0.798968487254) (7,0,0.000000000000) (8,0,0.927005698375) (9,0,0.000000000000) (10,0,0.000000000000) (11,0,0.000000000000) (12,0,0.000000000000) (13,0,0.617466926494) (14,0,0.143187427542) 

policy_converges:
1
ipopt_converges:
0
