solve status: 0
N:
size: 27 16
(3,0,0.001661344018) (4,0,-0.999998619967) (6,0,-0.001661344018) (7,0,0.999998619967) (3,1,-0.999998702497) (4,1,0.001610902002) (12,1,0.999998702497) (13,1,-0.001610902002) (3,2,-0.704671026166) (4,2,-0.709534174569) (15,2,0.704671026166) (16,2,0.709534174569) (3,3,-0.999999572413) (4,3,-0.000924755693) (21,3,0.999999572413) (22,3,0.000924755693) (6,4,-0.706574559957) (7,4,0.707638602128) (12,4,0.706574559957) (13,4,-0.707638602128) (6,5,-0.999995994368) (7,5,0.002830414930) (24,5,0.999995994368) (25,5,-0.002830414930) (9,6,-0.003899047305) (10,6,-0.999992398686) (12,6,0.003899047305) (13,6,0.999992398686) (9,7,0.001050306869) (10,7,-0.999999448428) (15,7,-0.001050306869) (16,7,0.999999448428) (9,8,-0.999984597906) (10,8,0.005550130766) (18,8,0.999984597906) (19,8,-0.005550130766) (9,9,-0.707525958239) (10,9,-0.706687355496) (21,9,0.707525958239) (22,9,0.706687355496) (12,10,0.005961530719) (13,10,-0.999982229918) (15,10,-0.005961530719) (16,10,0.999982229918) (12,11,-0.708485561282) (13,11,-0.705725307364) (24,11,0.708485561282) (25,11,0.705725307364) (15,12,-0.707985234705) (16,12,0.706227234989) (21,12,0.707985234705) (22,12,-0.706227234989) (15,13,-0.999987723936) (16,13,0.004954995229) (24,13,0.999987723936) (25,13,-0.004954995229) (18,14,-0.001393288257) (19,14,-0.999999029373) (21,14,0.001393288257) (22,14,0.999999029373) (18,15,-0.003631074481) (19,15,-0.999993407627) (24,15,0.003631074481) (25,15,0.999993407627) 
Q:
size: 16 16
(0,0,2.000000000000) (1,0,-0.003272241641) (2,0,0.708362494395) (3,0,-0.000736588890) (4,0,0.708811488982) (5,0,0.004491748387) (0,1,-0.003272241641) (1,1,2.000000000000) (2,1,0.703527121831) (3,1,0.999996785220) (4,1,0.707713579615) (6,1,0.002288152488) (10,1,0.007572396360) (11,1,-0.707347787709) (0,2,0.708362494395) (1,2,0.703527121831) (2,2,2.000000000000) (3,2,0.705326870626) (7,2,0.708793662390) (10,2,0.705320648119) (12,2,0.002195676386) (13,2,-0.701146637130) (0,3,-0.000736588890) (1,3,0.999996785220) (2,3,0.705326870626) (3,3,2.000000000000) (9,3,0.708179168866) (12,3,0.707331844324) (14,3,0.002318042457) (0,4,0.708811488982) (1,4,0.707713579615) (4,4,2.000000000000) (5,4,0.708574640543) (6,4,-0.704878255512) (10,4,0.711838293277) (11,4,-0.001199403709) (0,5,0.004491748387) (4,5,0.708574640543) (5,5,2.000000000000) (11,5,0.706485227903) (13,5,0.999997743045) (15,5,0.000800663665) (1,6,0.002288152488) (4,6,-0.704878255512) (6,6,2.000000000000) (7,6,0.999987751922) (8,6,-0.001651101327) (9,6,0.709440660924) (10,6,-0.999951384449) (11,6,-0.708482361643) (2,7,0.708793662390) (6,7,0.999987751922) (7,7,2.000000000000) (8,7,-0.006600418397) (9,7,0.705943846333) (10,7,0.999987939792) (12,7,0.706970447209) (13,7,0.006005286472) (6,8,-0.001651101327) (7,8,-0.006600418397) (8,8,2.000000000000) (9,8,0.703592853623) (14,8,0.004156858582) (15,8,0.001919075623) (3,9,0.708179168866) (6,9,0.709440660924) (7,9,0.705943846333) (8,9,0.703592853623) (9,9,2.000000000000) (12,9,0.001836074530) (14,9,0.707672457176) (1,10,0.007572396360) (2,10,0.705320648119) (4,10,0.711838293277) (6,10,-0.999951384449) (7,10,0.999987939792) (10,10,2.000000000000) (11,10,0.701489108130) (12,10,0.710435360998) (13,10,0.010916364713) (1,11,-0.707347787709) (4,11,-0.001199403709) (5,11,0.706485227903) (6,11,-0.708482361643) (10,11,0.701489108130) (11,11,2.000000000000) (13,11,0.704979998337) (15,11,0.708293218802) (2,12,0.002195676386) (3,12,0.707331844324) (7,12,0.706970447209) (9,12,0.001836074530) (10,12,0.710435360998) (12,12,2.000000000000) (13,12,0.711475896013) (14,12,-0.705240121992) (2,13,-0.701146637130) (5,13,0.999997743045) (7,13,0.006005286472) (10,13,0.010916364713) (11,13,0.704979998337) (12,13,0.711475896013) (13,13,2.000000000000) (15,13,-0.001323932658) (3,14,0.002318042457) (8,14,0.004156858582) (9,14,0.707672457176) (12,14,-0.705240121992) (14,14,2.000000000000) (15,14,0.999997496141) (5,15,0.000800663665) (8,15,0.001919075623) (11,15,0.708293218802) (13,15,-0.001323932658) (14,15,0.999997496141) (15,15,2.000000000000) 
Minv:
size: 27 27
(0,0,1.000000000000) (1,1,1.000000000000) (2,2,2.000000000000) (3,3,1.000000000000) (4,4,1.000000000000) (5,5,2.000000000000) (6,6,1.000000000000) (7,7,1.000000000000) (8,8,2.000000000000) (9,9,1.000000000000) (10,10,1.000000000000) (11,11,2.000000000000) (12,12,1.000000000000) (13,13,1.000000000000) (14,14,2.000000000000) (15,15,1.000000000000) (16,16,1.000000000000) (17,17,2.000000000000) (18,18,1.000000000000) (19,19,1.000000000000) (20,20,2.000000000000) (21,21,1.000000000000) (22,22,1.000000000000) (23,23,2.000000000000) (24,24,1.000000000000) (25,25,1.000000000000) (26,26,2.000000000000) 
v0:
size: 27 1
(0,0,-0.274732244915) (1,0,-0.757839538448) (2,0,0.000000000000) (3,0,0.502066659840) (4,0,0.841231545555) (5,0,0.000000000000) (6,0,0.068362746243) (7,0,0.495674907322) (8,0,0.000000000000) (9,0,0.957333126346) (10,0,0.991982048101) (11,0,0.000000000000) (12,0,-0.791012901635) (13,0,0.586472804244) (14,0,0.000000000000) (15,0,0.336367921137) (16,0,-0.783715895903) (17,0,0.000000000000) (18,0,0.038814553178) (19,0,0.264804624949) (20,0,0.000000000000) (21,0,-0.125374663151) (22,0,-0.877740262754) (23,0,0.000000000000) (24,0,-0.742328085485) (25,0,-0.556601754847) (26,0,0.000000000000) 
ipopt_sol:
size: 16 1
(0,0,0.000236190604) (1,0,0.965410808669) (2,0,0.976341355147) (3,0,0.000000000000) (4,0,0.000315317183) (5,0,0.118181015969) (6,0,0.392293916084) (7,0,0.000000000000) (8,0,0.280245500627) (9,0,1.800916146387) (10,0,1.196548829438) (11,0,0.060154281391) (12,0,0.000000000000) (13,0,1.335748550937) (14,0,0.137614085496) (15,0,0.734695049408) 
policy_sol:
size: 16 1
(0,0,0.000000000000) (1,0,-0.127225108639) (2,0,1.681642771016) (3,0,0.000000000000) (4,0,0.000000000000) (5,0,0.240442455269) (6,0,167.524593847123) (7,0,-167.251400122519) (8,0,-0.084354096201) (9,0,1.660226040295) (10,0,168.161045257237) (11,0,0.000000000000) (12,0,0.000000000000) (13,0,1.133951870068) (14,0,0.190685602700) (15,0,0.729630111389) 

policy_converges:
0
ipopt_converges:
0
