solve status: 0
N:
size: 27 17
(0,0,-0.999987198959) (1,0,0.005059833901) (9,0,0.999987198959) (10,0,-0.005059833901) (0,1,-0.709383216903) (1,1,-0.704822993082) (12,1,0.709383216903) (13,1,0.704822993082) (0,2,-0.999999953820) (1,2,0.000303909416) (18,2,0.999999953820) (19,2,-0.000303909416) (3,3,0.002786405821) (4,3,-0.999996117964) (6,3,-0.002786405821) (7,3,0.999996117964) (3,4,-0.704228737435) (4,4,0.709973158205) (9,4,0.704228737435) (10,4,-0.709973158205) (3,5,-0.999995653404) (4,5,-0.002948418853) (12,5,0.999995653404) (13,5,0.002948418853) (3,6,-0.706975546389) (4,6,-0.707237991632) (15,6,0.706975546389) (16,6,0.707237991632) (3,7,-0.999997682471) (4,7,-0.002152917310) (21,7,0.999997682471) (22,7,0.002152917310) (6,8,-0.710091678967) (7,8,0.704109229781) (12,8,0.710091678967) (13,8,-0.704109229781) (6,9,-0.999999999920) (7,9,-0.000012611055) (24,9,0.999999999920) (25,9,0.000012611055) (9,10,-0.007975006147) (10,10,-0.999968199133) (12,10,0.007975006147) (13,10,0.999968199133) (9,11,-0.002745644822) (10,11,-0.999996230710) (15,11,0.002745644822) (16,11,0.999996230710) (9,12,-0.999990261430) (10,12,-0.004413280524) (18,12,0.999990261430) (19,12,0.004413280524) (12,13,0.002526689744) (13,13,-0.999996807914) (15,13,-0.002526689744) (16,13,0.999996807914) (15,14,-0.708149227847) (16,14,0.706062795436) (21,14,0.708149227847) (22,14,-0.706062795436) (15,15,-0.999999844678) (16,15,0.000557354653) (24,15,0.999999844678) (25,15,-0.000557354653) (21,16,0.005451885248) (22,16,-0.999985138363) (24,16,-0.005451885248) (25,16,0.999985138363) 
Q:
size: 17 17
(0,0,2.000000000000) (1,0,0.705807848784) (2,0,0.999988690510) (4,0,0.707812068828) (10,0,-0.002915231065) (11,0,0.002314205154) (12,0,-0.999955130047) (0,1,0.705807848784) (1,1,2.000000000000) (2,1,0.709168981799) (5,1,0.711458246901) (8,1,0.007454744731) (10,1,0.710457914615) (13,1,-0.703028351928) (0,2,0.999988690510) (1,2,0.709168981799) (2,2,2.000000000000) (12,2,0.999988874013) (3,3,2.000000000000) (4,3,-0.711932669117) (5,3,0.000162013698) (6,3,0.705265325331) (7,3,-0.000633490411) (8,3,0.706085099991) (9,3,0.002773794815) (0,4,0.707812068828) (3,4,-0.711932669117) (4,4,2.000000000000) (5,4,0.702132378191) (6,4,-0.004247494090) (7,4,0.702698591862) (10,4,0.704334351933) (11,4,0.708036920124) (12,4,-0.701088568542) (1,5,0.711458246901) (3,5,0.000162013698) (4,5,0.702132378191) (5,5,2.000000000000) (6,5,0.709057707280) (7,5,0.999999683587) (8,5,0.708012583557) (10,5,0.010923296574) (13,5,-0.000421730680) (3,6,0.705265325331) (4,6,-0.004247494090) (5,6,0.709057707280) (6,6,2.000000000000) (7,6,0.708496532867) (11,6,0.709176429595) (13,6,0.705449426205) (14,6,-0.001289753872) (15,6,-0.706581254195) (3,7,-0.000633490411) (4,7,0.702698591862) (5,7,0.999999683587) (6,7,0.708496532867) (7,7,2.000000000000) (14,7,0.706627491877) (16,7,0.003298987299) (1,8,0.007454744731) (3,8,0.706085099991) (5,8,0.708012583557) (8,8,2.000000000000) (9,8,0.710082799350) (10,8,-0.698423852992) (13,8,0.705901163566) (3,9,0.002773794815) (8,9,0.710082799350) (9,9,2.000000000000) (15,9,0.999999837570) (16,9,-0.005439274380) (0,10,-0.002915231065) (1,10,0.710457914615) (4,10,0.704334351933) (5,10,0.010923296574) (8,10,-0.698423852992) (10,10,2.000000000000) (11,10,0.999986326497) (12,10,0.012388068660) (13,10,-0.999944856782) (0,11,0.002314205154) (4,11,0.708036920124) (6,11,0.709176429595) (10,11,0.999986326497) (11,11,2.000000000000) (12,11,0.007158881972) (13,11,0.999986101244) (14,11,0.704115807821) (15,11,-0.002188291843) (0,12,-0.999955130047) (2,12,0.999988874013) (4,12,-0.701088568542) (10,12,0.012388068660) (11,12,0.007158881972) (12,12,2.000000000000) (1,13,-0.703028351928) (5,13,-0.000421730680) (6,13,0.705449426205) (8,13,0.705901163566) (10,13,-0.999944856782) (11,13,0.999986101244) (13,13,2.000000000000) (14,13,0.707849815014) (15,13,0.003084042225) (6,14,-0.001289753872) (7,14,0.706627491877) (11,14,0.704115807821) (13,14,0.707849815014) (14,14,2.000000000000) (15,14,0.708542645240) (16,14,0.709913050516) (6,15,-0.706581254195) (9,15,0.999999837570) (11,15,-0.002188291843) (13,15,0.003084042225) (14,15,0.708542645240) (15,15,2.000000000000) (16,15,-0.006009230771) (7,16,0.003298987299) (9,16,-0.005439274380) (14,16,0.709913050516) (15,16,-0.006009230771) (16,16,2.000000000000) 
Minv:
size: 27 27
(0,0,1.000000000000) (1,1,1.000000000000) (2,2,2.000000000000) (3,3,1.000000000000) (4,4,1.000000000000) (5,5,2.000000000000) (6,6,1.000000000000) (7,7,1.000000000000) (8,8,2.000000000000) (9,9,1.000000000000) (10,10,1.000000000000) (11,11,2.000000000000) (12,12,1.000000000000) (13,13,1.000000000000) (14,14,2.000000000000) (15,15,1.000000000000) (16,16,1.000000000000) (17,17,2.000000000000) (18,18,1.000000000000) (19,19,1.000000000000) (20,20,2.000000000000) (21,21,1.000000000000) (22,22,1.000000000000) (23,23,2.000000000000) (24,24,1.000000000000) (25,25,1.000000000000) (26,26,2.000000000000) 
v0:
size: 27 1
(0,0,0.988439619639) (1,0,-0.718639092939) (2,0,0.000000000000) (3,0,0.735297220160) (4,0,0.150490310705) (5,0,0.000000000000) (6,0,0.377173548512) (7,0,-0.171798010412) (8,0,0.000000000000) (9,0,0.711261896218) (10,0,0.765342620303) (11,0,0.000000000000) (12,0,-0.340200229716) (13,0,-0.246372906319) (14,0,0.000000000000) (15,0,0.954307675995) (16,0,-0.909009939561) (17,0,0.000000000000) (18,0,-0.005593334445) (19,0,-0.654938115767) (20,0,0.000000000000) (21,0,0.628717185174) (22,0,0.950206961267) (23,0,0.000000000000) (24,0,-0.084483355100) (25,0,-0.441995863785) (26,0,0.000000000000) 
ipopt_sol:
size: 17 1
(0,0,0.857770562682) (1,0,0.000000000000) (2,0,0.000000000000) (3,0,0.285136075122) (4,0,0.000000000000) (5,0,1.031183952826) (6,0,0.000000000000) (7,0,0.000000000000) (8,0,0.102167809493) (9,0,0.000000000000) (10,0,1.755468358960) (11,0,0.000000000000) (12,0,1.141108954352) (13,0,1.422420620093) (14,0,0.236922209382) (15,0,0.956850264398) (16,0,1.307071729952) 
policy_sol:
size: 17 1
(0,0,0.857770545609) (1,0,0.000000000000) (2,0,0.000000000000) (3,0,0.285136075061) (4,0,0.000000000000) (5,0,1.031183937227) (6,0,0.000000000000) (7,0,0.000000000000) (8,0,0.102167809734) (9,0,0.000000000000) (10,0,1.755468340304) (11,0,0.000000000000) (12,0,1.141108944407) (13,0,1.422420606492) (14,0,0.236922207083) (15,0,0.956850263780) (16,0,1.307071730776) 

policy_converges:
1
ipopt_converges:
0
