solve status: 0
N:
size: 27 16
(0,0,-0.004257521410) (1,0,-0.999990936715) (3,0,0.004257521410) (4,0,0.999990936715) (0,1,-0.999999993682) (1,1,0.000112413138) (9,1,0.999999993682) (10,1,-0.000112413138) (0,2,-0.708537165175) (1,2,-0.705673497848) (12,2,0.708537165175) (13,2,0.705673497848) (0,3,-0.999999914583) (1,3,-0.000413321407) (18,3,0.999999914583) (19,3,0.000413321407) (3,4,-0.707394528285) (4,4,0.706818916945) (9,4,0.707394528285) (10,4,-0.706818916945) (3,5,-0.704266646497) (4,5,-0.709935553858) (15,5,0.704266646497) (16,5,0.709935553858) (6,6,-0.999985770049) (7,6,0.005334763298) (15,6,0.999985770049) (16,6,-0.005334763298) (6,7,-0.999993626877) (7,7,0.003570182916) (24,7,0.999993626877) (25,7,-0.003570182916) (9,8,-0.003049756561) (10,8,-0.999995349482) (12,8,0.003049756561) (13,8,0.999995349482) (9,9,0.001873578979) (10,9,-0.999998244849) (15,9,-0.001873578979) (16,9,0.999998244849) (9,10,-0.999999559219) (10,10,-0.000938915289) (18,10,0.999999559219) (19,10,0.000938915289) (12,11,-0.706771331240) (13,11,0.707442072072) (18,11,0.706771331240) (19,11,-0.707442072072) (12,12,-0.708520717520) (13,12,-0.705690011864) (24,12,0.708520717520) (25,12,0.705690011864) (15,13,-0.999998345123) (16,13,0.001819272202) (24,13,0.999998345123) (25,13,-0.001819272202) (18,14,-0.000401517800) (19,14,-0.999999919392) (24,14,0.000401517800) (25,14,0.999999919392) (21,15,0.000305477338) (22,15,-0.999999953342) (24,15,-0.000305477338) (25,15,0.999999953342) 
Q:
size: 16 16
(0,0,2.000000000000) (1,0,0.004145109264) (2,0,0.708683714278) (3,0,0.004670838707) (4,0,0.703800763495) (5,0,-0.712927549835) (0,1,0.004145109264) (1,1,2.000000000000) (2,1,0.708457833727) (3,1,0.999999861802) (4,1,0.707473979548) (8,1,-0.002937343927) (9,1,0.001985991907) (10,1,-0.999999447354) (0,2,0.708683714278) (1,2,0.708457833727) (2,2,2.000000000000) (3,2,0.708828774617) (8,2,0.707831081969) (11,2,-0.001550633940) (12,2,-0.999999999728) (0,3,0.004670838707) (1,3,0.999999861802) (2,3,0.708828774617) (3,3,2.000000000000) (10,3,0.999999861875) (11,3,0.706478869917) (14,3,-0.000814839139) (0,4,0.703800763495) (1,4,0.707473979548) (4,4,2.000000000000) (5,4,-0.003601507093) (8,4,0.704658248767) (9,4,0.708143035890) (10,4,-0.706730573392) (0,5,-0.712927549835) (4,5,-0.003601507093) (5,5,2.000000000000) (6,5,0.700469286681) (9,5,0.708614808630) (13,5,-0.702973915004) (5,6,0.700469286681) (6,6,2.000000000000) (7,6,0.999998443097) (9,6,-0.007208306252) (13,6,-0.999993820582) (6,7,0.999998443097) (7,7,2.000000000000) (12,7,0.705996759606) (13,7,0.999998467145) (14,7,-0.003168667388) (15,7,-0.003875658140) (1,8,-0.002937343927) (2,8,0.707831081969) (4,8,0.704658248767) (8,8,2.000000000000) (9,8,0.999987880379) (10,8,0.003988666140) (11,8,0.705283301595) (12,8,-0.707847545747) (1,9,0.001985991907) (4,9,0.708143035890) (5,9,0.708614808630) (6,9,-0.007208306252) (8,9,0.999987880379) (9,9,2.000000000000) (10,9,-0.000934664512) (13,9,0.003692844887) (1,10,-0.999999447354) (3,10,0.999999861875) (4,10,-0.706730573392) (8,10,0.003988666140) (9,10,-0.000934664512) (10,10,2.000000000000) (11,10,0.706106791531) (14,10,-0.001340432836) (2,11,-0.001550633940) (3,11,0.706478869917) (8,11,0.705283301595) (10,11,0.706106791531) (11,11,2.000000000000) (12,11,0.001527326499) (14,11,0.707158233777) (2,12,-0.999999999728) (7,12,0.705996759606) (8,12,-0.707847545747) (11,12,0.001527326499) (12,12,2.000000000000) (13,12,0.707235702784) (14,12,0.705974438659) (15,12,0.705473541915) (5,13,-0.702973915004) (6,13,-0.999993820582) (7,13,0.999998467145) (9,13,0.003692844887) (12,13,0.707235702784) (13,13,2.000000000000) (14,13,-0.001417754920) (15,13,-0.002124748949) (3,14,-0.000814839139) (7,14,-0.003168667388) (10,14,-0.001340432836) (11,14,0.707158233777) (12,14,0.705974438659) (13,14,-0.001417754920) (14,14,2.000000000000) (15,14,0.999999750079) (7,15,-0.003875658140) (12,15,0.705473541915) (13,15,-0.002124748949) (14,15,0.999999750079) (15,15,2.000000000000) 
Minv:
size: 27 27
(0,0,1.000000000000) (1,1,1.000000000000) (2,2,2.000000000000) (3,3,1.000000000000) (4,4,1.000000000000) (5,5,2.000000000000) (6,6,1.000000000000) (7,7,1.000000000000) (8,8,2.000000000000) (9,9,1.000000000000) (10,10,1.000000000000) (11,11,2.000000000000) (12,12,1.000000000000) (13,13,1.000000000000) (14,14,2.000000000000) (15,15,1.000000000000) (16,16,1.000000000000) (17,17,2.000000000000) (18,18,1.000000000000) (19,19,1.000000000000) (20,20,2.000000000000) (21,21,1.000000000000) (22,22,1.000000000000) (23,23,2.000000000000) (24,24,1.000000000000) (25,25,1.000000000000) (26,26,2.000000000000) 
v0:
size: 27 1
(0,0,0.754110756165) (1,0,0.368309492994) (2,0,0.000000000000) (3,0,0.640120926229) (4,0,-0.508410262296) (5,0,0.000000000000) (6,0,-0.366511711500) (7,0,0.508284067686) (8,0,0.000000000000) (9,0,0.222446143178) (10,0,0.631215662979) (11,0,0.000000000000) (12,0,0.713711500703) (13,0,-0.079061158742) (14,0,0.000000000000) (15,0,-0.570479505328) (16,0,0.298049099410) (17,0,0.000000000000) (18,0,-0.554540979200) (19,0,-0.595067087122) (20,0,0.000000000000) (21,0,0.901495092882) (22,0,0.789131078821) (23,0,0.000000000000) (24,0,-0.793343427220) (25,0,-0.999631807094) (26,0,0.000000000000) 
ipopt_sol:
size: 16 1
(0,0,0.650140196651) (1,0,0.861709649134) (2,0,0.397073082833) (3,0,0.000000000000) (4,0,0.750788106080) (5,0,0.503925674515) (6,0,0.026351108666) (7,0,0.000000000000) (8,0,0.958692619283) (9,0,0.000000000000) (10,0,1.472383252301) (11,0,0.000000000000) (12,0,1.855323340817) (13,0,0.000000000000) (14,0,0.000000000000) (15,0,1.133804308344) 
policy_sol:
size: 16 1
(0,0,0.650140201164) (1,0,0.861709641523) (2,0,0.397073074927) (3,0,0.000000000000) (4,0,0.750788103000) (5,0,0.503925676297) (6,0,0.026351108076) (7,0,0.000000000000) (8,0,0.958692607844) (9,0,0.000000000000) (10,0,1.472383239064) (11,0,0.000000000000) (12,0,1.855323321570) (13,0,0.000000000000) (14,0,0.000000000000) (15,0,1.133804310163) 

policy_converges:
1
ipopt_converges:
0
