solve status: 0
N:
size: 27 13
(0,0,0.000483566569) (1,0,-0.999999883082) (6,0,-0.000483566569) (7,0,0.999999883082) (0,1,-0.708268928554) (1,1,-0.705942720655) (12,1,0.708268928554) (13,1,0.705942720655) (3,2,0.001981872802) (4,2,-0.999998036088) (6,2,-0.001981872802) (7,2,0.999998036088) (3,3,-0.999994253006) (4,3,0.003390273616) (12,3,0.999994253006) (13,3,-0.003390273616) (3,4,-0.709654775006) (4,4,-0.704549572643) (15,4,0.709654775006) (16,4,0.704549572643) (6,5,-0.707866343120) (7,5,0.706346402467) (12,5,0.707866343120) (13,5,-0.706346402467) (6,6,-0.999990276096) (7,6,0.004409956259) (15,6,0.999990276096) (16,6,-0.004409956259) (9,7,0.003004009164) (10,7,-0.999995487954) (12,7,-0.003004009164) (13,7,0.999995487954) (9,8,0.001903952732) (10,8,-0.999998187480) (15,8,-0.001903952732) (16,8,0.999998187480) (9,9,-0.999994496650) (10,9,-0.003317630190) (18,9,0.999994496650) (19,9,0.003317630190) (9,10,-0.707573221871) (10,10,-0.706640032613) (21,10,0.707573221871) (22,10,0.706640032613) (12,11,-0.709171799602) (13,11,0.705035714450) (18,11,0.709171799602) (19,11,-0.705035714450) (18,12,0.002821592588) (19,12,-0.999996019300) (21,12,-0.002821592588) (22,12,0.999996019300) 
Q:
size: 13 13
(0,0,2.000000000000) (1,0,0.705600142941) (2,0,0.999998877538) (5,0,0.706688620381) (6,0,0.004893517611) (0,1,0.705600142941) (1,1,2.000000000000) (3,1,0.705871519156) (5,1,0.002719635319) (7,1,0.703811889057) (11,1,-0.004569520247) (0,2,0.999998877538) (2,2,2.000000000000) (3,2,-0.005372128370) (4,2,0.703141743472) (5,2,0.707747916317) (6,2,0.006391801128) (1,3,0.705871519156) (2,3,-0.005372128370) (3,3,2.000000000000) (4,3,0.707262080797) (5,3,0.710256982589) (7,3,-0.006394250219) (11,3,-0.711557987977) (2,4,0.703141743472) (3,4,0.707262080797) (4,4,2.000000000000) (6,4,0.706540841593) (8,4,0.703197146485) (0,5,0.706688620381) (1,5,0.002719635319) (2,5,0.707747916317) (3,5,0.710256982589) (5,5,2.000000000000) (6,5,0.710974416634) (7,5,-0.708469652381) (11,5,-0.999998288940) (0,6,0.004893517611) (2,6,0.006391801128) (4,6,0.706540841593) (5,6,0.710974416634) (6,6,2.000000000000) (8,6,-0.006313882484) (1,7,0.703811889057) (3,7,-0.006394250219) (5,7,-0.708469652381) (7,7,2.000000000000) (8,7,0.999999394934) (9,7,0.000313622589) (10,7,0.704511287778) (11,7,0.707162891881) (4,8,0.703197146485) (6,8,-0.006313882484) (7,8,0.999999394934) (8,8,2.000000000000) (9,8,0.001413681922) (10,8,0.705291565845) (7,9,0.000313622589) (8,9,0.001413681922) (9,9,2.000000000000) (10,9,0.709913698153) (11,9,0.706828849010) (12,9,-0.000496039924) (7,10,0.704511287778) (8,10,0.705291565845) (9,10,0.709913698153) (10,10,2.000000000000) (12,10,0.704640736333) (1,11,-0.004569520247) (3,11,-0.711557987977) (5,11,-0.999998288940) (7,11,0.707162891881) (9,11,0.706828849010) (11,11,2.000000000000) (12,11,0.707033901807) (9,12,-0.000496039924) (10,12,0.704640736333) (11,12,0.707033901807) (12,12,2.000000000000) 
Minv:
size: 27 27
(0,0,1.000000000000) (1,1,1.000000000000) (2,2,2.000000000000) (3,3,1.000000000000) (4,4,1.000000000000) (5,5,2.000000000000) (6,6,1.000000000000) (7,7,1.000000000000) (8,8,2.000000000000) (9,9,1.000000000000) (10,10,1.000000000000) (11,11,2.000000000000) (12,12,1.000000000000) (13,13,1.000000000000) (14,14,2.000000000000) (15,15,1.000000000000) (16,16,1.000000000000) (17,17,2.000000000000) (18,18,1.000000000000) (19,19,1.000000000000) (20,20,2.000000000000) (21,21,1.000000000000) (22,22,1.000000000000) (23,23,2.000000000000) (24,24,1.000000000000) (25,25,1.000000000000) (26,26,2.000000000000) 
v0:
size: 27 1
(0,0,-0.052152300583) (1,0,-0.842236193671) (2,0,0.000000000000) (3,0,-0.682605435567) (4,0,0.157939092534) (5,0,0.000000000000) (6,0,0.131101021889) (7,0,-0.871760481944) (8,0,0.000000000000) (9,0,0.683975766678) (10,0,-0.190131978066) (11,0,0.000000000000) (12,0,-0.826779461363) (13,0,-0.641522569629) (14,0,0.000000000000) (15,0,-0.691732608805) (16,0,-0.455878399335) (17,0,0.000000000000) (18,0,-0.676390823863) (19,0,0.925101468221) (20,0,0.000000000000) (21,0,0.585028789912) (22,0,-0.513102515674) (23,0,0.000000000000) (24,0,-0.400018295971) (25,0,0.979063535111) (26,0,0.000000000000) 
ipopt_sol:
size: 13 1
(0,0,0.000000000000) (1,0,0.223387208529) (2,0,0.814905276193) (3,0,0.000000000000) (4,0,0.000000000000) (5,0,0.606052615973) (6,0,0.606623743420) (7,0,0.520396831534) (8,0,0.003927000283) (9,0,1.296585761977) (10,0,0.000000000000) (11,0,0.170711000793) (12,0,1.381729821257) 
policy_sol:
size: 13 1
(0,0,0.000000000000) (1,0,0.223387201437) (2,0,0.814905266671) (3,0,0.000000000000) (4,0,0.000000000000) (5,0,0.606052618935) (6,0,0.606623738818) (7,0,0.520396831686) (8,0,0.003926993050) (9,0,1.296585754913) (10,0,0.000000000000) (11,0,0.170711010748) (12,0,1.381729814213) 

policy_converges:
1
ipopt_converges:
0
