solve status: 0
N:
size: 27 17
(0,0,-0.999996607816) (1,0,0.002604679646) (9,0,0.999996607816) (10,0,-0.002604679646) (0,1,-0.707861069797) (1,1,-0.706351687098) (12,1,0.707861069797) (13,1,0.706351687098) (0,2,-0.999999862417) (1,2,0.000524563483) (18,2,0.999999862417) (19,2,-0.000524563483) (3,3,-0.001151766358) (4,3,-0.999999336717) (6,3,0.001151766358) (7,3,0.999999336717) (3,4,-0.708779067242) (4,4,0.705430530839) (9,4,0.708779067242) (10,4,-0.705430530839) (3,5,-0.999999264516) (4,5,-0.001212834688) (12,5,0.999999264516) (13,5,0.001212834688) (3,6,-0.707170812882) (4,6,-0.707042743692) (15,6,0.707170812882) (16,6,0.707042743692) (3,7,-0.999995088118) (4,7,-0.003134284471) (21,7,0.999995088118) (22,7,0.003134284471) (6,8,-0.999987036042) (7,8,-0.005091929593) (15,8,0.999987036042) (16,8,0.005091929593) (9,9,0.004775475898) (10,9,-0.999988597350) (12,9,-0.004775475898) (13,9,0.999988597350) (9,10,-0.000728398997) (10,10,-0.999999734717) (15,10,0.000728398997) (16,10,0.999999734717) (9,11,-0.999998763252) (10,11,-0.001572734711) (18,11,0.999998763252) (19,11,0.001572734711) (9,12,-0.703496085226) (10,12,-0.710699133299) (21,12,0.703496085226) (22,12,0.710699133299) (12,13,-0.707958163409) (13,13,0.706254372632) (18,13,0.707958163409) (19,13,-0.706254372632) (18,14,0.001196517614) (19,14,-0.999999284173) (21,14,-0.001196517614) (22,14,0.999999284173) (18,15,-0.001471021932) (19,15,-0.999998918047) (24,15,0.001471021932) (25,15,0.999998918047) (21,16,-0.004169158261) (22,16,-0.999991309022) (24,16,0.004169158261) (25,16,0.999991309022) 
Q:
size: 17 17
(0,0,2.000000000000) (1,0,0.706018848740) (2,0,0.999997836553) (4,0,0.710614083478) (9,0,0.007380109644) (10,0,0.001876282428) (11,0,-0.999991274602) (12,0,-0.701642555271) (0,1,0.706018848740) (1,1,2.000000000000) (2,1,0.707490446106) (5,1,0.708717237004) (9,1,0.702963259339) (13,1,-0.002272055293) (0,2,0.999997836553) (1,2,0.707490446106) (2,2,2.000000000000) (11,2,0.999997800670) (13,2,0.708328541259) (14,2,0.001721080556) (15,2,-0.000946458815) (3,3,2.000000000000) (4,3,-0.704613715054) (5,3,0.002364599394) (6,3,0.707856770274) (7,3,0.004286043093) (8,3,-0.006243677642) (0,4,0.710614083478) (3,4,-0.704613715054) (4,4,2.000000000000) (5,4,0.707922975328) (6,4,0.002458331127) (7,4,0.706564565845) (9,4,0.708807244414) (10,4,0.704914069739) (11,4,-0.707668735578) (12,4,0.002725567775) (1,5,0.708717237004) (3,5,0.002364599394) (4,5,0.707922975328) (5,5,2.000000000000) (6,5,0.708027818734) (7,5,0.999998154007) (9,5,-0.003562651527) (13,5,-0.707101072916) (3,6,0.707856770274) (4,6,0.002458331127) (5,6,0.708027818734) (6,6,2.000000000000) (7,6,0.709383412435) (8,6,0.710761857020) (10,6,0.707557658637) (3,7,0.004286043093) (4,7,0.706564565845) (5,7,0.999998154007) (6,7,0.709383412435) (7,7,2.000000000000) (12,7,0.705720162994) (14,7,0.001937770491) (16,7,-0.007303395013) (3,8,-0.006243677642) (6,8,0.710761857020) (8,8,2.000000000000) (10,8,0.005820317797) (0,9,0.007380109644) (1,9,0.702963259339) (4,9,0.708807244414) (5,9,-0.003562651527) (9,9,2.000000000000) (10,9,0.999984853619) (11,9,-0.003202753214) (12,9,0.707331500846) (13,9,0.709627156607) (0,10,0.001876282428) (4,10,0.704914069739) (6,10,0.707557658637) (8,10,0.005820317797) (9,10,0.999984853619) (10,10,2.000000000000) (11,10,0.002301132391) (12,10,0.711211370606) (0,11,-0.999991274602) (2,11,0.999997800670) (4,11,-0.707668735578) (9,11,-0.003202753214) (10,11,0.002301132391) (11,11,2.000000000000) (12,11,0.704612956375) (13,11,0.706846537077) (14,11,-0.000376217451) (15,11,-0.003043753122) (0,12,-0.701642555271) (4,12,0.002725567775) (7,12,0.705720162994) (9,12,0.707331500846) (10,12,0.711211370606) (11,12,0.704612956375) (12,12,2.000000000000) (14,12,0.709856879103) (16,12,-0.713625943143) (1,13,-0.002272055293) (2,13,0.708328541259) (5,13,-0.707101072916) (9,13,0.709627156607) (11,13,0.706846537077) (13,13,2.000000000000) (14,13,0.707100951488) (15,13,0.705212186513) (2,14,0.001721080556) (7,14,0.001937770491) (11,14,-0.000376217451) (12,14,0.709856879103) (13,14,0.707100951488) (14,14,2.000000000000) (15,14,0.999996442116) (16,14,-0.999985604729) (2,15,-0.000946458815) (11,15,-0.003043753122) (13,15,0.705212186513) (14,15,0.999996442116) (15,15,2.000000000000) (16,15,0.999996360001) (7,16,-0.007303395013) (12,16,-0.713625943143) (14,16,-0.999985604729) (15,16,0.999996360001) (16,16,2.000000000000) 
Minv:
size: 27 27
(0,0,1.000000000000) (1,1,1.000000000000) (2,2,2.000000000000) (3,3,1.000000000000) (4,4,1.000000000000) (5,5,2.000000000000) (6,6,1.000000000000) (7,7,1.000000000000) (8,8,2.000000000000) (9,9,1.000000000000) (10,10,1.000000000000) (11,11,2.000000000000) (12,12,1.000000000000) (13,13,1.000000000000) (14,14,2.000000000000) (15,15,1.000000000000) (16,16,1.000000000000) (17,17,2.000000000000) (18,18,1.000000000000) (19,19,1.000000000000) (20,20,2.000000000000) (21,21,1.000000000000) (22,22,1.000000000000) (23,23,2.000000000000) (24,24,1.000000000000) (25,25,1.000000000000) (26,26,2.000000000000) 
v0:
size: 27 1
(0,0,-0.109205392562) (1,0,-0.372336666290) (2,0,0.000000000000) (3,0,0.386605917828) (4,0,0.671399883254) (5,0,0.000000000000) (6,0,-0.421459596379) (7,0,0.395044098867) (8,0,0.000000000000) (9,0,-0.206785475774) (10,0,0.313765632427) (11,0,0.000000000000) (12,0,-0.432514115533) (13,0,-0.547178928603) (14,0,0.000000000000) (15,0,-0.903500546838) (16,0,0.108734471748) (17,0,0.000000000000) (18,0,-0.547286647376) (19,0,0.082101170315) (20,0,0.000000000000) (21,0,0.017629115827) (22,0,-0.478484800540) (23,0,0.000000000000) (24,0,-0.179587156745) (25,0,-0.568346174955) (26,0,0.000000000000) 
ipopt_sol:
size: 17 1
(0,0,0.356516275057) (1,0,0.000000000000) (2,0,0.000000000000) (3,0,0.000000000000) (4,0,0.000000000000) (5,0,0.421328886411) (6,0,1.132160745254) (7,0,0.000000000000) (8,0,0.081144232892) (9,0,0.860125519559) (10,0,0.000000000000) (11,0,0.520651238759) (12,0,0.000000000000) (13,0,0.000000000000) (14,0,0.808925850221) (15,0,0.000000000000) (16,0,0.495139923412) 
policy_sol:
size: 17 1
(0,0,0.356516258079) (1,0,0.000000000000) (2,0,0.000000000000) (3,0,0.000000000000) (4,0,0.000000000000) (5,0,0.421328881410) (6,0,1.132160735107) (7,0,0.000000000000) (8,0,0.081144236499) (9,0,0.860125500443) (10,0,0.000000000000) (11,0,0.520651221758) (12,0,0.000000000000) (13,0,0.000000000000) (14,0,0.808925833200) (15,0,0.000000000000) (16,0,0.495139913531) 

policy_converges:
1
ipopt_converges:
0
