solve status: 0
N:
size: 27 16
(0,0,0.002213281454) (1,0,-0.999997550690) (3,0,-0.002213281454) (4,0,0.999997550690) (0,1,-0.002074568481) (1,1,-0.999997848080) (6,1,0.002074568481) (7,1,0.999997848080) (0,2,-0.999999998655) (1,2,0.000051864081) (9,2,0.999999998655) (10,2,-0.000051864081) (0,3,-0.999999990559) (1,3,0.000137409719) (18,3,0.999999990559) (19,3,-0.000137409719) (3,4,-0.006310995266) (4,4,-0.999980085471) (6,4,0.006310995266) (7,4,0.999980085471) (3,5,-0.708182735549) (4,5,0.706029187123) (9,5,0.708182735549) (10,5,-0.706029187123) (3,6,-0.704435186579) (4,6,-0.709768319883) (15,6,0.704435186579) (16,6,0.709768319883) (6,7,-0.703938296539) (7,7,0.710261131322) (12,7,0.703938296539) (13,7,-0.710261131322) (6,8,-0.999996275720) (7,8,0.002729202418) (15,8,0.999996275720) (16,8,-0.002729202418) (9,9,-0.002135910859) (10,9,-0.999997718940) (12,9,0.002135910859) (13,9,0.999997718940) (9,10,0.000642868792) (10,10,-0.999999793360) (15,10,-0.000642868792) (16,10,0.999999793360) (12,11,0.003419468422) (13,11,-0.999994153601) (15,11,-0.003419468422) (16,11,0.999994153601) (12,12,-0.999997611447) (13,12,-0.002185657742) (21,12,0.999997611447) (22,12,0.002185657742) (12,13,-0.708568504633) (13,13,-0.705642029815) (24,13,0.708568504633) (25,13,0.705642029815) (15,14,-0.708575508194) (16,14,0.705634997139) (21,14,0.708575508194) (22,14,-0.705634997139) (21,15,-0.001320884456) (22,15,-0.999999127632) (24,15,0.001320884456) (25,15,0.999999127632) 
Q:
size: 16 16
(0,0,2.000000000000) (1,0,0.999990807171) (2,0,-0.002265145405) (3,0,-0.002350690816) (4,0,-0.999963668201) (5,0,0.707594865553) (6,0,-0.708207468106) (0,1,0.999990807171) (1,1,2.000000000000) (2,1,0.002022704509) (3,1,0.001937159038) (4,1,0.999991026186) (7,1,0.708799234694) (8,1,0.000654635790) (0,2,-0.002265145405) (1,2,0.002022704509) (2,2,2.000000000000) (3,2,0.999999996341) (5,2,0.708219352152) (9,2,-0.002084046893) (10,2,0.000694732862) (0,3,-0.002350690816) (1,3,0.001937159038) (2,3,0.999999996341) (3,3,2.000000000000) (0,4,-0.999963668201) (1,4,0.999991026186) (4,4,2.000000000000) (5,4,-0.701545788993) (6,4,0.714199872309) (7,4,0.705804435549) (8,4,-0.003581823695) (0,5,0.707594865553) (2,5,0.708219352152) (4,5,-0.701545788993) (5,5,2.000000000000) (6,5,-0.002248312483) (9,5,0.704514961433) (10,5,0.706484309809) (0,6,-0.708207468106) (4,6,0.714199872309) (5,6,-0.002248312483) (6,6,2.000000000000) (8,6,0.702495461651) (10,6,0.709315313818) (11,6,0.707355376418) (14,6,0.001691846049) (1,7,0.708799234694) (4,7,0.705804435549) (7,7,2.000000000000) (8,7,0.705874121272) (9,7,-0.708755961722) (11,7,0.712664073628) (12,7,-0.702384227404) (13,7,0.002401600272) (1,8,0.000654635790) (4,8,-0.003581823695) (6,8,0.702495461651) (7,8,0.705874121272) (8,8,2.000000000000) (10,8,-0.003372068252) (11,8,-0.006148642149) (14,8,-0.710498690001) (2,9,-0.002084046893) (5,9,0.704514961433) (7,9,-0.708755961722) (9,9,2.000000000000) (10,9,0.999996139190) (11,9,-0.999984568874) (12,9,-0.004321558514) (13,9,-0.707153859367) (2,10,0.000694732862) (5,10,0.706484309809) (6,10,0.709315313818) (8,10,-0.003372068252) (9,10,0.999996139190) (10,10,2.000000000000) (11,10,0.999996145231) (14,10,0.706090372407) (6,11,0.707355376418) (7,11,0.712664073628) (8,11,-0.006148642149) (9,11,-0.999984568874) (10,11,0.999996145231) (11,11,2.000000000000) (12,11,-0.001233815290) (13,11,0.703214976724) (14,11,0.708053823290) (7,12,-0.702384227404) (9,12,-0.004321558514) (11,12,-0.001233815290) (12,12,2.000000000000) (13,12,0.710109104146) (14,12,0.707031539130) (15,12,-0.003506537137) (7,13,0.002401600272) (9,13,-0.707153859367) (11,13,0.703214976724) (12,13,0.710109104146) (13,13,2.000000000000) (15,13,0.706577351360) (6,14,0.001691846049) (8,14,-0.710498690001) (10,14,0.706090372407) (11,14,0.708053823290) (12,14,0.707031539130) (14,14,2.000000000000) (15,14,0.704698435190) (12,15,-0.003506537137) (13,15,0.706577351360) (14,15,0.704698435190) (15,15,2.000000000000) 
Minv:
size: 27 27
(0,0,1.000000000000) (1,1,1.000000000000) (2,2,2.000000000000) (3,3,1.000000000000) (4,4,1.000000000000) (5,5,2.000000000000) (6,6,1.000000000000) (7,7,1.000000000000) (8,8,2.000000000000) (9,9,1.000000000000) (10,10,1.000000000000) (11,11,2.000000000000) (12,12,1.000000000000) (13,13,1.000000000000) (14,14,2.000000000000) (15,15,1.000000000000) (16,16,1.000000000000) (17,17,2.000000000000) (18,18,1.000000000000) (19,19,1.000000000000) (20,20,2.000000000000) (21,21,1.000000000000) (22,22,1.000000000000) (23,23,2.000000000000) (24,24,1.000000000000) (25,25,1.000000000000) (26,26,2.000000000000) 
v0:
size: 27 1
(0,0,-0.081684933708) (1,0,0.467660535877) (2,0,0.000000000000) (3,0,-0.560758185316) (4,0,0.078022151311) (5,0,0.000000000000) (6,0,-0.326602423094) (7,0,-0.910297748372) (8,0,0.000000000000) (9,0,-0.945667491636) (10,0,0.830206619288) (11,0,0.000000000000) (12,0,0.284540188639) (13,0,0.753773259009) (14,0,0.000000000000) (15,0,-0.335876294801) (16,0,-0.844350588616) (17,0,0.000000000000) (18,0,-0.322015478837) (19,0,-0.922063029917) (20,0,0.000000000000) (21,0,0.202307199276) (22,0,0.131228550868) (23,0,0.000000000000) (24,0,-0.301034056106) (25,0,-0.041495974204) (26,0,0.000000000000) 
ipopt_sol:
size: 16 1
(0,0,0.000000000000) (1,0,1.107825036354) (2,0,0.754645570405) (3,0,0.000000000000) (4,0,0.539745788883) (5,0,0.304485139867) (6,0,0.000000000000) (7,0,0.000000000000) (8,0,0.014371754525) (9,0,0.000000000000) (10,0,1.192570222623) (11,0,0.749170433543) (12,0,0.000000000000) (13,0,0.712680932001) (14,0,0.000000000000) (15,0,0.000000000000) 
policy_sol:
size: 16 1
(0,0,0.000000000000) (1,0,1.107825026191) (2,0,0.754645565142) (3,0,0.000000000000) (4,0,0.539745792141) (5,0,0.304485140713) (6,0,0.000000000000) (7,0,0.000000000000) (8,0,0.014371751026) (9,0,0.000000000000) (10,0,1.192570208835) (11,0,0.749170436385) (12,0,0.000000000000) (13,0,0.712680927433) (14,0,0.000000000000) (15,0,0.000000000000) 

policy_converges:
1
ipopt_converges:
0
