solve status: 0
N:
size: 27 17
(3,0,-0.709559386149) (4,0,0.704645639686) (9,0,0.709559386149) (10,0,-0.704645639686) (3,1,-0.705647130087) (4,1,-0.708563425390) (15,1,0.705647130087) (16,1,0.708563425390) (3,2,-0.999998067563) (4,2,0.001965927239) (21,2,0.999998067563) (22,2,-0.001965927239) (6,3,-0.999994115829) (7,3,-0.003430496542) (15,3,0.999994115829) (16,3,0.003430496542) (6,4,-0.999999941769) (7,4,-0.000341265445) (24,4,0.999999941769) (25,4,0.000341265445) (9,5,-0.001466619055) (10,5,-0.999998924514) (12,5,0.001466619055) (13,5,0.999998924514) (9,6,0.001064863546) (10,6,-0.999999433033) (15,6,-0.001064863546) (16,6,0.999999433033) (9,7,-0.999999883018) (10,7,0.000483698178) (18,7,0.999999883018) (19,7,-0.000483698178) (9,8,-0.707781495750) (10,8,-0.706431422202) (21,8,0.707781495750) (22,8,0.706431422202) (12,9,-0.705488983847) (13,9,0.708720885590) (18,9,0.705488983847) (19,9,-0.708720885590) (12,10,-0.999985240229) (13,10,0.005433168810) (21,10,0.999985240229) (22,10,-0.005433168810) (12,11,-0.706904859408) (13,11,-0.707308645320) (24,11,0.706904859408) (25,11,0.707308645320) (15,12,-0.702586814131) (16,12,0.711598038649) (21,12,0.702586814131) (22,12,-0.711598038649) (15,13,-0.999996237268) (16,13,0.002743255365) (24,13,0.999996237268) (25,13,-0.002743255365) (18,14,0.000896527818) (19,14,-0.999999598119) (21,14,-0.000896527818) (22,14,0.999999598119) (18,15,-0.003383301390) (19,15,-0.999994276619) (24,15,0.003383301390) (25,15,0.999994276619) (21,16,-0.007605235376) (22,16,-0.999971079779) (24,16,0.007605235376) (25,16,0.999971079779) 
Q:
size: 17 17
(0,0,2.000000000000) (1,0,0.001412416321) (2,0,0.710943297027) (5,0,0.703604228533) (6,0,0.705400824099) (7,0,-0.709900138956) (8,0,-0.004429182261) (0,1,0.001412416321) (1,1,2.000000000000) (2,1,0.704252782330) (3,1,0.708073702320) (6,1,0.707811605752) (12,1,0.008433974737) (13,1,-0.703700704508) (0,2,0.710943297027) (1,2,0.704252782330) (2,2,2.000000000000) (8,2,0.706391335232) (10,2,0.999993989036) (12,2,0.703984406394) (14,2,-0.002862452534) (16,2,-0.005639350295) (1,3,0.708073702320) (3,3,2.000000000000) (4,3,0.999995228309) (6,3,0.002365637317) (12,3,-0.700141545380) (13,3,-0.999980942391) (3,4,0.999995228309) (4,4,2.000000000000) (11,4,0.707146198244) (13,4,0.999995242859) (15,4,0.003724564685) (16,4,0.007946490509) (0,5,0.703604228533) (5,5,2.000000000000) (6,5,0.999996795798) (7,5,0.000982921225) (8,5,0.707468708272) (9,5,0.707685439784) (10,5,0.003966565559) (11,5,-0.708344644756) (0,6,0.705400824099) (1,6,0.707811605752) (3,6,0.002365637317) (5,6,0.999996795798) (6,6,2.000000000000) (7,6,-0.001548561326) (8,6,0.705677330964) (12,6,0.712345794283) (13,6,0.003808113350) (0,7,-0.709900138956) (5,7,0.000982921225) (6,7,-0.001548561326) (7,7,2.000000000000) (8,7,0.707439713360) (9,7,0.705831708318) (14,7,0.001380225697) (15,7,-0.002899605584) (0,8,-0.004429182261) (2,8,0.706391335232) (5,8,0.707468708272) (6,8,0.705677330964) (7,8,0.707439713360) (8,8,2.000000000000) (10,8,0.703932887888) (12,8,-0.005417268278) (14,8,0.705796592500) (16,8,-0.711793836919) (5,9,0.707685439784) (7,9,0.705831708318) (9,9,2.000000000000) (10,9,0.709329171202) (11,9,-0.002570818557) (14,9,0.709353091267) (15,9,0.706329947451) (2,10,0.999993989036) (5,10,0.003966565559) (8,10,0.703932887888) (9,10,0.709329171202) (10,10,2.000000000000) (11,10,0.703051498384) (12,10,0.706442676380) (14,10,-0.006329681212) (16,10,-0.002172111442) (4,11,0.707146198244) (5,11,-0.708344644756) (9,11,-0.002570818557) (10,11,0.703051498384) (11,11,2.000000000000) (13,11,0.704961871278) (15,11,0.709696269317) (16,11,0.712664367642) (1,12,0.008433974737) (2,12,0.703984406394) (3,12,-0.700141545380) (6,12,0.712345794283) (8,12,-0.005417268278) (10,12,0.706442676380) (12,12,2.000000000000) (13,12,0.704536265623) (14,12,-0.712227641294) (16,12,0.706234120983) (1,13,-0.703700704508) (3,13,-0.999980942391) (4,13,0.999995242859) (6,13,0.003808113350) (11,13,0.704961871278) (12,13,0.704536265623) (13,13,2.000000000000) (15,13,0.000640048995) (16,13,0.004862030729) (2,14,-0.002862452534) (7,14,0.001380225697) (8,14,0.705796592500) (9,14,0.709353091267) (10,14,-0.006329681212) (12,14,-0.712227641294) (14,14,2.000000000000) (15,14,0.999990841517) (16,14,-0.999963859605) (4,15,0.003724564685) (7,15,-0.002899605584) (9,15,0.706329947451) (11,15,0.709696269317) (13,15,0.000640048995) (14,15,0.999990841517) (15,15,2.000000000000) (16,15,0.999991087368) (2,16,-0.005639350295) (4,16,0.007946490509) (8,16,-0.711793836919) (10,16,-0.002172111442) (11,16,0.712664367642) (12,16,0.706234120983) (13,16,0.004862030729) (14,16,-0.999963859605) (15,16,0.999991087368) (16,16,2.000000000000) 
Minv:
size: 27 27
(0,0,1.000000000000) (1,1,1.000000000000) (2,2,2.000000000000) (3,3,1.000000000000) (4,4,1.000000000000) (5,5,2.000000000000) (6,6,1.000000000000) (7,7,1.000000000000) (8,8,2.000000000000) (9,9,1.000000000000) (10,10,1.000000000000) (11,11,2.000000000000) (12,12,1.000000000000) (13,13,1.000000000000) (14,14,2.000000000000) (15,15,1.000000000000) (16,16,1.000000000000) (17,17,2.000000000000) (18,18,1.000000000000) (19,19,1.000000000000) (20,20,2.000000000000) (21,21,1.000000000000) (22,22,1.000000000000) (23,23,2.000000000000) (24,24,1.000000000000) (25,25,1.000000000000) (26,26,2.000000000000) 
v0:
size: 27 1
(0,0,-0.439262358347) (1,0,-0.777677813333) (2,0,0.000000000000) (3,0,0.226712669793) (4,0,0.396035641227) (5,0,0.000000000000) (6,0,0.895801921606) (7,0,0.706828201054) (8,0,0.000000000000) (9,0,0.530524006008) (10,0,0.834847253848) (11,0,0.000000000000) (12,0,0.315427300722) (13,0,-0.362579380051) (14,0,0.000000000000) (15,0,0.123921849107) (16,0,-0.095207489249) (17,0,0.000000000000) (18,0,0.054052895619) (19,0,-0.168809454966) (20,0,0.000000000000) (21,0,-0.624634146197) (22,0,-0.194436717565) (23,0,0.000000000000) (24,0,0.071730152473) (25,0,-0.276198456808) (26,0,0.000000000000) 
ipopt_sol:
size: 17 1
(0,0,0.000000000000) (1,0,0.214669749864) (2,0,0.010118326515) (3,0,1.105835055080) (4,0,0.000000000000) (5,0,0.738008436501) (6,0,0.000000000000) (7,0,0.016593317632) (8,0,1.297720665998) (9,0,0.000000000000) (10,0,0.340771589510) (11,0,0.000000000000) (12,0,0.388841511025) (13,0,0.542184518483) (14,0,0.000000000000) (15,0,0.000000000000) (16,0,0.400092146992) 
policy_sol:
size: 17 1
(0,0,0.000000000000) (1,0,0.214669741358) (2,0,0.010118329861) (3,0,1.105835046942) (4,0,0.000000000000) (5,0,0.738008430424) (6,0,0.000000000000) (7,0,0.016593320085) (8,0,1.297720659158) (9,0,0.000000000000) (10,0,0.340771579941) (11,0,0.000000000000) (12,0,0.388841520298) (13,0,0.542184499659) (14,0,0.000000000000) (15,0,0.000000000000) (16,0,0.400092137725) 

policy_converges:
1
ipopt_converges:
0
