solve status: 0
N:
size: 27 9
(0,0,0.000851275270) (1,0,-0.999999637665) (3,0,-0.000851275270) (4,0,0.999999637665) (3,1,-0.709041685091) (4,1,0.705166568127) (9,1,0.709041685091) (10,1,-0.705166568127) (9,2,-0.999963636327) (10,2,0.008527955464) (18,2,0.999963636327) (19,2,-0.008527955464) (9,3,-0.703891682417) (10,3,-0.710307327446) (21,3,0.703891682417) (22,3,0.710307327446) (12,4,-0.000365531027) (13,4,-0.999999933194) (15,4,0.000365531027) (16,4,0.999999933194) (12,5,-0.999975803509) (13,5,-0.006956464316) (21,5,0.999975803509) (22,5,0.006956464316) (12,6,-0.704851955289) (13,6,-0.709354439703) (24,6,0.704851955289) (25,6,0.709354439703) (15,7,-0.999982198974) (16,7,-0.005966719004) (24,7,0.999982198974) (25,7,0.005966719004) (18,8,0.003362661424) (19,8,-0.999994346238) (21,8,-0.003362661424) (22,8,0.999994346238) 
Q:
size: 9 9
(0,0,2.000000000000) (1,0,0.705769902272) (0,1,0.705769902272) (1,1,2.000000000000) (2,1,-0.715029530818) (3,1,0.001796435788) (1,2,-0.715029530818) (2,2,2.000000000000) (3,2,0.697808617076) (8,2,0.011890446394) (1,3,0.001796435788) (2,3,0.697808617076) (3,3,2.000000000000) (5,3,0.708815878286) (8,3,0.707936362130) (4,4,2.000000000000) (5,4,0.007321986033) (6,4,0.709612037572) (7,4,-0.006332243125) (3,5,0.708815878286) (4,5,0.007321986033) (5,5,2.000000000000) (6,5,0.709769499192) (8,5,0.003593844926) (4,6,0.709612037572) (5,6,0.709769499192) (6,6,2.000000000000) (7,6,0.709071926816) (4,7,-0.006332243125) (6,7,0.709071926816) (7,7,2.000000000000) (2,8,0.011890446394) (3,8,0.707936362130) (5,8,0.003593844926) (8,8,2.000000000000) 
Minv:
size: 27 27
(0,0,1.000000000000) (1,1,1.000000000000) (2,2,2.000000000000) (3,3,1.000000000000) (4,4,1.000000000000) (5,5,2.000000000000) (6,6,1.000000000000) (7,7,1.000000000000) (8,8,2.000000000000) (9,9,1.000000000000) (10,10,1.000000000000) (11,11,2.000000000000) (12,12,1.000000000000) (13,13,1.000000000000) (14,14,2.000000000000) (15,15,1.000000000000) (16,16,1.000000000000) (17,17,2.000000000000) (18,18,1.000000000000) (19,19,1.000000000000) (20,20,2.000000000000) (21,21,1.000000000000) (22,22,1.000000000000) (23,23,2.000000000000) (24,24,1.000000000000) (25,25,1.000000000000) (26,26,2.000000000000) 
v0:
size: 27 1
(0,0,-0.502374047854) (1,0,0.310022395725) (2,0,0.000000000000) (3,0,-0.024914409267) (4,0,-0.712061468336) (5,0,0.000000000000) (6,0,-0.697439839563) (7,0,-0.058468261235) (8,0,0.000000000000) (9,0,0.264968171680) (10,0,-0.106581934112) (11,0,0.000000000000) (12,0,0.571971737860) (13,0,0.447784256844) (14,0,0.000000000000) (15,0,0.310165948292) (16,0,0.316323319266) (17,0,0.000000000000) (18,0,0.109592037610) (19,0,-0.055702046428) (20,0,0.000000000000) (21,0,0.176403294648) (22,0,-0.478153183921) (23,0,0.000000000000) (24,0,0.255212727761) (25,0,0.424102593106) (26,0,0.000000000000) 
ipopt_sol:
size: 9 1
(0,0,1.022489946835) (1,0,0.000000000000) (2,0,0.153301002005) (3,0,0.000000000000) (4,0,0.111908562450) (5,0,0.382466883955) (6,0,0.051754568423) (7,0,0.036314614004) (8,0,0.421074744211) 
policy_sol:
size: 9 1
(0,0,1.022489943307) (1,0,0.000000000000) (2,0,0.153301002123) (3,0,0.000000000000) (4,0,0.111908561753) (5,0,0.382466879721) (6,0,0.051754570425) (7,0,0.036314613290) (8,0,0.421074740690) 

policy_converges:
1
ipopt_converges:
0
