solve status: 0
N:
size: 27 13
(0,0,-0.000642746227) (1,0,-0.999999793439) (3,0,0.000642746227) (4,0,0.999999793439) (0,1,-0.000682688350) (1,1,-0.999999766968) (6,1,0.000682688350) (7,1,0.999999766968) (0,2,-0.999996476749) (1,2,0.002654522634) (9,2,0.999996476749) (10,2,-0.002654522634) (0,3,-0.708928124723) (1,3,-0.705280734159) (12,3,0.708928124723) (13,3,0.705280734159) (3,4,-0.999997133210) (4,4,0.002394487780) (12,4,0.999997133210) (13,4,-0.002394487780) (3,5,-0.708051059413) (4,5,-0.706161240273) (15,5,0.708051059413) (16,5,0.706161240273) (3,6,-0.999997370322) (4,6,0.002293327146) (21,6,0.999997370322) (22,6,-0.002293327146) (6,7,-0.999991728153) (7,7,-0.004067385579) (15,7,0.999991728153) (16,7,0.004067385579) (9,8,-0.000258270513) (10,8,-0.999999966648) (12,8,0.000258270513) (13,8,0.999999966648) (9,9,0.001175399098) (10,9,-0.999999309218) (15,9,-0.001175399098) (16,9,0.999999309218) (12,10,0.002610527058) (13,10,-0.999996592568) (15,10,-0.002610527058) (16,10,0.999996592568) (15,11,-0.704540080670) (16,11,0.709664198568) (21,11,0.704540080670) (22,11,-0.709664198568) (21,12,0.001125349450) (22,12,-0.999999366794) (24,12,-0.001125349450) (25,12,0.999999366794) 
Q:
size: 13 13
(0,0,2.000000000000) (1,0,0.999999999202) (2,0,-0.002011778123) (3,0,0.705736249353) (4,0,0.001751742901) (5,0,-0.706616191554) (6,0,0.001650582136) (0,1,0.999999999202) (1,1,2.000000000000) (2,1,-0.001971836071) (3,1,0.705764546778) (7,1,-0.004750067334) (0,2,-0.002011778123) (1,2,-0.001971836071) (2,2,2.000000000000) (3,2,0.707053443319) (8,2,0.002396252942) (9,2,0.003829915757) (0,3,0.705736249353) (1,3,0.705764546778) (2,3,0.707053443319) (3,3,2.000000000000) (4,3,0.707237306276) (8,3,0.705463805867) (10,3,-0.703427654912) (0,4,0.001751742901) (3,4,0.707237306276) (4,4,2.000000000000) (5,4,0.706358135119) (6,4,0.999999994883) (8,4,-0.002136217928) (10,4,0.005004999195) (0,5,-0.706616191554) (4,5,0.706358135119) (5,5,2.000000000000) (6,5,0.706429738725) (7,5,0.710917432568) (9,5,0.705328509893) (10,5,0.704310447628) (11,5,0.002287000120) (0,6,0.001650582136) (4,6,0.999999994883) (5,6,0.706429738725) (6,6,2.000000000000) (11,6,0.706165720128) (12,6,0.003418672184) (1,7,-0.004750067334) (5,7,0.710917432568) (7,7,2.000000000000) (9,7,0.002891993395) (10,7,0.001456866256) (11,7,-0.701647774895) (2,8,0.002396252942) (3,8,0.705463805867) (4,8,-0.002136217928) (8,8,2.000000000000) (9,8,0.999998972296) (10,8,-0.999995884995) (2,9,0.003829915757) (5,9,0.705328509893) (7,9,0.002891993395) (8,9,0.999998972296) (9,9,2.000000000000) (10,9,0.999998970200) (11,9,0.710491824120) (3,10,-0.703427654912) (4,10,0.005004999195) (5,10,0.704310447628) (7,10,0.001456866256) (8,10,-0.999995884995) (9,10,0.999998970200) (10,10,2.000000000000) (11,10,0.711501001380) (5,11,0.002287000120) (6,11,0.706165720128) (7,11,-0.701647774895) (9,11,0.710491824120) (10,11,0.711501001380) (11,11,2.000000000000) (12,11,0.710456602997) (6,12,0.003418672184) (11,12,0.710456602997) (12,12,2.000000000000) 
Minv:
size: 27 27
(0,0,1.000000000000) (1,1,1.000000000000) (2,2,2.000000000000) (3,3,1.000000000000) (4,4,1.000000000000) (5,5,2.000000000000) (6,6,1.000000000000) (7,7,1.000000000000) (8,8,2.000000000000) (9,9,1.000000000000) (10,10,1.000000000000) (11,11,2.000000000000) (12,12,1.000000000000) (13,13,1.000000000000) (14,14,2.000000000000) (15,15,1.000000000000) (16,16,1.000000000000) (17,17,2.000000000000) (18,18,1.000000000000) (19,19,1.000000000000) (20,20,2.000000000000) (21,21,1.000000000000) (22,22,1.000000000000) (23,23,2.000000000000) (24,24,1.000000000000) (25,25,1.000000000000) (26,26,2.000000000000) 
v0:
size: 27 1
(0,0,0.028610303490) (1,0,0.810032266310) (2,0,0.000000000000) (3,0,0.525148334392) (4,0,0.483548933360) (5,0,0.000000000000) (6,0,0.357604992788) (7,0,0.762760806273) (8,0,0.000000000000) (9,0,-0.273610311811) (10,0,-0.625829585643) (11,0,0.000000000000) (12,0,-0.542428003669) (13,0,-0.985009424954) (14,0,0.000000000000) (15,0,0.063884529880) (16,0,-0.996260787777) (17,0,0.000000000000) (18,0,0.852237916749) (19,0,-0.603129619847) (20,0,0.000000000000) (21,0,-0.175209317056) (22,0,-0.133701261145) (23,0,0.000000000000) (24,0,0.884309701636) (25,0,-0.240256939941) (26,0,0.000000000000) 
ipopt_sol:
size: 13 1
(0,0,0.282744587269) (1,0,0.000000000000) (2,0,0.000000000000) (3,0,1.571061896430) (4,0,0.000000000000) (5,0,1.446211213240) (6,0,0.000000000000) (7,0,0.068500683377) (8,0,0.000000000000) (9,0,0.000000000000) (10,0,0.000000000000) (11,0,0.802956761011) (12,0,0.000000000000) 
policy_sol:
size: 13 1
(0,0,0.282744578704) (1,0,0.000000000000) (2,0,0.000000000000) (3,0,1.571061888851) (4,0,0.000000000000) (5,0,1.446211195600) (6,0,0.000000000000) (7,0,0.068500684859) (8,0,0.000000000000) (9,0,0.000000000000) (10,0,0.000000000000) (11,0,0.802956747359) (12,0,0.000000000000) 

policy_converges:
1
ipopt_converges:
0
