solve status: 0
N:
size: 27 17
(0,0,0.002201264382) (1,0,-0.999997577215) (3,0,-0.002201264382) (4,0,0.999997577215) (0,1,0.000874073888) (1,1,-0.999999617997) (6,1,-0.000874073888) (7,1,0.999999617997) (0,2,-0.999989322938) (1,2,-0.004621039831) (9,2,0.999989322938) (10,2,0.004621039831) (0,3,-0.705897137878) (1,3,-0.708314358696) (12,3,0.705897137878) (13,3,0.708314358696) (0,4,-0.999999450969) (1,4,-0.001047884265) (18,4,0.999999450969) (19,4,0.001047884265) (3,5,-0.707422838813) (4,5,0.706790582228) (9,5,0.707422838813) (10,5,-0.706790582228) (3,6,-0.999999092683) (4,6,-0.001347083479) (12,6,0.999999092683) (13,6,0.001347083479) (6,7,-0.710075857907) (7,7,0.704125184905) (12,7,0.710075857907) (13,7,-0.704125184905) (6,8,-0.999977630642) (7,8,-0.006688663240) (15,8,0.999977630642) (16,8,0.006688663240) (6,9,-0.999995809537) (7,9,-0.002894979796) (24,9,0.999995809537) (25,9,0.002894979796) (9,10,-0.003847123412) (10,10,-0.999992599793) (12,10,0.003847123412) (13,10,0.999992599793) (9,11,0.002309663906) (10,11,-0.999997332723) (15,11,-0.002309663906) (16,11,0.999997332723) (12,12,0.008458965637) (13,12,-0.999964222310) (15,12,-0.008458965637) (16,12,0.999964222310) (12,13,-0.704439962374) (13,13,-0.709763579941) (24,13,0.704439962374) (25,13,0.709763579941) (15,14,-0.708131381991) (16,14,0.706080693575) (21,14,0.708131381991) (22,14,-0.706080693575) (15,15,-0.999999618908) (16,15,0.000873031718) (24,15,0.999999618908) (25,15,-0.000873031718) (21,16,0.006686785915) (22,16,-0.999977643197) (24,16,-0.006686785915) (25,16,0.999977643197) 
Q:
size: 17 17
(0,0,2.000000000000) (1,0,0.999999119281) (2,0,0.002419787756) (3,0,0.706758776376) (4,0,-0.001153381448) (5,0,0.708346094524) (6,0,0.000854182170) (0,1,0.999999119281) (1,1,2.000000000000) (2,1,0.003746973510) (3,1,0.707697081863) (4,1,0.000173810456) (7,1,0.704745574693) (8,1,-0.005814606349) (9,1,-0.002020908465) (0,2,0.002419787756) (1,2,0.003746973510) (2,2,2.000000000000) (3,2,0.709162749835) (4,2,0.999993616228) (5,2,0.704149178183) (10,2,-0.008468087971) (11,2,-0.002311388260) (0,3,0.706758776376) (1,3,0.707697081863) (2,3,0.709162749835) (3,3,2.000000000000) (4,3,0.706638981790) (6,3,0.706850655976) (7,3,0.002498536985) (10,3,0.711024790430) (12,3,-0.702317857212) (13,3,-0.999997888199) (0,4,-0.001153381448) (1,4,0.000173810456) (2,4,0.999993616228) (3,4,0.706638981790) (4,4,2.000000000000) (0,5,0.708346094524) (2,5,0.704149178183) (5,5,2.000000000000) (6,5,0.706470091040) (10,5,0.704063808866) (11,5,0.708422606018) (0,6,0.000854182170) (3,6,0.706850655976) (5,6,0.706470091040) (6,6,2.000000000000) (7,6,0.709126698239) (10,6,0.005194193432) (12,6,0.007111922679) (13,6,-0.705395434016) (1,7,0.704745574693) (3,7,0.002498536985) (6,7,0.709126698239) (7,7,2.000000000000) (8,7,0.705350317725) (9,7,0.708034454176) (10,7,-0.701388224776) (12,7,0.710106500214) (13,7,-0.000443398662) (1,8,-0.005814606349) (7,8,0.705350317725) (8,8,2.000000000000) (9,8,0.999992803818) (11,8,0.004379033159) (12,8,-0.001770352481) (14,8,-0.703392805567) (15,8,-0.999971410143) (1,9,-0.002020908465) (7,9,0.708034454176) (8,9,0.999992803818) (9,9,2.000000000000) (13,9,0.706491761669) (15,9,0.999992901037) (16,9,-0.003791842821) (2,10,-0.008468087971) (3,10,0.711024790430) (5,10,0.704063808866) (6,10,0.005194193432) (7,10,-0.701388224776) (10,10,2.000000000000) (11,10,0.999981046974) (12,10,-0.999924279684) (13,10,-0.712468395015) (2,11,-0.002311388260) (5,11,0.708422606018) (8,11,0.004379033159) (10,11,0.999981046974) (11,11,2.000000000000) (12,11,0.999981092496) (14,11,0.707714355756) (15,11,0.003182692415) (3,12,-0.702317857212) (6,12,0.007111922679) (7,12,0.710106500214) (8,12,-0.001770352481) (10,12,-0.999924279684) (11,12,0.999981092496) (12,12,2.000000000000) (13,12,0.703779352804) (14,12,0.712045490666) (15,12,0.009331962897) (3,13,-0.999997888199) (6,13,-0.705395434016) (7,13,-0.000443398662) (9,13,0.706491761669) (10,13,-0.712468395015) (12,13,0.703779352804) (13,13,2.000000000000) (15,13,0.703820047800) (16,13,0.705037272678) (8,14,-0.703392805567) (11,14,0.707714355756) (12,14,0.712045490666) (14,14,2.000000000000) (15,14,0.708747542968) (16,14,0.710800030820) (8,15,-0.999971410143) (9,15,0.999992901037) (11,15,0.003182692415) (12,15,0.009331962897) (13,15,0.703820047800) (14,15,0.708747542968) (15,15,2.000000000000) (16,15,-0.007559795567) (9,16,-0.003791842821) (13,16,0.705037272678) (14,16,0.710800030820) (15,16,-0.007559795567) (16,16,2.000000000000) 
Minv:
size: 27 27
(0,0,1.000000000000) (1,1,1.000000000000) (2,2,2.000000000000) (3,3,1.000000000000) (4,4,1.000000000000) (5,5,2.000000000000) (6,6,1.000000000000) (7,7,1.000000000000) (8,8,2.000000000000) (9,9,1.000000000000) (10,10,1.000000000000) (11,11,2.000000000000) (12,12,1.000000000000) (13,13,1.000000000000) (14,14,2.000000000000) (15,15,1.000000000000) (16,16,1.000000000000) (17,17,2.000000000000) (18,18,1.000000000000) (19,19,1.000000000000) (20,20,2.000000000000) (21,21,1.000000000000) (22,22,1.000000000000) (23,23,2.000000000000) (24,24,1.000000000000) (25,25,1.000000000000) (26,26,2.000000000000) 
v0:
size: 27 1
(0,0,0.387552826836) (1,0,0.646910471919) (2,0,0.000000000000) (3,0,0.247042108330) (4,0,-0.813784960937) (5,0,0.000000000000) (6,0,0.688614551020) (7,0,0.191250843960) (8,0,0.000000000000) (9,0,-0.637667363064) (10,0,0.120238873174) (11,0,0.000000000000) (12,0,-0.496409117424) (13,0,-0.019449900627) (14,0,0.000000000000) (15,0,0.580620500640) (16,0,-0.782166790072) (17,0,0.000000000000) (18,0,-0.350514272743) (19,0,-0.856344818004) (20,0,0.000000000000) (21,0,0.403577823251) (22,0,0.448938610386) (23,0,0.000000000000) (24,0,-0.253325932063) (25,0,-0.995373085912) (26,0,0.000000000000) 
ipopt_sol:
size: 17 1
(0,0,1.151249585880) (1,0,0.000000000000) (2,0,0.581260541846) (3,0,0.488515345369) (4,0,0.277075438153) (5,0,0.383379372707) (6,0,0.411248323421) (7,0,0.049334680082) (8,0,0.686749330397) (9,0,0.000000000000) (10,0,0.411859276511) (11,0,0.000000000000) (12,0,1.125396397917) (13,0,0.000000000000) (14,0,0.000000000000) (15,0,1.177333206907) (16,0,1.444337037567) 
policy_sol:
size: 17 1
(0,0,0.986173253890) (1,0,0.000000000000) (2,0,0.415619994497) (3,0,0.722650593826) (4,0,0.277075438346) (5,0,0.616622641346) (6,0,0.246609940775) (7,0,0.049334675956) (8,0,0.686749322378) (9,0,0.000000000000) (10,0,0.246238462971) (11,0,0.000000000000) (12,0,1.125396381769) (13,0,0.000000000000) (14,0,0.000000000000) (15,0,1.177333190891) (16,0,1.444337030446) 

policy_converges:
1
ipopt_converges:
0
