solve status: 0
N:
size: 27 9
(6,0,-0.999999984739) (7,0,0.000174703136) (24,0,0.999999984739) (25,0,-0.000174703136) (9,1,-0.001107085832) (10,1,-0.999999387180) (12,1,0.001107085832) (13,1,0.999999387180) (9,2,-0.999988582838) (10,2,-0.004778513688) (18,2,0.999988582838) (19,2,0.004778513688) (9,3,-0.706964604329) (10,3,-0.707248929463) (21,3,0.706964604329) (22,3,0.707248929463) (12,4,-0.999994662718) (13,4,0.003267190830) (21,4,0.999994662718) (22,4,-0.003267190830) (12,5,-0.708729622904) (13,5,-0.705480206398) (24,5,0.708729622904) (25,5,0.705480206398) (15,6,-0.706456547002) (16,6,0.707756417984) (21,6,0.706456547002) (22,6,-0.707756417984) (15,7,-0.999980004731) (16,7,0.006323775670) (24,7,0.999980004731) (25,7,-0.006323775670) (21,8,0.001890526283) (22,8,-0.999998212954) (24,8,-0.001890526283) (25,8,0.999998212954) 
Q:
size: 9 9
(0,0,2.000000000000) (5,0,0.708606362483) (7,0,0.999981094254) (8,0,-0.002065229078) (1,1,2.000000000000) (2,1,0.005885583952) (3,1,0.708031166544) (4,1,0.002160108904) (5,1,-0.706264398590) (1,2,0.005885583952) (2,2,2.000000000000) (3,2,0.710336131490) (1,3,0.708031166544) (2,3,0.710336131490) (3,3,2.000000000000) (4,3,0.704650113843) (6,3,-0.001120195713) (8,3,-0.705911130410) (1,4,0.002160108904) (3,4,0.704650113843) (4,4,2.000000000000) (5,4,0.706420901753) (6,4,0.708765151723) (8,4,0.005157701184) (0,5,0.708606362483) (1,5,-0.706264398590) (4,5,0.706420901753) (5,5,2.000000000000) (7,5,0.704254153099) (8,5,0.704139073692) (3,6,-0.001120195713) (4,6,0.708765151723) (6,6,2.000000000000) (7,6,0.710918114030) (8,6,0.709090727860) (0,7,0.999981094254) (5,7,0.704254153099) (6,7,0.710918114030) (7,7,2.000000000000) (8,7,-0.008214252851) (0,8,-0.002065229078) (3,8,-0.705911130410) (4,8,0.005157701184) (5,8,0.704139073692) (6,8,0.709090727860) (7,8,-0.008214252851) (8,8,2.000000000000) 
Minv:
size: 27 27
(0,0,1.000000000000) (1,1,1.000000000000) (2,2,2.000000000000) (3,3,1.000000000000) (4,4,1.000000000000) (5,5,2.000000000000) (6,6,1.000000000000) (7,7,1.000000000000) (8,8,2.000000000000) (9,9,1.000000000000) (10,10,1.000000000000) (11,11,2.000000000000) (12,12,1.000000000000) (13,13,1.000000000000) (14,14,2.000000000000) (15,15,1.000000000000) (16,16,1.000000000000) (17,17,2.000000000000) (18,18,1.000000000000) (19,19,1.000000000000) (20,20,2.000000000000) (21,21,1.000000000000) (22,22,1.000000000000) (23,23,2.000000000000) (24,24,1.000000000000) (25,25,1.000000000000) (26,26,2.000000000000) 
v0:
size: 27 1
(0,0,0.243578307368) (1,0,0.051348342709) (2,0,0.000000000000) (3,0,-0.286802427403) (4,0,0.555976894147) (5,0,0.000000000000) (6,0,0.107797691311) (7,0,0.659078530326) (8,0,0.000000000000) (9,0,0.933871642356) (10,0,0.465902808090) (11,0,0.000000000000) (12,0,0.353261236928) (13,0,0.251355401039) (14,0,0.000000000000) (15,0,0.521143428424) (16,0,0.567018945780) (17,0,0.000000000000) (18,0,0.681437107047) (19,0,-0.025114914374) (20,0,0.000000000000) (21,0,0.310091644889) (22,0,0.811886710239) (23,0,0.000000000000) (24,0,-0.577391833832) (25,0,0.364229262738) (26,0,0.000000000000) 
ipopt_sol:
size: 9 1
(0,0,0.180146148951) (1,0,0.109990768994) (2,0,0.147648525091) (3,0,0.300718993034) (4,0,0.000000000000) (5,0,0.004798249705) (6,0,0.000000000000) (7,0,1.007748387280) (8,0,0.554754936412) 
policy_sol:
size: 9 1
(0,0,0.180146151134) (1,0,0.109990772091) (2,0,0.147648527916) (3,0,0.300718985053) (4,0,0.000000000000) (5,0,0.004798250531) (6,0,0.000000000000) (7,0,1.007748382316) (8,0,0.554754929715) 

policy_converges:
1
ipopt_converges:
0
