solve status: 0
N:
size: 27 8
(0,0,0.000000836812) (1,0,-1.000000000000) (3,0,-0.000000836812) (4,0,1.000000000000) (0,1,-0.999963325296) (1,1,-0.008564348415) (9,1,0.999963325296) (10,1,0.008564348415) (3,2,-0.706254189587) (4,2,0.707958346014) (9,2,0.706254189587) (10,2,-0.707958346014) (9,3,-0.001617524546) (10,3,-0.999998691806) (12,3,0.001617524546) (13,3,0.999998691806) (12,4,-0.705399250760) (13,4,0.708810198168) (18,4,0.705399250760) (19,4,-0.708810198168) (12,5,-0.999990895822) (13,5,0.004267115349) (21,5,0.999990895822) (22,5,-0.004267115349) (18,6,-0.002252367711) (19,6,-0.999997463417) (21,6,0.002252367711) (22,6,0.999997463417) (18,7,-0.001324039232) (19,7,-0.999999123460) (24,7,0.001324039232) (25,7,0.999999123460) 
Q:
size: 8 8
(0,0,2.000000000000) (1,0,0.008563511634) (2,0,0.707958937016) (0,1,0.008563511634) (1,1,2.000000000000) (2,1,0.700165085984) (3,1,-0.010181802435) (0,2,0.707958937016) (1,2,0.700165085984) (2,2,2.000000000000) (3,2,0.706815036380) (1,3,-0.010181802435) (2,3,0.706815036380) (3,3,2.000000000000) (4,3,0.707668270304) (5,3,0.002649599947) (3,4,0.707668270304) (4,4,2.000000000000) (5,4,0.708417403556) (6,4,0.707219581716) (7,4,0.707875600585) (3,5,0.002649599947) (4,5,0.708417403556) (5,5,2.000000000000) (6,5,-0.002014757320) (4,6,0.707219581716) (5,6,-0.002014757320) (6,6,2.000000000000) (7,6,0.999999569102) (4,7,0.707875600585) (6,7,0.999999569102) (7,7,2.000000000000) 
Minv:
size: 27 27
(0,0,1.000000000000) (1,1,1.000000000000) (2,2,2.000000000000) (3,3,1.000000000000) (4,4,1.000000000000) (5,5,2.000000000000) (6,6,1.000000000000) (7,7,1.000000000000) (8,8,2.000000000000) (9,9,1.000000000000) (10,10,1.000000000000) (11,11,2.000000000000) (12,12,1.000000000000) (13,13,1.000000000000) (14,14,2.000000000000) (15,15,1.000000000000) (16,16,1.000000000000) (17,17,2.000000000000) (18,18,1.000000000000) (19,19,1.000000000000) (20,20,2.000000000000) (21,21,1.000000000000) (22,22,1.000000000000) (23,23,2.000000000000) (24,24,1.000000000000) (25,25,1.000000000000) (26,26,2.000000000000) 
v0:
size: 27 1
(0,0,-0.125884280718) (1,0,-0.286049429748) (2,0,0.000000000000) (3,0,-0.795675277296) (4,0,-0.836959641798) (5,0,0.000000000000) (6,0,-0.975510049733) (7,0,0.464375514035) (8,0,0.000000000000) (9,0,-0.862411240832) (10,0,0.004396018508) (11,0,0.000000000000) (12,0,0.564842832510) (13,0,-0.287533033501) (14,0,0.000000000000) (15,0,-0.638510812301) (16,0,0.264337618930) (17,0,0.000000000000) (18,0,0.728113644539) (19,0,0.743076647219) (20,0,0.000000000000) (21,0,-0.399069131341) (22,0,0.085953805621) (23,0,0.000000000000) (24,0,0.920264330936) (25,0,0.089992977979) (26,0,0.000000000000) 
ipopt_sol:
size: 8 1
(0,0,0.497744901564) (1,0,0.683426115539) (2,0,0.141924859268) (3,0,0.241662736861) (4,0,0.000000000000) (5,0,0.965625661131) (6,0,0.445624614751) (7,0,0.430016473912) 
policy_sol:
size: 8 1
(0,0,0.497744900858) (1,0,0.683426114820) (2,0,0.141924861269) (3,0,0.241662732616) (4,0,0.000000000000) (5,0,0.965625657592) (6,0,0.445624612391) (7,0,0.430016471553) 

policy_converges:
1
ipopt_converges:
0
