solve status: 0
N:
size: 27 12
(0,0,-0.706810249339) (1,0,-0.707403188733) (12,0,0.706810249339) (13,0,0.707403188733) (3,1,-0.004564972185) (4,1,-0.999989580460) (6,1,0.004564972185) (7,1,0.999989580460) (3,2,-0.999998804461) (4,2,0.001546310798) (12,2,0.999998804461) (13,2,-0.001546310798) (3,3,-0.705329229322) (4,3,-0.708879875764) (15,3,0.705329229322) (16,3,0.708879875764) (6,4,-0.999976730014) (7,4,-0.006821981374) (15,4,0.999976730014) (16,4,0.006821981374) (9,5,0.005432605052) (10,5,-0.999985243292) (12,5,-0.005432605052) (13,5,0.999985243292) (9,6,0.004448858888) (10,6,-0.999990103778) (15,6,-0.004448858888) (16,6,0.999990103778) (9,7,-0.999999925214) (10,7,0.000386745741) (18,7,0.999999925214) (19,7,-0.000386745741) (9,8,-0.704894778631) (10,8,-0.709311885604) (21,8,0.704894778631) (22,8,0.709311885604) (12,9,-0.708052220514) (13,9,0.706160076063) (18,9,0.708052220514) (19,9,-0.706160076063) (18,10,0.000692713335) (19,10,-0.999999760074) (24,10,-0.000692713335) (25,10,0.999999760074) (21,11,0.005057016055) (22,11,-0.999987213213) (24,11,-0.005057016055) (25,11,0.999987213213) 
Q:
size: 12 12
(0,0,2.000000000000) (2,0,0.705715539130) (5,0,0.703552928859) (9,0,-0.000918676964) (1,1,2.000000000000) (2,1,0.003018672041) (3,1,0.712092297876) (4,1,-0.011386776251) (0,2,0.705715539130) (1,2,0.003018672041) (2,2,2.000000000000) (3,2,0.704232237467) (5,2,-0.006978886537) (9,2,-0.709143316961) (1,3,0.712092297876) (2,3,0.704232237467) (3,3,2.000000000000) (4,3,0.710148781630) (6,3,0.705734950321) (1,4,-0.011386776251) (3,4,0.710148781630) (4,4,2.000000000000) (6,4,0.002373158499) (0,5,0.703552928859) (2,5,-0.006978886537) (5,5,2.000000000000) (6,5,0.999999516110) (7,5,-0.005819344680) (8,5,0.705472003560) (9,5,0.709996223535) (3,6,0.705734950321) (4,6,0.002373158499) (5,6,0.999999516110) (6,6,2.000000000000) (7,6,-0.004835600469) (8,6,0.706168888695) (5,7,-0.005819344680) (6,7,-0.004835600469) (7,7,2.000000000000) (8,7,0.704620402564) (9,7,0.708325271964) (10,7,0.001079458932) (5,8,0.705472003560) (6,8,0.706168888695) (7,8,0.704620402564) (8,8,2.000000000000) (11,8,-0.705738151571) (0,9,-0.000918676964) (2,9,-0.709143316961) (5,9,0.709996223535) (7,9,0.708325271964) (9,9,2.000000000000) (10,9,0.706650383852) (7,10,0.001079458932) (9,10,0.706650383852) (10,10,2.000000000000) (11,10,0.999990476352) (8,11,-0.705738151571) (10,11,0.999990476352) (11,11,2.000000000000) 
Minv:
size: 27 27
(0,0,1.000000000000) (1,1,1.000000000000) (2,2,2.000000000000) (3,3,1.000000000000) (4,4,1.000000000000) (5,5,2.000000000000) (6,6,1.000000000000) (7,7,1.000000000000) (8,8,2.000000000000) (9,9,1.000000000000) (10,10,1.000000000000) (11,11,2.000000000000) (12,12,1.000000000000) (13,13,1.000000000000) (14,14,2.000000000000) (15,15,1.000000000000) (16,16,1.000000000000) (17,17,2.000000000000) (18,18,1.000000000000) (19,19,1.000000000000) (20,20,2.000000000000) (21,21,1.000000000000) (22,22,1.000000000000) (23,23,2.000000000000) (24,24,1.000000000000) (25,25,1.000000000000) (26,26,2.000000000000) 
v0:
size: 27 1
(0,0,-0.543532265507) (1,0,-0.487250161497) (2,0,0.000000000000) (3,0,0.046759097218) (4,0,0.909434462575) (5,0,0.000000000000) (6,0,-0.485925558153) (7,0,0.451521069878) (8,0,0.000000000000) (9,0,0.749526796501) (10,0,0.884854198550) (11,0,0.000000000000) (12,0,-0.471666236184) (13,0,-0.731550452198) (14,0,0.000000000000) (15,0,-0.868740719927) (16,0,-0.382175576889) (17,0,0.000000000000) (18,0,-0.231232149137) (19,0,-0.322849232885) (20,0,0.000000000000) (21,0,0.606048395563) (22,0,0.191806565232) (23,0,0.000000000000) (24,0,-0.270019340032) (25,0,-0.352949271538) (26,0,0.000000000000) 
ipopt_sol:
size: 12 1
(0,0,0.000000000000) (1,0,0.000000000000) (2,0,0.000000000000) (3,0,1.561325158941) (4,0,0.000000000000) (5,0,1.612612534697) (6,0,0.000000000000) (7,0,0.984983979266) (8,0,0.000000000000) (9,0,0.000000000000) (10,0,0.000000000000) (11,0,0.540318583960) 
policy_sol:
size: 12 1
(0,0,0.000000000000) (1,0,0.000000000000) (2,0,0.000000000000) (3,0,1.561325144783) (4,0,0.000000000000) (5,0,1.612612519117) (6,0,0.000000000000) (7,0,0.984983972174) (8,0,0.000000000000) (9,0,0.000000000000) (10,0,0.000000000000) (11,0,0.540318582489) 

policy_converges:
1
ipopt_converges:
0
