solve status: 0
N:
size: 27 14
(0,0,-0.004905478985) (1,0,-0.999987968066) (3,0,0.004905478985) (4,0,0.999987968066) (0,1,0.000071483544) (1,1,-0.999999997445) (6,1,-0.000071483544) (7,1,0.999999997445) (0,2,-0.999990447089) (1,2,0.004371010298) (9,2,0.999990447089) (10,2,-0.004371010298) (0,3,-0.706952808670) (1,3,-0.707260720183) (12,3,0.706952808670) (13,3,0.707260720183) (0,4,-0.999998820057) (1,4,0.001536191781) (18,4,0.999998820057) (19,4,-0.001536191781) (3,5,-0.999992152334) (4,5,-0.003961725665) (12,5,0.999992152334) (13,5,0.003961725665) (3,6,-0.705348484156) (4,6,-0.708860716854) (15,6,0.705348484156) (16,6,0.708860716854) (6,7,-0.706649434920) (7,7,0.707563831840) (12,7,0.706649434920) (13,7,-0.707563831840) (6,8,-0.999997441045) (7,8,0.002262278589) (15,8,0.999997441045) (16,8,-0.002262278589) (6,9,-0.999999769929) (7,9,0.000678337505) (24,9,0.999999769929) (25,9,-0.000678337505) (9,10,0.002242442644) (10,10,-0.999997485722) (15,10,-0.002242442644) (16,10,0.999997485722) (9,11,-0.704485371726) (10,11,-0.709718508300) (21,11,0.704485371726) (22,11,0.709718508300) (12,12,-0.003030882737) (13,12,-0.999995406864) (15,12,0.003030882737) (16,12,0.999995406864) (18,13,0.004398182128) (19,13,-0.999990327950) (21,13,-0.004398182128) (22,13,0.999990327950) 
Q:
size: 14 14
(0,0,2.000000000000) (1,0,0.999987614850) (2,0,0.000534474416) (3,0,0.710720152614) (4,0,0.003369299898) (5,0,-0.008867118486) (6,0,-0.712312260054) (0,1,0.999987614850) (1,1,2.000000000000) (2,1,-0.004442493148) (3,1,0.707210182884) (4,1,-0.001607675237) (7,1,0.707614343838) (8,1,0.002333761944) (9,1,0.000749821030) (0,2,0.000534474416) (1,2,-0.004442493148) (2,2,2.000000000000) (3,2,0.703854611321) (4,2,0.999995981867) (10,2,0.006613420531) (11,2,-0.701376454931) (0,3,0.710720152614) (1,3,0.707210182884) (2,3,0.703854611321) (3,3,2.000000000000) (4,3,0.705865486400) (5,3,0.709749233688) (7,3,-0.000864302521) (12,3,-0.709400162702) (0,4,0.003369299898) (1,4,-0.001607675237) (2,4,0.999995981867) (3,4,0.705865486400) (4,4,2.000000000000) (13,4,0.005934353861) (0,5,-0.008867118486) (3,5,0.709749233688) (5,5,2.000000000000) (6,5,0.708151260512) (7,5,0.703840715579) (12,5,-0.006992566420) (0,6,-0.712312260054) (5,6,0.708151260512) (6,6,2.000000000000) (8,6,0.703743038778) (10,6,0.707277231061) (12,6,0.710995289504) (1,7,0.707614343838) (3,7,-0.000864302521) (5,7,0.703840715579) (7,7,2.000000000000) (8,7,0.708248333143) (9,7,0.707129239424) (12,7,0.705418810330) (1,8,0.002333761944) (6,8,0.703743038778) (7,8,0.708248333143) (8,8,2.000000000000) (9,8,0.999998745563) (10,8,-0.004504709807) (12,8,0.000768606782) (1,9,0.000749821030) (7,9,0.707129239424) (8,9,0.999998745563) (9,9,2.000000000000) (2,10,0.006613420531) (6,10,0.707277231061) (8,10,-0.004504709807) (10,10,2.000000000000) (11,10,0.708136955831) (12,10,0.999986096018) (2,11,-0.701376454931) (10,11,0.708136955831) (11,11,2.000000000000) (13,11,0.706613188896) (3,12,-0.709400162702) (5,12,-0.006992566420) (6,12,0.710995289504) (7,12,0.705418810330) (8,12,0.000768606782) (10,12,0.999986096018) (12,12,2.000000000000) (4,13,0.005934353861) (11,13,0.706613188896) (13,13,2.000000000000) 
Minv:
size: 27 27
(0,0,1.000000000000) (1,1,1.000000000000) (2,2,2.000000000000) (3,3,1.000000000000) (4,4,1.000000000000) (5,5,2.000000000000) (6,6,1.000000000000) (7,7,1.000000000000) (8,8,2.000000000000) (9,9,1.000000000000) (10,10,1.000000000000) (11,11,2.000000000000) (12,12,1.000000000000) (13,13,1.000000000000) (14,14,2.000000000000) (15,15,1.000000000000) (16,16,1.000000000000) (17,17,2.000000000000) (18,18,1.000000000000) (19,19,1.000000000000) (20,20,2.000000000000) (21,21,1.000000000000) (22,22,1.000000000000) (23,23,2.000000000000) (24,24,1.000000000000) (25,25,1.000000000000) (26,26,2.000000000000) 
v0:
size: 27 1
(0,0,0.467813568564) (1,0,0.782894272667) (2,0,0.000000000000) (3,0,-0.377870707203) (4,0,-0.173907931191) (5,0,0.000000000000) (6,0,0.140159051873) (7,0,-0.079408412736) (8,0,0.000000000000) (9,0,-0.014613258056) (10,0,-0.407221543013) (11,0,0.000000000000) (12,0,-0.602223732013) (13,0,-0.133636364924) (14,0,0.000000000000) (15,0,-0.329251308175) (16,0,-0.960350182311) (17,0,0.000000000000) (18,0,0.023546036173) (19,0,-0.915710052840) (20,0,0.000000000000) (21,0,0.377037658813) (22,0,-0.929729375308) (23,0,0.000000000000) (24,0,-0.308206301545) (25,0,-0.104913487031) (26,0,0.000000000000) 
ipopt_sol:
size: 14 1
(0,0,0.279966791677) (1,0,0.087971249085) (2,0,0.000000000000) (3,0,1.792512286981) (4,0,0.000000000000) (5,0,0.000000000000) (6,0,0.000000000000) (7,0,0.000000000000) (8,0,0.323459316450) (9,0,0.286585516058) (10,0,0.000000000000) (11,0,0.094921141122) (12,0,1.461562632319) (13,0,0.000000000000) 
policy_sol:
size: 14 1
(0,0,0.279966803809) (1,0,0.087971246974) (2,0,0.000000000000) (3,0,1.792512265900) (4,0,0.000000000000) (5,0,0.000000000000) (6,0,0.000000000000) (7,0,0.000000000000) (8,0,0.323459309439) (9,0,0.286585516029) (10,0,0.000000000000) (11,0,0.094921137555) (12,0,1.461562612799) (13,0,0.000000000000) 

policy_converges:
1
ipopt_converges:
0
