solve status: 0
N:
size: 27 15
(0,0,-0.003070008114) (1,0,-0.999995287514) (3,0,0.003070008114) (4,0,0.999995287514) (0,1,-0.001303371410) (1,1,-0.999999150611) (6,1,0.001303371410) (7,1,0.999999150611) (0,2,-0.999997326655) (1,2,0.002312289639) (18,2,0.999997326655) (19,2,-0.002312289639) (3,3,0.000444533827) (4,3,-0.999999901195) (6,3,-0.000444533827) (7,3,0.999999901195) (3,4,-0.706074730729) (4,4,-0.708137327519) (15,4,0.706074730729) (16,4,0.708137327519) (3,5,-0.999999356847) (4,5,-0.001134154068) (21,5,0.999999356847) (22,5,0.001134154068) (6,6,-0.709580543660) (7,6,0.704624333996) (12,6,0.709580543660) (13,6,-0.704624333996) (6,7,-0.999992990663) (7,7,0.003744145340) (15,7,0.999992990663) (16,7,-0.003744145340) (6,8,-0.999998909127) (7,8,-0.001477073215) (24,8,0.999998909127) (25,8,0.001477073215) (9,9,-0.999973176248) (10,9,0.007324396471) (18,9,0.999973176248) (19,9,-0.007324396471) (9,10,-0.711501479048) (10,10,-0.702684598744) (21,10,0.711501479048) (22,10,0.702684598744) (12,11,0.006081108611) (13,11,-0.999981509888) (15,11,-0.006081108611) (16,11,0.999981509888) (12,12,-0.999987942390) (13,12,0.004910710143) (21,12,0.999987942390) (22,12,-0.004910710143) (12,13,-0.706180773683) (13,13,-0.708031577601) (24,13,0.706180773683) (25,13,0.708031577601) (15,14,-0.999977755163) (16,14,-0.006670020983) (24,14,0.999977755163) (25,14,0.006670020983) 
Q:
size: 15 15
(0,0,2.000000000000) (1,0,0.999998439490) (2,0,0.000757721164) (3,0,-0.999993823987) (4,0,-0.710301645585) (5,0,-0.004204154863) (0,1,0.999998439490) (1,1,2.000000000000) (2,1,-0.001008919749) (3,1,0.999998472413) (6,1,0.703698888501) (7,1,0.002440779885) (8,1,-0.002780441949) (0,2,0.000757721164) (1,2,-0.001008919749) (2,2,2.000000000000) (9,2,0.999987439101) (0,3,-0.999993823987) (1,3,0.999998472413) (3,3,2.000000000000) (4,3,0.707823383450) (5,3,0.000689620415) (6,3,0.704939696930) (7,3,0.004188675681) (8,3,-0.001032539727) (0,4,-0.710301645585) (3,4,0.707823383450) (4,4,2.000000000000) (5,4,0.706877413446) (7,4,0.703418412538) (11,4,0.703830516856) (14,4,-0.710782315045) (0,5,-0.004204154863) (3,5,0.000689620415) (4,5,0.706877413446) (5,5,2.000000000000) (10,5,0.712297974040) (12,5,0.999981729743) (1,6,0.703698888501) (3,6,0.704939696930) (6,6,2.000000000000) (7,6,0.712213785888) (8,6,0.708538987868) (11,6,0.708926341767) (12,6,-0.713032193679) (13,6,-0.002195858497) (1,7,0.002440779885) (3,7,0.004188675681) (4,7,0.703418412538) (6,7,0.712213785888) (7,7,2.000000000000) (8,7,0.999986369421) (11,7,-0.009825142097) (14,7,-0.999945772454) (1,8,-0.002780441949) (3,8,-0.001032539727) (6,8,0.708538987868) (7,8,0.999986369421) (8,8,2.000000000000) (13,8,0.707225817808) (14,8,0.999986516423) (2,9,0.999987439101) (9,9,2.000000000000) (10,9,0.706335653314) (5,10,0.712297974040) (9,10,0.706335653314) (10,10,2.000000000000) (12,10,0.708042219655) (4,11,0.703830516856) (6,11,0.708926341767) (7,11,-0.009825142097) (11,11,2.000000000000) (12,11,-0.010991654630) (13,11,0.703724124035) (14,11,-0.000588924316) (5,12,0.999981729743) (6,12,-0.713032193679) (10,12,0.708042219655) (11,12,-0.010991654630) (12,12,2.000000000000) (13,12,0.702695320981) (6,13,-0.002195858497) (8,13,0.707225817808) (11,13,0.703724124035) (12,13,0.702695320981) (13,13,2.000000000000) (14,13,0.710887650286) (4,14,-0.710782315045) (7,14,-0.999945772454) (8,14,0.999986516423) (11,14,-0.000588924316) (13,14,0.710887650286) (14,14,2.000000000000) 
Minv:
size: 27 27
(0,0,1.000000000000) (1,1,1.000000000000) (2,2,2.000000000000) (3,3,1.000000000000) (4,4,1.000000000000) (5,5,2.000000000000) (6,6,1.000000000000) (7,7,1.000000000000) (8,8,2.000000000000) (9,9,1.000000000000) (10,10,1.000000000000) (11,11,2.000000000000) (12,12,1.000000000000) (13,13,1.000000000000) (14,14,2.000000000000) (15,15,1.000000000000) (16,16,1.000000000000) (17,17,2.000000000000) (18,18,1.000000000000) (19,19,1.000000000000) (20,20,2.000000000000) (21,21,1.000000000000) (22,22,1.000000000000) (23,23,2.000000000000) (24,24,1.000000000000) (25,25,1.000000000000) (26,26,2.000000000000) 
v0:
size: 27 1
(0,0,-0.093688086924) (1,0,0.707719872762) (2,0,0.000000000000) (3,0,0.187454051327) (4,0,0.405065184095) (5,0,0.000000000000) (6,0,0.789450355844) (7,0,-0.782822131890) (8,0,0.000000000000) (9,0,0.414019057329) (10,0,-0.455523043320) (11,0,0.000000000000) (12,0,0.947475017977) (13,0,0.857167199501) (14,0,0.000000000000) (15,0,-0.416532675530) (16,0,0.414769114468) (17,0,0.000000000000) (18,0,-0.608959765695) (19,0,-0.772238226516) (20,0,0.000000000000) (21,0,-0.764240212061) (22,0,-0.684868435295) (23,0,0.000000000000) (24,0,-0.512412185925) (25,0,-0.618446674582) (26,0,0.000000000000) 
ipopt_sol:
size: 15 1
(0,0,0.000000000000) (1,0,1.076431925186) (2,0,0.042047363073) (3,0,0.471227855238) (4,0,0.000000000000) (5,0,0.375338861385) (6,0,0.500497008882) (7,0,1.037217526387) (8,0,0.000000000000) (9,0,0.940699542308) (10,0,0.166800798683) (11,0,0.000000000000) (12,0,1.036063981999) (13,0,1.707073706467) (14,0,0.014580782283) 
policy_sol:
size: 15 1
(0,0,0.000000000000) (1,0,1.076431918280) (2,0,0.042047363158) (3,0,0.471227860253) (4,0,0.000000000000) (5,0,0.375338854989) (6,0,0.500497007962) (7,0,1.037217516408) (8,0,0.000000000000) (9,0,0.940699542122) (10,0,0.166800799090) (11,0,0.000000000000) (12,0,1.036063987467) (13,0,1.707073698815) (14,0,0.014580778580) 

policy_converges:
1
ipopt_converges:
0
