solve status: 0
N:
size: 27 15
(0,0,-0.002013184907) (1,0,-0.999997973541) (6,0,0.002013184907) (7,0,0.999997973541) (0,1,-0.710648339865) (1,1,-0.703547395026) (12,1,0.710648339865) (13,1,0.703547395026) (3,2,0.000852247054) (4,2,-0.999999636837) (6,2,-0.000852247054) (7,2,0.999999636837) (3,3,-0.999999156889) (4,3,-0.001298545787) (12,3,0.999999156889) (13,3,0.001298545787) (3,4,-0.707287939112) (4,4,-0.706925576837) (15,4,0.707287939112) (16,4,0.706925576837) (6,5,-0.707369371361) (7,5,0.706844093461) (12,5,0.707369371361) (13,5,-0.706844093461) (6,6,-0.999999976283) (7,6,0.000217794982) (15,6,0.999999976283) (16,6,-0.000217794982) (6,7,-0.999997761439) (7,7,-0.002115920118) (24,7,0.999997761439) (25,7,0.002115920118) (9,8,-0.004593211629) (10,8,-0.999989451148) (12,8,0.004593211629) (13,8,0.999989451148) (9,9,-0.003150342513) (10,9,-0.999995037659) (15,9,0.003150342513) (16,9,0.999995037659) (9,10,-0.999996518667) (10,10,-0.002638684299) (18,10,0.999996518667) (19,10,0.002638684299) (9,11,-0.705958584698) (10,11,-0.708253116260) (21,11,0.705958584698) (22,11,0.708253116260) (12,12,-0.707310112915) (13,12,0.706903390973) (18,12,0.707310112915) (19,12,-0.706903390973) (18,13,-0.000877289529) (19,13,-0.999999615181) (24,13,0.000877289529) (25,13,0.999999615181) (21,14,-0.004062185260) (22,14,-0.999991749291) (24,14,0.004062185260) (25,14,0.999991749291) 
Q:
size: 15 15
(0,0,2.000000000000) (1,0,0.704976635828) (2,0,0.999995894648) (5,0,0.705418595728) (6,0,-0.001795390319) (7,0,-0.004129096231) (0,1,0.704976635828) (1,1,2.000000000000) (3,1,0.711561329215) (5,1,0.005392548785) (8,1,0.706804131628) (12,1,-0.005308718258) (0,2,0.999995894648) (2,2,2.000000000000) (3,2,0.000446298980) (4,2,0.706322536046) (5,2,0.707446690224) (6,2,0.001070041936) (7,2,-0.001263674204) (1,3,0.711561329215) (2,3,0.000446298980) (3,3,2.000000000000) (4,3,0.708205318019) (5,3,0.706450905551) (8,3,0.005891739845) (12,3,-0.706391570154) (2,4,0.706322536046) (3,4,0.708205318019) (4,4,2.000000000000) (6,4,0.707133957494) (9,4,0.709150268095) (0,5,0.705418595728) (1,5,0.005392548785) (2,5,0.707446690224) (3,5,0.706450905551) (5,5,2.000000000000) (6,5,0.707523301681) (7,5,0.705872162234) (8,5,-0.703587539844) (12,5,-0.999999996486) (0,6,-0.001795390319) (2,6,0.001070041936) (4,6,0.707133957494) (5,6,0.707523301681) (6,6,2.000000000000) (7,6,0.999997276884) (9,6,0.002932548538) (0,7,-0.004129096231) (2,7,-0.001263674204) (5,7,0.705872162234) (6,7,0.999997276884) (7,7,2.000000000000) (13,7,0.002993206869) (14,7,0.006178078827) (1,8,0.706804131628) (3,8,0.005891739845) (5,8,-0.703587539844) (8,8,2.000000000000) (9,8,0.999998959049) (10,8,0.007231852102) (11,8,0.711488262183) (12,8,0.703647108917) (4,9,0.709150268095) (6,9,0.002932548538) (8,9,0.999998959049) (9,9,2.000000000000) (10,9,0.005789002750) (11,9,0.710473613008) (8,10,0.007231852102) (9,10,0.005789002750) (10,10,2.000000000000) (11,10,0.707824983398) (12,10,0.705442355654) (13,10,-0.003515969758) (8,11,0.711488262183) (9,11,0.710473613008) (10,11,0.707824983398) (11,11,2.000000000000) (14,11,-0.711115007226) (1,12,-0.005308718258) (3,12,-0.706391570154) (5,12,-0.999999996486) (8,12,0.703647108917) (10,12,0.705442355654) (12,12,2.000000000000) (13,12,0.706282603188) (7,13,0.002993206869) (10,13,-0.003515969758) (12,13,0.706282603188) (13,13,2.000000000000) (14,13,0.999994928189) (7,14,0.006178078827) (11,14,-0.711115007226) (13,14,0.999994928189) (14,14,2.000000000000) 
Minv:
size: 27 27
(0,0,1.000000000000) (1,1,1.000000000000) (2,2,2.000000000000) (3,3,1.000000000000) (4,4,1.000000000000) (5,5,2.000000000000) (6,6,1.000000000000) (7,7,1.000000000000) (8,8,2.000000000000) (9,9,1.000000000000) (10,10,1.000000000000) (11,11,2.000000000000) (12,12,1.000000000000) (13,13,1.000000000000) (14,14,2.000000000000) (15,15,1.000000000000) (16,16,1.000000000000) (17,17,2.000000000000) (18,18,1.000000000000) (19,19,1.000000000000) (20,20,2.000000000000) (21,21,1.000000000000) (22,22,1.000000000000) (23,23,2.000000000000) (24,24,1.000000000000) (25,25,1.000000000000) (26,26,2.000000000000) 
v0:
size: 27 1
(0,0,-0.895626811423) (1,0,-0.407873682743) (2,0,0.000000000000) (3,0,-0.235649697628) (4,0,0.010021829907) (5,0,0.000000000000) (6,0,0.788076350314) (7,0,-0.620095147169) (8,0,0.000000000000) (9,0,0.767319414083) (10,0,0.959759791297) (11,0,0.000000000000) (12,0,-0.528410240558) (13,0,-0.888451020967) (14,0,0.000000000000) (15,0,-0.919504851017) (16,0,0.609527500171) (17,0,0.000000000000) (18,0,-0.535764393414) (19,0,0.175215869921) (20,0,0.000000000000) (21,0,0.798092588892) (22,0,0.205545436490) (23,0,0.000000000000) (24,0,0.171697213533) (25,0,-0.902357980279) (26,0,0.000000000000) 
ipopt_sol:
size: 15 1
(0,0,0.000000000000) (1,0,0.000000000000) (2,0,0.310901558729) (3,0,0.000000000000) (4,0,0.000000000000) (5,0,0.902809776797) (6,0,1.388303159128) (7,0,0.000000000000) (8,0,2.167050315573) (9,0,0.000000000000) (10,0,1.298541834025) (11,0,0.000000000000) (12,0,0.000000000000) (13,0,0.698689664437) (14,0,0.761095745908) 
policy_sol:
size: 15 1
(0,0,0.000000000000) (1,0,0.000000000000) (2,0,0.310901553070) (3,0,0.000000000000) (4,0,0.000000000000) (5,0,0.902809768696) (6,0,1.388303153455) (7,0,0.000000000000) (8,0,2.167050297110) (9,0,0.000000000000) (10,0,1.298541826984) (11,0,0.000000000000) (12,0,0.000000000000) (13,0,0.698689657343) (14,0,0.761095752980) 

policy_converges:
1
ipopt_converges:
0
