solve status: 0
N:
size: 27 14
(0,0,-0.003976585446) (1,0,-0.999992093353) (3,0,0.003976585446) (4,0,0.999992093353) (0,1,-0.999999994843) (1,1,-0.000101562607) (9,1,0.999999994843) (10,1,0.000101562607) (0,2,-0.706823753771) (1,2,-0.707389695362) (12,2,0.706823753771) (13,2,0.707389695362) (0,3,-0.999999991019) (1,3,0.000134023686) (18,3,0.999999991019) (19,3,-0.000134023686) (3,4,-0.704580224300) (4,4,0.709624342540) (9,4,0.704580224300) (10,4,-0.709624342540) (6,5,-0.999999027262) (7,5,0.001394803070) (15,5,0.999999027262) (16,5,-0.001394803070) (6,6,-0.999998667568) (7,6,0.001632440340) (24,6,0.999998667568) (25,6,-0.001632440340) (9,7,-0.001060506845) (10,7,-0.999999437662) (12,7,0.001060506845) (13,7,0.999999437662) (9,8,-0.999999931884) (10,8,0.000369097497) (18,8,0.999999931884) (19,8,-0.000369097497) (12,9,-0.706748546806) (13,9,0.707464834170) (18,9,0.706748546806) (19,9,-0.707464834170) (12,10,-0.999998271146) (13,10,-0.001859490393) (21,10,0.999998271146) (22,10,0.001859490393) (15,11,-0.705684152819) (16,11,0.708526553109) (21,11,0.705684152819) (22,11,-0.708526553109) (18,12,0.000793159193) (19,12,-0.999999685449) (24,12,-0.000793159193) (25,12,0.999999685449) (21,13,-0.005474311012) (22,13,-0.999985015847) (24,13,0.005474311012) (25,13,0.999985015847) 
Q:
size: 14 14
(0,0,2.000000000000) (1,0,0.004078147229) (2,0,0.710194847333) (3,0,0.003842562784) (4,0,0.706816908326) (0,1,0.004078147229) (1,1,2.000000000000) (2,1,0.706895594468) (3,1,0.999999972250) (4,1,0.704508149367) (7,1,-0.001162069390) (8,1,-0.999999889240) (0,2,0.710194847333) (1,2,0.706895594468) (2,2,2.000000000000) (3,2,0.706728940449) (7,2,0.708138888999) (9,2,0.000906672698) (10,2,-0.708137916119) (0,3,0.003842562784) (1,3,0.999999972250) (2,3,0.706728940449) (3,3,2.000000000000) (8,3,0.999999972370) (9,3,0.706843357503) (12,3,0.000927182830) (0,4,0.706816908326) (1,4,0.704508149367) (4,4,2.000000000000) (7,4,0.708876731342) (8,4,-0.704842096875) (5,5,2.000000000000) (6,5,0.999999971764) (11,5,-0.706671721384) (5,6,0.999999971764) (6,6,2.000000000000) (12,6,-0.002425597962) (13,6,0.003841887839) (1,7,-0.001162069390) (2,7,0.708138888999) (4,7,0.708876731342) (7,7,2.000000000000) (8,7,0.000691409483) (9,7,0.706714924665) (10,7,-0.002919994359) (1,8,-0.999999889240) (3,8,0.999999972370) (4,8,-0.704842096875) (7,8,0.000691409483) (8,8,2.000000000000) (9,8,0.707009622164) (12,8,0.001162256520) (2,9,0.000906672698) (3,9,0.706843357503) (7,9,0.706714924665) (8,9,0.707009622164) (9,9,2.000000000000) (10,9,0.705431800878) (12,9,0.708025175744) (2,10,-0.708137916119) (7,10,-0.002919994359) (9,10,0.705431800878) (10,10,2.000000000000) (11,10,0.704365434475) (13,10,-0.007333764078) (5,11,-0.706671721384) (10,11,0.704365434475) (11,11,2.000000000000) (13,11,0.704652801910) (3,12,0.000927182830) (6,12,-0.002425597962) (8,12,0.001162256520) (9,12,0.708025175744) (12,12,2.000000000000) (13,12,0.999980359301) (6,13,0.003841887839) (10,13,-0.007333764078) (11,13,0.704652801910) (12,13,0.999980359301) (13,13,2.000000000000) 
Minv:
size: 27 27
(0,0,1.000000000000) (1,1,1.000000000000) (2,2,2.000000000000) (3,3,1.000000000000) (4,4,1.000000000000) (5,5,2.000000000000) (6,6,1.000000000000) (7,7,1.000000000000) (8,8,2.000000000000) (9,9,1.000000000000) (10,10,1.000000000000) (11,11,2.000000000000) (12,12,1.000000000000) (13,13,1.000000000000) (14,14,2.000000000000) (15,15,1.000000000000) (16,16,1.000000000000) (17,17,2.000000000000) (18,18,1.000000000000) (19,19,1.000000000000) (20,20,2.000000000000) (21,21,1.000000000000) (22,22,1.000000000000) (23,23,2.000000000000) (24,24,1.000000000000) (25,25,1.000000000000) (26,26,2.000000000000) 
v0:
size: 27 1
(0,0,0.806579187355) (1,0,0.512135896698) (2,0,0.000000000000) (3,0,-0.804752027322) (4,0,-0.508147826127) (5,0,0.000000000000) (6,0,0.662014578337) (7,0,0.544968953185) (8,0,0.000000000000) (9,0,-0.436975058950) (10,0,0.379838286137) (11,0,0.000000000000) (12,0,0.467194936998) (13,0,-0.463319942397) (14,0,0.000000000000) (15,0,0.516235123491) (16,0,-0.098982776659) (17,0,0.000000000000) (18,0,-0.795314906605) (19,0,0.409736968463) (20,0,0.000000000000) (21,0,-0.142038627601) (22,0,0.555290537827) (23,0,0.000000000000) (24,0,0.624559500864) (25,0,-0.358967244803) (26,0,0.000000000000) 
ipopt_sol:
size: 14 1
(0,0,1.023387017346) (1,0,0.818048467701) (2,0,0.000000000000) (3,0,0.847445229855) (4,0,0.000000000000) (5,0,0.469380763227) (6,0,0.000000000000) (7,0,0.499373646356) (8,0,0.000000000000) (9,0,0.971538987511) (10,0,0.000000000000) (11,0,0.918388613035) (12,0,0.176355759917) (13,0,0.498298783866) 
policy_sol:
size: 14 1
(0,0,1.023387010274) (1,0,0.818048469505) (2,0,0.000000000000) (3,0,0.847445221191) (4,0,0.000000000000) (5,0,0.469380755624) (6,0,0.000000000000) (7,0,0.499373639560) (8,0,0.000000000000) (9,0,0.971538986730) (10,0,0.000000000000) (11,0,0.918388605667) (12,0,0.176355758557) (13,0,0.498298787159) 

policy_converges:
1
ipopt_converges:
0
