solve status: 0
N:
size: 27 12
(3,0,-0.000622741721) (4,0,-0.999999806096) (6,0,0.000622741721) (7,0,0.999999806096) (3,1,-0.705369766156) (4,1,-0.708839539665) (15,1,0.705369766156) (16,1,0.708839539665) (3,2,-0.999997757417) (4,2,0.002117819919) (21,2,0.999997757417) (22,2,-0.002117819919) (9,3,0.001667842976) (10,3,-0.999998609149) (15,3,-0.001667842976) (16,3,0.999998609149) (9,4,-0.999999414526) (10,4,-0.001082103556) (18,4,0.999999414526) (19,4,0.001082103556) (9,5,-0.705719094533) (10,5,-0.708491749855) (21,5,0.705719094533) (22,5,0.708491749855) (12,6,-0.000590971003) (13,6,-0.999999825377) (15,6,0.000590971003) (16,6,0.999999825377) (12,7,-0.999985721191) (13,7,0.005343913743) (21,7,0.999985721191) (22,7,-0.005343913743) (12,8,-0.709221046282) (13,8,-0.704986175404) (24,8,0.709221046282) (25,8,0.704986175404) (15,9,-0.705446232211) (16,9,0.708763439703) (21,9,0.705446232211) (22,9,-0.708763439703) (15,10,-0.999990922521) (16,10,0.004260853742) (24,10,0.999990922521) (25,10,-0.004260853742) (18,11,0.000104188606) (19,11,-0.999999994572) (21,11,-0.000104188606) (22,11,0.999999994572) 
Q:
size: 12 12
(0,0,2.000000000000) (1,0,0.709278665401) (2,0,-0.001495079183) (0,1,0.709278665401) (1,1,2.000000000000) (2,1,0.703866989809) (3,1,0.707662107765) (6,1,0.709256268963) (9,1,0.004799106480) (10,1,-0.702343101572) (0,2,-0.001495079183) (1,2,0.703866989809) (2,2,2.000000000000) (5,2,0.704217053959) (7,2,0.999994796087) (9,2,0.706945683520) (11,2,-0.002222008279) (1,3,0.707662107765) (3,3,2.000000000000) (4,3,-0.000585739949) (5,3,0.707313735813) (6,3,0.999997448879) (9,3,0.709939027462) (10,3,0.005928675652) (3,4,-0.000585739949) (4,4,2.000000000000) (5,4,0.706485342794) (11,4,-0.000977915006) (2,5,0.704217053959) (3,5,0.707313735813) (4,5,0.706485342794) (5,5,2.000000000000) (7,5,0.701922898906) (9,5,-0.004306173390) (11,5,0.708418218121) (1,6,0.709256268963) (3,6,0.999997448879) (6,6,2.000000000000) (7,6,-0.004752950245) (8,6,0.705405181370) (9,6,0.708346417669) (10,6,0.003669887360) (2,7,0.999994796087) (5,7,0.701922898906) (6,7,-0.004752950245) (7,7,2.000000000000) (8,7,0.705443534139) (9,7,0.709223729965) (11,7,-0.005448100832) (6,8,0.705405181370) (7,8,0.705443534139) (8,8,2.000000000000) (10,8,0.706210765360) (1,9,0.004799106480) (2,9,0.706945683520) (3,9,0.709939027462) (5,9,-0.004306173390) (6,9,0.708346417669) (7,9,0.709223729965) (9,9,2.000000000000) (10,9,0.708459765892) (11,9,-0.708836935315) (1,10,-0.702343101572) (3,10,0.005928675652) (6,10,0.003669887360) (8,10,0.706210765360) (9,10,0.708459765892) (10,10,2.000000000000) (2,11,-0.002222008279) (4,11,-0.000977915006) (5,11,0.708418218121) (7,11,-0.005448100832) (9,11,-0.708836935315) (11,11,2.000000000000) 
Minv:
size: 27 27
(0,0,1.000000000000) (1,1,1.000000000000) (2,2,2.000000000000) (3,3,1.000000000000) (4,4,1.000000000000) (5,5,2.000000000000) (6,6,1.000000000000) (7,7,1.000000000000) (8,8,2.000000000000) (9,9,1.000000000000) (10,10,1.000000000000) (11,11,2.000000000000) (12,12,1.000000000000) (13,13,1.000000000000) (14,14,2.000000000000) (15,15,1.000000000000) (16,16,1.000000000000) (17,17,2.000000000000) (18,18,1.000000000000) (19,19,1.000000000000) (20,20,2.000000000000) (21,21,1.000000000000) (22,22,1.000000000000) (23,23,2.000000000000) (24,24,1.000000000000) (25,25,1.000000000000) (26,26,2.000000000000) 
v0:
size: 27 1
(0,0,-0.885870405186) (1,0,0.358908485113) (2,0,0.000000000000) (3,0,0.064177582270) (4,0,0.771232920140) (5,0,0.000000000000) (6,0,0.150539194566) (7,0,0.629060681632) (8,0,0.000000000000) (9,0,0.753286452508) (10,0,0.450166249445) (11,0,0.000000000000) (12,0,0.178284041345) (13,0,0.563073207758) (14,0,0.000000000000) (15,0,0.482112008063) (16,0,-0.864535495173) (17,0,0.000000000000) (18,0,-0.831080029452) (19,0,-0.483510480006) (20,0,0.000000000000) (21,0,-0.435168237174) (22,0,-0.906428306932) (23,0,0.000000000000) (24,0,0.446583733946) (25,0,-0.451556480590) (26,0,0.000000000000) 
ipopt_sol:
size: 12 1
(0,0,0.000000000000) (1,0,0.489194488407) (2,0,0.000000000000) (3,0,0.019098070993) (4,0,1.101401371733) (5,0,1.370106586679) (6,0,1.213919276363) (7,0,0.097197597588) (8,0,0.000290747909) (9,0,0.085504018535) (10,0,0.176403952153) (11,0,0.000000000000) 
policy_sol:
size: 12 1
(0,0,0.000000000000) (1,0,0.489194477041) (2,0,0.000000000000) (3,0,0.019098079285) (4,0,1.101401375465) (5,0,1.370106576135) (6,0,1.213919275334) (7,0,0.097197595395) (8,0,0.000290750551) (9,0,0.085504018493) (10,0,0.176403947220) (11,0,0.000000000000) 

policy_converges:
1
ipopt_converges:
0
