solve status: 0
N:
size: 27 18
(0,0,-0.003082184856) (1,0,-0.999995250057) (3,0,0.003082184856) (4,0,0.999995250057) (0,1,0.001323218457) (1,1,-0.999999124546) (6,1,-0.001323218457) (7,1,0.999999124546) (0,2,-0.999998506641) (1,2,0.001728211607) (9,2,0.999998506641) (10,2,-0.001728211607) (0,3,-0.706539823471) (1,3,-0.707673284680) (12,3,0.706539823471) (13,3,0.707673284680) (0,4,-0.999999994471) (1,4,-0.000105154638) (18,4,0.999999994471) (19,4,0.000105154638) (3,5,0.005766941838) (4,5,-0.999983371053) (6,5,-0.005766941838) (7,5,0.999983371053) (3,6,-0.705980143030) (4,6,0.708231627116) (9,6,0.705980143030) (10,6,-0.708231627116) (3,7,-0.999999930942) (4,7,0.000371640571) (12,7,0.999999930942) (13,7,-0.000371640571) (6,8,-0.710270838994) (7,8,0.703928501536) (12,8,0.710270838994) (13,8,-0.703928501536) (9,9,0.003594630183) (10,9,-0.999993539296) (12,9,-0.003594630183) (13,9,0.999993539296) (9,10,0.002602208343) (10,10,-0.999996614250) (15,10,-0.002602208343) (16,10,0.999996614250) (12,11,0.001606820667) (13,11,-0.999998709063) (15,11,-0.001606820667) (16,11,0.999998709063) (12,12,-0.707365300067) (13,12,0.706848167757) (18,12,0.707365300067) (19,12,-0.706848167757) (15,13,-0.707656399807) (16,13,0.706556735027) (21,13,0.707656399807) (22,13,-0.706556735027) (15,14,-0.999996432071) (16,14,-0.002671300199) (24,14,0.999996432071) (25,14,0.002671300199) (18,15,-0.001486280612) (19,15,-0.999998895484) (21,15,0.001486280612) (22,15,0.999998895484) (18,16,-0.001430429846) (19,16,-0.999998976935) (24,16,0.001430429846) (25,16,0.999998976935) (21,17,-0.001375036852) (22,17,-0.999999054636) (24,17,0.001375036852) (25,17,0.999999054636) 
Q:
size: 18 18
(0,0,2.000000000000) (1,0,0.999990296203) (2,0,0.001353976856) (3,0,0.709847609616) (4,0,0.003187338978) (5,0,-0.999960846408) (6,0,0.706052301751) (7,0,-0.002710545838) (0,1,0.999990296203) (1,1,2.000000000000) (2,1,-0.003051426575) (3,1,0.706737758609) (4,1,-0.001218063904) (5,1,0.999990126537) (8,1,0.704867728762) (0,2,0.001353976856) (1,2,-0.003051426575) (2,2,2.000000000000) (3,2,0.705315759169) (4,2,0.999998319383) (6,2,0.707203062866) (9,2,0.005322825256) (10,2,0.004330410213) (0,3,0.709847609616) (1,3,0.706737758609) (2,3,0.705315759169) (3,3,2.000000000000) (4,3,0.706614234693) (7,3,0.706276774575) (8,3,0.003683238338) (9,3,0.705128963237) (11,3,-0.706537088328) (12,3,0.000435810408) (0,4,0.003187338978) (1,4,-0.001218063904) (2,4,0.999998319383) (3,4,0.706614234693) (4,4,2.000000000000) (12,4,0.707290967793) (15,4,-0.001591435125) (16,4,-0.001535584369) (0,5,-0.999960846408) (1,5,0.999990126537) (5,5,2.000000000000) (6,5,-0.712291196393) (7,5,-0.006138575831) (8,5,0.708012886563) (0,6,0.706052301751) (2,6,0.707203062866) (5,6,-0.712291196393) (6,6,2.000000000000) (7,6,0.706243301882) (9,6,0.710764788972) (10,6,0.710066336639) (0,7,-0.002710545838) (3,7,0.706276774575) (5,7,-0.006138575831) (6,7,0.706243301882) (7,7,2.000000000000) (8,7,0.710532398334) (9,7,-0.003966268105) (11,7,0.001978460647) (12,7,-0.707627944674) (1,8,0.704867728762) (3,8,0.003683238338) (5,8,0.708012886563) (7,8,0.710532398334) (8,8,2.000000000000) (9,8,-0.706477114658) (11,8,0.705068870671) (12,8,-0.999991516696) (2,9,0.005322825256) (3,9,0.705128963237) (6,9,0.710764788972) (7,9,-0.003966268105) (8,9,-0.706477114658) (9,9,2.000000000000) (10,9,0.999999507545) (11,9,-0.999998024293) (12,9,0.709386317678) (2,10,0.004330410213) (6,10,0.710066336639) (9,10,0.999999507545) (10,10,2.000000000000) (11,10,0.999999504599) (13,10,0.708395812190) (14,10,-0.000069092095) (3,11,-0.706537088328) (7,11,0.001978460647) (8,11,0.705068870671) (9,11,-0.999998024293) (10,11,0.999999504599) (11,11,2.000000000000) (12,11,-0.707983864443) (13,11,0.707692899835) (14,11,-0.001064481816) (3,12,0.000435810408) (4,12,0.707290967793) (7,12,-0.707627944674) (8,12,-0.999991516696) (9,12,0.709386317678) (11,12,-0.707983864443) (12,12,2.000000000000) (15,12,0.705796043701) (16,12,0.705835608167) (10,13,0.708395812190) (11,13,0.707692899835) (13,13,2.000000000000) (14,13,0.705766449793) (15,13,-0.705504178637) (17,13,0.705583013446) (10,14,-0.000069092095) (11,14,-0.001064481816) (13,14,0.705766449793) (14,14,2.000000000000) (16,14,0.004101722208) (17,14,0.004046329619) (4,15,-0.001591435125) (12,15,0.705796043701) (13,15,-0.705504178637) (15,15,2.000000000000) (16,15,0.999999998440) (17,15,-0.999999993812) (4,16,-0.001535584369) (12,16,0.705835608167) (14,16,0.004101722208) (15,16,0.999999998440) (16,16,2.000000000000) (17,16,0.999999998466) (13,17,0.705583013446) (14,17,0.004046329619) (15,17,-0.999999993812) (16,17,0.999999998466) (17,17,2.000000000000) 
Minv:
size: 27 27
(0,0,1.000000000000) (1,1,1.000000000000) (2,2,2.000000000000) (3,3,1.000000000000) (4,4,1.000000000000) (5,5,2.000000000000) (6,6,1.000000000000) (7,7,1.000000000000) (8,8,2.000000000000) (9,9,1.000000000000) (10,10,1.000000000000) (11,11,2.000000000000) (12,12,1.000000000000) (13,13,1.000000000000) (14,14,2.000000000000) (15,15,1.000000000000) (16,16,1.000000000000) (17,17,2.000000000000) (18,18,1.000000000000) (19,19,1.000000000000) (20,20,2.000000000000) (21,21,1.000000000000) (22,22,1.000000000000) (23,23,2.000000000000) (24,24,1.000000000000) (25,25,1.000000000000) (26,26,2.000000000000) 
v0:
size: 27 1
(0,0,0.884577621261) (1,0,-0.186300028616) (2,0,0.000000000000) (3,0,0.217939820212) (4,0,-0.435483122465) (5,0,0.000000000000) (6,0,0.314382133857) (7,0,-0.572680656562) (8,0,0.000000000000) (9,0,-0.362361542307) (10,0,-0.047218340925) (11,0,0.000000000000) (12,0,0.040423949338) (13,0,-0.329241566508) (14,0,0.000000000000) (15,0,0.813041015090) (16,0,-0.632850364106) (17,0,0.000000000000) (18,0,0.094781985233) (19,0,0.510534771499) (20,0,0.000000000000) (21,0,0.275554384691) (22,0,-0.434057646676) (23,0,0.000000000000) (24,0,0.693460374085) (25,0,-0.799597584247) (26,0,0.000000000000) 
ipopt_sol:
size: 18 1
(0,0,0.305042638178) (1,0,0.000000000000) (2,0,1.093171376134) (3,0,0.000000000000) (4,0,0.243958037873) (5,0,0.171078560540) (6,0,0.086682123257) (7,0,0.000000000000) (8,0,0.423889671115) (9,0,0.335479677472) (10,0,0.128018239664) (11,0,0.000000000000) (12,0,0.000000000000) (13,0,0.733456404654) (14,0,0.000000000000) (15,0,0.731352158088) (16,0,0.943785883661) (17,0,0.000000000000) 
policy_sol:
size: 18 1
(0,0,0.305042631598) (1,0,0.000000000000) (2,0,1.093171377607) (3,0,0.000000000000) (4,0,0.243958030089) (5,0,0.171078555351) (6,0,0.086682120203) (7,0,0.000000000000) (8,0,0.423889669102) (9,0,0.335479675421) (10,0,0.128018240270) (11,0,0.000000000000) (12,0,0.000000000000) (13,0,0.733456395001) (14,0,0.000000000000) (15,0,0.731352154309) (16,0,0.943785880443) (17,0,0.000000000000) 

policy_converges:
1
ipopt_converges:
0
