solve status: 0
N:
size: 27 14
(0,0,-0.999999727904) (1,0,0.000737694021) (9,0,0.999999727904) (10,0,-0.000737694021) (0,1,-0.706515497949) (1,1,-0.707697570405) (12,1,0.706515497949) (13,1,0.707697570405) (0,2,-0.999993407769) (1,2,0.003631035582) (18,2,0.999993407769) (19,2,-0.003631035582) (3,3,0.000949455854) (4,3,-0.999999549267) (6,3,-0.000949455854) (7,3,0.999999549267) (6,4,-0.706445368592) (7,4,0.707767575687) (12,4,0.706445368592) (13,4,-0.707767575687) (6,5,-0.999998671653) (7,5,0.001629936042) (15,5,0.999998671653) (16,5,-0.001629936042) (6,6,-0.999995890048) (7,6,0.002867034384) (24,6,0.999995890048) (25,6,-0.002867034384) (9,7,-0.999978669626) (10,7,0.006531484783) (18,7,0.999978669626) (19,7,-0.006531484783) (12,8,-0.001024556121) (13,8,-0.999999475142) (15,8,0.001024556121) (16,8,0.999999475142) (12,9,-0.711541010657) (13,9,-0.702644568863) (24,9,0.711541010657) (25,9,0.702644568863) (15,10,-0.999991611664) (16,10,0.004095925085) (24,10,0.999991611664) (25,10,-0.004095925085) (18,11,0.003053558565) (19,11,-0.999995337879) (21,11,-0.003053558565) (22,11,0.999995337879) (18,12,-0.001417168870) (19,12,-0.999998995816) (24,12,0.001417168870) (25,12,0.999998995816) (21,13,-0.005955512359) (22,13,-0.999982265779) (24,13,0.005955512359) (25,13,0.999982265779) 
Q:
size: 14 14
(0,0,2.000000000000) (1,0,0.705993241443) (2,0,0.999995814267) (7,0,-0.999983215773) (0,1,0.705993241443) (1,1,2.000000000000) (2,1,0.703941165376) (4,1,-0.001770792361) (8,1,-0.708421063743) (9,1,-0.999974605699) (0,2,0.999995814267) (1,2,0.703941165376) (2,2,2.000000000000) (7,2,0.999995793589) (11,2,0.006684557089) (12,2,0.002213872408) (3,3,2.000000000000) (4,3,0.708437995364) (5,3,0.002579389900) (6,3,0.003816485043) (1,4,-0.001770792361) (3,4,0.708437995364) (4,4,2.000000000000) (5,4,0.707598046069) (6,4,0.708471659111) (8,4,0.707043411283) (9,4,-0.005355808468) (3,5,0.002579389900) (4,5,0.707598046069) (5,5,2.000000000000) (6,5,0.999999234790) (8,5,-0.000605380426) (10,5,-0.999996959424) (3,6,0.003816485043) (4,6,0.708471659111) (5,6,0.999999234790) (6,6,2.000000000000) (9,6,0.709523580120) (10,6,0.999999244905) (12,6,-0.001449868459) (13,6,0.003088504343) (0,7,-0.999983215773) (2,7,0.999995793589) (7,7,2.000000000000) (11,7,0.009584947764) (12,7,0.005114339583) (1,8,-0.708421063743) (4,8,0.707043411283) (5,8,-0.000605380426) (8,8,2.000000000000) (9,8,0.703373213773) (10,8,0.003071375408) (1,9,-0.999974605699) (4,9,-0.005355808468) (6,9,0.709523580120) (8,9,0.703373213773) (9,9,2.000000000000) (10,9,0.708657062497) (12,9,0.703652237048) (13,9,0.706869699292) (5,10,-0.999996959424) (6,10,0.999999244905) (8,10,0.003071375408) (9,10,0.708657062497) (10,10,2.000000000000) (12,10,-0.002678763990) (13,10,0.001859609955) (2,11,0.006684557089) (7,11,0.009584947764) (11,11,2.000000000000) (12,11,0.999990006291) (13,11,-0.999959418235) (2,12,0.002213872408) (6,12,-0.001449868459) (7,12,0.005114339583) (9,12,0.703652237048) (10,12,-0.002678763990) (11,12,0.999990006291) (12,12,2.000000000000) (13,12,0.999989701579) (6,13,0.003088504343) (9,13,0.706869699292) (10,13,0.001859609955) (11,13,-0.999959418235) (12,13,0.999989701579) (13,13,2.000000000000) 
Minv:
size: 27 27
(0,0,1.000000000000) (1,1,1.000000000000) (2,2,2.000000000000) (3,3,1.000000000000) (4,4,1.000000000000) (5,5,2.000000000000) (6,6,1.000000000000) (7,7,1.000000000000) (8,8,2.000000000000) (9,9,1.000000000000) (10,10,1.000000000000) (11,11,2.000000000000) (12,12,1.000000000000) (13,13,1.000000000000) (14,14,2.000000000000) (15,15,1.000000000000) (16,16,1.000000000000) (17,17,2.000000000000) (18,18,1.000000000000) (19,19,1.000000000000) (20,20,2.000000000000) (21,21,1.000000000000) (22,22,1.000000000000) (23,23,2.000000000000) (24,24,1.000000000000) (25,25,1.000000000000) (26,26,2.000000000000) 
v0:
size: 27 1
(0,0,0.879456409931) (1,0,-0.101315838435) (2,0,0.000000000000) (3,0,-0.554696880290) (4,0,0.923829723399) (5,0,0.000000000000) (6,0,0.597624243164) (7,0,0.464115999863) (8,0,0.000000000000) (9,0,-0.761878369262) (10,0,-0.693940719360) (11,0,0.000000000000) (12,0,-0.388023076701) (13,0,0.756173647973) (14,0,0.000000000000) (15,0,0.447507761303) (16,0,0.229766211089) (17,0,0.000000000000) (18,0,-0.805574728137) (19,0,-0.162027869291) (20,0,0.000000000000) (21,0,0.716791444566) (22,0,-0.389668486444) (23,0,0.000000000000) (24,0,-0.159818926565) (25,0,-0.894922692585) (26,0,0.000000000000) 
ipopt_sol:
size: 14 1
(0,0,2.217746482276) (1,0,0.000000000000) (2,0,0.000000000000) (3,0,0.167279726326) (4,0,0.828400670333) (5,0,0.000000000000) (6,0,0.048533099048) (7,0,1.153717998261) (8,0,0.000000000000) (9,0,0.683955075729) (10,0,0.335630398763) (11,0,0.481221988290) (12,0,0.000000000000) (13,0,0.508946566958) 
policy_sol:
size: 14 1
(0,0,2.217746467610) (1,0,0.000000000000) (2,0,0.000000000000) (3,0,0.167279728024) (4,0,0.828400665542) (5,0,0.000000000000) (6,0,0.048533093991) (7,0,1.153717985964) (8,0,0.000000000000) (9,0,0.683955077345) (10,0,0.335630404206) (11,0,0.481221977956) (12,0,0.000000000000) (13,0,0.508946556227) 

policy_converges:
1
ipopt_converges:
0
