solve status: 0
N:
size: 27 11
(0,0,-0.002022837755) (1,0,-0.999997954062) (3,0,0.002022837755) (4,0,0.999997954062) (0,1,-0.705148642040) (1,1,-0.709059512756) (12,1,0.705148642040) (13,1,0.709059512756) (3,2,-0.708515794981) (4,2,0.705694954115) (9,2,0.708515794981) (10,2,-0.705694954115) (3,3,-0.999987299393) (4,3,-0.005039945787) (12,3,0.999987299393) (13,3,0.005039945787) (3,4,-0.708487018717) (4,4,-0.705723844227) (15,4,0.708487018717) (16,4,0.705723844227) (3,5,-0.999997441015) (4,5,-0.002262291429) (21,5,0.999997441015) (22,5,0.002262291429) (6,6,-0.999996148167) (7,6,0.002775545341) (24,6,0.999996148167) (25,6,-0.002775545341) (9,7,0.000237734629) (10,7,-0.999999971741) (12,7,-0.000237734629) (13,7,0.999999971741) (9,8,-0.002356676304) (10,8,-0.999997223035) (15,8,0.002356676304) (16,8,0.999997223035) (15,9,-0.707266800780) (16,9,0.706946725372) (21,9,0.707266800780) (22,9,-0.706946725372) (15,10,-0.999999055776) (16,10,0.001374208120) (24,10,0.999999055776) (25,10,-0.001374208120) 
Q:
size: 11 11
(0,0,2.000000000000) (1,0,0.710484463360) (2,0,0.704260297806) (3,0,-0.007062747540) (4,0,-0.707155554650) (5,0,-0.004285119379) (0,1,0.710484463360) (1,1,2.000000000000) (3,1,0.708713307728) (7,1,0.708891854468) (0,2,0.704260297806) (2,2,2.000000000000) (3,2,0.704950132089) (4,2,0.003948487431) (5,2,0.706917494254) (7,2,0.705863372912) (8,2,0.704023252039) (0,3,-0.007062747540) (1,3,0.708713307728) (2,3,0.704950132089) (3,3,2.000000000000) (4,3,0.712034830417) (5,3,0.999996142267) (7,3,0.004802214036) (0,4,-0.707155554650) (2,4,0.003948487431) (3,4,0.712034830417) (4,4,2.000000000000) (5,4,0.710081758713) (8,4,0.707391559025) (9,4,-0.002180186429) (10,4,-0.707516538309) (0,5,-0.004285119379) (2,5,0.706917494254) (3,5,0.999996142267) (4,5,0.710081758713) (5,5,2.000000000000) (9,5,0.705665671378) (6,6,2.000000000000) (10,6,0.999999018123) (1,7,0.708891854468) (2,7,0.705863372912) (3,7,0.004802214036) (7,7,2.000000000000) (8,7,0.999996634512) (2,8,0.704023252039) (4,8,0.707391559025) (7,8,0.999996634512) (8,8,2.000000000000) (9,8,0.705277963295) (10,8,-0.000982469775) (4,9,-0.002180186429) (5,9,0.705665671378) (8,9,0.705277963295) (9,9,2.000000000000) (10,9,0.708237624892) (4,10,-0.707516538309) (6,10,0.999999018123) (8,10,-0.000982469775) (9,10,0.708237624892) (10,10,2.000000000000) 
Minv:
size: 27 27
(0,0,1.000000000000) (1,1,1.000000000000) (2,2,2.000000000000) (3,3,1.000000000000) (4,4,1.000000000000) (5,5,2.000000000000) (6,6,1.000000000000) (7,7,1.000000000000) (8,8,2.000000000000) (9,9,1.000000000000) (10,10,1.000000000000) (11,11,2.000000000000) (12,12,1.000000000000) (13,13,1.000000000000) (14,14,2.000000000000) (15,15,1.000000000000) (16,16,1.000000000000) (17,17,2.000000000000) (18,18,1.000000000000) (19,19,1.000000000000) (20,20,2.000000000000) (21,21,1.000000000000) (22,22,1.000000000000) (23,23,2.000000000000) (24,24,1.000000000000) (25,25,1.000000000000) (26,26,2.000000000000) 
v0:
size: 27 1
(0,0,-0.932635360905) (1,0,0.762161374017) (2,0,0.000000000000) (3,0,0.743649209664) (4,0,0.715515223189) (5,0,0.000000000000) (6,0,-0.198941848748) (7,0,0.900698189142) (8,0,0.000000000000) (9,0,-0.817174596460) (10,0,0.358524793731) (11,0,0.000000000000) (12,0,-0.772370429714) (13,0,-0.945140124683) (14,0,0.000000000000) (15,0,0.366108675441) (16,0,-0.442626178317) (17,0,0.000000000000) (18,0,0.750826187663) (19,0,-0.479839636873) (20,0,0.000000000000) (21,0,-0.388893000059) (22,0,0.151228061884) (23,0,0.000000000000) (24,0,-0.855671431182) (25,0,0.415613102518) (26,0,0.000000000000) 
ipopt_sol:
size: 11 1
(0,0,0.536406350536) (1,0,0.129782655589) (2,0,0.000000000000) (3,0,0.937618219328) (4,0,1.515774965372) (5,0,0.000000000000) (6,0,0.000000000000) (7,0,1.255423286219) (8,0,0.000000000000) (9,0,0.380180547328) (10,0,1.624547201615) 
policy_sol:
size: 11 1
(0,0,0.536406339154) (1,0,0.129782667290) (2,0,0.000000000000) (3,0,0.937618210376) (4,0,1.515774954925) (5,0,0.000000000000) (6,0,0.000000000000) (7,0,1.255423273565) (8,0,0.000000000000) (9,0,0.380180542775) (10,0,1.624547194537) 

policy_converges:
1
ipopt_converges:
0
