solve status: 0
N:
size: 27 12
(3,0,-0.710522774811) (4,0,0.703674204782) (9,0,0.710522774811) (10,0,-0.703674204782) (3,1,-0.999985087599) (4,1,-0.005461188502) (12,1,0.999985087599) (13,1,0.005461188502) (3,2,-0.706112882055) (4,2,-0.708099285267) (15,2,0.706112882055) (16,2,0.708099285267) (3,3,-0.999999283647) (4,3,-0.001196956566) (21,3,0.999999283647) (22,3,0.001196956566) (9,4,-0.003336472984) (10,4,-0.999994433959) (12,4,0.003336472984) (13,4,0.999994433959) (9,5,0.001554059341) (10,5,-0.999998792449) (15,5,-0.001554059341) (16,5,0.999998792449) (9,6,-0.999993913117) (10,6,0.003489087177) (18,6,0.999993913117) (19,6,-0.003489087177) (9,7,-0.706802547583) (10,7,-0.707410883950) (21,7,0.706802547583) (22,7,0.707410883950) (12,8,-0.703471956829) (13,8,0.710723016340) (18,8,0.703471956829) (19,8,-0.710723016340) (12,9,-0.999995098468) (13,9,0.003130980773) (21,9,0.999995098468) (22,9,-0.003130980773) (15,10,-0.706274675135) (16,10,0.707937909186) (21,10,0.706274675135) (22,10,-0.707937909186) (18,11,0.000541015883) (19,11,-0.999999853651) (21,11,-0.000541015883) (22,11,0.999999853651) 
Q:
size: 12 12
(0,0,2.000000000000) (1,0,0.706669281734) (2,0,0.003438082821) (3,0,0.709679998366) (4,0,0.701299648059) (5,0,0.704777549615) (6,0,-0.712973630586) (7,0,-0.004412516134) (0,1,0.706669281734) (1,1,2.000000000000) (2,1,0.709969415891) (3,1,0.999990908062) (4,1,0.008797581334) (8,1,-0.699580074009) (9,1,-0.999963087263) (0,2,0.003438082821) (1,2,0.709969415891) (2,2,2.000000000000) (3,2,0.706959940318) (5,2,0.707001088881) (10,2,0.002580681126) (0,3,0.709679998366) (1,3,0.999990908062) (2,3,0.706959940318) (3,3,2.000000000000) (7,3,0.707648781365) (9,3,0.999990634470) (10,3,0.705426798265) (11,3,0.000655940896) (0,4,0.701299648059) (1,4,0.008797581334) (4,4,2.000000000000) (5,4,0.999988041337) (6,4,-0.000152615081) (7,4,0.709765174077) (8,4,0.708371945247) (9,4,-0.000205493284) (0,5,0.704777549615) (2,5,0.707001088881) (4,5,0.999988041337) (5,5,2.000000000000) (6,5,-0.005043132845) (7,5,0.706311616614) (10,5,0.709034647071) (0,6,-0.712973630586) (4,6,-0.000152615081) (5,6,-0.005043132845) (6,6,2.000000000000) (7,6,0.704330027114) (8,6,0.705947449440) (11,6,0.004030099256) (0,7,-0.004412516134) (3,7,0.707648781365) (4,7,0.709765174077) (5,7,0.706311616614) (6,7,0.704330027114) (7,7,2.000000000000) (9,7,0.704584193291) (10,7,-0.001606242440) (11,7,0.707028389017) (1,8,-0.699580074009) (4,8,0.708371945247) (6,8,0.705947449440) (8,8,2.000000000000) (9,8,0.705693768838) (11,8,0.711103501827) (1,9,-0.999963087263) (3,9,0.999990634470) (4,9,-0.000205493284) (7,9,0.704584193291) (8,9,0.705693768838) (9,9,2.000000000000) (10,9,0.708487753289) (11,9,-0.003671993545) (2,10,0.002580681126) (3,10,0.705426798265) (5,10,0.709034647071) (7,10,-0.001606242440) (9,10,0.708487753289) (10,10,2.000000000000) (11,10,-0.708319911397) (3,11,0.000655940896) (6,11,0.004030099256) (7,11,0.707028389017) (8,11,0.711103501827) (9,11,-0.003671993545) (10,11,-0.708319911397) (11,11,2.000000000000) 
Minv:
size: 27 27
(0,0,1.000000000000) (1,1,1.000000000000) (2,2,2.000000000000) (3,3,1.000000000000) (4,4,1.000000000000) (5,5,2.000000000000) (6,6,1.000000000000) (7,7,1.000000000000) (8,8,2.000000000000) (9,9,1.000000000000) (10,10,1.000000000000) (11,11,2.000000000000) (12,12,1.000000000000) (13,13,1.000000000000) (14,14,2.000000000000) (15,15,1.000000000000) (16,16,1.000000000000) (17,17,2.000000000000) (18,18,1.000000000000) (19,19,1.000000000000) (20,20,2.000000000000) (21,21,1.000000000000) (22,22,1.000000000000) (23,23,2.000000000000) (24,24,1.000000000000) (25,25,1.000000000000) (26,26,2.000000000000) 
v0:
size: 27 1
(0,0,-0.391141928644) (1,0,-0.951979877251) (2,0,0.000000000000) (3,0,0.974985229792) (4,0,0.041968725491) (5,0,0.000000000000) (6,0,0.233412405745) (7,0,0.157744832902) (8,0,0.000000000000) (9,0,0.023919089388) (10,0,-0.327813447136) (11,0,0.000000000000) (12,0,0.547702866444) (13,0,-0.657877333901) (14,0,0.000000000000) (15,0,0.684165554422) (16,0,-0.413953769149) (17,0,0.000000000000) (18,0,-0.303846539353) (19,0,-0.550645020771) (20,0,0.000000000000) (21,0,0.174514228616) (22,0,-0.805530686781) (23,0,0.000000000000) (24,0,0.789434920127) (25,0,0.302259447037) (26,0,0.000000000000) 
ipopt_sol:
size: 12 1
(0,0,0.186663378494) (1,0,0.762569356895) (2,0,0.250085332211) (3,0,0.020038590974) (4,0,0.005236969011) (5,0,0.000000000000) (6,0,0.140069403877) (7,0,0.000641440488) (8,0,0.717428446503) (9,0,0.490608906501) (10,0,0.000000000000) (11,0,0.000446665322) 
policy_sol:
size: 12 1
(0,0,0.185407519896) (1,0,0.555081268739) (2,0,0.250085327762) (3,0,0.228416050428) (4,0,0.006572898691) (5,0,0.000000000000) (6,0,0.139625999087) (7,0,0.000000000000) (8,0,0.718059095924) (9,0,0.282683703330) (10,0,0.000000000000) (11,0,0.000000000000) 

policy_converges:
1
ipopt_converges:
0
