solve status: 0
N:
size: 27 6
(0,0,0.003021272208) (1,0,-0.999995435947) (3,0,-0.003021272208) (4,0,0.999995435947) (0,1,-0.000270528427) (1,1,-0.999999963407) (6,1,0.000270528427) (7,1,0.999999963407) (9,2,0.000685768902) (10,2,-0.999999764860) (15,2,-0.000685768902) (16,2,0.999999764860) (12,3,0.004841589714) (13,3,-0.999988279436) (15,3,-0.004841589714) (16,3,0.999988279436) (15,4,-0.999995743654) (16,4,-0.002917648611) (24,4,0.999995743654) (25,4,0.002917648611) (18,5,0.002599203942) (19,5,-0.999996622064) (21,5,-0.002599203942) (22,5,0.999996622064) 
Q:
size: 6 6
(0,0,2.000000000000) (1,0,0.999994582014) (0,1,0.999994582014) (1,1,2.000000000000) (2,2,2.000000000000) (3,2,0.999991364511) (4,2,-0.002231881941) (2,3,0.999991364511) (3,3,2.000000000000) (4,3,0.001923954692) (2,4,-0.002231881941) (3,4,0.001923954692) (4,4,2.000000000000) (5,5,2.000000000000) 
Minv:
size: 27 27
(0,0,1.000000000000) (1,1,1.000000000000) (2,2,2.000000000000) (3,3,1.000000000000) (4,4,1.000000000000) (5,5,2.000000000000) (6,6,1.000000000000) (7,7,1.000000000000) (8,8,2.000000000000) (9,9,1.000000000000) (10,10,1.000000000000) (11,11,2.000000000000) (12,12,1.000000000000) (13,13,1.000000000000) (14,14,2.000000000000) (15,15,1.000000000000) (16,16,1.000000000000) (17,17,2.000000000000) (18,18,1.000000000000) (19,19,1.000000000000) (20,20,2.000000000000) (21,21,1.000000000000) (22,22,1.000000000000) (23,23,2.000000000000) (24,24,1.000000000000) (25,25,1.000000000000) (26,26,2.000000000000) 
v0:
size: 27 1
(0,0,-0.846302500310) (1,0,0.653890724015) (2,0,0.000000000000) (3,0,-0.860198181283) (4,0,-0.096854600122) (5,0,0.000000000000) (6,0,-0.583553304089) (7,0,-0.018170847722) (8,0,0.000000000000) (9,0,-0.075862597283) (10,0,-0.119052561999) (11,0,0.000000000000) (12,0,0.265834006892) (13,0,-0.049118997344) (14,0,0.000000000000) (15,0,0.918904349678) (16,0,-0.267322826927) (17,0,0.000000000000) (18,0,0.130967045313) (19,0,-0.297610939244) (20,0,0.000000000000) (21,0,0.833447436367) (22,0,-0.690011427923) (23,0,0.000000000000) (24,0,0.789662705809) (25,0,0.290162202124) (26,0,0.000000000000) 
ipopt_sol:
size: 6 1
(0,0,0.552940006083) (1,0,0.395521960886) (2,0,0.051300188116) (3,0,0.195590661833) (4,0,0.127483642547) (5,0,0.394225052976) 
policy_sol:
size: 6 1
(0,0,0.552940006083) (1,0,0.395521960886) (2,0,0.051300188115) (3,0,0.195590661834) (4,0,0.127483642547) (5,0,0.394225052976) 

policy_converges:
1
ipopt_converges:
0
