solve status: 0
N:
size: 27 5
(9,0,-0.999977857089) (10,0,0.006654722498) (18,0,0.999977857089) (19,0,-0.006654722498) (9,1,-0.711115421674) (10,1,-0.703075285483) (21,1,0.711115421674) (22,1,0.703075285483) (12,2,-0.004168112735) (13,2,-0.999991313380) (15,2,0.004168112735) (16,2,0.999991313380) (12,3,-0.999999063211) (13,3,0.001368786535) (21,3,0.999999063211) (22,3,-0.001368786535) (18,4,0.000147858181) (19,4,-0.999999989069) (21,4,-0.000147858181) (22,4,0.999999989069) 
Q:
size: 5 5
(0,0,2.000000000000) (1,0,0.706420904589) (4,0,0.006802577332) (0,1,0.706420904589) (1,1,2.000000000000) (3,1,0.710152395525) (4,1,0.702970133565) (2,2,2.000000000000) (3,2,0.002799334186) (1,3,0.710152395525) (2,3,0.002799334186) (3,3,2.000000000000) (4,3,-0.001516644562) (0,4,0.006802577332) (1,4,0.702970133565) (3,4,-0.001516644562) (4,4,2.000000000000) 
Minv:
size: 27 27
(0,0,1.000000000000) (1,1,1.000000000000) (2,2,2.000000000000) (3,3,1.000000000000) (4,4,1.000000000000) (5,5,2.000000000000) (6,6,1.000000000000) (7,7,1.000000000000) (8,8,2.000000000000) (9,9,1.000000000000) (10,10,1.000000000000) (11,11,2.000000000000) (12,12,1.000000000000) (13,13,1.000000000000) (14,14,2.000000000000) (15,15,1.000000000000) (16,16,1.000000000000) (17,17,2.000000000000) (18,18,1.000000000000) (19,19,1.000000000000) (20,20,2.000000000000) (21,21,1.000000000000) (22,22,1.000000000000) (23,23,2.000000000000) (24,24,1.000000000000) (25,25,1.000000000000) (26,26,2.000000000000) 
v0:
size: 27 1
(0,0,-0.026174834306) (1,0,-0.186660665863) (2,0,0.000000000000) (3,0,-0.965736271507) (4,0,0.453278072575) (5,0,0.000000000000) (6,0,-0.933972251156) (7,0,0.471068282584) (8,0,0.000000000000) (9,0,0.998687321268) (10,0,-0.444937330626) (11,0,0.000000000000) (12,0,0.118358990034) (13,0,0.191307403394) (14,0,0.000000000000) (15,0,-0.398433231184) (16,0,-0.029025503920) (17,0,0.000000000000) (18,0,0.725559354016) (19,0,0.318606290504) (20,0,0.000000000000) (21,0,0.106001360985) (22,0,-0.188642344683) (23,0,0.000000000000) (24,0,0.318319419573) (25,0,0.307826153689) (26,0,0.000000000000) 
ipopt_sol:
size: 5 1
(0,0,0.192738500064) (1,0,0.237892829660) (2,0,0.222485041619) (3,0,0.000000000000) (4,0,0.422885686521) 
policy_sol:
size: 5 1
(0,0,0.192738501726) (1,0,0.237892824938) (2,0,0.222485041604) (3,0,0.000000000000) (4,0,0.422885688183) 

policy_converges:
1
ipopt_converges:
0
