solve status: 0
N:
size: 27 13
(0,0,-0.707792808353) (1,0,-0.706420087798) (12,0,0.707792808353) (13,0,0.706420087798) (3,1,-0.004918940987) (4,1,-0.999987901937) (6,1,0.004918940987) (7,1,0.999987901937) (3,2,-0.999990124847) (4,2,0.004444120748) (12,2,0.999990124847) (13,2,-0.004444120748) (3,3,-0.709242364539) (4,3,-0.704964728439) (15,3,0.709242364539) (16,3,0.704964728439) (9,4,-0.008257764459) (10,4,-0.999965904082) (12,4,0.008257764459) (13,4,0.999965904082) (9,5,-0.000433291204) (10,5,-0.999999906129) (15,5,0.000433291204) (16,5,0.999999906129) (9,6,-0.999977094617) (10,6,0.006768326391) (18,6,0.999977094617) (19,6,-0.006768326391) (12,7,0.007346156551) (13,7,-0.999973016628) (15,7,-0.007346156551) (16,7,0.999973016628) (12,8,-0.706909838431) (13,8,0.707303669105) (18,8,0.706909838431) (19,8,-0.707303669105) (15,9,-0.710277675882) (16,9,0.703921602982) (21,9,0.710277675882) (22,9,-0.703921602982) (15,10,-0.999983971056) (16,10,-0.005661945941) (24,10,0.999983971056) (25,10,0.005661945941) (18,11,0.001265987234) (19,11,-0.999999198638) (21,11,-0.001265987234) (22,11,0.999999198638) (21,12,0.005449562343) (22,12,-0.999985151025) (24,12,-0.005449562343) (25,12,0.999985151025) 
Q:
size: 13 13
(0,0,2.000000000000) (2,0,0.704646402621) (4,0,0.712240788053) (7,0,-0.701201469425) (8,0,-0.000692179767) (1,1,2.000000000000) (2,1,0.000474825428) (3,1,0.708444921067) (0,2,0.704646402621) (1,2,0.000474825428) (2,2,2.000000000000) (3,2,0.706102412286) (4,2,0.003813713691) (7,2,0.011790084838) (8,2,-0.710046200499) (1,3,0.708444921067) (2,3,0.706102412286) (3,3,2.000000000000) (5,3,0.705271970741) (7,3,0.699735500670) (9,3,-0.007519116634) (10,3,-0.713222468316) (0,4,0.712240788053) (2,4,0.003813713691) (4,4,2.000000000000) (5,4,0.999969388231) (6,4,0.001489479694) (7,4,-0.999878258799) (8,4,0.701442057997) (3,5,0.705271970741) (4,5,0.999969388231) (5,5,2.000000000000) (6,5,-0.006335044476) (7,5,0.999969739735) (9,5,0.703613779835) (10,5,-0.006095229668) (4,6,0.001489479694) (5,6,-0.006335044476) (6,6,2.000000000000) (8,6,0.711680908480) (11,6,0.008034279203) (0,7,-0.701201469425) (2,7,0.011790084838) (3,7,0.699735500670) (4,7,-0.999878258799) (5,7,0.999969739735) (7,7,2.000000000000) (8,7,-0.712477654008) (9,7,0.709120419805) (10,7,0.001684245638) (0,8,-0.000692179767) (2,8,-0.710046200499) (4,8,0.701442057997) (6,8,0.711680908480) (7,8,-0.712477654008) (8,8,2.000000000000) (11,8,0.708198041130) (3,9,-0.007519116634) (5,9,0.703613779835) (7,9,0.709120419805) (9,9,2.000000000000) (10,9,0.706280724818) (11,9,-0.704820241356) (12,9,0.707781852943) (3,10,-0.713222468316) (5,10,-0.006095229668) (7,10,0.001684245638) (9,10,0.706280724818) (10,10,2.000000000000) (12,10,0.000212386875) (6,11,0.008034279203) (8,11,0.708198041130) (9,11,-0.704820241356) (11,11,2.000000000000) (12,11,-0.999991248751) (9,12,0.707781852943) (10,12,0.000212386875) (11,12,-0.999991248751) (12,12,2.000000000000) 
Minv:
size: 27 27
(0,0,1.000000000000) (1,1,1.000000000000) (2,2,2.000000000000) (3,3,1.000000000000) (4,4,1.000000000000) (5,5,2.000000000000) (6,6,1.000000000000) (7,7,1.000000000000) (8,8,2.000000000000) (9,9,1.000000000000) (10,10,1.000000000000) (11,11,2.000000000000) (12,12,1.000000000000) (13,13,1.000000000000) (14,14,2.000000000000) (15,15,1.000000000000) (16,16,1.000000000000) (17,17,2.000000000000) (18,18,1.000000000000) (19,19,1.000000000000) (20,20,2.000000000000) (21,21,1.000000000000) (22,22,1.000000000000) (23,23,2.000000000000) (24,24,1.000000000000) (25,25,1.000000000000) (26,26,2.000000000000) 
v0:
size: 27 1
(0,0,-0.297992899116) (1,0,-0.523583202946) (2,0,0.000000000000) (3,0,0.487649915437) (4,0,0.347562523699) (5,0,0.000000000000) (6,0,-0.847725736052) (7,0,-0.031845091555) (8,0,0.000000000000) (9,0,0.881714386098) (10,0,-0.059944763775) (11,0,0.000000000000) (12,0,-0.804737330443) (13,0,-0.901780498579) (14,0,0.000000000000) (15,0,-0.659042340802) (16,0,-0.912336280902) (17,0,0.000000000000) (18,0,0.712959378465) (19,0,0.880241123231) (20,0,0.000000000000) (21,0,0.236366222829) (22,0,0.751274656216) (23,0,0.000000000000) (24,0,-0.782839249955) (25,0,0.604583328941) (26,0,0.000000000000) 
ipopt_sol:
size: 13 1
(0,0,0.102719986830) (1,0,0.000000000000) (2,0,0.658180094601) (3,0,1.673672660620) (4,0,0.817768730826) (5,0,0.000000000000) (6,0,0.173064416382) (7,0,0.000000000000) (8,0,0.000000000000) (9,0,0.403879734747) (10,0,0.569411593314) (11,0,0.358760091766) (12,0,0.177523560092) 
policy_sol:
size: 13 1
(0,0,0.102719989228) (1,0,0.000000000000) (2,0,0.658180102173) (3,0,1.673672646682) (4,0,0.817768726453) (5,0,0.000000000000) (6,0,0.173064412885) (7,0,0.000000000000) (8,0,0.000000000000) (9,0,0.403879726012) (10,0,0.569411591450) (11,0,0.358760085020) (12,0,0.177523559810) 

policy_converges:
1
ipopt_converges:
0
