solve status: 0
N:
size: 27 10
(0,0,0.000424313734) (1,0,-0.999999909979) (6,0,-0.000424313734) (7,0,0.999999909979) (0,1,-0.999999477612) (1,1,0.001022142406) (9,1,0.999999477612) (10,1,-0.001022142406) (3,2,0.001448033485) (4,2,-0.999998951599) (6,2,-0.001448033485) (7,2,0.999998951599) (3,3,-0.703262927935) (4,3,0.710929851808) (9,3,0.703262927935) (10,3,-0.710929851808) (3,4,-0.706499109272) (4,4,-0.707713931329) (15,4,0.706499109272) (16,4,0.707713931329) (6,5,-0.706588732186) (7,5,0.707624450926) (12,5,0.706588732186) (13,5,-0.707624450926) (6,6,-0.999999147574) (7,6,-0.001305699831) (15,6,0.999999147574) (16,6,0.001305699831) (6,7,-0.999991490456) (7,7,-0.004125410969) (24,7,0.999991490456) (25,7,0.004125410969) (9,8,-0.000124637186) (10,8,-0.999999992233) (12,8,0.000124637186) (13,8,0.999999992233) (12,9,-0.708260486996) (13,9,0.705951189927) (18,9,0.708260486996) (19,9,-0.705951189927) 
Q:
size: 10 10
(0,0,2.000000000000) (1,0,-0.001446455827) (2,0,0.999999475998) (5,0,0.707924202528) (6,0,-0.000881386341) (7,0,-0.003701100474) (0,1,-0.001446455827) (1,1,2.000000000000) (3,1,0.703989232108) (8,1,0.000897505277) (0,2,0.999999475998) (2,2,2.000000000000) (3,2,-0.711947454737) (4,2,0.706690154994) (5,2,0.708646873196) (6,2,0.000142333789) (7,2,-0.002677385481) (1,3,0.703989232108) (2,3,-0.711947454737) (3,3,2.000000000000) (4,3,-0.006280328153) (8,3,0.710842193574) (2,4,0.706690154994) (3,4,-0.006280328153) (4,4,2.000000000000) (6,4,0.707422568994) (0,5,0.707924202528) (2,5,0.708646873196) (5,5,2.000000000000) (6,5,0.705664184745) (7,5,0.703663477766) (8,5,-0.707536378198) (9,5,-0.999997202717) (0,6,-0.000881386341) (2,6,0.000142333789) (4,6,0.707422568994) (5,6,0.705664184745) (6,6,2.000000000000) (7,6,0.999996024585) (0,7,-0.003701100474) (2,7,-0.002677385481) (5,7,0.703663477766) (6,7,0.999996024585) (7,7,2.000000000000) (1,8,0.000897505277) (3,8,0.710842193574) (5,8,-0.707536378198) (8,8,2.000000000000) (9,8,0.705862908850) (5,9,-0.999997202717) (8,9,0.705862908850) (9,9,2.000000000000) 
Minv:
size: 27 27
(0,0,1.000000000000) (1,1,1.000000000000) (2,2,2.000000000000) (3,3,1.000000000000) (4,4,1.000000000000) (5,5,2.000000000000) (6,6,1.000000000000) (7,7,1.000000000000) (8,8,2.000000000000) (9,9,1.000000000000) (10,10,1.000000000000) (11,11,2.000000000000) (12,12,1.000000000000) (13,13,1.000000000000) (14,14,2.000000000000) (15,15,1.000000000000) (16,16,1.000000000000) (17,17,2.000000000000) (18,18,1.000000000000) (19,19,1.000000000000) (20,20,2.000000000000) (21,21,1.000000000000) (22,22,1.000000000000) (23,23,2.000000000000) (24,24,1.000000000000) (25,25,1.000000000000) (26,26,2.000000000000) 
v0:
size: 27 1
(0,0,-0.486305556208) (1,0,-0.418378230677) (2,0,0.000000000000) (3,0,0.430069176139) (4,0,-0.259535656412) (5,0,0.000000000000) (6,0,0.718346734627) (7,0,-0.820018453320) (8,0,0.000000000000) (9,0,-0.765339030504) (10,0,0.146156312529) (11,0,0.000000000000) (12,0,0.646057452922) (13,0,-0.500308941745) (14,0,0.000000000000) (15,0,-0.366649449172) (16,0,0.293324409316) (17,0,0.000000000000) (18,0,-0.052472041404) (19,0,-0.768263474504) (20,0,0.000000000000) (21,0,0.924555825860) (22,0,-0.515598821887) (23,0,0.000000000000) (24,0,0.163911207527) (25,0,0.034921358718) (26,0,0.000000000000) 
ipopt_sol:
size: 10 1
(0,0,0.000000000000) (1,0,0.000000000000) (2,0,1.102476561903) (3,0,1.521557504951) (4,0,0.000000000000) (5,0,0.000000000000) (6,0,1.076362956117) (7,0,0.014200373339) (8,0,0.000000000000) (9,0,0.305578017105) 
policy_sol:
size: 10 1
(0,0,0.000000000000) (1,0,0.000000000000) (2,0,1.102476545208) (3,0,1.521557491975) (4,0,0.000000000000) (5,0,0.000000000000) (6,0,1.076362949055) (7,0,0.014200373343) (8,0,0.000000000000) (9,0,0.305578018585) 

policy_converges:
1
ipopt_converges:
0
