solve status: 0
N:
size: 27 10
(3,0,-0.001026087427) (4,0,-0.999999473572) (6,0,0.001026087427) (7,0,0.999999473572) (3,1,-0.708364629098) (4,1,-0.705846691742) (15,1,0.708364629098) (16,1,0.705846691742) (6,2,-0.999999992249) (7,2,0.000124506800) (15,2,0.999999992249) (16,2,-0.000124506800) (6,3,-0.999998298693) (7,3,-0.001844617030) (24,3,0.999998298693) (25,3,0.001844617030) (9,4,0.003565885440) (10,4,-0.999993642210) (12,4,-0.003565885440) (13,4,0.999993642210) (9,5,-0.999988344519) (10,5,-0.004828128601) (18,5,0.999988344519) (19,5,0.004828128601) (9,6,-0.704316521242) (10,6,-0.709886073892) (21,6,0.704316521242) (22,6,0.709886073892) (12,7,-0.710078759516) (13,7,0.704122258762) (18,7,0.710078759516) (19,7,-0.704122258762) (12,8,-0.999986845320) (13,8,-0.005129248177) (21,8,0.999986845320) (22,8,0.005129248177) (12,9,-0.704379154468) (13,9,-0.709823926584) (24,9,0.704379154468) (25,9,0.709823926584) 
Q:
size: 10 10
(0,0,2.000000000000) (1,0,0.706573164204) (2,0,-0.000901580685) (3,0,-0.002870701741) (0,1,0.706573164204) (1,1,2.000000000000) (2,1,0.708276740895) (0,2,-0.000901580685) (1,2,0.708276740895) (2,2,2.000000000000) (3,2,0.999998061274) (0,3,-0.002870701741) (2,3,0.999998061274) (3,3,2.000000000000) (9,3,0.705687309406) (4,4,2.000000000000) (5,4,0.001262254027) (6,4,0.707370048558) (7,4,0.706649841611) (8,4,-0.001563377035) (9,4,-0.707307678302) (4,5,0.001262254027) (5,5,2.000000000000) (6,5,0.707735733351) (7,5,0.706670890390) (4,6,0.707370048558) (5,6,0.707735733351) (6,6,2.000000000000) (8,6,0.707948438034) (4,7,0.706649841611) (5,7,0.706670890390) (7,7,2.000000000000) (8,7,0.706457800845) (9,7,0.000361849723) (4,8,-0.001563377035) (6,8,0.707948438034) (7,8,0.706457800845) (8,8,2.000000000000) (9,8,0.708010751667) (3,9,0.705687309406) (4,9,-0.707307678302) (7,9,0.000361849723) (8,9,0.708010751667) (9,9,2.000000000000) 
Minv:
size: 27 27
(0,0,1.000000000000) (1,1,1.000000000000) (2,2,2.000000000000) (3,3,1.000000000000) (4,4,1.000000000000) (5,5,2.000000000000) (6,6,1.000000000000) (7,7,1.000000000000) (8,8,2.000000000000) (9,9,1.000000000000) (10,10,1.000000000000) (11,11,2.000000000000) (12,12,1.000000000000) (13,13,1.000000000000) (14,14,2.000000000000) (15,15,1.000000000000) (16,16,1.000000000000) (17,17,2.000000000000) (18,18,1.000000000000) (19,19,1.000000000000) (20,20,2.000000000000) (21,21,1.000000000000) (22,22,1.000000000000) (23,23,2.000000000000) (24,24,1.000000000000) (25,25,1.000000000000) (26,26,2.000000000000) 
v0:
size: 27 1
(0,0,-0.437771678150) (1,0,-0.654016506702) (2,0,0.000000000000) (3,0,-0.875344887284) (4,0,0.840718892103) (5,0,0.000000000000) (6,0,0.831661597890) (7,0,0.179896318107) (8,0,0.000000000000) (9,0,0.670037917997) (10,0,-0.232571745741) (11,0,0.000000000000) (12,0,0.420285574549) (13,0,-0.580896996538) (14,0,0.000000000000) (15,0,-0.858187719745) (16,0,0.787828809917) (17,0,0.000000000000) (18,0,0.070460910986) (19,0,-0.085917108344) (20,0,0.000000000000) (21,0,-0.929927434122) (22,0,-0.043547626193) (23,0,0.000000000000) (24,0,-0.258624824625) (25,0,0.000520457754) (26,0,0.000000000000) 
ipopt_sol:
size: 10 1
(0,0,0.660230224417) (1,0,0.000000000000) (2,0,1.525920863608) (3,0,0.328604160292) (4,0,0.245739525989) (5,0,0.496300901803) (6,0,0.289390390380) (7,0,0.000000000000) (8,0,1.245194410184) (9,0,0.000000000000) 
policy_sol:
size: 10 1
(0,0,0.660230220879) (1,0,0.000000000000) (2,0,1.525920861240) (3,0,0.328604157943) (4,0,0.245739523862) (5,0,0.496300896144) (6,0,0.289390396392) (7,0,0.000000000000) (8,0,1.245194400982) (9,0,0.000000000000) 

policy_converges:
1
ipopt_converges:
0
