solve status: 0
N:
size: 27 14
(0,0,-0.000787277712) (1,0,-0.999999690097) (6,0,0.000787277712) (7,0,0.999999690097) (0,1,-0.999999995041) (1,1,-0.000099587612) (18,1,0.999999995041) (19,1,0.000099587612) (3,2,-0.006426212985) (4,2,-0.999979351680) (6,2,0.006426212985) (7,2,0.999979351680) (6,3,-0.999998719626) (7,3,-0.001600233086) (15,3,0.999998719626) (16,3,0.001600233086) (6,4,-0.999999998975) (7,4,0.000045283496) (24,4,0.999999998975) (25,4,-0.000045283496) (9,5,-0.999989525181) (10,5,-0.004577065507) (18,5,0.999989525181) (19,5,0.004577065507) (9,6,-0.703897418285) (10,6,-0.710301643340) (21,6,0.703897418285) (22,6,0.710301643340) (12,7,-0.000566996290) (13,7,-0.999999839258) (15,7,0.000566996290) (16,7,0.999999839258) (12,8,-0.707852732119) (13,8,0.706360042493) (18,8,0.707852732119) (19,8,-0.706360042493) (12,9,-0.999993688322) (13,9,0.003552930621) (21,9,0.999993688322) (22,9,-0.003552930621) (12,10,-0.708712588787) (13,10,-0.705497318560) (24,10,0.708712588787) (25,10,0.705497318560) (18,11,0.007342676822) (19,11,-0.999973042185) (21,11,-0.007342676822) (22,11,0.999973042185) (18,12,0.001602188758) (19,12,-0.999998716495) (24,12,-0.001602188758) (25,12,0.999998716495) (21,13,-0.004130088451) (22,13,-0.999991471148) (24,13,0.004130088451) (25,13,0.999991471148) 
Q:
size: 14 14
(0,0,2.000000000000) (1,0,0.000886865288) (2,0,0.999984100998) (3,0,-0.002387509293) (4,0,-0.000741994229) (0,1,0.000886865288) (1,1,2.000000000000) (5,1,0.999989976041) (8,1,0.707782383900) (11,1,0.007243091859) (12,1,0.001502601266) (0,2,0.999984100998) (2,2,2.000000000000) (3,2,-0.008026404800) (4,2,-0.006380930417) (0,3,-0.002387509293) (2,3,-0.008026404800) (3,3,2.000000000000) (4,3,0.999998646137) (7,3,0.002167228393) (0,4,-0.000741994229) (2,4,-0.006380930417) (3,4,0.999998646137) (4,4,2.000000000000) (10,4,0.708680640675) (12,4,-0.001647472194) (13,4,0.004084805337) (1,5,0.999989976041) (5,5,2.000000000000) (6,5,0.707141142238) (8,5,0.704612261304) (11,5,0.002765657789) (12,5,-0.002974887657) (5,6,0.707141142238) (6,6,2.000000000000) (9,6,0.701369323052) (11,6,0.705114003902) (13,6,-0.713202743881) (3,7,0.002167228393) (7,7,2.000000000000) (8,7,-0.705958579078) (9,7,-0.002985937339) (10,7,0.705899042565) (1,8,0.707782383900) (5,8,0.704612261304) (7,8,-0.705958579078) (8,8,2.000000000000) (9,8,0.710357912606) (10,8,0.003329026343) (11,8,0.711538534420) (12,8,0.707493249566) (6,9,0.701369323052) (7,9,-0.002985937339) (8,9,0.710357912606) (9,9,2.000000000000) (10,9,0.706201532595) (11,9,-0.010895465319) (13,9,-0.000577162065) (4,10,0.708680640675) (7,10,0.705899042565) (8,10,0.003329026343) (9,10,0.706201532595) (10,10,2.000000000000) (12,10,0.704360921708) (13,10,0.708418347156) (1,11,0.007243091859) (5,11,0.002765657789) (6,11,0.705114003902) (8,11,0.711538534420) (9,11,-0.010895465319) (11,11,2.000000000000) (12,11,0.999983523069) (13,11,-0.999934187659) (1,12,0.001502601266) (4,12,-0.001647472194) (5,12,-0.002974887657) (8,12,0.707493249566) (10,12,0.704360921708) (11,12,0.999983523069) (12,12,2.000000000000) (13,12,0.999983570473) (4,13,0.004084805337) (6,13,-0.713202743881) (9,13,-0.000577162065) (10,13,0.708418347156) (11,13,-0.999934187659) (12,13,0.999983570473) (13,13,2.000000000000) 
Minv:
size: 27 27
(0,0,1.000000000000) (1,1,1.000000000000) (2,2,2.000000000000) (3,3,1.000000000000) (4,4,1.000000000000) (5,5,2.000000000000) (6,6,1.000000000000) (7,7,1.000000000000) (8,8,2.000000000000) (9,9,1.000000000000) (10,10,1.000000000000) (11,11,2.000000000000) (12,12,1.000000000000) (13,13,1.000000000000) (14,14,2.000000000000) (15,15,1.000000000000) (16,16,1.000000000000) (17,17,2.000000000000) (18,18,1.000000000000) (19,19,1.000000000000) (20,20,2.000000000000) (21,21,1.000000000000) (22,22,1.000000000000) (23,23,2.000000000000) (24,24,1.000000000000) (25,25,1.000000000000) (26,26,2.000000000000) 
v0:
size: 27 1
(0,0,0.253769263229) (1,0,0.559980430504) (2,0,0.000000000000) (3,0,-0.964553325760) (4,0,0.762514796501) (5,0,0.000000000000) (6,0,0.764236439901) (7,0,0.389202631705) (8,0,0.000000000000) (9,0,0.619517521881) (10,0,0.002824698517) (11,0,0.000000000000) (12,0,0.809298209876) (13,0,0.051855881548) (14,0,0.000000000000) (15,0,0.066233577320) (16,0,-0.070784314069) (17,0,0.000000000000) (18,0,-0.971871708697) (19,0,0.199241061667) (20,0,0.000000000000) (21,0,0.461603767717) (22,0,-0.433135124106) (23,0,0.000000000000) (24,0,0.546659300578) (25,0,-0.954957978584) (26,0,0.000000000000) 
ipopt_sol:
size: 14 1
(0,0,0.000000000000) (1,0,0.441982091928) (2,0,0.365004518422) (3,0,0.700096304721) (4,0,0.000000000000) (5,0,1.176865308579) (6,0,0.000000000000) (7,0,0.098367557741) (8,0,0.543605692874) (9,0,0.000000000000) (10,0,0.611466617718) (11,0,0.798216202419) (12,0,0.000000000000) (13,0,0.703961868093) 
policy_sol:
size: 14 1
(0,0,0.000000000000) (1,0,0.441982094921) (2,0,0.365004513437) (3,0,0.700096299710) (4,0,0.000000000000) (5,0,1.176865304510) (6,0,0.000000000000) (7,0,0.098367560712) (8,0,0.543605690216) (9,0,0.000000000000) (10,0,0.611466606698) (11,0,0.798216194117) (12,0,0.000000000000) (13,0,0.703961866445) 

policy_converges:
1
ipopt_converges:
0
