solve status: 0
N:
size: 27 16
(0,0,-0.999983349035) (1,0,-0.005770758427) (9,0,0.999983349035) (10,0,0.005770758427) (0,1,-0.709550515846) (1,1,-0.704654571732) (12,1,0.709550515846) (13,1,0.704654571732) (0,2,-0.999998878774) (1,2,-0.001497481504) (18,2,0.999998878774) (19,2,0.001497481504) (3,3,-0.000863812182) (4,3,-0.999999626914) (6,3,0.000863812182) (7,3,0.999999626914) (3,4,-0.999999645270) (4,4,-0.000842294214) (12,4,0.999999645270) (13,4,0.000842294214) (3,5,-0.702644581619) (4,5,-0.711540998061) (15,5,0.702644581619) (16,5,0.711540998061) (6,6,-0.704956030443) (7,6,0.709251009969) (12,6,0.704956030443) (13,6,-0.709251009969) (9,7,-0.004270175909) (10,7,-0.999990882757) (12,7,0.004270175909) (13,7,0.999990882757) (9,8,0.001615795033) (10,8,-0.999998694602) (15,8,-0.001615795033) (16,8,0.999998694602) (9,9,-0.999996107066) (10,9,0.002790314232) (18,9,0.999996107066) (19,9,-0.002790314232) (9,10,-0.711770075761) (10,10,-0.702412527829) (21,10,0.711770075761) (22,10,0.702412527829) (12,11,0.007439922418) (13,11,-0.999972323394) (15,11,-0.007439922418) (16,11,0.999972323394) (15,12,-0.708141211089) (16,12,0.706070835793) (21,12,0.708141211089) (22,12,-0.706070835793) (18,13,-0.006654139739) (19,13,-0.999977860967) (21,13,0.006654139739) (22,13,0.999977860967) (18,14,-0.003219308264) (19,14,-0.999994818014) (24,14,0.003219308264) (25,14,0.999994818014) (21,15,0.000169310341) (22,15,-0.999999985667) (24,15,-0.000169310341) (25,15,0.999999985667) 
Q:
size: 16 16
(0,0,2.000000000000) (1,0,0.713605092453) (2,0,0.999990869432) (7,0,-0.010040810620) (8,0,-0.004154982765) (9,0,-0.999963353936) (10,0,-0.715811677116) (0,1,0.713605092453) (1,1,2.000000000000) (2,1,0.710604927467) (4,1,0.710143790616) (6,1,0.000424948369) (7,1,0.707678052744) (11,1,-0.699356068495) (0,2,0.999990869432) (1,2,0.710604927467) (2,2,2.000000000000) (9,2,0.999990807400) (13,2,-0.008151580630) (14,2,-0.004716778398) (3,3,2.000000000000) (4,3,0.001706105775) (5,3,0.712147685544) (6,3,0.708641795751) (1,4,0.710143790616) (3,4,0.001706105775) (4,4,2.000000000000) (5,4,0.703243659236) (6,4,0.704358382352) (7,4,0.005112460929) (11,4,0.006597648877) (3,5,0.712147685544) (4,5,0.703243659236) (5,5,2.000000000000) (8,5,0.710404739592) (11,5,0.706293683846) (12,5,0.004826762209) (1,6,0.000424948369) (3,6,0.708641795751) (4,6,0.704358382352) (6,6,2.000000000000) (7,6,-0.706234257297) (11,6,0.714476198483) (0,7,-0.010040810620) (1,7,0.707678052744) (4,7,0.005112460929) (6,7,-0.706234257297) (7,7,2.000000000000) (8,7,0.999982677643) (9,7,0.001479870494) (10,7,0.705445507194) (11,7,-0.999931436626) (0,8,-0.004154982765) (5,8,0.710404739592) (7,8,0.999982677643) (8,8,2.000000000000) (9,8,-0.004406099333) (10,8,0.701261536348) (11,8,0.999983039422) (12,8,0.707214125141) (0,9,-0.999963353936) (2,9,0.999990807400) (7,9,0.001479870494) (8,9,-0.004406099333) (9,9,2.000000000000) (10,9,0.709807353213) (13,9,-0.003863861378) (14,9,-0.000428995959) (0,10,-0.715811677116) (7,10,0.705445507194) (8,10,0.701261536348) (9,10,0.709807353213) (10,10,2.000000000000) (12,10,0.008080722870) (13,10,0.707133194642) (15,10,-0.702292007728) (1,11,-0.699356068495) (4,11,0.006597648877) (5,11,0.706293683846) (6,11,0.714476198483) (7,11,-0.999931436626) (8,11,0.999983039422) (11,11,2.000000000000) (12,11,0.711319809820) (5,12,0.004826762209) (8,12,0.707214125141) (10,12,0.008080722870) (11,12,0.711319809820) (12,12,2.000000000000) (13,12,-0.701343133493) (15,12,0.706190721303) (2,13,-0.008151580630) (9,13,-0.003863861378) (10,13,0.707133194642) (12,13,-0.701343133493) (13,13,2.000000000000) (14,13,0.999994100823) (15,13,-0.999976720020) (2,14,-0.004716778398) (9,14,-0.000428995959) (13,14,0.999994100823) (14,14,2.000000000000) (15,14,0.999994258619) (10,15,-0.702292007728) (12,15,0.706190721303) (13,15,-0.999976720020) (14,15,0.999994258619) (15,15,2.000000000000) 
Minv:
size: 27 27
(0,0,1.000000000000) (1,1,1.000000000000) (2,2,2.000000000000) (3,3,1.000000000000) (4,4,1.000000000000) (5,5,2.000000000000) (6,6,1.000000000000) (7,7,1.000000000000) (8,8,2.000000000000) (9,9,1.000000000000) (10,10,1.000000000000) (11,11,2.000000000000) (12,12,1.000000000000) (13,13,1.000000000000) (14,14,2.000000000000) (15,15,1.000000000000) (16,16,1.000000000000) (17,17,2.000000000000) (18,18,1.000000000000) (19,19,1.000000000000) (20,20,2.000000000000) (21,21,1.000000000000) (22,22,1.000000000000) (23,23,2.000000000000) (24,24,1.000000000000) (25,25,1.000000000000) (26,26,2.000000000000) 
v0:
size: 27 1
(0,0,0.621428008166) (1,0,0.090532397543) (2,0,0.000000000000) (3,0,-0.483824330357) (4,0,0.885904948509) (5,0,0.000000000000) (6,0,-0.219027118900) (7,0,0.277259472155) (8,0,0.000000000000) (9,0,0.559979424579) (10,0,0.353346174983) (11,0,0.000000000000) (12,0,-0.951261159636) (13,0,0.327937954032) (14,0,0.000000000000) (15,0,-0.209250773435) (16,0,-0.559338165113) (17,0,0.000000000000) (18,0,0.089277888532) (19,0,0.816030685102) (20,0,0.000000000000) (21,0,-0.109935243510) (22,0,0.589299358738) (23,0,0.000000000000) (24,0,0.454688819906) (25,0,0.558526720460) (26,0,0.000000000000) 
ipopt_sol:
size: 16 1
(0,0,0.000000000000) (1,0,1.310088557445) (2,0,0.000000000000) (3,0,0.530381068138) (4,0,0.000000000000) (5,0,0.219155243209) (6,0,0.000000000000) (7,0,0.171598017065) (8,0,0.000000000000) (9,0,0.472684879143) (10,0,0.000000000000) (11,0,1.207376732773) (12,0,0.427103733257) (13,0,0.425019507403) (14,0,0.000000000000) (15,0,0.092564695752) 
policy_sol:
size: 16 1
(0,0,0.000000000000) (1,0,1.310088543387) (2,0,0.000000000000) (3,0,0.530381064153) (4,0,0.000000000000) (5,0,0.219155244483) (6,0,0.000000000000) (7,0,0.171598007253) (8,0,0.000000000000) (9,0,0.472684875603) (10,0,0.000000000000) (11,0,1.207376713165) (12,0,0.427103735385) (13,0,0.425019495600) (14,0,0.000000000000) (15,0,0.092564687625) 

policy_converges:
1
ipopt_converges:
0
