solve status: 0
N:
size: 27 13
(0,0,-0.999994492994) (1,0,-0.003318731834) (9,0,0.999994492994) (10,0,0.003318731834) (0,1,-0.706152641867) (1,1,-0.708059634766) (12,1,0.706152641867) (13,1,0.708059634766) (0,2,-0.999997885742) (1,2,-0.002056334569) (18,2,0.999997885742) (19,2,0.002056334569) (3,3,-0.000073732078) (4,3,-0.999999997282) (6,3,0.000073732078) (7,3,0.999999997282) (3,4,-0.999999955946) (4,4,-0.000296830204) (12,4,0.999999955946) (13,4,0.000296830204) (3,5,-0.708498780319) (4,5,-0.705712036376) (15,5,0.708498780319) (16,5,0.705712036376) (6,6,-0.707911253036) (7,6,0.706301393051) (12,6,0.707911253036) (13,6,-0.706301393051) (6,7,-0.999997964745) (7,7,0.002017549517) (15,7,0.999997964745) (16,7,-0.002017549517) (12,8,0.000135629735) (13,8,-0.999999990802) (15,8,-0.000135629735) (16,8,0.999999990802) (12,9,-0.707215579564) (13,9,0.706997966066) (18,9,0.707215579564) (19,9,-0.706997966066) (15,10,-0.709721475897) (16,10,0.704482382072) (21,10,0.709721475897) (22,10,-0.704482382072) (18,11,-0.004305356287) (19,11,-0.999990731911) (24,11,0.004305356287) (25,11,0.999990731911) (21,12,-0.003871564259) (22,12,-0.999992505467) (24,12,0.003871564259) (25,12,0.999992505467) 
Q:
size: 13 13
(0,0,2.000000000000) (1,0,0.708498613131) (2,0,0.999999203171) (0,1,0.708498613131) (1,1,2.000000000000) (2,1,0.707607156382) (4,1,0.706362784244) (6,1,-0.000210104860) (8,1,-0.707963852957) (9,1,0.001194571754) (0,2,0.999999203171) (1,2,0.707607156382) (2,2,2.000000000000) (9,2,0.705760259970) (11,2,-0.006361662694) (3,3,2.000000000000) (4,3,0.000370562278) (5,3,0.705764273545) (6,3,0.706249195363) (7,3,0.001943817584) (1,4,0.706362784244) (3,4,0.000370562278) (4,4,2.000000000000) (5,4,0.708708225755) (6,4,0.707701570263) (8,4,-0.000161200472) (9,4,-0.707005690058) (3,5,0.705764273545) (4,5,0.708708225755) (5,5,2.000000000000) (7,5,0.707073529365) (8,5,0.705615936383) (10,5,-0.005675103596) (1,6,-0.000210104860) (3,6,0.706249195363) (4,6,0.707701570263) (6,6,2.000000000000) (7,6,0.709334810290) (8,6,0.706397400370) (9,6,-0.999999515412) (3,7,0.001943817584) (5,7,0.707073529365) (6,7,0.709334810290) (7,7,2.000000000000) (8,7,-0.002153178958) (10,7,-0.711141359523) (1,8,-0.707963852957) (4,8,-0.000161200472) (5,8,0.705615936383) (6,8,0.706397400370) (7,8,-0.002153178958) (8,8,2.000000000000) (9,8,-0.707093879025) (10,8,0.704578634929) (1,9,0.001194571754) (2,9,0.705760259970) (4,9,-0.707005690058) (6,9,-0.999999515412) (8,9,-0.707093879025) (9,9,2.000000000000) (11,9,0.703946598504) (5,10,-0.005675103596) (7,10,-0.711141359523) (8,10,0.704578634929) (10,10,2.000000000000) (12,10,0.701729370006) (2,11,-0.006361662694) (9,11,0.703946598504) (11,11,2.000000000000) (12,11,0.999999905911) (10,12,0.701729370006) (11,12,0.999999905911) (12,12,2.000000000000) 
Minv:
size: 27 27
(0,0,1.000000000000) (1,1,1.000000000000) (2,2,2.000000000000) (3,3,1.000000000000) (4,4,1.000000000000) (5,5,2.000000000000) (6,6,1.000000000000) (7,7,1.000000000000) (8,8,2.000000000000) (9,9,1.000000000000) (10,10,1.000000000000) (11,11,2.000000000000) (12,12,1.000000000000) (13,13,1.000000000000) (14,14,2.000000000000) (15,15,1.000000000000) (16,16,1.000000000000) (17,17,2.000000000000) (18,18,1.000000000000) (19,19,1.000000000000) (20,20,2.000000000000) (21,21,1.000000000000) (22,22,1.000000000000) (23,23,2.000000000000) (24,24,1.000000000000) (25,25,1.000000000000) (26,26,2.000000000000) 
v0:
size: 27 1
(0,0,0.957605704324) (1,0,-0.475669386375) (2,0,0.000000000000) (3,0,0.327879040993) (4,0,0.623161950410) (5,0,0.000000000000) (6,0,0.725005558429) (7,0,0.435381455736) (8,0,0.000000000000) (9,0,-0.428392002569) (10,0,-0.475815955770) (11,0,0.000000000000) (12,0,-0.615979020023) (13,0,-0.237384176018) (14,0,0.000000000000) (15,0,-0.241924964187) (16,0,-0.289347455364) (17,0,0.000000000000) (18,0,0.268308192115) (19,0,0.654884542586) (20,0,0.000000000000) (21,0,0.279109507287) (22,0,0.827084508711) (23,0,0.000000000000) (24,0,-0.137164651192) (25,0,-0.135502430557) (26,0,0.000000000000) 
ipopt_sol:
size: 13 1
(0,0,1.312819315687) (1,0,0.206552979997) (2,0,0.000000000000) (3,0,0.048868031818) (4,0,0.766731566253) (5,0,0.390281549271) (6,0,0.000000000000) (7,0,1.047152753362) (8,0,0.000000000000) (9,0,0.095828656504) (10,0,0.617915805904) (11,0,0.512937298778) (12,0,0.490917897428) 
policy_sol:
size: 13 1
(0,0,1.312819309486) (1,0,0.206552983387) (2,0,0.000000000000) (3,0,0.048868027778) (4,0,0.766731562873) (5,0,0.390281550730) (6,0,0.000000000000) (7,0,1.047152746615) (8,0,0.000000000000) (9,0,0.095828661798) (10,0,0.617915798312) (11,0,0.512937294560) (12,0,0.490917902201) 

policy_converges:
1
ipopt_converges:
0
