solve status: 0
N:
size: 27 11
(0,0,-0.001499103994) (1,0,-0.999998876343) (3,0,0.001499103994) (4,0,0.999998876343) (0,1,-0.999997703409) (1,1,-0.002143169786) (9,1,0.999997703409) (10,1,0.002143169786) (3,2,-0.000324897255) (4,2,-0.999999947221) (6,2,0.000324897255) (7,2,0.999999947221) (3,3,-0.702594746774) (4,3,0.711590206373) (9,3,0.702594746774) (10,3,-0.711590206373) (3,4,-0.999980802038) (4,4,0.006196414738) (12,4,0.999980802038) (13,4,-0.006196414738) (3,5,-0.706062892513) (4,5,-0.708149131056) (15,5,0.706062892513) (16,5,0.708149131056) (9,6,-0.000145515128) (10,6,-0.999999989413) (15,6,0.000145515128) (16,6,0.999999989413) (12,7,0.005360098713) (13,7,-0.999985634568) (15,7,-0.005360098713) (16,7,0.999985634568) (12,8,-0.708526198329) (13,8,0.705684509027) (18,8,0.708526198329) (19,8,-0.705684509027) (18,9,0.002097534183) (19,9,-0.999997800173) (21,9,-0.002097534183) (22,9,0.999997800173) (18,10,-0.000116416251) (19,10,-0.999999993224) (24,10,0.000116416251) (25,10,0.999999993224) 
Q:
size: 11 11
(0,0,2.000000000000) (1,0,0.003642267929) (2,0,-0.999999310619) (3,0,0.710536144199) (4,0,0.004697332561) (5,0,-0.709206797042) (0,1,0.003642267929) (1,1,2.000000000000) (3,1,0.701068074571) (6,1,-0.002288684557) (0,2,-0.999999310619) (2,2,2.000000000000) (3,2,-0.711361897711) (4,2,-0.005871523394) (5,2,0.708378491576) (0,3,0.710536144199) (1,3,0.701068074571) (2,3,-0.711361897711) (3,3,2.000000000000) (4,3,0.706990566429) (5,3,-0.007835907139) (6,3,0.711487960675) (0,4,0.004697332561) (2,4,-0.005871523394) (3,4,0.706990566429) (4,4,2.000000000000) (5,4,0.701661351832) (7,4,0.011556321534) (8,4,-0.712885309962) (0,5,-0.709206797042) (2,5,0.708378491576) (3,5,-0.007835907139) (4,5,0.701661351832) (5,5,2.000000000000) (6,5,0.708251866391) (7,5,0.704354391386) (1,6,-0.002288684557) (3,6,0.711487960675) (5,6,0.708251866391) (6,6,2.000000000000) (7,6,0.999984844005) (4,7,0.011556321534) (5,7,0.704354391386) (6,7,0.999984844005) (7,7,2.000000000000) (8,7,-0.709472141928) (4,8,-0.712885309962) (7,8,-0.709472141928) (8,8,2.000000000000) (9,8,0.707169114564) (10,8,0.705602020282) (8,9,0.707169114564) (9,9,2.000000000000) (10,9,0.999997549209) (8,10,0.705602020282) (9,10,0.999997549209) (10,10,2.000000000000) 
Minv:
size: 27 27
(0,0,1.000000000000) (1,1,1.000000000000) (2,2,2.000000000000) (3,3,1.000000000000) (4,4,1.000000000000) (5,5,2.000000000000) (6,6,1.000000000000) (7,7,1.000000000000) (8,8,2.000000000000) (9,9,1.000000000000) (10,10,1.000000000000) (11,11,2.000000000000) (12,12,1.000000000000) (13,13,1.000000000000) (14,14,2.000000000000) (15,15,1.000000000000) (16,16,1.000000000000) (17,17,2.000000000000) (18,18,1.000000000000) (19,19,1.000000000000) (20,20,2.000000000000) (21,21,1.000000000000) (22,22,1.000000000000) (23,23,2.000000000000) (24,24,1.000000000000) (25,25,1.000000000000) (26,26,2.000000000000) 
v0:
size: 27 1
(0,0,-0.334673736461) (1,0,0.525732207339) (2,0,0.000000000000) (3,0,0.697473042221) (4,0,0.429737268242) (5,0,0.000000000000) (6,0,-0.712782519169) (7,0,0.031585154023) (8,0,0.000000000000) (9,0,-0.565209390164) (10,0,0.086488712007) (11,0,0.000000000000) (12,0,0.010978329763) (13,0,0.366098608531) (14,0,0.000000000000) (15,0,0.478302382225) (16,0,-0.215558301339) (17,0,0.000000000000) (18,0,0.210228135803) (19,0,0.640548408049) (20,0,0.000000000000) (21,0,0.805016857313) (22,0,-0.273332171519) (23,0,0.000000000000) (24,0,0.673808494025) (25,0,-0.265798910224) (26,0,0.000000000000) 
ipopt_sol:
size: 11 1
(0,0,0.261592214324) (1,0,0.000000000000) (2,0,0.725647420848) (3,0,0.663913652620) (4,0,0.409075729374) (5,0,0.116043230502) (6,0,0.000000000000) (7,0,0.540921973795) (8,0,0.000000000000) (9,0,0.615973125961) (10,0,0.598307539201) 
policy_sol:
size: 11 1
(0,0,0.261592215432) (1,0,0.000000000000) (2,0,0.725647419700) (3,0,0.663913641258) (4,0,0.409075739232) (5,0,0.116043223980) (6,0,0.000000000000) (7,0,0.540921974582) (8,0,0.000000000000) (9,0,0.615973123599) (10,0,0.598307536855) 

policy_converges:
1
ipopt_converges:
0
