solve status: 0
N:
size: 27 15
(0,0,-0.999992080993) (1,0,0.003979692387) (9,0,0.999992080993) (10,0,-0.003979692387) (0,1,-0.999999715515) (1,1,0.000754301049) (18,1,0.999999715515) (19,1,-0.000754301049) (3,2,0.003153368600) (4,2,-0.999995028121) (6,2,-0.003153368600) (7,2,0.999995028121) (3,3,-0.704940497705) (4,3,0.709266448308) (9,3,0.704940497705) (10,3,-0.709266448308) (3,4,-0.704786105946) (4,4,-0.709419865006) (15,4,0.704786105946) (16,4,0.709419865006) (6,5,-0.999999984387) (7,5,0.000176710883) (24,5,0.999999984387) (25,5,-0.000176710883) (9,6,0.002146796622) (10,6,-0.999997695629) (15,6,-0.002146796622) (16,6,0.999997695629) (9,7,-0.704624187260) (10,7,-0.709580689371) (21,7,0.704624187260) (22,7,0.709580689371) (12,8,0.007298075083) (13,8,-0.999973368695) (15,8,-0.007298075083) (16,8,0.999973368695) (12,9,-0.707391512735) (13,9,0.706821934939) (18,9,0.707391512735) (19,9,-0.706821934939) (12,10,-0.999999239449) (13,10,-0.001233329000) (21,10,0.999999239449) (22,10,0.001233329000) (12,11,-0.707284582811) (13,11,-0.706928934843) (24,11,0.707284582811) (25,11,0.706928934843) (15,12,-0.709738109366) (16,12,0.704465624508) (21,12,0.709738109366) (22,12,-0.704465624508) (15,13,-0.999996122679) (16,13,0.002784713152) (24,13,0.999996122679) (25,13,-0.002784713152) (18,14,0.007085868445) (19,14,-0.999974894919) (21,14,-0.007085868445) (22,14,0.999974894919) 
Q:
size: 15 15
(0,0,2.000000000000) (1,0,0.999994798396) (3,0,0.707757577561) (6,0,0.006126462839) (7,0,-0.701794694468) (0,1,0.999994798396) (1,1,2.000000000000) (9,1,0.707924468020) (14,1,0.007840148542) (2,2,2.000000000000) (3,2,-0.711485859152) (4,2,0.707193887480) (5,2,0.003330078555) (0,3,0.707757577561) (2,3,-0.711485859152) (3,3,2.000000000000) (4,3,-0.006335439711) (6,3,0.710778177775) (7,3,0.006563650077) (2,4,0.707193887480) (3,4,-0.006335439711) (4,4,2.000000000000) (6,4,0.707905197808) (8,4,0.704257390311) (12,4,-0.000451650102) (13,4,-0.702807842435) (2,5,0.003330078555) (5,5,2.000000000000) (11,5,0.707159649732) (13,5,0.999996599155) (0,6,0.006126462839) (3,6,0.710778177775) (4,6,0.707905197808) (6,6,2.000000000000) (7,6,0.708066369409) (8,6,0.999986731869) (12,6,0.705987664534) (13,6,0.004931495034) (0,7,-0.701794694468) (3,7,0.006563650077) (6,7,0.708066369409) (7,7,2.000000000000) (10,7,0.705498797799) (12,7,0.000223435003) (14,7,0.704570000997) (4,8,0.704257390311) (6,8,0.999986731869) (8,8,2.000000000000) (9,8,-0.711965707722) (10,8,-0.006064773378) (11,8,0.701748292412) (12,8,0.709626585681) (13,8,0.010082685778) (1,9,0.707924468020) (8,9,-0.711965707722) (9,9,2.000000000000) (10,9,0.706519230738) (11,9,0.000654233379) (14,9,0.711816673315) (7,10,0.705498797799) (8,10,-0.006064773378) (9,10,0.706519230738) (10,10,2.000000000000) (11,10,0.708155920842) (12,10,0.708868731690) (14,10,-0.005852565018) (5,11,0.707159649732) (8,11,0.701748292412) (9,11,0.000654233379) (10,11,0.708155920842) (11,11,2.000000000000) (13,11,0.705313246139) (4,12,-0.000451650102) (6,12,0.705987664534) (7,12,0.000223435003) (8,12,0.709626585681) (10,12,0.708868731690) (12,12,2.000000000000) (13,12,0.711697092174) (14,12,-0.709477049715) (4,13,-0.702807842435) (5,13,0.999996599155) (6,13,0.004931495034) (8,13,0.010082685778) (11,13,0.705313246139) (12,13,0.711697092174) (13,13,2.000000000000) (1,14,0.007840148542) (7,14,0.704570000997) (9,14,0.711816673315) (10,14,-0.005852565018) (12,14,-0.709477049715) (14,14,2.000000000000) 
Minv:
size: 27 27
(0,0,1.000000000000) (1,1,1.000000000000) (2,2,2.000000000000) (3,3,1.000000000000) (4,4,1.000000000000) (5,5,2.000000000000) (6,6,1.000000000000) (7,7,1.000000000000) (8,8,2.000000000000) (9,9,1.000000000000) (10,10,1.000000000000) (11,11,2.000000000000) (12,12,1.000000000000) (13,13,1.000000000000) (14,14,2.000000000000) (15,15,1.000000000000) (16,16,1.000000000000) (17,17,2.000000000000) (18,18,1.000000000000) (19,19,1.000000000000) (20,20,2.000000000000) (21,21,1.000000000000) (22,22,1.000000000000) (23,23,2.000000000000) (24,24,1.000000000000) (25,25,1.000000000000) (26,26,2.000000000000) 
v0:
size: 27 1
(0,0,0.722485719031) (1,0,-0.226141453856) (2,0,0.000000000000) (3,0,-0.380969802540) (4,0,0.352662786963) (5,0,0.000000000000) (6,0,0.344647282425) (7,0,0.332103849964) (8,0,0.000000000000) (9,0,-0.919206444831) (10,0,0.077039465979) (11,0,0.000000000000) (12,0,0.605253083822) (13,0,0.222968955565) (14,0,0.000000000000) (15,0,0.719027718254) (16,0,-0.893649554760) (17,0,0.000000000000) (18,0,-0.489193928513) (19,0,-0.360300283242) (20,0,0.000000000000) (21,0,-0.279673901955) (22,0,-0.682324693756) (23,0,0.000000000000) (24,0,-0.668322305830) (25,0,-0.125911996753) (26,0,0.000000000000) 
ipopt_sol:
size: 15 1
(0,0,1.407514365366) (1,0,0.467592810133) (2,0,0.013432044801) (3,0,0.000000000000) (4,0,0.024637947083) (5,0,0.422225338265) (6,0,0.514546772602) (7,0,0.000000000000) (8,0,0.887435808780) (9,0,0.110506798529) (10,0,0.850529790595) (11,0,0.000000000000) (12,0,0.000000000000) (13,0,1.181285890256) (14,0,0.284826558398) 
policy_sol:
size: 15 1
(0,0,1.407514366964) (1,0,0.467592806868) (2,0,0.013432048437) (3,0,0.000000000000) (4,0,0.024637946846) (5,0,0.422225338307) (6,0,0.514546761608) (7,0,0.000000000000) (8,0,0.887435809791) (9,0,0.110506805522) (10,0,0.850529777547) (11,0,0.000000000000) (12,0,0.000000000000) (13,0,1.181285883089) (14,0,0.284826555946) 

policy_converges:
1
ipopt_converges:
0
