solve status: 0
N:
size: 27 11
(0,0,-0.708876566144) (1,0,-0.705332555588) (12,0,0.708876566144) (13,0,0.705332555588) (3,1,-0.003417439664) (4,1,-0.999994160536) (6,1,0.003417439664) (7,1,0.999994160536) (3,2,-0.706861514263) (4,2,-0.707351963067) (15,2,0.706861514263) (16,2,0.707351963067) (3,3,-0.999998775867) (4,3,0.001564693063) (21,3,0.999998775867) (22,3,-0.001564693063) (6,4,-0.999974489698) (7,4,-0.007142825280) (15,4,0.999974489698) (16,4,0.007142825280) (6,5,-0.999994207397) (7,5,-0.003403699775) (24,5,0.999994207397) (25,5,0.003403699775) (9,6,-0.008163311460) (10,6,-0.999966679618) (12,6,0.008163311460) (13,6,0.999966679618) (9,7,-0.001633601464) (10,7,-0.999998665672) (15,7,0.001633601464) (16,7,0.999998665672) (9,8,-0.708754943906) (10,8,-0.705454767855) (21,8,0.708754943906) (22,8,0.705454767855) (12,9,-0.999999278409) (13,9,0.001201325236) (21,9,0.999999278409) (22,9,-0.001201325236) (15,10,-0.704383335155) (16,10,0.709819777941) (21,10,0.704383335155) (22,10,-0.709819777941) 
Q:
size: 11 11
(0,0,2.000000000000) (6,0,0.711095833834) (9,0,-0.708028720826) (1,1,2.000000000000) (2,1,0.709763489086) (3,1,0.001852751555) (4,1,-0.010560136053) (5,1,-0.006821099768) (1,2,0.709763489086) (2,2,2.000000000000) (3,2,0.705753860261) (4,2,0.711895973496) (7,2,0.708505749231) (10,2,0.004190942441) (1,3,0.001852751555) (2,3,0.705753860261) (3,3,2.000000000000) (8,3,0.707650256115) (9,3,0.999999933982) (10,3,0.705493122978) (1,4,-0.010560136053) (2,4,0.711895973496) (4,4,2.000000000000) (5,4,0.999993009276) (7,4,0.008776375539) (10,4,-0.699295247469) (1,5,-0.006821099768) (4,5,0.999993009276) (5,5,2.000000000000) (0,6,0.711095833834) (6,6,2.000000000000) (7,6,0.999978680932) (8,6,0.711217049188) (9,6,-0.006962020363) (2,7,0.708505749231) (4,7,0.008776375539) (6,7,0.999978680932) (7,7,2.000000000000) (8,7,0.706611649660) (10,7,0.708668149162) (3,8,0.707650256115) (6,8,0.711217049188) (7,8,0.706611649660) (8,8,2.000000000000) (9,8,0.707906951859) (10,8,-0.001510575470) (0,9,-0.708028720826) (3,9,0.999999933982) (6,9,-0.006962020363) (8,9,0.707906951859) (9,9,2.000000000000) (10,9,0.705235551290) (2,10,0.004190942441) (3,10,0.705493122978) (4,10,-0.699295247469) (7,10,0.708668149162) (8,10,-0.001510575470) (9,10,0.705235551290) (10,10,2.000000000000) 
Minv:
size: 27 27
(0,0,1.000000000000) (1,1,1.000000000000) (2,2,2.000000000000) (3,3,1.000000000000) (4,4,1.000000000000) (5,5,2.000000000000) (6,6,1.000000000000) (7,7,1.000000000000) (8,8,2.000000000000) (9,9,1.000000000000) (10,10,1.000000000000) (11,11,2.000000000000) (12,12,1.000000000000) (13,13,1.000000000000) (14,14,2.000000000000) (15,15,1.000000000000) (16,16,1.000000000000) (17,17,2.000000000000) (18,18,1.000000000000) (19,19,1.000000000000) (20,20,2.000000000000) (21,21,1.000000000000) (22,22,1.000000000000) (23,23,2.000000000000) (24,24,1.000000000000) (25,25,1.000000000000) (26,26,2.000000000000) 
v0:
size: 27 1
(0,0,0.037117884275) (1,0,-0.823053883135) (2,0,0.000000000000) (3,0,-0.283884191911) (4,0,-0.074908515962) (5,0,0.000000000000) (6,0,-0.232995251502) (7,0,-0.639252990923) (8,0,0.000000000000) (9,0,0.042511322967) (10,0,0.116004396497) (11,0,0.000000000000) (12,0,-0.217074951980) (13,0,-0.796023510706) (14,0,0.000000000000) (15,0,-0.475144512121) (16,0,-0.418155000388) (17,0,0.000000000000) (18,0,0.491093761405) (19,0,-0.349437538213) (20,0,0.000000000000) (21,0,-0.738573721414) (22,0,-0.129191323527) (23,0,0.000000000000) (24,0,-0.276526340162) (25,0,-0.093354165314) (26,0,0.000000000000) 
ipopt_sol:
size: 11 1
(0,0,0.000000000000) (1,0,0.559815654082) (2,0,0.017826875367) (3,0,0.066155972166) (4,0,0.385620491654) (5,0,0.000000000000) (6,0,0.792748384402) (7,0,0.000000000000) (8,0,0.343457752910) (9,0,0.220705738066) (10,0,0.424559565667) 
policy_sol:
size: 11 1
(0,0,0.000000000000) (1,0,0.559815654601) (2,0,0.017826873880) (3,0,0.066155973780) (4,0,0.385620483809) (5,0,0.000000000000) (6,0,0.792748377407) (7,0,0.000000000000) (8,0,0.343457748597) (9,0,0.220705745662) (10,0,0.424559556132) 

policy_converges:
1
ipopt_converges:
0
