solve status: 0
N:
size: 27 14
(0,0,-0.999998356354) (1,0,0.001813088315) (18,0,0.999998356354) (19,0,-0.001813088315) (3,1,-0.708635707199) (4,1,-0.705574542116) (15,1,0.708635707199) (16,1,0.705574542116) (6,2,-0.709358502502) (7,2,0.704847866513) (12,2,0.709358502502) (13,2,-0.704847866513) (6,3,-0.999998942462) (7,3,-0.001454329852) (15,3,0.999998942462) (16,3,0.001454329852) (6,4,-0.999993430014) (7,4,-0.003624904004) (24,4,0.999993430014) (25,4,0.003624904004) (9,5,-0.004536220884) (10,5,-0.999989711297) (12,5,0.004536220884) (13,5,0.999989711297) (9,6,0.000807187406) (10,6,-0.999999674224) (15,6,-0.000807187406) (16,6,0.999999674224) (9,7,-0.999995603249) (10,7,0.002965380854) (18,7,0.999995603249) (19,7,-0.002965380854) (9,8,-0.708567239191) (10,8,-0.705643300503) (21,8,0.708567239191) (22,8,0.705643300503) (12,9,0.006135790589) (13,9,-0.999981175860) (15,9,-0.006135790589) (16,9,0.999981175860) (12,10,-0.707592739289) (13,10,0.706620488881) (18,10,0.707592739289) (19,10,-0.706620488881) (12,11,-0.999987625695) (13,11,-0.004974782034) (21,11,0.999987625695) (22,11,0.004974782034) (15,12,-0.711672407171) (16,12,0.702511483800) (21,12,0.711672407171) (22,12,-0.702511483800) (18,13,-0.000252092006) (19,13,-0.999999968225) (21,13,0.000252092006) (22,13,0.999999968225) 
Q:
size: 14 14
(0,0,2.000000000000) (7,0,0.999999336107) (10,0,0.708872741608) (13,0,0.001560996666) (1,1,2.000000000000) (3,1,0.709661095909) (6,1,0.705002310438) (9,1,0.701213219978) (12,1,-0.008642261037) (2,2,2.000000000000) (3,2,0.708332671034) (4,2,0.706798836173) (5,2,-0.701622807690) (9,2,0.709187073582) (10,2,-0.999996869945) (11,2,-0.705843260180) (1,3,0.709661095909) (2,3,0.708332671034) (3,3,2.000000000000) (4,3,0.999997644289) (6,3,0.000647142826) (9,3,-0.004681481625) (12,3,-0.710649971128) (2,4,0.706798836173) (3,4,0.999997644289) (4,4,2.000000000000) (2,5,-0.701622807690) (5,5,2.000000000000) (6,5,0.999985723944) (7,5,0.001570850595) (8,5,0.708850257857) (9,5,-0.999943054049) (10,5,0.703403421711) (11,5,-0.009510895601) (1,6,0.705002310438) (3,6,0.000647142826) (5,6,0.999985723944) (6,6,2.000000000000) (7,6,-0.003772563745) (8,6,0.705071124069) (9,6,0.999985802823) (12,6,0.703085707943) (0,7,0.999999336107) (5,7,0.001570850595) (6,7,-0.003772563745) (7,7,2.000000000000) (8,7,0.706471622664) (10,7,0.709685027048) (13,7,0.002713289863) (5,8,0.708850257857) (6,8,0.705071124069) (7,8,0.706471622664) (8,8,2.000000000000) (11,8,0.712068892778) (12,8,0.008545230688) (13,8,0.705821902218) (1,9,0.701213219978) (2,9,0.709187073582) (3,9,-0.004681481625) (5,9,-0.999943054049) (6,9,0.999985802823) (9,9,2.000000000000) (10,9,-0.710948828228) (11,9,-0.001161026275) (12,9,0.706864932484) (0,10,0.708872741608) (2,10,-0.999996869945) (5,10,0.703403421711) (7,10,0.709685027048) (9,10,-0.710948828228) (10,10,2.000000000000) (11,10,0.704068700408) (13,10,0.706442087955) (2,11,-0.705843260180) (5,11,-0.009510895601) (8,11,0.712068892778) (9,11,-0.001161026275) (10,11,0.704068700408) (11,11,2.000000000000) (12,11,0.708168759212) (13,11,0.005226870762) (1,12,-0.008642261037) (3,12,-0.710649971128) (6,12,0.703085707943) (8,12,0.008545230688) (9,12,0.706864932484) (11,12,0.708168759212) (12,12,2.000000000000) (13,12,-0.702332054553) (0,13,0.001560996666) (7,13,0.002713289863) (8,13,0.705821902218) (10,13,0.706442087955) (11,13,0.005226870762) (12,13,-0.702332054553) (13,13,2.000000000000) 
Minv:
size: 27 27
(0,0,1.000000000000) (1,1,1.000000000000) (2,2,2.000000000000) (3,3,1.000000000000) (4,4,1.000000000000) (5,5,2.000000000000) (6,6,1.000000000000) (7,7,1.000000000000) (8,8,2.000000000000) (9,9,1.000000000000) (10,10,1.000000000000) (11,11,2.000000000000) (12,12,1.000000000000) (13,13,1.000000000000) (14,14,2.000000000000) (15,15,1.000000000000) (16,16,1.000000000000) (17,17,2.000000000000) (18,18,1.000000000000) (19,19,1.000000000000) (20,20,2.000000000000) (21,21,1.000000000000) (22,22,1.000000000000) (23,23,2.000000000000) (24,24,1.000000000000) (25,25,1.000000000000) (26,26,2.000000000000) 
v0:
size: 27 1
(0,0,-0.031653681054) (1,0,-0.511127935977) (2,0,0.000000000000) (3,0,-0.670587084108) (4,0,-0.073714356048) (5,0,0.000000000000) (6,0,0.856592584840) (7,0,0.394200807865) (8,0,0.000000000000) (9,0,0.272405042984) (10,0,0.664462957209) (11,0,0.000000000000) (12,0,0.036466073310) (13,0,0.234386928861) (14,0,0.000000000000) (15,0,-0.165830400283) (16,0,-0.702468199064) (17,0,0.000000000000) (18,0,-0.159530805931) (19,0,0.246253230958) (20,0,0.000000000000) (21,0,-0.456454678228) (22,0,-0.337595931773) (23,0,0.000000000000) (24,0,0.243802556680) (25,0,0.361044402929) (26,0,0.000000000000) 
ipopt_sol:
size: 14 1
(0,0,0.052975746731) (1,0,0.000000000000) (2,0,0.000000000000) (3,0,1.304568381715) (4,0,0.000000000000) (5,0,0.679805193828) (6,0,0.000000000000) (7,0,0.151600362840) (8,0,0.711273678911) (9,0,1.001808349695) (10,0,0.000000000000) (11,0,0.000000000000) (12,0,0.782963723039) (13,0,0.607610974123) 
policy_sol:
size: 14 1
(0,0,0.052975744316) (1,0,0.000000000000) (2,0,0.000000000000) (3,0,1.304568365119) (4,0,0.000000000000) (5,0,0.679805184799) (6,0,0.000000000000) (7,0,0.151600360594) (8,0,0.711273678748) (9,0,1.001808341219) (10,0,0.000000000000) (11,0,0.000000000000) (12,0,0.782963710419) (13,0,0.607610966196) 

policy_converges:
1
ipopt_converges:
0
