solve status: 0
N:
size: 27 15
(0,0,-0.999998001889) (1,0,0.001999054091) (18,0,0.999998001889) (19,0,-0.001999054091) (3,1,-0.006540406905) (4,1,-0.999978611310) (6,1,0.006540406905) (7,1,0.999978611310) (3,2,-0.706843077950) (4,2,-0.707370386116) (15,2,0.706843077950) (16,2,0.707370386116) (6,3,-0.706340297010) (7,3,0.707872435415) (12,3,0.706340297010) (13,3,-0.707872435415) (6,4,-0.999998603688) (7,4,-0.001671114067) (15,4,0.999998603688) (16,4,0.001671114067) (6,5,-0.999995854138) (7,5,-0.002879532464) (24,5,0.999995854138) (25,5,0.002879532464) (9,6,-0.000751576858) (10,6,-0.999999717566) (15,6,0.000751576858) (16,6,0.999999717566) (9,7,-0.999960037920) (10,7,0.008939942057) (18,7,0.999960037920) (19,7,-0.008939942057) (9,8,-0.712617966051) (10,8,-0.701552303439) (21,8,0.712617966051) (22,8,0.701552303439) (12,9,-0.001410016268) (13,9,-0.999999005927) (15,9,0.001410016268) (16,9,0.999999005927) (12,10,-0.706845059777) (13,10,0.707368405761) (18,10,0.706845059777) (19,10,-0.707368405761) (12,11,-0.999990803627) (13,11,0.004288666689) (21,11,0.999990803627) (22,11,-0.004288666689) (12,12,-0.707461303198) (13,12,-0.706752081339) (24,12,0.707461303198) (25,12,0.706752081339) (15,13,-0.709546442067) (16,13,0.704658673792) (21,13,0.709546442067) (22,13,-0.704658673792) (21,14,0.007552521844) (22,14,-0.999971479300) (24,14,-0.007552521844) (25,14,0.999971479300) 
Q:
size: 15 15
(0,0,2.000000000000) (7,0,0.999975911316) (10,0,0.708257715128) (1,1,2.000000000000) (2,1,0.711978297738) (3,1,0.703237541995) (4,1,-0.008211476097) (5,1,-0.009419850664) (1,2,0.711978297738) (2,2,2.000000000000) (4,2,0.708024187579) (6,2,0.707901433230) (9,2,0.708366343177) (13,2,-0.003083312899) (1,3,0.703237541995) (3,3,2.000000000000) (4,3,0.705156375154) (5,3,0.704299026962) (9,3,0.706875780428) (10,3,-0.999999745584) (11,3,-0.709369630175) (12,3,0.000581890028) (1,4,-0.008211476097) (2,4,0.708024187579) (3,4,0.705156375154) (4,4,2.000000000000) (5,4,0.999999269859) (6,4,0.002422689403) (9,4,0.003081126705) (13,4,-0.708367886297) (1,5,-0.009419850664) (3,5,0.704299026962) (4,5,0.999999269859) (5,5,2.000000000000) (12,5,0.709493485724) (14,5,-0.004673040194) (2,6,0.707901433230) (4,6,0.002422689403) (6,6,2.000000000000) (7,6,-0.008188392709) (8,6,0.702087692469) (9,6,0.999999783229) (13,6,0.704125196087) (0,7,0.999975911316) (6,7,-0.008188392709) (7,7,2.000000000000) (8,7,0.706317651412) (10,7,0.713140645338) (6,8,0.702087692469) (7,8,0.706317651412) (8,8,2.000000000000) (11,8,0.709602688556) (13,8,0.011280626628) (14,8,-0.696150231922) (2,9,0.708366343177) (3,9,0.706875780428) (4,9,0.003081126705) (6,9,0.999999783229) (9,9,2.000000000000) (10,9,-0.706371039552) (11,9,-0.002878659125) (12,9,0.707748910722) (13,9,0.703657501283) (0,10,0.708257715128) (3,10,-0.999999745584) (7,10,0.713140645338) (9,10,-0.706371039552) (10,10,2.000000000000) (11,10,0.709872226685) (12,10,0.000131434104) (3,11,-0.709369630175) (8,11,0.709602688556) (9,11,-0.002878659125) (10,11,0.709872226685) (11,11,2.000000000000) (12,11,0.704423773011) (13,11,0.712561962995) (14,11,0.011840996762) (3,12,0.000581890028) (5,12,0.709493485724) (9,12,0.707748910722) (10,12,0.000131434104) (11,12,0.704423773011) (12,12,2.000000000000) (14,12,0.701388807329) (2,13,-0.003083312899) (4,13,-0.708367886297) (6,13,0.704125196087) (8,13,0.011280626628) (9,13,0.703657501283) (11,13,0.712561962995) (13,13,2.000000000000) (14,13,0.709997441436) (5,14,-0.004673040194) (8,14,-0.696150231922) (11,14,0.011840996762) (12,14,0.701388807329) (13,14,0.709997441436) (14,14,2.000000000000) 
Minv:
size: 27 27
(0,0,1.000000000000) (1,1,1.000000000000) (2,2,2.000000000000) (3,3,1.000000000000) (4,4,1.000000000000) (5,5,2.000000000000) (6,6,1.000000000000) (7,7,1.000000000000) (8,8,2.000000000000) (9,9,1.000000000000) (10,10,1.000000000000) (11,11,2.000000000000) (12,12,1.000000000000) (13,13,1.000000000000) (14,14,2.000000000000) (15,15,1.000000000000) (16,16,1.000000000000) (17,17,2.000000000000) (18,18,1.000000000000) (19,19,1.000000000000) (20,20,2.000000000000) (21,21,1.000000000000) (22,22,1.000000000000) (23,23,2.000000000000) (24,24,1.000000000000) (25,25,1.000000000000) (26,26,2.000000000000) 
v0:
size: 27 1
(0,0,-0.147833740985) (1,0,0.400177792328) (2,0,0.000000000000) (3,0,-0.584332480318) (4,0,0.915080671909) (5,0,0.000000000000) (6,0,0.614432487589) (7,0,0.414184152004) (8,0,0.000000000000) (9,0,0.005828263918) (10,0,0.808145407190) (11,0,0.000000000000) (12,0,0.583613782011) (13,0,0.981952094084) (14,0,0.000000000000) (15,0,-0.661264022080) (16,0,-0.357262618292) (17,0,0.000000000000) (18,0,-0.651110529169) (19,0,0.055544157745) (20,0,0.000000000000) (21,0,-0.005360826637) (22,0,0.674347929402) (23,0,0.000000000000) (24,0,0.017435305835) (25,0,-0.244649405781) (26,0,0.000000000000) 
ipopt_sol:
size: 15 1
(0,0,0.206292997237) (1,0,0.498288042963) (2,0,0.000000000000) (3,0,0.000000000000) (4,0,1.276905676965) (5,0,0.000000000000) (6,0,0.786119554866) (7,0,0.507329907859) (8,0,0.000000000000) (9,0,0.760639881870) (10,0,0.120394030823) (11,0,0.314717329666) (12,0,0.645077281816) (13,0,0.000000000000) (14,0,0.691055016966) 
policy_sol:
size: 15 1
(0,0,0.206292997600) (1,0,0.498288035899) (2,0,0.000000000000) (3,0,0.000000000000) (4,0,1.276905668428) (5,0,0.000000000000) (6,0,0.786119545724) (7,0,0.507329901042) (8,0,0.000000000000) (9,0,0.760639878978) (10,0,0.120394039421) (11,0,0.314717323136) (12,0,0.645077281560) (13,0,0.000000000000) (14,0,0.691055017049) 

policy_converges:
1
ipopt_converges:
0
