solve status: 0
N:
size: 27 12
(0,0,0.004126836465) (1,0,-0.999991484574) (3,0,-0.004126836465) (4,0,0.999991484574) (0,1,-0.999983200034) (1,1,-0.005796520551) (9,1,0.999983200034) (10,1,0.005796520551) (3,2,-0.710786044195) (4,2,0.703408273606) (9,2,0.710786044195) (10,2,-0.703408273606) (6,3,-0.999995580843) (7,3,-0.002972926963) (15,3,0.999995580843) (16,3,0.002972926963) (6,4,-0.999999446253) (7,4,-0.001052375432) (24,4,0.999999446253) (25,4,0.001052375432) (12,5,-0.706252351953) (13,5,0.707960179220) (18,5,0.706252351953) (19,5,-0.707960179220) (12,6,-0.999999995864) (13,6,0.000090955764) (21,6,0.999999995864) (22,6,-0.000090955764) (12,7,-0.709160849940) (13,7,-0.705046728177) (24,7,0.709160849940) (25,7,0.705046728177) (15,8,-0.705666638182) (16,8,0.708543997051) (21,8,0.705666638182) (22,8,-0.708543997051) (15,9,-0.999999621457) (16,9,0.000870106768) (24,9,0.999999621457) (25,9,-0.000870106768) (18,10,-0.003494452504) (19,10,-0.999993894382) (24,10,0.003494452504) (25,10,0.999993894382) (21,11,-0.006761768775) (22,11,-0.999977138980) (24,11,0.006761768775) (25,11,0.999977138980) 
Q:
size: 12 12
(0,0,2.000000000000) (1,0,0.001669704057) (2,0,0.706335581551) (0,1,0.001669704057) (1,1,2.000000000000) (2,1,0.706696782500) (0,2,0.706335581551) (1,2,0.706696782500) (2,2,2.000000000000) (3,3,2.000000000000) (4,3,0.999998155733) (8,3,-0.703557070177) (9,3,-0.999992615538) (3,4,0.999998155733) (4,4,2.000000000000) (7,4,0.709902431099) (9,4,0.999998152031) (10,4,0.004546819576) (11,4,0.007814116405) (5,5,2.000000000000) (6,5,0.706316742091) (7,5,0.001701510145) (10,5,0.705487891385) (5,6,0.706316742091) (6,6,2.000000000000) (7,6,0.709096718942) (8,6,0.705731081423) (11,6,-0.006670815062) (4,7,0.709902431099) (5,7,0.001701510145) (6,7,0.709096718942) (7,7,2.000000000000) (9,7,0.708547115562) (10,7,0.707520552339) (11,7,0.709825791781) (3,8,-0.703557070177) (6,8,0.705731081423) (8,8,2.000000000000) (9,8,0.706282879984) (11,8,0.703756244373) (3,9,-0.999992615538) (4,9,0.999998152031) (7,9,0.708547115562) (8,9,0.706282879984) (9,9,2.000000000000) (10,9,0.002624349726) (11,9,0.005891679339) (4,10,0.004546819576) (5,10,0.705487891385) (7,10,0.707520552339) (9,10,0.002624349726) (10,10,2.000000000000) (11,10,0.999994662182) (4,11,0.007814116405) (6,11,-0.006670815062) (7,11,0.709825791781) (8,11,0.703756244373) (9,11,0.005891679339) (10,11,0.999994662182) (11,11,2.000000000000) 
Minv:
size: 27 27
(0,0,1.000000000000) (1,1,1.000000000000) (2,2,2.000000000000) (3,3,1.000000000000) (4,4,1.000000000000) (5,5,2.000000000000) (6,6,1.000000000000) (7,7,1.000000000000) (8,8,2.000000000000) (9,9,1.000000000000) (10,10,1.000000000000) (11,11,2.000000000000) (12,12,1.000000000000) (13,13,1.000000000000) (14,14,2.000000000000) (15,15,1.000000000000) (16,16,1.000000000000) (17,17,2.000000000000) (18,18,1.000000000000) (19,19,1.000000000000) (20,20,2.000000000000) (21,21,1.000000000000) (22,22,1.000000000000) (23,23,2.000000000000) (24,24,1.000000000000) (25,25,1.000000000000) (26,26,2.000000000000) 
v0:
size: 27 1
(0,0,-0.713343673292) (1,0,0.324109530353) (2,0,0.000000000000) (3,0,-0.893059926274) (4,0,0.026672496779) (5,0,0.000000000000) (6,0,0.511079327701) (7,0,0.860722729341) (8,0,0.000000000000) (9,0,-0.965806368561) (10,0,0.118083367785) (11,0,0.000000000000) (12,0,0.913340338669) (13,0,0.598471154261) (14,0,0.000000000000) (15,0,0.154644038735) (16,0,0.754001837046) (17,0,0.000000000000) (18,0,-0.530130025489) (19,0,0.800065634197) (20,0,0.000000000000) (21,0,-0.629526782534) (22,0,0.965984046023) (23,0,0.000000000000) (24,0,-0.354377362550) (25,0,-0.153683561115) (26,0,0.000000000000) 
ipopt_sol:
size: 12 1
(0,0,0.296481288892) (1,0,0.253405174317) (2,0,0.000000000000) (3,0,0.000000000000) (4,0,0.717024635543) (5,0,0.727367878407) (6,0,1.145106502515) (7,0,0.406225609541) (8,0,0.000000000000) (9,0,0.002947410796) (10,0,0.085211327270) (11,0,0.932010630744) 
policy_sol:
size: 12 1
(0,0,0.296481285363) (1,0,0.253405170787) (2,0,0.000000000000) (3,0,0.000000000000) (4,0,0.717024626639) (5,0,0.727367880857) (6,0,1.145106495848) (7,0,0.406225615904) (8,0,0.000000000000) (9,0,0.002947414349) (10,0,0.085211326987) (11,0,0.932010625112) 

policy_converges:
1
ipopt_converges:
0
