solve status: 0
N:
size: 27 9
(3,0,0.002372947336) (4,0,-0.999997184557) (6,0,-0.002372947336) (7,0,0.999997184557) (6,1,-0.708002627940) (7,1,0.706209798027) (12,1,0.708002627940) (13,1,-0.706209798027) (6,2,-0.999999383319) (7,2,0.001110568547) (24,2,0.999999383319) (25,2,-0.001110568547) (9,3,0.001225967024) (10,3,-0.999999248502) (15,3,-0.001225967024) (16,3,0.999999248502) (9,4,-0.999997323262) (10,4,0.002313756426) (18,4,0.999997323262) (19,4,-0.002313756426) (12,5,0.001465425154) (13,5,-0.999998926264) (15,5,-0.001465425154) (16,5,0.999998926264) (12,6,-0.708044436355) (13,6,-0.706167880994) (24,6,0.708044436355) (25,6,0.706167880994) (15,7,-0.706050789015) (16,7,0.708161198691) (21,7,0.706050789015) (22,7,-0.708161198691) (15,8,-0.999993799294) (16,8,0.003521558276) (24,8,0.999993799294) (25,8,-0.003521558276) 
Q:
size: 9 9
(0,0,2.000000000000) (1,0,0.707887862684) (2,0,0.003483511293) (0,1,0.707887862684) (1,1,2.000000000000) (2,1,0.708786485717) (5,1,0.707246564604) (6,1,-0.002594645027) (0,2,0.003483511293) (1,2,0.708786485717) (2,2,2.000000000000) (6,2,0.707259751879) (8,2,0.999997093549) (3,3,2.000000000000) (4,3,-0.003539718429) (5,3,0.999999971330) (7,3,0.709026261493) (8,3,0.004747515051) (3,4,-0.003539718429) (4,4,2.000000000000) (1,5,0.707246564604) (3,5,0.999999971330) (5,5,2.000000000000) (6,5,0.705129536629) (7,5,0.709195102898) (8,5,0.004986970562) (1,6,-0.002594645027) (2,6,0.707259751879) (5,6,0.705129536629) (6,6,2.000000000000) (8,6,0.705553234634) (3,7,0.709026261493) (5,7,0.709195102898) (7,7,2.000000000000) (8,7,0.708540241932) (2,8,0.999997093549) (3,8,0.004747515051) (5,8,0.004986970562) (6,8,0.705553234634) (7,8,0.708540241932) (8,8,2.000000000000) 
Minv:
size: 27 27
(0,0,1.000000000000) (1,1,1.000000000000) (2,2,2.000000000000) (3,3,1.000000000000) (4,4,1.000000000000) (5,5,2.000000000000) (6,6,1.000000000000) (7,7,1.000000000000) (8,8,2.000000000000) (9,9,1.000000000000) (10,10,1.000000000000) (11,11,2.000000000000) (12,12,1.000000000000) (13,13,1.000000000000) (14,14,2.000000000000) (15,15,1.000000000000) (16,16,1.000000000000) (17,17,2.000000000000) (18,18,1.000000000000) (19,19,1.000000000000) (20,20,2.000000000000) (21,21,1.000000000000) (22,22,1.000000000000) (23,23,2.000000000000) (24,24,1.000000000000) (25,25,1.000000000000) (26,26,2.000000000000) 
v0:
size: 27 1
(0,0,-0.992694169331) (1,0,-0.799018335903) (2,0,0.000000000000) (3,0,-0.844263374338) (4,0,-0.222358596880) (5,0,0.000000000000) (6,0,0.762637484377) (7,0,-0.617466462404) (8,0,0.000000000000) (9,0,0.093392916191) (10,0,-0.584161736484) (11,0,0.000000000000) (12,0,0.079159790351) (13,0,0.837254797568) (14,0,0.000000000000) (15,0,0.861367086294) (16,0,-0.966157474947) (17,0,0.000000000000) (18,0,-0.894339151719) (19,0,-0.141714154196) (20,0,0.000000000000) (21,0,0.540664949761) (22,0,-0.098603225837) (23,0,0.000000000000) (24,0,-0.153496274235) (25,0,0.316223174256) (26,0,0.000000000000) 
ipopt_sol:
size: 9 1
(0,0,0.070773025977) (1,0,0.926584939373) (2,0,0.107766030906) (3,0,0.000000000000) (4,0,0.988753139930) (5,0,1.474496338898) (6,0,0.000000000000) (7,0,0.000000000000) (8,0,0.961813559180) 
policy_sol:
size: 9 1
(0,0,0.070773023382) (1,0,0.926584946719) (2,0,0.107766027430) (3,0,0.000000000000) (4,0,0.988753139947) (5,0,1.474496324243) (6,0,0.000000000000) (7,0,0.000000000000) (8,0,0.961813553861) 

policy_converges:
1
ipopt_converges:
0
