solve status: 0
N:
size: 27 14
(0,0,0.000463738797) (1,0,-0.999999892473) (3,0,-0.000463738797) (4,0,0.999999892473) (0,1,0.002103110883) (1,1,-0.999997788460) (6,1,-0.002103110883) (7,1,0.999997788460) (0,2,-0.999999820688) (1,2,-0.000598852520) (9,2,0.999999820688) (10,2,0.000598852520) (3,3,0.003724305378) (4,3,-0.999993064751) (6,3,-0.003724305378) (7,3,0.999993064751) (3,4,-0.710950557306) (4,4,0.703241996091) (9,4,0.710950557306) (10,4,-0.703241996091) (3,5,-0.999987833291) (4,5,-0.004932876363) (12,5,0.999987833291) (13,5,0.004932876363) (3,6,-0.706761499055) (4,6,-0.707451894798) (15,6,0.706761499055) (16,6,0.707451894798) (6,7,-0.999999074064) (7,7,0.001360835058) (24,7,0.999999074064) (25,7,-0.001360835058) (9,8,0.000439635871) (10,8,-0.999999903360) (15,8,-0.000439635871) (16,8,0.999999903360) (12,9,0.002835770037) (13,9,-0.999995979196) (15,9,-0.002835770037) (16,9,0.999995979196) (12,10,-0.999997898622) (13,10,0.002050061561) (21,10,0.999997898622) (22,10,-0.002050061561) (12,11,-0.705617583346) (13,11,-0.708592849296) (24,11,0.705617583346) (25,11,0.708592849296) (15,12,-0.708082213538) (16,12,0.706130001395) (21,12,0.708082213538) (22,12,-0.706130001395) (15,13,-0.999998022317) (16,13,0.001988809241) (24,13,0.999998022317) (25,13,-0.001988809241) 
Q:
size: 14 14
(0,0,2.000000000000) (1,0,0.999998656227) (2,0,0.000135113742) (3,0,-0.999994684329) (4,0,0.703571615829) (5,0,-0.004469142677) (6,0,-0.707124066001) (0,1,0.999998656227) (1,1,2.000000000000) (2,1,-0.001504259310) (3,1,0.999998685853) (7,1,0.003463940984) (0,2,0.000135113742) (1,2,-0.001504259310) (2,2,2.000000000000) (4,2,0.710529291583) (8,2,-0.000159216670) (0,3,-0.999994684329) (1,3,0.999998685853) (3,3,2.000000000000) (4,3,-0.705884915916) (5,3,0.001208582086) (6,3,0.704814792791) (7,3,0.005085127550) (0,4,0.703571615829) (2,4,0.710529291583) (3,4,-0.705884915916) (4,4,2.000000000000) (5,4,0.707472901559) (6,4,0.004962599000) (8,4,0.703554487497) (0,5,-0.004469142677) (3,5,0.001208582086) (4,5,0.707472901559) (5,5,2.000000000000) (6,5,0.710242672823) (9,5,-0.002097120993) (10,5,-0.999975619238) (11,5,-0.709104399219) (0,6,-0.707124066001) (3,6,0.704814792791) (4,6,0.004962599000) (5,6,0.710242672823) (6,6,2.000000000000) (8,6,0.707141108723) (9,6,0.705444837190) (12,6,-0.000892239234) (13,6,-0.705353114439) (1,7,0.003463940984) (3,7,0.005085127550) (7,7,2.000000000000) (11,7,0.704652651997) (13,7,0.999999802824) (2,8,-0.000159216670) (4,8,0.703554487497) (6,8,0.707141108723) (8,8,2.000000000000) (9,8,0.999997129263) (12,8,0.706441231496) (13,8,0.002428444051) (5,9,-0.002097120993) (6,9,0.705444837190) (8,9,0.999997129263) (9,9,2.000000000000) (10,9,-0.004885817396) (11,9,0.706589030983) (12,9,0.708135120510) (13,9,0.004824565674) (5,10,-0.999975619238) (9,10,-0.004885817396) (10,10,2.000000000000) (11,10,0.704163441613) (12,10,0.709528335563) (5,11,-0.709104399219) (7,11,0.704652651997) (9,11,0.706589030983) (10,11,0.704163441613) (11,11,2.000000000000) (13,11,0.704206931851) (6,12,-0.000892239234) (8,12,0.706441231496) (9,12,0.708135120510) (10,12,0.709528335563) (12,12,2.000000000000) (13,12,0.709485171049) (6,13,-0.705353114439) (7,13,0.999999802824) (8,13,0.002428444051) (9,13,0.004824565674) (11,13,0.704206931851) (12,13,0.709485171049) (13,13,2.000000000000) 
Minv:
size: 27 27
(0,0,1.000000000000) (1,1,1.000000000000) (2,2,2.000000000000) (3,3,1.000000000000) (4,4,1.000000000000) (5,5,2.000000000000) (6,6,1.000000000000) (7,7,1.000000000000) (8,8,2.000000000000) (9,9,1.000000000000) (10,10,1.000000000000) (11,11,2.000000000000) (12,12,1.000000000000) (13,13,1.000000000000) (14,14,2.000000000000) (15,15,1.000000000000) (16,16,1.000000000000) (17,17,2.000000000000) (18,18,1.000000000000) (19,19,1.000000000000) (20,20,2.000000000000) (21,21,1.000000000000) (22,22,1.000000000000) (23,23,2.000000000000) (24,24,1.000000000000) (25,25,1.000000000000) (26,26,2.000000000000) 
v0:
size: 27 1
(0,0,0.062795242997) (1,0,0.807668449445) (2,0,0.000000000000) (3,0,0.582122765595) (4,0,0.501554999301) (5,0,0.000000000000) (6,0,-0.740147946303) (7,0,-0.037275181548) (8,0,0.000000000000) (9,0,-0.569665372887) (10,0,0.365765409118) (11,0,0.000000000000) (12,0,0.284240450191) (13,0,0.692977121245) (14,0,0.000000000000) (15,0,-0.114288717070) (16,0,-0.125849115222) (17,0,0.000000000000) (18,0,0.689106871724) (19,0,0.041700224400) (20,0,0.000000000000) (21,0,0.181387516671) (22,0,0.612446995040) (23,0,0.000000000000) (24,0,-0.922979851592) (25,0,0.952488832555) (26,0,0.000000000000) 
ipopt_sol:
size: 14 1
(0,0,0.281673274103) (1,0,0.702771847296) (2,0,0.472267372563) (3,0,0.000000000000) (4,0,0.453091274776) (5,0,0.000000000000) (6,0,1.374942501471) (7,0,0.000000000000) (8,0,0.000000000000) (9,0,0.296604026508) (10,0,0.070282933128) (11,0,0.094095392318) (12,0,0.000000000000) (13,0,1.261897333451) 
policy_sol:
size: 14 1
(0,0,0.281673282991) (1,0,0.702771837861) (2,0,0.472267375256) (3,0,0.000000000000) (4,0,0.453091267174) (5,0,0.000000000000) (6,0,1.374942491569) (7,0,0.000000000000) (8,0,0.000000000000) (9,0,0.296604018392) (10,0,0.070282931460) (11,0,0.094095401123) (12,0,0.000000000000) (13,0,1.261897318319) 

policy_converges:
1
ipopt_converges:
0
