solve status: 0
N:
size: 27 7
(0,0,-0.704832736945) (1,0,-0.709373535545) (12,0,0.704832736945) (13,0,0.709373535545) (3,1,0.005750195942) (4,1,-0.999983467487) (6,1,-0.005750195942) (7,1,0.999983467487) (3,2,-0.999992201249) (4,2,0.003949359497) (12,2,0.999992201249) (13,2,-0.003949359497) (3,3,-0.705846539690) (4,3,-0.708364780609) (15,3,0.705846539690) (16,3,0.708364780609) (6,4,-0.706438398577) (7,4,0.707774532614) (12,4,0.706438398577) (13,4,-0.707774532614) (9,5,-0.704325166381) (10,5,-0.709877496476) (21,5,0.704325166381) (22,5,0.709877496476) (12,6,-0.002840080994) (13,6,-0.999995966962) (15,6,0.002840080994) (16,6,0.999995966962) 
Q:
size: 7 7
(0,0,2.000000000000) (2,0,0.702025669020) (4,0,-0.004155612617) (6,0,-0.711372456674) (1,1,2.000000000000) (2,1,-0.009699445302) (3,1,0.704294313650) (4,1,0.711824990535) (0,2,0.702025669020) (1,2,-0.009699445302) (2,2,2.000000000000) (3,2,0.703043447795) (4,2,0.709228145312) (6,2,0.001109284725) (1,3,0.704294313650) (2,3,0.703043447795) (3,3,2.000000000000) (6,3,0.710366585089) (0,4,-0.004155612617) (1,4,0.711824990535) (2,4,0.709228145312) (4,4,2.000000000000) (6,4,0.705765335863) (5,5,2.000000000000) (0,6,-0.711372456674) (2,6,0.001109284725) (3,6,0.710366585089) (4,6,0.705765335863) (6,6,2.000000000000) 
Minv:
size: 27 27
(0,0,1.000000000000) (1,1,1.000000000000) (2,2,2.000000000000) (3,3,1.000000000000) (4,4,1.000000000000) (5,5,2.000000000000) (6,6,1.000000000000) (7,7,1.000000000000) (8,8,2.000000000000) (9,9,1.000000000000) (10,10,1.000000000000) (11,11,2.000000000000) (12,12,1.000000000000) (13,13,1.000000000000) (14,14,2.000000000000) (15,15,1.000000000000) (16,16,1.000000000000) (17,17,2.000000000000) (18,18,1.000000000000) (19,19,1.000000000000) (20,20,2.000000000000) (21,21,1.000000000000) (22,22,1.000000000000) (23,23,2.000000000000) (24,24,1.000000000000) (25,25,1.000000000000) (26,26,2.000000000000) 
v0:
size: 27 1
(0,0,-0.149589554211) (1,0,0.284308854635) (2,0,0.000000000000) (3,0,-0.315509116060) (4,0,0.435214001674) (5,0,0.000000000000) (6,0,-0.448604564534) (7,0,0.222413689849) (8,0,0.000000000000) (9,0,0.609704872959) (10,0,0.420546192607) (11,0,0.000000000000) (12,0,-0.830063996683) (13,0,0.709221853078) (14,0,0.000000000000) (15,0,-0.174724916546) (16,0,-0.064110431621) (17,0,0.000000000000) (18,0,0.715562815594) (19,0,-0.981516461068) (20,0,0.000000000000) (21,0,0.562231961326) (22,0,-0.073190178237) (23,0,0.000000000000) (24,0,-0.084260106861) (25,0,-0.019216573991) (26,0,0.000000000000) 
ipopt_sol:
size: 7 1
(0,0,0.361945606894) (1,0,0.166155148352) (2,0,0.341558848289) (3,0,0.000000000000) (4,0,0.133551899070) (5,0,0.383928705238) (6,0,0.852889427628) 
policy_sol:
size: 7 1
(0,0,0.361945606876) (1,0,0.166155142649) (2,0,0.341558842609) (3,0,0.000000000000) (4,0,0.133551905121) (5,0,0.383928705238) (6,0,0.852889421937) 

policy_converges:
1
ipopt_converges:
0
