solve status: 0
N:
size: 27 5
(6,0,-0.999981391562) (7,0,0.006100535266) (15,0,0.999981391562) (16,0,-0.006100535266) (6,1,-0.999998348523) (7,1,0.001817402216) (24,1,0.999998348523) (25,1,-0.001817402216) (12,2,-0.707054328836) (13,2,-0.707159229647) (24,2,0.707054328836) (25,2,0.707159229647) (15,3,-0.999997025911) (16,3,-0.002438886777) (24,3,0.999997025911) (25,3,0.002438886777) (21,4,-0.002794135778) (22,4,-0.999996096395) (24,4,0.002794135778) (25,4,0.999996096395) 
Q:
size: 5 5
(0,0,2.000000000000) (1,0,0.999990827242) (3,0,-0.999963539013) (0,1,0.999990827242) (1,1,2.000000000000) (2,1,0.705767968401) (3,1,0.999990942001) (4,1,0.000976736041) (1,2,0.705767968401) (2,2,2.000000000000) (3,2,0.708776907288) (4,2,0.709132074973) (0,3,-0.999963539013) (1,3,0.999990942001) (2,3,0.708776907288) (3,3,2.000000000000) (4,3,0.005233004724) (1,4,0.000976736041) (2,4,0.709132074973) (3,4,0.005233004724) (4,4,2.000000000000) 
Minv:
size: 27 27
(0,0,1.000000000000) (1,1,1.000000000000) (2,2,2.000000000000) (3,3,1.000000000000) (4,4,1.000000000000) (5,5,2.000000000000) (6,6,1.000000000000) (7,7,1.000000000000) (8,8,2.000000000000) (9,9,1.000000000000) (10,10,1.000000000000) (11,11,2.000000000000) (12,12,1.000000000000) (13,13,1.000000000000) (14,14,2.000000000000) (15,15,1.000000000000) (16,16,1.000000000000) (17,17,2.000000000000) (18,18,1.000000000000) (19,19,1.000000000000) (20,20,2.000000000000) (21,21,1.000000000000) (22,22,1.000000000000) (23,23,2.000000000000) (24,24,1.000000000000) (25,25,1.000000000000) (26,26,2.000000000000) 
v0:
size: 27 1
(0,0,0.343084225655) (1,0,-0.650398096945) (2,0,0.000000000000) (3,0,-0.545175471085) (4,0,-0.356008720738) (5,0,0.000000000000) (6,0,0.938430118655) (7,0,0.537616708381) (8,0,0.000000000000) (9,0,0.858621159492) (10,0,-0.418837198008) (11,0,0.000000000000) (12,0,0.760343218181) (13,0,0.352097410488) (14,0,0.000000000000) (15,0,0.525704894824) (16,0,0.354992712476) (17,0,0.000000000000) (18,0,0.942743007857) (19,0,-0.854421520893) (20,0,0.000000000000) (21,0,0.790638868889) (22,0,0.505559888843) (23,0,0.000000000000) (24,0,-0.101391083424) (25,0,-0.466606362438) (26,0,0.000000000000) 
ipopt_sol:
size: 5 1
(0,0,0.816508153166) (1,0,0.000000000000) (2,0,0.636431400316) (3,0,0.809838945652) (4,0,0.746879003881) 
policy_sol:
size: 5 1
(0,0,0.816508144020) (1,0,0.000000000000) (2,0,0.636431400326) (3,0,0.809838936503) (4,0,0.746879003897) 

policy_converges:
1
ipopt_converges:
0
