solve status: 0
N:
size: 27 13
(3,0,-0.702820692261) (4,0,0.711367046278) (9,0,0.702820692261) (10,0,-0.711367046278) (3,1,-0.999999609326) (4,1,0.000883938899) (12,1,0.999999609326) (13,1,-0.000883938899) (3,2,-0.999999999349) (4,2,0.000036092193) (21,2,0.999999999349) (22,2,-0.000036092193) (9,3,-0.999962336754) (10,3,-0.008679001865) (18,3,0.999962336754) (19,3,0.008679001865) (9,4,-0.703448027255) (10,4,-0.710746700978) (21,4,0.703448027255) (22,4,0.710746700978) (12,5,0.006689075104) (13,5,-0.999977627887) (15,5,-0.006689075104) (16,5,0.999977627887) (12,6,-0.999999663497) (13,6,-0.000820369380) (21,6,0.999999663497) (22,6,0.000820369380) (12,7,-0.708946223546) (13,7,-0.705262541271) (24,7,0.708946223546) (25,7,0.705262541271) (15,8,-0.708718856164) (16,8,0.705491022563) (21,8,0.708718856164) (22,8,-0.705491022563) (15,9,-0.999998938886) (16,9,0.001456786298) (24,9,0.999998938886) (25,9,-0.001456786298) (18,10,0.005821037713) (19,10,-0.999983057616) (21,10,-0.005821037713) (22,10,0.999983057616) (18,11,-0.000415018729) (19,11,-0.999999913880) (24,11,0.000415018729) (25,11,0.999999913880) (21,12,-0.006694269366) (22,12,-0.999977593128) (24,12,0.006694269366) (25,12,0.999977593128) 
Q:
size: 13 13
(0,0,2.000000000000) (1,0,0.703449222691) (2,0,0.702846366600) (3,0,-0.696620265831) (4,0,0.011203951841) (0,1,0.703449222691) (1,1,2.000000000000) (2,1,0.999999640578) (5,1,0.007572991614) (6,1,-0.999998547667) (7,1,-0.708322537585) (0,2,0.702846366600) (1,2,0.999999640578) (2,2,2.000000000000) (4,2,0.703422374390) (6,2,0.999999633237) (8,2,0.708744318421) (10,2,-0.005857129291) (12,2,-0.006658177977) (0,3,-0.696620265831) (3,3,2.000000000000) (4,3,0.709590105062) (10,3,-0.002858036348) (11,3,-0.009094004216) (0,4,0.011203951841) (2,4,0.703422374390) (3,4,0.709590105062) (4,4,2.000000000000) (6,4,0.704030865373) (8,4,-0.002878535609) (10,4,0.706639861739) (12,4,-0.715439845947) (1,5,0.007572991614) (5,5,2.000000000000) (6,5,-0.005868721827) (7,5,0.700504568523) (8,5,0.710215912895) (9,5,0.008145821713) (1,6,-0.999998547667) (2,6,0.999999633237) (4,6,0.704030865373) (5,6,-0.005868721827) (6,6,2.000000000000) (7,6,0.709524560777) (8,6,0.708139854446) (10,6,-0.005000680274) (12,6,-0.007514618111) (1,7,-0.708322537585) (5,7,0.700504568523) (6,7,0.709524560777) (7,7,2.000000000000) (9,7,0.707918054467) (11,7,0.705556706494) (12,7,0.709992615529) (2,8,0.708744318421) (4,8,-0.002878535609) (5,8,0.710215912895) (6,8,0.708139854446) (8,8,2.000000000000) (9,8,0.709745853788) (10,8,-0.709604549053) (12,8,0.700730859788) (5,9,0.008145821713) (7,9,0.707918054467) (8,9,0.709745853788) (9,9,2.000000000000) (11,9,-0.001041767884) (12,9,0.005237508606) (2,10,-0.005857129291) (3,10,-0.002858036348) (4,10,0.706639861739) (6,10,-0.005000680274) (8,10,-0.709604549053) (10,10,2.000000000000) (11,10,0.999980555658) (12,10,-0.999921683529) (3,11,-0.009094004216) (7,11,0.705556706494) (9,11,-0.001041767884) (10,11,0.999980555658) (11,11,2.000000000000) (12,11,0.999980285257) (2,12,-0.006658177977) (4,12,-0.715439845947) (6,12,-0.007514618111) (7,12,0.709992615529) (8,12,0.700730859788) (9,12,0.005237508606) (10,12,-0.999921683529) (11,12,0.999980285257) (12,12,2.000000000000) 
Minv:
size: 27 27
(0,0,1.000000000000) (1,1,1.000000000000) (2,2,2.000000000000) (3,3,1.000000000000) (4,4,1.000000000000) (5,5,2.000000000000) (6,6,1.000000000000) (7,7,1.000000000000) (8,8,2.000000000000) (9,9,1.000000000000) (10,10,1.000000000000) (11,11,2.000000000000) (12,12,1.000000000000) (13,13,1.000000000000) (14,14,2.000000000000) (15,15,1.000000000000) (16,16,1.000000000000) (17,17,2.000000000000) (18,18,1.000000000000) (19,19,1.000000000000) (20,20,2.000000000000) (21,21,1.000000000000) (22,22,1.000000000000) (23,23,2.000000000000) (24,24,1.000000000000) (25,25,1.000000000000) (26,26,2.000000000000) 
v0:
size: 27 1
(0,0,-0.982474292320) (1,0,-0.782520338875) (2,0,0.000000000000) (3,0,0.350572799598) (4,0,-0.576341349667) (5,0,0.000000000000) (6,0,-0.672530022776) (7,0,0.803361339464) (8,0,0.000000000000) (9,0,0.855646944621) (10,0,-0.003980217681) (11,0,0.000000000000) (12,0,-0.902402719403) (13,0,0.398370076241) (14,0,0.000000000000) (15,0,0.875008613173) (16,0,-0.406478974803) (17,0,0.000000000000) (18,0,0.739688820287) (19,0,0.189647060449) (20,0,0.000000000000) (21,0,-0.937511460315) (22,0,0.052037648404) (23,0,0.000000000000) (24,0,-0.326229840422) (25,0,-0.772453484866) (26,0,0.000000000000) 
ipopt_sol:
size: 13 1
(0,0,0.000000000000) (1,0,1.251905316279) (2,0,0.000000000000) (3,0,0.000000000000) (4,0,1.498625916684) (5,0,0.510049036421) (6,0,0.000000000000) (7,0,0.000000000000) (8,0,0.839941863637) (9,0,0.898835497187) (10,0,0.000000000000) (11,0,0.577468721515) (12,0,0.771099831248) 
policy_sol:
size: 13 1
(0,0,0.000000000000) (1,0,1.076752932687) (2,0,0.000000000000) (3,0,0.000000000000) (4,0,1.610590886273) (5,0,0.445462814040) (6,0,-0.350794387622) (7,0,0.000000000000) (8,0,1.021523460072) (9,0,0.834754962887) (10,0,0.000000000000) (11,0,0.593902360680) (12,0,0.738165129621) 

policy_converges:
0
ipopt_converges:
0
