solve status: 0
N:
size: 27 15
(0,0,-0.999999971799) (1,0,0.000237492009) (9,0,0.999999971799) (10,0,-0.000237492009) (0,1,-0.999998778136) (1,1,0.001563242306) (18,1,0.999998778136) (19,1,-0.001563242306) (3,2,0.004605937641) (4,2,-0.999989392613) (6,2,-0.004605937641) (7,2,0.999989392613) (3,3,-0.703831896276) (4,3,0.710366568600) (9,3,0.703831896276) (10,3,-0.710366568600) (3,4,-0.999993223174) (4,4,0.003681522256) (21,4,0.999993223174) (22,4,-0.003681522256) (6,5,-1.000000000000) (7,5,0.000000152606) (24,5,1.000000000000) (25,5,-0.000000152606) (9,6,-0.000271690967) (10,6,-0.999999963092) (12,6,0.000271690967) (13,6,0.999999963092) (9,7,-0.004335454616) (10,7,-0.999990601872) (15,7,0.004335454616) (16,7,0.999990601872) (9,8,-0.999995849365) (10,8,0.002881189409) (18,8,0.999995849365) (19,8,-0.002881189409) (9,9,-0.710601663279) (10,9,-0.703594539593) (21,9,0.710601663279) (22,9,0.703594539593) (12,10,-0.707492033809) (13,10,0.706721318552) (18,10,0.707492033809) (19,10,-0.706721318552) (12,11,-0.999968072297) (13,11,0.007990894011) (21,11,0.999968072297) (22,11,-0.007990894011) (15,12,-0.704620080690) (16,12,0.709584767232) (21,12,0.704620080690) (22,12,-0.709584767232) (15,13,-0.999996848315) (16,13,0.002510649360) (24,13,0.999996848315) (25,13,-0.002510649360) (18,14,0.002395745141) (19,14,-0.999997130198) (21,14,-0.002395745141) (22,14,0.999997130198) 
Q:
size: 15 15
(0,0,2.000000000000) (1,0,0.999999121192) (3,0,0.704000582811) (6,0,-0.000034198959) (7,0,-0.004097964717) (8,0,-0.999996505424) (9,0,-0.710434545158) (0,1,0.999999121192) (1,1,2.000000000000) (8,1,0.999999131503) (10,1,0.708595946014) (14,1,0.003958980033) (2,2,2.000000000000) (3,2,-0.713600839290) (4,2,-0.008287389632) (5,2,0.004606090245) (0,3,0.704000582811) (2,3,-0.713600839290) (3,3,2.000000000000) (4,3,0.706442356862) (6,3,0.710175317613) (7,3,0.707308461240) (8,3,-0.705875675561) (9,3,-0.000334077387) (2,4,-0.008287389632) (3,4,0.706442356862) (4,4,2.000000000000) (9,4,0.708006548698) (11,4,0.999990714341) (12,4,0.707227657716) (14,4,-0.006077240596) (2,5,0.004606090245) (5,5,2.000000000000) (13,5,0.999996848698) (0,6,-0.000034198959) (3,6,0.710175317613) (6,6,2.000000000000) (7,6,0.999991742869) (8,6,-0.002609499463) (9,6,0.703787577678) (10,6,0.706529073274) (11,6,0.007719211424) (0,7,-0.004097964717) (3,7,0.707308461240) (6,7,0.999991742869) (7,7,2.000000000000) (8,7,0.001454274290) (9,7,0.706668708383) (12,7,0.706523250083) (13,7,-0.001824815188) (0,8,-0.999996505424) (1,8,0.999999131503) (3,8,-0.705875675561) (6,8,-0.002609499463) (7,8,0.001454274290) (8,8,2.000000000000) (9,8,0.708571524695) (10,8,0.709525295247) (14,8,0.005276916338) (0,9,-0.710434545158) (3,9,-0.000334077387) (4,9,0.708006548698) (6,9,0.703787577678) (7,9,0.706668708383) (8,9,0.708571524695) (9,9,2.000000000000) (11,9,0.704956626007) (12,9,0.001444233715) (14,9,0.701890099934) (1,10,0.708595946014) (6,10,0.706529073274) (8,10,0.709525295247) (10,10,2.000000000000) (11,10,0.713116780366) (14,10,0.708414261005) (4,11,0.999990714341) (6,11,0.007719211424) (9,11,0.704956626007) (10,11,0.713116780366) (11,11,2.000000000000) (12,11,0.710267800456) (14,11,-0.010386539729) (4,12,0.707227657716) (7,12,0.706523250083) (9,12,0.001444233715) (11,12,0.710267800456) (12,12,2.000000000000) (13,12,0.706399378491) (14,12,-0.711270820999) (5,13,0.999996848698) (7,13,-0.001824815188) (12,13,0.706399378491) (13,13,2.000000000000) (1,14,0.003958980033) (4,14,-0.006077240596) (8,14,0.005276916338) (9,14,0.701890099934) (10,14,0.708414261005) (11,14,-0.010386539729) (12,14,-0.711270820999) (14,14,2.000000000000) 
Minv:
size: 27 27
(0,0,1.000000000000) (1,1,1.000000000000) (2,2,2.000000000000) (3,3,1.000000000000) (4,4,1.000000000000) (5,5,2.000000000000) (6,6,1.000000000000) (7,7,1.000000000000) (8,8,2.000000000000) (9,9,1.000000000000) (10,10,1.000000000000) (11,11,2.000000000000) (12,12,1.000000000000) (13,13,1.000000000000) (14,14,2.000000000000) (15,15,1.000000000000) (16,16,1.000000000000) (17,17,2.000000000000) (18,18,1.000000000000) (19,19,1.000000000000) (20,20,2.000000000000) (21,21,1.000000000000) (22,22,1.000000000000) (23,23,2.000000000000) (24,24,1.000000000000) (25,25,1.000000000000) (26,26,2.000000000000) 
v0:
size: 27 1
(0,0,-0.103063086820) (1,0,-0.738499973664) (2,0,0.000000000000) (3,0,-0.151665241017) (4,0,0.840093982295) (5,0,0.000000000000) (6,0,-0.234321220950) (7,0,-0.091513006484) (8,0,0.000000000000) (9,0,-0.465800609872) (10,0,0.683102464990) (11,0,0.000000000000) (12,0,0.516099997966) (13,0,-0.543472490125) (14,0,0.000000000000) (15,0,0.658082954229) (16,0,0.432783740269) (17,0,0.000000000000) (18,0,-0.752845591584) (19,0,-0.123758420213) (20,0,0.000000000000) (21,0,-0.981933562272) (22,0,-0.819503044097) (23,0,0.000000000000) (24,0,-0.744888818037) (25,0,0.966765811698) (26,0,0.000000000000) 
ipopt_sol:
size: 15 1
(0,0,0.297356174989) (1,0,0.501038483900) (2,0,0.931216394989) (3,0,0.000000000000) (4,0,0.000000000000) (5,0,0.000000000000) (6,0,1.038199420109) (7,0,0.000000000000) (8,0,0.000000000000) (9,0,0.520195181410) (10,0,0.000000000000) (11,0,1.311107908242) (12,0,0.000000000000) (13,0,1.404308000809) (14,0,0.518451003382) 
policy_sol:
size: 15 1
(0,0,0.297356183221) (1,0,0.501038471285) (2,0,0.931216398574) (3,0,0.000000000000) (4,0,0.000000000000) (5,0,0.000000000000) (6,0,1.038199407668) (7,0,0.000000000000) (8,0,0.000000000000) (9,0,0.520195182664) (10,0,0.000000000000) (11,0,1.311107895755) (12,0,0.000000000000) (13,0,1.404307992286) (14,0,0.518451002942) 

policy_converges:
1
ipopt_converges:
0
