solve status: 0
N:
size: 27 18
(0,0,-0.002288126365) (1,0,-0.999997382235) (3,0,0.002288126365) (4,0,0.999997382235) (0,1,0.002653581429) (1,1,-0.999996479247) (6,1,-0.002653581429) (7,1,0.999996479247) (0,2,-0.708004372957) (1,2,-0.706208048576) (12,2,0.708004372957) (13,2,0.706208048576) (3,3,-0.702133990251) (4,3,0.712044843906) (9,3,0.702133990251) (10,3,-0.712044843906) (3,4,-0.999999987381) (4,4,-0.000158867758) (12,4,0.999999987381) (13,4,0.000158867758) (3,5,-0.705096229512) (4,5,-0.709111632346) (15,5,0.705096229512) (16,5,0.709111632346) (3,6,-0.999999808132) (4,6,-0.000619463613) (21,6,0.999999808132) (22,6,0.000619463613) (6,7,-0.710193857595) (7,7,0.704006168037) (12,7,0.710193857595) (13,7,-0.704006168037) (6,8,-0.999978433935) (7,8,-0.006567470177) (15,8,0.999978433935) (16,8,0.006567470177) (9,9,-0.006401694438) (10,9,-0.999979508944) (12,9,0.006401694438) (13,9,0.999979508944) (9,10,-0.003151474211) (10,10,-0.999995034093) (15,10,0.003151474211) (16,10,0.999995034093) (9,11,-0.999996399936) (10,11,-0.002683303112) (18,11,0.999996399936) (19,11,0.002683303112) (9,12,-0.707161983132) (10,12,-0.707051574931) (21,12,0.707161983132) (22,12,0.707051574931) (12,13,0.000106292066) (13,13,-0.999999994351) (15,13,-0.000106292066) (16,13,0.999999994351) (12,14,-0.705561435934) (13,14,0.708648756524) (18,14,0.705561435934) (19,14,-0.708648756524) (15,15,-0.706500397552) (16,15,0.707712645259) (21,15,0.706500397552) (22,15,-0.707712645259) (18,16,-0.001023439286) (19,16,-0.999999476286) (24,16,0.001023439286) (25,16,0.999999476286) (21,17,-0.000186028541) (22,17,-0.999999982697) (24,17,0.000186028541) (25,17,0.999999982697) 
Q:
size: 18 18
(0,0,2.000000000000) (1,0,0.999987789762) (2,0,0.707826203362) (3,0,0.710436408646) (4,0,-0.002446993678) (5,0,-0.710723125331) (6,0,-0.002907587917) (0,1,0.999987789762) (1,1,2.000000000000) (2,1,0.704326814935) (7,1,0.705888246637) (8,1,-0.003913922852) (0,2,0.707826203362) (1,2,0.704326814935) (2,2,2.000000000000) (4,2,0.708116557712) (7,2,0.005645534710) (9,2,0.710726005284) (13,2,-0.706132789339) (14,2,0.000912873439) (0,3,0.710436408646) (3,3,2.000000000000) (4,3,0.702020860423) (5,3,-0.009847252427) (6,3,0.701692769663) (9,3,0.707535406096) (10,3,0.709828550795) (11,3,-0.700220830378) (12,3,0.006929963335) (0,4,-0.002446993678) (2,4,0.708116557712) (3,4,0.702020860423) (4,4,2.000000000000) (5,4,0.705208875589) (6,4,0.999999893926) (7,4,0.710082004751) (9,4,0.006560558859) (13,4,-0.000052575692) (14,4,-0.705448845592) (0,5,-0.710723125331) (3,5,-0.009847252427) (4,5,0.705208875589) (5,5,2.000000000000) (6,5,0.705535363081) (8,5,0.709738092858) (10,5,0.711330203547) (13,5,0.709036682205) (15,5,0.003696502649) (0,6,-0.002907587917) (3,6,0.701692769663) (4,6,0.999999893926) (5,6,0.705535363081) (6,6,2.000000000000) (12,6,0.707599840173) (15,6,0.706061859765) (17,6,-0.000805492108) (1,7,0.705888246637) (2,7,0.005645534710) (4,7,0.710082004751) (7,7,2.000000000000) (8,7,0.705555001995) (9,7,-0.699445298140) (13,7,0.704081652032) (14,7,-0.999978493521) (1,8,-0.003913922852) (5,8,0.709738092858) (7,8,0.705555001995) (8,8,2.000000000000) (10,8,0.009718843809) (13,8,0.006461180366) (15,8,-0.701837279427) (2,9,0.710726005284) (3,9,0.707535406096) (4,9,0.006560558859) (7,9,-0.699445298140) (9,9,2.000000000000) (10,9,0.999994717914) (11,9,0.009084919520) (12,9,0.711564121632) (13,9,-0.999978822846) (14,9,0.704117446842) (3,10,0.709828550795) (5,10,0.711330203547) (8,10,0.009718843809) (9,10,0.999994717914) (10,10,2.000000000000) (11,10,0.005834752653) (12,10,0.709276666532) (13,10,0.999994693467) (15,10,0.705482613041) (3,11,-0.700220830378) (9,11,0.009084919520) (10,11,0.005834752653) (11,11,2.000000000000) (12,11,0.709056670995) (14,11,0.703657376454) (16,11,-0.003706737308) (3,12,0.006929963335) (6,12,0.707599840173) (9,12,0.711564121632) (10,12,0.709276666532) (11,12,0.709056670995) (12,12,2.000000000000) (15,12,-0.000779118213) (17,12,-0.707183115009) (2,13,-0.706132789339) (4,13,-0.000052575692) (5,13,0.709036682205) (7,13,0.704081652032) (8,13,0.006461180366) (9,13,-0.999978822846) (10,13,0.999994693467) (13,13,2.000000000000) (14,13,-0.708723748103) (15,13,0.707787736648) (2,14,0.000912873439) (4,14,-0.705448845592) (7,14,-0.999978493521) (9,14,0.704117446842) (11,14,0.703657376454) (13,14,-0.708723748103) (14,14,2.000000000000) (16,14,0.707926286102) (5,15,0.003696502649) (6,15,0.706061859765) (8,15,-0.701837279427) (10,15,0.705482613041) (12,15,-0.000779118213) (13,15,0.707787736648) (15,15,2.000000000000) (17,15,0.707581203775) (11,16,-0.003706737308) (14,16,0.707926286102) (16,16,2.000000000000) (17,16,0.999999649371) (6,17,-0.000805492108) (12,17,-0.707183115009) (15,17,0.707581203775) (16,17,0.999999649371) (17,17,2.000000000000) 
Minv:
size: 27 27
(0,0,1.000000000000) (1,1,1.000000000000) (2,2,2.000000000000) (3,3,1.000000000000) (4,4,1.000000000000) (5,5,2.000000000000) (6,6,1.000000000000) (7,7,1.000000000000) (8,8,2.000000000000) (9,9,1.000000000000) (10,10,1.000000000000) (11,11,2.000000000000) (12,12,1.000000000000) (13,13,1.000000000000) (14,14,2.000000000000) (15,15,1.000000000000) (16,16,1.000000000000) (17,17,2.000000000000) (18,18,1.000000000000) (19,19,1.000000000000) (20,20,2.000000000000) (21,21,1.000000000000) (22,22,1.000000000000) (23,23,2.000000000000) (24,24,1.000000000000) (25,25,1.000000000000) (26,26,2.000000000000) 
v0:
size: 27 1
(0,0,-0.920610993365) (1,0,0.525895702156) (2,0,0.000000000000) (3,0,0.590700385539) (4,0,-0.585364031552) (5,0,0.000000000000) (6,0,0.439066649441) (7,0,-0.463073458760) (8,0,0.000000000000) (9,0,0.297879770950) (10,0,0.341291812550) (11,0,0.000000000000) (12,0,-0.321828293869) (13,0,-0.283641683583) (14,0,0.000000000000) (15,0,0.175255601101) (16,0,-0.619060316701) (17,0,0.000000000000) (18,0,-0.843114962332) (19,0,0.142871087545) (20,0,0.000000000000) (21,0,0.017341751439) (22,0,0.295391135666) (23,0,0.000000000000) (24,0,0.308596414446) (25,0,-0.894587836461) (26,0,0.000000000000) 
ipopt_sol:
size: 18 1
(0,0,0.874020740256) (1,0,0.301939757480) (2,0,0.000000000000) (3,0,0.236290540513) (4,0,0.919269934064) (5,0,0.000000000000) (6,0,0.000000000000) (7,0,0.718859140069) (8,0,0.045071262935) (9,0,0.854477742053) (10,0,0.000000000000) (11,0,0.874863301444) (12,0,0.000000000000) (13,0,0.821580990163) (14,0,0.982824114688) (15,0,0.102308898180) (16,0,0.150871148679) (17,0,1.078293291770) 
policy_sol:
size: 18 1
(0,0,0.955193817427) (1,0,0.237679543684) (2,0,0.000000000000) (3,0,0.099222495702) (4,0,1.208847976788) (5,0,0.000000000000) (6,0,0.000000000000) (7,0,0.785616223701) (8,0,-0.012490884378) (9,0,0.000000000000) (10,0,0.000000000000) (11,0,0.000000000000) (12,0,0.743682352091) (13,0,0.669199801807) (14,0,1.726376279909) (15,0,0.004342392196) (16,0,0.000000000000) (17,0,1.451348273473) 

policy_converges:
0
ipopt_converges:
0
