solve status: 0
N:
size: 27 11
(0,0,-0.001338442712) (1,0,-0.999999104285) (3,0,0.001338442712) (4,0,0.999999104285) (0,1,-0.002484638340) (1,1,-0.999996913281) (6,1,0.002484638340) (7,1,0.999996913281) (0,2,-0.706816489691) (1,2,-0.707396953556) (12,2,0.706816489691) (13,2,0.707396953556) (3,3,-0.999997727420) (4,3,0.002131936746) (12,3,0.999997727420) (13,3,-0.002131936746) (3,4,-0.706578568750) (4,4,-0.707634599341) (15,4,0.706578568750) (16,4,0.707634599341) (3,5,-0.999999125980) (4,5,-0.001322134575) (21,5,0.999999125980) (22,5,0.001322134575) (6,6,-0.706543030434) (7,6,0.707670082839) (12,6,0.706543030434) (13,6,-0.707670082839) (6,7,-0.999969286359) (7,7,-0.007837495697) (15,7,0.999969286359) (16,7,0.007837495697) (6,8,-0.999999998746) (7,8,0.000050071851) (24,8,0.999999998746) (25,8,-0.000050071851) (18,9,0.006016053578) (19,9,-0.999981903386) (21,9,-0.006016053578) (22,9,0.999981903386) (18,10,0.000005808901) (19,10,-0.999999999983) (24,10,-0.000005808901) (25,10,0.999999999983) 
Q:
size: 11 11
(0,0,2.000000000000) (1,0,0.999999343115) (2,0,0.708342353309) (3,0,0.000793495166) (4,0,-0.708579680437) (5,0,-0.002660574933) (0,1,0.999999343115) (1,1,2.000000000000) (2,1,0.709150953371) (6,1,0.705912394558) (7,1,-0.010322033533) (8,1,-0.002434566641) (0,2,0.708342353309) (1,2,0.709150953371) (2,2,2.000000000000) (3,2,0.705306757835) (6,2,-0.001207396136) (0,3,0.000793495166) (2,3,0.705306757835) (3,3,2.000000000000) (4,3,0.705068330789) (5,3,0.999994034695) (6,3,0.708050132612) (0,4,-0.708579680437) (3,4,0.705068330789) (4,4,2.000000000000) (5,4,0.707513539356) (7,4,0.712102950277) (0,5,-0.002660574933) (3,5,0.999994034695) (4,5,0.707513539356) (5,5,2.000000000000) (9,5,-0.004693937671) (1,6,0.705912394558) (2,6,-0.001207396136) (3,6,0.708050132612) (6,6,2.000000000000) (7,6,0.700974968696) (8,6,0.706578463899) (1,7,-0.010322033533) (4,7,0.712102950277) (6,7,0.700974968696) (7,7,2.000000000000) (8,7,0.999968892667) (1,8,-0.002434566641) (6,8,0.706578463899) (7,8,0.999968892667) (8,8,2.000000000000) (10,8,-0.000055880753) (5,9,-0.004693937671) (9,9,2.000000000000) (10,9,0.999981938316) (8,10,-0.000055880753) (9,10,0.999981938316) (10,10,2.000000000000) 
Minv:
size: 27 27
(0,0,1.000000000000) (1,1,1.000000000000) (2,2,2.000000000000) (3,3,1.000000000000) (4,4,1.000000000000) (5,5,2.000000000000) (6,6,1.000000000000) (7,7,1.000000000000) (8,8,2.000000000000) (9,9,1.000000000000) (10,10,1.000000000000) (11,11,2.000000000000) (12,12,1.000000000000) (13,13,1.000000000000) (14,14,2.000000000000) (15,15,1.000000000000) (16,16,1.000000000000) (17,17,2.000000000000) (18,18,1.000000000000) (19,19,1.000000000000) (20,20,2.000000000000) (21,21,1.000000000000) (22,22,1.000000000000) (23,23,2.000000000000) (24,24,1.000000000000) (25,25,1.000000000000) (26,26,2.000000000000) 
v0:
size: 27 1
(0,0,-0.413233184412) (1,0,0.054241712773) (2,0,0.000000000000) (3,0,0.655097672608) (4,0,-0.285324397811) (5,0,0.000000000000) (6,0,0.583765991626) (7,0,-0.144033406562) (8,0,0.000000000000) (9,0,0.711699102800) (10,0,-0.840926878764) (11,0,0.000000000000) (12,0,-0.663631580659) (13,0,-0.335584190624) (14,0,0.000000000000) (15,0,-0.660968014018) (16,0,0.960002664329) (17,0,0.000000000000) (18,0,0.944431874773) (19,0,0.305073120306) (20,0,0.000000000000) (21,0,0.614003617118) (22,0,-0.641880527771) (23,0,0.000000000000) (24,0,0.349430808341) (25,0,0.183795843363) (26,0,0.000000000000) 
ipopt_sol:
size: 11 1
(0,0,0.315365176802) (1,0,0.044495270539) (2,0,0.000000000000) (3,0,1.318494000870) (4,0,0.000000000000) (5,0,0.000000000000) (6,0,0.000000000000) (7,0,1.236272550277) (8,0,0.000000000000) (9,0,0.944948642297) (10,0,0.000000000000) 
policy_sol:
size: 11 1
(0,0,0.315365181581) (1,0,0.044495261023) (2,0,0.000000000000) (3,0,1.318493985277) (4,0,0.000000000000) (5,0,0.000000000000) (6,0,0.000000000000) (7,0,1.236272538163) (8,0,0.000000000000) (9,0,0.944948637321) (10,0,0.000000000000) 

policy_converges:
1
ipopt_converges:
0
