solve status: 0
N:
size: 27 11
(0,0,0.002485894034) (1,0,-0.999996910161) (3,0,-0.002485894034) (4,0,0.999996910161) (0,1,0.000956666560) (1,1,-0.999999542394) (6,1,-0.000956666560) (7,1,0.999999542394) (3,2,-0.999999093009) (4,2,-0.001346841044) (12,2,0.999999093009) (13,2,0.001346841044) (3,3,-0.999997857873) (4,3,0.002069842836) (21,3,0.999997857873) (22,3,-0.002069842836) (6,4,-0.710290878255) (7,4,0.703908281147) (12,4,0.710290878255) (13,4,-0.703908281147) (6,5,-0.999990633945) (7,5,0.004328050524) (15,5,0.999990633945) (16,5,-0.004328050524) (6,6,-0.999999330092) (7,6,0.001157503830) (24,6,0.999999330092) (25,6,-0.001157503830) (9,7,-0.707880876927) (10,7,-0.706331837086) (21,7,0.707880876927) (22,7,0.706331837086) (12,8,0.005324929937) (13,8,-0.999985822460) (15,8,-0.005324929937) (16,8,0.999985822460) (12,9,-0.999984627996) (13,9,0.005544706630) (21,9,0.999984627996) (22,9,-0.005544706630) (15,10,-0.999997941619) (16,10,-0.002028979290) (24,10,0.999997941619) (25,10,0.002028979290) 
Q:
size: 11 11
(0,0,2.000000000000) (1,0,0.999998830728) (2,0,0.001139054897) (3,0,0.004555725149) (0,1,0.999998830728) (1,1,2.000000000000) (4,1,0.704587470566) (5,1,0.005284706144) (6,1,0.002114169219) (0,2,0.001139054897) (2,2,2.000000000000) (3,2,0.999994163135) (4,2,0.709342181464) (8,2,0.003978103158) (9,2,-0.999976253181) (0,3,0.004555725149) (2,3,0.999994163135) (3,3,2.000000000000) (7,3,0.706417364663) (9,3,0.999993962573) (1,4,0.704587470566) (2,4,0.709342181464) (4,4,2.000000000000) (5,4,0.713330776237) (6,4,0.711105178957) (8,4,0.707680550621) (9,4,-0.714182924574) (1,5,0.005284706144) (4,5,0.713330776237) (5,5,2.000000000000) (6,5,0.999994973779) (8,5,-0.009652869226) (10,5,-0.999979794059) (1,6,0.002114169219) (4,6,0.711105178957) (5,6,0.999994973779) (6,6,2.000000000000) (10,6,0.999994923162) (3,7,0.706417364663) (7,7,2.000000000000) (9,7,0.703953592559) (2,8,0.003978103158) (4,8,0.707680550621) (5,8,-0.009652869226) (8,8,2.000000000000) (9,8,-0.010869476101) (10,8,0.003295968452) (2,9,-0.999976253181) (3,9,0.999993962573) (4,9,-0.714182924574) (7,9,0.703953592559) (8,9,-0.010869476101) (9,9,2.000000000000) (5,10,-0.999979794059) (6,10,0.999994923162) (8,10,0.003295968452) (10,10,2.000000000000) 
Minv:
size: 27 27
(0,0,1.000000000000) (1,1,1.000000000000) (2,2,2.000000000000) (3,3,1.000000000000) (4,4,1.000000000000) (5,5,2.000000000000) (6,6,1.000000000000) (7,7,1.000000000000) (8,8,2.000000000000) (9,9,1.000000000000) (10,10,1.000000000000) (11,11,2.000000000000) (12,12,1.000000000000) (13,13,1.000000000000) (14,14,2.000000000000) (15,15,1.000000000000) (16,16,1.000000000000) (17,17,2.000000000000) (18,18,1.000000000000) (19,19,1.000000000000) (20,20,2.000000000000) (21,21,1.000000000000) (22,22,1.000000000000) (23,23,2.000000000000) (24,24,1.000000000000) (25,25,1.000000000000) (26,26,2.000000000000) 
v0:
size: 27 1
(0,0,-0.642277970637) (1,0,0.090796424837) (2,0,0.000000000000) (3,0,-0.243514617527) (4,0,-0.920111478980) (5,0,0.000000000000) (6,0,0.603935477707) (7,0,-0.704661814711) (8,0,0.000000000000) (9,0,0.235726429290) (10,0,-0.996665025385) (11,0,0.000000000000) (12,0,-0.628767528442) (13,0,0.378215222278) (14,0,0.000000000000) (15,0,-0.263385842938) (16,0,-0.136622039330) (17,0,0.000000000000) (18,0,0.852349536785) (19,0,-0.761500191977) (20,0,0.000000000000) (21,0,-0.875630328038) (22,0,-0.750774487110) (23,0,0.000000000000) (24,0,-0.682801301266) (25,0,0.936818389814) (26,0,0.000000000000) 
ipopt_sol:
size: 11 1
(0,0,1.011395587221) (1,0,0.000000000000) (2,0,0.000000000000) (3,0,0.219715405194) (4,0,1.607086296368) (5,0,0.000000000000) (6,0,0.678151045720) (7,0,0.328054974776) (8,0,0.000000000000) (9,0,0.589151100280) (10,0,0.078162800209) 
policy_sol:
size: 11 1
(0,0,1.011395582233) (1,0,0.000000000000) (2,0,0.000000000000) (3,0,0.219715397507) (4,0,1.607086285613) (5,0,0.000000000000) (6,0,0.678151040833) (7,0,0.328054975849) (8,0,0.000000000000) (9,0,0.589151104946) (10,0,0.078162807627) 

policy_converges:
1
ipopt_converges:
0
