solve status: 0
N:
size: 27 18
(0,0,-0.004216166771) (1,0,-0.999991111929) (6,0,0.004216166771) (7,0,0.999991111929) (0,1,-0.999998919004) (1,1,-0.001470371304) (9,1,0.999998919004) (10,1,0.001470371304) (0,2,-0.999999581593) (1,2,0.000914774840) (18,2,0.999999581593) (19,2,-0.000914774840) (3,3,-0.002993925086) (4,3,-0.999995518196) (6,3,0.002993925086) (7,3,0.999995518196) (3,4,-0.708271719330) (4,4,0.705939920671) (9,4,0.708271719330) (10,4,-0.705939920671) (3,5,-0.999989985312) (4,5,-0.004475407867) (12,5,0.999989985312) (13,5,0.004475407867) (3,6,-0.707628707707) (4,6,-0.706584469140) (15,6,0.707628707707) (16,6,0.706584469140) (3,7,-0.999999192444) (4,7,-0.001270870102) (21,7,0.999999192444) (22,7,0.001270870102) (6,8,-0.706302021731) (7,8,0.707910625785) (12,8,0.706302021731) (13,8,-0.707910625785) (9,9,0.001596812165) (10,9,-0.999998725095) (12,9,-0.001596812165) (13,9,0.999998725095) (9,10,-0.001937602397) (10,10,-0.999998122847) (15,10,0.001937602397) (16,10,0.999998122847) (9,11,-0.999994505429) (10,11,0.003314983059) (18,11,0.999994505429) (19,11,-0.003314983059) (12,12,-0.005483462716) (13,12,-0.999984965705) (15,12,0.005483462716) (16,12,0.999984965705) (12,13,-0.999998151381) (13,13,0.001922819315) (21,13,0.999998151381) (22,13,-0.001922819315) (12,14,-0.707930456949) (13,14,-0.706282144843) (24,14,0.707930456949) (25,14,0.706282144843) (15,15,-0.705859760636) (16,15,0.708351606418) (21,15,0.705859760636) (22,15,-0.708351606418) (15,16,-0.999999390460) (16,16,0.001104119393) (24,16,0.999999390460) (25,16,-0.001104119393) (21,17,0.002655235636) (22,17,-0.999996474856) (24,17,-0.002655235636) (25,17,0.999996474856) 
Q:
size: 18 18
(0,0,2.000000000000) (1,0,0.005686520449) (2,0,0.003301398298) (3,0,0.999999253053) (8,0,0.704926446710) (0,1,0.005686520449) (1,1,2.000000000000) (2,1,0.999997155539) (4,1,0.707232959889) (9,1,0.000126441010) (10,1,-0.003407968846) (11,1,-0.999988550182) (0,2,0.003301398298) (1,2,0.999997155539) (2,2,2.000000000000) (11,2,0.999997119487) (0,3,0.999999253053) (3,3,2.000000000000) (4,3,-0.703816244319) (5,3,0.007469282912) (6,3,0.708699889706) (7,3,0.004264787074) (8,3,0.705792837727) (1,4,0.707232959889) (3,4,-0.703816244319) (4,4,2.000000000000) (5,4,0.705105257135) (6,4,0.002387217362) (7,4,0.707373989422) (9,4,0.707069997563) (10,4,0.704566246533) (11,4,-0.710608006558) (3,5,0.007469282912) (4,5,0.705105257135) (5,5,2.000000000000) (6,5,0.710783874718) (7,5,0.999994865426) (8,5,0.703126759553) (9,5,0.002878605988) (12,5,-0.009958748383) (13,5,-0.999979531311) (14,5,-0.711084267914) (3,6,0.708699889706) (4,6,0.002387217362) (5,6,0.710783874718) (6,6,2.000000000000) (7,6,0.708526113333) (10,6,0.707954245853) (12,6,0.710454101776) (15,6,0.001023613544) (16,6,-0.706848122763) (3,7,0.004264787074) (4,7,0.707373989422) (5,7,0.999994865426) (6,7,0.708526113333) (7,7,2.000000000000) (13,7,0.999994900173) (15,7,0.704958967736) (17,7,0.001384367869) (0,8,0.704926446710) (3,8,0.705792837727) (5,8,0.703126759553) (8,8,2.000000000000) (9,8,-0.709037554926) (12,8,0.704027002045) (13,8,-0.707661900272) (14,8,-0.000028077852) (1,9,0.000126441010) (4,9,0.707069997563) (5,9,0.002878605988) (8,9,-0.709037554926) (9,9,2.000000000000) (10,9,0.999993753957) (11,9,-0.004911782224) (12,9,-0.999974934759) (13,9,0.003519626077) (14,9,-0.705150812434) (1,10,-0.003407968846) (4,10,0.704566246533) (6,10,0.707954245853) (9,10,0.999993753957) (10,10,2.000000000000) (11,10,-0.001377385085) (12,10,0.999993713351) (15,10,0.706982601169) (16,10,-0.000833483895) (1,11,-0.999988550182) (2,11,0.999997119487) (4,11,-0.710608006558) (9,11,-0.004911782224) (10,11,-0.001377385085) (11,11,2.000000000000) (5,12,-0.009958748383) (6,12,0.710454101776) (8,12,0.704027002045) (9,12,-0.999974934759) (10,12,0.999993713351) (12,12,2.000000000000) (13,12,0.003560662172) (14,12,0.710153436655) (15,12,0.704470401171) (16,12,-0.004379356579) (5,13,-0.999979531311) (7,13,0.999994900173) (8,13,-0.707661900272) (9,13,0.003519626077) (12,13,0.003560662172) (13,13,2.000000000000) (14,13,0.706571095306) (15,13,0.707220487921) (17,13,0.004578043264) (5,14,-0.711084267914) (8,14,-0.000028077852) (9,14,-0.705150812434) (12,14,0.710153436655) (13,14,0.706571095306) (14,14,2.000000000000) (16,14,0.707150205624) (17,14,0.704399932920) (6,15,0.001023613544) (7,15,0.704958967736) (10,15,0.706982601169) (12,15,0.704470401171) (13,15,0.707220487921) (15,15,2.000000000000) (16,15,0.706641435132) (17,15,0.710223333366) (6,16,-0.706848122763) (10,16,-0.000833483895) (12,16,-0.004379356579) (14,16,0.707150205624) (15,16,0.706641435132) (16,16,2.000000000000) (17,16,-0.003759349518) (7,17,0.001384367869) (13,17,0.004578043264) (14,17,0.704399932920) (15,17,0.710223333366) (16,17,-0.003759349518) (17,17,2.000000000000) 
Minv:
size: 27 27
(0,0,1.000000000000) (1,1,1.000000000000) (2,2,2.000000000000) (3,3,1.000000000000) (4,4,1.000000000000) (5,5,2.000000000000) (6,6,1.000000000000) (7,7,1.000000000000) (8,8,2.000000000000) (9,9,1.000000000000) (10,10,1.000000000000) (11,11,2.000000000000) (12,12,1.000000000000) (13,13,1.000000000000) (14,14,2.000000000000) (15,15,1.000000000000) (16,16,1.000000000000) (17,17,2.000000000000) (18,18,1.000000000000) (19,19,1.000000000000) (20,20,2.000000000000) (21,21,1.000000000000) (22,22,1.000000000000) (23,23,2.000000000000) (24,24,1.000000000000) (25,25,1.000000000000) (26,26,2.000000000000) 
v0:
size: 27 1
(0,0,0.213957390022) (1,0,-0.658059021404) (2,0,0.000000000000) (3,0,0.686071295871) (4,0,0.963891339754) (5,0,0.000000000000) (6,0,-0.449349265395) (7,0,-0.957350570451) (8,0,0.000000000000) (9,0,-0.130363746245) (10,0,0.433018478230) (11,0,0.000000000000) (12,0,-0.073083243752) (13,0,-0.112708387620) (14,0,0.000000000000) (15,0,0.021075075903) (16,0,-0.595447479661) (17,0,0.000000000000) (18,0,-0.151901907059) (19,0,-0.923743312268) (20,0,0.000000000000) (21,0,-0.329995752458) (22,0,0.718016243222) (23,0,0.000000000000) (24,0,-0.432996460235) (25,0,-0.022906954269) (26,0,0.000000000000) 
ipopt_sol:
size: 18 1
(0,0,0.000000000000) (1,0,0.000000000000) (2,0,0.302524831164) (3,0,1.798073955929) (4,0,0.730919227567) (5,0,0.134010457986) (6,0,1.081627508841) (7,0,0.000000000000) (8,0,0.000000000000) (9,0,0.287461309541) (10,0,0.000000000000) (11,0,0.126182916557) (12,0,0.000000000000) (13,0,0.038527567918) (14,0,0.000000000000) (15,0,0.807211906608) (16,0,0.552627065936) (17,0,0.454947301196) 
policy_sol:
size: 18 1
(0,0,0.000000000000) (1,0,0.000000000000) (2,0,0.302524827005) (3,0,1.798073942211) (4,0,0.730919202754) (5,0,0.134010467339) (6,0,1.081627498684) (7,0,0.000000000000) (8,0,0.000000000000) (9,0,0.287461325358) (10,0,0.000000000000) (11,0,0.126182914857) (12,0,0.000000000000) (13,0,0.038527571434) (14,0,0.000000000000) (15,0,0.807211895969) (16,0,0.552627062596) (17,0,0.454947301432) 

policy_converges:
1
ipopt_converges:
0
