solve status: 0
N:
size: 27 16
(0,0,-0.999990447704) (1,0,0.004370869653) (9,0,0.999990447704) (10,0,-0.004370869653) (0,1,-0.709512455176) (1,1,-0.704692894778) (12,1,0.709512455176) (13,1,0.704692894778) (0,2,-0.999998395377) (1,2,0.001791435872) (18,2,0.999998395377) (19,2,-0.001791435872) (3,3,-0.705775093082) (4,3,0.708435966045) (9,3,0.705775093082) (10,3,-0.708435966045) (3,4,-0.708918018508) (4,4,-0.705290892494) (15,4,0.708918018508) (16,4,0.705290892494) (6,5,-0.999983162496) (7,5,0.005802992735) (15,5,0.999983162496) (16,5,-0.005802992735) (6,6,-0.999999989347) (7,6,0.000145962746) (24,6,0.999999989347) (25,6,-0.000145962746) (9,7,0.001048314024) (10,7,-0.999999450519) (12,7,-0.001048314024) (13,7,0.999999450519) (9,8,0.002888452310) (10,8,-0.999995828413) (15,8,-0.002888452310) (16,8,0.999995828413) (12,9,0.004726833586) (13,9,-0.999988828460) (15,9,-0.004726833586) (16,9,0.999988828460) (12,10,-0.708821816860) (13,10,0.705387575694) (18,10,0.708821816860) (19,10,-0.705387575694) (12,11,-0.705407700125) (13,11,-0.708801789363) (24,11,0.705407700125) (25,11,0.708801789363) (15,12,-0.999985223509) (16,12,-0.005436245348) (24,12,0.999985223509) (25,12,0.005436245348) (18,13,0.001356485771) (19,13,-0.999999079973) (21,13,-0.001356485771) (22,13,0.999999079973) (18,14,0.001237454592) (19,14,-0.999999234353) (24,14,-0.001237454592) (25,14,0.999999234353) (21,15,0.001118782194) (22,15,-0.999999374163) (24,15,-0.001118782194) (25,15,0.999999374163) 
Q:
size: 16 16
(0,0,2.000000000000) (1,0,0.706425556914) (2,0,0.999996673229) (3,0,0.708864832574) (7,0,0.005419171261) (8,0,0.007259276138) (0,1,0.706425556914) (1,1,2.000000000000) (2,1,0.708248904546) (7,1,0.703948715705) (9,1,-0.701331274969) (10,1,-0.005836294907) (11,1,-0.999983133986) (0,2,0.999996673229) (1,2,0.708248904546) (2,2,2.000000000000) (10,2,0.710084336076) (13,2,0.003147917818) (14,2,0.003028887106) (0,3,0.708864832574) (3,3,2.000000000000) (4,3,0.000683245733) (7,3,0.709175450700) (8,3,0.710471608440) (3,4,0.000683245733) (4,4,2.000000000000) (5,4,0.704813284172) (8,4,0.703240274424) (9,4,0.701932075809) (12,4,-0.712741677521) (4,5,0.704813284172) (5,5,2.000000000000) (6,5,0.999983998864) (8,5,-0.008691372203) (9,5,-0.010529681905) (12,5,-0.999936839762) (5,6,0.999983998864) (6,6,2.000000000000) (11,6,0.705304233956) (12,6,0.999984419367) (14,6,-0.001383417212) (15,6,-0.001264744836) (0,7,0.005419171261) (1,7,0.703948715705) (3,7,0.709175450700) (7,7,2.000000000000) (8,7,0.999998306939) (9,7,-0.999993234191) (10,7,0.706130255947) (11,7,-0.708061911105) (0,8,0.007259276138) (3,8,0.710471608440) (4,8,0.703240274424) (5,8,-0.008691372203) (7,8,0.999998306939) (8,8,2.000000000000) (9,8,0.999998310153) (12,8,-0.002547813042) (1,9,-0.701331274969) (4,9,0.701932075809) (5,9,-0.010529681905) (7,9,-0.999993234191) (8,9,0.999998310153) (9,9,2.000000000000) (10,9,-0.708730178199) (11,9,0.705459526146) (12,9,-0.000709420877) (1,10,-0.005836294907) (2,10,0.710084336076) (7,10,0.706130255947) (9,10,-0.708730178199) (10,10,2.000000000000) (11,10,0.000028391784) (13,10,0.706348433426) (14,10,0.706264170428) (1,11,-0.999983133986) (6,11,0.705304233956) (7,11,-0.708061911105) (9,11,0.705459526146) (10,11,0.000028391784) (11,11,2.000000000000) (12,11,0.709250497105) (14,11,0.707928336673) (15,11,0.708012148194) (4,12,-0.712741677521) (5,12,-0.999936839762) (6,12,0.999984419367) (8,12,-0.002547813042) (9,12,-0.000709420877) (11,12,0.709250497105) (12,12,2.000000000000) (14,12,0.004198804880) (15,12,0.004317476284) (2,13,0.003147917818) (10,13,0.706348433426) (13,13,2.000000000000) (14,13,0.999999992916) (15,13,-0.999999971748) (2,14,0.003028887106) (6,14,-0.001383417212) (10,14,0.706264170428) (11,14,0.707928336673) (12,14,0.004198804880) (13,14,0.999999992916) (14,14,2.000000000000) (15,14,0.999999992958) (6,15,-0.001264744836) (11,15,0.708012148194) (12,15,0.004317476284) (13,15,-0.999999971748) (14,15,0.999999992958) (15,15,2.000000000000) 
Minv:
size: 27 27
(0,0,1.000000000000) (1,1,1.000000000000) (2,2,2.000000000000) (3,3,1.000000000000) (4,4,1.000000000000) (5,5,2.000000000000) (6,6,1.000000000000) (7,7,1.000000000000) (8,8,2.000000000000) (9,9,1.000000000000) (10,10,1.000000000000) (11,11,2.000000000000) (12,12,1.000000000000) (13,13,1.000000000000) (14,14,2.000000000000) (15,15,1.000000000000) (16,16,1.000000000000) (17,17,2.000000000000) (18,18,1.000000000000) (19,19,1.000000000000) (20,20,2.000000000000) (21,21,1.000000000000) (22,22,1.000000000000) (23,23,2.000000000000) (24,24,1.000000000000) (25,25,1.000000000000) (26,26,2.000000000000) 
v0:
size: 27 1
(0,0,0.265244843314) (1,0,0.641615709996) (2,0,0.000000000000) (3,0,0.537033074955) (4,0,0.817352420799) (5,0,0.000000000000) (6,0,0.206905615584) (7,0,0.948728031979) (8,0,0.000000000000) (9,0,-0.557193245668) (10,0,0.613561704445) (11,0,0.000000000000) (12,0,0.756211502090) (13,0,-0.071872815029) (14,0,0.000000000000) (15,0,-0.224597211045) (16,0,-0.911911471574) (17,0,0.000000000000) (18,0,-0.224771527734) (19,0,0.280252040556) (20,0,0.000000000000) (21,0,0.800263932859) (22,0,-0.571496873468) (23,0,0.000000000000) (24,0,-0.820294929040) (25,0,-0.610405621899) (26,0,0.000000000000) 
ipopt_sol:
size: 16 1
(0,0,0.598658600809) (1,0,0.622147031060) (2,0,0.000000000000) (3,0,0.000000000000) (4,0,1.726802844806) (5,0,0.000000000000) (6,0,0.141167612294) (7,0,0.634544007016) (8,0,0.600442062526) (9,0,0.000000000000) (10,0,0.480052636925) (11,0,1.802230234731) (12,0,0.500497884834) (13,0,0.683596362397) (14,0,0.000000000000) (15,0,0.000000000000) 
policy_sol:
size: 16 1
(0,0,0.598658595296) (1,0,0.622147022557) (2,0,0.000000000000) (3,0,0.000000000000) (4,0,1.726802848089) (5,0,0.000000000000) (6,0,0.141167604902) (7,0,0.634544016292) (8,0,0.600442048302) (9,0,0.000000000000) (10,0,0.480052629090) (11,0,1.802230220527) (12,0,0.500497899674) (13,0,0.683596365148) (14,0,0.000000000000) (15,0,0.000000000000) 

policy_converges:
1
ipopt_converges:
0
