solve status: 0
N:
size: 27 11
(0,0,-0.999999998890) (1,0,-0.000047108289) (9,0,0.999999998890) (10,0,0.000047108289) (0,1,-0.705852269706) (1,1,-0.708359070917) (12,1,0.705852269706) (13,1,0.708359070917) (0,2,-0.999997613280) (1,2,0.002184818856) (18,2,0.999997613280) (19,2,-0.002184818856) (3,3,-0.709030149776) (4,3,0.705178166642) (9,3,0.709030149776) (10,3,-0.705178166642) (6,4,-0.999999233640) (7,4,0.001238030497) (15,4,0.999999233640) (16,4,-0.001238030497) (6,5,-0.999997236416) (7,5,0.002350991528) (24,5,0.999997236416) (25,5,-0.002350991528) (12,6,-0.705458790205) (13,6,0.708750940262) (18,6,0.705458790205) (19,6,-0.708750940262) (12,7,-0.707609095662) (13,7,-0.706604109623) (24,7,0.707609095662) (25,7,0.706604109623) (18,8,0.004266193677) (19,8,-0.999990899754) (21,8,-0.004266193677) (22,8,0.999990899754) (18,9,0.001973934155) (19,9,-0.999998051790) (24,9,-0.001973934155) (25,9,0.999998051790) (21,10,-0.000325517261) (22,10,-0.999999947019) (24,10,0.000325517261) (25,10,0.999999947019) 
Q:
size: 11 11
(0,0,2.000000000000) (1,0,0.705885638507) (2,0,0.999997509248) (3,0,0.708996929253) (0,1,0.705885638507) (1,1,2.000000000000) (2,1,0.704302948780) (6,1,0.004100469305) (7,1,-0.999996916837) (0,2,0.999997509248) (1,2,0.704302948780) (2,2,2.000000000000) (6,2,0.707005598891) (8,2,0.006450982468) (9,2,0.004158744043) (0,3,0.708996929253) (3,3,2.000000000000) (4,4,2.000000000000) (5,4,0.999999380657) (4,5,0.999999380657) (5,5,2.000000000000) (7,5,0.705945919849) (9,5,-0.004324915647) (10,5,-0.002025475042) (1,6,0.004100469305) (2,6,0.707005598891) (6,6,2.000000000000) (7,6,-0.001617270525) (8,6,0.711754114284) (9,6,0.710142088668) (1,7,-0.999996916837) (5,7,0.705945919849) (6,7,-0.001617270525) (7,7,2.000000000000) (9,7,0.705205959248) (10,7,0.706834411162) (2,8,0.006450982468) (6,8,0.711754114284) (8,8,2.000000000000) (9,8,0.999997372748) (10,8,-0.999989458054) (2,9,0.004158744043) (5,9,-0.004324915647) (6,9,0.710142088668) (7,9,0.705205959248) (8,9,0.999997372748) (9,9,2.000000000000) (10,9,0.999997356260) (5,10,-0.002025475042) (7,10,0.706834411162) (8,10,-0.999989458054) (9,10,0.999997356260) (10,10,2.000000000000) 
Minv:
size: 27 27
(0,0,1.000000000000) (1,1,1.000000000000) (2,2,2.000000000000) (3,3,1.000000000000) (4,4,1.000000000000) (5,5,2.000000000000) (6,6,1.000000000000) (7,7,1.000000000000) (8,8,2.000000000000) (9,9,1.000000000000) (10,10,1.000000000000) (11,11,2.000000000000) (12,12,1.000000000000) (13,13,1.000000000000) (14,14,2.000000000000) (15,15,1.000000000000) (16,16,1.000000000000) (17,17,2.000000000000) (18,18,1.000000000000) (19,19,1.000000000000) (20,20,2.000000000000) (21,21,1.000000000000) (22,22,1.000000000000) (23,23,2.000000000000) (24,24,1.000000000000) (25,25,1.000000000000) (26,26,2.000000000000) 
v0:
size: 27 1
(0,0,0.577367503052) (1,0,-0.814361569226) (2,0,0.000000000000) (3,0,-0.339488395769) (4,0,-0.632244613829) (5,0,0.000000000000) (6,0,0.293705283823) (7,0,0.850877314075) (8,0,0.000000000000) (9,0,-0.713114151577) (10,0,-0.617147221701) (11,0,0.000000000000) (12,0,-0.297506640779) (13,0,-0.438264668016) (14,0,0.000000000000) (15,0,-0.922537431453) (16,0,0.050487640093) (17,0,0.000000000000) (18,0,0.136490700134) (19,0,0.450977180387) (20,0,0.000000000000) (21,0,0.260959581278) (22,0,-0.627098823572) (23,0,0.000000000000) (24,0,-0.465766015025) (25,0,-0.961256550443) (26,0,0.000000000000) 
ipopt_sol:
size: 11 1
(0,0,1.290472374840) (1,0,0.000000000000) (2,0,0.000000000000) (3,0,0.000000000000) (4,0,1.118479167656) (5,0,0.193543537298) (6,0,0.000000000000) (7,0,0.010202639041) (8,0,1.658771960627) (9,0,0.000000000000) (10,0,1.160361733469) 
policy_sol:
size: 11 1
(0,0,1.290472362766) (1,0,0.000000000000) (2,0,0.000000000000) (3,0,0.000000000000) (4,0,1.118479169718) (5,0,0.193543533175) (6,0,0.000000000000) (7,0,0.010202647816) (8,0,1.658771943806) (9,0,0.000000000000) (10,0,1.160361716972) 

policy_converges:
1
ipopt_converges:
0
