solve status: 0
N:
size: 27 16
(0,0,0.000856085247) (1,0,-0.999999633559) (3,0,-0.000856085247) (4,0,0.999999633559) (0,1,-0.003891447778) (1,1,-0.999992428288) (6,1,0.003891447778) (7,1,0.999992428288) (0,2,-0.999993779628) (1,2,-0.003527138461) (9,2,0.999993779628) (10,2,0.003527138461) (0,3,-0.999998334567) (1,3,-0.001825065432) (18,3,0.999998334567) (19,3,0.001825065432) (3,4,-0.707027430570) (4,4,0.707186122900) (9,4,0.707027430570) (10,4,-0.707186122900) (3,5,-0.709702544698) (4,5,-0.704501453546) (15,5,0.709702544698) (16,5,0.704501453546) (3,6,-0.999998317249) (4,6,-0.001834529427) (21,6,0.999998317249) (22,6,0.001834529427) (6,7,-0.999998868133) (7,7,0.001504570577) (15,7,0.999998868133) (16,7,-0.001504570577) (6,8,-0.999998449634) (7,8,-0.001760889078) (24,8,0.999998449634) (25,8,0.001760889078) (9,9,-0.999999992059) (10,9,-0.000126022672) (18,9,0.999999992059) (19,9,0.000126022672) (9,10,-0.705877500778) (10,10,-0.708333928240) (21,10,0.705877500778) (22,10,0.708333928240) (12,11,-0.002648642799) (13,11,-0.999996492340) (15,11,0.002648642799) (16,11,0.999996492340) (12,12,-0.705895096124) (13,12,0.708316393477) (18,12,0.705895096124) (19,12,-0.708316393477) (12,13,-0.999999035790) (13,13,-0.001388675317) (21,13,0.999999035790) (22,13,0.001388675317) (12,14,-0.706524629009) (13,14,-0.707688454480) (24,14,0.706524629009) (25,14,0.707688454480) (18,15,0.000517191677) (19,15,-0.999999866256) (21,15,-0.000517191677) (22,15,0.999999866256) 
Q:
size: 16 16
(0,0,2.000000000000) (1,0,0.999988730439) (2,0,0.002671057246) (3,0,0.000968980941) (4,0,0.707791139511) (5,0,-0.703893629509) (6,0,-0.000978444948) (0,1,0.999988730439) (1,1,2.000000000000) (2,1,0.007418535326) (3,1,0.005716492910) (7,1,-0.002386884189) (8,1,-0.005652317490) (0,2,0.002671057246) (1,2,0.007418535326) (2,2,2.000000000000) (3,2,0.999998551463) (4,2,0.704528689223) (9,2,-0.999994216186) (10,2,-0.708371501799) (0,3,0.000968980941) (1,3,0.005716492910) (2,3,0.999998551463) (3,3,2.000000000000) (9,3,0.999998556625) (12,3,0.704601196738) (15,3,-0.001307874372) (0,4,0.707791139511) (2,4,0.704528689223) (4,4,2.000000000000) (5,4,0.003565515136) (6,4,0.705728887066) (9,4,-0.706938303470) (10,4,0.001849168758) (0,5,-0.703893629509) (4,5,0.003565515136) (5,5,2.000000000000) (6,5,0.710993779094) (7,5,0.708641769251) (11,5,0.706378730928) (0,6,-0.000978444948) (4,6,0.705728887066) (5,6,0.710993779094) (6,6,2.000000000000) (10,6,0.707175772398) (13,6,0.999999900607) (15,6,0.001317338375) (1,7,-0.002386884189) (5,7,0.708641769251) (7,7,2.000000000000) (8,7,0.999994668387) (11,7,0.001144074501) (1,8,-0.005652317490) (7,8,0.999994668387) (8,8,2.000000000000) (14,8,0.707769694507) (2,9,-0.999994216186) (3,9,0.999998556625) (4,9,-0.706938303470) (9,9,2.000000000000) (10,9,0.705966761307) (12,9,0.705805826594) (15,9,0.000391169017) (2,10,-0.708371501799) (4,10,0.001849168758) (6,10,0.707175772398) (9,10,0.705966761307) (10,10,2.000000000000) (13,10,0.706860466006) (15,10,0.707968759536) (5,11,0.706378730928) (7,11,0.001144074501) (11,11,2.000000000000) (12,11,-0.706444244981) (13,11,0.004037310690) (14,11,0.709557303520) (3,12,0.704601196738) (9,12,0.705805826594) (11,12,-0.706444244981) (12,12,2.000000000000) (13,12,0.704910794001) (14,12,-0.002535062874) (15,12,0.708681381813) (6,13,0.999999900607) (10,13,0.706860466006) (11,13,0.004037310690) (12,13,0.704910794001) (13,13,2.000000000000) (14,13,0.707506697259) (15,13,0.000871483953) (8,14,0.707769694507) (11,14,0.709557303520) (12,14,-0.002535062874) (13,14,0.707506697259) (14,14,2.000000000000) (3,15,-0.001307874372) (6,15,0.001317338375) (9,15,0.000391169017) (10,15,0.707968759536) (12,15,0.708681381813) (13,15,0.000871483953) (15,15,2.000000000000) 
Minv:
size: 27 27
(0,0,1.000000000000) (1,1,1.000000000000) (2,2,2.000000000000) (3,3,1.000000000000) (4,4,1.000000000000) (5,5,2.000000000000) (6,6,1.000000000000) (7,7,1.000000000000) (8,8,2.000000000000) (9,9,1.000000000000) (10,10,1.000000000000) (11,11,2.000000000000) (12,12,1.000000000000) (13,13,1.000000000000) (14,14,2.000000000000) (15,15,1.000000000000) (16,16,1.000000000000) (17,17,2.000000000000) (18,18,1.000000000000) (19,19,1.000000000000) (20,20,2.000000000000) (21,21,1.000000000000) (22,22,1.000000000000) (23,23,2.000000000000) (24,24,1.000000000000) (25,25,1.000000000000) (26,26,2.000000000000) 
v0:
size: 27 1
(0,0,-0.402324462380) (1,0,0.195153597924) (2,0,0.000000000000) (3,0,0.706982202021) (4,0,-0.038793894750) (5,0,0.000000000000) (6,0,-0.113039159437) (7,0,-0.028013112864) (8,0,0.000000000000) (9,0,-0.606874523340) (10,0,-0.461789773811) (11,0,0.000000000000) (12,0,0.909115717031) (13,0,0.914821707260) (14,0,0.000000000000) (15,0,-0.614542371176) (16,0,0.028047986571) (17,0,0.000000000000) (18,0,-0.984573349481) (19,0,-0.808844891896) (20,0,0.000000000000) (21,0,-0.247070328935) (22,0,-0.953539262228) (23,0,0.000000000000) (24,0,-0.454165540151) (25,0,-0.124232000176) (26,0,0.000000000000) 
ipopt_sol:
size: 16 1
(0,0,0.254467173469) (1,0,0.093647575767) (2,0,0.381004661116) (3,0,0.000000000000) (4,0,0.622569782717) (5,0,0.815871925846) (6,0,0.170414690293) (7,0,0.212573797988) (8,0,0.000000000000) (9,0,0.788274738205) (10,0,0.000000000000) (11,0,0.077791175099) (12,0,0.000000000000) (13,0,0.551241978827) (14,0,1.475915756192) (15,0,0.144569167979) 
policy_sol:
size: 16 1
(0,0,0.254467176089) (1,0,0.093647574482) (2,0,0.381004652291) (3,0,0.000000000000) (4,0,0.622569778128) (5,0,0.815871926832) (6,0,0.170414691367) (7,0,0.212573792634) (8,0,0.000000000000) (9,0,0.788274720154) (10,0,0.000000000000) (11,0,0.077791179233) (12,0,0.000000000000) (13,0,0.551241972158) (14,0,1.475915753559) (15,0,0.144569160908) 

policy_converges:
1
ipopt_converges:
0
