solve status: 0
N:
size: 27 12
(0,0,0.001229411135) (1,0,-0.999999244274) (3,0,-0.001229411135) (4,0,0.999999244274) (3,1,-0.708509524731) (4,1,0.705701249372) (9,1,0.708509524731) (10,1,-0.705701249372) (6,2,-0.705881755449) (7,2,0.708329688298) (12,2,0.705881755449) (13,2,-0.708329688298) (6,3,-0.999999544658) (7,3,0.000954297495) (15,3,0.999999544658) (16,3,-0.000954297495) (6,4,-0.999999637794) (7,4,0.000851123509) (24,4,0.999999637794) (25,4,-0.000851123509) (9,5,-0.999981450004) (10,5,-0.006090948079) (18,5,0.999981450004) (19,5,0.006090948079) (12,6,-0.001423918228) (13,6,-0.999998986228) (15,6,0.001423918228) (16,6,0.999998986228) (12,7,-0.709992195038) (13,7,0.704209544798) (18,7,0.709992195038) (19,7,-0.704209544798) (12,8,-0.999999998440) (13,8,-0.000055856262) (21,8,0.999999998440) (22,8,0.000055856262) (12,9,-0.708941211791) (13,9,-0.705267579167) (24,9,0.708941211791) (25,9,0.705267579167) (15,10,-0.999999719969) (16,10,0.000748372509) (24,10,0.999999719969) (25,10,-0.000748372509) (18,11,0.004303385043) (19,11,-0.999990740396) (21,11,-0.004303385043) (22,11,0.999990740396) 
Q:
size: 12 12
(0,0,2.000000000000) (1,0,0.706571765555) (0,1,0.706571765555) (1,1,2.000000000000) (5,1,-0.704197992212) (2,2,2.000000000000) (3,2,0.706557391279) (4,2,0.706484375825) (6,2,0.707323852314) (7,2,-0.999983064352) (8,2,-0.705842189700) (9,2,-0.000866702571) (2,3,0.706557391279) (3,3,2.000000000000) (4,3,0.999999994678) (6,3,0.000469621052) (10,3,-0.999999978797) (2,4,0.706484375825) (3,4,0.999999994678) (4,4,2.000000000000) (9,4,0.708340685191) (10,4,0.999999994721) (1,5,-0.704197992212) (5,5,2.000000000000) (7,5,0.705689720911) (11,5,-0.001787586465) (2,6,0.707323852314) (3,6,0.000469621052) (6,6,2.000000000000) (7,6,-0.703197860062) (8,6,0.001479774431) (9,6,0.706276338501) (10,6,-0.000675546080) (2,7,-0.999983064352) (5,7,0.705689720911) (6,7,-0.703197860062) (7,7,2.000000000000) (8,7,0.709952859418) (9,7,0.006686566226) (11,7,0.707258393889) (2,8,-0.705842189700) (6,8,0.001479774431) (7,8,0.709952859418) (8,8,2.000000000000) (9,8,0.708980604295) (11,8,-0.004247529292) (2,9,-0.000866702571) (4,9,0.708340685191) (6,9,0.706276338501) (7,9,0.006686566226) (8,9,0.708980604295) (9,9,2.000000000000) (10,9,0.708413210398) (3,10,-0.999999978797) (4,10,0.999999994721) (6,10,-0.000675546080) (9,10,0.708413210398) (10,10,2.000000000000) (5,11,-0.001787586465) (7,11,0.707258393889) (8,11,-0.004247529292) (11,11,2.000000000000) 
Minv:
size: 27 27
(0,0,1.000000000000) (1,1,1.000000000000) (2,2,2.000000000000) (3,3,1.000000000000) (4,4,1.000000000000) (5,5,2.000000000000) (6,6,1.000000000000) (7,7,1.000000000000) (8,8,2.000000000000) (9,9,1.000000000000) (10,10,1.000000000000) (11,11,2.000000000000) (12,12,1.000000000000) (13,13,1.000000000000) (14,14,2.000000000000) (15,15,1.000000000000) (16,16,1.000000000000) (17,17,2.000000000000) (18,18,1.000000000000) (19,19,1.000000000000) (20,20,2.000000000000) (21,21,1.000000000000) (22,22,1.000000000000) (23,23,2.000000000000) (24,24,1.000000000000) (25,25,1.000000000000) (26,26,2.000000000000) 
v0:
size: 27 1
(0,0,-0.774035585692) (1,0,-0.295836045980) (2,0,0.000000000000) (3,0,0.020002353260) (4,0,-0.664161665224) (5,0,0.000000000000) (6,0,0.980495474856) (7,0,-0.501102412836) (8,0,0.000000000000) (9,0,-0.462474682312) (10,0,-0.069093560456) (11,0,0.000000000000) (12,0,0.178873703033) (13,0,0.956296102224) (14,0,0.000000000000) (15,0,0.371002277322) (16,0,0.462598720713) (17,0,0.000000000000) (18,0,-0.877856864322) (19,0,-0.101336277531) (20,0,0.000000000000) (21,0,0.020565600305) (22,0,-0.183722524976) (23,0,0.000000000000) (24,0,-0.085290500284) (25,0,-0.033922481701) (26,0,0.000000000000) 
ipopt_sol:
size: 12 1
(0,0,0.047554377701) (1,0,0.910727481511) (2,0,2.117086435952) (3,0,0.000000000000) (4,0,0.000000000000) (5,0,0.470742301133) (6,0,0.000000000000) (7,0,0.752440593492) (8,0,0.403536441658) (9,0,0.662644715488) (10,0,0.221207931882) (11,0,0.000000000000) 
policy_sol:
size: 12 1
(0,0,0.047554377169) (1,0,0.910727483014) (2,0,2.117086421179) (3,0,0.000000000000) (4,0,0.000000000000) (5,0,0.470742304867) (6,0,0.000000000000) (7,0,0.752440584434) (8,0,0.403536442677) (9,0,0.662644707014) (10,0,0.221207934887) (11,0,0.000000000000) 

policy_converges:
1
ipopt_converges:
0
