solve status: 0
N:
size: 27 15
(0,0,-0.999988387136) (1,0,-0.004819293854) (9,0,0.999988387136) (10,0,0.004819293854) (0,1,-0.709260851382) (1,1,-0.704946128933) (12,1,0.709260851382) (13,1,0.704946128933) (0,2,-0.999998262649) (1,2,-0.001864054654) (18,2,0.999998262649) (19,2,0.001864054654) (3,3,-0.000389693033) (4,3,-0.999999924070) (6,3,0.000389693033) (7,3,0.999999924070) (3,4,-0.708145275460) (4,4,-0.706066759481) (15,4,0.708145275460) (16,4,0.706066759481) (6,5,-0.706135597016) (7,5,0.708076633301) (12,5,0.706135597016) (13,5,-0.708076633301) (6,6,-0.999999668270) (7,6,0.000814530654) (15,6,0.999999668270) (16,6,-0.000814530654) (9,7,-0.000570415428) (10,7,-0.999999837313) (15,7,0.000570415428) (16,7,0.999999837313) (9,8,-0.999999408666) (10,8,0.001087505273) (18,8,0.999999408666) (19,8,-0.001087505273) (12,9,0.004058564463) (13,9,-0.999991763993) (15,9,-0.004058564463) (16,9,0.999991763993) (12,10,-0.707345084639) (13,10,0.706868397396) (18,10,0.707345084639) (19,10,-0.706868397396) (12,11,-0.705540901983) (13,11,-0.708669200424) (24,11,0.705540901983) (25,11,0.708669200424) (15,12,-0.705029663126) (16,12,0.709177815581) (21,12,0.705029663126) (22,12,-0.709177815581) (18,13,-0.000762951562) (19,13,-0.999999708952) (24,13,0.000762951562) (25,13,0.999999708952) (21,14,-0.004964045228) (22,14,-0.999987679052) (24,14,0.004964045228) (25,14,0.999987679052) 
Q:
size: 15 15
(0,0,2.000000000000) (1,0,0.712649957378) (2,0,0.999995633232) (7,0,-0.005389701873) (8,0,-0.999982554801) (0,1,0.712649957378) (1,1,2.000000000000) (2,1,0.710573677259) (5,1,0.001678453098) (9,1,-0.702061742105) (10,1,-0.003388036543) (11,1,-0.999986150358) (0,2,0.999995633232) (1,2,0.710573677259) (2,2,2.000000000000) (8,2,0.999995644146) (10,2,0.706026214407) (13,2,-0.002627004348) (3,3,2.000000000000) (4,3,0.706342665149) (5,3,0.707801403414) (6,3,0.000424837689) (3,4,0.706342665149) (4,4,2.000000000000) (6,4,0.707569927527) (7,4,0.706470581603) (9,4,0.703186891060) (12,4,0.001463457141) (1,5,0.001678453098) (3,5,0.707801403414) (5,5,2.000000000000) (6,5,0.706712112893) (9,5,0.710936698417) (10,5,-0.999998538653) (11,5,0.003584555519) (3,6,0.000424837689) (4,6,0.707569927527) (5,6,0.706712112893) (6,6,2.000000000000) (7,6,-0.000244115283) (9,6,-0.004873087063) (12,6,-0.705607076317) (0,7,-0.005389701873) (4,7,0.706470581603) (6,7,-0.000244115283) (7,7,2.000000000000) (8,7,-0.000517090005) (9,7,0.999989286240) (12,7,0.708775540410) (0,8,-0.999982554801) (2,8,0.999995644146) (7,8,-0.000517090005) (8,8,2.000000000000) (10,8,0.708113389471) (13,8,0.000324553845) (1,9,-0.702061742105) (4,9,0.703186891060) (5,9,0.710936698417) (6,9,-0.004873087063) (7,9,0.999989286240) (9,9,2.000000000000) (10,9,-0.709733381247) (11,9,0.705799880587) (12,9,0.712033383124) (1,10,-0.003388036543) (2,10,0.706026214407) (5,10,-0.999998538653) (8,10,0.708113389471) (9,10,-0.709733381247) (10,10,2.000000000000) (11,10,-0.001874972957) (13,10,0.706328521626) (1,11,-0.999986150358) (5,11,0.003584555519) (9,11,0.705799880587) (10,11,-0.001874972957) (11,11,2.000000000000) (13,11,0.709207287701) (14,11,0.712162805895) (4,12,0.001463457141) (6,12,-0.705607076317) (7,12,0.708775540410) (9,12,0.712033383124) (12,12,2.000000000000) (14,12,0.705669278703) (2,13,-0.002627004348) (8,13,0.000324553845) (10,13,0.706328521626) (11,13,0.709207287701) (13,13,2.000000000000) (14,13,0.999991175334) (11,14,0.712162805895) (12,14,0.705669278703) (13,14,0.999991175334) (14,14,2.000000000000) 
Minv:
size: 27 27
(0,0,1.000000000000) (1,1,1.000000000000) (2,2,2.000000000000) (3,3,1.000000000000) (4,4,1.000000000000) (5,5,2.000000000000) (6,6,1.000000000000) (7,7,1.000000000000) (8,8,2.000000000000) (9,9,1.000000000000) (10,10,1.000000000000) (11,11,2.000000000000) (12,12,1.000000000000) (13,13,1.000000000000) (14,14,2.000000000000) (15,15,1.000000000000) (16,16,1.000000000000) (17,17,2.000000000000) (18,18,1.000000000000) (19,19,1.000000000000) (20,20,2.000000000000) (21,21,1.000000000000) (22,22,1.000000000000) (23,23,2.000000000000) (24,24,1.000000000000) (25,25,1.000000000000) (26,26,2.000000000000) 
v0:
size: 27 1
(0,0,0.920415984958) (1,0,-0.169902727858) (2,0,0.000000000000) (3,0,-0.933053331677) (4,0,0.101243830489) (5,0,0.000000000000) (6,0,-0.016896301746) (7,0,-0.432856186398) (8,0,0.000000000000) (9,0,0.013860131901) (10,0,-0.059805525837) (11,0,0.000000000000) (12,0,-0.300025156505) (13,0,0.783464719891) (14,0,0.000000000000) (15,0,-0.825483079434) (16,0,-0.495032781024) (17,0,0.000000000000) (18,0,-0.566223368518) (19,0,0.585804307607) (20,0,0.000000000000) (21,0,-0.259868354325) (22,0,0.859703453863) (23,0,0.000000000000) (24,0,0.201915454711) (25,0,-0.801860855755) (26,0,0.000000000000) 
ipopt_sol:
size: 15 1
(0,0,1.562098630334) (1,0,0.069471489364) (2,0,0.000000000000) (3,0,0.464035929251) (4,0,0.000000000000) (5,0,0.196522402524) (6,0,0.741998419926) (7,0,0.000000000000) (8,0,1.361700390818) (9,0,1.232691433272) (10,0,0.000000000000) (11,0,0.000000000000) (12,0,0.000000000000) (13,0,0.742981359622) (14,0,1.287764127415) 
policy_sol:
size: 15 1
(0,0,1.562098618549) (1,0,0.069471488621) (2,0,0.000000000000) (3,0,0.464035919686) (4,0,0.000000000000) (5,0,0.196522419577) (6,0,0.741998413848) (7,0,0.000000000000) (8,0,1.361700376480) (9,0,1.232691414878) (10,0,0.000000000000) (11,0,0.000000000000) (12,0,0.000000000000) (13,0,0.742981354932) (14,0,1.287764122672) 

policy_converges:
1
ipopt_converges:
0
