solve status: 0
N:
size: 27 10
(0,0,-0.000756654662) (1,0,-0.999999713737) (3,0,0.000756654662) (4,0,0.999999713737) (0,1,-0.999996586834) (1,1,0.002612722971) (18,1,0.999996586834) (19,1,-0.002612722971) (3,2,-0.708804799356) (4,2,0.705404675636) (9,2,0.708804799356) (10,2,-0.705404675636) (3,3,-0.999994007771) (4,3,0.003461852359) (12,3,0.999994007771) (13,3,-0.003461852359) (6,4,-0.702961311905) (7,4,0.711228088566) (12,4,0.702961311905) (13,4,-0.711228088566) (9,5,-0.999988654012) (10,5,0.004763596017) (18,5,0.999988654012) (19,5,-0.004763596017) (12,6,-0.001638558130) (13,6,-0.999998657563) (15,6,0.001638558130) (16,6,0.999998657563) (12,7,-0.707677019895) (13,7,0.706536082243) (18,7,0.707677019895) (19,7,-0.706536082243) (15,8,-0.704037794424) (16,8,0.710162505362) (21,8,0.704037794424) (22,8,-0.710162505362) (18,9,0.001649419469) (19,9,-0.999998639707) (21,9,-0.001649419469) (22,9,0.999998639707) 
Q:
size: 10 10
(0,0,2.000000000000) (1,0,-0.001856070143) (2,0,0.704868153249) (3,0,0.002705201240) (0,1,-0.001856070143) (1,1,2.000000000000) (5,1,0.999997686841) (7,1,0.709520587528) (9,1,0.004262133256) (0,2,0.704868153249) (2,2,2.000000000000) (3,2,0.711242558876) (5,2,-0.712157020169) (0,3,0.002705201240) (2,3,0.711242558876) (3,3,2.000000000000) (4,3,0.705419266236) (6,3,0.001823299400) (7,3,-0.710118702936) (3,4,0.705419266236) (4,4,2.000000000000) (6,4,0.710075290814) (7,4,-0.999977873587) (1,5,0.999997686841) (2,5,-0.712157020169) (5,5,2.000000000000) (7,5,0.711034643068) (9,5,0.006412990292) (3,6,0.001823299400) (4,6,0.710075290814) (6,6,2.000000000000) (7,6,-0.705375563829) (8,6,0.709007945162) (1,7,0.709520587528) (3,7,-0.710118702936) (4,7,-0.999977873587) (5,7,0.711034643068) (6,7,-0.705375563829) (7,7,2.000000000000) (9,7,0.707702377402) (6,8,0.709007945162) (8,8,2.000000000000) (9,8,-0.711322792978) (1,9,0.004262133256) (5,9,0.006412990292) (7,9,0.707702377402) (8,9,-0.711322792978) (9,9,2.000000000000) 
Minv:
size: 27 27
(0,0,1.000000000000) (1,1,1.000000000000) (2,2,2.000000000000) (3,3,1.000000000000) (4,4,1.000000000000) (5,5,2.000000000000) (6,6,1.000000000000) (7,7,1.000000000000) (8,8,2.000000000000) (9,9,1.000000000000) (10,10,1.000000000000) (11,11,2.000000000000) (12,12,1.000000000000) (13,13,1.000000000000) (14,14,2.000000000000) (15,15,1.000000000000) (16,16,1.000000000000) (17,17,2.000000000000) (18,18,1.000000000000) (19,19,1.000000000000) (20,20,2.000000000000) (21,21,1.000000000000) (22,22,1.000000000000) (23,23,2.000000000000) (24,24,1.000000000000) (25,25,1.000000000000) (26,26,2.000000000000) 
v0:
size: 27 1
(0,0,-0.056947415099) (1,0,-0.501876013204) (2,0,0.000000000000) (3,0,0.002783089994) (4,0,-0.981527410827) (5,0,0.000000000000) (6,0,-0.897313667500) (7,0,-0.848551662641) (8,0,0.000000000000) (9,0,0.600584109122) (10,0,-0.193034244566) (11,0,0.000000000000) (12,0,-0.178372125312) (13,0,0.179844709207) (14,0,0.000000000000) (15,0,0.385642019617) (16,0,-0.211921267090) (17,0,0.000000000000) (18,0,-0.834519536608) (19,0,0.732477143958) (20,0,0.000000000000) (21,0,0.273609585905) (22,0,0.181597303573) (23,0,0.000000000000) (24,0,0.581506214819) (25,0,0.706076546682) (26,0,0.000000000000) 
ipopt_sol:
size: 10 1
(0,0,0.275788634394) (1,0,0.000000000000) (2,0,0.578313631061) (3,0,0.000000000000) (4,0,0.314101233492) (5,0,1.525024369806) (6,0,0.221171146889) (7,0,0.333185406262) (8,0,0.495517135666) (9,0,0.606155141949) 
policy_sol:
size: 10 1
(0,0,0.275788637096) (1,0,0.000000000000) (2,0,0.578313623379) (3,0,0.000000000000) (4,0,0.314101230663) (5,0,1.525024360891) (6,0,0.221171149623) (7,0,0.333185409598) (8,0,0.495517134078) (9,0,0.606155140212) 

policy_converges:
1
ipopt_converges:
0
