solve status: 0
N:
size: 27 10
(0,0,-0.999976150755) (1,0,0.006906368167) (9,0,0.999976150755) (10,0,-0.006906368167) (0,1,-0.999996551777) (1,1,0.002626106416) (18,1,0.999996551777) (19,1,-0.002626106416) (3,2,-0.000305204624) (4,2,-0.999999953425) (6,2,0.000305204624) (7,2,0.999999953425) (3,3,-0.709594596891) (4,3,0.704610181635) (9,3,0.709594596891) (10,3,-0.704610181635) (3,4,-0.999983592514) (4,4,-0.005728411818) (12,4,0.999983592514) (13,4,0.005728411818) (3,5,-0.707945214266) (4,5,-0.706267352776) (15,5,0.707945214266) (16,5,0.706267352776) (6,6,-0.710170707323) (7,6,0.704029521015) (12,6,0.710170707323) (13,6,-0.704029521015) (6,7,-0.999985668262) (7,7,-0.005353808997) (15,7,0.999985668262) (16,7,0.005353808997) (6,8,-0.999999794549) (7,8,-0.000641016398) (24,8,0.999999794549) (25,8,0.000641016398) (12,9,-0.707490530404) (13,9,-0.706722823594) (24,9,0.707490530404) (25,9,0.706722823594) 
Q:
size: 10 10
(0,0,2.000000000000) (1,0,0.999990839472) (3,0,0.714443970924) (0,1,0.999990839472) (1,1,2.000000000000) (2,2,2.000000000000) (3,2,-0.704393577265) (4,2,0.006033611167) (5,2,0.706483388035) (6,2,0.703812740841) (7,2,-0.005659008998) (8,2,-0.000946220930) (0,3,0.714443970924) (2,3,-0.704393577265) (3,3,2.000000000000) (4,3,0.705546656936) (5,3,0.004710931216) (2,4,0.006033611167) (3,4,0.705546656936) (4,4,2.000000000000) (5,4,0.711979388915) (6,4,0.706126084179) (9,4,-0.711527321638) (2,5,0.706483388035) (3,5,0.004710931216) (4,5,0.711979388915) (5,5,2.000000000000) (7,5,0.711716288688) (2,6,0.703812740841) (4,6,0.706126084179) (6,6,2.000000000000) (7,6,0.706391289758) (8,6,0.709719266949) (9,6,-0.004885319415) (2,7,-0.005659008998) (5,7,0.711716288688) (6,7,0.706391289758) (7,7,2.000000000000) (8,7,0.999988894693) (2,8,-0.000946220930) (6,8,0.709719266949) (7,8,0.999988894693) (8,8,2.000000000000) (9,8,0.707943405968) (4,9,-0.711527321638) (6,9,-0.004885319415) (8,9,0.707943405968) (9,9,2.000000000000) 
Minv:
size: 27 27
(0,0,1.000000000000) (1,1,1.000000000000) (2,2,2.000000000000) (3,3,1.000000000000) (4,4,1.000000000000) (5,5,2.000000000000) (6,6,1.000000000000) (7,7,1.000000000000) (8,8,2.000000000000) (9,9,1.000000000000) (10,10,1.000000000000) (11,11,2.000000000000) (12,12,1.000000000000) (13,13,1.000000000000) (14,14,2.000000000000) (15,15,1.000000000000) (16,16,1.000000000000) (17,17,2.000000000000) (18,18,1.000000000000) (19,19,1.000000000000) (20,20,2.000000000000) (21,21,1.000000000000) (22,22,1.000000000000) (23,23,2.000000000000) (24,24,1.000000000000) (25,25,1.000000000000) (26,26,2.000000000000) 
v0:
size: 27 1
(0,0,0.445558938275) (1,0,-0.422331241003) (2,0,0.000000000000) (3,0,0.595353432823) (4,0,0.739917009436) (5,0,0.000000000000) (6,0,0.947034075614) (7,0,-0.265568960195) (8,0,0.000000000000) (9,0,-0.390181381835) (10,0,0.062064356664) (11,0,0.000000000000) (12,0,0.351024605216) (13,0,0.528055903836) (14,0,0.000000000000) (15,0,-0.657846046516) (16,0,0.858826024149) (17,0,0.000000000000) (18,0,0.437130308170) (19,0,-0.775465151906) (20,0,0.000000000000) (21,0,0.726835345816) (22,0,0.313598476732) (23,0,0.000000000000) (24,0,-0.243881145589) (25,0,0.818493106293) (26,0,0.000000000000) 
ipopt_sol:
size: 10 1
(0,0,0.737565703956) (1,0,0.000000000000) (2,0,1.108992881636) (3,0,0.284137337132) (4,0,0.183347216930) (5,0,0.000000000000) (6,0,0.000000000000) (7,0,1.369590160137) (8,0,0.464775306924) (9,0,0.116342555555) 
policy_sol:
size: 10 1
(0,0,0.737565697638) (1,0,0.000000000000) (2,0,1.108992875893) (3,0,0.284137340822) (4,0,0.183347207066) (5,0,0.000000000000) (6,0,0.000000000000) (7,0,1.369590152042) (8,0,0.464775308902) (9,0,0.116342551370) 

policy_converges:
1
ipopt_converges:
0
