solve status: 0
N:
size: 27 17
(0,0,0.001146360801) (1,0,-0.999999342928) (3,0,-0.001146360801) (4,0,0.999999342928) (0,1,-0.999999993325) (1,1,0.000115539586) (9,1,0.999999993325) (10,1,-0.000115539586) (0,2,-0.999999993936) (1,2,0.000110126274) (18,2,0.999999993936) (19,2,-0.000110126274) (3,3,-0.708346755800) (4,3,0.705864628345) (9,3,0.708346755800) (10,3,-0.705864628345) (3,4,-0.708222496048) (4,4,-0.705989303100) (15,4,0.708222496048) (16,4,0.705989303100) (3,5,-0.999997585937) (4,5,-0.002197298434) (21,5,0.999997585937) (22,5,0.002197298434) (9,6,-0.005706453849) (10,6,-0.999983718060) (12,6,0.005706453849) (13,6,0.999983718060) (9,7,-0.002231759468) (10,7,-0.999997509622) (15,7,0.002231759468) (16,7,0.999997509622) (9,8,-0.999999994515) (10,8,0.000104740678) (18,8,0.999999994515) (19,8,-0.000104740678) (9,9,-0.707932808424) (10,9,-0.706279787872) (21,9,0.707932808424) (22,9,0.706279787872) (12,10,0.001274603757) (13,10,-0.999999187692) (15,10,-0.001274603757) (16,10,0.999999187692) (12,11,-0.705251177457) (13,11,0.708957528132) (18,11,0.705251177457) (19,11,-0.708957528132) (12,12,-0.999996819755) (13,12,0.002521999298) (21,12,0.999996819755) (22,12,-0.002521999298) (12,13,-0.708677445097) (13,13,-0.705532620656) (24,13,0.708677445097) (25,13,0.705532620656) (15,14,-0.707776842468) (16,14,0.706436084346) (21,14,0.707776842468) (22,14,-0.706436084346) (15,15,-0.999998966952) (16,15,-0.001437391716) (24,15,0.999998966952) (25,15,0.001437391716) (18,16,0.000757318283) (19,16,-0.999999713234) (21,16,-0.000757318283) (22,16,0.999999713234) 
Q:
size: 17 17
(0,0,2.000000000000) (1,0,-0.001261900304) (2,0,-0.001256486996) (3,0,0.706676185495) (4,0,-0.705176960706) (5,0,-0.001050938956) (0,1,-0.001261900304) (1,1,2.000000000000) (2,1,0.999999999985) (3,1,0.708428306379) (6,1,-0.005590916106) (7,1,-0.002116220154) (8,1,-0.999999999942) (9,1,-0.707851200424) (0,2,-0.001256486996) (1,2,0.999999999985) (2,2,2.000000000000) (8,2,0.999999999985) (11,2,0.705329248032) (16,2,0.000867444521) (0,3,0.706676185495) (1,3,0.708428306379) (3,3,2.000000000000) (4,3,0.003334230412) (5,3,0.706794050563) (6,3,0.701810987427) (7,3,0.704282010896) (8,3,-0.708420684654) (9,3,-0.002923988198) (0,4,-0.705176960706) (3,4,0.003334230412) (4,4,2.000000000000) (5,4,0.709772055544) (7,4,0.707568127180) (10,4,0.705086026565) (14,4,-0.002527163145) (15,4,-0.709236547596) (0,5,-0.001050938956) (3,5,0.706794050563) (4,5,0.709772055544) (5,5,2.000000000000) (9,5,0.709483006901) (12,5,0.999988864114) (14,5,0.706222882948) (16,5,0.001439981349) (1,6,-0.005590916106) (3,6,0.701810987427) (6,6,2.000000000000) (7,6,0.999993963154) (8,6,0.005601714845) (9,6,0.710308074167) (10,6,-0.999975632298) (11,6,0.704921501632) (12,6,-0.003184477467) (13,6,-0.709565168351) (1,7,-0.002116220154) (3,7,0.704282010896) (4,7,0.707568127180) (6,7,0.999993963154) (7,7,2.000000000000) (8,7,0.002127019038) (9,7,0.707857964716) (10,7,0.999993852707) (14,7,0.704854737384) (15,7,-0.003669145298) (1,8,-0.999999999942) (2,8,0.999999999985) (3,8,-0.708420684654) (6,8,0.005601714845) (7,8,0.002127019038) (8,8,2.000000000000) (9,8,0.707858828317) (11,8,0.705325430281) (16,8,0.000862058927) (1,9,-0.707851200424) (3,9,-0.002923988198) (5,9,0.709483006901) (6,9,0.710308074167) (7,9,0.707857964716) (8,9,0.707858828317) (9,9,2.000000000000) (12,9,0.706149319895) (14,9,0.002116920028) (16,9,0.705743454877) (4,10,0.705086026565) (6,10,-0.999975632298) (7,10,0.999993852707) (10,10,2.000000000000) (11,10,-0.709855868041) (12,10,-0.003796596953) (13,10,0.704628764613) (14,10,0.707337645526) (15,10,-0.000162788107) (2,11,0.705329248032) (6,11,0.704921501632) (8,11,0.705325430281) (10,11,-0.709855868041) (11,11,2.000000000000) (12,11,0.707036924974) (13,11,-0.000397060165) (16,11,0.709491424438) (5,12,0.999988864114) (6,12,-0.003184477467) (9,12,0.706149319895) (10,12,-0.003796596953) (11,12,0.707036924974) (12,12,2.000000000000) (13,12,0.706895838555) (14,12,0.709556222872) (16,12,-0.003279314449) (6,13,-0.709565168351) (10,13,0.704628764613) (11,13,-0.000397060165) (12,13,0.706895838555) (13,13,2.000000000000) (15,13,0.709690839744) (4,14,-0.002527163145) (5,14,0.706222882948) (7,14,0.704854737384) (9,14,0.002116920028) (10,14,0.707337645526) (12,14,0.709556222872) (14,14,2.000000000000) (15,14,0.706760685925) (16,14,-0.706971894108) (4,15,-0.709236547596) (7,15,-0.003669145298) (10,15,-0.000162788107) (13,15,0.709690839744) (14,15,0.706760685925) (15,15,2.000000000000) (2,16,0.000867444521) (5,16,0.001439981349) (8,16,0.000862058927) (9,16,0.705743454877) (11,16,0.709491424438) (12,16,-0.003279314449) (14,16,-0.706971894108) (16,16,2.000000000000) 
Minv:
size: 27 27
(0,0,1.000000000000) (1,1,1.000000000000) (2,2,2.000000000000) (3,3,1.000000000000) (4,4,1.000000000000) (5,5,2.000000000000) (6,6,1.000000000000) (7,7,1.000000000000) (8,8,2.000000000000) (9,9,1.000000000000) (10,10,1.000000000000) (11,11,2.000000000000) (12,12,1.000000000000) (13,13,1.000000000000) (14,14,2.000000000000) (15,15,1.000000000000) (16,16,1.000000000000) (17,17,2.000000000000) (18,18,1.000000000000) (19,19,1.000000000000) (20,20,2.000000000000) (21,21,1.000000000000) (22,22,1.000000000000) (23,23,2.000000000000) (24,24,1.000000000000) (25,25,1.000000000000) (26,26,2.000000000000) 
v0:
size: 27 1
(0,0,0.211558783339) (1,0,0.394608744215) (2,0,0.000000000000) (3,0,-0.230450679911) (4,0,0.290626315299) (5,0,0.000000000000) (6,0,0.405621603256) (7,0,0.652246655356) (8,0,0.000000000000) (9,0,-0.703636256319) (10,0,0.987723781980) (11,0,0.000000000000) (12,0,0.530076658232) (13,0,0.604397238719) (14,0,0.000000000000) (15,0,0.923530081264) (16,0,-0.988642191111) (17,0,0.000000000000) (18,0,-0.805558144972) (19,0,-0.218304430728) (20,0,0.000000000000) (21,0,-0.692825289879) (22,0,-0.853053251602) (23,0,0.000000000000) (24,0,0.817032910504) (25,0,0.075748527798) (26,0,0.000000000000) 
ipopt_sol:
size: 17 1
(0,0,0.050026207963) (1,0,1.429032236599) (2,0,0.000000017968) (3,0,0.153821781491) (4,0,0.000000000000) (5,0,0.000000000000) (6,0,0.459544872782) (7,0,0.439619930392) (8,0,0.466201536877) (9,0,0.941927903713) (10,0,1.514225074467) (11,0,0.196490884587) (12,0,0.660670506029) (13,0,0.000000000000) (14,0,0.453155698805) (15,0,0.000000000000) (16,0,0.393816486124) 
policy_sol:
size: 17 1
(0,0,0.000000000000) (1,0,1.509805859890) (2,0,0.000000000000) (3,0,0.000000000000) (4,0,0.000000000000) (5,0,-0.129470051379) (6,0,0.555459579598) (7,0,0.000000000000) (8,0,0.000000000000) (9,0,1.675463808678) (10,0,2.207127794360) (11,0,0.946291083349) (12,0,0.000000000000) (13,0,0.000000000000) (14,0,0.000000000000) (15,0,0.000000000000) (16,0,0.000000000000) 

policy_converges:
0
ipopt_converges:
0
