solve status: 0
N:
size: 27 11
(0,0,-0.999995596833) (1,0,0.002967543609) (18,0,0.999995596833) (19,0,-0.002967543609) (3,1,0.005830409779) (4,1,-0.999983003016) (6,1,-0.005830409779) (7,1,0.999983003016) (3,2,-0.999998367209) (4,2,0.001807091596) (12,2,0.999998367209) (13,2,-0.001807091596) (3,3,-0.705136655694) (4,3,-0.709071432788) (15,3,0.705136655694) (16,3,0.709071432788) (9,4,-0.999998143753) (10,4,0.001926782455) (18,4,0.999998143753) (19,4,-0.001926782455) (12,5,-0.709493104540) (13,5,0.704712377222) (18,5,0.709493104540) (19,5,-0.704712377222) (12,6,-0.708377329636) (13,6,-0.705833945669) (24,6,0.708377329636) (25,6,0.705833945669) (15,7,-0.999999995863) (16,7,-0.000090956282) (24,7,0.999999995863) (25,7,0.000090956282) (18,8,0.009335175948) (19,8,-0.999956426296) (21,8,-0.009335175948) (22,8,0.999956426296) (18,9,0.001126448337) (19,9,-0.999999365557) (24,9,-0.001126448337) (25,9,0.999999365557) (21,10,-0.007162351965) (22,10,-0.999974350028) (24,10,0.007162351965) (25,10,0.999974350028) 
Q:
size: 11 11
(0,0,2.000000000000) (4,0,0.999999458405) (5,0,0.711581245235) (8,0,0.012302549146) (9,0,0.004093985104) (1,1,2.000000000000) (2,1,-0.007637461141) (3,1,0.704948145060) (1,2,-0.007637461141) (2,2,2.000000000000) (3,2,0.703854147326) (5,2,-0.710765425901) (6,2,-0.707100666412) (1,3,0.704948145060) (2,3,0.703854147326) (3,3,2.000000000000) (7,3,-0.705201147279) (0,4,0.999999458405) (4,4,2.000000000000) (5,4,0.710849614990) (8,4,0.011261857117) (9,4,0.003053227479) (0,5,0.711581245235) (2,5,-0.710765425901) (4,5,0.710849614990) (5,5,2.000000000000) (6,5,0.005178913013) (8,5,0.711304913258) (9,5,0.705511137450) (2,6,-0.707100666412) (5,6,0.005178913013) (6,6,2.000000000000) (7,6,0.708441526737) (9,6,0.705035547392) (10,6,0.710889488807) (3,7,-0.705201147279) (6,7,0.708441526737) (7,7,2.000000000000) (9,7,-0.001035492108) (10,7,0.007253305885) (0,8,0.012302549146) (4,8,0.011261857117) (5,8,0.711304913258) (8,8,2.000000000000) (9,8,0.999966307474) (10,8,-0.999863915626) (0,9,0.004093985104) (4,9,0.003053227479) (5,9,0.705511137450) (6,9,0.705035547392) (7,9,-0.001035492108) (8,9,0.999966307474) (9,9,2.000000000000) (10,9,0.999965647582) (6,10,0.710889488807) (7,10,0.007253305885) (8,10,-0.999863915626) (9,10,0.999965647582) (10,10,2.000000000000) 
Minv:
size: 27 27
(0,0,1.000000000000) (1,1,1.000000000000) (2,2,2.000000000000) (3,3,1.000000000000) (4,4,1.000000000000) (5,5,2.000000000000) (6,6,1.000000000000) (7,7,1.000000000000) (8,8,2.000000000000) (9,9,1.000000000000) (10,10,1.000000000000) (11,11,2.000000000000) (12,12,1.000000000000) (13,13,1.000000000000) (14,14,2.000000000000) (15,15,1.000000000000) (16,16,1.000000000000) (17,17,2.000000000000) (18,18,1.000000000000) (19,19,1.000000000000) (20,20,2.000000000000) (21,21,1.000000000000) (22,22,1.000000000000) (23,23,2.000000000000) (24,24,1.000000000000) (25,25,1.000000000000) (26,26,2.000000000000) 
v0:
size: 27 1
(0,0,-0.023205516922) (1,0,-0.231129606369) (2,0,0.000000000000) (3,0,0.252489033912) (4,0,0.700818777175) (5,0,0.000000000000) (6,0,-0.832952372131) (7,0,-0.068616290299) (8,0,0.000000000000) (9,0,0.046312164583) (10,0,0.143268047749) (11,0,0.000000000000) (12,0,0.123387282993) (13,0,0.486416995555) (14,0,0.000000000000) (15,0,-0.402967890671) (16,0,0.716614058889) (17,0,0.000000000000) (18,0,-0.283358758270) (19,0,0.536444796907) (20,0,0.000000000000) (21,0,0.410231436606) (22,0,-0.161005773120) (23,0,0.000000000000) (24,0,-0.452266897235) (25,0,-0.944271493636) (26,0,0.000000000000) 
ipopt_sol:
size: 11 1
(0,0,0.124498177259) (1,0,0.765361373899) (2,0,0.593901329959) (3,0,0.000000000000) (4,0,0.261692776995) (5,0,0.000000000000) (6,0,1.307492827000) (7,0,0.000000000000) (8,0,1.151861287681) (9,0,0.000000000000) (10,0,0.900533966418) 
policy_sol:
size: 11 1
(0,0,0.124498174930) (1,0,0.765361370370) (2,0,0.593901328637) (3,0,0.000000000000) (4,0,0.261692774670) (5,0,0.000000000000) (6,0,1.307492823207) (7,0,0.000000000000) (8,0,1.151861273864) (9,0,0.000000000000) (10,0,0.900533955827) 

policy_converges:
1
ipopt_converges:
0
