solve status: 0
N:
size: 27 12
(0,0,-0.006480168102) (1,0,-0.999979003490) (3,0,0.006480168102) (4,0,0.999979003490) (0,1,0.001388626127) (1,1,-0.999999035858) (6,1,-0.001388626127) (7,1,0.999999035858) (3,2,0.009280956028) (4,2,-0.999956931000) (6,2,-0.009280956028) (7,2,0.999956931000) (3,3,-0.705595372210) (4,3,-0.708614966478) (15,3,0.705595372210) (16,3,0.708614966478) (6,4,-0.707650462522) (7,4,0.706562681503) (12,4,0.707650462522) (13,4,-0.706562681503) (6,5,-0.999994546352) (7,5,-0.003302615097) (15,5,0.999994546352) (16,5,0.003302615097) (9,6,-0.999992930406) (10,6,-0.003760204559) (18,6,0.999992930406) (19,6,0.003760204559) (12,7,-0.005748395115) (13,7,-0.999983477840) (15,7,0.005748395115) (16,7,0.999983477840) (12,8,-0.708015786834) (13,8,-0.706196605481) (24,8,0.708015786834) (25,8,0.706196605481) (15,9,-0.707134136519) (16,9,0.707079424796) (21,9,0.707134136519) (22,9,-0.707079424796) (18,10,0.002763918275) (19,10,-0.999996180371) (24,10,-0.002763918275) (25,10,0.999996180371) (21,11,0.000714502053) (22,11,-0.999999744743) (24,11,-0.000714502053) (25,11,0.999999744743) 
Q:
size: 12 12
(0,0,2.000000000000) (1,0,0.999969040838) (2,0,-0.999875793239) (3,0,-0.713172464660) (0,1,0.999969040838) (1,1,2.000000000000) (2,1,0.999968854678) (4,1,0.707544662197) (5,1,-0.001913993359) (0,2,-0.999875793239) (1,2,0.999968854678) (2,2,2.000000000000) (3,2,0.702035847517) (4,2,0.713099923381) (5,2,0.005978432556) (0,3,-0.713172464660) (2,3,0.702035847517) (3,3,2.000000000000) (5,3,0.707931806627) (7,3,0.712659299619) (9,3,0.002096488640) (1,4,0.707544662197) (2,4,0.713099923381) (4,4,2.000000000000) (5,4,0.705313098666) (7,4,0.702483153099) (8,4,-0.002055531789) (1,5,-0.001913993359) (2,5,0.005978432556) (3,5,0.707931806627) (4,5,0.705313098666) (5,5,2.000000000000) (7,5,0.009050924297) (9,5,-0.704795068875) (6,6,2.000000000000) (10,6,-0.000996291461) (3,7,0.712659299619) (4,7,0.702483153099) (5,7,0.009050924297) (7,7,2.000000000000) (8,7,0.710254892079) (9,7,0.703002855901) (4,8,-0.002055531789) (7,8,0.710254892079) (8,8,2.000000000000) (10,8,0.704237010300) (11,8,0.705690546487) (3,9,0.002096488640) (5,9,-0.704795068875) (7,9,0.703002855901) (9,9,2.000000000000) (11,9,0.707584493101) (6,10,-0.000996291461) (8,10,0.704237010300) (10,10,2.000000000000) (11,10,0.999997899940) (8,11,0.705690546487) (9,11,0.707584493101) (10,11,0.999997899940) (11,11,2.000000000000) 
Minv:
size: 27 27
(0,0,1.000000000000) (1,1,1.000000000000) (2,2,2.000000000000) (3,3,1.000000000000) (4,4,1.000000000000) (5,5,2.000000000000) (6,6,1.000000000000) (7,7,1.000000000000) (8,8,2.000000000000) (9,9,1.000000000000) (10,10,1.000000000000) (11,11,2.000000000000) (12,12,1.000000000000) (13,13,1.000000000000) (14,14,2.000000000000) (15,15,1.000000000000) (16,16,1.000000000000) (17,17,2.000000000000) (18,18,1.000000000000) (19,19,1.000000000000) (20,20,2.000000000000) (21,21,1.000000000000) (22,22,1.000000000000) (23,23,2.000000000000) (24,24,1.000000000000) (25,25,1.000000000000) (26,26,2.000000000000) 
v0:
size: 27 1
(0,0,-0.395618247169) (1,0,0.417288107864) (2,0,0.000000000000) (3,0,-0.509398398236) (4,0,0.408609859519) (5,0,0.000000000000) (6,0,0.274035642720) (7,0,-0.890981763791) (8,0,0.000000000000) (9,0,0.915293288156) (10,0,-0.693127451841) (11,0,0.000000000000) (12,0,0.188653510107) (13,0,0.616705163746) (14,0,0.000000000000) (15,0,0.056424456745) (16,0,-0.844120142478) (17,0,0.000000000000) (18,0,-0.032691495366) (19,0,-0.000771410707) (20,0,0.000000000000) (21,0,0.573106096165) (22,0,0.954434943203) (23,0,0.000000000000) (24,0,0.418213576890) (25,0,-0.100207827842) (26,0,0.000000000000) 
ipopt_sol:
size: 12 1
(0,0,0.883063227326) (1,0,0.000000000000) (2,0,1.747512743417) (3,0,0.000000000000) (4,0,0.000000000000) (5,0,0.257829851520) (6,0,0.945374681307) (7,0,1.408553984547) (8,0,0.000000000000) (9,0,0.147483047870) (10,0,0.000000000000) (11,0,1.002353480512) 
policy_sol:
size: 12 1
(0,0,0.883063217385) (1,0,0.000000000000) (2,0,1.747512726391) (3,0,0.000000000000) (4,0,0.000000000000) (5,0,0.257829846982) (6,0,0.945374681312) (7,0,1.408553971538) (8,0,0.000000000000) (9,0,0.147483054706) (10,0,0.000000000000) (11,0,1.002353469566) 

policy_converges:
1
ipopt_converges:
0
