solve status: 0
N:
size: 27 13
(0,0,-0.999998569784) (1,0,-0.001691280272) (9,0,0.999998569784) (10,0,0.001691280272) (0,1,-0.707592560464) (1,1,-0.706620667951) (12,1,0.707592560464) (13,1,0.706620667951) (3,2,-0.001838511815) (4,2,-0.999998309936) (6,2,0.001838511815) (7,2,0.999998309936) (3,3,-0.999995136516) (4,3,-0.003118804838) (12,3,0.999995136516) (13,3,0.003118804838) (9,4,-0.001467648820) (10,4,-0.999998923003) (12,4,0.001467648820) (13,4,0.999998923003) (9,5,-0.708974999668) (10,5,-0.705233613667) (21,5,0.708974999668) (22,5,0.705233613667) (12,6,-0.999999372552) (13,6,0.001120221250) (21,6,0.999999372552) (22,6,-0.001120221250) (12,7,-0.706618725685) (13,7,-0.707594500058) (24,7,0.706618725685) (25,7,0.707594500058) (15,8,-0.708103298941) (16,8,0.706108857068) (21,8,0.708103298941) (22,8,-0.706108857068) (15,9,-0.999998110301) (16,9,0.001944066692) (24,9,0.999998110301) (25,9,-0.001944066692) (18,10,-0.000273783800) (19,10,-0.999999962521) (21,10,0.000273783800) (22,10,0.999999962521) (18,11,0.001242196808) (19,11,-0.999999228473) (24,11,-0.001242196808) (25,11,0.999999228473) (21,12,0.002746080387) (22,12,-0.999996229514) (24,12,-0.002746080387) (25,12,0.999996229514) 
Q:
size: 13 13
(0,0,2.000000000000) (1,0,0.708786642050) (4,0,-0.003158925172) (5,0,-0.710166733379) (0,1,0.708786642050) (1,1,2.000000000000) (3,1,0.709792931057) (4,1,0.707658404310) (6,1,-0.706800544998) (7,1,-0.999999051648) (2,2,2.000000000000) (3,2,0.004957302440) (1,3,0.709792931057) (2,3,0.004957302440) (3,3,2.000000000000) (4,3,0.004586443161) (6,3,-0.999991015320) (7,3,-0.708822138206) (0,4,-0.003158925172) (1,4,0.707658404310) (3,4,0.004586443161) (4,4,2.000000000000) (5,4,0.706273380454) (6,4,-0.000347427856) (7,4,-0.708630806120) (0,5,-0.710166733379) (4,5,0.706273380454) (5,5,2.000000000000) (6,5,0.708184537143) (8,5,0.004055835220) (10,5,0.705427693105) (12,5,-0.703284052252) (1,6,-0.706800544998) (3,6,-0.999991015320) (4,6,-0.000347427856) (5,6,0.708184537143) (6,6,2.000000000000) (7,6,0.705825619923) (8,6,0.708893852789) (10,6,-0.000846437580) (12,6,0.003866295691) (1,7,-0.999999051648) (3,7,-0.708822138206) (4,7,-0.708630806120) (6,7,0.705825619923) (7,7,2.000000000000) (9,7,0.705241779489) (11,7,0.706716194604) (12,7,0.705651400259) (5,8,0.004055835220) (6,8,0.708893852789) (8,8,2.000000000000) (9,8,0.709474683548) (10,8,-0.705914963392) (12,8,0.708050703275) (7,9,0.705241779489) (8,9,0.709474683548) (9,9,2.000000000000) (11,9,-0.003186259652) (12,9,-0.004690134560) (5,10,0.705427693105) (6,10,-0.000846437580) (8,10,-0.705914963392) (10,10,2.000000000000) (11,10,0.999998850901) (12,10,-0.999995440203) (7,11,0.706716194604) (9,11,-0.003186259652) (10,11,0.999998850901) (11,11,2.000000000000) (12,11,0.999998869163) (5,12,-0.703284052252) (6,12,0.003866295691) (7,12,0.705651400259) (8,12,0.708050703275) (9,12,-0.004690134560) (10,12,-0.999995440203) (11,12,0.999998869163) (12,12,2.000000000000) 
Minv:
size: 27 27
(0,0,1.000000000000) (1,1,1.000000000000) (2,2,2.000000000000) (3,3,1.000000000000) (4,4,1.000000000000) (5,5,2.000000000000) (6,6,1.000000000000) (7,7,1.000000000000) (8,8,2.000000000000) (9,9,1.000000000000) (10,10,1.000000000000) (11,11,2.000000000000) (12,12,1.000000000000) (13,13,1.000000000000) (14,14,2.000000000000) (15,15,1.000000000000) (16,16,1.000000000000) (17,17,2.000000000000) (18,18,1.000000000000) (19,19,1.000000000000) (20,20,2.000000000000) (21,21,1.000000000000) (22,22,1.000000000000) (23,23,2.000000000000) (24,24,1.000000000000) (25,25,1.000000000000) (26,26,2.000000000000) 
v0:
size: 27 1
(0,0,0.873207066011) (1,0,-0.510637350340) (2,0,0.000000000000) (3,0,-0.049364041835) (4,0,0.791797942834) (5,0,0.000000000000) (6,0,-0.551443315841) (7,0,0.505256490938) (8,0,0.000000000000) (9,0,0.072076800999) (10,0,0.483226692242) (11,0,0.000000000000) (12,0,-0.356629341786) (13,0,0.294743007340) (14,0,0.000000000000) (15,0,0.309357179842) (16,0,0.942582135356) (17,0,0.000000000000) (18,0,0.581908134828) (19,0,0.402307338467) (20,0,0.000000000000) (21,0,-0.409767478054) (22,0,0.386123095133) (23,0,0.000000000000) (24,0,0.269214442775) (25,0,-0.586265296638) (26,0,0.000000000000) 
ipopt_sol:
size: 13 1
(0,0,1.259402413029) (1,0,0.000000000000) (2,0,0.286700365462) (3,0,0.308103387726) (4,0,0.000000000000) (5,0,1.295341421408) (6,0,0.000000000000) (7,0,0.000000000000) (8,0,0.000000000000) (9,0,0.040952688228) (10,0,0.365983595754) (11,0,0.000000000000) (12,0,1.612832758619) 
policy_sol:
size: 13 1
(0,0,1.259402404074) (1,0,0.000000000000) (2,0,0.286700365449) (3,0,0.308103392698) (4,0,0.000000000000) (5,0,1.295341406126) (6,0,0.000000000000) (7,0,0.000000000000) (8,0,0.000000000000) (9,0,0.040952681121) (10,0,0.365983589391) (11,0,0.000000000000) (12,0,1.612832737988) 

policy_converges:
1
ipopt_converges:
0
