solve status: 0
N:
size: 27 17
(0,0,-0.004955744895) (1,0,-0.999987720221) (3,0,0.004955744895) (4,0,0.999987720221) (0,1,-0.002457857642) (1,1,-0.999996979463) (6,1,0.002457857642) (7,1,0.999996979463) (0,2,-0.999996625651) (1,2,-0.002597823347) (9,2,0.999996625651) (10,2,0.002597823347) (3,3,0.000054415948) (4,3,-0.999999998519) (6,3,-0.000054415948) (7,3,0.999999998519) (3,4,-0.706281020715) (4,4,0.707931578458) (9,4,0.706281020715) (10,4,-0.707931578458) (3,5,-0.999997306944) (4,5,0.002320798507) (21,5,0.999997306944) (22,5,-0.002320798507) (6,6,-0.706649183621) (7,6,0.707564082813) (12,6,0.706649183621) (13,6,-0.707564082813) (6,7,-0.999999496468) (7,7,0.001003525615) (24,7,0.999999496468) (25,7,-0.001003525615) (9,8,0.002717807326) (10,8,-0.999996306755) (12,8,-0.002717807326) (13,8,0.999996306755) (9,9,0.001521170490) (10,9,-0.999998843020) (15,9,-0.001521170490) (16,9,0.999998843020) (9,10,-0.710047068338) (10,10,-0.704154216592) (21,10,0.710047068338) (22,10,0.704154216592) (12,11,-0.706871156966) (13,11,0.707342326918) (18,11,0.706871156966) (19,11,-0.707342326918) (12,12,-0.999986471815) (13,12,0.005201556280) (21,12,0.999986471815) (22,12,-0.005201556280) (12,13,-0.710383657342) (13,13,-0.703814648456) (24,13,0.710383657342) (25,13,0.703814648456) (15,14,-0.709070778428) (16,14,0.705137313705) (21,14,0.709070778428) (22,14,-0.705137313705) (15,15,-0.999998703423) (16,15,0.001610326997) (24,15,0.999998703423) (25,15,-0.001610326997) (18,16,0.000148374524) (19,16,-0.999999988993) (21,16,-0.000148374524) (22,16,0.999999988993) 
Q:
size: 17 17
(0,0,2.000000000000) (1,0,0.999996880237) (2,0,0.007553519620) (3,0,-0.999987449069) (4,0,0.704422736651) (5,0,-0.002634961542) (0,1,0.999996880237) (1,1,2.000000000000) (2,1,0.005055664849) (3,1,0.999996844236) (6,1,0.705825102494) (7,1,-0.001454333821) (0,2,0.007553519620) (1,2,0.005055664849) (2,2,2.000000000000) (4,2,0.704439556293) (8,2,0.000119984402) (9,2,-0.001076654985) (10,2,-0.711873940656) (0,3,-0.999987449069) (1,3,0.999996844236) (3,3,2.000000000000) (4,3,-0.707970010361) (5,3,-0.002375214304) (6,3,0.707602534751) (7,3,0.001057941533) (0,4,0.704422736651) (2,4,0.704439556293) (3,4,-0.707970010361) (4,4,2.000000000000) (5,4,0.707922085210) (8,4,0.709848499625) (9,4,0.709005133241) (10,4,-0.002999762151) (0,5,-0.002634961542) (3,5,-0.002375214304) (4,5,0.707922085210) (5,5,2.000000000000) (10,5,0.708410956087) (12,5,0.999995850559) (14,5,0.710705350485) (16,5,-0.002469172606) (1,6,0.705825102494) (3,6,0.707602534751) (6,6,2.000000000000) (7,6,0.707358886482) (8,6,-0.709482005934) (11,6,-0.999999950776) (12,6,-0.710320058338) (13,6,-0.003998065314) (1,7,-0.001454333821) (3,7,0.001057941533) (6,7,0.707358886482) (7,7,2.000000000000) (13,7,0.709677003614) (15,7,0.999999815896) (2,8,0.000119984402) (4,8,0.709848499625) (6,8,-0.709482005934) (8,8,2.000000000000) (9,8,0.999999284027) (10,8,0.702221844854) (11,8,0.709260854138) (12,8,0.007919307628) (13,8,-0.701881363187) (2,9,-0.001076654985) (4,9,0.709005133241) (8,9,0.999999284027) (9,9,2.000000000000) (10,9,0.703073299253) (14,9,0.706215115418) (15,9,0.003131493651) (2,10,-0.711873940656) (4,10,-0.002999762151) (5,10,0.708410956087) (8,10,0.702221844854) (9,10,0.703073299253) (10,10,2.000000000000) (12,10,0.706374764902) (14,10,0.006948214745) (16,10,0.704048855945) (6,11,-0.999999950776) (8,11,0.709260854138) (11,11,2.000000000000) (12,11,0.710540875205) (13,11,0.004311826598) (16,11,0.707447200803) (5,12,0.999995850559) (6,12,-0.710320058338) (8,12,0.007919307628) (10,12,0.706374764902) (11,12,0.710540875205) (12,12,2.000000000000) (13,12,0.706713115636) (14,12,0.712728997410) (16,12,-0.005349928739) (6,13,-0.003998065314) (7,13,0.709677003614) (8,13,-0.701881363187) (11,13,0.004311826598) (12,13,0.706713115636) (13,13,2.000000000000) (15,13,0.709249364546) (5,14,0.710705350485) (9,14,0.706215115418) (10,14,0.006948214745) (12,14,0.712728997410) (14,14,2.000000000000) (15,14,0.710205360716) (16,14,-0.705242513983) (7,15,0.999999815896) (9,15,0.003131493651) (13,15,0.709249364546) (14,15,0.710205360716) (15,15,2.000000000000) (5,16,-0.002469172606) (10,16,0.704048855945) (11,16,0.707447200803) (12,16,-0.005349928739) (14,16,-0.705242513983) (16,16,2.000000000000) 
Minv:
size: 27 27
(0,0,1.000000000000) (1,1,1.000000000000) (2,2,2.000000000000) (3,3,1.000000000000) (4,4,1.000000000000) (5,5,2.000000000000) (6,6,1.000000000000) (7,7,1.000000000000) (8,8,2.000000000000) (9,9,1.000000000000) (10,10,1.000000000000) (11,11,2.000000000000) (12,12,1.000000000000) (13,13,1.000000000000) (14,14,2.000000000000) (15,15,1.000000000000) (16,16,1.000000000000) (17,17,2.000000000000) (18,18,1.000000000000) (19,19,1.000000000000) (20,20,2.000000000000) (21,21,1.000000000000) (22,22,1.000000000000) (23,23,2.000000000000) (24,24,1.000000000000) (25,25,1.000000000000) (26,26,2.000000000000) 
v0:
size: 27 1
(0,0,0.053719130381) (1,0,-0.485658767799) (2,0,0.000000000000) (3,0,0.241345917235) (4,0,-0.740657465518) (5,0,0.000000000000) (6,0,0.407481088514) (7,0,-0.947892379270) (8,0,0.000000000000) (9,0,-0.346263734226) (10,0,0.322162613105) (11,0,0.000000000000) (12,0,0.869241432237) (13,0,-0.244842075709) (14,0,0.000000000000) (15,0,0.509595330165) (16,0,-0.164371856913) (17,0,0.000000000000) (18,0,-0.321308183301) (19,0,0.317069711959) (20,0,0.000000000000) (21,0,0.036632437002) (22,0,-0.369906322672) (23,0,0.000000000000) (24,0,-0.653967277047) (25,0,0.422911629854) (26,0,0.000000000000) 
ipopt_sol:
size: 17 1
(0,0,0.000000000000) (1,0,0.000000000000) (2,0,0.000000000000) (3,0,0.339467229987) (4,0,1.275534397912) (5,0,0.000000000000) (6,0,0.902153295185) (7,0,0.215125495742) (8,0,0.000000000000) (9,0,0.034000785322) (10,0,0.000000000000) (11,0,1.384969866092) (12,0,0.660849210104) (13,0,0.000000000000) (14,0,0.000000000000) (15,0,1.056890859424) (16,0,0.198900356929) 
policy_sol:
size: 17 1
(0,0,0.000000000000) (1,0,0.000000000000) (2,0,0.000000000000) (3,0,0.339467228520) (4,0,1.275534386049) (5,0,0.000000000000) (6,0,0.902153287491) (7,0,0.215125499373) (8,0,0.000000000000) (9,0,0.034000777499) (10,0,0.000000000000) (11,0,1.384969864934) (12,0,0.660849192115) (13,0,0.000000000000) (14,0,0.000000000000) (15,0,1.056890850524) (16,0,0.198900357309) 

policy_converges:
1
ipopt_converges:
0
