solve status: 0
N:
size: 27 11
(0,0,0.008516682114) (1,0,-0.999963732405) (3,0,-0.008516682114) (4,0,0.999963732405) (0,1,0.002000566512) (1,1,-0.999997998865) (6,1,-0.002000566512) (7,1,0.999997998865) (0,2,-0.999990970979) (1,2,0.004249465872) (9,2,0.999990970979) (10,2,-0.004249465872) (0,3,-0.707161754012) (1,3,-0.707051804087) (12,3,0.707161754012) (13,3,0.707051804087) (0,4,-0.999999433333) (1,4,0.001064581271) (18,4,0.999999433333) (19,4,-0.001064581271) (3,5,-0.004441124544) (4,5,-0.999990138158) (6,5,0.004441124544) (7,5,0.999990138158) (6,6,-0.999998893805) (7,6,0.001487410244) (15,6,0.999998893805) (16,6,-0.001487410244) (9,7,0.000289024895) (10,7,-0.999999958232) (12,7,-0.000289024895) (13,7,0.999999958232) (9,8,-0.707398831151) (10,8,-0.706814610550) (21,8,0.707398831151) (22,8,0.706814610550) (12,9,-0.999997314828) (13,9,0.002317398602) (21,9,0.999997314828) (22,9,-0.002317398602) (15,10,-0.705020526417) (16,10,0.709186898730) (21,10,0.705020526417) (22,10,-0.709186898730) 
Q:
size: 11 11
(0,0,2.000000000000) (1,0,0.999978769532) (2,0,-0.012765916970) (3,0,0.701003489157) (4,0,-0.009581219949) (5,0,-0.999916047275) (0,1,0.999978769532) (1,1,2.000000000000) (2,1,-0.006250005816) (3,1,0.705635665057) (4,1,-0.003065144519) (5,1,0.999979252277) (6,1,0.003487971567) (0,2,-0.012765916970) (1,2,-0.006250005816) (2,2,2.000000000000) (3,2,0.704150776523) (4,2,0.999994928219) (7,2,0.004538487979) (8,2,-0.704388859467) (0,3,0.701003489157) (1,3,0.705635665057) (2,3,0.704150776523) (3,3,2.000000000000) (4,3,0.706408639178) (7,3,0.706847387204) (9,3,-0.705521334299) (0,4,-0.009581219949) (1,4,-0.003065144519) (2,4,0.999994928219) (3,4,0.706408639178) (4,4,2.000000000000) (0,5,-0.999916047275) (1,5,0.999979252277) (5,5,2.000000000000) (6,5,-0.002953724055) (1,6,0.003487971567) (5,6,-0.002953724055) (6,6,2.000000000000) (10,6,-0.706074598385) (2,7,0.004538487979) (3,7,0.706847387204) (7,7,2.000000000000) (8,7,0.706610125155) (9,7,0.002606422624) (2,8,-0.704388859467) (7,8,0.706610125155) (8,8,2.000000000000) (9,8,0.705758960473) (10,8,-0.002532965308) (3,9,-0.705521334299) (7,9,0.002606422624) (8,9,0.705758960473) (9,9,2.000000000000) (10,9,0.706662102043) (6,10,-0.706074598385) (8,10,-0.002532965308) (9,10,0.706662102043) (10,10,2.000000000000) 
Minv:
size: 27 27
(0,0,1.000000000000) (1,1,1.000000000000) (2,2,2.000000000000) (3,3,1.000000000000) (4,4,1.000000000000) (5,5,2.000000000000) (6,6,1.000000000000) (7,7,1.000000000000) (8,8,2.000000000000) (9,9,1.000000000000) (10,10,1.000000000000) (11,11,2.000000000000) (12,12,1.000000000000) (13,13,1.000000000000) (14,14,2.000000000000) (15,15,1.000000000000) (16,16,1.000000000000) (17,17,2.000000000000) (18,18,1.000000000000) (19,19,1.000000000000) (20,20,2.000000000000) (21,21,1.000000000000) (22,22,1.000000000000) (23,23,2.000000000000) (24,24,1.000000000000) (25,25,1.000000000000) (26,26,2.000000000000) 
v0:
size: 27 1
(0,0,0.609265122464) (1,0,0.560824608606) (2,0,0.000000000000) (3,0,-0.889724377480) (4,0,0.033937231623) (5,0,0.000000000000) (6,0,-0.327073496481) (7,0,-0.634738813445) (8,0,0.000000000000) (9,0,0.099665758767) (10,0,-0.058482359547) (11,0,0.000000000000) (12,0,-0.644970838533) (13,0,-0.971847520177) (14,0,0.000000000000) (15,0,-0.489994411150) (16,0,-0.304101261067) (17,0,0.000000000000) (18,0,0.259287276272) (19,0,-0.541565825898) (20,0,0.000000000000) (21,0,-0.647882217092) (22,0,-0.260637632059) (23,0,0.000000000000) (24,0,0.999232194343) (25,0,-0.002693466307) (26,0,0.000000000000) 
ipopt_sol:
size: 11 1
(0,0,0.000000000000) (1,0,0.145897517628) (2,0,0.000000000000) (3,0,2.127946763216) (4,0,0.000000000000) (5,0,0.593465654160) (6,0,0.164034548295) (7,0,0.000000000000) (8,0,0.462834840959) (9,0,0.591890532823) (10,0,0.000000000000) 
policy_sol:
size: 11 1
(0,0,0.000000000000) (1,0,0.145897515838) (2,0,0.000000000000) (3,0,2.127946745888) (4,0,0.000000000000) (5,0,0.593465660056) (6,0,0.164034551834) (7,0,0.000000000000) (8,0,0.462834844879) (9,0,0.591890521784) (10,0,0.000000000000) 

policy_converges:
1
ipopt_converges:
0
