solve status: 0
N:
size: 27 14
(0,0,-0.001045427150) (1,0,-0.999999453541) (3,0,0.001045427150) (4,0,0.999999453541) (0,1,0.001029809306) (1,1,-0.999999469746) (6,1,-0.001029809306) (7,1,0.999999469746) (0,2,-0.999999998229) (1,2,-0.000059511726) (9,2,0.999999998229) (10,2,0.000059511726) (0,3,-0.706653377875) (1,3,-0.707559893958) (12,3,0.706653377875) (13,3,0.707559893958) (0,4,-0.999998235350) (1,4,-0.001878642266) (18,4,0.999998235350) (19,4,0.001878642266) (3,5,-0.706306401276) (4,5,0.707906256164) (9,5,0.706306401276) (10,5,-0.707906256164) (3,6,-0.999999653109) (4,6,0.000832935449) (12,6,0.999999653109) (13,6,-0.000832935449) (3,7,-0.705778214157) (4,7,-0.708432856678) (15,7,0.705778214157) (16,7,0.708432856678) (3,8,-0.999999586652) (4,8,0.000909228000) (21,8,0.999999586652) (22,8,-0.000909228000) (6,9,-0.708661656961) (7,9,0.705548478811) (12,9,0.708661656961) (13,9,-0.705548478811) (9,10,0.001635920113) (10,10,-0.999998661882) (15,10,-0.001635920113) (16,10,0.999998661882) (9,11,-0.999993107723) (10,11,-0.003712749282) (18,11,0.999993107723) (19,11,0.003712749282) (12,12,0.002434619919) (13,12,-0.999997036309) (15,12,-0.002434619919) (16,12,0.999997036309) (18,13,-0.005352861311) (19,13,-0.999985673335) (21,13,0.005352861311) (22,13,0.999985673335) 
Q:
size: 14 14
(0,0,2.000000000000) (1,0,0.999997846697) (2,0,0.001104938841) (3,0,0.708298261932) (4,0,0.002924066544) (5,0,0.707167477434) (6,0,-0.000212491793) (7,0,-0.709170309255) (8,0,-0.000136199215) (0,1,0.999997846697) (1,1,2.000000000000) (2,1,-0.000970297610) (3,1,0.706831800547) (4,1,0.000848833780) (9,1,0.706277891061) (0,2,0.001104938841) (1,2,-0.000970297610) (2,2,2.000000000000) (3,2,0.706695484734) (4,2,0.999998345380) (5,2,0.706264271302) (10,2,0.001576408464) (11,2,-0.999993326904) (0,3,0.708298261932) (1,3,0.706831800547) (2,3,0.706695484734) (3,3,2.000000000000) (4,3,0.707981382801) (6,3,0.706063781025) (9,3,0.001560346812) (12,3,-0.705837364579) (0,4,0.002924066544) (1,4,0.000848833780) (2,4,0.999998345380) (3,4,0.707981382801) (4,4,2.000000000000) (11,4,0.999998318013) (13,4,-0.007231467216) (0,5,0.707167477434) (2,5,0.706264271302) (5,5,2.000000000000) (6,5,0.706895796481) (7,5,-0.003008380774) (8,5,0.706949757515) (10,5,0.709060769750) (11,5,-0.703673254772) (0,6,-0.000212491793) (3,6,0.706063781025) (5,6,0.706895796481) (6,6,2.000000000000) (7,6,0.705187890490) (8,6,0.999999997090) (9,6,0.709249087472) (12,6,0.003267552055) (0,7,-0.709170309255) (5,7,-0.003008380774) (6,7,0.705187890490) (7,7,2.000000000000) (8,7,0.705133795436) (10,7,0.707277311935) (12,7,0.706712455403) (0,8,-0.000136199215) (5,8,0.706949757515) (6,8,0.999999997090) (7,8,0.705133795436) (8,8,2.000000000000) (13,8,0.004443644125) (1,9,0.706277891061) (3,9,0.001560346812) (6,9,0.709249087472) (9,9,2.000000000000) (12,9,0.707271709569) (2,10,0.001576408464) (5,10,0.709060769750) (7,10,0.707277311935) (10,10,2.000000000000) (11,10,0.002076835476) (12,10,0.999999681038) (2,11,-0.999993326904) (4,11,0.999998318013) (5,11,-0.703673254772) (10,11,0.002076835476) (11,11,2.000000000000) (13,11,-0.009065520508) (3,12,-0.705837364579) (6,12,0.003267552055) (7,12,0.706712455403) (9,12,0.707271709569) (10,12,0.999999681038) (12,12,2.000000000000) (4,13,-0.007231467216) (8,13,0.004443644125) (11,13,-0.009065520508) (13,13,2.000000000000) 
Minv:
size: 27 27
(0,0,1.000000000000) (1,1,1.000000000000) (2,2,2.000000000000) (3,3,1.000000000000) (4,4,1.000000000000) (5,5,2.000000000000) (6,6,1.000000000000) (7,7,1.000000000000) (8,8,2.000000000000) (9,9,1.000000000000) (10,10,1.000000000000) (11,11,2.000000000000) (12,12,1.000000000000) (13,13,1.000000000000) (14,14,2.000000000000) (15,15,1.000000000000) (16,16,1.000000000000) (17,17,2.000000000000) (18,18,1.000000000000) (19,19,1.000000000000) (20,20,2.000000000000) (21,21,1.000000000000) (22,22,1.000000000000) (23,23,2.000000000000) (24,24,1.000000000000) (25,25,1.000000000000) (26,26,2.000000000000) 
v0:
size: 27 1
(0,0,0.992942082301) (1,0,0.892369426913) (2,0,0.000000000000) (3,0,0.969747557338) (4,0,-0.612872799600) (5,0,0.000000000000) (6,0,-0.947220930973) (7,0,-0.555677314927) (8,0,0.000000000000) (9,0,0.106560818442) (10,0,-0.241678432430) (11,0,0.000000000000) (12,0,-0.737466743688) (13,0,0.659871100044) (14,0,0.000000000000) (15,0,-0.577980554745) (16,0,-0.996238994223) (17,0,0.000000000000) (18,0,-0.184878661676) (19,0,-0.013267046100) (20,0,0.000000000000) (21,0,0.443429848667) (22,0,-0.130127288094) (23,0,0.000000000000) (24,0,0.793596948154) (25,0,0.247534919382) (26,0,0.000000000000) 
ipopt_sol:
size: 14 1
(0,0,1.403892944798) (1,0,0.650099106893) (2,0,0.333850847519) (3,0,0.265344006542) (4,0,0.916759484401) (5,0,0.000000000000) (6,0,1.295168554784) (7,0,0.899740603075) (8,0,0.000000000000) (9,0,0.000000000000) (10,0,0.000000000000) (11,0,0.000000000000) (12,0,1.430093379249) (13,0,0.116810077517) 
policy_sol:
size: 14 1
(0,0,1.403892939064) (1,0,0.650099102885) (2,0,0.333850850407) (3,0,0.265344016017) (4,0,0.916759474694) (5,0,0.000000000000) (6,0,1.295168540218) (7,0,0.899740600655) (8,0,0.000000000000) (9,0,0.000000000000) (10,0,0.000000000000) (11,0,0.000000000000) (12,0,1.430093374936) (13,0,0.116810077504) 

policy_converges:
1
ipopt_converges:
0
