solve status: 0
N:
size: 27 14
(0,0,-0.000772183281) (1,0,-0.999999701866) (6,0,0.000772183281) (7,0,0.999999701866) (0,1,-0.999997132558) (1,1,-0.002394759996) (9,1,0.999997132558) (10,1,0.002394759996) (0,2,-0.707290230638) (1,2,-0.706923284130) (12,2,0.707290230638) (13,2,0.706923284130) (3,3,0.002745713547) (4,3,-0.999996230521) (6,3,-0.002745713547) (7,3,0.999996230521) (3,4,-0.999995541161) (4,4,-0.002986244937) (12,4,0.999995541161) (13,4,0.002986244937) (3,5,-0.704358289519) (4,5,-0.709844630878) (15,5,0.704358289519) (16,5,0.709844630878) (3,6,-0.999994238352) (4,6,-0.003394593308) (21,6,0.999994238352) (22,6,0.003394593308) (12,7,-0.707940418281) (13,7,0.706272160122) (18,7,0.707940418281) (19,7,-0.706272160122) (12,8,-0.999992784424) (13,8,-0.003798828777) (21,8,0.999992784424) (22,8,0.003798828777) (15,9,-0.708324600650) (16,9,0.705886860704) (21,9,0.708324600650) (22,9,-0.705886860704) (15,10,-0.999965457649) (16,10,0.008311649027) (24,10,0.999965457649) (25,10,-0.008311649027) (18,11,0.002090410417) (19,11,-0.999997815090) (21,11,-0.002090410417) (22,11,0.999997815090) (18,12,-0.000272288655) (19,12,-0.999999962929) (24,12,0.000272288655) (25,12,0.999999962929) (21,13,-0.002678395859) (22,13,-0.999996413091) (24,13,0.002678395859) (25,13,0.999996413091) 
Q:
size: 14 14
(0,0,2.000000000000) (1,0,0.003166940348) (2,0,0.707469231063) (3,0,0.999993812195) (0,1,0.003166940348) (1,1,2.000000000000) (2,1,0.708981114125) (0,2,0.707469231063) (1,2,0.708981114125) (2,2,2.000000000000) (4,2,0.709398123022) (7,2,-0.001439106801) (8,2,-0.709970607646) (0,3,0.999993812195) (3,3,2.000000000000) (4,3,0.000240532376) (5,3,0.707907989036) (6,3,0.000648882784) (2,4,0.709398123022) (3,4,0.000240532376) (4,4,2.000000000000) (5,4,0.706474918833) (6,4,0.999999916625) (7,4,-0.705828160026) (8,4,-0.999999669850) (3,5,0.707907989036) (4,5,0.706474918833) (5,5,2.000000000000) (6,5,0.706763865087) (9,5,0.002155693941) (10,5,-0.698433979891) (3,6,0.000648882784) (4,6,0.999999916625) (5,6,0.706763865087) (6,6,2.000000000000) (8,6,0.999999918296) (9,6,0.705924320719) (11,6,0.001304187517) (13,6,-0.006072961558) (2,7,-0.001439106801) (4,7,-0.705828160026) (7,7,2.000000000000) (8,7,0.705252303077) (11,7,0.707750503006) (12,7,0.706079369796) (2,8,-0.709970607646) (4,8,-0.999999669850) (6,8,0.999999918296) (7,8,0.705252303077) (8,8,2.000000000000) (9,8,0.705637946360) (11,8,0.001708425143) (13,8,-0.006477191683) (5,9,0.002155693941) (6,9,0.705924320719) (8,9,0.705637946360) (9,9,2.000000000000) (10,9,0.714167217291) (11,9,-0.707366007529) (13,9,0.703987155075) (5,10,-0.698433979891) (9,10,0.714167217291) (10,10,2.000000000000) (12,10,-0.008039369470) (13,10,-0.005633315873) (6,11,0.001304187517) (7,11,0.707750503006) (8,11,0.001708425143) (9,11,-0.707366007529) (11,11,2.000000000000) (12,11,0.999997208824) (13,11,-0.999988629242) (7,12,0.706079369796) (10,12,-0.008039369470) (11,12,0.999997208824) (12,12,2.000000000000) (13,12,0.999997105318) (6,13,-0.006072961558) (8,13,-0.006477191683) (9,13,0.703987155075) (10,13,-0.005633315873) (11,13,-0.999988629242) (12,13,0.999997105318) (13,13,2.000000000000) 
Minv:
size: 27 27
(0,0,1.000000000000) (1,1,1.000000000000) (2,2,2.000000000000) (3,3,1.000000000000) (4,4,1.000000000000) (5,5,2.000000000000) (6,6,1.000000000000) (7,7,1.000000000000) (8,8,2.000000000000) (9,9,1.000000000000) (10,10,1.000000000000) (11,11,2.000000000000) (12,12,1.000000000000) (13,13,1.000000000000) (14,14,2.000000000000) (15,15,1.000000000000) (16,16,1.000000000000) (17,17,2.000000000000) (18,18,1.000000000000) (19,19,1.000000000000) (20,20,2.000000000000) (21,21,1.000000000000) (22,22,1.000000000000) (23,23,2.000000000000) (24,24,1.000000000000) (25,25,1.000000000000) (26,26,2.000000000000) 
v0:
size: 27 1
(0,0,-0.258206260609) (1,0,0.302509644947) (2,0,0.000000000000) (3,0,-0.078553129581) (4,0,0.928257595212) (5,0,0.000000000000) (6,0,-0.499893861876) (7,0,-0.991314246979) (8,0,0.000000000000) (9,0,-0.726971781685) (10,0,-0.834410609528) (11,0,0.000000000000) (12,0,-0.168609788079) (13,0,-0.825061579688) (14,0,0.000000000000) (15,0,-0.051359905081) (16,0,0.329618878319) (17,0,0.000000000000) (18,0,0.334896161811) (19,0,0.283671776365) (20,0,0.000000000000) (21,0,-0.940970845054) (22,0,-0.328139488177) (23,0,0.000000000000) (24,0,-0.197512303459) (25,0,-0.626559794316) (26,0,0.000000000000) 
ipopt_sol:
size: 14 1
(0,0,0.000000000000) (1,0,0.106986076518) (2,0,1.028238254302) (3,0,1.918278705387) (4,0,0.000000000000) (5,0,0.000000000000) (6,0,0.397694638661) (7,0,0.000000000000) (8,0,0.936456112723) (9,0,0.000000000000) (10,0,0.141452673647) (11,0,0.203482670642) (12,0,0.809204058046) (13,0,0.000000000000) 
policy_sol:
size: 14 1
(0,0,0.000000000000) (1,0,0.106986079103) (2,0,1.028238246963) (3,0,1.918278696852) (4,0,0.000000000000) (5,0,0.000000000000) (6,0,0.397694625962) (7,0,0.000000000000) (8,0,0.936456114304) (9,0,0.000000000000) (10,0,0.141452673537) (11,0,0.203482682969) (12,0,0.809204043368) (13,0,0.000000000000) 

policy_converges:
1
ipopt_converges:
0
