solve status: 0
N:
size: 27 10
(0,0,-0.003062718108) (1,0,-0.999995309868) (3,0,0.003062718108) (4,0,0.999995309868) (0,1,-0.003053070581) (1,1,-0.999995339369) (6,1,0.003053070581) (7,1,0.999995339369) (0,2,-0.704816324905) (1,2,-0.709389842151) (12,2,0.704816324905) (13,2,0.709389842151) (0,3,-0.999999995403) (1,3,-0.000095887374) (18,3,0.999999995403) (19,3,0.000095887374) (3,4,-0.003043382584) (4,4,-0.999995368901) (6,4,0.003043382584) (7,4,0.999995368901) (9,5,0.000594745225) (10,5,-0.999999823139) (12,5,-0.000594745225) (13,5,0.999999823139) (9,6,-0.999999914654) (10,6,0.000413148330) (18,6,0.999999914654) (19,6,-0.000413148330) (12,7,-0.704868527636) (13,7,0.709337972160) (18,7,0.704868527636) (19,7,-0.709337972160) (18,8,0.002574743077) (19,8,-0.999996685344) (21,8,-0.002574743077) (22,8,0.999996685344) (18,9,0.001141837331) (19,9,-0.999999348104) (24,9,-0.001141837331) (25,9,0.999999348104) 
Q:
size: 10 10
(0,0,2.000000000000) (1,0,0.999999999953) (2,0,0.711545168740) (3,0,0.003158605019) (4,0,-0.999999999813) (0,1,0.999999999953) (1,1,2.000000000000) (2,1,0.711538389933) (3,1,0.003148957494) (4,1,0.999999999953) (0,2,0.711545168740) (1,2,0.711538389933) (2,2,2.000000000000) (3,2,0.704884343195) (5,2,0.708970530544) (7,2,0.006394306912) (0,3,0.003158605019) (1,3,0.003148957494) (2,3,0.704884343195) (3,3,2.000000000000) (6,3,0.999999870441) (7,3,0.704800507840) (8,3,0.002478856009) (9,3,0.001045950014) (0,4,-0.999999999813) (1,4,0.999999999953) (4,4,2.000000000000) (2,5,0.708970530544) (5,5,2.000000000000) (6,5,-0.001007893431) (7,5,0.709757063897) (3,6,0.999999870441) (5,6,-0.001007893431) (6,6,2.000000000000) (7,6,0.705161529277) (8,6,0.002987889818) (9,6,0.001554985294) (2,7,0.006394306912) (3,7,0.704800507840) (5,7,0.709757063897) (6,7,0.705161529277) (7,7,2.000000000000) (8,7,0.711150476310) (9,7,0.710142354943) (3,8,0.002478856009) (6,8,0.002987889818) (7,8,0.711150476310) (8,8,2.000000000000) (9,8,0.999998973387) (3,9,0.001045950014) (6,9,0.001554985294) (7,9,0.710142354943) (8,9,0.999998973387) (9,9,2.000000000000) 
Minv:
size: 27 27
(0,0,1.000000000000) (1,1,1.000000000000) (2,2,2.000000000000) (3,3,1.000000000000) (4,4,1.000000000000) (5,5,2.000000000000) (6,6,1.000000000000) (7,7,1.000000000000) (8,8,2.000000000000) (9,9,1.000000000000) (10,10,1.000000000000) (11,11,2.000000000000) (12,12,1.000000000000) (13,13,1.000000000000) (14,14,2.000000000000) (15,15,1.000000000000) (16,16,1.000000000000) (17,17,2.000000000000) (18,18,1.000000000000) (19,19,1.000000000000) (20,20,2.000000000000) (21,21,1.000000000000) (22,22,1.000000000000) (23,23,2.000000000000) (24,24,1.000000000000) (25,25,1.000000000000) (26,26,2.000000000000) 
v0:
size: 27 1
(0,0,-0.075034893941) (1,0,0.726073112852) (2,0,0.000000000000) (3,0,0.079564592078) (4,0,-0.271195808330) (5,0,0.000000000000) (6,0,-0.422756249603) (7,0,-0.831040962559) (8,0,0.000000000000) (9,0,0.778935717029) (10,0,-0.644443880892) (11,0,0.000000000000) (12,0,0.263743354248) (13,0,-0.757789165452) (14,0,0.000000000000) (15,0,-0.358106151465) (16,0,0.204137702666) (17,0,0.000000000000) (18,0,-0.803483205741) (19,0,0.613275668178) (20,0,0.000000000000) (21,0,0.984005340011) (22,0,-0.837312911355) (23,0,0.000000000000) (24,0,0.391704351150) (25,0,0.316843279007) (26,0,0.000000000000) 
ipopt_sol:
size: 10 1
(0,0,0.231751515247) (1,0,1.354508564232) (2,0,0.246744564101) (3,0,0.000000000000) (4,0,0.000000000000) (5,0,0.000000000000) (6,0,1.275469697510) (7,0,0.867200638598) (8,0,1.144925545043) (9,0,0.000000000000) 
policy_sol:
size: 10 1
(0,0,0.231751518540) (1,0,1.354508564930) (2,0,0.246744555642) (3,0,0.000000000000) (4,0,0.000000000000) (5,0,0.000000000000) (6,0,1.275469695828) (7,0,0.867200629186) (8,0,1.144925543380) (9,0,0.000000000000) 

policy_converges:
1
ipopt_converges:
0
