solve status: 0
N:
size: 27 13
(0,0,-0.999998713210) (1,0,-0.001604237784) (9,0,0.999998713210) (10,0,0.001604237784) (3,1,-0.001470180935) (4,1,-0.999998919283) (6,1,0.001470180935) (7,1,0.999998919283) (3,2,-0.708767010824) (4,2,0.705442644279) (9,2,0.708767010824) (10,2,-0.705442644279) (6,3,-0.704639760219) (7,3,0.709565224851) (12,3,0.704639760219) (13,3,-0.709565224851) (6,4,-0.999999949878) (7,4,0.000316612878) (15,4,0.999999949878) (16,4,-0.000316612878) (6,5,-0.999998107394) (7,5,0.001945561039) (24,5,0.999998107394) (25,5,-0.001945561039) (9,6,0.005455910922) (10,6,-0.999985116407) (12,6,-0.005455910922) (13,6,0.999985116407) (9,7,0.000663706836) (10,7,-0.999999779747) (15,7,-0.000663706836) (16,7,0.999999779747) (9,8,-0.707337571547) (10,8,-0.706875915474) (21,8,0.707337571547) (22,8,0.706875915474) (12,9,-0.999998210489) (13,9,-0.001891829521) (21,9,0.999998210489) (22,9,0.001891829521) (12,10,-0.708746901648) (13,10,-0.705462847643) (24,10,0.708746901648) (25,10,0.705462847643) (15,11,-0.999993608803) (16,11,0.003575241601) (24,11,0.999993608803) (25,11,-0.003575241601) (21,12,-0.003321572562) (22,12,-0.999994483563) (24,12,0.003321572562) (25,12,0.999994483563) 
Q:
size: 13 13
(0,0,2.000000000000) (2,0,0.707634401045) (6,0,0.003851689994) (7,0,-0.000940531449) (8,0,-0.708470658405) (1,1,2.000000000000) (2,1,-0.704399866148) (3,1,0.708528510071) (4,1,-0.001153568326) (5,1,0.000475380784) (0,2,0.707634401045) (1,2,-0.704399866148) (2,2,2.000000000000) (6,2,0.709299114433) (7,2,0.705912902413) (8,2,-0.002677121240) (1,3,0.708528510071) (3,3,2.000000000000) (4,3,0.704864382389) (5,3,0.706018929070) (6,3,-0.713399115735) (9,3,-0.703296122819) (10,3,0.001160657278) (1,4,-0.001153568326) (3,4,0.704864382389) (4,4,2.000000000000) (5,4,0.999998673262) (7,4,-0.000980319611) (11,4,-0.999994690649) (1,5,0.000475380784) (3,5,0.706018929070) (4,5,0.999998673262) (5,5,2.000000000000) (10,5,0.707373039239) (11,5,0.999998672061) (12,5,0.001376015969) (0,6,0.003851689994) (2,6,0.709299114433) (3,6,-0.713399115735) (6,6,2.000000000000) (7,6,0.999988517282) (8,6,0.703006223839) (9,6,0.003564099795) (10,6,-0.701585487859) (0,7,-0.000940531449) (2,7,0.705912902413) (4,7,-0.000980319611) (6,7,0.999988517282) (7,7,2.000000000000) (8,7,0.706406295001) (11,7,0.004238943408) (0,8,-0.708470658405) (2,8,-0.002677121240) (6,8,0.703006223839) (7,8,0.706406295001) (8,8,2.000000000000) (9,8,0.708673594484) (12,8,-0.709221489107) (3,9,-0.703296122819) (6,9,0.003564099795) (8,9,0.708673594484) (9,9,2.000000000000) (10,9,0.710080248779) (12,9,-0.005213385703) (3,10,0.001160657278) (5,10,0.707373039239) (6,10,-0.701585487859) (9,10,0.710080248779) (10,10,2.000000000000) (11,10,0.706220171787) (12,10,0.707813110263) (4,11,-0.999994690649) (5,11,0.999998672061) (7,11,0.004238943408) (10,11,0.706220171787) (11,11,2.000000000000) (12,11,-0.000253670546) (5,12,0.001376015969) (8,12,-0.709221489107) (9,12,-0.005213385703) (10,12,0.707813110263) (11,12,-0.000253670546) (12,12,2.000000000000) 
Minv:
size: 27 27
(0,0,1.000000000000) (1,1,1.000000000000) (2,2,2.000000000000) (3,3,1.000000000000) (4,4,1.000000000000) (5,5,2.000000000000) (6,6,1.000000000000) (7,7,1.000000000000) (8,8,2.000000000000) (9,9,1.000000000000) (10,10,1.000000000000) (11,11,2.000000000000) (12,12,1.000000000000) (13,13,1.000000000000) (14,14,2.000000000000) (15,15,1.000000000000) (16,16,1.000000000000) (17,17,2.000000000000) (18,18,1.000000000000) (19,19,1.000000000000) (20,20,2.000000000000) (21,21,1.000000000000) (22,22,1.000000000000) (23,23,2.000000000000) (24,24,1.000000000000) (25,25,1.000000000000) (26,26,2.000000000000) 
v0:
size: 27 1
(0,0,0.002530899952) (1,0,-0.474579688026) (2,0,0.000000000000) (3,0,-0.407542384688) (4,0,0.580667929379) (5,0,0.000000000000) (6,0,0.541791644217) (7,0,0.383254303867) (8,0,0.000000000000) (9,0,-0.732432635124) (10,0,0.943811809052) (11,0,0.000000000000) (12,0,-0.034571209535) (13,0,0.522960771735) (14,0,0.000000000000) (15,0,-0.392156409175) (16,0,0.619502735280) (17,0,0.000000000000) (18,0,0.826058857364) (19,0,-0.591024088947) (20,0,0.000000000000) (21,0,-0.238292754645) (22,0,0.099115323555) (23,0,0.000000000000) (24,0,-0.824796752024) (25,0,-0.520078402622) (26,0,0.000000000000) 
ipopt_sol:
size: 13 1
(0,0,0.811317135703) (1,0,0.000000000000) (2,0,0.000000000000) (3,0,0.555347674247) (4,0,0.552005732614) (5,0,0.372589835483) (6,0,1.056951957452) (7,0,0.000000000000) (8,0,0.227717280179) (9,0,0.000000000000) (10,0,1.470421632997) (11,0,0.000000000000) (12,0,0.181241220757) 
policy_sol:
size: 13 1
(0,0,0.811317131654) (1,0,0.000000000000) (2,0,0.000000000000) (3,0,0.555347666304) (4,0,0.552005741275) (5,0,0.372589833713) (6,0,1.056951941915) (7,0,0.000000000000) (8,0,0.227717278637) (9,0,0.000000000000) (10,0,1.470421619629) (11,0,0.000000000000) (12,0,0.181241224970) 

policy_converges:
1
ipopt_converges:
0
