solve status: 0
N:
size: 27 8
(0,0,-0.706255711793) (1,0,-0.707956827469) (12,0,0.706255711793) (13,0,0.707956827469) (3,1,-0.999999728303) (4,1,-0.000737152212) (12,1,0.999999728303) (13,1,0.000737152212) (3,2,-0.707825114871) (4,2,-0.706387717020) (15,2,0.707825114871) (16,2,0.706387717020) (6,3,-0.999993980249) (7,3,-0.003469793456) (15,3,0.999993980249) (16,3,0.003469793456) (9,4,-0.708271866328) (10,4,-0.705939773188) (21,4,0.708271866328) (22,4,0.705939773188) (12,5,-0.999995977007) (13,5,0.002836541833) (21,5,0.999995977007) (22,5,-0.002836541833) (18,6,-0.005744741189) (19,6,-0.999983498838) (21,6,0.005744741189) (22,6,0.999983498838) (18,7,0.000143053738) (19,7,-0.999999989768) (24,7,-0.000143053738) (25,7,0.999999989768) 
Q:
size: 8 8
(0,0,2.000000000000) (1,0,0.706777391848) (5,0,-0.704244721374) (0,1,0.706777391848) (1,1,2.000000000000) (2,1,0.708345637826) (5,1,-0.999993614348) (1,2,0.708345637826) (2,2,2.000000000000) (3,2,0.710271873418) (2,3,0.710271873418) (3,3,2.000000000000) (4,4,2.000000000000) (5,4,0.706266589256) (6,4,0.709996962926) (0,5,-0.704244721374) (1,5,-0.999993614348) (4,5,0.706266589256) (5,5,2.000000000000) (6,5,0.002908223051) (4,6,0.709996962926) (5,6,0.002908223051) (6,6,2.000000000000) (7,6,0.999982666799) (6,7,0.999982666799) (7,7,2.000000000000) 
Minv:
size: 27 27
(0,0,1.000000000000) (1,1,1.000000000000) (2,2,2.000000000000) (3,3,1.000000000000) (4,4,1.000000000000) (5,5,2.000000000000) (6,6,1.000000000000) (7,7,1.000000000000) (8,8,2.000000000000) (9,9,1.000000000000) (10,10,1.000000000000) (11,11,2.000000000000) (12,12,1.000000000000) (13,13,1.000000000000) (14,14,2.000000000000) (15,15,1.000000000000) (16,16,1.000000000000) (17,17,2.000000000000) (18,18,1.000000000000) (19,19,1.000000000000) (20,20,2.000000000000) (21,21,1.000000000000) (22,22,1.000000000000) (23,23,2.000000000000) (24,24,1.000000000000) (25,25,1.000000000000) (26,26,2.000000000000) 
v0:
size: 27 1
(0,0,-0.283082704810) (1,0,0.916774190919) (2,0,0.000000000000) (3,0,-0.244920284228) (4,0,0.917882493944) (5,0,0.000000000000) (6,0,-0.041198994782) (7,0,0.996640363133) (8,0,0.000000000000) (9,0,0.217008703813) (10,0,-0.667936027711) (11,0,0.000000000000) (12,0,-0.355863406685) (13,0,0.143462160720) (14,0,0.000000000000) (15,0,-0.545087064576) (16,0,0.358448288579) (17,0,0.000000000000) (18,0,0.753140190126) (19,0,0.573093989031) (20,0,0.000000000000) (21,0,-0.497213699799) (22,0,-0.986785442051) (23,0,0.000000000000) (24,0,0.616248910722) (25,0,-0.126396278467) (26,0,0.000000000000) 
ipopt_sol:
size: 8 1
(0,0,0.731457615060) (1,0,0.000000000000) (2,0,0.489666425403) (3,0,0.332201286537) (4,0,0.047925696584) (5,0,0.376529037565) (6,0,1.549475591028) (7,0,0.000000000000) 
policy_sol:
size: 8 1
(0,0,0.731457612988) (1,0,0.000000000000) (2,0,0.489666421350) (3,0,0.332201287976) (4,0,0.047925696938) (5,0,0.376529041718) (6,0,1.549475585897) (7,0,0.000000000000) 

policy_converges:
1
ipopt_converges:
0
