solve status: 0
N:
size: 27 14
(0,0,-0.999998505877) (1,0,0.001728653973) (18,0,0.999998505877) (19,0,-0.001728653973) (3,1,-0.706872857866) (4,1,0.707340627147) (9,1,0.706872857866) (10,1,-0.707340627147) (6,2,-0.710558169020) (7,2,0.703638464297) (12,2,0.710558169020) (13,2,-0.703638464297) (9,3,-0.005430797837) (10,3,-0.999985253109) (12,3,0.005430797837) (13,3,0.999985253109) (9,4,-0.999998614834) (10,4,0.001664431109) (18,4,0.999998614834) (19,4,-0.001664431109) (9,5,-0.709461282455) (10,5,-0.704744413740) (21,5,0.709461282455) (22,5,0.704744413740) (12,6,0.003252981361) (13,6,-0.999994709042) (15,6,-0.003252981361) (16,6,0.999994709042) (12,7,-0.703202490385) (13,7,0.710989632495) (18,7,0.703202490385) (19,7,-0.710989632495) (12,8,-0.707181892753) (13,8,-0.707031661641) (24,8,0.707181892753) (25,8,0.707031661641) (15,9,-0.706543397757) (16,9,0.707669716101) (21,9,0.706543397757) (22,9,-0.707669716101) (15,10,-0.999979929882) (16,10,0.006335600416) (24,10,0.999979929882) (25,10,-0.006335600416) (18,11,-0.008651507680) (19,11,-0.999962575007) (21,11,0.008651507680) (22,11,0.999962575007) (18,12,-0.002740981681) (19,12,-0.999996243503) (24,12,0.002740981681) (25,12,0.999996243503) (21,13,0.003180979513) (22,13,-0.999994940672) (24,13,-0.003180979513) (25,13,0.999994940672) 
Q:
size: 14 14
(0,0,2.000000000000) (4,0,0.999999997938) (7,0,0.704430494767) (11,0,-0.006922905476) (12,0,-0.001012330107) (1,1,2.000000000000) (3,1,0.703491312484) (4,1,-0.708049198474) (5,1,-0.003004568681) (2,2,2.000000000000) (3,2,-0.699769190049) (6,2,0.705946173855) (7,2,-0.999945927159) (8,2,-0.004999198272) (1,3,0.703491312484) (2,3,-0.699769190049) (3,3,2.000000000000) (4,3,0.003766383751) (5,3,0.708586961749) (6,3,-0.999962295945) (7,3,0.707160197044) (8,3,-0.710861797016) (0,4,0.999999997938) (1,4,-0.708049198474) (3,4,0.003766383751) (4,4,2.000000000000) (5,4,0.708287301207) (7,4,0.704384909595) (11,4,-0.006987126879) (12,4,-0.001076553028) (1,5,-0.003004568681) (3,5,0.708586961749) (4,5,0.708287301207) (5,5,2.000000000000) (9,5,0.002538905888) (11,5,0.710855948419) (13,5,-0.702484066402) (2,6,0.705946173855) (3,6,-0.999962295945) (6,6,2.000000000000) (7,6,-0.713273375273) (8,6,0.704727471250) (9,6,0.709964344353) (10,6,0.009588482967) (0,7,0.704430494767) (2,7,-0.999945927159) (3,7,0.707160197044) (4,7,0.704384909595) (6,7,-0.713273375273) (7,7,2.000000000000) (8,7,-0.005400113133) (11,7,0.704879261967) (12,7,0.709059496520) (2,8,-0.004999198272) (3,8,-0.710861797016) (6,8,0.704727471250) (7,8,-0.005400113133) (8,8,2.000000000000) (10,8,0.702688229439) (12,8,0.708967378292) (13,8,0.704778553423) (5,9,0.002538905888) (6,9,0.709964344353) (9,9,2.000000000000) (10,9,0.711012729895) (11,9,-0.701530565934) (13,9,0.709913635840) (6,10,0.009588482967) (8,10,0.702688229439) (9,10,0.711012729895) (10,10,2.000000000000) (12,10,-0.003594649947) (13,10,-0.009516484032) (0,11,-0.006922905476) (4,11,-0.006987126879) (5,11,0.710855948419) (7,11,0.704879261967) (9,11,-0.701530565934) (11,11,2.000000000000) (12,11,0.999982532274) (13,11,-0.999929995600) (0,12,-0.001012330107) (4,12,-0.001076553028) (7,12,0.709059496520) (8,12,0.708967378292) (10,12,-0.003594649947) (11,12,0.999982532274) (12,12,2.000000000000) (13,12,0.999982465187) (5,13,-0.702484066402) (8,13,0.704778553423) (9,13,0.709913635840) (10,13,-0.009516484032) (11,13,-0.999929995600) (12,13,0.999982465187) (13,13,2.000000000000) 
Minv:
size: 27 27
(0,0,1.000000000000) (1,1,1.000000000000) (2,2,2.000000000000) (3,3,1.000000000000) (4,4,1.000000000000) (5,5,2.000000000000) (6,6,1.000000000000) (7,7,1.000000000000) (8,8,2.000000000000) (9,9,1.000000000000) (10,10,1.000000000000) (11,11,2.000000000000) (12,12,1.000000000000) (13,13,1.000000000000) (14,14,2.000000000000) (15,15,1.000000000000) (16,16,1.000000000000) (17,17,2.000000000000) (18,18,1.000000000000) (19,19,1.000000000000) (20,20,2.000000000000) (21,21,1.000000000000) (22,22,1.000000000000) (23,23,2.000000000000) (24,24,1.000000000000) (25,25,1.000000000000) (26,26,2.000000000000) 
v0:
size: 27 1
(0,0,-0.413969940225) (1,0,-0.991952403308) (2,0,0.000000000000) (3,0,-0.801946376413) (4,0,-0.387400117284) (5,0,0.000000000000) (6,0,-0.688460821864) (7,0,0.130230303440) (8,0,0.000000000000) (9,0,-0.326552925645) (10,0,0.798963223466) (11,0,0.000000000000) (12,0,-0.767220001875) (13,0,0.673260560367) (14,0,0.000000000000) (15,0,0.850238371945) (16,0,0.373626479048) (17,0,0.000000000000) (18,0,-0.633649755385) (19,0,0.857882832665) (20,0,0.000000000000) (21,0,-0.502939641846) (22,0,-0.299331725199) (23,0,0.000000000000) (24,0,0.672593098954) (25,0,-0.911283581877) (26,0,0.000000000000) 
ipopt_sol:
size: 14 1
(0,0,0.130923857096) (1,0,0.573997760477) (2,0,0.438059949799) (3,0,0.000000000000) (4,0,0.197155845560) (5,0,0.718556004671) (6,0,0.000000000000) (7,0,0.000000000000) (8,0,0.000000000000) (9,0,0.574901856416) (10,0,0.000000000000) (11,0,1.913810384048) (12,0,0.000000000000) (13,0,1.620848057563) 
policy_sol:
size: 14 1
(0,0,0.130923855810) (1,0,0.573997755333) (2,0,0.438059954793) (3,0,0.000000000000) (4,0,0.197155840967) (5,0,0.718556004144) (6,0,0.000000000000) (7,0,0.000000000000) (8,0,0.000000000000) (9,0,0.574901848070) (10,0,0.000000000000) (11,0,1.913810365245) (12,0,0.000000000000) (13,0,1.620848042485) 

policy_converges:
1
ipopt_converges:
0
