solve status: 0
N:
size: 27 12
(0,0,-0.001378332590) (1,0,-0.999999050099) (6,0,0.001378332590) (7,0,0.999999050099) (0,1,-0.999999428070) (1,1,-0.001069513639) (9,1,0.999999428070) (10,1,0.001069513639) (0,2,-0.707381338884) (1,2,-0.706832116842) (12,2,0.707381338884) (13,2,0.706832116842) (3,3,-0.005409895002) (4,3,-0.999985366411) (6,3,0.005409895002) (7,3,0.999985366411) (3,4,-0.710342901394) (4,4,0.703855782415) (9,4,0.710342901394) (10,4,-0.703855782415) (3,5,-0.999999905990) (4,5,-0.000433611652) (21,5,0.999999905990) (22,5,0.000433611652) (6,6,-0.709744087716) (7,6,0.704459601363) (12,6,0.709744087716) (13,6,-0.704459601363) (6,7,-0.999999183527) (7,7,0.001277867456) (15,7,0.999999183527) (16,7,-0.001277867456) (9,8,-0.000978827524) (10,8,-0.999999520948) (12,8,0.000978827524) (13,8,0.999999520948) (12,9,-0.703775321094) (13,9,0.710422618882) (18,9,0.703775321094) (19,9,-0.710422618882) (12,10,-0.999988234904) (13,10,0.004850778664) (21,10,0.999988234904) (22,10,-0.004850778664) (15,11,-0.705814716273) (16,11,0.708396489469) (21,11,0.705814716273) (22,11,-0.708396489469) 
Q:
size: 12 12
(0,0,2.000000000000) (1,0,0.002447844425) (2,0,0.707806452174) (3,0,0.999991873159) (6,0,0.703480668790) (7,0,-0.000100465222) (0,1,0.002447844425) (1,1,2.000000000000) (2,1,0.708136900901) (4,1,0.709589711768) (8,1,-0.002048340092) (0,2,0.707806452174) (1,2,0.708136900901) (2,2,2.000000000000) (6,2,0.004125051772) (8,2,0.707524182557) (9,2,0.004311994648) (10,2,-0.703944330323) (0,3,0.999991873159) (3,3,2.000000000000) (4,3,-0.700002601967) (5,3,0.005843499800) (6,3,0.700609651598) (7,3,-0.004132041829) (1,4,0.709589711768) (3,4,-0.700002601967) (4,4,2.000000000000) (5,4,0.710037634546) (8,4,0.703160142048) (3,5,0.005843499800) (4,5,0.710037634546) (5,5,2.000000000000) (10,5,0.999986037541) (11,5,0.705507480948) (0,6,0.703480668790) (2,6,0.004125051772) (3,6,0.700609651598) (6,6,2.000000000000) (7,6,0.710643714227) (8,6,-0.703764546842) (9,6,-0.999964408124) (10,6,-0.713152915112) (0,7,-0.000100465222) (3,7,-0.004132041829) (6,7,0.710643714227) (7,7,2.000000000000) (11,7,-0.706719376814) (1,8,-0.002048340092) (2,8,0.707524182557) (4,8,0.703160142048) (6,8,-0.703764546842) (8,8,2.000000000000) (9,8,0.709733403898) (10,8,0.003871960332) (2,9,0.004311994648) (6,9,-0.999964408124) (8,9,0.709733403898) (9,9,2.000000000000) (10,9,0.707213143991) (2,10,-0.703944330323) (5,10,0.999986037541) (6,10,-0.713152915112) (8,10,0.003871960332) (9,10,0.707213143991) (10,10,2.000000000000) (11,10,0.709242686872) (5,11,0.705507480948) (7,11,-0.706719376814) (10,11,0.709242686872) (11,11,2.000000000000) 
Minv:
size: 27 27
(0,0,1.000000000000) (1,1,1.000000000000) (2,2,2.000000000000) (3,3,1.000000000000) (4,4,1.000000000000) (5,5,2.000000000000) (6,6,1.000000000000) (7,7,1.000000000000) (8,8,2.000000000000) (9,9,1.000000000000) (10,10,1.000000000000) (11,11,2.000000000000) (12,12,1.000000000000) (13,13,1.000000000000) (14,14,2.000000000000) (15,15,1.000000000000) (16,16,1.000000000000) (17,17,2.000000000000) (18,18,1.000000000000) (19,19,1.000000000000) (20,20,2.000000000000) (21,21,1.000000000000) (22,22,1.000000000000) (23,23,2.000000000000) (24,24,1.000000000000) (25,25,1.000000000000) (26,26,2.000000000000) 
v0:
size: 27 1
(0,0,0.279104191293) (1,0,-0.533103613654) (2,0,0.000000000000) (3,0,-0.418983559113) (4,0,-0.238986534944) (5,0,0.000000000000) (6,0,0.091026555180) (7,0,-0.930537031570) (8,0,0.000000000000) (9,0,-0.562268577994) (10,0,-0.083888348707) (11,0,0.000000000000) (12,0,0.239163205421) (13,0,-0.636332235497) (14,0,0.000000000000) (15,0,-0.732731993118) (16,0,0.600415447914) (17,0,0.000000000000) (18,0,-0.117380097771) (19,0,-0.203125997089) (20,0,0.000000000000) (21,0,-0.724732596748) (22,0,0.765770826830) (23,0,0.000000000000) (24,0,0.809124846261) (25,0,0.963494647313) (26,0,0.000000000000) 
ipopt_sol:
size: 12 1
(0,0,0.007212436507) (1,0,0.841498837668) (2,0,0.000000000000) (3,0,0.595171610759) (4,0,0.000000000000) (5,0,0.000000000000) (6,0,0.261282530723) (7,0,0.738162417872) (8,0,0.601278875111) (9,0,0.116136177272) (10,0,1.017550304691) (11,0,0.011482867703) 
policy_sol:
size: 12 1
(0,0,0.007212430435) (1,0,0.841498830578) (2,0,0.000000000000) (3,0,0.595171618696) (4,0,0.000000000000) (5,0,0.000000000000) (6,0,0.261282526646) (7,0,0.738162418537) (8,0,0.601278865817) (9,0,0.116136179541) (10,0,1.017550301776) (11,0,0.011482865439) 

policy_converges:
1
ipopt_converges:
0
