solve status: 0
N:
size: 27 11
(0,0,-0.002095876733) (1,0,-0.999997803648) (6,0,0.002095876733) (7,0,0.999997803648) (3,1,-0.002672924293) (4,1,-0.999996427731) (6,1,0.002672924293) (7,1,0.999996427731) (6,2,-0.705527511198) (7,2,0.708682531845) (12,2,0.705527511198) (13,2,-0.708682531845) (6,3,-0.999985642377) (7,3,-0.005358641685) (15,3,0.999985642377) (16,3,0.005358641685) (6,4,-0.999999811638) (7,4,0.000613778446) (24,4,0.999999811638) (25,4,-0.000613778446) (9,5,0.005927529966) (10,5,-0.999982432040) (12,5,-0.005927529966) (13,5,0.999982432040) (9,6,-0.999993804330) (10,6,0.003520128203) (18,6,0.999993804330) (19,6,-0.003520128203) (9,7,-0.707572149277) (10,7,-0.706641106622) (21,7,0.707572149277) (22,7,0.706641106622) (15,8,-0.999978078467) (16,8,0.006621373411) (24,8,0.999978078467) (25,8,-0.006621373411) (18,9,0.002165077763) (19,9,-0.999997656216) (21,9,-0.002165077763) (22,9,0.999997656216) (18,10,0.002478501104) (19,10,-0.999996928511) (24,10,-0.002478501104) (25,10,0.999996928511) 
Q:
size: 11 11
(0,0,2.000000000000) (1,0,0.999999833507) (2,0,0.707202276633) (3,0,-0.007454476557) (4,0,-0.001482099241) (0,1,0.999999833507) (1,1,2.000000000000) (2,1,0.706794178617) (3,1,-0.008031508458) (4,1,-0.002059147536) (0,2,0.707202276633) (1,2,0.706794178617) (2,2,2.000000000000) (3,2,0.701719805743) (4,2,0.705962352366) (5,2,-0.712852117203) (0,3,-0.007454476557) (1,3,-0.008031508458) (2,3,0.701719805743) (3,3,2.000000000000) (4,3,0.999982164999) (8,3,-0.999928239591) (0,4,-0.001482099241) (1,4,-0.002059147536) (2,4,0.705962352366) (3,4,0.999982164999) (4,4,2.000000000000) (8,4,0.999981954165) (10,4,-0.003092277197) (2,5,-0.712852117203) (5,5,2.000000000000) (6,5,-0.009447559602) (7,5,0.702434537262) (5,6,-0.009447559602) (6,6,2.000000000000) (7,6,0.705080298104) (9,6,0.005685184301) (10,6,0.005998603138) (5,7,0.702434537262) (6,7,0.705080298104) (7,7,2.000000000000) (9,7,0.705107501682) (3,8,-0.999928239591) (4,8,0.999981954165) (8,8,2.000000000000) (10,8,-0.009099799844) (6,9,0.005685184301) (7,9,0.705107501682) (9,9,2.000000000000) (10,9,0.999999950883) (4,10,-0.003092277197) (6,10,0.005998603138) (8,10,-0.009099799844) (9,10,0.999999950883) (10,10,2.000000000000) 
Minv:
size: 27 27
(0,0,1.000000000000) (1,1,1.000000000000) (2,2,2.000000000000) (3,3,1.000000000000) (4,4,1.000000000000) (5,5,2.000000000000) (6,6,1.000000000000) (7,7,1.000000000000) (8,8,2.000000000000) (9,9,1.000000000000) (10,10,1.000000000000) (11,11,2.000000000000) (12,12,1.000000000000) (13,13,1.000000000000) (14,14,2.000000000000) (15,15,1.000000000000) (16,16,1.000000000000) (17,17,2.000000000000) (18,18,1.000000000000) (19,19,1.000000000000) (20,20,2.000000000000) (21,21,1.000000000000) (22,22,1.000000000000) (23,23,2.000000000000) (24,24,1.000000000000) (25,25,1.000000000000) (26,26,2.000000000000) 
v0:
size: 27 1
(0,0,-0.432580862192) (1,0,-0.595512236011) (2,0,0.000000000000) (3,0,-0.933342329993) (4,0,0.859150139363) (5,0,0.000000000000) (6,0,0.717327125817) (7,0,-0.992492979256) (8,0,0.000000000000) (9,0,0.465952598731) (10,0,0.800006238459) (11,0,0.000000000000) (12,0,-0.672987792136) (13,0,-0.270355131913) (14,0,0.000000000000) (15,0,0.103518326692) (16,0,0.915000275000) (17,0,0.000000000000) (18,0,0.269633682199) (19,0,-0.056922071464) (20,0,0.000000000000) (21,0,-0.468127013335) (22,0,-0.392090277438) (23,0,0.000000000000) (24,0,-0.434714920911) (25,0,-0.269943518373) (26,0,0.000000000000) 
ipopt_sol:
size: 11 1
(0,0,0.000000000000) (1,0,1.447445997077) (2,0,1.133142337346) (3,0,0.000000000000) (4,0,0.651537910962) (5,0,1.071678794749) (6,0,0.000000000000) (7,0,1.126921027808) (8,0,0.205582531402) (9,0,0.000000000000) (10,0,0.213217816712) 
policy_sol:
size: 11 1
(0,0,0.000000000000) (1,0,1.447445992569) (2,0,1.133142336041) (3,0,0.000000000000) (4,0,0.651537901590) (5,0,1.071678797097) (6,0,0.000000000000) (7,0,1.126921019933) (8,0,0.205582541061) (9,0,0.000000000000) (10,0,0.213217811711) 

policy_converges:
1
ipopt_converges:
0
