solve status: 0
N:
size: 27 11
(0,0,0.003725781814) (1,0,-0.999993059251) (3,0,-0.003725781814) (4,0,0.999993059251) (0,1,-0.999997311662) (1,1,-0.002318764398) (9,1,0.999997311662) (10,1,0.002318764398) (0,2,-0.709296666524) (1,2,-0.704910092748) (12,2,0.709296666524) (13,2,0.704910092748) (0,3,-0.999995490746) (1,3,0.003003079574) (18,3,0.999995490746) (19,3,-0.003003079574) (6,4,-0.999993664144) (7,4,0.003559729142) (15,4,0.999993664144) (16,4,-0.003559729142) (6,5,-0.999999999724) (7,5,-0.000023479783) (24,5,0.999999999724) (25,5,0.000023479783) (12,6,0.002721003046) (13,6,-0.999996298064) (15,6,-0.002721003046) (16,6,0.999996298064) (12,7,-0.703685200362) (13,7,0.710511885046) (18,7,0.703685200362) (19,7,-0.710511885046) (12,8,-0.999979164859) (13,8,-0.006455218583) (21,8,0.999979164859) (22,8,0.006455218583) (12,9,-0.705707143329) (13,9,-0.708503654086) (24,9,0.705707143329) (25,9,0.708503654086) (15,10,-0.999993524346) (16,10,-0.003598786724) (24,10,0.999993524346) (25,10,0.003598786724) 
Q:
size: 11 11
(0,0,2.000000000000) (1,0,-0.001407023494) (2,0,0.702262515523) (3,0,-0.006728823744) (0,1,-0.001407023494) (1,1,2.000000000000) (2,1,0.710929280122) (3,1,0.999985838987) (0,2,0.702262515523) (1,2,0.710929280122) (2,2,2.000000000000) (3,2,0.707176567025) (6,2,-0.702977484826) (7,2,0.001725431887) (8,2,-0.713832236958) (9,2,-0.999987100820) (0,3,-0.006728823744) (1,3,0.999985838987) (2,3,0.707176567025) (3,3,2.000000000000) (7,3,0.705815750996) (4,4,2.000000000000) (5,4,0.999993580287) (6,4,-0.006280701770) (10,4,-0.999974377825) (4,5,0.999993580287) (5,5,2.000000000000) (9,5,0.705723778647) (10,5,0.999993608569) (2,6,-0.702977484826) (4,6,-0.006280701770) (6,6,2.000000000000) (7,6,-0.712423984350) (8,6,0.003734248333) (9,6,0.706580799965) (10,6,-0.000877787976) (2,7,0.001725431887) (3,7,0.705815750996) (6,7,-0.712423984350) (7,7,2.000000000000) (8,7,0.699084029459) (9,7,-0.006804594276) (2,8,-0.713832236958) (6,8,0.003734248333) (7,8,0.699084029459) (8,8,2.000000000000) (9,8,0.710265985776) (2,9,-0.999987100820) (5,9,0.705723778647) (6,9,0.706580799965) (7,9,-0.006804594276) (8,9,0.710265985776) (9,9,2.000000000000) (10,9,0.708252326958) (4,10,-0.999974377825) (5,10,0.999993608569) (6,10,-0.000877787976) (9,10,0.708252326958) (10,10,2.000000000000) 
Minv:
size: 27 27
(0,0,1.000000000000) (1,1,1.000000000000) (2,2,2.000000000000) (3,3,1.000000000000) (4,4,1.000000000000) (5,5,2.000000000000) (6,6,1.000000000000) (7,7,1.000000000000) (8,8,2.000000000000) (9,9,1.000000000000) (10,10,1.000000000000) (11,11,2.000000000000) (12,12,1.000000000000) (13,13,1.000000000000) (14,14,2.000000000000) (15,15,1.000000000000) (16,16,1.000000000000) (17,17,2.000000000000) (18,18,1.000000000000) (19,19,1.000000000000) (20,20,2.000000000000) (21,21,1.000000000000) (22,22,1.000000000000) (23,23,2.000000000000) (24,24,1.000000000000) (25,25,1.000000000000) (26,26,2.000000000000) 
v0:
size: 27 1
(0,0,0.390181662407) (1,0,0.184009618170) (2,0,0.000000000000) (3,0,-0.948966921163) (4,0,0.172629893460) (5,0,0.000000000000) (6,0,0.459986815579) (7,0,0.634693083834) (8,0,0.000000000000) (9,0,-0.967111679887) (10,0,-0.990094678129) (11,0,0.000000000000) (12,0,0.875828733102) (13,0,-0.600422473692) (14,0,0.000000000000) (15,0,0.351125258899) (16,0,-0.649979393708) (17,0,0.000000000000) (18,0,0.033837254666) (19,0,-0.791978547552) (20,0,0.000000000000) (21,0,0.644140301371) (22,0,-0.494132598973) (23,0,0.000000000000) (24,0,-0.151692649784) (25,0,-0.208910876915) (26,0,0.000000000000) 
ipopt_sol:
size: 11 1
(0,0,0.007347061953) (1,0,1.360017341971) (2,0,0.000000000000) (3,0,0.000000000000) (4,0,0.000000000000) (5,0,0.446768561292) (6,0,0.181868180829) (7,0,0.521680301966) (8,0,0.000000000000) (9,0,0.147721624869) (10,0,0.225612211764) 
policy_sol:
size: 11 1
(0,0,0.007347058457) (1,0,1.360017333414) (2,0,0.000000000000) (3,0,0.000000000000) (4,0,0.000000000000) (5,0,0.446768550961) (6,0,0.181868181422) (7,0,0.521680295160) (8,0,0.000000000000) (9,0,0.147721626326) (10,0,0.225612221408) 

policy_converges:
1
ipopt_converges:
0
