solve status: 0
N:
size: 27 17
(0,0,0.004352764584) (1,0,-0.999990526675) (6,0,-0.004352764584) (7,0,0.999990526675) (0,1,-0.999985882015) (1,1,-0.005313734225) (9,1,0.999985882015) (10,1,0.005313734225) (0,2,-0.704667843415) (1,2,-0.709537335491) (12,2,0.704667843415) (13,2,0.709537335491) (0,3,-0.999998275835) (1,3,-0.001856966928) (18,3,0.999998275835) (19,3,0.001856966928) (3,4,0.004497364284) (4,4,-0.999989886806) (6,4,-0.004497364284) (7,4,0.999989886806) (3,5,-0.708589157289) (4,5,0.705621290901) (9,5,0.708589157289) (10,5,-0.705621290901) (3,6,-0.999999987689) (4,6,0.000156910954) (12,6,0.999999987689) (13,6,-0.000156910954) (3,7,-0.705430232983) (4,7,-0.708779363691) (15,7,0.705430232983) (16,7,0.708779363691) (3,8,-0.999998989982) (4,8,-0.001421279671) (21,8,0.999998989982) (22,8,0.001421279671) (6,9,-0.999999894500) (7,9,-0.000459346671) (24,9,0.999999894500) (25,9,0.000459346671) (9,10,0.000555082104) (10,10,-0.999999845942) (15,10,-0.000555082104) (16,10,0.999999845942) (12,11,-0.000598946133) (13,11,-0.999999820632) (15,11,0.000598946133) (16,11,0.999999820632) (12,12,-0.709801282423) (13,12,0.704401972932) (18,12,0.709801282423) (19,12,-0.704401972932) (12,13,-0.705517646648) (13,13,-0.708692352343) (24,13,0.705517646648) (25,13,0.708692352343) (15,14,-0.707112144012) (16,14,0.707101418320) (21,14,0.707112144012) (22,14,-0.707101418320) (15,15,-0.999990115535) (16,15,-0.004446215531) (24,15,0.999990115535) (25,15,0.004446215531) (18,16,0.003470652649) (19,16,-0.999993977267) (21,16,-0.003470652649) (22,16,0.999993977267) 
Q:
size: 17 17
(0,0,2.000000000000) (1,0,0.000960980754) (2,0,0.706463360581) (3,0,-0.002495807744) (4,0,0.999999989545) (9,0,0.003893421806) (0,1,0.000960980754) (1,1,2.000000000000) (2,1,0.708428187749) (3,1,0.999994025303) (5,1,0.704829669434) (10,1,-0.004758659140) (0,2,0.706463360581) (1,2,0.708428187749) (2,2,2.000000000000) (3,2,0.705984215818) (6,2,0.704556500560) (11,2,-0.709959266303) (12,2,-0.000374639949) (13,2,-0.999999281919) (0,3,-0.002495807744) (1,3,0.999994025303) (2,3,0.705984215818) (3,3,2.000000000000) (12,3,0.708492007441) (16,3,0.001613690922) (0,4,0.999999989545) (4,4,2.000000000000) (5,4,-0.708800938384) (6,4,-0.004654273596) (7,4,0.705599618933) (8,4,-0.003076094444) (9,4,0.004038021784) (1,5,0.704829669434) (4,5,-0.708800938384) (5,5,2.000000000000) (6,5,0.708699868276) (7,5,-0.000269595256) (8,5,0.707585556405) (10,5,0.706014507354) (2,6,0.704556500560) (4,6,-0.004654273596) (5,6,0.708699868276) (6,6,2.000000000000) (7,6,0.705319009052) (8,6,0.999998754657) (11,6,-0.000442035199) (12,6,-0.709911802071) (13,6,-0.705406436369) (4,7,0.705599618933) (5,7,-0.000269595256) (6,7,0.705319009052) (7,7,2.000000000000) (8,7,0.706436894186) (10,7,0.708387682800) (11,7,0.709201751268) (14,7,0.002360608847) (15,7,-0.708574645997) (4,8,-0.003076094444) (5,8,0.707585556405) (6,8,0.999998754657) (7,8,0.706436894186) (8,8,2.000000000000) (14,8,0.706106440944) (16,8,-0.002049378033) (0,9,0.003893421806) (4,9,0.004038021784) (9,9,2.000000000000) (13,9,0.705843107688) (15,9,0.999992052391) (1,10,-0.004758659140) (5,10,0.706014507354) (7,10,0.708387682800) (10,10,2.000000000000) (11,10,0.999999334109) (14,10,0.707493814682) (15,10,-0.003891138229) (2,11,-0.709959266303) (6,11,-0.000442035199) (7,11,0.709201751268) (10,11,0.999999334109) (11,11,2.000000000000) (12,11,-0.703976713852) (13,11,0.709114792292) (14,11,0.706677769405) (15,11,-0.005045154946) (2,12,-0.000374639949) (3,12,0.708492007441) (6,12,-0.709911802071) (11,12,-0.703976713852) (12,12,2.000000000000) (13,12,0.001573039170) (16,12,0.706861204209) (2,13,-0.999999281919) (6,13,-0.705406436369) (9,13,0.705843107688) (11,13,0.709114792292) (12,13,0.001573039170) (13,13,2.000000000000) (15,13,0.708661671927) (7,14,0.002360608847) (8,14,0.706106440944) (10,14,0.707493814682) (11,14,0.706677769405) (14,14,2.000000000000) (15,14,0.703961229278) (16,14,-0.709551300273) (7,15,-0.708574645997) (9,15,0.999992052391) (10,15,-0.003891138229) (11,15,-0.005045154946) (13,15,0.708661671927) (14,15,0.703961229278) (15,15,2.000000000000) (3,16,0.001613690922) (8,16,-0.002049378033) (12,16,0.706861204209) (14,16,-0.709551300273) (16,16,2.000000000000) 
Minv:
size: 27 27
(0,0,1.000000000000) (1,1,1.000000000000) (2,2,2.000000000000) (3,3,1.000000000000) (4,4,1.000000000000) (5,5,2.000000000000) (6,6,1.000000000000) (7,7,1.000000000000) (8,8,2.000000000000) (9,9,1.000000000000) (10,10,1.000000000000) (11,11,2.000000000000) (12,12,1.000000000000) (13,13,1.000000000000) (14,14,2.000000000000) (15,15,1.000000000000) (16,16,1.000000000000) (17,17,2.000000000000) (18,18,1.000000000000) (19,19,1.000000000000) (20,20,2.000000000000) (21,21,1.000000000000) (22,22,1.000000000000) (23,23,2.000000000000) (24,24,1.000000000000) (25,25,1.000000000000) (26,26,2.000000000000) 
v0:
size: 27 1
(0,0,0.009709171547) (1,0,0.513310596324) (2,0,0.000000000000) (3,0,0.291379136696) (4,0,0.679900872960) (5,0,0.000000000000) (6,0,-0.712661700552) (7,0,-0.150542565005) (8,0,0.000000000000) (9,0,-0.788760471807) (10,0,-0.039392530050) (11,0,0.000000000000) (12,0,0.067674750487) (13,0,0.081854527230) (14,0,0.000000000000) (15,0,-0.489541676474) (16,0,-0.872173617848) (17,0,0.000000000000) (18,0,-0.633322051523) (19,0,0.530560493777) (20,0,0.000000000000) (21,0,0.251993774578) (22,0,0.363380702466) (23,0,0.000000000000) (24,0,-0.970282691644) (25,0,0.978090140951) (26,0,0.000000000000) 
ipopt_sol:
size: 17 1
(0,0,0.660317660328) (1,0,0.801078023836) (2,0,0.000000000000) (3,0,0.000000000000) (4,0,0.000000000000) (5,0,0.000000000000) (6,0,0.000000000000) (7,0,1.799912935432) (8,0,0.000000000000) (9,0,0.000000000000) (10,0,0.000000000000) (11,0,0.690907552876) (12,0,1.056829215002) (13,0,0.000000000000) (14,0,0.000000000000) (15,0,1.111938807238) (16,0,0.000000000000) 
policy_sol:
size: 17 1
(0,0,0.660317651807) (1,0,0.801078011812) (2,0,0.000000000000) (3,0,0.000000000000) (4,0,0.000000000000) (5,0,0.000000000000) (6,0,0.000000000000) (7,0,1.799912915693) (8,0,0.000000000000) (9,0,0.000000000000) (10,0,0.000000000000) (11,0,0.690907549644) (12,0,1.056829210331) (13,0,0.000000000000) (14,0,0.000000000000) (15,0,1.111938788193) (16,0,0.000000000000) 

policy_converges:
1
ipopt_converges:
0
