solve status: 0
N:
size: 27 12
(0,0,-0.002980565353) (1,0,-0.999995558105) (3,0,0.002980565353) (4,0,0.999995558105) (0,1,-0.999999535829) (1,1,-0.000963504764) (9,1,0.999999535829) (10,1,0.000963504764) (0,2,-0.999998563836) (1,2,0.001694793559) (18,2,0.999998563836) (19,2,-0.001694793559) (3,3,-0.999993237745) (4,3,0.003677562232) (21,3,0.999993237745) (22,3,-0.003677562232) (9,4,-0.999990449959) (10,4,0.004370353655) (18,4,0.999990449959) (19,4,-0.004370353655) (12,5,0.000364545063) (13,5,-0.999999933553) (15,5,-0.000364545063) (16,5,0.999999933553) (12,6,-0.706544094237) (13,6,0.707669020728) (18,6,0.706544094237) (19,6,-0.707669020728) (12,7,-0.999962550550) (13,7,0.008654334086) (21,7,0.999962550550) (22,7,-0.008654334086) (12,8,-0.710772768759) (13,8,-0.703421688030) (24,8,0.710772768759) (25,8,0.703421688030) (15,9,-0.703730617799) (16,9,0.710466901110) (21,9,0.703730617799) (22,9,-0.710466901110) (18,10,-0.002230149406) (19,10,-0.999997513214) (24,10,0.002230149406) (25,10,0.999997513214) (21,11,-0.008140242289) (22,11,-0.999966867679) (24,11,0.008140242289) (25,11,0.999966867679) 
Q:
size: 12 12
(0,0,2.000000000000) (1,0,0.003944064454) (2,0,0.001285775041) (3,0,0.000697000699) (0,1,0.003944064454) (1,1,2.000000000000) (2,1,0.999996466725) (4,1,-0.999985774936) (0,2,0.001285775041) (1,2,0.999996466725) (2,2,2.000000000000) (4,2,0.999996420656) (6,2,0.707742432423) (10,2,-0.000535356858) (0,3,0.000697000699) (3,3,2.000000000000) (7,3,0.999987615400) (9,3,0.706338645236) (11,3,-0.004462746857) (1,4,-0.999985774936) (2,4,0.999996420656) (4,4,2.000000000000) (6,4,0.709630110603) (10,4,0.002140214679) (5,5,2.000000000000) (6,5,-0.707926540867) (7,5,-0.009018864922) (8,5,0.703162532586) (9,5,0.710723395424) (2,6,0.707742432423) (4,6,0.709630110603) (5,6,-0.707926540867) (6,6,2.000000000000) (7,6,0.712642038677) (8,6,0.004402564984) (10,6,0.706091562014) (3,7,0.999987615400) (5,7,-0.009018864922) (6,7,0.712642038677) (7,7,2.000000000000) (8,7,0.704658504418) (9,7,0.709852881393) (11,7,0.000514109906) (5,8,0.703162532586) (6,8,0.004402564984) (7,8,0.704658504418) (8,8,2.000000000000) (10,8,0.705005068238) (11,8,0.709184244587) (3,9,0.706338645236) (5,9,0.710723395424) (7,9,0.709852881393) (9,9,2.000000000000) (11,9,0.704714823957) (2,10,-0.000535356858) (4,10,0.002140214679) (6,10,0.706091562014) (8,10,0.705005068238) (10,10,2.000000000000) (11,10,0.999982534931) (3,11,-0.004462746857) (7,11,0.000514109906) (8,11,0.709184244587) (9,11,0.704714823957) (10,11,0.999982534931) (11,11,2.000000000000) 
Minv:
size: 27 27
(0,0,1.000000000000) (1,1,1.000000000000) (2,2,2.000000000000) (3,3,1.000000000000) (4,4,1.000000000000) (5,5,2.000000000000) (6,6,1.000000000000) (7,7,1.000000000000) (8,8,2.000000000000) (9,9,1.000000000000) (10,10,1.000000000000) (11,11,2.000000000000) (12,12,1.000000000000) (13,13,1.000000000000) (14,14,2.000000000000) (15,15,1.000000000000) (16,16,1.000000000000) (17,17,2.000000000000) (18,18,1.000000000000) (19,19,1.000000000000) (20,20,2.000000000000) (21,21,1.000000000000) (22,22,1.000000000000) (23,23,2.000000000000) (24,24,1.000000000000) (25,25,1.000000000000) (26,26,2.000000000000) 
v0:
size: 27 1
(0,0,0.703227064111) (1,0,-0.442225043307) (2,0,0.000000000000) (3,0,0.229959220514) (4,0,-0.524393355314) (5,0,0.000000000000) (6,0,-0.991333751818) (7,0,-0.303965910445) (8,0,0.000000000000) (9,0,0.587679469593) (10,0,-0.703051401078) (11,0,0.000000000000) (12,0,0.902511534515) (13,0,0.111067309643) (14,0,0.000000000000) (15,0,-0.229303279541) (16,0,0.081701394443) (17,0,0.000000000000) (18,0,0.327425547794) (19,0,0.147119062237) (20,0,0.000000000000) (21,0,-0.229096521891) (22,0,0.147991589928) (23,0,0.000000000000) (24,0,0.433267713802) (25,0,-0.989891057157) (26,0,0.000000000000) 
ipopt_sol:
size: 12 1
(0,0,0.082928469566) (1,0,0.329651410935) (2,0,0.000000000000) (3,0,0.000000000000) (4,0,0.428038279358) (5,0,0.000000000000) (6,0,0.000000000000) (7,0,1.044988156774) (8,0,0.246130052323) (9,0,0.000000000000) (10,0,0.702800468353) (11,0,0.693514650589) 
policy_sol:
size: 12 1
(0,0,0.082928469580) (1,0,0.329651398605) (2,0,0.000000000000) (3,0,0.000000000000) (4,0,0.428038264666) (5,0,0.000000000000) (6,0,0.000000000000) (7,0,1.044988143532) (8,0,0.246130055659) (9,0,0.000000000000) (10,0,0.702800465222) (11,0,0.693514647473) 

policy_converges:
1
ipopt_converges:
0
