solve status: 0
N:
size: 27 13
(0,0,-0.003522579889) (1,0,-0.999993795696) (3,0,0.003522579889) (4,0,0.999993795696) (0,1,-0.000705998581) (1,1,-0.999999750783) (6,1,0.000705998581) (7,1,0.999999750783) (3,2,-0.705048174251) (4,2,0.709159412251) (9,2,0.705048174251) (10,2,-0.709159412251) (3,3,-0.999999989658) (4,3,0.000143817067) (21,3,0.999999989658) (22,3,-0.000143817067) (6,4,-0.709424845538) (7,4,0.704781092634) (12,4,0.709424845538) (13,4,-0.704781092634) (6,5,-0.999999949322) (7,5,-0.000318363154) (15,5,0.999999949322) (16,5,0.000318363154) (6,6,-0.999999485453) (7,6,0.001014442660) (24,6,0.999999485453) (25,6,-0.001014442660) (9,7,-0.709084570229) (10,7,-0.705123444698) (21,7,0.709084570229) (22,7,0.705123444698) (12,8,0.000318761057) (13,8,-0.999999949196) (15,8,-0.000318761057) (16,8,0.999999949196) (12,9,-0.999997111704) (13,9,-0.002403452640) (21,9,0.999997111704) (22,9,0.002403452640) (12,10,-0.705886855411) (13,10,-0.708324605924) (24,10,0.705886855411) (25,10,0.708324605924) (15,11,-0.706900674576) (16,11,0.707312827739) (21,11,0.706900674576) (22,11,-0.707312827739) (21,12,0.002499365066) (22,12,-0.999996876582) (24,12,-0.002499365066) (25,12,0.999996876582) 
Q:
size: 13 13
(0,0,2.000000000000) (1,0,0.999996033417) (2,0,0.706671423891) (3,0,-0.003378763678) (0,1,0.999996033417) (1,1,2.000000000000) (4,1,0.704280064056) (5,1,-0.001024361620) (6,1,0.000308444189) (0,2,0.706671423891) (2,2,2.000000000000) (3,2,0.705150156187) (7,2,0.000106145977) (0,3,-0.003378763678) (2,3,0.705150156187) (3,3,2.000000000000) (7,3,0.708983154110) (9,3,0.999996755704) (11,3,0.707002390922) (12,3,0.002643181659) (1,4,0.704280064056) (4,4,2.000000000000) (5,4,0.709200433254) (6,4,0.710139440511) (8,4,0.705007193841) (9,4,-0.707728888531) (10,4,-0.001559883665) (1,5,-0.001024361620) (4,5,0.709200433254) (5,5,2.000000000000) (6,5,0.999999111814) (8,5,-0.000000397903) (11,5,-0.706675456410) (1,6,0.000308444189) (4,6,0.710139440511) (5,6,0.999999111814) (6,6,2.000000000000) (10,6,0.705167937502) (12,6,-0.003513803271) (2,7,0.000106145977) (3,7,0.708983154110) (7,7,2.000000000000) (9,7,0.710777252987) (11,7,0.002509503452) (12,7,-0.703348981099) (4,8,0.705007193841) (5,8,-0.000000397903) (8,8,2.000000000000) (9,8,0.002084692382) (10,8,0.708099560698) (11,8,0.707538124210) (3,9,0.999996755704) (4,9,-0.707728888531) (7,9,0.710777252987) (8,9,0.002084692382) (9,9,2.000000000000) (10,9,0.707587241245) (11,9,0.705198639954) (12,9,0.000095912714) (4,10,-0.001559883665) (6,10,0.705167937502) (8,10,0.708099560698) (9,10,0.707587241245) (10,10,2.000000000000) (12,10,0.706558124583) (3,11,0.707002390922) (5,11,-0.706675456410) (7,11,0.002509503452) (8,11,0.707538124210) (9,11,0.705198639954) (11,11,2.000000000000) (12,11,0.709077421357) (3,12,0.002643181659) (6,12,-0.003513803271) (7,12,-0.703348981099) (9,12,0.000095912714) (10,12,0.706558124583) (11,12,0.709077421357) (12,12,2.000000000000) 
Minv:
size: 27 27
(0,0,1.000000000000) (1,1,1.000000000000) (2,2,2.000000000000) (3,3,1.000000000000) (4,4,1.000000000000) (5,5,2.000000000000) (6,6,1.000000000000) (7,7,1.000000000000) (8,8,2.000000000000) (9,9,1.000000000000) (10,10,1.000000000000) (11,11,2.000000000000) (12,12,1.000000000000) (13,13,1.000000000000) (14,14,2.000000000000) (15,15,1.000000000000) (16,16,1.000000000000) (17,17,2.000000000000) (18,18,1.000000000000) (19,19,1.000000000000) (20,20,2.000000000000) (21,21,1.000000000000) (22,22,1.000000000000) (23,23,2.000000000000) (24,24,1.000000000000) (25,25,1.000000000000) (26,26,2.000000000000) 
v0:
size: 27 1
(0,0,-0.109149039712) (1,0,0.979091440842) (2,0,0.000000000000) (3,0,0.253201904325) (4,0,-0.937653175442) (5,0,0.000000000000) (6,0,0.682099462603) (7,0,0.597440717104) (8,0,0.000000000000) (9,0,0.100231030629) (10,0,0.154655058006) (11,0,0.000000000000) (12,0,0.714261325450) (13,0,0.716752474703) (14,0,0.000000000000) (15,0,0.072101954359) (16,0,0.251343831235) (17,0,0.000000000000) (18,0,0.824868141549) (19,0,0.526782141137) (20,0,0.000000000000) (21,0,-0.990475486994) (22,0,0.838997640585) (23,0,0.000000000000) (24,0,0.325648015581) (25,0,0.558061714491) (26,0,0.000000000000) 
ipopt_sol:
size: 13 1
(0,0,1.859736825100) (1,0,0.000000000000) (2,0,0.158600947072) (3,0,0.189350076029) (4,0,0.223610002410) (5,0,0.844668184371) (6,0,0.000000000000) (7,0,0.000000000000) (8,0,0.070711101428) (9,0,1.375620511425) (10,0,0.000000000000) (11,0,0.888251193470) (12,0,0.000000000000) 
policy_sol:
size: 13 1
(0,0,1.859736819714) (1,0,0.000000000000) (2,0,0.158600948177) (3,0,0.189350078291) (4,0,0.223609991464) (5,0,0.844668182918) (6,0,0.000000000000) (7,0,0.000000000000) (8,0,0.070711102098) (9,0,1.375620499667) (10,0,0.000000000000) (11,0,0.888251192509) (12,0,0.000000000000) 

policy_converges:
1
ipopt_converges:
0
