solve status: 0
N:
size: 27 14
(0,0,0.002001839931) (1,0,-0.999997996316) (3,0,-0.002001839931) (4,0,0.999997996316) (0,1,-0.999993260228) (1,1,-0.003671443762) (9,1,0.999993260228) (10,1,0.003671443762) (0,2,-0.704858298909) (1,2,-0.709348136290) (12,2,0.704858298909) (13,2,0.709348136290) (0,3,-0.999997237369) (1,3,-0.002350585877) (18,3,0.999997237369) (19,3,0.002350585877) (6,4,-0.999998313830) (7,4,-0.001836392613) (15,4,0.999998313830) (16,4,0.001836392613) (6,5,-0.999998224443) (7,5,0.001884439382) (24,5,0.999998224443) (25,5,-0.001884439382) (9,6,0.004966572871) (10,6,-0.999987666501) (12,6,-0.004966572871) (13,6,0.999987666501) (12,7,-0.709957098689) (13,7,0.704244927579) (18,7,0.709957098689) (19,7,-0.704244927579) (12,8,-0.999999611336) (13,8,0.000881661512) (21,8,0.999999611336) (22,8,-0.000881661512) (12,9,-0.707016567144) (13,9,-0.707196983721) (24,9,0.707016567144) (25,9,0.707196983721) (15,10,-0.707348083728) (16,10,0.706865396271) (21,10,0.707348083728) (22,10,-0.706865396271) (15,11,-0.999984416073) (16,11,0.005582796077) (24,11,0.999984416073) (25,11,-0.005582796077) (18,12,0.001663528456) (19,12,-0.999998616336) (24,12,-0.001663528456) (25,12,0.999998616336) (21,13,0.007554737254) (22,13,-0.999971462565) (24,13,-0.007554737254) (25,13,0.999971462565) 
Q:
size: 14 14
(0,0,2.000000000000) (1,0,0.001669609966) (2,0,0.707935701492) (3,0,0.000348746766) (0,1,0.001669609966) (1,1,2.000000000000) (2,1,0.707457880115) (3,1,0.999999127659) (6,1,0.001295140917) (0,2,0.707935701492) (1,2,0.707457880115) (2,2,2.000000000000) (3,2,0.706523735357) (6,2,0.705838657441) (7,2,-0.000864326010) (8,2,-0.704232620006) (9,2,-0.999995357210) (0,3,0.000348746766) (1,3,0.999999127659) (2,3,0.706523735357) (3,3,2.000000000000) (7,3,0.708299749159) (12,3,-0.000687058764) (4,4,2.000000000000) (5,4,0.999993077705) (10,4,-0.706048808627) (11,4,-0.999972477723) (4,5,0.999993077705) (5,5,2.000000000000) (9,5,0.705682641949) (11,5,0.999993160984) (12,5,-0.003547962277) (13,5,-0.009439109444) (1,6,0.001295140917) (2,6,0.705838657441) (6,6,2.000000000000) (7,6,0.707762295441) (8,6,0.005848221579) (9,6,-0.703676812206) (2,7,-0.000864326010) (3,7,0.708299749159) (6,7,0.707762295441) (7,7,2.000000000000) (8,7,0.710577728402) (9,7,0.003911542150) (12,7,0.705424986977) (2,8,-0.704232620006) (6,8,0.005848221579) (7,8,0.710577728402) (8,8,2.000000000000) (9,8,0.706392783990) (10,8,0.707971024822) (13,8,0.008436370670) (2,9,-0.999995357210) (5,9,0.705682641949) (6,9,-0.703676812206) (7,9,0.003911542150) (8,9,0.706392783990) (9,9,2.000000000000) (11,9,0.703057412503) (12,9,0.706019863019) (13,9,0.701835477734) (4,10,-0.706048808627) (8,10,0.707971024822) (10,10,2.000000000000) (11,10,0.711283345828) (13,10,0.712189053066) (4,11,-0.999972477723) (5,11,0.999993160984) (9,11,0.703057412503) (10,11,0.711283345828) (11,11,2.000000000000) (12,11,-0.007246290884) (13,11,-0.013137256279) (3,12,-0.000687058764) (5,12,-0.003547962277) (7,12,0.705424986977) (9,12,0.706019863019) (11,12,-0.007246290884) (12,12,2.000000000000) (13,12,0.999982646461) (5,13,-0.009439109444) (8,13,0.008436370670) (9,13,0.701835477734) (10,13,0.712189053066) (11,13,-0.013137256279) (12,13,0.999982646461) (13,13,2.000000000000) 
Minv:
size: 27 27
(0,0,1.000000000000) (1,1,1.000000000000) (2,2,2.000000000000) (3,3,1.000000000000) (4,4,1.000000000000) (5,5,2.000000000000) (6,6,1.000000000000) (7,7,1.000000000000) (8,8,2.000000000000) (9,9,1.000000000000) (10,10,1.000000000000) (11,11,2.000000000000) (12,12,1.000000000000) (13,13,1.000000000000) (14,14,2.000000000000) (15,15,1.000000000000) (16,16,1.000000000000) (17,17,2.000000000000) (18,18,1.000000000000) (19,19,1.000000000000) (20,20,2.000000000000) (21,21,1.000000000000) (22,22,1.000000000000) (23,23,2.000000000000) (24,24,1.000000000000) (25,25,1.000000000000) (26,26,2.000000000000) 
v0:
size: 27 1
(0,0,0.628162112937) (1,0,-0.506120625028) (2,0,0.000000000000) (3,0,-0.851744773064) (4,0,-0.731159687066) (5,0,0.000000000000) (6,0,0.064495984628) (7,0,-0.672090325632) (8,0,0.000000000000) (9,0,-0.573349315908) (10,0,-0.571107784037) (11,0,0.000000000000) (12,0,0.483950628344) (13,0,-0.770048544848) (14,0,0.000000000000) (15,0,-0.069451460922) (16,0,0.269395065158) (17,0,0.000000000000) (18,0,-0.268926785160) (19,0,0.546623870986) (20,0,0.000000000000) (21,0,-0.777685064177) (22,0,0.815023475385) (23,0,0.000000000000) (24,0,-0.093052364457) (25,0,-0.779186016647) (26,0,0.000000000000) 
ipopt_sol:
size: 14 1
(0,0,0.173748761282) (1,0,1.154265127593) (2,0,0.133807990675) (3,0,0.000000000000) (4,0,0.110511049848) (5,0,0.109334890102) (6,0,0.000000000000) (7,0,1.065146254501) (8,0,0.892547941847) (9,0,0.000000000000) (10,0,0.093364192929) (11,0,0.000000000000) (12,0,0.225593849726) (13,0,1.450045854833) 
policy_sol:
size: 14 1
(0,0,0.173748762083) (1,0,1.154265123385) (2,0,0.133807988416) (3,0,0.000000000000) (4,0,0.110511064737) (5,0,0.109334874108) (6,0,0.000000000000) (7,0,1.065146248137) (8,0,0.892547937874) (9,0,0.000000000000) (10,0,0.093364198309) (11,0,0.000000000000) (12,0,0.225593851639) (13,0,1.450045848459) 

policy_converges:
1
ipopt_converges:
0
