solve status: 0
N:
size: 27 15
(0,0,0.006095397166) (1,0,-0.999981422894) (3,0,-0.006095397166) (4,0,0.999981422894) (0,1,-0.999992490144) (1,1,-0.003875520155) (9,1,0.999992490144) (10,1,0.003875520155) (0,2,-0.701917755970) (1,2,-0.712258003713) (12,2,0.701917755970) (13,2,0.712258003713) (0,3,-0.999994699902) (1,3,-0.003255789767) (18,3,0.999994699902) (19,3,0.003255789767) (3,4,-0.707593268556) (4,4,0.706619958884) (9,4,0.707593268556) (10,4,-0.706619958884) (3,5,-0.999983003449) (4,5,-0.005830335581) (12,5,0.999983003449) (13,5,0.005830335581) (3,6,-0.706201639439) (4,6,-0.708010765775) (15,6,0.706201639439) (16,6,0.708010765775) (3,7,-0.999999940122) (4,7,-0.000346056903) (21,7,0.999999940122) (22,7,0.000346056903) (6,8,-0.707871541692) (7,8,0.706341192670) (12,8,0.707871541692) (13,8,-0.706341192670) (9,9,-0.000522661022) (10,9,-0.999999863413) (15,9,0.000522661022) (16,9,0.999999863413) (12,10,-0.001271353251) (13,10,-0.999999191830) (15,10,0.001271353251) (16,10,0.999999191830) (12,11,-0.706761760764) (13,11,0.707451633344) (18,11,0.706761760764) (19,11,-0.707451633344) (15,12,-0.707073668950) (16,12,0.707139891873) (21,12,0.707073668950) (22,12,-0.707139891873) (18,13,-0.003268092614) (19,13,-0.999994659771) (21,13,0.003268092614) (22,13,0.999994659771) (18,14,-0.003378530544) (19,14,-0.999994292749) (24,14,0.003378530544) (25,14,0.999994292749) 
Q:
size: 15 15
(0,0,2.000000000000) (1,0,-0.002219903232) (2,0,0.707966304520) (3,0,-0.002839635577) (4,0,0.710919893935) (5,0,0.000265066296) (6,0,-0.703693033512) (7,0,0.005749346328) (0,1,-0.002219903232) (1,1,2.000000000000) (2,1,0.704672854917) (3,1,0.999999807965) (4,1,0.704849434740) (9,1,-0.004398176722) (0,2,0.707966304520) (1,2,0.704672854917) (2,2,2.000000000000) (3,2,0.704232998057) (5,2,0.706058528971) (8,2,-0.006229563772) (10,2,-0.713149813509) (11,2,0.007799458969) (0,3,-0.002839635577) (1,3,0.999999807965) (2,3,0.704232998057) (3,3,2.000000000000) (11,3,0.704454701069) (13,3,-0.006523847673) (14,3,-0.006634283823) (0,4,0.710919893935) (1,4,0.704849434740) (4,4,2.000000000000) (5,4,0.703461410423) (6,4,-0.000591011891) (7,4,0.707348695473) (9,4,0.706250030948) (0,5,0.000265066296) (2,5,0.706058528971) (4,5,0.703461410423) (5,5,2.000000000000) (6,5,0.710317576806) (7,5,0.999984961200) (8,5,0.703741304130) (10,5,-0.007101662512) (11,5,-0.702625067822) (0,6,-0.703693033512) (4,6,-0.000591011891) (5,6,0.710317576806) (6,6,2.000000000000) (7,6,0.706446609166) (9,6,0.708379773140) (10,6,0.708908025333) (12,6,0.001326072139) (0,7,0.005749346328) (4,7,0.707348695473) (5,7,0.999984961200) (6,7,0.706446609166) (7,7,2.000000000000) (12,7,0.706828915971) (13,7,0.003614147473) (2,8,-0.006229563772) (5,8,0.703741304130) (8,8,2.000000000000) (10,8,0.705440667040) (11,8,-0.999998767654) (1,9,-0.004398176722) (4,9,0.706250030948) (6,9,0.708379773140) (9,9,2.000000000000) (10,9,0.999999719730) (12,9,0.706770235440) (2,10,-0.713149813509) (5,10,-0.007101662512) (6,10,0.708908025333) (8,10,0.705440667040) (9,10,0.999999719730) (10,10,2.000000000000) (11,10,-0.706552517741) (12,10,0.706240379976) (2,11,0.007799458969) (3,11,0.704454701069) (5,11,-0.702625067822) (8,11,-0.999998767654) (10,11,-0.706552517741) (11,11,2.000000000000) (13,11,0.705138092501) (14,11,0.705059779545) (6,12,0.001326072139) (7,12,0.706828915971) (9,12,0.706770235440) (10,12,0.706240379976) (12,12,2.000000000000) (13,12,-0.704825333349) (3,13,-0.006523847673) (7,13,0.003614147473) (11,13,0.705138092501) (12,13,-0.704825333349) (13,13,2.000000000000) (14,13,0.999999993902) (3,14,-0.006634283823) (11,14,0.705059779545) (13,14,0.999999993902) (14,14,2.000000000000) 
Minv:
size: 27 27
(0,0,1.000000000000) (1,1,1.000000000000) (2,2,2.000000000000) (3,3,1.000000000000) (4,4,1.000000000000) (5,5,2.000000000000) (6,6,1.000000000000) (7,7,1.000000000000) (8,8,2.000000000000) (9,9,1.000000000000) (10,10,1.000000000000) (11,11,2.000000000000) (12,12,1.000000000000) (13,13,1.000000000000) (14,14,2.000000000000) (15,15,1.000000000000) (16,16,1.000000000000) (17,17,2.000000000000) (18,18,1.000000000000) (19,19,1.000000000000) (20,20,2.000000000000) (21,21,1.000000000000) (22,22,1.000000000000) (23,23,2.000000000000) (24,24,1.000000000000) (25,25,1.000000000000) (26,26,2.000000000000) 
v0:
size: 27 1
(0,0,-0.136157782733) (1,0,0.658401006735) (2,0,0.000000000000) (3,0,0.996186555135) (4,0,-0.560291654696) (5,0,0.000000000000) (6,0,-0.257455012581) (7,0,0.566679890579) (8,0,0.000000000000) (9,0,-0.471085648149) (10,0,-0.589658315493) (11,0,0.000000000000) (12,0,-0.502386830351) (13,0,0.580699240480) (14,0,0.000000000000) (15,0,0.324038623764) (16,0,-0.873032561141) (17,0,0.000000000000) (18,0,-0.224690605513) (19,0,0.917268126480) (20,0,0.000000000000) (21,0,0.482415424545) (22,0,-0.538029869516) (23,0,0.000000000000) (24,0,0.840689968000) (25,0,0.077485036325) (26,0,0.000000000000) 
ipopt_sol:
size: 15 1
(0,0,1.225709806594) (1,0,0.341122719820) (2,0,0.000000000000) (3,0,0.000000000000) (4,0,0.000000000000) (5,0,1.817936353869) (6,0,0.000000000000) (7,0,0.000000000000) (8,0,0.000000000000) (9,0,0.000000000000) (10,0,1.780803067520) (11,0,0.910527990799) (12,0,0.000000000000) (13,0,1.131955352539) (14,0,0.000000000000) 
policy_sol:
size: 15 1
(0,0,1.225709802994) (1,0,0.341122707791) (2,0,0.000000000000) (3,0,0.000000000000) (4,0,0.000000000000) (5,0,1.817936327632) (6,0,0.000000000000) (7,0,0.000000000000) (8,0,0.000000000000) (9,0,0.000000000000) (10,0,1.780803048298) (11,0,0.910527970724) (12,0,0.000000000000) (13,0,1.131955358156) (14,0,0.000000000000) 

policy_converges:
1
ipopt_converges:
0
