solve status: 0
N:
size: 27 17
(0,0,0.000490352571) (1,0,-0.999999879777) (6,0,-0.000490352571) (7,0,0.999999879777) (0,1,-0.999984174391) (1,1,0.005625919275) (9,1,0.999984174391) (10,1,-0.005625919275) (0,2,-0.999999770781) (1,2,0.000677079825) (18,2,0.999999770781) (19,2,-0.000677079825) (3,3,0.000326419873) (4,3,-0.999999946725) (6,3,-0.000326419873) (7,3,0.999999946725) (3,4,-0.704146717335) (4,4,0.710054505278) (9,4,0.704146717335) (10,4,-0.710054505278) (3,5,-0.710972878375) (4,5,-0.703219429634) (15,5,0.710972878375) (16,5,0.703219429634) (3,6,-0.999999995270) (4,6,-0.000097260175) (21,6,0.999999995270) (22,6,0.000097260175) (6,7,-0.705701101259) (7,7,0.708509672257) (12,7,0.705701101259) (13,7,-0.708509672257) (9,8,0.000593963745) (10,8,-0.999999823604) (12,8,-0.000593963745) (13,8,0.999999823604) (9,9,-0.002415210928) (10,9,-0.999997083374) (15,9,0.002415210928) (16,9,0.999997083374) (9,10,-0.999990919344) (10,10,-0.004261599512) (18,10,0.999990919344) (19,10,0.004261599512) (9,11,-0.705869237747) (10,11,-0.708342162519) (21,11,0.705869237747) (22,11,0.708342162519) (12,12,-0.005441072738) (13,12,-0.999985197254) (15,12,0.005441072738) (16,12,0.999985197254) (12,13,-0.707940480926) (13,13,0.706272097330) (18,13,0.707940480926) (19,13,-0.706272097330) (12,14,-0.999989208989) (13,14,-0.004645632994) (21,14,0.999989208989) (22,14,0.004645632994) (12,15,-0.708966017185) (13,15,-0.705242643689) (24,15,0.708966017185) (25,15,0.705242643689) (15,16,-0.709424112248) (16,16,0.704781830754) (21,16,0.709424112248) (22,16,-0.704781830754) 
Q:
size: 17 17
(0,0,2.000000000000) (1,0,-0.006116263409) (2,0,-0.001167432203) (3,0,0.999999986563) (7,0,0.708855629428) (0,1,-0.006116263409) (1,1,2.000000000000) (2,1,0.999987754372) (4,1,0.708130283112) (8,1,0.006219872628) (9,1,0.003210730160) (10,1,-0.999951118463) (11,1,-0.701872991111) (0,2,-0.001167432203) (1,2,0.999987754372) (2,2,2.000000000000) (10,2,0.999987804684) (13,2,0.708418521241) (0,3,0.999999986563) (3,3,2.000000000000) (4,3,-0.710284314932) (5,3,0.702987316494) (6,3,-0.000229159702) (7,3,0.708739989375) (1,4,0.708130283112) (3,4,-0.710284314932) (4,4,2.000000000000) (5,4,0.001305094211) (6,4,0.704077653980) (8,4,0.710472617649) (9,4,0.708351771468) (10,4,-0.701114355287) (11,4,0.005926037148) (3,5,0.702987316494) (4,5,0.001305094211) (5,5,2.000000000000) (6,5,0.711041270257) (9,5,0.704934528072) (12,5,0.707077475202) (16,5,-0.008765026034) (3,6,-0.000229159702) (4,6,0.704077653980) (5,6,0.711041270257) (6,6,2.000000000000) (11,6,0.705938127891) (14,6,0.999989656094) (16,6,0.709355561689) (0,7,0.708855629428) (3,7,0.708739989375) (7,7,2.000000000000) (8,7,-0.708928708148) (12,7,0.704659413345) (13,7,-0.999994989219) (14,7,-0.702402010121) (15,7,-0.000646864741) (1,8,0.006219872628) (4,8,0.710472617649) (7,8,-0.708928708148) (8,8,2.000000000000) (9,8,0.999995472430) (10,8,0.003667640409) (11,8,0.707922776834) (12,8,-0.999981789060) (13,8,0.706692463725) (14,8,-0.004051674838) (15,8,-0.704821419176) (1,9,0.003210730160) (4,9,0.708351771468) (5,9,0.704934528072) (8,9,0.999995472430) (9,9,2.000000000000) (10,9,0.006676776079) (11,9,0.710044919647) (12,9,0.999995422010) (16,9,0.703066366300) (1,10,-0.999951118463) (2,10,0.999987804684) (4,10,-0.701114355287) (8,10,0.003667640409) (9,10,0.006676776079) (10,10,2.000000000000) (11,10,0.708881498606) (13,10,0.704924203536) (1,11,-0.701872991111) (4,11,0.005926037148) (6,11,0.705938127891) (8,11,0.707922776834) (9,11,0.710044919647) (10,11,0.708881498606) (11,11,2.000000000000) (14,11,0.709152318425) (16,11,0.001533971252) (5,12,0.707077475202) (7,12,0.704659413345) (8,12,-0.999981789060) (9,12,0.999995422010) (12,12,2.000000000000) (13,12,-0.702409686912) (14,12,0.010086578249) (15,12,0.709089739830) (16,12,0.700911369850) (2,13,0.708418521241) (7,13,-0.999994989219) (8,13,0.706692463725) (10,13,0.704924203536) (12,13,-0.702409686912) (13,13,2.000000000000) (14,13,0.704651760574) (15,13,0.003812542081) (6,14,0.999989656094) (7,14,-0.702402010121) (8,14,-0.004051674838) (11,14,0.709152318425) (12,14,0.010086578249) (13,14,0.704651760574) (14,14,2.000000000000) (15,14,0.712234665218) (16,14,0.706142299119) (7,15,-0.000646864741) (8,15,-0.704821419176) (12,15,0.709089739830) (13,15,0.003812542081) (14,15,0.712234665218) (15,15,2.000000000000) (5,16,-0.008765026034) (6,16,0.709355561689) (9,16,0.703066366300) (11,16,0.001533971252) (12,16,0.700911369850) (14,16,0.706142299119) (16,16,2.000000000000) 
Minv:
size: 27 27
(0,0,1.000000000000) (1,1,1.000000000000) (2,2,2.000000000000) (3,3,1.000000000000) (4,4,1.000000000000) (5,5,2.000000000000) (6,6,1.000000000000) (7,7,1.000000000000) (8,8,2.000000000000) (9,9,1.000000000000) (10,10,1.000000000000) (11,11,2.000000000000) (12,12,1.000000000000) (13,13,1.000000000000) (14,14,2.000000000000) (15,15,1.000000000000) (16,16,1.000000000000) (17,17,2.000000000000) (18,18,1.000000000000) (19,19,1.000000000000) (20,20,2.000000000000) (21,21,1.000000000000) (22,22,1.000000000000) (23,23,2.000000000000) (24,24,1.000000000000) (25,25,1.000000000000) (26,26,2.000000000000) 
v0:
size: 27 1
(0,0,0.288757611399) (1,0,-0.793304383736) (2,0,0.000000000000) (3,0,0.282096869408) (4,0,-0.735534800968) (5,0,0.000000000000) (6,0,-0.492674886870) (7,0,-0.845875131896) (8,0,0.000000000000) (9,0,-0.434073501988) (10,0,0.774393124018) (11,0,0.000000000000) (12,0,0.673414520077) (13,0,0.356690438117) (14,0,0.000000000000) (15,0,-0.389173864011) (16,0,-0.336551726870) (17,0,0.000000000000) (18,0,-0.623039528874) (19,0,0.164771713597) (20,0,0.000000000000) (21,0,-0.672353481543) (22,0,0.505721724171) (23,0,0.000000000000) (24,0,-0.172865206063) (25,0,0.620036835447) (26,0,0.000000000000) 
ipopt_sol:
size: 17 1
(0,0,0.000000000000) (1,0,0.559141664238) (2,0,0.000000000000) (3,0,0.838403932072) (4,0,2.068850461029) (5,0,0.000000000000) (6,0,0.000000000000) (7,0,0.018115294450) (8,0,0.000000000000) (9,0,0.000000000000) (10,0,1.120074911604) (11,0,0.000000000000) (12,0,0.725920799944) (13,0,0.216462747934) (14,0,1.234718456934) (15,0,0.000000000000) (16,0,0.104166944502) 
policy_sol:
size: 17 1
(0,0,0.000000000000) (1,0,0.559141660877) (2,0,0.000000000000) (3,0,0.838403911867) (4,0,2.068850437165) (5,0,0.000000000000) (6,0,0.000000000000) (7,0,0.018115303525) (8,0,0.000000000000) (9,0,0.000000000000) (10,0,1.120074890981) (11,0,0.000000000000) (12,0,0.725920791846) (13,0,0.216462753579) (14,0,1.234718446231) (15,0,0.000000000000) (16,0,0.104166944094) 

policy_converges:
1
ipopt_converges:
0
