solve status: 0
N:
size: 27 9
(0,0,-0.001678492269) (1,0,-0.999998591331) (3,0,0.001678492269) (4,0,0.999998591331) (0,1,-0.706910687741) (1,1,-0.707302820267) (12,1,0.706910687741) (13,1,0.707302820267) (6,2,-0.704545388160) (7,2,0.709658929362) (12,2,0.704545388160) (13,2,-0.709658929362) (6,3,-0.999995140476) (7,3,-0.003117535094) (15,3,0.999995140476) (16,3,0.003117535094) (6,4,-0.999998048779) (7,4,-0.001975458842) (24,4,0.999998048779) (25,4,0.001975458842) (9,5,-0.999999984768) (10,5,-0.000174537011) (18,5,0.999999984768) (19,5,0.000174537011) (9,6,-0.708712469589) (10,6,-0.705497438301) (21,6,0.708712469589) (22,6,0.705497438301) (12,7,-0.709113698704) (13,7,0.705094151380) (18,7,0.709113698704) (19,7,-0.705094151380) (18,8,0.000011360190) (19,8,-0.999999999935) (21,8,-0.000011360190) (22,8,0.999999999935) 
Q:
size: 9 9
(0,0,2.000000000000) (1,0,0.708488368035) (0,1,0.708488368035) (1,1,2.000000000000) (2,1,-0.003893097276) (7,1,-0.002564970613) (1,2,-0.003893097276) (2,2,2.000000000000) (3,2,0.702329577787) (4,2,0.703142111430) (7,2,-0.999979146670) (2,3,0.702329577787) (3,3,2.000000000000) (4,3,0.999999347827) (2,4,0.703142111430) (3,4,0.999999347827) (4,4,2.000000000000) (5,5,2.000000000000) (6,5,0.708835594208) (7,5,0.708990622877) (8,5,-0.000163176821) (5,6,0.708835594208) (6,6,2.000000000000) (8,6,0.705489387147) (1,7,-0.002564970613) (2,7,-0.999979146670) (5,7,0.708990622877) (7,7,2.000000000000) (8,7,0.705102207001) (5,8,-0.000163176821) (6,8,0.705489387147) (7,8,0.705102207001) (8,8,2.000000000000) 
Minv:
size: 27 27
(0,0,1.000000000000) (1,1,1.000000000000) (2,2,2.000000000000) (3,3,1.000000000000) (4,4,1.000000000000) (5,5,2.000000000000) (6,6,1.000000000000) (7,7,1.000000000000) (8,8,2.000000000000) (9,9,1.000000000000) (10,10,1.000000000000) (11,11,2.000000000000) (12,12,1.000000000000) (13,13,1.000000000000) (14,14,2.000000000000) (15,15,1.000000000000) (16,16,1.000000000000) (17,17,2.000000000000) (18,18,1.000000000000) (19,19,1.000000000000) (20,20,2.000000000000) (21,21,1.000000000000) (22,22,1.000000000000) (23,23,2.000000000000) (24,24,1.000000000000) (25,25,1.000000000000) (26,26,2.000000000000) 
v0:
size: 27 1
(0,0,0.444182610049) (1,0,-0.603551218856) (2,0,0.000000000000) (3,0,-0.701883099992) (4,0,-0.693932111414) (5,0,0.000000000000) (6,0,0.926533550225) (7,0,0.099738627440) (8,0,0.000000000000) (9,0,0.851745598188) (10,0,-0.839182813097) (11,0,0.000000000000) (12,0,0.032455765593) (13,0,-0.596521252407) (14,0,0.000000000000) (15,0,-0.752714592518) (16,0,-0.572858319053) (17,0,0.000000000000) (18,0,-0.295424798927) (19,0,0.057092156696) (20,0,0.000000000000) (21,0,0.145391963404) (22,0,-0.143345367850) (23,0,0.000000000000) (24,0,-0.159931549988) (25,0,0.294383229965) (26,0,0.000000000000) 
ipopt_sol:
size: 9 1
(0,0,0.000000000000) (1,0,0.286451850305) (2,0,0.000000000000) (3,0,1.517729938719) (4,0,0.327213996946) (5,0,1.044734055843) (6,0,0.000000000000) (7,0,0.288545297752) (8,0,0.098800810882) 
policy_sol:
size: 9 1
(0,0,0.000000000000) (1,0,0.286451846797) (2,0,0.000000000000) (3,0,1.517729936381) (4,0,0.327213994599) (5,0,1.044734048756) (6,0,0.000000000000) (7,0,0.288545307746) (8,0,0.098800803830) 

policy_converges:
1
ipopt_converges:
0
