solve status: 0
N:
size: 27 13
(0,0,-0.009066439089) (1,0,-0.999958898996) (3,0,0.009066439089) (4,0,0.999958898996) (0,1,-0.000093496469) (1,1,-0.999999995629) (6,1,0.000093496469) (7,1,0.999999995629) (0,2,-0.709253560217) (1,2,-0.704953464648) (12,2,0.709253560217) (13,2,0.704953464648) (0,3,-0.999998767480) (1,3,0.001570044366) (18,3,0.999998767480) (19,3,-0.001570044366) (3,4,-0.705919314215) (4,4,0.708292257347) (9,4,0.705919314215) (10,4,-0.708292257347) (6,5,-0.999995168288) (7,5,0.003108601168) (15,5,0.999995168288) (16,5,-0.003108601168) (9,6,-0.001538227865) (10,6,-0.999998816927) (12,6,0.001538227865) (13,6,0.999998816927) (9,7,-0.999994648422) (10,7,0.003271563464) (18,7,0.999994648422) (19,7,-0.003271563464) (12,8,-0.706677521565) (13,8,0.707535780378) (18,8,0.706677521565) (19,8,-0.707535780378) (12,9,-0.999974666029) (13,9,0.007118096724) (21,9,0.999974666029) (22,9,-0.007118096724) (12,10,-0.709295182987) (13,10,-0.704911585514) (24,10,0.709295182987) (25,10,0.704911585514) (18,11,-0.000328716123) (19,11,-0.999999945973) (24,11,0.000328716123) (25,11,0.999999945973) (21,12,-0.005448986265) (22,12,-0.999985154164) (24,12,0.005448986265) (25,12,0.999985154164) 
Q:
size: 13 13
(0,0,2.000000000000) (1,0,0.999959742306) (2,0,0.711354894555) (3,0,0.007496448078) (4,0,0.701862971361) (0,1,0.999959742306) (1,1,2.000000000000) (2,1,0.705019774270) (3,1,-0.001476548006) (5,1,0.003015105137) (0,2,0.711354894555) (1,2,0.705019774270) (2,2,2.000000000000) (3,2,0.708145877832) (6,2,0.706043624227) (8,2,-0.002433748356) (9,2,-0.704217665060) (10,2,-0.999999998257) (0,3,0.007496448078) (1,3,-0.001476548006) (2,3,0.708145877832) (3,3,2.000000000000) (7,3,0.999998552408) (8,3,0.707787513136) (11,3,0.001241328563) (0,4,0.701862971361) (4,4,2.000000000000) (6,4,0.707205554626) (7,4,-0.708232759504) (1,5,0.003015105137) (5,5,2.000000000000) (2,6,0.706043624227) (4,6,0.707205554626) (6,6,2.000000000000) (7,6,-0.001733339960) (8,6,0.706447912256) (9,6,0.005579899407) (10,6,-0.706001809167) (3,7,0.999998552408) (4,7,-0.708232759504) (6,7,-0.001733339960) (7,7,2.000000000000) (8,7,0.708988487934) (11,7,0.002942848923) (2,8,-0.002433748356) (3,8,0.707787513136) (6,8,0.706447912256) (7,8,0.708988487934) (8,8,2.000000000000) (9,8,0.711695926738) (10,8,0.002492793217) (11,8,0.707303445856) (2,9,-0.704217665060) (6,9,0.005579899407) (8,9,0.711695926738) (9,9,2.000000000000) (10,9,0.704259584875) (12,9,0.001669142829) (2,10,-0.999999998257) (6,10,-0.706001809167) (8,10,0.002492793217) (9,10,0.704259584875) (10,10,2.000000000000) (11,10,0.705144704193) (12,10,0.708766060223) (3,11,0.001241328563) (7,11,0.002942848923) (8,11,0.707303445856) (10,11,0.705144704193) (11,11,2.000000000000) (12,11,0.999986891307) (9,12,0.001669142829) (10,12,0.708766060223) (11,12,0.999986891307) (12,12,2.000000000000) 
Minv:
size: 27 27
(0,0,1.000000000000) (1,1,1.000000000000) (2,2,2.000000000000) (3,3,1.000000000000) (4,4,1.000000000000) (5,5,2.000000000000) (6,6,1.000000000000) (7,7,1.000000000000) (8,8,2.000000000000) (9,9,1.000000000000) (10,10,1.000000000000) (11,11,2.000000000000) (12,12,1.000000000000) (13,13,1.000000000000) (14,14,2.000000000000) (15,15,1.000000000000) (16,16,1.000000000000) (17,17,2.000000000000) (18,18,1.000000000000) (19,19,1.000000000000) (20,20,2.000000000000) (21,21,1.000000000000) (22,22,1.000000000000) (23,23,2.000000000000) (24,24,1.000000000000) (25,25,1.000000000000) (26,26,2.000000000000) 
v0:
size: 27 1
(0,0,0.404694485032) (1,0,0.357917080783) (2,0,0.000000000000) (3,0,-0.275282067997) (4,0,-0.693169155809) (5,0,0.000000000000) (6,0,0.184419259417) (7,0,0.225338776110) (8,0,0.000000000000) (9,0,0.457744024404) (10,0,0.545121020836) (11,0,0.000000000000) (12,0,0.283850053708) (13,0,-0.080377418911) (14,0,0.000000000000) (15,0,-0.700353050046) (16,0,0.971750091651) (17,0,0.000000000000) (18,0,-0.814502716590) (19,0,0.386074561357) (20,0,0.000000000000) (21,0,0.214507067872) (22,0,0.988334996147) (23,0,0.000000000000) (24,0,0.044676984501) (25,0,0.136113189499) (26,0,0.000000000000) 
ipopt_sol:
size: 13 1
(0,0,0.995278364676) (1,0,0.000000000000) (2,0,0.000000000000) (3,0,0.631269082439) (4,0,0.169729734302) (5,0,0.887088329599) (6,0,0.414594037376) (7,0,0.864099493941) (8,0,0.430047656606) (9,0,0.000000000000) (10,0,0.000000000000) (11,0,0.000000000000) (12,0,0.853134565046) 
policy_sol:
size: 13 1
(0,0,0.995278354049) (1,0,0.000000000000) (2,0,0.000000000000) (3,0,0.631269078380) (4,0,0.169729740247) (5,0,0.887088329584) (6,0,0.414594038253) (7,0,0.864099501074) (8,0,0.430047648109) (9,0,0.000000000000) (10,0,0.000000000000) (11,0,0.000000000000) (12,0,0.853134556495) 

policy_converges:
1
ipopt_converges:
0
