solve status: 0
N:
size: 27 14
(0,0,-0.001401806912) (1,0,-0.999999017468) (3,0,0.001401806912) (4,0,0.999999017468) (0,1,0.001341447701) (1,1,-0.999999100259) (6,1,-0.001341447701) (7,1,0.999999100259) (0,2,-0.706380140777) (1,2,-0.707832675649) (12,2,0.706380140777) (13,2,0.707832675649) (0,3,-0.999997977391) (1,3,-0.002011271482) (18,3,0.999997977391) (19,3,0.002011271482) (3,4,-0.999959890171) (4,4,0.008956452944) (12,4,0.999959890171) (13,4,-0.008956452944) (3,5,-0.704929476344) (4,5,-0.709277402278) (15,5,0.704929476344) (16,5,0.709277402278) (3,6,-0.999998872236) (4,6,0.001501841190) (21,6,0.999998872236) (22,6,-0.001501841190) (6,7,-0.999980666873) (7,7,-0.006218189450) (15,7,0.999980666873) (16,7,0.006218189450) (6,8,-0.999999873495) (7,8,-0.000503000864) (24,8,0.999999873495) (25,8,0.000503000864) (9,9,-0.999995310047) (10,9,-0.003062659711) (18,9,0.999995310047) (19,9,0.003062659711) (12,10,-0.000003826134) (13,10,-0.999999999993) (15,10,0.000003826134) (16,10,0.999999999993) (12,11,-0.999982817881) (13,11,-0.005862076643) (21,11,0.999982817881) (22,11,0.005862076643) (15,12,-0.708208638061) (16,12,0.706003204650) (21,12,0.708208638061) (22,12,-0.706003204650) (21,13,0.004047488693) (22,13,-0.999991808884) (24,13,-0.004047488693) (25,13,0.999991808884) 
Q:
size: 14 14
(0,0,2.000000000000) (1,0,0.999996237277) (2,0,0.708822188745) (3,0,0.003413073583) (4,0,0.007554693458) (5,0,-0.710264880403) (6,0,0.000100034383) (0,1,0.999996237277) (1,1,2.000000000000) (2,1,0.706884466767) (3,1,0.000669824685) (7,1,-0.004876762089) (8,1,0.000838447120) (0,2,0.708822188745) (1,2,0.706884466767) (2,2,2.000000000000) (3,2,0.707802355721) (4,2,0.700012137939) (10,2,-0.707835378348) (11,2,-0.710517373065) (0,3,0.003413073583) (1,3,0.000669824685) (2,3,0.707802355721) (3,3,2.000000000000) (9,3,0.999999447288) (0,4,0.007554693458) (2,4,0.700012137939) (4,4,2.000000000000) (5,4,0.698548592065) (6,4,0.999972213622) (10,4,0.008952626963) (11,4,-0.999890205328) (0,5,-0.710264880403) (4,5,0.698548592065) (5,5,2.000000000000) (6,5,0.703863459332) (7,5,0.709326269112) (10,5,0.709280099427) (12,5,0.001514974623) (0,6,0.000100034383) (4,6,0.999972213622) (5,6,0.703863459332) (6,6,2.000000000000) (11,6,0.999972886228) (12,6,0.709268144062) (13,6,0.005549313017) (1,7,-0.004876762089) (5,7,0.709326269112) (7,7,2.000000000000) (8,7,0.999983668125) (10,7,0.006222015510) (12,7,-0.703804884495) (1,8,0.000838447120) (7,8,0.999983668125) (8,8,2.000000000000) (13,8,-0.003544491438) (3,9,0.999999447288) (9,9,2.000000000000) (2,10,-0.707835378348) (4,10,0.008952626963) (5,10,0.709280099427) (7,10,0.006222015510) (10,10,2.000000000000) (11,10,0.005865902711) (12,10,0.706000494943) (2,11,-0.710517373065) (4,11,-0.999890205328) (6,11,0.999972886228) (10,11,0.005865902711) (11,11,2.000000000000) (12,11,0.704057824640) (13,11,-0.001814609477) (5,12,0.001514974623) (6,12,0.709268144062) (7,12,-0.703804884495) (10,12,0.706000494943) (11,12,0.704057824640) (12,12,2.000000000000) (13,12,0.708863888151) (6,13,0.005549313017) (8,13,-0.003544491438) (11,13,-0.001814609477) (12,13,0.708863888151) (13,13,2.000000000000) 
Minv:
size: 27 27
(0,0,1.000000000000) (1,1,1.000000000000) (2,2,2.000000000000) (3,3,1.000000000000) (4,4,1.000000000000) (5,5,2.000000000000) (6,6,1.000000000000) (7,7,1.000000000000) (8,8,2.000000000000) (9,9,1.000000000000) (10,10,1.000000000000) (11,11,2.000000000000) (12,12,1.000000000000) (13,13,1.000000000000) (14,14,2.000000000000) (15,15,1.000000000000) (16,16,1.000000000000) (17,17,2.000000000000) (18,18,1.000000000000) (19,19,1.000000000000) (20,20,2.000000000000) (21,21,1.000000000000) (22,22,1.000000000000) (23,23,2.000000000000) (24,24,1.000000000000) (25,25,1.000000000000) (26,26,2.000000000000) 
v0:
size: 27 1
(0,0,0.154258482975) (1,0,0.124482965343) (2,0,0.000000000000) (3,0,0.417492928153) (4,0,-0.090007839143) (5,0,0.000000000000) (6,0,0.251680598981) (7,0,0.036656101499) (8,0,0.000000000000) (9,0,0.254060984422) (10,0,-0.742297656727) (11,0,0.000000000000) (12,0,0.266215823303) (13,0,-0.566339111222) (14,0,0.000000000000) (15,0,-0.288595813847) (16,0,-0.974930317273) (17,0,0.000000000000) (18,0,0.073344141196) (19,0,-0.933170209172) (20,0,0.000000000000) (21,0,-0.090636554339) (22,0,0.768278981723) (23,0,0.000000000000) (24,0,-0.240896803331) (25,0,0.645238530146) (26,0,0.000000000000) 
ipopt_sol:
size: 14 1
(0,0,0.553226771108) (1,0,0.000000000000) (2,0,0.213832295129) (3,0,0.000000000000) (4,0,0.000000000000) (5,0,1.168267572710) (6,0,0.000000000000) (7,0,0.430434859306) (8,0,0.277057307750) (9,0,0.181300578349) (10,0,0.000000000000) (11,0,0.000000000000) (12,0,1.241101038393) (13,0,0.000000000000) 
policy_sol:
size: 14 1
(0,0,0.553226760986) (1,0,0.000000000000) (2,0,0.213832295233) (3,0,0.000000000000) (4,0,0.000000000000) (5,0,1.168267558546) (6,0,0.000000000000) (7,0,0.430434859367) (8,0,0.277057307732) (9,0,0.181300573349) (10,0,0.000000000000) (11,0,0.000000000000) (12,0,1.241101024286) (13,0,0.000000000000) 

policy_converges:
1
ipopt_converges:
0
