solve status: 0
N:
size: 27 7
(0,0,-0.706210799979) (1,0,-0.708001628524) (12,0,0.706210799979) (13,0,0.708001628524) (0,1,-0.999992235160) (1,1,-0.003940763914) (18,1,0.999992235160) (19,1,0.003940763914) (9,2,-0.999999991092) (10,2,0.000133473066) (18,2,0.999999991092) (19,2,-0.000133473066) (12,3,-0.708981928139) (13,3,0.705226648371) (18,3,0.708981928139) (19,3,-0.705226648371) (15,4,-0.999985630606) (16,4,0.005360837832) (24,4,0.999985630606) (25,4,-0.005360837832) (18,5,0.002644738900) (19,5,-0.999996502672) (21,5,-0.002644738900) (22,5,0.999996502672) (18,6,-0.001075114660) (19,6,-0.999999422064) (24,6,0.001075114660) (25,6,0.999999422064) 
Q:
size: 7 7
(0,0,2.000000000000) (1,0,0.708995383634) (3,0,-0.001389079116) (0,1,0.708995383634) (1,1,2.000000000000) (2,1,0.999991700266) (3,1,0.706197291280) (5,1,-0.001296031768) (6,1,-0.005015867949) (1,2,0.999991700266) (2,2,2.000000000000) (3,2,0.709076050587) (5,2,0.002778211476) (6,2,-0.000941641661) (0,3,-0.001389079116) (1,3,0.706197291280) (2,3,0.709076050587) (3,3,2.000000000000) (5,3,0.707099254047) (6,3,0.704464003931) (4,4,2.000000000000) (6,4,-0.004285735522) (1,5,-0.001296031768) (2,5,0.002778211476) (3,5,0.707099254047) (5,5,2.000000000000) (6,5,0.999993081340) (1,6,-0.005015867949) (2,6,-0.000941641661) (3,6,0.704464003931) (4,6,-0.004285735522) (5,6,0.999993081340) (6,6,2.000000000000) 
Minv:
size: 27 27
(0,0,1.000000000000) (1,1,1.000000000000) (2,2,2.000000000000) (3,3,1.000000000000) (4,4,1.000000000000) (5,5,2.000000000000) (6,6,1.000000000000) (7,7,1.000000000000) (8,8,2.000000000000) (9,9,1.000000000000) (10,10,1.000000000000) (11,11,2.000000000000) (12,12,1.000000000000) (13,13,1.000000000000) (14,14,2.000000000000) (15,15,1.000000000000) (16,16,1.000000000000) (17,17,2.000000000000) (18,18,1.000000000000) (19,19,1.000000000000) (20,20,2.000000000000) (21,21,1.000000000000) (22,22,1.000000000000) (23,23,2.000000000000) (24,24,1.000000000000) (25,25,1.000000000000) (26,26,2.000000000000) 
v0:
size: 27 1
(0,0,0.273808085879) (1,0,0.578642978152) (2,0,0.000000000000) (3,0,0.469142679457) (4,0,0.638574773469) (5,0,0.000000000000) (6,0,-0.216319142740) (7,0,0.679056877797) (8,0,0.000000000000) (9,0,0.356374971088) (10,0,-0.967453736967) (11,0,0.000000000000) (12,0,0.717638431334) (13,0,-0.665382135319) (14,0,0.000000000000) (15,0,0.957679532326) (16,0,0.373416815250) (17,0,0.000000000000) (18,0,-0.861626828740) (19,0,0.754951453469) (20,0,0.000000000000) (21,0,0.737115919714) (22,0,-0.397628096051) (23,0,0.000000000000) (24,0,-0.001198627252) (25,0,0.510345039430) (26,0,0.000000000000) 
ipopt_sol:
size: 7 1
(0,0,0.553836373056) (1,0,0.041406808984) (2,0,0.593914907776) (3,0,1.700361495923) (4,0,0.959598431063) (5,0,0.554843429684) (6,0,0.000000000000) 
policy_sol:
size: 7 1
(0,0,0.553836372794) (1,0,0.041406809716) (2,0,0.593914908313) (3,0,1.700361493404) (4,0,0.959598431084) (5,0,0.554843425574) (6,0,0.000000000000) 

policy_converges:
1
ipopt_converges:
0
