solve status: 0
N:
size: 27 16
(0,0,-0.000004144069) (1,0,-0.999999999991) (6,0,0.000004144069) (7,0,0.999999999991) (0,1,-0.706311180180) (1,1,-0.707901488028) (12,1,0.706311180180) (13,1,0.707901488028) (3,2,-0.007668858608) (4,2,-0.999970593871) (6,2,0.007668858608) (7,2,0.999970593871) (3,3,-0.706579904165) (4,3,0.707633265915) (9,3,0.706579904165) (10,3,-0.707633265915) (3,4,-0.999992450992) (4,4,0.003885609305) (12,4,0.999992450992) (13,4,-0.003885609305) (3,5,-0.707278289363) (4,5,-0.706935231401) (15,5,0.707278289363) (16,5,0.706935231401) (3,6,-0.999998154990) (4,6,-0.001920941474) (21,6,0.999998154990) (22,6,0.001920941474) (6,7,-0.700552508042) (7,7,0.713600857256) (12,7,0.700552508042) (13,7,-0.713600857256) (6,8,-0.999993177483) (7,8,0.003693912121) (15,8,0.999993177483) (16,8,-0.003693912121) (6,9,-0.999988720129) (7,9,0.004749696347) (24,9,0.999988720129) (25,9,-0.004749696347) (9,10,0.003393938685) (10,10,-0.999994240574) (12,10,-0.003393938685) (13,10,0.999994240574) (9,11,-0.703090362061) (10,11,-0.711100515241) (21,11,0.703090362061) (22,11,0.711100515241) (12,12,-0.709373507263) (13,12,0.704832765409) (18,12,0.709373507263) (19,12,-0.704832765409) (12,13,-0.999970178548) (13,13,-0.007722824223) (21,13,0.999970178548) (22,13,0.007722824223) (15,14,-0.706304682980) (16,14,0.707907970573) (21,14,0.706304682980) (22,14,-0.707907970573) (21,15,-0.000661730143) (22,15,-0.999999781057) (24,15,0.000661730143) (25,15,0.999999781057) 
Q:
size: 16 16
(0,0,2.000000000000) (1,0,0.707904415025) (2,0,0.999970625643) (7,0,0.713597954111) (8,0,0.003689768080) (9,0,0.004745552324) (0,1,0.707904415025) (1,1,2.000000000000) (4,1,0.703555219622) (7,1,-0.010351039976) (10,1,0.705500234084) (12,1,-0.002086275659) (13,1,-0.711757115715) (0,2,0.999970625643) (2,2,2.000000000000) (3,2,-0.702193795780) (4,2,0.003783305672) (5,2,0.712338460370) (6,2,0.009589729445) (7,2,0.708207434886) (8,2,-0.003975002789) (9,2,-0.002919215427) (2,3,-0.702193795780) (3,3,2.000000000000) (4,3,0.709324156590) (5,3,-0.000502260671) (6,3,0.705219278429) (10,3,0.710027279225) (11,3,0.006408859350) (1,4,0.703555219622) (2,4,0.003783305672) (3,4,0.709324156590) (4,4,2.000000000000) (5,4,0.704526076000) (6,4,0.999983141968) (7,4,0.703319993696) (10,4,-0.007279499990) (12,4,-0.712106856947) (13,4,-0.999932621887) (2,5,0.712338460370) (3,5,-0.000502260671) (4,5,0.704526076000) (5,5,2.000000000000) (6,5,0.708634965633) (8,5,0.704662107324) (14,5,0.000891117040) (2,6,0.009589729445) (3,6,0.705219278429) (4,6,0.999983141968) (5,6,0.708634965633) (6,6,2.000000000000) (11,6,0.704455047325) (13,6,0.999983168687) (14,6,0.704943530061) (15,6,-0.002582669975) (0,7,0.713597954111) (1,7,-0.010351039976) (2,7,0.708207434886) (4,7,0.703319993696) (7,7,2.000000000000) (8,7,0.703183707367) (9,7,0.703933993285) (10,7,-0.715974379582) (12,7,-0.999922655269) (13,7,-0.695020602563) (0,8,0.003689768080) (2,8,-0.003975002789) (5,8,0.704662107324) (7,8,0.703183707367) (8,8,2.000000000000) (9,8,0.999999442650) (14,8,-0.708914814038) (0,9,0.004745552324) (2,9,-0.002919215427) (7,9,0.703933993285) (8,9,0.999999442650) (9,9,2.000000000000) (15,9,-0.004087972629) (1,10,0.705500234084) (3,10,0.710027279225) (4,10,-0.007279499990) (7,10,-0.715974379582) (10,10,2.000000000000) (11,10,0.708710174131) (12,10,0.707236276165) (13,10,-0.004328942271) (3,11,0.006408859350) (6,11,0.704455047325) (10,11,0.708710174131) (11,11,2.000000000000) (13,11,0.708561099170) (14,11,-0.006797707336) (15,11,-0.711565615636) (1,12,-0.002086275659) (4,12,-0.712106856947) (7,12,-0.999922655269) (10,12,0.707236276165) (12,12,2.000000000000) (13,12,0.703909053161) (1,13,-0.711757115715) (4,13,-0.999932621887) (6,13,0.999983168687) (7,13,-0.695020602563) (10,13,-0.004328942271) (11,13,0.708561099170) (12,13,0.703909053161) (13,13,2.000000000000) (14,13,0.700816571126) (15,13,-0.008384532941) (5,14,0.000891117040) (6,14,0.704943530061) (8,14,-0.708914814038) (11,14,-0.006797707336) (13,14,0.700816571126) (14,14,2.000000000000) (15,14,0.707440432482) (6,15,-0.002582669975) (9,15,-0.004087972629) (11,15,-0.711565615636) (13,15,-0.008384532941) (14,15,0.707440432482) (15,15,2.000000000000) 
Minv:
size: 27 27
(0,0,1.000000000000) (1,1,1.000000000000) (2,2,2.000000000000) (3,3,1.000000000000) (4,4,1.000000000000) (5,5,2.000000000000) (6,6,1.000000000000) (7,7,1.000000000000) (8,8,2.000000000000) (9,9,1.000000000000) (10,10,1.000000000000) (11,11,2.000000000000) (12,12,1.000000000000) (13,13,1.000000000000) (14,14,2.000000000000) (15,15,1.000000000000) (16,16,1.000000000000) (17,17,2.000000000000) (18,18,1.000000000000) (19,19,1.000000000000) (20,20,2.000000000000) (21,21,1.000000000000) (22,22,1.000000000000) (23,23,2.000000000000) (24,24,1.000000000000) (25,25,1.000000000000) (26,26,2.000000000000) 
v0:
size: 27 1
(0,0,-0.989855426168) (1,0,0.773099958626) (2,0,0.000000000000) (3,0,0.731169136437) (4,0,0.855246710280) (5,0,0.000000000000) (6,0,0.381542286482) (7,0,-0.194219232989) (8,0,0.000000000000) (9,0,-0.462989355531) (10,0,0.930855946236) (11,0,0.000000000000) (12,0,-0.588747667759) (13,0,0.069224908921) (14,0,0.000000000000) (15,0,-0.013132473947) (16,0,0.507115139431) (17,0,0.000000000000) (18,0,-0.176476257830) (19,0,0.822967200760) (20,0,0.000000000000) (21,0,-0.828581481705) (22,0,0.993942648060) (23,0,0.000000000000) (24,0,0.096578587072) (25,0,0.967006502563) (26,0,0.000000000000) 
ipopt_sol:
size: 16 1
(0,0,0.390953650008) (1,0,0.000000000000) (2,0,0.838700443734) (3,0,0.400471447825) (4,0,0.876523775339) (5,0,0.000000000000) (6,0,0.664350760826) (7,0,0.437200556926) (8,0,0.557892403788) (9,0,0.000000000000) (10,0,0.693323935355) (11,0,0.000000000000) (12,0,0.524308598579) (13,0,0.000000000000) (14,0,0.884168743140) (15,0,0.000000000000) 
policy_sol:
size: 16 1
(0,0,0.390953645240) (1,0,0.000000000000) (2,0,0.838700444479) (3,0,0.400471455564) (4,0,0.876523776857) (5,0,0.000000000000) (6,0,0.664350747572) (7,0,0.437200559317) (8,0,0.557892392146) (9,0,0.000000000000) (10,0,0.693323925855) (11,0,0.000000000000) (12,0,0.524308600176) (13,0,0.000000000000) (14,0,0.884168736683) (15,0,0.000000000000) 

policy_converges:
1
ipopt_converges:
0
