solve status: 0
N:
size: 27 6
(0,0,-0.000540682745) (1,0,-0.999999853831) (3,0,0.000540682745) (4,0,0.999999853831) (3,1,-0.708655377087) (4,1,0.705554786339) (9,1,0.708655377087) (10,1,-0.705554786339) (3,2,-0.999999628316) (4,2,-0.000862187826) (12,2,0.999999628316) (13,2,0.000862187826) (6,3,-0.705068199897) (7,3,0.709139502139) (12,3,0.705068199897) (13,3,-0.709139502139) (12,4,0.008600510550) (13,4,-0.999963014925) (15,4,-0.008600510550) (16,4,0.999963014925) (21,5,0.002198850959) (22,5,-0.999997582524) (24,5,-0.002198850959) (25,5,0.999997582524) 
Q:
size: 6 6
(0,0,2.000000000000) (1,0,0.705171525474) (2,0,-0.001402870244) (0,1,0.705171525474) (1,1,2.000000000000) (2,1,0.708046792944) (0,2,-0.001402870244) (1,2,0.708046792944) (2,2,2.000000000000) (3,2,0.704456526389) (4,2,0.007738351416) (2,3,0.704456526389) (3,3,2.000000000000) (4,3,0.715177221053) (2,4,0.007738351416) (3,4,0.715177221053) (4,4,2.000000000000) (5,5,2.000000000000) 
Minv:
size: 27 27
(0,0,1.000000000000) (1,1,1.000000000000) (2,2,2.000000000000) (3,3,1.000000000000) (4,4,1.000000000000) (5,5,2.000000000000) (6,6,1.000000000000) (7,7,1.000000000000) (8,8,2.000000000000) (9,9,1.000000000000) (10,10,1.000000000000) (11,11,2.000000000000) (12,12,1.000000000000) (13,13,1.000000000000) (14,14,2.000000000000) (15,15,1.000000000000) (16,16,1.000000000000) (17,17,2.000000000000) (18,18,1.000000000000) (19,19,1.000000000000) (20,20,2.000000000000) (21,21,1.000000000000) (22,22,1.000000000000) (23,23,2.000000000000) (24,24,1.000000000000) (25,25,1.000000000000) (26,26,2.000000000000) 
v0:
size: 27 1
(0,0,-0.680962665301) (1,0,0.352688082467) (2,0,0.000000000000) (3,0,0.820962160862) (4,0,-0.812437738353) (5,0,0.000000000000) (6,0,-0.574115648138) (7,0,0.086536873860) (8,0,0.000000000000) (9,0,-0.271762879471) (10,0,-0.499033947415) (11,0,0.000000000000) (12,0,-0.531747135950) (13,0,0.402021481569) (14,0,0.000000000000) (15,0,0.295659411290) (16,0,0.312786761656) (17,0,0.000000000000) (18,0,0.409141886047) (19,0,-0.822733912595) (20,0,0.000000000000) (21,0,0.773596305651) (22,0,0.636746445833) (23,0,0.000000000000) (24,0,0.685492184496) (25,0,0.053609635691) (26,0,0.000000000000) 
ipopt_sol:
size: 6 1
(0,0,1.115429922111) (1,0,0.141233711144) (2,0,1.302090776616) (3,0,0.000000000000) (4,0,0.091309523873) (5,0,0.582941672592) 
policy_sol:
size: 6 1
(0,0,1.115429921524) (1,0,0.141233712800) (2,0,1.302090772520) (3,0,0.000000000000) (4,0,0.091309520312) (5,0,0.582941672592) 

policy_converges:
1
ipopt_converges:
0
