solve status: 0
N:
size: 27 16
(0,0,0.000243527039) (1,0,-0.999999970347) (6,0,-0.000243527039) (7,0,0.999999970347) (0,1,-0.706475639688) (1,1,-0.707737359850) (12,1,0.706475639688) (13,1,0.707737359850) (0,2,-0.999996730281) (1,2,0.002557230543) (18,2,0.999996730281) (19,2,-0.002557230543) (3,3,-0.004803071360) (4,3,-0.999988465186) (6,3,0.004803071360) (7,3,0.999988465186) (3,4,-0.706363395515) (4,4,0.707849386152) (9,4,0.706363395515) (10,4,-0.707849386152) (3,5,-0.999998862651) (4,5,-0.001508209765) (12,5,0.999998862651) (13,5,0.001508209765) (3,6,-0.708501677897) (4,6,-0.705709127344) (15,6,0.708501677897) (16,6,0.705709127344) (3,7,-0.999999733470) (4,7,-0.000730109758) (21,7,0.999999733470) (22,7,0.000730109758) (6,8,-0.704542056014) (7,8,0.709662237482) (12,8,0.704542056014) (13,8,-0.709662237482) (9,9,-0.003132929632) (10,9,-0.999995092364) (15,9,0.003132929632) (16,9,0.999995092364) (9,10,-0.999997738245) (10,10,0.002126853432) (18,10,0.999997738245) (19,10,-0.002126853432) (9,11,-0.708360427464) (10,11,-0.705850908339) (21,11,0.708360427464) (22,11,0.705850908339) (12,12,-0.002088198703) (13,12,-0.999997819711) (15,12,0.002088198703) (16,12,0.999997819711) (15,13,-0.999989520269) (16,13,-0.004578138537) (24,13,0.999989520269) (25,13,0.004578138537) (18,14,-0.003676500851) (19,14,-0.999993241648) (21,14,0.003676500851) (22,14,0.999993241648) (18,15,-0.001415902344) (19,15,-0.999998997610) (24,15,0.001415902344) (25,15,0.999998997610) 
Q:
size: 16 16
(0,0,2.000000000000) (1,0,0.707565292943) (2,0,-0.002800756710) (3,0,0.999987265856) (8,0,0.709833791480) (0,1,0.707565292943) (1,1,2.000000000000) (2,1,0.704663482118) (5,1,0.707542252575) (8,1,-0.004512678632) (12,1,-0.709211078293) (0,2,-0.002800756710) (1,2,0.704663482118) (2,2,2.000000000000) (10,2,0.999999907387) (14,2,-0.001119275570) (15,2,0.001141330265) (0,3,0.999987265856) (3,3,2.000000000000) (4,3,-0.704448507446) (5,3,0.006311258266) (6,3,0.709103971239) (7,3,0.005533171416) (8,3,0.706270085889) (3,4,-0.704448507446) (4,4,2.000000000000) (5,4,0.705295006777) (6,4,0.000923878335) (7,4,0.705846399504) (9,4,0.705632925472) (10,4,-0.707867289790) (11,4,-0.000723744610) (1,5,0.707542252575) (3,5,0.006311258266) (4,5,0.705295006777) (5,5,2.000000000000) (6,5,0.709565229481) (7,5,0.999999697280) (8,5,0.703470935187) (12,5,-0.003596402805) (3,6,0.709103971239) (4,6,0.000923878335) (5,6,0.709565229481) (6,6,2.000000000000) (7,6,0.709016734180) (9,6,0.707925349882) (12,6,0.707187080979) (13,6,-0.711725087142) (3,7,0.005533171416) (4,7,0.705846399504) (5,7,0.999999697280) (6,7,0.709016734180) (7,7,2.000000000000) (11,7,0.708875587300) (14,7,0.004406604694) (0,8,0.709833791480) (1,8,-0.004512678632) (3,8,0.706270085889) (5,8,0.703470935187) (8,8,2.000000000000) (12,8,0.708189466405) (4,9,0.705632925472) (6,9,0.707925349882) (9,9,2.000000000000) (10,9,0.001006079552) (11,9,0.708066687653) (12,9,0.999999454265) (13,9,-0.007711012869) (2,10,0.999999907387) (4,10,-0.707867289790) (9,10,0.001006079552) (10,10,2.000000000000) (11,10,0.706857583899) (14,10,-0.001549653478) (15,10,0.000710952159) (4,11,-0.000723744610) (7,11,0.708875587300) (9,11,0.708066687653) (10,11,0.706857583899) (11,11,2.000000000000) (14,11,0.708450425664) (1,12,-0.709211078293) (5,12,-0.003596402805) (6,12,0.707187080979) (8,12,0.708189466405) (9,12,0.999999454265) (12,12,2.000000000000) (13,12,-0.006666305375) (6,13,-0.711725087142) (9,13,-0.007711012869) (12,13,-0.006666305375) (13,13,2.000000000000) (15,13,0.005994021453) (2,14,-0.001119275570) (7,14,0.004406604694) (10,14,-0.001549653478) (11,14,0.708450425664) (14,14,2.000000000000) (15,14,0.999997444831) (2,15,0.001141330265) (10,15,0.000710952159) (13,15,0.005994021453) (14,15,0.999997444831) (15,15,2.000000000000) 
Minv:
size: 27 27
(0,0,1.000000000000) (1,1,1.000000000000) (2,2,2.000000000000) (3,3,1.000000000000) (4,4,1.000000000000) (5,5,2.000000000000) (6,6,1.000000000000) (7,7,1.000000000000) (8,8,2.000000000000) (9,9,1.000000000000) (10,10,1.000000000000) (11,11,2.000000000000) (12,12,1.000000000000) (13,13,1.000000000000) (14,14,2.000000000000) (15,15,1.000000000000) (16,16,1.000000000000) (17,17,2.000000000000) (18,18,1.000000000000) (19,19,1.000000000000) (20,20,2.000000000000) (21,21,1.000000000000) (22,22,1.000000000000) (23,23,2.000000000000) (24,24,1.000000000000) (25,25,1.000000000000) (26,26,2.000000000000) 
v0:
size: 27 1
(0,0,0.328584422054) (1,0,0.033678284043) (2,0,0.000000000000) (3,0,0.612237829252) (4,0,0.380365534152) (5,0,0.000000000000) (6,0,-0.067762567554) (7,0,-0.734706100137) (8,0,0.000000000000) (9,0,0.341626156189) (10,0,0.174017847353) (11,0,0.000000000000) (12,0,-0.830416079350) (13,0,0.468855929048) (14,0,0.000000000000) (15,0,0.610370948259) (16,0,-0.076405344362) (17,0,0.000000000000) (18,0,-0.428786359480) (19,0,0.421676299654) (20,0,0.000000000000) (21,0,0.018729955452) (22,0,-0.810150376915) (23,0,0.000000000000) (24,0,0.170445910448) (25,0,-0.248024776879) (26,0,0.000000000000) 
ipopt_sol:
size: 16 1
(0,0,0.179946637596) (1,0,0.000000000000) (2,0,0.606792962721) (3,0,0.877031928752) (4,0,0.007578172392) (5,0,1.288460485151) (6,0,0.000000000000) (7,0,0.000000000000) (8,0,0.424551683554) (9,0,0.000000000000) (10,0,0.304523634501) (11,0,0.470788437841) (12,0,0.395708374155) (13,0,0.441485281539) (14,0,0.973927898564) (15,0,0.180111583271) 
policy_sol:
size: 16 1
(0,0,0.179946632208) (1,0,0.000000000000) (2,0,0.606792955384) (3,0,0.877031923080) (4,0,0.007578171846) (5,0,1.288460468624) (6,0,0.000000000000) (7,0,0.000000000000) (8,0,0.424551696730) (9,0,0.000000000000) (10,0,0.304523642124) (11,0,0.470788426106) (12,0,0.395708364482) (13,0,0.441485285112) (14,0,0.973927904085) (15,0,0.180111580500) 

policy_converges:
1
ipopt_converges:
0
