solve status: 0
N:
size: 27 12
(3,0,-0.000249890270) (4,0,-0.999999968777) (6,0,0.000249890270) (7,0,0.999999968777) (3,1,-0.704507633595) (4,1,-0.709696409887) (15,1,0.704507633595) (16,1,0.709696409887) (6,2,-0.704858648460) (7,2,0.709347788952) (12,2,0.704858648460) (13,2,-0.709347788952) (6,3,-0.999999800606) (7,3,0.000631495858) (24,3,0.999999800606) (25,3,-0.000631495858) (9,4,0.001295996317) (10,4,-0.999999160196) (15,4,-0.001295996317) (16,4,0.999999160196) (9,5,-0.709368192780) (10,5,-0.704838114089) (21,5,0.709368192780) (22,5,0.704838114089) (12,6,-0.002007265979) (13,6,-0.999997985440) (15,6,0.002007265979) (16,6,0.999997985440) (12,7,-0.999995525853) (13,7,0.002991366528) (21,7,0.999995525853) (22,7,-0.002991366528) (12,8,-0.709053281356) (13,8,-0.705154907944) (24,8,0.709053281356) (25,8,0.705154907944) (15,9,-0.707854109566) (16,9,0.706358662133) (21,9,0.707854109566) (22,9,-0.706358662133) (15,10,-0.999999562944) (16,10,-0.000934939164) (24,10,0.999999562944) (25,10,0.000934939164) (18,11,-0.002235273456) (19,11,-0.999997501773) (21,11,0.002235273456) (22,11,0.999997501773) 
Q:
size: 12 12
(0,0,2.000000000000) (1,0,0.709872437332) (2,0,0.709171629486) (3,0,0.000381605618) (0,1,0.709872437332) (1,1,2.000000000000) (4,1,0.708782774583) (6,1,0.711109114366) (9,1,0.002611582948) (10,1,-0.705170848654) (0,2,0.709171629486) (2,2,2.000000000000) (3,2,0.705306458107) (6,2,0.707931521143) (7,2,-0.706977414052) (8,2,0.000417737236) (0,3,0.000381605618) (2,3,0.705306458107) (3,3,2.000000000000) (8,3,0.708607837572) (10,3,0.999998773141) (1,4,0.708782774583) (4,4,2.000000000000) (5,4,0.703918183598) (6,4,0.999994544228) (9,4,0.707275445249) (10,4,0.000361057372) (4,5,0.703918183598) (5,5,2.000000000000) (7,5,0.707256589820) (9,5,0.004260683166) (11,5,0.706421985136) (1,6,0.711109114366) (2,6,0.707931521143) (4,6,0.999994544228) (6,6,2.000000000000) (7,6,-0.000984103503) (8,6,0.706576745896) (9,6,0.704936387658) (10,6,-0.002942202383) (2,7,-0.706977414052) (5,7,0.707256589820) (6,7,-0.000984103503) (7,7,2.000000000000) (8,7,0.706940732159) (9,7,0.709963920182) (11,7,-0.000756095600) (2,8,0.000417737236) (3,8,0.708607837572) (6,8,0.706576745896) (7,8,0.706940732159) (8,8,2.000000000000) (10,8,0.709712248401) (1,9,0.002611582948) (4,9,0.707275445249) (5,9,0.004260683166) (6,9,0.704936387658) (7,9,0.709963920182) (9,9,2.000000000000) (10,9,0.707193397817) (11,9,-0.704774649987) (1,10,-0.705170848654) (3,10,0.999998773141) (4,10,0.000361057372) (6,10,-0.002942202383) (8,10,0.709712248401) (9,10,0.707193397817) (10,10,2.000000000000) (5,11,0.706421985136) (7,11,-0.000756095600) (9,11,-0.704774649987) (11,11,2.000000000000) 
Minv:
size: 27 27
(0,0,1.000000000000) (1,1,1.000000000000) (2,2,2.000000000000) (3,3,1.000000000000) (4,4,1.000000000000) (5,5,2.000000000000) (6,6,1.000000000000) (7,7,1.000000000000) (8,8,2.000000000000) (9,9,1.000000000000) (10,10,1.000000000000) (11,11,2.000000000000) (12,12,1.000000000000) (13,13,1.000000000000) (14,14,2.000000000000) (15,15,1.000000000000) (16,16,1.000000000000) (17,17,2.000000000000) (18,18,1.000000000000) (19,19,1.000000000000) (20,20,2.000000000000) (21,21,1.000000000000) (22,22,1.000000000000) (23,23,2.000000000000) (24,24,1.000000000000) (25,25,1.000000000000) (26,26,2.000000000000) 
v0:
size: 27 1
(0,0,0.308674277426) (1,0,-0.030192696166) (2,0,0.000000000000) (3,0,-0.435857609422) (4,0,0.804539551039) (5,0,0.000000000000) (6,0,0.208430253992) (7,0,0.198460501707) (8,0,0.000000000000) (9,0,0.551973793072) (10,0,-0.054592195021) (11,0,0.000000000000) (12,0,-0.205113220278) (13,0,0.644636961280) (14,0,0.000000000000) (15,0,0.699081897451) (16,0,-0.836229067799) (17,0,0.000000000000) (18,0,0.602621820971) (19,0,-0.729362355298) (20,0,0.000000000000) (21,0,-0.459271600518) (22,0,-0.980604984706) (23,0,0.000000000000) (24,0,-0.853560206526) (25,0,0.822931433626) (26,0,0.000000000000) 
ipopt_sol:
size: 12 1
(0,0,0.542613533035) (1,0,0.178172318517) (2,0,0.000000000000) (3,0,0.339044512745) (4,0,0.000000000000) (5,0,1.370034436220) (6,0,1.417826032411) (7,0,0.000000000000) (8,0,0.000000000000) (9,0,0.000000000000) (10,0,1.446474898040) (11,0,0.000000000000) 
policy_sol:
size: 12 1
(0,0,0.542613528536) (1,0,0.178172321207) (2,0,0.000000000000) (3,0,0.339044507428) (4,0,0.000000000000) (5,0,1.370034425611) (6,0,1.417826015857) (7,0,0.000000000000) (8,0,0.000000000000) (9,0,0.000000000000) (10,0,1.446474894537) (11,0,0.000000000000) 

policy_converges:
1
ipopt_converges:
0
