solve status: 0
N:
size: 27 12
(0,0,-0.999976170738) (1,0,-0.006903474264) (9,0,0.999976170738) (10,0,0.006903474264) (3,1,-0.707171789351) (4,1,0.707041767045) (9,1,0.707171789351) (10,1,-0.707041767045) (3,2,-0.999999766914) (4,2,-0.000682767948) (12,2,0.999999766914) (13,2,0.000682767948) (3,3,-0.707019972309) (4,3,-0.707193579408) (15,3,0.707019972309) (16,3,0.707193579408) (6,4,-0.707227973765) (7,4,0.706985567833) (12,4,0.707227973765) (13,4,-0.706985567833) (6,5,-0.999998482305) (7,5,-0.001742236406) (15,5,0.999998482305) (16,5,0.001742236406) (6,6,-0.999998322182) (7,6,0.001831838919) (24,6,0.999998322182) (25,6,-0.001831838919) (9,7,0.005219965469) (10,7,-0.999986375887) (12,7,-0.005219965469) (13,7,0.999986375887) (9,8,0.000603741325) (10,8,-0.999999817748) (15,8,-0.000603741325) (16,8,0.999999817748) (12,9,-0.004022398167) (13,9,-0.999991910124) (15,9,0.004022398167) (16,9,0.999991910124) (12,10,-0.710127960718) (13,10,-0.704072637877) (24,10,0.710127960718) (25,10,0.704072637877) (21,11,-0.004314211216) (22,11,-0.999990693747) (24,11,0.004314211216) (25,11,0.999990693747) 
Q:
size: 12 12
(0,0,2.000000000000) (1,0,0.702273893326) (7,0,-0.001683539129) (8,0,-0.006299746068) (0,1,0.702273893326) (1,1,2.000000000000) (2,1,0.706688879062) (3,1,-0.000030819103) (7,1,0.710723546550) (8,1,0.707468587019) (1,2,0.706688879062) (2,2,2.000000000000) (3,2,0.707502656622) (4,2,0.706745101835) (7,2,-0.004537205606) (9,2,-0.004705159655) (10,2,-0.710608513427) (1,3,-0.000030819103) (2,3,0.707502656622) (3,3,2.000000000000) (5,3,0.708250997669) (8,3,0.706766593346) (9,3,0.710031774140) (2,4,0.706745101835) (4,4,2.000000000000) (5,4,0.705995164414) (6,4,0.708521870844) (7,4,-0.710667641384) (9,4,0.704135095901) (10,4,-0.004453165088) (3,5,0.708250997669) (4,5,0.705995164414) (5,5,2.000000000000) (6,5,0.999993612993) (8,5,0.001138495680) (9,5,0.005764614374) (4,6,0.708521870844) (5,6,0.999993612993) (6,6,2.000000000000) (10,6,0.708837021592) (11,6,0.002482382106) (0,7,-0.001683539129) (1,7,0.710723546550) (2,7,-0.004537205606) (4,7,-0.710667641384) (7,7,2.000000000000) (8,7,0.999989345147) (9,7,-0.999957289342) (10,7,-0.700356202078) (0,8,-0.006299746068) (1,8,0.707468587019) (3,8,0.706766593346) (5,8,0.001138495680) (7,8,0.999989345147) (8,8,2.000000000000) (9,8,0.999989299385) (2,9,-0.004705159655) (3,9,0.710031774140) (4,9,0.704135095901) (5,9,0.005764614374) (7,9,-0.999957289342) (8,9,0.999989299385) (9,9,2.000000000000) (10,9,0.706923359424) (2,10,-0.710608513427) (4,10,-0.004453165088) (6,10,0.708837021592) (7,10,-0.700356202078) (9,10,0.706923359424) (10,10,2.000000000000) (11,10,0.707129727612) (6,11,0.002482382106) (10,11,0.707129727612) (11,11,2.000000000000) 
Minv:
size: 27 27
(0,0,1.000000000000) (1,1,1.000000000000) (2,2,2.000000000000) (3,3,1.000000000000) (4,4,1.000000000000) (5,5,2.000000000000) (6,6,1.000000000000) (7,7,1.000000000000) (8,8,2.000000000000) (9,9,1.000000000000) (10,10,1.000000000000) (11,11,2.000000000000) (12,12,1.000000000000) (13,13,1.000000000000) (14,14,2.000000000000) (15,15,1.000000000000) (16,16,1.000000000000) (17,17,2.000000000000) (18,18,1.000000000000) (19,19,1.000000000000) (20,20,2.000000000000) (21,21,1.000000000000) (22,22,1.000000000000) (23,23,2.000000000000) (24,24,1.000000000000) (25,25,1.000000000000) (26,26,2.000000000000) 
v0:
size: 27 1
(0,0,-0.372364698403) (1,0,-0.635277698012) (2,0,0.000000000000) (3,0,0.463862004847) (4,0,0.199447633281) (5,0,0.000000000000) (6,0,0.454165230951) (7,0,0.841726263355) (8,0,0.000000000000) (9,0,-0.661052014723) (10,0,0.779347425109) (11,0,0.000000000000) (12,0,0.160981241394) (13,0,0.640747514813) (14,0,0.000000000000) (15,0,-0.868262016515) (16,0,0.169558079581) (17,0,0.000000000000) (18,0,0.316791691385) (19,0,-0.468638988699) (20,0,0.000000000000) (21,0,0.812537734789) (22,0,0.317637814968) (23,0,0.000000000000) (24,0,-0.230310729036) (25,0,-0.018259216069) (26,0,0.000000000000) 
ipopt_sol:
size: 12 1
(0,0,0.000000000000) (1,0,1.205529378299) (2,0,0.000000000000) (3,0,0.553588876961) (4,0,0.000000000000) (5,0,1.127474076068) (6,0,0.000000000000) (7,0,0.000000000000) (8,0,0.000000000000) (9,0,0.028557528547) (10,0,0.698761890842) (11,0,0.093335320879) 
policy_sol:
size: 12 1
(0,0,0.000000000000) (1,0,1.205529364165) (2,0,0.000000000000) (3,0,0.553588874184) (4,0,0.000000000000) (5,0,1.127474068529) (6,0,0.000000000000) (7,0,0.000000000000) (8,0,0.000000000000) (9,0,0.028557523974) (10,0,0.698761896732) (11,0,0.093335318784) 

policy_converges:
1
ipopt_converges:
0
