solve status: 0
N:
size: 27 9
(3,0,-0.008138068146) (4,0,-0.999966885375) (6,0,0.008138068146) (7,0,0.999966885375) (3,1,-0.999997714985) (4,1,0.002137761775) (12,1,0.999997714985) (13,1,-0.002137761775) (3,2,-0.709425652382) (4,2,-0.704780280472) (15,2,0.709425652382) (16,2,0.704780280472) (9,3,-0.999989317192) (10,3,-0.004622283219) (18,3,0.999989317192) (19,3,0.004622283219) (12,4,-0.001931697443) (13,4,-0.999998134271) (15,4,0.001931697443) (16,4,0.999998134271) (12,5,-0.705179666355) (13,5,-0.709028658208) (24,5,0.705179666355) (25,5,0.709028658208) (15,6,-0.704424321400) (16,6,0.709779103257) (21,6,0.704424321400) (22,6,-0.709779103257) (18,7,-0.000057921724) (19,7,-0.999999998323) (24,7,0.000057921724) (25,7,0.999999998323) (21,8,-0.006036199053) (22,8,-0.999981781985) (24,8,0.006036199053) (25,8,0.999981781985) 
Q:
size: 9 9
(0,0,2.000000000000) (1,0,0.006000358567) (2,0,0.710530296241) (0,1,0.006000358567) (1,1,2.000000000000) (2,1,0.707917378990) (4,1,0.000206064757) (5,1,-0.703662320646) (0,2,0.710530296241) (1,2,0.707917378990) (2,2,2.000000000000) (4,2,0.706149361262) (6,2,0.000501631705) (3,3,2.000000000000) (7,3,-0.004680204316) (1,4,0.000206064757) (2,4,0.706149361262) (4,4,2.000000000000) (5,4,0.710389529110) (6,4,0.708417044341) (1,5,-0.703662320646) (4,5,0.710389529110) (5,5,2.000000000000) (7,5,0.709069502240) (8,5,0.713272345947) (2,6,0.000501631705) (4,6,0.708417044341) (6,6,2.000000000000) (8,6,0.705514127069) (3,7,-0.004680204316) (5,7,0.709069502240) (7,7,2.000000000000) (8,7,0.999982129934) (5,8,0.713272345947) (6,8,0.705514127069) (7,8,0.999982129934) (8,8,2.000000000000) 
Minv:
size: 27 27
(0,0,1.000000000000) (1,1,1.000000000000) (2,2,2.000000000000) (3,3,1.000000000000) (4,4,1.000000000000) (5,5,2.000000000000) (6,6,1.000000000000) (7,7,1.000000000000) (8,8,2.000000000000) (9,9,1.000000000000) (10,10,1.000000000000) (11,11,2.000000000000) (12,12,1.000000000000) (13,13,1.000000000000) (14,14,2.000000000000) (15,15,1.000000000000) (16,16,1.000000000000) (17,17,2.000000000000) (18,18,1.000000000000) (19,19,1.000000000000) (20,20,2.000000000000) (21,21,1.000000000000) (22,22,1.000000000000) (23,23,2.000000000000) (24,24,1.000000000000) (25,25,1.000000000000) (26,26,2.000000000000) 
v0:
size: 27 1
(0,0,-0.875847777245) (1,0,-0.209892033260) (2,0,0.000000000000) (3,0,0.181339842021) (4,0,0.787697498074) (5,0,0.000000000000) (6,0,-0.979661395002) (7,0,0.638975074611) (8,0,0.000000000000) (9,0,-0.689226367892) (10,0,-0.949033109635) (11,0,0.000000000000) (12,0,-0.321818000489) (13,0,0.403734201277) (14,0,0.000000000000) (15,0,-0.764216189588) (16,0,-0.718159196052) (17,0,0.000000000000) (18,0,-0.947722688739) (19,0,-0.254563184448) (20,0,0.000000000000) (21,0,0.231505454509) (22,0,0.647689500035) (23,0,0.000000000000) (24,0,-0.239762719500) (25,0,-0.758349724023) (26,0,0.000000000000) 
ipopt_sol:
size: 9 1
(0,0,0.000000000000) (1,0,0.000000000000) (2,0,1.536960674850) (3,0,0.255283522676) (4,0,0.552685170511) (5,0,0.077137446778) (6,0,0.000000000000) (7,0,0.000000000000) (8,0,1.381348282035) 
policy_sol:
size: 9 1
(0,0,0.000000000000) (1,0,0.000000000000) (2,0,1.536960668851) (3,0,0.255283522699) (4,0,0.552685167413) (5,0,0.077137451490) (6,0,0.000000000000) (7,0,0.000000000000) (8,0,1.381348271828) 

policy_converges:
1
ipopt_converges:
0
