solve status: 0
N:
size: 27 16
(0,0,0.001980294350) (1,0,-0.999998039215) (3,0,-0.001980294350) (4,0,0.999998039215) (0,1,-0.000839009185) (1,1,-0.999999648032) (6,1,0.000839009185) (7,1,0.999999648032) (0,2,-0.999999633786) (1,2,0.000855819826) (9,2,0.999999633786) (10,2,-0.000855819826) (0,3,-0.707790149166) (1,3,-0.706422752142) (12,3,0.707790149166) (13,3,0.706422752142) (0,4,-0.999996526180) (1,4,0.002635835248) (18,4,0.999996526180) (19,4,-0.002635835248) (3,5,-0.003666108130) (4,5,-0.999993279803) (6,5,0.003666108130) (7,5,0.999993279803) (3,6,-0.999999014262) (4,6,0.001404092307) (12,6,0.999999014262) (13,6,-0.001404092307) (3,7,-0.707389810090) (4,7,-0.706823638952) (15,7,0.707389810090) (16,7,0.706823638952) (3,8,-0.999999469644) (4,8,0.001029908293) (21,8,0.999999469644) (22,8,-0.001029908293) (9,9,-0.005125701670) (10,9,-0.999986863505) (12,9,0.005125701670) (13,9,0.999986863505) (9,10,-0.999990336564) (10,10,0.004396223324) (18,10,0.999990336564) (19,10,-0.004396223324) (9,11,-0.707398226046) (10,11,-0.706815216154) (21,11,0.707398226046) (22,11,0.706815216154) (12,12,-0.706222734326) (13,12,0.707989724163) (18,12,0.706222734326) (19,12,-0.707989724163) (12,13,-0.999999786985) (13,13,0.000652710211) (21,13,0.999999786985) (22,13,-0.000652710211) (15,14,-0.705448343271) (16,14,0.708761338517) (21,14,0.705448343271) (22,14,-0.708761338517) (18,15,0.006845330549) (19,15,-0.999976570450) (21,15,-0.006845330549) (22,15,0.999976570450) 
Q:
size: 16 16
(0,0,2.000000000000) (1,0,0.999996025762) (2,0,-0.002836111773) (3,0,0.705019734166) (4,0,-0.004616117551) (5,0,-0.999984059058) (6,0,0.003384381952) (7,0,-0.705421412979) (8,0,0.003010199573) (0,1,0.999996025762) (1,1,2.000000000000) (2,1,-0.000016810646) (3,1,0.707016345940) (4,1,-0.001796828049) (5,1,0.999996003736) (0,2,-0.002836111773) (1,2,-0.000016810646) (2,2,2.000000000000) (3,2,0.707185319366) (4,2,0.999998415768) (9,2,-0.004269891210) (10,2,-0.999993732728) (11,2,-0.706793060512) (0,3,0.705019734166) (1,3,0.707016345940) (2,3,0.707185319366) (3,3,2.000000000000) (4,3,0.705925676440) (6,3,0.706797568718) (9,3,0.710041393373) (12,3,0.000282554959) (13,3,-0.707328909052) (0,4,-0.004616117551) (1,4,-0.001796828049) (2,4,0.999998415768) (3,4,0.705925676440) (4,4,2.000000000000) (10,4,0.999998450498) (12,4,0.708086425306) (15,4,0.009481080261) (0,5,-0.999984059058) (1,5,0.999996003736) (5,5,2.000000000000) (6,5,0.002262021644) (7,5,0.709412256491) (8,5,0.002636204814) (0,6,0.003384381952) (3,6,0.706797568718) (5,6,0.002262021644) (6,6,2.000000000000) (7,6,0.706396667155) (8,6,0.999999929993) (9,6,0.003721622755) (12,6,-0.707216121101) (13,6,-0.999999717712) (0,7,-0.705421412979) (5,7,0.709412256491) (6,7,0.706396667155) (7,7,2.000000000000) (8,7,0.706661471394) (14,7,0.001942298865) (0,8,0.003010199573) (5,8,0.002636204814) (6,8,0.999999929993) (7,8,0.706661471394) (8,8,2.000000000000) (11,8,0.706669896021) (13,8,0.999999928861) (14,8,0.706177928312) (15,8,-0.007875211081) (2,9,-0.004269891210) (3,9,0.710041393373) (6,9,0.003721622755) (9,9,2.000000000000) (10,9,0.000729486566) (11,9,0.710431843348) (12,9,0.704360536611) (13,9,-0.004472998942) (2,10,-0.999993732728) (4,10,0.999998450498) (9,10,0.000729486566) (10,10,2.000000000000) (11,10,0.704284072609) (12,10,0.709328390726) (15,10,0.011241384721) (2,11,-0.706793060512) (8,11,0.706669896021) (9,11,0.710431843348) (10,11,0.704284072609) (11,11,2.000000000000) (13,11,0.706936729851) (14,11,-0.001930392089) (15,11,0.701956281105) (3,12,0.000282554959) (4,12,0.708086425306) (6,12,-0.707216121101) (9,12,0.704360536611) (10,12,0.709328390726) (12,12,2.000000000000) (13,12,0.706684696012) (15,12,0.712807464341) (3,13,-0.707328909052) (6,13,-0.999999717712) (8,13,0.999999928861) (9,13,-0.004472998942) (11,13,0.706936729851) (12,13,0.706684696012) (13,13,2.000000000000) (14,13,0.705910808762) (15,13,-0.007498024008) (7,14,0.001942298865) (8,14,0.706177928312) (11,14,-0.001930392089) (13,14,0.705910808762) (14,14,2.000000000000) (15,14,-0.713573759653) (4,15,0.009481080261) (8,15,-0.007875211081) (10,15,0.011241384721) (11,15,0.701956281105) (12,15,0.712807464341) (13,15,-0.007498024008) (14,15,-0.713573759653) (15,15,2.000000000000) 
Minv:
size: 27 27
(0,0,1.000000000000) (1,1,1.000000000000) (2,2,2.000000000000) (3,3,1.000000000000) (4,4,1.000000000000) (5,5,2.000000000000) (6,6,1.000000000000) (7,7,1.000000000000) (8,8,2.000000000000) (9,9,1.000000000000) (10,10,1.000000000000) (11,11,2.000000000000) (12,12,1.000000000000) (13,13,1.000000000000) (14,14,2.000000000000) (15,15,1.000000000000) (16,16,1.000000000000) (17,17,2.000000000000) (18,18,1.000000000000) (19,19,1.000000000000) (20,20,2.000000000000) (21,21,1.000000000000) (22,22,1.000000000000) (23,23,2.000000000000) (24,24,1.000000000000) (25,25,1.000000000000) (26,26,2.000000000000) 
v0:
size: 27 1
(0,0,0.811914000649) (1,0,0.536305761772) (2,0,0.000000000000) (3,0,0.697703356385) (4,0,0.470862693786) (5,0,0.000000000000) (6,0,-0.664930197599) (7,0,0.239398617147) (8,0,0.000000000000) (9,0,0.231993421983) (10,0,-0.027751979514) (11,0,0.000000000000) (12,0,-0.229603365911) (13,0,-0.165634911852) (14,0,0.000000000000) (15,0,-0.017368351538) (16,0,0.309024157533) (17,0,0.000000000000) (18,0,-0.841283577917) (19,0,0.980276128781) (20,0,0.000000000000) (21,0,-0.787531712885) (22,0,-0.171838549896) (23,0,0.000000000000) (24,0,0.704852151382) (25,0,0.900703690579) (26,0,0.000000000000) 
ipopt_sol:
size: 16 1
(0,0,0.000000000000) (1,0,0.000000000000) (2,0,0.984803338344) (3,0,0.881626954262) (4,0,0.000000000000) (5,0,0.226465977698) (6,0,0.008898227500) (7,0,0.022736324512) (8,0,1.454612151438) (9,0,0.000000000000) (10,0,1.434214032721) (11,0,0.000000000000) (12,0,0.366633641965) (13,0,0.000000000000) (14,0,0.060262481466) (15,0,1.040953315363) 
policy_sol:
size: 16 1
(0,0,0.000000000000) (1,0,0.000000000000) (2,0,0.984803339299) (3,0,0.881626935892) (4,0,0.000000000000) (5,0,0.226465976178) (6,0,0.008898247251) (7,0,0.022736328808) (8,0,1.454612131026) (9,0,0.000000000000) (10,0,1.434214024441) (11,0,0.000000000000) (12,0,0.366633642745) (13,0,0.000000000000) (14,0,0.060262484654) (15,0,1.040953312664) 

policy_converges:
1
ipopt_converges:
0
