solve status: 0
N:
size: 27 12
(0,0,-0.002597596406) (1,0,-0.999996626241) (3,0,0.002597596406) (4,0,0.999996626241) (0,1,-0.706704996661) (1,1,-0.707508337544) (12,1,0.706704996661) (13,1,0.707508337544) (3,2,-0.999990380762) (4,2,0.004386158152) (12,2,0.999990380762) (13,2,-0.004386158152) (3,3,-0.999998661108) (4,3,0.001636392784) (21,3,0.999998661108) (22,3,-0.001636392784) (6,4,-0.704660603048) (7,4,0.709544526095) (12,4,0.704660603048) (13,4,-0.709544526095) (6,5,-0.999970389325) (7,5,0.007695483920) (15,5,0.999970389325) (16,5,-0.007695483920) (6,6,-0.999998428295) (7,6,0.001772965931) (24,6,0.999998428295) (25,6,-0.001772965931) (9,7,-0.999983348929) (10,7,-0.005770776751) (18,7,0.999983348929) (19,7,0.005770776751) (9,8,-0.706754472335) (10,8,-0.707458914591) (21,8,0.706754472335) (22,8,0.707458914591) (12,9,-0.999999396840) (13,9,-0.001098325594) (21,9,0.999999396840) (22,9,0.001098325594) (15,10,-0.709267419051) (16,10,0.704939521004) (21,10,0.709267419051) (22,10,-0.704939521004) (15,11,-0.999991255664) (16,11,-0.004181936919) (24,11,0.999991255664) (25,11,0.004181936919) 
Q:
size: 12 12
(0,0,2.000000000000) (1,0,0.709341684940) (2,0,0.001788571935) (3,0,-0.000961205665) (0,1,0.709341684940) (1,1,2.000000000000) (2,1,0.703594955236) (4,1,-0.004021498946) (9,1,-0.707481644920) (0,2,0.001788571935) (1,2,0.703594955236) (2,2,2.000000000000) (3,2,0.999996219361) (4,2,0.707765999258) (9,2,-0.999984960178) (0,3,-0.000961205665) (2,3,0.999996219361) (3,3,2.000000000000) (8,3,0.705595845405) (9,3,0.999996260657) (10,3,0.710420027364) (1,4,-0.004021498946) (2,4,0.707765999258) (4,4,2.000000000000) (5,4,0.710100026063) (6,4,0.705917493801) (9,4,-0.703880867112) (4,5,0.710100026063) (5,5,2.000000000000) (6,5,0.999982461497) (10,5,-0.714671267912) (11,5,-0.999929463219) (4,6,0.705917493801) (5,6,0.999982461497) (6,6,2.000000000000) (11,6,0.999982269540) (7,7,2.000000000000) (8,7,0.710825291573) (3,8,0.705595845405) (7,8,0.710825291573) (8,8,2.000000000000) (9,8,0.707531066282) (10,8,0.002562172114) (1,9,-0.707481644920) (2,9,-0.999984960178) (3,9,0.999996260657) (4,9,-0.703880867112) (8,9,0.707531066282) (9,9,2.000000000000) (10,9,0.708492738131) (3,10,0.710420027364) (5,10,-0.714671267912) (8,10,0.002562172114) (9,10,0.708492738131) (10,10,2.000000000000) (11,10,0.706313204369) (5,11,-0.999929463219) (6,11,0.999982269540) (10,11,0.706313204369) (11,11,2.000000000000) 
Minv:
size: 27 27
(0,0,1.000000000000) (1,1,1.000000000000) (2,2,2.000000000000) (3,3,1.000000000000) (4,4,1.000000000000) (5,5,2.000000000000) (6,6,1.000000000000) (7,7,1.000000000000) (8,8,2.000000000000) (9,9,1.000000000000) (10,10,1.000000000000) (11,11,2.000000000000) (12,12,1.000000000000) (13,13,1.000000000000) (14,14,2.000000000000) (15,15,1.000000000000) (16,16,1.000000000000) (17,17,2.000000000000) (18,18,1.000000000000) (19,19,1.000000000000) (20,20,2.000000000000) (21,21,1.000000000000) (22,22,1.000000000000) (23,23,2.000000000000) (24,24,1.000000000000) (25,25,1.000000000000) (26,26,2.000000000000) 
v0:
size: 27 1
(0,0,0.622643139381) (1,0,0.971073361937) (2,0,0.000000000000) (3,0,0.724713096031) (4,0,-0.186222969642) (5,0,0.000000000000) (6,0,0.978961866860) (7,0,0.763670407415) (8,0,0.000000000000) (9,0,0.974364754424) (10,0,-0.598668920262) (11,0,0.000000000000) (12,0,-0.719054818630) (13,0,-0.298131297606) (14,0,0.000000000000) (15,0,0.956453060349) (16,0,0.831000138560) (17,0,0.000000000000) (18,0,0.709693364759) (19,0,-0.284176999535) (20,0,0.000000000000) (21,0,-0.751121027297) (22,0,-0.193648537137) (23,0,0.000000000000) (24,0,-0.286657202586) (25,0,0.205460262385) (26,0,0.000000000000) 
ipopt_sol:
size: 12 1
(0,0,0.620513461201) (1,0,1.509005103488) (2,0,1.469013362149) (3,0,0.000000000000) (4,0,0.021902789845) (5,0,0.850711251641) (6,0,0.000000000000) (7,0,0.083928271621) (8,0,0.503425667150) (9,0,1.129857610191) (10,0,0.000000000000) (11,0,1.671040992190) 
policy_sol:
size: 12 1
(0,0,0.620513462067) (1,0,1.509005101087) (2,0,1.469013350518) (3,0,0.000000000000) (4,0,0.021902786391) (5,0,0.850711245703) (6,0,0.000000000000) (7,0,0.083928270536) (8,0,0.503425670198) (9,0,1.129857592725) (10,0,0.000000000000) (11,0,1.671040980698) 

policy_converges:
1
ipopt_converges:
0
