solve status: 0
N:
size: 27 10
(3,0,-0.707561948238) (4,0,0.706651320954) (9,0,0.707561948238) (10,0,-0.706651320954) (3,1,-0.999990655232) (4,1,-0.004323129531) (12,1,0.999990655232) (13,1,0.004323129531) (3,2,-0.702864457848) (4,2,-0.711323803830) (15,2,0.702864457848) (16,2,0.711323803830) (6,3,-0.708480268385) (7,3,0.705730620923) (12,3,0.708480268385) (13,3,-0.705730620923) (6,4,-0.999986598843) (7,4,-0.005177077694) (15,4,0.999986598843) (16,4,0.005177077694) (6,5,-0.999999999988) (7,5,0.000004946443) (24,5,0.999999999988) (25,5,-0.000004946443) (9,6,-0.999999997402) (10,6,-0.000072085617) (18,6,0.999999997402) (19,6,0.000072085617) (12,7,0.004841792659) (13,7,-0.999988278453) (15,7,-0.004841792659) (16,7,0.999988278453) (15,8,-0.999986805829) (16,8,0.005136941516) (24,8,0.999986805829) (25,8,-0.005136941516) (18,9,-0.006541416809) (19,9,-0.999978604704) (21,9,0.006541416809) (22,9,0.999978604704) 
Q:
size: 10 10
(0,0,2.000000000000) (1,0,0.704500391041) (2,0,-0.005337760461) (6,0,-0.707511007003) (0,1,0.704500391041) (1,1,2.000000000000) (2,1,0.705933034685) (3,1,0.705422682913) (7,1,0.000518668556) (0,2,-0.005337760461) (1,2,0.705933034685) (2,2,2.000000000000) (4,2,0.706537617249) (7,2,0.707912342042) (8,2,-0.699201155354) (1,3,0.705422682913) (3,3,2.000000000000) (4,3,0.704817151675) (5,3,0.708483759233) (7,3,0.709152663231) (2,4,0.706537617249) (3,4,0.704817151675) (4,4,2.000000000000) (5,4,0.999986573223) (7,4,0.000335289238) (8,4,-0.999946810504) (3,5,0.708483759233) (4,5,0.999986573223) (5,5,2.000000000000) (8,5,0.999986831226) (0,6,-0.707511007003) (6,6,2.000000000000) (9,6,-0.006613500867) (1,7,0.000518668556) (2,7,0.707912342042) (3,7,0.709152663231) (4,7,0.000335289238) (7,7,2.000000000000) (8,7,0.009978610078) (2,8,-0.699201155354) (4,8,-0.999946810504) (5,8,0.999986831226) (7,8,0.009978610078) (8,8,2.000000000000) (6,9,-0.006613500867) (9,9,2.000000000000) 
Minv:
size: 27 27
(0,0,1.000000000000) (1,1,1.000000000000) (2,2,2.000000000000) (3,3,1.000000000000) (4,4,1.000000000000) (5,5,2.000000000000) (6,6,1.000000000000) (7,7,1.000000000000) (8,8,2.000000000000) (9,9,1.000000000000) (10,10,1.000000000000) (11,11,2.000000000000) (12,12,1.000000000000) (13,13,1.000000000000) (14,14,2.000000000000) (15,15,1.000000000000) (16,16,1.000000000000) (17,17,2.000000000000) (18,18,1.000000000000) (19,19,1.000000000000) (20,20,2.000000000000) (21,21,1.000000000000) (22,22,1.000000000000) (23,23,2.000000000000) (24,24,1.000000000000) (25,25,1.000000000000) (26,26,2.000000000000) 
v0:
size: 27 1
(0,0,-0.894873722028) (1,0,-0.853419746290) (2,0,0.000000000000) (3,0,-0.170558413524) (4,0,-0.764114030159) (5,0,0.000000000000) (6,0,0.877251851458) (7,0,0.191027724827) (8,0,0.000000000000) (9,0,-0.069776186547) (10,0,-0.467569008996) (11,0,0.000000000000) (12,0,-0.767899419064) (13,0,0.608009424625) (14,0,0.000000000000) (15,0,-0.798226362890) (16,0,-0.733654384603) (17,0,0.000000000000) (18,0,-0.082521378071) (19,0,0.063114185399) (20,0,0.000000000000) (21,0,0.468581555477) (22,0,0.034538807493) (23,0,0.000000000000) (24,0,-0.967976739329) (25,0,0.939885367401) (26,0,0.000000000000) 
ipopt_sol:
size: 10 1
(0,0,0.000000000000) (1,0,0.591057556768) (2,0,0.000000000000) (3,0,0.000000000000) (4,0,2.354394870274) (5,0,0.000000000000) (6,0,0.012789641990) (7,0,1.334223580725) (8,0,1.348822986218) (9,0,0.025012064691) 
policy_sol:
size: 10 1
(0,0,0.000000000000) (1,0,0.591057546192) (2,0,0.000000000000) (3,0,0.000000000000) (4,0,2.354394853232) (5,0,0.000000000000) (6,0,0.012789645522) (7,0,1.334223573696) (8,0,1.348822976233) (9,0,0.025012064700) 

policy_converges:
1
ipopt_converges:
0
