solve status: 0
N:
size: 27 10
(0,0,-0.999985013998) (1,0,-0.005474648874) (9,0,0.999985013998) (10,0,0.005474648874) (0,1,-0.705880738337) (1,1,-0.708330701893) (12,1,0.705880738337) (13,1,0.708330701893) (0,2,-0.999999079914) (1,2,-0.001356529373) (18,2,0.999999079914) (19,2,0.001356529373) (3,3,0.000232879785) (4,3,-0.999999972884) (6,3,-0.000232879785) (7,3,0.999999972884) (3,4,-0.709651935619) (4,4,-0.704552432592) (15,4,0.709651935619) (16,4,0.704552432592) (6,5,-0.999999119200) (7,5,-0.001327252856) (15,5,0.999999119200) (16,5,0.001327252856) (9,6,-0.002478944128) (10,6,-0.999996927413) (15,6,0.002478944128) (16,6,0.999996927413) (9,7,-0.999996148423) (10,7,0.002775452901) (18,7,0.999996148423) (19,7,-0.002775452901) (12,8,-0.002239332868) (13,8,-0.999997492691) (15,8,0.002239332868) (16,8,0.999997492691) (12,9,-0.703719088535) (13,9,0.710478320874) (18,9,0.703719088535) (19,9,-0.710478320874) 
Q:
size: 10 10
(0,0,2.000000000000) (1,0,0.709748021887) (2,0,0.999991520447) (6,0,-0.007953539032) (7,0,-0.999965967848) (0,1,0.709748021887) (1,1,2.000000000000) (2,1,0.706840960269) (8,1,-0.709909627827) (9,1,0.006511857907) (0,2,0.999991520447) (1,2,0.706840960269) (2,2,2.000000000000) (7,2,0.999991463357) (9,2,0.702754656341) (3,3,2.000000000000) (4,3,0.704387149897) (5,3,-0.001094373241) (3,4,0.704387149897) (4,4,2.000000000000) (5,4,0.710586429786) (6,4,0.706309455293) (8,4,0.706139812966) (3,5,-0.001094373241) (4,5,0.710586429786) (5,5,2.000000000000) (6,5,0.003806190723) (8,5,0.003566580424) (0,6,-0.007953539032) (4,6,0.706309455293) (5,6,0.003806190723) (6,6,2.000000000000) (7,6,-0.000296509792) (8,6,0.999999971293) (0,7,-0.999965967848) (2,7,0.999991463357) (6,7,-0.000296509792) (7,7,2.000000000000) (9,7,0.705688277223) (1,8,-0.709909627827) (4,8,0.706139812966) (5,8,0.003566580424) (6,8,0.999999971293) (8,8,2.000000000000) (9,8,-0.708900678200) (1,9,0.006511857907) (2,9,0.702754656341) (7,9,0.705688277223) (8,9,-0.708900678200) (9,9,2.000000000000) 
Minv:
size: 27 27
(0,0,1.000000000000) (1,1,1.000000000000) (2,2,2.000000000000) (3,3,1.000000000000) (4,4,1.000000000000) (5,5,2.000000000000) (6,6,1.000000000000) (7,7,1.000000000000) (8,8,2.000000000000) (9,9,1.000000000000) (10,10,1.000000000000) (11,11,2.000000000000) (12,12,1.000000000000) (13,13,1.000000000000) (14,14,2.000000000000) (15,15,1.000000000000) (16,16,1.000000000000) (17,17,2.000000000000) (18,18,1.000000000000) (19,19,1.000000000000) (20,20,2.000000000000) (21,21,1.000000000000) (22,22,1.000000000000) (23,23,2.000000000000) (24,24,1.000000000000) (25,25,1.000000000000) (26,26,2.000000000000) 
v0:
size: 27 1
(0,0,0.680276061863) (1,0,-0.474946235283) (2,0,0.000000000000) (3,0,0.205595528433) (4,0,0.920469007281) (5,0,0.000000000000) (6,0,0.015217129564) (7,0,0.154265117259) (8,0,0.000000000000) (9,0,0.631625533826) (10,0,-0.173940060274) (11,0,0.000000000000) (12,0,0.267522295239) (13,0,-0.088950304601) (14,0,0.000000000000) (15,0,-0.803877052116) (16,0,-0.641847263969) (17,0,0.000000000000) (18,0,-0.237258369359) (19,0,-0.271260401743) (20,0,0.000000000000) (21,0,0.907089013000) (22,0,-0.213507531752) (23,0,0.000000000000) (24,0,0.481799021489) (25,0,0.307795384620) (26,0,0.000000000000) 
ipopt_sol:
size: 10 1
(0,0,0.000000000000) (1,0,0.000000000000) (2,0,0.643937371528) (3,0,0.176354603977) (4,0,1.675011011519) (5,0,0.225126554305) (6,0,0.000000000000) (7,0,0.546644509900) (8,0,0.000000000000) (9,0,0.000000000000) 
policy_sol:
size: 10 1
(0,0,0.000000000000) (1,0,0.000000000000) (2,0,0.643937354519) (3,0,0.176354607290) (4,0,1.675011002117) (5,0,0.225126557611) (6,0,0.000000000000) (7,0,0.546644519859) (8,0,0.000000000000) (9,0,0.000000000000) 

policy_converges:
1
ipopt_converges:
0
