solve status: 0
N:
size: 27 9
(0,0,0.003834825227) (1,0,-0.999992647031) (6,0,-0.003834825227) (7,0,0.999992647031) (3,1,0.004768267817) (4,1,-0.999988631746) (6,1,-0.004768267817) (7,1,0.999988631746) (3,2,-0.999992127210) (4,2,0.003968062232) (21,2,0.999992127210) (22,2,-0.003968062232) (9,3,-0.003061384845) (10,3,-0.999995313950) (12,3,0.003061384845) (13,3,0.999995313950) (12,4,-0.705037227247) (13,4,0.709170295625) (18,4,0.705037227247) (19,4,-0.709170295625) (12,5,-0.999985361564) (13,5,0.005410790859) (21,5,0.999985361564) (22,5,-0.005410790859) (15,6,-0.705654076545) (16,6,0.708556507454) (21,6,0.705654076545) (22,6,-0.708556507454) (15,7,-0.999997003029) (16,7,-0.002448251097) (24,7,0.999997003029) (25,7,0.002448251097) (18,8,0.004838559938) (19,8,-0.999988294100) (21,8,-0.004838559938) (22,8,0.999988294100) 
Q:
size: 9 9
(0,0,2.000000000000) (1,0,0.999999564334) (0,1,0.999999564334) (1,1,2.000000000000) (2,1,-0.008736247399) (1,2,-0.008736247399) (2,2,2.000000000000) (5,2,0.999998959244) (6,2,0.708460117396) (8,2,-0.008806537627) (3,3,2.000000000000) (4,3,0.707008582135) (5,3,0.002349425473) (3,4,0.707008582135) (4,4,2.000000000000) (5,4,0.708864078757) (8,4,0.712573359031) (2,5,0.999998959244) (3,5,0.002349425473) (4,5,0.708864078757) (5,5,2.000000000000) (6,5,0.709477597947) (8,5,-0.010249216629) (2,6,0.708460117396) (5,6,0.709477597947) (6,6,2.000000000000) (7,6,0.703917237474) (8,6,-0.711962562707) (6,7,0.703917237474) (7,7,2.000000000000) (2,8,-0.008806537627) (4,8,0.712573359031) (5,8,-0.010249216629) (6,8,-0.711962562707) (8,8,2.000000000000) 
Minv:
size: 27 27
(0,0,1.000000000000) (1,1,1.000000000000) (2,2,2.000000000000) (3,3,1.000000000000) (4,4,1.000000000000) (5,5,2.000000000000) (6,6,1.000000000000) (7,7,1.000000000000) (8,8,2.000000000000) (9,9,1.000000000000) (10,10,1.000000000000) (11,11,2.000000000000) (12,12,1.000000000000) (13,13,1.000000000000) (14,14,2.000000000000) (15,15,1.000000000000) (16,16,1.000000000000) (17,17,2.000000000000) (18,18,1.000000000000) (19,19,1.000000000000) (20,20,2.000000000000) (21,21,1.000000000000) (22,22,1.000000000000) (23,23,2.000000000000) (24,24,1.000000000000) (25,25,1.000000000000) (26,26,2.000000000000) 
v0:
size: 27 1
(0,0,-0.759334908004) (1,0,-0.038477256556) (2,0,0.000000000000) (3,0,-0.010154318750) (4,0,0.807258937450) (5,0,0.000000000000) (6,0,-0.674184228055) (7,0,-0.831613235901) (8,0,0.000000000000) (9,0,-0.439556008798) (10,0,0.158636231837) (11,0,0.000000000000) (12,0,0.459263793303) (13,0,-0.586776328844) (14,0,0.000000000000) (15,0,0.632198765934) (16,0,0.351737886739) (17,0,0.000000000000) (18,0,0.505127165831) (19,0,0.593088286323) (20,0,0.000000000000) (21,0,-0.311728594204) (22,0,0.458375575624) (23,0,0.000000000000) (24,0,-0.258579277891) (25,0,0.818500240468) (26,0,0.000000000000) 
ipopt_sol:
size: 9 1
(0,0,0.000000000000) (1,0,1.635687274742) (2,0,0.000000000000) (3,0,0.617696002562) (4,0,0.351705632773) (5,0,0.537988021238) (6,0,0.321066075660) (7,0,0.776630650231) (8,0,0.122501186998) 
policy_sol:
size: 9 1
(0,0,0.000000000000) (1,0,1.635687269791) (2,0,0.000000000000) (3,0,0.617696001563) (4,0,0.351705635616) (5,0,0.537988016224) (6,0,0.321066072835) (7,0,0.776630651226) (8,0,0.122501184997) 

policy_converges:
1
ipopt_converges:
0
