solve status: 0
N:
size: 27 13
(0,0,-0.004735535863) (1,0,-0.999988787287) (3,0,0.004735535863) (4,0,0.999988787287) (3,1,-0.707436538486) (4,1,0.706776870034) (9,1,0.707436538486) (10,1,-0.706776870034) (3,2,-0.999999903450) (4,2,-0.000439430902) (21,2,0.999999903450) (22,2,0.000439430902) (9,3,-0.999997118658) (10,3,0.002400557241) (18,3,0.999997118658) (19,3,-0.002400557241) (9,4,-0.708189415320) (10,4,-0.706022486915) (21,4,0.708189415320) (22,4,0.706022486915) (12,5,-0.001921878222) (13,5,-0.999998153190) (15,5,0.001921878222) (16,5,0.999998153190) (12,6,-0.999982883854) (13,6,-0.005850811872) (21,6,0.999982883854) (22,6,0.005850811872) (12,7,-0.706822641726) (13,7,-0.707390806516) (24,7,0.706822641726) (25,7,0.707390806516) (15,8,-0.709782790282) (16,8,0.704420606328) (21,8,0.709782790282) (22,8,-0.704420606328) (15,9,-0.999981876620) (16,9,-0.006020500949) (24,9,0.999981876620) (25,9,0.006020500949) (18,10,-0.005991256255) (19,10,-0.999982052263) (21,10,0.005991256255) (22,10,0.999982052263) (18,11,-0.003800436850) (19,11,-0.999992778314) (24,11,0.003800436850) (25,11,0.999992778314) (21,12,-0.001614935921) (22,12,-0.999998695990) (24,12,0.001614935921) (25,12,0.999998695990) 
Q:
size: 13 13
(0,0,2.000000000000) (1,0,0.703418854049) (2,0,-0.005174961381) (0,1,0.703418854049) (1,1,2.000000000000) (2,1,0.707125890586) (3,1,-0.709131158453) (4,1,-0.001998705091) (0,2,-0.005174961381) (1,2,0.707125890586) (2,2,2.000000000000) (4,2,0.708499595042) (6,2,0.999985358333) (8,2,0.709473177571) (10,2,0.006430678691) (12,2,-0.002054366094) (1,3,-0.709131158453) (3,3,2.000000000000) (4,3,0.706492527391) (10,3,-0.003590724836) (11,3,-0.001399885995) (1,4,-0.001998705091) (2,4,0.708499595042) (3,4,0.706492527391) (4,4,2.000000000000) (6,4,0.712308098594) (8,4,0.005323870940) (10,4,0.710252759673) (12,4,-0.707165246780) (5,5,2.000000000000) (6,5,0.007772646393) (7,5,0.708747927141) (8,5,0.703055189310) (9,5,-0.007942333221) (2,6,0.999985358333) (4,6,0.712308098594) (5,6,0.007772646393) (6,6,2.000000000000) (7,6,0.710949354175) (8,6,0.705649209090) (10,6,0.011841860571) (12,6,-0.007465712523) (5,7,0.708747927141) (6,7,0.710949354175) (7,7,2.000000000000) (9,7,0.711068678733) (11,7,0.710071932776) (12,7,0.708531357346) (2,8,0.709473177571) (4,8,0.005323870940) (5,8,0.703055189310) (6,8,0.705649209090) (8,8,2.000000000000) (9,8,0.705528961690) (10,8,-0.700155472990) (12,8,0.703273434032) (5,9,-0.007942333221) (7,9,0.711068678733) (8,9,0.705528961690) (9,9,2.000000000000) (11,9,0.009820825444) (12,9,0.007635399752) (2,10,0.006430678691) (3,10,-0.003590724836) (4,10,0.710252759673) (6,10,0.011841860571) (8,10,-0.700155472990) (10,10,2.000000000000) (11,10,0.999997600098) (12,10,-0.999990423772) (3,11,-0.001399885995) (7,11,0.710071932776) (9,11,0.009820825444) (10,11,0.999997600098) (11,11,2.000000000000) (12,11,0.999997611775) (2,12,-0.002054366094) (4,12,-0.707165246780) (6,12,-0.007465712523) (7,12,0.708531357346) (8,12,0.703273434032) (9,12,0.007635399752) (10,12,-0.999990423772) (11,12,0.999997611775) (12,12,2.000000000000) 
Minv:
size: 27 27
(0,0,1.000000000000) (1,1,1.000000000000) (2,2,2.000000000000) (3,3,1.000000000000) (4,4,1.000000000000) (5,5,2.000000000000) (6,6,1.000000000000) (7,7,1.000000000000) (8,8,2.000000000000) (9,9,1.000000000000) (10,10,1.000000000000) (11,11,2.000000000000) (12,12,1.000000000000) (13,13,1.000000000000) (14,14,2.000000000000) (15,15,1.000000000000) (16,16,1.000000000000) (17,17,2.000000000000) (18,18,1.000000000000) (19,19,1.000000000000) (20,20,2.000000000000) (21,21,1.000000000000) (22,22,1.000000000000) (23,23,2.000000000000) (24,24,1.000000000000) (25,25,1.000000000000) (26,26,2.000000000000) 
v0:
size: 27 1
(0,0,-0.487173305179) (1,0,-0.530216007283) (2,0,0.000000000000) (3,0,0.286401288326) (4,0,-0.744140582238) (5,0,0.000000000000) (6,0,-0.524521154273) (7,0,0.600930507294) (8,0,0.000000000000) (9,0,0.504996322828) (10,0,-0.479427741270) (11,0,0.000000000000) (12,0,0.777901725265) (13,0,0.905704079114) (14,0,0.000000000000) (15,0,0.577562117621) (16,0,0.189305919560) (17,0,0.000000000000) (18,0,0.481273644897) (19,0,0.507500495401) (20,0,0.000000000000) (21,0,-0.613924034265) (22,0,-0.776372915837) (23,0,0.000000000000) (24,0,-0.971663934463) (25,0,-0.885919801269) (26,0,0.000000000000) 
ipopt_sol:
size: 13 1
(0,0,0.212090578097) (1,0,0.000000000000) (2,0,0.707904231657) (3,0,0.000000000000) (4,0,0.273227666424) (5,0,0.000000000000) (6,0,0.184668272156) (7,0,2.134375437756) (8,0,0.000000000000) (9,0,0.796603783328) (10,0,1.219326732649) (11,0,0.000000000000) (12,0,0.058629891394) 
policy_sol:
size: 13 1
(0,0,0.212101292025) (1,0,0.000000000000) (2,0,0.712046270104) (3,0,-0.077763726087) (4,0,0.299974883220) (5,0,0.000000000000) (6,0,0.168718410470) (7,0,2.162300226438) (8,0,-0.015673587529) (9,0,0.792428474793) (10,0,1.174967955792) (11,0,0.000000000000) (12,0,0.000000000000) 

policy_converges:
0
ipopt_converges:
0
