solve status: 0
N:
size: 27 14
(0,0,-0.000017071977) (1,0,-0.999999999854) (3,0,0.000017071977) (4,0,0.999999999854) (0,1,0.000075021937) (1,1,-0.999999997186) (6,1,-0.000075021937) (7,1,0.999999997186) (3,2,-0.710195569765) (4,2,0.704004440814) (9,2,0.710195569765) (10,2,-0.704004440814) (3,3,-0.999999999936) (4,3,0.000011275162) (12,3,0.999999999936) (13,3,-0.000011275162) (3,4,-0.702618659315) (4,4,-0.711566595325) (15,4,0.702618659315) (16,4,0.711566595325) (3,5,-0.999996005057) (4,5,-0.002826635777) (21,5,0.999996005057) (22,5,0.002826635777) (6,6,-0.703927528464) (7,6,0.710271803376) (12,6,0.703927528464) (13,6,-0.710271803376) (9,7,0.004063261600) (10,7,-0.999991744919) (15,7,-0.004063261600) (16,7,0.999991744919) (9,8,-0.999957289450) (10,8,0.009242254896) (18,8,0.999957289450) (19,8,-0.009242254896) (12,9,0.005768189800) (13,9,-0.999983363855) (15,9,-0.005768189800) (16,9,0.999983363855) (12,10,-0.705876228196) (13,10,0.708335196406) (18,10,0.705876228196) (19,10,-0.708335196406) (15,11,-0.710248159505) (16,11,0.703951384628) (21,11,0.710248159505) (22,11,-0.703951384628) (15,12,-0.999992532532) (16,12,0.003864567403) (24,12,0.999992532532) (25,12,-0.003864567403) (18,13,-0.004987985918) (19,13,-0.999987559921) (21,13,0.004987985918) (22,13,0.999987559921) 
Q:
size: 14 14
(0,0,2.000000000000) (1,0,0.999999995759) (2,0,0.703992316270) (3,0,-0.000005796814) (4,0,-0.711578590311) (5,0,-0.002843707685) (0,1,0.999999995759) (1,1,2.000000000000) (6,1,0.710324611384) (0,2,0.703992316270) (2,2,2.000000000000) (3,2,0.710203507484) (4,2,-0.001949383965) (5,2,0.708202768435) (7,2,0.706884339588) (8,2,-0.716671825411) (0,3,-0.000005796814) (2,3,0.710203507484) (3,3,2.000000000000) (4,3,0.702610636241) (5,3,0.999995973123) (6,3,0.703935536849) (9,3,0.005779464774) (10,3,-0.705884214746) (0,4,-0.711578590311) (2,4,-0.001949383965) (3,4,0.702610636241) (4,4,2.000000000000) (5,4,0.704627191989) (7,4,0.708705797867) (9,4,0.707501919816) (11,4,0.001874680421) (12,4,-0.699863515463) (0,5,-0.002843707685) (2,5,0.708202768435) (3,5,0.999995973123) (4,5,0.704627191989) (5,5,2.000000000000) (11,5,0.708255507936) (13,5,0.007814566604) (1,6,0.710324611384) (3,6,0.703935536849) (6,6,2.000000000000) (9,6,0.714320374780) (10,6,-0.999996226061) (2,7,0.706884339588) (4,7,0.708705797867) (7,7,2.000000000000) (8,7,-0.013305266656) (9,7,0.999998546575) (11,7,0.706831497525) (12,7,0.007927766758) (2,8,-0.716671825411) (7,8,-0.013305266656) (8,8,2.000000000000) (10,8,0.712392694271) (13,8,0.004254367043) (3,9,0.005779464774) (4,9,0.707501919816) (6,9,0.714320374780) (7,9,0.999998546575) (9,9,2.000000000000) (10,9,-0.712395040498) (11,9,0.708036519779) (12,9,0.009632649837) (3,10,-0.705884214746) (6,10,-0.999996226061) (8,10,0.712392694271) (9,10,-0.712395040498) (10,10,2.000000000000) (13,10,0.704805483974) (4,11,0.001874680421) (5,11,0.708255507936) (7,11,0.706831497525) (9,11,0.708036519779) (11,11,2.000000000000) (12,11,0.712963323324) (13,11,-0.700399919599) (4,12,-0.699863515463) (7,12,0.007927766758) (9,12,0.009632649837) (11,12,0.712963323324) (12,12,2.000000000000) (5,13,0.007814566604) (8,13,0.004254367043) (10,13,0.704805483974) (11,13,-0.700399919599) (13,13,2.000000000000) 
Minv:
size: 27 27
(0,0,1.000000000000) (1,1,1.000000000000) (2,2,2.000000000000) (3,3,1.000000000000) (4,4,1.000000000000) (5,5,2.000000000000) (6,6,1.000000000000) (7,7,1.000000000000) (8,8,2.000000000000) (9,9,1.000000000000) (10,10,1.000000000000) (11,11,2.000000000000) (12,12,1.000000000000) (13,13,1.000000000000) (14,14,2.000000000000) (15,15,1.000000000000) (16,16,1.000000000000) (17,17,2.000000000000) (18,18,1.000000000000) (19,19,1.000000000000) (20,20,2.000000000000) (21,21,1.000000000000) (22,22,1.000000000000) (23,23,2.000000000000) (24,24,1.000000000000) (25,25,1.000000000000) (26,26,2.000000000000) 
v0:
size: 27 1
(0,0,-0.957266937109) (1,0,0.565081155608) (2,0,0.000000000000) (3,0,0.944729180989) (4,0,-0.988217714143) (5,0,0.000000000000) (6,0,-0.804358311345) (7,0,-0.878782070215) (8,0,0.000000000000) (9,0,-0.327597716433) (10,0,-0.223207651690) (11,0,0.000000000000) (12,0,-0.479305971217) (13,0,0.190218810642) (14,0,0.000000000000) (15,0,0.583036315292) (16,0,-0.659891620758) (17,0,0.000000000000) (18,0,-0.933188239300) (19,0,0.820710569060) (20,0,0.000000000000) (21,0,-0.144926230058) (22,0,-0.177260181991) (23,0,0.000000000000) (24,0,0.302160827223) (25,0,0.849698135375) (26,0,0.000000000000) 
ipopt_sol:
size: 14 1
(0,0,0.736285051334) (1,0,1.075732172706) (2,0,0.792962643750) (3,0,1.567906268632) (4,0,0.000000000000) (5,0,0.000000000000) (6,0,0.000000000000) (7,0,0.000000000000) (8,0,0.465281314968) (9,0,1.001422238412) (10,0,1.213603993806) (11,0,0.798133289077) (12,0,0.000000000000) (13,0,0.844865628354) 
policy_sol:
size: 14 1
(0,0,0.736285063298) (1,0,1.075732163173) (2,0,0.792962633451) (3,0,1.567906261246) (4,0,0.000000000000) (5,0,0.000000000000) (6,0,0.000000000000) (7,0,0.000000000000) (8,0,0.465281310377) (9,0,1.001422230565) (10,0,1.213603996544) (11,0,0.798133279718) (12,0,0.000000000000) (13,0,0.844865624082) 

policy_converges:
1
ipopt_converges:
0
