solve status: 0
N:
size: 27 14
(0,0,-0.001479798298) (1,0,-0.999998905098) (3,0,0.001479798298) (4,0,0.999998905098) (0,1,-0.705415807867) (1,1,-0.708793720353) (12,1,0.705415807867) (13,1,0.708793720353) (3,2,-0.001076735648) (4,2,-0.999999420320) (6,2,0.001076735648) (7,2,0.999999420320) (3,3,-0.999999181571) (4,3,0.001279397133) (21,3,0.999999181571) (22,3,-0.001279397133) (6,4,-0.702347524303) (7,4,0.711834218836) (12,4,0.702347524303) (13,4,-0.711834218836) (9,5,-0.001246067608) (10,5,-0.999999223657) (15,5,0.001246067608) (16,5,0.999999223657) (9,6,-0.999986189279) (10,6,-0.005255592474) (18,6,0.999986189279) (19,6,0.005255592474) (9,7,-0.705788611904) (10,7,-0.708422497742) (21,7,0.705788611904) (22,7,0.708422497742) (12,8,-0.004128843755) (13,8,-0.999991476288) (15,8,0.004128843755) (16,8,0.999991476288) (12,9,-0.712221523510) (13,9,0.701954771654) (18,9,0.712221523510) (19,9,-0.701954771654) (12,10,-0.999990701031) (13,10,-0.004312522636) (21,10,0.999990701031) (22,10,0.004312522636) (15,11,-0.705237794589) (16,11,0.708970840785) (21,11,0.705237794589) (22,11,-0.708970840785) (15,12,-0.999999575634) (16,12,-0.000921266208) (24,12,0.999999575634) (25,12,0.000921266208) (18,13,0.007012427805) (19,13,-0.999975412626) (21,13,-0.007012427805) (22,13,0.999975412626) 
Q:
size: 14 14
(0,0,2.000000000000) (1,0,0.709836817405) (2,0,-0.999999918770) (3,0,-0.000200401355) (0,1,0.709836817405) (1,1,2.000000000000) (4,1,-0.009096577984) (8,1,-0.711700230452) (9,1,-0.004871187267) (10,1,-0.708465937191) (0,2,-0.999999918770) (2,2,2.000000000000) (3,2,-0.000202661625) (4,2,0.711077563584) (0,3,-0.000200401355) (2,3,-0.000202661625) (3,3,2.000000000000) (7,3,0.704881680553) (10,3,0.999984365181) (11,3,0.706144272663) (13,3,-0.008291787743) (1,4,-0.009096577984) (2,4,0.711077563584) (4,4,2.000000000000) (8,4,0.708928268177) (9,4,-0.999902450332) (10,4,-0.699271192013) (5,5,2.000000000000) (6,5,0.006501638793) (7,5,0.709301408091) (8,5,0.999995844771) (11,5,0.708091516409) (12,5,-0.002167332572) (5,6,0.006501638793) (6,6,2.000000000000) (7,6,0.709502044402) (9,6,0.708522499002) (13,6,0.001756867706) (3,7,0.704881680553) (5,7,0.709301408091) (6,7,0.709502044402) (7,7,2.000000000000) (10,7,0.708837136855) (11,7,-0.004502089750) (13,7,0.703455787806) (1,8,-0.711700230452) (4,8,0.708928268177) (5,8,0.999995844771) (8,8,2.000000000000) (9,8,-0.699008137005) (10,8,0.008441291239) (11,8,0.706052981058) (12,8,-0.005050100358) (1,9,-0.004871187267) (4,9,-0.999902450332) (6,9,0.708522499002) (8,9,-0.699008137005) (9,9,2.000000000000) (10,9,0.709187704742) (13,9,0.706931914445) (1,10,-0.708465937191) (3,10,0.999984365181) (4,10,-0.699271192013) (7,10,0.708837136855) (8,10,0.008441291239) (9,10,0.709187704742) (10,10,2.000000000000) (11,10,0.702173783805) (13,10,-0.002699945994) (3,11,0.706144272663) (5,11,0.708091516409) (7,11,-0.004502089750) (8,11,0.706052981058) (10,11,0.702173783805) (11,11,2.000000000000) (12,11,0.704584344432) (13,11,-0.713898838174) (5,12,-0.002167332572) (8,12,-0.005050100358) (11,12,0.704584344432) (12,12,2.000000000000) (3,13,-0.008291787743) (6,13,0.001756867706) (7,13,0.703455787806) (9,13,0.706931914445) (10,13,-0.002699945994) (11,13,-0.713898838174) (13,13,2.000000000000) 
Minv:
size: 27 27
(0,0,1.000000000000) (1,1,1.000000000000) (2,2,2.000000000000) (3,3,1.000000000000) (4,4,1.000000000000) (5,5,2.000000000000) (6,6,1.000000000000) (7,7,1.000000000000) (8,8,2.000000000000) (9,9,1.000000000000) (10,10,1.000000000000) (11,11,2.000000000000) (12,12,1.000000000000) (13,13,1.000000000000) (14,14,2.000000000000) (15,15,1.000000000000) (16,16,1.000000000000) (17,17,2.000000000000) (18,18,1.000000000000) (19,19,1.000000000000) (20,20,2.000000000000) (21,21,1.000000000000) (22,22,1.000000000000) (23,23,2.000000000000) (24,24,1.000000000000) (25,25,1.000000000000) (26,26,2.000000000000) 
v0:
size: 27 1
(0,0,-0.133997887493) (1,0,0.741340617385) (2,0,0.000000000000) (3,0,-0.842389207870) (4,0,0.311015915902) (5,0,0.000000000000) (6,0,0.877664343609) (7,0,0.281844331176) (8,0,0.000000000000) (9,0,0.156949585014) (10,0,-0.468957457506) (11,0,0.000000000000) (12,0,-0.221722584272) (13,0,-0.438773314332) (14,0,0.000000000000) (15,0,0.914153888513) (16,0,-0.905652059942) (17,0,0.000000000000) (18,0,-0.304959981560) (19,0,-0.232309005686) (20,0,0.000000000000) (21,0,-0.947504481990) (22,0,-0.447344722498) (23,0,0.000000000000) (24,0,0.888847367783) (25,0,-0.001431037865) (26,0,0.000000000000) 
ipopt_sol:
size: 14 1
(0,0,0.000000000000) (1,0,1.216938832848) (2,0,0.000000000000) (3,0,0.000000000000) (4,0,0.458227801865) (5,0,0.000000000000) (6,0,0.425006619375) (7,0,0.098658935276) (8,0,0.168494202432) (9,0,0.000000000000) (10,0,0.724258570896) (11,0,1.589842087829) (12,0,0.000000000000) (13,0,0.743921135704) 
policy_sol:
size: 14 1
(0,0,0.000000000000) (1,0,1.216938827357) (2,0,0.000000000000) (3,0,0.000000000000) (4,0,0.458227800626) (5,0,0.000000000000) (6,0,0.425006616209) (7,0,0.098658934139) (8,0,0.168494203397) (9,0,0.000000000000) (10,0,0.724258564271) (11,0,1.589842076693) (12,0,0.000000000000) (13,0,0.743921128629) 

policy_converges:
1
ipopt_converges:
0
