solve status: 0
N:
size: 27 17
(0,0,-0.004788829602) (1,0,-0.999988533490) (3,0,0.004788829602) (4,0,0.999988533490) (0,1,-0.003291773809) (1,1,-0.999994582098) (6,1,0.003291773809) (7,1,0.999994582098) (0,2,-0.999999836105) (1,2,-0.000572530196) (9,2,0.999999836105) (10,2,0.000572530196) (0,3,-0.708436481357) (1,3,-0.705774575826) (12,3,0.708436481357) (13,3,0.705774575826) (0,4,-0.999995431404) (1,4,-0.003022775323) (18,4,0.999995431404) (19,4,0.003022775323) (3,5,-0.001793034983) (4,5,-0.999998392511) (6,5,0.001793034983) (7,5,0.999998392511) (3,6,-0.999999875388) (4,6,-0.000499223410) (12,6,0.999999875388) (13,6,0.000499223410) (3,7,-0.999999599944) (4,7,-0.000894490153) (21,7,0.999999599944) (22,7,0.000894490153) (6,8,-0.706858651433) (7,8,0.707354823899) (12,8,0.706858651433) (13,8,-0.707354823899) (6,9,-0.999981639993) (7,9,0.006059676308) (15,9,0.999981639993) (16,9,-0.006059676308) (6,10,-0.999998987741) (7,10,0.001422855304) (24,10,0.999998987741) (25,10,-0.001422855304) (9,11,-0.002623025768) (10,11,-0.999996559862) (12,11,0.002623025768) (13,11,0.999996559862) (9,12,-0.999984918385) (10,12,-0.005492085366) (18,12,0.999984918385) (19,12,0.005492085366) (9,13,-0.706877447992) (10,13,-0.707336040026) (21,13,0.706877447992) (22,13,0.707336040026) (12,14,-0.705967872740) (13,14,0.708243858187) (18,14,0.705967872740) (19,14,-0.708243858187) (15,15,-0.999994843216) (16,15,-0.003211470440) (24,15,0.999994843216) (25,15,0.003211470440) (21,16,0.006056420756) (22,16,-0.999981659716) (24,16,-0.006056420756) (25,16,0.999981659716) 
Q:
size: 17 17
(0,0,2.000000000000) (1,0,0.999998879394) (2,0,0.005361352448) (3,0,0.709159064648) (4,0,0.007811548385) (5,0,-0.999995512559) (6,0,-0.005288046691) (7,0,-0.005683307582) (0,1,0.999998879394) (1,1,2.000000000000) (2,1,0.003864300364) (3,1,0.708102764663) (4,1,0.006314517716) (5,1,0.999998876884) (8,1,0.705024172725) (9,1,0.002767930105) (10,1,-0.001868922882) (0,2,0.005361352448) (1,2,0.003864300364) (2,2,2.000000000000) (3,2,0.708840442504) (4,2,0.999996998140) (11,2,-0.003195553565) (12,2,-0.999987898877) (13,2,-0.707282303380) (0,3,0.709159064648) (1,3,0.708102764663) (2,3,0.708840442504) (3,3,2.000000000000) (4,3,0.710566642768) (6,3,0.708788732268) (8,3,0.001531405042) (11,3,0.707630395010) (14,3,-0.000272887121) (0,4,0.007811548385) (1,4,0.006314517716) (2,4,0.999996998140) (3,4,0.710566642768) (4,4,2.000000000000) (12,4,0.999996951199) (14,4,0.703823785401) (0,5,-0.999995512559) (1,5,0.999998876884) (5,5,2.000000000000) (6,5,0.002292257367) (7,5,0.002687522981) (8,5,0.706086264544) (9,5,0.004266664504) (10,5,-0.000370180151) (0,6,-0.005288046691) (3,6,0.708788732268) (5,6,0.002292257367) (6,6,2.000000000000) (7,6,0.999999921882) (8,6,0.706505435263) (11,6,0.003122247134) (14,6,-0.705614212854) (0,7,-0.005683307582) (5,7,0.002687522981) (6,7,0.999999921882) (7,7,2.000000000000) (13,7,0.707509870324) (16,7,0.005161944585) (1,8,0.705024172725) (3,8,0.001531405042) (5,8,0.706086264544) (6,8,0.706505435263) (8,8,2.000000000000) (9,8,0.711132014771) (10,8,0.707864399472) (11,8,-0.705498282044) (14,8,-0.999999208066) (1,9,0.002767930105) (5,9,0.004266664504) (8,9,0.711132014771) (9,9,2.000000000000) (10,9,0.999989249795) (15,9,-0.999957022832) (1,10,-0.001868922882) (5,10,-0.000370180151) (8,10,0.707864399472) (9,10,0.999989249795) (10,10,2.000000000000) (15,10,0.999989261504) (16,10,-0.007479243834) (2,11,-0.003195553565) (3,11,0.707630395010) (6,11,0.003122247134) (8,11,-0.705498282044) (11,11,2.000000000000) (12,11,0.008115052681) (13,11,0.709187764454) (14,11,0.706389649809) (2,12,-0.999987898877) (4,12,0.999996951199) (11,12,0.008115052681) (12,12,2.000000000000) (13,12,0.710751537053) (14,12,0.702067489875) (2,13,-0.707282303380) (7,13,0.707509870324) (11,13,0.709187764454) (12,13,0.710751537053) (13,13,2.000000000000) (16,13,-0.703041920035) (3,14,-0.000272887121) (4,14,0.703823785401) (6,14,-0.705614212854) (8,14,-0.999999208066) (11,14,0.706389649809) (12,14,0.702067489875) (14,14,2.000000000000) (9,15,-0.999957022832) (10,15,0.999989261504) (15,15,2.000000000000) (16,15,-0.002844977983) (7,16,0.005161944585) (10,16,-0.007479243834) (13,16,-0.703041920035) (15,16,-0.002844977983) (16,16,2.000000000000) 
Minv:
size: 27 27
(0,0,1.000000000000) (1,1,1.000000000000) (2,2,2.000000000000) (3,3,1.000000000000) (4,4,1.000000000000) (5,5,2.000000000000) (6,6,1.000000000000) (7,7,1.000000000000) (8,8,2.000000000000) (9,9,1.000000000000) (10,10,1.000000000000) (11,11,2.000000000000) (12,12,1.000000000000) (13,13,1.000000000000) (14,14,2.000000000000) (15,15,1.000000000000) (16,16,1.000000000000) (17,17,2.000000000000) (18,18,1.000000000000) (19,19,1.000000000000) (20,20,2.000000000000) (21,21,1.000000000000) (22,22,1.000000000000) (23,23,2.000000000000) (24,24,1.000000000000) (25,25,1.000000000000) (26,26,2.000000000000) 
v0:
size: 27 1
(0,0,0.982748406897) (1,0,0.884395522587) (2,0,0.000000000000) (3,0,0.105026929613) (4,0,0.486166055628) (5,0,0.000000000000) (6,0,0.464327765461) (7,0,-0.827139853061) (8,0,0.000000000000) (9,0,0.568574956374) (10,0,0.642676569027) (11,0,0.000000000000) (12,0,-0.239801905220) (13,0,-0.679307155566) (14,0,0.000000000000) (15,0,0.367830087755) (16,0,0.926011897351) (17,0,0.000000000000) (18,0,-0.825918322666) (19,0,-0.598812562758) (20,0,0.000000000000) (21,0,-0.069367530796) (22,0,0.030476334791) (23,0,0.000000000000) (24,0,0.298788069910) (25,0,-0.364408335850) (26,0,0.000000000000) 
ipopt_sol:
size: 17 1
(0,0,0.900889745196) (1,0,0.000000000000) (2,0,1.183392114556) (3,0,0.902802078255) (4,0,0.000000000000) (5,0,1.643505396900) (6,0,0.000000000000) (7,0,0.000000000000) (8,0,0.338597379267) (9,0,0.026971180555) (10,0,0.000000000000) (11,0,0.926484633530) (12,0,1.796565444898) (13,0,0.542115850472) (14,0,0.000000000000) (15,0,0.087506958274) (16,0,0.587796695437) 
policy_sol:
size: 17 1
(0,0,0.900889736663) (1,0,0.000000000000) (2,0,1.183392103052) (3,0,0.902802075138) (4,0,0.000000000000) (5,0,1.643505387276) (6,0,0.000000000000) (7,0,0.000000000000) (8,0,0.338597380639) (9,0,0.026971169919) (10,0,0.000000000000) (11,0,0.926484632664) (12,0,1.796565431731) (13,0,0.542115847483) (14,0,0.000000000000) (15,0,0.087506947958) (16,0,0.587796694383) 

policy_converges:
1
ipopt_converges:
0
