solve status: 0
N:
size: 27 12
(0,0,-0.999980009171) (1,0,0.006323073513) (9,0,0.999980009171) (10,0,-0.006323073513) (0,1,-0.708126611956) (1,1,-0.706085477432) (12,1,0.708126611956) (13,1,0.706085477432) (3,2,-0.710383342097) (4,2,0.703814966643) (9,2,0.710383342097) (10,2,-0.703814966643) (3,3,-0.999963571363) (4,3,-0.008535569554) (12,3,0.999963571363) (13,3,0.008535569554) (3,4,-0.706434590056) (4,4,-0.707778333924) (15,4,0.706434590056) (16,4,0.707778333924) (3,5,-0.999989797003) (4,5,-0.004517287817) (21,5,0.999989797003) (22,5,0.004517287817) (6,6,-0.999962034994) (7,6,-0.008713700220) (15,6,0.999962034994) (16,6,0.008713700220) (9,7,0.001339468713) (10,7,-0.999999102911) (12,7,-0.001339468713) (13,7,0.999999102911) (9,8,-0.704642008684) (10,8,-0.709562991987) (21,8,0.704642008684) (22,8,0.709562991987) (12,9,-0.999999884514) (13,9,-0.000480595446) (21,9,0.999999884514) (22,9,0.000480595446) (18,10,-0.001191176048) (19,10,-0.999999290550) (21,10,0.001191176048) (22,10,0.999999290550) (18,11,0.001943795077) (19,11,-0.999998110829) (24,11,-0.001943795077) (25,11,0.999998110829) 
Q:
size: 12 12
(0,0,2.000000000000) (1,0,0.703647825538) (2,0,0.714819414719) (7,0,0.007662509776) (8,0,-0.700141303346) (0,1,0.703647825538) (1,1,2.000000000000) (3,1,0.714127657572) (7,1,0.705136330569) (9,1,-0.708465871642) (0,2,0.714819414719) (2,2,2.000000000000) (3,2,0.704350002199) (4,2,0.003694380576) (5,2,0.707196759284) (7,2,0.704765871519) (8,2,-0.001164891575) (1,3,0.714127657572) (2,3,0.704350002199) (3,3,2.000000000000) (4,3,0.712450146805) (5,3,0.999991926362) (7,3,0.007196141979) (9,3,-0.999967558037) (2,4,0.003694380576) (3,4,0.712450146805) (4,4,2.000000000000) (5,4,0.709624620751) (6,4,0.712575138486) (2,5,0.707196759284) (3,5,0.999991926362) (4,5,0.709624620751) (5,5,2.000000000000) (8,5,0.707840119483) (9,5,0.999991852506) (10,5,0.005708448506) (4,6,0.712575138486) (6,6,2.000000000000) (0,7,0.007662509776) (1,7,0.705136330569) (2,7,0.704765871519) (3,7,0.007196141979) (7,7,2.000000000000) (8,7,0.708618509522) (9,7,0.000858873543) (0,8,-0.700141303346) (2,8,-0.001164891575) (5,8,0.707840119483) (7,8,0.708618509522) (8,8,2.000000000000) (9,8,0.704982940051) (10,8,0.710401841270) (1,9,-0.708465871642) (3,9,-0.999967558037) (5,9,0.999991852506) (7,9,0.000858873543) (8,9,0.704982940051) (9,9,2.000000000000) (10,9,0.001671771015) (5,10,0.005708448506) (8,10,0.710401841270) (9,10,0.001671771015) (10,10,2.000000000000) (11,10,0.999995085977) (10,11,0.999995085977) (11,11,2.000000000000) 
Minv:
size: 27 27
(0,0,1.000000000000) (1,1,1.000000000000) (2,2,2.000000000000) (3,3,1.000000000000) (4,4,1.000000000000) (5,5,2.000000000000) (6,6,1.000000000000) (7,7,1.000000000000) (8,8,2.000000000000) (9,9,1.000000000000) (10,10,1.000000000000) (11,11,2.000000000000) (12,12,1.000000000000) (13,13,1.000000000000) (14,14,2.000000000000) (15,15,1.000000000000) (16,16,1.000000000000) (17,17,2.000000000000) (18,18,1.000000000000) (19,19,1.000000000000) (20,20,2.000000000000) (21,21,1.000000000000) (22,22,1.000000000000) (23,23,2.000000000000) (24,24,1.000000000000) (25,25,1.000000000000) (26,26,2.000000000000) 
v0:
size: 27 1
(0,0,0.542926314591) (1,0,0.872269323324) (2,0,0.000000000000) (3,0,0.278077780098) (4,0,0.968219153449) (5,0,0.000000000000) (6,0,-0.353014735498) (7,0,0.973624244885) (8,0,0.000000000000) (9,0,-0.674778897139) (10,0,0.681424186996) (11,0,0.000000000000) (12,0,-0.380827352045) (13,0,-0.113583148353) (14,0,0.000000000000) (15,0,-0.457033915119) (16,0,0.049105102478) (17,0,0.000000000000) (18,0,0.916888438756) (19,0,-0.308439103473) (20,0,0.000000000000) (21,0,-0.787977074815) (22,0,-0.699658679781) (23,0,0.000000000000) (24,0,0.652157020639) (25,0,-0.664047513568) (26,0,0.000000000000) 
ipopt_sol:
size: 12 1
(0,0,1.404095881171) (1,0,0.924955204019) (2,0,0.000000000000) (3,0,0.000000000000) (4,0,1.152454166104) (5,0,0.048992611222) (6,0,0.000000000000) (7,0,0.000000000000) (8,0,1.465541578978) (9,0,0.193993922111) (10,0,0.000000000000) (11,0,0.355093159662) 
policy_sol:
size: 12 1
(0,0,1.404095873365) (1,0,0.924955204830) (2,0,0.000000000000) (3,0,0.000000000000) (4,0,1.152454162760) (5,0,0.048992601073) (6,0,0.000000000000) (7,0,0.000000000000) (8,0,1.465541567812) (9,0,0.193993936117) (10,0,0.000000000000) (11,0,0.355093154662) 

policy_converges:
1
ipopt_converges:
0
