solve status: 0
N:
size: 27 12
(0,0,-0.999999375767) (1,0,-0.001117347739) (9,0,0.999999375767) (10,0,0.001117347739) (0,1,-0.999999787187) (1,1,0.000652400307) (18,1,0.999999787187) (19,1,-0.000652400307) (6,2,-0.999998888551) (7,2,-0.001490937913) (15,2,0.999998888551) (16,2,0.001490937913) (6,3,-0.999999988712) (7,3,0.000150253341) (24,3,0.999999988712) (25,3,-0.000150253341) (9,4,0.003460906958) (10,4,-0.999994011044) (12,4,-0.003460906958) (13,4,0.999994011044) (9,5,0.000833845453) (10,5,-0.999999652351) (15,5,-0.000833845453) (16,5,0.999999652351) (9,6,-0.999997045043) (10,6,0.002431029832) (18,6,0.999997045043) (19,6,-0.002431029832) (12,7,-0.001806199688) (13,7,-0.999998368820) (15,7,0.001806199688) (16,7,0.999998368820) (12,8,-0.706539227217) (13,8,0.707673879978) (18,8,0.706539227217) (19,8,-0.707673879978) (18,9,-0.000524600392) (19,9,-0.999999862397) (21,9,0.000524600392) (22,9,0.999999862397) (18,10,0.002057912022) (19,10,-0.999997882497) (24,10,-0.002057912022) (25,10,0.999997882497) (21,11,0.004668741462) (22,11,-0.999989101367) (24,11,-0.004668741462) (25,11,0.999989101367) 
Q:
size: 12 12
(0,0,2.000000000000) (1,0,0.999998433996) (4,0,0.002343563751) (5,0,-0.000283502417) (6,0,-0.999993704506) (0,1,0.999998433996) (1,1,2.000000000000) (6,1,0.999998418235) (8,1,0.707000763513) (9,1,0.000127799936) (10,1,0.002710310509) (2,2,2.000000000000) (3,2,0.999998653245) (5,2,0.000657092868) (7,2,0.003297133161) (2,3,0.999998653245) (3,3,2.000000000000) (10,3,-0.002208165022) (11,3,-0.004818993113) (0,4,0.002343563751) (4,4,2.000000000000) (5,4,0.999996549258) (6,4,-0.005891912004) (7,4,-0.999986128784) (8,4,0.710114908278) (0,5,-0.000283502417) (2,5,0.000657092868) (4,5,0.999996549258) (5,5,2.000000000000) (6,5,-0.003264871976) (7,5,0.999996515080) (0,6,-0.999993704506) (1,6,0.999998418235) (4,6,-0.005891912004) (5,6,-0.003264871976) (6,6,2.000000000000) (8,6,0.708257515737) (9,6,0.001906430655) (10,6,0.004488930625) (2,7,0.003297133161) (4,7,-0.999986128784) (5,7,0.999996515080) (7,7,2.000000000000) (8,7,-0.706396574703) (1,8,0.707000763513) (4,8,0.710114908278) (6,8,0.708257515737) (7,8,-0.706396574703) (8,8,2.000000000000) (9,8,0.707303131844) (10,8,0.709126377046) (1,9,0.000127799936) (6,9,0.001906430655) (8,9,0.707303131844) (9,9,2.000000000000) (10,9,0.999996665313) (11,9,-0.999986514542) (1,10,0.002710310509) (3,10,-0.002208165022) (6,10,0.004488930625) (8,10,0.709126377046) (9,10,0.999996665313) (10,10,2.000000000000) (11,10,0.999996591746) (3,11,-0.004818993113) (9,11,-0.999986514542) (10,11,0.999996591746) (11,11,2.000000000000) 
Minv:
size: 27 27
(0,0,1.000000000000) (1,1,1.000000000000) (2,2,2.000000000000) (3,3,1.000000000000) (4,4,1.000000000000) (5,5,2.000000000000) (6,6,1.000000000000) (7,7,1.000000000000) (8,8,2.000000000000) (9,9,1.000000000000) (10,10,1.000000000000) (11,11,2.000000000000) (12,12,1.000000000000) (13,13,1.000000000000) (14,14,2.000000000000) (15,15,1.000000000000) (16,16,1.000000000000) (17,17,2.000000000000) (18,18,1.000000000000) (19,19,1.000000000000) (20,20,2.000000000000) (21,21,1.000000000000) (22,22,1.000000000000) (23,23,2.000000000000) (24,24,1.000000000000) (25,25,1.000000000000) (26,26,2.000000000000) 
v0:
size: 27 1
(0,0,0.691227774216) (1,0,-0.972736161592) (2,0,0.000000000000) (3,0,-0.851884141517) (4,0,0.115927211076) (5,0,0.000000000000) (6,0,0.399529446576) (7,0,0.913258319917) (8,0,0.000000000000) (9,0,-0.324863116652) (10,0,0.537672667644) (11,0,0.000000000000) (12,0,-0.391072349920) (13,0,0.108237319549) (14,0,0.000000000000) (15,0,-0.679530841060) (16,0,-0.029455746936) (17,0,0.000000000000) (18,0,-0.465908887427) (19,0,0.977105170361) (20,0,0.000000000000) (21,0,0.964156936491) (22,0,0.504299585603) (23,0,0.000000000000) (24,0,-0.488614601098) (25,0,0.415969006138) (26,0,0.000000000000) 
ipopt_sol:
size: 12 1
(0,0,0.603457797499) (1,0,0.821685031282) (2,0,0.848055923466) (3,0,0.464494126686) (4,0,0.147467682845) (5,0,0.492905812450) (6,0,0.000000000000) (7,0,0.000000000000) (8,0,0.097383584776) (9,0,0.232778603810) (10,0,0.409570035614) (11,0,0.000000000000) 
policy_sol:
size: 12 1
(0,0,0.603457807416) (1,0,0.821685021377) (2,0,0.848055923440) (3,0,0.464494126712) (4,0,0.147467692842) (5,0,0.492905802488) (6,0,0.000000000000) (7,0,0.000000000000) (8,0,0.097383584726) (9,0,0.232778613805) (10,0,0.409570025631) (11,0,0.000000000000) 

policy_converges:
1
ipopt_converges:
0
