solve status: 0
N:
size: 27 5
(3,0,-0.999999996758) (4,0,0.000080517870) (12,0,0.999999996758) (13,0,-0.000080517870) (3,1,-0.705617294643) (4,1,-0.708593136786) (15,1,0.705617294643) (16,1,0.708593136786) (6,2,-0.705915973142) (7,2,0.708295587211) (12,2,0.705915973142) (13,2,-0.708295587211) (6,3,-0.999996701628) (7,3,0.002568410462) (15,3,0.999996701628) (16,3,-0.002568410462) (21,4,-0.001509961513) (22,4,-0.999998860007) (24,4,0.001509961513) (25,4,0.999998860007) 
Q:
size: 5 5
(0,0,2.000000000000) (1,0,0.705560237946) (2,0,0.705973001306) (0,1,0.705560237946) (1,1,2.000000000000) (3,1,0.703795009229) (0,2,0.705973001306) (2,2,2.000000000000) (3,2,0.707732838566) (1,3,0.703795009229) (2,3,0.707732838566) (3,3,2.000000000000) (4,4,2.000000000000) 
Minv:
size: 27 27
(0,0,1.000000000000) (1,1,1.000000000000) (2,2,2.000000000000) (3,3,1.000000000000) (4,4,1.000000000000) (5,5,2.000000000000) (6,6,1.000000000000) (7,7,1.000000000000) (8,8,2.000000000000) (9,9,1.000000000000) (10,10,1.000000000000) (11,11,2.000000000000) (12,12,1.000000000000) (13,13,1.000000000000) (14,14,2.000000000000) (15,15,1.000000000000) (16,16,1.000000000000) (17,17,2.000000000000) (18,18,1.000000000000) (19,19,1.000000000000) (20,20,2.000000000000) (21,21,1.000000000000) (22,22,1.000000000000) (23,23,2.000000000000) (24,24,1.000000000000) (25,25,1.000000000000) (26,26,2.000000000000) 
v0:
size: 27 1
(0,0,-0.788372741309) (1,0,-0.874715491791) (2,0,0.000000000000) (3,0,0.004191422724) (4,0,-0.157819624985) (5,0,0.000000000000) (6,0,0.484349380339) (7,0,0.168236224509) (8,0,0.000000000000) (9,0,0.641715635804) (10,0,-0.829187951124) (11,0,0.000000000000) (12,0,-0.971502259055) (13,0,-0.351747231980) (14,0,0.000000000000) (15,0,-0.687873861090) (16,0,0.318189072096) (17,0,0.000000000000) (18,0,0.970330441815) (19,0,-0.325608728413) (20,0,0.000000000000) (21,0,0.159075622596) (22,0,0.848397824384) (23,0,0.000000000000) (24,0,0.131797519752) (25,0,0.427872665133) (26,0,0.000000000000) 
ipopt_sol:
size: 5 1
(0,0,0.975678071036) (1,0,0.000000000000) (2,0,0.000000000000) (3,0,1.172604522521) (4,0,0.420565868741) 
policy_sol:
size: 5 1
(0,0,0.975678063979) (1,0,0.000000000000) (2,0,0.000000000000) (3,0,1.172604515464) (4,0,0.420565868740) 

policy_converges:
1
ipopt_converges:
0
