solve status: 0
N:
size: 27 11
(0,0,-0.999999528054) (1,0,0.000971540473) (9,0,0.999999528054) (10,0,-0.000971540473) (0,1,-0.704397894595) (1,1,-0.709805329713) (12,1,0.704397894595) (13,1,0.709805329713) (3,2,-0.707582490158) (4,2,0.706630751964) (9,2,0.707582490158) (10,2,-0.706630751964) (3,3,-0.999985190453) (4,3,-0.005442322556) (12,3,0.999985190453) (13,3,0.005442322556) (3,4,-0.710681387933) (4,4,-0.703514011833) (15,4,0.710681387933) (16,4,0.703514011833) (9,5,-0.003669456442) (10,5,-0.999993267522) (12,5,0.003669456442) (13,5,0.999993267522) (9,6,-0.004252996007) (10,6,-0.999990955972) (15,6,0.004252996007) (16,6,0.999990955972) (12,7,-0.705581270562) (13,7,0.708629007756) (18,7,0.705581270562) (19,7,-0.708629007756) (15,8,-0.707008748639) (16,8,0.707204800144) (21,8,0.707008748639) (22,8,-0.707204800144) (18,9,-0.000584056259) (19,9,-0.999999829439) (24,9,0.000584056259) (25,9,0.999999829439) (21,10,0.001523724765) (22,10,-0.999998839131) (24,10,-0.001523724765) (25,10,0.999998839131) 
Q:
size: 11 11
(0,0,2.000000000000) (1,0,0.703707957552) (2,0,0.708268676593) (5,0,-0.002697920779) (6,0,-0.003281462314) (0,1,0.703707957552) (1,1,2.000000000000) (3,1,0.708250452338) (5,1,0.712385308357) (7,1,0.005978685045) (0,2,0.708268676593) (2,2,2.000000000000) (3,2,0.703726298702) (4,2,0.005741070984) (5,2,0.704029551461) (6,2,0.703615015670) (1,3,0.708250452338) (2,3,0.703726298702) (3,3,2.000000000000) (4,3,0.714499613239) (5,3,0.009111688015) (7,3,-0.701714233590) (2,4,0.005741070984) (3,4,0.714499613239) (4,4,2.000000000000) (6,4,0.706530174338) (8,4,-0.004929472626) (0,5,-0.002697920779) (1,5,0.712385308357) (2,5,0.704029551461) (3,5,0.009111688015) (5,5,2.000000000000) (6,5,0.999999829738) (7,5,0.706035137187) (0,6,-0.003281462314) (2,6,0.703615015670) (4,6,0.706530174338) (5,6,0.999999829738) (6,6,2.000000000000) (8,6,0.704191498779) (1,7,0.005978685045) (3,7,-0.701714233590) (5,7,0.706035137187) (7,7,2.000000000000) (9,7,0.708216787734) (4,8,-0.004929472626) (6,8,0.704191498779) (8,8,2.000000000000) (10,8,0.708281265911) (7,9,0.708216787734) (9,9,2.000000000000) (10,9,0.999997778629) (8,10,0.708281265911) (9,10,0.999997778629) (10,10,2.000000000000) 
Minv:
size: 27 27
(0,0,1.000000000000) (1,1,1.000000000000) (2,2,2.000000000000) (3,3,1.000000000000) (4,4,1.000000000000) (5,5,2.000000000000) (6,6,1.000000000000) (7,7,1.000000000000) (8,8,2.000000000000) (9,9,1.000000000000) (10,10,1.000000000000) (11,11,2.000000000000) (12,12,1.000000000000) (13,13,1.000000000000) (14,14,2.000000000000) (15,15,1.000000000000) (16,16,1.000000000000) (17,17,2.000000000000) (18,18,1.000000000000) (19,19,1.000000000000) (20,20,2.000000000000) (21,21,1.000000000000) (22,22,1.000000000000) (23,23,2.000000000000) (24,24,1.000000000000) (25,25,1.000000000000) (26,26,2.000000000000) 
v0:
size: 27 1
(0,0,-0.393212435491) (1,0,0.478374696904) (2,0,0.000000000000) (3,0,0.757224492960) (4,0,0.774572872829) (5,0,0.000000000000) (6,0,-0.694682320775) (7,0,0.892592306880) (8,0,0.000000000000) (9,0,-0.696027502335) (10,0,0.659256422969) (11,0,0.000000000000) (12,0,-0.261753894928) (13,0,-0.880488116772) (14,0,0.000000000000) (15,0,0.140492626227) (16,0,0.049471795140) (17,0,0.000000000000) (18,0,-0.101313886980) (19,0,-0.543430399091) (20,0,0.000000000000) (21,0,0.563699036678) (22,0,0.912889518264) (23,0,0.000000000000) (24,0,0.732378635491) (25,0,-0.873570070931) (26,0,0.000000000000) 
ipopt_sol:
size: 11 1
(0,0,0.292645256515) (1,0,0.000000000000) (2,0,0.035013499232) (3,0,0.767936807384) (4,0,0.673972847263) (5,0,1.522711534926) (6,0,0.000000000000) (7,0,0.000000000000) (8,0,0.000000000000) (9,0,0.000000000000) (10,0,1.786714545172) 
policy_sol:
size: 11 1
(0,0,0.292645252135) (1,0,0.000000000000) (2,0,0.035013501661) (3,0,0.767936807874) (4,0,0.673972843573) (5,0,1.522711521972) (6,0,0.000000000000) (7,0,0.000000000000) (8,0,0.000000000000) (9,0,0.000000000000) (10,0,1.786714536631) 

policy_converges:
1
ipopt_converges:
0
