solve status: 0
N:
size: 27 8
(0,0,0.003826199480) (1,0,-0.999992680072) (3,0,-0.003826199480) (4,0,0.999992680072) (0,1,0.000988520784) (1,1,-0.999999511413) (6,1,-0.000988520784) (7,1,0.999999511413) (6,2,-0.708263430027) (7,2,0.705948237257) (12,2,0.708263430027) (13,2,-0.705948237257) (6,3,-0.999987827753) (7,3,0.004933999010) (15,3,0.999987827753) (16,3,-0.004933999010) (9,4,-0.999997431161) (10,4,0.002266643294) (18,4,0.999997431161) (19,4,-0.002266643294) (12,5,-0.001496334660) (13,5,-0.999998880491) (15,5,0.001496334660) (16,5,0.999998880491) (12,6,-0.705454344163) (13,6,-0.708755365625) (24,6,0.705454344163) (25,6,0.708755365625) (21,7,0.001564081590) (22,7,-0.999998776824) (24,7,-0.001564081590) (25,7,0.999998776824) 
Q:
size: 8 8
(0,0,2.000000000000) (1,0,0.999995973766) (0,1,0.999995973766) (1,1,2.000000000000) (2,1,0.706648025461) (3,1,0.005922505350) (1,2,0.706648025461) (2,2,2.000000000000) (3,2,0.711737956773) (5,2,0.704887647823) (6,2,0.000697087486) (1,3,0.005922505350) (2,3,0.711737956773) (3,3,2.000000000000) (5,3,-0.003437677040) (4,4,2.000000000000) (2,5,0.704887647823) (3,5,-0.003437677040) (5,5,2.000000000000) (6,5,0.709810167953) (2,6,0.000697087486) (5,6,0.709810167953) (6,6,2.000000000000) (7,6,0.707651110540) (6,7,0.707651110540) (7,7,2.000000000000) 
Minv:
size: 27 27
(0,0,1.000000000000) (1,1,1.000000000000) (2,2,2.000000000000) (3,3,1.000000000000) (4,4,1.000000000000) (5,5,2.000000000000) (6,6,1.000000000000) (7,7,1.000000000000) (8,8,2.000000000000) (9,9,1.000000000000) (10,10,1.000000000000) (11,11,2.000000000000) (12,12,1.000000000000) (13,13,1.000000000000) (14,14,2.000000000000) (15,15,1.000000000000) (16,16,1.000000000000) (17,17,2.000000000000) (18,18,1.000000000000) (19,19,1.000000000000) (20,20,2.000000000000) (21,21,1.000000000000) (22,22,1.000000000000) (23,23,2.000000000000) (24,24,1.000000000000) (25,25,1.000000000000) (26,26,2.000000000000) 
v0:
size: 27 1
(0,0,-0.615149627055) (1,0,0.864497216441) (2,0,0.000000000000) (3,0,-0.185227533083) (4,0,-0.949315783528) (5,0,0.000000000000) (6,0,-0.023626721067) (7,0,0.175568162794) (8,0,0.000000000000) (9,0,0.514535291343) (10,0,-0.595771290750) (11,0,0.000000000000) (12,0,0.009195027226) (13,0,0.976432521155) (14,0,0.000000000000) (15,0,-0.084696020032) (16,0,0.963080168912) (17,0,0.000000000000) (18,0,0.295073013174) (19,0,-0.990546066974) (20,0,0.000000000000) (21,0,0.805570464401) (22,0,-0.050208202918) (23,0,0.000000000000) (24,0,0.936793127805) (25,0,-0.967439327204) (26,0,0.000000000000) 
ipopt_sol:
size: 8 1
(0,0,1.815444695680) (1,0,0.000000000000) (2,0,0.541963556799) (3,0,0.000000000000) (4,0,0.218566900807) (5,0,0.000000000000) (6,0,0.455586599457) (7,0,0.756237063776) 
policy_sol:
size: 8 1
(0,0,1.815444690681) (1,0,0.000000000000) (2,0,0.541963546184) (3,0,0.000000000000) (4,0,0.218566900807) (5,0,0.000000000000) (6,0,0.455586595405) (7,0,0.756237065210) 

policy_converges:
1
ipopt_converges:
0
