solve status: 0
N:
size: 27 12
(0,0,-0.004119865695) (1,0,-0.999991513317) (3,0,0.004119865695) (4,0,0.999991513317) (0,1,-0.999999977235) (1,1,-0.000213377216) (18,1,0.999999977235) (19,1,0.000213377216) (3,2,-0.708367926856) (4,2,0.705843382204) (9,2,0.708367926856) (10,2,-0.705843382204) (6,3,-0.706224373171) (7,3,0.707988089405) (12,3,0.706224373171) (13,3,-0.707988089405) (9,4,-0.999994964849) (10,4,-0.003173370006) (18,4,0.999994964849) (19,4,0.003173370006) (12,5,-0.003177782063) (13,5,-0.999994950838) (15,5,0.003177782063) (16,5,0.999994950838) (12,6,-0.708647235645) (13,6,0.705562963464) (18,6,0.708647235645) (19,6,-0.705562963464) (12,7,-0.999984607422) (13,7,0.005548415978) (21,7,0.999984607422) (22,7,-0.005548415978) (12,8,-0.709173085498) (13,8,-0.705034421008) (24,8,0.709173085498) (25,8,0.705034421008) (15,9,-0.705161150704) (16,9,0.709047072865) (21,9,0.705161150704) (22,9,-0.709047072865) (15,10,-0.999995534910) (16,10,-0.002988337282) (24,10,0.999995534910) (25,10,0.002988337282) (21,11,-0.005611792567) (22,11,-0.999984253768) (24,11,0.005611792567) (25,11,0.999984253768) 
Q:
size: 12 12
(0,0,2.000000000000) (1,0,0.004333241007) (2,0,0.702919011214) (0,1,0.004333241007) (1,1,2.000000000000) (4,1,0.999995619209) (6,1,0.708496668452) (0,2,0.702919011214) (2,2,2.000000000000) (4,2,-0.706124457899) (3,3,2.000000000000) (5,3,0.705740287513) (6,3,-0.999994124251) (7,3,-0.710141714984) (8,3,-0.001679345081) (1,4,0.999995619209) (2,4,-0.706124457899) (4,4,2.000000000000) (6,4,0.706404655153) (3,5,0.705740287513) (5,5,2.000000000000) (6,5,-0.703307474488) (7,5,-0.002370654814) (8,5,0.707284458686) (9,5,0.706802644314) (10,5,-0.006166090067) (1,6,0.708496668452) (3,6,-0.999994124251) (4,6,0.706404655153) (5,6,-0.703307474488) (6,6,2.000000000000) (7,6,0.712551084557) (8,6,0.005107371201) (3,7,-0.710141714984) (5,7,-0.002370654814) (6,7,0.712551084557) (7,7,2.000000000000) (8,7,0.705250345249) (9,7,0.709084384564) (11,7,-0.000063377575) (3,8,-0.001679345081) (5,8,0.707284458686) (6,8,0.005107371201) (7,8,0.705250345249) (8,8,2.000000000000) (10,8,0.711276799621) (11,8,0.709003051622) (5,9,0.706802644314) (7,9,0.709084384564) (9,9,2.000000000000) (10,9,0.703039130294) (11,9,0.705078689941) (5,10,-0.006166090067) (8,10,0.711276799621) (9,10,0.703039130294) (10,10,2.000000000000) (11,10,0.008600057736) (7,11,-0.000063377575) (8,11,0.709003051622) (9,11,0.705078689941) (10,11,0.008600057736) (11,11,2.000000000000) 
Minv:
size: 27 27
(0,0,1.000000000000) (1,1,1.000000000000) (2,2,2.000000000000) (3,3,1.000000000000) (4,4,1.000000000000) (5,5,2.000000000000) (6,6,1.000000000000) (7,7,1.000000000000) (8,8,2.000000000000) (9,9,1.000000000000) (10,10,1.000000000000) (11,11,2.000000000000) (12,12,1.000000000000) (13,13,1.000000000000) (14,14,2.000000000000) (15,15,1.000000000000) (16,16,1.000000000000) (17,17,2.000000000000) (18,18,1.000000000000) (19,19,1.000000000000) (20,20,2.000000000000) (21,21,1.000000000000) (22,22,1.000000000000) (23,23,2.000000000000) (24,24,1.000000000000) (25,25,1.000000000000) (26,26,2.000000000000) 
v0:
size: 27 1
(0,0,0.144790718115) (1,0,-0.336767646091) (2,0,0.000000000000) (3,0,0.260232152229) (4,0,-0.805800413755) (5,0,0.000000000000) (6,0,0.006188842198) (7,0,-0.144752376411) (8,0,0.000000000000) (9,0,0.157946951814) (10,0,-0.843690999928) (11,0,0.000000000000) (12,0,0.804455881401) (13,0,0.839492843476) (14,0,0.000000000000) (15,0,0.729652675299) (16,0,0.590810769725) (17,0,0.000000000000) (18,0,-0.961111418040) (19,0,-0.615647896110) (20,0,0.000000000000) (21,0,0.288602859796) (22,0,0.472960110435) (23,0,0.000000000000) (24,0,0.667971930086) (25,0,-0.307944613861) (26,0,0.000000000000) 
ipopt_sol:
size: 12 1
(0,0,0.393903318064) (1,0,0.678917946347) (2,0,0.208214338080) (3,0,0.282608231261) (4,0,0.852384205839) (5,0,0.000000000000) (6,0,0.000000000000) (7,0,0.419823773950) (8,0,0.551157680754) (9,0,0.000000000000) (10,0,0.000000000000) (11,0,0.583390555946) 
policy_sol:
size: 12 1
(0,0,0.393903318479) (1,0,0.678917944253) (2,0,0.208214336911) (3,0,0.282608230684) (4,0,0.852384202941) (5,0,0.000000000000) (6,0,0.000000000000) (7,0,0.419823768190) (8,0,0.551157676382) (9,0,0.000000000000) (10,0,0.000000000000) (11,0,0.583390553927) 

policy_converges:
1
ipopt_converges:
0
