solve status: 0
N:
size: 27 9
(0,0,-0.001250009139) (1,0,-0.999999218738) (3,0,0.001250009139) (4,0,0.999999218738) (0,1,-0.999998188937) (1,1,0.001903187551) (18,1,0.999998188937) (19,1,-0.001903187551) (3,2,-0.707962138251) (4,2,0.706250388179) (9,2,0.707962138251) (10,2,-0.706250388179) (9,3,-0.999999901258) (10,3,0.000444392419) (18,3,0.999999901258) (19,3,-0.000444392419) (9,4,-0.705635969882) (10,4,-0.708574539487) (21,4,0.705635969882) (22,4,0.708574539487) (12,5,-0.005652957691) (13,5,-0.999984021907) (15,5,0.005652957691) (16,5,0.999984021907) (12,6,-0.706249084127) (13,6,-0.707963439148) (24,6,0.706249084127) (25,6,0.707963439148) (15,7,-0.999987022802) (16,7,0.005094529222) (24,7,0.999987022802) (25,7,-0.005094529222) (18,8,-0.002997191804) (19,8,-0.999995508411) (21,8,0.002997191804) (22,8,0.999995508411) 
Q:
size: 9 9
(0,0,2.000000000000) (1,0,-0.000653179189) (2,0,0.705364877269) (0,1,-0.000653179189) (1,1,2.000000000000) (3,1,0.999998935957) (8,1,-0.001094007373) (0,2,0.705364877269) (2,2,2.000000000000) (3,2,-0.708275920664) (4,2,0.000867493501) (1,3,0.999998935957) (2,3,-0.708275920664) (3,3,2.000000000000) (4,3,0.705321015053) (8,3,-0.002552801085) (2,4,0.000867493501) (3,4,0.705321015053) (4,4,2.000000000000) (8,4,0.710686283206) (5,5,2.000000000000) (6,5,0.711944523434) (7,5,-0.000558436511) (5,6,0.711944523434) (6,6,2.000000000000) (7,6,0.702633178564) (5,7,-0.000558436511) (6,7,0.702633178564) (7,7,2.000000000000) (1,8,-0.001094007373) (3,8,-0.002552801085) (4,8,0.710686283206) (8,8,2.000000000000) 
Minv:
size: 27 27
(0,0,1.000000000000) (1,1,1.000000000000) (2,2,2.000000000000) (3,3,1.000000000000) (4,4,1.000000000000) (5,5,2.000000000000) (6,6,1.000000000000) (7,7,1.000000000000) (8,8,2.000000000000) (9,9,1.000000000000) (10,10,1.000000000000) (11,11,2.000000000000) (12,12,1.000000000000) (13,13,1.000000000000) (14,14,2.000000000000) (15,15,1.000000000000) (16,16,1.000000000000) (17,17,2.000000000000) (18,18,1.000000000000) (19,19,1.000000000000) (20,20,2.000000000000) (21,21,1.000000000000) (22,22,1.000000000000) (23,23,2.000000000000) (24,24,1.000000000000) (25,25,1.000000000000) (26,26,2.000000000000) 
v0:
size: 27 1
(0,0,-0.418144108403) (1,0,-0.420143612270) (2,0,0.000000000000) (3,0,0.023754785025) (4,0,-0.738989437379) (5,0,0.000000000000) (6,0,-0.955496990704) (7,0,0.658314235543) (8,0,0.000000000000) (9,0,0.304994352399) (10,0,0.459695439636) (11,0,0.000000000000) (12,0,0.500629447206) (13,0,0.988174486980) (14,0,0.000000000000) (15,0,0.617328271808) (16,0,0.603987306676) (17,0,0.000000000000) (18,0,-0.743519155258) (19,0,-0.332177971025) (20,0,0.000000000000) (21,0,0.646791535744) (22,0,-0.499030769788) (23,0,0.000000000000) (24,0,0.025335268268) (25,0,0.793091061127) (26,0,0.000000000000) 
ipopt_sol:
size: 9 1
(0,0,0.000000000000) (1,0,0.000000000000) (2,0,1.164816841074) (3,0,1.460877401682) (4,0,0.000000000000) (5,0,0.322494230991) (6,0,0.171855655717) (7,0,0.532663019193) (8,0,0.164549689777) 
policy_sol:
size: 9 1
(0,0,0.000000000000) (1,0,0.000000000000) (2,0,1.164816833583) (3,0,1.460877390498) (4,0,0.000000000000) (5,0,0.322494230991) (6,0,0.171855655717) (7,0,0.532663019193) (8,0,0.164549686215) 

policy_converges:
1
ipopt_converges:
0
