solve status: 0
N:
size: 27 10
(0,0,-0.002970797769) (1,0,-0.999995587171) (3,0,0.002970797769) (4,0,0.999995587171) (0,1,-0.001042443736) (1,1,-0.999999456655) (6,1,0.001042443736) (7,1,0.999999456655) (0,2,-0.705219309767) (1,2,-0.708989227796) (12,2,0.705219309767) (13,2,0.708989227796) (6,3,-0.707909596961) (7,3,0.706303052896) (12,3,0.707909596961) (13,3,-0.706303052896) (6,4,-0.999999950178) (7,4,-0.000315664705) (15,4,0.999999950178) (16,4,0.000315664705) (9,5,-0.708157821755) (10,5,-0.706054176028) (21,5,0.708157821755) (22,5,0.706054176028) (15,6,-0.705210300313) (16,6,0.708998189231) (21,6,0.705210300313) (22,6,-0.708998189231) (18,7,0.000685864959) (19,7,-0.999999764795) (21,7,-0.000685864959) (22,7,0.999999764795) (18,8,0.001215092963) (19,8,-0.999999261774) (24,8,-0.001215092963) (25,8,0.999999261774) (21,9,0.001740499867) (22,9,-0.999998485329) (24,9,-0.001740499867) (25,9,0.999998485329) 
Q:
size: 10 10
(0,0,2.000000000000) (1,0,0.999998140718) (2,0,0.711081163100) (0,1,0.999998140718) (1,1,2.000000000000) (2,1,0.709723994023) (3,1,0.705564713205) (4,1,-0.001358108218) (0,2,0.711081163100) (1,2,0.709723994023) (2,2,2.000000000000) (3,2,-0.001529738717) (1,3,0.705564713205) (2,3,-0.001529738717) (3,3,2.000000000000) (4,3,0.707686606747) (1,4,-0.001358108218) (3,4,0.707686606747) (4,4,2.000000000000) (6,4,-0.704986459474) (5,5,2.000000000000) (6,5,-0.001190942154) (7,5,0.705568309325) (9,5,-0.704820557994) (4,6,-0.704986459474) (5,6,-0.001190942154) (6,6,2.000000000000) (7,6,-0.709481701504) (9,6,0.710224533766) (5,7,0.705568309325) (6,7,-0.709481701504) (7,7,2.000000000000) (8,7,0.999999859959) (9,7,-0.999999443872) (7,8,0.999999859959) (8,8,2.000000000000) (9,8,0.999999861973) (5,9,-0.704820557994) (6,9,0.710224533766) (7,9,-0.999999443872) (8,9,0.999999861973) (9,9,2.000000000000) 
Minv:
size: 27 27
(0,0,1.000000000000) (1,1,1.000000000000) (2,2,2.000000000000) (3,3,1.000000000000) (4,4,1.000000000000) (5,5,2.000000000000) (6,6,1.000000000000) (7,7,1.000000000000) (8,8,2.000000000000) (9,9,1.000000000000) (10,10,1.000000000000) (11,11,2.000000000000) (12,12,1.000000000000) (13,13,1.000000000000) (14,14,2.000000000000) (15,15,1.000000000000) (16,16,1.000000000000) (17,17,2.000000000000) (18,18,1.000000000000) (19,19,1.000000000000) (20,20,2.000000000000) (21,21,1.000000000000) (22,22,1.000000000000) (23,23,2.000000000000) (24,24,1.000000000000) (25,25,1.000000000000) (26,26,2.000000000000) 
v0:
size: 27 1
(0,0,-0.724123845134) (1,0,0.363299301539) (2,0,0.000000000000) (3,0,-0.968761975880) (4,0,-0.603001927009) (5,0,0.000000000000) (6,0,0.561160037023) (7,0,-0.090951561533) (8,0,0.000000000000) (9,0,0.752711238346) (10,0,-0.810607144035) (11,0,0.000000000000) (12,0,-0.720963126947) (13,0,-0.498695571080) (14,0,0.000000000000) (15,0,-0.028838728141) (16,0,-0.392167597611) (17,0,0.000000000000) (18,0,0.900519464036) (19,0,0.702655620265) (20,0,0.000000000000) (21,0,-0.526280880133) (22,0,0.377996753559) (23,0,0.000000000000) (24,0,0.835145908787) (25,0,0.017910762373) (26,0,0.000000000000) 
ipopt_sol:
size: 10 1
(0,0,0.859051807074) (1,0,0.000000000000) (2,0,0.303683850360) (3,0,0.255659706303) (4,0,1.029294678578) (5,0,0.000000000000) (6,0,1.502622716917) (7,0,1.028199006209) (8,0,0.000000000000) (9,0,0.342954468281) 
policy_sol:
size: 10 1
(0,0,0.859051802796) (1,0,0.000000000000) (2,0,0.303683848329) (3,0,0.255659702504) (4,0,1.029294679340) (5,0,0.000000000000) (6,0,1.502622715246) (7,0,1.028198993539) (8,0,0.000000000000) (9,0,0.342954461103) 

policy_converges:
1
ipopt_converges:
0
