solve status: 0
N:
size: 27 17
(3,0,0.001189224355) (4,0,-0.999999292872) (6,0,-0.001189224355) (7,0,0.999999292872) (3,1,-0.705864971479) (4,1,-0.708346413867) (15,1,0.705864971479) (16,1,0.708346413867) (3,2,-0.999999990074) (4,2,0.000140894568) (21,2,0.999999990074) (22,2,-0.000140894568) (6,3,-0.999996149552) (7,3,-0.002775046068) (15,3,0.999996149552) (16,3,0.002775046068) (6,4,-0.999999079451) (7,4,0.001356870047) (24,4,0.999999079451) (25,4,-0.001356870047) (9,5,0.000232626029) (10,5,-0.999999972943) (12,5,-0.000232626029) (13,5,0.999999972943) (9,6,-0.000617045875) (10,6,-0.999999809627) (15,6,0.000617045875) (16,6,0.999999809627) (9,7,-0.999998830544) (10,7,-0.001529349618) (18,7,0.999998830544) (19,7,0.001529349618) (9,8,-0.707109128462) (10,8,-0.707104433903) (21,8,0.707109128462) (22,8,0.707104433903) (12,9,-0.001466813612) (13,9,-0.999998924228) (15,9,0.001466813612) (16,9,0.999998924228) (12,10,-0.707102475189) (13,10,0.707111087158) (18,10,0.707102475189) (19,10,-0.707111087158) (12,11,-0.999970862864) (13,11,0.007633703077) (21,11,0.999970862864) (22,11,-0.007633703077) (12,12,-0.708050412041) (13,12,-0.706161889377) (24,12,0.708050412041) (25,12,0.706161889377) (15,13,-0.701327764823) (16,13,0.712838948352) (21,13,0.701327764823) (22,13,-0.712838948352) (15,14,-0.999984724907) (16,14,0.005527201114) (24,14,0.999984724907) (25,14,-0.005527201114) (18,15,0.005853075128) (19,15,-0.999982870609) (21,15,-0.005853075128) (22,15,0.999982870609) (18,16,0.000712068256) (19,16,-0.999999746479) (24,16,-0.000712068256) (25,16,0.999999746479) 
Q:
size: 17 17
(0,0,2.000000000000) (1,0,0.707506481160) (2,0,-0.001330118812) (3,0,-0.001585824330) (4,0,0.002546092348) (0,1,0.707506481160) (1,1,2.000000000000) (2,1,0.705765162311) (3,1,0.707827947514) (6,1,0.708781830086) (9,1,0.709381024197) (13,1,0.009894210016) (14,1,-0.701939016239) (0,2,-0.001330118812) (1,2,0.705765162311) (2,2,2.000000000000) (8,2,0.707009494270) (11,2,0.999971928486) (13,2,0.701428192998) (15,2,-0.005993967225) (0,3,-0.001585824330) (1,3,0.707827947514) (3,3,2.000000000000) (4,3,0.999991463630) (6,3,0.003392089040) (9,3,0.004241851047) (13,3,-0.699346903476) (14,3,-0.999965536281) (0,4,0.002546092348) (3,4,0.999991463630) (4,4,2.000000000000) (12,4,0.707091590329) (14,4,0.999991304066) (16,4,-0.002068937304) (5,5,2.000000000000) (6,5,0.999999639029) (7,5,0.001296723820) (8,5,0.706939922782) (9,5,-0.999998555952) (10,5,0.707275558466) (11,5,0.007866322121) (12,5,-0.705997159315) (1,6,0.708781830086) (3,6,0.003392089040) (5,6,0.999999639029) (6,6,2.000000000000) (7,6,0.002146394481) (8,6,0.707540618061) (9,6,0.999999638947) (13,6,0.712406061243) (14,6,0.004910163612) (5,7,0.001296723820) (6,7,0.002146394481) (7,7,2.000000000000) (8,7,0.708189711425) (10,7,0.706020228193) (15,7,0.004323744862) (16,7,-0.000817281807) (2,8,0.707009494270) (5,8,0.706939922782) (6,8,0.707540618061) (7,8,0.708189711425) (8,8,2.000000000000) (11,8,0.701690700035) (13,8,-0.008136316489) (15,8,0.702953558782) (1,9,0.709381024197) (3,9,0.004241851047) (5,9,-0.999998555952) (6,9,0.999999638947) (9,9,2.000000000000) (10,9,-0.706073138932) (11,9,-0.006166923991) (12,9,0.707199707691) (13,9,0.711809464388) (14,9,0.004060403961) (5,10,0.707275558466) (7,10,0.706020228193) (9,10,-0.706073138932) (10,10,2.000000000000) (11,10,0.712479748330) (12,10,0.001329297605) (15,10,0.711237698686) (16,10,0.707614413117) (2,11,0.999971928486) (5,11,0.007866322121) (8,11,0.701690700035) (9,11,-0.006166923991) (10,11,0.712479748330) (11,11,2.000000000000) (12,11,0.702639151292) (13,11,0.706748931014) (15,11,-0.013486476903) (4,12,0.707091590329) (5,12,-0.705997159315) (9,12,0.707199707691) (10,12,0.001329297605) (11,12,0.702639151292) (12,12,2.000000000000) (14,12,0.704136497723) (16,12,0.705657530129) (1,13,0.009894210016) (2,13,0.701428192998) (3,13,-0.699346903476) (6,13,0.712406061243) (8,13,-0.008136316489) (9,13,0.711809464388) (11,13,0.706748931014) (13,13,2.000000000000) (14,13,0.705257056206) (15,13,-0.716931661952) (1,14,-0.701939016239) (3,14,-0.999965536281) (4,14,0.999991304066) (6,14,0.004910163612) (9,14,0.004060403961) (12,14,0.704136497723) (13,14,0.705257056206) (14,14,2.000000000000) (16,14,-0.006239257092) (2,15,-0.005993967225) (7,15,0.004323744862) (8,15,0.702953558782) (10,15,0.711237698686) (11,15,-0.013486476903) (13,15,-0.716931661952) (15,15,2.000000000000) (16,15,0.999986784882) (4,16,-0.002068937304) (7,16,-0.000817281807) (10,16,0.707614413117) (12,16,0.705657530129) (14,16,-0.006239257092) (15,16,0.999986784882) (16,16,2.000000000000) 
Minv:
size: 27 27
(0,0,1.000000000000) (1,1,1.000000000000) (2,2,2.000000000000) (3,3,1.000000000000) (4,4,1.000000000000) (5,5,2.000000000000) (6,6,1.000000000000) (7,7,1.000000000000) (8,8,2.000000000000) (9,9,1.000000000000) (10,10,1.000000000000) (11,11,2.000000000000) (12,12,1.000000000000) (13,13,1.000000000000) (14,14,2.000000000000) (15,15,1.000000000000) (16,16,1.000000000000) (17,17,2.000000000000) (18,18,1.000000000000) (19,19,1.000000000000) (20,20,2.000000000000) (21,21,1.000000000000) (22,22,1.000000000000) (23,23,2.000000000000) (24,24,1.000000000000) (25,25,1.000000000000) (26,26,2.000000000000) 
v0:
size: 27 1
(0,0,-0.308506613378) (1,0,-0.127928889093) (2,0,0.000000000000) (3,0,-0.514148935518) (4,0,0.571753627111) (5,0,0.000000000000) (6,0,0.952610204214) (7,0,0.408244651412) (8,0,0.000000000000) (9,0,0.524672875925) (10,0,-0.013232796041) (11,0,0.000000000000) (12,0,0.351944590075) (13,0,-0.380131368597) (14,0,0.000000000000) (15,0,-0.087175329803) (16,0,-0.528744296852) (17,0,0.000000000000) (18,0,0.165653613441) (19,0,0.900773621306) (20,0,0.000000000000) (21,0,-0.611196543520) (22,0,-0.628263059602) (23,0,0.000000000000) (24,0,-0.386260032904) (25,0,-0.112224072078) (26,0,0.000000000000) 
ipopt_sol:
size: 17 1
(0,0,0.138451916653) (1,0,0.079849045338) (2,0,0.000000000000) (3,0,1.823164639526) (4,0,0.000000000000) (5,0,0.172277776912) (6,0,0.000000000000) (7,0,0.160904939947) (8,0,0.404196749111) (9,0,0.000000000000) (10,0,0.141524386539) (11,0,0.395737008510) (12,0,0.000000000000) (13,0,1.085916158107) (14,0,0.858463141933) (15,0,1.654681368728) (16,0,0.137946179541) 
policy_sol:
size: 17 1
(0,0,0.138451921878) (1,0,0.079849030527) (2,0,0.000000000000) (3,0,1.823164629407) (4,0,0.000000000000) (5,0,0.011657536727) (6,0,0.000000000000) (7,0,0.000000000000) (8,0,0.631696828320) (9,0,0.000000000000) (10,0,0.370421287893) (11,0,0.233916090391) (12,0,0.000000000000) (13,0,1.085916152780) (14,0,0.858463124980) (15,0,1.492576981194) (16,0,0.137946173025) 

policy_converges:
1
ipopt_converges:
0
