solve status: 0
N:
size: 27 13
(0,0,0.001420295512) (1,0,-0.999998991380) (6,0,-0.001420295512) (7,0,0.999998991380) (0,1,-0.999989928262) (1,1,-0.004488136993) (9,1,0.999989928262) (10,1,0.004488136993) (0,2,-0.707750800668) (1,2,-0.706462174610) (12,2,0.707750800668) (13,2,0.706462174610) (0,3,-0.999998704736) (1,3,-0.001609511020) (18,3,0.999998704736) (19,3,0.001609511020) (3,4,-0.001694078255) (4,4,-0.999998565048) (6,4,0.001694078255) (7,4,0.999998565048) (3,5,-0.708208228949) (4,5,-0.706003615039) (15,5,0.708208228949) (16,5,0.706003615039) (6,6,-0.999991057953) (7,6,0.004228949557) (15,6,0.999991057953) (16,6,-0.004228949557) (6,7,-0.999999508966) (7,7,0.000990993155) (24,7,0.999999508966) (25,7,-0.000990993155) (9,8,-0.999999219609) (10,8,0.001249312159) (18,8,0.999999219609) (19,8,-0.001249312159) (12,9,0.009155760314) (13,9,-0.999958085148) (15,9,-0.009155760314) (16,9,0.999958085148) (12,10,-0.705336925586) (13,10,0.708872217967) (18,10,0.705336925586) (19,10,-0.708872217967) (12,11,-0.706174790542) (13,11,-0.708037545052) (24,11,0.706174790542) (25,11,0.708037545052) (15,12,-0.999997493680) (16,12,-0.002238891252) (24,12,0.999997493680) (25,12,0.002238891252) 
Q:
size: 13 13
(0,0,2.000000000000) (1,0,0.003067851259) (2,0,0.705456246772) (3,0,0.000189215724) (4,0,0.999995150338) (6,0,0.005649228103) (7,0,0.002411286970) (0,1,0.003067851259) (1,1,2.000000000000) (2,1,0.710914371408) (3,1,0.999995856718) (8,1,-0.999983540795) (0,2,0.705456246772) (1,2,0.710914371408) (2,2,2.000000000000) (3,2,0.708886942599) (9,2,-0.699952566659) (10,2,0.001588634801) (11,2,-0.999997517200) (0,3,0.000189215724) (1,3,0.999995856718) (2,3,0.708886942599) (3,3,2.000000000000) (8,3,0.999995913565) (10,3,0.704195074342) (0,4,0.999995150338) (4,4,2.000000000000) (5,4,0.707202362119) (6,4,0.002534880382) (7,4,-0.000703085690) (4,5,0.707202362119) (5,5,2.000000000000) (6,5,0.705216242443) (9,5,0.699489838205) (12,5,-0.709787119271) (0,6,0.005649228103) (4,6,0.002534880382) (5,6,0.705216242443) (6,6,2.000000000000) (7,6,0.999994757783) (9,6,-0.013384450744) (12,6,-0.999979083497) (0,7,0.002411286970) (4,7,-0.000703085690) (6,7,0.999994757783) (7,7,2.000000000000) (11,7,0.705472783426) (12,7,0.999994783921) (1,8,-0.999983540795) (3,8,0.999995913565) (8,8,2.000000000000) (10,8,0.706221977829) (2,9,-0.699952566659) (5,9,0.699489838205) (6,9,-0.013384450744) (9,9,2.000000000000) (10,9,-0.715300401524) (11,9,0.701542300641) (12,9,0.006916939958) (2,10,0.001588634801) (3,10,0.704195074342) (8,10,0.706221977829) (9,10,-0.715300401524) (10,10,2.000000000000) (11,10,-0.003816989277) (2,11,-0.999997517200) (7,11,0.705472783426) (9,11,0.701542300641) (10,11,-0.003816989277) (11,11,2.000000000000) (12,11,0.707758239708) (5,12,-0.709787119271) (6,12,-0.999979083497) (7,12,0.999994783921) (9,12,0.006916939958) (11,12,0.707758239708) (12,12,2.000000000000) 
Minv:
size: 27 27
(0,0,1.000000000000) (1,1,1.000000000000) (2,2,2.000000000000) (3,3,1.000000000000) (4,4,1.000000000000) (5,5,2.000000000000) (6,6,1.000000000000) (7,7,1.000000000000) (8,8,2.000000000000) (9,9,1.000000000000) (10,10,1.000000000000) (11,11,2.000000000000) (12,12,1.000000000000) (13,13,1.000000000000) (14,14,2.000000000000) (15,15,1.000000000000) (16,16,1.000000000000) (17,17,2.000000000000) (18,18,1.000000000000) (19,19,1.000000000000) (20,20,2.000000000000) (21,21,1.000000000000) (22,22,1.000000000000) (23,23,2.000000000000) (24,24,1.000000000000) (25,25,1.000000000000) (26,26,2.000000000000) 
v0:
size: 27 1
(0,0,0.751388178561) (1,0,0.617586238859) (2,0,0.000000000000) (3,0,0.019073706035) (4,0,0.891408912443) (5,0,0.000000000000) (6,0,0.045845204574) (7,0,0.262177424673) (8,0,0.000000000000) (9,0,0.207414595442) (10,0,-0.052138621871) (11,0,0.000000000000) (12,0,0.110884141448) (13,0,0.265034122676) (14,0,0.000000000000) (15,0,-0.121818522024) (16,0,0.063977970069) (17,0,0.000000000000) (18,0,-0.482490268321) (19,0,0.136944876652) (20,0,0.000000000000) (21,0,0.696209770378) (22,0,0.224112849073) (23,0,0.000000000000) (24,0,-0.978460666096) (25,0,0.452551436279) (26,0,0.000000000000) 
ipopt_sol:
size: 13 1
(0,0,0.000000000000) (1,0,0.873172096660) (2,0,0.667175336545) (3,0,0.000000000000) (4,0,0.340428611214) (5,0,0.817087257099) (6,0,0.000000000000) (7,0,0.473323530067) (8,0,1.126719420665) (9,0,0.000000000000) (10,0,0.000000000000) (11,0,0.550338665045) (12,0,0.714335130587) 
policy_sol:
size: 13 1
(0,0,0.000000000000) (1,0,0.873172085378) (2,0,0.667175334318) (3,0,0.000000000000) (4,0,0.340428606832) (5,0,0.817087255309) (6,0,0.000000000000) (7,0,0.473323521795) (8,0,1.126719406512) (9,0,0.000000000000) (10,0,0.000000000000) (11,0,0.550338659705) (12,0,0.714335140918) 

policy_converges:
1
ipopt_converges:
0
