solve status: 0
N:
size: 27 8
(0,0,-0.001883070877) (1,0,-0.999998227020) (6,0,0.001883070877) (7,0,0.999998227020) (0,1,-0.999977283700) (1,1,0.006740332641) (9,1,0.999977283700) (10,1,-0.006740332641) (0,2,-0.999991212621) (1,2,0.004192216599) (18,2,0.999991212621) (19,2,-0.004192216599) (3,3,-0.001650593920) (4,3,-0.999998637769) (6,3,0.001650593920) (7,3,0.999998637769) (6,4,-0.706498356643) (7,4,0.707714682666) (12,4,0.706498356643) (13,4,-0.707714682666) (6,5,-0.999994292114) (7,5,0.003378718498) (15,5,0.999994292114) (16,5,-0.003378718498) (12,6,0.001711060462) (13,6,-0.999998536135) (15,6,-0.001711060462) (16,6,0.999998536135) (15,7,-0.709510350275) (16,7,0.704695014068) (21,7,0.709510350275) (22,7,-0.704695014068) 
Q:
size: 8 8
(0,0,2.000000000000) (1,0,-0.004857292590) (2,0,-0.002309154837) (3,0,0.999999972977) (4,0,0.706383041423) (5,0,0.001495652379) (0,1,-0.004857292590) (1,1,2.000000000000) (2,1,0.999996753455) (0,2,-0.002309154837) (1,2,0.999996753455) (2,2,2.000000000000) (0,3,0.999999972977) (3,3,2.000000000000) (4,3,0.706547576703) (5,3,0.001728129397) (0,4,0.706383041423) (3,4,0.706547576703) (4,4,2.000000000000) (5,4,0.708885492721) (6,4,0.708922508072) (0,5,0.001495652379) (3,5,0.001728129397) (4,5,0.708885492721) (5,5,2.000000000000) (6,5,-0.005089764247) (7,5,-0.711887266550) (4,6,0.708922508072) (5,6,-0.005089764247) (6,6,2.000000000000) (7,6,0.705907997598) (5,7,-0.711887266550) (6,7,0.705907997598) (7,7,2.000000000000) 
Minv:
size: 27 27
(0,0,1.000000000000) (1,1,1.000000000000) (2,2,2.000000000000) (3,3,1.000000000000) (4,4,1.000000000000) (5,5,2.000000000000) (6,6,1.000000000000) (7,7,1.000000000000) (8,8,2.000000000000) (9,9,1.000000000000) (10,10,1.000000000000) (11,11,2.000000000000) (12,12,1.000000000000) (13,13,1.000000000000) (14,14,2.000000000000) (15,15,1.000000000000) (16,16,1.000000000000) (17,17,2.000000000000) (18,18,1.000000000000) (19,19,1.000000000000) (20,20,2.000000000000) (21,21,1.000000000000) (22,22,1.000000000000) (23,23,2.000000000000) (24,24,1.000000000000) (25,25,1.000000000000) (26,26,2.000000000000) 
v0:
size: 27 1
(0,0,0.250341755260) (1,0,-0.487927605963) (2,0,0.000000000000) (3,0,-0.771658376008) (4,0,-0.325379579258) (5,0,0.000000000000) (6,0,0.122377310933) (7,0,-0.550879320747) (8,0,0.000000000000) (9,0,-0.979989426712) (10,0,-0.686324839579) (11,0,0.000000000000) (12,0,-0.510565361144) (13,0,0.730183489374) (14,0,0.000000000000) (15,0,0.116479573147) (16,0,-0.646093463062) (17,0,0.000000000000) (18,0,-0.592769267305) (19,0,0.140056638157) (20,0,0.000000000000) (21,0,-0.505093439745) (22,0,0.157191176070) (23,0,0.000000000000) (24,0,0.516130501788) (25,0,0.363405184099) (26,0,0.000000000000) 
ipopt_sol:
size: 8 1
(0,0,0.000000000000) (1,0,1.074796624409) (2,0,0.308339692273) (3,0,0.000000000000) (4,0,1.097556230642) (5,0,0.000000000000) (6,0,0.722910317729) (7,0,0.751929075198) 
policy_sol:
size: 8 1
(0,0,0.000000000000) (1,0,1.074796624434) (2,0,0.308339692272) (3,0,0.000000000000) (4,0,1.097556218837) (5,0,0.000000000000) (6,0,0.722910321103) (7,0,0.751929077566) 

policy_converges:
1
ipopt_converges:
0
