solve status: 0
N:
size: 27 11
(0,0,-0.004806514538) (1,0,-0.999988448642) (3,0,0.004806514538) (4,0,0.999988448642) (0,1,-0.002867691190) (1,1,-0.999995888165) (6,1,0.002867691190) (7,1,0.999995888165) (0,2,-0.999999974323) (1,2,-0.000226612327) (9,2,0.999999974323) (10,2,0.000226612327) (0,3,-0.708671415234) (1,3,-0.705538677346) (12,3,0.708671415234) (13,3,0.705538677346) (3,4,-0.707872999138) (4,4,0.706339732063) (9,4,0.707872999138) (10,4,-0.706339732063) (3,5,-0.999995704587) (4,5,-0.002931007874) (12,5,0.999995704587) (13,5,0.002931007874) (3,6,-0.999999535445) (4,6,-0.000963902953) (21,6,0.999999535445) (22,6,0.000963902953) (6,7,-0.709870152412) (7,7,0.704332568262) (12,7,0.709870152412) (13,7,-0.704332568262) (9,8,-0.000641459351) (10,8,-0.999999794265) (12,8,0.000641459351) (13,8,0.999999794265) (9,9,-0.708342631581) (10,9,-0.705868767042) (21,9,0.708342631581) (22,9,0.705868767042) (18,10,-0.003222893731) (19,10,-0.999994806465) (21,10,0.003222893731) (22,10,0.999994806465) 
Q:
size: 11 11
(0,0,2.000000000000) (1,0,0.999998120454) (2,0,0.005033124123) (3,0,0.708936766876) (4,0,0.702929171019) (5,0,-0.007737467909) (6,0,-0.005770404124) (0,1,0.999998120454) (1,1,2.000000000000) (2,1,0.003094302511) (3,1,0.707568027061) (7,1,0.702293983781) (0,2,0.005033124123) (1,2,0.003094302511) (2,2,2.000000000000) (3,2,0.708831280799) (4,2,0.707712915673) (8,2,-0.000868071614) (9,2,-0.708502571957) (0,3,0.708936766876) (1,3,0.707568027061) (2,3,0.708831280799) (3,3,2.000000000000) (5,3,0.710736310616) (7,3,0.006130816919) (8,3,0.705993116097) (0,4,0.702929171019) (2,4,0.707712915673) (4,4,2.000000000000) (5,4,0.705799671215) (6,4,0.707191827339) (8,4,0.705885514990) (9,4,-0.002833467251) (0,5,-0.007737467909) (3,5,0.710736310616) (4,5,0.705799671215) (5,5,2.000000000000) (6,5,0.999998065242) (7,5,0.707802698923) (8,5,0.003572463866) (0,6,-0.005770404124) (4,6,0.707191827339) (5,6,0.999998065242) (6,6,2.000000000000) (9,6,0.709022691506) (10,6,0.004186790180) (1,7,0.702293983781) (3,7,0.006130816919) (5,7,0.707802698923) (7,7,2.000000000000) (8,7,-0.703877070509) (2,8,-0.000868071614) (3,8,0.705993116097) (4,8,0.705885514990) (5,8,0.003572463866) (7,8,-0.703877070509) (8,8,2.000000000000) (9,8,0.706322994824) (2,9,-0.708502571957) (4,9,-0.002833467251) (6,9,0.709022691506) (8,9,0.706322994824) (9,9,2.000000000000) (10,9,0.708148014113) (6,10,0.004186790180) (9,10,0.708148014113) (10,10,2.000000000000) 
Minv:
size: 27 27
(0,0,1.000000000000) (1,1,1.000000000000) (2,2,2.000000000000) (3,3,1.000000000000) (4,4,1.000000000000) (5,5,2.000000000000) (6,6,1.000000000000) (7,7,1.000000000000) (8,8,2.000000000000) (9,9,1.000000000000) (10,10,1.000000000000) (11,11,2.000000000000) (12,12,1.000000000000) (13,13,1.000000000000) (14,14,2.000000000000) (15,15,1.000000000000) (16,16,1.000000000000) (17,17,2.000000000000) (18,18,1.000000000000) (19,19,1.000000000000) (20,20,2.000000000000) (21,21,1.000000000000) (22,22,1.000000000000) (23,23,2.000000000000) (24,24,1.000000000000) (25,25,1.000000000000) (26,26,2.000000000000) 
v0:
size: 27 1
(0,0,0.167116971666) (1,0,0.536652754208) (2,0,0.000000000000) (3,0,0.697051620505) (4,0,-0.568430032783) (5,0,0.000000000000) (6,0,-0.146701388168) (7,0,0.215556692127) (8,0,0.000000000000) (9,0,-0.829127171741) (10,0,0.299031918549) (11,0,0.000000000000) (12,0,-0.664176341722) (13,0,-0.184190151117) (14,0,0.000000000000) (15,0,0.165409510033) (16,0,0.446316964157) (17,0,0.000000000000) (18,0,0.672694236027) (19,0,-0.182386232125) (20,0,0.000000000000) (21,0,0.173432800768) (22,0,-0.993260717348) (23,0,0.000000000000) (24,0,0.832483262033) (25,0,0.920188240551) (26,0,0.000000000000) 
ipopt_sol:
size: 11 1
(0,0,0.762898022284) (1,0,0.000000000000) (2,0,0.705746392795) (3,0,0.185054339935) (4,0,0.785849493881) (5,0,1.019808580920) (6,0,0.000000000000) (7,0,0.000000000000) (8,0,0.084090734622) (9,0,0.155245391742) (10,0,0.757510982558) 
policy_sol:
size: 11 1
(0,0,0.678577286508) (1,0,0.000000000000) (2,0,0.621438332710) (3,0,0.304592594489) (4,0,0.904873830889) (5,0,0.935148805470) (6,0,0.000000000000) (7,0,0.000000000000) (8,0,0.000000000000) (9,0,0.155245384077) (10,0,0.757510985251) 

policy_converges:
1
ipopt_converges:
0
