solve status: 0
N:
size: 27 9
(0,0,-0.999956490578) (1,0,-0.009328287690) (9,0,0.999956490578) (10,0,0.009328287690) (0,1,-0.707799279144) (1,1,-0.706413604373) (12,1,0.707799279144) (13,1,0.706413604373) (0,2,-0.999999494886) (1,2,-0.001005100376) (18,2,0.999999494886) (19,2,0.001005100376) (3,3,-0.002036915479) (4,3,-0.999997925486) (6,3,0.002036915479) (7,3,0.999997925486) (3,4,-0.999983107394) (4,4,0.005812480247) (12,4,0.999983107394) (13,4,-0.005812480247) (6,5,-0.705656752138) (7,5,0.708553842811) (12,5,0.705656752138) (13,5,-0.708553842811) (6,6,-0.999984912025) (7,6,0.005493243289) (15,6,0.999984912025) (16,6,-0.005493243289) (6,7,-0.999998584669) (7,7,0.001682456832) (24,7,0.999998584669) (25,7,-0.001682456832) (15,8,-0.999997681654) (16,8,-0.002153296526) (24,8,0.999997681654) (25,8,0.002153296526) 
Q:
size: 9 9
(0,0,2.000000000000) (1,0,0.714358112536) (2,0,0.999965361352) (0,1,0.714358112536) (1,1,2.000000000000) (2,1,0.708508938204) (4,1,0.703681307448) (5,1,-0.001068733506) (0,2,0.999965361352) (1,2,0.708508938204) (2,2,2.000000000000) (3,3,2.000000000000) (4,3,-0.003775587118) (5,3,0.707115009744) (6,3,0.003456347147) (7,3,-0.000354459254) (1,4,0.703681307448) (3,4,-0.003775587118) (4,4,2.000000000000) (5,4,0.709763286972) (1,5,-0.001068733506) (3,5,0.707115009744) (4,5,0.709763286972) (5,5,2.000000000000) (6,5,0.709538363849) (7,5,0.706847864654) (3,6,0.003456347147) (5,6,0.709538363849) (6,6,2.000000000000) (7,6,0.999992738860) (8,6,-0.999970765133) (3,7,-0.000354459254) (5,7,0.706847864654) (6,7,0.999992738860) (7,7,2.000000000000) (8,7,0.999992643498) (6,8,-0.999970765133) (7,8,0.999992643498) (8,8,2.000000000000) 
Minv:
size: 27 27
(0,0,1.000000000000) (1,1,1.000000000000) (2,2,2.000000000000) (3,3,1.000000000000) (4,4,1.000000000000) (5,5,2.000000000000) (6,6,1.000000000000) (7,7,1.000000000000) (8,8,2.000000000000) (9,9,1.000000000000) (10,10,1.000000000000) (11,11,2.000000000000) (12,12,1.000000000000) (13,13,1.000000000000) (14,14,2.000000000000) (15,15,1.000000000000) (16,16,1.000000000000) (17,17,2.000000000000) (18,18,1.000000000000) (19,19,1.000000000000) (20,20,2.000000000000) (21,21,1.000000000000) (22,22,1.000000000000) (23,23,2.000000000000) (24,24,1.000000000000) (25,25,1.000000000000) (26,26,2.000000000000) 
v0:
size: 27 1
(0,0,0.841438763930) (1,0,-0.144150103363) (2,0,0.000000000000) (3,0,-0.540795209523) (4,0,0.953850090950) (5,0,0.000000000000) (6,0,0.504945388353) (7,0,0.924243441847) (8,0,0.000000000000) (9,0,-0.669490171024) (10,0,-0.504801083353) (11,0,0.000000000000) (12,0,-0.830182205849) (13,0,0.353802301484) (14,0,0.000000000000) (15,0,-0.002810703648) (16,0,0.551518367238) (17,0,0.000000000000) (18,0,-0.543932763589) (19,0,-0.286452668859) (20,0,0.000000000000) (21,0,0.110199525340) (22,0,0.570031115131) (23,0,0.000000000000) (24,0,-0.268558187955) (25,0,0.908704963448) (26,0,0.000000000000) 
ipopt_sol:
size: 9 1
(0,0,1.071929638334) (1,0,0.097350465731) (2,0,0.815080764487) (3,0,0.000000000000) (4,0,0.177795469980) (5,0,0.208089152411) (6,0,0.109217538895) (7,0,0.645324284268) (8,0,0.000000000000) 
policy_sol:
size: 9 1
(0,0,1.071929638557) (1,0,0.097350464801) (2,0,0.815080764705) (3,0,0.000000000000) (4,0,0.177795472168) (5,0,0.208089147222) (6,0,0.109217550083) (7,0,0.645324275520) (8,0,0.000000000000) 

policy_converges:
1
ipopt_converges:
0
