solve status: 0
N:
size: 27 10
(0,0,-0.001740754250) (1,0,-0.999998484886) (3,0,0.001740754250) (4,0,0.999998484886) (3,1,-0.707274173700) (4,1,0.706939349037) (9,1,0.707274173700) (10,1,-0.706939349037) (6,2,-0.999998931787) (7,2,-0.001461651636) (15,2,0.999998931787) (16,2,0.001461651636) (9,3,0.006632729425) (10,3,-0.999978003208) (12,3,-0.006632729425) (13,3,0.999978003208) (9,4,0.003318144543) (10,4,-0.999994494943) (15,4,-0.003318144543) (16,4,0.999994494943) (9,5,-0.999997041432) (10,5,0.002432514764) (18,5,0.999997041432) (19,5,-0.002432514764) (9,6,-0.705523946928) (10,6,-0.708686080229) (21,6,0.705523946928) (22,6,0.708686080229) (12,7,-0.704545963519) (13,7,0.709658358148) (18,7,0.704545963519) (19,7,-0.709658358148) (12,8,-0.999997892063) (13,8,0.002053258087) (21,8,0.999997892063) (22,8,-0.002053258087) (15,9,-0.710565931679) (16,9,0.703630625213) (21,9,0.710565931679) (22,9,-0.703630625213) 
Q:
size: 10 10
(0,0,2.000000000000) (1,0,0.705707087419) (0,1,0.705707087419) (1,1,2.000000000000) (3,1,0.711614956862) (4,1,0.709282295236) (5,1,-0.708991721585) (6,1,0.001999209639) (2,2,2.000000000000) (4,2,-0.001856497409) (9,2,-0.709536709788) (1,3,0.711614956862) (3,3,2.000000000000) (4,3,0.999994506628) (5,3,-0.009065171058) (6,3,0.703990941967) (7,3,0.714315810684) (8,3,0.008685928365) (1,4,0.709282295236) (2,4,-0.001856497409) (3,4,0.999994506628) (4,4,2.000000000000) (5,4,-0.005750636099) (6,4,0.706341148438) (9,4,0.705984512155) (1,5,-0.708991721585) (3,5,-0.009065171058) (4,5,-0.005750636099) (5,5,2.000000000000) (6,5,0.703797970234) (7,5,0.706270133505) (1,6,0.001999209639) (3,6,0.703990941967) (4,6,0.706341148438) (5,6,0.703797970234) (6,6,2.000000000000) (8,6,0.704067344303) (9,6,0.002668050959) (3,7,0.714315810684) (5,7,0.706270133505) (7,7,2.000000000000) (8,7,0.706001590144) (3,8,0.008685928365) (6,8,0.704067344303) (7,8,0.706001590144) (8,8,2.000000000000) (9,8,0.712009169122) (2,9,-0.709536709788) (4,9,0.705984512155) (6,9,0.002668050959) (8,9,0.712009169122) (9,9,2.000000000000) 
Minv:
size: 27 27
(0,0,1.000000000000) (1,1,1.000000000000) (2,2,2.000000000000) (3,3,1.000000000000) (4,4,1.000000000000) (5,5,2.000000000000) (6,6,1.000000000000) (7,7,1.000000000000) (8,8,2.000000000000) (9,9,1.000000000000) (10,10,1.000000000000) (11,11,2.000000000000) (12,12,1.000000000000) (13,13,1.000000000000) (14,14,2.000000000000) (15,15,1.000000000000) (16,16,1.000000000000) (17,17,2.000000000000) (18,18,1.000000000000) (19,19,1.000000000000) (20,20,2.000000000000) (21,21,1.000000000000) (22,22,1.000000000000) (23,23,2.000000000000) (24,24,1.000000000000) (25,25,1.000000000000) (26,26,2.000000000000) 
v0:
size: 27 1
(0,0,-0.207928014656) (1,0,0.130936655821) (2,0,0.000000000000) (3,0,-0.149420064101) (4,0,-0.862386326869) (5,0,0.000000000000) (6,0,-0.132502558238) (7,0,0.506991438053) (8,0,0.000000000000) (9,0,0.854318182400) (10,0,0.410737344772) (11,0,0.000000000000) (12,0,0.829288446247) (13,0,-0.554797821401) (14,0,0.000000000000) (15,0,-0.196536432693) (16,0,0.156479201823) (17,0,0.000000000000) (18,0,-0.106826313632) (19,0,-0.869423878453) (20,0,0.000000000000) (21,0,0.369318458002) (22,0,0.778319106574) (23,0,0.000000000000) (24,0,0.694801553352) (25,0,0.955611424315) (26,0,0.000000000000) 
ipopt_sol:
size: 10 1
(0,0,0.993219633258) (1,0,0.000000000000) (2,0,0.064546129282) (3,0,0.967718886804) (4,0,0.000000000000) (5,0,0.962413913444) (6,0,0.000000000000) (7,0,0.000000000000) (8,0,0.458503493916) (9,0,0.000000000000) 
policy_sol:
size: 10 1
(0,0,0.993219629729) (1,0,0.000000000000) (2,0,0.064546132837) (3,0,0.967718871185) (4,0,0.000000000000) (5,0,0.962413909896) (6,0,0.000000000000) (7,0,0.000000000000) (8,0,0.458503483374) (9,0,0.000000000000) 

policy_converges:
1
ipopt_converges:
0
