solve status: 0
N:
size: 27 9
(0,0,0.002164987778) (1,0,-0.999997656411) (3,0,-0.002164987778) (4,0,0.999997656411) (3,1,-0.707917496158) (4,1,0.706295135643) (9,1,0.707917496158) (10,1,-0.706295135643) (3,2,-0.999990060642) (4,2,-0.004458544342) (12,2,0.999990060642) (13,2,0.004458544342) (6,3,-0.708242035124) (7,3,0.705969701675) (12,3,0.708242035124) (13,3,-0.705969701675) (9,4,-0.002341995645) (10,4,-0.999997257524) (12,4,0.002341995645) (13,4,0.999997257524) (9,5,0.001744724246) (10,5,-0.999998477967) (15,5,-0.001744724246) (16,5,0.999998477967) (9,6,-0.999999589951) (10,6,0.000905592754) (18,6,0.999999589951) (19,6,-0.000905592754) (15,7,-0.709018584510) (16,7,0.705189794892) (21,7,0.709018584510) (22,7,-0.705189794892) (21,8,0.003411605555) (22,8,-0.999994180457) (24,8,-0.003411605555) (25,8,0.999994180457) 
Q:
size: 9 9
(0,0,2.000000000000) (1,0,0.707826113104) (2,0,-0.002293567634) (0,1,0.707826113104) (1,1,2.000000000000) (2,1,0.704761411732) (4,1,0.704635258952) (5,1,0.707529181458) (6,1,-0.708556821634) (0,2,-0.002293567634) (1,2,0.704761411732) (2,2,2.000000000000) (3,2,0.705087398434) (4,2,0.006800504482) (2,3,0.705087398434) (3,3,2.000000000000) (4,3,-0.704309065808) (1,4,0.704635258952) (2,4,0.006800504482) (3,4,-0.704309065808) (4,4,2.000000000000) (5,4,0.999991649360) (6,4,0.001436404415) (1,5,0.707529181458) (4,5,0.999991649360) (5,5,2.000000000000) (6,5,-0.002650314906) (7,5,0.706425763485) (1,6,-0.708556821634) (4,6,0.001436404415) (5,6,-0.002650314906) (6,6,2.000000000000) (5,7,0.706425763485) (7,7,2.000000000000) (8,7,0.707604582750) (7,8,0.707604582750) (8,8,2.000000000000) 
Minv:
size: 27 27
(0,0,1.000000000000) (1,1,1.000000000000) (2,2,2.000000000000) (3,3,1.000000000000) (4,4,1.000000000000) (5,5,2.000000000000) (6,6,1.000000000000) (7,7,1.000000000000) (8,8,2.000000000000) (9,9,1.000000000000) (10,10,1.000000000000) (11,11,2.000000000000) (12,12,1.000000000000) (13,13,1.000000000000) (14,14,2.000000000000) (15,15,1.000000000000) (16,16,1.000000000000) (17,17,2.000000000000) (18,18,1.000000000000) (19,19,1.000000000000) (20,20,2.000000000000) (21,21,1.000000000000) (22,22,1.000000000000) (23,23,2.000000000000) (24,24,1.000000000000) (25,25,1.000000000000) (26,26,2.000000000000) 
v0:
size: 27 1
(0,0,-0.818527451519) (1,0,-0.901750269148) (2,0,0.000000000000) (3,0,0.018066605318) (4,0,-0.989521175739) (5,0,0.000000000000) (6,0,0.391232903030) (7,0,-0.054201914332) (8,0,0.000000000000) (9,0,0.697079806126) (10,0,0.326044407551) (11,0,0.000000000000) (12,0,-0.843103019029) (13,0,-0.412201540458) (14,0,0.000000000000) (15,0,0.732252841297) (16,0,-0.070090908340) (17,0,0.000000000000) (18,0,-0.180096677835) (19,0,-0.790865028471) (20,0,0.000000000000) (21,0,0.663328889767) (22,0,0.364335032745) (23,0,0.000000000000) (24,0,0.800907433970) (25,0,-0.691405503693) (26,0,0.000000000000) 
ipopt_sol:
size: 9 1
(0,0,0.000000000000) (1,0,0.314236360267) (2,0,0.472615710085) (3,0,0.772040194590) (4,0,0.900701707587) (5,0,0.000000000000) (6,0,0.986844931552) (7,0,0.000000000000) (8,0,1.056203759772) 
policy_sol:
size: 9 1
(0,0,0.000000000000) (1,0,0.314236351783) (2,0,0.472615713927) (3,0,0.772040192231) (4,0,0.900701704734) (5,0,0.000000000000) (6,0,0.986844928562) (7,0,0.000000000000) (8,0,1.056203756235) 

policy_converges:
1
ipopt_converges:
0
