solve status: 0
N:
size: 27 12
(0,0,-0.711469000579) (1,0,-0.702717483214) (12,0,0.711469000579) (13,0,0.702717483214) (3,1,0.004533985531) (4,1,-0.999989721435) (6,1,-0.004533985531) (7,1,0.999989721435) (3,2,-0.707679325071) (4,2,0.706533773338) (9,2,0.707679325071) (10,2,-0.706533773338) (3,3,-0.999984278156) (4,3,0.005607445051) (12,3,0.999984278156) (13,3,-0.005607445051) (3,4,-0.999999095100) (4,4,-0.001345287524) (21,4,0.999999095100) (22,4,0.001345287524) (9,5,0.000700730596) (10,5,-0.999999754488) (12,5,-0.000700730596) (13,5,0.999999754488) (9,6,0.002336577290) (10,6,-0.999997270200) (15,6,-0.002336577290) (16,6,0.999997270200) (9,7,-0.999991012795) (10,7,0.004239614316) (18,7,0.999991012795) (19,7,-0.004239614316) (9,8,-0.705852777242) (10,8,-0.708358565177) (21,8,0.705852777242) (22,8,0.708358565177) (12,9,-0.999965509933) (13,9,-0.008305356331) (21,9,0.999965509933) (22,9,0.008305356331) (15,10,-0.709710528971) (16,10,0.704493410238) (21,10,0.709710528971) (22,10,-0.704493410238) (15,11,-0.999999296199) (16,11,0.001186424205) (24,11,0.999999296199) (25,11,-0.001186424205) 
Q:
size: 12 12
(0,0,2.000000000000) (3,0,0.707517365302) (5,0,0.702218762592) (9,0,-0.717280781064) (1,1,2.000000000000) (2,1,-0.709735119005) (3,1,-0.010141301663) (4,1,-0.003188707732) (1,2,-0.709735119005) (2,2,2.000000000000) (3,2,0.711630048358) (4,2,0.706728193622) (5,2,0.707029492430) (6,2,0.708185392081) (7,2,-0.710668395712) (8,2,0.000961832932) (0,3,0.707517365302) (1,3,-0.010141301663) (2,3,0.711630048358) (3,3,2.000000000000) (4,3,0.999975829645) (5,3,-0.006308163253) (9,3,-0.999903216803) (1,4,-0.003188707732) (2,4,0.706728193622) (3,4,0.999975829645) (4,4,2.000000000000) (8,4,0.706805084457) (9,4,0.999975778157) (10,4,0.708762140558) (0,5,0.702218762592) (2,5,0.707029492430) (3,5,-0.006308163253) (5,5,2.000000000000) (6,5,0.999998662000) (7,5,-0.004940337574) (8,5,0.707863778629) (9,5,-0.007604647864) (2,6,0.708185392081) (5,6,0.999998662000) (6,6,2.000000000000) (7,6,-0.006576159033) (8,6,0.706707351930) (10,6,0.706149780616) (11,6,0.003522996611) (2,7,-0.710668395712) (5,7,-0.004940337574) (6,7,-0.006576159033) (7,7,2.000000000000) (8,7,0.702843266485) (2,8,0.000961832932) (4,8,0.706805084457) (5,8,0.707863778629) (6,8,0.706707351930) (7,8,0.702843266485) (8,8,2.000000000000) (9,8,0.711711602627) (10,8,0.001917206660) (0,9,-0.717280781064) (3,9,-0.999903216803) (4,9,0.999975778157) (5,9,-0.007604647864) (8,9,0.711711602627) (9,9,2.000000000000) (10,9,0.703834982202) (4,10,0.708762140558) (6,10,0.706149780616) (8,10,0.001917206660) (9,10,0.703834982202) (10,10,2.000000000000) (11,10,0.710545857509) (6,11,0.003522996611) (10,11,0.710545857509) (11,11,2.000000000000) 
Minv:
size: 27 27
(0,0,1.000000000000) (1,1,1.000000000000) (2,2,2.000000000000) (3,3,1.000000000000) (4,4,1.000000000000) (5,5,2.000000000000) (6,6,1.000000000000) (7,7,1.000000000000) (8,8,2.000000000000) (9,9,1.000000000000) (10,10,1.000000000000) (11,11,2.000000000000) (12,12,1.000000000000) (13,13,1.000000000000) (14,14,2.000000000000) (15,15,1.000000000000) (16,16,1.000000000000) (17,17,2.000000000000) (18,18,1.000000000000) (19,19,1.000000000000) (20,20,2.000000000000) (21,21,1.000000000000) (22,22,1.000000000000) (23,23,2.000000000000) (24,24,1.000000000000) (25,25,1.000000000000) (26,26,2.000000000000) 
v0:
size: 27 1
(0,0,0.319884904149) (1,0,-0.553366295087) (2,0,0.000000000000) (3,0,0.433296714621) (4,0,-0.203405401450) (5,0,0.000000000000) (6,0,0.194627049063) (7,0,-0.276795126782) (8,0,0.000000000000) (9,0,0.688570118250) (10,0,0.916339393438) (11,0,0.000000000000) (12,0,0.029459978547) (13,0,-0.496335932923) (14,0,0.000000000000) (15,0,0.862243569676) (16,0,-0.138564231574) (17,0,0.000000000000) (18,0,0.586209930026) (19,0,-0.992413210851) (20,0,0.000000000000) (21,0,-0.630984473025) (22,0,-0.783095529161) (23,0,0.000000000000) (24,0,-0.012390483240) (25,0,0.603085142528) (26,0,0.000000000000) 
ipopt_sol:
size: 12 1
(0,0,0.000000000000) (1,0,0.206236452562) (2,0,0.373517511045) (3,0,0.272225177321) (4,0,0.000000000000) (5,0,0.600735184796) (6,0,0.000000000000) (7,0,0.000000000000) (8,0,1.922100374081) (9,0,0.000000000000) (10,0,0.335098669596) (11,0,0.756461862364) 
policy_sol:
size: 12 1
(0,0,0.000000000000) (1,0,0.206236452084) (2,0,0.373517509699) (3,0,0.272225174248) (4,0,0.000000000000) (5,0,0.600735181362) (6,0,0.000000000000) (7,0,0.000000000000) (8,0,1.922100361231) (9,0,0.000000000000) (10,0,0.335098657565) (11,0,0.756461866621) 

policy_converges:
1
ipopt_converges:
0
