solve status: 0
N:
size: 27 14
(0,0,-0.999956637573) (1,0,-0.009312516992) (9,0,0.999956637573) (10,0,0.009312516992) (0,1,-0.703893367073) (1,1,-0.710305658003) (12,1,0.703893367073) (13,1,0.710305658003) (0,2,-0.999988543787) (1,2,-0.004786678894) (18,2,0.999988543787) (19,2,0.004786678894) (3,3,-0.005601688815) (4,3,-0.999984310418) (6,3,0.005601688815) (7,3,0.999984310418) (3,4,-0.709201665666) (4,4,0.705005671904) (9,4,0.709201665666) (10,4,-0.705005671904) (3,5,-0.999986052832) (4,5,0.005281490381) (12,5,0.999986052832) (13,5,-0.005281490381) (3,6,-0.710136912161) (4,6,-0.704063609333) (15,6,0.710136912161) (16,6,0.704063609333) (3,7,-0.999992904949) (4,7,0.003766968410) (21,7,0.999992904949) (22,7,-0.003766968410) (6,8,-0.704842776625) (7,8,0.709363559988) (12,8,0.704842776625) (13,8,-0.709363559988) (6,9,-0.999986496684) (7,9,0.005196773032) (15,9,0.999986496684) (16,9,-0.005196773032) (9,10,0.002724140208) (10,10,-0.999996289523) (12,10,-0.002724140208) (13,10,0.999996289523) (9,11,0.001912474506) (10,11,-0.999998171219) (15,11,-0.001912474506) (16,11,0.999998171219) (9,12,-0.999999958007) (10,12,-0.000289804999) (18,12,0.999999958007) (19,12,0.000289804999) (9,13,-0.709037492199) (10,13,-0.705170784035) (21,13,0.709037492199) (22,13,0.705170784035) 
Q:
size: 14 14
(0,0,2.000000000000) (1,0,0.710477578058) (2,0,0.999989757886) (4,0,0.702605535662) (10,0,-0.006588460356) (11,0,-0.007400108385) (12,0,-0.999959294396) (13,0,-0.715573661522) (0,1,0.710477578058) (1,1,2.000000000000) (2,1,0.707285308222) (5,1,0.700132077254) (8,1,-0.007730794945) (10,1,0.708385518207) (0,2,0.999989757886) (1,2,0.707285308222) (2,2,2.000000000000) (12,2,0.999989888997) (3,3,2.000000000000) (4,3,-0.701021883622) (5,3,0.000320203171) (6,3,0.708030528867) (7,3,0.001834739763) (8,3,0.705404120472) (9,3,-0.000404921676) (0,4,0.702605535662) (3,4,-0.701021883622) (4,4,2.000000000000) (5,4,0.712915254986) (6,4,0.007261442995) (7,4,0.711852367939) (10,4,0.706935020770) (11,4,0.706360712708) (12,4,-0.708997321717) (13,4,-0.005701168082) (1,5,0.700132077254) (3,5,0.000320203171) (4,5,0.712915254986) (5,5,2.000000000000) (6,5,0.706408502582) (7,5,0.999998853088) (8,5,0.708579442884) (10,5,-0.008005572998) (3,6,0.708030528867) (4,6,0.007261442995) (5,6,0.706408502582) (6,6,2.000000000000) (7,6,0.707479688329) (9,6,0.706468464180) (11,6,0.702704203014) (3,7,0.001834739763) (4,7,0.711852367939) (5,7,0.999998853088) (6,7,0.707479688329) (7,7,2.000000000000) (13,7,0.706376105475) (1,8,-0.007730794945) (3,8,0.705404120472) (5,8,0.708579442884) (8,8,2.000000000000) (9,8,0.708519660329) (10,8,-0.711281018459) (3,9,-0.000404921676) (6,9,0.706468464180) (8,9,0.708519660329) (9,9,2.000000000000) (11,9,-0.007109212210) (0,10,-0.006588460356) (1,10,0.708385518207) (4,10,0.706935020770) (5,10,-0.008005572998) (8,10,-0.711281018459) (10,10,2.000000000000) (11,10,0.999999670598) (12,10,-0.002434336171) (13,10,0.703236649973) (0,11,-0.007400108385) (4,11,0.706360712708) (6,11,0.702704203014) (9,11,-0.007109212210) (10,11,0.999999670598) (11,11,2.000000000000) (12,11,-0.001622669957) (13,11,0.703813478304) (0,12,-0.999959294396) (2,12,0.999989888997) (4,12,-0.708997321717) (10,12,-0.002434336171) (11,12,-0.001622669957) (12,12,2.000000000000) (13,12,0.709241824442) (0,13,-0.715573661522) (4,13,-0.005701168082) (7,13,0.706376105475) (10,13,0.703236649973) (11,13,0.703813478304) (12,13,0.709241824442) (13,13,2.000000000000) 
Minv:
size: 27 27
(0,0,1.000000000000) (1,1,1.000000000000) (2,2,2.000000000000) (3,3,1.000000000000) (4,4,1.000000000000) (5,5,2.000000000000) (6,6,1.000000000000) (7,7,1.000000000000) (8,8,2.000000000000) (9,9,1.000000000000) (10,10,1.000000000000) (11,11,2.000000000000) (12,12,1.000000000000) (13,13,1.000000000000) (14,14,2.000000000000) (15,15,1.000000000000) (16,16,1.000000000000) (17,17,2.000000000000) (18,18,1.000000000000) (19,19,1.000000000000) (20,20,2.000000000000) (21,21,1.000000000000) (22,22,1.000000000000) (23,23,2.000000000000) (24,24,1.000000000000) (25,25,1.000000000000) (26,26,2.000000000000) 
v0:
size: 27 1
(0,0,0.993109943566) (1,0,0.266663868744) (2,0,0.000000000000) (3,0,0.954104474862) (4,0,0.459178874850) (5,0,0.000000000000) (6,0,0.194016854414) (7,0,-0.244536890007) (8,0,0.000000000000) (9,0,0.339569488998) (10,0,0.950101967675) (11,0,0.000000000000) (12,0,-0.966202348851) (13,0,-0.556721596908) (14,0,0.000000000000) (15,0,-0.679528661733) (16,0,0.077855644076) (17,0,0.000000000000) (18,0,0.078454390670) (19,0,-0.700889953631) (20,0,0.000000000000) (21,0,0.133961304967) (22,0,-0.031695397885) (23,0,0.000000000000) (24,0,0.897208597731) (25,0,0.544107537224) (26,0,0.000000000000) 
ipopt_sol:
size: 14 1
(0,0,0.354373828112) (1,0,0.801038450792) (2,0,0.458809985791) (3,0,0.543602062544) (4,0,0.000000000000) (5,0,1.474571996433) (6,0,0.464014985113) (7,0,0.000000000000) (8,0,0.000000000000) (9,0,0.711413205900) (10,0,1.012511220085) (11,0,0.000000000000) (12,0,0.000000000000) (13,0,0.608891529406) 
policy_sol:
size: 14 1
(0,0,0.354373826442) (1,0,0.801038461887) (2,0,0.458809977708) (3,0,0.543602062622) (4,0,0.000000000000) (5,0,1.474571980527) (6,0,0.464014984820) (7,0,0.000000000000) (8,0,0.000000000000) (9,0,0.711413202501) (10,0,1.012511214333) (11,0,0.000000000000) (12,0,0.000000000000) (13,0,0.608891520270) 

policy_converges:
1
ipopt_converges:
0
