solve status: 0
N:
size: 27 13
(0,0,-0.000114246489) (1,0,-0.999999993474) (3,0,0.000114246489) (4,0,0.999999993474) (0,1,-0.001105551017) (1,1,-0.999999388878) (6,1,0.001105551017) (7,1,0.999999388878) (3,2,-0.709270714659) (4,2,0.704936205147) (9,2,0.709270714659) (10,2,-0.704936205147) (3,3,-0.999999684272) (4,3,0.000794641874) (12,3,0.999999684272) (13,3,-0.000794641874) (3,4,-0.706509041528) (4,4,-0.707704015983) (15,4,0.706509041528) (16,4,0.707704015983) (3,5,-0.999999547020) (4,5,-0.000951819271) (21,5,0.999999547020) (22,5,0.000951819271) (6,6,-0.999976981975) (7,6,-0.006784948128) (15,6,0.999976981975) (16,6,0.006784948128) (9,7,0.003425102196) (10,7,-0.999994134320) (12,7,-0.003425102196) (13,7,0.999994134320) (12,8,-0.711719625875) (13,8,0.702463646137) (18,8,0.711719625875) (19,8,-0.702463646137) (15,9,-0.706282262589) (16,9,0.707930339477) (21,9,0.706282262589) (22,9,-0.707930339477) (18,10,-0.000131422585) (19,10,-0.999999991364) (21,10,0.000131422585) (22,10,0.999999991364) (18,11,-0.000015077413) (19,11,-0.999999999886) (24,11,0.000015077413) (25,11,0.999999999886) (21,12,0.000100667701) (22,12,-0.999999994933) (24,12,-0.000100667701) (25,12,0.999999994933) 
Q:
size: 13 13
(0,0,2.000000000000) (1,0,0.999999508657) (2,0,0.704855168858) (3,0,0.000680395416) (4,0,-0.707784727542) (5,0,-0.001066065702) (0,1,0.999999508657) (1,1,2.000000000000) (6,1,-0.007890469551) (0,2,0.704855168858) (2,2,2.000000000000) (3,2,0.709830662550) (4,2,0.002219989403) (5,2,0.708599421509) (7,2,0.707361394899) (0,3,0.000680395416) (2,3,0.709830662550) (3,3,2.000000000000) (4,3,0.705946447218) (5,3,0.999998474937) (7,3,-0.004219738328) (8,3,-0.712277608194) (0,4,-0.707784727542) (2,4,0.002219989403) (3,4,0.705946447218) (4,4,2.000000000000) (5,4,0.707182327814) (6,4,0.711294514123) (9,4,0.002010339894) (0,5,-0.001066065702) (2,5,0.708599421509) (3,5,0.999998474937) (4,5,0.707182327814) (5,5,2.000000000000) (9,5,0.705608120918) (10,5,0.001083241788) (12,5,-0.000851151611) (1,6,-0.007890469551) (4,6,0.711294514123) (6,6,2.000000000000) (9,6,-0.701462734734) (2,7,0.707361394899) (3,7,-0.004219738328) (7,7,2.000000000000) (8,7,0.704897238164) (3,8,-0.712277608194) (7,8,0.704897238164) (8,8,2.000000000000) (10,8,0.702370104038) (11,8,0.702452915166) (4,9,0.002010339894) (5,9,0.705608120918) (6,9,-0.701462734734) (9,9,2.000000000000) (10,9,-0.707837511922) (12,9,0.708001435701) (5,10,0.001083241788) (8,10,0.702370104038) (9,10,-0.707837511922) (10,10,2.000000000000) (11,10,0.999999993232) (12,10,-0.999999973067) (8,11,0.702452915166) (10,11,0.999999993232) (11,11,2.000000000000) (12,11,0.999999993302) (5,12,-0.000851151611) (9,12,0.708001435701) (10,12,-0.999999973067) (11,12,0.999999993302) (12,12,2.000000000000) 
Minv:
size: 27 27
(0,0,1.000000000000) (1,1,1.000000000000) (2,2,2.000000000000) (3,3,1.000000000000) (4,4,1.000000000000) (5,5,2.000000000000) (6,6,1.000000000000) (7,7,1.000000000000) (8,8,2.000000000000) (9,9,1.000000000000) (10,10,1.000000000000) (11,11,2.000000000000) (12,12,1.000000000000) (13,13,1.000000000000) (14,14,2.000000000000) (15,15,1.000000000000) (16,16,1.000000000000) (17,17,2.000000000000) (18,18,1.000000000000) (19,19,1.000000000000) (20,20,2.000000000000) (21,21,1.000000000000) (22,22,1.000000000000) (23,23,2.000000000000) (24,24,1.000000000000) (25,25,1.000000000000) (26,26,2.000000000000) 
v0:
size: 27 1
(0,0,-0.947273234953) (1,0,-0.054605105922) (2,0,0.000000000000) (3,0,0.940711897513) (4,0,-0.286441247399) (5,0,0.000000000000) (6,0,0.523707770951) (7,0,-0.128326736375) (8,0,0.000000000000) (9,0,-0.274109009402) (10,0,-0.764956359786) (11,0,0.000000000000) (12,0,0.238867231943) (13,0,-0.822543865995) (14,0,0.000000000000) (15,0,0.341269684071) (16,0,-0.632375008483) (17,0,0.000000000000) (18,0,-0.042180949540) (19,0,0.499312260749) (20,0,0.000000000000) (21,0,0.239785749886) (22,0,-0.584450580202) (23,0,0.000000000000) (24,0,0.876418659600) (25,0,-0.889160776999) (26,0,0.000000000000) 
ipopt_sol:
size: 13 1
(0,0,0.354297657618) (1,0,0.000000000000) (2,0,0.089865710391) (3,0,0.870909818027) (4,0,0.436982147464) (5,0,0.000000000000) (6,0,0.137542491322) (7,0,0.000000000000) (8,0,0.998907227865) (9,0,0.305362378618) (10,0,1.252447785084) (11,0,0.000000000000) (12,0,0.822899662029) 
policy_sol:
size: 13 1
(0,0,0.354297652601) (1,0,0.000000000000) (2,0,0.089865706615) (3,0,0.870909813714) (4,0,0.436982143636) (5,0,0.000000000000) (6,0,0.137542491457) (7,0,0.000000000000) (8,0,0.998907222167) (9,0,0.305362375009) (10,0,1.252447778960) (11,0,0.000000000000) (12,0,0.822899656280) 

policy_converges:
1
ipopt_converges:
0
