solve status: 0
N:
size: 27 7
(0,0,-0.999999691427) (1,0,-0.000785586284) (9,0,0.999999691427) (10,0,0.000785586284) (3,1,0.001366410833) (4,1,-0.999999066460) (6,1,-0.001366410833) (7,1,0.999999066460) (3,2,-0.707284474316) (4,2,0.706929043392) (9,2,0.707284474316) (10,2,-0.706929043392) (3,3,-0.999991048042) (4,3,0.004231292424) (12,3,0.999991048042) (13,3,-0.004231292424) (3,4,-0.709511766228) (4,4,-0.704693588437) (15,4,0.709511766228) (16,4,0.704693588437) (12,5,-0.708662025815) (13,5,0.705548108330) (18,5,0.708662025815) (19,5,-0.705548108330) (18,6,0.001480069404) (19,6,-0.999998904697) (21,6,-0.001480069404) (22,6,0.999998904697) 
Q:
size: 7 7
(0,0,2.000000000000) (2,0,0.706728902307) (1,1,2.000000000000) (2,1,-0.707894824614) (3,1,-0.005597687075) (4,1,0.703723446014) (0,2,0.706728902307) (1,2,-0.707894824614) (2,2,2.000000000000) (3,2,0.710269366241) (4,2,0.003658292239) (1,3,-0.005597687075) (2,3,0.710269366241) (3,3,2.000000000000) (4,3,0.706523650067) (5,3,-0.711641062268) (1,4,0.703723446014) (2,4,0.003658292239) (3,4,0.706523650067) (4,4,2.000000000000) (3,5,-0.711641062268) (5,5,2.000000000000) (6,5,0.706596204523) (5,6,0.706596204523) (6,6,2.000000000000) 
Minv:
size: 27 27
(0,0,1.000000000000) (1,1,1.000000000000) (2,2,2.000000000000) (3,3,1.000000000000) (4,4,1.000000000000) (5,5,2.000000000000) (6,6,1.000000000000) (7,7,1.000000000000) (8,8,2.000000000000) (9,9,1.000000000000) (10,10,1.000000000000) (11,11,2.000000000000) (12,12,1.000000000000) (13,13,1.000000000000) (14,14,2.000000000000) (15,15,1.000000000000) (16,16,1.000000000000) (17,17,2.000000000000) (18,18,1.000000000000) (19,19,1.000000000000) (20,20,2.000000000000) (21,21,1.000000000000) (22,22,1.000000000000) (23,23,2.000000000000) (24,24,1.000000000000) (25,25,1.000000000000) (26,26,2.000000000000) 
v0:
size: 27 1
(0,0,-0.586433746186) (1,0,-0.778136062616) (2,0,0.000000000000) (3,0,0.332653857013) (4,0,0.598668937509) (5,0,0.000000000000) (6,0,-0.790716970786) (7,0,0.412500682820) (8,0,0.000000000000) (9,0,-0.876247753066) (10,0,-0.416758750307) (11,0,0.000000000000) (12,0,-0.070999190784) (13,0,-0.129053168514) (14,0,0.000000000000) (15,0,0.081386938568) (16,0,0.269429537845) (17,0,0.000000000000) (18,0,-0.296382304324) (19,0,0.027887961361) (20,0,0.000000000000) (21,0,0.471557970804) (22,0,-0.313115782280) (23,0,0.000000000000) (24,0,0.967988248724) (25,0,0.173470069922) (26,0,0.000000000000) 
ipopt_sol:
size: 7 1
(0,0,0.289530027925) (1,0,0.111607493488) (2,0,0.000000000000) (3,0,0.452578556544) (4,0,0.211140597308) (5,0,0.354908875391) (6,0,0.216751342893) 
policy_sol:
size: 7 1
(0,0,0.289530024392) (1,0,0.111607496917) (2,0,0.000000000000) (3,0,0.452578552289) (4,0,0.211140597587) (5,0,0.354908873661) (6,0,0.216751343504) 

policy_converges:
1
ipopt_converges:
0
