solve status: 0
N:
size: 27 7
(0,0,-0.005874979002) (1,0,-0.999982742162) (3,0,0.005874979002) (4,0,0.999982742162) (0,1,-0.004382318712) (1,1,-0.999990397595) (6,1,0.004382318712) (7,1,0.999990397595) (0,2,-0.707999644822) (1,2,-0.706212788706) (12,2,0.707999644822) (13,2,0.706212788706) (12,3,-0.707886974271) (13,3,-0.706325726318) (24,3,0.707886974271) (25,3,0.706325726318) (15,4,-0.705581155751) (16,4,0.708629122073) (21,4,0.705581155751) (22,4,-0.708629122073) (15,5,-0.999993326941) (16,5,0.003653227701) (24,5,0.999993326941) (25,5,-0.003653227701) (21,6,-0.000770769614) (22,6,-0.999999702957) (24,6,0.000770769614) (25,6,0.999999702957) 
Q:
size: 7 7
(0,0,2.000000000000) (1,0,0.999998885953) (2,0,0.710360084047) (0,1,0.999998885953) (1,1,2.000000000000) (2,1,0.709308687457) (0,2,0.710360084047) (1,2,0.709308687457) (2,2,2.000000000000) (3,2,-0.999999987275) (2,3,-0.999999987275) (3,3,2.000000000000) (5,3,0.705301881790) (6,3,0.706871134278) (4,4,2.000000000000) (5,4,0.708165230905) (6,4,0.708085071065) (3,5,0.705301881790) (4,5,0.708165230905) (5,5,2.000000000000) (6,5,-0.002882462146) (3,6,0.706871134278) (4,6,0.708085071065) (5,6,-0.002882462146) (6,6,2.000000000000) 
Minv:
size: 27 27
(0,0,1.000000000000) (1,1,1.000000000000) (2,2,2.000000000000) (3,3,1.000000000000) (4,4,1.000000000000) (5,5,2.000000000000) (6,6,1.000000000000) (7,7,1.000000000000) (8,8,2.000000000000) (9,9,1.000000000000) (10,10,1.000000000000) (11,11,2.000000000000) (12,12,1.000000000000) (13,13,1.000000000000) (14,14,2.000000000000) (15,15,1.000000000000) (16,16,1.000000000000) (17,17,2.000000000000) (18,18,1.000000000000) (19,19,1.000000000000) (20,20,2.000000000000) (21,21,1.000000000000) (22,22,1.000000000000) (23,23,2.000000000000) (24,24,1.000000000000) (25,25,1.000000000000) (26,26,2.000000000000) 
v0:
size: 27 1
(0,0,-0.754712396309) (1,0,0.723418616864) (2,0,0.000000000000) (3,0,-0.903887651857) (4,0,-0.663914649996) (5,0,0.000000000000) (6,0,-0.654892059623) (7,0,-0.179882416506) (8,0,0.000000000000) (9,0,-0.273218372502) (10,0,-0.492200692244) (11,0,0.000000000000) (12,0,-0.345716540653) (13,0,-0.150715211036) (14,0,0.000000000000) (15,0,0.844145205058) (16,0,0.552299356759) (17,0,0.000000000000) (18,0,0.148654895988) (19,0,-0.482772927911) (20,0,0.000000000000) (21,0,-0.169693178613) (22,0,-0.101328122043) (23,0,0.000000000000) (24,0,-0.318738200661) (25,0,-0.432437897262) (26,0,0.000000000000) 
ipopt_sol:
size: 7 1
(0,0,1.249010769938) (1,0,0.278350229285) (2,0,0.000000000000) (3,0,0.000000000000) (4,0,0.000000000000) (5,0,1.159757963502) (6,0,0.332896042528) 
policy_sol:
size: 7 1
(0,0,1.249010767566) (1,0,0.278350226924) (2,0,0.000000000000) (3,0,0.000000000000) (4,0,0.000000000000) (5,0,1.159757956425) (6,0,0.332896035443) 

policy_converges:
1
ipopt_converges:
0
