solve status: 0
N:
size: 27 9
(0,0,0.002682311842) (1,0,-0.999996402595) (3,0,-0.002682311842) (4,0,0.999996402595) (0,1,-0.708250467128) (1,1,-0.705961242430) (12,1,0.708250467128) (13,1,0.705961242430) (3,2,-0.999987380711) (4,2,0.005023785224) (12,2,0.999987380711) (13,2,-0.005023785224) (6,3,-0.999996167856) (7,3,0.002768442232) (24,3,0.999996167856) (25,3,-0.002768442232) (9,4,-0.999993295425) (10,4,-0.003661844573) (18,4,0.999993295425) (19,4,0.003661844573) (12,5,-0.704726458776) (13,5,-0.709479117594) (24,5,0.704726458776) (25,5,0.709479117594) (15,6,-0.705686372363) (16,6,0.708524342462) (21,6,0.705686372363) (22,6,-0.708524342462) (15,7,-0.999986249019) (16,7,0.005244213221) (24,7,0.999986249019) (25,7,-0.005244213221) (21,8,0.004048051164) (22,8,-0.999991806607) (24,8,-0.004048051164) (25,8,0.999991806607) 
Q:
size: 9 9
(0,0,2.000000000000) (1,0,0.704058954187) (2,0,0.007706045144) (0,1,0.704058954187) (1,1,2.000000000000) (2,1,0.704694931852) (5,1,-0.999987602960) (0,2,0.007706045144) (1,2,0.704694931852) (2,2,2.000000000000) (5,2,-0.701153294922) (3,3,2.000000000000) (5,3,0.702759606211) (7,3,0.999996935230) (8,3,-0.006816455201) (4,4,2.000000000000) (1,5,-0.999987602960) (2,5,-0.701153294922) (3,5,0.702759606211) (5,5,2.000000000000) (7,5,0.700996108327) (8,5,0.706620535791) (6,6,2.000000000000) (7,6,0.709392321208) (8,6,0.711375191784) (3,7,0.999996935230) (5,7,0.700996108327) (6,7,0.709392321208) (7,7,2.000000000000) (8,7,-0.009292165752) (3,8,-0.006816455201) (5,8,0.706620535791) (6,8,0.711375191784) (7,8,-0.009292165752) (8,8,2.000000000000) 
Minv:
size: 27 27
(0,0,1.000000000000) (1,1,1.000000000000) (2,2,2.000000000000) (3,3,1.000000000000) (4,4,1.000000000000) (5,5,2.000000000000) (6,6,1.000000000000) (7,7,1.000000000000) (8,8,2.000000000000) (9,9,1.000000000000) (10,10,1.000000000000) (11,11,2.000000000000) (12,12,1.000000000000) (13,13,1.000000000000) (14,14,2.000000000000) (15,15,1.000000000000) (16,16,1.000000000000) (17,17,2.000000000000) (18,18,1.000000000000) (19,19,1.000000000000) (20,20,2.000000000000) (21,21,1.000000000000) (22,22,1.000000000000) (23,23,2.000000000000) (24,24,1.000000000000) (25,25,1.000000000000) (26,26,2.000000000000) 
v0:
size: 27 1
(0,0,-0.177445115739) (1,0,0.855254323874) (2,0,0.000000000000) (3,0,0.672996552970) (4,0,0.286169559641) (5,0,0.000000000000) (6,0,0.361634628197) (7,0,0.746223462441) (8,0,0.000000000000) (9,0,0.128574163085) (10,0,-0.823792361991) (11,0,0.000000000000) (12,0,0.110311757535) (13,0,-0.296275107149) (14,0,0.000000000000) (15,0,0.967869388309) (16,0,0.148961776266) (17,0,0.000000000000) (18,0,-0.293999259897) (19,0,-0.890903653945) (20,0,0.000000000000) (21,0,0.428674277310) (22,0,0.244735970015) (23,0,0.000000000000) (24,0,-0.919830585984) (25,0,0.157871956722) (26,0,0.000000000000) 
ipopt_sol:
size: 9 1
(0,0,0.470331883634) (1,0,0.281979357917) (2,0,0.458584702767) (3,0,0.448095610283) (4,0,0.422816340927) (5,0,0.000000000000) (6,0,0.000000000000) (7,0,1.664094860882) (8,0,0.090663226455) 
policy_sol:
size: 9 1
(0,0,0.470331881865) (1,0,0.281979362923) (2,0,0.458584704516) (3,0,0.448095610289) (4,0,0.422816340926) (5,0,0.000000000000) (6,0,0.000000000000) (7,0,1.664094853795) (8,0,0.090663219332) 

policy_converges:
1
ipopt_converges:
0
