solve status: 0
N:
size: 27 6
(6,0,-0.999971943259) (7,0,-0.007490840750) (15,0,0.999971943259) (16,0,0.007490840750) (6,1,-0.999999362834) (7,1,-0.001128862952) (24,1,0.999999362834) (25,1,0.001128862952) (12,2,0.000611289133) (13,2,-0.999999813163) (15,2,-0.000611289133) (16,2,0.999999813163) (12,3,-0.707060723928) (13,3,0.707152835445) (18,3,0.707060723928) (19,3,-0.707152835445) (12,4,-0.999976083780) (13,4,-0.006916058728) (21,4,0.999976083780) (22,4,0.006916058728) (15,5,-0.706728627948) (16,5,0.707484732301) (21,5,0.706728627948) (22,5,-0.707484732301) 
Q:
size: 6 6
(0,0,2.000000000000) (1,0,0.999979762243) (2,0,0.006879567367) (5,0,-0.701409143984) (0,1,0.999979762243) (1,1,2.000000000000) (0,2,0.006879567367) (2,2,2.000000000000) (3,2,-0.707584921860) (4,2,0.006304782922) (5,2,0.707916615647) (2,3,-0.707584921860) (3,3,2.000000000000) (4,3,0.702153103169) (2,4,0.006304782922) (3,4,0.702153103169) (4,4,2.000000000000) (5,4,0.701818719713) (0,5,-0.701409143984) (2,5,0.707916615647) (4,5,0.701818719713) (5,5,2.000000000000) 
Minv:
size: 27 27
(0,0,1.000000000000) (1,1,1.000000000000) (2,2,2.000000000000) (3,3,1.000000000000) (4,4,1.000000000000) (5,5,2.000000000000) (6,6,1.000000000000) (7,7,1.000000000000) (8,8,2.000000000000) (9,9,1.000000000000) (10,10,1.000000000000) (11,11,2.000000000000) (12,12,1.000000000000) (13,13,1.000000000000) (14,14,2.000000000000) (15,15,1.000000000000) (16,16,1.000000000000) (17,17,2.000000000000) (18,18,1.000000000000) (19,19,1.000000000000) (20,20,2.000000000000) (21,21,1.000000000000) (22,22,1.000000000000) (23,23,2.000000000000) (24,24,1.000000000000) (25,25,1.000000000000) (26,26,2.000000000000) 
v0:
size: 27 1
(0,0,-0.987374766566) (1,0,-0.439142706760) (2,0,0.000000000000) (3,0,-0.761606893072) (4,0,-0.427855998100) (5,0,0.000000000000) (6,0,0.409317435727) (7,0,0.196125034181) (8,0,0.000000000000) (9,0,-0.708543203547) (10,0,-0.564319086690) (11,0,0.000000000000) (12,0,0.477619167094) (13,0,-0.031533607793) (14,0,0.000000000000) (15,0,-0.787718987403) (16,0,-0.306280031898) (17,0,0.000000000000) (18,0,-0.373789483066) (19,0,0.303758113630) (20,0,0.000000000000) (21,0,-0.709371845970) (22,0,0.870076380912) (23,0,0.000000000000) (24,0,0.347382490603) (25,0,0.885335443454) (26,0,0.000000000000) 
ipopt_sol:
size: 6 1
(0,0,1.584106463099) (1,0,0.000000000000) (2,0,0.122759996901) (3,0,0.687714730243) (4,0,0.554912990718) (5,0,1.094261330048) 
policy_sol:
size: 6 1
(0,0,1.584106457114) (1,0,0.000000000000) (2,0,0.122759997914) (3,0,0.687714730260) (4,0,0.554912991691) (5,0,1.094261327249) 

policy_converges:
1
ipopt_converges:
0
