solve status: 0
N:
size: 27 9
(0,0,-0.003804113869) (1,0,-0.999992764333) (3,0,0.003804113869) (4,0,0.999992764333) (3,1,-0.708627077972) (4,1,0.705583208676) (9,1,0.708627077972) (10,1,-0.705583208676) (3,2,-0.999995662982) (4,2,0.002945168523) (12,2,0.999995662982) (13,2,-0.002945168523) (6,3,-0.705221687970) (7,3,0.708986862232) (12,3,0.705221687970) (13,3,-0.708986862232) (6,4,-0.999987844182) (7,4,-0.004930668136) (15,4,0.999987844182) (16,4,0.004930668136) (6,5,-0.999999673017) (7,5,0.000808680987) (24,5,0.999999673017) (25,5,-0.000808680987) (9,6,0.008162104258) (10,6,-0.999966689472) (12,6,-0.008162104258) (13,6,0.999966689472) (12,7,-0.709517349036) (13,7,0.704687967413) (18,7,0.709517349036) (19,7,-0.704687967413) (21,8,0.000868035969) (22,8,-0.999999623257) (24,8,-0.000868035969) (25,8,0.999999623257) 
Q:
size: 9 9
(0,0,2.000000000000) (1,0,0.702882405215) (2,0,-0.000858950159) (0,1,0.702882405215) (1,1,2.000000000000) (2,1,0.710702066099) (6,1,0.711343593417) (0,2,-0.000858950159) (1,2,0.710702066099) (2,2,2.000000000000) (3,2,0.707306715200) (6,2,-0.011107139277) (7,2,-0.711589696666) (2,3,0.707306715200) (3,3,2.000000000000) (4,3,0.701717336493) (5,3,0.705794801570) (6,3,-0.714719338448) (7,3,-0.999981533400) (3,4,0.701717336493) (4,4,2.000000000000) (5,4,0.999983529866) (3,5,0.705794801570) (4,5,0.999983529866) (5,5,2.000000000000) (8,5,-0.001676716367) (1,6,0.711343593417) (2,6,-0.011107139277) (3,6,-0.714719338448) (6,6,2.000000000000) (7,6,0.710455648461) (2,7,-0.711589696666) (3,7,-0.999981533400) (6,7,0.710455648461) (7,7,2.000000000000) (5,8,-0.001676716367) (8,8,2.000000000000) 
Minv:
size: 27 27
(0,0,1.000000000000) (1,1,1.000000000000) (2,2,2.000000000000) (3,3,1.000000000000) (4,4,1.000000000000) (5,5,2.000000000000) (6,6,1.000000000000) (7,7,1.000000000000) (8,8,2.000000000000) (9,9,1.000000000000) (10,10,1.000000000000) (11,11,2.000000000000) (12,12,1.000000000000) (13,13,1.000000000000) (14,14,2.000000000000) (15,15,1.000000000000) (16,16,1.000000000000) (17,17,2.000000000000) (18,18,1.000000000000) (19,19,1.000000000000) (20,20,2.000000000000) (21,21,1.000000000000) (22,22,1.000000000000) (23,23,2.000000000000) (24,24,1.000000000000) (25,25,1.000000000000) (26,26,2.000000000000) 
v0:
size: 27 1
(0,0,-0.952150231013) (1,0,-0.871359262560) (2,0,0.000000000000) (3,0,0.059752015779) (4,0,-0.932874956724) (5,0,0.000000000000) (6,0,0.346495666109) (7,0,-0.727191844065) (8,0,0.000000000000) (9,0,0.434107296047) (10,0,0.524330111387) (11,0,0.000000000000) (12,0,0.008557470449) (13,0,-0.699698276455) (14,0,0.000000000000) (15,0,-0.810927822142) (16,0,0.532578222221) (17,0,0.000000000000) (18,0,0.739525017695) (19,0,0.434056614858) (20,0,0.000000000000) (21,0,0.544810412707) (22,0,0.758105839353) (23,0,0.000000000000) (24,0,0.071623822024) (25,0,0.448089443162) (26,0,0.000000000000) 
ipopt_sol:
size: 9 1
(0,0,0.000000000000) (1,0,0.329466137672) (2,0,0.000000000000) (3,0,0.339933978649) (4,0,1.031929132657) (5,0,0.000000000000) (6,0,1.218637554855) (7,0,0.017379153496) (8,0,0.309605536405) 
policy_sol:
size: 9 1
(0,0,0.000000000000) (1,0,0.329466130452) (2,0,0.000000000000) (3,0,0.339933973115) (4,0,1.031929129599) (5,0,0.000000000000) (6,0,1.218637555284) (7,0,0.017379154106) (8,0,0.309605536413) 

policy_converges:
1
ipopt_converges:
0
