solve status: 0
N:
size: 27 13
(0,0,-0.004084530469) (1,0,-0.999991658271) (3,0,0.004084530469) (4,0,0.999991658271) (0,1,-0.000096473943) (1,1,-0.999999995346) (6,1,0.000096473943) (7,1,0.999999995346) (0,2,-0.999998783128) (1,2,0.001560045524) (9,2,0.999998783128) (10,2,-0.001560045524) (0,3,-0.708965041994) (1,3,-0.705243624027) (12,3,0.708965041994) (13,3,0.705243624027) (0,4,-0.999990905823) (1,4,0.004264770969) (18,4,0.999990905823) (19,4,-0.004264770969) (3,5,0.003862415370) (4,5,-0.999992540846) (6,5,-0.003862415370) (7,5,0.999992540846) (3,6,-0.999999765151) (4,6,0.000685344875) (12,6,0.999999765151) (13,6,-0.000685344875) (3,7,-0.705773365999) (4,7,-0.708437686636) (15,7,0.705773365999) (16,7,0.708437686636) (3,8,-0.999996022779) (4,8,-0.002820359193) (21,8,0.999996022779) (22,8,0.002820359193) (12,9,-0.706503498500) (13,9,0.707709549609) (18,9,0.706503498500) (19,9,-0.707709549609) (12,10,-0.999980159271) (13,10,-0.006299290805) (21,10,0.999980159271) (22,10,0.006299290805) (15,11,-0.707002847696) (16,11,0.707210699403) (21,11,0.707002847696) (22,11,-0.707210699403) (18,12,-0.001972378459) (19,12,-0.999998054860) (21,12,0.001972378459) (22,12,0.999998054860) 
Q:
size: 13 13
(0,0,2.000000000000) (1,0,0.999992047668) (2,0,0.002524492989) (3,0,0.708133530391) (4,0,-0.000180242070) (5,0,-0.999968423026) (6,0,-0.003399190352) (7,0,-0.711314529859) (8,0,-0.006904849891) (0,1,0.999992047668) (1,1,2.000000000000) (2,1,-0.001463571691) (3,1,0.705312017398) (4,1,-0.004168297884) (5,1,0.999992163570) (0,2,0.002524492989) (1,2,-0.001463571691) (2,2,2.000000000000) (3,2,0.707863967116) (4,2,0.999996342199) (0,3,0.708133530391) (1,3,0.705312017398) (2,3,0.707863967116) (3,3,2.000000000000) (4,3,0.705950892006) (6,3,0.708481540391) (9,3,-0.001778634958) (10,3,-0.713393510287) (0,4,-0.000180242070) (1,4,-0.004168297884) (2,4,0.999996342199) (3,4,0.705950892006) (4,4,2.000000000000) (9,4,0.709515292574) (12,4,0.002292402152) (0,5,-0.999968423026) (1,5,0.999992163570) (5,5,2.000000000000) (6,5,-0.004547754226) (7,5,0.705706412394) (8,5,-0.001042061853) (0,6,-0.003399190352) (3,6,0.708481540391) (5,6,-0.004547754226) (6,6,2.000000000000) (7,6,0.705287676111) (8,6,0.999993855012) (9,6,-0.706988357691) (10,6,-0.999975607240) (0,7,-0.711314529859) (5,7,0.705706412394) (6,7,0.705287676111) (7,7,2.000000000000) (8,7,0.707768607725) (11,7,0.002030932260) (0,8,-0.006904849891) (5,8,-0.001042061853) (6,8,0.999993855012) (7,8,0.707768607725) (8,8,2.000000000000) (10,8,0.999993948392) (11,8,0.705005447592) (12,8,0.004792724321) (3,9,-0.001778634958) (4,9,0.709515292574) (6,9,-0.706988357691) (9,9,2.000000000000) (10,9,0.702031412697) (12,9,0.706314680733) (3,10,-0.713393510287) (6,10,-0.999975607240) (8,10,0.999993948392) (9,10,0.702031412697) (10,10,2.000000000000) (11,10,0.702533894388) (12,10,0.008271617877) (7,11,0.002030932260) (8,11,0.705005447592) (10,11,0.702533894388) (11,11,2.000000000000) (12,11,-0.705814846592) (4,12,0.002292402152) (8,12,0.004792724321) (9,12,0.706314680733) (10,12,0.008271617877) (11,12,-0.705814846592) (12,12,2.000000000000) 
Minv:
size: 27 27
(0,0,1.000000000000) (1,1,1.000000000000) (2,2,2.000000000000) (3,3,1.000000000000) (4,4,1.000000000000) (5,5,2.000000000000) (6,6,1.000000000000) (7,7,1.000000000000) (8,8,2.000000000000) (9,9,1.000000000000) (10,10,1.000000000000) (11,11,2.000000000000) (12,12,1.000000000000) (13,13,1.000000000000) (14,14,2.000000000000) (15,15,1.000000000000) (16,16,1.000000000000) (17,17,2.000000000000) (18,18,1.000000000000) (19,19,1.000000000000) (20,20,2.000000000000) (21,21,1.000000000000) (22,22,1.000000000000) (23,23,2.000000000000) (24,24,1.000000000000) (25,25,1.000000000000) (26,26,2.000000000000) 
v0:
size: 27 1
(0,0,0.192401446852) (1,0,0.995226575354) (2,0,0.000000000000) (3,0,0.808859146071) (4,0,0.957694214894) (5,0,0.000000000000) (6,0,-0.863960837465) (7,0,-0.009726396802) (8,0,0.000000000000) (9,0,-0.979832616503) (10,0,-0.925697948341) (11,0,0.000000000000) (12,0,0.800671065385) (13,0,-0.794002574792) (14,0,0.000000000000) (15,0,0.501142863154) (16,0,-0.149107561299) (17,0,0.000000000000) (18,0,-0.718847469834) (19,0,-0.229098409095) (20,0,0.000000000000) (21,0,0.116027360332) (22,0,-0.259302564190) (23,0,0.000000000000) (24,0,0.926765000267) (25,0,0.130956336103) (26,0,0.000000000000) 
ipopt_sol:
size: 13 1
(0,0,0.000000000000) (1,0,0.806267469965) (2,0,1.116695149757) (3,0,0.150115785062) (4,0,0.000000000000) (5,0,0.293333022736) (6,0,0.006289316935) (7,0,0.750218149000) (8,0,0.410554769452) (9,0,1.475689981942) (10,0,0.000000000000) (11,0,0.048863176478) (12,0,0.000000000000) 
policy_sol:
size: 13 1
(0,0,0.000000000000) (1,0,0.806267460989) (2,0,1.116695145227) (3,0,0.150115783680) (4,0,0.000000000000) (5,0,0.293333031704) (6,0,0.006289324368) (7,0,0.750218150492) (8,0,0.410554758919) (9,0,1.475689973988) (10,0,0.000000000000) (11,0,0.048863180214) (12,0,0.000000000000) 

policy_converges:
1
ipopt_converges:
0
