solve status: 0
N:
size: 27 13
(0,0,-0.001607661908) (1,0,-0.999998707711) (3,0,0.001607661908) (4,0,0.999998707711) (0,1,-0.002989716691) (1,1,-0.999995530787) (6,1,0.002989716691) (7,1,0.999995530787) (0,2,-0.709062476251) (1,2,-0.705145662096) (12,2,0.709062476251) (13,2,0.705145662096) (3,3,-0.004380033363) (4,3,-0.999990407608) (6,3,0.004380033363) (7,3,0.999990407608) (3,4,-0.999988514231) (4,4,0.004792849516) (12,4,0.999988514231) (13,4,-0.004792849516) (3,5,-0.707447996376) (4,5,-0.706765401264) (15,5,0.707447996376) (16,5,0.706765401264) (6,6,-0.705666605629) (7,6,0.708544029472) (12,6,0.705666605629) (13,6,-0.708544029472) (6,7,-0.999999986083) (7,7,0.000166832791) (24,7,0.999999986083) (25,7,-0.000166832791) (9,8,-0.999999958021) (10,8,-0.000289754500) (18,8,0.999999958021) (19,8,0.000289754500) (12,9,-0.705721125439) (13,9,-0.708489726890) (24,9,0.705721125439) (25,9,0.708489726890) (15,10,-0.999999534058) (16,10,0.000965341119) (24,10,0.999999534058) (25,10,-0.000965341119) (18,11,-0.003571997812) (19,11,-0.999993620395) (24,11,0.003571997812) (25,11,0.999993620395) (21,12,-0.000359828960) (22,12,-0.999999935262) (24,12,0.000359828960) (25,12,0.999999935262) 
Q:
size: 13 13
(0,0,2.000000000000) (1,0,0.999999044957) (2,0,0.706284683577) (3,0,-0.999996156944) (4,0,0.003185199879) (5,0,-0.707901825114) (0,1,0.999999044957) (1,1,2.000000000000) (2,1,0.707262406570) (3,1,0.999999033497) (6,1,0.706431119609) (7,1,-0.002822884603) (0,2,0.706284683577) (1,2,0.707262406570) (2,2,2.000000000000) (4,2,0.705674675078) (6,2,0.000734962008) (9,2,-0.999988826303) (0,3,-0.999996156944) (1,3,0.999999033497) (3,3,2.000000000000) (4,3,-0.000412820486) (5,3,0.709857267519) (6,3,0.705446389564) (7,3,-0.004213202111) (0,4,0.003185199879) (2,4,0.705674675078) (3,4,-0.000412820486) (4,4,2.000000000000) (5,4,0.704052450580) (6,4,0.709054445414) (9,4,-0.702317335045) (0,5,-0.707901825114) (3,5,0.709857267519) (4,5,0.704052450580) (5,5,2.000000000000) (10,5,-0.706765397043) (1,6,0.706431119609) (2,6,0.000734962008) (3,6,0.705446389564) (4,6,0.709054445414) (6,6,2.000000000000) (7,6,0.705784804186) (9,6,0.003992334821) (1,7,-0.002822884603) (3,7,-0.004213202111) (6,7,0.705784804186) (7,7,2.000000000000) (9,7,0.705602916299) (10,7,0.999999681192) (11,7,0.003405166035) (12,7,0.000192996174) (8,8,2.000000000000) (11,8,-0.003861750314) (2,9,-0.999988826303) (4,9,-0.702317335045) (6,9,0.003992334821) (7,9,0.705602916299) (9,9,2.000000000000) (10,9,0.705036862348) (11,9,0.711006041322) (12,9,0.708743619922) (5,10,-0.706765397043) (7,10,0.999999681192) (9,10,0.705036862348) (10,10,2.000000000000) (11,10,0.002606661187) (12,10,-0.000605512265) (7,11,0.003405166035) (8,11,-0.003861750314) (9,11,0.711006041322) (10,11,0.002606661187) (11,11,2.000000000000) (12,11,0.999994840966) (7,12,0.000192996174) (9,12,0.708743619922) (10,12,-0.000605512265) (11,12,0.999994840966) (12,12,2.000000000000) 
Minv:
size: 27 27
(0,0,1.000000000000) (1,1,1.000000000000) (2,2,2.000000000000) (3,3,1.000000000000) (4,4,1.000000000000) (5,5,2.000000000000) (6,6,1.000000000000) (7,7,1.000000000000) (8,8,2.000000000000) (9,9,1.000000000000) (10,10,1.000000000000) (11,11,2.000000000000) (12,12,1.000000000000) (13,13,1.000000000000) (14,14,2.000000000000) (15,15,1.000000000000) (16,16,1.000000000000) (17,17,2.000000000000) (18,18,1.000000000000) (19,19,1.000000000000) (20,20,2.000000000000) (21,21,1.000000000000) (22,22,1.000000000000) (23,23,2.000000000000) (24,24,1.000000000000) (25,25,1.000000000000) (26,26,2.000000000000) 
v0:
size: 27 1
(0,0,-0.844956610645) (1,0,0.456961218207) (2,0,0.000000000000) (3,0,0.044447035620) (4,0,0.326873504959) (5,0,0.000000000000) (6,0,-0.473594313154) (7,0,-0.078205475934) (8,0,0.000000000000) (9,0,0.547958120363) (10,0,0.167661718957) (11,0,0.000000000000) (12,0,-0.972512130396) (13,0,0.200311455292) (14,0,0.000000000000) (15,0,-0.136334367410) (16,0,0.203977549156) (17,0,0.000000000000) (18,0,-0.328886234296) (19,0,0.246318550946) (20,0,0.000000000000) (21,0,0.884425619145) (22,0,0.719513402059) (23,0,0.000000000000) (24,0,-0.851229150318) (25,0,-0.237540785215) (26,0,0.000000000000) 
ipopt_sol:
size: 13 1
(0,0,0.457612736850) (1,0,0.000000000000) (2,0,0.000000000000) (3,0,0.611553176410) (4,0,0.991114880553) (5,0,0.069947778491) (6,0,0.000000000000) (7,0,0.012075580572) (8,0,0.876840813152) (9,0,0.000000000000) (10,0,0.733424263557) (11,0,0.009988461890) (12,0,0.952905345953) 
policy_sol:
size: 13 1
(0,0,0.457612720488) (1,0,0.000000000000) (2,0,0.000000000000) (3,0,0.611553158925) (4,0,0.991114876187) (5,0,0.069947780842) (6,0,0.000000000000) (7,0,0.012075572926) (8,0,0.876840813147) (9,0,0.000000000000) (10,0,0.733424264688) (11,0,0.009988459515) (12,0,0.952905343598) 

policy_converges:
1
ipopt_converges:
0
