solve status: 0
N:
size: 27 11
(0,0,-0.002263319505) (1,0,-0.999997438689) (6,0,0.002263319505) (7,0,0.999997438689) (0,1,-0.999979299308) (1,1,0.006434357437) (9,1,0.999979299308) (10,1,-0.006434357437) (3,2,-0.002706252677) (4,2,-0.999996338092) (6,2,0.002706252677) (7,2,0.999996338092) (9,3,0.002388161817) (10,3,-0.999997148338) (15,3,-0.002388161817) (16,3,0.999997148338) (9,4,-0.999984521924) (10,4,-0.005563803689) (18,4,0.999984521924) (19,4,0.005563803689) (9,5,-0.705220724922) (10,5,-0.708987820163) (21,5,0.705220724922) (22,5,0.708987820163) (12,6,0.001722802157) (13,6,-0.999998515975) (15,6,-0.001722802157) (16,6,0.999998515975) (12,7,-0.999993991442) (13,7,0.003466565923) (21,7,0.999993991442) (22,7,-0.003466565923) (12,8,-0.704746002446) (13,8,-0.709459704308) (24,8,0.704746002446) (25,8,0.709459704308) (15,9,-0.706056444470) (16,9,0.708155560045) (21,9,0.706056444470) (22,9,-0.708155560045) (15,10,-0.999988558920) (16,10,-0.004783516342) (24,10,0.999988558920) (25,10,0.004783516342) 
Q:
size: 11 11
(0,0,2.000000000000) (1,0,-0.004171068304) (2,0,0.999999901904) (0,1,-0.004171068304) (1,1,2.000000000000) (3,1,0.008822451469) (4,1,-0.999928022051) (5,1,-0.700644245312) (0,2,0.999999901904) (2,2,2.000000000000) (1,3,0.008822451469) (3,3,2.000000000000) (4,3,0.003175662970) (5,3,0.707301617162) (6,3,0.999999778647) (9,3,0.709839717665) (10,3,-0.002395368207) (1,4,-0.999928022051) (3,4,0.003175662970) (4,4,2.000000000000) (5,4,0.709154478512) (1,5,-0.700644245312) (3,5,0.707301617162) (4,5,0.709154478512) (5,5,2.000000000000) (7,5,0.702758734546) (9,5,-0.004148029247) (3,6,0.999999778647) (6,6,2.000000000000) (7,6,-0.005189352584) (8,6,0.708244513519) (9,6,0.709370904690) (10,6,-0.003060726796) (5,7,0.702758734546) (6,7,-0.005189352584) (7,7,2.000000000000) (8,7,0.702282379104) (9,7,0.708507070022) (6,8,0.708244513519) (7,8,0.702282379104) (8,8,2.000000000000) (10,8,0.708131651480) (3,9,0.709839717665) (5,9,-0.004148029247) (6,9,0.709370904690) (7,9,0.708507070022) (9,9,2.000000000000) (10,9,0.702660892728) (3,10,-0.002395368207) (6,10,-0.003060726796) (8,10,0.708131651480) (9,10,0.702660892728) (10,10,2.000000000000) 
Minv:
size: 27 27
(0,0,1.000000000000) (1,1,1.000000000000) (2,2,2.000000000000) (3,3,1.000000000000) (4,4,1.000000000000) (5,5,2.000000000000) (6,6,1.000000000000) (7,7,1.000000000000) (8,8,2.000000000000) (9,9,1.000000000000) (10,10,1.000000000000) (11,11,2.000000000000) (12,12,1.000000000000) (13,13,1.000000000000) (14,14,2.000000000000) (15,15,1.000000000000) (16,16,1.000000000000) (17,17,2.000000000000) (18,18,1.000000000000) (19,19,1.000000000000) (20,20,2.000000000000) (21,21,1.000000000000) (22,22,1.000000000000) (23,23,2.000000000000) (24,24,1.000000000000) (25,25,1.000000000000) (26,26,2.000000000000) 
v0:
size: 27 1
(0,0,0.651764526328) (1,0,0.032366599926) (2,0,0.000000000000) (3,0,-0.632052063651) (4,0,0.804460436136) (5,0,0.000000000000) (6,0,-0.947109514474) (7,0,-0.049299646480) (8,0,0.000000000000) (9,0,0.517527093226) (10,0,0.325858724586) (11,0,0.000000000000) (12,0,0.298931232946) (13,0,0.934266905488) (14,0,0.000000000000) (15,0,0.889576446170) (16,0,-0.444335463848) (17,0,0.000000000000) (18,0,0.411952182042) (19,0,-0.991491485276) (20,0,0.000000000000) (21,0,-0.312877338107) (22,0,-0.484845488510) (23,0,0.000000000000) (24,0,-0.873529629367) (25,0,0.312893517473) (26,0,0.000000000000) 
ipopt_sol:
size: 11 1
(0,0,0.000000000000) (1,0,0.607577888348) (2,0,0.854609586295) (3,0,0.000000000000) (4,0,0.000000000000) (5,0,1.345775146085) (6,0,1.322661711946) (7,0,0.078179503246) (8,0,0.168764616696) (9,0,0.000000000000) (10,0,1.701734059700) 
policy_sol:
size: 11 1
(0,0,0.000000000000) (1,0,0.607577891897) (2,0,0.854609581295) (3,0,0.000000000000) (4,0,0.000000000000) (5,0,1.345775142012) (6,0,1.322661700530) (7,0,0.078179498282) (8,0,0.168764624735) (9,0,0.000000000000) (10,0,1.701734053335) 

policy_converges:
1
ipopt_converges:
0
