solve status: 0
N:
size: 27 13
(0,0,-0.999997335831) (1,0,-0.002308317686) (9,0,0.999997335831) (10,0,0.002308317686) (0,1,-0.999998011899) (1,1,-0.001994040643) (18,1,0.999998011899) (19,1,0.001994040643) (3,2,0.001671817938) (4,2,-0.999998602511) (6,2,-0.001671817938) (7,2,0.999998602511) (3,3,-0.999994783057) (4,3,0.003230148434) (12,3,0.999994783057) (13,3,-0.003230148434) (6,4,-0.708915289595) (7,4,0.705293635430) (12,4,0.708915289595) (13,4,-0.705293635430) (9,5,-0.999998591032) (10,5,-0.001678670319) (18,5,0.999998591032) (19,5,0.001678670319) (9,6,-0.703480429787) (10,6,-0.710714629726) (21,6,0.703480429787) (22,6,0.710714629726) (12,7,0.006815493853) (13,7,-0.999976774252) (15,7,-0.006815493853) (16,7,0.999976774252) (12,8,-0.708850336936) (13,8,-0.705358915607) (24,8,0.708850336936) (25,8,0.705358915607) (15,9,-0.999954809403) (16,9,0.009506795049) (24,9,0.999954809403) (25,9,-0.009506795049) (18,10,0.008148718547) (19,10,-0.999966798642) (21,10,-0.008148718547) (22,10,0.999966798642) (18,11,0.000925975875) (19,11,-0.999999571284) (24,11,-0.000925975875) (25,11,0.999999571284) (21,12,-0.006341782452) (22,12,-0.999979890695) (24,12,0.006341782452) (25,12,0.999979890695) 
Q:
size: 13 13
(0,0,2.000000000000) (1,0,0.999999950615) (5,0,-0.999999801771) (6,0,-0.705119110746) (0,1,0.999999950615) (1,1,2.000000000000) (5,1,0.999999950271) (10,1,0.006154727908) (11,1,-0.001068065754) (2,2,2.000000000000) (3,2,-0.004901953136) (4,2,0.706477827088) (2,3,-0.004901953136) (3,3,2.000000000000) (4,3,0.711189794357) (7,3,0.010045531708) (8,3,-0.706568224907) (2,4,0.706477827088) (3,4,0.711189794357) (4,4,2.000000000000) (7,4,0.710108862256) (8,4,-0.005029688017) (0,5,-0.999999801771) (1,5,0.999999950271) (5,5,2.000000000000) (6,5,0.704672494160) (10,5,0.006470092481) (11,5,-0.000752695029) (0,6,-0.705119110746) (5,6,0.704672494160) (6,6,2.000000000000) (10,6,0.704958569009) (12,6,-0.715161657594) (3,7,0.010045531708) (4,7,0.710108862256) (7,7,2.000000000000) (8,7,0.700511368004) (9,7,0.016321760103) (3,8,-0.706568224907) (4,8,-0.005029688017) (7,8,0.700511368004) (8,8,2.000000000000) (9,8,0.702112600919) (11,8,0.704702234897) (12,8,0.709840105957) (7,9,0.016321760103) (8,9,0.702112600919) (9,9,2.000000000000) (11,9,-0.010432725003) (12,9,-0.003165108011) (1,10,0.006154727908) (5,10,0.006470092481) (6,10,0.704958569009) (10,10,2.000000000000) (11,10,0.999973915457) (12,10,-0.999895012605) (1,11,-0.001068065754) (5,11,-0.000752695029) (8,11,0.704702234897) (9,11,-0.010432725003) (10,11,0.999973915457) (11,11,2.000000000000) (12,11,0.999973589651) (6,12,-0.715161657594) (8,12,0.709840105957) (9,12,-0.003165108011) (10,12,-0.999895012605) (11,12,0.999973589651) (12,12,2.000000000000) 
Minv:
size: 27 27
(0,0,1.000000000000) (1,1,1.000000000000) (2,2,2.000000000000) (3,3,1.000000000000) (4,4,1.000000000000) (5,5,2.000000000000) (6,6,1.000000000000) (7,7,1.000000000000) (8,8,2.000000000000) (9,9,1.000000000000) (10,10,1.000000000000) (11,11,2.000000000000) (12,12,1.000000000000) (13,13,1.000000000000) (14,14,2.000000000000) (15,15,1.000000000000) (16,16,1.000000000000) (17,17,2.000000000000) (18,18,1.000000000000) (19,19,1.000000000000) (20,20,2.000000000000) (21,21,1.000000000000) (22,22,1.000000000000) (23,23,2.000000000000) (24,24,1.000000000000) (25,25,1.000000000000) (26,26,2.000000000000) 
v0:
size: 27 1
(0,0,0.745708789852) (1,0,-0.786357684544) (2,0,0.000000000000) (3,0,-0.933393446821) (4,0,0.240290359540) (5,0,0.000000000000) (6,0,-0.140207804557) (7,0,-0.849890891098) (8,0,0.000000000000) (9,0,0.726099029345) (10,0,-0.079857038301) (11,0,0.000000000000) (12,0,-0.962546309412) (13,0,0.955276781587) (14,0,0.000000000000) (15,0,-0.127091175056) (16,0,0.959374934708) (17,0,0.000000000000) (18,0,-0.912593469850) (19,0,0.980658751007) (20,0,0.000000000000) (21,0,-0.806023662998) (22,0,0.277889786982) (23,0,0.000000000000) (24,0,-0.366898391690) (25,0,0.002774064411) (26,0,0.000000000000) 
ipopt_sol:
size: 13 1
(0,0,1.237220323200) (1,0,0.000000000000) (2,0,0.497981319639) (3,0,0.000000000000) (4,0,1.680235236510) (5,0,2.073305253688) (6,0,0.517895528224) (7,0,0.000000000000) (8,0,0.000000000000) (9,0,0.235732236487) (10,0,0.032229272022) (11,0,0.964285308764) (12,0,0.000000000000) 
policy_sol:
size: 13 1
(0,0,1.237220314170) (1,0,0.000000000000) (2,0,0.497981322525) (3,0,0.000000000000) (4,0,1.680235228409) (5,0,2.073305245169) (6,0,0.517895527071) (7,0,0.000000000000) (8,0,0.000000000000) (9,0,0.235732232833) (10,0,0.032229284914) (11,0,0.964285293781) (12,0,0.000000000000) 

policy_converges:
1
ipopt_converges:
0
