solve status: 0
N:
size: 27 9
(0,0,-0.999995339777) (1,0,-0.003052937099) (18,0,0.999995339777) (19,0,0.003052937099) (6,1,-0.999994739826) (7,1,0.003243504388) (15,1,0.999994739826) (16,1,-0.003243504388) (6,2,-0.999992154729) (7,2,0.003961121050) (24,2,0.999992154729) (25,2,-0.003961121050) (9,3,-0.999990579925) (10,3,-0.004340513930) (18,3,0.999990579925) (19,3,0.004340513930) (12,4,-0.708484751607) (13,4,0.705726120206) (18,4,0.708484751607) (19,4,-0.705726120206) (12,5,-0.999994453685) (13,5,-0.003330555305) (21,5,0.999994453685) (22,5,0.003330555305) (12,6,-0.710604800365) (13,6,-0.703591371250) (24,6,0.710604800365) (25,6,0.703591371250) (15,7,-0.999989042583) (16,7,0.004681315511) (24,7,0.999989042583) (25,7,-0.004681315511) (21,8,-0.007183880041) (22,8,-0.999974195601) (24,8,0.007183880041) (25,8,0.999974195601) 
Q:
size: 9 9
(0,0,2.000000000000) (3,0,0.999999171062) (4,0,0.706326912455) (1,1,2.000000000000) (2,1,0.999999742510) (7,1,-0.999998966333) (1,2,0.999999742510) (2,2,2.000000000000) (6,2,0.707812214887) (7,2,0.999999740655) (8,2,0.003222804845) (0,3,0.999999171062) (3,3,2.000000000000) (4,3,0.705414863572) (0,4,0.706326912455) (3,4,0.705414863572) (4,4,2.000000000000) (5,4,0.706130362254) (6,4,0.006909856835) (4,5,0.706130362254) (5,5,2.000000000000) (6,5,0.712944209102) (8,5,-0.010514309559) (2,6,0.707812214887) (4,6,0.006909856835) (5,6,0.712944209102) (6,6,2.000000000000) (7,6,0.707303280772) (8,6,0.708678115140) (1,7,-0.999998966333) (2,7,0.999999740655) (6,7,0.707303280772) (7,7,2.000000000000) (8,7,0.002502606612) (2,8,0.003222804845) (5,8,-0.010514309559) (6,8,0.708678115140) (7,8,0.002502606612) (8,8,2.000000000000) 
Minv:
size: 27 27
(0,0,1.000000000000) (1,1,1.000000000000) (2,2,2.000000000000) (3,3,1.000000000000) (4,4,1.000000000000) (5,5,2.000000000000) (6,6,1.000000000000) (7,7,1.000000000000) (8,8,2.000000000000) (9,9,1.000000000000) (10,10,1.000000000000) (11,11,2.000000000000) (12,12,1.000000000000) (13,13,1.000000000000) (14,14,2.000000000000) (15,15,1.000000000000) (16,16,1.000000000000) (17,17,2.000000000000) (18,18,1.000000000000) (19,19,1.000000000000) (20,20,2.000000000000) (21,21,1.000000000000) (22,22,1.000000000000) (23,23,2.000000000000) (24,24,1.000000000000) (25,25,1.000000000000) (26,26,2.000000000000) 
v0:
size: 27 1
(0,0,-0.123679646940) (1,0,-0.962532783679) (2,0,0.000000000000) (3,0,-0.596826260423) (4,0,-0.480625366968) (5,0,0.000000000000) (6,0,0.111009375880) (7,0,0.249439334608) (8,0,0.000000000000) (9,0,0.600507033440) (10,0,-0.530489087718) (11,0,0.000000000000) (12,0,0.374602767536) (13,0,-0.311285282982) (14,0,0.000000000000) (15,0,-0.115329658394) (16,0,0.510995151683) (17,0,0.000000000000) (18,0,-0.464326512591) (19,0,-0.563655986923) (20,0,0.000000000000) (21,0,0.102456277876) (22,0,0.173364382756) (23,0,0.000000000000) (24,0,-0.381284463291) (25,0,-0.049273144528) (26,0,0.000000000000) 
ipopt_sol:
size: 9 1
(0,0,0.000000000000) (1,0,0.000000000000) (2,0,0.478958226014) (3,0,1.064967485134) (4,0,0.000000000000) (5,0,0.271722811220) (6,0,0.000000000000) (7,0,0.023566332582) (8,0,0.226734127046) 
policy_sol:
size: 9 1
(0,0,0.000000000000) (1,0,0.000000000000) (2,0,0.478958213789) (3,0,1.064967476607) (4,0,0.000000000000) (5,0,0.271722804116) (6,0,0.000000000000) (7,0,0.023566340108) (8,0,0.226734123485) 

policy_converges:
1
ipopt_converges:
0
