solve status: 0
N:
size: 27 13
(0,0,0.001111430811) (1,0,-0.999999382361) (3,0,-0.001111430811) (4,0,0.999999382361) (0,1,0.001286347857) (1,1,-0.999999172654) (6,1,-0.001286347857) (7,1,0.999999172654) (3,2,0.001461322767) (4,2,-0.999998932267) (6,2,-0.001461322767) (7,2,0.999998932267) (3,3,-0.709232548022) (4,3,0.704974604384) (9,3,0.709232548022) (10,3,-0.704974604384) (9,4,-0.709601462325) (10,4,-0.704603267567) (21,4,0.709601462325) (22,4,0.704603267567) (12,5,-0.004795988745) (13,5,-0.999988499180) (15,5,0.004795988745) (16,5,0.999988499180) (12,6,-0.710232198594) (13,6,0.703967487943) (18,6,0.710232198594) (19,6,-0.703967487943) (12,7,-0.999983943143) (13,7,-0.005666873545) (21,7,0.999983943143) (22,7,0.005666873545) (12,8,-0.708477748570) (13,8,-0.705733150547) (24,8,0.708477748570) (25,8,0.705733150547) (15,9,-0.999987060104) (16,9,0.005087201968) (24,9,0.999987060104) (25,9,-0.005087201968) (18,10,-0.003042298131) (19,10,-0.999995372200) (21,10,0.003042298131) (22,10,0.999995372200) (18,11,0.000612766449) (19,11,-0.999999812259) (24,11,-0.000612766449) (25,11,0.999999812259) (21,12,0.004296011936) (22,12,-0.999990772098) (24,12,-0.004296011936) (25,12,0.999990772098) 
Q:
size: 13 13
(0,0,2.000000000000) (1,0,0.999999984702) (2,0,-0.999999938788) (3,0,0.705762431870) (0,1,0.999999984702) (1,1,2.000000000000) (2,1,0.999999984692) (0,2,-0.999999938788) (1,2,0.999999984692) (2,2,2.000000000000) (3,2,-0.706010269329) (0,3,0.705762431870) (2,3,-0.706010269329) (3,3,2.000000000000) (4,3,-0.006545043405) (3,4,-0.006545043405) (4,4,2.000000000000) (7,4,0.713582965973) (10,4,0.706758826007) (12,4,-0.701548309205) (5,5,2.000000000000) (6,5,-0.700553126109) (7,5,0.010462720107) (8,5,0.709122885345) (9,5,0.000291216775) (5,6,-0.700553126109) (6,6,2.000000000000) (7,6,0.706231499763) (8,6,0.006370515873) (10,6,0.701803492032) (11,6,0.704402562241) (4,7,0.713582965973) (5,7,0.010462720107) (6,7,0.706231499763) (7,7,2.000000000000) (8,7,0.712465673165) (10,7,0.008709096601) (12,7,-0.001370878296) (5,8,0.709122885345) (6,8,0.006370515873) (7,8,0.712465673165) (8,8,2.000000000000) (9,8,0.704878373870) (11,8,0.705298886658) (12,8,0.702683009247) (5,9,0.000291216775) (8,9,0.704878373870) (9,9,2.000000000000) (11,9,-0.005699959532) (12,9,-0.009383111369) (4,10,0.706758826007) (6,10,0.701803492032) (7,10,0.008709096601) (10,10,2.000000000000) (11,10,0.999993320242) (12,10,-0.999973074592) (6,11,0.704402562241) (8,11,0.705298886658) (9,11,-0.005699959532) (10,11,0.999993320242) (11,11,2.000000000000) (12,11,0.999993216810) (4,12,-0.701548309205) (7,12,-0.001370878296) (8,12,0.702683009247) (9,12,-0.009383111369) (10,12,-0.999973074592) (11,12,0.999993216810) (12,12,2.000000000000) 
Minv:
size: 27 27
(0,0,1.000000000000) (1,1,1.000000000000) (2,2,2.000000000000) (3,3,1.000000000000) (4,4,1.000000000000) (5,5,2.000000000000) (6,6,1.000000000000) (7,7,1.000000000000) (8,8,2.000000000000) (9,9,1.000000000000) (10,10,1.000000000000) (11,11,2.000000000000) (12,12,1.000000000000) (13,13,1.000000000000) (14,14,2.000000000000) (15,15,1.000000000000) (16,16,1.000000000000) (17,17,2.000000000000) (18,18,1.000000000000) (19,19,1.000000000000) (20,20,2.000000000000) (21,21,1.000000000000) (22,22,1.000000000000) (23,23,2.000000000000) (24,24,1.000000000000) (25,25,1.000000000000) (26,26,2.000000000000) 
v0:
size: 27 1
(0,0,-0.996034298546) (1,0,0.538503335334) (2,0,0.000000000000) (3,0,0.674876401083) (4,0,0.071343619683) (5,0,0.000000000000) (6,0,-0.846339404049) (7,0,0.015284824484) (8,0,0.000000000000) (9,0,-0.594772933770) (10,0,-0.031471635040) (11,0,0.000000000000) (12,0,0.787482171115) (13,0,0.916762340235) (14,0,0.000000000000) (15,0,0.964839927794) (16,0,0.685800261429) (17,0,0.000000000000) (18,0,-0.437262886983) (19,0,0.702036386843) (20,0,0.000000000000) (21,0,0.171390479258) (22,0,-0.945321582209) (23,0,0.000000000000) (24,0,-0.336857168548) (25,0,-0.951570615187) (26,0,0.000000000000) 
ipopt_sol:
size: 13 1
(0,0,0.000000000000) (1,0,0.455919089159) (2,0,0.134983109000) (3,0,0.875644223361) (4,0,0.000000000000) (5,0,0.000000000000) (6,0,0.106146085575) (7,0,0.000000000000) (8,0,1.797176822261) (9,0,0.660640104992) (10,0,1.488071587199) (11,0,0.240362015797) (12,0,0.000000000000) 
policy_sol:
size: 13 1
(0,0,0.000000000000) (1,0,0.455919079248) (2,0,0.134983118919) (3,0,0.875644223401) (4,0,0.000000000000) (5,0,0.000000000000) (6,0,0.106146085478) (7,0,0.000000000000) (8,0,1.797176811046) (9,0,0.660640108983) (10,0,1.488071589627) (11,0,0.240362013673) (12,0,0.000000000000) 

policy_converges:
1
ipopt_converges:
0
