solve status: 0
N:
size: 27 10
(0,0,-0.004173420654) (1,0,-0.999991291242) (3,0,0.004173420654) (4,0,0.999991291242) (0,1,-0.999999931011) (1,1,-0.000371452996) (9,1,0.999999931011) (10,1,0.000371452996) (0,2,-0.999996531651) (1,2,-0.002633758983) (18,2,0.999996531651) (19,2,0.002633758983) (3,3,-0.709486437574) (4,3,0.704719089353) (9,3,0.709486437574) (10,3,-0.704719089353) (3,4,-0.999976889087) (4,4,-0.006798624309) (12,4,0.999976889087) (13,4,0.006798624309) (3,5,-0.999999806470) (4,5,-0.000622141324) (21,5,0.999999806470) (22,5,0.000622141324) (6,6,-0.709403718015) (7,6,0.704802358727) (12,6,0.709403718015) (13,6,-0.704802358727) (9,7,-0.999987928260) (10,7,-0.004913586733) (18,7,0.999987928260) (19,7,0.004913586733) (12,8,0.003767812975) (13,8,-0.999992901768) (15,8,-0.003767812975) (16,8,0.999992901768) (18,9,0.008882684069) (19,9,-0.999960548184) (21,9,-0.008882684069) (22,9,0.999960548184) 
Q:
size: 10 10
(0,0,2.000000000000) (1,0,0.004544870128) (2,0,0.006807142226) (3,0,0.701751966773) (4,0,-0.010971889305) (5,0,-0.004795555753) (0,1,0.004544870128) (1,1,2.000000000000) (2,1,0.999997440980) (3,1,0.709224618610) (7,1,-0.999989684439) (0,2,0.006807142226) (1,2,0.999997440980) (2,2,2.000000000000) (7,2,0.999997401156) (9,2,0.006248998184) (0,3,0.701751966773) (1,3,0.709224618610) (3,3,2.000000000000) (4,3,0.704678920362) (5,3,0.709047865399) (7,3,-0.706015174469) (0,4,-0.010971889305) (3,4,0.704678920362) (4,4,2.000000000000) (5,4,0.999980925266) (6,4,0.704595636597) (8,4,-0.003030850154) (0,5,-0.004795555753) (3,5,0.709047865399) (4,5,0.999980925266) (5,5,2.000000000000) (9,5,-0.008260565570) (4,6,0.704595636597) (6,6,2.000000000000) (8,6,0.707470256409) (1,7,-0.999989684439) (2,7,0.999997401156) (3,7,-0.706015174469) (7,7,2.000000000000) (9,7,0.003969183956) (4,8,-0.003030850154) (6,8,0.707470256409) (8,8,2.000000000000) (2,9,0.006248998184) (5,9,-0.008260565570) (7,9,0.003969183956) (9,9,2.000000000000) 
Minv:
size: 27 27
(0,0,1.000000000000) (1,1,1.000000000000) (2,2,2.000000000000) (3,3,1.000000000000) (4,4,1.000000000000) (5,5,2.000000000000) (6,6,1.000000000000) (7,7,1.000000000000) (8,8,2.000000000000) (9,9,1.000000000000) (10,10,1.000000000000) (11,11,2.000000000000) (12,12,1.000000000000) (13,13,1.000000000000) (14,14,2.000000000000) (15,15,1.000000000000) (16,16,1.000000000000) (17,17,2.000000000000) (18,18,1.000000000000) (19,19,1.000000000000) (20,20,2.000000000000) (21,21,1.000000000000) (22,22,1.000000000000) (23,23,2.000000000000) (24,24,1.000000000000) (25,25,1.000000000000) (26,26,2.000000000000) 
v0:
size: 27 1
(0,0,0.128392369332) (1,0,-0.672233720537) (2,0,0.000000000000) (3,0,0.901082404265) (4,0,-0.976829247913) (5,0,0.000000000000) (6,0,-0.605711947516) (7,0,-0.814329737291) (8,0,0.000000000000) (9,0,-0.483992579131) (10,0,-0.507306552817) (11,0,0.000000000000) (12,0,-0.828703846266) (13,0,0.653115210088) (14,0,0.000000000000) (15,0,0.200244507627) (16,0,-0.181079899138) (17,0,0.000000000000) (18,0,-0.886034012378) (19,0,-0.834509278793) (20,0,0.000000000000) (21,0,0.227695585082) (22,0,-0.915555555910) (23,0,0.000000000000) (24,0,0.339099875767) (25,0,-0.375023137297) (26,0,0.000000000000) 
ipopt_sol:
size: 10 1
(0,0,0.000000000000) (1,0,0.000000000000) (2,0,0.842472645248) (3,0,1.025398340983) (4,0,1.162752065371) (5,0,0.000000000000) (6,0,0.555210948815) (7,0,0.344208589276) (8,0,0.643430520352) (9,0,0.087620569185) 
policy_sol:
size: 10 1
(0,0,0.000000000000) (1,0,0.000000000000) (2,0,0.842472637051) (3,0,1.025398333683) (4,0,1.162752062604) (5,0,0.000000000000) (6,0,0.555210949931) (7,0,0.344208595732) (8,0,0.643430519953) (9,0,0.087620569238) 

policy_converges:
1
ipopt_converges:
0
