solve status: 0
N:
size: 27 9
(0,0,0.000070216341) (1,0,-0.999999997535) (6,0,-0.000070216341) (7,0,0.999999997535) (0,1,-0.705560408652) (1,1,-0.708649779328) (12,1,0.705560408652) (13,1,0.708649779328) (3,2,-0.002323503924) (4,2,-0.999997300661) (6,2,0.002323503924) (7,2,0.999997300661) (3,3,-0.709816892625) (4,3,-0.704386242727) (15,3,0.709816892625) (16,3,0.704386242727) (6,4,-0.705892616086) (7,4,0.708318865029) (12,4,0.705892616086) (13,4,-0.708318865029) (6,5,-0.999998031658) (7,5,0.001984106984) (24,5,0.999998031658) (25,5,-0.001984106984) (12,6,0.000388520000) (13,6,-0.999999924526) (15,6,-0.000388520000) (16,6,0.999999924526) (15,7,-0.999995465988) (16,7,-0.003011312733) (24,7,0.999995465988) (25,7,0.003011312733) (18,8,0.000635809653) (19,8,-0.999999797873) (21,8,-0.000635809653) (22,8,0.999999797873) 
Q:
size: 9 9
(0,0,2.000000000000) (1,0,0.708600235711) (2,0,0.999997135048) (4,0,0.708368428479) (5,0,0.002054323181) (0,1,0.708600235711) (1,1,2.000000000000) (4,1,-0.003900124726) (6,1,-0.708375601514) (0,2,0.999997135048) (2,2,2.000000000000) (3,2,0.706033603685) (4,2,0.706676808773) (5,2,-0.000339397722) (2,3,0.706033603685) (3,3,2.000000000000) (6,3,0.704110411506) (7,3,-0.711934801568) (0,4,0.708368428479) (1,4,-0.003900124726) (2,4,0.706676808773) (4,4,2.000000000000) (5,4,0.707296607055) (6,4,0.708593064968) (0,5,0.002054323181) (2,5,-0.000339397722) (4,5,0.707296607055) (5,5,2.000000000000) (7,5,0.999987522888) (1,6,-0.708375601514) (3,6,0.704110411506) (4,6,0.708593064968) (6,6,2.000000000000) (7,6,-0.002622794267) (3,7,-0.711934801568) (5,7,0.999987522888) (6,7,-0.002622794267) (7,7,2.000000000000) (8,8,2.000000000000) 
Minv:
size: 27 27
(0,0,1.000000000000) (1,1,1.000000000000) (2,2,2.000000000000) (3,3,1.000000000000) (4,4,1.000000000000) (5,5,2.000000000000) (6,6,1.000000000000) (7,7,1.000000000000) (8,8,2.000000000000) (9,9,1.000000000000) (10,10,1.000000000000) (11,11,2.000000000000) (12,12,1.000000000000) (13,13,1.000000000000) (14,14,2.000000000000) (15,15,1.000000000000) (16,16,1.000000000000) (17,17,2.000000000000) (18,18,1.000000000000) (19,19,1.000000000000) (20,20,2.000000000000) (21,21,1.000000000000) (22,22,1.000000000000) (23,23,2.000000000000) (24,24,1.000000000000) (25,25,1.000000000000) (26,26,2.000000000000) 
v0:
size: 27 1
(0,0,0.209040868248) (1,0,0.349960755363) (2,0,0.000000000000) (3,0,-0.732089527567) (4,0,0.815279920703) (5,0,0.000000000000) (6,0,-0.392146463425) (7,0,-0.152147917849) (8,0,0.000000000000) (9,0,0.736889715137) (10,0,-0.936633882583) (11,0,0.000000000000) (12,0,-0.713566248905) (13,0,0.108327888660) (14,0,0.000000000000) (15,0,0.314377122907) (16,0,-0.515431973588) (17,0,0.000000000000) (18,0,0.945543992026) (19,0,-0.145214170088) (20,0,0.000000000000) (21,0,0.881236237209) (22,0,-0.480642357636) (23,0,0.000000000000) (24,0,-0.783400258615) (25,0,0.389407660767) (26,0,0.000000000000) 
ipopt_sol:
size: 9 1
(0,0,0.000000000000) (1,0,1.193488973001) (2,0,0.966635380155) (3,0,0.000000000000) (4,0,0.000000000000) (5,0,0.000000000000) (6,0,1.048316278572) (7,0,1.096422409478) (8,0,0.335387232257) 
policy_sol:
size: 9 1
(0,0,0.000000000000) (1,0,1.193488966111) (2,0,0.966635368093) (3,0,0.000000000000) (4,0,0.000000000000) (5,0,0.000000000000) (6,0,1.048316269066) (7,0,1.096422408025) (8,0,0.335387232257) 

policy_converges:
1
ipopt_converges:
0
