solve status: 0
N:
size: 27 12
(0,0,-0.999998640614) (1,0,0.001648869623) (9,0,0.999998640614) (10,0,-0.001648869623) (3,1,-0.708606650693) (4,1,0.705603723483) (9,1,0.708606650693) (10,1,-0.705603723483) (3,2,-0.706275154322) (4,2,-0.707937431125) (15,2,0.706275154322) (16,2,0.707937431125) (6,3,-0.999997440377) (7,3,-0.002262573584) (15,3,0.999997440377) (16,3,0.002262573584) (9,4,-0.000584875892) (10,4,-0.999999828960) (15,4,0.000584875892) (16,4,0.999999828960) (12,5,0.003247965634) (13,5,-0.999994725346) (15,5,-0.003247965634) (16,5,0.999994725346) (12,6,-0.705438035759) (13,6,0.708771597698) (18,6,0.705438035759) (19,6,-0.708771597698) (12,7,-0.999992911771) (13,7,-0.003765157189) (21,7,0.999992911771) (22,7,0.003765157189) (15,8,-0.707102579738) (16,8,0.707110982610) (21,8,0.707102579738) (22,8,-0.707110982610) (15,9,-0.999978587873) (16,9,0.006543989290) (24,9,0.999978587873) (25,9,-0.006543989290) (18,10,-0.007713555288) (19,10,-0.999970250090) (21,10,0.007713555288) (22,10,0.999970250090) (18,11,-0.003844902716) (19,11,-0.999992608334) (24,11,0.003844902716) (25,11,0.999992608334) 
Q:
size: 12 12
(0,0,2.000000000000) (1,0,0.709769135969) (4,0,0.001063994245) (0,1,0.709769135969) (1,1,2.000000000000) (2,1,0.000947984177) (4,1,0.705189155850) (1,2,0.000947984177) (2,2,2.000000000000) (3,2,0.707875107055) (4,2,0.708350393350) (5,2,0.705639739570) (8,2,0.001181348923) (9,2,-0.701627296501) (2,3,0.707875107055) (3,3,2.000000000000) (4,3,0.002847447592) (5,3,-0.000985395670) (8,3,-0.705500879191) (9,3,-0.999961222047) (0,4,0.001063994245) (1,4,0.705189155850) (2,4,0.708350393350) (3,4,0.002847447592) (4,4,2.000000000000) (5,4,0.999992654650) (8,4,0.706697294414) (9,4,0.005959124803) (2,5,0.705639739570) (3,5,-0.000985395670) (4,5,0.999992654650) (5,5,2.000000000000) (6,5,-0.711059097670) (7,5,0.000517194718) (8,5,0.709403897723) (9,5,0.009791850861) (5,6,-0.711059097670) (6,6,2.000000000000) (7,6,0.702764398976) (10,6,0.703309076516) (11,6,0.706054018076) (5,7,0.000517194718) (6,7,0.702764398976) (7,7,2.000000000000) (8,7,0.704435183633) (10,7,0.011478545789) (2,8,0.001181348923) (3,8,-0.705500879191) (4,8,0.706697294414) (5,8,0.709403897723) (7,8,0.704435183633) (8,8,2.000000000000) (9,8,0.711714765865) (10,8,-0.701635671279) (2,9,-0.701627296501) (3,9,-0.999961222047) (4,9,0.005959124803) (5,9,0.009791850861) (8,9,0.711714765865) (9,9,2.000000000000) (11,9,-0.002699120531) (6,10,0.703309076516) (7,10,0.011478545789) (8,10,-0.701635671279) (10,10,2.000000000000) (11,10,0.999992516514) (6,11,0.706054018076) (9,11,-0.002699120531) (10,11,0.999992516514) (11,11,2.000000000000) 
Minv:
size: 27 27
(0,0,1.000000000000) (1,1,1.000000000000) (2,2,2.000000000000) (3,3,1.000000000000) (4,4,1.000000000000) (5,5,2.000000000000) (6,6,1.000000000000) (7,7,1.000000000000) (8,8,2.000000000000) (9,9,1.000000000000) (10,10,1.000000000000) (11,11,2.000000000000) (12,12,1.000000000000) (13,13,1.000000000000) (14,14,2.000000000000) (15,15,1.000000000000) (16,16,1.000000000000) (17,17,2.000000000000) (18,18,1.000000000000) (19,19,1.000000000000) (20,20,2.000000000000) (21,21,1.000000000000) (22,22,1.000000000000) (23,23,2.000000000000) (24,24,1.000000000000) (25,25,1.000000000000) (26,26,2.000000000000) 
v0:
size: 27 1
(0,0,0.700707015798) (1,0,-0.676905558931) (2,0,0.000000000000) (3,0,0.418757969416) (4,0,-0.150801002102) (5,0,0.000000000000) (6,0,0.148084873333) (7,0,0.867196146590) (8,0,0.000000000000) (9,0,-0.269191565266) (10,0,-0.336817875443) (11,0,0.000000000000) (12,0,0.664354165677) (13,0,-0.301660049305) (14,0,0.000000000000) (15,0,-0.155426887342) (16,0,-0.934269400634) (17,0,0.000000000000) (18,0,0.799371753124) (19,0,0.869798985873) (20,0,0.000000000000) (21,0,0.246046425330) (22,0,-0.440480404728) (23,0,0.000000000000) (24,0,-0.214282386363) (25,0,0.744699934107) (26,0,0.000000000000) 
ipopt_sol:
size: 12 1
(0,0,0.968606198199) (1,0,0.005188846126) (2,0,0.880663694384) (3,0,0.313594677042) (4,0,0.019517461896) (5,0,0.319197753084) (6,0,0.321806339974) (7,0,0.196238974945) (8,0,0.289473626697) (9,0,0.430949248765) (10,0,1.301770102686) (11,0,0.000000000000) 
policy_sol:
size: 12 1
(0,0,0.968606198471) (1,0,0.005188845356) (2,0,0.880663694626) (3,0,0.313594676089) (4,0,0.019517463728) (5,0,0.319197752506) (6,0,0.321806337337) (7,0,0.196238977261) (8,0,0.289473622842) (9,0,0.430949249756) (10,0,1.301770097248) (11,0,0.000000000000) 

policy_converges:
1
ipopt_converges:
0
