solve status: 0
N:
size: 27 16
(0,0,0.002208167040) (1,0,-0.999997561996) (3,0,-0.002208167040) (4,0,0.999997561996) (0,1,-0.999999300789) (1,1,-0.001182548617) (18,1,0.999999300789) (19,1,0.001182548617) (3,2,-0.707458416097) (4,2,-0.706754971325) (15,2,0.707458416097) (16,2,0.706754971325) (3,3,-0.999989480796) (4,3,-0.004586752308) (21,3,0.999989480796) (22,3,0.004586752308) (6,4,-0.999995474882) (7,4,-0.003008357572) (15,4,0.999995474882) (16,4,0.003008357572) (6,5,-0.999992231750) (7,5,-0.003941629173) (24,5,0.999992231750) (25,5,0.003941629173) (9,6,-0.999995881487) (10,6,-0.002870018963) (18,6,0.999995881487) (19,6,0.002870018963) (12,7,0.002650567422) (13,7,-0.999996487240) (15,7,-0.002650567422) (16,7,0.999996487240) (12,8,-0.705410087436) (13,8,0.708799413476) (18,8,0.705410087436) (19,8,-0.708799413476) (12,9,-0.999994648376) (13,9,-0.003271577509) (21,9,0.999994648376) (22,9,0.003271577509) (12,10,-0.703709460551) (13,10,-0.710487857131) (24,10,0.703709460551) (25,10,0.710487857131) (15,11,-0.708122921024) (16,11,0.706089179014) (21,11,0.708122921024) (22,11,-0.706089179014) (15,12,-0.999988079965) (16,12,-0.004882614931) (24,12,0.999988079965) (25,12,0.004882614931) (18,13,-0.000223417491) (19,13,-0.999999975042) (21,13,0.000223417491) (22,13,0.999999975042) (18,14,0.000721971191) (19,14,-0.999999739379) (24,14,-0.000721971191) (25,14,0.999999739379) (21,15,0.001670353716) (22,15,-0.999998604958) (24,15,-0.001670353716) (25,15,0.999998604958) 
Q:
size: 16 16
(0,0,2.000000000000) (1,0,-0.001025619762) (2,0,-0.705191061897) (3,0,-0.002378597314) (0,1,-0.001025619762) (1,1,2.000000000000) (6,1,0.999998576216) (8,1,0.704571404439) (13,1,-0.001405965923) (14,1,-0.000460577623) (0,2,-0.705191061897) (2,2,2.000000000000) (3,2,0.710692684194) (4,2,0.709581386434) (7,2,0.704877322435) (11,2,-0.001935482643) (12,2,-0.710900795543) (0,3,-0.002378597314) (2,3,0.710692684194) (3,3,2.000000000000) (9,3,0.999999135144) (11,3,0.704876815963) (13,3,0.004810167335) (15,3,-0.002916409764) (2,4,0.709581386434) (4,4,2.000000000000) (5,4,0.999999564497) (7,4,0.000357791576) (11,4,-0.705995547956) (12,4,-0.999998243552) (4,5,0.999999564497) (5,5,2.000000000000) (10,5,0.706504473625) (12,5,0.999999557264) (14,5,0.003219662563) (15,5,0.002271282934) (1,6,0.999998576216) (6,6,2.000000000000) (8,6,0.703372914438) (13,6,-0.003093435463) (14,6,-0.002148049997) (2,7,0.704877322435) (4,7,0.000357791576) (7,7,2.000000000000) (8,7,-0.710666660630) (9,7,0.000621012779) (10,7,0.708620131987) (11,7,0.707963626237) (12,7,-0.002232061952) (1,8,0.704571404439) (6,8,0.703372914438) (7,8,-0.710666660630) (8,8,2.000000000000) (9,8,0.703087420127) (10,8,-0.007189624319) (13,8,0.708641794834) (14,8,0.709308514509) (3,9,0.999999135144) (7,9,0.000621012779) (8,9,0.703087420127) (9,9,2.000000000000) (10,9,0.706030110656) (11,9,0.705809105939) (13,9,0.003494993723) (15,9,-0.001601228168) (5,10,0.706504473625) (7,10,0.708620131987) (8,10,-0.007189624319) (9,10,0.706030110656) (10,10,2.000000000000) (12,10,0.707170110929) (14,10,0.709979614005) (15,10,0.709311422258) (2,11,-0.001935482643) (3,11,0.704876815963) (4,11,-0.705995547956) (7,11,0.707963626237) (9,11,0.705809105939) (11,11,2.000000000000) (12,11,0.704666918606) (13,11,-0.705930954345) (15,11,0.707271009743) (2,12,-0.710900795543) (4,12,-0.999998243552) (5,12,0.999999557264) (7,12,-0.002232061952) (10,12,0.707170110929) (11,12,0.704666918606) (12,12,2.000000000000) (14,12,0.004160651073) (15,12,0.003212274314) (1,13,-0.001405965923) (3,13,0.004810167335) (6,13,-0.003093435463) (8,13,0.708641794834) (9,13,0.003494993723) (11,13,-0.705930954345) (13,13,2.000000000000) (14,13,0.999999553120) (15,13,-0.999998206814) (1,14,-0.000460577623) (5,14,0.003219662563) (6,14,-0.002148049997) (8,14,0.709308514509) (10,14,0.709979614005) (12,14,0.004160651073) (13,14,0.999999553120) (14,14,2.000000000000) (15,14,0.999999550285) (3,15,-0.002916409764) (5,15,0.002271282934) (9,15,-0.001601228168) (10,15,0.709311422258) (11,15,0.707271009743) (12,15,0.003212274314) (13,15,-0.999998206814) (14,15,0.999999550285) (15,15,2.000000000000) 
Minv:
size: 27 27
(0,0,1.000000000000) (1,1,1.000000000000) (2,2,2.000000000000) (3,3,1.000000000000) (4,4,1.000000000000) (5,5,2.000000000000) (6,6,1.000000000000) (7,7,1.000000000000) (8,8,2.000000000000) (9,9,1.000000000000) (10,10,1.000000000000) (11,11,2.000000000000) (12,12,1.000000000000) (13,13,1.000000000000) (14,14,2.000000000000) (15,15,1.000000000000) (16,16,1.000000000000) (17,17,2.000000000000) (18,18,1.000000000000) (19,19,1.000000000000) (20,20,2.000000000000) (21,21,1.000000000000) (22,22,1.000000000000) (23,23,2.000000000000) (24,24,1.000000000000) (25,25,1.000000000000) (26,26,2.000000000000) 
v0:
size: 27 1
(0,0,-0.221151767487) (1,0,-0.388820507626) (2,0,0.000000000000) (3,0,0.853064473247) (4,0,-0.800459607961) (5,0,0.000000000000) (6,0,0.315613141128) (7,0,0.784272155049) (8,0,0.000000000000) (9,0,0.976748451512) (10,0,-0.808042518006) (11,0,0.000000000000) (12,0,0.850593105908) (13,0,0.569831741885) (14,0,0.000000000000) (15,0,-0.574963080494) (16,0,-0.753005321451) (17,0,0.000000000000) (18,0,-0.920575713720) (19,0,0.896847238102) (20,0,0.000000000000) (21,0,0.080297967285) (22,0,0.796046407339) (23,0,0.000000000000) (24,0,-0.852412621419) (25,0,-0.807581073658) (26,0,0.000000000000) 
ipopt_sol:
size: 16 1
(0,0,0.500844529892) (1,0,0.000000000000) (2,0,0.243975229029) (3,0,0.680912923180) (4,0,0.533358469502) (5,0,0.550071322522) (6,0,1.417105854704) (7,0,1.356722129917) (8,0,1.352536245434) (9,0,0.000000000000) (10,0,1.007172195757) (11,0,0.000000000000) (12,0,0.000000000000) (13,0,0.000000000000) (14,0,0.327036139062) (15,0,1.081718145297) 
policy_sol:
size: 16 1
(0,0,0.500844533358) (1,0,0.000000000000) (2,0,0.243975238886) (3,0,0.680912911136) (4,0,0.533358479653) (5,0,0.550071312233) (6,0,1.417105854935) (7,0,1.356722117399) (8,0,1.352536230604) (9,0,0.000000000000) (10,0,1.007172196438) (11,0,0.000000000000) (12,0,0.000000000000) (13,0,0.000000000000) (14,0,0.327036138370) (15,0,1.081718146806) 

policy_converges:
1
ipopt_converges:
0
