solve status: 0
N:
size: 27 13
(0,0,0.005463206476) (1,0,-0.999985076576) (3,0,-0.005463206476) (4,0,0.999985076576) (0,1,0.001912361916) (1,1,-0.999998171434) (6,1,-0.001912361916) (7,1,0.999998171434) (3,2,-0.707221801923) (4,2,0.706991741737) (9,2,0.707221801923) (10,2,-0.706991741737) (3,3,-0.999995480229) (4,3,-0.003006579593) (21,3,0.999995480229) (22,3,0.003006579593) (6,4,-0.999997594271) (7,4,0.002193502454) (15,4,0.999997594271) (16,4,-0.002193502454) (9,5,-0.003476841818) (10,5,-0.999993955767) (12,5,0.003476841818) (13,5,0.999993955767) (9,6,-0.000601092826) (10,6,-0.999999819344) (15,6,0.000601092826) (16,6,0.999999819344) (9,7,-0.999999935180) (10,7,-0.000360054212) (18,7,0.999999935180) (19,7,0.000360054212) (9,8,-0.704739200208) (10,8,-0.709466461287) (21,8,0.704739200208) (22,8,0.709466461287) (12,9,0.002302494610) (13,9,-0.999997349256) (15,9,-0.002302494610) (16,9,0.999997349256) (12,10,-0.702147927099) (13,10,0.712031100775) (18,10,0.702147927099) (19,10,-0.712031100775) (12,11,-0.999999996645) (13,11,0.000081912924) (21,11,0.999999996645) (22,11,-0.000081912924) (15,12,-0.707663443322) (16,12,0.706549680479) (21,12,0.707663443322) (22,12,-0.706549680479) 
Q:
size: 13 13
(0,0,2.000000000000) (1,0,0.999993695666) (2,0,0.710844889728) (3,0,0.002456647059) (0,1,0.999993695666) (1,1,2.000000000000) (4,1,0.004105855759) (0,2,0.710844889728) (2,2,2.000000000000) (3,2,0.705092978500) (5,2,0.704528570178) (6,2,0.706566508063) (7,2,-0.706967200727) (8,2,0.003180002112) (0,3,0.002456647059) (2,3,0.705092978500) (3,3,2.000000000000) (8,3,0.706869082333) (11,3,0.999995230597) (12,3,0.705535946995) (1,4,0.004105855759) (4,4,2.000000000000) (6,4,-0.001592410678) (9,4,-0.004495985710) (12,4,-0.709211559333) (2,5,0.704528570178) (5,5,2.000000000000) (6,5,0.999995865017) (7,5,0.003836893629) (8,5,0.711912439829) (9,5,-0.999983299629) (10,5,0.709585539818) (11,5,-0.003394929378) (2,6,0.706566508063) (4,6,-0.001592410678) (5,6,0.999995865017) (6,6,2.000000000000) (7,6,0.000961146934) (8,6,0.709889946794) (9,6,0.999995784587) (12,6,0.706124181418) (2,7,-0.706967200727) (5,7,0.003836893629) (6,7,0.000961146934) (7,7,2.000000000000) (8,7,0.704994600915) (10,7,0.701891511789) (2,8,0.003180002112) (3,8,0.706869082333) (5,8,0.711912439829) (6,8,0.709889946794) (7,8,0.704994600915) (8,8,2.000000000000) (11,8,0.704681083371) (12,8,-0.002555132470) (4,9,-0.004495985710) (5,9,-0.999983299629) (6,9,0.999995784587) (9,9,2.000000000000) (10,9,-0.713645905180) (11,9,-0.002384407309) (12,9,0.708177198861) (5,10,0.709585539818) (7,10,0.701891511789) (9,10,-0.713645905180) (10,10,2.000000000000) (11,10,0.702206249293) (3,11,0.999995230597) (5,11,-0.003394929378) (8,11,0.704681083371) (9,11,-0.002384407309) (10,11,0.702206249293) (11,11,2.000000000000) (12,11,0.707721316498) (3,12,0.705535946995) (4,12,-0.709211559333) (6,12,0.706124181418) (8,12,-0.002555132470) (9,12,0.708177198861) (11,12,0.707721316498) (12,12,2.000000000000) 
Minv:
size: 27 27
(0,0,1.000000000000) (1,1,1.000000000000) (2,2,2.000000000000) (3,3,1.000000000000) (4,4,1.000000000000) (5,5,2.000000000000) (6,6,1.000000000000) (7,7,1.000000000000) (8,8,2.000000000000) (9,9,1.000000000000) (10,10,1.000000000000) (11,11,2.000000000000) (12,12,1.000000000000) (13,13,1.000000000000) (14,14,2.000000000000) (15,15,1.000000000000) (16,16,1.000000000000) (17,17,2.000000000000) (18,18,1.000000000000) (19,19,1.000000000000) (20,20,2.000000000000) (21,21,1.000000000000) (22,22,1.000000000000) (23,23,2.000000000000) (24,24,1.000000000000) (25,25,1.000000000000) (26,26,2.000000000000) 
v0:
size: 27 1
(0,0,-0.233593723196) (1,0,0.744798868646) (2,0,0.000000000000) (3,0,-0.173719847056) (4,0,-0.991415177266) (5,0,0.000000000000) (6,0,0.169560624765) (7,0,0.013441008101) (8,0,0.000000000000) (9,0,0.320010966317) (10,0,0.910236003916) (11,0,0.000000000000) (12,0,0.709011954879) (13,0,0.352386192714) (14,0,0.000000000000) (15,0,-0.836787511510) (16,0,-0.097431331286) (17,0,0.000000000000) (18,0,-0.178835450012) (19,0,-0.414540817371) (20,0,0.000000000000) (21,0,-0.941679030155) (22,0,0.334258763988) (23,0,0.000000000000) (24,0,0.840921379236) (25,0,0.507546479968) (26,0,0.000000000000) 
ipopt_sol:
size: 13 1
(0,0,1.615566834381) (1,0,0.000000000000) (2,0,0.340294799556) (3,0,0.000000000000) (4,0,1.006873646519) (5,0,0.000000000000) (6,0,0.736043916717) (7,0,0.508539652400) (8,0,0.314097822052) (9,0,0.082336304110) (10,0,0.000000000000) (11,0,1.540118271537) (12,0,0.000000000000) 
policy_sol:
size: 13 1
(0,0,1.615566830019) (1,0,0.000000000000) (2,0,0.340294797726) (3,0,0.000000000000) (4,0,1.006873650061) (5,0,0.000000000000) (6,0,0.736043900049) (7,0,0.508539646094) (8,0,0.314097828118) (9,0,0.082336317436) (10,0,0.000000000000) (11,0,1.540118257383) (12,0,0.000000000000) 

policy_converges:
1
ipopt_converges:
0
