solve status: 0
N:
size: 27 16
(0,0,0.001015982862) (1,0,-0.999999483889) (6,0,-0.001015982862) (7,0,0.999999483889) (0,1,-0.704080104561) (1,1,-0.710120557625) (12,1,0.704080104561) (13,1,0.710120557625) (3,2,-0.003103958153) (4,2,-0.999995182710) (6,2,0.003103958153) (7,2,0.999995182710) (3,3,-0.999975891100) (4,3,0.006943862001) (12,3,0.999975891100) (13,3,-0.006943862001) (3,4,-0.710271748825) (4,4,-0.703927583507) (15,4,0.710271748825) (16,4,0.703927583507) (3,5,-0.999993901074) (4,5,0.003492537149) (21,5,0.999993901074) (22,5,-0.003492537149) (6,6,-0.705482103793) (7,6,0.708727734203) (12,6,0.705482103793) (13,6,-0.708727734203) (6,7,-0.999999469258) (7,7,-0.001030283587) (15,7,0.999999469258) (16,7,0.001030283587) (6,8,-0.999996799864) (7,8,-0.002529873920) (24,8,0.999996799864) (25,8,0.002529873920) (9,9,0.000294054973) (10,9,-0.999999956766) (12,9,-0.000294054973) (13,9,0.999999956766) (9,10,-0.002127502119) (10,10,-0.999997736865) (15,10,0.002127502119) (16,10,0.999997736865) (9,11,-0.999999995523) (10,11,-0.000094624031) (18,11,0.999999995523) (19,11,0.000094624031) (9,12,-0.708736005085) (10,12,-0.705473794762) (21,12,0.708736005085) (22,12,0.705473794762) (12,13,-0.708002298774) (13,13,0.706210128029) (18,13,0.708002298774) (19,13,-0.706210128029) (12,14,-0.999999997863) (13,14,0.000065371063) (21,14,0.999999997863) (22,14,-0.000065371063) (15,15,-0.999991898240) (16,15,-0.004025351369) (24,15,0.999991898240) (25,15,0.004025351369) 
Q:
size: 16 16
(0,0,2.000000000000) (1,0,0.709404857805) (2,0,0.999991513034) (6,0,0.709444126148) (7,0,-0.000014300733) (8,0,-0.001513893004) (0,1,0.709404857805) (1,1,2.000000000000) (3,1,0.699132150808) (6,1,-0.006566220412) (9,1,0.709913488667) (13,1,0.003003997367) (14,1,-0.704033681721) (0,2,0.999991513034) (2,2,2.000000000000) (3,2,-0.003839945230) (4,2,0.706128846269) (5,2,-0.000388581102) (6,2,0.706534533128) (7,2,-0.004134235129) (8,2,-0.005633809953) (1,3,0.699132150808) (2,3,-0.003839945230) (3,3,2.000000000000) (4,3,0.705366648956) (5,3,0.999994044016) (6,3,0.710386402977) (9,3,-0.007237909585) (13,3,-0.712889055289) (14,3,-0.999976342891) (2,4,0.706128846269) (3,4,0.705366648956) (4,4,2.000000000000) (5,4,0.707808923694) (7,4,0.710996616889) (10,4,0.705437095074) (15,4,-0.713099550236) (2,5,-0.000388581102) (3,5,0.999994044016) (4,5,0.707808923694) (5,5,2.000000000000) (12,5,0.706267789121) (14,5,0.999994127248) (0,6,0.709444126148) (1,6,-0.006566220412) (2,6,0.706534533128) (3,6,0.710386402977) (6,6,2.000000000000) (7,6,0.704751538811) (8,6,0.703686854343) (9,6,-0.708935154083) (13,6,-0.999993655138) (14,6,-0.705528432571) (0,7,-0.000014300733) (2,7,-0.004134235129) (4,7,0.710996616889) (6,7,0.704751538811) (7,7,2.000000000000) (8,7,0.999998875611) (10,7,0.003157782246) (15,7,-0.999995514756) (0,8,-0.001513893004) (2,8,-0.005633809953) (6,8,0.703686854343) (7,8,0.999998875611) (8,8,2.000000000000) (15,8,0.999998881762) (1,9,0.709913488667) (3,9,-0.007237909585) (6,9,-0.708935154083) (9,9,2.000000000000) (10,9,0.999997068028) (11,9,-0.000199430946) (12,9,0.705265356914) (13,9,0.706418289094) (14,9,0.000359426033) (4,10,0.705437095074) (7,10,0.003157782246) (9,10,0.999997068028) (10,10,2.000000000000) (11,10,0.002222125926) (12,10,0.706980035533) (15,10,-0.006152827142) (9,11,-0.000199430946) (10,11,0.002222125926) (11,11,2.000000000000) (12,11,0.708802756686) (13,11,0.707935471155) (5,12,0.706267789121) (9,12,0.705265356914) (10,12,0.706980035533) (11,12,0.708802756686) (12,12,2.000000000000) (14,12,0.708689885999) (1,13,0.003003997367) (3,13,-0.712889055289) (6,13,-0.999993655138) (9,13,0.706418289094) (11,13,0.707935471155) (13,13,2.000000000000) (14,13,0.708048462968) (1,14,-0.704033681721) (3,14,-0.999976342891) (5,14,0.999994127248) (6,14,-0.705528432571) (9,14,0.000359426033) (12,14,0.708689885999) (13,14,0.708048462968) (14,14,2.000000000000) (4,15,-0.713099550236) (7,15,-0.999995514756) (8,15,0.999998881762) (10,15,-0.006152827142) (15,15,2.000000000000) 
Minv:
size: 27 27
(0,0,1.000000000000) (1,1,1.000000000000) (2,2,2.000000000000) (3,3,1.000000000000) (4,4,1.000000000000) (5,5,2.000000000000) (6,6,1.000000000000) (7,7,1.000000000000) (8,8,2.000000000000) (9,9,1.000000000000) (10,10,1.000000000000) (11,11,2.000000000000) (12,12,1.000000000000) (13,13,1.000000000000) (14,14,2.000000000000) (15,15,1.000000000000) (16,16,1.000000000000) (17,17,2.000000000000) (18,18,1.000000000000) (19,19,1.000000000000) (20,20,2.000000000000) (21,21,1.000000000000) (22,22,1.000000000000) (23,23,2.000000000000) (24,24,1.000000000000) (25,25,1.000000000000) (26,26,2.000000000000) 
v0:
size: 27 1
(0,0,0.095767325494) (1,0,0.248399584712) (2,0,0.000000000000) (3,0,0.971179896390) (4,0,0.575399815351) (5,0,0.000000000000) (6,0,0.815725378605) (7,0,-0.763033139424) (8,0,0.000000000000) (9,0,0.900813493365) (10,0,0.195912317121) (11,0,0.000000000000) (12,0,0.680564171464) (13,0,-0.806872716497) (14,0,0.000000000000) (15,0,0.158694237908) (16,0,-0.165345154658) (17,0,0.000000000000) (18,0,0.417274004927) (19,0,-0.380260288045) (20,0,0.000000000000) (21,0,0.306283421612) (22,0,-0.206398112025) (23,0,0.000000000000) (24,0,-0.043014393402) (25,0,0.647817091034) (26,0,0.000000000000) 
ipopt_sol:
size: 16 1
(0,0,0.632101482556) (1,0,0.000000000000) (2,0,0.761393100897) (3,0,0.000000000000) (4,0,0.747373945654) (5,0,0.280988404545) (6,0,0.000000000000) (7,0,0.000000000000) (8,0,0.833781228860) (9,0,1.002726479343) (10,0,0.000000000000) (11,0,0.483694000476) (12,0,0.000000000000) (13,0,0.000000000000) (14,0,0.233646417582) (15,0,0.048019592385) 
policy_sol:
size: 16 1
(0,0,0.632101474964) (1,0,0.000000000000) (2,0,0.761393101872) (3,0,0.000000000000) (4,0,0.747373943630) (5,0,0.280988390876) (6,0,0.000000000000) (7,0,0.000000000000) (8,0,0.833781214735) (9,0,1.002726467325) (10,0,0.000000000000) (11,0,0.483693993392) (12,0,0.000000000000) (13,0,0.000000000000) (14,0,0.233646429367) (15,0,0.048019603702) 

policy_converges:
1
ipopt_converges:
0
