solve status: 0
N:
size: 27 13
(0,0,0.006222389544) (1,0,-0.999980640747) (3,0,-0.006222389544) (4,0,0.999980640747) (3,1,-0.708978628408) (4,1,0.705229965657) (9,1,0.708978628408) (10,1,-0.705229965657) (3,2,-0.999992695598) (4,2,-0.003822139463) (12,2,0.999992695598) (13,2,0.003822139463) (3,3,-0.704654624072) (4,3,-0.709550463867) (15,3,0.704654624072) (16,3,0.709550463867) (6,4,-0.707436815352) (7,4,0.706776592910) (12,4,0.707436815352) (13,4,-0.706776592910) (6,5,-0.999996879614) (7,5,0.002498151927) (15,5,0.999996879614) (16,5,-0.002498151927) (6,6,-0.999999191972) (7,6,0.001271241400) (24,6,0.999999191972) (25,6,-0.001271241400) (9,7,0.000689117889) (10,7,-0.999999762558) (15,7,-0.000689117889) (16,7,0.999999762558) (9,8,-0.999999272723) (10,8,0.001206048624) (18,8,0.999999272723) (19,8,-0.001206048624) (12,9,0.006848128411) (13,9,-0.999976551294) (15,9,-0.006848128411) (16,9,0.999976551294) (12,10,-0.707695754153) (13,10,-0.706517317236) (24,10,0.707695754153) (25,10,0.706517317236) (18,11,-0.001065662658) (19,11,-0.999999432181) (24,11,0.001065662658) (25,11,0.999999432181) (21,12,-0.008503552999) (22,12,-0.999963844140) (24,12,0.008503552999) (25,12,0.999963844140) 
Q:
size: 13 13
(0,0,2.000000000000) (1,0,0.709627854136) (2,0,0.002400278624) (3,0,-0.705152091935) (0,1,0.709627854136) (1,1,2.000000000000) (2,1,0.706277962461) (3,1,-0.000811180388) (7,1,0.705718368062) (8,1,-0.709828654414) (0,2,0.002400278624) (1,2,0.706277962461) (2,2,2.000000000000) (3,2,0.707361477821) (4,2,0.704730249242) (9,2,0.003026028550) (10,2,-0.710390992578) (0,3,-0.705152091935) (1,3,-0.000811180388) (2,3,0.707361477821) (3,3,2.000000000000) (5,3,0.702879860419) (7,3,0.709064705283) (9,3,0.704708260475) (2,4,0.704730249242) (4,4,2.000000000000) (5,4,0.709200243183) (6,4,0.708334727389) (9,4,0.711604638067) (10,4,-0.001300128248) (3,5,0.702879860419) (4,5,0.709200243183) (5,5,2.000000000000) (6,5,0.999999247343) (7,5,-0.003187267072) (9,5,-0.009346200390) (4,6,0.708334727389) (5,6,0.999999247343) (6,6,2.000000000000) (10,6,0.706797028252) (11,6,-0.000205578881) (12,6,0.007232350691) (1,7,0.705718368062) (3,7,0.709064705283) (5,7,-0.003187267072) (7,7,2.000000000000) (8,7,-0.001895165726) (9,7,0.999981033025) (1,8,-0.709828654414) (7,8,-0.001895165726) (8,8,2.000000000000) (11,8,0.000140386056) (2,9,0.003026028550) (3,9,0.704708260475) (4,9,0.711604638067) (5,9,-0.009346200390) (7,9,0.999981033025) (9,9,2.000000000000) (10,9,0.701654358919) (2,10,-0.710390992578) (4,10,-0.001300128248) (6,10,0.706797028252) (9,10,0.701654358919) (10,10,2.000000000000) (11,10,0.707271081000) (12,10,0.712509700847) (6,11,-0.000205578881) (8,11,0.000140386056) (10,11,0.707271081000) (11,11,2.000000000000) (12,11,0.999972338260) (6,12,0.007232350691) (10,12,0.712509700847) (11,12,0.999972338260) (12,12,2.000000000000) 
Minv:
size: 27 27
(0,0,1.000000000000) (1,1,1.000000000000) (2,2,2.000000000000) (3,3,1.000000000000) (4,4,1.000000000000) (5,5,2.000000000000) (6,6,1.000000000000) (7,7,1.000000000000) (8,8,2.000000000000) (9,9,1.000000000000) (10,10,1.000000000000) (11,11,2.000000000000) (12,12,1.000000000000) (13,13,1.000000000000) (14,14,2.000000000000) (15,15,1.000000000000) (16,16,1.000000000000) (17,17,2.000000000000) (18,18,1.000000000000) (19,19,1.000000000000) (20,20,2.000000000000) (21,21,1.000000000000) (22,22,1.000000000000) (23,23,2.000000000000) (24,24,1.000000000000) (25,25,1.000000000000) (26,26,2.000000000000) 
v0:
size: 27 1
(0,0,-0.616444204270) (1,0,0.241669229343) (2,0,0.000000000000) (3,0,0.364349573711) (4,0,-0.640641293032) (5,0,0.000000000000) (6,0,0.276824263638) (7,0,0.060326447843) (8,0,0.000000000000) (9,0,0.224157701922) (10,0,0.562182158261) (11,0,0.000000000000) (12,0,-0.420219253905) (13,0,0.698425713417) (14,0,0.000000000000) (15,0,-0.554449025389) (16,0,0.116520863536) (17,0,0.000000000000) (18,0,0.198246165773) (19,0,-0.481656047402) (20,0,0.000000000000) (21,0,0.695656143983) (22,0,0.700928920819) (23,0,0.000000000000) (24,0,-0.414839501088) (25,0,-0.718980713644) (26,0,0.000000000000) 
ipopt_sol:
size: 13 1
(0,0,0.784553462188) (1,0,0.289761755004) (2,0,0.859359010196) (3,0,0.000000000000) (4,0,0.396768036699) (5,0,0.691265464685) (6,0,0.000000000000) (7,0,0.344102292362) (8,0,0.127819261436) (9,0,0.000000000000) (10,0,0.909327334294) (11,0,0.000000000000) (12,0,1.105349186552) 
policy_sol:
size: 13 1
(0,0,0.784553462194) (1,0,0.289761764964) (2,0,0.859358997595) (3,0,0.000000000000) (4,0,0.396768037088) (5,0,0.691265456060) (6,0,0.000000000000) (7,0,0.344102280292) (8,0,0.127819264959) (9,0,0.000000000000) (10,0,0.909327319107) (11,0,0.000000000000) (12,0,1.105349186926) 

policy_converges:
1
ipopt_converges:
0
