solve status: 0
N:
size: 27 16
(0,0,-0.999994839875) (1,0,0.003212510334) (9,0,0.999994839875) (10,0,-0.003212510334) (0,1,-0.999997690868) (1,1,-0.002149013557) (18,1,0.999997690868) (19,1,0.002149013557) (3,2,0.002232188602) (4,2,-0.999997508664) (6,2,-0.002232188602) (7,2,0.999997508664) (3,3,-0.706357052721) (4,3,0.707855715575) (9,3,0.706357052721) (10,3,-0.707855715575) (3,4,-0.999983892621) (4,4,0.005675781722) (12,4,0.999983892621) (13,4,-0.005675781722) (6,5,-0.706804814006) (7,5,0.707408619468) (12,5,0.706804814006) (13,5,-0.707408619468) (9,6,0.005375918777) (10,6,-0.999985549644) (12,6,-0.005375918777) (13,6,0.999985549644) (9,7,0.000670644890) (10,7,-0.999999775118) (15,7,-0.000670644890) (16,7,0.999999775118) (9,8,-0.999971748133) (10,8,-0.007516843528) (18,8,0.999971748133) (19,8,0.007516843528) (9,9,-0.705931308096) (10,9,-0.708280303446) (21,9,0.705931308096) (22,9,0.708280303446) (12,10,-0.004022860625) (13,10,-0.999991908263) (15,10,0.004022860625) (16,10,0.999991908263) (12,11,-0.710020466674) (13,11,0.704181039864) (18,11,0.710020466674) (19,11,-0.704181039864) (12,12,-0.999999760614) (13,12,-0.000691932826) (21,12,0.999999760614) (22,12,0.000691932826) (15,13,-0.706008432177) (16,13,0.708203426774) (21,13,0.706008432177) (22,13,-0.708203426774) (15,14,-0.999991842412) (16,14,0.004039196558) (24,14,0.999991842412) (25,14,-0.004039196558) (18,15,-0.002016547355) (19,15,-0.999997966766) (21,15,0.002016547355) (22,15,0.999997966766) 
Q:
size: 16 16
(0,0,2.000000000000) (1,0,0.999985627027) (3,0,0.708627401631) (6,0,0.008588354948) (7,0,0.003883151041) (8,0,-0.999942440216) (9,0,-0.703652307608) (0,1,0.999985627027) (1,1,2.000000000000) (8,1,0.999985592864) (11,1,0.708505532541) (15,1,-0.004165551886) (2,2,2.000000000000) (3,2,-0.709430674230) (4,2,-0.007907920229) (5,2,0.708984578725) (0,3,0.708627401631) (2,3,-0.709430674230) (3,3,2.000000000000) (4,3,0.710363309692) (6,3,0.711642804951) (7,3,0.708329271139) (8,3,-0.701016256161) (9,3,0.002720702814) (2,4,-0.007907920229) (3,4,0.710363309692) (4,4,2.000000000000) (5,4,0.710808526145) (6,4,-0.011051531890) (10,4,0.001652939968) (11,4,-0.714005807980) (12,4,-0.999979725980) (2,5,0.708984578725) (4,5,0.710808526145) (5,5,2.000000000000) (6,5,-0.711198122433) (10,5,0.704559518048) (11,5,-0.999989621154) (12,5,-0.706315165562) (0,6,0.008588354948) (3,6,0.711642804951) (4,6,-0.011051531890) (5,6,-0.711198122433) (6,6,2.000000000000) (7,6,0.999988930098) (8,6,0.002140968010) (9,6,0.704475039170) (10,6,-0.999955831453) (11,6,0.707987876557) (12,6,0.004683994662) (0,7,0.003883151041) (3,7,0.708329271139) (6,7,0.999988930098) (7,7,2.000000000000) (8,7,0.006846215894) (9,7,0.707806714942) (10,7,0.999988985472) (13,7,0.708676748459) (14,7,0.004709835069) (0,8,-0.999942440216) (1,8,0.999985592864) (3,8,-0.701016256161) (6,8,0.002140968010) (7,8,0.006846215894) (8,8,2.000000000000) (9,8,0.711235396433) (11,8,0.704707188578) (15,8,-0.009533318628) (0,9,-0.703652307608) (3,9,0.002720702814) (6,9,0.704475039170) (7,9,0.707806714942) (8,9,0.711235396433) (9,9,2.000000000000) (12,9,0.706421221498) (13,9,-0.003213081964) (15,9,0.709702407259) (4,10,0.001652939968) (5,10,0.704559518048) (6,10,-0.999955831453) (7,10,0.999988985472) (10,10,2.000000000000) (11,10,-0.701319028439) (12,10,0.004714786889) (13,10,0.705357522656) (14,10,0.000016336066) (1,11,0.708505532541) (4,11,-0.714005807980) (5,11,-0.999989621154) (6,11,0.707987876557) (8,11,0.704707188578) (10,11,-0.701319028439) (11,11,2.000000000000) (12,11,0.709533050728) (15,11,0.702747818206) (4,12,-0.999979725980) (5,12,-0.706315165562) (6,12,0.004683994662) (9,12,0.706421221498) (10,12,0.004714786889) (11,12,0.709533050728) (12,12,2.000000000000) (13,12,0.705518233970) (15,12,0.002708478292) (7,13,0.708676748459) (9,13,-0.003213081964) (10,13,0.705357522656) (12,13,0.705518233970) (13,13,2.000000000000) (14,13,0.708863245695) (15,13,-0.706778287394) (7,14,0.004709835069) (10,14,0.000016336066) (13,14,0.708863245695) (14,14,2.000000000000) (1,15,-0.004165551886) (8,15,-0.009533318628) (9,15,0.709702407259) (11,15,0.702747818206) (12,15,0.002708478292) (13,15,-0.706778287394) (15,15,2.000000000000) 
Minv:
size: 27 27
(0,0,1.000000000000) (1,1,1.000000000000) (2,2,2.000000000000) (3,3,1.000000000000) (4,4,1.000000000000) (5,5,2.000000000000) (6,6,1.000000000000) (7,7,1.000000000000) (8,8,2.000000000000) (9,9,1.000000000000) (10,10,1.000000000000) (11,11,2.000000000000) (12,12,1.000000000000) (13,13,1.000000000000) (14,14,2.000000000000) (15,15,1.000000000000) (16,16,1.000000000000) (17,17,2.000000000000) (18,18,1.000000000000) (19,19,1.000000000000) (20,20,2.000000000000) (21,21,1.000000000000) (22,22,1.000000000000) (23,23,2.000000000000) (24,24,1.000000000000) (25,25,1.000000000000) (26,26,2.000000000000) 
v0:
size: 27 1
(0,0,-0.234067777226) (1,0,-0.890336111884) (2,0,0.000000000000) (3,0,-0.327940072385) (4,0,0.601896386236) (5,0,0.000000000000) (6,0,-0.174286539147) (7,0,0.061378870960) (8,0,0.000000000000) (9,0,-0.481803879668) (10,0,0.676795005314) (11,0,0.000000000000) (12,0,-0.500769286786) (13,0,0.073896552040) (14,0,0.000000000000) (15,0,0.850009087769) (16,0,-0.292866497842) (17,0,0.000000000000) (18,0,-0.997757583316) (19,0,-0.008285627987) (20,0,0.000000000000) (21,0,-0.587303783639) (22,0,-0.101415911941) (23,0,0.000000000000) (24,0,0.395425354460) (25,0,0.805591123557) (26,0,0.000000000000) 
ipopt_sol:
size: 16 1
(0,0,0.679532059368) (1,0,0.000000000000) (2,0,0.528407564741) (3,0,0.169029759058) (4,0,0.041720984881) (5,0,0.204726593057) (6,0,0.470350308338) (7,0,0.168109483493) (8,0,0.863324536967) (9,0,0.163038213875) (10,0,0.000000000000) (11,0,0.000000000000) (12,0,0.000000000000) (13,0,1.256998563531) (14,0,0.013100986492) (15,0,0.482772912090) 
policy_sol:
size: 16 1
(0,0,0.679532049200) (1,0,0.000000000000) (2,0,0.528407558515) (3,0,0.169029748323) (4,0,0.041720994815) (5,0,0.204726599991) (6,0,0.470350317453) (7,0,0.168109481881) (8,0,0.863324520052) (9,0,0.163038212506) (10,0,0.000000000000) (11,0,0.000000000000) (12,0,0.000000000000) (13,0,1.256998553426) (14,0,0.013100990071) (15,0,0.482772905417) 

policy_converges:
1
ipopt_converges:
0
