solve status: 0
N:
size: 27 13
(0,0,-0.999998351458) (1,0,0.001815786905) (18,0,0.999998351458) (19,0,-0.001815786905) (3,1,-0.004331640523) (4,1,-0.999990618401) (6,1,0.004331640523) (7,1,0.999990618401) (3,2,-0.999976071131) (4,2,0.006917887360) (12,2,0.999976071131) (13,2,-0.006917887360) (3,3,-0.709684619133) (4,3,-0.704519510990) (15,3,0.709684619133) (16,3,0.704519510990) (6,4,-0.703667158916) (7,4,0.710529752694) (12,4,0.703667158916) (13,4,-0.710529752694) (6,5,-0.999998806850) (7,5,0.001544764768) (15,5,0.999998806850) (16,5,-0.001544764768) (9,6,-0.000356725873) (10,6,-0.999999936373) (12,6,0.000356725873) (13,6,0.999999936373) (9,7,-0.002297185880) (10,7,-0.999997361465) (15,7,0.002297185880) (16,7,0.999997361465) (9,8,-0.999997678636) (10,8,0.002154697758) (18,8,0.999997678636) (19,8,-0.002154697758) (12,9,-0.004215318482) (13,9,-0.999991115506) (15,9,0.004215318482) (16,9,0.999991115506) (18,10,-0.000627870005) (19,10,-0.999999802890) (21,10,0.000627870005) (22,10,0.999999802890) (18,11,-0.001898011183) (19,11,-0.999998198775) (24,11,0.001898011183) (25,11,0.999998198775) (21,12,-0.003171655617) (22,12,-0.999994970288) (24,12,0.003171655617) (25,12,0.999994970288) 
Q:
size: 13 13
(0,0,2.000000000000) (8,0,0.999999942569) (10,0,0.001187917577) (11,0,-0.000082224420) (1,1,2.000000000000) (2,1,-0.002586285588) (3,1,0.707587000126) (4,1,0.707475053608) (5,1,-0.002786885078) (1,2,-0.002586285588) (2,2,2.000000000000) (3,2,0.704793850563) (4,2,0.708565685752) (6,2,-0.006561169583) (9,2,0.002702608285) (1,3,0.707587000126) (2,3,0.704793850563) (3,3,2.000000000000) (5,3,0.708595455454) (7,3,0.706147929577) (9,3,0.707504798382) (1,4,0.707475053608) (2,4,0.708565685752) (4,4,2.000000000000) (5,4,0.704763920665) (6,4,-0.710278691204) (9,4,0.707557258816) (1,5,-0.002786885078) (3,5,0.708595455454) (4,5,0.704763920665) (5,5,2.000000000000) (7,5,0.000752422447) (9,5,0.002670562408) (2,6,-0.006561169583) (4,6,-0.710278691204) (6,6,2.000000000000) (7,6,0.999998117304) (8,6,-0.001797972576) (9,6,-0.999992555593) (3,7,0.706147929577) (5,7,0.000752422447) (6,7,0.999998117304) (7,7,2.000000000000) (8,7,0.000142488475) (9,7,0.999998160364) (0,8,0.999999942569) (6,8,-0.001797972576) (7,8,0.000142488475) (8,8,2.000000000000) (10,8,0.001526828785) (11,8,0.000256687099) (2,9,0.002702608285) (3,9,0.707504798382) (4,9,0.707557258816) (5,9,0.002670562408) (6,9,-0.999992555593) (7,9,0.999998160364) (9,9,2.000000000000) (0,10,0.001187917577) (8,10,0.001526828785) (10,10,2.000000000000) (11,10,0.999999193369) (12,10,-0.999996764566) (0,11,-0.000082224420) (8,11,0.000256687099) (10,11,0.999999193369) (11,11,2.000000000000) (12,11,0.999999188910) (10,12,-0.999996764566) (11,12,0.999999188910) (12,12,2.000000000000) 
Minv:
size: 27 27
(0,0,1.000000000000) (1,1,1.000000000000) (2,2,2.000000000000) (3,3,1.000000000000) (4,4,1.000000000000) (5,5,2.000000000000) (6,6,1.000000000000) (7,7,1.000000000000) (8,8,2.000000000000) (9,9,1.000000000000) (10,10,1.000000000000) (11,11,2.000000000000) (12,12,1.000000000000) (13,13,1.000000000000) (14,14,2.000000000000) (15,15,1.000000000000) (16,16,1.000000000000) (17,17,2.000000000000) (18,18,1.000000000000) (19,19,1.000000000000) (20,20,2.000000000000) (21,21,1.000000000000) (22,22,1.000000000000) (23,23,2.000000000000) (24,24,1.000000000000) (25,25,1.000000000000) (26,26,2.000000000000) 
v0:
size: 27 1
(0,0,-0.508502509426) (1,0,-0.765568028987) (2,0,0.000000000000) (3,0,-0.067058675470) (4,0,0.688971896913) (5,0,0.000000000000) (6,0,0.109553730213) (7,0,0.343149386463) (8,0,0.000000000000) (9,0,0.036439569514) (10,0,0.706744344072) (11,0,0.000000000000) (12,0,-0.499744440365) (13,0,0.582786403421) (14,0,0.000000000000) (15,0,-0.816024484136) (16,0,0.123530256128) (17,0,0.000000000000) (18,0,-0.544016145318) (19,0,0.441003029541) (20,0,0.000000000000) (21,0,0.484388350845) (22,0,0.366925370443) (23,0,0.000000000000) (24,0,0.668853039773) (25,0,-0.140994122718) (26,0,0.000000000000) 
ipopt_sol:
size: 13 1
(0,0,0.000000000000) (1,0,0.189740597028) (2,0,0.275689200025) (3,0,0.310200742570) (4,0,0.132849961923) (5,0,0.768506966849) (6,0,0.000000000000) (7,0,0.432120094546) (8,0,0.579518497659) (9,0,0.086393186122) (10,0,0.435538599345) (11,0,0.000000000000) (12,0,0.725100480032) 
policy_sol:
size: 13 1
(0,0,0.000000000000) (1,0,0.283990293067) (2,0,0.369568767775) (3,0,0.177345140846) (4,0,0.000000000000) (5,0,0.862397489944) (6,0,0.000000000000) (7,0,0.432120084553) (8,0,0.579518492675) (9,0,0.180138431319) (10,0,0.435538589477) (11,0,0.000000000000) (12,0,0.725100470165) 

policy_converges:
1
ipopt_converges:
0
