solve status: 0
N:
size: 27 7
(0,0,-0.001433738661) (1,0,-0.999998972196) (3,0,0.001433738661) (4,0,0.999998972196) (0,1,-0.706384826639) (1,1,-0.707827999371) (12,1,0.706384826639) (13,1,0.707827999371) (6,2,-0.999996831344) (7,2,0.002517399848) (24,2,0.999996831344) (25,2,-0.002517399848) (9,3,-0.999986401704) (10,3,-0.005215017487) (18,3,0.999986401704) (19,3,0.005215017487) (12,4,-0.707520962040) (13,4,0.706692357588) (18,4,0.707520962040) (19,4,-0.706692357588) (12,5,-0.705370910109) (13,5,-0.708838401310) (24,5,0.705370910109) (25,5,0.708838401310) (15,6,-0.999997326456) (16,6,-0.002312375418) (24,6,0.999997326456) (25,6,0.002312375418) 
Q:
size: 7 7
(0,0,2.000000000000) (1,0,0.708840043099) (0,1,0.708840043099) (1,1,2.000000000000) (4,1,0.000434565529) (5,1,-0.999998975531) (2,2,2.000000000000) (5,2,0.703584245348) (6,2,0.999988336635) (3,3,2.000000000000) (4,3,0.703825927958) (1,4,0.000434565529) (3,4,0.703825927958) (4,4,2.000000000000) (5,4,-0.001865976056) (1,5,-0.999998975531) (2,5,0.703584245348) (4,5,-0.001865976056) (5,5,2.000000000000) (6,5,0.707008124763) (2,6,0.999988336635) (5,6,0.707008124763) (6,6,2.000000000000) 
Minv:
size: 27 27
(0,0,1.000000000000) (1,1,1.000000000000) (2,2,2.000000000000) (3,3,1.000000000000) (4,4,1.000000000000) (5,5,2.000000000000) (6,6,1.000000000000) (7,7,1.000000000000) (8,8,2.000000000000) (9,9,1.000000000000) (10,10,1.000000000000) (11,11,2.000000000000) (12,12,1.000000000000) (13,13,1.000000000000) (14,14,2.000000000000) (15,15,1.000000000000) (16,16,1.000000000000) (17,17,2.000000000000) (18,18,1.000000000000) (19,19,1.000000000000) (20,20,2.000000000000) (21,21,1.000000000000) (22,22,1.000000000000) (23,23,2.000000000000) (24,24,1.000000000000) (25,25,1.000000000000) (26,26,2.000000000000) 
v0:
size: 27 1
(0,0,-0.302872243968) (1,0,0.705978061251) (2,0,0.000000000000) (3,0,-0.108889856872) (4,0,-0.589860413378) (5,0,0.000000000000) (6,0,-0.180611188516) (7,0,0.063449714061) (8,0,0.000000000000) (9,0,0.401735046509) (10,0,-0.946966825699) (11,0,0.000000000000) (12,0,0.445481876458) (13,0,-0.875182045067) (14,0,0.000000000000) (15,0,0.361039854547) (16,0,-0.095744937970) (17,0,0.000000000000) (18,0,0.260428538063) (19,0,-0.941633133391) (20,0,0.000000000000) (21,0,0.461770804340) (22,0,-0.658812148021) (23,0,0.000000000000) (24,0,-0.958377038598) (25,0,0.300744816486) (26,0,0.000000000000) 
ipopt_sol:
size: 7 1
(0,0,1.242304865969) (1,0,0.150257190639) (2,0,0.158825667493) (3,0,0.127532593125) (4,0,0.039055618582) (5,0,0.000000000000) (6,0,1.239084628474) 
policy_sol:
size: 7 1
(0,0,1.242304863943) (1,0,0.150257196357) (2,0,0.158825665159) (3,0,0.127532593122) (4,0,0.039055618589) (5,0,0.000000000000) (6,0,1.239084626106) 

policy_converges:
1
ipopt_converges:
0
