solve status: 0
N:
size: 27 13
(0,0,-0.001820433166) (1,0,-0.999998343010) (3,0,0.001820433166) (4,0,0.999998343010) (0,1,-0.999998770461) (1,1,-0.001568144552) (9,1,0.999998770461) (10,1,0.001568144552) (0,2,-0.708080943179) (1,2,-0.706131275264) (12,2,0.708080943179) (13,2,0.706131275264) (0,3,-0.999999982780) (1,3,0.000185578113) (18,3,0.999999982780) (19,3,-0.000185578113) (3,4,-0.708048501952) (4,4,0.706163804569) (9,4,0.708048501952) (10,4,-0.706163804569) (3,5,-0.999994876832) (4,5,-0.003200985671) (12,5,0.999994876832) (13,5,0.003200985671) (6,6,-0.706519625569) (7,6,0.707693449656) (12,6,0.706519625569) (13,6,-0.707693449656) (6,7,-0.999990346395) (7,7,0.004393986479) (24,7,0.999990346395) (25,7,-0.004393986479) (9,8,-0.708115751024) (10,8,-0.706096369593) (21,8,0.708115751024) (22,8,0.706096369593) (12,9,-0.000921568040) (13,9,-0.999999575356) (15,9,0.000921568040) (16,9,0.999999575356) (12,10,-0.707742849698) (13,10,-0.706470139992) (24,10,0.707742849698) (25,10,0.706470139992) (15,11,-0.708856459073) (16,11,0.705352763112) (21,11,0.708856459073) (22,11,-0.705352763112) (15,12,-0.999996296496) (16,12,0.002721579347) (24,12,0.999996296496) (25,12,-0.002721579347) 
Q:
size: 13 13
(0,0,2.000000000000) (1,0,0.003388572882) (2,0,0.707419119245) (3,0,0.001634855329) (4,0,0.704873679487) (5,0,-0.005021404206) (0,1,0.003388572882) (1,1,2.000000000000) (2,1,0.709187388478) (3,1,0.999998462228) (4,1,0.706940264455) (8,1,-0.709222141543) (0,2,0.707419119245) (1,2,0.709187388478) (2,2,2.000000000000) (3,2,0.707949888477) (5,2,0.710337631655) (6,2,0.000548604746) (9,2,-0.706783520177) (10,2,-0.999999885432) (0,3,0.001634855329) (1,3,0.999998462228) (2,3,0.707949888477) (3,3,2.000000000000) (0,4,0.704873679487) (1,4,0.706940264455) (4,4,2.000000000000) (5,4,0.705784454281) (8,4,-0.002760597977) (0,5,-0.005021404206) (2,5,0.710337631655) (4,5,0.705784454281) (5,5,2.000000000000) (6,5,0.704250689359) (9,5,-0.004122547630) (10,5,-0.710000624608) (2,6,0.000548604746) (5,6,0.704250689359) (6,6,2.000000000000) (7,6,0.709622400556) (9,6,0.707042043231) (10,6,-0.000069922718) (6,7,0.709622400556) (7,7,2.000000000000) (10,7,0.704631797185) (12,7,0.999998601509) (1,8,-0.709222141543) (4,8,-0.002760597977) (8,8,2.000000000000) (11,8,0.003905398569) (2,9,-0.706783520177) (5,9,-0.004122547630) (6,9,0.707042043231) (9,9,2.000000000000) (10,9,0.707122073185) (11,9,0.704699204131) (12,9,0.001800013564) (2,10,-0.999999885432) (5,10,-0.710000624608) (6,10,-0.000069922718) (7,10,0.704631797185) (9,10,0.707122073185) (10,10,2.000000000000) (12,10,0.705817514028) (8,11,0.003905398569) (9,11,0.704699204131) (11,11,2.000000000000) (12,11,0.710773507333) (7,12,0.999998601509) (9,12,0.001800013564) (10,12,0.705817514028) (11,12,0.710773507333) (12,12,2.000000000000) 
Minv:
size: 27 27
(0,0,1.000000000000) (1,1,1.000000000000) (2,2,2.000000000000) (3,3,1.000000000000) (4,4,1.000000000000) (5,5,2.000000000000) (6,6,1.000000000000) (7,7,1.000000000000) (8,8,2.000000000000) (9,9,1.000000000000) (10,10,1.000000000000) (11,11,2.000000000000) (12,12,1.000000000000) (13,13,1.000000000000) (14,14,2.000000000000) (15,15,1.000000000000) (16,16,1.000000000000) (17,17,2.000000000000) (18,18,1.000000000000) (19,19,1.000000000000) (20,20,2.000000000000) (21,21,1.000000000000) (22,22,1.000000000000) (23,23,2.000000000000) (24,24,1.000000000000) (25,25,1.000000000000) (26,26,2.000000000000) 
v0:
size: 27 1
(0,0,0.390212372835) (1,0,0.003890205771) (2,0,0.000000000000) (3,0,-0.391563555254) (4,0,-0.750822441076) (5,0,0.000000000000) (6,0,0.058028478127) (7,0,0.288686342491) (8,0,0.000000000000) (9,0,-0.252195476477) (10,0,0.285085799705) (11,0,0.000000000000) (12,0,-0.921707231884) (13,0,0.985209592314) (14,0,0.000000000000) (15,0,0.521413779584) (16,0,0.712310139522) (17,0,0.000000000000) (18,0,0.022806519478) (19,0,-0.837141219632) (20,0,0.000000000000) (21,0,-0.663338864821) (22,0,-0.340863726577) (23,0,0.000000000000) (24,0,-0.227311049116) (25,0,-0.030812078761) (26,0,0.000000000000) 
ipopt_sol:
size: 13 1
(0,0,0.754711855028) (1,0,1.030206562052) (2,0,0.000000000000) (3,0,0.000000000000) (4,0,0.000000000000) (5,0,0.128548044326) (6,0,1.139862770251) (7,0,0.000000000000) (8,0,1.098440449363) (9,0,0.000000000000) (10,0,0.009700849308) (11,0,0.000000000000) (12,0,0.743276083605) 
policy_sol:
size: 13 1
(0,0,0.754711847968) (1,0,1.030206548246) (2,0,0.000000000000) (3,0,0.000000000000) (4,0,0.000000000000) (5,0,0.128548038594) (6,0,1.139862765184) (7,0,0.000000000000) (8,0,1.098440444461) (9,0,0.000000000000) (10,0,0.009700848071) (11,0,0.000000000000) (12,0,0.743276075478) 

policy_converges:
1
ipopt_converges:
0
