solve status: 0
N:
size: 27 12
(0,0,-0.999998819832) (1,0,-0.001536337781) (18,0,0.999998819832) (19,0,0.001536337781) (3,1,-0.707508141070) (4,1,0.706705193358) (9,1,0.707508141070) (10,1,-0.706705193358) (3,2,-0.999965490784) (4,2,0.008307661600) (12,2,0.999965490784) (13,2,-0.008307661600) (3,3,-0.999999084899) (4,3,0.001352849269) (21,3,0.999999084899) (22,3,-0.001352849269) (6,4,-0.706619886836) (7,4,0.707593340505) (12,4,0.706619886836) (13,4,-0.707593340505) (6,5,-0.999990044778) (7,5,-0.004462100894) (15,5,0.999990044778) (16,5,0.004462100894) (6,6,-0.999999997549) (7,6,0.000070015149) (24,6,0.999999997549) (25,6,-0.000070015149) (9,7,-0.999988005002) (10,7,0.004897943738) (18,7,0.999988005002) (19,7,-0.004897943738) (9,8,-0.708853080753) (10,8,-0.705356158197) (21,8,0.708853080753) (22,8,0.705356158197) (12,9,-0.999984581771) (13,9,-0.005553036961) (21,9,0.999984581771) (22,9,0.005553036961) (12,10,-0.708098395279) (13,10,-0.706113774545) (24,10,0.708098395279) (25,10,0.706113774545) (15,11,-0.999989453625) (16,11,0.004592672202) (24,11,0.999989453625) (25,11,-0.004592672202) 
Q:
size: 12 12
(0,0,2.000000000000) (7,0,0.999979299952) (1,1,2.000000000000) (2,1,0.713354793116) (3,1,0.708463559233) (7,1,-0.710961056788) (8,1,-0.003040465290) (1,2,0.713354793116) (2,2,2.000000000000) (3,2,0.999975814728) (4,2,0.712473947961) (9,2,-0.999903940335) (10,2,-0.702207805069) (1,3,0.708463559233) (2,3,0.999975814728) (3,3,2.000000000000) (8,3,0.707898191518) (9,3,0.999976154263) (2,4,0.712473947961) (4,4,2.000000000000) (5,4,0.703455499402) (6,4,0.706669427357) (9,4,-0.702679700036) (10,4,-0.000715003434) (4,5,0.703455499402) (5,5,2.000000000000) (6,5,0.999989729913) (11,5,-0.999959005542) (4,6,0.706669427357) (5,6,0.999989729913) (6,6,2.000000000000) (10,6,0.708048954883) (11,6,0.999989772731) (0,7,0.999979299952) (1,7,-0.710961056788) (7,7,2.000000000000) (8,7,0.705389783283) (1,8,-0.003040465290) (3,8,0.707898191518) (7,8,0.705389783283) (8,8,2.000000000000) (9,8,0.712759020312) (2,9,-0.999903940335) (3,9,0.999976154263) (4,9,-0.702679700036) (8,9,0.712759020312) (9,9,2.000000000000) (10,9,0.712008553545) (2,10,-0.702207805069) (4,10,-0.000715003434) (6,10,0.708048954883) (9,10,0.712008553545) (10,10,2.000000000000) (11,10,0.704847978304) (5,11,-0.999959005542) (6,11,0.999989772731) (10,11,0.704847978304) (11,11,2.000000000000) 
Minv:
size: 27 27
(0,0,1.000000000000) (1,1,1.000000000000) (2,2,2.000000000000) (3,3,1.000000000000) (4,4,1.000000000000) (5,5,2.000000000000) (6,6,1.000000000000) (7,7,1.000000000000) (8,8,2.000000000000) (9,9,1.000000000000) (10,10,1.000000000000) (11,11,2.000000000000) (12,12,1.000000000000) (13,13,1.000000000000) (14,14,2.000000000000) (15,15,1.000000000000) (16,16,1.000000000000) (17,17,2.000000000000) (18,18,1.000000000000) (19,19,1.000000000000) (20,20,2.000000000000) (21,21,1.000000000000) (22,22,1.000000000000) (23,23,2.000000000000) (24,24,1.000000000000) (25,25,1.000000000000) (26,26,2.000000000000) 
v0:
size: 27 1
(0,0,0.096044633971) (1,0,0.256499687977) (2,0,0.000000000000) (3,0,0.751050445776) (4,0,0.376388424467) (5,0,0.000000000000) (6,0,0.765031285614) (7,0,0.397596155331) (8,0,0.000000000000) (9,0,0.816148339368) (10,0,0.540083929600) (11,0,0.000000000000) (12,0,0.533721476623) (13,0,0.674193272380) (14,0,0.000000000000) (15,0,0.683025375953) (16,0,0.836616267458) (17,0,0.000000000000) (18,0,-0.823484395701) (19,0,-0.919930871786) (20,0,0.000000000000) (21,0,-0.198246449501) (22,0,-0.403294239167) (23,0,0.000000000000) (24,0,0.346174373138) (25,0,-0.199916687489) (26,0,0.000000000000) 
ipopt_sol:
size: 12 1
(0,0,0.187880536110) (1,0,0.420229042934) (2,0,0.481721504505) (3,0,0.000000000000) (4,0,0.425598236050) (5,0,0.000000000000) (6,0,0.000000000000) (7,0,1.466939971888) (8,0,0.626510191708) (9,0,0.676865219413) (10,0,0.640909700666) (11,0,0.106215040774) 
policy_sol:
size: 12 1
(0,0,0.187880536457) (1,0,0.420229042202) (2,0,0.481721495974) (3,0,0.000000000000) (4,0,0.425598228075) (5,0,0.000000000000) (6,0,0.000000000000) (7,0,1.466939971192) (8,0,0.626510192450) (9,0,0.676865208125) (10,0,0.640909697791) (11,0,0.106215041787) 

policy_converges:
1
ipopt_converges:
0
