solve status: 0
N:
size: 27 9
(3,0,-0.708582354886) (4,0,0.705628121849) (9,0,0.708582354886) (10,0,-0.705628121849) (3,1,-0.999993019487) (4,1,-0.003736439037) (12,1,0.999993019487) (13,1,0.003736439037) (3,2,-0.710246581782) (4,2,-0.703952976460) (15,2,0.710246581782) (16,2,0.703952976460) (9,3,0.007424882235) (10,3,-0.999972435182) (12,3,-0.007424882235) (13,3,0.999972435182) (9,4,0.001153551248) (10,4,-0.999999334660) (15,4,-0.001153551248) (16,4,0.999999334660) (9,5,-0.999994917399) (10,5,-0.003188287408) (18,5,0.999994917399) (19,5,0.003188287408) (9,6,-0.706937126644) (10,6,-0.707276395034) (21,6,0.706937126644) (22,6,0.707276395034) (12,7,-0.705708014734) (13,7,0.708502786121) (18,7,0.705708014734) (19,7,-0.708502786121) (18,8,-0.006709828332) (19,8,-0.999977488849) (21,8,0.006709828332) (22,8,0.999977488849) 
Q:
size: 9 9
(0,0,2.000000000000) (1,0,0.705940872158) (2,0,0.006539178820) (3,0,0.710869811877) (4,0,0.706445038426) (5,0,-0.706329008189) (6,0,-0.001849059697) (0,1,0.705940872158) (1,1,2.000000000000) (2,1,0.712871901278) (3,1,-0.003688494363) (7,1,-0.703055811062) (0,2,0.006539178820) (1,2,0.712871901278) (2,2,2.000000000000) (4,2,0.703133202260) (0,3,0.710869811877) (1,3,-0.003688494363) (3,3,2.000000000000) (4,3,0.999980334842) (5,3,-0.004236644974) (6,3,0.702007974177) (7,3,0.713723055272) (0,4,0.706445038426) (2,4,0.703133202260) (3,4,0.999980334842) (4,4,2.000000000000) (5,4,0.002034739901) (6,4,0.706460436250) (0,5,-0.706329008189) (3,5,-0.004236644974) (4,5,0.002034739901) (5,5,2.000000000000) (6,5,0.709188533988) (7,5,0.703445517390) (8,5,-0.009898009864) (0,6,-0.001849059697) (3,6,0.702007974177) (4,6,0.706460436250) (5,6,0.709188533988) (6,6,2.000000000000) (8,6,0.712003900189) (1,7,-0.703055811062) (3,7,0.713723055272) (5,7,0.703445517390) (7,7,2.000000000000) (8,7,0.703751657276) (5,8,-0.009898009864) (6,8,0.712003900189) (7,8,0.703751657276) (8,8,2.000000000000) 
Minv:
size: 27 27
(0,0,1.000000000000) (1,1,1.000000000000) (2,2,2.000000000000) (3,3,1.000000000000) (4,4,1.000000000000) (5,5,2.000000000000) (6,6,1.000000000000) (7,7,1.000000000000) (8,8,2.000000000000) (9,9,1.000000000000) (10,10,1.000000000000) (11,11,2.000000000000) (12,12,1.000000000000) (13,13,1.000000000000) (14,14,2.000000000000) (15,15,1.000000000000) (16,16,1.000000000000) (17,17,2.000000000000) (18,18,1.000000000000) (19,19,1.000000000000) (20,20,2.000000000000) (21,21,1.000000000000) (22,22,1.000000000000) (23,23,2.000000000000) (24,24,1.000000000000) (25,25,1.000000000000) (26,26,2.000000000000) 
v0:
size: 27 1
(0,0,-0.605361535405) (1,0,-0.533269334583) (2,0,0.000000000000) (3,0,0.166295297422) (4,0,-0.132821380865) (5,0,0.000000000000) (6,0,-0.702472541299) (7,0,-0.081038525911) (8,0,0.000000000000) (9,0,0.180584928811) (10,0,0.211369858132) (11,0,0.000000000000) (12,0,0.104160157962) (13,0,-0.829447089751) (14,0,0.000000000000) (15,0,-0.213857842602) (16,0,-0.621846595816) (17,0,0.000000000000) (18,0,-0.132024247567) (19,0,-0.343000007758) (20,0,0.000000000000) (21,0,0.652457430233) (22,0,-0.482837695726) (23,0,0.000000000000) (24,0,0.330463784929) (25,0,-0.428723546124) (26,0,0.000000000000) 
ipopt_sol:
size: 9 1
(0,0,0.000000000000) (1,0,0.000000000000) (2,0,0.558964827423) (3,0,0.957353025204) (4,0,0.157262947845) (5,0,0.312064418262) (6,0,0.000000000000) (7,0,0.013727790597) (8,0,0.131284736886) 
policy_sol:
size: 9 1
(0,0,0.000000000000) (1,0,0.000000000000) (2,0,0.558964823937) (3,0,0.957353014164) (4,0,0.157262947531) (5,0,0.312064414103) (6,0,0.000000000000) (7,0,0.013727802207) (8,0,0.131284729220) 

policy_converges:
1
ipopt_converges:
0
