solve status: 0
N:
size: 27 11
(0,0,0.002044209807) (1,0,-0.999997910601) (3,0,-0.002044209807) (4,0,0.999997910601) (0,1,-0.001594393358) (1,1,-0.999998728954) (6,1,0.001594393358) (7,1,0.999998728954) (0,2,-0.999992878489) (1,2,-0.003773986188) (9,2,0.999992878489) (10,2,0.003773986188) (0,3,-0.707170941148) (1,3,-0.707042615403) (12,3,0.707170941148) (13,3,0.707042615403) (0,4,-0.999999895633) (1,4,-0.000456875048) (18,4,0.999999895633) (19,4,0.000456875048) (3,5,-0.005283078384) (4,5,-0.999986044444) (6,5,0.005283078384) (7,5,0.999986044444) (3,6,-0.707263671256) (4,6,-0.706949856299) (15,6,0.707263671256) (16,6,0.706949856299) (9,7,-0.001410700365) (10,7,-0.999999004962) (12,7,0.001410700365) (13,7,0.999999004962) (9,8,0.001692212309) (10,8,-0.999998568208) (15,8,-0.001692212309) (16,8,0.999998568208) (12,9,0.004776846614) (13,9,-0.999988590803) (15,9,-0.004776846614) (16,9,0.999988590803) (21,10,0.007081679244) (22,10,-0.999974924595) (24,10,-0.007081679244) (25,10,0.999974924595) 
Q:
size: 11 11
(0,0,2.000000000000) (1,0,0.999993380283) (2,0,0.001729783054) (3,0,0.705595532336) (4,0,-0.001587335501) (5,0,-0.999973155353) (6,0,-0.705502583866) (0,1,0.999993380283) (1,1,2.000000000000) (2,1,0.005368363395) (3,1,0.708169225371) (4,1,0.002051267658) (5,1,0.999993196721) (0,2,0.001729783054) (1,2,0.005368363395) (2,2,2.000000000000) (3,2,0.709834274087) (4,2,0.999994498362) (7,2,-0.005184672751) (8,2,-0.002081780527) (0,3,0.705595532336) (1,3,0.708169225371) (2,3,0.709834274087) (3,3,2.000000000000) (4,3,0.707493897471) (7,3,0.708039518173) (9,3,-0.703656501499) (0,4,-0.001587335501) (1,4,0.002051267658) (2,4,0.999994498362) (3,4,0.707493897471) (4,4,2.000000000000) (0,5,-0.999973155353) (1,5,0.999993196721) (5,5,2.000000000000) (6,5,0.710676519834) (0,6,-0.705502583866) (5,6,0.710676519834) (6,6,2.000000000000) (8,6,0.705752003804) (9,6,0.703563300495) (2,7,-0.005184672751) (3,7,0.708039518173) (7,7,2.000000000000) (8,7,0.999995185966) (9,7,-0.999980857077) (2,8,-0.002081780527) (6,8,0.705752003804) (7,8,0.999995185966) (8,8,2.000000000000) (9,8,0.999995242466) (3,9,-0.703656501499) (6,9,0.703563300495) (7,9,-0.999980857077) (8,9,0.999995242466) (9,9,2.000000000000) (10,10,2.000000000000) 
Minv:
size: 27 27
(0,0,1.000000000000) (1,1,1.000000000000) (2,2,2.000000000000) (3,3,1.000000000000) (4,4,1.000000000000) (5,5,2.000000000000) (6,6,1.000000000000) (7,7,1.000000000000) (8,8,2.000000000000) (9,9,1.000000000000) (10,10,1.000000000000) (11,11,2.000000000000) (12,12,1.000000000000) (13,13,1.000000000000) (14,14,2.000000000000) (15,15,1.000000000000) (16,16,1.000000000000) (17,17,2.000000000000) (18,18,1.000000000000) (19,19,1.000000000000) (20,20,2.000000000000) (21,21,1.000000000000) (22,22,1.000000000000) (23,23,2.000000000000) (24,24,1.000000000000) (25,25,1.000000000000) (26,26,2.000000000000) 
v0:
size: 27 1
(0,0,0.919751616803) (1,0,0.897621563504) (2,0,0.000000000000) (3,0,-0.620659765457) (4,0,0.875961680757) (5,0,0.000000000000) (6,0,-0.782075453166) (7,0,-0.551753940897) (8,0,0.000000000000) (9,0,-0.743442315408) (10,0,0.265542880613) (11,0,0.000000000000) (12,0,-0.289372039703) (13,0,-0.105557397577) (14,0,0.000000000000) (15,0,0.481095954729) (16,0,-0.488444235063) (17,0,0.000000000000) (18,0,0.768037603705) (19,0,-0.653069043885) (20,0,0.000000000000) (21,0,0.713690839960) (22,0,-0.587093072013) (23,0,0.000000000000) (24,0,0.833486087331) (25,0,-0.767922547239) (26,0,0.000000000000) 
ipopt_sol:
size: 11 1
(0,0,0.000000000000) (1,0,0.431198325662) (2,0,1.253636265185) (3,0,1.160887712654) (4,0,0.000000000000) (5,0,1.212950771349) (6,0,0.000000000000) (7,0,0.480290397352) (8,0,0.000000000000) (9,0,1.035136579748) (10,0,0.181673292372) 
policy_sol:
size: 11 1
(0,0,0.000000000000) (1,0,0.431198321029) (2,0,1.253636262389) (3,0,1.160887706405) (4,0,0.000000000000) (5,0,1.212950775087) (6,0,0.000000000000) (7,0,0.480290386702) (8,0,0.000000000000) (9,0,1.035136563817) (10,0,0.181673292371) 

policy_converges:
1
ipopt_converges:
0
