solve status: 0
N:
size: 27 13
(3,0,-0.004563581736) (4,0,-0.999989586807) (6,0,0.004563581736) (7,0,0.999989586807) (3,1,-0.999999485940) (4,1,-0.001013962765) (12,1,0.999999485940) (13,1,0.001013962765) (3,2,-0.711273974167) (4,2,-0.702914883662) (15,2,0.711273974167) (16,2,0.702914883662) (3,3,-0.999993287324) (4,3,0.003664056082) (21,3,0.999993287324) (22,3,-0.003664056082) (6,4,-0.706997331793) (7,4,0.707216213641) (12,4,0.706997331793) (13,4,-0.707216213641) (6,5,-0.999979986127) (7,5,0.006326716868) (15,5,0.999979986127) (16,5,-0.006326716868) (6,6,-0.999999986826) (7,6,0.000162323239) (24,6,0.999999986826) (25,6,-0.000162323239) (9,7,-0.003850184253) (10,7,-0.999992588013) (15,7,0.003850184253) (16,7,0.999992588013) (9,8,-0.708316663430) (10,8,-0.705894825245) (21,8,0.708316663430) (22,8,0.705894825245) (12,9,-0.002263492844) (13,9,-0.999997438297) (15,9,0.002263492844) (16,9,0.999997438297) (12,10,-0.708233199764) (13,10,-0.705978565363) (24,10,0.708233199764) (25,10,0.705978565363) (15,11,-0.704268221248) (16,11,0.709933991678) (21,11,0.704268221248) (22,11,-0.709933991678) (21,12,-0.006553161464) (22,12,-0.999978527807) (24,12,0.006553161464) (25,12,0.999978527807) 
Q:
size: 13 13
(0,0,2.000000000000) (1,0,0.005577531597) (2,0,0.706153520991) (3,0,0.000899533175) (4,0,0.703982409151) (5,0,0.001763160585) (6,0,-0.004401260128) (0,1,0.005577531597) (1,1,2.000000000000) (2,1,0.711986338048) (3,1,0.999989058051) (4,1,0.706279877447) (9,1,-0.003277451848) (10,1,-0.708948671667) (0,2,0.706153520991) (1,2,0.711986338048) (2,2,2.000000000000) (3,2,0.708693680060) (5,2,0.706812595368) (7,2,0.705648209520) (9,2,0.704523046553) (11,2,-0.001904487439) (0,3,0.000899533175) (1,3,0.999989058051) (2,3,0.708693680060) (3,3,2.000000000000) (8,3,0.705725470502) (11,3,0.706864731684) (12,3,-0.002889140068) (0,4,0.703982409151) (1,4,0.706279877447) (4,4,2.000000000000) (5,4,0.711457538786) (6,4,0.707112120106) (9,4,0.705614118562) (10,4,-0.001439494613) (0,5,0.001763160585) (2,5,0.706812595368) (4,5,0.711457538786) (5,5,2.000000000000) (6,5,0.999980999926) (7,5,-0.002476562779) (9,5,-0.004063253118) (11,5,-0.708745677473) (0,6,-0.004401260128) (4,6,0.707112120106) (5,6,0.999980999926) (6,6,2.000000000000) (10,6,0.708118593706) (12,6,0.006390841624) (2,7,0.705648209520) (5,7,-0.002476562779) (7,7,2.000000000000) (8,7,0.708616742825) (9,7,0.999998741193) (11,7,0.707217167242) (3,8,0.705725470502) (7,8,0.708616742825) (8,8,2.000000000000) (11,8,-0.002293814356) (12,8,-0.710521381598) (1,9,-0.003277451848) (2,9,0.704523046553) (4,9,0.705614118562) (5,9,-0.004063253118) (7,9,0.999998741193) (9,9,2.000000000000) (10,9,0.707579837635) (11,9,0.708338066959) (1,10,-0.708948671667) (4,10,-0.001439494613) (6,10,0.708118593706) (9,10,0.707579837635) (10,10,2.000000000000) (12,10,0.710604572967) (2,11,-0.001904487439) (3,11,0.706864731684) (5,11,-0.708745677473) (7,11,0.707217167242) (8,11,-0.002293814356) (9,11,0.708338066959) (11,11,2.000000000000) (12,11,0.705303564470) (3,12,-0.002889140068) (6,12,0.006390841624) (8,12,-0.710521381598) (10,12,0.710604572967) (11,12,0.705303564470) (12,12,2.000000000000) 
Minv:
size: 27 27
(0,0,1.000000000000) (1,1,1.000000000000) (2,2,2.000000000000) (3,3,1.000000000000) (4,4,1.000000000000) (5,5,2.000000000000) (6,6,1.000000000000) (7,7,1.000000000000) (8,8,2.000000000000) (9,9,1.000000000000) (10,10,1.000000000000) (11,11,2.000000000000) (12,12,1.000000000000) (13,13,1.000000000000) (14,14,2.000000000000) (15,15,1.000000000000) (16,16,1.000000000000) (17,17,2.000000000000) (18,18,1.000000000000) (19,19,1.000000000000) (20,20,2.000000000000) (21,21,1.000000000000) (22,22,1.000000000000) (23,23,2.000000000000) (24,24,1.000000000000) (25,25,1.000000000000) (26,26,2.000000000000) 
v0:
size: 27 1
(0,0,-0.876911802697) (1,0,-0.452503826987) (2,0,0.000000000000) (3,0,0.719859119123) (4,0,0.485908662975) (5,0,0.000000000000) (6,0,0.492497352269) (7,0,-0.632217393896) (8,0,0.000000000000) (9,0,0.561342313901) (10,0,-0.513565016570) (11,0,0.000000000000) (12,0,-0.896192909957) (13,0,0.925332224684) (14,0,0.000000000000) (15,0,-0.484192594933) (16,0,-0.578592759110) (17,0,0.000000000000) (18,0,0.621712528239) (19,0,-0.989971201831) (20,0,0.000000000000) (21,0,-0.577303377370) (22,0,-0.618665796898) (23,0,0.000000000000) (24,0,-0.108056743401) (25,0,-0.979937943183) (26,0,0.000000000000) 
ipopt_sol:
size: 13 1
(0,0,0.667901493401) (1,0,1.436593026635) (2,0,0.376151922153) (3,0,0.093717993599) (4,0,0.891858331283) (5,0,0.527735258657) (6,0,0.000000000000) (7,0,0.000000000000) (8,0,0.986433532527) (9,0,0.742519879492) (10,0,0.895269374816) (11,0,0.000000000000) (12,0,0.390674528087) 
policy_sol:
size: 13 1
(0,0,0.471374157651) (1,0,1.238424095292) (2,0,0.656023966745) (3,0,0.093717989941) (4,0,1.171520911521) (5,0,0.329113714960) (6,0,0.000000000000) (7,0,0.000000000000) (8,0,0.986433528061) (9,0,0.544536515198) (10,0,0.895269377950) (11,0,0.000000000000) (12,0,0.390674521823) 

policy_converges:
1
ipopt_converges:
0
