solve status: 0
N:
size: 27 13
(0,0,-0.000900614661) (1,0,-0.999999594447) (3,0,0.000900614661) (4,0,0.999999594447) (0,1,0.001921935691) (1,1,-0.999998153080) (6,1,-0.001921935691) (7,1,0.999998153080) (0,2,-0.999990183847) (1,2,-0.004430824923) (9,2,0.999990183847) (10,2,0.004430824923) (0,3,-0.704230343085) (1,3,-0.709971565542) (12,3,0.704230343085) (13,3,0.709971565542) (3,4,0.004753289056) (4,4,-0.999988703058) (6,4,-0.004753289056) (7,4,0.999988703058) (3,5,-0.706691332722) (4,5,0.707521985705) (9,5,0.706691332722) (10,5,-0.707521985705) (3,6,-0.999994364939) (4,6,-0.003357095634) (12,6,0.999994364939) (13,6,0.003357095634) (3,7,-0.705146977258) (4,7,-0.709061168351) (15,7,0.705146977258) (16,7,0.709061168351) (6,8,-0.709064989289) (7,8,0.705143135090) (12,8,0.709064989289) (13,8,-0.705143135090) (12,9,0.001974068550) (13,9,-0.999998051525) (15,9,-0.001974068550) (16,9,0.999998051525) (12,10,-0.708141358836) (13,10,-0.706070687613) (24,10,0.708141358836) (25,10,0.706070687613) (18,11,0.000830084320) (19,11,-0.999999655480) (24,11,-0.000830084320) (25,11,0.999999655480) (21,12,-0.006439406803) (22,12,-0.999979266805) (24,12,0.006439406803) (25,12,0.999979266805) 
Q:
size: 13 13
(0,0,2.000000000000) (1,0,0.999996016604) (2,0,0.005331428946) (3,0,0.710605517782) (4,0,-0.999984016627) (5,0,0.706885242192) (6,0,-0.004257703858) (7,0,-0.709695946495) (0,1,0.999996016604) (1,1,2.000000000000) (2,1,0.002508899914) (3,1,0.708616768850) (4,1,0.999995991674) (8,1,0.706504610057) (0,2,0.005331428946) (1,2,0.002508899914) (2,2,2.000000000000) (3,2,0.707369189959) (5,2,0.703549489683) (0,3,0.710605517782) (1,3,0.708616768850) (2,3,0.707369189959) (3,3,2.000000000000) (6,3,0.706609817147) (8,3,-0.001286494874) (9,3,-0.708579983208) (10,3,-0.999984743554) (0,4,-0.999984016627) (1,4,0.999995991674) (4,4,2.000000000000) (5,4,-0.710873101048) (6,4,-0.001396204562) (7,4,0.705701390718) (8,4,0.708505559982) (0,5,0.706885242192) (2,5,0.703549489683) (4,5,-0.710873101048) (5,5,2.000000000000) (6,5,0.704312131503) (7,5,-0.003355108695) (0,6,-0.004257703858) (3,6,0.706609817147) (4,6,-0.001396204562) (5,6,0.704312131503) (6,6,2.000000000000) (7,6,0.707523389864) (8,6,0.706693760724) (9,6,-0.001383031667) (10,6,-0.710507715238) (0,7,-0.709695946495) (4,7,0.705701390718) (5,7,-0.003355108695) (6,7,0.707523389864) (7,7,2.000000000000) (9,7,0.707667778292) (1,8,0.706504610057) (3,8,-0.001286494874) (4,8,0.708505559982) (6,8,0.706693760724) (8,8,2.000000000000) (9,8,0.706541504031) (10,8,-0.004237346760) (3,9,-0.708579983208) (6,9,-0.001383031667) (7,9,0.707667778292) (8,9,0.706541504031) (9,9,2.000000000000) (10,9,0.704671392266) (3,10,-0.999984743554) (6,10,-0.710507715238) (8,10,-0.004237346760) (9,10,0.704671392266) (10,10,2.000000000000) (11,10,0.705482627319) (12,10,0.710616058796) (10,11,0.705482627319) (11,11,2.000000000000) (12,11,0.999973577042) (10,12,0.710616058796) (11,12,0.999973577042) (12,12,2.000000000000) 
Minv:
size: 27 27
(0,0,1.000000000000) (1,1,1.000000000000) (2,2,2.000000000000) (3,3,1.000000000000) (4,4,1.000000000000) (5,5,2.000000000000) (6,6,1.000000000000) (7,7,1.000000000000) (8,8,2.000000000000) (9,9,1.000000000000) (10,10,1.000000000000) (11,11,2.000000000000) (12,12,1.000000000000) (13,13,1.000000000000) (14,14,2.000000000000) (15,15,1.000000000000) (16,16,1.000000000000) (17,17,2.000000000000) (18,18,1.000000000000) (19,19,1.000000000000) (20,20,2.000000000000) (21,21,1.000000000000) (22,22,1.000000000000) (23,23,2.000000000000) (24,24,1.000000000000) (25,25,1.000000000000) (26,26,2.000000000000) 
v0:
size: 27 1
(0,0,0.711623135083) (1,0,0.833626881001) (2,0,0.000000000000) (3,0,0.573953059089) (4,0,0.567875369722) (5,0,0.000000000000) (6,0,-0.682519266165) (7,0,-0.320397765939) (8,0,0.000000000000) (9,0,-0.969935248985) (10,0,-0.494505707119) (11,0,0.000000000000) (12,0,-0.454682939932) (13,0,0.912495679772) (14,0,0.000000000000) (15,0,0.043452545448) (16,0,0.471788694778) (17,0,0.000000000000) (18,0,0.973591011464) (19,0,0.389193548335) (20,0,0.000000000000) (21,0,0.748646513385) (22,0,0.658296175393) (23,0,0.000000000000) (24,0,0.293596962425) (25,0,-0.433628824024) (26,0,0.000000000000) 
ipopt_sol:
size: 13 1
(0,0,0.000000000000) (1,0,0.943581132940) (2,0,1.686242932376) (3,0,0.000000000000) (4,0,0.411294919118) (5,0,0.000000000000) (6,0,1.135752240430) (7,0,0.000000000000) (8,0,0.000000000000) (9,0,0.335600296653) (10,0,0.303331676544) (11,0,0.295654589722) (12,0,0.839233040424) 
policy_sol:
size: 13 1
(0,0,0.000000000000) (1,0,0.943581115895) (2,0,1.686242925316) (3,0,0.000000000000) (4,0,0.411294929101) (5,0,0.000000000000) (6,0,1.135752227097) (7,0,0.000000000000) (8,0,0.000000000000) (9,0,0.335600292355) (10,0,0.303331678704) (11,0,0.295654589217) (12,0,0.839233039909) 

policy_converges:
1
ipopt_converges:
0
