solve status: 0
N:
size: 27 13
(0,0,0.001267021669) (1,0,-0.999999197328) (6,0,-0.001267021669) (7,0,0.999999197328) (3,1,-0.000284609943) (4,1,-0.999999959499) (6,1,0.000284609943) (7,1,0.999999959499) (3,2,-0.708349753553) (4,2,-0.705861620037) (15,2,0.708349753553) (16,2,0.705861620037) (6,3,-0.708691524113) (7,3,0.705518478603) (12,3,0.708691524113) (13,3,-0.705518478603) (6,4,-0.999991684134) (7,4,-0.004078193683) (15,4,0.999991684134) (16,4,0.004078193683) (9,5,-0.003837254925) (10,5,-0.999992637710) (15,5,0.003837254925) (16,5,0.999992637710) (9,6,-0.999996772235) (10,6,-0.002540771295) (18,6,0.999996772235) (19,6,0.002540771295) (9,7,-0.710310080123) (10,7,-0.703888904640) (21,7,0.710310080123) (22,7,0.703888904640) (12,8,-0.002880706027) (13,8,-0.999995850758) (15,8,0.002880706027) (16,8,0.999995850758) (12,9,-0.706275671976) (13,9,0.707936914686) (18,9,0.706275671976) (19,9,-0.707936914686) (12,10,-0.708467435340) (13,10,-0.705743503734) (24,10,0.708467435340) (25,10,0.705743503734) (18,11,-0.007282418546) (19,11,-0.999973482838) (21,11,0.007282418546) (22,11,0.999973482838) (18,12,-0.003200247256) (19,12,-0.999994879196) (24,12,0.003200247256) (25,12,0.999994879196) 
Q:
size: 13 13
(0,0,2.000000000000) (1,0,0.999998796219) (3,0,0.706415839821) (4,0,-0.002811179277) (0,1,0.999998796219) (1,1,2.000000000000) (2,1,0.706063194832) (3,1,0.705316749375) (4,1,-0.004362801095) (1,2,0.706063194832) (2,2,2.000000000000) (4,2,0.711222503411) (5,2,0.708574541859) (8,2,0.707899238651) (0,3,0.706415839821) (1,3,0.705316749375) (3,3,2.000000000000) (4,3,0.705808389726) (8,3,0.703474019291) (9,3,-0.999994157413) (10,3,-0.004169783496) (0,4,-0.002811179277) (1,4,-0.004362801095) (2,4,0.711222503411) (3,4,0.705808389726) (4,4,2.000000000000) (5,4,0.007915386673) (8,4,0.006958858834) (2,5,0.708574541859) (4,5,0.007915386673) (5,5,2.000000000000) (6,5,0.006377995128) (7,5,0.706609363259) (8,5,0.999999542502) (5,6,0.006377995128) (6,6,2.000000000000) (7,6,0.712096208133) (9,6,0.704474686493) (11,6,-0.009823098961) (12,6,-0.005740995210) (5,7,0.706609363259) (6,7,0.712096208133) (7,7,2.000000000000) (11,7,0.709043014805) (2,8,0.707899238651) (3,8,0.703474019291) (4,8,0.006958858834) (5,8,0.999999542502) (8,8,2.000000000000) (9,8,-0.705899404699) (10,8,0.707781461845) (3,9,-0.999994157413) (6,9,0.704474686493) (8,9,-0.705899404699) (9,9,2.000000000000) (10,9,0.000751435374) (11,9,0.702774747156) (12,9,0.705673032698) (3,10,-0.004169783496) (8,10,0.707781461845) (9,10,0.000751435374) (10,10,2.000000000000) (12,10,0.708007160726) (6,11,-0.009823098961) (7,11,0.709043014805) (9,11,0.702774747156) (11,11,2.000000000000) (12,11,0.999991667710) (6,12,-0.005740995210) (9,12,0.705673032698) (10,12,0.708007160726) (11,12,0.999991667710) (12,12,2.000000000000) 
Minv:
size: 27 27
(0,0,1.000000000000) (1,1,1.000000000000) (2,2,2.000000000000) (3,3,1.000000000000) (4,4,1.000000000000) (5,5,2.000000000000) (6,6,1.000000000000) (7,7,1.000000000000) (8,8,2.000000000000) (9,9,1.000000000000) (10,10,1.000000000000) (11,11,2.000000000000) (12,12,1.000000000000) (13,13,1.000000000000) (14,14,2.000000000000) (15,15,1.000000000000) (16,16,1.000000000000) (17,17,2.000000000000) (18,18,1.000000000000) (19,19,1.000000000000) (20,20,2.000000000000) (21,21,1.000000000000) (22,22,1.000000000000) (23,23,2.000000000000) (24,24,1.000000000000) (25,25,1.000000000000) (26,26,2.000000000000) 
v0:
size: 27 1
(0,0,-0.340705233219) (1,0,-0.154991321888) (2,0,0.000000000000) (3,0,-0.509848578012) (4,0,0.482185362215) (5,0,0.000000000000) (6,0,-0.306557020133) (7,0,-0.669873153517) (8,0,0.000000000000) (9,0,0.974241164497) (10,0,-0.149069431794) (11,0,0.000000000000) (12,0,0.225520139935) (13,0,-0.028314577682) (14,0,0.000000000000) (15,0,-0.791711670244) (16,0,-0.169466632721) (17,0,0.000000000000) (18,0,0.656013592700) (19,0,0.534384886143) (20,0,0.000000000000) (21,0,0.522712627878) (22,0,-0.411379706702) (23,0,0.000000000000) (24,0,-0.049652397990) (25,0,0.068182460969) (26,0,0.000000000000) 
ipopt_sol:
size: 13 1
(0,0,0.000000000000) (1,0,1.129384484564) (2,0,0.066914168959) (3,0,0.000000000000) (4,0,0.461484124934) (5,0,0.000000000000) (6,0,0.294860339626) (7,0,0.073469583432) (8,0,0.084481693790) (9,0,0.000000000000) (10,0,0.096951339220) (11,0,0.922111949464) (12,0,0.000000000000) 
policy_sol:
size: 13 1
(0,0,0.000000000000) (1,0,1.129384474721) (2,0,0.066914172660) (3,0,0.000000000000) (4,0,0.461484120061) (5,0,0.000000000000) (6,0,0.294860335693) (7,0,0.073469584452) (8,0,0.084481688034) (9,0,0.000000000000) (10,0,0.096951337734) (11,0,0.922111940571) (12,0,0.000000000000) 

policy_converges:
1
ipopt_converges:
0
