solve status: 0
N:
size: 27 14
(0,0,0.000272934431) (1,0,-0.999999962753) (3,0,-0.000272934431) (4,0,0.999999962753) (0,1,-0.001173545309) (1,1,-0.999999311395) (6,1,0.001173545309) (7,1,0.999999311395) (0,2,-0.999994632935) (1,2,0.003276293819) (9,2,0.999994632935) (10,2,-0.003276293819) (0,3,-0.707658014678) (1,3,-0.706555117639) (12,3,0.707658014678) (13,3,0.706555117639) (3,4,-0.002608974744) (4,4,-0.999996596620) (6,4,0.002608974744) (7,4,0.999996596620) (3,5,-0.999994443044) (4,5,-0.003333748724) (12,5,0.999994443044) (13,5,0.003333748724) (3,6,-0.706319675859) (4,6,-0.707893011333) (15,6,0.706319675859) (16,6,0.707893011333) (3,7,-0.999999749953) (4,7,-0.000707173862) (21,7,0.999999749953) (22,7,0.000707173862) (6,8,-0.706479004210) (7,8,0.707734001310) (12,8,0.706479004210) (13,8,-0.707734001310) (6,9,-0.999999954107) (7,9,0.000302961944) (15,9,0.999999954107) (16,9,-0.000302961944) (6,10,-0.999997240235) (7,10,0.002349366228) (24,10,0.999997240235) (25,10,-0.002349366228) (18,11,0.004816208993) (19,11,-0.999988401998) (21,11,-0.004816208993) (22,11,0.999988401998) (18,12,0.003593393204) (19,12,-0.999993543742) (24,12,-0.003593393204) (25,12,0.999993543742) (21,13,0.002365402670) (22,13,-0.999997202431) (24,13,-0.002365402670) (25,13,0.999997202431) 
Q:
size: 14 14
(0,0,2.000000000000) (1,0,0.999998953848) (2,0,-0.003549226663) (3,0,0.706361947085) (4,0,-0.999995847294) (5,0,-0.003060815685) (6,0,-0.707700206007) (7,0,-0.000434239472) (0,1,0.999998953848) (1,1,2.000000000000) (2,1,-0.002102752552) (3,1,0.707385099845) (4,1,0.999998969767) (8,1,0.706904428840) (9,1,-0.000870583520) (10,1,0.001175822540) (0,2,-0.003549226663) (1,2,-0.002102752552) (2,2,2.000000000000) (3,2,0.705339334467) (0,3,0.706361947085) (1,3,0.707385099845) (2,3,0.705339334467) (3,3,2.000000000000) (5,3,0.710009559476) (8,3,-0.000107551022) (0,4,-0.999995847294) (1,4,0.999998969767) (4,4,2.000000000000) (5,4,0.005942697624) (6,4,0.709733372299) (7,4,0.003316145547) (8,4,0.705888406743) (9,4,-0.002306013711) (10,4,-0.000259609312) (0,5,-0.003060815685) (3,5,0.710009559476) (4,5,0.005942697624) (5,5,2.000000000000) (6,5,0.708675688295) (7,5,0.999996550538) (8,5,0.704115671014) (0,6,-0.707700206007) (4,6,0.709733372299) (5,6,0.708675688295) (6,6,2.000000000000) (7,6,0.706820102680) (9,6,0.706105178801) (0,7,-0.000434239472) (4,7,0.003316145547) (5,7,0.999996550538) (6,7,0.706820102680) (7,7,2.000000000000) (11,7,-0.004109042129) (13,7,0.001658230195) (1,8,0.706904428840) (3,8,-0.000107551022) (4,8,0.705888406743) (5,8,0.704115671014) (8,8,2.000000000000) (9,8,0.706693388257) (10,8,0.708139780855) (1,9,-0.000870583520) (4,9,-0.002306013711) (6,9,0.706105178801) (8,9,0.706693388257) (9,9,2.000000000000) (10,9,0.999997906111) (1,10,0.001175822540) (4,10,-0.000259609312) (8,10,0.708139780855) (9,10,0.999997906111) (10,10,2.000000000000) (12,10,-0.005942734347) (13,10,-0.004714755797) (7,11,-0.004109042129) (11,11,2.000000000000) (12,11,0.999999252348) (13,11,-0.999996996735) (10,12,-0.005942734347) (11,12,0.999999252348) (12,12,2.000000000000) (13,12,0.999999246013) (7,13,0.001658230195) (10,13,-0.004714755797) (11,13,-0.999996996735) (12,13,0.999999246013) (13,13,2.000000000000) 
Minv:
size: 27 27
(0,0,1.000000000000) (1,1,1.000000000000) (2,2,2.000000000000) (3,3,1.000000000000) (4,4,1.000000000000) (5,5,2.000000000000) (6,6,1.000000000000) (7,7,1.000000000000) (8,8,2.000000000000) (9,9,1.000000000000) (10,10,1.000000000000) (11,11,2.000000000000) (12,12,1.000000000000) (13,13,1.000000000000) (14,14,2.000000000000) (15,15,1.000000000000) (16,16,1.000000000000) (17,17,2.000000000000) (18,18,1.000000000000) (19,19,1.000000000000) (20,20,2.000000000000) (21,21,1.000000000000) (22,22,1.000000000000) (23,23,2.000000000000) (24,24,1.000000000000) (25,25,1.000000000000) (26,26,2.000000000000) 
v0:
size: 27 1
(0,0,0.942165897080) (1,0,0.763610568803) (2,0,0.000000000000) (3,0,0.741164651159) (4,0,0.311718697575) (5,0,0.000000000000) (6,0,0.514632476475) (7,0,-0.822436777566) (8,0,0.000000000000) (9,0,0.463681523612) (10,0,-0.942348704543) (11,0,0.000000000000) (12,0,-0.877269758912) (13,0,-0.421273494905) (14,0,0.000000000000) (15,0,-0.751405006672) (16,0,-0.070853248273) (17,0,0.000000000000) (18,0,0.934000711830) (19,0,0.726631673484) (20,0,0.000000000000) (21,0,-0.108989694424) (22,0,0.093981030252) (23,0,0.000000000000) (24,0,0.022529832689) (25,0,-0.527447933522) (26,0,0.000000000000) 
ipopt_sol:
size: 14 1
(0,0,0.321903538297) (1,0,0.238199578031) (2,0,0.000000000000) (3,0,1.745508000707) (4,0,0.908184909250) (5,0,0.510681037822) (6,0,0.425824686988) (7,0,0.443050385166) (8,0,0.329230526894) (9,0,1.000744934336) (10,0,0.000000000000) (11,0,0.004176856512) (12,0,1.248707815322) (13,0,0.000000000000) 
policy_sol:
size: 14 1
(0,0,0.000000000000) (1,0,0.560568778587) (2,0,0.000000000000) (3,0,1.744849237416) (4,0,0.586277194727) (5,0,0.511608758047) (6,0,0.425824686304) (7,0,0.443050381713) (8,0,0.328577231583) (9,0,1.000744932171) (10,0,0.000000000000) (11,0,0.004176866392) (12,0,1.248707805447) (13,0,0.000000000000) 

policy_converges:
1
ipopt_converges:
0
