solve status: 0
N:
size: 27 9
(0,0,0.000553530185) (1,0,-0.999999846802) (3,0,-0.000553530185) (4,0,0.999999846802) (0,1,-0.001635385957) (1,1,-0.999998662755) (6,1,0.001635385957) (7,1,0.999998662755) (3,2,-0.003824708165) (4,2,-0.999992685777) (6,2,0.003824708165) (7,2,0.999992685777) (6,3,-0.999967637952) (7,3,-0.008045063584) (15,3,0.999967637952) (16,3,0.008045063584) (6,4,-0.999999929036) (7,4,-0.000376733474) (24,4,0.999999929036) (25,4,0.000376733474) (12,5,-0.999972867182) (13,5,-0.007366471379) (21,5,0.999972867182) (22,5,0.007366471379) (12,6,-0.706299509549) (13,6,-0.707913132249) (24,6,0.706299509549) (25,6,0.707913132249) (15,7,-0.999973521070) (16,7,0.007277166968) (24,7,0.999973521070) (25,7,-0.007277166968) (21,8,-0.004850949136) (22,8,-0.999988234077) (24,8,0.004850949136) (25,8,0.999988234077) 
Q:
size: 9 9
(0,0,2.000000000000) (1,0,0.999997604322) (2,0,-0.999990415489) (0,1,0.999997604322) (1,1,2.000000000000) (2,1,0.999997603416) (3,1,-0.009680385859) (4,1,-0.002012118811) (0,2,-0.999990415489) (1,2,0.999997603416) (2,2,2.000000000000) (3,2,-0.011869589131) (4,2,-0.004201438612) (1,3,-0.009680385859) (2,3,-0.011869589131) (3,3,2.000000000000) (4,3,0.999970597835) (7,3,-0.999882614608) (1,4,-0.002012118811) (2,4,-0.004201438612) (3,4,0.999970597835) (4,4,2.000000000000) (6,4,0.706566154001) (7,4,0.999970708555) (8,4,0.005227677833) (5,5,2.000000000000) (6,5,0.711495167480) (8,5,-0.012217202222) (4,6,0.706566154001) (5,6,0.711495167480) (6,6,2.000000000000) (7,6,0.701129205431) (8,6,0.711331025994) (3,7,-0.999882614608) (4,7,0.999970708555) (6,7,0.701129205431) (7,7,2.000000000000) (8,7,-0.002426260657) (4,8,0.005227677833) (5,8,-0.012217202222) (6,8,0.711331025994) (7,8,-0.002426260657) (8,8,2.000000000000) 
Minv:
size: 27 27
(0,0,1.000000000000) (1,1,1.000000000000) (2,2,2.000000000000) (3,3,1.000000000000) (4,4,1.000000000000) (5,5,2.000000000000) (6,6,1.000000000000) (7,7,1.000000000000) (8,8,2.000000000000) (9,9,1.000000000000) (10,10,1.000000000000) (11,11,2.000000000000) (12,12,1.000000000000) (13,13,1.000000000000) (14,14,2.000000000000) (15,15,1.000000000000) (16,16,1.000000000000) (17,17,2.000000000000) (18,18,1.000000000000) (19,19,1.000000000000) (20,20,2.000000000000) (21,21,1.000000000000) (22,22,1.000000000000) (23,23,2.000000000000) (24,24,1.000000000000) (25,25,1.000000000000) (26,26,2.000000000000) 
v0:
size: 27 1
(0,0,-0.928208611151) (1,0,0.957915132042) (2,0,0.000000000000) (3,0,-0.728089324809) (4,0,0.533773070525) (5,0,0.000000000000) (6,0,0.108125541655) (7,0,-0.587781304375) (8,0,0.000000000000) (9,0,0.697991026742) (10,0,-0.755063205829) (11,0,0.000000000000) (12,0,0.890300412578) (13,0,-0.609409635644) (14,0,0.000000000000) (15,0,0.048871741724) (16,0,0.988485387631) (17,0,0.000000000000) (18,0,0.966829203569) (19,0,-0.923074868776) (20,0,0.000000000000) (21,0,0.273004996963) (22,0,-0.294362671389) (23,0,0.000000000000) (24,0,-0.291383546171) (25,0,-0.780670023566) (26,0,0.000000000000) 
ipopt_sol:
size: 9 1
(0,0,0.000000000000) (1,0,1.313091240642) (2,0,0.462133896549) (3,0,0.000000000000) (4,0,0.157115071422) (5,0,0.377591303533) (6,0,0.671562003520) (7,0,0.013696563144) (8,0,0.252100502832) 
policy_sol:
size: 9 1
(0,0,0.000000000000) (1,0,1.313091230717) (2,0,0.462133906524) (3,0,0.000000000000) (4,0,0.157115061439) (5,0,0.377591303526) (6,0,0.671562003541) (7,0,0.013696573119) (8,0,0.252100502862) 

policy_converges:
1
ipopt_converges:
0
