solve status: 0
N:
size: 27 10
(0,0,0.003248723597) (1,0,-0.999994722884) (3,0,-0.003248723597) (4,0,0.999994722884) (0,1,0.000727555550) (1,1,-0.999999735331) (6,1,-0.000727555550) (7,1,0.999999735331) (0,2,-0.706977622701) (1,2,-0.707235916084) (12,2,0.706977622701) (13,2,0.707235916084) (0,3,-0.999998798856) (1,3,0.001549930941) (18,3,0.999998798856) (19,3,-0.001549930941) (6,4,-0.709087774833) (7,4,0.705120222078) (12,4,0.709087774833) (13,4,-0.705120222078) (9,5,-0.999997467470) (10,5,-0.002250567238) (18,5,0.999997467470) (19,5,0.002250567238) (9,6,-0.709390199700) (10,6,-0.704815965036) (21,6,0.709390199700) (22,6,0.704815965036) (15,7,-0.710651068803) (16,7,0.703544638533) (21,7,0.710651068803) (22,7,-0.703544638533) (15,8,-0.999998883665) (16,8,-0.001494211582) (24,8,0.999998883665) (25,8,0.001494211582) (18,9,-0.006476060796) (19,9,-0.999979030098) (21,9,0.006476060796) (22,9,0.999979030098) 
Q:
size: 10 10
(0,0,2.000000000000) (1,0,0.999996821843) (2,0,0.704935409033) (3,0,-0.004798642456) (0,1,0.999996821843) (1,1,2.000000000000) (2,1,0.706721363408) (3,1,-0.002277485207) (4,1,0.705635936201) (0,2,0.704935409033) (1,2,0.706721363408) (2,2,2.000000000000) (3,2,0.705880606691) (4,2,0.002622843127) (0,3,-0.004798642456) (1,3,-0.002277485207) (2,3,0.705880606691) (3,3,2.000000000000) (5,3,0.999992778106) (9,3,-0.004926154578) (1,4,0.705635936201) (2,4,0.002622843127) (4,4,2.000000000000) (3,5,0.999992778106) (5,5,2.000000000000) (6,5,0.710974638868) (9,5,-0.008726564439) (5,6,0.710974638868) (6,6,2.000000000000) (7,6,0.008259410262) (9,6,0.709395239176) (6,7,0.008259410262) (7,7,2.000000000000) (8,7,0.709599030931) (9,7,-0.698927665745) (7,8,0.709599030931) (8,8,2.000000000000) (3,9,-0.004926154578) (5,9,-0.008726564439) (6,9,0.709395239176) (7,9,-0.698927665745) (9,9,2.000000000000) 
Minv:
size: 27 27
(0,0,1.000000000000) (1,1,1.000000000000) (2,2,2.000000000000) (3,3,1.000000000000) (4,4,1.000000000000) (5,5,2.000000000000) (6,6,1.000000000000) (7,7,1.000000000000) (8,8,2.000000000000) (9,9,1.000000000000) (10,10,1.000000000000) (11,11,2.000000000000) (12,12,1.000000000000) (13,13,1.000000000000) (14,14,2.000000000000) (15,15,1.000000000000) (16,16,1.000000000000) (17,17,2.000000000000) (18,18,1.000000000000) (19,19,1.000000000000) (20,20,2.000000000000) (21,21,1.000000000000) (22,22,1.000000000000) (23,23,2.000000000000) (24,24,1.000000000000) (25,25,1.000000000000) (26,26,2.000000000000) 
v0:
size: 27 1
(0,0,0.024088574620) (1,0,0.999643798521) (2,0,0.000000000000) (3,0,-0.977345197453) (4,0,-0.313054551887) (5,0,0.000000000000) (6,0,-0.022077217935) (7,0,-0.263021224828) (8,0,0.000000000000) (9,0,0.393171682074) (10,0,-0.756002206318) (11,0,0.000000000000) (12,0,-0.747131168854) (13,0,-0.634720579247) (14,0,0.000000000000) (15,0,0.648132519765) (16,0,0.048314331046) (17,0,0.000000000000) (18,0,-0.519483416573) (19,0,-0.531685548100) (20,0,0.000000000000) (21,0,-0.604050562476) (22,0,-0.768778447074) (23,0,0.000000000000) (24,0,0.141261672628) (25,0,0.181243553245) (26,0,0.000000000000) 
ipopt_sol:
size: 10 1
(0,0,0.615090252223) (1,0,0.456026851811) (2,0,1.323057636644) (3,0,0.000000000000) (4,0,0.089404607788) (5,0,0.781262247545) (6,0,0.370513423031) (7,0,0.228747991268) (8,0,0.425511980451) (9,0,0.189563377403) 
policy_sol:
size: 10 1
(0,0,0.615090253152) (1,0,0.456026853020) (2,0,1.323057632361) (3,0,0.000000000000) (4,0,0.089404607366) (5,0,0.781262241670) (6,0,0.370513425482) (7,0,0.228747990849) (8,0,0.425511980599) (9,0,0.189563376386) 

policy_converges:
1
ipopt_converges:
0
