solve status: 0
N:
size: 27 9
(6,0,-0.999993422725) (7,0,0.003626914322) (24,0,0.999993422725) (25,0,-0.003626914322) (9,1,-0.999993631995) (10,1,0.003568748967) (18,1,0.999993631995) (19,1,-0.003568748967) (9,2,-0.709098630973) (10,2,-0.705109304684) (21,2,0.709098630973) (22,2,0.705109304684) (12,3,-0.709281955548) (13,3,0.704924894960) (18,3,0.709281955548) (19,3,-0.704924894960) (12,4,-0.999999839343) (13,4,-0.000566845714) (21,4,0.999999839343) (22,4,0.000566845714) (12,5,-0.710698877940) (13,5,-0.703496343199) (24,5,0.710698877940) (25,5,0.703496343199) (15,6,-0.706534467013) (16,6,0.707678632518) (21,6,0.706534467013) (22,6,-0.707678632518) (15,7,-0.999970659750) (16,7,0.007660263696) (24,7,0.999970659750) (25,7,-0.007660263696) (21,8,-0.003220776046) (22,8,-0.999994813287) (24,8,0.003220776046) (25,8,0.999994813287) 
Q:
size: 9 9
(0,0,2.000000000000) (5,0,0.708142682515) (7,0,0.999991865787) (8,0,-0.000406140649) (1,1,2.000000000000) (2,1,0.706577757327) (3,1,0.711793138828) (1,2,0.706577757327) (2,2,2.000000000000) (4,2,0.709498205239) (6,2,0.002011834780) (8,2,-0.707389495369) (1,3,0.711793138828) (3,3,2.000000000000) (4,3,0.708882257941) (5,3,0.008173804116) (2,4,0.709498205239) (3,4,0.708882257941) (4,4,2.000000000000) (5,4,0.711097537648) (6,4,0.706133208903) (8,4,-0.003787618302) (0,5,0.708142682515) (3,5,0.008173804116) (4,5,0.711097537648) (5,5,2.000000000000) (7,5,0.705289058359) (8,5,0.705781696288) (2,6,0.002011834780) (4,6,0.706133208903) (6,6,2.000000000000) (7,6,0.711934742051) (8,6,0.705399372706) (0,7,0.999991865787) (5,7,0.705289058359) (6,7,0.711934742051) (7,7,2.000000000000) (8,7,-0.004439542417) (0,8,-0.000406140649) (2,8,-0.707389495369) (4,8,-0.003787618302) (5,8,0.705781696288) (6,8,0.705399372706) (7,8,-0.004439542417) (8,8,2.000000000000) 
Minv:
size: 27 27
(0,0,1.000000000000) (1,1,1.000000000000) (2,2,2.000000000000) (3,3,1.000000000000) (4,4,1.000000000000) (5,5,2.000000000000) (6,6,1.000000000000) (7,7,1.000000000000) (8,8,2.000000000000) (9,9,1.000000000000) (10,10,1.000000000000) (11,11,2.000000000000) (12,12,1.000000000000) (13,13,1.000000000000) (14,14,2.000000000000) (15,15,1.000000000000) (16,16,1.000000000000) (17,17,2.000000000000) (18,18,1.000000000000) (19,19,1.000000000000) (20,20,2.000000000000) (21,21,1.000000000000) (22,22,1.000000000000) (23,23,2.000000000000) (24,24,1.000000000000) (25,25,1.000000000000) (26,26,2.000000000000) 
v0:
size: 27 1
(0,0,0.016534282968) (1,0,-0.870260536266) (2,0,0.000000000000) (3,0,-0.458542821525) (4,0,-0.269283073236) (5,0,0.000000000000) (6,0,-0.663327876794) (7,0,-0.163895384111) (8,0,0.000000000000) (9,0,0.754436880264) (10,0,-0.249972401290) (11,0,0.000000000000) (12,0,0.804307481057) (13,0,0.086350482690) (14,0,0.000000000000) (15,0,0.656616941645) (16,0,0.543457895758) (17,0,0.000000000000) (18,0,0.305820491059) (19,0,0.282310341430) (20,0,0.000000000000) (21,0,-0.560659749219) (22,0,0.915778827111) (23,0,0.000000000000) (24,0,-0.931501063996) (25,0,0.782060215718) (26,0,0.000000000000) 
ipopt_sol:
size: 9 1
(0,0,0.000000000000) (1,0,0.450513122993) (2,0,0.000000000000) (3,0,0.000000000000) (4,0,1.350076875348) (5,0,0.000000000000) (6,0,0.041519696943) (7,0,1.575399923972) (8,0,0.126322145891) 
policy_sol:
size: 9 1
(0,0,0.000000000000) (1,0,0.450513115901) (2,0,0.000000000000) (3,0,0.000000000000) (4,0,1.350076860846) (5,0,0.000000000000) (6,0,0.041519707842) (7,0,1.575399911558) (8,0,0.126322142002) 

policy_converges:
1
ipopt_converges:
0
