solve status: 0
N:
size: 27 13
(0,0,0.001917883414) (1,0,-0.999998160860) (3,0,-0.001917883414) (4,0,0.999998160860) (0,1,-0.000072022835) (1,1,-0.999999997406) (6,1,0.000072022835) (7,1,0.999999997406) (0,2,-0.999999953546) (1,2,-0.000304807772) (9,2,0.999999953546) (10,2,0.000304807772) (0,3,-0.999999267391) (1,3,-0.001210461985) (18,3,0.999999267391) (19,3,0.001210461985) (3,4,-0.002056126251) (4,4,-0.999997886170) (6,4,0.002056126251) (7,4,0.999997886170) (6,5,-0.709923464997) (7,5,0.704278832457) (12,5,0.709923464997) (13,5,-0.704278832457) (6,6,-0.999999990460) (7,6,-0.000138126896) (24,6,0.999999990460) (25,6,0.000138126896) (12,7,0.001324879873) (13,7,-0.999999122346) (15,7,-0.001324879873) (16,7,0.999999122346) (12,8,-0.704980013722) (13,8,0.709227171118) (18,8,0.704980013722) (19,8,-0.709227171118) (12,9,-0.708193667253) (13,9,-0.706018221906) (24,9,0.708193667253) (25,9,0.706018221906) (15,10,-0.999995979955) (16,10,0.002835502384) (24,10,0.999995979955) (25,10,-0.002835502384) (18,11,-0.003357221474) (19,11,-0.999994364516) (21,11,0.003357221474) (22,11,0.999994364516) (18,12,0.000621021021) (19,12,-0.999999807166) (24,12,-0.000621021021) (25,12,0.999999807166) 
Q:
size: 13 13
(0,0,2.000000000000) (1,0,0.999998020135) (2,0,-0.001613076113) (3,0,-0.000707422250) (4,0,-0.999992103624) (0,1,0.999998020135) (1,1,2.000000000000) (2,1,0.000376830603) (3,1,0.001282484764) (4,1,0.999998031665) (5,1,0.704227699929) (6,1,-0.000210149730) (0,2,-0.001613076113) (1,2,0.000376830603) (2,2,2.000000000000) (3,2,0.999999589895) (0,3,-0.000707422250) (1,3,0.001282484764) (2,3,0.999999589895) (3,3,2.000000000000) (8,3,0.704121004718) (11,3,-0.004567674178) (12,3,-0.000589441185) (0,4,-0.999992103624) (1,4,0.999998031665) (4,4,2.000000000000) (5,4,0.702817651459) (6,4,-0.002194252835) (1,5,0.704227699929) (4,5,0.702817651459) (5,5,2.000000000000) (6,5,0.709826178376) (7,5,0.705218777653) (8,5,-0.999975538117) (9,5,-0.005529613128) (1,6,-0.000210149730) (4,6,-0.002194252835) (5,6,0.709826178376) (6,6,2.000000000000) (9,6,0.708291180602) (10,6,0.999995578756) (12,6,-0.000482894146) (5,7,0.705218777653) (7,7,2.000000000000) (8,7,-0.710160562493) (9,7,0.705079330731) (10,7,0.004160374442) (3,8,0.704121004718) (5,8,-0.999975538117) (7,8,-0.710160562493) (8,8,2.000000000000) (9,8,-0.001464925022) (11,8,0.706856400239) (12,8,0.709664841763) (5,9,-0.005529613128) (6,9,0.708291180602) (7,9,0.705079330731) (8,9,-0.001464925022) (9,9,2.000000000000) (10,9,0.706188903931) (12,9,0.705578282608) (6,10,0.999995578756) (7,10,0.004160374442) (9,10,0.706188903931) (10,10,2.000000000000) (12,10,-0.003456520362) (3,11,-0.004567674178) (8,11,0.706856400239) (11,11,2.000000000000) (12,11,0.999992086779) (3,12,-0.000589441185) (6,12,-0.000482894146) (8,12,0.709664841763) (9,12,0.705578282608) (10,12,-0.003456520362) (11,12,0.999992086779) (12,12,2.000000000000) 
Minv:
size: 27 27
(0,0,1.000000000000) (1,1,1.000000000000) (2,2,2.000000000000) (3,3,1.000000000000) (4,4,1.000000000000) (5,5,2.000000000000) (6,6,1.000000000000) (7,7,1.000000000000) (8,8,2.000000000000) (9,9,1.000000000000) (10,10,1.000000000000) (11,11,2.000000000000) (12,12,1.000000000000) (13,13,1.000000000000) (14,14,2.000000000000) (15,15,1.000000000000) (16,16,1.000000000000) (17,17,2.000000000000) (18,18,1.000000000000) (19,19,1.000000000000) (20,20,2.000000000000) (21,21,1.000000000000) (22,22,1.000000000000) (23,23,2.000000000000) (24,24,1.000000000000) (25,25,1.000000000000) (26,26,2.000000000000) 
v0:
size: 27 1
(0,0,0.878151558147) (1,0,0.342649074076) (2,0,0.000000000000) (3,0,-0.345589735563) (4,0,0.048233734425) (5,0,0.000000000000) (6,0,-0.082714705675) (7,0,-0.639558670288) (8,0,0.000000000000) (9,0,-0.334715431850) (10,0,-0.605857996877) (11,0,0.000000000000) (12,0,0.412974694798) (13,0,0.869559954628) (14,0,0.000000000000) (15,0,0.618289913782) (16,0,0.350276932867) (17,0,0.000000000000) (18,0,-0.104917338112) (19,0,0.457691396099) (20,0,0.000000000000) (21,0,0.763154129831) (22,0,-0.495225844014) (23,0,0.000000000000) (24,0,-0.357421294577) (25,0,0.067203551632) (26,0,0.000000000000) 
ipopt_sol:
size: 13 1
(0,0,0.000000000000) (1,0,0.770436920312) (2,0,0.960943079884) (3,0,0.504135814720) (4,0,0.181875855574) (5,0,0.341929044779) (6,0,0.000000000000) (7,0,0.102464213085) (8,0,0.000000000000) (9,0,0.837098104950) (10,0,0.679116794336) (11,0,0.951148934396) (12,0,0.000000000000) 
policy_sol:
size: 13 1
(0,0,0.000000000000) (1,0,0.770436910665) (2,0,0.960943082249) (3,0,0.504135810010) (4,0,0.181875865848) (5,0,0.341929043462) (6,0,0.000000000000) (7,0,0.102464220257) (8,0,0.000000000000) (9,0,0.837098096005) (10,0,0.679116792497) (11,0,0.951148925851) (12,0,0.000000000000) 

policy_converges:
1
ipopt_converges:
0
