solve status: 0
N:
size: 27 12
(0,0,-0.003779054867) (1,0,-0.999992859347) (6,0,0.003779054867) (7,0,0.999992859347) (0,1,-0.999997211677) (1,1,0.002361490617) (9,1,0.999997211677) (10,1,-0.002361490617) (0,2,-0.710041712493) (1,2,-0.704159617218) (12,2,0.710041712493) (13,2,0.704159617218) (0,3,-0.999999650156) (1,3,0.000836473110) (18,3,0.999999650156) (19,3,-0.000836473110) (3,4,-0.004904313652) (4,4,-0.999987973781) (6,4,0.004904313652) (7,4,0.999987973781) (6,5,-0.704005762193) (7,5,0.710194259903) (12,5,0.704005762193) (13,5,-0.710194259903) (6,6,-0.999999999981) (7,6,0.000006142374) (24,6,0.999999999981) (25,6,-0.000006142374) (9,7,-0.003154810710) (10,7,-0.999995023572) (12,7,0.003154810710) (13,7,0.999995023572) (9,8,-0.999999762043) (10,8,-0.000689865773) (18,8,0.999999762043) (19,8,0.000689865773) (9,9,-0.707096414983) (10,9,-0.707117147238) (21,9,0.707096414983) (22,9,0.707117147238) (15,10,-0.999995426936) (16,10,-0.003024253067) (24,10,0.999995426936) (25,10,0.003024253067) (18,11,-0.005111862455) (19,11,-0.999986934346) (21,11,0.005111862455) (22,11,0.999986934346) 
Q:
size: 12 12
(0,0,2.000000000000) (1,0,0.001417570575) (2,0,0.706837875647) (3,0,0.002942586408) (4,0,0.999999366884) (5,0,0.707528712251) (6,0,-0.003772912536) (0,1,0.001417570575) (1,1,2.000000000000) (2,1,0.708376866338) (3,1,0.999998837158) (7,1,-0.000793323048) (8,1,-0.999995344609) (9,1,-0.705424592862) (0,2,0.706837875647) (1,2,0.708376866338) (2,2,2.000000000000) (3,2,0.709452453504) (5,2,-0.000216661212) (7,2,0.706396160218) (0,3,0.002942586408) (1,3,0.999998837158) (2,3,0.709452453504) (3,3,2.000000000000) (8,3,0.999998835145) (11,3,-0.004275398486) (0,4,0.999999366884) (4,4,2.000000000000) (5,4,0.706733053881) (6,4,-0.004898171352) (0,5,0.707528712251) (2,5,-0.000216661212) (4,5,0.706733053881) (5,5,2.000000000000) (6,5,0.704010124458) (7,5,-0.707969720754) (0,6,-0.003772912536) (4,6,-0.004898171352) (5,6,0.704010124458) (6,6,2.000000000000) (10,6,0.999995408341) (1,7,-0.000793323048) (2,7,0.706396160218) (5,7,-0.707969720754) (7,7,2.000000000000) (8,7,0.003844672299) (9,7,0.709344383664) (1,8,-0.999995344609) (3,8,0.999998835145) (7,8,0.003844672299) (8,8,2.000000000000) (9,8,0.707584062641) (11,8,-0.005801717998) (1,9,-0.705424592862) (7,9,0.709344383664) (8,9,0.707584062641) (9,9,2.000000000000) (11,9,0.710722487906) (6,10,0.999995408341) (10,10,2.000000000000) (3,11,-0.004275398486) (8,11,-0.005801717998) (9,11,0.710722487906) (11,11,2.000000000000) 
Minv:
size: 27 27
(0,0,1.000000000000) (1,1,1.000000000000) (2,2,2.000000000000) (3,3,1.000000000000) (4,4,1.000000000000) (5,5,2.000000000000) (6,6,1.000000000000) (7,7,1.000000000000) (8,8,2.000000000000) (9,9,1.000000000000) (10,10,1.000000000000) (11,11,2.000000000000) (12,12,1.000000000000) (13,13,1.000000000000) (14,14,2.000000000000) (15,15,1.000000000000) (16,16,1.000000000000) (17,17,2.000000000000) (18,18,1.000000000000) (19,19,1.000000000000) (20,20,2.000000000000) (21,21,1.000000000000) (22,22,1.000000000000) (23,23,2.000000000000) (24,24,1.000000000000) (25,25,1.000000000000) (26,26,2.000000000000) 
v0:
size: 27 1
(0,0,0.993855523777) (1,0,-0.064732980508) (2,0,0.000000000000) (3,0,-0.324511247394) (4,0,0.742492158611) (5,0,0.000000000000) (6,0,0.439642437767) (7,0,-0.199796587748) (8,0,0.000000000000) (9,0,0.787745828732) (10,0,0.014086003067) (11,0,0.000000000000) (12,0,-0.219724451757) (13,0,-0.272547181510) (14,0,0.000000000000) (15,0,0.546210584340) (16,0,0.838370740145) (17,0,0.000000000000) (18,0,0.633807994223) (19,0,-0.402967460740) (20,0,0.000000000000) (21,0,0.282863506046) (22,0,-0.499842010587) (23,0,0.000000000000) (24,0,-0.022638925630) (25,0,0.283895081451) (26,0,0.000000000000) 
ipopt_sol:
size: 12 1
(0,0,0.000000000000) (1,0,0.137787455100) (2,0,0.959224060085) (3,0,0.000000000000) (4,0,0.939115343800) (5,0,0.000000000000) (6,0,0.239097574767) (7,0,0.000000000000) (8,0,0.000000000000) (9,0,0.769007131605) (10,0,0.450975544840) (11,0,0.000000000000) 
policy_sol:
size: 12 1
(0,0,0.000000000000) (1,0,0.137787455103) (2,0,0.959224049472) (3,0,0.000000000000) (4,0,0.939115335272) (5,0,0.000000000000) (6,0,0.239097570094) (7,0,0.000000000000) (8,0,0.000000000000) (9,0,0.769007120969) (10,0,0.450975547177) (11,0,0.000000000000) 

policy_converges:
1
ipopt_converges:
0
