solve status: 0
N:
size: 27 7
(3,0,-0.999999620711) (4,0,0.000870964189) (12,0,0.999999620711) (13,0,-0.000870964189) (3,1,-0.999999965607) (4,1,0.000262270808) (21,1,0.999999965607) (22,1,-0.000262270808) (6,2,-0.999998369381) (7,2,0.001805889168) (24,2,0.999998369381) (25,2,-0.001805889168) (9,3,-0.000321326703) (10,3,-0.999999948375) (12,3,0.000321326703) (13,3,0.999999948375) (9,4,-0.999981095626) (10,4,-0.006148852720) (18,4,0.999981095626) (19,4,0.006148852720) (9,5,-0.703248540751) (10,5,-0.710944083548) (21,5,0.703248540751) (22,5,0.710944083548) (15,6,-0.999999767958) (16,6,0.000681236667) (24,6,0.999999767958) (25,6,-0.000681236667) 
Q:
size: 7 7
(0,0,2.000000000000) (1,0,0.999999814746) (3,0,-0.000549637563) (0,1,0.999999814746) (1,1,2.000000000000) (5,1,0.703062056684) (2,2,2.000000000000) (6,2,0.999999367577) (0,3,-0.000549637563) (3,3,2.000000000000) (4,3,0.006470173031) (5,3,0.711170019381) (3,4,0.006470173031) (4,4,2.000000000000) (5,4,0.707606736739) (1,5,0.703062056684) (3,5,0.711170019381) (4,5,0.707606736739) (5,5,2.000000000000) (2,6,0.999999367577) (6,6,2.000000000000) 
Minv:
size: 27 27
(0,0,1.000000000000) (1,1,1.000000000000) (2,2,2.000000000000) (3,3,1.000000000000) (4,4,1.000000000000) (5,5,2.000000000000) (6,6,1.000000000000) (7,7,1.000000000000) (8,8,2.000000000000) (9,9,1.000000000000) (10,10,1.000000000000) (11,11,2.000000000000) (12,12,1.000000000000) (13,13,1.000000000000) (14,14,2.000000000000) (15,15,1.000000000000) (16,16,1.000000000000) (17,17,2.000000000000) (18,18,1.000000000000) (19,19,1.000000000000) (20,20,2.000000000000) (21,21,1.000000000000) (22,22,1.000000000000) (23,23,2.000000000000) (24,24,1.000000000000) (25,25,1.000000000000) (26,26,2.000000000000) 
v0:
size: 27 1
(0,0,0.221959873113) (1,0,-0.756728832996) (2,0,0.000000000000) (3,0,0.907277820475) (4,0,0.380977100375) (5,0,0.000000000000) (6,0,0.471045603349) (7,0,0.651914106864) (8,0,0.000000000000) (9,0,0.999547708289) (10,0,-0.170370914494) (11,0,0.000000000000) (12,0,0.307458182277) (13,0,-0.329759400325) (14,0,0.000000000000) (15,0,0.724069598119) (16,0,0.578223798918) (17,0,0.000000000000) (18,0,0.781073894257) (19,0,-0.936863162848) (20,0,0.000000000000) (21,0,0.538931242186) (22,0,-0.789141746631) (23,0,0.000000000000) (24,0,0.018928881784) (25,0,0.777438626327) (26,0,0.000000000000) 
ipopt_sol:
size: 7 1
(0,0,0.599200389650) (1,0,0.000000000000) (2,0,0.132939621474) (3,0,0.000000000000) (4,0,0.000000000000) (5,0,0.763839330421) (6,0,0.638806496458) 
policy_sol:
size: 7 1
(0,0,0.599200384653) (1,0,0.000000000000) (2,0,0.132939621473) (3,0,0.000000000000) (4,0,0.000000000000) (5,0,0.763839319813) (6,0,0.638806496458) 

policy_converges:
1
ipopt_converges:
0
