solve status: 0
N:
size: 27 14
(0,0,-0.000609598985) (1,0,-0.999999814195) (3,0,0.000609598985) (4,0,0.999999814195) (0,1,-0.999978795501) (1,1,0.006512184671) (9,1,0.999978795501) (10,1,-0.006512184671) (0,2,-0.707206008064) (1,2,-0.707007540383) (12,2,0.707206008064) (13,2,0.707007540383) (0,3,-0.999999664959) (1,3,0.000818584748) (18,3,0.999999664959) (19,3,-0.000818584748) (3,4,-0.705449678771) (4,4,0.708760009257) (9,4,0.705449678771) (10,4,-0.708760009257) (3,5,-0.999996350381) (4,5,0.002701707917) (12,5,0.999996350381) (13,5,-0.002701707917) (6,6,-0.999993829708) (7,6,-0.003512911316) (24,6,0.999993829708) (25,6,0.003512911316) (9,7,0.004831712110) (10,7,-0.999988327211) (12,7,-0.004831712110) (13,7,0.999988327211) (12,8,-0.709488831964) (13,8,0.704716678757) (18,8,0.709488831964) (19,8,-0.704716678757) (12,9,-0.705656027736) (13,9,-0.708554564250) (24,9,0.705656027736) (25,9,0.708554564250) (15,10,-0.709972168404) (16,10,0.704229735308) (21,10,0.709972168404) (22,10,-0.704229735308) (15,11,-0.999998465214) (16,11,-0.001752018728) (24,11,0.999998465214) (25,11,0.001752018728) (18,12,0.002088886556) (19,12,-0.999997818274) (24,12,-0.002088886556) (25,12,0.999997818274) (21,13,0.004333790444) (22,13,-0.999990609086) (24,13,-0.004333790444) (25,13,0.999990609086) 
Q:
size: 14 14
(0,0,2.000000000000) (1,0,-0.005902597402) (2,0,0.707438521082) (3,0,-0.000208985815) (4,0,0.708329836157) (5,0,0.002092110654) (0,1,-0.005902597402) (1,1,2.000000000000) (2,1,0.702586848448) (3,1,0.999983791242) (4,1,0.710050296132) (7,1,0.011343718312) (0,2,0.707438521082) (1,2,0.702586848448) (2,2,2.000000000000) (3,2,0.706627025532) (5,2,0.705293299162) (7,2,0.703582271799) (8,2,-0.003514758905) (9,2,-0.999997602139) (0,3,-0.000208985815) (1,3,0.999983791242) (2,3,0.706627025532) (3,3,2.000000000000) (8,3,0.710065464582) (12,3,0.002907468818) (0,4,0.708329836157) (1,4,0.710050296132) (4,4,2.000000000000) (5,4,0.707361966677) (7,4,0.712160265807) (0,5,0.002092110654) (2,5,0.705293299162) (4,5,0.707361966677) (5,5,2.000000000000) (7,5,-0.007533370857) (8,5,-0.711390181230) (9,5,-0.703739144885) (6,6,2.000000000000) (9,6,0.708140762980) (11,6,0.999998449618) (12,6,0.001424029985) (13,6,-0.000820885377) (1,7,0.011343718312) (2,7,0.703582271799) (4,7,0.712160265807) (5,7,-0.007533370857) (7,7,2.000000000000) (8,7,0.708136498529) (9,7,-0.705136766667) (2,8,-0.003514758905) (3,8,0.710065464582) (5,8,-0.711390181230) (7,8,0.708136498529) (8,8,2.000000000000) (9,8,0.001324851651) (12,8,0.706197182941) (2,9,-0.999997602139) (5,9,-0.703739144885) (6,9,0.708140762980) (7,9,-0.705136766667) (8,9,0.001324851651) (9,9,2.000000000000) (11,9,0.706896345572) (12,9,0.707078982988) (13,9,0.705489744925) (10,10,2.000000000000) (11,10,0.708737255064) (13,10,0.707299992546) (6,11,0.999998449618) (9,11,0.706896345572) (10,11,0.708737255064) (11,11,2.000000000000) (12,11,-0.000336868445) (13,11,-0.002581781518) (3,12,0.002907468818) (6,12,0.001424029985) (8,12,0.706197182941) (9,12,0.707078982988) (11,12,-0.000336868445) (12,12,2.000000000000) (13,12,0.999997480177) (6,13,-0.000820885377) (9,13,0.705489744925) (10,13,0.707299992546) (11,13,-0.002581781518) (12,13,0.999997480177) (13,13,2.000000000000) 
Minv:
size: 27 27
(0,0,1.000000000000) (1,1,1.000000000000) (2,2,2.000000000000) (3,3,1.000000000000) (4,4,1.000000000000) (5,5,2.000000000000) (6,6,1.000000000000) (7,7,1.000000000000) (8,8,2.000000000000) (9,9,1.000000000000) (10,10,1.000000000000) (11,11,2.000000000000) (12,12,1.000000000000) (13,13,1.000000000000) (14,14,2.000000000000) (15,15,1.000000000000) (16,16,1.000000000000) (17,17,2.000000000000) (18,18,1.000000000000) (19,19,1.000000000000) (20,20,2.000000000000) (21,21,1.000000000000) (22,22,1.000000000000) (23,23,2.000000000000) (24,24,1.000000000000) (25,25,1.000000000000) (26,26,2.000000000000) 
v0:
size: 27 1
(0,0,0.621737276711) (1,0,0.180821006513) (2,0,0.000000000000) (3,0,-0.141054868079) (4,0,-0.942017093703) (5,0,0.000000000000) (6,0,0.105107668506) (7,0,0.224680102167) (8,0,0.000000000000) (9,0,-0.596757487739) (10,0,-0.374867258405) (11,0,0.000000000000) (12,0,-0.685290748135) (13,0,-0.642642871246) (14,0,0.000000000000) (15,0,0.370351059275) (16,0,-0.499032503478) (17,0,0.000000000000) (18,0,-0.421417738155) (19,0,0.350011500821) (20,0,0.000000000000) (21,0,0.905037076654) (22,0,0.721346042076) (23,0,0.000000000000) (24,0,-0.990692534859) (25,0,-0.714577806177) (26,0,0.000000000000) 
ipopt_sol:
size: 14 1
(0,0,0.905957952512) (1,0,0.920281415937) (2,0,0.620611387774) (3,0,0.158454214249) (4,0,0.000000000000) (5,0,0.530871973628) (6,0,0.557223556462) (7,0,0.000000000000) (8,0,0.578117247882) (9,0,0.000000000000) (10,0,0.000000000000) (11,0,1.084561217701) (12,0,0.192214491196) (13,0,1.333216430767) 
policy_sol:
size: 14 1
(0,0,0.905957946582) (1,0,0.920281407506) (2,0,0.620611394474) (3,0,0.158454219156) (4,0,0.000000000000) (5,0,0.530871968221) (6,0,0.557223556458) (7,0,0.000000000000) (8,0,0.578117239250) (9,0,0.000000000000) (10,0,0.000000000000) (11,0,1.084561210614) (12,0,0.192214495250) (13,0,1.333216421667) 

policy_converges:
1
ipopt_converges:
0
