solve status: 0
N:
size: 27 9
(0,0,-0.000333345649) (1,0,-0.999999944440) (3,0,0.000333345649) (4,0,0.999999944440) (0,1,-0.999998077667) (1,1,-0.001960781030) (9,1,0.999998077667) (10,1,0.001960781030) (3,2,-0.707934817623) (4,2,0.706277773966) (9,2,0.707934817623) (10,2,-0.706277773966) (6,3,-0.999999436093) (7,3,0.001061986022) (15,3,0.999999436093) (16,3,-0.001061986022) (9,4,0.000974317471) (10,4,-0.999999525353) (12,4,-0.000974317471) (13,4,0.999999525353) (12,5,-0.707794818842) (13,5,0.706418073396) (18,5,0.707794818842) (19,5,-0.706418073396) (12,6,-0.999999261658) (13,6,-0.001215188243) (21,6,0.999999261658) (22,6,0.001215188243) (18,7,0.000886288997) (19,7,-0.999999607246) (21,7,-0.000886288997) (22,7,0.999999607246) (18,8,-0.000325788445) (19,8,-0.999999946931) (24,8,0.000325788445) (25,8,0.999999946931) 
Q:
size: 9 9
(0,0,2.000000000000) (1,0,0.002294125929) (2,0,0.706041747734) (0,1,0.002294125929) (1,1,2.000000000000) (2,1,0.706548600675) (4,1,-0.000986464501) (0,2,0.706041747734) (1,2,0.706548600675) (2,2,2.000000000000) (4,2,0.706967191994) (3,3,2.000000000000) (1,4,-0.000986464501) (2,4,0.706967191994) (4,4,2.000000000000) (5,4,0.707107354955) (6,4,-0.000240870914) (4,5,0.707107354955) (5,5,2.000000000000) (6,5,0.706935865310) (7,5,0.707045106708) (8,5,0.706187444534) (4,6,-0.000240870914) (5,6,0.706935865310) (6,6,2.000000000000) (7,6,0.000328899423) (5,7,0.707045106708) (6,7,0.000328899423) (7,7,2.000000000000) (8,7,0.999999265434) (5,8,0.706187444534) (7,8,0.999999265434) (8,8,2.000000000000) 
Minv:
size: 27 27
(0,0,1.000000000000) (1,1,1.000000000000) (2,2,2.000000000000) (3,3,1.000000000000) (4,4,1.000000000000) (5,5,2.000000000000) (6,6,1.000000000000) (7,7,1.000000000000) (8,8,2.000000000000) (9,9,1.000000000000) (10,10,1.000000000000) (11,11,2.000000000000) (12,12,1.000000000000) (13,13,1.000000000000) (14,14,2.000000000000) (15,15,1.000000000000) (16,16,1.000000000000) (17,17,2.000000000000) (18,18,1.000000000000) (19,19,1.000000000000) (20,20,2.000000000000) (21,21,1.000000000000) (22,22,1.000000000000) (23,23,2.000000000000) (24,24,1.000000000000) (25,25,1.000000000000) (26,26,2.000000000000) 
v0:
size: 27 1
(0,0,-0.235758415616) (1,0,-0.439273034634) (2,0,0.000000000000) (3,0,-0.219292913914) (4,0,-0.471562860158) (5,0,0.000000000000) (6,0,0.210434532730) (7,0,0.348552054617) (8,0,0.000000000000) (9,0,-0.242384888412) (10,0,-0.168923236606) (11,0,0.000000000000) (12,0,0.488880721357) (13,0,-0.432463115891) (14,0,0.000000000000) (15,0,-0.206631939446) (16,0,0.619528668417) (17,0,0.000000000000) (18,0,0.862817544305) (19,0,0.864133795942) (20,0,0.000000000000) (21,0,-0.102054733348) (22,0,0.719641959329) (23,0,0.000000000000) (24,0,0.753701487433) (25,0,0.846716119803) (26,0,0.000000000000) 
ipopt_sol:
size: 9 1
(0,0,0.000000000000) (1,0,0.000000000000) (2,0,0.228151767554) (3,0,0.417354010365) (4,0,0.005498110579) (5,0,0.503900206763) (6,0,0.411423091672) (7,0,0.000000000000) (8,0,0.000000000000) 
policy_sol:
size: 9 1
(0,0,0.000000000000) (1,0,0.000000000000) (2,0,0.228151757911) (3,0,0.417354010365) (4,0,0.005498117879) (5,0,0.503900195740) (6,0,0.411423095567) (7,0,0.000000000000) (8,0,0.000000000000) 

policy_converges:
1
ipopt_converges:
0
