solve status: 0
N:
size: 27 11
(0,0,0.001030922739) (1,0,-0.999999468599) (6,0,-0.001030922739) (7,0,0.999999468599) (0,1,-0.999998003628) (1,1,0.001998183999) (18,1,0.999998003628) (19,1,-0.001998183999) (3,2,0.000934149057) (4,2,-0.999999563683) (6,2,-0.000934149057) (7,2,0.999999563683) (3,3,-0.999998413311) (4,3,-0.001781397267) (12,3,0.999998413311) (13,3,0.001781397267) (3,4,-0.704914725957) (4,4,-0.709292061939) (15,4,0.704914725957) (16,4,0.709292061939) (6,5,-0.707275370577) (7,5,0.706938151591) (12,5,0.707275370577) (13,5,-0.706938151591) (6,6,-0.999999179129) (7,6,0.001281304187) (15,6,0.999999179129) (16,6,-0.001281304187) (6,7,-0.999996490992) (7,7,-0.002649151600) (24,7,0.999996490992) (25,7,0.002649151600) (9,8,-0.999999751957) (10,8,0.000704333556) (18,8,0.999999751957) (19,8,-0.000704333556) (12,9,0.005216974279) (13,9,-0.999986391497) (15,9,-0.005216974279) (16,9,0.999986391497) (12,10,-0.703090198629) (13,10,-0.711100676832) (24,10,0.703090198629) (25,10,0.711100676832) 
Q:
size: 11 11
(0,0,2.000000000000) (1,0,-0.003029103618) (2,0,0.999999995317) (5,0,0.707666922186) (6,0,0.002312225399) (7,0,-0.001618231070) (0,1,-0.003029103618) (1,1,2.000000000000) (8,1,0.999999162974) (0,2,0.999999995317) (2,2,2.000000000000) (3,2,0.000847248914) (4,2,0.708633257035) (5,2,0.707598543763) (6,2,0.002215451919) (7,2,-0.001715004664) (2,3,0.000847248914) (3,3,2.000000000000) (4,3,0.706177138417) (5,3,0.706014910659) (9,3,0.003435592977) (10,3,-0.704355835846) (2,4,0.708633257035) (3,4,0.706177138417) (4,4,2.000000000000) (6,4,0.704005328424) (9,4,0.705604887541) (0,5,0.707666922186) (2,5,0.707598543763) (3,5,0.706014910659) (5,5,2.000000000000) (6,5,0.708180592809) (7,5,0.705400102406) (9,5,0.710618368638) (10,5,0.005425817291) (0,6,0.002312225399) (2,6,0.002215451919) (4,6,0.704005328424) (5,6,0.708180592809) (6,6,2.000000000000) (7,6,0.999992275755) (9,6,-0.006498256748) (0,7,-0.001618231070) (2,7,-0.001715004664) (5,7,0.705400102406) (6,7,0.999992275755) (7,7,2.000000000000) (10,7,0.704971544976) (1,8,0.999999162974) (8,8,2.000000000000) (3,9,0.003435592977) (4,9,0.705604887541) (5,9,0.710618368638) (6,9,-0.006498256748) (9,9,2.000000000000) (10,9,0.707422996334) (3,10,-0.704355835846) (5,10,0.005425817291) (7,10,0.704971544976) (9,10,0.707422996334) (10,10,2.000000000000) 
Minv:
size: 27 27
(0,0,1.000000000000) (1,1,1.000000000000) (2,2,2.000000000000) (3,3,1.000000000000) (4,4,1.000000000000) (5,5,2.000000000000) (6,6,1.000000000000) (7,7,1.000000000000) (8,8,2.000000000000) (9,9,1.000000000000) (10,10,1.000000000000) (11,11,2.000000000000) (12,12,1.000000000000) (13,13,1.000000000000) (14,14,2.000000000000) (15,15,1.000000000000) (16,16,1.000000000000) (17,17,2.000000000000) (18,18,1.000000000000) (19,19,1.000000000000) (20,20,2.000000000000) (21,21,1.000000000000) (22,22,1.000000000000) (23,23,2.000000000000) (24,24,1.000000000000) (25,25,1.000000000000) (26,26,2.000000000000) 
v0:
size: 27 1
(0,0,0.135582008546) (1,0,-0.384238855134) (2,0,0.000000000000) (3,0,-0.380575280471) (4,0,0.780415439079) (5,0,0.000000000000) (6,0,0.470933508612) (7,0,-0.444694577284) (8,0,0.000000000000) (9,0,0.401939841328) (10,0,-0.148005980920) (11,0,0.000000000000) (12,0,-0.618834384878) (13,0,0.932663153831) (14,0,0.000000000000) (15,0,-0.774051384807) (16,0,-0.046374959210) (17,0,0.000000000000) (18,0,-0.208037231393) (19,0,-0.631765119827) (20,0,0.000000000000) (21,0,0.883387024207) (22,0,0.034327363917) (23,0,0.000000000000) (24,0,-0.251052613755) (25,0,0.162774802652) (26,0,0.000000000000) 
ipopt_sol:
size: 11 1
(0,0,0.000000000000) (1,0,0.051074783818) (2,0,0.925394291049) (3,0,0.000000000000) (4,0,0.000000000000) (5,0,0.846416994521) (6,0,0.946912067768) (7,0,0.000000000000) (8,0,0.584098823093) (9,0,0.662007375089) (10,0,0.052428496679) 
policy_sol:
size: 11 1
(0,0,0.000000000000) (1,0,0.051074783837) (2,0,0.925394284336) (3,0,0.000000000000) (4,0,0.000000000000) (5,0,0.846416989384) (6,0,0.946912061058) (7,0,0.000000000000) (8,0,0.584098823083) (9,0,0.662007373095) (10,0,0.052428497394) 

policy_converges:
1
ipopt_converges:
0
