solve status: 0
N:
size: 27 14
(0,0,-0.706093848777) (1,0,-0.708118264642) (12,0,0.706093848777) (13,0,0.708118264642) (3,1,0.002948744261) (4,1,-0.999995652444) (6,1,-0.002948744261) (7,1,0.999995652444) (3,2,-0.999978589963) (4,2,0.006543669910) (12,2,0.999978589963) (13,2,-0.006543669910) (3,3,-0.708357873713) (4,3,-0.705853471160) (15,3,0.708357873713) (16,3,0.705853471160) (3,4,-0.999999994332) (4,4,-0.000106467743) (21,4,0.999999994332) (22,4,0.000106467743) (6,5,-0.707099483278) (7,5,0.707114079020) (12,5,0.707099483278) (13,5,-0.707114079020) (6,6,-0.999999999749) (7,6,-0.000022389311) (15,6,0.999999999749) (16,6,0.000022389311) (6,7,-0.999999525429) (7,7,-0.000974239390) (24,7,0.999999525429) (25,7,0.000974239390) (9,8,0.004562694772) (10,8,-0.999989590854) (12,8,-0.004562694772) (13,8,0.999989590854) (9,9,-0.999993487324) (10,9,-0.003609059448) (18,9,0.999993487324) (19,9,0.003609059448) (9,10,-0.702231623335) (10,10,-0.711948556560) (21,10,0.702231623335) (22,10,0.711948556560) (12,11,-0.999977155256) (13,11,-0.006759361410) (21,11,0.999977155256) (22,11,0.006759361410) (15,12,-0.708305397585) (16,12,0.705906129561) (21,12,0.708305397585) (22,12,-0.705906129561) (15,13,-0.999998142527) (16,13,-0.001927418617) (24,13,0.999998142527) (25,13,0.001927418617) 
Q:
size: 14 14
(0,0,2.000000000000) (2,0,0.701445039100) (5,0,-0.001441798923) (8,0,0.704889203023) (11,0,-0.710864145515) (1,1,2.000000000000) (2,1,-0.009492322589) (3,1,0.703761636208) (4,1,-0.002842276964) (5,1,0.709196060345) (6,1,0.002926355046) (7,1,0.001974507707) (0,2,0.701445039100) (1,2,-0.009492322589) (2,2,2.000000000000) (3,2,0.703723835624) (4,2,0.999977887606) (5,2,0.711711465374) (8,2,-0.011106198881) (11,2,-0.999911514678) (1,3,0.703761636208) (2,3,0.703723835624) (3,3,2.000000000000) (4,3,0.708433020325) (6,3,0.708373677109) (12,3,-0.003467413509) (13,3,-0.709717033078) (1,4,-0.002842276964) (2,4,0.999977887606) (3,4,0.708433020325) (4,4,2.000000000000) (10,4,0.702307418912) (11,4,0.999977869242) (12,4,0.708230237338) (0,5,-0.001441798923) (1,5,0.709196060345) (2,5,0.711711465374) (5,5,2.000000000000) (6,5,0.707083651304) (7,5,0.706410249320) (8,5,-0.710332997682) (11,5,-0.702303690153) (1,6,0.002926355046) (3,6,0.708373677109) (5,6,0.707083651304) (6,6,2.000000000000) (7,6,0.999999546991) (12,6,-0.708289592655) (13,6,-0.999998185430) (1,7,0.001974507707) (5,7,0.706410249320) (6,7,0.999999546991) (7,7,2.000000000000) (13,7,0.999999545724) (0,8,0.704889203023) (2,8,-0.011106198881) (5,8,-0.710332997682) (8,8,2.000000000000) (9,8,-0.000953643176) (10,8,0.708737077227) (11,8,-0.002196700513) (8,9,-0.000953643176) (9,9,2.000000000000) (10,9,0.704796514593) (4,10,0.702307418912) (8,10,0.708737077227) (9,10,0.704796514593) (10,10,2.000000000000) (11,10,0.707027898633) (12,10,-0.005174400845) (0,11,-0.710864145515) (2,11,-0.999911514678) (4,11,0.999977869242) (5,11,-0.702303690153) (8,11,-0.002196700513) (10,11,0.707027898633) (11,11,2.000000000000) (12,11,0.703517741878) (3,12,-0.003467413509) (4,12,0.708230237338) (6,12,-0.708289592655) (10,12,-0.005174400845) (11,12,0.703517741878) (12,12,2.000000000000) (13,12,0.706943505311) (3,13,-0.709717033078) (6,13,-0.999998185430) (7,13,0.999999545724) (12,13,0.706943505311) (13,13,2.000000000000) 
Minv:
size: 27 27
(0,0,1.000000000000) (1,1,1.000000000000) (2,2,2.000000000000) (3,3,1.000000000000) (4,4,1.000000000000) (5,5,2.000000000000) (6,6,1.000000000000) (7,7,1.000000000000) (8,8,2.000000000000) (9,9,1.000000000000) (10,10,1.000000000000) (11,11,2.000000000000) (12,12,1.000000000000) (13,13,1.000000000000) (14,14,2.000000000000) (15,15,1.000000000000) (16,16,1.000000000000) (17,17,2.000000000000) (18,18,1.000000000000) (19,19,1.000000000000) (20,20,2.000000000000) (21,21,1.000000000000) (22,22,1.000000000000) (23,23,2.000000000000) (24,24,1.000000000000) (25,25,1.000000000000) (26,26,2.000000000000) 
v0:
size: 27 1
(0,0,0.038110173048) (1,0,-0.889230487687) (2,0,0.000000000000) (3,0,0.142504005359) (4,0,0.891470809374) (5,0,0.000000000000) (6,0,0.387027860811) (7,0,0.154213184695) (8,0,0.000000000000) (9,0,0.473622438640) (10,0,-0.278381174081) (11,0,0.000000000000) (12,0,-0.470857660596) (13,0,-0.411447287448) (14,0,0.000000000000) (15,0,-0.263131225442) (16,0,-0.156689315003) (17,0,0.000000000000) (18,0,0.079502113242) (19,0,-0.084723783039) (20,0,0.000000000000) (21,0,-0.839445949196) (22,0,0.039548257637) (23,0,0.000000000000) (24,0,-0.918008763820) (25,0,0.599574370393) (26,0,0.000000000000) 
ipopt_sol:
size: 14 1
(0,0,0.000000000000) (1,0,0.475083541449) (2,0,0.189157544280) (3,0,0.747498244368) (4,0,0.309814416615) (5,0,0.000000000000) (6,0,0.000000000000) (7,0,1.215176297725) (8,0,0.000000000000) (9,0,0.212647556251) (10,0,0.512974390719) (11,0,0.000000000000) (12,0,0.376757816047) (13,0,0.177913680001) 
policy_sol:
size: 14 1
(0,0,0.000000000000) (1,0,0.475083535537) (2,0,0.189157539898) (3,0,0.747498251041) (4,0,0.309814416599) (5,0,0.000000000000) (6,0,0.000000000000) (7,0,1.215176279998) (8,0,0.000000000000) (9,0,0.212647559108) (10,0,0.512974382625) (11,0,0.000000000000) (12,0,0.376757809496) (13,0,0.177913698499) 

policy_converges:
1
ipopt_converges:
0
