solve status: 0
N:
size: 27 7
(3,0,-0.999977817977) (4,0,0.006660597073) (12,0,0.999977817977) (13,0,-0.006660597073) (9,1,-0.999991430200) (10,1,-0.004139991153) (18,1,0.999991430200) (19,1,0.004139991153) (12,2,-0.712882232846) (13,2,0.701283767167) (18,2,0.712882232846) (19,2,-0.701283767167) (12,3,-0.707369638697) (13,3,-0.706843825926) (24,3,0.707369638697) (25,3,0.706843825926) (15,4,-0.999993218624) (16,4,0.003682757921) (24,4,0.999993218624) (25,4,-0.003682757921) (18,5,0.003739335225) (19,5,-0.999993008662) (21,5,-0.003739335225) (22,5,0.999993008662) (18,6,0.003754104793) (19,6,-0.999992953324) (24,6,-0.003754104793) (25,6,0.999992953324) 
Q:
size: 7 7
(0,0,2.000000000000) (2,0,-0.717537388283) (3,0,-0.702645945890) (1,1,2.000000000000) (2,1,0.709972814996) (5,1,-0.000400659029) (6,1,-0.000385889359) (0,2,-0.717537388283) (1,2,0.709972814996) (2,2,2.000000000000) (3,2,0.008573146437) (5,2,0.703944569900) (6,2,0.703955060055) (0,3,-0.702645945890) (2,3,0.008573146437) (3,3,2.000000000000) (4,3,0.704761707059) (6,3,0.704183305275) (3,4,0.704761707059) (4,4,2.000000000000) (6,4,-0.007436811305) (1,5,-0.000400659029) (2,5,0.703944569900) (5,5,2.000000000000) (6,5,0.999999999891) (1,6,-0.000385889359) (2,6,0.703955060055) (3,6,0.704183305275) (4,6,-0.007436811305) (5,6,0.999999999891) (6,6,2.000000000000) 
Minv:
size: 27 27
(0,0,1.000000000000) (1,1,1.000000000000) (2,2,2.000000000000) (3,3,1.000000000000) (4,4,1.000000000000) (5,5,2.000000000000) (6,6,1.000000000000) (7,7,1.000000000000) (8,8,2.000000000000) (9,9,1.000000000000) (10,10,1.000000000000) (11,11,2.000000000000) (12,12,1.000000000000) (13,13,1.000000000000) (14,14,2.000000000000) (15,15,1.000000000000) (16,16,1.000000000000) (17,17,2.000000000000) (18,18,1.000000000000) (19,19,1.000000000000) (20,20,2.000000000000) (21,21,1.000000000000) (22,22,1.000000000000) (23,23,2.000000000000) (24,24,1.000000000000) (25,25,1.000000000000) (26,26,2.000000000000) 
v0:
size: 27 1
(0,0,-0.004176525617) (1,0,-0.661328045213) (2,0,0.000000000000) (3,0,0.778228643948) (4,0,-0.582551928553) (5,0,0.000000000000) (6,0,-0.708833900979) (7,0,-0.006780377206) (8,0,0.000000000000) (9,0,0.869802987127) (10,0,-0.982746988137) (11,0,0.000000000000) (12,0,0.592003647153) (13,0,-0.880460200667) (14,0,0.000000000000) (15,0,0.489170463691) (16,0,0.263158507354) (17,0,0.000000000000) (18,0,0.129491826754) (19,0,0.387049772969) (20,0,0.000000000000) (21,0,0.821550453942) (22,0,-0.786831402109) (23,0,0.000000000000) (24,0,-0.424049058230) (25,0,-0.030437321987) (26,0,0.000000000000) 
ipopt_sol:
size: 7 1
(0,0,0.536285182773) (1,0,0.386463248223) (2,0,0.981268915184) (3,0,0.000000000000) (4,0,0.912132090156) (5,0,0.831158770048) (6,0,0.000000000000) 
policy_sol:
size: 7 1
(0,0,0.536285185972) (1,0,0.386463248534) (2,0,0.981268914310) (3,0,0.000000000000) (4,0,0.912132086670) (5,0,0.831158765355) (6,0,0.000000000000) 

policy_converges:
1
ipopt_converges:
0
