solve status: 0
N:
size: 27 10
(3,0,-0.705498104245) (4,0,0.708711806665) (9,0,0.705498104245) (10,0,-0.708711806665) (3,1,-0.708032542473) (4,1,-0.706179806281) (15,1,0.708032542473) (16,1,0.706179806281) (6,2,-0.704375062784) (7,2,0.709827986859) (12,2,0.704375062784) (13,2,-0.709827986859) (6,3,-0.999976554287) (7,3,0.006847691263) (15,3,0.999976554287) (16,3,-0.006847691263) (6,4,-0.999999500262) (7,4,0.000999737913) (24,4,0.999999500262) (25,4,-0.000999737913) (9,5,-0.006497285565) (10,5,-0.999978892417) (12,5,0.006497285565) (13,5,0.999978892417) (9,6,-0.001640723437) (10,6,-0.999998654012) (15,6,0.001640723437) (16,6,0.999998654012) (9,7,-0.708141749971) (10,7,-0.706070295331) (21,7,0.708141749971) (22,7,0.706070295331) (12,8,0.003196661628) (13,8,-0.999994890664) (15,8,-0.003196661628) (16,8,0.999994890664) (18,9,0.002692958831) (19,9,-0.999996373980) (21,9,-0.002692958831) (22,9,0.999996373980) 
Q:
size: 10 10
(0,0,2.000000000000) (1,0,-0.000962349882) (5,0,0.704113024824) (6,0,0.707553325473) (7,0,0.000807692496) (0,1,-0.000962349882) (1,1,2.000000000000) (3,1,0.703180240856) (6,1,0.707340541359) (8,1,0.703912857712) (2,2,2.000000000000) (3,2,0.709219231112) (4,2,0.705084352731) (5,2,-0.705236478179) (8,2,0.712076008844) (1,3,0.703180240856) (2,3,0.709219231112) (3,3,2.000000000000) (4,3,0.999982900458) (6,3,-0.005206997076) (8,3,-0.010044242955) (2,4,0.705084352731) (3,4,0.999982900458) (4,4,2.000000000000) (0,5,0.704113024824) (2,5,-0.705236478179) (5,5,2.000000000000) (6,5,0.999988206707) (7,5,0.710656391064) (8,5,-0.999953013566) (0,6,0.707553325473) (1,6,0.707340541359) (3,6,-0.005206997076) (5,6,0.999988206707) (6,6,2.000000000000) (7,6,0.707231209735) (8,6,0.999988299846) (0,7,0.000807692496) (5,7,0.710656391064) (6,7,0.707231209735) (7,7,2.000000000000) (9,7,0.704160738526) (1,8,0.703912857712) (2,8,0.712076008844) (3,8,-0.010044242955) (5,8,-0.999953013566) (6,8,0.999988299846) (8,8,2.000000000000) (7,9,0.704160738526) (9,9,2.000000000000) 
Minv:
size: 27 27
(0,0,1.000000000000) (1,1,1.000000000000) (2,2,2.000000000000) (3,3,1.000000000000) (4,4,1.000000000000) (5,5,2.000000000000) (6,6,1.000000000000) (7,7,1.000000000000) (8,8,2.000000000000) (9,9,1.000000000000) (10,10,1.000000000000) (11,11,2.000000000000) (12,12,1.000000000000) (13,13,1.000000000000) (14,14,2.000000000000) (15,15,1.000000000000) (16,16,1.000000000000) (17,17,2.000000000000) (18,18,1.000000000000) (19,19,1.000000000000) (20,20,2.000000000000) (21,21,1.000000000000) (22,22,1.000000000000) (23,23,2.000000000000) (24,24,1.000000000000) (25,25,1.000000000000) (26,26,2.000000000000) 
v0:
size: 27 1
(0,0,-0.706224829968) (1,0,-0.808246546326) (2,0,0.000000000000) (3,0,-0.634103708946) (4,0,-0.487634302493) (5,0,0.000000000000) (6,0,0.679253204411) (7,0,-0.213128001331) (8,0,0.000000000000) (9,0,0.380086630766) (10,0,0.667185199721) (11,0,0.000000000000) (12,0,-0.305013757621) (13,0,0.566686677771) (14,0,0.000000000000) (15,0,-0.857687879689) (16,0,-0.683491641874) (17,0,0.000000000000) (18,0,0.478232327962) (19,0,-0.784846302635) (20,0,0.000000000000) (21,0,-0.250761071358) (22,0,-0.892390614512) (23,0,0.000000000000) (24,0,0.304242867637) (25,0,0.191938472384) (26,0,0.000000000000) 
ipopt_sol:
size: 10 1
(0,0,0.000000000000) (1,0,0.000000000000) (2,0,0.436284484167) (3,0,1.385539615501) (4,0,0.000000000000) (5,0,0.414845341618) (6,0,0.000000000000) (7,0,1.400493511505) (8,0,1.307442643791) (9,0,0.000000000000) 
policy_sol:
size: 10 1
(0,0,0.000000000000) (1,0,0.000000000000) (2,0,0.436284483705) (3,0,1.385539607093) (4,0,0.000000000000) (5,0,0.414845326088) (6,0,0.000000000000) (7,0,1.400493510350) (8,0,1.307442628178) (9,0,0.000000000000) 

policy_converges:
1
ipopt_converges:
0
