solve status: 0
N:
size: 27 13
(0,0,-0.999999259897) (1,0,-0.001216637350) (9,0,0.999999259897) (10,0,0.001216637350) (0,1,-0.707408997753) (1,1,-0.706804435398) (12,1,0.707408997753) (13,1,0.706804435398) (0,2,-0.999999875102) (1,2,-0.000499795119) (18,2,0.999999875102) (19,2,0.000499795119) (3,3,0.007527711185) (4,3,-0.999971666381) (6,3,-0.007527711185) (7,3,0.999971666381) (3,4,-0.708869474242) (4,4,-0.705339683052) (15,4,0.708869474242) (16,4,0.705339683052) (9,5,-0.002390854744) (10,5,-0.999997141903) (12,5,0.002390854744) (13,5,0.999997141903) (9,6,0.001645234994) (10,6,-0.999998646600) (15,6,-0.001645234994) (16,6,0.999998646600) (9,7,-0.706253399761) (10,7,-0.707959133938) (21,7,0.706253399761) (22,7,0.707959133938) (12,8,0.005710323715) (13,8,-0.999983695969) (15,8,-0.005710323715) (16,8,0.999983695969) (12,9,-0.705857516561) (13,9,0.708353842592) (18,9,0.705857516561) (19,9,-0.708353842592) (15,10,-0.711630139789) (16,10,0.702554299783) (21,10,0.711630139789) (22,10,-0.702554299783) (15,11,-0.999987477012) (16,11,-0.005004579886) (24,11,0.999987477012) (25,11,0.005004579886) (18,12,-0.000888239469) (19,12,-0.999999605515) (21,12,0.000888239469) (22,12,0.999999605515) 
Q:
size: 13 13
(0,0,2.000000000000) (1,0,0.708268398873) (2,0,0.999999743068) (5,0,-0.003607486847) (6,0,0.000428598072) (7,0,-0.707114206586) (0,1,0.708268398873) (1,1,2.000000000000) (2,1,0.707762166807) (5,1,0.708493727440) (8,1,-0.702753377260) (9,1,0.001337679428) (0,2,0.999999743068) (1,2,0.707762166807) (2,2,2.000000000000) (9,2,0.705503396608) (12,2,-0.001388034280) (3,3,2.000000000000) (4,3,0.699983533556) (3,4,0.699983533556) (4,4,2.000000000000) (6,4,0.704172471580) (8,4,0.701280309002) (10,4,-0.008913455911) (11,4,-0.712390525868) (0,5,-0.003607486847) (1,5,0.708493727440) (5,5,2.000000000000) (6,5,0.999991854989) (7,5,0.709645659813) (8,5,-0.999967185363) (9,5,0.706664215256) (0,6,0.000428598072) (4,6,0.704172471580) (5,6,0.999991854989) (6,6,2.000000000000) (7,6,0.706796222978) (8,6,0.999991737415) (10,6,0.703724147754) (11,6,-0.003359358722) (0,7,-0.707114206586) (5,7,0.709645659813) (6,7,0.706796222978) (7,7,2.000000000000) (10,7,0.005211471980) (12,7,0.708586176803) (1,8,-0.702753377260) (4,8,0.701280309002) (5,8,-0.999967185363) (6,8,0.999991737415) (8,8,2.000000000000) (9,8,-0.712372968484) (10,8,0.706606483779) (11,8,0.000705753914) (1,9,0.001337679428) (2,9,0.705503396608) (5,9,0.706664215256) (8,9,-0.712372968484) (9,9,2.000000000000) (12,9,0.707726592652) (4,10,-0.008913455911) (6,10,0.703724147754) (7,10,0.005211471980) (8,10,0.706606483779) (10,10,2.000000000000) (11,10,0.708105238936) (12,10,-0.701921924659) (4,11,-0.712390525868) (6,11,-0.003359358722) (8,11,0.000705753914) (10,11,0.708105238936) (11,11,2.000000000000) (2,12,-0.001388034280) (7,12,0.708586176803) (9,12,0.707726592652) (10,12,-0.701921924659) (12,12,2.000000000000) 
Minv:
size: 27 27
(0,0,1.000000000000) (1,1,1.000000000000) (2,2,2.000000000000) (3,3,1.000000000000) (4,4,1.000000000000) (5,5,2.000000000000) (6,6,1.000000000000) (7,7,1.000000000000) (8,8,2.000000000000) (9,9,1.000000000000) (10,10,1.000000000000) (11,11,2.000000000000) (12,12,1.000000000000) (13,13,1.000000000000) (14,14,2.000000000000) (15,15,1.000000000000) (16,16,1.000000000000) (17,17,2.000000000000) (18,18,1.000000000000) (19,19,1.000000000000) (20,20,2.000000000000) (21,21,1.000000000000) (22,22,1.000000000000) (23,23,2.000000000000) (24,24,1.000000000000) (25,25,1.000000000000) (26,26,2.000000000000) 
v0:
size: 27 1
(0,0,0.824751048051) (1,0,-0.305551802612) (2,0,0.000000000000) (3,0,-0.976297844855) (4,0,0.626210216341) (5,0,0.000000000000) (6,0,0.129715917807) (7,0,0.447495739116) (8,0,0.000000000000) (9,0,0.231454200016) (10,0,0.377671341998) (11,0,0.000000000000) (12,0,-0.036101051474) (13,0,-0.403485958021) (14,0,0.000000000000) (15,0,0.274321910530) (16,0,-0.891154826303) (17,0,0.000000000000) (18,0,0.510327210021) (19,0,0.556727416218) (20,0,0.000000000000) (21,0,0.116284122816) (22,0,0.362673066548) (23,0,0.000000000000) (24,0,0.118991886589) (25,0,0.731140953679) (26,0,0.000000000000) 
ipopt_sol:
size: 13 1
(0,0,0.422762157351) (1,0,0.484488550742) (2,0,0.000000000000) (3,0,0.187035169269) (4,0,0.000000000000) (5,0,1.037257725650) (6,0,0.000000000000) (7,0,0.000000000000) (8,0,0.920715465145) (9,0,0.096265429086) (10,0,0.826078884151) (11,0,0.000000000000) (12,0,0.450260919359) 
policy_sol:
size: 13 1
(0,0,0.422762157609) (1,0,0.484488545799) (2,0,0.000000000000) (3,0,0.187035165769) (4,0,0.000000000000) (5,0,1.037257711110) (6,0,0.000000000000) (7,0,0.000000000000) (8,0,0.920715446742) (9,0,0.096265425070) (10,0,0.826078882721) (11,0,0.000000000000) (12,0,0.450260916743) 

policy_converges:
1
ipopt_converges:
0
