solve status: 0
N:
size: 27 11
(0,0,-0.999997784281) (1,0,-0.002105097153) (9,0,0.999997784281) (10,0,0.002105097153) (3,1,-0.710765919693) (4,1,0.703428608604) (9,1,0.710765919693) (10,1,-0.703428608604) (6,2,-0.999995841404) (7,2,0.002883951288) (24,2,0.999995841404) (25,2,-0.002883951288) (9,3,-0.004769359067) (10,3,-0.999988626542) (12,3,0.004769359067) (13,3,0.999988626542) (9,4,0.000873142088) (10,4,-0.999999618811) (15,4,-0.000873142088) (16,4,0.999999618811) (12,5,-0.705881553645) (13,5,0.708329889404) (18,5,0.705881553645) (19,5,-0.708329889404) (12,6,-0.704611152501) (13,6,-0.709593632843) (24,6,0.704611152501) (25,6,0.709593632843) (15,7,-0.999991454875) (16,7,0.004134026657) (24,7,0.999991454875) (25,7,-0.004134026657) (18,8,0.001168120322) (19,8,-0.999999317747) (21,8,-0.001168120322) (22,8,0.999999317747) (18,9,0.001490153879) (19,9,-0.999998889720) (24,9,-0.001490153879) (25,9,0.999998889720) (21,10,0.001809813814) (22,10,-0.999998362286) (24,10,-0.001809813814) (25,10,0.999998362286) 
Q:
size: 11 11
(0,0,2.000000000000) (1,0,0.709283559274) (3,0,-0.006874421710) (4,0,-0.001231956197) (0,1,0.709283559274) (1,1,2.000000000000) (3,1,0.700030710306) (4,1,0.704048940105) (2,2,2.000000000000) (6,2,0.702561788836) (7,2,0.999999218646) (9,2,-0.004374095767) (10,2,-0.004693752852) (0,3,-0.006874421710) (1,3,0.700030710306) (3,3,2.000000000000) (4,3,0.999984081030) (5,3,0.704955230656) (6,3,-0.712946105899) (0,4,-0.001231956197) (1,4,0.704048940105) (3,4,0.999984081030) (4,4,2.000000000000) (7,4,0.005007159708) (3,5,0.704955230656) (5,5,2.000000000000) (6,5,-0.005254364431) (8,5,0.709153960732) (9,5,0.709380975095) (2,6,0.702561788836) (3,6,-0.712946105899) (5,6,-0.005254364431) (6,6,2.000000000000) (7,6,0.701671652517) (9,6,0.708542865954) (10,6,0.708317255734) (2,7,0.999999218646) (4,7,0.005007159708) (6,7,0.701671652517) (7,7,2.000000000000) (9,7,-0.005624163212) (10,7,-0.005943818235) (5,8,0.709153960732) (8,8,2.000000000000) (9,8,0.999999948147) (10,8,-0.999999794114) (2,9,-0.004374095767) (5,9,0.709380975095) (6,9,0.708542865954) (7,9,-0.005624163212) (8,9,0.999999948147) (9,9,2.000000000000) (10,9,0.999999948909) (2,10,-0.004693752852) (6,10,0.708317255734) (7,10,-0.005943818235) (8,10,-0.999999794114) (9,10,0.999999948909) (10,10,2.000000000000) 
Minv:
size: 27 27
(0,0,1.000000000000) (1,1,1.000000000000) (2,2,2.000000000000) (3,3,1.000000000000) (4,4,1.000000000000) (5,5,2.000000000000) (6,6,1.000000000000) (7,7,1.000000000000) (8,8,2.000000000000) (9,9,1.000000000000) (10,10,1.000000000000) (11,11,2.000000000000) (12,12,1.000000000000) (13,13,1.000000000000) (14,14,2.000000000000) (15,15,1.000000000000) (16,16,1.000000000000) (17,17,2.000000000000) (18,18,1.000000000000) (19,19,1.000000000000) (20,20,2.000000000000) (21,21,1.000000000000) (22,22,1.000000000000) (23,23,2.000000000000) (24,24,1.000000000000) (25,25,1.000000000000) (26,26,2.000000000000) 
v0:
size: 27 1
(0,0,-0.538102510724) (1,0,-0.934685274192) (2,0,0.000000000000) (3,0,-0.712039761374) (4,0,-0.134997716186) (5,0,0.000000000000) (6,0,-0.083609997968) (7,0,0.145492050865) (8,0,0.000000000000) (9,0,-0.830923881179) (10,0,0.762137572771) (11,0,0.000000000000) (12,0,0.890217677438) (13,0,-0.082205893999) (14,0,0.000000000000) (15,0,0.698697163132) (16,0,0.232485648839) (17,0,0.000000000000) (18,0,-0.098233373379) (19,0,0.950490248893) (20,0,0.000000000000) (21,0,0.899050977798) (22,0,0.404561533459) (23,0,0.000000000000) (24,0,-0.574736587632) (25,0,-0.699818437623) (26,0,0.000000000000) 
ipopt_sol:
size: 11 1
(0,0,0.150346395196) (1,0,0.398771615432) (2,0,0.000000000000) (3,0,0.728449535113) (4,0,0.024174903126) (5,0,0.887516640496) (6,0,0.999516892190) (7,0,0.922147316338) (8,0,0.000000000000) (9,0,0.810752019617) (10,0,0.345087894222) 
policy_sol:
size: 11 1
(0,0,0.150346395029) (1,0,0.398771615884) (2,0,0.000000000000) (3,0,0.728449533161) (4,0,0.024174903949) (5,0,0.887516640967) (6,0,0.999516888780) (7,0,0.922147312538) (8,0,0.000000000000) (9,0,0.810752010338) (10,0,0.345087905016) 

policy_converges:
1
ipopt_converges:
0
