solve status: 0
N:
size: 27 11
(0,0,0.006516590270) (1,0,-0.999978766800) (3,0,-0.006516590270) (4,0,0.999978766800) (0,1,-0.704785271618) (1,1,-0.709420693884) (12,1,0.704785271618) (13,1,0.709420693884) (0,2,-0.999999999992) (1,2,-0.000004105761) (18,2,0.999999999992) (19,2,0.000004105761) (6,3,-0.705363184200) (7,3,0.708846089342) (12,3,0.705363184200) (13,3,-0.708846089342) (6,4,-0.999996134719) (7,4,0.002780386184) (15,4,0.999996134719) (16,4,-0.002780386184) (6,5,-0.999999074256) (7,5,0.001360693662) (24,5,0.999999074256) (25,5,-0.001360693662) (9,6,-0.000193735777) (10,6,-0.999999981233) (15,6,0.000193735777) (16,6,0.999999981233) (9,7,-0.999994079938) (10,7,0.003440943163) (18,7,0.999994079938) (19,7,-0.003440943163) (12,8,-0.005130449361) (13,8,-0.999986839158) (15,8,0.005130449361) (16,8,0.999986839158) (15,9,-0.702992017148) (16,9,0.711197738907) (21,9,0.702992017148) (22,9,-0.711197738907) (21,10,-0.007103733394) (22,10,-0.999974768168) (24,10,0.007103733394) (25,10,0.999974768168) 
Q:
size: 11 11
(0,0,2.000000000000) (1,0,0.704812833769) (2,0,-0.006512484596) (0,1,0.704812833769) (1,1,2.000000000000) (2,1,0.704788184324) (3,1,-0.005740501193) (8,1,-0.713027222457) (0,2,-0.006512484596) (1,2,0.704788184324) (2,2,2.000000000000) (7,2,0.999994065801) (1,3,-0.005740501193) (3,3,2.000000000000) (4,3,0.707331323646) (5,3,0.706327053595) (8,3,0.705217930233) (3,4,0.707331323646) (4,4,2.000000000000) (5,4,0.999998992232) (6,4,-0.002586651104) (8,4,0.002350079939) (9,4,-0.704966704254) (3,5,0.706327053595) (4,5,0.999998992232) (5,5,2.000000000000) (10,5,0.005743067488) (4,6,-0.002586651104) (6,6,2.000000000000) (7,6,-0.003247208468) (8,6,0.999987814343) (9,6,0.711061530855) (2,7,0.999994065801) (6,7,-0.003247208468) (7,7,2.000000000000) (1,8,-0.713027222457) (3,8,0.705217930233) (4,8,0.002350079939) (6,8,0.999987814343) (8,8,2.000000000000) (9,8,0.707581714000) (4,9,-0.704966704254) (6,9,0.711061530855) (8,9,0.707581714000) (9,9,2.000000000000) (10,9,0.706185926217) (5,10,0.005743067488) (9,10,0.706185926217) (10,10,2.000000000000) 
Minv:
size: 27 27
(0,0,1.000000000000) (1,1,1.000000000000) (2,2,2.000000000000) (3,3,1.000000000000) (4,4,1.000000000000) (5,5,2.000000000000) (6,6,1.000000000000) (7,7,1.000000000000) (8,8,2.000000000000) (9,9,1.000000000000) (10,10,1.000000000000) (11,11,2.000000000000) (12,12,1.000000000000) (13,13,1.000000000000) (14,14,2.000000000000) (15,15,1.000000000000) (16,16,1.000000000000) (17,17,2.000000000000) (18,18,1.000000000000) (19,19,1.000000000000) (20,20,2.000000000000) (21,21,1.000000000000) (22,22,1.000000000000) (23,23,2.000000000000) (24,24,1.000000000000) (25,25,1.000000000000) (26,26,2.000000000000) 
v0:
size: 27 1
(0,0,0.151219782524) (1,0,-0.460761968375) (2,0,0.000000000000) (3,0,-0.409809866199) (4,0,-0.826695913556) (5,0,0.000000000000) (6,0,0.316293299888) (7,0,-0.255496948355) (8,0,0.000000000000) (9,0,0.396337428915) (10,0,-0.493749643517) (11,0,0.000000000000) (12,0,-0.279623402861) (13,0,-0.054534564919) (14,0,0.000000000000) (15,0,0.069242550429) (16,0,-0.905516228766) (17,0,0.000000000000) (18,0,-0.988069185718) (19,0,-0.816611737707) (20,0,0.000000000000) (21,0,0.815882169565) (22,0,0.102309683437) (23,0,0.000000000000) (24,0,0.184627184898) (25,0,-0.161275139232) (26,0,0.000000000000) 
ipopt_sol:
size: 11 1
(0,0,0.364218712253) (1,0,0.000000000000) (2,0,0.598399525794) (3,0,0.246021239527) (4,0,0.157419498795) (5,0,0.000000000000) (6,0,0.043566658035) (7,0,1.084160216369) (8,0,0.740463292635) (9,0,0.000000000000) (10,0,0.268062442615) 
policy_sol:
size: 11 1
(0,0,0.364218708714) (1,0,0.000000000000) (2,0,0.598399521086) (3,0,0.246021234135) (4,0,0.157419499213) (5,0,0.000000000000) (6,0,0.043566652014) (7,0,1.084160218712) (8,0,0.740463297574) (9,0,0.000000000000) (10,0,0.268062439056) 

policy_converges:
1
ipopt_converges:
0
