solve status: 0
N:
size: 27 13
(0,0,-0.002507335739) (1,0,-0.999996856629) (3,0,0.002507335739) (4,0,0.999996856629) (0,1,-0.999993306346) (1,1,-0.003658860886) (9,1,0.999993306346) (10,1,0.003658860886) (0,2,-0.707383773954) (1,2,-0.706829679871) (12,2,0.707383773954) (13,2,0.706829679871) (3,3,-0.706549648866) (4,3,0.707663474885) (9,3,0.706549648866) (10,3,-0.707663474885) (3,4,-0.999988332507) (4,4,0.004830615970) (21,4,0.999988332507) (22,4,-0.004830615970) (9,5,-0.000131024488) (10,5,-0.999999991416) (12,5,0.000131024488) (13,5,0.999999991416) (9,6,-0.705824664930) (10,6,-0.708386576932) (21,6,0.705824664930) (22,6,0.708386576932) (12,7,-0.704491958928) (13,7,0.709711969608) (18,7,0.704491958928) (19,7,-0.709711969608) (12,8,-0.999980151741) (13,8,0.006300485962) (21,8,0.999980151741) (22,8,-0.006300485962) (12,9,-0.705208869150) (13,9,-0.708999612745) (24,9,0.705208869150) (25,9,0.708999612745) (15,10,-0.999999785097) (16,10,0.000655595422) (24,10,0.999999785097) (25,10,-0.000655595422) (18,11,0.001452031220) (19,11,-0.999998945802) (21,11,-0.001452031220) (22,11,0.999998945802) (18,12,-0.000780763143) (19,12,-0.999999695204) (24,12,0.000780763143) (25,12,0.999999695204) 
Q:
size: 13 13
(0,0,2.000000000000) (1,0,0.006166168341) (2,0,0.708601106661) (3,0,0.705889693250) (4,0,0.002323294300) (0,1,0.006166168341) (1,1,2.000000000000) (2,1,0.709965230440) (3,1,0.703955677259) (5,1,-0.003789884465) (6,1,-0.708411828322) (0,2,0.708601106661) (1,2,0.709965230440) (2,2,2.000000000000) (5,2,0.706922358401) (7,2,0.003299303652) (8,2,-0.702916363142) (9,2,-0.999995280590) (0,3,0.705889693250) (1,3,0.703955677259) (3,3,2.000000000000) (4,3,0.709959855686) (5,3,0.707570893505) (6,3,0.002599137426) (0,4,0.002323294300) (3,4,0.709959855686) (4,4,2.000000000000) (6,4,0.702394486214) (8,4,0.999998919708) (11,4,-0.006282625156) (1,5,-0.003789884465) (2,5,0.706922358401) (3,5,0.707570893505) (5,5,2.000000000000) (6,5,0.708479051167) (7,5,0.709619657818) (8,5,0.006169464020) (9,5,-0.709092006291) (1,6,-0.708411828322) (3,6,0.002599137426) (4,6,0.702394486214) (5,6,0.708479051167) (6,6,2.000000000000) (8,6,0.701347475856) (11,6,0.707360950702) (2,7,0.003299303652) (5,7,0.709619657818) (7,7,2.000000000000) (8,7,0.708949506291) (9,7,-0.006371533932) (11,7,0.710734165750) (12,7,0.709161711935) (2,8,-0.702916363142) (4,8,0.999998919708) (5,8,0.006169464020) (6,8,0.701347475856) (7,8,0.708949506291) (8,8,2.000000000000) (9,8,0.700727829874) (11,8,-0.007752481720) (2,9,-0.999995280590) (5,9,-0.709092006291) (7,9,-0.006371533932) (8,9,0.700727829874) (9,9,2.000000000000) (10,9,0.704743900698) (12,9,0.709549997738) (9,10,0.704743900698) (10,10,2.000000000000) (12,10,0.000125167753) (4,11,-0.006282625156) (6,11,0.707360950702) (7,11,0.710734165750) (8,11,-0.007752481720) (11,11,2.000000000000) (12,11,0.999997507314) (7,12,0.709161711935) (9,12,0.709549997738) (10,12,0.000125167753) (11,12,0.999997507314) (12,12,2.000000000000) 
Minv:
size: 27 27
(0,0,1.000000000000) (1,1,1.000000000000) (2,2,2.000000000000) (3,3,1.000000000000) (4,4,1.000000000000) (5,5,2.000000000000) (6,6,1.000000000000) (7,7,1.000000000000) (8,8,2.000000000000) (9,9,1.000000000000) (10,10,1.000000000000) (11,11,2.000000000000) (12,12,1.000000000000) (13,13,1.000000000000) (14,14,2.000000000000) (15,15,1.000000000000) (16,16,1.000000000000) (17,17,2.000000000000) (18,18,1.000000000000) (19,19,1.000000000000) (20,20,2.000000000000) (21,21,1.000000000000) (22,22,1.000000000000) (23,23,2.000000000000) (24,24,1.000000000000) (25,25,1.000000000000) (26,26,2.000000000000) 
v0:
size: 27 1
(0,0,0.206602805439) (1,0,-0.297587298543) (2,0,0.000000000000) (3,0,-0.604042094012) (4,0,-0.917197147905) (5,0,0.000000000000) (6,0,-0.846365465853) (7,0,-0.221341756339) (8,0,0.000000000000) (9,0,-0.453247407328) (10,0,-0.390010550973) (11,0,0.000000000000) (12,0,0.055593646035) (13,0,-0.943951509839) (14,0,0.000000000000) (15,0,-0.685581252761) (16,0,0.074039103508) (17,0,0.000000000000) (18,0,0.771466221256) (19,0,0.526188735014) (20,0,0.000000000000) (21,0,-0.905389640228) (22,0,-0.989356435325) (23,0,0.000000000000) (24,0,-0.722002797916) (25,0,-0.878598666564) (26,0,0.000000000000) 
ipopt_sol:
size: 13 1
(0,0,0.370103293529) (1,0,0.409123101970) (2,0,0.706394069459) (3,0,0.000000000000) (4,0,0.000000000000) (5,0,0.442132723003) (6,0,0.000000000000) (7,0,0.000000000000) (8,0,1.073334061540) (9,0,0.396216546572) (10,0,0.000000000000) (11,0,1.179435589724) (12,0,0.675668972774) 
policy_sol:
size: 13 1
(0,0,0.370103290492) (1,0,0.409123102485) (2,0,0.706394068033) (3,0,0.000000000000) (4,0,0.000000000000) (5,0,0.442132710855) (6,0,0.000000000000) (7,0,0.000000000000) (8,0,1.073334051026) (9,0,0.396216540768) (10,0,0.000000000000) (11,0,1.179435581250) (12,0,0.675668975524) 

policy_converges:
1
ipopt_converges:
0
