solve status: 0
N:
size: 27 11
(0,0,0.001158789237) (1,0,-0.999999328604) (3,0,-0.001158789237) (4,0,0.999999328604) (0,1,0.000317585386) (1,1,-0.999999949570) (6,1,-0.000317585386) (7,1,0.999999949570) (0,2,-0.999998059374) (1,2,-0.001970088242) (9,2,0.999998059374) (10,2,0.001970088242) (0,3,-0.708349976910) (1,3,-0.705861395893) (12,3,0.708349976910) (13,3,0.705861395893) (0,4,-0.999999977530) (1,4,0.000211992864) (18,4,0.999999977530) (19,4,-0.000211992864) (3,5,-0.999999686012) (4,5,0.000792449285) (12,5,0.999999686012) (13,5,-0.000792449285) (6,6,-0.708357047307) (7,6,0.705854300498) (12,6,0.708357047307) (13,6,-0.705854300498) (9,7,-0.999997078942) (10,7,0.002417045399) (18,7,0.999997078942) (19,7,-0.002417045399) (12,8,0.003606744520) (13,8,-0.999993495676) (15,8,-0.003606744520) (16,8,0.999993495676) (15,9,-0.707603282607) (16,9,0.706609930899) (21,9,0.707603282607) (22,9,-0.706609930899) (21,10,-0.004517967134) (22,10,-0.999989793934) (24,10,0.004517967134) (25,10,0.999989793934) 
Q:
size: 11 11
(0,0,2.000000000000) (1,0,0.999999646188) (2,0,0.000811299931) (3,0,0.705040093651) (4,0,-0.001370781933) (5,0,0.001951237626) (0,1,0.999999646188) (1,1,2.000000000000) (2,1,0.001652503373) (3,1,0.705636398695) (4,1,-0.000529578232) (6,1,0.706079228748) (0,2,0.000811299931) (1,2,0.001652503373) (2,2,2.000000000000) (3,2,0.709739211504) (4,2,0.999997619259) (7,2,-0.999990376529) (0,3,0.705040093651) (1,3,0.705636398695) (2,3,0.709739211504) (3,3,2.000000000000) (4,3,0.708200323414) (5,3,0.707790395138) (6,3,0.003529396257) (8,3,-0.703301967344) (0,4,-0.001370781933) (1,4,-0.000529578232) (2,4,0.999997619259) (3,4,0.708200323414) (4,4,2.000000000000) (7,4,0.999997568867) (0,5,0.001951237626) (3,5,0.707790395138) (5,5,2.000000000000) (6,5,0.708916178627) (8,5,0.004399187518) (1,6,0.706079228748) (3,6,0.003529396257) (5,6,0.708916178627) (6,6,2.000000000000) (8,6,0.708404572291) (2,7,-0.999990376529) (4,7,0.999997568867) (7,7,2.000000000000) (3,8,-0.703301967344) (5,8,0.004399187518) (6,8,0.708404572291) (8,8,2.000000000000) (9,8,0.709157479140) (8,9,0.709157479140) (9,9,2.000000000000) (10,9,0.703405790816) (9,10,0.703405790816) (10,10,2.000000000000) 
Minv:
size: 27 27
(0,0,1.000000000000) (1,1,1.000000000000) (2,2,2.000000000000) (3,3,1.000000000000) (4,4,1.000000000000) (5,5,2.000000000000) (6,6,1.000000000000) (7,7,1.000000000000) (8,8,2.000000000000) (9,9,1.000000000000) (10,10,1.000000000000) (11,11,2.000000000000) (12,12,1.000000000000) (13,13,1.000000000000) (14,14,2.000000000000) (15,15,1.000000000000) (16,16,1.000000000000) (17,17,2.000000000000) (18,18,1.000000000000) (19,19,1.000000000000) (20,20,2.000000000000) (21,21,1.000000000000) (22,22,1.000000000000) (23,23,2.000000000000) (24,24,1.000000000000) (25,25,1.000000000000) (26,26,2.000000000000) 
v0:
size: 27 1
(0,0,0.542265490868) (1,0,0.648139931780) (2,0,0.000000000000) (3,0,-0.450394768397) (4,0,-0.546368421866) (5,0,0.000000000000) (6,0,-0.777943613683) (7,0,-0.235570299691) (8,0,0.000000000000) (9,0,0.533544746470) (10,0,-0.803579670764) (11,0,0.000000000000) (12,0,-0.946893347991) (13,0,-0.296818700040) (14,0,0.000000000000) (15,0,0.268588985298) (16,0,-0.768705137443) (17,0,0.000000000000) (18,0,0.231276842471) (19,0,-0.163325458391) (20,0,0.000000000000) (21,0,-0.026966429762) (22,0,0.599867167870) (23,0,0.000000000000) (24,0,0.512446527897) (25,0,0.439114570371) (26,0,0.000000000000) 
ipopt_sol:
size: 11 1
(0,0,0.557249998593) (1,0,0.000000000000) (2,0,0.000000000000) (3,0,1.804457022444) (4,0,0.000000000000) (5,0,0.000000000000) (6,0,0.000000000000) (7,0,0.303814544556) (8,0,0.793523603760) (9,0,0.894816168252) (10,0,0.000000000000) 
policy_sol:
size: 11 1
(0,0,0.557249999992) (1,0,0.000000000000) (2,0,0.000000000000) (3,0,1.804457004276) (4,0,0.000000000000) (5,0,0.000000000000) (6,0,0.000000000000) (7,0,0.303814544556) (8,0,0.793523593802) (9,0,0.894816168266) (10,0,0.000000000000) 

policy_converges:
1
ipopt_converges:
0
