solve status: 0
N:
size: 27 12
(0,0,0.005350302555) (1,0,-0.999985687029) (3,0,-0.005350302555) (4,0,0.999985687029) (0,1,0.002874126750) (1,1,-0.999995869689) (6,1,-0.002874126750) (7,1,0.999995869689) (0,2,-0.999998003899) (1,2,0.001998048571) (9,2,0.999998003899) (10,2,-0.001998048571) (0,3,-0.707851820154) (1,3,-0.706360956385) (12,3,0.707851820154) (13,3,0.706360956385) (3,4,0.000386607513) (4,4,-0.999999925267) (6,4,-0.000386607513) (7,4,0.999999925267) (3,5,-0.706765657056) (4,5,0.707447740831) (9,5,0.706765657056) (10,5,-0.707447740831) (6,6,-0.707808118366) (7,6,0.706404747702) (12,6,0.707808118366) (13,6,-0.706404747702) (9,7,-0.001237755556) (10,7,-0.999999233980) (12,7,0.001237755556) (13,7,0.999999233980) (9,8,0.000008757274) (10,8,-0.999999999962) (15,8,-0.000008757274) (16,8,0.999999999962) (9,9,-0.707527604976) (10,9,-0.706685706801) (21,9,0.707527604976) (22,9,0.706685706801) (15,10,-0.999989905768) (16,10,0.004493146034) (24,10,0.999989905768) (25,10,-0.004493146034) (18,11,0.003441352460) (19,11,-0.999994078529) (21,11,-0.003441352460) (22,11,0.999994078529) 
Q:
size: 12 12
(0,0,2.000000000000) (1,0,0.999996934225) (2,0,-0.007348311848) (3,0,0.702563624858) (4,0,-0.999987680764) (5,0,0.711219025252) (0,1,0.999996934225) (1,1,2.000000000000) (2,1,-0.004872161331) (3,1,0.704323583043) (4,1,0.999996906116) (6,1,0.708436160277) (0,2,-0.007348311848) (1,2,-0.004872161331) (2,2,2.000000000000) (3,2,0.706439063711) (5,2,0.708177761228) (7,2,0.000760293955) (8,2,0.002006805827) (9,2,-0.706114200313) (0,3,0.702563624858) (1,3,0.704323583043) (2,3,0.706439063711) (3,3,2.000000000000) (6,3,0.002046531724) (7,3,0.707236562821) (0,4,-0.999987680764) (1,4,0.999996906116) (4,4,2.000000000000) (5,4,-0.707720928874) (6,4,0.706678338847) (0,5,0.711219025252) (2,5,0.708177761228) (4,5,-0.707720928874) (5,5,2.000000000000) (7,5,0.706572395793) (8,5,0.707453930144) (9,5,-0.000113005862) (1,6,0.708436160277) (3,6,0.002046531724) (4,6,0.706678338847) (6,6,2.000000000000) (7,6,-0.705528113151) (2,7,0.000760293955) (3,7,0.707236562821) (5,7,0.706572395793) (6,7,-0.705528113151) (7,7,2.000000000000) (8,7,0.999999223103) (9,7,0.707560911690) (2,8,0.002006805827) (5,8,0.707453930144) (7,8,0.999999223103) (8,8,2.000000000000) (9,8,0.706679510761) (10,8,0.004501903219) (2,9,-0.706114200313) (5,9,-0.000113005862) (7,9,0.707560911690) (8,9,0.706679510761) (9,9,2.000000000000) (11,9,0.704246670318) (8,10,0.004501903219) (10,10,2.000000000000) (9,11,0.704246670318) (11,11,2.000000000000) 
Minv:
size: 27 27
(0,0,1.000000000000) (1,1,1.000000000000) (2,2,2.000000000000) (3,3,1.000000000000) (4,4,1.000000000000) (5,5,2.000000000000) (6,6,1.000000000000) (7,7,1.000000000000) (8,8,2.000000000000) (9,9,1.000000000000) (10,10,1.000000000000) (11,11,2.000000000000) (12,12,1.000000000000) (13,13,1.000000000000) (14,14,2.000000000000) (15,15,1.000000000000) (16,16,1.000000000000) (17,17,2.000000000000) (18,18,1.000000000000) (19,19,1.000000000000) (20,20,2.000000000000) (21,21,1.000000000000) (22,22,1.000000000000) (23,23,2.000000000000) (24,24,1.000000000000) (25,25,1.000000000000) (26,26,2.000000000000) 
v0:
size: 27 1
(0,0,0.067474266223) (1,0,0.345050843454) (2,0,0.000000000000) (3,0,-0.951625879384) (4,0,-0.382003277588) (5,0,0.000000000000) (6,0,0.146851015057) (7,0,-0.429977119385) (8,0,0.000000000000) (9,0,-0.424004195374) (10,0,0.966163005204) (11,0,0.000000000000) (12,0,-0.497706555438) (13,0,-0.764424867195) (14,0,0.000000000000) (15,0,0.572483464654) (16,0,-0.213860171371) (17,0,0.000000000000) (18,0,0.675846735496) (19,0,-0.238665348029) (20,0,0.000000000000) (21,0,0.585847308417) (22,0,-0.504613894384) (23,0,0.000000000000) (24,0,-0.441966633327) (25,0,0.414715017721) (26,0,0.000000000000) 
ipopt_sol:
size: 12 1
(0,0,0.621637389366) (1,0,0.139531864323) (2,0,0.462325775842) (3,0,0.090772614489) (4,0,0.000000000000) (5,0,0.000000000000) (6,0,0.830174777317) (7,0,1.870158682183) (8,0,0.242200811285) (9,0,0.000000000000) (10,0,1.016718955699) (11,0,0.265637255319) 
policy_sol:
size: 12 1
(0,0,0.621637392322) (1,0,0.139531857542) (2,0,0.462325773959) (3,0,0.090772619792) (4,0,0.000000000000) (5,0,0.000000000000) (6,0,0.830174772910) (7,0,1.870158672896) (8,0,0.242200808859) (9,0,0.000000000000) (10,0,1.016718955704) (11,0,0.265637251798) 

policy_converges:
1
ipopt_converges:
0
