solve status: 0
N:
size: 27 13
(0,0,0.005968058063) (1,0,-0.999982190983) (3,0,-0.005968058063) (4,0,0.999982190983) (0,1,0.001338551161) (1,1,-0.999999104140) (6,1,-0.001338551161) (7,1,0.999999104140) (0,2,-0.704218726163) (1,2,-0.709983088335) (12,2,0.704218726163) (13,2,0.709983088335) (3,3,-0.003299812542) (4,3,-0.999994555604) (6,3,0.003299812542) (7,3,0.999994555604) (3,4,-0.709943336446) (4,4,0.704258801178) (9,4,0.709943336446) (10,4,-0.704258801178) (3,5,-0.999999849275) (4,5,0.000549044566) (12,5,0.999999849275) (13,5,-0.000549044566) (6,6,-0.705456855139) (7,6,0.708752866335) (12,6,0.705456855139) (13,6,-0.708752866335) (9,7,0.002758845417) (10,7,-0.999996194379) (12,7,-0.002758845417) (13,7,0.999996194379) (12,8,-0.707362990896) (13,8,0.706850478609) (18,8,0.707362990896) (19,8,-0.706850478609) (15,9,-0.999999362366) (16,9,0.001129277274) (24,9,0.999999362366) (25,9,-0.001129277274) (18,10,-0.004482645384) (19,10,-0.999989952895) (21,10,0.004482645384) (22,10,0.999989952895) (18,11,-0.000228426559) (19,11,-0.999999973911) (24,11,0.000228426559) (25,11,0.999999973911) (21,12,0.004041963458) (22,12,-0.999991831232) (24,12,-0.004041963458) (25,12,0.999991831232) 
Q:
size: 13 13
(0,0,2.000000000000) (1,0,0.999989283690) (2,0,0.705767625987) (3,0,-0.999957053211) (4,0,0.708483242074) (5,0,0.006517091951) (0,1,0.999989283690) (1,1,2.000000000000) (2,1,0.709039819496) (3,1,0.999989242781) (6,1,0.709696521484) (0,2,0.705767625987) (1,2,0.709039819496) (2,2,2.000000000000) (5,2,0.703828807663) (6,2,-0.006406621017) (7,2,0.708037555803) (8,2,0.003713621410) (0,3,-0.999957053211) (1,3,0.999989242781) (3,3,2.000000000000) (4,3,-0.701912286988) (5,3,0.002750770468) (6,3,0.706421132225) (0,4,0.708483242074) (3,4,-0.701912286988) (4,4,2.000000000000) (5,4,0.710329898907) (7,4,0.706214744956) (0,5,0.006517091951) (2,5,0.703828807663) (3,5,0.002750770468) (4,5,0.710329898907) (5,5,2.000000000000) (6,5,0.705845885719) (7,5,-0.003307887478) (8,5,-0.707750976693) (1,6,0.709696521484) (2,6,-0.006406621017) (3,6,0.706421132225) (5,6,0.705845885719) (6,6,2.000000000000) (7,6,-0.710696415501) (8,6,-0.999996373784) (2,7,0.708037555803) (4,7,0.706214744956) (5,7,-0.003307887478) (6,7,-0.710696415501) (7,7,2.000000000000) (8,7,0.708799293750) (2,8,0.003713621410) (5,8,-0.707750976693) (6,8,-0.999996373784) (7,8,0.708799293750) (8,8,2.000000000000) (10,8,0.703672519362) (11,8,0.706688879674) (9,9,2.000000000000) (11,9,-0.000900850832) (12,9,-0.005171228930) (8,10,0.703672519362) (10,10,2.000000000000) (11,10,0.999990950761) (12,10,-0.999963665520) (8,11,0.706688879674) (9,11,-0.000900850832) (10,11,0.999990950761) (11,11,2.000000000000) (12,11,0.999990881851) (9,12,-0.005171228930) (10,12,-0.999963665520) (11,12,0.999990881851) (12,12,2.000000000000) 
Minv:
size: 27 27
(0,0,1.000000000000) (1,1,1.000000000000) (2,2,2.000000000000) (3,3,1.000000000000) (4,4,1.000000000000) (5,5,2.000000000000) (6,6,1.000000000000) (7,7,1.000000000000) (8,8,2.000000000000) (9,9,1.000000000000) (10,10,1.000000000000) (11,11,2.000000000000) (12,12,1.000000000000) (13,13,1.000000000000) (14,14,2.000000000000) (15,15,1.000000000000) (16,16,1.000000000000) (17,17,2.000000000000) (18,18,1.000000000000) (19,19,1.000000000000) (20,20,2.000000000000) (21,21,1.000000000000) (22,22,1.000000000000) (23,23,2.000000000000) (24,24,1.000000000000) (25,25,1.000000000000) (26,26,2.000000000000) 
v0:
size: 27 1
(0,0,-0.813245961910) (1,0,0.477750096217) (2,0,0.000000000000) (3,0,0.039808500169) (4,0,-0.768269018855) (5,0,0.000000000000) (6,0,-0.894981890221) (7,0,-0.827254108060) (8,0,0.000000000000) (9,0,-0.237626421335) (10,0,0.487623016782) (11,0,0.000000000000) (12,0,-0.853389687891) (13,0,-0.611339454882) (14,0,0.000000000000) (15,0,0.426872019199) (16,0,0.614001022336) (17,0,0.000000000000) (18,0,-0.008083485369) (19,0,0.728560127957) (20,0,0.000000000000) (21,0,0.673551559210) (22,0,0.206177310872) (23,0,0.000000000000) (24,0,-0.732086446963) (25,0,-0.059436779586) (26,0,0.000000000000) 
ipopt_sol:
size: 13 1
(0,0,1.666432059230) (1,0,0.000000000000) (2,0,0.000000000000) (3,0,0.951006356675) (4,0,0.162126285313) (5,0,0.830686891654) (6,0,0.000000000000) (7,0,1.041385420060) (8,0,0.000000000000) (9,0,1.158514942556) (10,0,0.166643736920) (11,0,0.705362987131) (12,0,0.000000000000) 
policy_sol:
size: 13 1
(0,0,1.666432041183) (1,0,0.000000000000) (2,0,0.000000000000) (3,0,0.951006340653) (4,0,0.162126289638) (5,0,0.830686886680) (6,0,0.000000000000) (7,0,1.041385414994) (8,0,0.000000000000) (9,0,1.158514942576) (10,0,0.166643744574) (11,0,0.705362974776) (12,0,0.000000000000) 

policy_converges:
1
ipopt_converges:
0
