solve status: 0
N:
size: 27 11
(0,0,-0.007054612754) (1,0,-0.999975115910) (3,0,0.007054612754) (4,0,0.999975115910) (0,1,-0.003410081923) (1,1,-0.999994185654) (6,1,0.003410081923) (7,1,0.999994185654) (0,2,-0.705594499707) (1,2,-0.708615835261) (12,2,0.705594499707) (13,2,0.708615835261) (3,3,-0.703769662842) (4,3,0.710428224146) (9,3,0.703769662842) (10,3,-0.710428224146) (6,4,-0.707255843055) (7,4,0.706957687888) (12,4,0.707255843055) (13,4,-0.706957687888) (6,5,-0.999995082170) (7,5,-0.003136181762) (15,5,0.999995082170) (16,5,0.003136181762) (9,6,0.000733637666) (10,6,-0.999999730888) (12,6,-0.000733637666) (13,6,0.999999730888) (9,7,0.001011941136) (10,7,-0.999999487987) (15,7,-0.001011941136) (16,7,0.999999487987) (9,8,-0.999997494153) (10,8,-0.002238679893) (18,8,0.999997494153) (19,8,0.002238679893) (9,9,-0.705531260908) (10,9,-0.708678798809) (21,9,0.705531260908) (22,9,0.708678798809) (18,10,-0.001699719898) (19,10,-0.999998555475) (21,10,0.001699719898) (22,10,0.999998555475) 
Q:
size: 11 11
(0,0,2.000000000000) (1,0,0.999993358516) (2,0,0.713575897957) (3,0,0.705445723347) (0,1,0.999993358516) (1,1,2.000000000000) (2,1,0.711017850172) (4,1,0.704541777026) (5,1,-0.006546228680) (0,2,0.713575897957) (1,2,0.711017850172) (2,2,2.000000000000) (4,2,-0.001925579751) (6,2,0.708097993862) (0,3,0.705445723347) (3,3,2.000000000000) (6,3,0.710944344894) (7,3,0.711140033870) (8,3,-0.702177477922) (9,3,0.006933922914) (1,4,0.704541777026) (2,4,-0.001925579751) (4,4,2.000000000000) (5,4,0.705035217084) (6,4,-0.707476367163) (1,5,-0.006546228680) (4,5,0.705035217084) (5,5,2.000000000000) (7,5,0.002124243996) (2,6,0.708097993862) (3,6,0.710944344894) (4,6,-0.707476367163) (6,6,2.000000000000) (7,6,0.999999961274) (8,6,0.001505043463) (9,6,0.708161003787) (3,7,0.711140033870) (5,7,0.002124243996) (6,7,0.999999961274) (7,7,2.000000000000) (8,7,0.001226740147) (9,7,0.707964479851) (3,8,-0.702177477922) (6,8,0.001505043463) (7,8,0.001226740147) (8,8,2.000000000000) (9,8,0.707115997933) (10,8,-0.003938392299) (3,9,0.006933922914) (6,9,0.708161003787) (7,9,0.707964479851) (8,9,0.707115997933) (9,9,2.000000000000) (10,9,0.709876980628) (8,10,-0.003938392299) (9,10,0.709876980628) (10,10,2.000000000000) 
Minv:
size: 27 27
(0,0,1.000000000000) (1,1,1.000000000000) (2,2,2.000000000000) (3,3,1.000000000000) (4,4,1.000000000000) (5,5,2.000000000000) (6,6,1.000000000000) (7,7,1.000000000000) (8,8,2.000000000000) (9,9,1.000000000000) (10,10,1.000000000000) (11,11,2.000000000000) (12,12,1.000000000000) (13,13,1.000000000000) (14,14,2.000000000000) (15,15,1.000000000000) (16,16,1.000000000000) (17,17,2.000000000000) (18,18,1.000000000000) (19,19,1.000000000000) (20,20,2.000000000000) (21,21,1.000000000000) (22,22,1.000000000000) (23,23,2.000000000000) (24,24,1.000000000000) (25,25,1.000000000000) (26,26,2.000000000000) 
v0:
size: 27 1
(0,0,-0.986132541395) (1,0,0.585668064996) (2,0,0.000000000000) (3,0,-0.669371594123) (4,0,-0.641143038838) (5,0,0.000000000000) (6,0,0.551779964959) (7,0,-0.554493048520) (8,0,0.000000000000) (9,0,0.323841701853) (10,0,0.577378623693) (11,0,0.000000000000) (12,0,-0.512672021215) (13,0,-0.850833548708) (14,0,0.000000000000) (15,0,0.419035433323) (16,0,0.155912219292) (17,0,0.000000000000) (18,0,-0.184613874653) (19,0,-0.657881357679) (20,0,0.000000000000) (21,0,0.110479494909) (22,0,-0.967948383223) (23,0,0.000000000000) (24,0,0.913094185346) (25,0,0.731166197752) (26,0,0.000000000000) 
ipopt_sol:
size: 11 1
(0,0,1.120639491552) (1,0,0.207814311156) (2,0,0.000000000000) (3,0,0.000000000000) (4,0,1.041186644970) (5,0,0.000000000000) (6,0,1.614340515001) (7,0,0.000000000000) (8,0,0.329208019917) (9,0,0.512079379047) (10,0,0.128456595018) 
policy_sol:
size: 11 1
(0,0,1.120639481798) (1,0,0.207814316474) (2,0,0.000000000000) (3,0,0.000000000000) (4,0,1.041186633718) (5,0,0.000000000000) (6,0,1.614340498427) (7,0,0.000000000000) (8,0,0.329208022938) (9,0,0.512079380447) (10,0,0.128456594527) 

policy_converges:
1
ipopt_converges:
0
