solve status: 0
N:
size: 27 8
(0,0,-0.000134903816) (1,0,-0.999999990900) (6,0,0.000134903816) (7,0,0.999999990900) (0,1,-0.999998531867) (1,1,0.001713552945) (9,1,0.999998531867) (10,1,-0.001713552945) (0,2,-0.707671388132) (1,2,-0.706541723056) (12,2,0.707671388132) (13,2,0.706541723056) (3,3,0.001925473385) (4,3,-0.999998146274) (6,3,-0.001925473385) (7,3,0.999998146274) (9,4,-0.999989850288) (10,4,0.004505476676) (18,4,0.999989850288) (19,4,-0.004505476676) (12,5,-0.707982669888) (13,5,0.706229806180) (18,5,0.707982669888) (19,5,-0.706229806180) (12,6,-0.999993805199) (13,6,0.003519881274) (21,6,0.999993805199) (22,6,-0.003519881274) (18,7,0.003606136081) (19,7,-0.999993497870) (21,7,-0.003606136081) (22,7,0.999993497870) 
Q:
size: 8 8
(0,0,2.000000000000) (1,0,-0.001578649311) (2,0,0.706637184198) (3,0,0.999997877421) (0,1,-0.001578649311) (1,1,2.000000000000) (2,1,0.706459652526) (4,1,-0.999996102543) (0,2,0.706637184198) (1,2,0.706459652526) (2,2,2.000000000000) (5,2,-0.002038254641) (6,2,-0.705180061268) (0,3,0.999997877421) (3,3,2.000000000000) (1,4,-0.999996102543) (4,4,2.000000000000) (5,4,0.711157385988) (7,4,0.008111546861) (2,5,-0.002038254641) (4,5,0.711157385988) (5,5,2.000000000000) (6,5,0.710464129147) (7,5,0.708778296033) (2,6,-0.705180061268) (5,6,0.710464129147) (6,6,2.000000000000) (7,6,-0.007125972129) (4,7,0.008111546861) (5,7,0.708778296033) (6,7,-0.007125972129) (7,7,2.000000000000) 
Minv:
size: 27 27
(0,0,1.000000000000) (1,1,1.000000000000) (2,2,2.000000000000) (3,3,1.000000000000) (4,4,1.000000000000) (5,5,2.000000000000) (6,6,1.000000000000) (7,7,1.000000000000) (8,8,2.000000000000) (9,9,1.000000000000) (10,10,1.000000000000) (11,11,2.000000000000) (12,12,1.000000000000) (13,13,1.000000000000) (14,14,2.000000000000) (15,15,1.000000000000) (16,16,1.000000000000) (17,17,2.000000000000) (18,18,1.000000000000) (19,19,1.000000000000) (20,20,2.000000000000) (21,21,1.000000000000) (22,22,1.000000000000) (23,23,2.000000000000) (24,24,1.000000000000) (25,25,1.000000000000) (26,26,2.000000000000) 
v0:
size: 27 1
(0,0,0.711145169606) (1,0,-0.441385926159) (2,0,0.000000000000) (3,0,-0.427985966656) (4,0,0.053958854191) (5,0,0.000000000000) (6,0,-0.547143296663) (7,0,-0.814812453163) (8,0,0.000000000000) (9,0,0.032831769419) (10,0,-0.639057462048) (11,0,0.000000000000) (12,0,-0.212996961667) (13,0,-0.537164715525) (14,0,0.000000000000) (15,0,-0.241875006241) (16,0,0.969073872079) (17,0,0.000000000000) (18,0,-0.002924974639) (19,0,0.488904485228) (20,0,0.000000000000) (21,0,-0.658931202149) (22,0,0.164537938095) (23,0,0.000000000000) (24,0,0.832408117825) (25,0,0.223536765877) (26,0,0.000000000000) 
ipopt_sol:
size: 8 1
(0,0,0.000000000000) (1,0,0.531327548717) (2,0,0.768444414355) (3,0,0.868540267624) (4,0,0.249583676762) (5,0,0.157016385721) (6,0,0.664523817346) (7,0,0.267709321430) 
policy_sol:
size: 8 1
(0,0,0.000000000000) (1,0,0.531327551002) (2,0,0.768444409348) (3,0,0.868540262624) (4,0,0.249583677779) (5,0,0.157016386073) (6,0,0.664523815455) (7,0,0.267709321293) 

policy_converges:
1
ipopt_converges:
0
