solve status: 0
N:
size: 27 9
(3,0,-0.005004883447) (4,0,-0.999987475492) (6,0,0.005004883447) (7,0,0.999987475492) (6,1,-0.705681665307) (7,1,0.708529030633) (12,1,0.705681665307) (13,1,-0.708529030633) (9,2,-0.004581348565) (10,2,-0.999989505568) (12,2,0.004581348565) (13,2,0.999989505568) (9,3,-0.001103087921) (10,3,-0.999999391598) (15,3,0.001103087921) (16,3,0.999999391598) (9,4,-0.708174243932) (10,4,-0.706037704539) (21,4,0.708174243932) (22,4,0.706037704539) (12,5,-0.999997605060) (13,5,-0.002188578166) (21,5,0.999997605060) (22,5,0.002188578166) (12,6,-0.704938688968) (13,6,-0.709268246008) (24,6,0.704938688968) (25,6,0.709268246008) (15,7,-0.707044035916) (16,7,0.707169520890) (21,7,0.707044035916) (22,7,-0.707169520890) (21,8,-0.005271598460) (22,8,-0.999986105028) (24,8,0.005271598460) (25,8,0.999986105028) 
Q:
size: 9 9
(0,0,2.000000000000) (1,0,0.704988302170) (0,1,0.704988302170) (1,1,2.000000000000) (2,1,-0.705288621338) (5,1,-0.704129304076) (6,1,0.005074834832) (1,2,-0.705288621338) (2,2,2.000000000000) (3,2,0.999993950803) (4,2,0.709274688130) (5,2,-0.006769892791) (6,2,-0.712490372492) (2,3,0.999993950803) (3,3,2.000000000000) (4,3,0.706818453439) (7,3,0.706389158911) (2,4,0.709274688130) (3,4,0.706818453439) (4,4,2.000000000000) (5,4,0.709717766602) (7,4,0.001422030312) (8,4,-0.709761104419) (1,5,-0.704129304076) (2,5,-0.006769892791) (4,5,0.709717766602) (5,5,2.000000000000) (6,5,0.706489289679) (7,5,0.705494646815) (8,5,-0.007460133590) (1,6,0.005074834832) (2,6,-0.712490372492) (5,6,0.706489289679) (6,6,2.000000000000) (8,6,0.712974544453) (3,7,0.706389158911) (4,7,0.001422030312) (5,7,0.705494646815) (7,7,2.000000000000) (8,7,0.703432442539) (4,8,-0.709761104419) (5,8,-0.007460133590) (6,8,0.712974544453) (7,8,0.703432442539) (8,8,2.000000000000) 
Minv:
size: 27 27
(0,0,1.000000000000) (1,1,1.000000000000) (2,2,2.000000000000) (3,3,1.000000000000) (4,4,1.000000000000) (5,5,2.000000000000) (6,6,1.000000000000) (7,7,1.000000000000) (8,8,2.000000000000) (9,9,1.000000000000) (10,10,1.000000000000) (11,11,2.000000000000) (12,12,1.000000000000) (13,13,1.000000000000) (14,14,2.000000000000) (15,15,1.000000000000) (16,16,1.000000000000) (17,17,2.000000000000) (18,18,1.000000000000) (19,19,1.000000000000) (20,20,2.000000000000) (21,21,1.000000000000) (22,22,1.000000000000) (23,23,2.000000000000) (24,24,1.000000000000) (25,25,1.000000000000) (26,26,2.000000000000) 
v0:
size: 27 1
(0,0,-0.833156806576) (1,0,-0.677613806494) (2,0,0.000000000000) (3,0,-0.813527850895) (4,0,-0.100629501090) (5,0,0.000000000000) (6,0,-0.728681514749) (7,0,-0.661141455669) (8,0,0.000000000000) (9,0,0.306011807419) (10,0,0.942619802979) (11,0,0.000000000000) (12,0,-0.179206515868) (13,0,0.359957910070) (14,0,0.000000000000) (15,0,-0.118375912914) (16,0,0.763887338877) (17,0,0.000000000000) (18,0,0.704675518050) (19,0,0.175577822623) (20,0,0.000000000000) (21,0,-0.698289021581) (22,0,0.641773197638) (23,0,0.000000000000) (24,0,0.284447629889) (25,0,-0.303520661803) (26,0,0.000000000000) 
ipopt_sol:
size: 9 1
(0,0,0.438004332872) (1,0,0.346320513895) (2,0,0.264860728475) (3,0,0.000000000000) (4,0,1.248696071909) (5,0,0.203339751359) (6,0,0.000000000000) (7,0,0.000000000000) (8,0,1.383996561068) 
policy_sol:
size: 9 1
(0,0,0.438004334091) (1,0,0.346320510435) (2,0,0.264860727025) (3,0,0.000000000000) (4,0,1.248696068434) (5,0,0.203339744278) (6,0,0.000000000000) (7,0,0.000000000000) (8,0,1.383996552727) 

policy_converges:
1
ipopt_converges:
0
