solve status: 0
N:
size: 27 14
(0,0,-0.003014460075) (1,0,-0.999995456505) (3,0,0.003014460075) (4,0,0.999995456505) (0,1,-0.000006575446) (1,1,-0.999999999978) (6,1,0.000006575446) (7,1,0.999999999978) (0,2,-0.708836977224) (1,2,-0.705372341193) (12,2,0.708836977224) (13,2,0.705372341193) (3,3,-0.707808123141) (4,3,0.706404742917) (9,3,0.707808123141) (10,3,-0.706404742917) (3,4,-0.999996621834) (4,4,-0.002599292420) (21,4,0.999996621834) (22,4,0.002599292420) (6,5,-0.708244439053) (7,5,0.705967290000) (12,5,0.708244439053) (13,5,-0.705967290000) (6,6,-0.999999926879) (7,6,-0.000382415893) (15,6,0.999999926879) (16,6,0.000382415893) (6,7,-0.999999994052) (7,7,-0.000109068609) (24,7,0.999999994052) (25,7,0.000109068609) (9,8,-0.004401355719) (10,8,-0.999990313987) (12,8,0.004401355719) (13,8,0.999990313987) (9,9,-0.999969731797) (10,9,0.007780455687) (18,9,0.999969731797) (19,9,-0.007780455687) (9,10,-0.708141918917) (10,10,-0.706070125889) (21,10,0.708141918917) (22,10,0.706070125889) (12,11,-0.999981408139) (13,11,-0.006097817295) (21,11,0.999981408139) (22,11,0.006097817295) (15,12,-0.709932816464) (16,12,0.704269405915) (21,12,0.709932816464) (22,12,-0.704269405915) (21,13,0.003320720781) (22,13,-0.999994486392) (24,13,-0.003320720781) (25,13,0.999994486392) 
Q:
size: 14 14
(0,0,2.000000000000) (1,0,0.999995476305) (2,0,0.707505897105) (3,0,0.704267874042) (4,0,-0.005613730502) (0,1,0.999995476305) (1,1,2.000000000000) (2,1,0.705377002098) (5,1,0.705962632962) (6,1,-0.000388991339) (7,1,-0.000115644055) (0,2,0.707505897105) (1,2,0.705377002098) (2,2,2.000000000000) (5,2,0.004060047160) (8,2,0.708485352631) (11,2,-0.713125030287) (0,3,0.704267874042) (3,3,2.000000000000) (4,3,0.705969579554) (8,3,0.703282585341) (9,3,-0.713282849860) (10,3,-0.002457316787) (0,4,-0.005613730502) (3,4,0.705969579554) (4,4,2.000000000000) (10,4,0.709974809422) (11,4,0.999993880046) (12,4,0.708099816065) (13,4,0.000721431475) (1,5,0.705962632962) (2,5,0.004060047160) (5,5,2.000000000000) (6,5,0.707974414154) (7,5,0.708167435970) (8,5,-0.702843216280) (11,5,-0.703926411920) (1,6,-0.000388991339) (5,6,0.707974414154) (6,6,2.000000000000) (7,6,0.999999962641) (12,6,-0.709663440740) (1,7,-0.000115644055) (5,7,0.708167435970) (6,7,0.999999962641) (7,7,2.000000000000) (13,7,-0.003211652753) (2,8,0.708485352631) (3,8,0.703282585341) (5,8,-0.702843216280) (8,8,2.000000000000) (9,8,-0.003379157828) (10,8,0.709180071369) (11,8,-0.010499032121) (3,9,-0.713282849860) (8,9,-0.003379157828) (9,9,2.000000000000) (10,9,0.702626937407) (3,10,-0.002457316787) (4,10,0.709974809422) (8,10,0.709180071369) (9,10,0.702626937407) (10,10,2.000000000000) (11,10,0.712434239866) (12,10,0.005469598860) (13,10,-0.703714691308) (2,11,-0.713125030287) (4,11,0.999993880046) (5,11,-0.703926411920) (8,11,-0.010499032121) (10,11,0.712434239866) (11,11,2.000000000000) (12,11,0.705625111328) (13,11,-0.002777124632) (4,12,0.708099816065) (6,12,-0.709663440740) (10,12,0.005469598860) (11,12,0.705625111328) (12,12,2.000000000000) (13,12,0.706623011506) (4,13,0.000721431475) (7,13,-0.003211652753) (10,13,-0.703714691308) (11,13,-0.002777124632) (12,13,0.706623011506) (13,13,2.000000000000) 
Minv:
size: 27 27
(0,0,1.000000000000) (1,1,1.000000000000) (2,2,2.000000000000) (3,3,1.000000000000) (4,4,1.000000000000) (5,5,2.000000000000) (6,6,1.000000000000) (7,7,1.000000000000) (8,8,2.000000000000) (9,9,1.000000000000) (10,10,1.000000000000) (11,11,2.000000000000) (12,12,1.000000000000) (13,13,1.000000000000) (14,14,2.000000000000) (15,15,1.000000000000) (16,16,1.000000000000) (17,17,2.000000000000) (18,18,1.000000000000) (19,19,1.000000000000) (20,20,2.000000000000) (21,21,1.000000000000) (22,22,1.000000000000) (23,23,2.000000000000) (24,24,1.000000000000) (25,25,1.000000000000) (26,26,2.000000000000) 
v0:
size: 27 1
(0,0,-0.867207128602) (1,0,0.589244755019) (2,0,0.000000000000) (3,0,-0.092176721085) (4,0,-0.876990831363) (5,0,0.000000000000) (6,0,0.481183192656) (7,0,-0.600442752138) (8,0,0.000000000000) (9,0,0.482570042417) (10,0,0.011853223167) (11,0,0.000000000000) (12,0,-0.072139871901) (13,0,-0.769716900863) (14,0,0.000000000000) (15,0,0.169751132773) (16,0,0.351918910573) (17,0,0.000000000000) (18,0,-0.021613667984) (19,0,-0.993506287983) (20,0,0.000000000000) (21,0,-0.631127383707) (22,0,0.578543445505) (23,0,0.000000000000) (24,0,0.335540411656) (25,0,0.154860924299) (26,0,0.000000000000) 
ipopt_sol:
size: 14 1
(0,0,1.298561159187) (1,0,0.331135175086) (2,0,0.000000000000) (3,0,0.000000000000) (4,0,0.083853105125) (5,0,0.593010890748) (6,0,0.287605617956) (7,0,0.000000000000) (8,0,0.996065432242) (9,0,0.498029225637) (10,0,0.000000000000) (11,0,0.537781324911) (12,0,0.525295874087) (13,0,0.242013634997) 
policy_sol:
size: 14 1
(0,0,1.298561149780) (1,0,0.331135179741) (2,0,0.000000000000) (3,0,0.000000000000) (4,0,0.083853097720) (5,0,0.593010880894) (6,0,0.287605616870) (7,0,0.000000000000) (8,0,0.996065418173) (9,0,0.498029225667) (10,0,0.000000000000) (11,0,0.537781324656) (12,0,0.525295875286) (13,0,0.242013638110) 

policy_converges:
1
ipopt_converges:
0
