solve status: 0
N:
size: 27 11
(0,0,-0.706399371054) (1,0,-0.707813484312) (12,0,0.706399371054) (13,0,0.707813484312) (3,1,0.006949546171) (4,1,-0.999975851612) (6,1,-0.006949546171) (7,1,0.999975851612) (3,2,-0.702084602559) (4,2,0.712093540800) (9,2,0.702084602559) (10,2,-0.712093540800) (3,3,-0.999973902522) (4,3,0.007224560483) (12,3,0.999973902522) (13,3,-0.007224560483) (3,4,-0.707428182773) (4,4,-0.706785233447) (15,4,0.707428182773) (16,4,0.706785233447) (3,5,-0.999999671332) (4,5,0.000810761983) (21,5,0.999999671332) (22,5,-0.000810761983) (9,6,0.001902467363) (10,6,-0.999998190307) (12,6,-0.001902467363) (13,6,0.999998190307) (15,7,-0.707554342935) (16,7,0.706658935975) (21,7,0.707554342935) (22,7,-0.706658935975) (15,8,-0.999999403344) (16,8,-0.001092388081) (24,8,0.999999403344) (25,8,0.001092388081) (18,9,-0.002787680120) (19,9,-0.999996114412) (24,9,0.002787680120) (25,9,0.999996114412) (21,10,-0.000673530113) (22,10,-0.999999773179) (24,10,0.000673530113) (25,10,0.999999773179) 
Q:
size: 11 11
(0,0,2.000000000000) (3,0,0.701267294484) (6,0,0.706468301639) (1,1,2.000000000000) (2,1,-0.716955514250) (3,1,-0.014173750827) (4,1,0.701851860905) (5,1,-0.007760286290) (1,2,-0.716955514250) (2,2,2.000000000000) (3,2,0.707210842777) (4,2,-0.006622764930) (5,2,0.702661710178) (6,2,0.713427945172) (0,3,0.701267294484) (1,3,-0.014173750827) (2,3,0.707210842777) (3,3,2.000000000000) (4,3,0.702303508014) (5,3,0.999979431262) (6,3,-0.009126965122) (1,4,0.701851860905) (2,4,-0.006622764930) (3,4,0.702303508014) (4,4,2.000000000000) (5,4,0.706854915667) (7,4,-0.001087782005) (8,4,-0.708199844446) (1,5,-0.007760286290) (2,5,0.702661710178) (3,5,0.999979431262) (4,5,0.706854915667) (5,5,2.000000000000) (7,5,0.708127042585) (10,5,0.000137231907) (0,6,0.706468301639) (2,6,0.713427945172) (3,6,-0.009126965122) (6,6,2.000000000000) (4,7,-0.001087782005) (5,7,0.708127042585) (7,7,2.000000000000) (8,7,0.706781974970) (10,7,0.706182216534) (4,8,-0.708199844446) (7,8,0.706781974970) (8,8,2.000000000000) (9,8,0.003880062293) (10,8,0.001765917544) (8,9,0.003880062293) (9,9,2.000000000000) (10,9,0.999997765178) (5,10,0.000137231907) (7,10,0.706182216534) (8,10,0.001765917544) (9,10,0.999997765178) (10,10,2.000000000000) 
Minv:
size: 27 27
(0,0,1.000000000000) (1,1,1.000000000000) (2,2,2.000000000000) (3,3,1.000000000000) (4,4,1.000000000000) (5,5,2.000000000000) (6,6,1.000000000000) (7,7,1.000000000000) (8,8,2.000000000000) (9,9,1.000000000000) (10,10,1.000000000000) (11,11,2.000000000000) (12,12,1.000000000000) (13,13,1.000000000000) (14,14,2.000000000000) (15,15,1.000000000000) (16,16,1.000000000000) (17,17,2.000000000000) (18,18,1.000000000000) (19,19,1.000000000000) (20,20,2.000000000000) (21,21,1.000000000000) (22,22,1.000000000000) (23,23,2.000000000000) (24,24,1.000000000000) (25,25,1.000000000000) (26,26,2.000000000000) 
v0:
size: 27 1
(0,0,-0.406292062632) (1,0,-0.425699434765) (2,0,0.000000000000) (3,0,0.330723666727) (4,0,-0.252349616398) (5,0,0.000000000000) (6,0,-0.785770709161) (7,0,-0.309158353979) (8,0,0.000000000000) (9,0,-0.263506932661) (10,0,-0.719340076474) (11,0,0.000000000000) (12,0,-0.610540877641) (13,0,-0.902967541619) (14,0,0.000000000000) (15,0,-0.272172045811) (16,0,-0.075516565121) (17,0,0.000000000000) (18,0,0.840259384789) (19,0,0.420650498549) (20,0,0.000000000000) (21,0,-0.449519129221) (22,0,0.849237747510) (23,0,0.000000000000) (24,0,-0.511832548545) (25,0,-0.285764611120) (26,0,0.000000000000) 
ipopt_sol:
size: 11 1
(0,0,0.190631347075) (1,0,0.055325487082) (2,0,0.000000000000) (3,0,0.711499060402) (4,0,0.000000000000) (5,0,0.318273162891) (6,0,0.118876327200) (7,0,0.302977833677) (8,0,0.131521226320) (9,0,0.261284804258) (10,0,0.897285215474) 
policy_sol:
size: 11 1
(0,0,0.190631351177) (1,0,0.055325487095) (2,0,0.000000000000) (3,0,0.711499053787) (4,0,0.000000000000) (5,0,0.318273159104) (6,0,0.118876322153) (7,0,0.302977833811) (8,0,0.131521229812) (9,0,0.261284804283) (10,0,0.897285215412) 

policy_converges:
1
ipopt_converges:
0
