solve status: 0
N:
size: 27 13
(0,0,0.000084601890) (1,0,-0.999999996421) (6,0,-0.000084601890) (7,0,0.999999996421) (0,1,-0.999999994596) (1,1,0.000103965981) (9,1,0.999999994596) (10,1,-0.000103965981) (0,2,-0.707108706158) (1,2,-0.707104856209) (12,2,0.707108706158) (13,2,0.707104856209) (0,3,-0.999993869057) (1,3,-0.003501692348) (18,3,0.999993869057) (19,3,0.003501692348) (3,4,0.000899220970) (4,4,-0.999999595701) (6,4,-0.000899220970) (7,4,0.999999595701) (3,5,-0.708965668645) (4,5,-0.705242994069) (15,5,0.708965668645) (16,5,0.705242994069) (9,6,-0.999974556821) (10,6,-0.007133422041) (18,6,0.999974556821) (19,6,0.007133422041) (12,7,0.000158775164) (13,7,-0.999999987395) (15,7,-0.000158775164) (16,7,0.999999987395) (12,8,-0.705185705929) (13,8,0.709022651368) (18,8,0.705185705929) (19,8,-0.709022651368) (12,9,-0.999998922174) (13,9,-0.001468213787) (21,9,0.999998922174) (22,9,0.001468213787) (12,10,-0.709124282697) (13,10,-0.705083506890) (24,10,0.709124282697) (25,10,0.705083506890) (15,11,-0.705741318536) (16,11,0.708469612130) (21,11,0.705741318536) (22,11,-0.708469612130) (15,12,-0.999989750279) (16,12,0.004527619330) (24,12,0.999989750279) (25,12,-0.004527619330) 
Q:
size: 13 13
(0,0,2.000000000000) (1,0,-0.000188567869) (2,0,0.707045030946) (3,0,0.003417090964) (4,0,0.999999668198) (0,1,-0.000188567869) (1,1,2.000000000000) (2,1,0.707035187487) (3,1,0.999993499595) (6,1,-0.999973809784) (0,2,0.707045030946) (1,2,0.707035187487) (2,2,2.000000000000) (3,2,0.709580434579) (7,2,-0.706992575996) (8,2,0.002710407824) (9,2,-0.708146125117) (10,2,-0.999995925799) (0,3,0.003417090964) (1,3,0.999993499595) (2,3,0.709580434579) (3,3,2.000000000000) (6,3,0.999993405083) (8,3,0.702698603283) (0,4,0.999999668198) (4,4,2.000000000000) (5,4,0.704605192143) (4,5,0.704605192143) (5,5,2.000000000000) (7,5,0.705130419039) (11,5,-0.000703135321) (12,5,-0.705765330132) (1,6,-0.999973809784) (3,6,0.999993405083) (6,6,2.000000000000) (8,6,0.700110005954) (2,7,-0.706992575996) (5,7,0.705130419039) (7,7,2.000000000000) (8,7,-0.709134608407) (9,7,0.001309438775) (10,7,0.704970906679) (11,7,0.708581657393) (12,7,0.004686392810) (2,8,0.002710407824) (3,8,0.702698603283) (6,8,0.700110005954) (7,8,-0.709134608407) (8,8,2.000000000000) (9,8,0.704143949029) (10,8,0.000144130394) (2,9,-0.708146125117) (7,9,0.001309438775) (8,9,0.704143949029) (9,9,2.000000000000) (10,9,0.710158731710) (11,9,0.704700373017) (2,10,-0.999995925799) (7,10,0.704970906679) (8,10,0.000144130394) (9,10,0.710158731710) (10,10,2.000000000000) (12,10,0.705924664656) (5,11,-0.000703135321) (7,11,0.708581657393) (9,11,0.704700373017) (11,11,2.000000000000) (12,11,0.708941765595) (5,12,-0.705765330132) (7,12,0.004686392810) (10,12,0.705924664656) (11,12,0.708941765595) (12,12,2.000000000000) 
Minv:
size: 27 27
(0,0,1.000000000000) (1,1,1.000000000000) (2,2,2.000000000000) (3,3,1.000000000000) (4,4,1.000000000000) (5,5,2.000000000000) (6,6,1.000000000000) (7,7,1.000000000000) (8,8,2.000000000000) (9,9,1.000000000000) (10,10,1.000000000000) (11,11,2.000000000000) (12,12,1.000000000000) (13,13,1.000000000000) (14,14,2.000000000000) (15,15,1.000000000000) (16,16,1.000000000000) (17,17,2.000000000000) (18,18,1.000000000000) (19,19,1.000000000000) (20,20,2.000000000000) (21,21,1.000000000000) (22,22,1.000000000000) (23,23,2.000000000000) (24,24,1.000000000000) (25,25,1.000000000000) (26,26,2.000000000000) 
v0:
size: 27 1
(0,0,0.271222822958) (1,0,0.619688890741) (2,0,0.000000000000) (3,0,0.368878412715) (4,0,0.660097309558) (5,0,0.000000000000) (6,0,-0.306517248447) (7,0,-0.782798376267) (8,0,0.000000000000) (9,0,-0.737713508976) (10,0,-0.846957644318) (11,0,0.000000000000) (12,0,0.927202934877) (13,0,-0.186498727271) (14,0,0.000000000000) (15,0,0.434635238765) (16,0,-0.635438194543) (17,0,0.000000000000) (18,0,-0.811073177454) (19,0,-0.966444638212) (20,0,0.000000000000) (21,0,0.784152241407) (22,0,0.037863134708) (23,0,0.000000000000) (24,0,-0.755494649892) (25,0,0.309708422385) (26,0,0.000000000000) 
ipopt_sol:
size: 13 1
(0,0,1.195026597525) (1,0,0.744125213349) (2,0,0.000000000000) (3,0,0.529546046558) (4,0,0.413154528375) (5,0,1.225140400478) (6,0,0.000000000000) (7,0,0.105814761922) (8,0,0.524251883412) (9,0,0.000000000000) (10,0,0.264961756463) (11,0,0.000000000000) (12,0,1.532958303088) 
policy_sol:
size: 13 1
(0,0,1.195026592209) (1,0,0.744125220009) (2,0,0.000000000000) (3,0,0.529546036136) (4,0,0.413154531973) (5,0,1.225140397810) (6,0,0.000000000000) (7,0,0.105814759911) (8,0,0.524251879336) (9,0,0.000000000000) (10,0,0.264961760735) (11,0,0.000000000000) (12,0,1.532958297098) 

policy_converges:
1
ipopt_converges:
0
