solve status: 0
N:
size: 27 9
(0,0,0.002839652568) (1,0,-0.999995968179) (3,0,-0.002839652568) (4,0,0.999995968179) (0,1,-0.000825808642) (1,1,-0.999999659020) (6,1,0.000825808642) (7,1,0.999999659020) (3,2,-0.004499735273) (4,2,-0.999989876140) (6,2,0.004499735273) (7,2,0.999989876140) (3,3,-0.708309171479) (4,3,-0.705902342820) (15,3,0.708309171479) (16,3,0.705902342820) (6,4,-0.708826069922) (7,4,0.705383301900) (12,4,0.708826069922) (13,4,-0.705383301900) (6,5,-0.999993209795) (7,5,-0.003685154583) (15,5,0.999993209795) (16,5,0.003685154583) (12,6,0.000538614496) (13,6,-0.999999854947) (15,6,-0.000538614496) (16,6,0.999999854947) (12,7,-0.703868473090) (13,7,-0.710330326390) (24,7,0.703868473090) (25,7,0.710330326390) (21,8,0.006329295041) (22,8,-0.999979969812) (24,8,-0.006329295041) (25,8,0.999979969812) 
Q:
size: 9 9
(0,0,2.000000000000) (1,0,0.999993282190) (2,0,-0.999973066675) (3,0,-0.703888144791) (0,1,0.999993282190) (1,1,2.000000000000) (2,1,0.999993251084) (4,1,0.704797706684) (5,1,-0.004510956362) (0,2,-0.999973066675) (1,2,0.999993251084) (2,2,2.000000000000) (3,2,0.709082400127) (4,2,0.702186631029) (5,2,-0.008184821994) (0,3,-0.703888144791) (2,3,0.709082400127) (3,3,2.000000000000) (5,3,0.710905721168) (6,3,0.705520734840) (1,4,0.704797706684) (2,4,0.702186631029) (4,4,2.000000000000) (5,4,0.706221810339) (6,4,0.705764983579) (7,4,0.002134827546) (1,5,-0.004510956362) (2,5,-0.008184821994) (3,5,0.710905721168) (4,5,0.706221810339) (5,5,2.000000000000) (6,5,0.003146543210) (3,6,0.705520734840) (4,6,0.705764983579) (5,6,0.003146543210) (6,6,2.000000000000) (7,6,0.709951109592) (4,7,0.002134827546) (6,7,0.709951109592) (7,7,2.000000000000) (8,7,0.705861107103) (7,8,0.705861107103) (8,8,2.000000000000) 
Minv:
size: 27 27
(0,0,1.000000000000) (1,1,1.000000000000) (2,2,2.000000000000) (3,3,1.000000000000) (4,4,1.000000000000) (5,5,2.000000000000) (6,6,1.000000000000) (7,7,1.000000000000) (8,8,2.000000000000) (9,9,1.000000000000) (10,10,1.000000000000) (11,11,2.000000000000) (12,12,1.000000000000) (13,13,1.000000000000) (14,14,2.000000000000) (15,15,1.000000000000) (16,16,1.000000000000) (17,17,2.000000000000) (18,18,1.000000000000) (19,19,1.000000000000) (20,20,2.000000000000) (21,21,1.000000000000) (22,22,1.000000000000) (23,23,2.000000000000) (24,24,1.000000000000) (25,25,1.000000000000) (26,26,2.000000000000) 
v0:
size: 27 1
(0,0,-0.877827914923) (1,0,0.104870510233) (2,0,0.000000000000) (3,0,0.465520470183) (4,0,-0.055978713105) (5,0,0.000000000000) (6,0,0.265148092235) (7,0,-0.880148277286) (8,0,0.000000000000) (9,0,-0.046868630181) (10,0,-0.726586102001) (11,0,0.000000000000) (12,0,0.872145551016) (13,0,0.807764794058) (14,0,0.000000000000) (15,0,-0.227881296378) (16,0,0.386620407947) (17,0,0.000000000000) (18,0,0.199723514093) (19,0,-0.515134580852) (20,0,0.000000000000) (21,0,0.988708970284) (22,0,0.393455650538) (23,0,0.000000000000) (24,0,0.996058439325) (25,0,0.113516550996) (26,0,0.000000000000) 
ipopt_sol:
size: 9 1
(0,0,0.754798884674) (1,0,0.000000000000) (2,0,1.180303120856) (3,0,0.000000000000) (4,0,0.068546570628) (5,0,0.468485274493) (6,0,0.316712844956) (7,0,0.222305600756) (8,0,0.201521570535) 
policy_sol:
size: 9 1
(0,0,0.754798875530) (1,0,0.000000000000) (2,0,1.180303105518) (3,0,0.000000000000) (4,0,0.068546576897) (5,0,0.468485268695) (6,0,0.316712838264) (7,0,0.222305603461) (8,0,0.201521569580) 

policy_converges:
1
ipopt_converges:
0
