solve status: 0
N:
size: 27 15
(0,0,-0.001522642266) (1,0,-0.999998840780) (3,0,0.001522642266) (4,0,0.999998840780) (3,1,-0.709585234651) (4,1,0.704619609978) (9,1,0.709585234651) (10,1,-0.704619609978) (3,2,-0.999976798069) (4,2,0.006811998440) (12,2,0.999976798069) (13,2,-0.006811998440) (3,3,-0.709866543035) (4,3,-0.704336205998) (15,3,0.709866543035) (16,3,0.704336205998) (3,4,-0.999999873485) (4,4,-0.000503020804) (21,4,0.999999873485) (22,4,0.000503020804) (6,5,-0.999999668648) (7,5,-0.000814066206) (24,5,0.999999668648) (25,5,0.000814066206) (9,6,0.002855079382) (10,6,-0.999995924253) (15,6,-0.002855079382) (16,6,0.999995924253) (12,7,0.003319906233) (13,7,-0.999994489096) (15,7,-0.003319906233) (16,7,0.999994489096) (12,8,-0.708372251849) (13,8,0.705839041716) (18,8,0.708372251849) (19,8,-0.705839041716) (12,9,-0.999968836193) (13,9,-0.007894722430) (21,9,0.999968836193) (22,9,0.007894722430) (12,10,-0.706025799043) (13,10,-0.708186113310) (24,10,0.706025799043) (25,10,0.708186113310) (15,11,-0.708886407949) (16,11,0.705322664193) (21,11,0.708886407949) (22,11,-0.705322664193) (15,12,-0.999993216513) (16,12,-0.003683331087) (24,12,0.999993216513) (25,12,0.003683331087) (18,13,-0.002808111913) (19,13,-0.999996057246) (24,13,0.002808111913) (25,13,0.999996057246) (21,14,-0.006817597120) (22,14,-0.999976759915) (24,14,0.006817597120) (25,14,0.999976759915) 
Q:
size: 15 15
(0,0,2.000000000000) (1,0,0.703538348698) (2,0,0.005289383605) (3,0,-0.705416262319) (4,0,-0.002025662295) (0,1,0.703538348698) (1,1,2.000000000000) (2,1,0.714368638588) (3,1,0.007421714747) (4,1,0.709230706555) (6,1,0.706642660299) (0,2,0.005289383605) (1,2,0.714368638588) (2,2,2.000000000000) (3,2,0.705052135624) (4,2,0.999973244980) (7,2,0.010131790105) (8,2,-0.713163990696) (9,2,-0.999891856149) (10,2,-0.701185255183) (0,3,-0.705416262319) (1,3,0.007421714747) (2,3,0.705052135624) (3,3,2.000000000000) (4,3,0.710220748991) (6,3,0.702306609971) (7,3,0.701975634108) (11,3,-0.006430454513) (12,3,-0.712456031107) (0,4,-0.002025662295) (1,4,0.709230706555) (2,4,0.999973244980) (3,4,0.710220748991) (4,4,2.000000000000) (9,4,0.999972680892) (11,4,0.708531526291) (14,4,-0.007320605371) (5,5,2.000000000000) (10,5,0.706602075483) (12,5,0.999995883639) (13,5,0.003622173979) (14,5,0.007631642148) (1,6,0.706642660299) (3,6,0.702306609971) (6,6,2.000000000000) (7,6,0.999999891967) (11,6,0.707343716444) (12,6,-0.000828256060) (2,7,0.010131790105) (3,7,0.701975634108) (6,7,0.999999891967) (7,7,2.000000000000) (8,7,-0.708186881359) (9,7,0.004574876150) (10,7,0.705838271113) (11,7,0.707672213632) (12,7,-0.000363427076) (2,8,-0.713163990696) (7,8,-0.708186881359) (8,8,2.000000000000) (9,8,0.702777772959) (10,8,0.000263677557) (13,8,0.703847070206) (2,9,-0.999891856149) (4,9,0.999972680892) (7,9,0.004574876150) (8,9,0.702777772959) (9,9,2.000000000000) (10,9,0.711594729385) (11,9,0.703295989693) (14,9,-0.014711923613) (2,10,-0.701185255183) (5,10,0.706602075483) (7,10,0.705838271113) (8,10,0.000263677557) (9,10,0.711594729385) (10,10,2.000000000000) (12,10,0.708629493653) (13,10,0.710165920564) (14,10,0.712983054459) (3,11,-0.006430454513) (4,11,0.708531526291) (6,11,0.707343716444) (7,11,0.707672213632) (9,11,0.703295989693) (11,11,2.000000000000) (12,11,0.706283662332) (14,11,0.700473370501) (3,12,-0.712456031107) (5,12,0.999995883639) (6,12,-0.000828256060) (7,12,-0.000363427076) (10,12,0.708629493653) (11,12,0.706283662332) (12,12,2.000000000000) (13,12,0.006491409429) (14,12,0.010500796359) (5,13,0.003622173979) (8,13,0.703847070206) (10,13,0.710165920564) (12,13,0.006491409429) (13,13,2.000000000000) (14,13,0.999991961828) (4,14,-0.007320605371) (5,14,0.007631642148) (9,14,-0.014711923613) (10,14,0.712983054459) (11,14,0.700473370501) (12,14,0.010500796359) (13,14,0.999991961828) (14,14,2.000000000000) 
Minv:
size: 27 27
(0,0,1.000000000000) (1,1,1.000000000000) (2,2,2.000000000000) (3,3,1.000000000000) (4,4,1.000000000000) (5,5,2.000000000000) (6,6,1.000000000000) (7,7,1.000000000000) (8,8,2.000000000000) (9,9,1.000000000000) (10,10,1.000000000000) (11,11,2.000000000000) (12,12,1.000000000000) (13,13,1.000000000000) (14,14,2.000000000000) (15,15,1.000000000000) (16,16,1.000000000000) (17,17,2.000000000000) (18,18,1.000000000000) (19,19,1.000000000000) (20,20,2.000000000000) (21,21,1.000000000000) (22,22,1.000000000000) (23,23,2.000000000000) (24,24,1.000000000000) (25,25,1.000000000000) (26,26,2.000000000000) 
v0:
size: 27 1
(0,0,-0.935338215141) (1,0,0.588097282499) (2,0,0.000000000000) (3,0,0.960685210778) (4,0,0.406168781930) (5,0,0.000000000000) (6,0,-0.048096781446) (7,0,0.845675015041) (8,0,0.000000000000) (9,0,-0.790392319328) (10,0,-0.118542222337) (11,0,0.000000000000) (12,0,0.851030288388) (13,0,0.726991865441) (14,0,0.000000000000) (15,0,0.499101450366) (16,0,-0.296811530638) (17,0,0.000000000000) (18,0,0.325334737900) (19,0,0.838477341454) (20,0,0.000000000000) (21,0,0.315441644978) (22,0,0.903028477095) (23,0,0.000000000000) (24,0,-0.668427415122) (25,0,-0.314429576413) (26,0,0.000000000000) 
ipopt_sol:
size: 15 1
(0,0,0.362454749009) (1,0,0.740645884716) (2,0,0.000000000000) (3,0,1.258688918275) (4,0,0.000000000000) (5,0,0.000000000000) (6,0,0.000000000000) (7,0,0.428243741004) (8,0,0.462638462927) (9,0,0.057383343954) (10,0,0.799766555920) (11,0,0.096850739156) (12,0,1.293542803410) (13,0,0.340441755432) (14,0,0.728517685214) 
policy_sol:
size: 15 1
(0,0,0.362454746581) (1,0,0.740645874980) (2,0,0.000000000000) (3,0,1.258688901729) (4,0,0.000000000000) (5,0,0.000000000000) (6,0,0.000000000000) (7,0,0.371328856371) (8,0,0.462638470772) (9,0,0.000000000000) (10,0,0.880772949929) (11,0,0.177247058206) (12,0,1.236739498207) (13,0,0.340441749595) (14,0,0.671357985008) 

policy_converges:
1
ipopt_converges:
0
