solve status: 0
N:
size: 27 15
(0,0,0.004312456248) (1,0,-0.999990701317) (3,0,-0.004312456248) (4,0,0.999990701317) (0,1,-0.000053248244) (1,1,-0.999999998582) (6,1,0.000053248244) (7,1,0.999999998582) (0,2,-0.999995411800) (1,2,-0.003029253947) (9,2,0.999995411800) (10,2,0.003029253947) (0,3,-0.707323158871) (1,3,-0.706890337269) (12,3,0.707323158871) (13,3,0.706890337269) (0,4,-0.999998395305) (1,4,0.001791476448) (18,4,0.999998395305) (19,4,-0.001791476448) (3,5,-0.004420570983) (4,5,-0.999990229228) (6,5,0.004420570983) (7,5,0.999990229228) (3,6,-0.707184667989) (4,6,0.707028885804) (9,6,0.707184667989) (10,6,-0.707028885804) (3,7,-0.999999964697) (4,7,0.000265718224) (12,7,0.999999964697) (13,7,-0.000265718224) (3,8,-0.705405991402) (4,8,-0.708803489900) (15,8,0.705405991402) (16,8,0.708803489900) (3,9,-0.999997933559) (4,9,-0.002032948193) (21,9,0.999997933559) (22,9,0.002032948193) (9,10,-0.007470008466) (10,10,-0.999972099098) (12,10,0.007470008466) (13,10,0.999972099098) (9,11,-0.002495283584) (10,11,-0.999996886775) (15,11,0.002495283584) (16,11,0.999996886775) (9,12,-0.999978610973) (10,12,0.006540458363) (18,12,0.999978610973) (19,12,-0.006540458363) (12,13,-0.706086754652) (13,13,0.708125338415) (18,13,0.706086754652) (19,13,-0.708125338415) (15,14,-0.706839804554) (16,14,0.707373657057) (21,14,0.706839804554) (22,14,-0.707373657057) 
Q:
size: 15 15
(0,0,2.000000000000) (1,0,0.999990470269) (2,0,-0.001283210682) (3,0,0.703833463945) (4,0,-0.006103909118) (5,0,-0.999961867118) (6,0,0.710072014306) (7,0,0.004578171849) (8,0,-0.705754866486) (9,0,0.002279518047) (0,1,0.999990470269) (1,1,2.000000000000) (2,1,0.003082501942) (3,1,0.706927999983) (4,1,-0.001738228287) (5,1,0.999990463198) (0,2,-0.001283210682) (1,2,0.003082501942) (2,2,2.000000000000) (3,2,0.709461263875) (4,2,0.999988380275) (6,2,0.705039653241) (10,2,-0.010499143621) (11,2,-0.005524516651) (12,2,-0.999954210162) (0,3,0.703833463945) (1,3,0.706927999983) (2,3,0.709461263875) (3,3,2.000000000000) (4,3,0.706055646442) (7,3,0.707135300255) (10,3,0.712154324376) (13,3,0.001135445563) (0,4,-0.006103909118) (1,4,-0.001738228287) (2,4,0.999988380275) (3,4,0.706055646442) (4,4,2.000000000000) (12,4,0.999988723390) (13,4,0.707354211464) (0,5,-0.999961867118) (1,5,0.999990463198) (5,5,2.000000000000) (6,5,-0.703895817563) (7,5,0.004154855199) (8,5,0.711914861599) (9,5,0.006453490178) (0,6,0.710072014306) (2,6,0.705039653241) (5,6,-0.703895817563) (6,6,2.000000000000) (7,6,0.707372513484) (8,6,-0.002292239890) (9,6,0.705745853538) (10,6,0.701726483602) (11,6,0.705262058371) (12,6,-0.711793834987) (0,7,0.004578171849) (3,7,0.707135300255) (5,7,0.004154855199) (6,7,0.707372513484) (7,7,2.000000000000) (8,7,0.705217624495) (9,7,0.999997358064) (10,7,0.007204297392) (13,7,-0.706274891533) (0,8,-0.705754866486) (5,8,0.711914861599) (6,8,-0.002292239890) (7,8,0.705217624495) (8,8,2.000000000000) (9,8,0.706845494496) (11,8,0.710561471225) (14,8,0.002779883691) (0,9,0.002279518047) (5,9,0.006453490178) (6,9,0.705745853538) (7,9,0.999997358064) (8,9,0.706845494496) (9,9,2.000000000000) (14,9,0.705400289914) (2,10,-0.010499143621) (3,10,0.712154324376) (6,10,0.701726483602) (7,10,0.007204297392) (10,10,2.000000000000) (11,10,0.999987625749) (12,10,0.000929572812) (13,10,0.702831107043) (2,11,-0.005524516651) (6,11,0.705262058371) (8,11,0.710561471225) (10,11,0.999987625749) (11,11,2.000000000000) (12,11,-0.004045207789) (14,11,0.705607689082) (2,12,-0.999954210162) (4,12,0.999988723390) (6,12,-0.711793834987) (10,12,0.000929572812) (11,12,-0.004045207789) (12,12,2.000000000000) (13,12,0.710703116436) (3,13,0.001135445563) (4,13,0.707354211464) (7,13,-0.706274891533) (10,13,0.702831107043) (12,13,0.710703116436) (13,13,2.000000000000) (8,14,0.002779883691) (9,14,0.705400289914) (11,14,0.705607689082) (14,14,2.000000000000) 
Minv:
size: 27 27
(0,0,1.000000000000) (1,1,1.000000000000) (2,2,2.000000000000) (3,3,1.000000000000) (4,4,1.000000000000) (5,5,2.000000000000) (6,6,1.000000000000) (7,7,1.000000000000) (8,8,2.000000000000) (9,9,1.000000000000) (10,10,1.000000000000) (11,11,2.000000000000) (12,12,1.000000000000) (13,13,1.000000000000) (14,14,2.000000000000) (15,15,1.000000000000) (16,16,1.000000000000) (17,17,2.000000000000) (18,18,1.000000000000) (19,19,1.000000000000) (20,20,2.000000000000) (21,21,1.000000000000) (22,22,1.000000000000) (23,23,2.000000000000) (24,24,1.000000000000) (25,25,1.000000000000) (26,26,2.000000000000) 
v0:
size: 27 1
(0,0,-0.034828968599) (1,0,-0.024274556871) (2,0,0.000000000000) (3,0,0.936168027062) (4,0,-0.726890047580) (5,0,0.000000000000) (6,0,-0.889970454949) (7,0,-0.899664479749) (8,0,0.000000000000) (9,0,-0.288434488446) (10,0,0.385731387569) (11,0,0.000000000000) (12,0,-0.408482125991) (13,0,-0.437359107185) (14,0,0.000000000000) (15,0,-0.304591586956) (16,0,-0.349470693097) (17,0,0.000000000000) (18,0,-0.867809745599) (19,0,-0.517306786711) (20,0,0.000000000000) (21,0,-0.028675406186) (22,0,0.576695406242) (23,0,0.000000000000) (24,0,0.607189210217) (25,0,0.638786355038) (26,0,0.000000000000) 
ipopt_sol:
size: 15 1
(0,0,0.644292658190) (1,0,0.000000000000) (2,0,0.000000000000) (3,0,0.000000000000) (4,0,0.258157940017) (5,0,1.113897174561) (6,0,1.987937282750) (7,0,0.550620864141) (8,0,0.246065065360) (9,0,0.000000000000) (10,0,0.123951409532) (11,0,0.000000000000) (12,0,1.151822205634) (13,0,0.000000000000) (14,0,0.459774952366) 
policy_sol:
size: 15 1
(0,0,1.145732329654) (1,0,0.000000000000) (2,0,0.000000000000) (3,0,0.000000000000) (4,0,0.835592907698) (5,0,0.621780533896) (6,0,0.000000000000) (7,0,1.209681505873) (8,0,0.363515599798) (9,0,0.000000000000) (10,0,0.819606833996) (11,0,0.000000000000) (12,0,0.000000000000) (13,0,0.000000000000) (14,0,0.459611695899) 

policy_converges:
0
ipopt_converges:
0
