solve status: 0
N:
size: 27 15
(0,0,0.002277516130) (1,0,-0.999997406457) (6,0,-0.002277516130) (7,0,0.999997406457) (3,1,0.004926326111) (4,1,-0.999987865582) (6,1,-0.004926326111) (7,1,0.999987865582) (3,2,-0.999992897763) (4,2,0.003768875577) (12,2,0.999992897763) (13,2,-0.003768875577) (3,3,-0.706713061582) (4,3,-0.707500281688) (15,3,0.706713061582) (16,3,0.707500281688) (3,4,-0.999999887386) (4,4,0.000474581958) (21,4,0.999999887386) (22,4,-0.000474581958) (6,5,-0.709068522546) (7,5,0.705139582164) (12,5,0.709068522546) (13,5,-0.705139582164) (6,6,-0.999997724717) (7,6,-0.002133204270) (24,6,0.999997724717) (25,6,0.002133204270) (9,7,-0.707305392047) (10,7,-0.706908114525) (21,7,0.707305392047) (22,7,0.706908114525) (12,8,-0.000279904846) (13,8,-0.999999960827) (15,8,0.000279904846) (16,8,0.999999960827) (12,9,-0.999995990749) (13,9,-0.002831692990) (21,9,0.999995990749) (22,9,0.002831692990) (12,10,-0.705584104921) (13,10,-0.708626185576) (24,10,0.705584104921) (25,10,0.708626185576) (15,11,-0.704894192068) (16,11,0.709312468513) (21,11,0.704894192068) (22,11,-0.709312468513) (15,12,-0.999998792196) (16,12,0.001554222083) (24,12,0.999998792196) (25,12,-0.001554222083) (18,13,0.001001967140) (19,13,-0.999999498031) (21,13,-0.001001967140) (22,13,0.999999498031) (21,14,-0.002920199883) (22,14,-0.999995736207) (24,14,0.002920199883) (25,14,0.999995736207) 
Q:
size: 15 15
(0,0,2.000000000000) (1,0,0.999996491857) (5,0,0.706752668351) (6,0,0.000144312210) (0,1,0.999996491857) (1,1,2.000000000000) (2,1,-0.008695120967) (3,1,0.704010197576) (4,1,-0.005400901755) (5,1,0.708624128482) (6,1,0.002793136517) (1,2,-0.008695120967) (2,2,2.000000000000) (3,2,0.704041561806) (4,2,0.999994573790) (5,2,0.711721069924) (8,2,0.003488972572) (9,2,-0.999978216243) (10,2,-0.702908369771) (1,3,0.704010197576) (2,3,0.704041561806) (3,3,2.000000000000) (4,3,0.706377215128) (8,3,0.707698066384) (11,3,0.003680838710) (12,3,-0.705612595450) (1,4,-0.005400901755) (2,4,0.999994573790) (3,4,0.706377215128) (4,4,2.000000000000) (7,4,0.706969826558) (9,4,0.999994534265) (11,4,0.705230739587) (13,4,-0.001476548747) (14,4,-0.002445619619) (0,5,0.706752668351) (1,5,0.708624128482) (2,5,0.711721069924) (5,5,2.000000000000) (6,5,0.707562702447) (8,5,0.704941082825) (9,5,-0.707068940901) (10,5,-0.000627106401) (0,6,0.000144312210) (1,6,0.002793136517) (5,6,0.707562702447) (6,6,2.000000000000) (10,6,0.707094143922) (12,6,0.999993201443) (14,6,0.005053388413) (4,7,0.706969826558) (7,7,2.000000000000) (9,7,0.709304303035) (11,7,-0.002843276853) (13,7,0.706199062918) (14,7,-0.708970573538) (2,8,0.003488972572) (3,8,0.707698066384) (5,8,0.704941082825) (8,8,2.000000000000) (9,8,0.003111596603) (10,8,0.708823654227) (11,8,0.709115137427) (12,8,0.001274317514) (2,9,-0.999978216243) (4,9,0.999994534265) (5,9,-0.707068940901) (7,9,0.709304303035) (8,9,0.003111596603) (9,9,2.000000000000) (10,9,0.707587887859) (11,9,0.702882810826) (13,9,0.001829728446) (14,9,-0.005751869092) (2,10,-0.702908369771) (5,10,-0.000627106401) (6,10,0.707094143922) (8,10,0.708823654227) (9,10,0.707587887859) (10,10,2.000000000000) (12,10,0.704481890247) (14,10,0.710683610761) (3,11,0.003680838710) (4,11,0.705230739587) (7,11,-0.002843276853) (8,11,0.709115137427) (9,11,0.702882810826) (11,11,2.000000000000) (12,11,0.705995769796) (13,11,-0.710018393278) (14,11,0.707251012215) (3,12,-0.705612595450) (6,12,0.999993201443) (8,12,0.001274317514) (10,12,0.704481890247) (11,12,0.705995769796) (12,12,2.000000000000) (14,12,0.001365980900) (4,13,-0.001476548747) (7,13,0.706199062918) (9,13,0.001829728446) (11,13,-0.710018393278) (13,13,2.000000000000) (14,13,-0.999992308296) (4,14,-0.002445619619) (6,14,0.005053388413) (7,14,-0.708970573538) (9,14,-0.005751869092) (10,14,0.710683610761) (11,14,0.707251012215) (12,14,0.001365980900) (13,14,-0.999992308296) (14,14,2.000000000000) 
Minv:
size: 27 27
(0,0,1.000000000000) (1,1,1.000000000000) (2,2,2.000000000000) (3,3,1.000000000000) (4,4,1.000000000000) (5,5,2.000000000000) (6,6,1.000000000000) (7,7,1.000000000000) (8,8,2.000000000000) (9,9,1.000000000000) (10,10,1.000000000000) (11,11,2.000000000000) (12,12,1.000000000000) (13,13,1.000000000000) (14,14,2.000000000000) (15,15,1.000000000000) (16,16,1.000000000000) (17,17,2.000000000000) (18,18,1.000000000000) (19,19,1.000000000000) (20,20,2.000000000000) (21,21,1.000000000000) (22,22,1.000000000000) (23,23,2.000000000000) (24,24,1.000000000000) (25,25,1.000000000000) (26,26,2.000000000000) 
v0:
size: 27 1
(0,0,-0.904421493111) (1,0,-0.266911027901) (2,0,0.000000000000) (3,0,0.408338866258) (4,0,0.152602368166) (5,0,0.000000000000) (6,0,-0.453826882731) (7,0,-0.742631429912) (8,0,0.000000000000) (9,0,-0.182152222630) (10,0,-0.848203011002) (11,0,0.000000000000) (12,0,0.080176765795) (13,0,0.879830692880) (14,0,0.000000000000) (15,0,0.805684485219) (16,0,-0.263476887156) (17,0,0.000000000000) (18,0,0.000998579415) (19,0,-0.189773140745) (20,0,0.000000000000) (21,0,-0.860059011787) (22,0,-0.298627191472) (23,0,0.000000000000) (24,0,-0.961148570600) (25,0,-0.536259516965) (26,0,0.000000000000) 
ipopt_sol:
size: 15 1
(0,0,0.000000000000) (1,0,0.806125702618) (2,0,1.233058740446) (3,0,0.000000000000) (4,0,0.000000000000) (5,0,0.254608120187) (6,0,0.000000000000) (7,0,0.000000000000) (8,0,0.711085790585) (9,0,1.312309162929) (10,0,0.951357635026) (11,0,0.000000000000) (12,0,1.430846775002) (13,0,0.106790654946) (14,0,0.000000000000) 
policy_sol:
size: 15 1
(0,0,0.000000000000) (1,0,0.806125695369) (2,0,1.233058721244) (3,0,0.000000000000) (4,0,0.000000000000) (5,0,0.254608116406) (6,0,0.000000000000) (7,0,0.000000000000) (8,0,0.711085786005) (9,0,1.312309141076) (10,0,0.951357631920) (11,0,0.000000000000) (12,0,1.430846771091) (13,0,0.106790659991) (14,0,0.000000000000) 

policy_converges:
1
ipopt_converges:
0
