solve status: 0
N:
size: 27 10
(9,0,-0.999999423362) (10,0,0.001073906950) (18,0,0.999999423362) (19,0,-0.001073906950) (12,1,-0.000329187410) (13,1,-0.999999945818) (15,1,0.000329187410) (16,1,0.999999945818) (12,2,-0.705865687246) (13,2,0.708345700607) (18,2,0.705865687246) (19,2,-0.708345700607) (12,3,-0.999995795882) (13,3,-0.002899692711) (21,3,0.999995795882) (22,3,0.002899692711) (12,4,-0.708167220158) (13,4,-0.706044749498) (24,4,0.708167220158) (25,4,0.706044749498) (15,5,-0.710395198665) (16,5,0.703802999222) (21,5,0.710395198665) (22,5,-0.703802999222) (15,6,-0.999980288595) (16,6,-0.006278727653) (24,6,0.999980288595) (25,6,0.006278727653) (18,7,-0.001150654753) (19,7,-0.999999337997) (21,7,0.001150654753) (22,7,0.999999337997) (18,8,-0.001873591797) (19,8,-0.999998244825) (24,8,0.001873591797) (25,8,0.999998244825) (21,9,-0.002602736831) (22,9,-0.999996612875) (24,9,0.002602736831) (25,9,0.999996612875) 
Q:
size: 10 10
(0,0,2.000000000000) (2,0,0.706625977587) (7,0,-0.000076747851) (8,0,-0.000799685652) (1,1,2.000000000000) (2,1,-0.708113300131) (3,1,0.003228878580) (4,1,0.706277830976) (5,1,0.703569107933) (6,1,-0.006607908234) (0,2,0.706625977587) (1,2,-0.708113300131) (2,2,2.000000000000) (3,2,0.703808734838) (4,2,-0.000252821202) (7,2,0.707533023972) (8,2,0.707021953176) (1,3,0.003228878580) (2,3,0.703808734838) (3,3,2.000000000000) (4,3,0.710211555753) (5,3,0.708351399653) (7,3,0.004050340707) (9,3,-0.005502408779) (1,4,0.706277830976) (2,4,-0.000252821202) (3,4,0.710211555753) (4,4,2.000000000000) (6,4,0.712586323880) (8,4,0.707370326561) (9,4,0.707885530943) (1,5,0.703569107933) (3,5,0.708351399653) (5,5,2.000000000000) (6,5,0.705962208424) (7,5,-0.702985113690) (9,5,0.701951643605) (1,6,-0.006607908234) (4,6,0.712586323880) (5,6,0.705962208424) (6,6,2.000000000000) (8,6,0.008152271499) (9,6,0.008881391914) (0,7,-0.000076747851) (2,7,0.707533023972) (3,7,0.004050340707) (5,7,-0.702985113690) (7,7,2.000000000000) (8,7,0.999999738680) (9,7,-0.999998945725) (0,8,-0.000799685652) (2,8,0.707021953176) (4,8,0.707370326561) (6,8,0.008152271499) (7,8,0.999999738680) (8,8,2.000000000000) (9,8,0.999999734172) (3,9,-0.005502408779) (4,9,0.707885530943) (5,9,0.701951643605) (6,9,0.008881391914) (7,9,-0.999998945725) (8,9,0.999999734172) (9,9,2.000000000000) 
Minv:
size: 27 27
(0,0,1.000000000000) (1,1,1.000000000000) (2,2,2.000000000000) (3,3,1.000000000000) (4,4,1.000000000000) (5,5,2.000000000000) (6,6,1.000000000000) (7,7,1.000000000000) (8,8,2.000000000000) (9,9,1.000000000000) (10,10,1.000000000000) (11,11,2.000000000000) (12,12,1.000000000000) (13,13,1.000000000000) (14,14,2.000000000000) (15,15,1.000000000000) (16,16,1.000000000000) (17,17,2.000000000000) (18,18,1.000000000000) (19,19,1.000000000000) (20,20,2.000000000000) (21,21,1.000000000000) (22,22,1.000000000000) (23,23,2.000000000000) (24,24,1.000000000000) (25,25,1.000000000000) (26,26,2.000000000000) 
v0:
size: 27 1
(0,0,-0.869565373327) (1,0,-0.089148013490) (2,0,0.000000000000) (3,0,-0.694376596308) (4,0,0.607876016070) (5,0,0.000000000000) (6,0,-0.627984111598) (7,0,0.622615213960) (8,0,0.000000000000) (9,0,-0.242961440937) (10,0,-0.378740512425) (11,0,0.000000000000) (12,0,0.229921849795) (13,0,0.861977098276) (14,0,0.000000000000) (15,0,0.741676449543) (16,0,-0.353346637218) (17,0,0.000000000000) (18,0,-0.536815519331) (19,0,0.410497035450) (20,0,0.000000000000) (21,0,-0.047994177591) (22,0,-0.374507917415) (23,0,0.000000000000) (24,0,0.375085144620) (25,0,-0.394634729491) (26,0,0.000000000000) 
ipopt_sol:
size: 10 1
(0,0,0.244526017044) (1,0,1.146692224255) (2,0,0.142295064107) (3,0,0.108257334847) (4,0,0.107847560258) (5,0,0.231407194245) (6,0,0.248770415093) (7,0,0.853228250777) (8,0,0.166298050013) (9,0,0.242293182866) 
policy_sol:
size: 10 1
(0,0,0.244526017044) (1,0,1.039233605640) (2,0,0.142433271275) (3,0,0.000000000000) (4,0,0.260628845477) (5,0,0.383128122934) (6,0,0.140951096521) (7,0,0.718031356748) (8,0,0.301397193210) (9,0,0.000000000000) 

policy_converges:
1
ipopt_converges:
0
