solve status: 0
N:
size: 27 13
(0,0,-0.999999153670) (1,0,-0.001301022524) (9,0,0.999999153670) (10,0,0.001301022524) (3,1,-0.709627526624) (4,1,0.704577017406) (9,1,0.709627526624) (10,1,-0.704577017406) (3,2,-0.708773333461) (4,2,-0.705436291790) (15,2,0.708773333461) (16,2,0.705436291790) (3,3,-0.999993284608) (4,3,-0.003664797357) (21,3,0.999993284608) (22,3,0.003664797357) (6,4,-0.999999030795) (7,4,-0.001392267333) (24,4,0.999999030795) (25,4,0.001392267333) (9,5,-0.000177880214) (10,5,-0.999999984179) (12,5,0.000177880214) (13,5,0.999999984179) (9,6,-0.002262319976) (10,6,-0.999997440951) (15,6,0.002262319976) (16,6,0.999997440951) (9,7,-0.707608602790) (10,7,-0.706604603196) (21,7,0.707608602790) (22,7,0.706604603196) (12,8,-0.004353467855) (13,8,-0.999990523614) (15,8,0.004353467855) (16,8,0.999990523614) (12,9,-0.999997408180) (13,9,-0.002276759175) (21,9,0.999997408180) (22,9,0.002276759175) (12,10,-0.708826406741) (13,10,-0.705382963436) (24,10,0.708826406741) (25,10,0.705382963436) (15,11,-0.708771200824) (16,11,0.705438434509) (21,11,0.708771200824) (22,11,-0.705438434509) (15,12,-0.999997993694) (16,12,-0.002003149396) (24,12,0.999997993694) (25,12,0.002003149396) 
Q:
size: 13 13
(0,0,2.000000000000) (1,0,0.708710255475) (5,0,-0.001478902568) (6,0,-0.003563337256) (7,0,-0.708527312424) (0,1,0.708710255475) (1,1,2.000000000000) (2,1,0.005930869122) (3,1,0.707040629206) (5,1,0.704450777563) (6,1,0.702969809830) (7,1,-0.004281178810) (1,2,0.005930869122) (2,2,2.000000000000) (3,2,0.711353854828) (6,2,0.707037958614) (8,2,0.708515228726) (11,2,-0.004716253343) (12,2,-0.710185005727) (1,3,0.707040629206) (2,3,0.711353854828) (3,3,2.000000000000) (7,3,0.710193413602) (9,3,0.999999036667) (11,3,0.706181152237) (4,4,2.000000000000) (10,4,0.709807801401) (12,4,0.999999813411) (0,5,-0.001478902568) (1,5,0.704450777563) (5,5,2.000000000000) (6,5,0.999997827552) (7,5,0.706730461587) (8,5,-0.999991282189) (9,5,-0.002454638892) (10,5,-0.705509038470) (0,6,-0.003563337256) (1,6,0.702969809830) (2,6,0.707037958614) (5,6,0.999997827552) (6,6,2.000000000000) (7,6,0.708203632038) (8,6,0.999997813526) (11,6,0.703833162011) (12,6,-0.004265459706) (0,7,-0.708527312424) (1,7,-0.004281178810) (3,7,0.710193413602) (5,7,0.706730461587) (6,7,0.708203632038) (7,7,2.000000000000) (9,7,0.709215537309) (11,7,0.003066554017) (2,8,0.708515228726) (5,8,-0.999991282189) (6,8,0.999997813526) (8,8,2.000000000000) (9,8,0.006630194171) (10,8,0.708462131931) (11,8,0.702346136863) (12,8,-0.006356589533) (3,9,0.999999036667) (5,9,-0.002454638892) (7,9,0.709215537309) (8,9,0.006630194171) (9,9,2.000000000000) (10,9,0.710430556725) (11,9,0.707163250389) (4,10,0.709807801401) (5,10,-0.705509038470) (8,10,0.708462131931) (9,10,0.710430556725) (10,10,2.000000000000) (12,10,0.710237972076) (2,11,-0.004716253343) (3,11,0.706181152237) (6,11,0.703833162011) (7,11,0.003066554017) (8,11,0.702346136863) (9,11,0.707163250389) (11,11,2.000000000000) (12,11,0.707356680238) (2,12,-0.710185005727) (4,12,0.999999813411) (6,12,-0.004265459706) (8,12,-0.006356589533) (10,12,0.710237972076) (11,12,0.707356680238) (12,12,2.000000000000) 
Minv:
size: 27 27
(0,0,1.000000000000) (1,1,1.000000000000) (2,2,2.000000000000) (3,3,1.000000000000) (4,4,1.000000000000) (5,5,2.000000000000) (6,6,1.000000000000) (7,7,1.000000000000) (8,8,2.000000000000) (9,9,1.000000000000) (10,10,1.000000000000) (11,11,2.000000000000) (12,12,1.000000000000) (13,13,1.000000000000) (14,14,2.000000000000) (15,15,1.000000000000) (16,16,1.000000000000) (17,17,2.000000000000) (18,18,1.000000000000) (19,19,1.000000000000) (20,20,2.000000000000) (21,21,1.000000000000) (22,22,1.000000000000) (23,23,2.000000000000) (24,24,1.000000000000) (25,25,1.000000000000) (26,26,2.000000000000) 
v0:
size: 27 1
(0,0,-0.865765776992) (1,0,-0.718103144741) (2,0,0.000000000000) (3,0,0.117196954704) (4,0,-0.188181349925) (5,0,0.000000000000) (6,0,-0.110794752815) (7,0,0.701972877150) (8,0,0.000000000000) (9,0,-0.900402336797) (10,0,0.378990453106) (11,0,0.000000000000) (12,0,0.539263998063) (13,0,-0.623571262292) (14,0,0.000000000000) (15,0,0.749027894567) (16,0,-0.950953964042) (17,0,0.000000000000) (18,0,0.802441926613) (19,0,-0.914386452096) (20,0,0.000000000000) (21,0,-0.099400047716) (22,0,-0.729872390790) (23,0,0.000000000000) (24,0,-0.701849768551) (25,0,-0.117954272509) (26,0,0.000000000000) 
ipopt_sol:
size: 13 1
(0,0,0.000000000000) (1,0,0.723839331851) (2,0,0.383960000205) (3,0,0.000000000000) (4,0,0.000000000000) (5,0,1.126422934720) (6,0,0.000000000000) (7,0,0.000000000000) (8,0,0.756584896087) (9,0,0.637778756569) (10,0,0.000000000000) (11,0,0.000000000000) (12,0,1.587952108739) 
policy_sol:
size: 13 1
(0,0,0.000000000000) (1,0,0.723839324707) (2,0,0.383959993035) (3,0,0.000000000000) (4,0,0.000000000000) (5,0,1.126422925076) (6,0,0.000000000000) (7,0,0.000000000000) (8,0,0.756584881773) (9,0,0.637778740971) (10,0,0.000000000000) (11,0,0.000000000000) (12,0,1.587952094081) 

policy_converges:
1
ipopt_converges:
0
