solve status: 0
N:
size: 27 15
(0,0,0.004771789229) (1,0,-0.999988614949) (3,0,-0.004771789229) (4,0,0.999988614949) (0,1,0.000928050118) (1,1,-0.999999569361) (6,1,-0.000928050118) (7,1,0.999999569361) (0,2,-0.999999515099) (1,2,-0.000984784938) (9,2,0.999999515099) (10,2,0.000984784938) (0,3,-0.702883329677) (1,3,-0.711305155937) (12,3,0.702883329677) (13,3,0.711305155937) (0,4,-0.999995967759) (1,4,-0.002839800325) (18,4,0.999995967759) (19,4,0.002839800325) (3,5,-0.704409511420) (4,5,0.709793801199) (9,5,0.704409511420) (10,5,-0.709793801199) (3,6,-0.999997075658) (4,6,0.002418403374) (21,6,0.999997075658) (22,6,-0.002418403374) (6,7,-0.707865497039) (7,7,0.706347250367) (12,7,0.707865497039) (13,7,-0.706347250367) (6,8,-0.999999991193) (7,8,0.000132715311) (24,8,0.999999991193) (25,8,-0.000132715311) (12,9,-0.007185643072) (13,9,-0.999974182934) (15,9,0.007185643072) (16,9,0.999974182934) (12,10,-0.999985280140) (13,10,0.005425818129) (21,10,0.999985280140) (22,10,-0.005425818129) (12,11,-0.711658546335) (13,11,-0.702525525108) (24,11,0.711658546335) (25,11,0.702525525108) (15,12,-0.704562543228) (16,12,0.709641897495) (21,12,0.704562543228) (22,12,-0.709641897495) (15,13,-0.999984179372) (16,13,0.005625033919) (24,13,0.999984179372) (25,13,-0.005625033919) (21,14,-0.001857083192) (22,14,-0.999998275620) (24,14,0.001857083192) (25,14,0.999998275620) 
Q:
size: 15 15
(0,0,2.000000000000) (1,0,0.999992612775) (2,0,-0.003787013189) (3,0,0.707943046590) (4,0,-0.001932001995) (5,0,0.713147013880) (6,0,0.007190151115) (0,1,0.999992612775) (1,1,2.000000000000) (2,1,0.000056734846) (3,1,0.710652538665) (4,1,0.001911752726) (7,1,0.707003880845) (8,1,0.001060765364) (0,2,-0.003787013189) (1,2,0.000056734846) (2,2,2.000000000000) (3,2,0.703583471452) (4,2,0.999998279453) (5,2,0.703710175607) (0,3,0.707943046590) (1,3,0.710652538665) (2,3,0.703583471452) (3,3,2.000000000000) (4,3,0.704900460095) (7,3,-0.004881583546) (9,3,-0.716337460853) (10,3,-0.699013570922) (11,3,-0.999922956828) (0,4,-0.001932001995) (1,4,0.001911752726) (2,4,0.999998279453) (3,4,0.704900460095) (4,4,2.000000000000) (0,5,0.713147013880) (2,5,0.703710175607) (5,5,2.000000000000) (6,5,0.706124019210) (0,6,0.007190151115) (5,6,0.706124019210) (6,6,2.000000000000) (10,6,0.999995477659) (12,6,0.706276683206) (14,6,0.000561321442) (1,7,0.707003880845) (3,7,-0.004881583546) (7,7,2.000000000000) (8,7,0.707959233901) (9,7,0.701242545748) (10,7,-0.711687589075) (11,7,-0.007531557650) (1,8,0.001060765364) (7,8,0.707959233901) (8,8,2.000000000000) (11,8,0.711565304174) (13,8,0.999984917093) (14,8,0.001724368093) (3,9,-0.716337460853) (7,9,0.701242545748) (9,9,2.000000000000) (10,9,0.001759859250) (11,9,0.707621112263) (12,9,0.704560841665) (13,9,-0.001560640693) (3,10,-0.699013570922) (6,10,0.999995477659) (7,10,-0.711687589075) (9,10,0.001759859250) (10,10,2.000000000000) (11,10,0.707836295091) (12,10,0.708402560039) (14,10,0.003568752917) (3,11,-0.999922956828) (7,11,-0.007531557650) (8,11,0.711565304174) (9,11,0.707621112263) (10,11,0.707836295091) (11,11,2.000000000000) (13,11,0.707695557541) (14,11,0.703845922812) (6,12,0.706276683206) (9,12,0.704560841665) (10,12,0.708402560039) (12,12,2.000000000000) (13,12,0.708543156350) (14,12,0.708332242545) (8,13,0.999984917093) (9,13,-0.001560640693) (11,13,0.707695557541) (12,13,0.708543156350) (13,13,2.000000000000) (14,13,-0.003767970408) (6,14,0.000561321442) (8,14,0.001724368093) (10,14,0.003568752917) (11,14,0.703845922812) (12,14,0.708332242545) (13,14,-0.003767970408) (14,14,2.000000000000) 
Minv:
size: 27 27
(0,0,1.000000000000) (1,1,1.000000000000) (2,2,2.000000000000) (3,3,1.000000000000) (4,4,1.000000000000) (5,5,2.000000000000) (6,6,1.000000000000) (7,7,1.000000000000) (8,8,2.000000000000) (9,9,1.000000000000) (10,10,1.000000000000) (11,11,2.000000000000) (12,12,1.000000000000) (13,13,1.000000000000) (14,14,2.000000000000) (15,15,1.000000000000) (16,16,1.000000000000) (17,17,2.000000000000) (18,18,1.000000000000) (19,19,1.000000000000) (20,20,2.000000000000) (21,21,1.000000000000) (22,22,1.000000000000) (23,23,2.000000000000) (24,24,1.000000000000) (25,25,1.000000000000) (26,26,2.000000000000) 
v0:
size: 27 1
(0,0,0.121631436046) (1,0,0.991930195892) (2,0,0.000000000000) (3,0,0.040632236703) (4,0,-0.885324837541) (5,0,0.000000000000) (6,0,-0.028120940549) (7,0,-0.379696405886) (8,0,0.000000000000) (9,0,-0.734412329055) (10,0,-0.246583480907) (11,0,0.000000000000) (12,0,0.482369138633) (13,0,0.327816742196) (14,0,0.000000000000) (15,0,0.420767023283) (16,0,-0.149278579157) (17,0,0.000000000000) (18,0,-0.159964337156) (19,0,-0.822261853792) (20,0,0.000000000000) (21,0,-0.631378763642) (22,0,0.832204926324) (23,0,0.000000000000) (24,0,-0.437986065489) (25,0,0.763699197890) (26,0,0.000000000000) 
ipopt_sol:
size: 15 1
(0,0,1.559773968411) (1,0,0.522853535000) (2,0,0.803787828310) (3,0,0.000000000000) (4,0,0.000000000000) (5,0,0.160332512078) (6,0,0.000000000000) (7,0,0.194274689359) (8,0,0.099923882645) (9,0,0.079023625879) (10,0,0.853720542964) (11,0,0.000000000000) (12,0,0.936782600304) (13,0,0.482100063017) (14,0,0.000000000000) 
policy_sol:
size: 15 1
(0,0,1.559773966199) (1,0,0.522853532050) (2,0,0.803787819686) (3,0,0.000000000000) (4,0,0.000000000000) (5,0,0.160332512370) (6,0,0.000000000000) (7,0,0.194274690762) (8,0,0.099923877713) (9,0,0.079023628210) (10,0,0.853720541191) (11,0,0.000000000000) (12,0,0.936782592421) (13,0,0.482100064758) (14,0,0.000000000000) 

policy_converges:
1
ipopt_converges:
0
