solve status: 0
N:
size: 27 18
(0,0,-0.001318549344) (1,0,-0.999999130713) (3,0,0.001318549344) (4,0,0.999999130713) (0,1,-0.004004263974) (1,1,-0.999991982903) (6,1,0.004004263974) (7,1,0.999991982903) (0,2,-0.999984120108) (1,2,0.005635559512) (9,2,0.999984120108) (10,2,-0.005635559512) (0,3,-0.707041539078) (1,3,-0.707172017276) (12,3,0.707041539078) (13,3,0.707172017276) (0,4,-0.999996787681) (1,4,0.002534684840) (18,4,0.999996787681) (19,4,-0.002534684840) (3,5,-0.707651338974) (4,5,0.706561803701) (9,5,0.707651338974) (10,5,-0.706561803701) (3,6,-0.999991991169) (4,6,-0.004002199249) (12,6,0.999991991169) (13,6,0.004002199249) (3,7,-0.709398061119) (4,7,-0.704808052509) (15,7,0.709398061119) (16,7,0.704808052509) (3,8,-0.999999243874) (4,8,-0.001229736362) (21,8,0.999999243874) (22,8,0.001229736362) (6,9,-0.999968271621) (7,9,0.007965911812) (15,9,0.999968271621) (16,9,-0.007965911812) (6,10,-0.999995983269) (7,10,0.002834333369) (24,10,0.999995983269) (25,10,-0.002834333369) (9,11,-0.000612702262) (10,11,-0.999999812298) (15,11,0.000612702262) (16,11,0.999999812298) (12,12,-0.005968507447) (13,12,-0.999982188301) (15,12,0.005968507447) (16,12,0.999982188301) (12,13,-0.707224710189) (13,13,0.706988832513) (18,13,0.707224710189) (19,13,-0.706988832513) (12,14,-0.999998821039) (13,14,0.001535551958) (21,14,0.999998821039) (22,14,-0.001535551958) (12,15,-0.710268746429) (13,15,-0.703930612949) (24,15,0.710268746429) (25,15,0.703930612949) (18,16,0.004299618745) (19,16,-0.999990756597) (21,16,-0.004299618745) (22,16,0.999990756597) (18,17,0.000110267978) (19,17,-0.999999993920) (24,17,-0.000110267978) (25,17,0.999999993920) 
Q:
size: 18 18
(0,0,2.000000000000) (1,0,0.999996393443) (2,0,-0.004317026208) (3,0,0.708103671698) (4,0,-0.001216137529) (5,0,0.705628116287) (6,0,-0.005320734553) (7,0,-0.705742816176) (8,0,-0.002548283640) (0,1,0.999996393443) (1,1,2.000000000000) (2,1,-0.001631313945) (3,1,0.709997528772) (4,1,0.001469586592) (9,1,0.003961711023) (10,1,-0.001169937244) (0,2,-0.004317026208) (1,2,-0.001631313945) (2,2,2.000000000000) (3,2,0.703045001346) (4,2,0.999995192208) (5,2,0.711621972641) (11,2,0.005022865922) (0,3,0.708103671698) (1,3,0.709997528772) (2,3,0.703045001346) (3,3,2.000000000000) (4,3,0.705246809643) (6,3,0.709866119818) (12,3,-0.711379404032) (13,3,-0.000074528686) (14,3,-0.705954806128) (15,3,-0.999989539215) (0,4,-0.001216137529) (1,4,0.001469586592) (2,4,0.999995192208) (3,4,0.705246809643) (4,4,2.000000000000) (13,4,0.709014432234) (16,4,0.006834266344) (17,4,0.002644952449) (0,5,0.705628116287) (2,5,0.711621972641) (5,5,2.000000000000) (6,5,0.704817870393) (7,5,0.004016038973) (8,5,0.706781919158) (11,5,0.706128091501) (0,6,-0.005320734553) (3,6,0.709866119818) (5,6,0.704817870393) (6,6,2.000000000000) (7,6,0.712213161927) (8,6,0.999996156698) (12,6,-0.009970587609) (13,6,-0.704389535971) (14,6,-0.999984666632) (15,6,-0.713080328576) (0,7,-0.705742816176) (5,7,0.004016038973) (6,7,0.712213161927) (7,7,2.000000000000) (8,7,0.710264252815) (9,7,0.703761114278) (11,7,0.705242570011) (12,7,0.709029546290) (0,8,-0.002548283640) (5,8,0.706781919158) (6,8,0.999996156698) (7,8,0.710264252815) (8,8,2.000000000000) (14,8,0.999996176590) (16,8,-0.003069890499) (1,9,0.003961711023) (7,9,0.703761114278) (9,9,2.000000000000) (10,9,0.999986833067) (11,9,-0.007353227495) (12,9,-0.001997451850) (1,10,-0.001169937244) (9,10,0.999986833067) (10,10,2.000000000000) (15,10,0.708270719445) (17,10,-0.002944600887) (2,11,0.005022865922) (5,11,0.706128091501) (7,11,0.705242570011) (9,11,-0.007353227495) (11,11,2.000000000000) (12,11,0.999985657520) (3,12,-0.711379404032) (6,12,-0.009970587609) (7,12,0.709029546290) (9,12,-0.001997451850) (11,12,0.999985657520) (12,12,2.000000000000) (13,12,-0.702755163891) (14,12,0.004432975804) (15,12,0.708157319051) (3,13,-0.000074528686) (4,13,0.709014432234) (6,13,-0.704389535971) (12,13,-0.702755163891) (13,13,2.000000000000) (14,13,0.708309494485) (15,13,0.004648526131) (16,13,0.710023094150) (17,13,0.707066812453) (3,14,-0.705954806128) (6,14,-0.999984666632) (8,14,0.999996176590) (12,14,0.004432975804) (13,14,0.708309494485) (14,14,2.000000000000) (15,14,0.709186987019) (16,14,-0.005835151439) (3,15,-0.999989539215) (6,15,-0.713080328576) (10,15,0.708270719445) (12,15,0.708157319051) (13,15,0.004648526131) (14,15,0.709186987019) (15,15,2.000000000000) (17,15,0.703852288771) (4,16,0.006834266344) (8,16,-0.003069890499) (13,16,0.710023094150) (14,16,-0.005835151439) (16,16,2.000000000000) (17,16,0.999991224627) (4,17,0.002644952449) (10,17,-0.002944600887) (13,17,0.707066812453) (15,17,0.703852288771) (16,17,0.999991224627) (17,17,2.000000000000) 
Minv:
size: 27 27
(0,0,1.000000000000) (1,1,1.000000000000) (2,2,2.000000000000) (3,3,1.000000000000) (4,4,1.000000000000) (5,5,2.000000000000) (6,6,1.000000000000) (7,7,1.000000000000) (8,8,2.000000000000) (9,9,1.000000000000) (10,10,1.000000000000) (11,11,2.000000000000) (12,12,1.000000000000) (13,13,1.000000000000) (14,14,2.000000000000) (15,15,1.000000000000) (16,16,1.000000000000) (17,17,2.000000000000) (18,18,1.000000000000) (19,19,1.000000000000) (20,20,2.000000000000) (21,21,1.000000000000) (22,22,1.000000000000) (23,23,2.000000000000) (24,24,1.000000000000) (25,25,1.000000000000) (26,26,2.000000000000) 
v0:
size: 27 1
(0,0,0.800096533591) (1,0,0.725400867093) (2,0,0.000000000000) (3,0,0.788974735817) (4,0,-0.499781826455) (5,0,0.000000000000) (6,0,0.597757070187) (7,0,0.316405545981) (8,0,0.000000000000) (9,0,-0.526584865019) (10,0,-0.379655401939) (11,0,0.000000000000) (12,0,0.760014351788) (13,0,0.402230706794) (14,0,0.000000000000) (15,0,-0.171161787338) (16,0,-0.843773107597) (17,0,0.000000000000) (18,0,-0.083992229661) (19,0,0.574256881475) (20,0,0.000000000000) (21,0,0.071511215468) (22,0,-0.920808734904) (23,0,0.000000000000) (24,0,0.452669814135) (25,0,-0.588422925673) (26,0,0.000000000000) 
ipopt_sol:
size: 18 1
(0,0,1.543387270426) (1,0,0.000000000000) (2,0,1.261940450610) (3,0,0.000000000000) (4,0,0.123647992098) (5,0,0.000000000000) (6,0,0.000000000000) (7,0,0.892870993271) (8,0,0.253675932016) (9,0,0.446393087695) (10,0,0.000000000000) (11,0,0.000000000000) (12,0,0.925624457190) (13,0,0.353883770452) (14,0,0.302129191858) (15,0,0.377040292753) (16,0,1.224729098141) (17,0,0.292416208548) 
policy_sol:
size: 18 1
(0,0,1.543387257041) (1,0,0.000000000000) (2,0,1.261940441827) (3,0,0.000000000000) (4,0,0.123647995427) (5,0,0.000000000000) (6,0,0.000000000000) (7,0,0.892870989577) (8,0,0.253675914455) (9,0,0.446393084011) (10,0,0.000000000000) (11,0,0.000000000000) (12,0,0.925624455598) (13,0,0.353883763435) (14,0,0.302129212613) (15,0,0.377040289911) (16,0,1.224729099165) (17,0,0.292416211527) 

policy_converges:
1
ipopt_converges:
0
