solve status: 0
N:
size: 27 12
(0,0,-0.000780924811) (1,0,-0.999999695078) (3,0,0.000780924811) (4,0,0.999999695078) (0,1,-0.001619562364) (1,1,-0.999998688508) (6,1,0.001619562364) (7,1,0.999998688508) (3,2,-0.706831684336) (4,2,0.707381771054) (9,2,0.706831684336) (10,2,-0.707381771054) (6,3,-0.704847305315) (7,3,0.709359060132) (12,3,0.704847305315) (13,3,-0.709359060132) (6,4,-0.999999991752) (7,4,0.000128434432) (15,4,0.999999991752) (16,4,-0.000128434432) (6,5,-0.999998812308) (7,5,0.001541227408) (24,5,0.999998812308) (25,5,-0.001541227408) (9,6,-0.005814010413) (10,6,-0.999983098499) (12,6,0.005814010413) (13,6,0.999983098499) (9,7,-0.999992428574) (10,7,-0.003891374423) (18,7,0.999992428574) (19,7,0.003891374423) (9,8,-0.708371521804) (10,8,-0.705839774380) (21,8,0.708371521804) (22,8,0.705839774380) (12,9,-0.705776144370) (13,9,-0.708434918703) (24,9,0.705776144370) (25,9,0.708434918703) (15,10,-0.999995651787) (16,10,0.002948967214) (24,10,0.999995651787) (25,10,-0.002948967214) (21,11,-0.003891542925) (22,11,-0.999992427918) (24,11,0.003891542925) (25,11,0.999992427918) 
Q:
size: 12 12
(0,0,2.000000000000) (1,0,0.999999648343) (2,0,0.706829572958) (0,1,0.999999648343) (1,1,2.000000000000) (3,1,0.708216585645) (4,1,-0.001491128087) (5,1,-0.000078335053) (0,2,0.706829572958) (2,2,2.000000000000) (6,2,0.703260288467) (7,2,-0.704073645281) (8,2,-0.001401246212) (1,3,0.708216585645) (3,3,2.000000000000) (4,3,0.704938405629) (5,3,0.705939751799) (6,3,-0.705249081326) (9,3,0.005070314581) (1,4,-0.001491128087) (3,4,0.704938405629) (4,4,2.000000000000) (5,4,0.999999002007) (10,4,-0.999996022288) (1,5,-0.000078335053) (3,5,0.705939751799) (4,5,0.999999002007) (5,5,2.000000000000) (9,5,0.704683446812) (10,5,0.999999009129) (11,5,0.002350322565) (2,6,0.703260288467) (3,6,-0.705249081326) (6,6,2.000000000000) (7,6,0.009705275045) (8,6,0.709946324032) (9,6,-0.712526334942) (2,7,-0.704073645281) (6,7,0.009705275045) (7,7,2.000000000000) (8,7,0.711112845266) (2,8,-0.001401246212) (6,8,0.709946324032) (7,8,0.711112845266) (8,8,2.000000000000) (11,8,-0.708591087887) (3,9,0.005070314581) (5,9,0.704683446812) (6,9,-0.712526334942) (9,9,2.000000000000) (10,9,0.703683924156) (11,9,0.711176112538) (4,10,-0.999996022288) (5,10,0.999999009129) (9,10,0.703683924156) (10,10,2.000000000000) (11,10,0.000942581120) (5,11,0.002350322565) (8,11,-0.708591087887) (9,11,0.711176112538) (10,11,0.000942581120) (11,11,2.000000000000) 
Minv:
size: 27 27
(0,0,1.000000000000) (1,1,1.000000000000) (2,2,2.000000000000) (3,3,1.000000000000) (4,4,1.000000000000) (5,5,2.000000000000) (6,6,1.000000000000) (7,7,1.000000000000) (8,8,2.000000000000) (9,9,1.000000000000) (10,10,1.000000000000) (11,11,2.000000000000) (12,12,1.000000000000) (13,13,1.000000000000) (14,14,2.000000000000) (15,15,1.000000000000) (16,16,1.000000000000) (17,17,2.000000000000) (18,18,1.000000000000) (19,19,1.000000000000) (20,20,2.000000000000) (21,21,1.000000000000) (22,22,1.000000000000) (23,23,2.000000000000) (24,24,1.000000000000) (25,25,1.000000000000) (26,26,2.000000000000) 
v0:
size: 27 1
(0,0,0.363891610210) (1,0,0.532486571491) (2,0,0.000000000000) (3,0,0.653926778199) (4,0,-0.941258038454) (5,0,0.000000000000) (6,0,0.316396833728) (7,0,-0.461837486882) (8,0,0.000000000000) (9,0,0.904393516258) (10,0,0.636217938796) (11,0,0.000000000000) (12,0,0.664112993255) (13,0,0.274110478844) (14,0,0.000000000000) (15,0,0.084562306852) (16,0,0.711928280740) (17,0,0.000000000000) (18,0,0.780952801013) (19,0,-0.546011853107) (20,0,0.000000000000) (21,0,0.691727317312) (22,0,0.668807437374) (23,0,0.000000000000) (24,0,-0.311120310946) (25,0,0.406538075902) (26,0,0.000000000000) 
ipopt_sol:
size: 12 1
(0,0,1.136017273648) (1,0,0.349594143214) (2,0,0.460375138077) (3,0,0.216910127185) (4,0,0.000000000000) (5,0,0.321185873506) (6,0,0.506903887113) (7,0,0.287649462961) (8,0,0.000000000000) (9,0,0.646138506989) (10,0,0.006831908225) (11,0,0.036030195801) 
policy_sol:
size: 12 1
(0,0,1.136017270160) (1,0,0.349594147342) (2,0,0.460375142104) (3,0,0.216910120472) (4,0,0.000000000000) (5,0,0.321185868489) (6,0,0.506903877094) (7,0,0.287649460871) (8,0,0.000000000000) (9,0,0.646138499421) (10,0,0.006831918361) (11,0,0.036030202034) 

policy_converges:
1
ipopt_converges:
0
