solve status: 0
N:
size: 27 16
(0,0,-0.002711951961) (1,0,-0.999996322652) (3,0,0.002711951961) (4,0,0.999996322652) (0,1,-0.999992700766) (1,1,-0.003820787283) (9,1,0.999992700766) (10,1,0.003820787283) (0,2,-0.706827454763) (1,2,-0.707385997312) (12,2,0.706827454763) (13,2,0.707385997312) (0,3,-0.999998076058) (1,3,0.001961601541) (18,3,0.999998076058) (19,3,-0.001961601541) (3,4,-0.708179466554) (4,4,0.706032466074) (9,4,0.708179466554) (10,4,-0.706032466074) (3,5,-0.999995672457) (4,5,0.002941949457) (12,5,0.999995672457) (13,5,-0.002941949457) (3,6,-0.710084736893) (4,6,-0.704116230769) (15,6,0.710084736893) (16,6,0.704116230769) (3,7,-0.999999786679) (4,7,0.000653178511) (21,7,0.999999786679) (22,7,-0.000653178511) (9,8,0.005661612429) (10,8,-0.999983972944) (12,8,-0.005661612429) (13,8,0.999983972944) (9,9,-0.001546433181) (10,9,-0.999998804271) (15,9,0.001546433181) (16,9,0.999998804271) (9,10,-0.999969909785) (10,10,0.007757546325) (18,10,0.999969909785) (19,10,-0.007757546325) (9,11,-0.707921760509) (10,11,-0.706290861471) (21,11,0.707921760509) (22,11,0.706290861471) (12,12,-0.008728725391) (13,12,-0.999961903951) (15,12,0.008728725391) (16,12,0.999961903951) (12,13,-0.708570168782) (13,13,0.705640358760) (18,13,0.708570168782) (19,13,-0.705640358760) (15,14,-0.706726187148) (16,14,0.707487170484) (21,14,0.706726187148) (22,14,-0.707487170484) (18,15,0.002364306000) (19,15,-0.999997205025) (21,15,-0.002364306000) (22,15,0.999997205025) 
Q:
size: 16 16
(0,0,2.000000000000) (1,0,0.006532705398) (2,0,0.709300278109) (3,0,0.000750352416) (4,0,0.704109321054) (5,0,0.000229998414) (6,0,-0.706039357183) (7,0,-0.002058775274) (0,1,0.006532705398) (1,1,2.000000000000) (2,1,0.709525066886) (3,1,0.999983281975) (4,1,0.705476697519) (8,1,0.001840845057) (9,1,-0.005367204607) (10,1,-0.999932970836) (11,1,-0.710615180363) (0,2,0.709300278109) (1,2,0.709525066886) (2,2,2.000000000000) (3,2,0.705438485406) (5,2,0.704743302086) (8,2,0.703372876894) (12,2,-0.713528751451) (13,2,-0.001676739996) (0,3,0.000750352416) (1,3,0.999983281975) (2,3,0.705438485406) (3,3,2.000000000000) (10,3,0.999983203115) (13,3,0.709952990750) (15,3,0.004325897510) (0,4,0.704109321054) (1,4,0.705476697519) (4,4,2.000000000000) (5,4,0.710253513708) (6,4,0.005738511368) (7,4,0.708640480719) (8,4,0.710030588122) (9,4,0.704936469626) (10,4,-0.713635236844) (11,4,-0.002671376029) (0,5,0.000229998414) (2,5,0.704743302086) (4,5,0.710253513708) (5,5,2.000000000000) (6,5,0.708010189608) (7,5,0.999997380755) (8,5,-0.008603490234) (12,5,-0.005786850236) (13,5,-0.710643060685) (0,6,-0.706039357183) (4,6,0.005738511368) (5,6,0.708010189608) (6,6,2.000000000000) (7,6,0.709624671826) (9,6,0.705213487436) (12,6,0.710287541395) (14,6,-0.003682278858) (0,7,-0.002058775274) (4,7,0.708640480719) (5,7,0.999997380755) (6,7,0.709624671826) (7,7,2.000000000000) (11,7,0.707460275481) (14,7,0.707188151805) (15,7,-0.003017482181) (1,8,0.001840845057) (2,8,0.703372876894) (4,8,0.710030588122) (5,8,-0.008603490234) (8,8,2.000000000000) (9,8,0.999974021929) (10,8,-0.013418864063) (11,8,0.702271563070) (12,8,-0.999896458845) (13,8,0.709640699097) (1,9,-0.005367204607) (4,9,0.704936469626) (6,9,0.705213487436) (8,9,0.999974021929) (9,9,2.000000000000) (10,9,-0.006211150400) (11,9,0.707384770639) (12,9,0.999974206658) (14,9,0.706393419695) (1,10,-0.999932970836) (3,10,0.999983203115) (4,10,-0.713635236844) (8,10,-0.013418864063) (9,10,-0.006211150400) (10,10,2.000000000000) (11,10,0.702421374914) (13,10,0.714022885525) (15,10,0.010121759500) (1,11,-0.710615180363) (4,11,-0.002671376029) (7,11,0.707460275481) (8,11,0.702271563070) (9,11,0.707384770639) (10,11,0.702421374914) (11,11,2.000000000000) (14,11,0.000615123483) (15,11,0.704615143740) (2,12,-0.713528751451) (5,12,-0.005786850236) (6,12,0.710287541395) (8,12,-0.999896458845) (9,12,0.999974206658) (12,12,2.000000000000) (13,12,-0.699428562227) (14,12,0.701291399204) (2,13,-0.001676739996) (3,13,0.709952990750) (5,13,-0.710643060685) (8,13,0.709640699097) (10,13,0.714022885525) (12,13,-0.699428562227) (13,13,2.000000000000) (15,13,0.707313663215) (6,14,-0.003682278858) (7,14,0.707188151805) (9,14,0.706393419695) (11,14,0.000615123483) (12,14,0.701291399204) (14,14,2.000000000000) (15,14,-0.709156110039) (3,15,0.004325897510) (7,15,-0.003017482181) (10,15,0.010121759500) (11,15,0.704615143740) (13,15,0.707313663215) (14,15,-0.709156110039) (15,15,2.000000000000) 
Minv:
size: 27 27
(0,0,1.000000000000) (1,1,1.000000000000) (2,2,2.000000000000) (3,3,1.000000000000) (4,4,1.000000000000) (5,5,2.000000000000) (6,6,1.000000000000) (7,7,1.000000000000) (8,8,2.000000000000) (9,9,1.000000000000) (10,10,1.000000000000) (11,11,2.000000000000) (12,12,1.000000000000) (13,13,1.000000000000) (14,14,2.000000000000) (15,15,1.000000000000) (16,16,1.000000000000) (17,17,2.000000000000) (18,18,1.000000000000) (19,19,1.000000000000) (20,20,2.000000000000) (21,21,1.000000000000) (22,22,1.000000000000) (23,23,2.000000000000) (24,24,1.000000000000) (25,25,1.000000000000) (26,26,2.000000000000) 
v0:
size: 27 1
(0,0,0.446379538921) (1,0,0.256264588676) (2,0,0.000000000000) (3,0,0.306182658086) (4,0,0.061595929534) (5,0,0.000000000000) (6,0,-0.149209447331) (7,0,0.957364300482) (8,0,0.000000000000) (9,0,-0.014763556072) (10,0,0.571126928871) (11,0,0.000000000000) (12,0,-0.423128779639) (13,0,-0.640351846150) (14,0,0.000000000000) (15,0,0.017487259255) (16,0,-0.937374998131) (17,0,0.000000000000) (18,0,-0.752740450108) (19,0,-0.392354714324) (20,0,0.000000000000) (21,0,0.179358669410) (22,0,-0.585059016009) (23,0,0.000000000000) (24,0,0.803475506985) (25,0,0.113366364808) (26,0,0.000000000000) 
ipopt_sol:
size: 16 1
(0,0,0.098326863268) (1,0,0.000000000000) (2,0,0.677591029737) (3,0,0.787353375518) (4,0,0.000000000000) (5,0,0.345818102455) (6,0,0.407687265045) (7,0,0.000000000000) (8,0,0.389018185335) (9,0,1.171255321927) (10,0,0.342088847488) (11,0,0.000000000000) (12,0,0.000000004127) (13,0,0.000000000000) (14,0,0.000000000000) (15,0,0.191473258597) 
policy_sol:
size: 16 1
(0,0,0.098326853158) (1,0,0.000000000000) (2,0,0.677591045295) (3,0,0.787353356031) (4,0,0.000000000000) (5,0,0.345818093044) (6,0,0.407687261906) (7,0,0.000000000000) (8,0,0.389018166117) (9,0,1.171255324224) (10,0,0.342088858512) (11,0,0.000000000000) (12,0,0.000000000000) (13,0,0.000000000000) (14,0,0.000000000000) (15,0,0.191473255084) 

policy_converges:
1
ipopt_converges:
0
