solve status: 0
N:
size: 27 13
(0,0,-0.709625692964) (1,0,-0.704578864206) (12,0,0.709625692964) (13,0,0.704578864206) (0,1,-0.999999788881) (1,1,0.000649798128) (18,1,0.999999788881) (19,1,-0.000649798128) (3,2,-0.704688083520) (4,2,0.709517233719) (9,2,0.704688083520) (10,2,-0.709517233719) (3,3,-0.999986442073) (4,3,0.005207270851) (12,3,0.999986442073) (13,3,-0.005207270851) (3,4,-0.999995922552) (4,4,0.002855675010) (21,4,0.999995922552) (22,4,-0.002855675010) (6,5,-0.999997003571) (7,5,-0.002448029731) (24,5,0.999997003571) (25,5,0.002448029731) (9,6,-0.009206064208) (10,6,-0.999957623293) (12,6,0.009206064208) (13,6,0.999957623293) (9,7,-0.999992682484) (10,7,0.003825569016) (18,7,0.999992682484) (19,7,-0.003825569016) (9,8,-0.712981859274) (10,8,-0.701182478636) (21,8,0.712981859274) (22,8,0.701182478636) (12,9,-0.707256292520) (13,9,0.706957238234) (18,9,0.707256292520) (19,9,-0.706957238234) (15,10,-0.999996363327) (16,10,-0.002696911724) (24,10,0.999996363327) (25,10,0.002696911724) (18,11,-0.002795065530) (19,11,-0.999996093797) (21,11,0.002795065530) (22,11,0.999996093797) (18,12,-0.001155970972) (19,12,-0.999999331865) (24,12,0.001155970972) (25,12,0.999999331865) 
Q:
size: 13 13
(0,0,2.000000000000) (1,0,0.709167709122) (3,0,0.705947138929) (6,0,0.711081866167) (9,0,-0.003780108725) (0,1,0.709167709122) (1,1,2.000000000000) (7,1,0.999994957214) (9,1,0.707715522694) (11,1,-0.002145269350) (12,1,-0.000506173035) (2,2,2.000000000000) (3,2,0.708373177820) (4,2,0.706711360825) (6,2,0.702999762971) (7,2,-0.707397234100) (8,2,-0.004928767423) (0,3,0.705947138929) (2,3,0.708373177820) (3,3,2.000000000000) (4,3,0.999997234954) (6,3,0.003998889210) (9,3,-0.710928021410) (2,4,0.706711360825) (3,4,0.999997234954) (4,4,2.000000000000) (8,4,0.710976602846) (11,4,-0.000060609723) (5,5,2.000000000000) (10,5,0.999999969029) (12,5,0.003603995604) (0,6,0.711081866167) (2,6,0.702999762971) (3,6,0.003998889210) (6,6,2.000000000000) (7,6,0.005380589941) (8,6,0.707716521607) (9,6,0.700416232873) (1,7,0.999994957214) (2,7,-0.707397234100) (6,7,0.005380589941) (7,7,2.000000000000) (8,7,0.710294220053) (9,7,0.709955630867) (11,7,0.001030508996) (12,7,0.002669603947) (2,8,-0.004928767423) (4,8,0.710976602846) (6,8,0.707716521607) (7,8,0.710294220053) (8,8,2.000000000000) (11,8,0.703172570692) (0,9,-0.003780108725) (1,9,0.707715522694) (3,9,-0.710928021410) (6,9,0.700416232873) (7,9,0.709955630867) (9,9,2.000000000000) (11,9,0.704977649031) (12,9,0.706139198147) (5,10,0.999999969029) (10,10,2.000000000000) (12,10,0.003852876690) (1,11,-0.002145269350) (4,11,-0.000060609723) (7,11,0.001030508996) (8,11,0.703172570692) (9,11,0.704977649031) (11,11,2.000000000000) (12,11,0.999998656679) (1,12,-0.000506173035) (5,12,0.003603995604) (7,12,0.002669603947) (9,12,0.706139198147) (10,12,0.003852876690) (11,12,0.999998656679) (12,12,2.000000000000) 
Minv:
size: 27 27
(0,0,1.000000000000) (1,1,1.000000000000) (2,2,2.000000000000) (3,3,1.000000000000) (4,4,1.000000000000) (5,5,2.000000000000) (6,6,1.000000000000) (7,7,1.000000000000) (8,8,2.000000000000) (9,9,1.000000000000) (10,10,1.000000000000) (11,11,2.000000000000) (12,12,1.000000000000) (13,13,1.000000000000) (14,14,2.000000000000) (15,15,1.000000000000) (16,16,1.000000000000) (17,17,2.000000000000) (18,18,1.000000000000) (19,19,1.000000000000) (20,20,2.000000000000) (21,21,1.000000000000) (22,22,1.000000000000) (23,23,2.000000000000) (24,24,1.000000000000) (25,25,1.000000000000) (26,26,2.000000000000) 
v0:
size: 27 1
(0,0,0.252218210005) (1,0,-0.685678740560) (2,0,0.000000000000) (3,0,0.400295914749) (4,0,-0.374798738228) (5,0,0.000000000000) (6,0,-0.214259727016) (7,0,0.167661418549) (8,0,0.000000000000) (9,0,0.494891717962) (10,0,0.764231285212) (11,0,0.000000000000) (12,0,-0.584812653592) (13,0,-0.602312067678) (14,0,0.000000000000) (15,0,0.339814816644) (16,0,0.987438103919) (17,0,0.000000000000) (18,0,-0.289741596881) (19,0,0.326112645961) (20,0,0.000000000000) (21,0,-0.570526393703) (22,0,-0.249457276142) (23,0,0.000000000000) (24,0,-0.652552222387) (25,0,0.265717871963) (26,0,0.000000000000) 
ipopt_sol:
size: 13 1
(0,0,0.000000000000) (1,0,0.355269690469) (2,0,0.130124112990) (3,0,0.902323486295) (4,0,0.156120152069) (5,0,0.000000000000) (6,0,0.967808956920) (7,0,0.286573951573) (8,0,0.894325209772) (9,0,0.125177652166) (10,0,0.994309850889) (11,0,0.218034436125) (12,0,0.000000000000) 
policy_sol:
size: 13 1
(0,0,0.000000000000) (1,0,0.355269685294) (2,0,0.130395332609) (3,0,0.820726565275) (4,0,0.237525171570) (5,0,0.000000000000) (6,0,1.048208913466) (7,0,0.367655225677) (8,0,0.779834609831) (9,0,0.010854678673) (10,0,0.994309845871) (11,0,0.298546015877) (12,0,0.000000000000) 

policy_converges:
1
ipopt_converges:
0
