solve status: 0
N:
size: 27 11
(0,0,-0.999990654621) (1,0,0.004323270866) (18,0,0.999990654621) (19,0,-0.004323270866) (3,1,0.001158307661) (4,1,-0.999999329161) (6,1,-0.001158307661) (7,1,0.999999329161) (3,2,-0.707665388790) (4,2,0.706547731939) (9,2,0.707665388790) (10,2,-0.706547731939) (3,3,-0.999995657331) (4,3,-0.002947086705) (12,3,0.999995657331) (13,3,0.002947086705) (6,4,-0.999997826483) (7,4,-0.002084953120) (15,4,0.999997826483) (16,4,0.002084953120) (9,5,0.000526351073) (10,5,-0.999999861477) (12,5,-0.000526351073) (13,5,0.999999861477) (9,6,-0.999985238325) (10,6,0.005433519237) (18,6,0.999985238325) (19,6,-0.005433519237) (12,7,-0.703689651609) (13,7,0.710507476539) (18,7,0.703689651609) (19,7,-0.710507476539) (18,8,-0.007017548442) (19,8,-0.999975376704) (21,8,0.007017548442) (22,8,0.999975376704) (18,9,-0.000580321137) (19,9,-0.999999831614) (24,9,0.000580321137) (25,9,0.999999831614) (21,10,0.005843392788) (22,10,-0.999982927235) (24,10,-0.005843392788) (25,10,0.999982927235) 
Q:
size: 11 11
(0,0,2.000000000000) (6,0,0.999999383660) (7,0,0.706754791635) (8,0,-0.002694318448) (9,0,0.003742954424) (1,1,2.000000000000) (2,1,-0.707366952201) (3,1,0.001788782098) (4,1,-0.000926646578) (1,2,-0.707366952201) (2,2,2.000000000000) (3,2,0.705580058206) (5,2,0.706920114503) (6,2,-0.711493983157) (1,3,0.001788782098) (2,3,0.705580058206) (3,3,2.000000000000) (5,3,0.002420737510) (7,3,-0.701592668579) (1,4,-0.000926646578) (4,4,2.000000000000) (2,5,0.706920114503) (3,5,0.002420737510) (5,5,2.000000000000) (6,5,-0.005959861788) (7,5,0.710877765921) (0,6,0.999999383660) (2,6,-0.711493983157) (5,6,-0.005959861788) (6,6,2.000000000000) (7,6,0.707539820013) (8,6,-0.001584059405) (9,6,0.004853205752) (0,7,0.706754791635) (3,7,-0.701592668579) (5,7,0.710877765921) (6,7,0.707539820013) (7,7,2.000000000000) (8,7,0.705551805285) (9,7,0.710098990921) (0,8,-0.002694318448) (6,8,-0.001584059405) (7,8,0.705551805285) (8,8,2.000000000000) (9,8,0.999979280753) (10,8,-0.999917298067) (0,9,0.003742954424) (6,9,0.004853205752) (7,9,0.710098990921) (8,9,0.999979280753) (9,9,2.000000000000) (10,9,0.999979367807) (8,10,-0.999917298067) (9,10,0.999979367807) (10,10,2.000000000000) 
Minv:
size: 27 27
(0,0,1.000000000000) (1,1,1.000000000000) (2,2,2.000000000000) (3,3,1.000000000000) (4,4,1.000000000000) (5,5,2.000000000000) (6,6,1.000000000000) (7,7,1.000000000000) (8,8,2.000000000000) (9,9,1.000000000000) (10,10,1.000000000000) (11,11,2.000000000000) (12,12,1.000000000000) (13,13,1.000000000000) (14,14,2.000000000000) (15,15,1.000000000000) (16,16,1.000000000000) (17,17,2.000000000000) (18,18,1.000000000000) (19,19,1.000000000000) (20,20,2.000000000000) (21,21,1.000000000000) (22,22,1.000000000000) (23,23,2.000000000000) (24,24,1.000000000000) (25,25,1.000000000000) (26,26,2.000000000000) 
v0:
size: 27 1
(0,0,-0.743569592197) (1,0,-0.746079314584) (2,0,0.000000000000) (3,0,0.708341002271) (4,0,0.048186928748) (5,0,0.000000000000) (6,0,0.496714799731) (7,0,-0.209888560964) (8,0,0.000000000000) (9,0,-0.412949593442) (10,0,-0.269928830679) (11,0,0.000000000000) (12,0,0.479638707477) (13,0,-0.907020148375) (14,0,0.000000000000) (15,0,0.378221532317) (16,0,0.883933124727) (17,0,0.000000000000) (18,0,-0.963792488921) (19,0,0.944864437856) (20,0,0.000000000000) (21,0,0.819229414829) (22,0,0.749632090882) (23,0,0.000000000000) (24,0,0.788932588211) (25,0,-0.968507586164) (26,0,0.000000000000) 
ipopt_sol:
size: 11 1
(0,0,0.000000000000) (1,0,0.375317181500) (2,0,0.334658066877) (3,0,1.039768602507) (4,0,0.116386336121) (5,0,0.000000000000) (6,0,0.000000000000) (7,0,2.641566748862) (8,0,0.000000000000) (9,0,0.154022805765) (10,0,1.640923488430) 
policy_sol:
size: 11 1
(0,0,0.000000000000) (1,0,0.375317182417) (2,0,0.334658069453) (3,0,1.039768596189) (4,0,0.116386336121) (5,0,0.000000000000) (6,0,0.000000000000) (7,0,2.641566733477) (8,0,0.000000000000) (9,0,0.154022803002) (10,0,1.640923494806) 

policy_converges:
1
ipopt_converges:
0
