solve status: 0
N:
size: 27 13
(0,0,-0.999996496544) (1,0,-0.002647054775) (9,0,0.999996496544) (10,0,0.002647054775) (3,1,0.004316081248) (4,1,-0.999990685678) (6,1,-0.004316081248) (7,1,0.999990685678) (6,2,-0.710838413220) (7,2,0.703355351363) (12,2,0.710838413220) (13,2,-0.703355351363) (6,3,-0.999998047603) (7,3,0.001976054421) (15,3,0.999998047603) (16,3,-0.001976054421) (6,4,-0.999998780551) (7,4,-0.001561696914) (24,4,0.999998780551) (25,4,0.001561696914) (12,5,0.007755470977) (13,5,-0.999969925883) (15,5,-0.007755470977) (16,5,0.999969925883) (12,6,-0.706770413143) (13,6,0.707442989297) (18,6,0.706770413143) (19,6,-0.707442989297) (12,7,-0.999963921518) (13,7,0.008494448969) (21,7,0.999963921518) (22,7,-0.008494448969) (12,8,-0.706433783434) (13,8,-0.707779139014) (24,8,0.706433783434) (25,8,0.707779139014) (15,9,-0.999987106450) (16,9,-0.005078083672) (24,9,0.999987106450) (25,9,0.005078083672) (18,10,-0.001333263160) (19,10,-0.999999111204) (21,10,0.001333263160) (22,10,0.999999111204) (18,11,0.000879890102) (19,11,-0.999999612897) (24,11,-0.000879890102) (25,11,0.999999612897) (21,12,0.003057483614) (22,12,-0.999995325886) (24,12,-0.003057483614) (25,12,0.999995325886) 
Q:
size: 13 13
(0,0,2.000000000000) (1,1,2.000000000000) (2,1,0.706416836430) (3,1,0.006292108837) (4,1,0.002754393617) (1,2,0.706416836430) (2,2,2.000000000000) (3,2,0.712226893832) (4,2,0.709739118507) (5,2,0.708847085255) (6,2,-0.999983371296) (7,2,-0.716787383388) (8,2,-0.004340024652) (1,3,0.006292108837) (2,3,0.712226893832) (3,3,2.000000000000) (4,3,0.999993742157) (5,3,-0.009731450828) (9,3,-0.999975119508) (1,4,0.002754393617) (2,4,0.709739118507) (3,4,0.999993742157) (4,4,2.000000000000) (8,4,0.707538258471) (9,4,0.999993817444) (11,4,0.000681807280) (12,4,-0.001495790271) (2,5,0.708847085255) (3,5,-0.009731450828) (5,5,2.000000000000) (6,5,-0.712903051000) (7,5,-0.016249384677) (8,5,0.702279126477) (9,5,0.002677440028) (2,6,-0.999983371296) (5,6,-0.712903051000) (6,6,2.000000000000) (7,6,0.712754252310) (8,6,-0.001426892890) (10,6,0.706500049570) (11,6,0.708064595734) (2,7,-0.716787383388) (5,7,-0.016249384677) (6,7,0.712754252310) (7,7,2.000000000000) (8,7,0.700396102597) (10,7,-0.007161226361) (12,7,0.011551782569) (2,8,-0.004340024652) (4,8,0.707538258471) (5,8,0.702279126477) (6,8,-0.001426892890) (7,8,0.700396102597) (8,8,2.000000000000) (9,8,0.710018836684) (11,8,0.707157280936) (12,8,0.705615921056) (3,9,-0.999975119508) (4,9,0.999993817444) (5,9,0.002677440028) (8,9,0.710018836684) (9,9,2.000000000000) (11,9,0.004198202949) (12,9,0.002020615744) (6,10,0.706500049570) (7,10,-0.007161226361) (10,10,2.000000000000) (11,10,0.999997550976) (12,10,-0.999990360664) (4,11,0.000681807280) (6,11,0.708064595734) (8,11,0.707157280936) (9,11,0.004198202949) (10,11,0.999997550976) (11,11,2.000000000000) (12,11,0.999997629034) (4,12,-0.001495790271) (7,12,0.011551782569) (8,12,0.705615921056) (9,12,0.002020615744) (10,12,-0.999990360664) (11,12,0.999997629034) (12,12,2.000000000000) 
Minv:
size: 27 27
(0,0,1.000000000000) (1,1,1.000000000000) (2,2,2.000000000000) (3,3,1.000000000000) (4,4,1.000000000000) (5,5,2.000000000000) (6,6,1.000000000000) (7,7,1.000000000000) (8,8,2.000000000000) (9,9,1.000000000000) (10,10,1.000000000000) (11,11,2.000000000000) (12,12,1.000000000000) (13,13,1.000000000000) (14,14,2.000000000000) (15,15,1.000000000000) (16,16,1.000000000000) (17,17,2.000000000000) (18,18,1.000000000000) (19,19,1.000000000000) (20,20,2.000000000000) (21,21,1.000000000000) (22,22,1.000000000000) (23,23,2.000000000000) (24,24,1.000000000000) (25,25,1.000000000000) (26,26,2.000000000000) 
v0:
size: 27 1
(0,0,-0.226520202038) (1,0,0.716155380672) (2,0,0.000000000000) (3,0,-0.891281087194) (4,0,0.959622843548) (5,0,0.000000000000) (6,0,0.229417660777) (7,0,0.356330523755) (8,0,0.000000000000) (9,0,-0.380649850414) (10,0,-0.841122583494) (11,0,0.000000000000) (12,0,0.689616734716) (13,0,0.824606258599) (14,0,0.000000000000) (15,0,-0.023909830342) (16,0,0.338458595255) (17,0,0.000000000000) (18,0,-0.279934705027) (19,0,0.998934328056) (20,0,0.000000000000) (21,0,0.173476317483) (22,0,0.270998796009) (23,0,0.000000000000) (24,0,-0.401765874880) (25,0,-0.323500341718) (26,0,0.000000000000) 
ipopt_sol:
size: 13 1
(0,0,0.158251308461) (1,0,0.607341994757) (2,0,0.000000000000) (3,0,0.219393587373) (4,0,0.066448015033) (5,0,0.254111892276) (6,0,0.628831773084) (7,0,0.000000000000) (8,0,1.286391567794) (9,0,0.000000000000) (10,0,0.243703372049) (11,0,0.522985585567) (12,0,0.000000000000) 
policy_sol:
size: 13 1
(0,0,0.158251308461) (1,0,0.607341991219) (2,0,0.000000000000) (3,0,0.219393594207) (4,0,0.066448004100) (5,0,0.254111889933) (6,0,0.628831773539) (7,0,0.000000000000) (8,0,1.286391565122) (9,0,0.000000000000) (10,0,0.243703381282) (11,0,0.522985576762) (12,0,0.000000000000) 

policy_converges:
1
ipopt_converges:
0
