solve status: 0
N:
size: 27 11
(0,0,-0.999999956058) (1,0,0.000296452607) (9,0,0.999999956058) (10,0,-0.000296452607) (0,1,-0.706060632051) (1,1,-0.708151384852) (12,1,0.706060632051) (13,1,0.708151384852) (0,2,-0.999992575365) (1,2,-0.003853467992) (18,2,0.999992575365) (19,2,0.003853467992) (3,3,0.001120853712) (4,3,-0.999999371843) (6,3,-0.001120853712) (7,3,0.999999371843) (3,4,-0.999997923725) (4,4,-0.002037779365) (12,4,0.999997923725) (13,4,0.002037779365) (3,5,-0.704931254686) (4,5,-0.709275634832) (15,5,0.704931254686) (16,5,0.709275634832) (3,6,-0.999999109597) (4,6,-0.001334468309) (21,6,0.999999109597) (22,6,0.001334468309) (6,7,-0.706066815823) (7,7,0.708145219283) (12,7,0.706066815823) (13,7,-0.708145219283) (12,8,-0.000506118787) (13,8,-0.999999871922) (15,8,0.000506118787) (16,8,0.999999871922) (15,9,-0.706674681512) (16,9,0.707538616974) (21,9,0.706674681512) (22,9,-0.707538616974) (21,10,-0.001032028732) (22,10,-0.999999467458) (24,10,0.001032028732) (25,10,0.999999467458) 
Q:
size: 11 11
(0,0,2.000000000000) (1,0,0.705850667701) (2,0,0.999991389052) (0,1,0.705850667701) (1,1,2.000000000000) (2,1,0.708784228503) (4,1,0.707502222355) (7,1,-0.002948035462) (8,1,-0.708508644704) (0,2,0.999991389052) (1,2,0.708784228503) (2,2,2.000000000000) (3,3,2.000000000000) (4,3,0.000916926701) (5,3,0.708485064482) (6,3,0.000213614757) (7,3,0.708936172068) (1,4,0.707502222355) (3,4,0.000916926701) (4,4,2.000000000000) (5,4,0.706375138309) (6,4,0.999999752676) (7,4,0.704622306119) (8,4,-0.002543896841) (3,5,0.708485064482) (4,5,0.706375138309) (5,5,2.000000000000) (6,5,0.705877132870) (8,5,0.709632322941) (9,5,0.003682831829) (3,6,0.000213614757) (4,6,0.999999752676) (5,6,0.705877132870) (6,6,2.000000000000) (9,6,0.705729864425) (10,6,-0.002366495412) (1,7,-0.002948035462) (3,7,0.708936172068) (4,7,0.704622306119) (7,7,2.000000000000) (8,7,0.707787774905) (1,8,-0.708508644704) (4,8,-0.002543896841) (5,8,0.709632322941) (7,8,0.707787774905) (8,8,2.000000000000) (9,8,0.707180865021) (5,9,0.003682831829) (6,9,0.705729864425) (8,9,0.707180865021) (9,9,2.000000000000) (10,9,0.706808931605) (6,10,-0.002366495412) (9,10,0.706808931605) (10,10,2.000000000000) 
Minv:
size: 27 27
(0,0,1.000000000000) (1,1,1.000000000000) (2,2,2.000000000000) (3,3,1.000000000000) (4,4,1.000000000000) (5,5,2.000000000000) (6,6,1.000000000000) (7,7,1.000000000000) (8,8,2.000000000000) (9,9,1.000000000000) (10,10,1.000000000000) (11,11,2.000000000000) (12,12,1.000000000000) (13,13,1.000000000000) (14,14,2.000000000000) (15,15,1.000000000000) (16,16,1.000000000000) (17,17,2.000000000000) (18,18,1.000000000000) (19,19,1.000000000000) (20,20,2.000000000000) (21,21,1.000000000000) (22,22,1.000000000000) (23,23,2.000000000000) (24,24,1.000000000000) (25,25,1.000000000000) (26,26,2.000000000000) 
v0:
size: 27 1
(0,0,0.680411382214) (1,0,-0.002345687327) (2,0,0.000000000000) (3,0,0.279897610582) (4,0,0.800988198427) (5,0,0.000000000000) (6,0,0.467223948895) (7,0,-0.022415987774) (8,0,0.000000000000) (9,0,-0.527061101775) (10,0,-0.678337741634) (11,0,0.000000000000) (12,0,-0.668976814351) (13,0,0.414771712961) (14,0,0.000000000000) (15,0,0.683095054990) (16,0,-0.664809844638) (17,0,0.000000000000) (18,0,-0.478234825146) (19,0,-0.685866196733) (20,0,0.000000000000) (21,0,-0.261999246520) (22,0,0.926196836708) (23,0,0.000000000000) (24,0,0.828048459414) (25,0,0.804802357847) (26,0,0.000000000000) 
ipopt_sol:
size: 11 1
(0,0,0.835516894673) (1,0,0.000000000000) (2,0,0.743516682742) (3,0,0.408415719768) (4,0,0.536644084161) (5,0,0.405401863696) (6,0,0.000000000000) (7,0,0.765488660061) (8,0,0.035325110288) (9,0,1.780335754029) (10,0,0.000000000000) 
policy_sol:
size: 11 1
(0,0,0.835516892331) (1,0,0.000000000000) (2,0,0.743516680370) (3,0,0.408415723703) (4,0,0.536644079555) (5,0,0.405401856380) (6,0,0.000000000000) (7,0,0.765488656274) (8,0,0.035325121675) (9,0,1.780335742953) (10,0,0.000000000000) 

policy_converges:
1
ipopt_converges:
0
