solve status: 0
N:
size: 27 12
(0,0,-0.999984663188) (1,0,0.005538356157) (9,0,0.999984663188) (10,0,-0.005538356157) (3,1,0.001970497518) (4,1,-0.999998058568) (6,1,-0.001970497518) (7,1,0.999998058568) (6,2,-0.999995804939) (7,2,0.002896567530) (15,2,0.999995804939) (16,2,-0.002896567530) (6,3,-0.999999659344) (7,3,-0.000825416285) (24,3,0.999999659344) (25,3,0.000825416285) (9,4,0.000216714408) (10,4,-0.999999976517) (12,4,-0.000216714408) (13,4,0.999999976517) (12,5,-0.708722077259) (13,5,0.705487786717) (18,5,0.708722077259) (19,5,-0.705487786717) (12,6,-0.999999961985) (13,6,-0.000275735468) (21,6,0.999999961985) (22,6,0.000275735468) (12,7,-0.707653920737) (13,7,-0.706559217946) (24,7,0.707653920737) (25,7,0.706559217946) (15,8,-0.711500044622) (16,8,0.702686051165) (21,8,0.711500044622) (22,8,-0.702686051165) (15,9,-0.999989508062) (16,9,-0.004580803993) (24,9,0.999989508062) (25,9,0.004580803993) (18,10,0.003233432928) (19,10,-0.999994772442) (24,10,-0.003233432928) (25,10,0.999994772442) (21,11,0.009266389382) (22,11,-0.999957066092) (24,11,-0.009266389382) (25,11,0.999957066092) 
Q:
size: 12 12
(0,0,2.000000000000) (4,0,0.005755067111) (1,1,2.000000000000) (2,1,0.004867051158) (3,1,0.001145082165) (1,2,0.004867051158) (2,2,2.000000000000) (3,2,0.999993073411) (8,2,-0.713532437436) (9,2,-0.999972044438) (1,3,0.001145082165) (2,3,0.999993073411) (3,3,2.000000000000) (7,3,0.708236885156) (9,3,0.999992948480) (10,3,-0.002408019856) (11,3,-0.008441005379) (0,4,0.005755067111) (4,4,2.000000000000) (5,4,0.705641360435) (6,4,-0.000059021062) (7,4,-0.706405842554) (4,5,0.705641360435) (5,5,2.000000000000) (6,5,0.708527522311) (7,5,0.003061057832) (10,5,0.707775704039) (4,6,-0.000059021062) (5,6,0.708527522311) (6,6,2.000000000000) (7,6,0.707848717273) (8,6,0.711306262107) (11,6,0.008990665400) (3,7,0.708236885156) (4,7,-0.706405842554) (5,7,0.003061057832) (6,7,0.707848717273) (7,7,2.000000000000) (9,7,0.710883105363) (10,7,0.704267372878) (11,7,0.699971485821) (2,8,-0.713532437436) (6,8,0.711306262107) (8,8,2.000000000000) (9,8,0.708273712539) (11,8,0.709248918566) (2,9,-0.999972044438) (3,9,0.999992948480) (7,9,0.710883105363) (8,9,0.708273712539) (9,9,2.000000000000) (10,9,0.001347381044) (11,9,-0.004685684839) (3,10,-0.002408019856) (5,10,0.707775704039) (7,10,0.704267372878) (9,10,0.001347381044) (10,10,2.000000000000) (11,10,0.999981801007) (3,11,-0.008441005379) (6,11,0.008990665400) (7,11,0.699971485821) (8,11,0.709248918566) (9,11,-0.004685684839) (10,11,0.999981801007) (11,11,2.000000000000) 
Minv:
size: 27 27
(0,0,1.000000000000) (1,1,1.000000000000) (2,2,2.000000000000) (3,3,1.000000000000) (4,4,1.000000000000) (5,5,2.000000000000) (6,6,1.000000000000) (7,7,1.000000000000) (8,8,2.000000000000) (9,9,1.000000000000) (10,10,1.000000000000) (11,11,2.000000000000) (12,12,1.000000000000) (13,13,1.000000000000) (14,14,2.000000000000) (15,15,1.000000000000) (16,16,1.000000000000) (17,17,2.000000000000) (18,18,1.000000000000) (19,19,1.000000000000) (20,20,2.000000000000) (21,21,1.000000000000) (22,22,1.000000000000) (23,23,2.000000000000) (24,24,1.000000000000) (25,25,1.000000000000) (26,26,2.000000000000) 
v0:
size: 27 1
(0,0,0.030640883898) (1,0,-0.533971953363) (2,0,0.000000000000) (3,0,-0.332475420037) (4,0,0.955498639486) (5,0,0.000000000000) (6,0,0.776956633589) (7,0,-0.165651903088) (8,0,0.000000000000) (9,0,-0.406880113585) (10,0,-0.319465433639) (11,0,0.000000000000) (12,0,0.605140284927) (13,0,-0.828908962969) (14,0,0.000000000000) (15,0,0.333475713278) (16,0,0.451471956710) (17,0,0.000000000000) (18,0,0.090397381620) (19,0,0.847640775884) (20,0,0.000000000000) (21,0,-0.329389262240) (22,0,0.956212015417) (23,0,0.000000000000) (24,0,-0.114368568214) (25,0,-0.854233413602) (26,0,0.000000000000) 
ipopt_sol:
size: 12 1
(0,0,0.438409208118) (1,0,1.121060459646) (2,0,0.934462913984) (3,0,0.000000000000) (4,0,0.101855525022) (5,0,1.152311557369) (6,0,0.460055625991) (7,0,0.000000000000) (8,0,0.166250931771) (9,0,0.865247630895) (10,0,0.554881140365) (11,0,1.475927036382) 
policy_sol:
size: 12 1
(0,0,0.438409208110) (1,0,1.121060459668) (2,0,0.934462902962) (3,0,0.000000000000) (4,0,0.101855527918) (5,0,1.152311559170) (6,0,0.460055619882) (7,0,0.000000000000) (8,0,0.166250937259) (9,0,0.865247614896) (10,0,0.554881138459) (11,0,1.475927031921) 

policy_converges:
1
ipopt_converges:
0
