solve status: 0
N:
size: 27 16
(3,0,0.001971400195) (4,0,-0.999998056789) (6,0,-0.001971400195) (7,0,0.999998056789) (3,1,-0.706816886875) (4,1,-0.707396556698) (15,1,0.706816886875) (16,1,0.707396556698) (3,2,-0.999999646303) (4,2,0.000841066622) (21,2,0.999999646303) (22,2,-0.000841066622) (6,3,-0.706124709302) (7,3,0.708087491002) (12,3,0.706124709302) (13,3,-0.708087491002) (6,4,-0.999998613232) (7,4,0.001665392778) (15,4,0.999998613232) (16,4,-0.001665392778) (6,5,-0.999999529844) (7,5,0.000969696765) (24,5,0.999999529844) (25,5,-0.000969696765) (9,6,-0.999999977159) (10,6,0.000213732568) (18,6,0.999999977159) (19,6,-0.000213732568) (12,7,-0.001570111701) (13,7,-0.999998767374) (15,7,0.001570111701) (16,7,0.999998767374) (12,8,-0.709156695173) (13,8,0.705050907163) (18,8,0.709156695173) (19,8,-0.705050907163) (12,9,-0.999999516066) (13,9,0.000983802643) (21,9,0.999999516066) (22,9,-0.000983802643) (12,10,-0.709393111893) (13,10,-0.704813033931) (24,10,0.709393111893) (25,10,0.704813033931) (15,11,-0.708665807440) (16,11,0.705544309994) (21,11,0.708665807440) (22,11,-0.705544309994) (15,12,-0.999999961663) (16,12,0.000276899773) (24,12,0.999999961663) (25,12,-0.000276899773) (18,13,-0.002093152715) (19,13,-0.999997809353) (21,13,0.002093152715) (22,13,0.999997809353) (18,14,-0.000659414032) (19,14,-0.999999782587) (24,14,0.000659414032) (25,14,0.999999782587) (21,15,0.000770573605) (22,15,-0.999999703108) (24,15,-0.000770573605) (25,15,0.999999703108) 
Q:
size: 16 16
(0,0,2.000000000000) (1,0,0.706001763128) (2,0,-0.002812464486) (3,0,0.709478169428) (4,0,0.003636787004) (5,0,0.002941094149) (0,1,0.706001763128) (1,1,2.000000000000) (2,1,0.706221669244) (4,1,0.705637813567) (7,1,0.708505466207) (11,1,-0.001797344362) (12,1,-0.706620981832) (0,2,-0.002812464486) (1,2,0.706221669244) (2,2,2.000000000000) (9,2,0.999999989813) (11,2,0.709258966557) (13,2,0.001252087195) (15,2,0.001611639704) (0,3,0.709478169428) (3,3,2.000000000000) (4,3,0.707302973865) (5,3,0.706811007463) (7,3,0.706977923526) (8,3,-0.999990793110) (9,3,-0.706820985929) (10,3,-0.001850712095) (0,4,0.003636787004) (1,4,0.705637813567) (3,4,0.707302973865) (4,4,2.000000000000) (5,4,0.999999758003) (7,4,-0.000095281202) (11,4,-0.709839833084) (12,4,-0.999999036043) (0,5,0.002941094149) (3,5,0.706811007463) (4,5,0.999999758003) (5,5,2.000000000000) (10,5,0.708709323449) (12,5,0.999999760016) (14,5,-0.000310282833) (15,5,-0.001740269720) (6,6,2.000000000000) (8,6,0.709307371316) (13,6,-0.001879420567) (14,6,-0.000445681495) (1,7,0.708505466207) (3,7,0.706977923526) (4,7,-0.000095281202) (7,7,2.000000000000) (8,7,-0.703936582874) (9,7,0.000586309511) (10,7,0.705925991585) (11,7,0.704430755846) (12,7,-0.001293212209) (3,8,-0.999990793110) (6,8,0.709307371316) (7,8,-0.703936582874) (8,8,2.000000000000) (9,8,0.709849982934) (10,8,0.006141805856) (13,8,0.703564989384) (14,8,0.704583126000) (2,9,0.999999989813) (3,9,-0.706820985929) (7,9,0.000586309511) (8,9,0.709849982934) (9,9,2.000000000000) (10,9,0.708699371668) (11,9,0.709359580850) (13,9,0.001109351214) (15,9,0.001754375583) (3,10,-0.001850712095) (5,10,0.708709323449) (7,10,0.705925991585) (8,10,0.006141805856) (9,10,0.708699371668) (10,10,2.000000000000) (12,10,0.709197922128) (14,10,0.705280664467) (15,10,0.704266185070) (1,11,-0.001797344362) (2,11,0.709258966557) (4,11,-0.709839833084) (7,11,0.704430755846) (9,11,0.709359580850) (11,11,2.000000000000) (12,11,0.708861145331) (13,11,-0.704059418637) (15,11,0.706090179690) (1,12,-0.706620981832) (4,12,-0.999999036043) (5,12,0.999999760016) (7,12,-0.001293212209) (10,12,0.709197922128) (11,12,0.708861145331) (12,12,2.000000000000) (14,12,0.000382514294) (15,12,-0.001047473266) (2,13,0.001252087195) (6,13,-0.001879420567) (8,13,0.703564989384) (9,13,0.001109351214) (11,13,-0.704059418637) (13,13,2.000000000000) (14,13,0.999998972195) (15,13,-0.999995899534) (5,14,-0.000310282833) (6,14,-0.000445681495) (8,14,0.704583126000) (10,14,0.705280664467) (12,14,0.000382514294) (13,14,0.999998972195) (14,14,2.000000000000) (15,14,0.999998977568) (2,15,0.001611639704) (5,15,-0.001740269720) (9,15,0.001754375583) (10,15,0.704266185070) (11,15,0.706090179690) (12,15,-0.001047473266) (13,15,-0.999995899534) (14,15,0.999998977568) (15,15,2.000000000000) 
Minv:
size: 27 27
(0,0,1.000000000000) (1,1,1.000000000000) (2,2,2.000000000000) (3,3,1.000000000000) (4,4,1.000000000000) (5,5,2.000000000000) (6,6,1.000000000000) (7,7,1.000000000000) (8,8,2.000000000000) (9,9,1.000000000000) (10,10,1.000000000000) (11,11,2.000000000000) (12,12,1.000000000000) (13,13,1.000000000000) (14,14,2.000000000000) (15,15,1.000000000000) (16,16,1.000000000000) (17,17,2.000000000000) (18,18,1.000000000000) (19,19,1.000000000000) (20,20,2.000000000000) (21,21,1.000000000000) (22,22,1.000000000000) (23,23,2.000000000000) (24,24,1.000000000000) (25,25,1.000000000000) (26,26,2.000000000000) 
v0:
size: 27 1
(0,0,-0.452539951057) (1,0,0.633964243974) (2,0,0.000000000000) (3,0,-0.503206858641) (4,0,0.906919205173) (5,0,0.000000000000) (6,0,0.640964176163) (7,0,0.420862144424) (8,0,0.000000000000) (9,0,-0.107641788229) (10,0,0.026645809016) (11,0,0.000000000000) (12,0,0.589493561980) (13,0,0.718175482817) (14,0,0.000000000000) (15,0,-0.248225135472) (16,0,0.055516245985) (17,0,0.000000000000) (18,0,-0.157642478045) (19,0,0.931477754741) (20,0,0.000000000000) (21,0,-0.835056406705) (22,0,0.848871269823) (23,0,0.000000000000) (24,0,-0.499361787455) (25,0,0.811360211248) (26,0,0.000000000000) 
ipopt_sol:
size: 16 1
(0,0,0.485772334759) (1,0,0.000000000000) (2,0,0.000000000000) (3,0,0.000000000000) (4,0,0.796771210395) (5,0,0.741604244218) (6,0,0.000000000000) (7,0,0.544895669297) (8,0,0.451435705483) (9,0,0.984518495860) (10,0,0.000000000000) (11,0,0.788490472005) (12,0,0.000000000000) (13,0,0.202243039356) (14,0,0.000000000000) (15,0,0.000000000000) 
policy_sol:
size: 16 1
(0,0,0.485772327711) (1,0,0.000000000000) (2,0,0.000000000000) (3,0,0.000000000000) (4,0,0.796771212707) (5,0,0.741604231178) (6,0,0.000000000000) (7,0,0.544895658771) (8,0,0.451435700101) (9,0,0.984518494737) (10,0,0.000000000000) (11,0,0.788490466416) (12,0,0.000000000000) (13,0,0.202243039285) (14,0,0.000000000000) (15,0,0.000000000000) 

policy_converges:
1
ipopt_converges:
0
