solve status: 0
N:
size: 27 11
(0,0,0.003768203368) (1,0,-0.999992900296) (3,0,-0.003768203368) (4,0,0.999992900296) (0,1,-0.999995695531) (1,1,-0.002934096076) (9,1,0.999995695531) (10,1,0.002934096076) (0,2,-0.705787669897) (1,2,-0.708423436245) (12,2,0.705787669897) (13,2,0.708423436245) (0,3,-0.999999999990) (1,3,0.000004401216) (18,3,0.999999999990) (19,3,-0.000004401216) (3,4,-0.999994331940) (4,4,-0.003366910857) (12,4,0.999994331940) (13,4,0.003366910857) (3,5,-0.705305998474) (4,5,-0.708902989496) (15,5,0.705305998474) (16,5,0.708902989496) (6,6,-0.706886319761) (7,6,0.707327173898) (12,6,0.706886319761) (13,6,-0.707327173898) (6,7,-0.999986531819) (7,7,-0.005190007793) (15,7,0.999986531819) (16,7,0.005190007793) (12,8,-0.002322025143) (13,8,-0.999997304096) (15,8,0.002322025143) (16,8,0.999997304096) (15,9,-0.705241081486) (16,9,0.708967571179) (21,9,0.705241081486) (22,9,-0.708967571179) (21,10,0.002424633645) (22,10,-0.999997060572) (24,10,-0.002424633645) (25,10,0.999997060572) 
Q:
size: 11 11
(0,0,2.000000000000) (1,0,-0.000834111903) (2,0,0.705758855174) (3,0,-0.003772604553) (4,0,0.000401295057) (5,0,-0.706240220056) (0,1,-0.000834111903) (1,1,2.000000000000) (2,1,0.707863214281) (3,1,0.999995682608) (0,2,0.705758855174) (1,2,0.707863214281) (2,2,2.000000000000) (3,2,0.705784551966) (4,2,0.708168868009) (6,2,-0.002175498575) (8,2,-0.710060383118) (0,3,-0.003772604553) (1,3,0.999995682608) (2,3,0.705784551966) (3,3,2.000000000000) (0,4,0.000401295057) (2,4,0.708168868009) (4,4,2.000000000000) (5,4,0.707688813929) (6,4,0.704500805546) (8,4,-0.005688913761) (0,5,-0.706240220056) (4,5,0.707688813929) (5,5,2.000000000000) (7,5,0.708975711325) (8,5,0.710538816624) (9,5,0.005178465522) (2,6,-0.002175498575) (4,6,0.704500805546) (6,6,2.000000000000) (7,6,0.703205765743) (8,6,0.705683859204) (5,7,0.708975711325) (6,7,0.703205765743) (7,7,2.000000000000) (8,7,0.007511987671) (9,7,-0.701552035952) (2,8,-0.710060383118) (4,8,-0.005688913761) (5,8,0.710538816624) (6,8,0.705683859204) (7,8,0.007511987671) (8,8,2.000000000000) (9,8,0.707328072348) (5,9,0.005178465522) (7,9,-0.701552035952) (8,9,0.707328072348) (9,9,2.000000000000) (10,9,0.710675438474) (9,10,0.710675438474) (10,10,2.000000000000) 
Minv:
size: 27 27
(0,0,1.000000000000) (1,1,1.000000000000) (2,2,2.000000000000) (3,3,1.000000000000) (4,4,1.000000000000) (5,5,2.000000000000) (6,6,1.000000000000) (7,7,1.000000000000) (8,8,2.000000000000) (9,9,1.000000000000) (10,10,1.000000000000) (11,11,2.000000000000) (12,12,1.000000000000) (13,13,1.000000000000) (14,14,2.000000000000) (15,15,1.000000000000) (16,16,1.000000000000) (17,17,2.000000000000) (18,18,1.000000000000) (19,19,1.000000000000) (20,20,2.000000000000) (21,21,1.000000000000) (22,22,1.000000000000) (23,23,2.000000000000) (24,24,1.000000000000) (25,25,1.000000000000) (26,26,2.000000000000) 
v0:
size: 27 1
(0,0,0.722317829369) (1,0,0.340850258544) (2,0,0.000000000000) (3,0,0.022397843142) (4,0,0.092410820987) (5,0,0.000000000000) (6,0,-0.062071626026) (7,0,0.356865210556) (8,0,0.000000000000) (9,0,-0.824494273378) (10,0,-0.870151581123) (11,0,0.000000000000) (12,0,-0.949760993613) (13,0,-0.189345614964) (14,0,0.000000000000) (15,0,-0.315658295365) (16,0,-0.244584102404) (17,0,0.000000000000) (18,0,0.173728490727) (19,0,-0.966781731731) (20,0,0.000000000000) (21,0,-0.644117907388) (22,0,-0.076755245739) (23,0,0.000000000000) (24,0,0.404714341297) (25,0,-0.638414419318) (26,0,0.000000000000) 
ipopt_sol:
size: 11 1
(0,0,0.000000000000) (1,0,1.173355482614) (2,0,1.065186479717) (3,0,0.000000000000) (4,0,0.584637895353) (5,0,0.034912778867) (6,0,0.000000000000) (7,0,0.291544747004) (8,0,0.371093633257) (9,0,0.138578300404) (10,0,0.514958459378) 
policy_sol:
size: 11 1
(0,0,0.000000000000) (1,0,1.173355480742) (2,0,1.065186470892) (3,0,0.000000000000) (4,0,0.584637890793) (5,0,0.034912790534) (6,0,0.000000000000) (7,0,0.291544740022) (8,0,0.371093621831) (9,0,0.138578302190) (10,0,0.514958458743) 

policy_converges:
1
ipopt_converges:
0
