solve status: 0
N:
size: 27 11
(0,0,-0.999999179167) (1,0,0.001281274800) (18,0,0.999999179167) (19,0,-0.001281274800) (3,1,-0.003381783298) (4,1,-0.999994281755) (6,1,0.003381783298) (7,1,0.999994281755) (3,2,-0.999992883161) (4,2,0.003772747923) (12,2,0.999992883161) (13,2,-0.003772747923) (3,3,-0.707862462760) (4,3,-0.706350291155) (15,3,0.707862462760) (16,3,0.706350291155) (3,4,-0.999993521531) (4,4,0.003599568885) (21,4,0.999993521531) (22,4,-0.003599568885) (9,5,0.001547878210) (10,5,-0.999998802036) (12,5,-0.001547878210) (13,5,0.999998802036) (9,6,-0.999996503320) (10,6,-0.002644493681) (18,6,0.999996503320) (19,6,0.002644493681) (9,7,-0.708724030106) (10,7,-0.705485824911) (21,7,0.708724030106) (22,7,0.705485824911) (12,8,-0.710576415957) (13,8,0.703620037439) (18,8,0.710576415957) (19,8,-0.703620037439) (12,9,-0.999994125149) (13,9,0.003427778770) (21,9,0.999994125149) (22,9,-0.003427778770) (18,10,0.004543325204) (19,10,-0.999989679045) (21,10,-0.004543325204) (22,10,0.999989679045) 
Q:
size: 11 11
(0,0,2.000000000000) (6,0,0.999992294167) (8,0,0.711477363316) (10,0,0.005824583051) (1,1,2.000000000000) (2,1,-0.000390967119) (3,1,0.708740089524) (4,1,-0.000217786913) (1,2,-0.000390967119) (2,2,2.000000000000) (3,2,0.705192543424) (4,2,0.999999985004) (5,2,-0.005320610597) (8,2,-0.713225939934) (9,2,-0.999999940497) (1,3,0.708740089524) (2,3,0.705192543424) (3,3,2.000000000000) (4,3,0.705315320366) (1,4,-0.000217786913) (2,4,0.999999985004) (3,4,0.705315320366) (4,4,2.000000000000) (7,4,0.706179993835) (9,4,0.999999985244) (10,4,-0.008142827504) (2,5,-0.005320610597) (5,5,2.000000000000) (6,5,0.001096617715) (7,5,0.704387961282) (8,5,0.704719080278) (9,5,0.004975643780) (0,6,0.999992294167) (5,6,0.001096617715) (6,6,2.000000000000) (7,6,0.710587204731) (8,6,0.708713212557) (10,6,0.001898842931) (4,7,0.706179993835) (5,7,0.704387961282) (6,7,0.710587204731) (7,7,2.000000000000) (9,7,0.706301617124) (10,7,0.702258579875) (0,8,0.711477363316) (2,8,-0.713225939934) (5,8,0.704719080278) (6,8,0.708713212557) (8,8,2.000000000000) (9,8,0.712984095253) (10,8,0.706841155148) (2,9,-0.999999940497) (4,9,0.999999985244) (5,9,0.004975643780) (7,9,0.706301617124) (8,9,0.712984095253) (9,9,2.000000000000) (10,9,-0.007971041905) (0,10,0.005824583051) (4,10,-0.008142827504) (6,10,0.001898842931) (7,10,0.702258579875) (8,10,0.706841155148) (9,10,-0.007971041905) (10,10,2.000000000000) 
Minv:
size: 27 27
(0,0,1.000000000000) (1,1,1.000000000000) (2,2,2.000000000000) (3,3,1.000000000000) (4,4,1.000000000000) (5,5,2.000000000000) (6,6,1.000000000000) (7,7,1.000000000000) (8,8,2.000000000000) (9,9,1.000000000000) (10,10,1.000000000000) (11,11,2.000000000000) (12,12,1.000000000000) (13,13,1.000000000000) (14,14,2.000000000000) (15,15,1.000000000000) (16,16,1.000000000000) (17,17,2.000000000000) (18,18,1.000000000000) (19,19,1.000000000000) (20,20,2.000000000000) (21,21,1.000000000000) (22,22,1.000000000000) (23,23,2.000000000000) (24,24,1.000000000000) (25,25,1.000000000000) (26,26,2.000000000000) 
v0:
size: 27 1
(0,0,-0.401272705698) (1,0,-0.550354734189) (2,0,0.000000000000) (3,0,0.324421535730) (4,0,0.883011494301) (5,0,0.000000000000) (6,0,-0.999334032750) (7,0,0.584924712817) (8,0,0.000000000000) (9,0,-0.154180340138) (10,0,-0.562004552070) (11,0,0.000000000000) (12,0,0.098625764802) (13,0,-0.616624894926) (14,0,0.000000000000) (15,0,-0.440606812010) (16,0,-0.172555764221) (17,0,0.000000000000) (18,0,-0.785366286026) (19,0,0.273216024209) (20,0,0.000000000000) (21,0,-0.430506413664) (22,0,-0.325261764728) (23,0,0.000000000000) (24,0,0.953111150009) (25,0,0.345264578857) (26,0,0.000000000000) 
ipopt_sol:
size: 11 1
(0,0,0.000000000000) (1,0,0.000000000000) (2,0,0.051993025670) (3,0,1.156853592708) (4,0,0.317443705816) (5,0,0.000000000000) (6,0,0.232819740402) (7,0,0.000000000000) (8,0,1.117403920573) (9,0,0.000000000000) (10,0,0.206241720998) 
policy_sol:
size: 11 1
(0,0,0.000000000000) (1,0,0.000000000000) (2,0,0.051993036859) (3,0,1.156853589744) (4,0,0.317443692986) (5,0,0.000000000000) (6,0,0.232819732879) (7,0,0.000000000000) (8,0,1.117403917658) (9,0,0.000000000000) (10,0,0.206241718480) 

policy_converges:
1
ipopt_converges:
0
