solve status: 0
N:
size: 27 10
(0,0,-0.002103947444) (1,0,-0.999997786700) (6,0,0.002103947444) (7,0,0.999997786700) (3,1,-0.006301660511) (4,1,-0.999980144340) (6,1,0.006301660511) (7,1,0.999980144340) (3,2,-0.709023999455) (4,2,-0.705184350505) (15,2,0.709023999455) (16,2,0.705184350505) (3,3,-0.999999320912) (4,3,-0.001165407998) (21,3,0.999999320912) (22,3,0.001165407998) (9,4,-0.999981229928) (10,4,-0.006126972446) (18,4,0.999981229928) (19,4,0.006126972446) (12,5,-0.711004835346) (13,5,0.703187118848) (18,5,0.711004835346) (19,5,-0.703187118848) (12,6,-0.999978830719) (13,6,-0.006506774457) (21,6,0.999978830719) (22,6,0.006506774457) (15,7,-0.708235091388) (16,7,0.705976667693) (21,7,0.708235091388) (22,7,-0.705976667693) (15,8,-0.999992082958) (16,8,-0.003979198676) (24,8,0.999992082958) (25,8,0.003979198676) (21,9,0.001089806160) (22,9,-0.999999406161) (24,9,-0.001089806160) (25,9,0.999999406161) 
Q:
size: 10 10
(0,0,2.000000000000) (1,0,0.999991189447) (0,1,0.999991189447) (1,1,2.000000000000) (2,1,0.709638377143) (3,1,0.007467041090) (1,2,0.709638377143) (2,2,2.000000000000) (3,2,0.709845345448) (7,2,-0.004311979172) (8,2,-0.711824454716) (1,3,0.007467041090) (2,3,0.709845345448) (3,3,2.000000000000) (6,3,0.999985734692) (7,3,0.707411859579) (9,3,-0.000075601886) (4,4,2.000000000000) (5,4,0.706683081633) (4,5,0.706683081633) (5,5,2.000000000000) (6,5,0.706414303901) (3,6,0.999985734692) (5,6,0.706414303901) (6,6,2.000000000000) (7,6,0.703626467612) (9,6,-0.005416987503) (2,7,-0.004311979172) (3,7,0.707411859579) (6,7,0.703626467612) (7,7,2.000000000000) (8,7,0.705420262839) (9,7,0.706748087422) (2,8,-0.711824454716) (7,8,0.705420262839) (8,8,2.000000000000) (9,8,0.002889398781) (3,9,-0.000075601886) (6,9,-0.005416987503) (7,9,0.706748087422) (8,9,0.002889398781) (9,9,2.000000000000) 
Minv:
size: 27 27
(0,0,1.000000000000) (1,1,1.000000000000) (2,2,2.000000000000) (3,3,1.000000000000) (4,4,1.000000000000) (5,5,2.000000000000) (6,6,1.000000000000) (7,7,1.000000000000) (8,8,2.000000000000) (9,9,1.000000000000) (10,10,1.000000000000) (11,11,2.000000000000) (12,12,1.000000000000) (13,13,1.000000000000) (14,14,2.000000000000) (15,15,1.000000000000) (16,16,1.000000000000) (17,17,2.000000000000) (18,18,1.000000000000) (19,19,1.000000000000) (20,20,2.000000000000) (21,21,1.000000000000) (22,22,1.000000000000) (23,23,2.000000000000) (24,24,1.000000000000) (25,25,1.000000000000) (26,26,2.000000000000) 
v0:
size: 27 1
(0,0,-0.541518424841) (1,0,-0.094982472301) (2,0,0.000000000000) (3,0,0.561254335806) (4,0,0.835663864898) (5,0,0.000000000000) (6,0,0.020102267932) (7,0,-0.168302042345) (8,0,0.000000000000) (9,0,0.537674004267) (10,0,-0.852193152523) (11,0,0.000000000000) (12,0,0.906602217659) (13,0,-0.461310367858) (14,0,0.000000000000) (15,0,0.709564962447) (16,0,-0.086500190980) (17,0,0.000000000000) (18,0,0.210155981527) (19,0,0.276589802616) (20,0,0.000000000000) (21,0,-0.249727597140) (22,0,0.788883238625) (23,0,0.000000000000) (24,0,0.603263460518) (25,0,0.743241809889) (26,0,0.000000000000) 
ipopt_sol:
size: 10 1
(0,0,0.000000000000) (1,0,0.956989511717) (2,0,0.139933076567) (3,0,0.191690938172) (4,0,0.006681754843) (5,0,0.888415490658) (6,0,0.349036262235) (7,0,1.107108833859) (8,0,0.000000000000) (9,0,0.000000000000) 
policy_sol:
size: 10 1
(0,0,0.000000000000) (1,0,0.956989504321) (2,0,0.139933083336) (3,0,0.191690936471) (4,0,0.006681755387) (5,0,0.888415488956) (6,0,0.349036266511) (7,0,1.107108825911) (8,0,0.000000000000) (9,0,0.000000000000) 

policy_converges:
1
ipopt_converges:
0
