solve status: 0
N:
size: 27 18
(0,0,0.001826071666) (1,0,-0.999998332730) (3,0,-0.001826071666) (4,0,0.999998332730) (0,1,0.004632068176) (1,1,-0.999989271915) (6,1,-0.004632068176) (7,1,0.999989271915) (0,2,-0.708186401805) (1,2,-0.706025509665) (12,2,0.708186401805) (13,2,0.706025509665) (0,3,-0.999996535005) (1,3,0.002632485111) (18,3,0.999996535005) (19,3,-0.002632485111) (3,4,-0.705909054106) (4,4,0.708302482934) (9,4,0.705909054106) (10,4,-0.708302482934) (3,5,-0.999995230200) (4,5,0.003088620708) (12,5,0.999995230200) (13,5,-0.003088620708) (3,6,-0.999999479130) (4,6,0.001020656927) (21,6,0.999999479130) (22,6,-0.001020656927) (6,7,-0.707639810665) (7,7,0.706573349597) (12,7,0.707639810665) (13,7,-0.706573349597) (9,8,-0.999999872337) (10,8,-0.000505297625) (18,8,0.999999872337) (19,8,0.000505297625) (9,9,-0.707051782797) (10,9,-0.707161775298) (21,9,0.707051782797) (22,9,0.707161775298) (12,10,-0.001305647600) (13,10,-0.999999147642) (15,10,0.001305647600) (16,10,0.999999147642) (12,11,-0.706895990360) (13,11,0.707317509194) (18,11,0.706895990360) (19,11,-0.707317509194) (12,12,-0.706501696944) (13,12,-0.707711348089) (24,12,0.706501696944) (25,12,0.707711348089) (15,13,-0.705805661331) (16,13,0.708405511295) (21,13,0.705805661331) (22,13,-0.708405511295) (15,14,-0.999976794895) (16,14,0.006812464466) (24,14,0.999976794895) (25,14,-0.006812464466) (18,15,-0.002578452258) (19,15,-0.999996675786) (21,15,0.002578452258) (22,15,0.999996675786) (18,16,0.001246160036) (19,16,-0.999999223542) (24,16,-0.001246160036) (25,16,0.999999223542) (21,17,0.005084015564) (22,17,-0.999987076309) (24,17,-0.005084015564) (25,17,0.999987076309) 
Q:
size: 18 18
(0,0,2.000000000000) (1,0,0.999996063151) (2,0,0.704731133407) (3,0,-0.004458546061) (4,0,0.709590342525) (5,0,0.004914678515) (6,0,0.002846725941) (0,1,0.999996063151) (1,1,2.000000000000) (2,1,0.702737567669) (3,1,-0.007264508995) (7,1,0.709843605265) (0,2,0.704731133407) (1,2,0.702737567669) (2,2,2.000000000000) (3,2,0.706325346301) (5,2,0.706002378888) (7,2,0.002282082024) (10,2,-0.706949549755) (11,2,-0.001229922940) (12,2,-0.999997159859) (0,3,-0.004458546061) (1,3,-0.007264508995) (2,3,0.706325346301) (3,3,2.000000000000) (8,3,0.999995077154) (11,3,0.708755543781) (15,3,0.000054033036) (16,3,0.003878638785) (0,4,0.709590342525) (4,4,2.000000000000) (5,4,0.708093364777) (6,4,0.706631620255) (8,4,-0.705551060426) (9,4,0.001770186081) (0,5,0.004914678515) (2,5,0.706002378888) (4,5,0.708093364777) (5,5,2.000000000000) (6,5,0.999997861754) (7,5,0.709818772444) (10,5,0.001782976703) (11,5,-0.709077254114) (12,5,-0.704312475147) (0,6,0.002846725941) (4,6,0.706631620255) (5,6,0.999997861754) (6,6,2.000000000000) (9,6,0.706329644950) (13,6,0.706528332690) (15,6,0.001557797380) (17,6,0.006104656652) (1,7,0.709843605265) (2,7,0.002282082024) (5,7,0.709818772444) (7,7,2.000000000000) (10,7,0.705648819123) (11,7,-0.999999446479) (12,7,0.000101250707) (3,8,0.999995077154) (4,8,-0.705551060426) (8,8,2.000000000000) (9,8,0.707409019699) (11,8,0.706538494258) (15,8,-0.003083747874) (16,8,0.000740862645) (4,9,0.001770186081) (6,9,0.706329644950) (8,9,0.707409019699) (9,9,2.000000000000) (13,9,-0.001916147846) (15,9,0.708982523807) (17,9,-0.703557973890) (2,10,-0.706949549755) (5,10,0.001782976703) (7,10,0.705648819123) (10,10,2.000000000000) (11,10,-0.706393949253) (12,10,0.708633187111) (13,10,0.707483374012) (14,10,0.005506841357) (2,11,-0.001229922940) (3,11,0.708755543781) (5,11,-0.709077254114) (7,11,-0.999999446479) (8,11,0.706538494258) (10,11,-0.706393949253) (11,11,2.000000000000) (12,11,-0.001153411206) (15,11,0.705492460357) (16,11,0.708197865525) (2,12,-0.999997159859) (5,12,-0.704312475147) (7,12,0.000101250707) (10,12,0.708633187111) (11,12,-0.001153411206) (12,12,2.000000000000) (14,12,0.701664044087) (16,12,0.706830384401) (17,12,0.704110336224) (6,13,0.706528332690) (9,13,-0.001916147846) (10,13,0.707483374012) (13,13,2.000000000000) (14,13,0.710615270410) (15,13,-0.706583270203) (17,13,0.711984683048) (10,14,0.005506841357) (12,14,0.701664044087) (13,14,0.710615270410) (14,14,2.000000000000) (16,14,-0.008058590296) (17,14,-0.011896274013) (3,15,0.000054033036) (6,15,0.001557797380) (8,15,-0.003083747874) (9,15,0.708982523807) (11,15,0.705492460357) (13,15,-0.706583270203) (15,15,2.000000000000) (16,15,0.999992686167) (17,15,-0.999970643247) (3,16,0.003878638785) (8,16,0.000740862645) (11,16,0.708197865525) (12,16,0.706830384401) (14,16,-0.008058590296) (15,16,0.999992686167) (16,16,2.000000000000) (17,16,0.999992635359) (6,17,0.006104656652) (9,17,-0.703557973890) (12,17,0.704110336224) (13,17,0.711984683048) (14,17,-0.011896274013) (15,17,-0.999970643247) (16,17,0.999992635359) (17,17,2.000000000000) 
Minv:
size: 27 27
(0,0,1.000000000000) (1,1,1.000000000000) (2,2,2.000000000000) (3,3,1.000000000000) (4,4,1.000000000000) (5,5,2.000000000000) (6,6,1.000000000000) (7,7,1.000000000000) (8,8,2.000000000000) (9,9,1.000000000000) (10,10,1.000000000000) (11,11,2.000000000000) (12,12,1.000000000000) (13,13,1.000000000000) (14,14,2.000000000000) (15,15,1.000000000000) (16,16,1.000000000000) (17,17,2.000000000000) (18,18,1.000000000000) (19,19,1.000000000000) (20,20,2.000000000000) (21,21,1.000000000000) (22,22,1.000000000000) (23,23,2.000000000000) (24,24,1.000000000000) (25,25,1.000000000000) (26,26,2.000000000000) 
v0:
size: 27 1
(0,0,0.738021833009) (1,0,0.629294562725) (2,0,0.000000000000) (3,0,0.816554507415) (4,0,-0.987032663058) (5,0,0.000000000000) (6,0,-0.986901911715) (7,0,-0.669669599104) (8,0,0.000000000000) (9,0,0.920339057282) (10,0,-0.058619712910) (11,0,0.000000000000) (12,0,-0.796396818064) (13,0,0.621587725483) (14,0,0.000000000000) (15,0,0.606792007105) (16,0,-0.418825747215) (17,0,0.000000000000) (18,0,-0.681319064881) (19,0,0.857677235341) (20,0,0.000000000000) (21,0,0.336170618723) (22,0,0.330605620800) (23,0,0.000000000000) (24,0,-0.490483051684) (25,0,-0.051855867228) (26,0,0.000000000000) 
ipopt_sol:
size: 18 1
(0,0,1.289820386186) (1,0,0.649069720368) (2,0,0.000000000000) (3,0,0.830642632291) (4,0,0.000000000000) (5,0,1.613820633762) (6,0,0.000000000000) (7,0,0.000000000000) (8,0,1.185699361647) (9,0,0.000000000000) (10,0,1.034111983030) (11,0,0.000000000000) (12,0,0.000000000000) (13,0,0.000000000000) (14,0,1.100389053846) (15,0,0.093570810866) (16,0,0.865368848089) (17,0,0.000000000000) 
policy_sol:
size: 18 1
(0,0,1.289820381472) (1,0,0.649069715636) (2,0,0.000000000000) (3,0,0.830642625212) (4,0,0.000000000000) (5,0,1.613820625225) (6,0,0.000000000000) (7,0,0.000000000000) (8,0,1.185699361666) (9,0,0.000000000000) (10,0,1.034111979526) (11,0,0.000000000000) (12,0,0.000000000000) (13,0,0.000000000000) (14,0,1.100389046797) (15,0,0.093570820789) (16,0,0.865368831067) (17,0,0.000000000000) 

policy_converges:
1
ipopt_converges:
0
