solve status: 0
N:
size: 27 10
(0,0,-0.002991899745) (1,0,-0.999995524258) (6,0,0.002991899745) (7,0,0.999995524258) (3,1,-0.002395731571) (4,1,-0.999997130231) (6,1,0.002395731571) (7,1,0.999997130231) (3,2,-0.999993370052) (4,2,0.003641408015) (12,2,0.999993370052) (13,2,-0.003641408015) (3,3,-0.707657371179) (4,3,-0.706555762142) (15,3,0.707657371179) (16,3,0.706555762142) (6,4,-0.705953451632) (7,4,0.708258232659) (12,4,0.705953451632) (13,4,-0.708258232659) (12,5,-0.004445464804) (13,5,-0.999990118873) (15,5,0.004445464804) (16,5,0.999990118873) (15,6,-0.708068927232) (16,6,0.706143324184) (21,6,0.708068927232) (22,6,-0.706143324184) (18,7,-0.001751644049) (19,7,-0.999998465870) (21,7,0.001751644049) (22,7,0.999998465870) (18,8,0.000774864239) (19,8,-0.999999699793) (24,8,-0.000774864239) (25,8,0.999999699793) (21,9,0.003325863209) (22,9,-0.999994469302) (24,9,-0.003325863209) (25,9,0.999994469302) 
Q:
size: 10 10
(0,0,2.000000000000) (1,0,0.999999822290) (4,0,0.706142920726) (0,1,0.999999822290) (1,1,2.000000000000) (2,1,-0.001245681878) (3,1,0.708249091595) (4,1,0.706564925150) (1,2,-0.001245681878) (2,2,2.000000000000) (3,2,0.705079821632) (4,2,0.708527828402) (5,2,-0.000804063297) (1,3,0.708249091595) (2,3,0.705079821632) (3,3,2.000000000000) (5,3,0.709694646511) (6,3,-0.002140561058) (0,4,0.706142920726) (1,4,0.706564925150) (2,4,0.708527828402) (4,4,2.000000000000) (5,4,0.705112943047) (2,5,-0.000804063297) (3,5,0.709694646511) (4,5,0.705112943047) (5,5,2.000000000000) (6,5,0.702988651196) (3,6,-0.002140561058) (5,6,0.702988651196) (6,6,2.000000000000) (7,6,-0.704901956146) (9,6,0.708494359112) (6,7,-0.704901956146) (7,7,2.000000000000) (8,7,0.999996808377) (9,7,-0.999987109452) (7,8,0.999996808377) (8,8,2.000000000000) (9,8,0.999996746188) (6,9,0.708494359112) (7,9,-0.999987109452) (8,9,0.999996746188) (9,9,2.000000000000) 
Minv:
size: 27 27
(0,0,1.000000000000) (1,1,1.000000000000) (2,2,2.000000000000) (3,3,1.000000000000) (4,4,1.000000000000) (5,5,2.000000000000) (6,6,1.000000000000) (7,7,1.000000000000) (8,8,2.000000000000) (9,9,1.000000000000) (10,10,1.000000000000) (11,11,2.000000000000) (12,12,1.000000000000) (13,13,1.000000000000) (14,14,2.000000000000) (15,15,1.000000000000) (16,16,1.000000000000) (17,17,2.000000000000) (18,18,1.000000000000) (19,19,1.000000000000) (20,20,2.000000000000) (21,21,1.000000000000) (22,22,1.000000000000) (23,23,2.000000000000) (24,24,1.000000000000) (25,25,1.000000000000) (26,26,2.000000000000) 
v0:
size: 27 1
(0,0,-0.895921157048) (1,0,-0.110165364384) (2,0,0.000000000000) (3,0,0.256355134329) (4,0,0.706229218298) (5,0,0.000000000000) (6,0,0.171378191452) (7,0,-0.731141892038) (8,0,0.000000000000) (9,0,0.485169390212) (10,0,-0.932449499411) (11,0,0.000000000000) (12,0,-0.532745513646) (13,0,0.552557381889) (14,0,0.000000000000) (15,0,0.193700422312) (16,0,-0.149993014261) (17,0,0.000000000000) (18,0,0.998123387231) (19,0,0.642958524245) (20,0,0.000000000000) (21,0,0.097698288513) (22,0,0.169581504250) (23,0,0.000000000000) (24,0,0.940344309091) (25,0,-0.630984125989) (26,0,0.000000000000) 
ipopt_sol:
size: 10 1
(0,0,0.000000000000) (1,0,1.223540515270) (2,0,0.574501043841) (3,0,0.000000000000) (4,0,0.606845530443) (5,0,0.464161717380) (6,0,0.060985334772) (7,0,1.183086833396) (8,0,0.000000000000) (9,0,1.373295641484) 
policy_sol:
size: 10 1
(0,0,0.000000000000) (1,0,1.223540505431) (2,0,0.574501039008) (3,0,0.000000000000) (4,0,0.606845534110) (5,0,0.464161711680) (6,0,0.060985337209) (7,0,1.183086823980) (8,0,0.000000000000) (9,0,1.373295630921) 

policy_converges:
1
ipopt_converges:
0
