solve status: 0
N:
size: 27 8
(0,0,0.004476631433) (1,0,-0.999989979835) (3,0,-0.004476631433) (4,0,0.999989979835) (0,1,0.001722872626) (1,1,-0.999998515854) (6,1,-0.001722872626) (7,1,0.999998515854) (3,2,-0.001037528425) (4,2,-0.999999461767) (6,2,0.001037528425) (7,2,0.999999461767) (3,3,-0.999991056942) (4,3,0.004229188607) (12,3,0.999991056942) (13,3,-0.004229188607) (6,4,-0.706828961669) (7,4,0.707384491593) (12,4,0.706828961669) (13,4,-0.707384491593) (6,5,-0.999999955155) (7,5,0.000299483002) (15,5,0.999999955155) (16,5,-0.000299483002) (9,6,-0.999998146649) (10,6,0.001925278915) (18,6,0.999998146649) (19,6,-0.001925278915) (21,7,0.000821171901) (22,7,-0.999999662838) (24,7,-0.000821171901) (25,7,0.999999662838) 
Q:
size: 8 8
(0,0,2.000000000000) (1,0,0.999996208370) (2,0,-0.999984796976) (3,0,0.008705737628) (0,1,0.999996208370) (1,1,2.000000000000) (2,1,0.999996190093) (4,1,0.708601218000) (5,1,0.002022355106) (0,2,-0.999984796976) (1,2,0.999996190093) (2,2,2.000000000000) (3,2,-0.003191667184) (4,2,0.706650755716) (5,2,-0.000738045538) (0,3,0.008705737628) (2,3,-0.003191667184) (3,3,2.000000000000) (4,3,0.709814302889) (1,4,0.708601218000) (2,4,0.706650755716) (3,4,0.709814302889) (4,4,2.000000000000) (5,4,0.707040779602) (1,5,0.002022355106) (2,5,-0.000738045538) (4,5,0.707040779602) (5,5,2.000000000000) (6,6,2.000000000000) (7,7,2.000000000000) 
Minv:
size: 27 27
(0,0,1.000000000000) (1,1,1.000000000000) (2,2,2.000000000000) (3,3,1.000000000000) (4,4,1.000000000000) (5,5,2.000000000000) (6,6,1.000000000000) (7,7,1.000000000000) (8,8,2.000000000000) (9,9,1.000000000000) (10,10,1.000000000000) (11,11,2.000000000000) (12,12,1.000000000000) (13,13,1.000000000000) (14,14,2.000000000000) (15,15,1.000000000000) (16,16,1.000000000000) (17,17,2.000000000000) (18,18,1.000000000000) (19,19,1.000000000000) (20,20,2.000000000000) (21,21,1.000000000000) (22,22,1.000000000000) (23,23,2.000000000000) (24,24,1.000000000000) (25,25,1.000000000000) (26,26,2.000000000000) 
v0:
size: 27 1
(0,0,0.063364569710) (1,0,-0.495515223811) (2,0,0.000000000000) (3,0,-0.545233363425) (4,0,-0.694113482281) (5,0,0.000000000000) (6,0,-0.218172301653) (7,0,-0.996568988657) (8,0,0.000000000000) (9,0,0.571155953349) (10,0,0.133525982444) (11,0,0.000000000000) (12,0,-0.717992685114) (13,0,0.554267575515) (14,0,0.000000000000) (15,0,-0.577708043457) (16,0,0.602118214644) (17,0,0.000000000000) (18,0,0.029521035008) (19,0,0.485280273141) (20,0,0.000000000000) (21,0,0.580613772840) (22,0,0.975183662586) (23,0,0.000000000000) (24,0,0.536829981900) (25,0,0.375100266554) (26,0,0.000000000000) 
ipopt_sol:
size: 8 1
(0,0,0.195871799889) (1,0,0.000000000000) (2,0,0.000000000000) (3,0,0.000000000000) (4,0,1.450325271314) (5,0,0.000000000000) (6,0,0.542311139621) (7,0,0.600047239688) 
policy_sol:
size: 8 1
(0,0,0.195871799845) (1,0,0.000000000000) (2,0,0.000000000000) (3,0,0.000000000000) (4,0,1.450325257154) (5,0,0.000000000000) (6,0,0.542311139621) (7,0,0.600047239688) 

policy_converges:
1
ipopt_converges:
0
