solve status: 0
N:
size: 27 14
(0,0,0.000879383234) (1,0,-0.999999613342) (3,0,-0.000879383234) (4,0,0.999999613342) (0,1,-0.003013876761) (1,1,-0.999995458263) (6,1,0.003013876761) (7,1,0.999995458263) (3,2,-0.006904063173) (4,2,-0.999976166672) (6,2,0.006904063173) (7,2,0.999976166672) (3,3,-0.708640693065) (4,3,0.705569534584) (9,3,0.708640693065) (10,3,-0.705569534584) (3,4,-0.999991638614) (4,4,-0.004089340165) (12,4,0.999991638614) (13,4,0.004089340165) (3,5,-0.708205581592) (4,5,-0.706006270653) (15,5,0.708205581592) (16,5,0.706006270653) (3,6,-0.999999998583) (4,6,-0.000053239379) (21,6,0.999999998583) (22,6,0.000053239379) (6,7,-0.707964153663) (7,7,0.706248367877) (12,7,0.707964153663) (13,7,-0.706248367877) (9,8,-0.003346960780) (10,8,-0.999994398911) (12,8,0.003346960780) (13,8,0.999994398911) (9,9,-0.000766557314) (10,9,-0.999999706195) (15,9,0.000766557314) (16,9,0.999999706195) (9,10,-0.707393427845) (10,10,-0.706820018280) (21,10,0.707393427845) (22,10,0.706820018280) (12,11,0.001828015166) (13,11,-0.999998329179) (15,11,-0.001828015166) (16,11,0.999998329179) (12,12,-0.999991903860) (13,12,0.004023955119) (21,12,0.999991903860) (22,12,-0.004023955119) (15,13,-0.705949273545) (16,13,0.708262397125) (21,13,0.705949273545) (22,13,-0.708262397125) 
Q:
size: 14 14
(0,0,2.000000000000) (1,0,0.999992421255) (2,0,-0.999969708706) (3,0,0.706192428515) (4,0,-0.003209962702) (5,0,-0.705383213556) (6,0,0.000826143875) (0,1,0.999992421255) (1,1,2.000000000000) (2,1,0.999992433039) (7,1,0.704111443573) (0,2,-0.999969708706) (1,2,0.999992433039) (2,2,2.000000000000) (3,2,-0.700660218402) (4,2,0.010993248148) (5,2,0.710878940249) (6,2,0.006957301273) (7,2,0.701343706387) (0,3,0.706192428515) (2,3,-0.700660218402) (3,3,2.000000000000) (4,3,0.705749454009) (5,3,0.003726778374) (6,3,0.708603127976) (8,3,0.703193790019) (9,3,0.705026113578) (10,3,-0.002577097645) (0,4,-0.003209962702) (2,4,0.010993248148) (3,4,0.705749454009) (4,4,2.000000000000) (5,4,0.711086759811) (6,4,0.999991854910) (7,4,0.705070144283) (8,4,0.007436250055) (11,4,-0.002261333451) (12,4,-0.999967087220) (0,5,-0.705383213556) (2,5,0.710878940249) (3,5,0.003726778374) (4,5,0.711086759811) (5,5,2.000000000000) (6,5,0.708243167924) (9,5,0.706548943393) (11,5,0.704710480499) (13,5,0.000080477792) (0,6,0.000826143875) (2,6,0.006957301273) (3,6,0.708603127976) (4,6,0.999991854910) (5,6,0.708243167924) (6,6,2.000000000000) (10,6,0.707431057501) (12,6,0.999991688210) (13,6,0.705911565095) (1,7,0.704111443573) (2,7,0.701343706387) (4,7,0.705070144283) (7,7,2.000000000000) (8,7,-0.703874883861) (11,7,0.707541357072) (12,7,-0.710800333621) (3,8,0.703193790019) (4,8,0.007436250055) (7,8,-0.703874883861) (8,8,2.000000000000) (9,8,0.999996670745) (10,8,0.709183677378) (11,8,-0.999986609804) (12,8,0.000676998898) (3,9,0.705026113578) (5,9,0.706548943393) (8,9,0.999996670745) (9,9,2.000000000000) (10,9,0.707362068219) (11,9,0.999996634096) (13,9,0.707721038455) (3,10,-0.002577097645) (6,10,0.707431057501) (8,10,0.709183677378) (9,10,0.707362068219) (10,10,2.000000000000) (12,10,0.704543488658) (13,10,-0.001230163985) (4,11,-0.002261333451) (5,11,0.704710480499) (7,11,0.707541357072) (8,11,-0.999986609804) (9,11,0.999996634096) (11,11,2.000000000000) (12,11,-0.005851948762) (13,11,0.709551699724) (4,12,-0.999967087220) (6,12,0.999991688210) (7,12,-0.710800333621) (8,12,0.000676998898) (10,12,0.704543488658) (11,12,-0.005851948762) (12,12,2.000000000000) (13,12,0.708793574180) (5,13,0.000080477792) (6,13,0.705911565095) (9,13,0.707721038455) (10,13,-0.001230163985) (11,13,0.709551699724) (12,13,0.708793574180) (13,13,2.000000000000) 
Minv:
size: 27 27
(0,0,1.000000000000) (1,1,1.000000000000) (2,2,2.000000000000) (3,3,1.000000000000) (4,4,1.000000000000) (5,5,2.000000000000) (6,6,1.000000000000) (7,7,1.000000000000) (8,8,2.000000000000) (9,9,1.000000000000) (10,10,1.000000000000) (11,11,2.000000000000) (12,12,1.000000000000) (13,13,1.000000000000) (14,14,2.000000000000) (15,15,1.000000000000) (16,16,1.000000000000) (17,17,2.000000000000) (18,18,1.000000000000) (19,19,1.000000000000) (20,20,2.000000000000) (21,21,1.000000000000) (22,22,1.000000000000) (23,23,2.000000000000) (24,24,1.000000000000) (25,25,1.000000000000) (26,26,2.000000000000) 
v0:
size: 27 1
(0,0,-0.338747979465) (1,0,0.014679070350) (2,0,0.000000000000) (3,0,0.167831345201) (4,0,-0.239514537758) (5,0,0.000000000000) (6,0,0.277092973836) (7,0,-0.365242757087) (8,0,0.000000000000) (9,0,0.356845047210) (10,0,0.627439024890) (11,0,0.000000000000) (12,0,-0.045796157729) (13,0,-0.034387738439) (14,0,0.000000000000) (15,0,0.766000528785) (16,0,-0.950110114055) (17,0,0.000000000000) (18,0,0.580927084099) (19,0,-0.940968448999) (20,0,0.000000000000) (21,0,-0.095133753909) (22,0,-0.099974292785) (23,0,0.000000000000) (24,0,0.830316242599) (25,0,0.965089290663) (26,0,0.000000000000) 
ipopt_sol:
size: 14 1
(0,0,0.318103016522) (1,0,0.000000000000) (2,0,0.126766570152) (3,0,0.000000000000) (4,0,0.051501676889) (5,0,0.000000000000) (6,0,0.000000000000) (7,0,0.447620509418) (8,0,1.212242989562) (9,0,0.000000000000) (10,0,0.404536521758) (11,0,1.070363776533) (12,0,0.000000000000) (13,0,0.830545971187) 
policy_sol:
size: 14 1
(0,0,0.318103003840) (1,0,0.000000000000) (2,0,0.126766554802) (3,0,0.000000000000) (4,0,0.051501665864) (5,0,0.000000000000) (6,0,0.000000000000) (7,0,0.447620520829) (8,0,1.212242979888) (9,0,0.000000000000) (10,0,0.404536514624) (11,0,1.070363760986) (12,0,0.000000000000) (13,0,0.830545966108) 

policy_converges:
1
ipopt_converges:
0
