solve status: 0
N:
size: 27 13
(0,0,0.003236650051) (1,0,-0.999994762035) (6,0,-0.003236650051) (7,0,0.999994762035) (0,1,-0.999979399375) (1,1,0.006418786997) (9,1,0.999979399375) (10,1,-0.006418786997) (0,2,-0.706896634884) (1,2,-0.707316865054) (12,2,0.706896634884) (13,2,0.707316865054) (3,3,0.004102126390) (4,3,-0.999991586244) (6,3,-0.004102126390) (7,3,0.999991586244) (3,4,-0.999995573480) (4,4,-0.002975402503) (21,4,0.999995573480) (22,4,0.002975402503) (6,5,-0.999994578326) (7,5,-0.003292919337) (24,5,0.999994578326) (25,5,0.003292919337) (9,6,0.001070740937) (10,6,-0.999999426757) (12,6,-0.001070740937) (13,6,0.999999426757) (9,7,-0.704752179222) (10,7,-0.709453568517) (21,7,0.704752179222) (22,7,0.709453568517) (12,8,-0.707616046945) (13,8,0.706597148385) (18,8,0.707616046945) (19,8,-0.706597148385) (12,9,-0.999999717121) (13,9,-0.000752169187) (21,9,0.999999717121) (22,9,0.000752169187) (12,10,-0.707042054571) (13,10,-0.707171501878) (24,10,0.707042054571) (25,10,0.707171501878) (15,11,-0.708095188982) (16,11,0.706116989840) (21,11,0.708095188982) (22,11,-0.706116989840) (15,12,-0.999995819089) (16,12,-0.002891678393) (24,12,0.999995819089) (25,12,0.002891678393) 
Q:
size: 13 13
(0,0,2.000000000000) (1,0,-0.009655336749) (2,0,0.705025183123) (3,0,0.999999625470) (5,0,-0.000056269586) (0,1,-0.009655336749) (1,1,2.000000000000) (2,1,0.702341956075) (6,1,0.007489502196) (7,1,-0.700183829546) (0,2,0.705025183123) (1,2,0.702341956075) (2,2,2.000000000000) (6,2,0.706559556424) (8,2,-0.000423322524) (9,2,-0.707428456869) (10,2,-0.999999978861) (0,3,0.999999625470) (3,3,2.000000000000) (4,3,-0.001126730763) (5,3,0.000809212518) (3,4,-0.001126730763) (4,4,2.000000000000) (7,4,0.706859969546) (9,4,0.999997528608) (11,4,0.705991072326) (0,5,-0.000056269586) (3,5,0.000809212518) (5,5,2.000000000000) (10,5,0.709366879933) (12,5,0.999999919502) (1,6,0.007489502196) (2,6,0.706559556424) (6,6,2.000000000000) (7,6,0.708698554819) (8,6,0.707354416802) (9,6,0.000318571878) (10,6,-0.706414037624) (1,7,-0.700183829546) (4,7,0.706859969546) (6,7,0.708698554819) (7,7,2.000000000000) (9,7,0.705285608976) (11,7,-0.001925590700) (2,8,-0.000423322524) (6,8,0.707354416802) (8,8,2.000000000000) (9,8,0.707084366173) (10,8,0.000628937034) (2,9,-0.707428456869) (4,9,0.999997528608) (6,9,0.000318571878) (7,9,0.705285608976) (8,9,0.707084366173) (9,9,2.000000000000) (10,9,0.707573767177) (11,9,0.707563869235) (2,10,-0.999999978861) (5,10,0.709366879933) (6,10,-0.706414037624) (8,10,0.000628937034) (9,10,0.707573767177) (10,10,2.000000000000) (12,10,0.709084011044) (4,11,0.705991072326) (7,11,-0.001925590700) (9,11,0.707563869235) (11,11,2.000000000000) (12,11,0.706050365257) (5,12,0.999999919502) (10,12,0.709084011044) (11,12,0.706050365257) (12,12,2.000000000000) 
Minv:
size: 27 27
(0,0,1.000000000000) (1,1,1.000000000000) (2,2,2.000000000000) (3,3,1.000000000000) (4,4,1.000000000000) (5,5,2.000000000000) (6,6,1.000000000000) (7,7,1.000000000000) (8,8,2.000000000000) (9,9,1.000000000000) (10,10,1.000000000000) (11,11,2.000000000000) (12,12,1.000000000000) (13,13,1.000000000000) (14,14,2.000000000000) (15,15,1.000000000000) (16,16,1.000000000000) (17,17,2.000000000000) (18,18,1.000000000000) (19,19,1.000000000000) (20,20,2.000000000000) (21,21,1.000000000000) (22,22,1.000000000000) (23,23,2.000000000000) (24,24,1.000000000000) (25,25,1.000000000000) (26,26,2.000000000000) 
v0:
size: 27 1
(0,0,0.203752173843) (1,0,0.896987819339) (2,0,0.000000000000) (3,0,-0.898824571495) (4,0,0.966202196347) (5,0,0.000000000000) (6,0,0.536402608472) (7,0,0.544744301010) (8,0,0.000000000000) (9,0,-0.723287523363) (10,0,0.740291731574) (11,0,0.000000000000) (12,0,0.815195685134) (13,0,-0.667607546037) (14,0,0.000000000000) (15,0,0.668692462634) (16,0,0.691535949089) (17,0,0.000000000000) (18,0,0.646498913740) (19,0,-0.651106319924) (20,0,0.000000000000) (21,0,-0.943001348480) (22,0,0.039217888384) (23,0,0.000000000000) (24,0,-0.416805590780) (25,0,0.364133526625) (26,0,0.000000000000) 
ipopt_sol:
size: 13 1
(0,0,0.000000000000) (1,0,0.655379854315) (2,0,0.758520610235) (3,0,0.427120434419) (4,0,0.000000000000) (5,0,0.547206460419) (6,0,1.138798884906) (7,0,0.000000000000) (8,0,0.000000000000) (9,0,2.025783040832) (10,0,0.000000000000) (11,0,0.000000000000) (12,0,0.812837056445) 
policy_sol:
size: 13 1
(0,0,0.000000000000) (1,0,0.655379860824) (2,0,0.758520601814) (3,0,0.427120429425) (4,0,0.000000000000) (5,0,0.547206460410) (6,0,1.138798884312) (7,0,0.000000000000) (8,0,0.000000000000) (9,0,2.025783018716) (10,0,0.000000000000) (11,0,0.000000000000) (12,0,0.812837049374) 

policy_converges:
1
ipopt_converges:
0
