solve status: 0
N:
size: 27 13
(0,0,0.007789286296) (1,0,-0.999969663049) (3,0,-0.007789286296) (4,0,0.999969663049) (0,1,0.001722928655) (1,1,-0.999998515757) (6,1,-0.001722928655) (7,1,0.999998515757) (0,2,-0.999967300899) (1,2,-0.008086849404) (9,2,0.999967300899) (10,2,0.008086849404) (0,3,-0.999997485601) (1,3,-0.002242496642) (18,3,0.999997485601) (19,3,0.002242496642) (3,4,-0.004341141835) (4,4,-0.999990577199) (6,4,0.004341141835) (7,4,0.999990577199) (6,5,-0.708576901491) (7,5,0.705633598033) (12,5,0.708576901491) (13,5,-0.705633598033) (6,6,-0.999997769000) (7,6,0.002112343371) (15,6,0.999997769000) (16,6,-0.002112343371) (6,7,-0.999999992658) (7,7,0.000121177199) (24,7,0.999999992658) (25,7,-0.000121177199) (12,8,0.003771519592) (13,8,-0.999992887795) (15,8,-0.003771519592) (16,8,0.999992887795) (12,9,-0.999991398636) (13,9,0.004147608144) (21,9,0.999991398636) (22,9,-0.004147608144) (12,10,-0.705698964843) (13,10,-0.708511800198) (24,10,0.705698964843) (25,10,0.708511800198) (15,11,-0.705911596148) (16,11,0.708299949473) (21,11,0.705911596148) (22,11,-0.708299949473) (15,12,-0.999998248378) (16,12,-0.001871694508) (24,12,0.999998248378) (25,12,0.001871694508) 
Q:
size: 13 13
(0,0,2.000000000000) (1,0,0.999981599236) (2,0,0.000297572480) (3,0,-0.005546838100) (4,0,-0.999926426138) (0,1,0.999981599236) (1,1,2.000000000000) (2,1,0.006363965084) (3,1,0.000519568990) (4,1,0.999981613493) (5,1,0.706853378150) (6,1,0.003835265047) (7,1,0.001844105662) (0,2,0.000297572480) (1,2,0.006363965084) (2,2,2.000000000000) (3,2,0.999982921315) (0,3,-0.005546838100) (1,3,0.000519568990) (2,3,0.999982921315) (3,3,2.000000000000) (0,4,-0.999926426138) (1,4,0.999981613493) (4,4,2.000000000000) (5,4,0.702550916158) (6,4,-0.002228808683) (7,4,-0.004219965746) (1,5,0.706853378150) (4,5,0.702550916158) (5,5,2.000000000000) (6,5,0.710065861109) (7,5,0.708662402992) (8,5,0.708300991088) (9,5,-0.711497498422) (10,5,-0.000092255071) (1,6,0.003835265047) (4,6,-0.002228808683) (5,6,0.710065861109) (6,6,2.000000000000) (7,6,0.999998017626) (8,6,-0.005883839525) (11,6,-0.707406193963) (12,6,-0.999992063721) (1,7,0.001844105662) (4,7,-0.004219965746) (5,7,0.708662402992) (6,7,0.999998017626) (7,7,2.000000000000) (10,7,0.705613104186) (12,7,0.999998014230) (5,8,0.708300991088) (6,8,-0.005883839525) (8,8,2.000000000000) (9,8,-0.007919065797) (10,8,0.705845203645) (11,8,0.710957271313) (12,8,0.001899831789) (5,9,-0.711497498422) (8,9,-0.007919065797) (9,9,2.000000000000) (10,9,0.702754265557) (11,9,0.708843274985) (5,10,-0.000092255071) (7,10,0.705613104186) (8,10,0.705845203645) (9,10,0.702754265557) (10,10,2.000000000000) (12,10,0.707023846370) (6,11,-0.707406193963) (8,11,0.710957271313) (9,11,0.708843274985) (11,11,2.000000000000) (12,11,0.704584638533) (6,12,-0.999992063721) (7,12,0.999998014230) (8,12,0.001899831789) (10,12,0.707023846370) (11,12,0.704584638533) (12,12,2.000000000000) 
Minv:
size: 27 27
(0,0,1.000000000000) (1,1,1.000000000000) (2,2,2.000000000000) (3,3,1.000000000000) (4,4,1.000000000000) (5,5,2.000000000000) (6,6,1.000000000000) (7,7,1.000000000000) (8,8,2.000000000000) (9,9,1.000000000000) (10,10,1.000000000000) (11,11,2.000000000000) (12,12,1.000000000000) (13,13,1.000000000000) (14,14,2.000000000000) (15,15,1.000000000000) (16,16,1.000000000000) (17,17,2.000000000000) (18,18,1.000000000000) (19,19,1.000000000000) (20,20,2.000000000000) (21,21,1.000000000000) (22,22,1.000000000000) (23,23,2.000000000000) (24,24,1.000000000000) (25,25,1.000000000000) (26,26,2.000000000000) 
v0:
size: 27 1
(0,0,0.415916363059) (1,0,0.604675492995) (2,0,0.000000000000) (3,0,-0.557168147214) (4,0,0.107758722529) (5,0,0.000000000000) (6,0,0.997665754143) (7,0,-0.517532260269) (8,0,0.000000000000) (9,0,-0.622675685064) (10,0,-0.545791615653) (11,0,0.000000000000) (12,0,0.805638433790) (13,0,0.564243543734) (14,0,0.000000000000) (15,0,0.582636752012) (16,0,-0.497989105514) (17,0,0.000000000000) (18,0,0.152110754076) (19,0,-0.950118387327) (20,0,0.000000000000) (21,0,-0.592693378288) (22,0,0.800444312337) (23,0,0.000000000000) (24,0,-0.470804567133) (25,0,0.908664001068) (26,0,0.000000000000) 
ipopt_sol:
size: 13 1
(0,0,0.000000000000) (1,0,1.040504386319) (2,0,1.044550879557) (3,0,0.000000000000) (4,0,0.047402597395) (5,0,0.153381741881) (6,0,0.114615495006) (7,0,1.356128189335) (8,0,0.576971794444) (9,0,1.022961593629) (10,0,0.000000000000) (11,0,1.222238482184) (12,0,0.000000000000) 
policy_sol:
size: 13 1
(0,0,0.000000000000) (1,0,1.040504376138) (2,0,1.044550874588) (3,0,0.000000000000) (4,0,0.047402607162) (5,0,0.153381742734) (6,0,0.114615509764) (7,0,1.356128173179) (8,0,0.576971788622) (9,0,1.022961588397) (10,0,0.000000000000) (11,0,1.222238487821) (12,0,0.000000000000) 

policy_converges:
1
ipopt_converges:
0
