solve status: 0
N:
size: 27 12
(0,0,-0.999999919182) (1,0,-0.000402039869) (18,0,0.999999919182) (19,0,0.000402039869) (3,1,0.004475559491) (4,1,-0.999989984633) (6,1,-0.004475559491) (7,1,0.999989984633) (3,2,-0.999999278268) (4,2,0.001201442108) (12,2,0.999999278268) (13,2,-0.001201442108) (3,3,-0.707107979615) (4,3,-0.707105582756) (15,3,0.707107979615) (16,3,0.707105582756) (3,4,-0.999999946009) (4,4,0.000328605677) (21,4,0.999999946009) (22,4,-0.000328605677) (9,5,-0.003349417435) (10,5,-0.999994390686) (12,5,0.003349417435) (13,5,0.999994390686) (9,6,-0.999990301261) (10,6,-0.004404246079) (18,6,0.999990301261) (19,6,0.004404246079) (9,7,-0.705947333080) (10,7,-0.708264331247) (21,7,0.705947333080) (22,7,0.708264331247) (12,8,-0.705575131408) (13,8,0.708635120453) (18,8,0.705575131408) (19,8,-0.708635120453) (12,9,-0.999999853054) (13,9,-0.000542117259) (21,9,0.999999853054) (22,9,0.000542117259) (15,10,-0.706652688385) (16,10,0.707560582564) (21,10,0.706652688385) (22,10,-0.707560582564) (15,11,-0.999972065159) (16,11,0.007474550258) (24,11,0.999972065159) (25,11,-0.007474550258) 
Q:
size: 12 12
(0,0,2.000000000000) (6,0,0.999991991126) (8,0,0.705290174813) (1,1,2.000000000000) (2,1,-0.005676986336) (3,1,0.703933797005) (4,1,-0.004804161635) (1,2,-0.005676986336) (2,2,2.000000000000) (3,2,0.706257922851) (4,2,0.999999619078) (5,2,0.002147979650) (8,2,-0.706426006244) (9,2,-0.999998480000) (1,3,0.703933797005) (2,3,0.706257922851) (3,3,2.000000000000) (4,3,0.706875582529) (10,3,0.000640283296) (11,3,-0.701802930450) (1,4,-0.004804161635) (2,4,0.999999619078) (3,4,0.706875582529) (4,4,2.000000000000) (7,4,0.705714555286) (9,4,0.999999620921) (10,4,0.706885158656) (2,5,0.002147979650) (5,5,2.000000000000) (6,5,0.007753606325) (7,5,0.710624870676) (8,5,0.706267879848) (9,5,-0.003891531161) (0,6,0.999991991126) (5,6,0.007753606325) (6,6,2.000000000000) (7,6,0.709059856686) (8,6,0.702447284768) (4,7,0.705714555286) (5,7,0.710624870676) (6,7,0.709059856686) (7,7,2.000000000000) (9,7,0.706331191662) (10,7,-0.002280342048) (0,8,0.705290174813) (2,8,-0.706426006244) (5,8,0.706267879848) (6,8,0.702447284768) (8,8,2.000000000000) (9,8,0.705190864398) (2,9,-0.999998480000) (4,9,0.999999620921) (5,9,-0.003891531161) (7,9,0.706331191662) (8,9,0.705190864398) (9,9,2.000000000000) (10,9,0.706269003742) (3,10,0.000640283296) (4,10,0.706885158656) (7,10,-0.002280342048) (9,10,0.706269003742) (10,10,2.000000000000) (11,10,0.711921645289) (3,11,-0.701802930450) (10,11,0.711921645289) (11,11,2.000000000000) 
Minv:
size: 27 27
(0,0,1.000000000000) (1,1,1.000000000000) (2,2,2.000000000000) (3,3,1.000000000000) (4,4,1.000000000000) (5,5,2.000000000000) (6,6,1.000000000000) (7,7,1.000000000000) (8,8,2.000000000000) (9,9,1.000000000000) (10,10,1.000000000000) (11,11,2.000000000000) (12,12,1.000000000000) (13,13,1.000000000000) (14,14,2.000000000000) (15,15,1.000000000000) (16,16,1.000000000000) (17,17,2.000000000000) (18,18,1.000000000000) (19,19,1.000000000000) (20,20,2.000000000000) (21,21,1.000000000000) (22,22,1.000000000000) (23,23,2.000000000000) (24,24,1.000000000000) (25,25,1.000000000000) (26,26,2.000000000000) 
v0:
size: 27 1
(0,0,-0.455080203474) (1,0,-0.670029914640) (2,0,0.000000000000) (3,0,0.930301893734) (4,0,-0.096121433500) (5,0,0.000000000000) (6,0,-0.784450839550) (7,0,-0.574045150157) (8,0,0.000000000000) (9,0,0.970745639588) (10,0,-0.251950703059) (11,0,0.000000000000) (12,0,0.549355961348) (13,0,-0.664045107147) (14,0,0.000000000000) (15,0,0.244821634528) (16,0,0.219057467144) (17,0,0.000000000000) (18,0,-0.726071075478) (19,0,0.208025081403) (20,0,0.000000000000) (21,0,-0.948547359816) (22,0,0.540472329822) (23,0,0.000000000000) (24,0,0.182725472557) (25,0,0.642771426522) (26,0,0.000000000000) 
ipopt_sol:
size: 12 1
(0,0,0.000000000000) (1,0,0.474159730674) (2,0,0.000000000000) (3,0,0.000000000000) (4,0,1.629951394035) (5,0,0.076308660516) (6,0,1.363978037896) (7,0,0.000000000000) (8,0,0.940997440516) (9,0,0.201032692752) (10,0,0.423632094419) (11,0,0.000000000000) 
policy_sol:
size: 12 1
(0,0,0.000000000000) (1,0,0.474159727143) (2,0,0.000000000000) (3,0,0.000000000000) (4,0,1.629951377578) (5,0,0.076308656630) (6,0,1.363978028993) (7,0,0.000000000000) (8,0,0.940997441577) (9,0,0.201032702429) (10,0,0.423632093267) (11,0,0.000000000000) 

policy_converges:
1
ipopt_converges:
0
