solve status: 0
N:
size: 27 14
(0,0,0.002665727774) (1,0,-0.999996446941) (3,0,-0.002665727774) (4,0,0.999996446941) (0,1,-0.002104878031) (1,1,-0.999997784742) (6,1,0.002104878031) (7,1,0.999997784742) (6,2,-0.705707192057) (7,2,0.708503605551) (12,2,0.705707192057) (13,2,-0.708503605551) (6,3,-0.999992695821) (7,3,0.003822081206) (15,3,0.999992695821) (16,3,-0.003822081206) (6,4,-0.999999607440) (7,4,-0.000886069963) (24,4,0.999999607440) (25,4,0.000886069963) (9,5,-0.001427229761) (10,5,-0.999998981507) (12,5,0.001427229761) (13,5,0.999998981507) (9,6,-0.003953428009) (10,6,-0.999992185173) (15,6,0.003953428009) (16,6,0.999992185173) (9,7,-0.999978694050) (10,7,0.006527744325) (18,7,0.999978694050) (19,7,-0.006527744325) (9,8,-0.709750006641) (10,8,-0.704453637987) (21,8,0.709750006641) (22,8,0.704453637987) (12,9,-0.006478810739) (13,9,-0.999979012285) (15,9,0.006478810739) (16,9,0.999979012285) (12,10,-0.707704954044) (13,10,-0.706508101880) (24,10,0.707704954044) (25,10,0.706508101880) (15,11,-0.704452170024) (16,11,0.709751463647) (21,11,0.704452170024) (22,11,-0.709751463647) (18,12,0.007912760593) (19,12,-0.999968693620) (21,12,-0.007912760593) (22,12,0.999968693620) (18,13,0.001484486149) (19,13,-0.999998898150) (24,13,-0.001484486149) (25,13,0.999998898150) 
Q:
size: 14 14
(0,0,2.000000000000) (1,0,0.999988620659) (0,1,0.999988620659) (1,1,2.000000000000) (2,1,0.707016608468) (3,1,0.001717210083) (4,1,-0.002990945204) (1,2,0.707016608468) (2,2,2.000000000000) (3,2,0.708409995761) (4,2,0.705079131261) (5,2,-0.707495677638) (9,2,0.703916592345) (10,2,0.001131061609) (1,3,0.001717210083) (2,3,0.708409995761) (3,3,2.000000000000) (4,3,0.999988916632) (6,3,0.000131347795) (9,3,0.002656762428) (11,3,-0.707159752309) (1,4,-0.002990945204) (2,4,0.705079131261) (3,4,0.999988916632) (4,4,2.000000000000) (10,4,0.708330691835) (13,4,-0.000598416580) (2,5,-0.707495677638) (5,5,2.000000000000) (6,5,0.999996809138) (7,5,-0.005100538324) (8,5,0.705465896839) (9,5,-0.999987240565) (10,5,-0.707517439879) (3,6,0.000131347795) (5,6,0.999996809138) (6,6,2.000000000000) (7,6,-0.002574349535) (8,6,0.707254078359) (9,6,0.999996811134) (11,6,0.706960916122) (5,7,-0.005100538324) (6,7,-0.002574349535) (7,7,2.000000000000) (8,7,0.705136391505) (12,7,0.014440131969) (13,7,0.008012191653) (5,8,0.705465896839) (6,8,0.707254078359) (7,8,0.705136391505) (8,8,2.000000000000) (11,8,-0.000002068280) (12,8,0.698815502211) (2,9,0.703916592345) (3,9,0.002656762428) (5,9,-0.999987240565) (6,9,0.999996811134) (9,9,2.000000000000) (10,9,0.711078360346) (11,9,0.705172555301) (2,10,0.001131061609) (4,10,0.708330691835) (5,10,-0.707517439879) (9,10,0.711078360346) (10,10,2.000000000000) (13,10,0.705456745212) (3,11,-0.707159752309) (6,11,0.706960916122) (8,11,-0.000002068280) (9,11,0.705172555301) (11,11,2.000000000000) (12,11,-0.715303405268) (7,12,0.014440131969) (8,12,0.698815502211) (11,12,-0.715303405268) (12,12,2.000000000000) (13,12,0.999979338188) (4,13,-0.000598416580) (7,13,0.008012191653) (10,13,0.705456745212) (12,13,0.999979338188) (13,13,2.000000000000) 
Minv:
size: 27 27
(0,0,1.000000000000) (1,1,1.000000000000) (2,2,2.000000000000) (3,3,1.000000000000) (4,4,1.000000000000) (5,5,2.000000000000) (6,6,1.000000000000) (7,7,1.000000000000) (8,8,2.000000000000) (9,9,1.000000000000) (10,10,1.000000000000) (11,11,2.000000000000) (12,12,1.000000000000) (13,13,1.000000000000) (14,14,2.000000000000) (15,15,1.000000000000) (16,16,1.000000000000) (17,17,2.000000000000) (18,18,1.000000000000) (19,19,1.000000000000) (20,20,2.000000000000) (21,21,1.000000000000) (22,22,1.000000000000) (23,23,2.000000000000) (24,24,1.000000000000) (25,25,1.000000000000) (26,26,2.000000000000) 
v0:
size: 27 1
(0,0,-0.895429079283) (1,0,0.749730697178) (2,0,0.000000000000) (3,0,-0.924499178161) (4,0,-0.218615085899) (5,0,0.000000000000) (6,0,0.874857033049) (7,0,0.186411224216) (8,0,0.000000000000) (9,0,0.132278457263) (10,0,0.836429228431) (11,0,0.000000000000) (12,0,-0.173467301306) (13,0,0.667696762910) (14,0,0.000000000000) (15,0,-0.238589697655) (16,0,-0.663362568467) (17,0,0.000000000000) (18,0,-0.286069353785) (19,0,0.134494463773) (20,0,0.000000000000) (21,0,-0.169475864772) (22,0,-0.456113344175) (23,0,0.000000000000) (24,0,0.529710895418) (25,0,-0.363106964220) (26,0,0.000000000000) 
ipopt_sol:
size: 14 1
(0,0,0.968264854517) (1,0,0.000000000000) (2,0,0.504093965046) (3,0,0.930646377565) (4,0,0.000000000000) (5,0,0.000000000000) (6,0,0.901629402373) (7,0,0.164226323979) (8,0,0.703499368261) (9,0,0.701983743894) (10,0,0.000000000000) (11,0,0.000000000000) (12,0,0.127259826541) (13,0,0.434525392764) 
policy_sol:
size: 14 1
(0,0,0.968264849518) (1,0,0.000000000000) (2,0,0.404955502046) (3,0,0.851164921005) (4,0,0.000000000000) (5,0,0.000000000000) (6,0,0.767775011482) (7,0,0.098730933255) (8,0,0.892127542830) (9,0,1.064311823087) (10,0,-0.412329634589) (11,0,-0.322768015904) (12,0,-0.211033721658) (13,0,0.749371410257) 

policy_converges:
0
ipopt_converges:
0
