solve status: 0
N:
size: 27 15
(0,0,-0.999979675570) (1,0,-0.006375613382) (9,0,0.999979675570) (10,0,0.006375613382) (3,1,0.002535150522) (4,1,-0.999996786501) (6,1,-0.002535150522) (7,1,0.999996786501) (3,2,-0.708340869648) (4,2,0.705870535145) (9,2,0.708340869648) (10,2,-0.705870535145) (3,3,-0.709976700162) (4,3,-0.704225166568) (15,3,0.709976700162) (16,3,0.704225166568) (3,4,-0.999992341462) (4,4,0.003913696159) (21,4,0.999992341462) (22,4,-0.003913696159) (6,5,-0.999996033814) (7,5,0.002816444007) (15,5,0.999996033814) (16,5,-0.002816444007) (6,6,-0.999999420299) (7,6,-0.001076755340) (24,6,0.999999420299) (25,6,0.001076755340) (9,7,0.001081693959) (10,7,-0.999999414969) (15,7,-0.001081693959) (16,7,0.999999414969) (12,8,0.000301474129) (13,8,-0.999999954557) (15,8,-0.000301474129) (16,8,0.999999954557) (12,9,-0.704508789078) (13,9,0.709695262850) (18,9,0.704508789078) (19,9,-0.709695262850) (12,10,-0.999991141810) (13,10,0.004209073816) (21,10,0.999991141810) (22,10,-0.004209073816) (12,11,-0.703276509920) (13,11,-0.710916416040) (24,11,0.703276509920) (25,11,0.710916416040) (15,12,-0.706072507731) (16,12,0.708139544036) (21,12,0.706072507731) (22,12,-0.708139544036) (15,13,-0.999987404744) (16,13,-0.005018999292) (24,13,0.999987404744) (25,13,0.005018999292) (21,14,0.006727202849) (22,14,-0.999977372115) (24,14,-0.006727202849) (25,14,0.999977372115) 
Q:
size: 15 15
(0,0,2.000000000000) (2,0,0.703826115395) (7,0,-0.005293937677) (1,1,2.000000000000) (2,1,-0.707664017556) (3,1,0.702423005739) (4,1,-0.006448814689) (5,1,0.005351575423) (6,1,0.001458397173) (0,2,0.703826115395) (1,2,-0.707664017556) (2,2,2.000000000000) (3,2,0.005813718035) (4,2,0.711098007595) (7,2,0.706636330229) (1,3,0.702423005739) (2,3,0.005813718035) (3,3,2.000000000000) (4,3,0.707215139449) (5,3,0.707990473512) (7,3,0.703456777066) (8,3,0.704011094958) (12,3,-0.002605340762) (13,3,-0.713502263435) (1,4,-0.006448814689) (2,4,0.711098007595) (3,4,0.707215139449) (4,4,2.000000000000) (10,4,0.999999956375) (12,4,0.708838543261) (14,4,0.010640758928) (1,5,0.005351575423) (3,5,0.707990473512) (5,5,2.000000000000) (6,5,0.999992421494) (7,5,-0.003898132028) (8,5,-0.003117916812) (12,5,-0.708064142690) (13,5,-0.999969302877) (1,6,0.001458397173) (5,6,0.999992421494) (6,6,2.000000000000) (11,6,0.704041585277) (13,6,0.999992229284) (14,6,-0.005650467973) (0,7,-0.005293937677) (2,7,0.706636330229) (3,7,0.703456777066) (5,7,-0.003898132028) (7,7,2.000000000000) (8,7,0.999999695628) (12,7,0.708902884118) (13,7,-0.003937316020) (3,8,0.704011094958) (5,8,-0.003117916812) (7,8,0.999999695628) (8,8,2.000000000000) (9,8,-0.709907621773) (10,8,-0.004510545083) (11,8,0.710704364060) (12,8,0.708352374450) (13,8,-0.004717528731) (8,9,-0.709907621773) (9,9,2.000000000000) (10,9,0.707489708153) (11,9,-0.009069530356) (4,10,0.999999956375) (8,10,-0.004510545083) (9,10,0.707489708153) (10,10,2.000000000000) (11,10,0.700277980491) (12,10,0.709046864819) (14,10,0.010936121831) (6,11,0.704041585277) (8,11,0.710704364060) (9,11,-0.009069530356) (10,11,0.700277980491) (11,11,2.000000000000) (13,11,0.706835740960) (14,11,0.706169245764) (3,12,-0.002605340762) (4,12,0.708838543261) (5,12,-0.708064142690) (7,12,0.708902884118) (8,12,0.708352374450) (10,12,0.709046864819) (12,12,2.000000000000) (13,12,0.702509462697) (14,12,0.712873413321) (3,13,-0.713502263435) (5,13,-0.999969302877) (6,13,0.999992229284) (7,13,-0.003937316020) (8,13,-0.004717528731) (11,13,0.706835740960) (12,13,0.702509462697) (13,13,2.000000000000) (14,13,-0.001708232395) (4,14,0.010640758928) (6,14,-0.005650467973) (10,14,0.010936121831) (11,14,0.706169245764) (12,14,0.712873413321) (13,14,-0.001708232395) (14,14,2.000000000000) 
Minv:
size: 27 27
(0,0,1.000000000000) (1,1,1.000000000000) (2,2,2.000000000000) (3,3,1.000000000000) (4,4,1.000000000000) (5,5,2.000000000000) (6,6,1.000000000000) (7,7,1.000000000000) (8,8,2.000000000000) (9,9,1.000000000000) (10,10,1.000000000000) (11,11,2.000000000000) (12,12,1.000000000000) (13,13,1.000000000000) (14,14,2.000000000000) (15,15,1.000000000000) (16,16,1.000000000000) (17,17,2.000000000000) (18,18,1.000000000000) (19,19,1.000000000000) (20,20,2.000000000000) (21,21,1.000000000000) (22,22,1.000000000000) (23,23,2.000000000000) (24,24,1.000000000000) (25,25,1.000000000000) (26,26,2.000000000000) 
v0:
size: 27 1
(0,0,-0.073343131761) (1,0,-0.013235351002) (2,0,0.000000000000) (3,0,0.313790878231) (4,0,0.569269636645) (5,0,0.000000000000) (6,0,-0.012276211405) (7,0,0.159455464055) (8,0,0.000000000000) (9,0,-0.658552253262) (10,0,-0.371934115796) (11,0,0.000000000000) (12,0,0.722925874596) (13,0,-0.082373067329) (14,0,0.000000000000) (15,0,-0.128686110031) (16,0,-0.770178526799) (17,0,0.000000000000) (18,0,0.448686807246) (19,0,0.774874905538) (20,0,0.000000000000) (21,0,-0.464926014299) (22,0,0.933701916043) (23,0,0.000000000000) (24,0,-0.264504122821) (25,0,0.075278422359) (26,0,0.000000000000) 
ipopt_sol:
size: 15 1
(0,0,0.587484155598) (1,0,0.000000000000) (2,0,0.000000000000) (3,0,1.277044686693) (4,0,0.000000000000) (5,0,0.000000000000) (6,0,0.160226951499) (7,0,0.000000000000) (8,0,0.083965069176) (9,0,0.621846007571) (10,0,0.593324362846) (11,0,0.074770740984) (12,0,0.987836708316) (13,0,0.134246411030) (14,0,0.478573693140) 
policy_sol:
size: 15 1
(0,0,0.587484152105) (1,0,0.000000000000) (2,0,0.000000000000) (3,0,1.277044674246) (4,0,0.000000000000) (5,0,0.000000000000) (6,0,0.160226942945) (7,0,0.000000000000) (8,0,0.137342223040) (9,0,0.621846009657) (10,0,0.645925422975) (11,0,0.000000000000) (12,0,0.912835328556) (13,0,0.187187400804) (14,0,0.531464928698) 

policy_converges:
1
ipopt_converges:
0
