solve status: 0
N:
size: 27 13
(0,0,-0.999996963919) (1,0,0.002464173703) (9,0,0.999996963919) (10,0,-0.002464173703) (0,1,-0.707359126905) (1,1,-0.706854345381) (12,1,0.707359126905) (13,1,0.706854345381) (0,2,-0.999999510718) (1,2,0.000989223871) (18,2,0.999999510718) (19,2,-0.000989223871) (3,3,-0.999992303007) (4,3,0.003923509385) (12,3,0.999992303007) (13,3,-0.003923509385) (3,4,-0.710222240275) (4,4,-0.703977534740) (15,4,0.710222240275) (16,4,0.703977534740) (3,5,-0.999999404457) (4,5,0.001091368562) (21,5,0.999999404457) (22,5,-0.001091368562) (9,6,-0.999999890431) (10,6,-0.000468122453) (18,6,0.999999890431) (19,6,0.000468122453) (12,7,-0.709995661701) (13,7,0.704206049651) (18,7,0.709995661701) (19,7,-0.704206049651) (12,8,-0.999998502802) (13,8,-0.001730431542) (21,8,0.999998502802) (22,8,0.001730431542) (12,9,-0.708089119866) (13,9,-0.706123075907) (24,9,0.708089119866) (25,9,0.706123075907) (15,10,-0.999984497203) (16,10,-0.005568245089) (24,10,0.999984497203) (25,10,0.005568245089) (18,11,0.005800189795) (19,11,-0.999983178758) (21,11,-0.005800189795) (22,11,0.999983178758) (18,12,0.001051735065) (19,12,-0.999999446927) (24,12,-0.001051735065) (25,12,0.999999446927) 
Q:
size: 13 13
(0,0,2.000000000000) (1,0,0.705615167416) (2,0,0.999998912258) (6,0,-0.999995700815) (0,1,0.705615167416) (1,1,2.000000000000) (2,1,0.706659543615) (3,1,0.704580332709) (7,1,-0.004450805128) (8,1,-0.708581230903) (9,1,-0.999999466178) (0,2,0.999998912258) (1,2,0.706659543615) (2,2,2.000000000000) (6,2,0.999998938071) (7,2,0.710691931748) (11,2,0.006789394189) (12,2,0.002040957874) (1,3,0.704580332709) (3,3,2.000000000000) (4,3,0.707454711236) (5,3,0.999995989464) (7,3,-0.712753155914) (8,3,-0.999984016457) (9,3,-0.705313189194) (3,4,0.707454711236) (4,4,2.000000000000) (5,4,0.709453518358) (10,4,-0.714131149295) (3,5,0.999995989464) (4,5,0.709453518358) (5,5,2.000000000000) (8,5,0.999996018722) (11,5,-0.006891536545) (0,6,-0.999995700815) (2,6,0.999998938071) (6,6,2.000000000000) (7,6,0.709665929244) (11,6,0.005332074581) (12,6,0.000583612755) (1,7,-0.004450805128) (2,7,0.710691931748) (3,7,-0.712753155914) (6,7,0.709665929244) (7,7,2.000000000000) (8,7,0.708776018337) (9,7,0.005484061350) (11,7,0.708312313622) (12,7,0.704952387507) (1,8,-0.708581230903) (3,8,-0.999984016457) (5,8,0.999996018722) (7,8,0.708776018337) (8,8,2.000000000000) (9,8,0.709309957359) (11,8,-0.004069778677) (1,9,-0.999999466178) (3,9,-0.705313189194) (7,9,0.005484061350) (8,9,0.709309957359) (9,9,2.000000000000) (10,9,0.712010008853) (12,9,0.705377963213) (4,10,-0.714131149295) (9,10,0.712010008853) (10,10,2.000000000000) (12,10,0.004516523250) (2,11,0.006789394189) (5,11,-0.006891536545) (6,11,0.005332074581) (7,11,0.708312313622) (8,11,-0.004069778677) (11,11,2.000000000000) (12,11,0.999988725957) (2,12,0.002040957874) (6,12,0.000583612755) (7,12,0.704952387507) (9,12,0.705377963213) (10,12,0.004516523250) (11,12,0.999988725957) (12,12,2.000000000000) 
Minv:
size: 27 27
(0,0,1.000000000000) (1,1,1.000000000000) (2,2,2.000000000000) (3,3,1.000000000000) (4,4,1.000000000000) (5,5,2.000000000000) (6,6,1.000000000000) (7,7,1.000000000000) (8,8,2.000000000000) (9,9,1.000000000000) (10,10,1.000000000000) (11,11,2.000000000000) (12,12,1.000000000000) (13,13,1.000000000000) (14,14,2.000000000000) (15,15,1.000000000000) (16,16,1.000000000000) (17,17,2.000000000000) (18,18,1.000000000000) (19,19,1.000000000000) (20,20,2.000000000000) (21,21,1.000000000000) (22,22,1.000000000000) (23,23,2.000000000000) (24,24,1.000000000000) (25,25,1.000000000000) (26,26,2.000000000000) 
v0:
size: 27 1
(0,0,0.604294950742) (1,0,0.465223508922) (2,0,0.000000000000) (3,0,-0.119755874808) (4,0,0.659356324293) (5,0,0.000000000000) (6,0,-0.050854609630) (7,0,0.729002732009) (8,0,0.000000000000) (9,0,-0.421849440972) (10,0,-0.775579099831) (11,0,0.000000000000) (12,0,-0.305502426058) (13,0,0.058809730395) (14,0,0.000000000000) (15,0,0.157122290584) (16,0,0.173218954010) (17,0,0.000000000000) (18,0,-0.708245860469) (19,0,0.370976247798) (20,0,0.000000000000) (21,0,-0.326178339233) (22,0,-0.809845889059) (23,0,0.000000000000) (24,0,0.149822347067) (25,0,-0.622347865441) (26,0,0.000000000000) 
ipopt_sol:
size: 13 1
(0,0,0.326621118380) (1,0,0.702679416932) (2,0,0.897104920864) (3,0,0.131097888156) (4,0,0.099211846797) (5,0,0.000000000000) (6,0,0.000000000000) (7,0,0.000000000000) (8,0,0.215308530069) (9,0,0.347923352134) (10,0,0.000000000000) (11,0,0.993479292485) (12,0,0.373867772434) 
policy_sol:
size: 13 1
(0,0,0.326621131284) (1,0,0.702679414496) (2,0,0.897104906745) (3,0,0.131097880039) (4,0,0.099211850135) (5,0,0.000000000000) (6,0,0.000000000000) (7,0,0.000000000000) (8,0,0.215308518364) (9,0,0.347923348921) (10,0,0.000000000000) (11,0,0.993479289402) (12,0,0.373867771573) 

policy_converges:
1
ipopt_converges:
0
