solve status: 0
N:
size: 27 10
(0,0,-0.999999768967) (1,0,0.000679753821) (18,0,0.999999768967) (19,0,-0.000679753821) (9,1,0.000135860144) (10,1,-0.999999990771) (12,1,-0.000135860144) (13,1,0.999999990771) (9,2,0.003952627724) (10,2,-0.999992188337) (15,2,-0.003952627724) (16,2,0.999992188337) (9,3,-0.999998547707) (10,3,-0.001704284197) (18,3,0.999998547707) (19,3,0.001704284197) (9,4,-0.706218112957) (10,4,-0.707994333969) (21,4,0.706218112957) (22,4,0.707994333969) (12,5,0.007726879715) (13,5,-0.999970147219) (15,5,-0.007726879715) (16,5,0.999970147219) (12,6,-0.706644603722) (13,6,0.707568656761) (18,6,0.706644603722) (19,6,-0.707568656761) (12,7,-0.999988071645) (13,7,-0.004884318509) (21,7,0.999988071645) (22,7,0.004884318509) (15,8,-0.708508825524) (16,8,0.705701951361) (21,8,0.708508825524) (22,8,-0.705701951361) (18,9,-0.005496427074) (19,9,-0.999984894531) (21,9,0.005496427074) (22,9,0.999984894531) 
Q:
size: 10 10
(0,0,2.000000000000) (3,0,0.999997158181) (6,0,0.707125412962) (9,0,-0.004816682251) (1,1,2.000000000000) (2,1,0.999992716112) (3,1,0.001568424235) (4,1,0.707898380540) (5,1,-0.999971187766) (6,1,0.707664655068) (7,1,-0.004748459941) (1,2,0.999992716112) (2,2,2.000000000000) (3,2,-0.002248351100) (4,2,0.705197386063) (5,2,0.999992877268) (8,2,0.708496910281) (0,3,0.999997158181) (1,3,0.001568424235) (2,3,-0.002248351100) (3,3,2.000000000000) (4,3,0.707423710876) (6,3,0.705437679387) (9,3,-0.007200677544) (1,4,0.707898380540) (2,4,0.705197386063) (3,4,0.707423710876) (4,4,2.000000000000) (7,4,0.709667758766) (8,4,0.000728782741) (9,4,0.711865315738) (1,5,-0.999971187766) (2,5,0.999992877268) (5,5,2.000000000000) (6,5,-0.713007691723) (7,5,-0.002842614848) (8,5,0.711155446667) (0,6,0.707125412962) (1,6,0.707664655068) (3,6,0.705437679387) (5,6,-0.713007691723) (6,6,2.000000000000) (7,6,0.703180183928) (9,6,0.703673948073) (1,7,-0.004748459941) (4,7,0.709667758766) (5,7,-0.002842614848) (6,7,0.703180183928) (7,7,2.000000000000) (8,7,0.705053501077) (9,7,0.010380606239) (2,8,0.708496910281) (4,8,0.000728782741) (5,8,0.711155446667) (7,8,0.705053501077) (8,8,2.000000000000) (9,8,-0.701797024311) (0,9,-0.004816682251) (3,9,-0.007200677544) (4,9,0.711865315738) (6,9,0.703673948073) (7,9,0.010380606239) (8,9,-0.701797024311) (9,9,2.000000000000) 
Minv:
size: 27 27
(0,0,1.000000000000) (1,1,1.000000000000) (2,2,2.000000000000) (3,3,1.000000000000) (4,4,1.000000000000) (5,5,2.000000000000) (6,6,1.000000000000) (7,7,1.000000000000) (8,8,2.000000000000) (9,9,1.000000000000) (10,10,1.000000000000) (11,11,2.000000000000) (12,12,1.000000000000) (13,13,1.000000000000) (14,14,2.000000000000) (15,15,1.000000000000) (16,16,1.000000000000) (17,17,2.000000000000) (18,18,1.000000000000) (19,19,1.000000000000) (20,20,2.000000000000) (21,21,1.000000000000) (22,22,1.000000000000) (23,23,2.000000000000) (24,24,1.000000000000) (25,25,1.000000000000) (26,26,2.000000000000) 
v0:
size: 27 1
(0,0,0.211666217931) (1,0,-0.648288145834) (2,0,0.000000000000) (3,0,-0.818298373312) (4,0,-0.257829698949) (5,0,0.000000000000) (6,0,-0.520646093659) (7,0,0.758428734821) (8,0,0.000000000000) (9,0,0.924043177156) (10,0,0.024043967400) (11,0,0.000000000000) (12,0,0.751023396627) (13,0,-0.386504033701) (14,0,0.000000000000) (15,0,0.460020051927) (16,0,-0.497153326191) (17,0,0.000000000000) (18,0,-0.096367899568) (19,0,0.220426354995) (20,0,0.000000000000) (21,0,-0.585879900059) (22,0,-0.029498203105) (23,0,0.000000000000) (24,0,0.640936633377) (25,0,0.961299986929) (26,0,0.000000000000) 
ipopt_sol:
size: 10 1
(0,0,0.000000000000) (1,0,0.208228299753) (2,0,0.000000000000) (3,0,0.818025424551) (4,0,0.322960180413) (5,0,0.000000000000) (6,0,0.252268274763) (7,0,0.807621660850) (8,0,0.915700770731) (9,0,0.368973373478) 
policy_sol:
size: 10 1
(0,0,0.000000000000) (1,0,0.034310660425) (2,0,0.000000000000) (3,0,0.644224764100) (4,0,0.569026898510) (5,0,0.000000000000) (6,0,0.496871396388) (7,0,0.634795756466) (8,0,0.915700761284) (9,0,0.195601044623) 

policy_converges:
1
ipopt_converges:
0
