solve status: 0
N:
size: 27 15
(0,0,0.007383227231) (1,0,-0.999972743606) (3,0,-0.007383227231) (4,0,0.999972743606) (0,1,0.002759459587) (1,1,-0.999996192684) (6,1,-0.002759459587) (7,1,0.999996192684) (0,2,-0.704251193594) (1,2,-0.709950883034) (12,2,0.704251193594) (13,2,0.709950883034) (0,3,-0.999999821060) (1,3,0.000598230495) (18,3,0.999999821060) (19,3,-0.000598230495) (3,4,-0.999998503123) (4,4,0.001730245937) (12,4,0.999998503123) (13,4,-0.001730245937) (6,5,-0.706390588691) (7,5,0.707822249021) (12,5,0.706390588691) (13,5,-0.707822249021) (6,6,-0.999998915280) (7,6,-0.001472901542) (15,6,0.999998915280) (16,6,0.001472901542) (6,7,-0.999999098596) (7,7,0.001342686661) (24,7,0.999999098596) (25,7,-0.001342686661) (9,8,0.000949192776) (10,8,-0.999999549516) (12,8,-0.000949192776) (13,8,0.999999549516) (9,9,-0.999996277526) (10,9,0.002728540826) (18,9,0.999996277526) (19,9,-0.002728540826) (9,10,-0.705335394968) (10,10,-0.708873740948) (21,10,0.705335394968) (22,10,0.708873740948) (12,11,-0.706323221739) (13,11,-0.707889473316) (24,11,0.706323221739) (25,11,0.707889473316) (15,12,-0.704400906401) (16,12,0.709802340839) (21,12,0.704400906401) (22,12,-0.709802340839) (15,13,-0.999991191991) (16,13,0.004197134783) (24,13,0.999991191991) (25,13,-0.004197134783) (21,14,0.001982314835) (22,14,-0.999998035212) (24,14,-0.001982314835) (25,14,0.999998035212) 
Q:
size: 15 15
(0,0,2.000000000000) (1,0,0.999989310111) (2,0,0.704731885743) (3,0,-0.007981440099) (4,0,0.009113414956) (0,1,0.999989310111) (1,1,2.000000000000) (2,1,0.708004827319) (3,1,-0.003357687310) (5,1,0.709768810400) (6,1,0.001286560659) (7,1,0.004102138649) (0,2,0.704731885743) (1,2,0.708004827319) (2,2,2.000000000000) (3,2,0.703826353308) (4,2,0.703021749786) (5,2,-0.005042615494) (8,2,0.709282093067) (11,2,-0.999995728645) (0,3,-0.007981440099) (1,3,-0.003357687310) (2,3,0.703826353308) (3,3,2.000000000000) (9,3,0.999997730883) (0,4,0.009113414956) (2,4,0.703021749786) (4,4,2.000000000000) (5,4,0.707614237882) (8,4,-0.002679436513) (11,4,-0.705097341576) (1,5,0.709768810400) (2,5,-0.005042615494) (4,5,0.707614237882) (5,5,2.000000000000) (6,5,0.705347269973) (7,5,0.707340335440) (8,5,-0.708492431002) (11,5,0.002119842650) (1,6,0.001286560659) (5,6,0.705347269973) (6,6,2.000000000000) (7,6,0.999996036232) (12,6,-0.703354673361) (13,6,-0.999983925314) (1,7,0.004102138649) (5,7,0.707340335440) (6,7,0.999996036232) (7,7,2.000000000000) (11,7,0.705372111303) (13,7,0.999995926032) (14,7,-0.003324997072) (2,8,0.709282093067) (4,8,-0.002679436513) (5,8,-0.708492431002) (8,8,2.000000000000) (9,8,-0.003677728839) (10,8,0.708203922350) (11,8,-0.707218717524) (3,9,0.999997730883) (8,9,-0.003677728839) (9,9,2.000000000000) (10,9,0.703398578433) (8,10,0.708203922350) (9,10,0.703398578433) (10,10,2.000000000000) (12,10,-0.006321349152) (14,10,-0.707474151344) (2,11,-0.999995728645) (4,11,-0.705097341576) (5,11,0.002119842650) (7,11,0.705372111303) (8,11,-0.707218717524) (11,11,2.000000000000) (13,11,0.703345892907) (14,11,0.706487927462) (6,12,-0.703354673361) (10,12,-0.006321349152) (12,12,2.000000000000) (13,12,0.707373838126) (14,12,0.711197290595) (6,13,-0.999983925314) (7,13,0.999995926032) (11,13,0.703345892907) (12,13,0.707373838126) (13,13,2.000000000000) (14,13,-0.006179423912) (7,14,-0.003324997072) (10,14,-0.707474151344) (11,14,0.706487927462) (12,14,0.711197290595) (13,14,-0.006179423912) (14,14,2.000000000000) 
Minv:
size: 27 27
(0,0,1.000000000000) (1,1,1.000000000000) (2,2,2.000000000000) (3,3,1.000000000000) (4,4,1.000000000000) (5,5,2.000000000000) (6,6,1.000000000000) (7,7,1.000000000000) (8,8,2.000000000000) (9,9,1.000000000000) (10,10,1.000000000000) (11,11,2.000000000000) (12,12,1.000000000000) (13,13,1.000000000000) (14,14,2.000000000000) (15,15,1.000000000000) (16,16,1.000000000000) (17,17,2.000000000000) (18,18,1.000000000000) (19,19,1.000000000000) (20,20,2.000000000000) (21,21,1.000000000000) (22,22,1.000000000000) (23,23,2.000000000000) (24,24,1.000000000000) (25,25,1.000000000000) (26,26,2.000000000000) 
v0:
size: 27 1
(0,0,0.393579215644) (1,0,0.766897890592) (2,0,0.000000000000) (3,0,-0.302248421754) (4,0,-0.656195032763) (5,0,0.000000000000) (6,0,0.403465195135) (7,0,-0.265258292215) (8,0,0.000000000000) (9,0,0.723857776167) (10,0,-0.234464406395) (11,0,0.000000000000) (12,0,-0.879152788896) (13,0,-0.257802126093) (14,0,0.000000000000) (15,0,0.092784665270) (16,0,0.195992907531) (17,0,0.000000000000) (18,0,0.217888311142) (19,0,-0.741259183286) (20,0,0.000000000000) (21,0,-0.081976013705) (22,0,0.038347823629) (23,0,0.000000000000) (24,0,-0.721651150448) (25,0,-0.611016148362) (26,0,0.000000000000) 
ipopt_sol:
size: 15 1
(0,0,0.923243771905) (1,0,0.000000000000) (2,0,1.403861311005) (3,0,0.000000000000) (4,0,0.000000000000) (5,0,0.711390172707) (6,0,0.000000000000) (7,0,0.574650516791) (8,0,0.000000000000) (9,0,0.316493721379) (10,0,0.534806468757) (11,0,0.207156105851) (12,0,0.000000000000) (13,0,0.453234352958) (14,0,0.766454613781) 
policy_sol:
size: 15 1
(0,0,0.923243770769) (1,0,0.000000000000) (2,0,1.403861300024) (3,0,0.000000000000) (4,0,0.000000000000) (5,0,0.711390167987) (6,0,0.000000000000) (7,0,0.574650510087) (8,0,0.000000000000) (9,0,0.316493718131) (10,0,0.534806463827) (11,0,0.207156111351) (12,0,0.000000000000) (13,0,0.453234355798) (14,0,0.766454606535) 

policy_converges:
1
ipopt_converges:
0
