solve status: 0
N:
size: 27 13
(0,0,-0.000343686228) (1,0,-0.999999940940) (3,0,0.000343686228) (4,0,0.999999940940) (0,1,0.000285062046) (1,1,-0.999999959370) (6,1,-0.000285062046) (7,1,0.999999959370) (0,2,-0.999999536741) (1,2,-0.000962558267) (18,2,0.999999536741) (19,2,0.000962558267) (3,3,0.000909317744) (4,3,-0.999999586571) (6,3,-0.000909317744) (7,3,0.999999586571) (9,4,-0.999999905024) (10,4,0.000435834567) (18,4,0.999999905024) (19,4,-0.000435834567) (9,5,-0.708944928366) (10,5,-0.705263843214) (21,5,0.708944928366) (22,5,0.705263843214) (12,6,-0.004392119737) (13,6,-0.999990354596) (15,6,0.004392119737) (16,6,0.999990354596) (12,7,-0.706268592054) (13,7,0.707943977924) (18,7,0.706268592054) (19,7,-0.707943977924) (12,8,-0.709038991146) (13,8,-0.705169276866) (24,8,0.709038991146) (25,8,0.705169276866) (15,9,-0.999983733224) (16,9,0.005703795849) (24,9,0.999983733224) (25,9,-0.005703795849) (18,10,-0.006734827541) (19,10,-0.999977320792) (21,10,0.006734827541) (22,10,0.999977320792) (18,11,-0.000719835046) (19,11,-0.999999740919) (24,11,0.000719835046) (25,11,0.999999740919) (21,12,0.005303198109) (22,12,-0.999985937946) (24,12,-0.005303198109) (25,12,0.999985937946) 
Q:
size: 13 13
(0,0,2.000000000000) (1,0,0.999999802338) (2,0,0.001306244279) (3,0,-0.999999214990) (0,1,0.999999802338) (1,1,2.000000000000) (2,1,0.000677496314) (3,1,0.999999805152) (0,2,0.001306244279) (1,2,0.000677496314) (2,2,2.000000000000) (4,2,0.999999022249) (7,2,0.705586827539) (10,2,-0.007697360858) (11,2,-0.001682392731) (0,3,-0.999999214990) (1,3,0.999999805152) (3,3,2.000000000000) (2,4,0.999999022249) (4,4,2.000000000000) (5,4,0.708637482672) (7,4,0.706577071432) (10,4,-0.006299002219) (11,4,-0.000284000524) (4,5,0.708637482672) (5,5,2.000000000000) (10,5,0.710022470217) (12,5,-0.701494250352) (6,6,2.000000000000) (7,6,-0.704835133295) (8,6,0.708276659370) (9,6,0.001311692542) (2,7,0.705586827539) (4,7,0.706577071432) (6,7,-0.704835133295) (7,7,2.000000000000) (8,7,0.001551627013) (10,7,0.703171325150) (11,7,0.707435397624) (6,8,0.708276659370) (7,8,0.001551627013) (8,8,2.000000000000) (9,8,0.705005315773) (11,8,0.705679485285) (12,8,0.701399186500) (6,9,0.001311692542) (8,9,0.705005315773) (9,9,2.000000000000) (11,9,-0.004983971035) (12,9,-0.011006827485) (2,10,-0.007697360858) (4,10,-0.006299002219) (5,10,0.710022470217) (7,10,0.703171325150) (10,10,2.000000000000) (11,10,0.999981909681) (12,10,-0.999927542932) (2,11,-0.001682392731) (4,11,-0.000284000524) (7,11,0.707435397624) (8,11,0.705679485285) (9,11,-0.004983971035) (10,11,0.999981909681) (11,11,2.000000000000) (12,11,0.999981861441) (5,12,-0.701494250352) (8,12,0.701399186500) (9,12,-0.011006827485) (10,12,-0.999927542932) (11,12,0.999981861441) (12,12,2.000000000000) 
Minv:
size: 27 27
(0,0,1.000000000000) (1,1,1.000000000000) (2,2,2.000000000000) (3,3,1.000000000000) (4,4,1.000000000000) (5,5,2.000000000000) (6,6,1.000000000000) (7,7,1.000000000000) (8,8,2.000000000000) (9,9,1.000000000000) (10,10,1.000000000000) (11,11,2.000000000000) (12,12,1.000000000000) (13,13,1.000000000000) (14,14,2.000000000000) (15,15,1.000000000000) (16,16,1.000000000000) (17,17,2.000000000000) (18,18,1.000000000000) (19,19,1.000000000000) (20,20,2.000000000000) (21,21,1.000000000000) (22,22,1.000000000000) (23,23,2.000000000000) (24,24,1.000000000000) (25,25,1.000000000000) (26,26,2.000000000000) 
v0:
size: 27 1
(0,0,-0.465529240496) (1,0,0.890247544372) (2,0,0.000000000000) (3,0,-0.927870391334) (4,0,0.615184713131) (5,0,0.000000000000) (6,0,-0.969107330049) (7,0,0.495681474188) (8,0,0.000000000000) (9,0,0.903474076106) (10,0,-0.129994826567) (11,0,0.000000000000) (12,0,0.184335014894) (13,0,0.413908613919) (14,0,0.000000000000) (15,0,-0.294837770037) (16,0,0.377764043837) (17,0,0.000000000000) (18,0,-0.516948413328) (19,0,-0.261723200740) (20,0,0.000000000000) (21,0,0.308049128315) (22,0,-0.338806615894) (23,0,0.000000000000) (24,0,-0.669142732756) (25,0,-0.932006975168) (26,0,0.000000000000) 
ipopt_sol:
size: 13 1
(0,0,0.446605795155) (1,0,0.000000000000) (2,0,0.000000000000) (3,0,0.342768419163) (4,0,1.389399825309) (5,0,0.087444272647) (6,0,0.000000000000) (7,0,0.000000000000) (8,0,1.499132469363) (9,0,0.000000000000) (10,0,0.000000000000) (11,0,0.126891881718) (12,0,0.029490660552) 
policy_sol:
size: 13 1
(0,0,0.446605785498) (1,0,0.000000000000) (2,0,0.000000000000) (3,0,0.342768409511) (4,0,1.389399814575) (5,0,0.087444278942) (6,0,0.000000000000) (7,0,0.000000000000) (8,0,1.499132461281) (9,0,0.000000000000) (10,0,0.000000000000) (11,0,0.126891867463) (12,0,0.029490677767) 

policy_converges:
1
ipopt_converges:
0
