solve status: 0
N:
size: 27 17
(0,0,0.004219919124) (1,0,-0.999991096102) (6,0,-0.004219919124) (7,0,0.999991096102) (0,1,-0.999999866947) (1,1,-0.000515855527) (18,1,0.999999866947) (19,1,0.000515855527) (3,2,0.003747009193) (4,2,-0.999992979936) (6,2,-0.003747009193) (7,2,0.999992979936) (3,3,-0.706854977462) (4,3,-0.707358495275) (15,3,0.706854977462) (16,3,0.707358495275) (3,4,-0.999996795079) (4,4,0.002531764444) (21,4,0.999996795079) (22,4,-0.002531764444) (9,5,0.004521513573) (10,5,-0.999989777905) (12,5,-0.004521513573) (13,5,0.999989777905) (9,6,0.002219789950) (10,6,-0.999997536263) (15,6,-0.002219789950) (16,6,0.999997536263) (9,7,-0.999999882900) (10,7,0.000483942435) (18,7,0.999999882900) (19,7,-0.000483942435) (9,8,-0.706716945008) (10,8,-0.707496402562) (21,8,0.706716945008) (22,8,0.707496402562) (12,9,-0.000041917726) (13,9,-0.999999999121) (15,9,0.000041917726) (16,9,0.999999999121) (12,10,-0.711434542304) (13,10,0.702752368915) (18,10,0.711434542304) (19,10,-0.702752368915) (12,11,-0.999992423802) (13,11,-0.003892600593) (21,11,0.999992423802) (22,11,0.003892600593) (12,12,-0.703862336019) (13,12,-0.710336407580) (24,12,0.703862336019) (25,12,0.710336407580) (15,13,-0.704831426758) (16,13,0.709374837342) (21,13,0.704831426758) (22,13,-0.709374837342) (15,14,-0.999998297677) (16,14,0.001845167524) (24,14,0.999998297677) (25,14,-0.001845167524) (18,15,0.003102630890) (19,15,-0.999995186829) (24,15,-0.003102630890) (25,15,0.999995186829) (21,16,0.000735400808) (22,16,-0.999999729593) (24,16,-0.000735400808) (25,16,0.999999729593) 
Q:
size: 17 17
(0,0,2.000000000000) (1,0,-0.003704067629) (2,0,0.999999888176) (0,1,-0.003704067629) (1,1,2.000000000000) (7,1,0.999999500202) (10,1,0.711071928952) (15,1,0.002586777434) (0,2,0.999999888176) (2,2,2.000000000000) (3,2,0.704704937475) (4,2,-0.006278743855) (2,3,0.704704937475) (3,3,2.000000000000) (4,3,0.705061846960) (6,3,0.705787682955) (9,3,0.707388124407) (13,3,0.003568715253) (14,3,-0.705548579243) (2,4,-0.006278743855) (3,4,0.705061846960) (4,4,2.000000000000) (8,4,0.704923465800) (11,4,0.999979363757) (13,4,0.706625137820) (16,4,0.003267162210) (5,5,2.000000000000) (6,5,0.999997351004) (7,5,-0.005005450532) (8,5,0.704293740208) (9,5,-0.999989587495) (10,5,0.705961946254) (11,5,0.000628918515) (12,5,-0.707146623348) (3,6,0.705787682955) (5,6,0.999997351004) (6,6,2.000000000000) (7,6,-0.002703730933) (8,6,0.705925896305) (9,6,0.999997442336) (13,6,0.710937667347) (14,6,0.004064949149) (1,7,0.999999500202) (5,7,-0.005005450532) (6,7,-0.002703730933) (7,7,2.000000000000) (8,7,0.706374474720) (10,7,0.711774550688) (15,7,0.003586570632) (4,8,0.704923465800) (5,8,0.704293740208) (6,8,0.705925896305) (7,8,0.706374474720) (8,8,2.000000000000) (11,8,0.709465591697) (13,8,-0.003763832824) (16,8,-0.706976491038) (3,9,0.707388124407) (5,9,-0.999989587495) (6,9,0.999997442336) (9,9,2.000000000000) (10,9,-0.702722546580) (11,9,0.003934517998) (12,9,0.710365911265) (13,9,0.709345291788) (14,9,0.001803249868) (1,10,0.711071928952) (5,10,0.705961946254) (7,10,0.711774550688) (9,10,-0.702722546580) (10,10,2.000000000000) (11,10,0.708693618047) (12,10,0.001561385717) (15,10,0.704956305236) (4,11,0.999979363757) (5,11,0.000628918515) (8,11,0.709465591697) (9,11,0.003934517998) (10,11,0.708693618047) (11,11,2.000000000000) (12,11,0.706622059340) (13,11,0.702064773903) (16,11,-0.003157204304) (5,12,-0.707146623348) (9,12,0.710365911265) (10,12,0.001561385717) (11,12,0.706622059340) (12,12,2.000000000000) (14,12,0.702550448147) (15,12,0.708149163584) (16,12,0.709818594570) (3,13,0.003568715253) (4,13,0.706625137820) (6,13,0.710937667347) (8,13,-0.003763832824) (9,13,0.709345291788) (11,13,0.702064773903) (13,13,2.000000000000) (14,13,0.706139142320) (16,13,0.709892979123) (3,14,-0.705548579243) (6,14,0.004064949149) (9,14,0.001803249868) (12,14,0.702550448147) (13,14,0.706139142320) (14,14,2.000000000000) (15,14,-0.004947784251) (16,14,-0.002580566581) (1,15,0.002586777434) (7,15,0.003586570632) (10,15,0.704956305236) (12,15,0.708149163584) (14,15,-0.004947784251) (15,15,2.000000000000) (16,15,0.999997198101) (4,16,0.003267162210) (8,16,-0.706976491038) (11,16,-0.003157204304) (12,16,0.709818594570) (13,16,0.709892979123) (14,16,-0.002580566581) (15,16,0.999997198101) (16,16,2.000000000000) 
Minv:
size: 27 27
(0,0,1.000000000000) (1,1,1.000000000000) (2,2,2.000000000000) (3,3,1.000000000000) (4,4,1.000000000000) (5,5,2.000000000000) (6,6,1.000000000000) (7,7,1.000000000000) (8,8,2.000000000000) (9,9,1.000000000000) (10,10,1.000000000000) (11,11,2.000000000000) (12,12,1.000000000000) (13,13,1.000000000000) (14,14,2.000000000000) (15,15,1.000000000000) (16,16,1.000000000000) (17,17,2.000000000000) (18,18,1.000000000000) (19,19,1.000000000000) (20,20,2.000000000000) (21,21,1.000000000000) (22,22,1.000000000000) (23,23,2.000000000000) (24,24,1.000000000000) (25,25,1.000000000000) (26,26,2.000000000000) 
v0:
size: 27 1
(0,0,-0.162350410564) (1,0,-0.369427762699) (2,0,0.000000000000) (3,0,0.268770502097) (4,0,0.750376822026) (5,0,0.000000000000) (6,0,-0.576476446207) (7,0,-0.626516745813) (8,0,0.000000000000) (9,0,0.803076723815) (10,0,0.841391291474) (11,0,0.000000000000) (12,0,0.785735165010) (13,0,0.439200115339) (14,0,0.000000000000) (15,0,0.774506551861) (16,0,-0.522109080675) (17,0,0.000000000000) (18,0,-0.671301602523) (19,0,0.487288067278) (20,0,0.000000000000) (21,0,-0.619199898339) (22,0,0.550387828483) (23,0,0.000000000000) (24,0,0.676716158239) (25,0,0.049384902935) (26,0,0.000000000000) 
ipopt_sol:
size: 17 1
(0,0,0.000000000000) (1,0,0.000000000000) (2,0,1.373847834418) (3,0,0.000000000000) (4,0,0.041751033030) (5,0,0.518613613380) (6,0,0.313695526722) (7,0,1.353993177055) (8,0,0.106862181587) (9,0,0.781506638982) (10,0,0.234774482514) (11,0,0.901565573876) (12,0,0.000000000000) (13,0,1.023413648464) (14,0,0.000000000000) (15,0,0.356902494728) (16,0,0.000000000000) 
policy_sol:
size: 17 1
(0,0,0.000000000000) (1,0,0.000000000000) (2,0,1.373847825878) (3,0,0.000000000000) (4,0,0.041751027786) (5,0,0.000000000000) (6,0,0.833497484980) (7,0,1.353993158593) (8,0,0.105176851885) (9,0,0.262889118335) (10,0,0.234774497553) (11,0,0.903932233667) (12,0,0.000000000000) (13,0,1.021745749763) (14,0,0.000000000000) (15,0,0.356902480956) (16,0,0.000000000000) 

policy_converges:
1
ipopt_converges:
0
