solve status: 0
N:
size: 27 13
(3,0,-0.707908757612) (4,0,0.706303894154) (9,0,0.707908757612) (10,0,-0.706303894154) (3,1,-0.999998596584) (4,1,-0.001675359798) (12,1,0.999998596584) (13,1,0.001675359798) (3,2,-0.706217157821) (4,2,-0.707995286707) (15,2,0.706217157821) (16,2,0.707995286707) (3,3,-0.999997352748) (4,3,0.002300977490) (21,3,0.999997352748) (22,3,-0.002300977490) (6,4,-0.711187622978) (7,4,0.703002251008) (12,4,0.711187622978) (13,4,-0.703002251008) (9,5,0.001448250607) (10,5,-0.999998951285) (15,5,-0.001448250607) (16,5,0.999998951285) (9,6,-0.999989516840) (10,6,0.004578887369) (18,6,0.999989516840) (19,6,-0.004578887369) (9,7,-0.709379034687) (10,7,-0.704827202331) (21,7,0.709379034687) (22,7,0.704827202331) (12,8,0.002856222730) (13,8,-0.999995920988) (15,8,-0.002856222730) (16,8,0.999995920988) (12,9,-0.705755785983) (13,9,0.708455200102) (18,9,0.705755785983) (19,9,-0.708455200102) (15,10,-0.706479136613) (16,10,0.707733869141) (21,10,0.706479136613) (22,10,-0.707733869141) (15,11,-0.999999997598) (16,11,-0.000069312839) (24,11,0.999999997598) (25,11,0.000069312839) (18,12,0.000575499892) (19,12,-0.999999834400) (21,12,-0.000575499892) (22,12,0.999999834400) 
Q:
size: 13 13
(0,0,2.000000000000) (1,0,0.706724450972) (2,0,-0.000122517247) (3,0,0.709532072960) (5,0,0.707328382730) (6,0,-0.711135422470) (7,0,-0.004353433409) (0,1,0.706724450972) (1,1,2.000000000000) (2,1,0.707402313544) (3,1,0.999992094370) (4,1,0.710008843177) (8,1,0.001180865757) (9,1,-0.704567878153) (0,2,-0.000122517247) (1,2,0.707402313544) (2,2,2.000000000000) (3,2,0.704586207068) (5,2,0.706971764795) (8,2,0.705975285287) (10,2,0.002144555677) (11,2,-0.706266229287) (0,3,0.709532072960) (1,3,0.999992094370) (2,3,0.704586207068) (3,3,2.000000000000) (7,3,0.707755365255) (10,3,0.708105746087) (12,3,-0.002876475477) (1,4,0.710008843177) (4,4,2.000000000000) (8,4,0.705030693708) (9,4,-0.999970380247) (0,5,0.707328382730) (2,5,0.706971764795) (5,5,2.000000000000) (6,5,-0.006027117991) (7,5,0.703799104551) (8,5,0.999999008803) (10,5,0.708756285768) (11,5,0.001378937837) (0,6,-0.711135422470) (5,6,-0.006027117991) (6,6,2.000000000000) (7,6,0.706144273780) (9,6,0.708992324000) (12,6,0.005154380469) (0,7,-0.004353433409) (3,7,0.707755365255) (5,7,0.703799104551) (6,7,0.706144273780) (7,7,2.000000000000) (10,7,0.002331404976) (12,7,0.704418838054) (1,8,0.001180865757) (2,8,0.705975285287) (4,8,0.705030693708) (5,8,0.999999008803) (8,8,2.000000000000) (9,8,-0.710468106022) (10,8,0.709748844054) (11,8,0.002786910167) (1,9,-0.704567878153) (4,9,-0.999970380247) (6,9,0.708992324000) (8,9,-0.710468106022) (9,9,2.000000000000) (12,9,0.708861245160) (2,10,0.002144555677) (3,10,0.708105746087) (5,10,0.708756285768) (7,10,0.002331404976) (8,10,0.709748844054) (10,10,2.000000000000) (11,10,0.706430079873) (12,10,-0.708140330607) (2,11,-0.706266229287) (5,11,0.001378937837) (8,11,0.002786910167) (10,11,0.706430079873) (11,11,2.000000000000) (3,12,-0.002876475477) (6,12,0.005154380469) (7,12,0.704418838054) (9,12,0.708861245160) (10,12,-0.708140330607) (12,12,2.000000000000) 
Minv:
size: 27 27
(0,0,1.000000000000) (1,1,1.000000000000) (2,2,2.000000000000) (3,3,1.000000000000) (4,4,1.000000000000) (5,5,2.000000000000) (6,6,1.000000000000) (7,7,1.000000000000) (8,8,2.000000000000) (9,9,1.000000000000) (10,10,1.000000000000) (11,11,2.000000000000) (12,12,1.000000000000) (13,13,1.000000000000) (14,14,2.000000000000) (15,15,1.000000000000) (16,16,1.000000000000) (17,17,2.000000000000) (18,18,1.000000000000) (19,19,1.000000000000) (20,20,2.000000000000) (21,21,1.000000000000) (22,22,1.000000000000) (23,23,2.000000000000) (24,24,1.000000000000) (25,25,1.000000000000) (26,26,2.000000000000) 
v0:
size: 27 1
(0,0,-0.878749770396) (1,0,-0.882294600280) (2,0,0.000000000000) (3,0,0.775231370220) (4,0,-0.650436410276) (5,0,0.000000000000) (6,0,-0.397747061402) (7,0,0.371198234970) (8,0,0.000000000000) (9,0,0.126038119047) (10,0,0.281084115649) (11,0,0.000000000000) (12,0,-0.779789933086) (13,0,0.292528108186) (14,0,0.000000000000) (15,0,0.944961444489) (16,0,-0.851677407826) (17,0,0.000000000000) (18,0,-0.646094996544) (19,0,0.763974800744) (20,0,0.000000000000) (21,0,0.335496565265) (22,0,-0.307296971573) (23,0,0.000000000000) (24,0,0.383905997195) (25,0,0.259004108868) (26,0,0.000000000000) 
ipopt_sol:
size: 13 1
(0,0,1.101256995828) (1,0,1.189547962761) (2,0,0.000000000000) (3,0,0.000000000000) (4,0,0.000000000000) (5,0,0.000000000000) (6,0,1.136470294202) (7,0,0.000000000000) (8,0,0.849427733111) (9,0,0.073102360448) (10,0,0.914790366071) (11,0,0.236677102855) (12,0,1.366897865123) 
policy_sol:
size: 13 1
(0,0,1.101256987899) (1,0,1.189547956190) (2,0,0.000000000000) (3,0,0.000000000000) (4,0,0.000000000000) (5,0,0.000000000000) (6,0,1.136470285180) (7,0,0.000000000000) (8,0,0.849427727925) (9,0,0.073102368145) (10,0,0.914790354477) (11,0,0.236677110481) (12,0,1.366897854805) 

policy_converges:
1
ipopt_converges:
0
