solve status: 0
N:
size: 27 10
(0,0,-0.007085361579) (1,0,-0.999974898511) (3,0,0.007085361579) (4,0,0.999974898511) (3,1,-0.704189355346) (4,1,0.710012219485) (9,1,0.704189355346) (10,1,-0.710012219485) (9,2,-0.000736111100) (10,2,-0.999999729070) (12,2,0.000736111100) (13,2,0.999999729070) (9,3,-0.001196501723) (10,3,-0.999999284192) (15,3,0.001196501723) (16,3,0.999999284192) (12,4,-0.001656734667) (13,4,-0.999998627614) (15,4,0.001656734667) (16,4,0.999998627614) (12,5,-0.999983847661) (13,5,0.005683697460) (21,5,0.999983847661) (22,5,-0.005683697460) (12,6,-0.711054628767) (13,6,-0.703136768281) (24,6,0.711054628767) (25,6,0.703136768281) (15,7,-0.704096745705) (16,7,0.710104057647) (21,7,0.704096745705) (22,7,-0.710104057647) (18,8,-0.002695048244) (19,8,-0.999996368351) (24,8,0.002695048244) (25,8,0.999996368351) (21,9,-0.006825008707) (22,9,-0.999976709357) (24,9,0.006825008707) (25,9,0.999976709357) 
Q:
size: 10 10
(0,0,2.000000000000) (1,0,0.705004960917) (0,1,0.705004960917) (1,1,2.000000000000) (2,1,0.709493665520) (3,1,0.709169147475) (1,2,0.709493665520) (2,2,2.000000000000) (3,2,0.999999894020) (4,2,-0.999999576226) (5,2,0.004947596709) (6,2,-0.703659992985) (1,3,0.709169147475) (2,3,0.999999894020) (3,3,2.000000000000) (4,3,0.999999894093) (7,3,0.709261096379) (2,4,-0.999999576226) (3,4,0.999999894093) (4,4,2.000000000000) (5,4,-0.004026981752) (6,4,0.704313832160) (7,4,0.708936581623) (2,5,0.004947596709) (4,5,-0.004026981752) (5,5,2.000000000000) (6,5,0.707046726908) (7,5,0.708121389525) (9,5,-0.001141333385) (2,6,-0.703659992985) (4,6,0.704313832160) (5,6,0.707046726908) (6,6,2.000000000000) (8,6,0.705050541264) (9,6,0.707973345806) (3,7,0.709261096379) (4,7,0.708936581623) (5,7,0.708121389525) (7,7,2.000000000000) (9,7,0.705282052447) (6,8,0.705050541264) (8,8,2.000000000000) (9,8,0.999991471520) (5,9,-0.001141333385) (6,9,0.707973345806) (7,9,0.705282052447) (8,9,0.999991471520) (9,9,2.000000000000) 
Minv:
size: 27 27
(0,0,1.000000000000) (1,1,1.000000000000) (2,2,2.000000000000) (3,3,1.000000000000) (4,4,1.000000000000) (5,5,2.000000000000) (6,6,1.000000000000) (7,7,1.000000000000) (8,8,2.000000000000) (9,9,1.000000000000) (10,10,1.000000000000) (11,11,2.000000000000) (12,12,1.000000000000) (13,13,1.000000000000) (14,14,2.000000000000) (15,15,1.000000000000) (16,16,1.000000000000) (17,17,2.000000000000) (18,18,1.000000000000) (19,19,1.000000000000) (20,20,2.000000000000) (21,21,1.000000000000) (22,22,1.000000000000) (23,23,2.000000000000) (24,24,1.000000000000) (25,25,1.000000000000) (26,26,2.000000000000) 
v0:
size: 27 1
(0,0,-0.699566962989) (1,0,-0.119517926519) (2,0,0.000000000000) (3,0,-0.452723921657) (4,0,-0.892176334878) (5,0,0.000000000000) (6,0,-0.766367611544) (7,0,0.431764140893) (8,0,0.000000000000) (9,0,-0.137919348243) (10,0,0.942454597764) (11,0,0.000000000000) (12,0,0.790995086000) (13,0,0.254547207936) (14,0,0.000000000000) (15,0,0.509117675775) (16,0,0.137347712486) (17,0,0.000000000000) (18,0,0.881055957662) (19,0,-0.502346062471) (20,0,0.000000000000) (21,0,0.696518824164) (22,0,0.895798446340) (23,0,0.000000000000) (24,0,0.977498074421) (25,0,-0.994359930430) (26,0,0.000000000000) 
ipopt_sol:
size: 10 1
(0,0,0.552479993113) (1,0,0.619598613559) (2,0,0.751463150977) (3,0,0.000000000000) (4,0,0.418554407859) (5,0,0.022957623228) (6,0,0.212659666966) (7,0,0.000000000000) (8,0,0.000000000000) (9,0,1.812931089643) 
policy_sol:
size: 10 1
(0,0,0.552479992803) (1,0,0.619598614436) (2,0,0.751463139023) (3,0,0.000000000000) (4,0,0.418554392518) (5,0,0.022957618761) (6,0,0.212659669561) (7,0,0.000000000000) (8,0,0.000000000000) (9,0,1.812931080196) 

policy_converges:
1
ipopt_converges:
0
