solve status: 0
N:
size: 27 15
(0,0,0.002918160603) (1,0,-0.999995742160) (3,0,-0.002918160603) (4,0,0.999995742160) (0,1,-0.000604586507) (1,1,-0.999999817238) (6,1,0.000604586507) (7,1,0.999999817238) (0,2,-0.999993320215) (1,2,-0.003655068390) (18,2,0.999993320215) (19,2,0.003655068390) (3,3,-0.004163415743) (4,3,-0.999991332947) (6,3,0.004163415743) (7,3,0.999991332947) (3,4,-0.708590526181) (4,4,-0.705619916248) (15,4,0.708590526181) (16,4,0.705619916248) (6,5,-0.706499119177) (7,5,0.707713921441) (12,5,0.706499119177) (13,5,-0.707713921441) (6,6,-0.999996119757) (7,6,0.002785762149) (15,6,0.999996119757) (16,6,-0.002785762149) (6,7,-0.999997007408) (7,7,0.002446461592) (24,7,0.999997007408) (25,7,-0.002446461592) (9,8,0.003106879964) (10,8,-0.999995173637) (12,8,-0.003106879964) (13,8,0.999995173637) (9,9,0.003331943689) (10,9,-0.999994449060) (15,9,-0.003331943689) (16,9,0.999994449060) (9,10,-0.999993949763) (10,10,-0.003478568321) (18,10,0.999993949763) (19,10,0.003478568321) (9,11,-0.708638716139) (10,11,-0.705571520109) (21,11,0.708638716139) (22,11,0.705571520109) (12,12,0.003557931564) (13,12,-0.999993670541) (15,12,-0.003557931564) (16,12,0.999993670541) (12,13,-0.708669663815) (13,13,0.705540436537) (18,13,0.708669663815) (19,13,-0.705540436537) (12,14,-0.999995093746) (13,14,0.003132488577) (21,14,0.999995093746) (22,14,-0.003132488577) 
Q:
size: 15 15
(0,0,2.000000000000) (1,0,0.999993795118) (2,0,0.000736911717) (3,0,-0.999974925629) (4,0,-0.703549130874) (0,1,0.999993795118) (1,1,2.000000000000) (2,1,0.004259650191) (3,1,0.999993667331) (5,1,0.707286652263) (6,1,0.002181177478) (7,1,0.001841876447) (0,2,0.000736911717) (1,2,0.004259650191) (2,2,2.000000000000) (10,2,0.999999984424) (13,2,0.706086131506) (0,3,-0.999974925629) (1,3,0.999993667331) (3,3,2.000000000000) (4,3,0.708563957555) (5,3,0.704766338092) (6,3,-0.001377661584) (7,3,-0.001716962895) (0,4,-0.703549130874) (3,4,0.708563957555) (4,4,2.000000000000) (6,4,0.706622087424) (9,4,0.703255015663) (12,4,0.703094333457) (1,5,0.707286652263) (3,5,0.704766338092) (5,5,2.000000000000) (6,5,0.708467900443) (7,5,0.708228399841) (8,5,-0.709905513715) (12,5,0.710223117512) (13,5,-0.999995282350) (14,5,-0.708712558687) (1,6,0.002181177478) (3,6,-0.001377661584) (4,6,0.706622087424) (5,6,0.708467900443) (6,6,2.000000000000) (7,6,0.999999942437) (9,6,-0.006117677445) (12,6,-0.006343662275) (1,7,0.001841876447) (3,7,-0.001716962895) (5,7,0.708228399841) (6,7,0.999999942437) (7,7,2.000000000000) (5,8,-0.709905513715) (8,8,2.000000000000) (9,8,0.999999974673) (10,8,0.000371690365) (11,8,0.703366459335) (12,8,-0.999999898275) (13,8,0.707738782922) (14,8,0.006239338179) (4,9,0.703255015663) (6,9,-0.006117677445) (8,9,0.999999974673) (9,9,2.000000000000) (10,9,0.000146625482) (11,9,0.703206459226) (12,9,0.999999974464) (2,10,0.999999984424) (8,10,0.000371690365) (9,10,0.000146625482) (10,10,2.000000000000) (11,10,0.711088807445) (13,10,0.706211105584) (8,11,0.703366459335) (9,11,0.703206459226) (10,11,0.711088807445) (11,11,2.000000000000) (14,11,0.706425044651) (4,12,0.703094333457) (5,12,0.710223117512) (6,12,-0.006343662275) (8,12,-0.999999898275) (9,12,0.999999974464) (12,12,2.000000000000) (13,12,-0.708057369013) (14,12,-0.006690382858) (2,13,0.706086131506) (5,13,-0.999995282350) (8,13,0.707738782922) (10,13,0.706211105584) (12,13,-0.708057369013) (13,13,2.000000000000) (14,13,0.710876284259) (5,14,-0.708712558687) (8,14,0.006239338179) (11,14,0.706425044651) (12,14,-0.006690382858) (13,14,0.710876284259) (14,14,2.000000000000) 
Minv:
size: 27 27
(0,0,1.000000000000) (1,1,1.000000000000) (2,2,2.000000000000) (3,3,1.000000000000) (4,4,1.000000000000) (5,5,2.000000000000) (6,6,1.000000000000) (7,7,1.000000000000) (8,8,2.000000000000) (9,9,1.000000000000) (10,10,1.000000000000) (11,11,2.000000000000) (12,12,1.000000000000) (13,13,1.000000000000) (14,14,2.000000000000) (15,15,1.000000000000) (16,16,1.000000000000) (17,17,2.000000000000) (18,18,1.000000000000) (19,19,1.000000000000) (20,20,2.000000000000) (21,21,1.000000000000) (22,22,1.000000000000) (23,23,2.000000000000) (24,24,1.000000000000) (25,25,1.000000000000) (26,26,2.000000000000) 
v0:
size: 27 1
(0,0,-0.710005185506) (1,0,0.081632840576) (2,0,0.000000000000) (3,0,-0.517270351966) (4,0,-0.044473578199) (5,0,0.000000000000) (6,0,0.633951398085) (7,0,-0.397002775661) (8,0,0.000000000000) (9,0,0.554019587023) (10,0,-0.070800650225) (11,0,0.000000000000) (12,0,0.332829036612) (13,0,-0.281381705152) (14,0,0.000000000000) (15,0,-0.669216603461) (16,0,-0.903504229797) (17,0,0.000000000000) (18,0,-0.978557141507) (19,0,-0.710901166282) (20,0,0.000000000000) (21,0,0.286808064870) (22,0,-0.542550619052) (23,0,0.000000000000) (24,0,0.259381692231) (25,0,0.085039887120) (26,0,0.000000000000) 
ipopt_sol:
size: 15 1
(0,0,0.000000000000) (1,0,0.402778853197) (2,0,0.000000000000) (3,0,0.147243634872) (4,0,0.000000000000) (5,0,0.000000000000) (6,0,1.304611741456) (7,0,0.000000000000) (8,0,0.000000000000) (9,0,0.634290416222) (10,0,1.444095716798) (11,0,0.000000000000) (12,0,0.396435060348) (13,0,0.256727425914) (14,0,0.000000000000) 
policy_sol:
size: 15 1
(0,0,0.000000000000) (1,0,0.402778843221) (2,0,0.000000000000) (3,0,0.147243637767) (4,0,0.000000000000) (5,0,0.000000000000) (6,0,1.304611729365) (7,0,0.000000000000) (8,0,0.000000000000) (9,0,0.634290402106) (10,0,1.444095708607) (11,0,0.000000000000) (12,0,0.396435064794) (13,0,0.256727424881) (14,0,0.000000000000) 

policy_converges:
1
ipopt_converges:
0
