solve status: 0
N:
size: 27 13
(0,0,-0.006496135954) (1,0,-0.999978899886) (3,0,0.006496135954) (4,0,0.999978899886) (0,1,0.000596404756) (1,1,-0.999999822151) (6,1,-0.000596404756) (7,1,0.999999822151) (0,2,-0.999978309005) (1,2,0.006586464922) (9,2,0.999978309005) (10,2,-0.006586464922) (0,3,-0.709167183825) (1,3,-0.705040357275) (12,3,0.709167183825) (13,3,0.705040357275) (3,4,-0.703845938350) (4,4,0.710352655425) (9,4,0.703845938350) (10,4,-0.710352655425) (6,5,-0.709303974379) (7,5,0.704902739341) (12,5,0.709303974379) (13,5,-0.704902739341) (6,6,-0.999999783488) (7,6,-0.000658045336) (24,6,0.999999783488) (25,6,0.000658045336) (9,7,-0.000047328333) (10,7,-0.999999998880) (12,7,0.000047328333) (13,7,0.999999998880) (9,8,-0.001691053075) (10,8,-0.999998570169) (15,8,0.001691053075) (16,8,0.999998570169) (12,9,-0.003330475853) (13,9,-0.999994453950) (15,9,0.003330475853) (16,9,0.999994453950) (15,10,-0.706866327170) (16,10,0.707347153463) (21,10,0.706866327170) (22,10,-0.707347153463) (15,11,-0.999974536318) (16,11,0.007136295591) (24,11,0.999974536318) (25,11,-0.007136295591) (21,12,0.005850579429) (22,12,-0.999982885214) (24,12,-0.005850579429) (25,12,0.999982885214) 
Q:
size: 13 13
(0,0,2.000000000000) (1,0,0.999974847714) (2,0,-0.000090330900) (3,0,0.709632327283) (4,0,0.705765387997) (0,1,0.999974847714) (1,1,2.000000000000) (2,1,-0.007182855569) (3,1,0.704617281203) (5,1,0.705325646238) (6,1,-0.000061640592) (0,2,-0.000090330900) (1,2,-0.007182855569) (2,2,2.000000000000) (3,2,0.704508077701) (4,2,0.708509384078) (7,2,0.006539137608) (8,2,0.004895439110) (0,3,0.709632327283) (1,3,0.704617281203) (2,3,0.704508077701) (3,3,2.000000000000) (5,3,0.006030222796) (7,3,0.705073920186) (9,3,-0.707398311267) (0,4,0.705765387997) (2,4,0.708509384078) (4,4,2.000000000000) (7,4,0.710319342774) (8,4,0.709161398902) (1,5,0.705325646238) (3,5,0.006030222796) (5,5,2.000000000000) (6,5,0.708839962846) (7,5,-0.704869168377) (9,5,0.702536510156) (1,6,-0.000061640592) (5,6,0.708839962846) (6,6,2.000000000000) (11,6,0.999969623806) (12,6,-0.005192544089) (2,7,0.006539137608) (3,7,0.705073920186) (4,7,0.710319342774) (5,7,-0.704869168377) (7,7,2.000000000000) (8,7,0.999998649083) (9,7,-0.999994610456) (2,8,0.004895439110) (4,8,0.709161398902) (7,8,0.999998649083) (8,8,2.000000000000) (9,8,0.999998656138) (10,8,0.706150793600) (11,8,0.005445275374) (3,9,-0.707398311267) (5,9,0.702536510156) (7,9,-0.999994610456) (8,9,0.999998656138) (9,9,2.000000000000) (10,9,0.704989029247) (11,9,0.003805864966) (8,10,0.706150793600) (9,10,0.704989029247) (10,10,2.000000000000) (11,10,0.711896166124) (12,10,0.711470624961) (6,11,0.999969623806) (8,11,0.005445275374) (9,11,0.003805864966) (10,11,0.711896166124) (11,11,2.000000000000) (12,11,-0.012986603907) (6,12,-0.005192544089) (10,12,0.711470624961) (11,12,-0.012986603907) (12,12,2.000000000000) 
Minv:
size: 27 27
(0,0,1.000000000000) (1,1,1.000000000000) (2,2,2.000000000000) (3,3,1.000000000000) (4,4,1.000000000000) (5,5,2.000000000000) (6,6,1.000000000000) (7,7,1.000000000000) (8,8,2.000000000000) (9,9,1.000000000000) (10,10,1.000000000000) (11,11,2.000000000000) (12,12,1.000000000000) (13,13,1.000000000000) (14,14,2.000000000000) (15,15,1.000000000000) (16,16,1.000000000000) (17,17,2.000000000000) (18,18,1.000000000000) (19,19,1.000000000000) (20,20,2.000000000000) (21,21,1.000000000000) (22,22,1.000000000000) (23,23,2.000000000000) (24,24,1.000000000000) (25,25,1.000000000000) (26,26,2.000000000000) 
v0:
size: 27 1
(0,0,0.532815506599) (1,0,0.000482458905) (2,0,0.000000000000) (3,0,-0.821499089019) (4,0,-0.871984355023) (5,0,0.000000000000) (6,0,0.786465124193) (7,0,-0.784869710410) (8,0,0.000000000000) (9,0,0.014182591150) (10,0,0.090241330163) (11,0,0.000000000000) (12,0,-0.625436903290) (13,0,-0.271982704599) (14,0,0.000000000000) (15,0,0.913760352227) (16,0,-0.886856092716) (17,0,0.000000000000) (18,0,0.667148890811) (19,0,-0.747008680083) (20,0,0.000000000000) (21,0,0.307326549942) (22,0,0.691692577846) (23,0,0.000000000000) (24,0,-0.662391205549) (25,0,0.549974688525) (26,0,0.000000000000) 
ipopt_sol:
size: 13 1
(0,0,0.726888486866) (1,0,0.000000000000) (2,0,0.363457950812) (3,0,0.435082078380) (4,0,0.000000000000) (5,0,1.379506821951) (6,0,0.480900170166) (7,0,0.534158958409) (8,0,0.319421223159) (9,0,0.000000000000) (10,0,1.092064378375) (11,0,0.956334400830) (12,0,0.000000000000) 
policy_sol:
size: 13 1
(0,0,0.726888476325) (1,0,0.000000000000) (2,0,0.363457945324) (3,0,0.435082084051) (4,0,0.000000000000) (5,0,1.379506814014) (6,0,0.480900172764) (7,0,0.534158958322) (8,0,0.319421216472) (9,0,0.000000000000) (10,0,1.092064373553) (11,0,0.956334401312) (12,0,0.000000000000) 

policy_converges:
1
ipopt_converges:
0
