solve status: 0
N:
size: 27 15
(0,0,-0.001979480810) (1,0,-0.999998040826) (3,0,0.001979480810) (4,0,0.999998040826) (0,1,-0.000846418349) (1,1,-0.999999641788) (6,1,0.000846418349) (7,1,0.999999641788) (0,2,-0.999999941026) (1,2,0.000343436161) (9,2,0.999999941026) (10,2,-0.000343436161) (3,3,0.000278840631) (4,3,-0.999999961124) (6,3,-0.000278840631) (7,3,0.999999961124) (3,4,-0.711110052288) (4,4,0.703080716231) (9,4,0.711110052288) (10,4,-0.703080716231) (3,5,-0.999998841519) (4,5,0.001522156672) (21,5,0.999998841519) (22,5,-0.001522156672) (6,6,-0.710009745754) (7,6,0.704191849523) (12,6,0.710009745754) (13,6,-0.704191849523) (9,7,0.001721353053) (10,7,-0.999998518471) (15,7,-0.001721353053) (16,7,0.999998518471) (9,8,-0.999991095770) (10,8,0.004219997723) (18,8,0.999991095770) (19,8,-0.004219997723) (9,9,-0.707682894269) (10,9,-0.706530198335) (21,9,0.707682894269) (22,9,0.706530198335) (12,10,0.001007005657) (13,10,-0.999999492970) (15,10,-0.001007005657) (16,10,0.999999492970) (12,11,-0.999962586260) (13,11,0.008650206945) (21,11,0.999962586260) (22,11,-0.008650206945) (12,12,-0.710303665420) (13,12,-0.703895377802) (24,12,0.710303665420) (25,12,0.703895377802) (15,13,-0.705719438428) (16,13,0.708491407305) (21,13,0.705719438428) (22,13,-0.708491407305) (15,14,-0.999998371356) (16,14,-0.001804795293) (24,14,0.999998371356) (25,14,0.001804795293) 
Q:
size: 15 15
(0,0,2.000000000000) (1,0,0.999999358083) (2,0,0.001636045205) (3,0,-0.999997449990) (4,0,0.701671710071) (5,0,-0.000457324827) (0,1,0.999999358083) (1,1,2.000000000000) (2,1,0.000502982261) (3,1,0.999999366896) (6,1,0.703590631996) (0,2,0.001636045205) (1,2,0.000502982261) (2,2,2.000000000000) (4,2,0.711351473693) (7,2,0.002064788604) (8,2,-0.999992486096) (9,2,-0.707440204515) (0,3,-0.999997449990) (1,3,0.999999366896) (3,3,2.000000000000) (4,3,-0.703278975273) (5,3,-0.001800996921) (6,3,0.704389801712) (0,4,0.701671710071) (2,4,0.711351473693) (3,4,-0.703278975273) (4,4,2.000000000000) (5,4,0.712179427484) (7,4,0.704303746055) (8,4,-0.714070719422) (9,4,-0.006492662063) (0,5,-0.000457324827) (3,5,-0.001800996921) (4,5,0.712179427484) (5,5,2.000000000000) (9,5,0.706606624776) (11,5,0.999974594792) (13,5,0.706797055788) (1,6,0.703590631996) (3,6,0.704389801712) (6,6,2.000000000000) (10,6,0.704906476307) (11,6,-0.716074586862) (12,6,-0.008645136929) (2,7,0.002064788604) (4,7,0.704303746055) (7,7,2.000000000000) (8,7,-0.005941329196) (9,7,0.705310979479) (10,7,0.999999744853) (13,7,0.709705149964) (14,7,-0.000083442369) (2,8,-0.999992486096) (4,8,-0.714070719422) (7,8,-0.005941329196) (8,8,2.000000000000) (9,8,0.704695037069) (2,9,-0.707440204515) (4,9,-0.006492662063) (5,9,0.706606624776) (7,9,0.705310979479) (8,9,0.704695037069) (9,9,2.000000000000) (11,9,0.701544784776) (13,9,-0.001144999794) (6,10,0.704906476307) (7,10,0.999999744853) (10,10,2.000000000000) (11,10,-0.009657170541) (12,10,0.703179741096) (13,10,0.709201711545) (14,10,-0.000797790360) (5,11,0.999974594792) (6,11,-0.716074586862) (9,11,0.701544784776) (10,11,-0.009657170541) (11,11,2.000000000000) (12,11,0.704188249618) (13,11,0.711821632116) (6,12,-0.008645136929) (10,12,0.703179741096) (11,12,0.704188249618) (12,12,2.000000000000) (14,12,0.711572895653) (5,13,0.706797055788) (7,13,0.709705149964) (9,13,-0.001144999794) (10,13,0.709201711545) (11,13,0.711821632116) (13,13,2.000000000000) (14,13,0.704439607105) (7,14,-0.000083442369) (10,14,-0.000797790360) (12,14,0.711572895653) (13,14,0.704439607105) (14,14,2.000000000000) 
Minv:
size: 27 27
(0,0,1.000000000000) (1,1,1.000000000000) (2,2,2.000000000000) (3,3,1.000000000000) (4,4,1.000000000000) (5,5,2.000000000000) (6,6,1.000000000000) (7,7,1.000000000000) (8,8,2.000000000000) (9,9,1.000000000000) (10,10,1.000000000000) (11,11,2.000000000000) (12,12,1.000000000000) (13,13,1.000000000000) (14,14,2.000000000000) (15,15,1.000000000000) (16,16,1.000000000000) (17,17,2.000000000000) (18,18,1.000000000000) (19,19,1.000000000000) (20,20,2.000000000000) (21,21,1.000000000000) (22,22,1.000000000000) (23,23,2.000000000000) (24,24,1.000000000000) (25,25,1.000000000000) (26,26,2.000000000000) 
v0:
size: 27 1
(0,0,0.329163663039) (1,0,-0.471594269961) (2,0,0.000000000000) (3,0,0.105330804660) (4,0,-0.597513955420) (5,0,0.000000000000) (6,0,-0.527621486840) (7,0,-0.665122853958) (8,0,0.000000000000) (9,0,0.234033044667) (10,0,-0.098056494076) (11,0,0.000000000000) (12,0,0.760740377033) (13,0,0.901162524585) (14,0,0.000000000000) (15,0,0.821395999364) (16,0,-0.314606647446) (17,0,0.000000000000) (18,0,-0.071424645686) (19,0,-0.541208140682) (20,0,0.000000000000) (21,0,-0.640307374425) (22,0,-0.489589274951) (23,0,0.000000000000) (24,0,-0.700783029509) (25,0,0.998681352851) (26,0,0.000000000000) 
ipopt_sol:
size: 15 1
(0,0,0.000000000000) (1,0,0.090523225677) (2,0,0.346304989370) (3,0,0.063210124986) (4,0,0.321805419763) (5,0,0.000000000000) (6,0,0.204773498185) (7,0,0.000000000000) (8,0,0.453283960765) (9,0,0.392646495043) (10,0,1.150685533247) (11,0,1.330108236071) (12,0,0.000000000000) (13,0,0.000000000000) (14,0,1.520265343777) 
policy_sol:
size: 15 1
(0,0,0.000000000000) (1,0,0.090523217777) (2,0,0.346304991374) (3,0,0.063210129612) (4,0,0.321805409397) (5,0,0.000000000000) (6,0,0.204773499992) (7,0,0.000000000000) (8,0,0.453283958754) (9,0,0.392646493175) (10,0,1.150685520493) (11,0,1.330108225232) (12,0,0.000000000000) (13,0,0.000000000000) (14,0,1.520265336692) 

policy_converges:
1
ipopt_converges:
0
