solve status: 0
N:
size: 27 13
(0,0,-0.999990900318) (1,0,0.004266061469) (9,0,0.999990900318) (10,0,-0.004266061469) (0,1,-0.999999860022) (1,1,-0.000529108237) (18,1,0.999999860022) (19,1,0.000529108237) (3,2,-0.706814613818) (4,2,0.707398827885) (9,2,0.706814613818) (10,2,-0.707398827885) (3,3,-0.999997177206) (4,3,-0.002376043137) (21,3,0.999997177206) (22,3,0.002376043137) (6,4,-0.999985219684) (7,4,0.005436948875) (15,4,0.999985219684) (16,4,-0.005436948875) (9,5,-0.999985860098) (10,5,-0.005317857123) (18,5,0.999985860098) (19,5,0.005317857123) (9,6,-0.704945258285) (10,6,-0.709261716732) (21,6,0.704945258285) (22,6,0.709261716732) (12,7,-0.707062824509) (13,7,0.707150735132) (18,7,0.707062824509) (19,7,-0.707150735132) (12,8,-0.999998478048) (13,8,-0.001744678366) (21,8,0.999998478048) (22,8,0.001744678366) (12,9,-0.708423278228) (13,9,-0.705787828505) (24,9,0.708423278228) (25,9,0.705787828505) (18,10,-0.000967860350) (19,10,-0.999999531623) (21,10,0.000967860350) (22,10,0.999999531623) (18,11,-0.001073120688) (19,11,-0.999999424206) (24,11,0.001073120688) (25,11,0.999999424206) (21,12,-0.001178930229) (22,12,-0.999999305062) (24,12,0.001178930229) (25,12,0.999999305062) 
Q:
size: 13 13
(0,0,2.000000000000) (1,0,0.999988503134) (2,0,0.709825988913) (5,0,-0.999954074240) (6,0,-0.701913089427) (0,1,0.999988503134) (1,1,2.000000000000) (5,1,0.999988533844) (7,1,0.706688566256) (10,1,-0.001496968204) (11,1,-0.001602228470) (0,2,0.709825988913) (2,2,2.000000000000) (3,2,0.705131808495) (5,2,-0.703042773632) (6,2,0.003465296583) (2,3,0.705131808495) (3,3,2.000000000000) (6,3,0.706628504804) (8,3,0.999999800688) (10,3,0.003343899642) (12,3,-0.003554968387) (4,4,2.000000000000) (0,5,-0.999954074240) (1,5,0.999988533844) (2,5,-0.703042773632) (5,5,2.000000000000) (6,5,0.708707042901) (7,5,0.703292300135) (10,5,-0.006285701297) (11,5,-0.006390959575) (0,6,-0.701913089427) (2,6,0.003465296583) (3,6,0.706628504804) (5,6,0.708707042901) (6,6,2.000000000000) (8,6,0.706181618965) (10,6,0.709943673095) (12,6,-0.710092305113) (1,7,0.706688566256) (5,7,0.703292300135) (7,7,2.000000000000) (8,7,0.705827997804) (9,7,0.001801382277) (10,7,0.706466065846) (11,7,0.706391564215) (3,8,0.999999800688) (6,8,0.706181618965) (7,8,0.705827997804) (8,8,2.000000000000) (9,8,0.709653572796) (10,8,0.002712536426) (12,8,-0.002923605588) (7,9,0.001801382277) (8,9,0.709653572796) (9,9,2.000000000000) (11,9,0.706547645791) (12,9,0.706622519643) (1,10,-0.001496968204) (3,10,0.003343899642) (5,10,-0.006285701297) (6,10,0.709943673095) (7,10,0.706466065846) (8,10,0.002712536426) (10,10,2.000000000000) (11,10,0.999999994460) (12,10,-0.999999977725) (1,11,-0.001602228470) (5,11,-0.006390959575) (7,11,0.706391564215) (9,11,0.706547645791) (10,11,0.999999994460) (11,11,2.000000000000) (12,11,0.999999994402) (3,12,-0.003554968387) (6,12,-0.710092305113) (8,12,-0.002923605588) (9,12,0.706622519643) (10,12,-0.999999977725) (11,12,0.999999994402) (12,12,2.000000000000) 
Minv:
size: 27 27
(0,0,1.000000000000) (1,1,1.000000000000) (2,2,2.000000000000) (3,3,1.000000000000) (4,4,1.000000000000) (5,5,2.000000000000) (6,6,1.000000000000) (7,7,1.000000000000) (8,8,2.000000000000) (9,9,1.000000000000) (10,10,1.000000000000) (11,11,2.000000000000) (12,12,1.000000000000) (13,13,1.000000000000) (14,14,2.000000000000) (15,15,1.000000000000) (16,16,1.000000000000) (17,17,2.000000000000) (18,18,1.000000000000) (19,19,1.000000000000) (20,20,2.000000000000) (21,21,1.000000000000) (22,22,1.000000000000) (23,23,2.000000000000) (24,24,1.000000000000) (25,25,1.000000000000) (26,26,2.000000000000) 
v0:
size: 27 1
(0,0,0.470133357583) (1,0,-0.979579223137) (2,0,0.000000000000) (3,0,0.278384559545) (4,0,-0.526650070896) (5,0,0.000000000000) (6,0,0.015215058195) (7,0,-0.391967957880) (8,0,0.000000000000) (9,0,0.114298522343) (10,0,-0.317192476081) (11,0,0.000000000000) (12,0,0.626920910924) (13,0,0.205100058397) (14,0,0.000000000000) (15,0,-0.645540204952) (16,0,0.724313418421) (17,0,0.000000000000) (18,0,0.076291570389) (19,0,0.777888099290) (20,0,0.000000000000) (21,0,-0.664140798217) (22,0,0.362499429101) (23,0,0.000000000000) (24,0,0.160485767764) (25,0,0.245239045166) (26,0,0.000000000000) 
ipopt_sol:
size: 13 1
(0,0,0.236911838725) (1,0,0.219321505371) (2,0,0.034053531186) (3,0,0.414140560885) (4,0,0.666814661748) (5,0,0.000000000000) (6,0,0.000000000000) (7,0,0.157279314710) (8,0,1.027991763611) (9,0,0.000000000000) (10,0,0.160046010701) (11,0,0.397160710465) (12,0,0.000000000000) 
policy_sol:
size: 13 1
(0,0,0.236911858701) (1,0,0.219321486256) (2,0,0.034053525653) (3,0,0.414140566279) (4,0,0.666814661748) (5,0,0.000000000000) (6,0,0.000000000000) (7,0,0.157279326514) (8,0,1.027991749676) (9,0,0.000000000000) (10,0,0.160046013502) (11,0,0.397160697412) (12,0,0.000000000000) 

policy_converges:
1
ipopt_converges:
0
