solve status: 0
N:
size: 27 10
(0,0,-0.003327853625) (1,0,-0.999994462680) (6,0,0.003327853625) (7,0,0.999994462680) (3,1,-0.002335903627) (4,1,-0.999997271773) (6,1,0.002335903627) (7,1,0.999997271773) (3,2,-0.707138261192) (4,2,-0.707075299780) (15,2,0.707138261192) (16,2,0.707075299780) (6,3,-0.999992665749) (7,3,0.003829940990) (15,3,0.999992665749) (16,3,-0.003829940990) (6,4,-0.999998126165) (7,4,-0.001935888915) (24,4,0.999998126165) (25,4,0.001935888915) (9,5,-0.003547232761) (10,5,-0.999993708550) (12,5,0.003547232761) (13,5,0.999993708550) (9,6,-0.001576762992) (10,6,-0.999998756908) (15,6,0.001576762992) (16,6,0.999998756908) (9,7,-0.999993241433) (10,7,0.003676559228) (18,7,0.999993241433) (19,7,-0.003676559228) (9,8,-0.707506215361) (10,8,-0.706707121250) (21,8,0.707506215361) (22,8,0.706707121250) (15,9,-0.999970455193) (16,9,-0.007686920155) (24,9,0.999970455193) (25,9,0.007686920155) 
Q:
size: 10 10
(0,0,2.000000000000) (1,0,0.999999508014) (3,0,0.000502090564) (4,0,-0.005263725585) (0,1,0.999999508014) (1,1,2.000000000000) (2,1,0.708725177547) (3,1,0.001494044047) (4,1,-0.004271782883) (1,2,0.708725177547) (2,2,2.000000000000) (3,2,0.704425018189) (6,2,0.708189410261) (9,2,-0.712552600302) (0,3,0.000502090564) (1,3,0.001494044047) (2,3,0.704425018189) (3,3,2.000000000000) (4,3,0.999983377588) (6,3,-0.002253184801) (9,3,-0.999933680708) (0,4,-0.005263725585) (1,4,-0.004271782883) (3,4,0.999983377588) (4,4,2.000000000000) (9,4,0.999983462437) (5,5,2.000000000000) (6,5,0.999998058612) (7,5,-0.000129327310) (8,5,0.709212364263) (2,6,0.708189410261) (3,6,-0.002253184801) (5,6,0.999998058612) (6,6,2.000000000000) (7,6,-0.002099802322) (8,6,0.707821812365) (9,6,-0.009263627007) (5,7,-0.000129327310) (6,7,-0.002099802322) (7,7,2.000000000000) (8,7,0.704903183046) (5,8,0.709212364263) (6,8,0.707821812365) (7,8,0.704903183046) (8,8,2.000000000000) (2,9,-0.712552600302) (3,9,-0.999933680708) (4,9,0.999983462437) (6,9,-0.009263627007) (9,9,2.000000000000) 
Minv:
size: 27 27
(0,0,1.000000000000) (1,1,1.000000000000) (2,2,2.000000000000) (3,3,1.000000000000) (4,4,1.000000000000) (5,5,2.000000000000) (6,6,1.000000000000) (7,7,1.000000000000) (8,8,2.000000000000) (9,9,1.000000000000) (10,10,1.000000000000) (11,11,2.000000000000) (12,12,1.000000000000) (13,13,1.000000000000) (14,14,2.000000000000) (15,15,1.000000000000) (16,16,1.000000000000) (17,17,2.000000000000) (18,18,1.000000000000) (19,19,1.000000000000) (20,20,2.000000000000) (21,21,1.000000000000) (22,22,1.000000000000) (23,23,2.000000000000) (24,24,1.000000000000) (25,25,1.000000000000) (26,26,2.000000000000) 
v0:
size: 27 1
(0,0,-0.582298485894) (1,0,-0.204304913188) (2,0,0.000000000000) (3,0,-0.452668490690) (4,0,0.085910915803) (5,0,0.000000000000) (6,0,-0.430212557342) (7,0,-0.559387953409) (8,0,0.000000000000) (9,0,0.758892710039) (10,0,0.862897818808) (11,0,0.000000000000) (12,0,0.294336620185) (13,0,-0.459538758507) (14,0,0.000000000000) (15,0,-0.823347385114) (16,0,0.007445933466) (17,0,0.000000000000) (18,0,0.527697779316) (19,0,-0.743380482429) (20,0,0.000000000000) (21,0,0.548229273683) (22,0,-0.099733048487) (23,0,0.000000000000) (24,0,-0.933091834560) (25,0,0.840193101924) (26,0,0.000000000000) 
ipopt_sol:
size: 10 1
(0,0,0.043480587864) (1,0,0.624226752974) (2,0,0.000000000000) (3,0,0.192302695651) (4,0,0.405466872404) (5,0,1.114984892361) (6,0,0.183833449894) (7,0,0.109083133630) (8,0,0.330456056915) (9,0,0.000000000000) 
policy_sol:
size: 10 1
(0,0,0.043480590209) (1,0,0.624226748239) (2,0,0.000000000000) (3,0,0.192302700929) (4,0,0.405466864774) (5,0,1.114984894412) (6,0,0.183833444969) (7,0,0.109083133215) (8,0,0.330456058077) (9,0,0.000000000000) 

policy_converges:
1
ipopt_converges:
0
