solve status: 0
N:
size: 27 11
(3,0,0.001688074678) (4,0,-0.999998575201) (6,0,-0.001688074678) (7,0,0.999998575201) (3,1,-0.706868592990) (4,1,-0.707344889177) (15,1,0.706868592990) (16,1,0.707344889177) (3,2,-0.999999878079) (4,2,0.000493803590) (21,2,0.999999878079) (22,2,-0.000493803590) (9,3,-0.999995241337) (10,3,0.003085012683) (18,3,0.999995241337) (19,3,-0.003085012683) (9,4,-0.705495811142) (10,4,-0.708714089362) (21,4,0.705495811142) (22,4,0.708714089362) (12,5,-0.000118554253) (13,5,-0.999999992972) (15,5,0.000118554253) (16,5,0.999999992972) (12,6,-0.707532564076) (13,6,0.706680741758) (18,6,0.707532564076) (19,6,-0.706680741758) (12,7,-0.999991725680) (13,7,-0.004067993571) (21,7,0.999991725680) (22,7,0.004067993571) (12,8,-0.705908168596) (13,8,-0.708303365451) (24,8,0.705908168596) (25,8,0.708303365451) (18,9,0.003013490639) (19,9,-0.999995459427) (21,9,-0.003013490639) (22,9,0.999995459427) (18,10,0.003099469721) (19,10,-0.999995196632) (24,10,-0.003099469721) (25,10,0.999995196632) 
Q:
size: 11 11
(0,0,2.000000000000) (1,0,0.706150634380) (2,0,-0.002181877359) (0,1,0.706150634380) (1,1,2.000000000000) (2,1,0.706519217362) (5,1,0.707428686484) (0,2,-0.002181877359) (1,2,0.706519217362) (2,2,2.000000000000) (4,2,0.705145759566) (7,2,0.999989594970) (9,2,-0.003507291620) (3,3,2.000000000000) (4,3,0.703306061971) (6,3,0.709709316218) (9,3,0.006098474974) (10,3,0.006184452836) (2,4,0.705145759566) (3,4,0.703306061971) (4,4,2.000000000000) (7,4,0.708373018003) (9,4,0.706584866371) (1,5,0.707428686484) (5,5,2.000000000000) (6,5,-0.706596855798) (7,5,0.004186546814) (8,5,0.708387048889) (3,6,0.709709316218) (5,6,-0.706596855798) (6,6,2.000000000000) (7,6,0.704651937011) (8,6,-0.001091331158) (9,6,0.708809675781) (10,6,0.708870323070) (2,7,0.999989594970) (4,7,0.708373018003) (5,7,0.004186546814) (6,7,0.704651937011) (7,7,2.000000000000) (8,7,0.708783701222) (9,7,0.001054509395) (5,8,0.708387048889) (6,8,-0.001091331158) (7,8,0.708783701222) (8,8,2.000000000000) (10,8,0.706112022216) (2,9,-0.003507291620) (3,9,0.006098474974) (4,9,0.706584866371) (6,9,0.708809675781) (7,9,0.001054509395) (9,9,2.000000000000) (10,9,0.999999996304) (3,10,0.006184452836) (6,10,0.708870323070) (8,10,0.706112022216) (9,10,0.999999996304) (10,10,2.000000000000) 
Minv:
size: 27 27
(0,0,1.000000000000) (1,1,1.000000000000) (2,2,2.000000000000) (3,3,1.000000000000) (4,4,1.000000000000) (5,5,2.000000000000) (6,6,1.000000000000) (7,7,1.000000000000) (8,8,2.000000000000) (9,9,1.000000000000) (10,10,1.000000000000) (11,11,2.000000000000) (12,12,1.000000000000) (13,13,1.000000000000) (14,14,2.000000000000) (15,15,1.000000000000) (16,16,1.000000000000) (17,17,2.000000000000) (18,18,1.000000000000) (19,19,1.000000000000) (20,20,2.000000000000) (21,21,1.000000000000) (22,22,1.000000000000) (23,23,2.000000000000) (24,24,1.000000000000) (25,25,1.000000000000) (26,26,2.000000000000) 
v0:
size: 27 1
(0,0,-0.814850888341) (1,0,-0.256502155420) (2,0,0.000000000000) (3,0,0.251735255588) (4,0,0.481075402037) (5,0,0.000000000000) (6,0,-0.847315228436) (7,0,-0.329567497033) (8,0,0.000000000000) (9,0,0.044798377092) (10,0,-0.075681329491) (11,0,0.000000000000) (12,0,0.541606600373) (13,0,0.618409362109) (14,0,0.000000000000) (15,0,-0.486163366867) (16,0,-0.200212414966) (17,0,0.000000000000) (18,0,-0.332355783633) (19,0,0.375156276111) (20,0,0.000000000000) (21,0,-0.779919928250) (22,0,-0.590887639734) (23,0,0.000000000000) (24,0,0.396811876658) (25,0,-0.554395194666) (26,0,0.000000000000) 
ipopt_sol:
size: 11 1
(0,0,0.646132862040) (1,0,0.461542323264) (2,0,0.280125229953) (3,0,0.334200241147) (4,0,0.115578224153) (5,0,0.607467587770) (6,0,0.000000000000) (7,0,1.098079550278) (8,0,0.129091309949) (9,0,0.640203372878) (10,0,0.565095471399) 
policy_sol:
size: 11 1
(0,0,0.646132863004) (1,0,0.461542320543) (2,0,0.280125232920) (3,0,0.334200235882) (4,0,0.115578229090) (5,0,0.607467591536) (6,0,0.000000000000) (7,0,1.098079542771) (8,0,0.129091312052) (9,0,0.640203368707) (10,0,0.565095469214) 

policy_converges:
1
ipopt_converges:
0
