solve status: 0
N:
size: 27 10
(0,0,0.000333357740) (1,0,-0.999999944436) (6,0,-0.000333357740) (7,0,0.999999944436) (3,1,0.001643067371) (4,1,-0.999998650164) (6,1,-0.001643067371) (7,1,0.999998650164) (3,2,-0.999999997615) (4,2,-0.000069071954) (12,2,0.999999997615) (13,2,0.000069071954) (3,3,-0.709516007487) (4,3,-0.704689318154) (15,3,0.709516007487) (16,3,0.704689318154) (6,4,-0.711938279937) (7,4,0.702242042006) (12,4,0.711938279937) (13,4,-0.702242042006) (6,5,-0.999997746476) (7,5,-0.002122979664) (15,5,0.999997746476) (16,5,0.002122979664) (9,6,-0.002847806714) (10,6,-0.999995944990) (12,6,0.002847806714) (13,6,0.999995944990) (9,7,-0.999978631051) (10,7,-0.006537387954) (18,7,0.999978631051) (19,7,0.006537387954) (12,8,-0.707989687851) (13,8,0.706222770730) (18,8,0.707989687851) (19,8,-0.706222770730) (21,9,-0.001980285648) (22,9,-0.999998039232) (24,9,0.001980285648) (25,9,0.999998039232) 
Q:
size: 10 10
(0,0,2.000000000000) (1,0,0.999999142330) (4,0,0.702479333123) (5,0,-0.001789622557) (0,1,0.999999142330) (1,1,2.000000000000) (2,1,-0.001573995507) (3,1,0.703522584338) (4,1,0.703410856652) (5,1,-0.000479913129) (1,2,-0.001573995507) (2,2,2.000000000000) (3,2,0.709564680062) (4,2,0.711889773009) (6,2,0.002916878381) (8,2,-0.707940905975) (1,3,0.703522584338) (2,3,0.709564680062) (3,3,2.000000000000) (5,3,0.711010449667) (0,4,0.702479333123) (1,4,0.703410856652) (2,4,0.711889773009) (4,4,2.000000000000) (5,4,0.710445829993) (6,4,-0.700211731794) (8,4,-0.999984281210) (0,5,-0.001789622557) (1,5,-0.000479913129) (3,5,0.711010449667) (4,5,0.710445829993) (5,5,2.000000000000) (2,6,0.002916878381) (4,6,-0.700211731794) (6,6,2.000000000000) (7,6,0.009385107305) (8,6,0.704203689203) (6,7,0.009385107305) (7,7,2.000000000000) (8,7,0.703357706621) (2,8,-0.707940905975) (4,8,-0.999984281210) (6,8,0.704203689203) (7,8,0.703357706621) (8,8,2.000000000000) (9,9,2.000000000000) 
Minv:
size: 27 27
(0,0,1.000000000000) (1,1,1.000000000000) (2,2,2.000000000000) (3,3,1.000000000000) (4,4,1.000000000000) (5,5,2.000000000000) (6,6,1.000000000000) (7,7,1.000000000000) (8,8,2.000000000000) (9,9,1.000000000000) (10,10,1.000000000000) (11,11,2.000000000000) (12,12,1.000000000000) (13,13,1.000000000000) (14,14,2.000000000000) (15,15,1.000000000000) (16,16,1.000000000000) (17,17,2.000000000000) (18,18,1.000000000000) (19,19,1.000000000000) (20,20,2.000000000000) (21,21,1.000000000000) (22,22,1.000000000000) (23,23,2.000000000000) (24,24,1.000000000000) (25,25,1.000000000000) (26,26,2.000000000000) 
v0:
size: 27 1
(0,0,-0.615941657788) (1,0,-0.523627127490) (2,0,0.000000000000) (3,0,-0.392635530350) (4,0,0.724265616841) (5,0,0.000000000000) (6,0,-0.255022388840) (7,0,-0.551086380657) (8,0,0.000000000000) (9,0,-0.182903699416) (10,0,-0.278014185411) (11,0,0.000000000000) (12,0,-0.415423766104) (13,0,-0.623274997868) (14,0,0.000000000000) (15,0,-0.501132760506) (16,0,0.296341873480) (17,0,0.000000000000) (18,0,-0.822736455540) (19,0,-0.619501508176) (20,0,0.000000000000) (21,0,0.763505694552) (22,0,0.245179519089) (23,0,0.000000000000) (24,0,-0.041863105800) (25,0,0.016125019793) (26,0,0.000000000000) 
ipopt_sol:
size: 10 1
(0,0,0.000000000000) (1,0,1.275653497182) (2,0,0.023385180178) (3,0,0.000000000000) (4,0,0.000000000000) (5,0,0.244616852630) (6,0,0.342882167855) (7,0,0.640442529228) (8,0,0.000000000000) (9,0,0.230648910450) 
policy_sol:
size: 10 1
(0,0,0.000000000000) (1,0,1.275653485143) (2,0,0.023385176598) (3,0,0.000000000000) (4,0,0.000000000000) (5,0,0.244616845529) (6,0,0.342882167857) (7,0,0.640442525711) (8,0,0.000000000000) (9,0,0.230648910450) 

policy_converges:
1
ipopt_converges:
0
