solve status: 0
N:
size: 27 9
(0,0,0.006513490641) (1,0,-0.999978786995) (3,0,-0.006513490641) (4,0,0.999978786995) (0,1,-0.999995769274) (1,1,-0.002908854413) (9,1,0.999995769274) (10,1,0.002908854413) (3,2,-0.709412161371) (4,2,0.704793860146) (9,2,0.709412161371) (10,2,-0.704793860146) (6,3,-0.999988064002) (7,3,0.004885883031) (15,3,0.999988064002) (16,3,-0.004885883031) (9,4,0.002736947780) (10,4,-0.999996254551) (12,4,-0.002736947780) (13,4,0.999996254551) (9,5,-0.708299209099) (10,5,-0.705912339027) (21,5,0.708299209099) (22,5,0.705912339027) (12,6,-0.706578616932) (13,6,0.707634551230) (18,6,0.706578616932) (19,6,-0.707634551230) (12,7,-0.999989324021) (13,7,0.004620805507) (21,7,0.999989324021) (22,7,-0.004620805507) (18,8,0.000413704743) (19,8,-0.999999914424) (21,8,-0.000413704743) (22,8,0.999999914424) 
Q:
size: 9 9
(0,0,2.000000000000) (1,0,-0.003604670377) (2,0,0.709399658824) (0,1,-0.003604670377) (1,1,2.000000000000) (2,1,0.707359017312) (4,1,-0.000171907317) (5,1,-0.710349608701) (0,2,0.709399658824) (1,2,0.707359017312) (2,2,2.000000000000) (4,2,0.706732844417) (5,2,-0.004953390477) (3,3,2.000000000000) (1,4,-0.000171907317) (2,4,0.706732844417) (4,4,2.000000000000) (5,4,0.703971117121) (6,4,0.709565769597) (7,4,0.007357706760) (1,5,-0.710349608701) (2,5,-0.004953390477) (4,5,0.703971117121) (5,5,2.000000000000) (7,5,0.705029763688) (8,5,0.705619251875) (4,6,0.709565769597) (6,6,2.000000000000) (7,6,0.709840915145) (8,6,0.707926805598) (4,7,0.007357706760) (5,7,0.705029763688) (6,7,0.709840915145) (7,7,2.000000000000) (8,7,-0.005034505438) (5,8,0.705619251875) (6,8,0.707926805598) (7,8,-0.005034505438) (8,8,2.000000000000) 
Minv:
size: 27 27
(0,0,1.000000000000) (1,1,1.000000000000) (2,2,2.000000000000) (3,3,1.000000000000) (4,4,1.000000000000) (5,5,2.000000000000) (6,6,1.000000000000) (7,7,1.000000000000) (8,8,2.000000000000) (9,9,1.000000000000) (10,10,1.000000000000) (11,11,2.000000000000) (12,12,1.000000000000) (13,13,1.000000000000) (14,14,2.000000000000) (15,15,1.000000000000) (16,16,1.000000000000) (17,17,2.000000000000) (18,18,1.000000000000) (19,19,1.000000000000) (20,20,2.000000000000) (21,21,1.000000000000) (22,22,1.000000000000) (23,23,2.000000000000) (24,24,1.000000000000) (25,25,1.000000000000) (26,26,2.000000000000) 
v0:
size: 27 1
(0,0,-0.187034645635) (1,0,-0.182673945547) (2,0,0.000000000000) (3,0,0.186034200702) (4,0,-0.229355623499) (5,0,0.000000000000) (6,0,0.684653558405) (7,0,0.068874633136) (8,0,0.000000000000) (9,0,-0.231086373423) (10,0,0.164675362550) (11,0,0.000000000000) (12,0,0.983476365845) (13,0,0.084227325365) (14,0,0.000000000000) (15,0,0.309907785727) (16,0,0.182825652744) (17,0,0.000000000000) (18,0,0.519510747842) (19,0,-0.179590993706) (20,0,0.000000000000) (21,0,0.104515768373) (22,0,-0.282546910511) (23,0,0.000000000000) (24,0,0.956368296554) (25,0,0.798763850299) (26,0,0.000000000000) 
ipopt_sol:
size: 9 1
(0,0,0.000000000000) (1,0,0.000000000000) (2,0,0.573621038309) (3,0,0.375298051066) (4,0,0.000000000000) (5,0,0.000000000000) (6,0,0.000000000000) (7,0,0.877520722756) (8,0,0.104993171096) 
policy_sol:
size: 9 1
(0,0,0.000000000000) (1,0,0.000000000000) (2,0,0.573621027716) (3,0,0.375298051066) (4,0,0.000000000000) (5,0,0.000000000000) (6,0,0.000000000000) (7,0,0.877520715627) (8,0,0.104993164010) 

policy_converges:
1
ipopt_converges:
0
