solve status: 0
N:
size: 27 14
(0,0,-0.004540907361) (1,0,-0.999989690027) (3,0,0.004540907361) (4,0,0.999989690027) (0,1,-0.999999914226) (1,1,0.000414183397) (9,1,0.999999914226) (10,1,-0.000414183397) (0,2,-0.708125185390) (1,2,-0.706086908118) (12,2,0.708125185390) (13,2,0.706086908118) (0,3,-0.999998287748) (1,3,-0.001850540929) (18,3,0.999998287748) (19,3,0.001850540929) (3,4,-0.704985608545) (4,4,0.709221609756) (9,4,0.704985608545) (10,4,-0.709221609756) (3,5,-0.999986551676) (4,5,0.005186180405) (12,5,0.999986551676) (13,5,-0.005186180405) (3,6,-0.708097035099) (4,6,-0.706115138546) (15,6,0.708097035099) (16,6,0.706115138546) (3,7,-0.999996569915) (4,7,0.002619190526) (21,7,0.999996569915) (22,7,-0.002619190526) (9,8,0.001264512083) (10,8,-0.999999200504) (12,8,-0.001264512083) (13,8,0.999999200504) (9,9,0.000099059198) (10,9,-0.999999995094) (15,9,-0.000099059198) (16,9,0.999999995094) (9,10,-0.704071572564) (10,10,-0.710129016945) (21,10,0.704071572564) (22,10,0.710129016945) (12,11,-0.707801288734) (13,11,0.706411590836) (18,11,0.707801288734) (19,11,-0.706411590836) (12,12,-0.999999999252) (13,12,0.000038673969) (21,12,0.999999999252) (22,12,-0.000038673969) (15,13,-0.703635182846) (16,13,0.710561418500) (21,13,0.703635182846) (22,13,-0.710561418500) 
Q:
size: 14 14
(0,0,2.000000000000) (1,0,0.004126727845) (2,0,0.709295159248) (3,0,0.006391421436) (4,0,0.706013023361) (5,0,0.000645280643) (6,0,-0.709323261557) (7,0,-0.001921728263) (0,1,0.004126727845) (1,1,2.000000000000) (2,1,0.707832675178) (3,1,0.999997435511) (4,1,0.705279295891) (8,1,0.001678695040) (9,1,0.000513242584) (10,1,-0.703777388524) (0,2,0.709295159248) (1,2,0.707832675178) (2,2,2.000000000000) (3,2,0.709430615624) (5,2,0.704453768206) (8,2,0.705190910752) (11,2,-0.002423942772) (12,2,-0.708097877678) (0,3,0.006391421436) (1,3,0.999997435511) (2,3,0.709430615624) (3,3,2.000000000000) (11,3,0.706492833238) (0,4,0.706013023361) (1,4,0.705279295891) (4,4,2.000000000000) (5,4,0.708654278885) (6,4,-0.001593896035) (7,4,0.706840776905) (8,4,0.710112505557) (9,4,0.709291441585) (10,4,0.007278518490) (0,5,0.000645280643) (2,5,0.704453768206) (4,5,0.708654278885) (5,5,2.000000000000) (6,5,0.704425471885) (7,5,0.999996705231) (8,5,-0.006450671336) (11,5,-0.711455347943) (12,5,-0.999986751498) (0,6,-0.709323261557) (4,6,-0.001593896035) (5,6,0.704425471885) (6,6,2.000000000000) (7,6,0.706245156185) (9,6,0.706044991557) (13,6,0.003496187705) (0,7,-0.001921728263) (4,7,0.706840776905) (5,7,0.999996705231) (6,7,0.706245156185) (7,7,2.000000000000) (10,7,0.702209194344) (12,7,0.999996670461) (13,7,0.705493865053) (1,8,0.001678695040) (2,8,0.705190910752) (4,8,0.710112505557) (5,8,-0.006450671336) (8,8,2.000000000000) (9,8,0.999999320859) (10,8,0.709238142189) (11,8,0.707306049345) (12,8,0.001303186020) (1,9,0.000513242584) (4,9,0.709291441585) (6,9,0.706044991557) (8,9,0.999999320859) (9,9,2.000000000000) (10,9,0.710059268696) (13,9,0.710631116551) (1,10,-0.703777388524) (4,10,0.007278518490) (7,10,0.702209194344) (8,10,0.709238142189) (9,10,0.710059268696) (10,10,2.000000000000) (12,10,0.704044108530) (13,10,-0.009180751901) (2,11,-0.002423942772) (3,11,0.706492833238) (5,11,-0.711455347943) (8,11,0.707306049345) (11,11,2.000000000000) (12,11,0.707828607944) (2,12,-0.708097877678) (5,12,-0.999986751498) (7,12,0.999996670461) (8,12,0.001303186020) (10,12,0.704044108530) (11,12,0.707828607944) (12,12,2.000000000000) (13,12,0.703662662550) (6,13,0.003496187705) (7,13,0.705493865053) (9,13,0.710631116551) (10,13,-0.009180751901) (12,13,0.703662662550) (13,13,2.000000000000) 
Minv:
size: 27 27
(0,0,1.000000000000) (1,1,1.000000000000) (2,2,2.000000000000) (3,3,1.000000000000) (4,4,1.000000000000) (5,5,2.000000000000) (6,6,1.000000000000) (7,7,1.000000000000) (8,8,2.000000000000) (9,9,1.000000000000) (10,10,1.000000000000) (11,11,2.000000000000) (12,12,1.000000000000) (13,13,1.000000000000) (14,14,2.000000000000) (15,15,1.000000000000) (16,16,1.000000000000) (17,17,2.000000000000) (18,18,1.000000000000) (19,19,1.000000000000) (20,20,2.000000000000) (21,21,1.000000000000) (22,22,1.000000000000) (23,23,2.000000000000) (24,24,1.000000000000) (25,25,1.000000000000) (26,26,2.000000000000) 
v0:
size: 27 1
(0,0,0.424009824667) (1,0,0.109661676423) (2,0,0.000000000000) (3,0,0.875722243298) (4,0,-0.203110112491) (5,0,0.000000000000) (6,0,-0.181739258775) (7,0,-0.003401881520) (8,0,0.000000000000) (9,0,-0.434504384367) (10,0,0.417959891646) (11,0,0.000000000000) (12,0,0.228546445024) (13,0,-0.928224945303) (14,0,0.000000000000) (15,0,0.386559277826) (16,0,-0.409586093719) (17,0,0.000000000000) (18,0,-0.297315304507) (19,0,-0.908848188596) (20,0,0.000000000000) (21,0,-0.374163295217) (22,0,-0.735533446176) (23,0,0.000000000000) (24,0,0.951243443462) (25,0,-0.628423593345) (26,0,0.000000000000) 
ipopt_sol:
size: 14 1
(0,0,0.170711402675) (1,0,0.509666683396) (2,0,0.187429930690) (3,0,0.401346193811) (4,0,0.467800625974) (5,0,0.536784162764) (6,0,0.264587647779) (7,0,0.281597389201) (8,0,1.030811589898) (9,0,0.000000000000) (10,0,0.239321271833) (11,0,0.000000000000) (12,0,0.711748831476) (13,0,0.000000000000) 
policy_sol:
size: 14 1
(0,0,0.000000000000) (1,0,0.339310188286) (2,0,0.429098599746) (3,0,0.401346187321) (4,0,0.710719691692) (5,0,0.099221233033) (6,0,0.264587643074) (7,0,0.547125715637) (8,0,0.857913374456) (9,0,0.000000000000) (10,0,0.240286134563) (11,0,0.000000000000) (12,0,0.445542079044) (13,0,0.000000000000) 

policy_converges:
1
ipopt_converges:
0
