solve status: 0
N:
size: 27 16
(0,0,0.000510586630) (1,0,-0.999999869651) (3,0,-0.000510586630) (4,0,0.999999869651) (0,1,0.000467036411) (1,1,-0.999999890938) (6,1,-0.000467036411) (7,1,0.999999890938) (0,2,-0.999999970414) (1,2,-0.000243251968) (9,2,0.999999970414) (10,2,0.000243251968) (0,3,-0.707667019967) (1,3,-0.706546098179) (12,3,0.707667019967) (13,3,0.706546098179) (3,4,-0.707065958575) (4,4,0.707147601441) (9,4,0.707065958575) (10,4,-0.707147601441) (3,5,-0.999999999849) (4,5,0.000017356934) (21,5,0.999999999849) (22,5,-0.000017356934) (6,6,-0.999993808510) (7,6,-0.003518940467) (15,6,0.999993808510) (16,6,0.003518940467) (9,7,0.002279649154) (10,7,-0.999997401596) (12,7,-0.002279649154) (13,7,0.999997401596) (9,8,-0.000214680132) (10,8,-0.999999976956) (15,8,0.000214680132) (16,8,0.999999976956) (9,9,-0.707675066735) (10,9,-0.706538038553) (21,9,0.707675066735) (22,9,0.706538038553) (12,10,-0.706899403853) (13,10,0.707314097719) (18,10,0.706899403853) (19,10,-0.707314097719) (12,11,-0.999989119630) (13,11,-0.004664828145) (21,11,0.999989119630) (22,11,0.004664828145) (12,12,-0.704601674091) (13,12,-0.709603044574) (24,12,0.704601674091) (25,12,0.709603044574) (18,13,-0.003825976070) (19,13,-0.999992680927) (21,13,0.003825976070) (22,13,0.999992680927) (18,14,0.001688377168) (19,14,-0.999998574690) (24,14,-0.001688377168) (25,14,0.999998574690) (21,15,0.007237139767) (22,15,-0.999973811561) (24,15,-0.007237139767) (25,15,0.999973811561) 
Q:
size: 16 16
(0,0,2.000000000000) (1,0,0.999999999052) (2,0,-0.000267334679) (3,0,0.706184680762) (4,0,0.707508527690) (5,0,0.000527943562) (0,1,0.999999999052) (1,1,2.000000000000) (2,1,-0.000223784456) (3,1,0.706215514856) (6,1,-0.003051906563) (0,2,-0.000267334679) (1,2,-0.000223784456) (2,2,2.000000000000) (3,2,0.707838867759) (4,2,0.706893922611) (7,2,0.002036397751) (8,2,-0.000457932088) (9,2,-0.707846912566) (0,3,0.706184680762) (1,3,0.706215514856) (2,3,0.707838867759) (3,3,2.000000000000) (7,3,0.704931029763) (10,3,-0.000499378611) (11,3,-0.710955236413) (12,3,-0.999990629367) (0,4,0.707508527690) (2,4,0.706893922611) (4,4,2.000000000000) (5,4,0.707078232383) (7,4,0.708757626301) (8,4,0.706995792132) (9,4,-0.000746270131) (0,5,0.000527943562) (4,5,0.707078232383) (5,5,2.000000000000) (9,5,0.707662803294) (11,5,0.999989038512) (13,5,0.003808619263) (15,5,0.007254496245) (1,6,-0.003051906563) (6,6,2.000000000000) (8,6,0.003733619189) (2,7,0.002036397751) (3,7,0.704931029763) (4,7,0.708757626301) (7,7,2.000000000000) (8,7,0.999996889157) (9,7,0.704922951815) (10,7,0.708923742459) (11,7,-0.002385191674) (12,7,-0.707994956129) (2,8,-0.000457932088) (4,8,0.706995792132) (6,8,0.003733619189) (7,8,0.999996889157) (8,8,2.000000000000) (9,8,0.706689946048) (2,9,-0.707846912566) (4,9,-0.000746270131) (5,9,0.707662803294) (7,9,0.704922951815) (8,9,0.706689946048) (9,9,2.000000000000) (11,9,0.710963245496) (13,9,0.709240415220) (15,9,-0.701397992057) (3,10,-0.000499378611) (7,10,0.708923742459) (10,10,2.000000000000) (11,10,0.703592213816) (12,10,-0.003829733843) (13,10,0.704604340632) (14,10,0.708506602391) (3,11,-0.710955236413) (5,11,0.999989038512) (7,11,-0.002385191674) (9,11,0.710963245496) (10,11,0.703592213816) (11,11,2.000000000000) (12,11,0.707904184018) (13,11,0.008490728445) (15,11,0.002572355043) (3,12,-0.999990629367) (7,12,-0.707994956129) (10,12,-0.003829733843) (11,12,0.707904184018) (12,12,2.000000000000) (14,12,0.708412399791) (15,12,0.704485160383) (5,13,0.003808619263) (9,13,0.709240415220) (10,13,0.704604340632) (11,13,0.008490728445) (13,13,2.000000000000) (14,13,0.999984795937) (15,13,-0.999938803556) (10,14,0.708506602391) (12,14,0.708412399791) (13,14,0.999984795937) (14,14,2.000000000000) (15,14,0.999984605310) (5,15,0.007254496245) (9,15,-0.701397992057) (11,15,0.002572355043) (12,15,0.704485160383) (13,15,-0.999938803556) (14,15,0.999984605310) (15,15,2.000000000000) 
Minv:
size: 27 27
(0,0,1.000000000000) (1,1,1.000000000000) (2,2,2.000000000000) (3,3,1.000000000000) (4,4,1.000000000000) (5,5,2.000000000000) (6,6,1.000000000000) (7,7,1.000000000000) (8,8,2.000000000000) (9,9,1.000000000000) (10,10,1.000000000000) (11,11,2.000000000000) (12,12,1.000000000000) (13,13,1.000000000000) (14,14,2.000000000000) (15,15,1.000000000000) (16,16,1.000000000000) (17,17,2.000000000000) (18,18,1.000000000000) (19,19,1.000000000000) (20,20,2.000000000000) (21,21,1.000000000000) (22,22,1.000000000000) (23,23,2.000000000000) (24,24,1.000000000000) (25,25,1.000000000000) (26,26,2.000000000000) 
v0:
size: 27 1
(0,0,-0.752322641934) (1,0,0.839047309435) (2,0,0.000000000000) (3,0,0.238377345631) (4,0,-0.652607904522) (5,0,0.000000000000) (6,0,0.266738086964) (7,0,0.480075686659) (8,0,0.000000000000) (9,0,-0.891576935340) (10,0,0.910096831161) (11,0,0.000000000000) (12,0,0.402660280834) (13,0,-0.350534959302) (14,0,0.000000000000) (15,0,0.144986816563) (16,0,0.684652030276) (17,0,0.000000000000) (18,0,-0.127443130550) (19,0,0.630215738421) (20,0,0.000000000000) (21,0,-0.215964175686) (22,0,-0.312248654074) (23,0,0.000000000000) (24,0,0.368183956739) (25,0,-0.513817513466) (26,0,0.000000000000) 
ipopt_sol:
size: 16 1
(0,0,1.046548138401) (1,0,0.000000000000) (2,0,0.000000000000) (3,0,0.000000000000) (4,0,1.259667439698) (5,0,0.000000000000) (6,0,0.121030624609) (7,0,0.773541777533) (8,0,0.000000000000) (9,0,0.000000000000) (10,0,0.125022802535) (11,0,0.568605189967) (12,0,0.000000000000) (13,0,1.331759105350) (14,0,0.000000000000) (15,0,0.870898623304) 
policy_sol:
size: 16 1
(0,0,1.046548131297) (1,0,0.000000000000) (2,0,0.000000000000) (3,0,0.000000000000) (4,0,1.259667435663) (5,0,0.000000000000) (6,0,0.121030624605) (7,0,0.773541766097) (8,0,0.000000000000) (9,0,0.000000000000) (10,0,0.125022814754) (11,0,0.568605177221) (12,0,0.000000000000) (13,0,1.331759084996) (14,0,0.000000000000) (15,0,0.870898608138) 

policy_converges:
1
ipopt_converges:
0
