solve status: 0
N:
size: 27 13
(0,0,-0.999995125173) (1,0,0.003122439710) (9,0,0.999995125173) (10,0,-0.003122439710) (0,1,-0.999999550386) (1,1,0.000948275704) (18,1,0.999999550386) (19,1,-0.000948275704) (3,2,-0.003979370236) (4,2,-0.999992082275) (6,2,0.003979370236) (7,2,0.999992082275) (3,3,-0.705182081559) (4,3,-0.709026256107) (15,3,0.705182081559) (16,3,0.709026256107) (6,4,-0.702681911987) (7,4,0.711504132501) (12,4,0.702681911987) (13,4,-0.711504132501) (6,5,-0.999999465137) (7,5,0.001034275541) (15,5,0.999999465137) (16,5,-0.001034275541) (9,6,0.007556595322) (10,6,-0.999971448526) (12,6,-0.007556595322) (13,6,0.999971448526) (9,7,0.001393846166) (10,7,-0.999999028596) (15,7,-0.001393846166) (16,7,0.999999028596) (12,8,-0.004746898650) (13,8,-0.999988733413) (15,8,0.004746898650) (16,8,0.999988733413) (12,9,-0.708416682535) (13,9,0.705794448764) (18,9,0.708416682535) (19,9,-0.705794448764) (12,10,-0.999999957747) (13,10,0.000290700314) (21,10,0.999999957747) (22,10,-0.000290700314) (15,11,-0.704465928208) (16,11,0.709737807922) (21,11,0.704465928208) (22,11,-0.709737807922) (21,12,0.002384900814) (22,12,-0.999997156120) (24,12,-0.002384900814) (25,12,0.999997156120) 
Q:
size: 13 13
(0,0,2.000000000000) (1,0,0.999997636496) (6,0,0.010678909045) (7,0,0.004516276049) (0,1,0.999997636496) (1,1,2.000000000000) (9,1,0.709085651749) (2,2,2.000000000000) (3,2,0.711826822818) (4,2,0.708702267521) (5,2,-0.002945100756) (2,3,0.711826822818) (3,3,2.000000000000) (5,3,0.704448375869) (7,3,0.708042652015) (8,3,0.712365695672) (11,3,0.006445991127) (2,4,0.708702267521) (4,4,2.000000000000) (5,4,0.703417427470) (6,4,-0.716793700858) (8,4,0.708160556458) (9,4,-0.999967255959) (10,4,-0.702888716771) (2,5,-0.002945100756) (3,5,0.704448375869) (4,5,0.703417427470) (5,5,2.000000000000) (7,5,-0.002428119956) (8,5,0.003712632224) (11,5,-0.705199615870) (0,6,0.010678909045) (4,6,-0.716793700858) (6,6,2.000000000000) (7,6,0.999981009881) (8,6,-0.999924311869) (9,6,0.711127515482) (10,6,0.007847287017) (0,7,0.004516276049) (3,7,0.708042652015) (5,7,-0.002428119956) (6,7,0.999981009881) (7,7,2.000000000000) (8,7,0.999981145574) (11,7,0.710719035613) (3,8,0.712365695672) (4,8,0.708160556458) (5,8,0.003712632224) (6,8,-0.999924311869) (7,8,0.999981145574) (8,8,2.000000000000) (9,8,-0.702423714676) (10,8,0.004456201411) (11,8,0.706385783235) (1,9,0.709085651749) (4,9,-0.999967255959) (6,9,0.711127515482) (8,9,-0.702423714676) (9,9,2.000000000000) (10,9,0.708621827269) (4,10,-0.702888716771) (6,10,0.007847287017) (8,10,0.004456201411) (9,10,0.708621827269) (10,10,2.000000000000) (11,10,0.704672219446) (12,10,0.002675600200) (3,11,0.006445991127) (5,11,-0.705199615870) (7,11,0.710719035613) (8,11,0.706385783235) (10,11,0.704672219446) (11,11,2.000000000000) (12,11,0.711415870878) (10,12,0.002675600200) (11,12,0.711415870878) (12,12,2.000000000000) 
Minv:
size: 27 27
(0,0,1.000000000000) (1,1,1.000000000000) (2,2,2.000000000000) (3,3,1.000000000000) (4,4,1.000000000000) (5,5,2.000000000000) (6,6,1.000000000000) (7,7,1.000000000000) (8,8,2.000000000000) (9,9,1.000000000000) (10,10,1.000000000000) (11,11,2.000000000000) (12,12,1.000000000000) (13,13,1.000000000000) (14,14,2.000000000000) (15,15,1.000000000000) (16,16,1.000000000000) (17,17,2.000000000000) (18,18,1.000000000000) (19,19,1.000000000000) (20,20,2.000000000000) (21,21,1.000000000000) (22,22,1.000000000000) (23,23,2.000000000000) (24,24,1.000000000000) (25,25,1.000000000000) (26,26,2.000000000000) 
v0:
size: 27 1
(0,0,0.189553378553) (1,0,-0.746417184627) (2,0,0.000000000000) (3,0,-0.926471881541) (4,0,0.602992156075) (5,0,0.000000000000) (6,0,0.432061488792) (7,0,-0.501451580981) (8,0,0.000000000000) (9,0,-0.993889703007) (10,0,0.321623304431) (11,0,0.000000000000) (12,0,0.295456548040) (13,0,0.050995410325) (14,0,0.000000000000) (15,0,-0.371752623311) (16,0,-0.418865053278) (17,0,0.000000000000) (18,0,-0.899727680210) (19,0,0.264842972083) (20,0,0.000000000000) (21,0,-0.161459597806) (22,0,0.930289206740) (23,0,0.000000000000) (24,0,0.838722577898) (25,0,0.320775277193) (26,0,0.000000000000) 
ipopt_sol:
size: 13 1
(0,0,1.146314999411) (1,0,0.078220895689) (2,0,1.009279910196) (3,0,0.000000000000) (4,0,0.257441856874) (5,0,1.002230825469) (6,0,0.252244815370) (7,0,0.000000000000) (8,0,0.651773610547) (9,0,1.237826433603) (10,0,0.000000000000) (11,0,0.818491510063) (12,0,0.320753606241) 
policy_sol:
size: 13 1
(0,0,1.146314999554) (1,0,0.078220895444) (2,0,1.009279902227) (3,0,0.000000000000) (4,0,0.257441869277) (5,0,1.002230815390) (6,0,0.252244807330) (7,0,0.000000000000) (8,0,0.651773595978) (9,0,1.237826434090) (10,0,0.000000000000) (11,0,0.818491503761) (12,0,0.320753608469) 

policy_converges:
1
ipopt_converges:
0
