solve status: 0
N:
size: 27 9
(3,0,-0.002381551154) (4,0,-0.999997164103) (6,0,0.002381551154) (7,0,0.999997164103) (6,1,-0.706222818768) (7,1,0.707989639932) (12,1,0.706222818768) (13,1,-0.707989639932) (9,2,-0.999987609179) (10,2,-0.004978100861) (18,2,0.999987609179) (19,2,0.004978100861) (9,3,-0.708361473199) (10,3,-0.705849858885) (21,3,0.708361473199) (22,3,0.705849858885) (12,4,-0.007309137807) (13,4,-0.999973287895) (15,4,0.007309137807) (16,4,0.999973287895) (12,5,-0.999977894932) (13,5,0.006649033571) (21,5,0.999977894932) (22,5,-0.006649033571) (12,6,-0.709090628066) (13,6,-0.705117352779) (24,6,0.709090628066) (25,6,0.705117352779) (15,7,-0.706912431273) (16,7,0.707301077697) (21,7,0.706912431273) (22,7,-0.707301077697) (21,8,0.006179802175) (22,8,-0.999980904840) (24,8,-0.006179802175) (25,8,0.999980904840) 
Q:
size: 9 9
(0,0,2.000000000000) (1,0,0.706305726378) (0,1,0.706305726378) (1,1,2.000000000000) (4,1,0.702808848134) (5,1,-0.710914654549) (6,1,-0.001560201411) (2,2,2.000000000000) (3,2,0.711866487809) (2,3,0.711866487809) (3,3,2.000000000000) (5,3,0.703652595412) (7,3,0.001501165357) (8,3,-0.701458846796) (1,4,0.702808848134) (4,4,2.000000000000) (5,4,0.000660120276) (6,4,0.710281358728) (7,4,0.702115263820) (1,5,-0.710914654549) (3,5,0.703652595412) (4,5,0.000660120276) (5,5,2.000000000000) (6,5,0.704386604619) (7,5,0.711599673536) (8,5,0.012828572177) (1,6,-0.001560201411) (4,6,0.710281358728) (5,6,0.704386604619) (6,6,2.000000000000) (8,6,0.700721848644) (3,7,0.001501165357) (4,7,0.702115263820) (5,7,0.711599673536) (7,7,2.000000000000) (8,7,0.711656150651) (3,8,-0.701458846796) (5,8,0.012828572177) (6,8,0.700721848644) (7,8,0.711656150651) (8,8,2.000000000000) 
Minv:
size: 27 27
(0,0,1.000000000000) (1,1,1.000000000000) (2,2,2.000000000000) (3,3,1.000000000000) (4,4,1.000000000000) (5,5,2.000000000000) (6,6,1.000000000000) (7,7,1.000000000000) (8,8,2.000000000000) (9,9,1.000000000000) (10,10,1.000000000000) (11,11,2.000000000000) (12,12,1.000000000000) (13,13,1.000000000000) (14,14,2.000000000000) (15,15,1.000000000000) (16,16,1.000000000000) (17,17,2.000000000000) (18,18,1.000000000000) (19,19,1.000000000000) (20,20,2.000000000000) (21,21,1.000000000000) (22,22,1.000000000000) (23,23,2.000000000000) (24,24,1.000000000000) (25,25,1.000000000000) (26,26,2.000000000000) 
v0:
size: 27 1
(0,0,-0.543007583690) (1,0,-0.113855341234) (2,0,0.000000000000) (3,0,0.308465072332) (4,0,0.016257733603) (5,0,0.000000000000) (6,0,-0.208420307284) (7,0,-0.836302885221) (8,0,0.000000000000) (9,0,0.858623011306) (10,0,-0.463847262178) (11,0,0.000000000000) (12,0,0.943715967356) (13,0,0.892508489408) (14,0,0.000000000000) (15,0,0.453996081571) (16,0,0.622683744381) (17,0,0.000000000000) (18,0,0.537440037799) (19,0,-0.734837710579) (20,0,0.000000000000) (21,0,-0.617841208836) (22,0,0.143639552908) (23,0,0.000000000000) (24,0,0.827646802942) (25,0,-0.482294483727) (26,0,0.000000000000) 
ipopt_sol:
size: 9 1
(0,0,0.563336189705) (1,0,0.822456875175) (2,0,0.281543301796) (3,0,0.115147181322) (4,0,0.000000000000) (5,0,1.718615406375) (6,0,0.244334964578) (7,0,0.000000000000) (8,0,0.578611307427) 
policy_sol:
size: 9 1
(0,0,0.563336192013) (1,0,0.822456868640) (2,0,0.281543301329) (3,0,0.115147182633) (4,0,0.000000000000) (5,0,1.718615400168) (6,0,0.244334964238) (7,0,0.000000000000) (8,0,0.578611304488) 

policy_converges:
1
ipopt_converges:
0
