solve status: 0
N:
size: 27 8
(0,0,-0.001480896923) (1,0,-0.999998903472) (3,0,0.001480896923) (4,0,0.999998903472) (0,1,-0.999995383515) (1,1,-0.003038576697) (9,1,0.999995383515) (10,1,0.003038576697) (6,2,-0.999999971336) (7,2,-0.000239430582) (15,2,0.999999971336) (16,2,0.000239430582) (12,3,-0.704291517073) (13,3,0.709910881012) (18,3,0.704291517073) (19,3,-0.709910881012) (12,4,-0.999976814738) (13,4,0.006809551156) (21,4,0.999976814738) (22,4,-0.006809551156) (18,5,0.004163976392) (19,5,-0.999991330613) (21,5,-0.004163976392) (22,5,0.999991330613) (18,6,-0.002300547087) (19,6,-0.999997353738) (24,6,0.002300547087) (25,6,0.999997353738) (21,7,-0.008714848206) (22,7,-0.999962024989) (24,7,0.008714848206) (25,7,0.999962024989) 
Q:
size: 8 8
(0,0,2.000000000000) (1,0,0.004519463451) (0,1,0.004519463451) (1,1,2.000000000000) (2,2,2.000000000000) (3,3,2.000000000000) (4,3,0.709109362350) (5,3,0.712837379769) (6,3,0.708288746603) (3,4,0.709109362350) (4,4,2.000000000000) (5,4,-0.010973371971) (7,4,-0.001905353586) (3,5,0.712837379769) (4,5,-0.010973371971) (5,5,2.000000000000) (6,5,0.999979104950) (7,5,-0.999917067509) (3,6,0.708288746603) (5,6,0.999979104950) (6,6,2.000000000000) (7,6,0.999979427747) (4,7,-0.001905353586) (5,7,-0.999917067509) (6,7,0.999979427747) (7,7,2.000000000000) 
Minv:
size: 27 27
(0,0,1.000000000000) (1,1,1.000000000000) (2,2,2.000000000000) (3,3,1.000000000000) (4,4,1.000000000000) (5,5,2.000000000000) (6,6,1.000000000000) (7,7,1.000000000000) (8,8,2.000000000000) (9,9,1.000000000000) (10,10,1.000000000000) (11,11,2.000000000000) (12,12,1.000000000000) (13,13,1.000000000000) (14,14,2.000000000000) (15,15,1.000000000000) (16,16,1.000000000000) (17,17,2.000000000000) (18,18,1.000000000000) (19,19,1.000000000000) (20,20,2.000000000000) (21,21,1.000000000000) (22,22,1.000000000000) (23,23,2.000000000000) (24,24,1.000000000000) (25,25,1.000000000000) (26,26,2.000000000000) 
v0:
size: 27 1
(0,0,0.006218935608) (1,0,-0.480746757863) (2,0,0.000000000000) (3,0,-0.585997348082) (4,0,-0.584368034553) (5,0,0.000000000000) (6,0,0.300135762420) (7,0,-0.283542399631) (8,0,0.000000000000) (9,0,-0.187358014797) (10,0,-0.827550213095) (11,0,0.000000000000) (12,0,0.559416697550) (13,0,-0.240710660971) (14,0,0.000000000000) (15,0,-0.693241589505) (16,0,0.436727242792) (17,0,0.000000000000) (18,0,0.421797875411) (19,0,0.403492583699) (20,0,0.000000000000) (21,0,0.053284170074) (22,0,0.385858218069) (23,0,0.000000000000) (24,0,0.856175608709) (25,0,-0.048325185504) (26,0,0.000000000000) 
ipopt_sol:
size: 8 1
(0,0,0.104058894468) (1,0,0.194394700473) (2,0,0.993204868871) (3,0,0.369462473542) (4,0,0.379732640014) (5,0,0.000000000000) (6,0,0.141615145357) (7,0,0.356725479913) 
policy_sol:
size: 8 1
(0,0,0.104058894467) (1,0,0.194394700473) (2,0,0.993204868871) (3,0,0.369462473478) (4,0,0.379732640101) (5,0,0.000000000000) (6,0,0.141615135398) (7,0,0.356725489886) 

policy_converges:
1
ipopt_converges:
0
