solve status: 0
N:
size: 27 18
(0,0,0.007556666592) (1,0,-0.999971447987) (3,0,-0.007556666592) (4,0,0.999971447987) (0,1,-0.999997941846) (1,1,-0.002028867521) (9,1,0.999997941846) (10,1,0.002028867521) (0,2,-0.999998886936) (1,2,-0.001492021195) (18,2,0.999998886936) (19,2,0.001492021195) (3,3,0.001031954733) (4,3,-0.999999467535) (6,3,-0.001031954733) (7,3,0.999999467535) (3,4,-0.708756153899) (4,4,0.705453552199) (9,4,0.708756153899) (10,4,-0.705453552199) (3,5,-0.999999998511) (4,5,0.000054562202) (21,5,0.999999998511) (22,5,-0.000054562202) (6,6,-0.999981851253) (7,6,0.006024712845) (15,6,0.999981851253) (16,6,-0.006024712845) (6,7,-0.999999213265) (7,7,0.001254380290) (24,7,0.999999213265) (25,7,-0.001254380290) (9,8,-0.001026270314) (10,8,-0.999999473384) (12,8,0.001026270314) (13,8,0.999999473384) (9,9,0.002193869795) (10,9,-0.999997593465) (15,9,-0.002193869795) (16,9,0.999997593465) (9,10,-0.999999545581) (10,10,-0.000953329991) (18,10,0.999999545581) (19,10,0.000953329991) (9,11,-0.704423806394) (10,11,-0.709779614377) (21,11,0.704423806394) (22,11,0.709779614377) (12,12,0.005422879145) (13,12,-0.999985296083) (15,12,-0.005422879145) (16,12,0.999985296083) (12,13,-0.705355927509) (13,13,0.708853310303) (18,13,0.705355927509) (19,13,-0.708853310303) (12,14,-0.999999073285) (13,14,-0.001361407170) (21,14,0.999999073285) (22,14,0.001361407170) (12,15,-0.705727122233) (13,15,-0.708483753480) (24,15,0.705727122233) (25,15,0.708483753480) (15,16,-0.707920774708) (16,16,0.706291849547) (21,16,0.707920774708) (22,16,-0.706291849547) (15,17,-0.999993809873) (16,17,-0.003518553091) (24,17,0.999993809873) (25,17,0.003518553091) 
Q:
size: 18 18
(0,0,2.000000000000) (1,0,-0.005527841447) (2,0,-0.006064679586) (3,0,-0.999978713675) (4,0,0.710789244031) (5,0,0.007611227226) (0,1,-0.005527841447) (1,1,2.000000000000) (2,1,0.999999855898) (4,1,0.707323423370) (8,1,-0.003055134654) (9,1,0.000165002641) (10,1,-0.999999421608) (11,1,-0.705862405388) (0,2,-0.006064679586) (1,2,0.999999855898) (2,2,2.000000000000) (10,2,0.999999854906) (13,2,0.704297518239) (0,3,-0.999978713675) (3,3,2.000000000000) (4,3,-0.706184580837) (5,3,-0.001086516904) (6,3,0.007056645641) (7,3,0.002286333543) (0,4,0.710789244031) (1,4,0.707323423370) (3,4,-0.706184580837) (4,4,2.000000000000) (5,4,0.708794643944) (8,4,0.704725805296) (9,4,0.707006773218) (10,4,-0.708083301798) (11,4,0.001451842506) (0,5,0.007611227226) (3,5,-0.001086516904) (4,5,0.708794643944) (5,5,2.000000000000) (11,5,0.704385078207) (14,5,0.999998997515) (16,5,0.707959310493) (3,6,0.007056645641) (6,6,2.000000000000) (7,6,0.999988621813) (9,6,-0.008218528325) (12,6,-0.011447404985) (16,6,-0.712163132412) (17,6,-0.999954462966) (3,7,0.002286333543) (6,7,0.999988621813) (7,7,2.000000000000) (15,7,0.704837858956) (17,7,0.999988609539) (1,8,-0.003055134654) (4,8,0.704725805296) (8,8,2.000000000000) (9,8,0.999994815347) (10,8,0.001979599336) (11,8,0.710502169837) (12,8,-0.999979204135) (13,8,0.708129051161) (14,8,-0.002387675815) (15,8,-0.709207647176) (1,9,0.000165002641) (4,9,0.707006773218) (6,9,-0.008218528325) (8,9,0.999994815347) (9,9,2.000000000000) (10,9,-0.001240541102) (11,9,0.708232492155) (12,9,0.999994786674) (16,9,0.707843235836) (17,9,-0.001324688409) (1,10,-0.999999421608) (2,10,0.999999854906) (4,10,-0.708083301798) (8,10,0.001979599336) (9,10,-0.001240541102) (10,10,2.000000000000) (11,10,0.705100140484) (13,10,0.704679835862) (1,11,-0.705862405388) (4,11,0.001451842506) (5,11,0.704385078207) (8,11,0.710502169837) (9,11,0.708232492155) (10,11,0.705100140484) (11,11,2.000000000000) (14,11,0.705389452650) (16,11,-0.002635309863) (6,12,-0.011447404985) (8,12,-0.999979204135) (9,12,0.999994786674) (12,12,2.000000000000) (13,12,-0.712667947332) (14,12,-0.004061486968) (15,12,0.704646263100) (16,12,0.710120433095) (17,12,0.001904344222) (2,13,0.704297518239) (8,13,0.708129051161) (10,13,0.704679835862) (12,13,-0.712667947332) (13,13,2.000000000000) (14,13,0.704390235866) (15,13,-0.004422245079) (5,14,0.999998997515) (8,14,-0.002387675815) (11,14,0.705389452650) (12,14,-0.004061486968) (13,14,0.704390235866) (14,14,2.000000000000) (15,14,0.706691003087) (16,14,0.706958567880) (7,15,0.704837858956) (8,15,-0.709207647176) (12,15,0.704646263100) (13,15,-0.004422245079) (14,15,0.706691003087) (15,15,2.000000000000) (17,15,0.708215591393) (5,16,0.707959310493) (6,16,-0.712163132412) (9,16,0.707843235836) (11,16,-0.002635309863) (12,16,0.710120433095) (14,16,0.706958567880) (16,16,2.000000000000) (17,16,0.705431267218) (6,17,-0.999954462966) (7,17,0.999988609539) (9,17,-0.001324688409) (12,17,0.001904344222) (15,17,0.708215591393) (16,17,0.705431267218) (17,17,2.000000000000) 
Minv:
size: 27 27
(0,0,1.000000000000) (1,1,1.000000000000) (2,2,2.000000000000) (3,3,1.000000000000) (4,4,1.000000000000) (5,5,2.000000000000) (6,6,1.000000000000) (7,7,1.000000000000) (8,8,2.000000000000) (9,9,1.000000000000) (10,10,1.000000000000) (11,11,2.000000000000) (12,12,1.000000000000) (13,13,1.000000000000) (14,14,2.000000000000) (15,15,1.000000000000) (16,16,1.000000000000) (17,17,2.000000000000) (18,18,1.000000000000) (19,19,1.000000000000) (20,20,2.000000000000) (21,21,1.000000000000) (22,22,1.000000000000) (23,23,2.000000000000) (24,24,1.000000000000) (25,25,1.000000000000) (26,26,2.000000000000) 
v0:
size: 27 1
(0,0,0.153518351712) (1,0,0.170379212717) (2,0,0.000000000000) (3,0,-0.415869057226) (4,0,0.008332631415) (5,0,0.000000000000) (6,0,0.705849628972) (7,0,-0.025895844880) (8,0,0.000000000000) (9,0,-0.772218866800) (10,0,0.848072557860) (11,0,0.000000000000) (12,0,0.918709831138) (13,0,-0.074621300309) (14,0,0.000000000000) (15,0,0.401174110739) (16,0,-0.122208679088) (17,0,0.000000000000) (18,0,-0.909642215948) (19,0,-0.761203837930) (20,0,0.000000000000) (21,0,-0.606943849363) (22,0,-0.382371417066) (23,0,0.000000000000) (24,0,-0.811910521014) (25,0,0.863052376471) (26,0,0.000000000000) 
ipopt_sol:
size: 18 1
(0,0,0.150644906226) (1,0,0.351500077118) (2,0,0.889256127726) (3,0,0.238464216362) (4,0,0.365768035732) (5,0,0.000000000000) (6,0,0.000000000000) (7,0,1.218131905107) (8,0,0.496632498788) (9,0,0.595607017880) (10,0,0.000000000000) (11,0,0.000000000000) (12,0,0.000000000000) (13,0,0.000000000000) (14,0,1.526664157669) (15,0,0.000000000000) (16,0,0.000000000000) (17,0,0.600945913206) 
policy_sol:
size: 18 1
(0,0,0.150644907851) (1,0,0.351500097426) (2,0,0.889256109113) (3,0,0.238464214654) (4,0,0.365768028645) (5,0,0.000000000000) (6,0,0.000000000000) (7,0,1.218131895157) (8,0,0.496632510377) (9,0,0.595607002572) (10,0,0.000000000000) (11,0,0.000000000000) (12,0,0.000000000000) (13,0,0.000000000000) (14,0,1.526664138587) (15,0,0.000000000000) (16,0,0.000000000000) (17,0,0.600945916082) 

policy_converges:
1
ipopt_converges:
0
