solve status: 0
N:
size: 27 17
(0,0,0.001595354291) (1,0,-0.999998727422) (3,0,-0.001595354291) (4,0,0.999998727422) (0,1,0.003685066317) (1,1,-0.999993210120) (6,1,-0.003685066317) (7,1,0.999993210120) (0,2,-0.708018948855) (1,2,-0.706193435301) (12,2,0.708018948855) (13,2,0.706193435301) (3,3,0.005768716619) (4,3,-0.999983360816) (6,3,-0.005768716619) (7,3,0.999983360816) (3,4,-0.999999722651) (4,4,0.000744779805) (12,4,0.999999722651) (13,4,-0.000744779805) (3,5,-0.708549625712) (4,5,-0.705660986525) (15,5,0.708549625712) (16,5,0.705660986525) (3,6,-0.999999910456) (4,6,-0.000423187677) (21,6,0.999999910456) (22,6,0.000423187677) (9,7,-0.005352018825) (10,7,-0.999985677845) (12,7,0.005352018825) (13,7,0.999985677845) (9,8,-0.003208940157) (10,8,-0.999994851338) (15,8,0.003208940157) (16,8,0.999994851338) (9,9,-0.999999517352) (10,9,-0.000982494819) (18,9,0.999999517352) (19,9,0.000982494819) (9,10,-0.704691427865) (10,10,-0.709513912121) (21,10,0.704691427865) (22,10,0.709513912121) (12,11,-0.001059616937) (13,11,-0.999999438606) (15,11,0.001059616937) (16,11,0.999999438606) (12,12,-0.705763373676) (13,12,0.708447641239) (18,12,0.705763373676) (19,12,-0.708447641239) (12,13,-0.999998715325) (13,13,-0.001602918682) (21,13,0.999998715325) (22,13,0.001602918682) (15,14,-0.704550345926) (16,14,0.709654007285) (21,14,0.704550345926) (22,14,-0.709654007285) (15,15,-0.999987278381) (16,15,-0.005044113037) (24,15,0.999987278381) (25,15,0.005044113037) (18,16,0.005801905500) (19,16,-0.999983168805) (21,16,-0.005801905500) (22,16,0.999983168805) 
Q:
size: 17 17
(0,0,2.000000000000) (1,0,0.999997816537) (2,0,0.705062995547) (3,0,-0.999991291405) (4,0,0.002340132705) (5,0,-0.704529700830) (6,0,0.001172167010) (0,1,0.999997816537) (1,1,2.000000000000) (2,1,0.703579543552) (3,1,0.999997829152) (0,2,0.705062995547) (1,2,0.703579543552) (2,2,2.000000000000) (4,2,0.707492793878) (7,2,0.709972651832) (11,2,-0.706943267718) (12,2,0.000607231527) (13,2,-0.709150009931) (0,3,-0.999991291405) (1,3,0.999997829152) (3,3,2.000000000000) (4,3,-0.006513482432) (5,3,0.701561822900) (6,3,-0.005345535468) (0,4,0.002340132705) (2,4,0.707492793878) (3,4,-0.006513482432) (4,4,2.000000000000) (5,4,0.708023867145) (6,4,0.999999317926) (7,4,0.004607248202) (11,4,-0.000314837256) (12,4,-0.706290815430) (13,4,-0.999997244155) (0,5,-0.704529700830) (3,5,0.701561822900) (4,5,0.708023867145) (5,5,2.000000000000) (6,5,0.708848189299) (8,5,0.707931046662) (11,5,0.706411381555) (14,5,0.001566262970) (15,5,-0.712100045596) (0,6,0.001172167010) (3,6,-0.005345535468) (4,6,0.999999317926) (5,6,0.708848189299) (6,6,2.000000000000) (10,6,0.704991622308) (13,6,0.999999304117) (14,6,0.704249966007) (16,6,-0.005378724426) (2,7,0.709972651832) (4,7,0.004607248202) (7,7,2.000000000000) (8,7,0.999997703565) (9,7,0.006334496989) (10,7,0.713275272141) (11,7,-0.999990787548) (12,7,0.704660235880) (13,7,-0.006954907674) (5,8,0.707931046662) (7,8,0.999997703565) (8,8,2.000000000000) (9,8,0.004191428369) (10,8,0.711771571696) (11,8,0.999997690194) (14,8,0.707389493619) (15,8,-0.008252986401) (7,9,0.006334496989) (8,9,0.004191428369) (9,9,2.000000000000) (10,9,0.705388181490) (12,9,0.705066986904) (16,9,0.004819424417) (6,10,0.704991622308) (7,10,0.713275272141) (8,10,0.711771571696) (9,10,0.705388181490) (10,10,2.000000000000) (13,10,0.705827815670) (14,10,-0.007018801688) (16,10,0.705413417083) (2,11,-0.706943267718) (4,11,-0.000314837256) (5,11,0.706411381555) (7,11,-0.999990787548) (8,11,0.999997690194) (11,11,2.000000000000) (12,11,-0.707699404697) (13,11,0.002662533358) (14,11,0.708907055410) (15,11,-0.006103713662) (2,12,0.000607231527) (4,12,-0.706290815430) (7,12,0.704660235880) (9,12,0.705066986904) (11,12,-0.707699404697) (12,12,2.000000000000) (13,12,0.704626883040) (16,12,0.712530489618) (2,13,-0.709150009931) (4,13,-0.999997244155) (6,13,0.999999304117) (7,13,-0.006954907674) (10,13,0.705827815670) (11,13,0.002662533358) (12,13,0.704626883040) (13,13,2.000000000000) (14,13,0.703411923142) (16,13,-0.004199006343) (5,14,0.001566262970) (6,14,0.704249966007) (8,14,0.707389493619) (10,14,-0.007018801688) (11,14,0.708907055410) (13,14,0.703411923142) (14,14,2.000000000000) (15,14,0.700961807875) (16,14,-0.713729797486) (5,15,-0.712100045596) (8,15,-0.008252986401) (11,15,-0.006103713662) (14,15,0.700961807875) (15,15,2.000000000000) (6,16,-0.005378724426) (9,16,0.004819424417) (10,16,0.705413417083) (12,16,0.712530489618) (13,16,-0.004199006343) (14,16,-0.713729797486) (16,16,2.000000000000) 
Minv:
size: 27 27
(0,0,1.000000000000) (1,1,1.000000000000) (2,2,2.000000000000) (3,3,1.000000000000) (4,4,1.000000000000) (5,5,2.000000000000) (6,6,1.000000000000) (7,7,1.000000000000) (8,8,2.000000000000) (9,9,1.000000000000) (10,10,1.000000000000) (11,11,2.000000000000) (12,12,1.000000000000) (13,13,1.000000000000) (14,14,2.000000000000) (15,15,1.000000000000) (16,16,1.000000000000) (17,17,2.000000000000) (18,18,1.000000000000) (19,19,1.000000000000) (20,20,2.000000000000) (21,21,1.000000000000) (22,22,1.000000000000) (23,23,2.000000000000) (24,24,1.000000000000) (25,25,1.000000000000) (26,26,2.000000000000) 
v0:
size: 27 1
(0,0,0.438757144559) (1,0,0.636101682237) (2,0,0.000000000000) (3,0,0.622248259153) (4,0,0.603414305306) (5,0,0.000000000000) (6,0,-0.734247503604) (7,0,0.286753957932) (8,0,0.000000000000) (9,0,0.858343467450) (10,0,0.104795982283) (11,0,0.000000000000) (12,0,0.374267722263) (13,0,-0.892131897806) (14,0,0.000000000000) (15,0,0.253680147128) (16,0,-0.979250269343) (17,0,0.000000000000) (18,0,0.499991819254) (19,0,0.349880637729) (20,0,0.000000000000) (21,0,-0.951817554153) (22,0,-0.405759948840) (23,0,0.000000000000) (24,0,-0.328603129187) (25,0,0.456229201642) (26,0,0.000000000000) 
ipopt_sol:
size: 17 1
(0,0,0.134254452725) (1,0,0.000000000000) (2,0,1.474274332707) (3,0,0.000000000000) (4,0,0.000000000000) (5,0,1.762885289130) (6,0,0.000000000000) (7,0,0.150465314669) (8,0,0.000000000000) (9,0,0.029475985108) (10,0,0.888234211295) (11,0,0.000000000000) (12,0,0.037565411552) (13,0,1.269518511029) (14,0,0.721550127473) (15,0,0.949820954415) (16,0,0.680625434476) 
policy_sol:
size: 17 1
(0,0,0.134254444673) (1,0,0.000000000000) (2,0,1.474274333923) (3,0,0.000000000000) (4,0,0.000000000000) (5,0,1.762885267539) (6,0,0.000000000000) (7,0,0.120655526278) (8,0,0.000000000000) (9,0,0.000000000000) (10,0,0.930288800351) (11,0,0.000000000000) (12,0,0.079574988421) (13,0,1.239710119457) (14,0,0.721550114566) (15,0,0.949820951323) (16,0,0.650834387852) 

policy_converges:
1
ipopt_converges:
0
