solve status: 0
N:
size: 27 13
(0,0,0.006237529974) (1,0,-0.999980546421) (3,0,-0.006237529974) (4,0,0.999980546421) (0,1,-0.999976577990) (1,1,0.006844229020) (9,1,0.999976577990) (10,1,-0.006844229020) (0,2,-0.708406211063) (1,2,-0.705804958985) (12,2,0.708406211063) (13,2,0.705804958985) (0,3,-0.999993116779) (1,3,0.003710309226) (18,3,0.999993116779) (19,3,-0.003710309226) (3,4,-0.705879667328) (4,4,-0.708331769196) (15,4,0.705879667328) (16,4,0.708331769196) (3,5,-0.999999922272) (4,5,-0.000394278595) (21,5,0.999999922272) (22,5,0.000394278595) (6,6,-0.999976914566) (7,6,-0.006794875585) (15,6,0.999976914566) (16,6,0.006794875585) (6,7,-0.999999698701) (7,7,-0.000776271484) (24,7,0.999999698701) (25,7,0.000776271484) (12,8,-0.703001103496) (13,8,0.711188757282) (18,8,0.703001103496) (19,8,-0.711188757282) (12,9,-0.999999387749) (13,9,0.001106572349) (21,9,0.999999387749) (22,9,-0.001106572349) (15,10,-0.703896269849) (16,10,0.710302781420) (21,10,0.703896269849) (22,10,-0.710302781420) (15,11,-0.999986077005) (16,11,0.005276911590) (24,11,0.999986077005) (25,11,-0.005276911590) (21,12,0.000615640464) (22,12,-0.999999810493) (24,12,-0.000615640464) (25,12,0.999999810493) 
Q:
size: 13 13
(0,0,2.000000000000) (1,0,-0.013081479753) (2,0,0.701372523577) (3,0,-0.009947724087) (4,0,-0.703915044025) (5,0,0.005843258564) (0,1,-0.013081479753) (1,1,2.000000000000) (2,1,0.703558927983) (3,1,0.999995089137) (0,2,0.701372523577) (1,2,0.703558927983) (2,2,2.000000000000) (3,2,0.705782580295) (8,2,0.003950203563) (9,2,-0.707624753089) (0,3,-0.009947724087) (1,3,0.999995089137) (2,3,0.705782580295) (3,3,2.000000000000) (8,3,0.705634994792) (0,4,-0.703915044025) (4,4,2.000000000000) (5,4,0.706158892516) (6,4,0.710676398035) (10,4,0.006263961034) (11,4,-0.702132035247) (0,5,0.005843258564) (4,5,0.706158892516) (5,5,2.000000000000) (9,5,0.999998873723) (10,5,0.703616157954) (12,5,0.000221361896) (4,6,0.710676398035) (6,6,2.000000000000) (7,6,0.999981887943) (10,6,-0.699053601071) (11,6,-0.999927135935) (6,7,0.999981887943) (7,7,2.000000000000) (11,7,0.999981679395) (12,7,0.000160631059) (2,8,0.003950203563) (3,8,0.705634994792) (8,8,2.000000000000) (9,8,0.703787654896) (2,9,-0.707624753089) (5,9,0.999998873723) (8,9,0.703787654896) (9,9,2.000000000000) (10,9,0.704681840305) (12,9,0.001722212227) (4,10,0.006263961034) (5,10,0.703616157954) (6,10,-0.699053601071) (9,10,0.704681840305) (10,10,2.000000000000) (11,10,0.707634674484) (12,10,0.710735993839) (4,11,-0.702132035247) (6,11,-0.999927135935) (7,11,0.999981679395) (10,11,0.707634674484) (11,11,2.000000000000) (12,11,-0.005892542482) (5,12,0.000221361896) (7,12,0.000160631059) (9,12,0.001722212227) (10,12,0.710735993839) (11,12,-0.005892542482) (12,12,2.000000000000) 
Minv:
size: 27 27
(0,0,1.000000000000) (1,1,1.000000000000) (2,2,2.000000000000) (3,3,1.000000000000) (4,4,1.000000000000) (5,5,2.000000000000) (6,6,1.000000000000) (7,7,1.000000000000) (8,8,2.000000000000) (9,9,1.000000000000) (10,10,1.000000000000) (11,11,2.000000000000) (12,12,1.000000000000) (13,13,1.000000000000) (14,14,2.000000000000) (15,15,1.000000000000) (16,16,1.000000000000) (17,17,2.000000000000) (18,18,1.000000000000) (19,19,1.000000000000) (20,20,2.000000000000) (21,21,1.000000000000) (22,22,1.000000000000) (23,23,2.000000000000) (24,24,1.000000000000) (25,25,1.000000000000) (26,26,2.000000000000) 
v0:
size: 27 1
(0,0,0.548249610455) (1,0,0.915340371103) (2,0,0.000000000000) (3,0,0.207875229448) (4,0,0.506718952336) (5,0,0.000000000000) (6,0,0.921039332692) (7,0,0.971363698749) (8,0,0.000000000000) (9,0,-0.003075531766) (10,0,-0.993756917893) (11,0,0.000000000000) (12,0,0.754087285802) (13,0,-0.914377010473) (14,0,0.000000000000) (15,0,0.885958303064) (16,0,-0.229438407304) (17,0,0.000000000000) (18,0,0.371593161346) (19,0,0.365377647330) (20,0,0.000000000000) (21,0,-0.413005962222) (22,0,0.727913443441) (23,0,0.000000000000) (24,0,0.256581478372) (25,0,0.576916654574) (26,0,0.000000000000) 
ipopt_sol:
size: 13 1
(0,0,0.000000000000) (1,0,0.026895078597) (2,0,1.453612017459) (3,0,0.000000000000) (4,0,0.000000000000) (5,0,0.000000000000) (6,0,0.792893247863) (7,0,0.000000000000) (8,0,0.858738218817) (9,0,0.902066602328) (10,0,1.359377993969) (11,0,0.549069362796) (12,0,0.000000000000) 
policy_sol:
size: 13 1
(0,0,0.000000000000) (1,0,0.026895076325) (2,0,1.453612009877) (3,0,0.000000000000) (4,0,0.000000000000) (5,0,0.000000000000) (6,0,0.792893233463) (7,0,0.000000000000) (8,0,0.858738216645) (9,0,0.902066598515) (10,0,1.359377985133) (11,0,0.549069357268) (12,0,0.000000000000) 

policy_converges:
1
ipopt_converges:
0
