solve status: 0
N:
size: 27 17
(0,0,-0.001488551055) (1,0,-0.999998892107) (3,0,0.001488551055) (4,0,0.999998892107) (0,1,-0.003045975418) (1,1,-0.999995361006) (6,1,0.003045975418) (7,1,0.999995361006) (0,2,-0.710266571151) (1,2,-0.703932807806) (12,2,0.710266571151) (13,2,0.703932807806) (0,3,-0.999999935760) (1,3,-0.000358440702) (18,3,0.999999935760) (19,3,0.000358440702) (3,4,-0.004590919010) (4,4,-0.999989461676) (6,4,0.004590919010) (7,4,0.999989461676) (3,5,-0.707632755124) (4,5,0.706580415718) (9,5,0.707632755124) (10,5,-0.706580415718) (3,6,-0.999998987059) (4,6,0.001423334226) (12,6,0.999998987059) (13,6,-0.001423334226) (6,7,-0.704267020522) (7,7,0.709935182820) (12,7,0.704267020522) (13,7,-0.709935182820) (9,8,0.001197572145) (10,8,-0.999999282910) (12,8,-0.001197572145) (13,8,0.999999282910) (9,9,-0.001185020848) (10,9,-0.999999297863) (15,9,0.001185020848) (16,9,0.999999297863) (9,10,-0.999979059551) (10,10,-0.006471511392) (18,10,0.999979059551) (19,10,0.006471511392) (9,11,-0.705493180078) (10,11,-0.708716708469) (21,11,0.705493180078) (22,11,0.708716708469) (12,12,-0.003557857617) (13,12,-0.999993670805) (15,12,0.003557857617) (16,12,0.999993670805) (12,13,-0.709298883228) (13,13,0.704907862243) (18,13,0.709298883228) (19,13,-0.704907862243) (15,14,-0.704933496005) (16,14,0.709273407235) (21,14,0.704933496005) (22,14,-0.709273407235) (18,15,0.000637008030) (19,15,-0.999999797110) (21,15,-0.000637008030) (22,15,0.999999797110) (18,16,-0.002816534115) (19,16,-0.999996033560) (24,16,0.002816534115) (25,16,0.999996033560) 
Q:
size: 17 17
(0,0,2.000000000000) (1,0,0.999998787208) (2,0,0.704989295978) (3,0,0.001846991264) (4,0,-0.999995187612) (5,0,0.705526285418) (6,0,-0.000065216898) (0,1,0.999998787208) (1,1,2.000000000000) (2,1,0.706092996782) (3,1,0.003404414261) (4,1,0.999998806557) (7,1,0.707786709402) (0,2,0.704989295978) (1,2,0.706092996782) (2,2,2.000000000000) (3,2,0.710518843693) (6,2,0.709263920035) (7,2,0.000470655239) (8,2,0.703081707561) (12,2,-0.706455379808) (13,2,-0.007583514999) (0,3,0.001846991264) (1,3,0.003404414261) (2,3,0.710518843693) (3,3,2.000000000000) (10,3,0.999981314965) (13,3,0.709046169994) (15,3,0.000278567361) (16,3,-0.003174973214) (0,4,-0.999995187612) (1,4,0.999998806557) (4,4,2.000000000000) (5,4,-0.703324284877) (6,4,0.003167595133) (7,4,0.706694468440) (0,5,0.705526285418) (4,5,-0.703324284877) (5,5,2.000000000000) (6,5,0.708637738423) (8,5,0.707427350313) (9,5,0.705741360033) (10,5,-0.703045293766) (11,5,0.001535263757) (0,6,-0.000065216898) (2,6,0.709263920035) (4,6,0.003167595133) (5,6,0.708637738423) (6,6,2.000000000000) (7,6,0.705276782185) (8,6,-0.002620904137) (12,6,-0.002134528796) (13,6,-0.710301484237) (1,7,0.707786709402) (2,7,0.000470655239) (4,7,0.706694468440) (6,7,0.705276782185) (7,7,2.000000000000) (8,7,-0.710778084299) (12,7,0.707425007718) (13,7,-0.999974703203) (2,8,0.703081707561) (5,8,0.707427350313) (6,8,-0.002620904137) (7,8,-0.710778084299) (8,8,2.000000000000) (9,8,0.999997161625) (10,8,0.005273959684) (11,8,0.707871321275) (12,8,-0.999988692928) (13,8,0.705756793345) (5,9,0.705741360033) (8,9,0.999997161625) (9,9,2.000000000000) (10,9,0.007656502882) (11,9,0.709552234980) (12,9,0.999997184807) (14,9,0.708437548338) (3,10,0.999981314965) (5,10,-0.703045293766) (8,10,0.005273959684) (9,10,0.007656502882) (10,10,2.000000000000) (11,10,0.710064874987) (13,10,0.704722210930) (15,10,-0.005834515388) (16,10,-0.009287960859) (5,11,0.001535263757) (8,11,0.707871321275) (9,11,0.709552234980) (10,11,0.710064874987) (11,11,2.000000000000) (14,11,-0.005348140741) (15,11,0.708267159857) (2,12,-0.706455379808) (6,12,-0.002134528796) (7,12,0.707425007718) (8,12,-0.999988692928) (9,12,0.999997184807) (12,12,2.000000000000) (13,12,-0.702379816308) (14,12,0.706760865096) (2,13,-0.007583514999) (3,13,0.709046169994) (6,13,-0.710301484237) (7,13,-0.999974703203) (8,13,0.705756793345) (10,13,0.704722210930) (12,13,-0.702379816308) (13,13,2.000000000000) (15,13,0.705359548309) (16,13,0.702907301765) (9,14,0.708437548338) (11,14,-0.005348140741) (12,14,0.706760865096) (14,14,2.000000000000) (15,14,-0.709722311629) (3,15,0.000278567361) (10,15,-0.005834515388) (11,15,0.708267159857) (13,15,0.705359548309) (14,15,-0.709722311629) (15,15,2.000000000000) (16,15,0.999994036516) (3,16,-0.003174973214) (10,16,-0.009287960859) (13,16,0.702907301765) (15,16,0.999994036516) (16,16,2.000000000000) 
Minv:
size: 27 27
(0,0,1.000000000000) (1,1,1.000000000000) (2,2,2.000000000000) (3,3,1.000000000000) (4,4,1.000000000000) (5,5,2.000000000000) (6,6,1.000000000000) (7,7,1.000000000000) (8,8,2.000000000000) (9,9,1.000000000000) (10,10,1.000000000000) (11,11,2.000000000000) (12,12,1.000000000000) (13,13,1.000000000000) (14,14,2.000000000000) (15,15,1.000000000000) (16,16,1.000000000000) (17,17,2.000000000000) (18,18,1.000000000000) (19,19,1.000000000000) (20,20,2.000000000000) (21,21,1.000000000000) (22,22,1.000000000000) (23,23,2.000000000000) (24,24,1.000000000000) (25,25,1.000000000000) (26,26,2.000000000000) 
v0:
size: 27 1
(0,0,-0.249786256290) (1,0,0.690401174755) (2,0,0.000000000000) (3,0,-0.284938668943) (4,0,0.065451852448) (5,0,0.000000000000) (6,0,-0.584542923080) (7,0,-0.223571104118) (8,0,0.000000000000) (9,0,-0.244041496044) (10,0,0.685054915274) (11,0,0.000000000000) (12,0,-0.800317219848) (13,0,-0.417748580127) (14,0,0.000000000000) (15,0,0.594252284527) (16,0,-0.574797528251) (17,0,0.000000000000) (18,0,-0.999946362612) (19,0,0.666883808955) (20,0,0.000000000000) (21,0,-0.048243121286) (22,0,-0.588950910127) (23,0,0.000000000000) (24,0,0.798164344494) (25,0,-0.578114623068) (26,0,0.000000000000) 
ipopt_sol:
size: 17 1
(0,0,0.533198525021) (1,0,0.000000000000) (2,0,0.862032650319) (3,0,0.000000000000) (4,0,0.688804648299) (5,0,0.375162956924) (6,0,0.075336941724) (7,0,0.000000000000) (8,0,0.268496667260) (9,0,0.791302560301) (10,0,0.890587658137) (11,0,0.000000000000) (12,0,0.000000000000) (13,0,0.000000000000) (14,0,0.557605277205) (15,0,1.113172222278) (16,0,0.687482136870) 
policy_sol:
size: 17 1
(0,0,0.533198522828) (1,0,0.000000000000) (2,0,0.862032637926) (3,0,0.000000000000) (4,0,0.688804632590) (5,0,0.375162939373) (6,0,0.075336952419) (7,0,0.000000000000) (8,0,0.268496684157) (9,0,0.791302550699) (10,0,0.890587639887) (11,0,0.000000000000) (12,0,0.000000000000) (13,0,0.000000000000) (14,0,0.557605274061) (15,0,1.113172213682) (16,0,0.687482137584) 

policy_converges:
1
ipopt_converges:
0
