solve status: 0
N:
size: 27 6
(0,0,0.006042336637) (1,0,-0.999981744917) (3,0,-0.006042336637) (4,0,0.999981744917) (9,1,0.004342764527) (10,1,-0.999990570154) (12,1,-0.004342764527) (13,1,0.999990570154) (9,2,-0.999993638286) (10,2,0.003566985775) (18,2,0.999993638286) (19,2,-0.003566985775) (9,3,-0.705723939873) (10,3,-0.708486923443) (21,3,0.705723939873) (22,3,0.708486923443) (12,4,-0.704665922211) (13,4,0.709539243506) (18,4,0.704665922211) (19,4,-0.709539243506) (18,5,0.003260176275) (19,5,-0.999994685611) (21,5,-0.003260176275) (22,5,0.999994685611) 
Q:
size: 6 6
(0,0,2.000000000000) (1,1,2.000000000000) (2,1,-0.007909689039) (3,1,0.705415449628) (4,1,0.712592750830) (1,2,-0.007909689039) (2,2,2.000000000000) (3,2,0.703192287482) (4,2,0.707192355716) (5,2,0.006827122353) (1,3,0.705415449628) (2,3,0.703192287482) (3,3,2.000000000000) (5,3,0.706182373823) (1,4,0.712592750830) (2,4,0.707192355716) (4,4,2.000000000000) (5,4,0.711832807859) (2,5,0.006827122353) (3,5,0.706182373823) (4,5,0.711832807859) (5,5,2.000000000000) 
Minv:
size: 27 27
(0,0,1.000000000000) (1,1,1.000000000000) (2,2,2.000000000000) (3,3,1.000000000000) (4,4,1.000000000000) (5,5,2.000000000000) (6,6,1.000000000000) (7,7,1.000000000000) (8,8,2.000000000000) (9,9,1.000000000000) (10,10,1.000000000000) (11,11,2.000000000000) (12,12,1.000000000000) (13,13,1.000000000000) (14,14,2.000000000000) (15,15,1.000000000000) (16,16,1.000000000000) (17,17,2.000000000000) (18,18,1.000000000000) (19,19,1.000000000000) (20,20,2.000000000000) (21,21,1.000000000000) (22,22,1.000000000000) (23,23,2.000000000000) (24,24,1.000000000000) (25,25,1.000000000000) (26,26,2.000000000000) 
v0:
size: 27 1
(0,0,-0.883929782100) (1,0,-0.625667444780) (2,0,0.000000000000) (3,0,-0.676089083347) (4,0,-0.877598642202) (5,0,0.000000000000) (6,0,0.229717158042) (7,0,-0.266131148328) (8,0,0.000000000000) (9,0,0.480629270266) (10,0,0.224843381788) (11,0,0.000000000000) (12,0,0.183613977186) (13,0,-0.317160224207) (14,0,0.000000000000) (15,0,0.578736225468) (16,0,0.579720650252) (17,0,0.000000000000) (18,0,0.173179881853) (19,0,0.074244486185) (20,0,0.000000000000) (21,0,0.541253522135) (22,0,-0.145681999044) (23,0,0.000000000000) (24,0,0.706193457856) (25,0,0.331259910177) (26,0,0.000000000000) 
ipopt_sol:
size: 6 1
(0,0,0.253182441866) (1,0,0.541927922114) (2,0,0.308302263808) (3,0,0.000000000000) (4,0,0.000000000000) (5,0,0.220072899855) 
policy_sol:
size: 6 1
(0,0,0.253182441866) (1,0,0.541927914996) (2,0,0.308302256752) (3,0,0.000000000000) (4,0,0.000000000000) (5,0,0.220072892789) 

policy_converges:
1
ipopt_converges:
0
