solve status: 0
N:
size: 27 17
(0,0,0.002940563319) (1,0,-0.999995676534) (3,0,-0.002940563319) (4,0,0.999995676534) (0,1,-0.999999805022) (1,1,0.000624464386) (9,1,0.999999805022) (10,1,-0.000624464386) (0,2,-0.706921344558) (1,2,-0.707292169198) (12,2,0.706921344558) (13,2,0.707292169198) (0,3,-0.999994020946) (1,3,0.003458044505) (18,3,0.999994020946) (19,3,-0.003458044505) (3,4,-0.710229946955) (4,4,0.703969759612) (9,4,0.710229946955) (10,4,-0.703969759612) (3,5,-0.999998933940) (4,5,0.001460177610) (12,5,0.999998933940) (13,5,-0.001460177610) (3,6,-0.708083990654) (4,6,-0.706128219362) (15,6,0.708083990654) (16,6,0.706128219362) (3,7,-0.999998347405) (4,7,-0.001818017158) (21,7,0.999998347405) (22,7,0.001818017158) (6,8,-0.704377827626) (7,8,0.709825243246) (12,8,0.704377827626) (13,8,-0.709825243246) (6,9,-0.999999579658) (7,9,0.000916887888) (15,9,0.999999579658) (16,9,-0.000916887888) (9,10,0.000771829181) (10,10,-0.999999702140) (15,10,-0.000771829181) (16,10,0.999999702140) (9,11,-0.999980104129) (10,11,0.006308038250) (18,11,0.999980104129) (19,11,-0.006308038250) (9,12,-0.705768217421) (10,12,-0.708442815814) (21,12,0.705768217421) (22,12,0.708442815814) (12,13,-0.006976618607) (13,13,-0.999975663100) (15,13,0.006976618607) (16,13,0.999975663100) (12,14,-0.999987148401) (13,14,-0.005069815877) (21,14,0.999987148401) (22,14,0.005069815877) (12,15,-0.709916278474) (13,15,-0.704286076504) (24,15,0.709916278474) (25,15,0.704286076504) (18,16,0.000265467429) (19,16,-0.999999964764) (21,16,-0.000265467429) (22,16,0.999999964764) 
Q:
size: 17 17
(0,0,2.000000000000) (1,0,-0.003565024431) (2,0,0.705210364269) (3,0,-0.006398575291) (4,0,0.706055192153) (5,0,0.004400731481) (6,0,-0.704043000631) (7,0,0.001122549161) (0,1,-0.003565024431) (1,1,2.000000000000) (2,1,0.706479527954) (3,1,0.999995985395) (4,1,0.710669412520) (10,1,0.001396293230) (11,1,-0.999983848300) (12,1,-0.705325682504) (0,2,0.705210364269) (1,2,0.706479527954) (2,2,2.000000000000) (3,2,0.704471270038) (5,2,0.705887818748) (8,2,-0.004114115064) (13,2,-0.712206876506) (14,2,-0.710498100557) (15,2,-0.999990996889) (0,3,-0.006398575291) (1,3,0.999995985395) (2,3,0.704471270038) (3,3,2.000000000000) (11,3,0.999995938671) (16,3,0.003723510225) (0,4,0.706055192153) (1,4,0.710669412520) (4,4,2.000000000000) (5,4,0.711257110689) (6,4,0.005809542283) (7,4,0.708948944132) (10,4,0.704517726125) (11,4,-0.714656484483) (12,4,-0.002535404875) (0,5,0.004400731481) (2,5,0.705887818748) (4,5,0.711257110689) (5,5,2.000000000000) (6,5,0.707052163179) (7,5,0.999994626719) (8,5,0.705413547644) (13,5,-0.005516469097) (14,5,-0.999978679523) (15,5,-0.708887138901) (0,6,-0.704043000631) (4,6,0.005809542283) (5,6,0.707052163179) (6,6,2.000000000000) (7,6,0.709366573697) (9,6,0.707436252605) (10,6,0.705581489148) (13,6,0.711051066335) (0,7,0.001122549161) (4,7,0.708948944132) (5,7,0.999994626719) (6,7,0.709366573697) (7,7,2.000000000000) (12,7,0.707055012267) (14,7,0.999994712840) (16,7,0.001552550104) (2,8,-0.004114115064) (5,8,0.705413547644) (8,8,2.000000000000) (9,8,0.705028361715) (13,8,0.704893792841) (14,8,-0.700770091956) (15,8,-0.000129250459) (6,9,0.707436252605) (8,9,0.705028361715) (9,9,2.000000000000) (10,9,-0.001688716472) (13,9,0.006059750101) (1,10,0.001396293230) (4,10,0.704517726125) (6,10,0.705581489148) (9,10,-0.001688716472) (10,10,2.000000000000) (11,10,-0.007079850196) (12,10,0.707897872291) (13,10,0.999969980489) (1,11,-0.999983848300) (3,11,0.999995938671) (4,11,-0.714656484483) (10,11,-0.007079850196) (11,11,2.000000000000) (12,11,0.701285291167) (16,11,0.006573500175) (1,12,-0.705325682504) (4,12,-0.002535404875) (7,12,0.707055012267) (10,12,0.707897872291) (11,12,0.701285291167) (12,12,2.000000000000) (14,12,0.709350821807) (16,12,0.708255432376) (2,13,-0.712206876506) (5,13,-0.005516469097) (6,13,0.711051066335) (8,13,0.704893792841) (9,13,0.006059750101) (10,13,0.999969980489) (13,13,2.000000000000) (14,13,0.012046221440) (15,13,0.709221751482) (2,14,-0.710498100557) (5,14,-0.999978679523) (7,14,0.999994712840) (8,14,-0.700770091956) (12,14,0.709350821807) (13,14,0.012046221440) (14,14,2.000000000000) (15,14,0.713477755648) (16,14,0.004804351681) (2,15,-0.999990996889) (5,15,-0.708887138901) (8,15,-0.000129250459) (13,15,0.709221751482) (14,15,0.713477755648) (15,15,2.000000000000) (3,16,0.003723510225) (7,16,0.001552550104) (11,16,0.006573500175) (12,16,0.708255432376) (14,16,0.004804351681) (16,16,2.000000000000) 
Minv:
size: 27 27
(0,0,1.000000000000) (1,1,1.000000000000) (2,2,2.000000000000) (3,3,1.000000000000) (4,4,1.000000000000) (5,5,2.000000000000) (6,6,1.000000000000) (7,7,1.000000000000) (8,8,2.000000000000) (9,9,1.000000000000) (10,10,1.000000000000) (11,11,2.000000000000) (12,12,1.000000000000) (13,13,1.000000000000) (14,14,2.000000000000) (15,15,1.000000000000) (16,16,1.000000000000) (17,17,2.000000000000) (18,18,1.000000000000) (19,19,1.000000000000) (20,20,2.000000000000) (21,21,1.000000000000) (22,22,1.000000000000) (23,23,2.000000000000) (24,24,1.000000000000) (25,25,1.000000000000) (26,26,2.000000000000) 
v0:
size: 27 1
(0,0,0.866410431879) (1,0,0.282602713677) (2,0,0.000000000000) (3,0,0.002450749711) (4,0,-0.815302999116) (5,0,0.000000000000) (6,0,-0.447344349793) (7,0,0.364427306018) (8,0,0.000000000000) (9,0,0.418622836644) (10,0,0.732711049159) (11,0,0.000000000000) (12,0,-0.253618569130) (13,0,0.835739258883) (14,0,0.000000000000) (15,0,-0.840162169140) (16,0,-0.135234737027) (17,0,0.000000000000) (18,0,-0.943880066663) (19,0,-0.404388031723) (20,0,0.000000000000) (21,0,-0.614985870867) (22,0,-0.558432212326) (23,0,0.000000000000) (24,0,-0.336418920855) (25,0,0.456265363305) (26,0,0.000000000000) 
ipopt_sol:
size: 17 1
(0,0,0.945225631681) (1,0,0.000000000000) (2,0,0.000000000000) (3,0,1.786506725397) (4,0,0.440780489771) (5,0,0.110290024754) (6,0,0.000000000000) (7,0,0.000000000000) (8,0,0.000000000000) (9,0,0.389432110984) (10,0,0.000000000000) (11,0,0.048842922293) (12,0,1.627621720452) (13,0,0.966183811041) (14,0,0.000000000000) (15,0,0.022511799863) (16,0,0.000000000000) 
policy_sol:
size: 17 1
(0,0,0.945225631378) (1,0,0.000000000000) (2,0,0.000000000000) (3,0,1.786506706296) (4,0,0.440780490539) (5,0,0.110290014156) (6,0,0.000000000000) (7,0,0.000000000000) (8,0,0.000000000000) (9,0,0.389432103957) (10,0,0.000000000000) (11,0,0.048842943438) (12,0,1.627621702394) (13,0,0.966183802163) (14,0,0.000000000000) (15,0,0.022511800685) (16,0,0.000000000000) 

policy_converges:
1
ipopt_converges:
0
