solve status: 0
N:
size: 27 10
(0,0,-0.999997485773) (1,0,-0.002242419903) (18,0,0.999997485773) (19,0,0.002242419903) (3,1,-0.706932802961) (4,1,0.707280716617) (9,1,0.706932802961) (10,1,-0.707280716617) (3,2,-0.709286770828) (4,2,-0.704920049883) (15,2,0.709286770828) (16,2,0.704920049883) (6,3,-0.999996430781) (7,3,0.002671783107) (15,3,0.999996430781) (16,3,-0.002671783107) (9,4,0.003195396869) (10,4,-0.999994894706) (12,4,-0.003195396869) (13,4,0.999994894706) (9,5,-0.001186896001) (10,5,-0.999999295639) (15,5,0.001186896001) (16,5,0.999999295639) (9,6,-0.999998896337) (10,6,-0.001485706753) (18,6,0.999998896337) (19,6,0.001485706753) (12,7,-0.709311236151) (13,7,0.704895432153) (18,7,0.709311236151) (19,7,-0.704895432153) (18,8,0.000340260847) (19,8,-0.999999942111) (21,8,-0.000340260847) (22,8,0.999999942111) (18,9,-0.001688909761) (19,9,-0.999998573791) (24,9,0.001688909761) (25,9,0.999998573791) 
Q:
size: 10 10
(0,0,2.000000000000) (6,0,0.999999713692) (7,0,0.707728781235) (8,0,-0.001902159782) (9,0,-0.003931322220) (1,1,2.000000000000) (2,1,0.002841726966) (4,1,0.709536036606) (5,1,0.706441162719) (6,1,-0.705881211008) (1,2,0.002841726966) (2,2,2.000000000000) (3,2,0.707400845748) (5,2,0.705761402997) (2,3,0.707400845748) (3,3,2.000000000000) (5,3,-0.001484889460) (1,4,0.709536036606) (4,4,2.000000000000) (5,4,0.999990397745) (6,4,-0.001709694174) (7,4,0.707158364358) (1,5,0.706441162719) (2,5,0.705761402997) (3,5,-0.001484889460) (4,5,0.999990397745) (5,5,2.000000000000) (6,5,0.002672600398) (0,6,0.999999713692) (1,6,-0.705881211008) (4,6,-0.001709694174) (5,6,0.002672600398) (6,6,2.000000000000) (7,6,0.708263185406) (8,6,-0.001145446196) (9,6,-0.003174612532) (0,7,0.707728781235) (4,7,0.707158364358) (6,7,0.708263185406) (7,7,2.000000000000) (8,7,0.705136742189) (9,7,0.703696464154) (0,8,-0.001902159782) (6,8,-0.001145446196) (7,8,0.705136742189) (8,8,2.000000000000) (9,8,0.999997941232) (0,9,-0.003931322220) (6,9,-0.003174612532) (7,9,0.703696464154) (8,9,0.999997941232) (9,9,2.000000000000) 
Minv:
size: 27 27
(0,0,1.000000000000) (1,1,1.000000000000) (2,2,2.000000000000) (3,3,1.000000000000) (4,4,1.000000000000) (5,5,2.000000000000) (6,6,1.000000000000) (7,7,1.000000000000) (8,8,2.000000000000) (9,9,1.000000000000) (10,10,1.000000000000) (11,11,2.000000000000) (12,12,1.000000000000) (13,13,1.000000000000) (14,14,2.000000000000) (15,15,1.000000000000) (16,16,1.000000000000) (17,17,2.000000000000) (18,18,1.000000000000) (19,19,1.000000000000) (20,20,2.000000000000) (21,21,1.000000000000) (22,22,1.000000000000) (23,23,2.000000000000) (24,24,1.000000000000) (25,25,1.000000000000) (26,26,2.000000000000) 
v0:
size: 27 1
(0,0,-0.140984485757) (1,0,-0.836160110988) (2,0,0.000000000000) (3,0,0.094061733573) (4,0,-0.149977575223) (5,0,0.000000000000) (6,0,0.094472498149) (7,0,0.564281617842) (8,0,0.000000000000) (9,0,0.332670478481) (10,0,0.341122994072) (11,0,0.000000000000) (12,0,0.179796071895) (13,0,-0.238736821426) (14,0,0.000000000000) (15,0,-0.263139215102) (16,0,0.104717117062) (17,0,0.000000000000) (18,0,-0.687386471485) (19,0,0.671825056672) (20,0,0.000000000000) (21,0,0.642169749005) (22,0,0.292700665243) (23,0,0.000000000000) (24,0,0.459052692082) (25,0,0.561193013076) (26,0,0.000000000000) 
ipopt_sol:
size: 10 1
(0,0,0.000000000000) (1,0,0.435352182348) (2,0,0.000000000000) (3,0,0.356411339485) (4,0,0.087460482639) (5,0,0.038731181273) (6,0,0.853955017847) (7,0,0.901703096378) (8,0,0.062153858261) (9,0,0.000000000000) 
policy_sol:
size: 10 1
(0,0,0.000000000000) (1,0,0.435352181449) (2,0,0.000000000000) (3,0,0.356411335944) (4,0,0.087460488699) (5,0,0.038731175032) (6,0,0.853955015185) (7,0,0.901703088960) (8,0,0.062153855884) (9,0,0.000000000000) 

policy_converges:
1
ipopt_converges:
0
