solve status: 0
N:
size: 27 15
(0,0,-0.000745385321) (1,0,-0.999999722200) (3,0,0.000745385321) (4,0,0.999999722200) (0,1,-0.000543963843) (1,1,-0.999999852052) (6,1,0.000543963843) (7,1,0.999999852052) (0,2,-0.705412529246) (1,2,-0.708796983334) (12,2,0.705412529246) (13,2,0.708796983334) (0,3,-0.999999067224) (1,3,-0.001365851881) (18,3,0.999999067224) (19,3,0.001365851881) (3,4,-0.000340039516) (4,4,-0.999999942187) (6,4,0.000340039516) (7,4,0.999999942187) (3,5,-0.705874183790) (4,5,0.708337233709) (9,5,0.705874183790) (10,5,-0.708337233709) (3,6,-0.999980761638) (4,6,0.006202931090) (12,6,0.999980761638) (13,6,-0.006202931090) (3,7,-0.707021864017) (4,7,-0.707191688159) (15,7,0.707021864017) (16,7,0.707191688159) (3,8,-0.999994655446) (4,8,0.003269415808) (21,8,0.999994655446) (22,8,-0.003269415808) (6,9,-0.705028797888) (7,9,0.709178675757) (12,9,0.705028797888) (13,9,-0.709178675757) (6,10,-0.999999999956) (7,10,0.000009334733) (15,10,0.999999999956) (16,10,-0.000009334733) (6,11,-0.999999544440) (7,11,0.000954525509) (24,11,0.999999544440) (25,11,-0.000954525509) (9,12,0.005574148559) (10,12,-0.999984464313) (12,12,-0.005574148559) (13,12,0.999984464313) (9,13,-0.999999996569) (10,13,-0.000082836010) (18,13,0.999999996569) (19,13,0.000082836010) (21,14,-0.001268565951) (22,14,-0.999999195370) (24,14,0.001268565951) (25,14,0.999999195370) 
Q:
size: 15 15
(0,0,2.000000000000) (1,0,0.999999979715) (2,0,0.709322590575) (3,0,0.002111236128) (4,0,-0.999999917847) (5,0,0.707810888678) (6,0,0.005457558386) (7,0,-0.707718495421) (8,0,0.002524033562) (0,1,0.999999979715) (1,1,2.000000000000) (2,1,0.709180597379) (3,1,0.001909815015) (4,1,0.999999979207) (9,1,0.708795060661) (10,1,-0.000534629111) (11,1,0.000410561773) (0,2,0.709322590575) (1,2,0.709180597379) (2,2,2.000000000000) (3,2,0.706379982947) (6,2,0.701002339420) (9,2,-0.005327558512) (12,2,0.704853897452) (0,3,0.002111236128) (1,3,0.001909815015) (2,3,0.706379982947) (3,3,2.000000000000) (13,3,0.999999176935) (0,4,-0.999999917847) (1,4,0.999999979207) (4,4,2.000000000000) (5,4,-0.708097167642) (6,4,-0.005862897757) (7,4,0.707432062646) (8,4,-0.002929377921) (9,4,0.708938897106) (10,4,-0.000330704783) (11,4,0.000614486093) (0,5,0.707810888678) (4,5,-0.708097167642) (5,5,2.000000000000) (6,5,0.710254370976) (7,5,-0.001861722908) (8,5,0.708186260156) (12,5,0.712260876768) (13,5,-0.705815505538) (0,6,0.005457558386) (2,6,0.701002339420) (4,6,-0.005862897757) (5,6,0.710254370976) (6,6,2.000000000000) (7,6,0.702621600766) (8,6,0.999995697148) (9,6,0.709414220745) (12,6,-0.011776876045) (0,7,-0.707718495421) (4,7,0.707432062646) (5,7,-0.001861722908) (6,7,0.702621600766) (7,7,2.000000000000) (8,7,0.704705981616) (10,7,0.707015262541) (0,8,0.002524033562) (4,8,-0.002929377921) (5,8,0.708186260156) (6,8,0.999995697148) (7,8,0.704705981616) (8,8,2.000000000000) (14,8,0.002000854006) (1,9,0.708795060661) (2,9,-0.005327558512) (4,9,0.708938897106) (6,9,0.709414220745) (9,9,2.000000000000) (10,9,0.705035417851) (11,9,0.705705405842) (12,9,-0.713097593437) (1,10,-0.000534629111) (4,10,-0.000330704783) (7,10,0.707015262541) (9,10,0.705035417851) (10,10,2.000000000000) (11,10,0.999999553307) (1,11,0.000410561773) (4,11,0.000614486093) (9,11,0.705705405842) (10,11,0.999999553307) (11,11,2.000000000000) (14,11,0.000314040632) (2,12,0.704853897452) (5,12,0.712260876768) (6,12,-0.011776876045) (9,12,-0.713097593437) (12,12,2.000000000000) (13,12,-0.005491313816) (3,13,0.999999176935) (5,13,-0.705815505538) (12,13,-0.005491313816) (13,13,2.000000000000) (8,14,0.002000854006) (11,14,0.000314040632) (14,14,2.000000000000) 
Minv:
size: 27 27
(0,0,1.000000000000) (1,1,1.000000000000) (2,2,2.000000000000) (3,3,1.000000000000) (4,4,1.000000000000) (5,5,2.000000000000) (6,6,1.000000000000) (7,7,1.000000000000) (8,8,2.000000000000) (9,9,1.000000000000) (10,10,1.000000000000) (11,11,2.000000000000) (12,12,1.000000000000) (13,13,1.000000000000) (14,14,2.000000000000) (15,15,1.000000000000) (16,16,1.000000000000) (17,17,2.000000000000) (18,18,1.000000000000) (19,19,1.000000000000) (20,20,2.000000000000) (21,21,1.000000000000) (22,22,1.000000000000) (23,23,2.000000000000) (24,24,1.000000000000) (25,25,1.000000000000) (26,26,2.000000000000) 
v0:
size: 27 1
(0,0,0.026491405800) (1,0,0.946919033555) (2,0,0.000000000000) (3,0,0.915250720768) (4,0,0.402031987419) (5,0,0.000000000000) (6,0,0.343815483097) (7,0,-0.655409815162) (8,0,0.000000000000) (9,0,0.180977032475) (10,0,-0.253287706593) (11,0,0.000000000000) (12,0,-0.780967950487) (13,0,-0.363116526733) (14,0,0.000000000000) (15,0,-0.836988792100) (16,0,0.805555144305) (17,0,0.000000000000) (18,0,-0.091570081038) (19,0,0.082995445353) (20,0,0.000000000000) (21,0,0.680007797363) (22,0,0.663829542106) (23,0,0.000000000000) (24,0,-0.120473438464) (25,0,0.396676784902) (26,0,0.000000000000) 
ipopt_sol:
size: 15 1
(0,0,0.000000000000) (1,0,1.163092338369) (2,0,0.561335020414) (3,0,0.000000000000) (4,0,0.480670950973) (5,0,0.000000000000) (6,0,1.496100371923) (7,0,0.000000000000) (8,0,0.000000000000) (9,0,0.000000000000) (10,0,1.181208316527) (11,0,0.000000000000) (12,0,0.000000000000) (13,0,0.272519257666) (14,0,0.268168005498) 
policy_sol:
size: 15 1
(0,0,0.000000000000) (1,0,1.163092326802) (2,0,0.561335019372) (3,0,0.000000000000) (4,0,0.480670958029) (5,0,0.000000000000) (6,0,1.496100356731) (7,0,0.000000000000) (8,0,0.000000000000) (9,0,0.000000000000) (10,0,1.181208304465) (11,0,0.000000000000) (12,0,0.000000000000) (13,0,0.272519256223) (14,0,0.268168005486) 

policy_converges:
1
ipopt_converges:
0
