solve status: 0
N:
size: 27 12
(3,0,-0.707212033170) (4,0,0.707001513534) (9,0,0.707212033170) (10,0,-0.707001513534) (3,1,-0.999998830170) (4,1,-0.001529594481) (12,1,0.999998830170) (13,1,0.001529594481) (3,2,-0.707154756188) (4,2,-0.707058802930) (15,2,0.707154756188) (16,2,0.707058802930) (6,3,-0.705233406291) (7,3,0.708975205950) (12,3,0.705233406291) (13,3,-0.708975205950) (6,4,-0.999971964282) (7,4,0.007488033799) (15,4,0.999971964282) (16,4,-0.007488033799) (6,5,-0.999999382294) (7,5,0.001111490745) (24,5,0.999999382294) (25,5,-0.001111490745) (9,6,-0.007913007816) (10,6,-0.999968691664) (12,6,0.007913007816) (13,6,0.999968691664) (9,7,-0.001024579929) (10,7,-0.999999475118) (15,7,0.001024579929) (16,7,0.999999475118) (9,8,-0.999995940679) (10,8,-0.002849320312) (18,8,0.999995940679) (19,8,0.002849320312) (9,9,-0.708008216742) (10,9,-0.706204194993) (21,9,0.708008216742) (22,9,0.706204194993) (12,10,0.005869990645) (13,10,-0.999982771457) (15,10,-0.005869990645) (16,10,0.999982771457) (18,11,-0.003619130124) (19,11,-0.999993450927) (21,11,0.003619130124) (22,11,0.999993450927) 
Q:
size: 12 12
(0,0,2.000000000000) (1,0,0.706129780239) (2,0,0.000216709061) (6,0,0.701383204146) (7,0,0.706276547187) (8,0,-0.705194688596) (9,0,-0.001424495740) (0,1,0.706129780239) (1,1,2.000000000000) (2,1,0.708235442180) (3,1,0.704148136725) (6,1,0.009442545152) (10,1,0.004340415649) (0,2,0.000216709061) (1,2,0.708235442180) (2,2,2.000000000000) (4,2,0.701840450382) (7,2,0.707782968377) (10,2,0.702895629534) (1,3,0.704148136725) (3,3,2.000000000000) (4,3,0.710522464871) (5,3,0.706020990044) (6,3,-0.703372491659) (10,3,0.713102704837) (2,4,0.701840450382) (3,4,0.710522464871) (4,4,2.000000000000) (5,4,0.999979669473) (7,4,-0.006463478665) (10,4,-0.013357730866) (3,5,0.706020990044) (4,5,0.999979669473) (5,5,2.000000000000) (0,6,0.701383204146) (1,6,0.009442545152) (3,6,-0.703372491659) (6,6,2.000000000000) (7,6,0.999976274307) (8,6,0.010762206800) (9,6,0.711784559467) (10,6,-0.999905014378) (0,7,0.706276547187) (2,7,0.707782968377) (4,7,-0.006463478665) (6,7,0.999976274307) (7,7,2.000000000000) (8,7,0.003873894587) (9,7,0.706929235327) (10,7,0.999976232309) (0,8,-0.705194688596) (6,8,0.010762206800) (7,8,0.003873894587) (8,8,2.000000000000) (9,8,0.710017544667) (11,8,-0.006468417085) (0,9,-0.001424495740) (6,9,0.711784559467) (7,9,0.706929235327) (8,9,0.710017544667) (9,9,2.000000000000) (11,9,0.708761943875) (1,10,0.004340415649) (2,10,0.702895629534) (3,10,0.713102704837) (4,10,-0.013357730866) (6,10,-0.999905014378) (7,10,0.999976232309) (10,10,2.000000000000) (8,11,-0.006468417085) (9,11,0.708761943875) (11,11,2.000000000000) 
Minv:
size: 27 27
(0,0,1.000000000000) (1,1,1.000000000000) (2,2,2.000000000000) (3,3,1.000000000000) (4,4,1.000000000000) (5,5,2.000000000000) (6,6,1.000000000000) (7,7,1.000000000000) (8,8,2.000000000000) (9,9,1.000000000000) (10,10,1.000000000000) (11,11,2.000000000000) (12,12,1.000000000000) (13,13,1.000000000000) (14,14,2.000000000000) (15,15,1.000000000000) (16,16,1.000000000000) (17,17,2.000000000000) (18,18,1.000000000000) (19,19,1.000000000000) (20,20,2.000000000000) (21,21,1.000000000000) (22,22,1.000000000000) (23,23,2.000000000000) (24,24,1.000000000000) (25,25,1.000000000000) (26,26,2.000000000000) 
v0:
size: 27 1
(0,0,-0.387739096704) (1,0,-0.690737869077) (2,0,0.000000000000) (3,0,0.947054495205) (4,0,0.117337757880) (5,0,0.000000000000) (6,0,0.497194953249) (7,0,0.370107552350) (8,0,0.000000000000) (9,0,0.628673195700) (10,0,0.616586595205) (11,0,0.000000000000) (12,0,-0.552902202650) (13,0,0.485180900403) (14,0,0.000000000000) (15,0,-0.767298003641) (16,0,0.196121845608) (17,0,0.000000000000) (18,0,0.021826343216) (19,0,-0.789857524308) (20,0,0.000000000000) (21,0,0.782871809235) (22,0,-0.807878785272) (23,0,0.000000000000) (24,0,-0.542820492317) (25,0,0.937977984927) (26,0,0.000000000000) 
ipopt_sol:
size: 12 1
(0,0,0.289798776734) (1,0,1.268932755129) (2,0,0.360858727266) (3,0,0.000000000000) (4,0,0.823059634546) (5,0,0.629124538747) (6,0,0.000000000000) (7,0,0.000000000000) (8,0,0.451495128758) (9,0,0.736711229745) (10,0,0.163715822560) (11,0,0.000000000000) 
policy_sol:
size: 12 1
(0,0,0.289798770617) (1,0,1.268932754304) (2,0,0.360858725639) (3,0,0.000000000000) (4,0,0.823059632941) (5,0,0.629124536020) (6,0,0.000000000000) (7,0,0.000000000000) (8,0,0.451495130565) (9,0,0.736711218462) (10,0,0.163715819556) (11,0,0.000000000000) 

policy_converges:
1
ipopt_converges:
0
