solve status: 0
N:
size: 27 15
(0,0,-0.000439317213) (1,0,-0.999999903500) (6,0,0.000439317213) (7,0,0.999999903500) (0,1,-0.999999233304) (1,1,-0.001238301864) (9,1,0.999999233304) (10,1,0.001238301864) (0,2,-0.704865274990) (1,2,-0.709341204297) (12,2,0.704865274990) (13,2,0.709341204297) (0,3,-0.999998812940) (1,3,-0.001540817698) (18,3,0.999998812940) (19,3,0.001540817698) (3,4,0.004977990025) (4,4,-0.999987609731) (6,4,-0.004977990025) (7,4,0.999987609731) (3,5,-0.999998163372) (4,5,-0.001916573207) (12,5,0.999998163372) (13,5,0.001916573207) (6,6,-0.710563874866) (7,6,0.703632702293) (12,6,0.710563874866) (13,6,-0.703632702293) (6,7,-0.999996951360) (7,7,-0.002469265068) (24,7,0.999996951360) (25,7,0.002469265068) (9,8,-0.000952454957) (10,8,-0.999999546415) (12,8,0.000952454957) (13,8,0.999999546415) (9,9,-0.999998300657) (10,9,-0.001843551773) (18,9,0.999998300657) (19,9,0.001843551773) (9,10,-0.706322317616) (10,10,-0.707890375438) (21,10,0.706322317616) (22,10,0.707890375438) (12,11,-0.705015318819) (13,11,0.709192075696) (18,11,0.705015318819) (19,11,-0.709192075696) (15,12,-0.999999871492) (16,12,0.000506968010) (24,12,0.999999871492) (25,12,-0.000506968010) (18,13,0.002878556614) (19,13,-0.999995856947) (21,13,-0.002878556614) (22,13,0.999995856947) (18,14,-0.000854275748) (19,14,-0.999999635106) (24,14,0.000854275748) (25,14,0.999999635106) 
Q:
size: 15 15
(0,0,2.000000000000) (1,0,0.001677618621) (2,0,0.709650795294) (3,0,0.001980134241) (4,0,0.999985326316) (6,0,0.703320471451) (7,0,-0.002908580704) (0,1,0.001677618621) (1,1,2.000000000000) (2,1,0.705743113108) (3,1,0.999999954242) (8,1,-0.002190755530) (9,1,-0.999999816836) (10,1,-0.707198358053) (0,2,0.709650795294) (1,2,0.705743113108) (2,2,2.000000000000) (3,2,0.705957403754) (5,2,0.706223484761) (6,2,0.001736132628) (8,2,0.710012234976) (11,2,0.006118344481) (0,3,0.001980134241) (1,3,0.999999954242) (2,3,0.705957403754) (3,3,2.000000000000) (9,3,0.999999954176) (11,3,0.703921746222) (13,3,0.001337741883) (14,3,-0.002395091870) (0,4,0.999985326316) (4,4,2.000000000000) (5,4,-0.003061431423) (6,4,0.707161163975) (7,4,0.002508740376) (2,5,0.706223484761) (4,5,-0.003061431423) (5,5,2.000000000000) (6,5,0.709214006240) (8,5,0.002869025545) (11,5,-0.703654805438) (0,6,0.703320471451) (2,6,0.001736132628) (4,6,0.707161163975) (5,6,0.709214006240) (6,6,2.000000000000) (7,6,0.708824252960) (8,6,-0.702955603050) (11,6,-0.999969153447) (0,7,-0.002908580704) (4,7,0.002508740376) (6,7,0.708824252960) (7,7,2.000000000000) (12,7,0.999995571014) (14,7,0.003323537311) (1,8,-0.002190755530) (2,8,0.710012234976) (5,8,0.002869025545) (6,8,-0.702955603050) (8,8,2.000000000000) (9,8,0.002796004275) (10,8,0.708562794542) (11,8,0.708520258682) (1,9,-0.999999816836) (3,9,0.999999954176) (8,9,0.002796004275) (9,9,2.000000000000) (10,9,0.707626149889) (11,9,0.703706688448) (13,9,0.001035007588) (14,9,-0.002697825397) (1,10,-0.707198358053) (8,10,0.708562794542) (9,10,0.707626149889) (10,10,2.000000000000) (13,10,0.705854253832) (2,11,0.006118344481) (3,11,0.703921746222) (5,11,-0.703654805438) (6,11,-0.999969153447) (8,11,0.708520258682) (9,11,0.703706688448) (11,11,2.000000000000) (13,11,0.711218563985) (14,11,0.708589539427) (7,12,0.999995571014) (12,12,2.000000000000) (14,12,0.000347307813) (3,13,0.001337741883) (9,13,0.001035007588) (10,13,0.705854253832) (11,13,0.711218563985) (13,13,2.000000000000) (14,13,0.999993032974) (3,14,-0.002395091870) (7,14,0.003323537311) (9,14,-0.002697825397) (11,14,0.708589539427) (12,14,0.000347307813) (13,14,0.999993032974) (14,14,2.000000000000) 
Minv:
size: 27 27
(0,0,1.000000000000) (1,1,1.000000000000) (2,2,2.000000000000) (3,3,1.000000000000) (4,4,1.000000000000) (5,5,2.000000000000) (6,6,1.000000000000) (7,7,1.000000000000) (8,8,2.000000000000) (9,9,1.000000000000) (10,10,1.000000000000) (11,11,2.000000000000) (12,12,1.000000000000) (13,13,1.000000000000) (14,14,2.000000000000) (15,15,1.000000000000) (16,16,1.000000000000) (17,17,2.000000000000) (18,18,1.000000000000) (19,19,1.000000000000) (20,20,2.000000000000) (21,21,1.000000000000) (22,22,1.000000000000) (23,23,2.000000000000) (24,24,1.000000000000) (25,25,1.000000000000) (26,26,2.000000000000) 
v0:
size: 27 1
(0,0,0.841741252735) (1,0,-0.251601298686) (2,0,0.000000000000) (3,0,-0.659199430531) (4,0,0.169007129177) (5,0,0.000000000000) (6,0,0.506729854315) (7,0,-0.964259571751) (8,0,0.000000000000) (9,0,-0.267605364954) (10,0,0.512972893718) (11,0,0.000000000000) (12,0,-0.857230097846) (13,0,-0.957143843524) (14,0,0.000000000000) (15,0,0.677036934411) (16,0,0.474299068621) (17,0,0.000000000000) (18,0,-0.707829844764) (19,0,0.586060116366) (20,0,0.000000000000) (21,0,0.003664202078) (22,0,-0.333737203860) (23,0,0.000000000000) (24,0,-0.478061109278) (25,0,-0.197821689294) (26,0,0.000000000000) 
ipopt_sol:
size: 15 1
(0,0,0.000000000000) (1,0,0.706789538159) (2,0,0.676298340474) (3,0,0.589014308629) (4,0,0.547749249703) (5,0,0.000000000000) (6,0,1.672341268769) (7,0,0.000000000000) (8,0,1.579939756201) (9,0,0.259627060023) (10,0,0.000000000000) (11,0,0.674221894544) (12,0,1.154709716227) (13,0,0.544960253980) (14,0,0.273188780383) 
policy_sol:
size: 15 1
(0,0,0.000000000000) (1,0,0.581199921925) (2,0,0.676244690494) (3,0,0.714641794146) (4,0,0.547749248834) (5,0,0.000000000000) (6,0,1.672341257092) (7,0,0.000000000000) (8,0,1.580015764104) (9,0,0.134037247646) (10,0,0.000000000000) (11,0,0.674168366813) (12,0,1.154709711227) (13,0,0.544960249011) (14,0,0.273188782438) 

policy_converges:
1
ipopt_converges:
0
