solve status: 0
N:
size: 27 13
(3,0,-0.004083870392) (4,0,-0.999991660967) (6,0,0.004083870392) (7,0,0.999991660967) (3,1,-0.707776708091) (4,1,-0.706436218978) (15,1,0.707776708091) (16,1,0.706436218978) (3,2,-0.999999708323) (4,2,-0.000763776413) (21,2,0.999999708323) (22,2,0.000763776413) (6,3,-0.704156485568) (7,3,0.710044818185) (12,3,0.704156485568) (13,3,-0.710044818185) (6,4,-0.999974943383) (7,4,0.007079025852) (15,4,0.999974943383) (16,4,-0.007079025852) (6,5,-0.999999708214) (7,5,0.000763919279) (24,5,0.999999708214) (25,5,-0.000763919279) (9,6,-0.999979120988) (10,6,-0.006462011078) (18,6,0.999979120988) (19,6,0.006462011078) (9,7,-0.704749436215) (10,7,-0.709456293336) (21,7,0.704749436215) (22,7,0.709456293336) (12,8,-0.709900542511) (13,8,0.704301937909) (18,8,0.709900542511) (19,8,-0.704301937909) (12,9,-0.999999806308) (13,9,0.000622402051) (21,9,0.999999806308) (22,9,-0.000622402051) (12,10,-0.710243395199) (13,10,-0.703956191517) (24,10,0.710243395199) (25,10,0.703956191517) (15,11,-0.999985049794) (16,11,-0.005468106479) (24,11,0.999985049794) (25,11,0.005468106479) (18,12,-0.000448646234) (19,12,-0.999999899358) (21,12,0.000448646234) (22,12,0.999999899358) 
Q:
size: 13 13
(0,0,2.000000000000) (1,0,0.709320796325) (2,0,0.004847639244) (3,0,0.707163213275) (4,0,0.002995198756) (5,0,-0.003319956292) (0,1,0.709320796325) (1,1,2.000000000000) (2,1,0.708316060970) (4,1,0.702758093344) (11,1,-0.711628995150) (0,2,0.004847639244) (1,2,0.708316060970) (2,2,2.000000000000) (7,2,0.705291096638) (9,2,0.999999039255) (12,2,0.001212422439) (0,3,0.707163213275) (3,3,2.000000000000) (4,3,0.709165267413) (5,3,0.704698697031) (8,3,-0.999967012568) (9,3,-0.704598282530) (10,3,-0.000282047045) (0,4,0.002995198756) (1,4,0.702758093344) (3,4,0.709165267413) (4,4,2.000000000000) (5,4,0.999980059408) (11,4,-0.999921284684) (0,5,-0.003319956292) (3,5,0.704698697031) (4,5,0.999980059408) (5,5,2.000000000000) (10,5,0.709705422254) (11,5,0.999980580820) (6,6,2.000000000000) (7,6,0.709319236170) (8,6,0.705334513564) (12,6,-0.006910647295) (2,7,0.705291096638) (6,7,0.709319236170) (7,7,2.000000000000) (9,7,0.704307732658) (12,7,0.709772405116) (3,8,-0.999967012568) (6,8,0.705334513564) (8,8,2.000000000000) (9,8,0.710338763980) (10,8,0.008404461678) (12,8,0.703983372822) (2,9,0.999999039255) (3,9,-0.704598282530) (7,9,0.704307732658) (8,9,0.710338763980) (9,9,2.000000000000) (10,9,0.709805113853) (12,9,-0.000173755842) (3,10,-0.000282047045) (5,10,0.709705422254) (8,10,0.008404461678) (9,10,0.709805113853) (10,10,2.000000000000) (11,10,0.714082084326) (1,11,-0.711628995150) (4,11,-0.999921284684) (5,11,0.999980580820) (10,11,0.714082084326) (11,11,2.000000000000) (2,12,0.001212422439) (6,12,-0.006910647295) (7,12,0.709772405116) (8,12,0.703983372822) (9,12,-0.000173755842) (12,12,2.000000000000) 
Minv:
size: 27 27
(0,0,1.000000000000) (1,1,1.000000000000) (2,2,2.000000000000) (3,3,1.000000000000) (4,4,1.000000000000) (5,5,2.000000000000) (6,6,1.000000000000) (7,7,1.000000000000) (8,8,2.000000000000) (9,9,1.000000000000) (10,10,1.000000000000) (11,11,2.000000000000) (12,12,1.000000000000) (13,13,1.000000000000) (14,14,2.000000000000) (15,15,1.000000000000) (16,16,1.000000000000) (17,17,2.000000000000) (18,18,1.000000000000) (19,19,1.000000000000) (20,20,2.000000000000) (21,21,1.000000000000) (22,22,1.000000000000) (23,23,2.000000000000) (24,24,1.000000000000) (25,25,1.000000000000) (26,26,2.000000000000) 
v0:
size: 27 1
(0,0,-0.874742895740) (1,0,-0.867341461129) (2,0,0.000000000000) (3,0,0.386194710753) (4,0,0.086365340992) (5,0,0.000000000000) (6,0,0.677320593635) (7,0,-0.699327013541) (8,0,0.000000000000) (9,0,-0.257699123232) (10,0,-0.724390969571) (11,0,0.000000000000) (12,0,0.390242593136) (13,0,0.262876580837) (14,0,0.000000000000) (15,0,0.037286541983) (16,0,0.341723455300) (17,0,0.000000000000) (18,0,-0.488169586735) (19,0,-0.219519699952) (20,0,0.000000000000) (21,0,-0.563961510395) (22,0,-0.836582056446) (23,0,0.000000000000) (24,0,-0.975276823444) (25,0,0.565071184035) (26,0,0.000000000000) 
ipopt_sol:
size: 13 1
(0,0,0.592485358328) (1,0,0.000000000000) (2,0,0.504230661973) (3,0,0.534154202874) (4,0,1.283562251490) (5,0,0.000000000000) (6,0,0.229337391291) (7,0,0.000000000000) (8,0,0.000000000000) (9,0,0.889640263276) (10,0,0.000000000000) (11,0,1.653057550970) (12,0,0.617660359944) 
policy_sol:
size: 13 1
(0,0,0.592485351846) (1,0,0.000000000000) (2,0,0.504230657671) (3,0,0.534154211331) (4,0,1.283562232846) (5,0,0.000000000000) (6,0,0.229337384193) (7,0,0.000000000000) (8,0,0.000000000000) (9,0,0.889640257783) (10,0,0.000000000000) (11,0,1.653057536653) (12,0,0.617660352854) 

policy_converges:
1
ipopt_converges:
0
