solve status: 0
N:
size: 27 10
(0,0,0.001024490373) (1,0,-0.999999475210) (3,0,-0.001024490373) (4,0,0.999999475210) (0,1,-0.999985075646) (1,1,0.005463376722) (9,1,0.999985075646) (10,1,-0.005463376722) (0,2,-0.999996461680) (1,2,0.002660193228) (18,2,0.999996461680) (19,2,-0.002660193228) (3,3,-0.706104554180) (4,3,0.708107589682) (9,3,0.706104554180) (10,3,-0.708107589682) (3,4,-0.999998626303) (4,4,0.001657525636) (21,4,0.999998626303) (22,4,-0.001657525636) (12,5,-0.705046482914) (13,5,0.709161093779) (18,5,0.705046482914) (19,5,-0.709161093779) (12,6,-0.999999574750) (13,6,-0.000922225704) (21,6,0.999999574750) (22,6,0.000922225704) (12,7,-0.704257788895) (13,7,-0.709944340622) (24,7,0.704257788895) (25,7,0.709944340622) (15,8,-0.999999951825) (16,8,0.000310403408) (24,8,0.999999951825) (25,8,-0.000310403408) (18,9,-0.006110319710) (19,9,-0.999981331822) (21,9,0.006110319710) (22,9,0.999981331822) 
Q:
size: 10 10
(0,0,2.000000000000) (1,0,-0.006487848938) (2,0,-0.003684678580) (3,0,0.708830615392) (4,0,0.002682013732) (0,1,-0.006487848938) (1,1,2.000000000000) (2,1,0.999996071016) (3,1,0.709962674548) (0,2,-0.003684678580) (1,2,0.999996071016) (2,2,2.000000000000) (5,2,0.706930493773) (9,2,-0.003450154523) (0,3,0.708830615392) (1,3,0.709962674548) (3,3,2.000000000000) (4,3,0.707277290690) (0,4,0.002682013732) (3,4,0.707277290690) (4,4,2.000000000000) (6,4,0.999996672441) (9,4,0.004452816623) (2,5,0.706930493773) (5,5,2.000000000000) (6,5,0.704392176504) (7,5,-0.006930427992) (9,5,0.704839795613) (4,6,0.999996672441) (5,6,0.704392176504) (6,6,2.000000000000) (7,6,0.704912218329) (9,6,0.007032525599) (5,7,-0.006930427992) (6,7,0.704912218329) (7,7,2.000000000000) (8,7,0.704037385825) (7,8,0.704037385825) (8,8,2.000000000000) (2,9,-0.003450154523) (4,9,0.004452816623) (5,9,0.704839795613) (6,9,0.007032525599) (9,9,2.000000000000) 
Minv:
size: 27 27
(0,0,1.000000000000) (1,1,1.000000000000) (2,2,2.000000000000) (3,3,1.000000000000) (4,4,1.000000000000) (5,5,2.000000000000) (6,6,1.000000000000) (7,7,1.000000000000) (8,8,2.000000000000) (9,9,1.000000000000) (10,10,1.000000000000) (11,11,2.000000000000) (12,12,1.000000000000) (13,13,1.000000000000) (14,14,2.000000000000) (15,15,1.000000000000) (16,16,1.000000000000) (17,17,2.000000000000) (18,18,1.000000000000) (19,19,1.000000000000) (20,20,2.000000000000) (21,21,1.000000000000) (22,22,1.000000000000) (23,23,2.000000000000) (24,24,1.000000000000) (25,25,1.000000000000) (26,26,2.000000000000) 
v0:
size: 27 1
(0,0,-0.345231074635) (1,0,0.112125689118) (2,0,0.000000000000) (3,0,0.249095059797) (4,0,-0.201301456564) (5,0,0.000000000000) (6,0,-0.719029961708) (7,0,0.829556541930) (8,0,0.000000000000) (9,0,-0.604175346936) (10,0,-0.872459616717) (11,0,0.000000000000) (12,0,0.439595774752) (13,0,-0.240019077627) (14,0,0.000000000000) (15,0,-0.459513908364) (16,0,0.888285897207) (17,0,0.000000000000) (18,0,-0.575168203067) (19,0,-0.223847532346) (20,0,0.000000000000) (21,0,-0.749190498881) (22,0,-0.633210089289) (23,0,0.000000000000) (24,0,-0.559721908434) (25,0,0.319942883981) (26,0,0.000000000000) 
ipopt_sol:
size: 10 1
(0,0,0.314022028111) (1,0,0.254579919574) (2,0,0.000000000000) (3,0,0.000000000000) (4,0,0.626153427960) (5,0,0.368629420505) (6,0,0.740758744553) (7,0,0.012801169973) (8,0,0.095525328514) (9,0,0.276507128422) 
policy_sol:
size: 10 1
(0,0,0.314022024567) (1,0,0.254579911013) (2,0,0.000000000000) (3,0,0.000000000000) (4,0,0.626153420996) (5,0,0.368629413699) (6,0,0.740758751407) (7,0,0.012801167182) (8,0,0.095525329496) (9,0,0.276507130829) 

policy_converges:
1
ipopt_converges:
0
