solve status: 0
N:
size: 27 17
(0,0,-0.999974120849) (1,0,0.007194277760) (9,0,0.999974120849) (10,0,-0.007194277760) (0,1,-0.707398299940) (1,1,-0.706815142199) (12,1,0.707398299940) (13,1,0.706815142199) (0,2,-0.999999431978) (1,2,-0.001065853821) (18,2,0.999999431978) (19,2,0.001065853821) (3,3,-0.705463731727) (4,3,0.708746021659) (9,3,0.705463731727) (10,3,-0.708746021659) (3,4,-0.999993988057) (4,4,-0.003467542474) (12,4,0.999993988057) (13,4,0.003467542474) (3,5,-0.999999999898) (4,5,0.000014284840) (21,5,0.999999999898) (22,5,-0.000014284840) (6,6,-0.999997654018) (7,6,-0.002166092820) (24,6,0.999997654018) (25,6,0.002166092820) (9,7,0.003924111378) (10,7,-0.999992300645) (12,7,-0.003924111378) (13,7,0.999992300645) (9,8,-0.999956442717) (10,8,-0.009333416752) (18,8,0.999956442717) (19,8,0.009333416752) (9,9,-0.705424936426) (10,9,-0.708784635181) (21,9,0.705424936426) (22,9,0.708784635181) (12,10,-0.710602889999) (13,10,0.703593300654) (18,10,0.710602889999) (19,10,-0.703593300654) (12,11,-0.706513429664) (13,11,-0.707699635229) (24,11,0.706513429664) (25,11,0.707699635229) (15,12,-0.704370492955) (16,12,0.709832521553) (21,12,0.704370492955) (22,12,-0.709832521553) (15,13,-0.999999958206) (16,13,-0.000289115465) (24,13,0.999999958206) (25,13,0.000289115465) (18,14,0.004883610608) (19,14,-0.999988075103) (21,14,-0.004883610608) (22,14,0.999988075103) (18,15,0.001712302518) (19,15,-0.999998534009) (24,15,-0.001712302518) (25,15,0.999998534009) (21,16,-0.001411449379) (22,16,-0.999999003905) (24,16,0.001411449379) (25,16,0.999999003905) 
Q:
size: 17 17
(0,0,2.000000000000) (1,0,0.702294968615) (2,0,0.999965884793) (3,0,0.710544390666) (7,0,0.011118232194) (8,0,-0.999863417501) (9,0,-0.700307487090) (0,1,0.702294968615) (1,1,2.000000000000) (2,1,0.708151259742) (4,1,0.709844958629) (7,1,0.704033790461) (10,1,-0.005368877467) (11,1,-0.999999217338) (0,2,0.999965884793) (1,2,0.708151259742) (2,2,2.000000000000) (8,2,0.999965822778) (10,2,0.709852558753) (14,2,0.003817766724) (15,2,0.000646449287) (0,3,0.710544390666) (3,3,2.000000000000) (4,3,0.703001883585) (5,3,0.705473855978) (7,3,0.711508883028) (8,3,-0.698817981653) (9,3,0.004696582293) (1,4,0.709844958629) (3,4,0.703001883585) (4,4,2.000000000000) (5,4,0.999993938421) (7,4,-0.000456572010) (10,4,-0.708158878240) (11,4,-0.708963160690) (3,5,0.705473855978) (4,5,0.999993938421) (5,5,2.000000000000) (9,5,0.705414811479) (12,5,0.704380632727) (14,5,-0.004897895277) (16,5,-0.001397164554) (6,6,2.000000000000) (11,6,0.708044715295) (13,6,0.999998238475) (15,6,0.000453791144) (16,6,0.003577536731) (0,7,0.011118232194) (1,7,0.704033790461) (3,7,0.711508883028) (4,7,-0.000456572010) (7,7,2.000000000000) (8,7,0.005409404436) (9,7,0.706011011977) (10,7,0.706376368325) (11,7,-0.704921749011) (0,8,-0.999863417501) (2,8,0.999965822778) (3,8,-0.698817981653) (7,8,0.005409404436) (8,8,2.000000000000) (9,8,0.712009592420) (10,8,0.704005008570) (14,8,-0.004449907560) (15,8,-0.007621175134) (0,9,-0.700307487090) (3,9,0.004696582293) (5,9,0.705414811479) (7,9,0.706011011977) (8,9,0.712009592420) (9,9,2.000000000000) (12,9,-0.006237874615) (14,9,0.705331162294) (16,9,-0.709779600753) (1,10,-0.005368877467) (2,10,0.709852558753) (4,10,-0.708158878240) (7,10,0.706376368325) (8,10,0.704005008570) (10,10,2.000000000000) (11,10,0.004117762720) (14,10,0.707055218188) (15,10,0.704809036310) (1,11,-0.999999217338) (4,11,-0.708963160690) (6,11,0.708044715295) (7,11,-0.704921749011) (10,11,0.004117762720) (11,11,2.000000000000) (13,11,0.706718007045) (15,11,0.706488833023) (16,11,0.708696138235) (5,12,0.704380632727) (9,12,-0.006237874615) (12,12,2.000000000000) (13,12,0.704165239957) (14,12,-0.713263928084) (16,12,0.708837631197) (6,13,0.999998238475) (11,13,0.706718007045) (12,13,0.704165239957) (13,13,2.000000000000) (15,13,-0.001423187406) (16,13,0.001700564497) (2,14,0.003817766724) (5,14,-0.004897895277) (8,14,-0.004449907560) (9,14,0.705331162294) (10,14,0.707055218188) (12,14,-0.713263928084) (14,14,2.000000000000) (15,14,0.999994971348) (16,14,-0.999980186050) (2,15,0.000646449287) (6,15,0.000453791144) (8,15,-0.007621175134) (10,15,0.704809036310) (11,15,0.706488833023) (13,15,-0.001423187406) (14,15,0.999994971348) (15,15,2.000000000000) (16,15,0.999995121087) (5,16,-0.001397164554) (6,16,0.003577536731) (9,16,-0.709779600753) (11,16,0.708696138235) (12,16,0.708837631197) (13,16,0.001700564497) (14,16,-0.999980186050) (15,16,0.999995121087) (16,16,2.000000000000) 
Minv:
size: 27 27
(0,0,1.000000000000) (1,1,1.000000000000) (2,2,2.000000000000) (3,3,1.000000000000) (4,4,1.000000000000) (5,5,2.000000000000) (6,6,1.000000000000) (7,7,1.000000000000) (8,8,2.000000000000) (9,9,1.000000000000) (10,10,1.000000000000) (11,11,2.000000000000) (12,12,1.000000000000) (13,13,1.000000000000) (14,14,2.000000000000) (15,15,1.000000000000) (16,16,1.000000000000) (17,17,2.000000000000) (18,18,1.000000000000) (19,19,1.000000000000) (20,20,2.000000000000) (21,21,1.000000000000) (22,22,1.000000000000) (23,23,2.000000000000) (24,24,1.000000000000) (25,25,1.000000000000) (26,26,2.000000000000) 
v0:
size: 27 1
(0,0,0.965525601491) (1,0,-0.513826686103) (2,0,0.000000000000) (3,0,0.135865199716) (4,0,0.038493503591) (5,0,0.000000000000) (6,0,0.066602654099) (7,0,0.932767721660) (8,0,0.000000000000) (9,0,-0.552547969114) (10,0,0.257053065384) (11,0,0.000000000000) (12,0,-0.817186731557) (13,0,-0.462336594109) (14,0,0.000000000000) (15,0,0.663734470692) (16,0,0.121980197021) (17,0,0.000000000000) (18,0,-0.976818195129) (19,0,0.272484048176) (20,0,0.000000000000) (21,0,-0.175875930269) (22,0,-0.161758178535) (23,0,0.000000000000) (24,0,-0.426033952637) (25,0,-0.887771051443) (26,0,0.000000000000) 
ipopt_sol:
size: 17 1
(0,0,2.351638951662) (1,0,0.000000000000) (2,0,0.000000000000) (3,0,0.000000000000) (4,0,0.954928576059) (5,0,0.000000000000) (6,0,0.000000000000) (7,0,0.638321503768) (8,0,1.538426359258) (9,0,0.178490501195) (10,0,0.000000000000) (11,0,0.000000000000) (12,0,0.000000000000) (13,0,1.090561900948) (14,0,0.000000000000) (15,0,1.031257424912) (16,0,0.273156213441) 
policy_sol:
size: 17 1
(0,0,2.351638930455) (1,0,0.000000000000) (2,0,0.000000000000) (3,0,0.000000000000) (4,0,0.954928571080) (5,0,0.000000000000) (6,0,0.000000000000) (7,0,0.638321499618) (8,0,1.538426346431) (9,0,0.178490493310) (10,0,0.000000000000) (11,0,0.000000000000) (12,0,0.000000000000) (13,0,1.090561888885) (14,0,0.000000000000) (15,0,1.031257412134) (16,0,0.273156214881) 

policy_converges:
1
ipopt_converges:
0
