solve status: 0
N:
size: 27 13
(0,0,-0.003635860613) (1,0,-0.999993390237) (3,0,0.003635860613) (4,0,0.999993390237) (0,1,-0.000548393956) (1,1,-0.999999849632) (6,1,0.000548393956) (7,1,0.999999849632) (0,2,-0.999994462778) (1,2,0.003327824138) (9,2,0.999994462778) (10,2,-0.003327824138) (3,3,-0.705822029700) (4,3,0.708389202621) (9,3,0.705822029700) (10,3,-0.708389202621) (3,4,-0.999999999625) (4,4,0.000027381244) (21,4,0.999999999625) (22,4,-0.000027381244) (6,5,-0.705188943622) (7,5,0.709019431181) (12,5,0.705188943622) (13,5,-0.709019431181) (9,6,0.002328895753) (10,6,-0.999997288119) (15,6,-0.002328895753) (16,6,0.999997288119) (12,7,0.003210737076) (13,7,-0.999994845570) (15,7,-0.003210737076) (16,7,0.999994845570) (12,8,-0.999997747506) (13,8,0.002122494659) (21,8,0.999997747506) (22,8,-0.002122494659) (12,9,-0.706026608310) (13,9,-0.708185306512) (24,9,0.706026608310) (25,9,0.708185306512) (15,10,-0.705771032571) (16,10,0.708440011281) (21,10,0.705771032571) (22,10,-0.708440011281) (18,11,-0.003054097002) (19,11,-0.999995336235) (24,11,0.003054097002) (25,11,0.999995336235) (21,12,-0.006080715257) (22,12,-0.999981512280) (24,12,0.006080715257) (25,12,0.999981512280) 
Q:
size: 13 13
(0,0,2.000000000000) (1,0,0.999995233754) (2,0,0.000308038338) (3,0,0.705818249819) (4,0,-0.003608479549) (0,1,0.999995233754) (1,1,2.000000000000) (2,1,-0.002779432719) (5,1,0.708632603213) (0,2,0.000308038338) (1,2,-0.002779432719) (2,2,2.000000000000) (3,2,0.708175516094) (6,2,0.005656697971) (0,3,0.705818249819) (2,3,0.708175516094) (3,3,2.000000000000) (4,3,0.705841426013) (6,3,0.710031067481) (0,4,-0.003608479549) (3,4,0.705841426013) (4,4,2.000000000000) (8,4,0.999997805247) (10,4,0.705790430275) (12,4,-0.006053334517) (1,5,0.708632603213) (5,5,2.000000000000) (7,5,0.711279952877) (8,5,-0.706692245144) (9,5,0.004234985111) (2,6,0.005656697971) (3,6,0.710031067481) (6,6,2.000000000000) (7,6,0.999999611175) (10,6,0.710081757236) (5,7,0.711279952877) (6,7,0.999999611175) (7,7,2.000000000000) (8,7,-0.005333213562) (9,7,0.705914790413) (10,7,0.710702404898) (4,8,0.999997805247) (5,8,-0.706692245144) (7,8,-0.005333213562) (8,8,2.000000000000) (9,8,0.704521898458) (10,8,0.707273102966) (12,8,-0.003958246141) (5,9,0.004234985111) (7,9,0.705914790413) (8,9,0.704521898458) (9,9,2.000000000000) (11,9,0.710338277450) (12,9,0.712465360549) (4,10,0.705790430275) (6,10,0.710081757236) (7,10,0.710702404898) (8,10,0.707273102966) (10,10,2.000000000000) (12,10,0.704135321155) (9,11,0.710338277450) (11,11,2.000000000000) (12,11,0.999995419695) (4,12,-0.006053334517) (8,12,-0.003958246141) (9,12,0.712465360549) (10,12,0.704135321155) (11,12,0.999995419695) (12,12,2.000000000000) 
Minv:
size: 27 27
(0,0,1.000000000000) (1,1,1.000000000000) (2,2,2.000000000000) (3,3,1.000000000000) (4,4,1.000000000000) (5,5,2.000000000000) (6,6,1.000000000000) (7,7,1.000000000000) (8,8,2.000000000000) (9,9,1.000000000000) (10,10,1.000000000000) (11,11,2.000000000000) (12,12,1.000000000000) (13,13,1.000000000000) (14,14,2.000000000000) (15,15,1.000000000000) (16,16,1.000000000000) (17,17,2.000000000000) (18,18,1.000000000000) (19,19,1.000000000000) (20,20,2.000000000000) (21,21,1.000000000000) (22,22,1.000000000000) (23,23,2.000000000000) (24,24,1.000000000000) (25,25,1.000000000000) (26,26,2.000000000000) 
v0:
size: 27 1
(0,0,0.096553751591) (1,0,0.330126878708) (2,0,0.000000000000) (3,0,-0.348613860851) (4,0,-0.610802091094) (5,0,0.000000000000) (6,0,-0.556117024488) (7,0,-0.469242768659) (8,0,0.000000000000) (9,0,-0.899468722757) (10,0,0.086277039285) (11,0,0.000000000000) (12,0,0.166181328524) (13,0,0.418793669999) (14,0,0.000000000000) (15,0,0.203991717208) (16,0,-0.618010068140) (17,0,0.000000000000) (18,0,0.162535572868) (19,0,0.354164780669) (20,0,0.000000000000) (21,0,-0.668440514445) (22,0,0.948409094667) (23,0,0.000000000000) (24,0,0.717346097331) (25,0,-0.339154336998) (26,0,0.000000000000) 
ipopt_sol:
size: 13 1
(0,0,0.539992496392) (1,0,0.530925488784) (2,0,0.858447613721) (3,0,0.388074762811) (4,0,0.000000000000) (5,0,0.000000000000) (6,0,0.000000000000) (7,0,0.659711883159) (8,0,0.462364291682) (9,0,0.000000000000) (10,0,1.064977023570) (11,0,0.318774271182) (12,0,0.745697758322) 
policy_sol:
size: 13 1
(0,0,0.539992504024) (1,0,0.530925481431) (2,0,0.858447617632) (3,0,0.388074751653) (4,0,0.000000000000) (5,0,0.000000000000) (6,0,0.000000000000) (7,0,0.659711871166) (8,0,0.462364286762) (9,0,0.000000000000) (10,0,1.064977023272) (11,0,0.318774268737) (12,0,0.745697756107) 

policy_converges:
1
ipopt_converges:
0
