solve status: 0
N:
size: 27 10
(0,0,-0.999991352321) (1,0,-0.004158759766) (18,0,0.999991352321) (19,0,0.004158759766) (3,1,-0.001528419916) (4,1,-0.999998831966) (6,1,0.001528419916) (7,1,0.999998831966) (9,2,-0.999966581746) (10,2,-0.008175291499) (18,2,0.999966581746) (19,2,0.008175291499) (12,3,-0.707789074948) (13,3,0.706423828437) (18,3,0.707789074948) (19,3,-0.706423828437) (12,4,-0.999996159742) (13,4,-0.002771371679) (21,4,0.999996159742) (22,4,0.002771371679) (12,5,-0.705770095428) (13,5,-0.708440944892) (24,5,0.705770095428) (25,5,0.708440944892) (15,6,-0.999988739064) (16,6,0.004745708112) (24,6,0.999988739064) (25,6,-0.004745708112) (18,7,-0.002266747484) (19,7,-0.999997430925) (21,7,0.002266747484) (22,7,0.999997430925) (18,8,-0.002283352847) (19,8,-0.999997393146) (24,8,0.002283352847) (25,8,0.999997393146) (21,9,-0.002299879663) (22,9,-0.999997355273) (24,9,0.002299879663) (25,9,0.999997355273) 
Q:
size: 10 10
(0,0,2.000000000000) (2,0,0.999991933430) (3,0,0.704845107220) (7,0,-0.006425476964) (8,0,-0.006442082026) (1,1,2.000000000000) (0,2,0.999991933430) (2,2,2.000000000000) (3,2,0.701990201154) (7,2,-0.010441942230) (8,2,-0.010458546729) (0,3,0.704845107220) (2,3,0.701990201154) (3,3,2.000000000000) (4,3,0.705828593864) (5,3,-0.000923201543) (7,3,0.704817634476) (8,3,0.704805854695) (3,4,0.705828593864) (4,4,2.000000000000) (5,4,0.707730738260) (7,4,0.005038103339) (9,4,-0.005071235180) (3,5,-0.000923201543) (4,5,0.707730738260) (5,5,2.000000000000) (6,5,0.702400093857) (8,5,0.710050620247) (9,5,0.710062257548) (5,6,0.702400093857) (6,6,2.000000000000) (8,6,-0.002462368606) (9,6,-0.002445841797) (0,7,-0.006425476964) (2,7,-0.010441942230) (3,7,0.704817634476) (4,7,0.005038103339) (7,7,2.000000000000) (8,7,0.999999999862) (9,7,-0.999999999451) (0,8,-0.006442082026) (2,8,-0.010458546729) (3,8,0.704805854695) (5,8,0.710050620247) (6,8,-0.002462368606) (7,8,0.999999999862) (8,8,2.000000000000) (9,8,0.999999999863) (4,9,-0.005071235180) (5,9,0.710062257548) (6,9,-0.002445841797) (7,9,-0.999999999451) (8,9,0.999999999863) (9,9,2.000000000000) 
Minv:
size: 27 27
(0,0,1.000000000000) (1,1,1.000000000000) (2,2,2.000000000000) (3,3,1.000000000000) (4,4,1.000000000000) (5,5,2.000000000000) (6,6,1.000000000000) (7,7,1.000000000000) (8,8,2.000000000000) (9,9,1.000000000000) (10,10,1.000000000000) (11,11,2.000000000000) (12,12,1.000000000000) (13,13,1.000000000000) (14,14,2.000000000000) (15,15,1.000000000000) (16,16,1.000000000000) (17,17,2.000000000000) (18,18,1.000000000000) (19,19,1.000000000000) (20,20,2.000000000000) (21,21,1.000000000000) (22,22,1.000000000000) (23,23,2.000000000000) (24,24,1.000000000000) (25,25,1.000000000000) (26,26,2.000000000000) 
v0:
size: 27 1
(0,0,-0.195968463759) (1,0,0.498786473128) (2,0,0.000000000000) (3,0,-0.718772638807) (4,0,0.577862887161) (5,0,0.000000000000) (6,0,0.074035975450) (7,0,0.110470231493) (8,0,0.000000000000) (9,0,0.271016382008) (10,0,-0.651623392340) (11,0,0.000000000000) (12,0,0.978921573527) (13,0,-0.254115578592) (14,0,0.000000000000) (15,0,0.676611566591) (16,0,0.515162277063) (17,0,0.000000000000) (18,0,-0.364554951085) (19,0,0.350502119341) (20,0,0.000000000000) (21,0,0.884877603039) (22,0,-0.305971863378) (23,0,0.000000000000) (24,0,0.482533902999) (25,0,-0.642403762096) (26,0,0.000000000000) 
ipopt_sol:
size: 10 1
(0,0,0.000000000000) (1,0,0.466180365262) (2,0,0.229826007616) (3,0,1.139265719539) (4,0,0.000000000000) (5,0,0.479637548348) (6,0,0.020612290783) (7,0,0.449200575544) (8,0,0.000000000000) (9,0,0.391695588691) 
policy_sol:
size: 10 1
(0,0,0.000000000000) (1,0,0.466180365262) (2,0,0.229826005513) (3,0,1.139265711364) (4,0,0.000000000000) (5,0,0.479637542368) (6,0,0.020612292886) (7,0,0.449200574775) (8,0,0.000000000000) (9,0,0.391695587439) 

policy_converges:
1
ipopt_converges:
0
