solve status: 0
N:
size: 27 11
(0,0,0.007479776392) (1,0,-0.999972026081) (3,0,-0.007479776392) (4,0,0.999972026081) (0,1,-0.000200817916) (1,1,-0.999999979836) (6,1,0.000200817916) (7,1,0.999999979836) (3,2,-0.999985233954) (4,2,0.005434323726) (12,2,0.999985233954) (13,2,-0.005434323726) (3,3,-0.999999810143) (4,3,0.000616209779) (21,3,0.999999810143) (22,3,-0.000616209779) (6,4,-0.703218471735) (7,4,0.710973825827) (12,4,0.703218471735) (13,4,-0.710973825827) (9,5,-0.999997632715) (10,5,0.002175905279) (18,5,0.999997632715) (19,5,-0.002175905279) (12,6,-0.706335486394) (13,6,-0.707877235586) (24,6,0.706335486394) (25,6,0.707877235586) (15,7,-0.705183033246) (16,7,0.709025309578) (21,7,0.705183033246) (22,7,-0.709025309578) (15,8,-0.999989396790) (16,8,0.004605030627) (24,8,0.999989396790) (25,8,-0.004605030627) (18,9,-0.001511433185) (19,9,-0.999998857784) (24,9,0.001511433185) (25,9,0.999998857784) (21,10,-0.000860497595) (22,10,-0.999999629772) (24,10,0.000860497595) (25,10,0.999999629772) 
Q:
size: 11 11
(0,0,2.000000000000) (1,0,0.999970503845) (2,0,0.012913837651) (3,0,0.008095967513) (0,1,0.999970503845) (1,1,2.000000000000) (4,1,0.710832592623) (0,2,0.012913837651) (2,2,2.000000000000) (3,2,0.999988392783) (4,2,0.707071749908) (6,2,-0.702478222556) (0,3,0.008095967513) (2,3,0.999988392783) (3,3,2.000000000000) (7,3,0.705619807691) (10,3,-0.000244287880) (1,4,0.710832592623) (2,4,0.707071749908) (4,4,2.000000000000) (6,4,0.006574025126) (5,5,2.000000000000) (9,5,0.000664473186) (2,6,-0.702478222556) (4,6,0.006574025126) (6,6,2.000000000000) (8,6,0.703068200621) (9,6,0.708944005931) (10,6,0.708484773497) (3,7,0.705619807691) (7,7,2.000000000000) (8,7,0.708440639308) (10,7,0.708418238773) (6,8,0.703068200621) (7,8,0.708440639308) (8,8,2.000000000000) (9,8,-0.003093608208) (10,8,-0.003744540451) (5,9,0.000664473186) (6,9,0.708944005931) (8,9,-0.003093608208) (9,9,2.000000000000) (10,9,0.999999788141) (3,10,-0.000244287880) (6,10,0.708484773497) (7,10,0.708418238773) (8,10,-0.003744540451) (9,10,0.999999788141) (10,10,2.000000000000) 
Minv:
size: 27 27
(0,0,1.000000000000) (1,1,1.000000000000) (2,2,2.000000000000) (3,3,1.000000000000) (4,4,1.000000000000) (5,5,2.000000000000) (6,6,1.000000000000) (7,7,1.000000000000) (8,8,2.000000000000) (9,9,1.000000000000) (10,10,1.000000000000) (11,11,2.000000000000) (12,12,1.000000000000) (13,13,1.000000000000) (14,14,2.000000000000) (15,15,1.000000000000) (16,16,1.000000000000) (17,17,2.000000000000) (18,18,1.000000000000) (19,19,1.000000000000) (20,20,2.000000000000) (21,21,1.000000000000) (22,22,1.000000000000) (23,23,2.000000000000) (24,24,1.000000000000) (25,25,1.000000000000) (26,26,2.000000000000) 
v0:
size: 27 1
(0,0,-0.791190961770) (1,0,0.043915013180) (2,0,0.000000000000) (3,0,0.166006519247) (4,0,-0.876865226425) (5,0,0.000000000000) (6,0,-0.346532572703) (7,0,-0.675807147289) (8,0,0.000000000000) (9,0,0.643634195963) (10,0,-0.839071945820) (11,0,0.000000000000) (12,0,-0.585286479557) (13,0,0.650395322352) (14,0,0.000000000000) (15,0,0.384437716264) (16,0,0.777730475522) (17,0,0.000000000000) (18,0,-0.111074916060) (19,0,0.349348716048) (20,0,0.000000000000) (21,0,-0.282289386599) (22,0,0.839270402671) (23,0,0.000000000000) (24,0,-0.247065096103) (25,0,-0.168619705430) (26,0,0.000000000000) 
ipopt_sol:
size: 11 1
(0,0,0.925130743999) (1,0,0.000000000000) (2,0,0.220858796212) (3,0,0.335302377060) (4,0,1.032709896988) (5,0,0.757286856832) (6,0,0.000000000000) (7,0,0.000000000000) (8,0,0.629039107693) (9,0,0.019141094963) (10,0,0.999507572510) 
policy_sol:
size: 11 1
(0,0,0.925130738967) (1,0,0.000000000000) (2,0,0.220858806718) (3,0,0.335302368298) (4,0,1.032709889687) (5,0,0.757286856832) (6,0,0.000000000000) (7,0,0.000000000000) (8,0,0.629039100622) (9,0,0.019141094940) (10,0,0.999507565423) 

policy_converges:
1
ipopt_converges:
0
