solve status: 0
N:
size: 27 13
(0,0,0.000282862616) (1,0,-0.999999959994) (6,0,-0.000282862616) (7,0,0.999999959994) (0,1,-0.999970145641) (1,1,-0.007727083958) (9,1,0.999970145641) (10,1,0.007727083958) (0,2,-0.706262454369) (1,2,-0.707950101030) (12,2,0.706262454369) (13,2,0.707950101030) (3,3,0.000854273589) (4,3,-0.999999635108) (6,3,-0.000854273589) (7,3,0.999999635108) (3,4,-0.708282276954) (4,4,0.705929328015) (9,4,0.708282276954) (10,4,-0.705929328015) (3,5,-0.999997390203) (4,5,0.002284641701) (12,5,0.999997390203) (13,5,-0.002284641701) (3,6,-0.705653228458) (4,6,-0.708557352066) (15,6,0.705653228458) (16,6,0.708557352066) (3,7,-0.999999933309) (4,7,0.000365215148) (21,7,0.999999933309) (22,7,-0.000365215148) (6,8,-0.706341209873) (7,8,0.707871524527) (12,8,0.706341209873) (13,8,-0.707871524527) (12,9,0.001294774265) (13,9,-0.999999161779) (15,9,-0.001294774265) (16,9,0.999999161779) (12,10,-0.999998799723) (13,10,-0.001549371505) (21,10,0.999998799723) (22,10,0.001549371505) (15,11,-0.707209369589) (16,11,0.707004177899) (21,11,0.707209369589) (22,11,-0.707004177899) (15,12,-0.999988737791) (16,12,-0.004745976299) (24,12,0.999988737791) (25,12,0.004745976299) 
Q:
size: 13 13
(0,0,2.000000000000) (1,0,0.007444229478) (2,0,0.707750297463) (3,0,0.999999836745) (8,0,0.708071293730) (0,1,0.007444229478) (1,1,2.000000000000) (2,1,0.711711759225) (4,1,0.702806356455) (0,2,0.707750297463) (1,2,0.711711759225) (2,2,2.000000000000) (5,2,0.704643198844) (8,2,-0.002275440798) (9,2,-0.707035057161) (10,2,-0.707358484372) (0,3,0.999999836745) (3,3,2.000000000000) (4,3,-0.706534137270) (5,3,-0.003138912227) (6,3,0.707954272603) (7,3,-0.001219488547) (8,3,0.708474674870) (1,4,0.702806356455) (3,4,-0.706534137270) (4,4,2.000000000000) (5,4,0.709893224062) (6,4,-0.000389740012) (7,4,0.708540045802) (2,5,0.704643198844) (3,5,-0.003138912227) (4,5,0.709893224062) (5,5,2.000000000000) (6,5,0.704032587172) (7,5,0.999998157898) (8,5,0.707956599269) (9,5,0.003579410672) (10,5,-0.999992650170) (3,6,0.707954272603) (4,6,-0.000389740012) (5,6,0.704032587172) (6,6,2.000000000000) (7,6,0.705394405519) (9,6,0.707643096498) (11,6,0.001908433345) (12,6,-0.709008077644) (3,7,-0.001219488547) (4,7,0.708540045802) (5,7,0.999998157898) (6,7,0.705394405519) (7,7,2.000000000000) (10,7,0.999998167178) (11,7,0.707467531059) (0,8,0.708071293730) (2,8,-0.002275440798) (3,8,0.708474674870) (5,8,0.707956599269) (8,8,2.000000000000) (9,8,0.708785483595) (10,8,-0.705243606098) (2,9,-0.707035057161) (5,9,0.003579410672) (6,9,0.707643096498) (8,9,0.708785483595) (9,9,2.000000000000) (10,9,0.000254597495) (11,9,0.707919261765) (12,9,-0.003451212638) (2,10,-0.707358484372) (5,10,-0.999992650170) (7,10,0.999998167178) (8,10,-0.705243606098) (9,10,0.000254597495) (10,10,2.000000000000) (11,10,0.706113108614) (6,11,0.001908433345) (7,11,0.707467531059) (9,11,0.707919261765) (10,11,0.706113108614) (11,11,2.000000000000) (12,11,0.703845979777) (6,12,-0.709008077644) (9,12,-0.003451212638) (11,12,0.703845979777) (12,12,2.000000000000) 
Minv:
size: 27 27
(0,0,1.000000000000) (1,1,1.000000000000) (2,2,2.000000000000) (3,3,1.000000000000) (4,4,1.000000000000) (5,5,2.000000000000) (6,6,1.000000000000) (7,7,1.000000000000) (8,8,2.000000000000) (9,9,1.000000000000) (10,10,1.000000000000) (11,11,2.000000000000) (12,12,1.000000000000) (13,13,1.000000000000) (14,14,2.000000000000) (15,15,1.000000000000) (16,16,1.000000000000) (17,17,2.000000000000) (18,18,1.000000000000) (19,19,1.000000000000) (20,20,2.000000000000) (21,21,1.000000000000) (22,22,1.000000000000) (23,23,2.000000000000) (24,24,1.000000000000) (25,25,1.000000000000) (26,26,2.000000000000) 
v0:
size: 27 1
(0,0,0.098410565179) (1,0,0.764003945131) (2,0,0.000000000000) (3,0,0.411282509358) (4,0,0.788935349452) (5,0,0.000000000000) (6,0,-0.093436899424) (7,0,-0.924326028686) (8,0,0.000000000000) (9,0,-0.965469433265) (10,0,-0.227474426793) (11,0,0.000000000000) (12,0,0.326465904242) (13,0,0.436734397805) (14,0,0.000000000000) (15,0,0.758926873065) (16,0,0.336540461236) (17,0,0.000000000000) (18,0,0.994964359491) (19,0,-0.468969111351) (20,0,0.000000000000) (21,0,-0.835556973384) (22,0,0.246213588502) (23,0,0.000000000000) (24,0,0.139077750575) (25,0,0.735403947872) (26,0,0.000000000000) 
ipopt_sol:
size: 13 1
(0,0,1.068942717507) (1,0,1.061478089036) (2,0,0.000000000000) (3,0,1.140460669880) (4,0,0.017224262799) (5,0,0.761443230003) (6,0,0.000000000000) (7,0,0.000000000000) (8,0,0.127534447855) (9,0,0.000000000000) (10,0,1.453810095159) (11,0,0.380100068206) (12,0,0.484183188944) 
policy_sol:
size: 13 1
(0,0,1.068942713738) (1,0,1.061478083957) (2,0,0.000000000000) (3,0,1.140460669112) (4,0,0.017224267166) (5,0,0.761443212055) (6,0,0.000000000000) (7,0,0.000000000000) (8,0,0.127534449642) (9,0,0.000000000000) (10,0,1.453810087675) (11,0,0.380100061735) (12,0,0.484183194783) 

policy_converges:
1
ipopt_converges:
0
