solve status: 0
N:
size: 27 12
(3,0,0.000519072061) (4,0,-0.999999865282) (6,0,-0.000519072061) (7,0,0.999999865282) (3,1,-0.707030551938) (4,1,-0.707183002218) (15,1,0.707030551938) (16,1,0.707183002218) (3,2,-0.999988679905) (4,2,0.004758157308) (21,2,0.999988679905) (22,2,-0.004758157308) (6,3,-0.999999825375) (7,3,-0.000590973874) (15,3,0.999999825375) (16,3,0.000590973874) (9,4,-0.709786066399) (10,4,-0.704417305257) (21,4,0.709786066399) (22,4,0.704417305257) (12,5,-0.004215490610) (13,5,-0.999991114780) (15,5,0.004215490610) (16,5,0.999991114780) (12,6,-0.709583437649) (13,6,0.704621419639) (18,6,0.709583437649) (19,6,-0.704621419639) (12,7,-0.999972675655) (13,7,0.007392424758) (21,7,0.999972675655) (22,7,-0.007392424758) (12,8,-0.709494214950) (13,8,-0.704711259277) (24,8,0.709494214950) (25,8,0.704711259277) (18,9,0.006366827532) (19,9,-0.999979731548) (21,9,-0.006366827532) (22,9,0.999979731548) (18,10,0.002060261776) (19,10,-0.999997877658) (24,10,-0.002060261776) (25,10,0.999997877658) (21,11,-0.002199366959) (22,11,-0.999997581390) (24,11,0.002199366959) (25,11,0.999997581390) 
Q:
size: 12 12
(0,0,2.000000000000) (1,0,0.706815907141) (2,0,-0.005277222853) (3,0,-0.000071901824) (0,1,0.706815907141) (1,1,2.000000000000) (2,1,0.703657660316) (3,1,0.707448355152) (5,1,0.710157199394) (0,2,-0.005277222853) (1,2,0.703657660316) (2,2,2.000000000000) (4,2,0.706426303205) (7,2,0.999996530189) (9,2,-0.011124816327) (11,2,0.002558803738) (0,3,-0.000071901824) (1,3,0.707448355152) (3,3,2.000000000000) (5,3,0.004806458497) (2,4,0.706426303205) (4,4,2.000000000000) (7,4,0.704559320032) (9,4,0.699883942339) (11,4,-0.705976681569) (1,5,0.710157199394) (3,5,0.004806458497) (5,5,2.000000000000) (6,5,-0.701623916605) (7,5,-0.003176983651) (8,5,0.707695863964) (5,6,-0.701623916605) (6,6,2.000000000000) (7,6,0.714772909574) (8,6,0.006890696088) (9,6,0.709124933421) (10,6,0.706081851826) (2,7,0.999996530189) (4,7,0.704559320032) (5,7,-0.003176983651) (6,7,0.714772909574) (7,7,2.000000000000) (8,7,0.704265303525) (9,7,-0.013758928488) (11,7,0.005193100016) (5,8,0.707695863964) (6,8,0.006890696088) (7,8,0.704265303525) (8,8,2.000000000000) (10,8,0.703248019828) (11,8,0.706269992990) (2,9,-0.011124816327) (4,9,0.699883942339) (6,9,0.709124933421) (7,9,-0.013758928488) (9,9,2.000000000000) (10,9,0.999990726581) (11,9,-0.999963309997) (6,10,0.706081851826) (8,10,0.703248019828) (9,10,0.999990726581) (10,10,2.000000000000) (11,10,0.999990927781) (2,11,0.002558803738) (4,11,-0.705976681569) (7,11,0.005193100016) (8,11,0.706269992990) (9,11,-0.999963309997) (10,11,0.999990927781) (11,11,2.000000000000) 
Minv:
size: 27 27
(0,0,1.000000000000) (1,1,1.000000000000) (2,2,2.000000000000) (3,3,1.000000000000) (4,4,1.000000000000) (5,5,2.000000000000) (6,6,1.000000000000) (7,7,1.000000000000) (8,8,2.000000000000) (9,9,1.000000000000) (10,10,1.000000000000) (11,11,2.000000000000) (12,12,1.000000000000) (13,13,1.000000000000) (14,14,2.000000000000) (15,15,1.000000000000) (16,16,1.000000000000) (17,17,2.000000000000) (18,18,1.000000000000) (19,19,1.000000000000) (20,20,2.000000000000) (21,21,1.000000000000) (22,22,1.000000000000) (23,23,2.000000000000) (24,24,1.000000000000) (25,25,1.000000000000) (26,26,2.000000000000) 
v0:
size: 27 1
(0,0,0.116902915441) (1,0,-0.860876425190) (2,0,0.000000000000) (3,0,0.502079730476) (4,0,-0.315320525309) (5,0,0.000000000000) (6,0,0.173696907348) (7,0,-0.606575610115) (8,0,0.000000000000) (9,0,0.815631095548) (10,0,-0.360413675556) (11,0,0.000000000000) (12,0,0.743421173763) (13,0,-0.060450865818) (14,0,0.000000000000) (15,0,-0.796853506491) (16,0,-0.399296424812) (17,0,0.000000000000) (18,0,0.983747472858) (19,0,0.928595720300) (20,0,0.000000000000) (21,0,-0.202043873305) (22,0,-0.046570286687) (23,0,0.000000000000) (24,0,0.231406430374) (25,0,-0.355783291923) (26,0,0.000000000000) 
ipopt_sol:
size: 12 1
(0,0,0.059321228993) (1,0,0.655870637588) (2,0,0.000000000000) (3,0,0.738162999408) (4,0,0.016584749559) (5,0,0.112173709784) (6,0,0.000000000000) (7,0,0.942875807470) (8,0,0.000000000000) (9,0,0.435826772950) (10,0,1.064914913202) (11,0,0.000000000000) 
policy_sol:
size: 12 1
(0,0,0.059321230831) (1,0,0.655870632452) (2,0,0.000000000000) (3,0,0.738163001221) (4,0,0.016584750848) (5,0,0.112173711553) (6,0,0.000000000000) (7,0,0.942875795390) (8,0,0.000000000000) (9,0,0.435826782254) (10,0,1.064914896515) (11,0,0.000000000000) 

policy_converges:
1
ipopt_converges:
0
