solve status: 0
N:
size: 27 11
(0,0,0.000063530624) (1,0,-0.999999997982) (6,0,-0.000063530624) (7,0,0.999999997982) (3,1,-0.001821255013) (4,1,-0.999998341514) (6,1,0.001821255013) (7,1,0.999998341514) (3,2,-0.999996716146) (4,2,0.002562751742) (12,2,0.999996716146) (13,2,-0.002562751742) (6,3,-0.705343908319) (7,3,0.708865269989) (12,3,0.705343908319) (13,3,-0.708865269989) (6,4,-0.999972234757) (7,4,-0.007451826351) (15,4,0.999972234757) (16,4,0.007451826351) (6,5,-0.999997843293) (7,5,-0.002076875074) (24,5,0.999997843293) (25,5,0.002076875074) (9,6,-0.999975828983) (10,6,-0.006952801615) (18,6,0.999975828983) (19,6,0.006952801615) (15,7,-0.999994754318) (16,7,0.003239033328) (24,7,0.999994754318) (25,7,-0.003239033328) (18,8,-0.005484814881) (19,8,-0.999984958290) (21,8,0.005484814881) (22,8,0.999984958290) (18,9,-0.002878210541) (19,9,-0.999995857943) (24,9,0.002878210541) (25,9,0.999995857943) (21,10,-0.000263234369) (22,10,-0.999999965354) (24,10,0.000263234369) (25,10,0.999999965354) 
Q:
size: 11 11
(0,0,2.000000000000) (1,0,0.999998223790) (3,0,0.708910079497) (4,0,-0.007388297475) (5,0,-0.002013344583) (0,1,0.999998223790) (1,1,2.000000000000) (2,1,-0.000741498459) (3,1,0.707579483217) (4,1,-0.009273018437) (5,1,-0.003898122715) (1,2,-0.000741498459) (2,2,2.000000000000) (3,2,0.707158237778) (0,3,0.708910079497) (1,3,0.707579483217) (2,3,0.707158237778) (3,3,2.000000000000) (4,3,0.700041983376) (5,3,0.703870162488) (0,4,-0.007388297475) (1,4,-0.009273018437) (3,4,0.700041983376) (4,4,2.000000000000) (5,4,0.999985554621) (7,4,-0.999942852506) (0,5,-0.002013344583) (1,5,-0.003898122715) (3,5,0.703870162488) (4,5,0.999985554621) (5,5,2.000000000000) (7,5,0.999985870554) (9,5,0.004955070805) (10,5,0.002340108803) (6,6,2.000000000000) (8,6,-0.012437379340) (9,6,-0.009830913788) (4,7,-0.999942852506) (5,7,0.999985870554) (7,7,2.000000000000) (9,7,-0.000360824469) (10,7,-0.002975800228) (6,8,-0.012437379340) (8,8,2.000000000000) (9,8,0.999996602748) (10,8,-0.999986367436) (5,9,0.004955070805) (6,9,-0.009830913788) (7,9,-0.000360824469) (8,9,0.999996602748) (9,9,2.000000000000) (10,9,0.999996580941) (5,10,0.002340108803) (7,10,-0.002975800228) (8,10,-0.999986367436) (9,10,0.999996580941) (10,10,2.000000000000) 
Minv:
size: 27 27
(0,0,1.000000000000) (1,1,1.000000000000) (2,2,2.000000000000) (3,3,1.000000000000) (4,4,1.000000000000) (5,5,2.000000000000) (6,6,1.000000000000) (7,7,1.000000000000) (8,8,2.000000000000) (9,9,1.000000000000) (10,10,1.000000000000) (11,11,2.000000000000) (12,12,1.000000000000) (13,13,1.000000000000) (14,14,2.000000000000) (15,15,1.000000000000) (16,16,1.000000000000) (17,17,2.000000000000) (18,18,1.000000000000) (19,19,1.000000000000) (20,20,2.000000000000) (21,21,1.000000000000) (22,22,1.000000000000) (23,23,2.000000000000) (24,24,1.000000000000) (25,25,1.000000000000) (26,26,2.000000000000) 
v0:
size: 27 1
(0,0,-0.810516494942) (1,0,-0.398170686864) (2,0,0.000000000000) (3,0,-0.164598987521) (4,0,0.485290863464) (5,0,0.000000000000) (6,0,0.641408517870) (7,0,-0.629841163664) (8,0,0.000000000000) (9,0,-0.228257508639) (10,0,-0.454193685824) (11,0,0.000000000000) (12,0,-0.658405824930) (13,0,0.140704707970) (14,0,0.000000000000) (15,0,0.463767203429) (16,0,0.591027076153) (17,0,0.000000000000) (18,0,-0.294743384010) (19,0,0.195599182599) (20,0,0.000000000000) (21,0,0.333091735933) (22,0,0.107991237100) (23,0,0.000000000000) (24,0,0.407690212278) (25,0,-0.538466678307) (26,0,0.000000000000) 
ipopt_sol:
size: 11 1
(0,0,0.000000000000) (1,0,0.691565024333) (2,0,0.071306178603) (3,0,1.193148359473) (4,0,0.000000000000) (5,0,0.000000000000) (6,0,0.064647670703) (7,0,0.053072784905) (8,0,0.000000000000) (9,0,0.545479980064) (10,0,0.373778160646) 
policy_sol:
size: 11 1
(0,0,0.000000000000) (1,0,0.691565023561) (2,0,0.071306182761) (3,0,1.193148347712) (4,0,0.000000000000) (5,0,0.000000000000) (6,0,0.064647670715) (7,0,0.053072784916) (8,0,0.000000000000) (9,0,0.545479970085) (10,0,0.373778170601) 

policy_converges:
1
ipopt_converges:
0
