solve status: 0
N:
size: 27 12
(0,0,-0.001478403230) (1,0,-0.999998907161) (3,0,0.001478403230) (4,0,0.999998907161) (0,1,-0.000396417067) (1,1,-0.999999921427) (6,1,0.000396417067) (7,1,0.999999921427) (0,2,-0.710189283483) (1,2,-0.704010782323) (12,2,0.710189283483) (13,2,0.704010782323) (3,3,-0.999987762126) (4,3,0.004947281851) (12,3,0.999987762126) (13,3,-0.004947281851) (3,4,-0.707472683266) (4,4,-0.706740689668) (15,4,0.707472683266) (16,4,0.706740689668) (3,5,-0.999999987494) (4,5,0.000158154636) (21,5,0.999999987494) (22,5,-0.000158154636) (6,6,-0.999999629380) (7,6,-0.000860952758) (15,6,0.999999629380) (16,6,0.000860952758) (9,7,-0.000819574015) (10,7,-0.999999664149) (12,7,0.000819574015) (13,7,0.999999664149) (12,8,-0.709023546925) (13,8,0.705184805498) (18,8,0.709023546925) (19,8,-0.705184805498) (12,9,-0.999989298162) (13,9,-0.004626398309) (21,9,0.999989298162) (22,9,0.004626398309) (12,10,-0.705666231337) (13,10,-0.708544402243) (24,10,0.705666231337) (25,10,0.708544402243) (18,11,0.005057391761) (19,11,-0.999987211313) (21,11,-0.005057391761) (22,11,0.999987211313) 
Q:
size: 12 12
(0,0,2.000000000000) (1,0,0.999999414652) (2,0,0.705059959083) (3,0,0.003468891307) (4,0,-0.707785847214) (5,0,-0.001320248748) (0,1,0.999999414652) (1,1,2.000000000000) (2,1,0.704292258159) (6,1,-0.001257369610) (0,2,0.705059959083) (1,2,0.704292258159) (2,2,2.000000000000) (3,2,0.706697652510) (7,2,0.704592598563) (8,2,-0.007083218163) (9,2,-0.713438717444) (10,2,-0.999979494145) (0,3,0.003468891307) (2,3,0.706697652510) (3,3,2.000000000000) (4,3,0.703967579917) (5,3,0.999988532056) (7,3,-0.004127716204) (8,3,-0.712503617975) (9,3,-0.999954172323) (10,3,-0.702152226621) (0,4,-0.707785847214) (3,4,0.703967579917) (4,4,2.000000000000) (5,4,0.707360900102) (6,4,0.708080891408) (0,5,-0.001320248748) (3,5,0.999988532056) (4,5,0.707360900102) (5,5,2.000000000000) (9,5,0.999988553969) (11,5,-0.005215544311) (1,6,-0.001257369610) (4,6,0.708080891408) (6,6,2.000000000000) (2,7,0.704592598563) (3,7,-0.004127716204) (7,7,2.000000000000) (8,7,0.704603471386) (9,7,-0.005445961999) (10,7,-0.709122509985) (2,8,-0.007083218163) (3,8,-0.712503617975) (7,8,0.704603471386) (8,8,2.000000000000) (9,8,0.705753493279) (10,8,0.000679227806) (11,8,0.708761596954) (2,9,-0.713438717444) (3,9,-0.999954172323) (5,9,0.999988553969) (7,9,-0.005445961999) (8,9,0.705753493279) (9,9,2.000000000000) (10,9,0.708936688036) (11,9,-0.000430998495) (2,10,-0.999979494145) (3,10,-0.702152226621) (7,10,-0.709122509985) (8,10,0.000679227806) (9,10,0.708936688036) (10,10,2.000000000000) (5,11,-0.005215544311) (8,11,0.708761596954) (9,11,-0.000430998495) (11,11,2.000000000000) 
Minv:
size: 27 27
(0,0,1.000000000000) (1,1,1.000000000000) (2,2,2.000000000000) (3,3,1.000000000000) (4,4,1.000000000000) (5,5,2.000000000000) (6,6,1.000000000000) (7,7,1.000000000000) (8,8,2.000000000000) (9,9,1.000000000000) (10,10,1.000000000000) (11,11,2.000000000000) (12,12,1.000000000000) (13,13,1.000000000000) (14,14,2.000000000000) (15,15,1.000000000000) (16,16,1.000000000000) (17,17,2.000000000000) (18,18,1.000000000000) (19,19,1.000000000000) (20,20,2.000000000000) (21,21,1.000000000000) (22,22,1.000000000000) (23,23,2.000000000000) (24,24,1.000000000000) (25,25,1.000000000000) (26,26,2.000000000000) 
v0:
size: 27 1
(0,0,-0.363649944943) (1,0,0.868471297713) (2,0,0.000000000000) (3,0,0.816043972741) (4,0,0.362297425610) (5,0,0.000000000000) (6,0,-0.403765858801) (7,0,0.814232294110) (8,0,0.000000000000) (9,0,0.233147134103) (10,0,-0.567511107476) (11,0,0.000000000000) (12,0,0.797683328915) (13,0,-0.925130392194) (14,0,0.000000000000) (15,0,-0.771655143291) (16,0,-0.794831718678) (17,0,0.000000000000) (18,0,0.884729997587) (19,0,0.228892466322) (20,0,0.000000000000) (21,0,0.461398198122) (22,0,-0.510983820294) (23,0,0.000000000000) (24,0,-0.551124404599) (25,0,0.369485731868) (26,0,0.000000000000) 
ipopt_sol:
size: 12 1
(0,0,1.361917873893) (1,0,0.000000000000) (2,0,0.000000000000) (3,0,0.000000000000) (4,0,2.423017112009) (5,0,0.000000000000) (6,0,0.000000000000) (7,0,0.239045091263) (8,0,0.393689832314) (9,0,0.176119997976) (10,0,0.056708514828) (11,0,0.598247706387) 
policy_sol:
size: 12 1
(0,0,1.361917859849) (1,0,0.000000000000) (2,0,0.000000000000) (3,0,0.000000000000) (4,0,2.423017096442) (5,0,0.000000000000) (6,0,0.000000000000) (7,0,0.239045088593) (8,0,0.393689838014) (9,0,0.176119996681) (10,0,0.056708522847) (11,0,0.598247704393) 

policy_converges:
1
ipopt_converges:
0
