solve status: 0
N:
size: 27 16
(0,0,-0.005227754315) (1,0,-0.999986335199) (3,0,0.005227754315) (4,0,0.999986335199) (0,1,-0.999973809446) (1,1,-0.007237432013) (9,1,0.999973809446) (10,1,0.007237432013) (0,2,-0.707454219299) (1,2,-0.706759172276) (12,2,0.707454219299) (13,2,0.706759172276) (0,3,-0.999996116618) (1,3,-0.002786888705) (18,3,0.999996116618) (19,3,0.002786888705) (3,4,-0.707209037991) (4,4,0.707004509592) (9,4,0.707209037991) (10,4,-0.707004509592) (3,5,-0.999972767817) (4,5,0.007379947467) (12,5,0.999972767817) (13,5,-0.007379947467) (3,6,-0.704609894799) (4,6,-0.709594881712) (15,6,0.704609894799) (16,6,0.709594881712) (3,7,-0.999999682264) (4,7,0.000797164642) (21,7,0.999999682264) (22,7,-0.000797164642) (6,8,-0.702886511917) (7,8,0.711302011361) (12,8,0.702886511917) (13,8,-0.711302011361) (9,9,0.004676310258) (10,9,-0.999989066001) (12,9,-0.004676310258) (13,9,0.999989066001) (9,10,0.002652227403) (10,10,-0.999996482839) (15,10,-0.002652227403) (16,10,0.999996482839) (12,11,0.000661630821) (13,11,-0.999999781122) (15,11,-0.000661630821) (16,11,0.999999781122) (12,12,-0.705231415882) (13,12,-0.708977185848) (24,12,0.705231415882) (25,12,0.708977185848) (15,13,-0.707915222896) (16,13,0.706297414120) (21,13,0.707915222896) (22,13,-0.706297414120) (15,14,-0.999998258679) (16,14,0.001866183091) (24,14,0.999998258679) (25,14,-0.001866183091) (21,15,0.003067086368) (22,15,-0.999995296480) (24,15,-0.003067086368) (25,15,0.999995296480) 
Q:
size: 16 16
(0,0,2.000000000000) (1,0,0.012464950512) (2,0,0.710447911400) (3,0,0.008014584636) (4,0,0.703297733416) (5,0,0.002152234670) (6,0,-0.713268712657) (7,0,-0.004430598905) (0,1,0.012464950512) (1,1,2.000000000000) (2,1,0.712550812140) (3,1,0.999990096083) (4,1,0.702073618724) (9,1,-0.002561165096) (10,1,-0.004585248618) (0,2,0.710447911400) (1,2,0.712550812140) (2,2,2.000000000000) (3,2,0.709421131139) (5,2,0.702219108213) (8,2,-0.005459192243) (9,2,0.703443169149) (11,2,-0.706290944066) (12,2,-0.999995069780) (0,3,0.008014584636) (1,3,0.999990096083) (2,3,0.709421131139) (3,3,2.000000000000) (0,4,0.703297733416) (1,4,0.702073618724) (4,4,2.000000000000) (5,4,0.712407435285) (6,4,-0.003380295494) (7,4,0.707772412283) (9,4,0.710303908085) (10,4,0.708877702133) (0,5,0.002152234670) (2,5,0.702219108213) (4,5,0.712407435285) (5,5,2.000000000000) (6,5,0.699353933783) (7,5,0.999978333123) (8,5,0.708116742260) (9,5,-0.012056049687) (11,5,0.008041558656) (12,5,-0.699979996504) (0,6,-0.713268712657) (4,6,-0.003380295494) (5,6,0.699353933783) (6,6,2.000000000000) (7,6,0.704044006969) (10,6,0.707723600281) (11,6,0.709128534774) (13,6,0.002380959294) (14,6,-0.703284433877) (0,7,-0.004430598905) (4,7,0.707772412283) (5,7,0.999978333123) (6,7,0.704044006969) (7,7,2.000000000000) (13,7,0.708478033291) (15,7,0.003864246286) (2,8,-0.005459192243) (5,8,0.708116742260) (8,8,2.000000000000) (9,8,-0.714581149391) (11,8,0.711766907053) (12,8,0.008599248299) (1,9,-0.002561165096) (2,9,0.703443169149) (4,9,0.710303908085) (5,9,-0.012056049687) (8,9,-0.714581149391) (9,9,2.000000000000) (10,9,0.999997951517) (11,9,-0.999991941117) (12,9,-0.705671552988) (1,10,-0.004585248618) (4,10,0.708877702133) (6,10,0.707723600281) (9,10,0.999997951517) (10,10,2.000000000000) (11,10,0.999998018757) (13,10,0.708172482110) (14,10,0.004518399312) (2,11,-0.706290944066) (5,11,0.008041558656) (6,11,0.709128534774) (8,11,0.711766907053) (9,11,-0.999991941117) (10,11,0.999998018757) (11,11,2.000000000000) (12,11,0.708510427828) (13,11,0.706765638057) (14,11,0.002527812352) (2,12,-0.999995069780) (5,12,-0.699979996504) (8,12,0.008599248299) (9,12,-0.705671552988) (11,12,0.708510427828) (12,12,2.000000000000) (14,12,0.703907106612) (15,12,0.706810845497) (6,13,0.002380959294) (7,13,0.708478033291) (10,13,0.708172482110) (11,13,0.706765638057) (13,13,2.000000000000) (14,13,0.709232070480) (15,13,0.708465329165) (6,14,-0.703284433877) (10,14,0.004518399312) (11,14,0.002527812352) (12,14,0.703907106612) (13,14,0.709232070480) (14,14,2.000000000000) (15,14,-0.004933255341) (7,15,0.003864246286) (12,15,0.706810845497) (13,15,0.708465329165) (14,15,-0.004933255341) (15,15,2.000000000000) 
Minv:
size: 27 27
(0,0,1.000000000000) (1,1,1.000000000000) (2,2,2.000000000000) (3,3,1.000000000000) (4,4,1.000000000000) (5,5,2.000000000000) (6,6,1.000000000000) (7,7,1.000000000000) (8,8,2.000000000000) (9,9,1.000000000000) (10,10,1.000000000000) (11,11,2.000000000000) (12,12,1.000000000000) (13,13,1.000000000000) (14,14,2.000000000000) (15,15,1.000000000000) (16,16,1.000000000000) (17,17,2.000000000000) (18,18,1.000000000000) (19,19,1.000000000000) (20,20,2.000000000000) (21,21,1.000000000000) (22,22,1.000000000000) (23,23,2.000000000000) (24,24,1.000000000000) (25,25,1.000000000000) (26,26,2.000000000000) 
v0:
size: 27 1
(0,0,0.908662814074) (1,0,0.174282745947) (2,0,0.000000000000) (3,0,0.979939199957) (4,0,-0.375506450659) (5,0,0.000000000000) (6,0,0.509103906758) (7,0,0.251733355981) (8,0,0.000000000000) (9,0,-0.719122046963) (10,0,0.409570522773) (11,0,0.000000000000) (12,0,0.339933218205) (13,0,0.408609882047) (14,0,0.000000000000) (15,0,0.715327461613) (16,0,-0.147611162762) (17,0,0.000000000000) (18,0,0.528561623846) (19,0,-0.019187200790) (20,0,0.000000000000) (21,0,0.936173484433) (22,0,0.898333034945) (23,0,0.000000000000) (24,0,0.608730304242) (25,0,0.136817457292) (26,0,0.000000000000) 
ipopt_sol:
size: 16 1
(0,0,0.111413374307) (1,0,1.195774419927) (2,0,0.000000000000) (3,0,0.000000000000) (4,0,1.223719408355) (5,0,0.207706447787) (6,0,0.000000000000) (7,0,0.000000000000) (8,0,0.000000000000) (9,0,0.000000000000) (10,0,0.000000000000) (11,0,0.511233742153) (12,0,0.000000000000) (13,0,0.125415872278) (14,0,0.063773830767) (15,0,0.716238610566) 
policy_sol:
size: 16 1
(0,0,0.111413376250) (1,0,1.195774413279) (2,0,0.000000000000) (3,0,0.000000000000) (4,0,1.223719402967) (5,0,0.207706437741) (6,0,0.000000000000) (7,0,0.000000000000) (8,0,0.000000000000) (9,0,0.000000000000) (10,0,0.000000000000) (11,0,0.511233736964) (12,0,0.000000000000) (13,0,0.125415866941) (14,0,0.063773832636) (15,0,0.716238608908) 

policy_converges:
1
ipopt_converges:
0
