solve status: 0
N:
size: 27 10
(0,0,-0.999999524001) (1,0,0.000975703690) (9,0,0.999999524001) (10,0,-0.000975703690) (3,1,0.002552754721) (4,1,-0.999996741716) (6,1,-0.002552754721) (7,1,0.999996741716) (12,2,-0.708185021105) (13,2,0.706026894588) (18,2,0.708185021105) (19,2,-0.706026894588) (12,3,-0.999997653152) (13,3,-0.002166492463) (21,3,0.999997653152) (22,3,0.002166492463) (12,4,-0.704246094804) (13,4,-0.709955940854) (24,4,0.704246094804) (25,4,0.709955940854) (15,5,-0.708608109003) (16,5,0.705602258964) (21,5,0.708608109003) (22,5,-0.705602258964) (15,6,-0.999974080405) (16,6,-0.007199897050) (24,6,0.999974080405) (25,6,0.007199897050) (18,7,-0.004973829761) (19,7,-0.999987630432) (21,7,0.004973829761) (22,7,0.999987630432) (18,8,0.001373288679) (19,8,-0.999999057039) (24,8,-0.001373288679) (25,8,0.999999057039) (21,9,0.007694753659) (22,9,-0.999970394945) (24,9,-0.007694753659) (25,9,0.999970394945) 
Q:
size: 10 10
(0,0,2.000000000000) (1,1,2.000000000000) (2,2,2.000000000000) (3,2,0.706653757157) (4,2,-0.002511452704) (7,2,0.702495769607) (8,2,0.706998771304) (2,3,0.706653757157) (3,3,2.000000000000) (4,3,0.705782556240) (5,3,0.707077764032) (7,3,0.007140283752) (9,3,0.005528307277) (2,4,-0.002511452704) (3,4,0.705782556240) (4,4,2.000000000000) (6,4,0.709339450714) (8,4,0.708988138204) (9,4,0.704515922354) (3,5,0.707077764032) (5,5,2.000000000000) (6,5,0.703509478546) (7,5,-0.702069034867) (9,5,0.711033934409) (4,6,0.709339450714) (5,6,0.703509478546) (6,6,2.000000000000) (8,6,0.005826637177) (9,6,-0.000494870318) (2,7,0.702495769607) (3,7,0.007140283752) (5,7,-0.702069034867) (7,7,2.000000000000) (8,7,0.999979856978) (9,7,-0.999919753349) (2,8,0.706998771304) (4,8,0.708988138204) (6,8,0.005826637177) (7,8,0.999979856978) (8,8,2.000000000000) (9,8,0.999980019129) (3,9,0.005528307277) (4,9,0.704515922354) (5,9,0.711033934409) (6,9,-0.000494870318) (7,9,-0.999919753349) (8,9,0.999980019129) (9,9,2.000000000000) 
Minv:
size: 27 27
(0,0,1.000000000000) (1,1,1.000000000000) (2,2,2.000000000000) (3,3,1.000000000000) (4,4,1.000000000000) (5,5,2.000000000000) (6,6,1.000000000000) (7,7,1.000000000000) (8,8,2.000000000000) (9,9,1.000000000000) (10,10,1.000000000000) (11,11,2.000000000000) (12,12,1.000000000000) (13,13,1.000000000000) (14,14,2.000000000000) (15,15,1.000000000000) (16,16,1.000000000000) (17,17,2.000000000000) (18,18,1.000000000000) (19,19,1.000000000000) (20,20,2.000000000000) (21,21,1.000000000000) (22,22,1.000000000000) (23,23,2.000000000000) (24,24,1.000000000000) (25,25,1.000000000000) (26,26,2.000000000000) 
v0:
size: 27 1
(0,0,0.147515113815) (1,0,0.059970806025) (2,0,0.000000000000) (3,0,-0.944841393195) (4,0,0.604550581486) (5,0,0.000000000000) (6,0,-0.639894434369) (7,0,0.478560062078) (8,0,0.000000000000) (9,0,-0.998384307080) (10,0,-0.929114617479) (11,0,0.000000000000) (12,0,0.555631239689) (13,0,-0.284048111308) (14,0,0.000000000000) (15,0,0.946577413179) (16,0,0.825509284866) (17,0,0.000000000000) (18,0,0.968882514860) (19,0,0.962484065434) (20,0,0.000000000000) (21,0,-0.967089562453) (22,0,0.420412256831) (23,0,0.000000000000) (24,0,-0.554671528601) (25,0,0.048904791934) (26,0,0.000000000000) 
ipopt_sol:
size: 10 1
(0,0,1.144933821151) (1,0,0.126768563685) (2,0,0.000000000000) (3,0,1.490180242277) (4,0,0.000000000000) (5,0,0.071115895208) (6,0,1.481994409775) (7,0,0.992135905150) (8,0,0.000000000000) (9,0,0.841662777874) 
policy_sol:
size: 10 1
(0,0,1.144933821151) (1,0,0.126768563684) (2,0,0.000000000000) (3,0,1.490180233025) (4,0,0.000000000000) (5,0,0.071115901702) (6,0,1.481994403911) (7,0,0.992135889687) (8,0,0.000000000000) (9,0,0.841662759339) 

policy_converges:
1
ipopt_converges:
0
