solve status: 0
N:
size: 27 11
(0,0,-0.000565996949) (1,0,-0.999999839824) (3,0,0.000565996949) (4,0,0.999999839824) (0,1,-0.001457585911) (1,1,-0.999998937721) (6,1,0.001457585911) (7,1,0.999998937721) (0,2,-0.999988688372) (1,2,0.004756377702) (9,2,0.999988688372) (10,2,-0.004756377702) (0,3,-0.708981437284) (1,3,-0.705227141839) (12,3,0.708981437284) (13,3,0.705227141839) (3,4,-0.707971542366) (4,4,0.706240961145) (9,4,0.707971542366) (10,4,-0.706240961145) (3,5,-0.999985043960) (4,5,-0.005469173240) (12,5,0.999985043960) (13,5,0.005469173240) (3,6,-0.999990789626) (4,6,-0.004291929966) (21,6,0.999990789626) (22,6,0.004291929966) (6,7,-0.707129658861) (7,7,0.707083902772) (12,7,0.707129658861) (13,7,-0.707083902772) (9,8,-0.704160328825) (10,8,-0.710041006780) (21,8,0.704160328825) (22,8,0.710041006780) (12,9,0.005526168627) (13,9,-0.999984730614) (15,9,-0.005526168627) (16,9,0.999984730614) (18,10,0.007367969972) (19,10,-0.999972856141) (21,10,-0.007367969972) (22,10,0.999972856141) 
Q:
size: 11 11
(0,0,2.000000000000) (1,0,0.999999602534) (2,0,-0.004190386393) (3,0,0.705628310209) (4,0,0.705840138289) (5,0,-0.006035160848) (6,0,-0.004857921014) (0,1,0.999999602534) (1,1,2.000000000000) (2,1,-0.003298803226) (3,1,0.706259794045) (7,1,0.706052449424) (0,2,-0.004190386393) (1,2,-0.003298803226) (2,2,2.000000000000) (3,2,0.705619090897) (4,2,0.711322682815) (8,2,-0.700775140413) (0,3,0.705628310209) (1,3,0.706259794045) (2,3,0.705619090897) (3,3,2.000000000000) (5,3,0.712827843142) (7,3,0.002687042093) (9,3,-0.701298422478) (0,4,0.705840138289) (2,4,0.711322682815) (4,4,2.000000000000) (5,4,0.704098399750) (6,4,0.704933884940) (8,4,0.002934569009) (0,5,-0.006035160848) (3,5,0.712827843142) (4,5,0.704098399750) (5,5,2.000000000000) (6,5,0.999999307033) (7,5,0.703251918642) (9,5,0.000056996248) (0,6,-0.004857921014) (4,6,0.704933884940) (5,6,0.999999307033) (6,6,2.000000000000) (8,6,0.707201289519) (10,6,-0.003076088644) (1,7,0.706052449424) (3,7,0.002687042093) (5,7,0.703251918642) (7,7,2.000000000000) (9,7,0.710980823770) (2,8,-0.700775140413) (4,8,0.002934569009) (6,8,0.707201289519) (8,8,2.000000000000) (10,8,0.704833501369) (3,9,-0.701298422478) (5,9,0.000056996248) (7,9,0.710980823770) (9,9,2.000000000000) (6,10,-0.003076088644) (8,10,0.704833501369) (10,10,2.000000000000) 
Minv:
size: 27 27
(0,0,1.000000000000) (1,1,1.000000000000) (2,2,2.000000000000) (3,3,1.000000000000) (4,4,1.000000000000) (5,5,2.000000000000) (6,6,1.000000000000) (7,7,1.000000000000) (8,8,2.000000000000) (9,9,1.000000000000) (10,10,1.000000000000) (11,11,2.000000000000) (12,12,1.000000000000) (13,13,1.000000000000) (14,14,2.000000000000) (15,15,1.000000000000) (16,16,1.000000000000) (17,17,2.000000000000) (18,18,1.000000000000) (19,19,1.000000000000) (20,20,2.000000000000) (21,21,1.000000000000) (22,22,1.000000000000) (23,23,2.000000000000) (24,24,1.000000000000) (25,25,1.000000000000) (26,26,2.000000000000) 
v0:
size: 27 1
(0,0,0.120030501772) (1,0,0.758504538514) (2,0,0.000000000000) (3,0,0.883879653436) (4,0,-0.850801127385) (5,0,0.000000000000) (6,0,0.583541368097) (7,0,-0.353860504531) (8,0,0.000000000000) (9,0,-0.193794664357) (10,0,-0.822792575078) (11,0,0.000000000000) (12,0,-0.583227424105) (13,0,0.669761751420) (14,0,0.000000000000) (15,0,0.746280479144) (16,0,0.412589278515) (17,0,0.000000000000) (18,0,-0.133852548114) (19,0,-0.364956537731) (20,0,0.000000000000) (21,0,-0.556462543386) (22,0,-0.969839082375) (23,0,0.000000000000) (24,0,0.971304153849) (25,0,0.245642566608) (26,0,0.000000000000) 
ipopt_sol:
size: 11 1
(0,0,1.613598190671) (1,0,0.000000000000) (2,0,0.309681173440) (3,0,0.000000000000) (4,0,0.000000000000) (5,0,0.313208393552) (6,0,1.289083689602) (7,0,1.438711442950) (8,0,0.000000000000) (9,0,0.000000000000) (10,0,0.603735019416) 
policy_sol:
size: 11 1
(0,0,1.613598178586) (1,0,0.000000000000) (2,0,0.309681169850) (3,0,0.000000000000) (4,0,0.000000000000) (5,0,0.313208391831) (6,0,1.289083683367) (7,0,1.438711436456) (8,0,0.000000000000) (9,0,0.000000000000) (10,0,0.603735015882) 

policy_converges:
1
ipopt_converges:
0
