solve status: 0
N:
size: 27 14
(0,0,0.001623652389) (1,0,-0.999998681876) (3,0,-0.001623652389) (4,0,0.999998681876) (3,1,-0.708588870428) (4,1,0.705621578968) (9,1,0.708588870428) (10,1,-0.705621578968) (3,2,-0.999999851383) (4,2,-0.000545191741) (12,2,0.999999851383) (13,2,0.000545191741) (3,3,-0.707944424449) (4,3,-0.706268144469) (15,3,0.707944424449) (16,3,0.706268144469) (6,4,-0.707066284381) (7,4,0.707147275673) (12,4,0.707066284381) (13,4,-0.707147275673) (6,5,-0.999999651729) (7,5,0.000834591147) (15,5,0.999999651729) (16,5,-0.000834591147) (6,6,-0.999999949387) (7,6,0.000318160785) (24,6,0.999999949387) (25,6,-0.000318160785) (9,7,0.001243723371) (10,7,-0.999999226576) (15,7,-0.001243723371) (16,7,0.999999226576) (9,8,-0.999997765894) (10,8,-0.002113813586) (18,8,0.999997765894) (19,8,0.002113813586) (9,9,-0.709320620915) (10,9,-0.704885988472) (21,9,0.709320620915) (22,9,0.704885988472) (12,10,0.005533913276) (13,10,-0.999984687785) (15,10,-0.005533913276) (16,10,0.999984687785) (12,11,-0.708792570211) (13,11,-0.705416963514) (24,11,0.708792570211) (25,11,0.705416963514) (15,12,-0.999999981867) (16,12,-0.000190434967) (24,12,0.999999981867) (25,12,0.000190434967) (18,13,0.001109436174) (19,13,-0.999999384575) (21,13,-0.001109436174) (22,13,0.999999384575) 
Q:
size: 14 14
(0,0,2.000000000000) (1,0,0.706771150883) (2,0,0.001078461126) (3,0,-0.705117757864) (0,1,0.706771150883) (1,1,2.000000000000) (2,1,0.708204066063) (3,1,0.003283496771) (7,1,0.706502321762) (8,1,-0.707095734885) (9,1,-0.005233933368) (0,2,0.001078461126) (1,2,0.708204066063) (2,2,2.000000000000) (3,2,0.708329370796) (4,2,0.706680648444) (10,2,0.004988729061) (11,2,-0.709177052375) (0,3,-0.705117757864) (1,3,0.003283496771) (2,3,0.708329370796) (3,3,2.000000000000) (5,3,0.707354732751) (7,3,0.705387111198) (10,3,0.702339626890) (12,3,-0.708078909763) (2,4,0.706680648444) (4,4,2.000000000000) (5,4,0.707656216986) (6,4,0.707291235126) (10,4,0.711049291180) (11,4,-0.002329645053) (3,5,0.707354732751) (4,5,0.707656216986) (5,5,2.000000000000) (6,5,0.999999866650) (7,5,-0.002078313439) (10,5,-0.006368489717) (12,5,-0.999999474661) (4,6,0.707291235126) (5,6,0.999999866650) (6,6,2.000000000000) (11,6,0.708568098322) (12,6,0.999999870665) (1,7,0.706502321762) (3,7,0.705387111198) (5,7,-0.002078313439) (7,7,2.000000000000) (8,7,0.000870091359) (9,7,0.704003244663) (10,7,0.999990797030) (12,7,0.001053288529) (1,8,-0.707095734885) (7,8,0.000870091359) (8,8,2.000000000000) (9,8,0.710809033796) (13,8,-0.001004378589) (1,9,-0.005233933368) (7,9,0.704003244663) (8,9,0.710809033796) (9,9,2.000000000000) (13,9,0.704098608712) (2,10,0.004988729061) (3,10,0.702339626890) (4,10,0.711049291180) (5,10,-0.006368489717) (7,10,0.999990797030) (10,10,2.000000000000) (11,10,0.701483765404) (12,10,0.005343481125) (2,11,-0.709177052375) (4,11,-0.002329645053) (6,11,0.708568098322) (10,11,0.701483765404) (11,11,2.000000000000) (12,11,0.708926893415) (3,12,-0.708078909763) (5,12,-0.999999474661) (6,12,0.999999870665) (7,12,0.001053288529) (10,12,0.005343481125) (11,12,0.708926893415) (12,12,2.000000000000) (8,13,-0.001004378589) (9,13,0.704098608712) (13,13,2.000000000000) 
Minv:
size: 27 27
(0,0,1.000000000000) (1,1,1.000000000000) (2,2,2.000000000000) (3,3,1.000000000000) (4,4,1.000000000000) (5,5,2.000000000000) (6,6,1.000000000000) (7,7,1.000000000000) (8,8,2.000000000000) (9,9,1.000000000000) (10,10,1.000000000000) (11,11,2.000000000000) (12,12,1.000000000000) (13,13,1.000000000000) (14,14,2.000000000000) (15,15,1.000000000000) (16,16,1.000000000000) (17,17,2.000000000000) (18,18,1.000000000000) (19,19,1.000000000000) (20,20,2.000000000000) (21,21,1.000000000000) (22,22,1.000000000000) (23,23,2.000000000000) (24,24,1.000000000000) (25,25,1.000000000000) (26,26,2.000000000000) 
v0:
size: 27 1
(0,0,-0.175554564137) (1,0,0.266918618597) (2,0,0.000000000000) (3,0,0.468737081746) (4,0,-0.483083327811) (5,0,0.000000000000) (6,0,0.041330502211) (7,0,0.679693468658) (8,0,0.000000000000) (9,0,0.420574664952) (10,0,0.788965991078) (11,0,0.000000000000) (12,0,-0.535604847555) (13,0,0.879197026025) (14,0,0.000000000000) (15,0,-0.483860201047) (16,0,-0.089054795808) (17,0,0.000000000000) (18,0,0.115089705210) (19,0,-0.773574970686) (20,0,0.000000000000) (21,0,0.694057195649) (22,0,-0.848181050439) (23,0,0.000000000000) (24,0,-0.714365919453) (25,0,0.308648830232) (26,0,0.000000000000) 
ipopt_sol:
size: 14 1
(0,0,0.612219723880) (1,0,0.391285492116) (2,0,1.024955412117) (3,0,0.000000000000) (4,0,0.000000000000) (5,0,0.307147275614) (6,0,0.439916627409) (7,0,0.020604150658) (8,0,0.123770041380) (9,0,0.909798070547) (10,0,0.796175269744) (11,0,0.457508870745) (12,0,0.000000000000) (13,0,0.000000000000) 
policy_sol:
size: 14 1
(0,0,0.612219726580) (1,0,0.391285494463) (2,0,1.024955404154) (3,0,0.000000000000) (4,0,0.000000000000) (5,0,0.307147278242) (6,0,0.439916617741) (7,0,0.020604151755) (8,0,0.123770043922) (9,0,0.909798065743) (10,0,0.796175262204) (11,0,0.457508870534) (12,0,0.000000000000) (13,0,0.000000000000) 

policy_converges:
1
ipopt_converges:
0
