solve status: 0
N:
size: 27 11
(3,0,-0.004097999958) (4,0,-0.999991603163) (6,0,0.004097999958) (7,0,0.999991603163) (3,1,-0.706506026838) (4,1,-0.707707025571) (15,1,0.706506026838) (16,1,0.707707025571) (3,2,-0.999998772382) (4,2,0.001566919070) (21,2,0.999998772382) (22,2,-0.001566919070) (9,3,-0.999999995654) (10,3,-0.000093228915) (18,3,0.999999995654) (19,3,0.000093228915) (9,4,-0.704855042479) (10,4,-0.709351372094) (21,4,0.704855042479) (22,4,0.709351372094) (12,5,-0.708553648292) (13,5,0.705656947455) (18,5,0.708553648292) (19,5,-0.705656947455) (12,6,-0.999999919331) (13,6,-0.000401669556) (21,6,0.999999919331) (22,6,0.000401669556) (12,7,-0.705875611661) (13,7,-0.708335810801) (24,7,0.705875611661) (25,7,0.708335810801) (15,8,-0.999999199135) (16,8,0.001265594771) (24,8,0.999999199135) (25,8,-0.001265594771) (18,9,0.008253577134) (19,9,-0.999965938652) (21,9,-0.008253577134) (22,9,0.999965938652) (18,10,0.000811610280) (19,10,-0.999999670644) (24,10,-0.000811610280) (25,10,0.999999670644) 
Q:
size: 11 11
(0,0,2.000000000000) (1,0,0.710596344738) (2,0,0.002531089014) (0,1,0.710596344738) (1,1,2.000000000000) (2,1,0.705396239884) (8,1,-0.705609790710) (0,2,0.002531089014) (1,2,0.705396239884) (2,2,2.000000000000) (4,2,0.703742680994) (6,2,0.999998062329) (9,2,-0.009820432701) (3,3,2.000000000000) (4,3,0.704921171475) (5,3,0.708487857582) (9,3,0.008160351359) (10,3,0.000718381392) (2,4,0.703742680994) (3,4,0.704921171475) (4,4,2.000000000000) (6,4,0.705139910469) (9,4,0.703509635169) (3,5,0.708487857582) (5,5,2.000000000000) (6,5,0.708270150221) (7,5,0.000308653860) (9,5,0.711481014018) (10,5,0.706231784468) (2,6,0.999998062329) (4,6,0.705139910469) (5,6,0.708270150221) (6,6,2.000000000000) (7,6,0.706160071649) (9,6,-0.007851920594) (5,7,0.000308653860) (6,7,0.706160071649) (7,7,2.000000000000) (8,7,0.704978580251) (10,7,0.707762681604) (1,8,-0.705609790710) (7,8,0.704978580251) (8,8,2.000000000000) (10,8,-0.002077203985) (2,9,-0.009820432701) (3,9,0.008160351359) (4,9,0.703509635169) (5,9,0.711481014018) (6,9,-0.007851920594) (9,9,2.000000000000) (10,9,0.999972307996) (3,10,0.000718381392) (5,10,0.706231784468) (7,10,0.707762681604) (8,10,-0.002077203985) (9,10,0.999972307996) (10,10,2.000000000000) 
Minv:
size: 27 27
(0,0,1.000000000000) (1,1,1.000000000000) (2,2,2.000000000000) (3,3,1.000000000000) (4,4,1.000000000000) (5,5,2.000000000000) (6,6,1.000000000000) (7,7,1.000000000000) (8,8,2.000000000000) (9,9,1.000000000000) (10,10,1.000000000000) (11,11,2.000000000000) (12,12,1.000000000000) (13,13,1.000000000000) (14,14,2.000000000000) (15,15,1.000000000000) (16,16,1.000000000000) (17,17,2.000000000000) (18,18,1.000000000000) (19,19,1.000000000000) (20,20,2.000000000000) (21,21,1.000000000000) (22,22,1.000000000000) (23,23,2.000000000000) (24,24,1.000000000000) (25,25,1.000000000000) (26,26,2.000000000000) 
v0:
size: 27 1
(0,0,-0.665677339699) (1,0,-0.496736601425) (2,0,0.000000000000) (3,0,-0.140014073358) (4,0,0.971970735163) (5,0,0.000000000000) (6,0,-0.504583227065) (7,0,0.184054732592) (8,0,0.000000000000) (9,0,0.544503275071) (10,0,-0.608350663129) (11,0,0.000000000000) (12,0,0.374112151730) (13,0,-0.324289807988) (14,0,0.000000000000) (15,0,0.363929767358) (16,0,0.393130487026) (17,0,0.000000000000) (18,0,-0.223439911690) (19,0,-0.011789110440) (20,0,0.000000000000) (21,0,-0.673263597262) (22,0,-0.943496308009) (23,0,0.000000000000) (24,0,-0.172366643886) (25,0,-0.169238523855) (26,0,0.000000000000) 
ipopt_sol:
size: 11 1
(0,0,0.789403394510) (1,0,0.000000000000) (2,0,0.000000000000) (3,0,0.691767248586) (4,0,0.206053244130) (5,0,0.000000000000) (6,0,0.978338798764) (7,0,0.000000000000) (8,0,0.535584250449) (9,0,0.856500982463) (10,0,0.000000000000) 
policy_sol:
size: 11 1
(0,0,0.789403390945) (1,0,0.000000000000) (2,0,0.000000000000) (3,0,0.691767242283) (4,0,0.206053252081) (5,0,0.000000000000) (6,0,0.978338783846) (7,0,0.000000000000) (8,0,0.535584250462) (9,0,0.856500971126) (10,0,0.000000000000) 

policy_converges:
1
ipopt_converges:
0
