solve status: 0
N:
size: 27 13
(0,0,-0.006460016872) (1,0,-0.999979133873) (3,0,0.006460016872) (4,0,0.999979133873) (0,1,-0.001025278968) (1,1,-0.999999474401) (6,1,0.001025278968) (7,1,0.999999474401) (0,2,-0.999978416641) (1,2,0.006570102832) (9,2,0.999978416641) (10,2,-0.006570102832) (0,3,-0.712438135138) (1,3,-0.701734924029) (12,3,0.712438135138) (13,3,0.701734924029) (6,4,-0.999999681621) (7,4,0.000797970766) (24,4,0.999999681621) (25,4,-0.000797970766) (12,5,0.004216521970) (13,5,-0.999991110432) (15,5,-0.004216521970) (16,5,0.999991110432) (12,6,-0.708436830331) (13,6,0.705774225536) (18,6,0.708436830331) (19,6,-0.705774225536) (12,7,-0.999999986604) (13,7,0.000163683107) (21,7,0.999999986604) (22,7,-0.000163683107) (12,8,-0.704419319159) (13,8,-0.709784067724) (24,8,0.704419319159) (25,8,0.709784067724) (15,9,-0.705697755595) (16,9,0.708513004642) (21,9,0.705697755595) (22,9,-0.708513004642) (15,10,-0.999995173835) (16,10,-0.003106816233) (24,10,0.999995173835) (25,10,0.003106816233) (18,11,0.001924778630) (19,11,-0.999998147612) (24,11,-0.001924778630) (25,11,0.999998147612) (21,12,-0.003540968614) (22,12,-0.999993730751) (24,12,0.003540968614) (25,12,0.999993730751) 
Q:
size: 13 13
(0,0,2.000000000000) (1,0,0.999985231605) (2,0,-0.000110088297) (3,0,0.706322643912) (0,1,0.999985231605) (1,1,2.000000000000) (2,1,-0.005544842540) (3,1,0.702465003033) (4,1,-0.000227308295) (0,2,-0.000110088297) (1,2,-0.005544842540) (2,2,2.000000000000) (3,2,0.707812287718) (0,3,0.706322643912) (1,3,0.702465003033) (2,3,0.707812287718) (3,3,2.000000000000) (5,3,-0.698724674859) (6,3,-0.009450991726) (7,3,-0.712323263441) (8,3,-0.999935454938) (1,4,-0.000227308295) (4,4,2.000000000000) (8,4,0.703852707951) (10,4,0.999992376309) (11,4,-0.002722747305) (12,4,0.002743001723) (3,5,-0.698724674859) (5,5,2.000000000000) (6,5,-0.708755090967) (7,5,-0.004380203565) (8,5,0.706807558515) (9,5,0.711482296358) (10,5,0.001109713005) (3,6,-0.009450991726) (5,6,-0.708755090967) (6,6,2.000000000000) (7,6,0.708552344159) (8,6,-0.001910711007) (11,6,0.707136502240) (3,7,-0.712323263441) (5,7,-0.004380203565) (6,7,0.708552344159) (7,7,2.000000000000) (8,7,0.704303130061) (9,7,0.705813717752) (12,7,-0.003377286486) (3,8,-0.999935454938) (4,8,0.703852707951) (5,8,0.706807558515) (6,8,-0.001910711007) (7,8,0.704303130061) (8,8,2.000000000000) (10,8,0.706621088179) (11,8,0.708426901676) (12,8,0.712273944612) (5,9,0.711482296358) (7,9,0.705813717752) (9,9,2.000000000000) (10,9,0.703493130077) (12,9,0.706009709194) (4,10,0.999992376309) (5,10,0.001109713005) (8,10,0.706621088179) (9,10,0.703493130077) (10,10,2.000000000000) (11,10,0.001182041137) (12,10,0.006647748281) (4,11,-0.002722747305) (6,11,0.707136502240) (8,11,0.708426901676) (10,11,0.001182041137) (11,11,2.000000000000) (12,11,0.999985062794) (4,12,0.002743001723) (7,12,-0.003377286486) (8,12,0.712273944612) (9,12,0.706009709194) (10,12,0.006647748281) (11,12,0.999985062794) (12,12,2.000000000000) 
Minv:
size: 27 27
(0,0,1.000000000000) (1,1,1.000000000000) (2,2,2.000000000000) (3,3,1.000000000000) (4,4,1.000000000000) (5,5,2.000000000000) (6,6,1.000000000000) (7,7,1.000000000000) (8,8,2.000000000000) (9,9,1.000000000000) (10,10,1.000000000000) (11,11,2.000000000000) (12,12,1.000000000000) (13,13,1.000000000000) (14,14,2.000000000000) (15,15,1.000000000000) (16,16,1.000000000000) (17,17,2.000000000000) (18,18,1.000000000000) (19,19,1.000000000000) (20,20,2.000000000000) (21,21,1.000000000000) (22,22,1.000000000000) (23,23,2.000000000000) (24,24,1.000000000000) (25,25,1.000000000000) (26,26,2.000000000000) 
v0:
size: 27 1
(0,0,0.794920919195) (1,0,0.349934461096) (2,0,0.000000000000) (3,0,-0.228879750966) (4,0,0.115034405356) (5,0,0.000000000000) (6,0,0.526803015320) (7,0,0.152419331405) (8,0,0.000000000000) (9,0,-0.797961155489) (10,0,-0.666219903746) (11,0,0.000000000000) (12,0,0.863231828148) (13,0,-0.080041666768) (14,0,0.000000000000) (15,0,0.969473691869) (16,0,-0.484200531704) (17,0,0.000000000000) (18,0,0.243962209941) (19,0,-0.051507746071) (20,0,0.000000000000) (21,0,0.528019827959) (22,0,0.660300071813) (23,0,0.000000000000) (24,0,0.277821030941) (25,0,-0.195157249611) (26,0,0.000000000000) 
ipopt_sol:
size: 13 1
(0,0,0.187335785203) (1,0,0.108522540308) (2,0,1.586482641746) (3,0,0.000000000000) (4,0,0.006390677038) (5,0,0.414394500901) (6,0,0.605704024337) (7,0,0.000000000000) (8,0,0.000000000000) (9,0,0.575105596257) (10,0,0.482868461435) (11,0,0.000000000000) (12,0,0.651709086784) 
policy_sol:
size: 13 1
(0,0,0.187335782843) (1,0,0.108522537966) (2,0,1.586482638200) (3,0,0.000000000000) (4,0,0.006390675254) (5,0,0.414394497085) (6,0,0.605704015963) (7,0,0.000000000000) (8,0,0.000000000000) (9,0,0.575105598598) (10,0,0.482868457998) (11,0,0.000000000000) (12,0,0.651709077428) 

policy_converges:
1
ipopt_converges:
0
