solve status: 0
N:
size: 27 9
(0,0,-0.999970884333) (1,0,-0.007630890266) (9,0,0.999970884333) (10,0,0.007630890266) (3,1,0.001130361472) (4,1,-0.999999361141) (6,1,-0.001130361472) (7,1,0.999999361141) (6,2,-0.710589386968) (7,2,0.703606937948) (12,2,0.710589386968) (13,2,-0.703606937948) (6,3,-0.999998030754) (7,3,-0.001984562292) (24,3,0.999998030754) (25,3,0.001984562292) (12,4,0.005611615863) (13,4,-0.999984254760) (15,4,-0.005611615863) (16,4,0.999984254760) (12,5,-0.999998769374) (13,5,-0.001568837466) (21,5,0.999998769374) (22,5,0.001568837466) (12,6,-0.704988483264) (13,6,-0.709218752195) (24,6,0.704988483264) (25,6,0.709218752195) (15,7,-0.711197591285) (16,7,0.702992166493) (21,7,0.711197591285) (22,7,-0.702992166493) (15,8,-0.999986241948) (16,8,-0.005245561503) (24,8,0.999986241948) (25,8,0.005245561503) 
Q:
size: 9 9
(0,0,2.000000000000) (1,1,2.000000000000) (2,1,0.704409711308) (3,1,-0.000854201777) (1,2,0.704409711308) (2,2,2.000000000000) (3,2,0.709191635846) (4,2,0.707583414163) (5,2,-0.709484667572) (6,2,-0.001946099576) (1,3,-0.000854201777) (2,3,0.709191635846) (3,3,2.000000000000) (6,3,0.706394583761) (8,3,0.999994682873) (2,4,0.707583414163) (4,4,2.000000000000) (5,4,-0.004042796192) (6,4,0.705251460820) (7,4,0.706972065397) (8,4,0.000366059747) (2,5,-0.709484667572) (4,5,-0.004042796192) (5,5,2.000000000000) (6,5,0.706100264637) (7,5,0.710093835618) (2,6,-0.001946099576) (3,6,0.706394583761) (4,6,0.705251460820) (5,6,0.706100264637) (6,6,2.000000000000) (8,6,0.708699034579) (4,7,0.706972065397) (5,7,0.710093835618) (7,7,2.000000000000) (8,7,0.707500217946) (3,8,0.999994682873) (4,8,0.000366059747) (6,8,0.708699034579) (7,8,0.707500217946) (8,8,2.000000000000) 
Minv:
size: 27 27
(0,0,1.000000000000) (1,1,1.000000000000) (2,2,2.000000000000) (3,3,1.000000000000) (4,4,1.000000000000) (5,5,2.000000000000) (6,6,1.000000000000) (7,7,1.000000000000) (8,8,2.000000000000) (9,9,1.000000000000) (10,10,1.000000000000) (11,11,2.000000000000) (12,12,1.000000000000) (13,13,1.000000000000) (14,14,2.000000000000) (15,15,1.000000000000) (16,16,1.000000000000) (17,17,2.000000000000) (18,18,1.000000000000) (19,19,1.000000000000) (20,20,2.000000000000) (21,21,1.000000000000) (22,22,1.000000000000) (23,23,2.000000000000) (24,24,1.000000000000) (25,25,1.000000000000) (26,26,2.000000000000) 
v0:
size: 27 1
(0,0,0.079279785142) (1,0,-0.582793226979) (2,0,0.000000000000) (3,0,-0.747862865298) (4,0,0.642947874466) (5,0,0.000000000000) (6,0,0.875877838303) (7,0,-0.862825228997) (8,0,0.000000000000) (9,0,-0.684265637199) (10,0,-0.557657433186) (11,0,0.000000000000) (12,0,0.910956665360) (13,0,0.963848698716) (14,0,0.000000000000) (15,0,0.908618026086) (16,0,0.076004475212) (17,0,0.000000000000) (18,0,-0.051255688158) (19,0,-0.443476682450) (20,0,0.000000000000) (21,0,-0.042936163297) (22,0,-0.312206241407) (23,0,0.000000000000) (24,0,0.306502744135) (25,0,-0.095518315272) (26,0,0.000000000000) 
ipopt_sol:
size: 9 1
(0,0,0.763331382722) (1,0,1.082693491285) (2,0,1.206440108105) (3,0,0.000000000000) (4,0,0.286994352160) (5,0,1.207878886577) (6,0,0.500127850806) (7,0,0.000000000000) (8,0,0.425734148845) 
policy_sol:
size: 9 1
(0,0,0.763331382722) (1,0,1.082693493291) (2,0,1.206440102420) (3,0,0.000000000000) (4,0,0.286994349499) (5,0,1.207878879878) (6,0,0.500127853998) (7,0,0.000000000000) (8,0,0.425734139177) 

policy_converges:
1
ipopt_converges:
0
