solve status: 0
N:
size: 27 11
(0,0,-0.008846948936) (1,0,-0.999960864981) (3,0,0.008846948936) (4,0,0.999960864981) (0,1,-0.999994212023) (1,1,0.003402340340) (9,1,0.999994212023) (10,1,-0.003402340340) (0,2,-0.708537798686) (1,2,-0.705672861766) (12,2,0.708537798686) (13,2,0.705672861766) (3,3,-0.999999978435) (4,3,0.000207679411) (12,3,0.999999978435) (13,3,-0.000207679411) (3,4,-0.705781229576) (4,4,-0.708429852546) (15,4,0.705781229576) (16,4,0.708429852546) (3,5,-0.999999902905) (4,5,-0.000440669305) (21,5,0.999999902905) (22,5,0.000440669305) (6,6,-0.999999996432) (7,6,0.000084474063) (15,6,0.999999996432) (16,6,-0.000084474063) (9,7,-0.999991700456) (10,7,-0.004074189336) (18,7,0.999991700456) (19,7,0.004074189336) (18,8,-0.001278603446) (19,8,-0.999999182586) (21,8,0.001278603446) (22,8,0.999999182586) (18,9,-0.001529399226) (19,9,-0.999998830468) (24,9,0.001529399226) (25,9,0.999998830468) (21,10,-0.001781424470) (22,10,-0.999998413262) (24,10,0.001781424470) (25,10,0.999998413262) 
Q:
size: 11 11
(0,0,2.000000000000) (1,0,0.005444690540) (2,0,0.711913642970) (3,0,-0.008639277462) (4,0,-0.714646138628) (5,0,-0.009287600136) (0,1,0.005444690540) (1,1,2.000000000000) (2,1,0.706132758441) (7,1,-0.999972050749) (0,2,0.711913642970) (1,2,0.706132758441) (2,2,2.000000000000) (3,2,0.708391229682) (0,3,-0.008639277462) (2,3,0.708391229682) (3,3,2.000000000000) (4,3,0.705634088062) (5,3,0.999999789822) (0,4,-0.714646138628) (3,4,0.705634088062) (4,4,2.000000000000) (5,4,0.706093344340) (6,4,0.705721383110) (0,5,-0.009287600136) (3,5,0.999999789822) (4,5,0.706093344340) (5,5,2.000000000000) (8,5,0.001719272267) (10,5,-0.002222092903) (4,6,0.705721383110) (6,6,2.000000000000) (1,7,-0.999972050749) (7,7,2.000000000000) (8,7,-0.005352778840) (9,7,-0.005603571104) (5,8,0.001719272267) (7,8,-0.005352778840) (8,8,2.000000000000) (9,8,0.999999968551) (10,8,-0.999999873585) (7,9,-0.005603571104) (8,9,0.999999968551) (9,9,2.000000000000) (10,9,0.999999968242) (5,10,-0.002222092903) (8,10,-0.999999873585) (9,10,0.999999968242) (10,10,2.000000000000) 
Minv:
size: 27 27
(0,0,1.000000000000) (1,1,1.000000000000) (2,2,2.000000000000) (3,3,1.000000000000) (4,4,1.000000000000) (5,5,2.000000000000) (6,6,1.000000000000) (7,7,1.000000000000) (8,8,2.000000000000) (9,9,1.000000000000) (10,10,1.000000000000) (11,11,2.000000000000) (12,12,1.000000000000) (13,13,1.000000000000) (14,14,2.000000000000) (15,15,1.000000000000) (16,16,1.000000000000) (17,17,2.000000000000) (18,18,1.000000000000) (19,19,1.000000000000) (20,20,2.000000000000) (21,21,1.000000000000) (22,22,1.000000000000) (23,23,2.000000000000) (24,24,1.000000000000) (25,25,1.000000000000) (26,26,2.000000000000) 
v0:
size: 27 1
(0,0,0.942603065813) (1,0,-0.475198606704) (2,0,0.000000000000) (3,0,0.851310680194) (4,0,-0.689935795069) (5,0,0.000000000000) (6,0,-0.200496181067) (7,0,0.411116977546) (8,0,0.000000000000) (9,0,0.876558204141) (10,0,-0.897600766112) (11,0,0.000000000000) (12,0,-0.961582453656) (13,0,-0.434831671155) (14,0,0.000000000000) (15,0,-0.585387387570) (16,0,0.426246512592) (17,0,0.000000000000) (18,0,0.829244087089) (19,0,0.937822284561) (20,0,0.000000000000) (21,0,0.253878005966) (22,0,0.497244411574) (23,0,0.000000000000) (24,0,-0.217486608247) (25,0,-0.909283103667) (26,0,0.000000000000) 
ipopt_sol:
size: 11 1
(0,0,0.000000000000) (1,0,0.000000000000) (2,0,0.775904793840) (3,0,1.538124007600) (4,0,0.000000000000) (5,0,0.000000000000) (6,0,0.384892486712) (7,0,0.044113793387) (8,0,0.000000000000) (9,0,1.526860276933) (10,0,0.643934864969) 
policy_sol:
size: 11 1
(0,0,0.000000000000) (1,0,0.000000000000) (2,0,0.775904789170) (3,0,1.538124000770) (4,0,0.000000000000) (5,0,0.000000000000) (6,0,0.384892483183) (7,0,0.044113798384) (8,0,0.000000000000) (9,0,1.526860267529) (10,0,0.643934874390) 

policy_converges:
1
ipopt_converges:
0
