solve status: 0
N:
size: 27 7
(3,0,0.002966989597) (4,0,-0.999995598477) (6,0,-0.002966989597) (7,0,0.999995598477) (6,1,-0.705604567227) (7,1,0.708605810524) (12,1,0.705604567227) (13,1,-0.708605810524) (9,2,0.006005840638) (10,2,-0.999981964776) (12,2,-0.006005840638) (13,2,0.999981964776) (9,3,0.000593636893) (10,3,-0.999999823798) (15,3,-0.000593636893) (16,3,0.999999823798) (9,4,-0.705695967285) (10,4,-0.708514785843) (21,4,0.705695967285) (22,4,0.708514785843) (15,5,-0.999986055560) (16,5,-0.005280973951) (24,5,0.999986055560) (25,5,0.005280973951) (18,6,0.000970081914) (19,6,-0.999999529470) (21,6,-0.000970081914) (22,6,0.999999529470) 
Q:
size: 7 7
(0,0,2.000000000000) (1,0,0.710696212989) (0,1,0.710696212989) (1,1,2.000000000000) (2,1,-0.712830779245) (1,2,-0.712830779245) (2,2,2.000000000000) (3,2,0.999985353866) (4,2,0.704263710101) (2,3,0.999985353866) (3,3,2.000000000000) (4,3,0.708095733840) (5,3,-0.004687344406) (2,4,0.704263710101) (3,4,0.708095733840) (4,4,2.000000000000) (6,4,0.707829869571) (3,5,-0.004687344406) (5,5,2.000000000000) (4,6,0.707829869571) (6,6,2.000000000000) 
Minv:
size: 27 27
(0,0,1.000000000000) (1,1,1.000000000000) (2,2,2.000000000000) (3,3,1.000000000000) (4,4,1.000000000000) (5,5,2.000000000000) (6,6,1.000000000000) (7,7,1.000000000000) (8,8,2.000000000000) (9,9,1.000000000000) (10,10,1.000000000000) (11,11,2.000000000000) (12,12,1.000000000000) (13,13,1.000000000000) (14,14,2.000000000000) (15,15,1.000000000000) (16,16,1.000000000000) (17,17,2.000000000000) (18,18,1.000000000000) (19,19,1.000000000000) (20,20,2.000000000000) (21,21,1.000000000000) (22,22,1.000000000000) (23,23,2.000000000000) (24,24,1.000000000000) (25,25,1.000000000000) (26,26,2.000000000000) 
v0:
size: 27 1
(0,0,-0.449113146474) (1,0,-0.790372813983) (2,0,0.000000000000) (3,0,-0.796029267220) (4,0,0.451611519851) (5,0,0.000000000000) (6,0,0.001759407466) (7,0,0.013551447969) (8,0,0.000000000000) (9,0,-0.297055566748) (10,0,0.841495340336) (11,0,0.000000000000) (12,0,-0.487023660666) (13,0,0.048513070805) (14,0,0.000000000000) (15,0,0.196575380671) (16,0,0.558829958235) (17,0,0.000000000000) (18,0,-0.111336169154) (19,0,-0.334466599774) (20,0,0.000000000000) (21,0,0.472573317665) (22,0,-0.528087468556) (23,0,0.000000000000) (24,0,-0.031562207162) (25,0,-0.091710317138) (26,0,0.000000000000) 
ipopt_sol:
size: 7 1
(0,0,0.204678349559) (1,0,0.663425020652) (2,0,1.028281945547) (3,0,0.000000000000) (4,0,0.000000000000) (5,0,0.231569892807) (6,0,0.194187221234) 
policy_sol:
size: 7 1
(0,0,0.204678351002) (1,0,0.663425016592) (2,0,1.028281935594) (3,0,0.000000000000) (4,0,0.000000000000) (5,0,0.231569892830) (6,0,0.194187217710) 

policy_converges:
1
ipopt_converges:
0
