solve status: 0
N:
size: 27 13
(0,0,-0.003770709097) (1,0,-0.999992890851) (3,0,0.003770709097) (4,0,0.999992890851) (0,1,-0.709144995495) (1,1,-0.705062674777) (12,1,0.709144995495) (13,1,0.705062674777) (0,2,-0.999999503725) (1,2,0.000996268222) (18,2,0.999999503725) (19,2,-0.000996268222) (3,3,-0.999998918339) (4,3,0.001470823148) (12,3,0.999998918339) (13,3,-0.001470823148) (3,4,-0.709178650969) (4,4,-0.705028822822) (15,4,0.709178650969) (16,4,0.705028822822) (6,5,-0.999998752040) (7,5,-0.001579847506) (24,5,0.999998752040) (25,5,0.001579847506) (9,6,0.005555747497) (10,6,-0.999984566716) (12,6,-0.005555747497) (13,6,0.999984566716) (9,7,-0.999999940736) (10,7,-0.000344279583) (18,7,0.999999940736) (19,7,0.000344279583) (12,8,-0.710171118041) (13,8,0.704029106714) (18,8,0.710171118041) (19,8,-0.704029106714) (12,9,-0.708076934546) (13,9,-0.706135294943) (24,9,0.708076934546) (25,9,0.706135294943) (15,10,-0.999988270120) (16,10,-0.004843513496) (24,10,0.999988270120) (25,10,0.004843513496) (18,11,-0.001035059058) (19,11,-0.999999464326) (24,11,0.001035059058) (25,11,0.999999464326) (21,12,-0.002387284724) (22,12,-0.999997150432) (24,12,0.002387284724) (25,12,0.999997150432) 
Q:
size: 13 13
(0,0,2.000000000000) (1,0,0.707731641867) (2,0,0.002774446087) (3,0,-0.002299892327) (4,0,-0.707697917058) (0,1,0.707731641867) (1,1,2.000000000000) (2,1,0.708442212027) (3,1,0.708107205938) (6,1,0.701111962811) (8,1,-0.007229649203) (9,1,-0.999998854366) (0,2,0.002774446087) (1,2,0.708442212027) (2,2,2.000000000000) (7,2,0.999999101466) (8,2,0.710872167427) (11,2,-0.000038790856) (0,3,-0.002299892327) (1,3,0.708107205938) (3,3,2.000000000000) (4,3,0.708140911166) (6,3,-0.007026541936) (8,3,-0.711205852183) (9,3,-0.707037568509) (0,4,-0.707697917058) (3,4,0.708140911166) (4,4,2.000000000000) (10,4,-0.712585149007) (5,5,2.000000000000) (9,5,0.709191636979) (10,5,0.999994674187) (11,5,0.002614904426) (12,5,0.003967124749) (1,6,0.701111962811) (3,6,-0.007026541936) (6,6,2.000000000000) (7,6,-0.005211472898) (8,6,0.707963772645) (9,6,-0.702190500299) (2,7,0.999999101466) (6,7,-0.005211472898) (7,7,2.000000000000) (8,7,0.709928693106) (11,7,-0.001379338395) (1,8,-0.007229649203) (2,8,0.710872167427) (3,8,-0.711205852183) (6,8,0.707963772645) (7,8,0.709928693106) (8,8,2.000000000000) (9,8,0.005715987347) (11,8,0.703293660536) (1,9,-0.999998854366) (3,9,-0.707037568509) (5,9,0.709191636979) (6,9,-0.702190500299) (8,9,0.005715987347) (9,9,2.000000000000) (10,9,0.711488804720) (11,9,0.706867818130) (12,9,0.707823664011) (4,10,-0.712585149007) (5,10,0.999994674187) (9,10,0.711488804720) (10,10,2.000000000000) (11,10,0.005878557819) (12,10,0.007230756416) (2,11,-0.000038790856) (5,11,0.002614904426) (7,11,-0.001379338395) (8,11,0.703293660536) (9,11,0.706867818130) (10,11,0.005878557819) (11,11,2.000000000000) (12,11,0.999999085740) (5,12,0.003967124749) (9,12,0.707823664011) (10,12,0.007230756416) (11,12,0.999999085740) (12,12,2.000000000000) 
Minv:
size: 27 27
(0,0,1.000000000000) (1,1,1.000000000000) (2,2,2.000000000000) (3,3,1.000000000000) (4,4,1.000000000000) (5,5,2.000000000000) (6,6,1.000000000000) (7,7,1.000000000000) (8,8,2.000000000000) (9,9,1.000000000000) (10,10,1.000000000000) (11,11,2.000000000000) (12,12,1.000000000000) (13,13,1.000000000000) (14,14,2.000000000000) (15,15,1.000000000000) (16,16,1.000000000000) (17,17,2.000000000000) (18,18,1.000000000000) (19,19,1.000000000000) (20,20,2.000000000000) (21,21,1.000000000000) (22,22,1.000000000000) (23,23,2.000000000000) (24,24,1.000000000000) (25,25,1.000000000000) (26,26,2.000000000000) 
v0:
size: 27 1
(0,0,0.541632053838) (1,0,0.713136792266) (2,0,0.000000000000) (3,0,0.980135877315) (4,0,0.311963176881) (5,0,0.000000000000) (6,0,0.018531031989) (7,0,0.729864805906) (8,0,0.000000000000) (9,0,0.968551583217) (10,0,-0.182279143440) (11,0,0.000000000000) (12,0,-0.177261755698) (13,0,-0.441525387849) (14,0,0.000000000000) (15,0,0.471073102734) (16,0,0.315614246968) (17,0,0.000000000000) (18,0,-0.758813344599) (19,0,-0.307684631307) (20,0,0.000000000000) (21,0,0.984406719609) (22,0,0.128173133111) (23,0,0.000000000000) (24,0,-0.072600430134) (25,0,-0.832297638067) (26,0,0.000000000000) 
ipopt_sol:
size: 13 1
(0,0,0.000000000000) (1,0,1.451982664253) (2,0,0.000000000000) (3,0,1.125958142683) (4,0,0.024468324401) (5,0,0.000000000000) (6,0,0.001397472849) (7,0,1.607113362475) (8,0,0.338902442252) (9,0,1.051976928103) (10,0,0.181576892205) (11,0,0.000000000000) (12,0,0.590027865301) 
policy_sol:
size: 13 1
(0,0,0.000000000000) (1,0,1.451982650077) (2,0,0.000000000000) (3,0,1.125958135043) (4,0,0.024468332116) (5,0,0.000000000000) (6,0,0.001397474953) (7,0,1.607113361046) (8,0,0.338902432227) (9,0,1.051976910051) (10,0,0.181576896341) (11,0,0.000000000000) (12,0,0.590027866655) 

policy_converges:
1
ipopt_converges:
0
