solve status: 0
N:
size: 27 13
(0,0,-0.001017720445) (1,0,-0.999999482122) (3,0,0.001017720445) (4,0,0.999999482122) (0,1,-0.002291154673) (1,1,-0.999997375302) (6,1,0.002291154673) (7,1,0.999997375302) (3,2,-0.003550358863) (4,2,-0.999993697456) (6,2,0.003550358863) (7,2,0.999993697456) (3,3,-0.709761190072) (4,3,0.704442370296) (9,3,0.709761190072) (10,3,-0.704442370296) (3,4,-0.999998013223) (4,4,-0.001993376525) (12,4,0.999998013223) (13,4,0.001993376525) (3,5,-0.999999109167) (4,5,-0.001334790514) (21,5,0.999999109167) (22,5,0.001334790514) (6,6,-0.703357293446) (7,6,0.710836491576) (12,6,0.703357293446) (13,6,-0.710836491576) (9,7,0.007016158967) (10,7,-0.999975386454) (12,7,-0.007016158967) (13,7,0.999975386454) (9,8,-0.708500270135) (10,8,-0.705710540675) (21,8,0.708500270135) (22,8,0.705710540675) (12,9,-0.999999765556) (13,9,-0.000684754426) (21,9,0.999999765556) (22,9,0.000684754426) (12,10,-0.709813646863) (13,10,-0.704389513499) (24,10,0.709813646863) (25,10,0.704389513499) (15,11,-0.710331603825) (16,11,0.703867183926) (21,11,0.710331603825) (22,11,-0.703867183926) (21,12,0.006624120808) (22,12,-0.999978060271) (24,12,-0.006624120808) (25,12,0.999978060271) 
Q:
size: 13 13
(0,0,2.000000000000) (1,0,0.999999189180) (2,0,-0.999996792855) (3,0,0.703719667006) (4,0,-0.003011093916) (5,0,-0.002352509361) (0,1,0.999999189180) (1,1,2.000000000000) (2,1,0.999999207196) (6,1,0.709223125495) (0,2,-0.999996792855) (1,2,0.999999207196) (2,2,2.000000000000) (3,2,-0.701918023585) (4,2,0.005543715771) (5,2,0.004885137802) (6,2,0.708334840697) (0,3,0.703719667006) (2,3,-0.701918023585) (3,3,2.000000000000) (4,3,0.708355561051) (5,3,0.708820274800) (7,3,0.709404828809) (8,3,-0.005733588881) (0,4,-0.003011093916) (2,4,0.005543715771) (3,4,0.708355561051) (4,4,2.000000000000) (5,4,0.999999783132) (6,4,0.701938931257) (7,4,-0.005022817567) (9,4,-0.999999143753) (10,4,-0.711216350142) (0,5,-0.002352509361) (2,5,0.004885137802) (3,5,0.708820274800) (4,5,0.999999783132) (5,5,2.000000000000) (8,5,0.709441614714) (9,5,0.999999788726) (11,5,0.709391455798) (12,5,0.005289353679) (1,6,0.709223125495) (2,6,0.708334840697) (4,6,0.701938931257) (6,6,2.000000000000) (7,6,-0.715753861950) (9,6,-0.702870380114) (10,6,0.001453164969) (3,7,0.709404828809) (4,7,-0.005022817567) (6,7,-0.715753861950) (7,7,2.000000000000) (8,7,0.700722220112) (9,7,0.006331419750) (10,7,-0.699392010591) (3,8,-0.005733588881) (5,8,0.709441614714) (7,8,0.700722220112) (8,8,2.000000000000) (9,8,0.708983342447) (11,8,0.006543642264) (12,8,-0.701001866195) (4,9,-0.999999143753) (5,9,0.999999788726) (6,9,-0.702870380114) (7,9,0.006331419750) (8,9,0.708983342447) (9,9,2.000000000000) (10,9,0.710295814289) (11,9,0.709849461122) (12,9,0.005939379852) (4,10,-0.711216350142) (6,10,0.001453164969) (7,10,-0.699392010591) (9,10,0.710295814289) (10,10,2.000000000000) (12,10,0.699672168035) (5,11,0.709391455798) (8,11,0.006543642264) (9,11,0.709849461122) (11,11,2.000000000000) (12,11,0.708557063628) (5,12,0.005289353679) (8,12,-0.701001866195) (9,12,0.005939379852) (10,12,0.699672168035) (11,12,0.708557063628) (12,12,2.000000000000) 
Minv:
size: 27 27
(0,0,1.000000000000) (1,1,1.000000000000) (2,2,2.000000000000) (3,3,1.000000000000) (4,4,1.000000000000) (5,5,2.000000000000) (6,6,1.000000000000) (7,7,1.000000000000) (8,8,2.000000000000) (9,9,1.000000000000) (10,10,1.000000000000) (11,11,2.000000000000) (12,12,1.000000000000) (13,13,1.000000000000) (14,14,2.000000000000) (15,15,1.000000000000) (16,16,1.000000000000) (17,17,2.000000000000) (18,18,1.000000000000) (19,19,1.000000000000) (20,20,2.000000000000) (21,21,1.000000000000) (22,22,1.000000000000) (23,23,2.000000000000) (24,24,1.000000000000) (25,25,1.000000000000) (26,26,2.000000000000) 
v0:
size: 27 1
(0,0,-0.215060939257) (1,0,0.138013574542) (2,0,0.000000000000) (3,0,0.475661067718) (4,0,-0.307297094071) (5,0,0.000000000000) (6,0,-0.168529926470) (7,0,-0.740869879436) (8,0,0.000000000000) (9,0,0.096789147595) (10,0,0.604600874085) (11,0,0.000000000000) (12,0,0.343190317785) (13,0,0.605874292538) (14,0,0.000000000000) (15,0,0.579513630626) (16,0,0.933706849500) (17,0,0.000000000000) (18,0,0.852043521196) (19,0,-0.471019213755) (20,0,0.000000000000) (21,0,-0.764859157108) (22,0,0.440889140497) (23,0,0.000000000000) (24,0,0.930847758890) (25,0,-0.366190503290) (26,0,0.000000000000) 
ipopt_sol:
size: 13 1
(0,0,0.494075915470) (1,0,0.000000000000) (2,0,0.778458347260) (3,0,0.966049511277) (4,0,0.000000000000) (5,0,0.131374023144) (6,0,0.686564779495) (7,0,0.000000000000) (8,0,0.683737848254) (9,0,1.038247263990) (10,0,0.000000000000) (11,0,0.000000000000) (12,0,1.054514550716) 
policy_sol:
size: 13 1
(0,0,0.494075906428) (1,0,0.000000000000) (2,0,0.778458334793) (3,0,0.966049505170) (4,0,0.000000000000) (5,0,0.131374017149) (6,0,0.686564781827) (7,0,0.000000000000) (8,0,0.683737842311) (9,0,1.038247267711) (10,0,0.000000000000) (11,0,0.000000000000) (12,0,1.054514541597) 

policy_converges:
1
ipopt_converges:
0
