solve status: 0
N:
size: 27 13
(0,0,-0.999995940589) (1,0,-0.002849351608) (9,0,0.999995940589) (10,0,0.002849351608) (3,1,0.002631638743) (4,1,-0.999996537233) (6,1,-0.002631638743) (7,1,0.999996537233) (3,2,-0.707253786608) (4,2,0.706959745196) (9,2,0.707253786608) (10,2,-0.706959745196) (3,3,-0.707152189589) (4,3,-0.707061369868) (15,3,0.707152189589) (16,3,0.707061369868) (6,4,-0.707279848504) (7,4,0.706933671500) (12,4,0.707279848504) (13,4,-0.706933671500) (6,5,-0.999996514902) (7,5,0.002640110529) (15,5,0.999996514902) (16,5,-0.002640110529) (6,6,-0.999996264711) (7,6,0.002733233207) (24,6,0.999996264711) (25,6,-0.002733233207) (9,7,-0.000836592705) (10,7,-0.999999650056) (12,7,0.000836592705) (13,7,0.999999650056) (9,8,0.002567651653) (10,8,-0.999996703577) (15,8,-0.002567651653) (16,8,0.999996703577) (9,9,-0.707886311763) (10,9,-0.706326390289) (21,9,0.707886311763) (22,9,0.706326390289) (12,10,0.005950274129) (13,10,-0.999982296962) (15,10,-0.005950274129) (16,10,0.999982296962) (12,11,-0.704392574263) (13,11,-0.709810609475) (24,11,0.704392574263) (25,11,0.709810609475) (15,12,-0.999996005413) (16,12,0.002826510002) (24,12,0.999996005413) (25,12,-0.002826510002) 
Q:
size: 13 13
(0,0,2.000000000000) (2,0,0.705236538688) (7,0,-0.003685939920) (8,0,-0.000281700985) (9,0,-0.709896010398) (1,1,2.000000000000) (2,1,-0.708818533625) (3,1,0.705197952380) (4,1,0.708792528604) (5,1,0.005271730958) (6,1,0.005364852656) (0,2,0.705236538688) (1,2,-0.708818533625) (2,2,2.000000000000) (3,2,0.000272137915) (7,2,0.706367814442) (8,2,0.708773396113) (9,2,-0.001310949578) (1,3,0.705197952380) (2,3,0.000272137915) (3,3,2.000000000000) (5,3,0.705283004927) (8,3,0.705243318606) (10,3,0.702841103355) (12,3,-0.705150848774) (1,4,0.708792528604) (4,4,2.000000000000) (5,4,0.709143766594) (6,4,0.709209421196) (7,4,-0.706341718951) (10,4,0.711129665611) (11,4,0.003586347014) (1,5,0.005271730958) (3,5,0.705283004927) (4,5,0.709143766594) (5,5,2.000000000000) (6,5,0.999999995664) (8,5,-0.005207744531) (10,5,-0.008590317183) (12,5,-0.999999982627) (1,6,0.005364852656) (4,6,0.709209421196) (5,6,0.999999995664) (6,6,2.000000000000) (11,6,0.702449865225) (12,6,0.999999995650) (0,7,-0.003685939920) (2,7,0.706367814442) (4,7,-0.706341718951) (7,7,2.000000000000) (8,7,0.999994205556) (9,7,0.706918355639) (10,7,-0.999976969069) (11,7,-0.710399650770) (0,8,-0.000281700985) (2,8,0.708773396113) (3,8,0.705243318606) (5,8,-0.005207744531) (7,8,0.999994205556) (8,8,2.000000000000) (9,8,0.704506456480) (10,8,0.999994278829) (12,8,0.005394142081) (0,9,-0.709896010398) (2,9,-0.001310949578) (7,9,0.706918355639) (8,9,0.704506456480) (9,9,2.000000000000) (3,10,0.702841103355) (4,10,0.711129665611) (5,10,-0.008590317183) (7,10,-0.999976969069) (8,10,0.999994278829) (10,10,2.000000000000) (11,10,0.705606714760) (12,10,0.008776710323) (4,11,0.003586347014) (6,11,0.702449865225) (7,11,-0.710399650770) (10,11,0.705606714760) (11,11,2.000000000000) (12,11,0.702383473718) (3,12,-0.705150848774) (5,12,-0.999999982627) (6,12,0.999999995650) (8,12,0.005394142081) (10,12,0.008776710323) (11,12,0.702383473718) (12,12,2.000000000000) 
Minv:
size: 27 27
(0,0,1.000000000000) (1,1,1.000000000000) (2,2,2.000000000000) (3,3,1.000000000000) (4,4,1.000000000000) (5,5,2.000000000000) (6,6,1.000000000000) (7,7,1.000000000000) (8,8,2.000000000000) (9,9,1.000000000000) (10,10,1.000000000000) (11,11,2.000000000000) (12,12,1.000000000000) (13,13,1.000000000000) (14,14,2.000000000000) (15,15,1.000000000000) (16,16,1.000000000000) (17,17,2.000000000000) (18,18,1.000000000000) (19,19,1.000000000000) (20,20,2.000000000000) (21,21,1.000000000000) (22,22,1.000000000000) (23,23,2.000000000000) (24,24,1.000000000000) (25,25,1.000000000000) (26,26,2.000000000000) 
v0:
size: 27 1
(0,0,0.192163475948) (1,0,-0.421681523336) (2,0,0.000000000000) (3,0,-0.142507657402) (4,0,0.713268083827) (5,0,0.000000000000) (6,0,0.446922829089) (7,0,0.397005576653) (8,0,0.000000000000) (9,0,-0.632690006967) (10,0,0.956801880289) (11,0,0.000000000000) (12,0,-0.142552507750) (13,0,0.219057392483) (14,0,0.000000000000) (15,0,-0.241760472650) (16,0,-0.434731233901) (17,0,0.000000000000) (18,0,-0.156214055270) (19,0,-0.987093329623) (20,0,0.000000000000) (21,0,0.762753387089) (22,0,-0.870001111701) (23,0,0.000000000000) (24,0,-0.971736253294) (25,0,-0.829668928971) (26,0,0.000000000000) 
ipopt_sol:
size: 13 1
(0,0,0.824043930445) (1,0,0.000000000000) (2,0,0.000000000000) (3,0,0.721997656668) (4,0,0.432490162893) (5,0,0.443127237873) (6,0,0.249990911636) (7,0,1.693776859140) (8,0,0.000000000000) (9,0,0.000000000000) (10,0,0.586365307568) (11,0,1.433010700647) (12,0,0.574148663272) 
policy_sol:
size: 13 1
(0,0,0.824043930422) (1,0,0.000000000000) (2,0,0.000000000000) (3,0,0.721997650912) (4,0,0.432431618512) (5,0,0.000000000000) (6,0,0.693159667962) (7,0,1.693776836699) (8,0,0.000000000000) (9,0,0.000000000000) (10,0,0.586447902217) (11,0,1.432952618981) (12,0,0.131020704275) 

policy_converges:
1
ipopt_converges:
0
