solve status: 0
N:
size: 27 11
(0,0,0.002258831029) (1,0,-0.999997448838) (3,0,-0.002258831029) (4,0,0.999997448838) (0,1,0.001994829695) (1,1,-0.999998010325) (6,1,-0.001994829695) (7,1,0.999998010325) (0,2,-0.999986763251) (1,2,0.005145223224) (9,2,0.999986763251) (10,2,-0.005145223224) (0,3,-0.707497778564) (1,3,-0.706715567486) (12,3,0.707497778564) (13,3,0.706715567486) (3,4,0.001731429034) (4,4,-0.999998501076) (6,4,-0.001731429034) (7,4,0.999998501076) (3,5,-0.705156428572) (4,5,0.709051769086) (9,5,0.705156428572) (10,5,-0.709051769086) (3,6,-0.999998324970) (4,6,-0.001830316359) (12,6,0.999998324970) (13,6,0.001830316359) (9,7,-0.005558972236) (10,7,-0.999984548794) (12,7,0.005558972236) (13,7,0.999984548794) (15,8,-0.999963840048) (16,8,0.008504034121) (24,8,0.999963840048) (25,8,-0.008504034121) (18,9,-0.001332005367) (19,9,-0.999999112880) (21,9,0.001332005367) (22,9,0.999999112880) (18,10,0.003155432840) (19,10,-0.999995021609) (24,10,-0.003155432840) (25,10,0.999995021609) 
Q:
size: 11 11
(0,0,2.000000000000) (1,0,0.999999965151) (2,0,-0.007404011227) (3,0,0.705115646605) (4,0,-0.999999860923) (5,0,0.710642789401) (6,0,0.000428515556) (0,1,0.999999965151) (1,1,2.000000000000) (2,1,-0.007140016276) (3,1,0.705302823774) (4,1,0.999999965310) (0,2,-0.007404011227) (1,2,-0.007140016276) (2,2,2.000000000000) (3,2,0.703852204243) (5,2,0.708795324222) (7,2,-0.000413754930) (0,3,0.705115646605) (1,3,0.705302823774) (2,3,0.703852204243) (3,3,2.000000000000) (6,3,0.708790106548) (7,3,0.710637608387) (0,4,-0.999999860923) (1,4,0.999999965310) (4,4,2.000000000000) (5,4,-0.710271634585) (6,4,0.000098887482) (0,5,0.710642789401) (2,5,0.708795324222) (4,5,-0.710271634585) (5,5,2.000000000000) (6,5,0.703857458361) (7,5,0.705120868373) (0,6,0.000428515556) (3,6,0.708790106548) (4,6,0.000098887482) (5,6,0.703857458361) (6,6,2.000000000000) (7,6,0.007389251004) (2,7,-0.000413754930) (3,7,0.710637608387) (5,7,0.705120868373) (6,7,0.007389251004) (7,7,2.000000000000) (8,8,2.000000000000) (10,8,-0.011659310525) (9,9,2.000000000000) (10,9,0.999989931441) (8,10,-0.011659310525) (9,10,0.999989931441) (10,10,2.000000000000) 
Minv:
size: 27 27
(0,0,1.000000000000) (1,1,1.000000000000) (2,2,2.000000000000) (3,3,1.000000000000) (4,4,1.000000000000) (5,5,2.000000000000) (6,6,1.000000000000) (7,7,1.000000000000) (8,8,2.000000000000) (9,9,1.000000000000) (10,10,1.000000000000) (11,11,2.000000000000) (12,12,1.000000000000) (13,13,1.000000000000) (14,14,2.000000000000) (15,15,1.000000000000) (16,16,1.000000000000) (17,17,2.000000000000) (18,18,1.000000000000) (19,19,1.000000000000) (20,20,2.000000000000) (21,21,1.000000000000) (22,22,1.000000000000) (23,23,2.000000000000) (24,24,1.000000000000) (25,25,1.000000000000) (26,26,2.000000000000) 
v0:
size: 27 1
(0,0,0.810265165416) (1,0,0.098618120836) (2,0,0.000000000000) (3,0,-0.397063060889) (4,0,0.062409237722) (5,0,0.000000000000) (6,0,-0.804131403798) (7,0,-0.062419120900) (8,0,0.000000000000) (9,0,-0.944031586156) (10,0,0.377479027095) (11,0,0.000000000000) (12,0,-0.905050609322) (13,0,-0.559306699030) (14,0,0.000000000000) (15,0,-0.661609500719) (16,0,0.483466315783) (17,0,0.000000000000) (18,0,0.938917462257) (19,0,0.965466841122) (20,0,0.000000000000) (21,0,0.586546085482) (22,0,0.264858915078) (23,0,0.000000000000) (24,0,-0.681005232851) (25,0,0.765986133752) (26,0,0.000000000000) 
ipopt_sol:
size: 11 1
(0,0,0.000000000000) (1,0,0.000000000000) (2,0,1.446705594019) (3,0,0.878399854864) (4,0,0.124113691150) (5,0,0.000000000000) (6,0,0.195512419470) (7,0,0.624019520595) (8,0,0.021797588900) (9,0,0.701076670086) (10,0,0.000000000000) 
policy_sol:
size: 11 1
(0,0,0.000000000000) (1,0,0.000000000000) (2,0,1.446705592427) (3,0,0.878399849524) (4,0,0.124113694701) (5,0,0.000000000000) (6,0,0.195512417847) (7,0,0.624019518973) (8,0,0.021797588956) (9,0,0.701076665086) (10,0,0.000000000000) 

policy_converges:
1
ipopt_converges:
0
