solve status: 0
N:
size: 12 5
(0,0,0.0118539) (1,0,-0.99993) (3,0,-0.0118539) (4,0,0.99993) (0,1,-0.999628) (1,1,0.0272676) (6,1,0.999628) (7,1,-0.0272676) (0,2,-0.704084) (1,2,-0.710116) (9,2,0.704084) (10,2,0.710116) (3,3,-0.71296) (4,3,0.701205) (6,3,0.71296) (7,3,-0.701205) (3,4,-0.999594) (4,4,0.0285046) (9,4,0.999594) (10,4,-0.0285046) 
Q:
size: 5 5
(0,0,2) (1,0,-0.0391151) (2,0,0.70172) (3,0,0.709607) (4,0,0.0403517) (0,1,-0.0391151) (1,1,2) (2,1,0.68446) (3,1,0.731815) (0,2,0.70172) (1,2,0.68446) (2,2,2) (4,2,0.683557) (0,3,0.709607) (1,3,0.731815) (3,3,2) (4,3,0.732657) (0,4,0.0403517) (2,4,0.683557) (3,4,0.732657) (4,4,2) 
Minv:
size: 12 12
(0,0,1) (1,1,1) (2,2,2) (3,3,1) (4,4,1) (5,5,2) (6,6,1) (7,7,1) (8,8,2) (9,9,1) (10,10,1) (11,11,2) 
v0:
size: 12 1
(0,0,0.567497) (1,0,0.20085) (2,0,0) (3,0,0.901258) (4,0,-0.888971) (5,0,0) (6,0,-0.52877) (7,0,-0.863283) (8,0,0) (9,0,0.890095) (10,0,-0.163445) (11,0,0) 
ipopt_sol:
size: 5 1
(0,0,0.994982) (1,0,0.965029) (2,0,0) (3,0,0.33143) (4,0,0) 
policy_sol:
size: 5 1
(0,0,0.994982) (1,0,0.965029) (2,0,0) (3,0,0.33143) (4,0,0) 

policy_converges:
1
ipopt_converges:
0
