solve status: 0
N:
size: 12 4
(0,0,-0.999938) (1,0,-0.0111363) (6,0,0.999938) (7,0,0.0111363) (3,1,-0.679487) (4,1,0.733687) (6,1,0.679487) (7,1,-0.733687) (3,2,-0.999959) (4,2,-0.00908931) (9,2,0.999959) (10,2,0.00908931) (6,3,-0.0456803) (7,3,-0.998956) (9,3,0.0456803) (10,3,0.998956) 
Q:
size: 4 4
(0,0,2) (1,0,0.671274) (3,0,-0.0568021) (0,1,0.671274) (1,1,2) (2,1,0.67279) (3,1,0.701882) (1,2,0.67279) (2,2,2) (3,2,0.0547582) (0,3,-0.0568021) (1,3,0.701882) (2,3,0.0547582) (3,3,2) 
Minv:
size: 12 12
(0,0,1) (1,1,1) (2,2,2) (3,3,1) (4,4,1) (5,5,2) (6,6,1) (7,7,1) (8,8,2) (9,9,1) (10,10,1) (11,11,2) 
v0:
size: 12 1
(0,0,0.180675) (1,0,-0.661242) (2,0,0) (3,0,0.350783) (4,0,0.240917) (5,0,0) (6,0,0.157367) (7,0,0.619041) (8,0,0) (9,0,-0.167632) (10,0,-0.172016) (11,0,0) 
ipopt_sol:
size: 4 1
(0,0,0.03155) (1,0,0) (2,0,0.500455) (3,0,0.792271) 
policy_sol:
size: 4 1
(0,0,0.03155) (1,0,0) (2,0,0.500455) (3,0,0.792271) 

policy_converges:
1
ipopt_converges:
0
