solve status: 0
N:
size: 12 5
(0,0,-0.0177476) (1,0,-0.999842) (3,0,0.0177476) (4,0,0.999842) (0,1,-0.999458) (1,1,0.0329168) (6,1,0.999458) (7,1,-0.0329168) (0,2,-0.7265) (1,2,-0.687167) (9,2,0.7265) (10,2,0.687167) (3,3,-0.70638) (4,3,0.707833) (6,3,0.70638) (7,3,-0.707833) (3,4,-0.999147) (4,4,0.041285) (9,4,0.999147) (10,4,-0.041285) 
Q:
size: 5 5
(0,0,2) (1,0,-0.0151737) (2,0,0.699952) (3,0,0.695185) (4,0,0.0235461) (0,1,-0.0151737) (1,1,2) (2,1,0.703487) (3,1,0.729297) (0,2,0.699952) (1,2,0.703487) (2,2,2) (4,2,0.69751) (0,3,0.695185) (1,3,0.729297) (3,3,2) (4,3,0.735001) (0,4,0.0235461) (2,4,0.69751) (3,4,0.735001) (4,4,2) 
Minv:
size: 12 12
(0,0,1) (1,1,1) (2,2,2) (3,3,1) (4,4,1) (5,5,2) (6,6,1) (7,7,1) (8,8,2) (9,9,1) (10,10,1) (11,11,2) 
v0:
size: 12 1
(0,0,0.634133) (1,0,0.191353) (2,0,0) (3,0,0.786616) (4,0,-0.833466) (5,0,0) (6,0,-0.341227) (7,0,0.962829) (8,0,0) (9,0,-0.409981) (10,0,0.992482) (11,0,0) 
ipopt_sol:
size: 5 1
(0,0,0.514345) (1,0,0.476878) (2,0,0) (3,0,1.44591) (4,0,0.733531) 
policy_sol:
size: 5 1
(0,0,0.514345) (1,0,0.476878) (2,0,0) (3,0,1.44591) (4,0,0.733531) 

policy_converges:
1
ipopt_converges:
0
