solve status: 0
N:
size: 12 3
(0,0,-0.999852) (1,0,0.0172282) (6,0,0.999852) (7,0,-0.0172282) (3,1,-0.703543) (4,1,0.710653) (6,1,0.703543) (7,1,-0.710653) (3,2,-0.999729) (4,2,-0.0232876) (9,2,0.999729) (10,2,0.0232876) 
Q:
size: 3 3
(0,0,2) (1,0,0.715682) (0,1,0.715682) (1,1,2) (2,1,0.686803) (1,2,0.686803) (2,2,2) 
Minv:
size: 12 12
(0,0,1) (1,1,1) (2,2,2) (3,3,1) (4,4,1) (5,5,2) (6,6,1) (7,7,1) (8,8,2) (9,9,1) (10,10,1) (11,11,2) 
v0:
size: 12 1
(0,0,-0.412367) (1,0,-0.624884) (2,0,0) (3,0,0.159072) (4,0,0.273825) (5,0,0) (6,0,-0.836736) (7,0,0.33435) (8,0,0) (9,0,-0.729731) (10,0,0.525102) (11,0,0) 
ipopt_sol:
size: 3 1
(0,0,0.306654) (1,0,0.374966) (2,0,0.753946) 
policy_sol:
size: 3 1
(0,0,0.306654) (1,0,0.374966) (2,0,0.753946) 

policy_converges:
1
ipopt_converges:
1
