solve status: 0
N:
size: 12 2
(0,0,-0.750551) (1,0,-0.660813) (9,0,0.750551) (10,0,0.660813) (3,1,-0.999911) (4,1,0.0133736) (9,1,0.999911) (10,1,-0.0133736) 
Q:
size: 2 2
(0,0,2) (1,0,0.741646) (0,1,0.741646) (1,1,2) 
Minv:
size: 12 12
(0,0,1) (1,1,1) (2,2,2) (3,3,1) (4,4,1) (5,5,2) (6,6,1) (7,7,1) (8,8,2) (9,9,1) (10,10,1) (11,11,2) 
v0:
size: 12 1
(0,0,-0.337899) (1,0,0.0391497) (2,0,0) (3,0,0.533371) (4,0,0.522894) (5,0,0) (6,0,0.671228) (7,0,-0.649414) (8,0,0) (9,0,-0.0743422) (10,0,-0.586006) (11,0,0) 
ipopt_sol:
size: 2 1
(0,0,2.57747e-10) (1,0,0.592829) 
policy_sol:
size: 2 1
(0,0,0) (1,0,0.592829) 

policy_converges:
1
ipopt_converges:
1
