solve status: 0
N:
size: 12 3
(0,0,-0.999571) (1,0,0.0292813) (6,0,0.999571) (7,0,-0.0292813) (3,1,-0.711705) (4,1,0.702478) (6,1,0.711705) (7,1,-0.702478) (6,2,0.0452056) (7,2,-0.998978) (9,2,-0.0452056) (10,2,0.998978) 
Q:
size: 3 3
(0,0,2) (1,0,0.73197) (2,0,0.0744375) (0,1,0.73197) (1,1,2) (2,1,0.733933) (0,2,0.0744375) (1,2,0.733933) (2,2,2) 
Minv:
size: 12 12
(0,0,1) (1,1,1) (2,2,2) (3,3,1) (4,4,1) (5,5,2) (6,6,1) (7,7,1) (8,8,2) (9,9,1) (10,10,1) (11,11,2) 
v0:
size: 12 1
(0,0,0.354199) (1,0,-0.777379) (2,0,0) (3,0,0.218889) (4,0,-0.00749457) (5,0,0) (6,0,-0.000813225) (7,0,0.497924) (8,0,0) (9,0,0.858641) (10,0,0.282129) (11,0,0) 
ipopt_sol:
size: 3 1
(0,0,0.248519) (1,0,0.381913) (2,0,0.105028) 
policy_sol:
size: 3 1
(0,0,0.248519) (1,0,0.381913) (2,0,0.105028) 

policy_converges:
1
ipopt_converges:
1
