solve status: 0
N:
size: 12 3
(3,0,-0.683941) (4,0,0.729537) (6,0,0.683941) (7,0,-0.729537) (3,1,-0.999396) (4,1,0.0347478) (9,1,0.999396) (10,1,-0.0347478) (6,2,-0.0289546) (7,2,-0.999581) (9,2,0.0289546) (10,2,0.999581) 
Q:
size: 3 3
(0,0,2) (1,0,0.708878) (2,0,0.709428) (0,1,0.708878) (1,1,2) (2,1,-0.00579607) (0,2,0.709428) (1,2,-0.00579607) (2,2,2) 
Minv:
size: 12 12
(0,0,1) (1,1,1) (2,2,2) (3,3,1) (4,4,1) (5,5,2) (6,6,1) (7,7,1) (8,8,2) (9,9,1) (10,10,1) (11,11,2) 
v0:
size: 12 1
(0,0,-0.769911) (1,0,-0.226296) (2,0,0) (3,0,0.411967) (4,0,0.623454) (5,0,0) (6,0,-0.047671) (7,0,0.88805) (8,0,0) (9,0,-0.154332) (10,0,-0.380725) (11,0,0) 
ipopt_sol:
size: 3 1
(0,0,0) (1,0,0.534753) (2,0,1.27288) 
policy_sol:
size: 3 1
(0,0,0) (1,0,0.534753) (2,0,1.27288) 

policy_converges:
1
ipopt_converges:
0
