solve status: 0
N:
size: 12 6
(0,0,0.0381844) (1,0,-0.999271) (3,0,-0.0381844) (4,0,0.999271) (0,1,-0.999969) (1,1,0.00783642) (6,1,0.999969) (7,1,-0.00783642) (0,2,-0.698517) (1,2,-0.715593) (9,2,0.698517) (10,2,0.715593) (3,3,-0.71936) (4,3,0.694638) (6,3,0.71936) (7,3,-0.694638) (3,4,-0.999199) (4,4,-0.0400061) (9,4,0.999199) (10,4,0.0400061) (6,5,-0.0112885) (7,5,-0.999936) (9,5,0.0112885) (10,5,0.999936) 
Q:
size: 6 6
(0,0,2) (1,0,-0.0460139) (2,0,0.688399) (3,0,0.721599) (4,0,-0.00182314) (0,1,-0.0460139) (1,1,2) (2,1,0.692888) (3,1,0.724781) (5,1,-0.0034522) (0,2,0.688399) (1,2,0.692888) (2,2,2) (4,2,0.726586) (5,2,0.723433) (0,3,0.721599) (1,3,0.724781) (3,3,2) (4,3,0.690994) (5,3,0.686473) (0,4,-0.00182314) (2,4,0.726586) (3,4,0.690994) (4,4,2) (5,4,0.051283) (1,5,-0.0034522) (2,5,0.723433) (3,5,0.686473) (4,5,0.051283) (5,5,2) 
Minv:
size: 12 12
(0,0,1) (1,1,1) (2,2,2) (3,3,1) (4,4,1) (5,5,2) (6,6,1) (7,7,1) (8,8,2) (9,9,1) (10,10,1) (11,11,2) 
v0:
size: 12 1
(0,0,-0.144553) (1,0,0.811197) (2,0,0) (3,0,0.513899) (4,0,0.325748) (5,0,0) (6,0,-0.348846) (7,0,0.297601) (8,0,0) (9,0,0.147528) (10,0,-0.696102) (11,0,0) 
ipopt_sol:
size: 6 1
(0,0,0.366812) (1,0,0.0641351) (2,0,0.33944) (3,0,0.0783848) (4,0,0.235551) (5,0,0.832422) 
policy_sol:
size: 6 1
(0,0,0.303056) (1,0,0) (2,0,0.427768) (3,0,0.166584) (4,0,0.174489) (5,0,0.771655) 

policy_converges:
1
ipopt_converges:
0
