solve status: 0
N:
size: 12 5
(0,0,0.0209626) (1,0,-0.99978) (3,0,-0.0209626) (4,0,0.99978) (0,1,-0.998343) (1,1,-0.057548) (6,1,0.998343) (7,1,0.057548) (0,2,-0.703855) (1,2,-0.710344) (9,2,0.703855) (10,2,0.710344) (3,3,-0.70453) (4,3,0.709674) (6,3,0.70453) (7,3,-0.709674) (3,4,-0.999311) (4,4,0.0371285) (9,4,0.999311) (10,4,-0.0371285) 
Q:
size: 5 5
(0,0,2) (1,0,0.0366074) (2,0,0.695433) (3,0,0.724287) (4,0,0.0580685) (0,1,0.0366074) (1,1,2) (2,1,0.743568) (3,1,0.662522) (0,2,0.695433) (1,2,0.743568) (2,2,2) (4,2,0.676996) (0,3,0.724287) (1,3,0.662522) (3,3,2) (4,3,0.730394) (0,4,0.0580685) (2,4,0.676996) (3,4,0.730394) (4,4,2) 
Minv:
size: 12 12
(0,0,1) (1,1,1) (2,2,2) (3,3,1) (4,4,1) (5,5,2) (6,6,1) (7,7,1) (8,8,2) (9,9,1) (10,10,1) (11,11,2) 
v0:
size: 12 1
(0,0,0.934385) (1,0,0.738965) (2,0,0) (3,0,0.625644) (4,0,-0.299447) (5,0,0) (6,0,-0.698368) (7,0,-0.975692) (8,0,0) (9,0,-0.722579) (10,0,0.639928) (11,0,0) 
ipopt_sol:
size: 5 1
(0,0,0.961072) (1,0,1.71113) (2,0,0) (3,0,0) (4,0,1.35427) 
policy_sol:
size: 5 1
(0,0,0.961072) (1,0,1.71113) (2,0,0) (3,0,0) (4,0,1.35427) 

policy_converges:
1
ipopt_converges:
0
