solve status: 0
N:
size: 12 2
(0,0,-0.0315145) (1,0,-0.999503) (3,0,0.0315145) (4,0,0.999503) (0,1,-0.696669) (1,1,-0.717392) (9,1,0.696669) (10,1,0.717392) 
Q:
size: 2 2
(0,0,2) (1,0,0.738991) (0,1,0.738991) (1,1,2) 
Minv:
size: 12 12
(0,0,1) (1,1,1) (2,2,2) (3,3,1) (4,4,1) (5,5,2) (6,6,1) (7,7,1) (8,8,2) (9,9,1) (10,10,1) (11,11,2) 
v0:
size: 12 1
(0,0,0.444286) (1,0,0.911777) (2,0,0) (3,0,-0.980152) (4,0,-0.917608) (5,0,0) (6,0,0.790993) (7,0,-0.291032) (8,0,0) (9,0,0.065891) (10,0,0.762153) (11,0,0) 
ipopt_sol:
size: 2 1
(0,0,1.87337) (1,0,0) 
policy_sol:
size: 2 1
(0,0,1.87337) (1,0,0) 

policy_converges:
1
ipopt_converges:
0
