solve status: 0
N:
size: 12 4
(0,0,-0.733463) (1,0,-0.679729) (9,0,0.733463) (10,0,0.679729) (3,1,-0.741742) (4,1,0.670686) (6,1,0.741742) (7,1,-0.670686) (3,2,-0.997925) (4,2,-0.0643889) (9,2,0.997925) (10,2,0.0643889) (6,3,-0.015604) (7,3,-0.999878) (9,3,0.015604) (10,3,0.999878) 
Q:
size: 4 4
(0,0,2) (2,0,0.775708) (3,0,0.691091) (1,1,2) (2,1,0.697018) (3,1,0.65903) (0,2,0.775708) (1,2,0.697018) (2,2,2) (3,2,0.0799526) (0,3,0.691091) (1,3,0.65903) (2,3,0.0799526) (3,3,2) 
Minv:
size: 12 12
(0,0,1) (1,1,1) (2,2,2) (3,3,1) (4,4,1) (5,5,2) (6,6,1) (7,7,1) (8,8,2) (9,9,1) (10,10,1) (11,11,2) 
v0:
size: 12 1
(0,0,-0.374432) (1,0,0.495551) (2,0,0) (3,0,0.786435) (4,0,0.974495) (5,0,0) (6,0,-0.0190489) (7,0,0.126008) (8,0,0) (9,0,-0.201004) (10,0,-0.26664) (11,0,0) 
ipopt_sol:
size: 4 1
(0,0,0) (1,0,0) (2,0,1.05118) (3,0,0.353417) 
policy_sol:
size: 4 1
(0,0,0) (1,0,0) (2,0,1.05118) (3,0,0.353417) 

policy_converges:
1
ipopt_converges:
0
