solve status: 0
N:
size: 12 5
(0,0,0.0233502) (1,0,-0.999727) (3,0,-0.0233502) (4,0,0.999727) (0,1,-0.684427) (1,1,-0.729082) (9,1,0.684427) (10,1,0.729082) (3,2,-0.739455) (4,2,0.673206) (6,2,0.739455) (7,2,-0.673206) (3,3,-0.998171) (4,3,-0.0604493) (9,3,0.998171) (10,3,0.0604493) (6,4,0.085371) (7,4,-0.996349) (9,4,-0.085371) (10,4,0.996349) 
Q:
size: 5 5
(0,0,2) (1,0,0.712901) (2,0,0.690289) (3,0,-0.0371253) (0,1,0.712901) (1,1,2) (3,1,0.727248) (4,1,0.66799) (0,2,0.690289) (2,2,2) (3,2,0.697408) (4,2,0.733876) (0,3,-0.0371253) (1,3,0.727248) (2,3,0.697408) (3,3,2) (4,3,-0.0249863) (1,4,0.66799) (2,4,0.733876) (3,4,-0.0249863) (4,4,2) 
Minv:
size: 12 12
(0,0,1) (1,1,1) (2,2,2) (3,3,1) (4,4,1) (5,5,2) (6,6,1) (7,7,1) (8,8,2) (9,9,1) (10,10,1) (11,11,2) 
v0:
size: 12 1
(0,0,-0.852342) (1,0,0.239312) (2,0,0) (3,0,-0.0537616) (4,0,-0.273919) (5,0,0) (6,0,0.0769755) (7,0,0.0512224) (8,0,0) (9,0,-0.719) (10,0,-0.524657) (11,0,0) 
ipopt_sol:
size: 5 1
(0,0,0.544653) (1,0,0) (2,0,0) (3,0,0.695717) (4,0,0.514516) 
policy_sol:
size: 5 1
(0,0,0.544653) (1,0,0) (2,0,0) (3,0,0.695717) (4,0,0.514516) 

policy_converges:
1
ipopt_converges:
0
