solve status: 0
N:
size: 12 3
(0,0,-0.0183046) (1,0,-0.999832) (3,0,0.0183046) (4,0,0.999832) (0,1,-0.99997) (1,1,0.00769835) (6,1,0.99997) (7,1,-0.00769835) (3,2,-0.692842) (4,2,0.72109) (6,2,0.692842) (7,2,-0.72109) 
Q:
size: 3 3
(0,0,2) (1,0,0.010607) (2,0,0.708287) (0,1,0.010607) (1,1,2) (2,1,0.698373) (0,2,0.708287) (1,2,0.698373) (2,2,2) 
Minv:
size: 12 12
(0,0,1) (1,1,1) (2,2,2) (3,3,1) (4,4,1) (5,5,2) (6,6,1) (7,7,1) (8,8,2) (9,9,1) (10,10,1) (11,11,2) 
v0:
size: 12 1
(0,0,0.498657) (1,0,-0.0561164) (2,0,0) (3,0,-0.594724) (4,0,-0.682998) (5,0,0) (6,0,0.248679) (7,0,0.172383) (8,0,0) (9,0,-0.334808) (10,0,0.827335) (11,0,0) 
ipopt_sol:
size: 3 1
(0,0,0.645474) (1,0,0.248306) (2,0,0) 
policy_sol:
size: 3 1
(0,0,0.645474) (1,0,0.248306) (2,0,0) 

policy_converges:
1
ipopt_converges:
0
