solve status: 0
N:
size: 12 3
(0,0,-0.999446) (1,0,-0.0332855) (6,0,0.999446) (7,0,0.0332855) (0,1,-0.689333) (1,1,-0.724445) (9,1,0.689333) (10,1,0.724445) (3,2,-0.999952) (4,2,0.00977752) (9,2,0.999952) (10,2,-0.00977752) 
Q:
size: 3 3
(0,0,2) (1,0,0.713064) (0,1,0.713064) (1,1,2) (2,1,0.682217) (1,2,0.682217) (2,2,2) 
Minv:
size: 12 12
(0,0,1) (1,1,1) (2,2,2) (3,3,1) (4,4,1) (5,5,2) (6,6,1) (7,7,1) (8,8,2) (9,9,1) (10,10,1) (11,11,2) 
v0:
size: 12 1
(0,0,0.102695) (1,0,-0.728146) (2,0,0) (3,0,0.221464) (4,0,0.174496) (5,0,0) (6,0,-0.134514) (7,0,-0.998862) (8,0,0) (9,0,-0.958633) (10,0,0.175708) (11,0,0) 
ipopt_sol:
size: 3 1
(0,0,0.246089) (1,0,0) (2,0,1.18005) 
policy_sol:
size: 3 1
(0,0,0.246089) (1,0,0) (2,0,1.18005) 

policy_converges:
1
ipopt_converges:
0
