solve status: 0
N:
size: 12 4
(0,0,0.0368802) (1,0,-0.99932) (3,0,-0.0368802) (4,0,0.99932) (0,1,-0.999733) (1,1,-0.0231037) (6,1,0.999733) (7,1,0.0231037) (3,2,-0.714073) (4,2,0.700071) (6,2,0.714073) (7,2,-0.700071) (3,3,-0.99999) (4,3,-0.00446739) (9,3,0.99999) (10,3,0.00446739) 
Q:
size: 4 4
(0,0,2) (1,0,-0.0137824) (2,0,0.72593) (3,0,0.0324155) (0,1,-0.0137824) (1,1,2) (2,1,0.697709) (0,2,0.72593) (1,2,0.697709) (2,2,2) (3,2,0.710939) (0,3,0.0324155) (2,3,0.710939) (3,3,2) 
Minv:
size: 12 12
(0,0,1) (1,1,1) (2,2,2) (3,3,1) (4,4,1) (5,5,2) (6,6,1) (7,7,1) (8,8,2) (9,9,1) (10,10,1) (11,11,2) 
v0:
size: 12 1
(0,0,-0.410252) (1,0,0.548298) (2,0,0) (3,0,0.826905) (4,0,0.0200026) (5,0,0) (6,0,-0.512317) (7,0,0.243396) (8,0,0) (9,0,-0.628534) (10,0,0.77872) (11,0,0) 
ipopt_sol:
size: 4 1
(0,0,0.358588) (1,0,0) (2,0,0.536205) (3,0,1.25562) 
policy_sol:
size: 4 1
(0,0,0.358588) (1,0,0) (2,0,0.536205) (3,0,1.25562) 

policy_converges:
1
ipopt_converges:
0
