solve status: 0
N:
size: 12 2
(0,0,-0.733872) (1,0,-0.679288) (9,0,0.733872) (10,0,0.679288) (3,1,-0.999906) (4,1,0.0137293) (9,1,0.999906) (10,1,-0.0137293) 
Q:
size: 2 2
(0,0,2) (1,0,0.724477) (0,1,0.724477) (1,1,2) 
Minv:
size: 12 12
(0,0,1) (1,1,1) (2,2,2) (3,3,1) (4,4,1) (5,5,2) (6,6,1) (7,7,1) (8,8,2) (9,9,1) (10,10,1) (11,11,2) 
v0:
size: 12 1
(0,0,0.425839) (1,0,-0.237403) (2,0,0) (3,0,0.547746) (4,0,0.315725) (5,0,0) (6,0,0.944953) (7,0,-0.491828) (8,0,0) (9,0,-0.870553) (10,0,0.880284) (11,0,0) 
ipopt_sol:
size: 2 1
(0,0,0) (1,0,1.42592) 
policy_sol:
size: 2 1
(0,0,0) (1,0,1.42592) 

policy_converges:
1
ipopt_converges:
0
