solve status: 0
N:
size: 12 3
(0,0,-0.0596218) (1,0,-0.998221) (3,0,0.0596218) (4,0,0.998221) (0,1,-0.99956) (1,1,-0.0296474) (6,1,0.99956) (7,1,0.0296474) (0,2,-0.741558) (1,2,-0.670889) (9,2,0.741558) (10,2,0.670889) 
Q:
size: 3 3
(0,0,2) (1,0,0.0891903) (2,0,0.713908) (0,1,0.0891903) (1,1,2) (2,1,0.761122) (0,2,0.713908) (1,2,0.761122) (2,2,2) 
Minv:
size: 12 12
(0,0,1) (1,1,1) (2,2,2) (3,3,1) (4,4,1) (5,5,2) (6,6,1) (7,7,1) (8,8,2) (9,9,1) (10,10,1) (11,11,2) 
v0:
size: 12 1
(0,0,0.699726) (1,0,0.903909) (2,0,0) (3,0,-0.802119) (4,0,-0.0268197) (5,0,0) (6,0,-0.376817) (7,0,-0.226374) (8,0,0) (9,0,-0.10734) (10,0,0.591711) (11,0,0) 
ipopt_sol:
size: 3 1
(0,0,0.945481) (1,0,1.03883) (2,0,0.0751034) 
policy_sol:
size: 3 1
(0,0,0.945481) (1,0,1.03883) (2,0,0.0751034) 

policy_converges:
1
ipopt_converges:
0
