solve status: 0
N:
size: 12 1
(6,0,-0.0101093) (7,0,-0.999949) (9,0,0.0101093) (10,0,0.999949) 
Q:
size: 1 1
(0,0,2) 
Minv:
size: 12 12
(0,0,1) (1,1,1) (2,2,2) (3,3,1) (4,4,1) (5,5,2) (6,6,1) (7,7,1) (8,8,2) (9,9,1) (10,10,1) (11,11,2) 
v0:
size: 12 1
(0,0,-0.810623) (1,0,-0.284013) (2,0,0) (3,0,-0.795826) (4,0,-0.238991) (5,0,0) (6,0,0.117782) (7,0,0.434021) (8,0,0) (9,0,0.190893) (10,0,-0.903253) (11,0,0) 
ipopt_sol:
size: 1 1
(0,0,1.33647) 
policy_sol:
size: 1 1
(0,0,1.33647) 

policy_converges:
1
ipopt_converges:
1
