solve status: 0
N:
size: 12 1
(6,0,0.0406985) (7,0,-0.999171) (9,0,-0.0406985) (10,0,0.999171) 
Q:
size: 1 1
(0,0,2) 
Minv:
size: 12 12
(0,0,1) (1,1,1) (2,2,2) (3,3,1) (4,4,1) (5,5,2) (6,6,1) (7,7,1) (8,8,2) (9,9,1) (10,10,1) (11,11,2) 
v0:
size: 12 1
(0,0,-0.997542) (1,0,0.222015) (2,0,0) (3,0,-0.610147) (4,0,0.681776) (5,0,0) (6,0,0.198014) (7,0,0.571149) (8,0,0) (9,0,0.588524) (10,0,0.350769) (11,0,0) 
ipopt_sol:
size: 1 1
(0,0,0.236091) 
policy_sol:
size: 1 1
(0,0,0.236091) 

policy_converges:
1
ipopt_converges:
1
