solve status: 0
N:
size: 12 3
(0,0,-0.998959) (1,0,0.0456069) (6,0,0.998959) (7,0,-0.0456069) (0,1,-0.711055) (1,1,-0.703136) (9,1,0.711055) (10,1,0.703136) (3,2,-0.998609) (4,2,-0.0527286) (9,2,0.998609) (10,2,0.0527286) 
Q:
size: 3 3
(0,0,2) (1,0,0.678247) (0,1,0.678247) (1,1,2) (2,1,0.747141) (1,2,0.747141) (2,2,2) 
Minv:
size: 12 12
(0,0,1) (1,1,1) (2,2,2) (3,3,1) (4,4,1) (5,5,2) (6,6,1) (7,7,1) (8,8,2) (9,9,1) (10,10,1) (11,11,2) 
v0:
size: 12 1
(0,0,0.428068) (1,0,-0.338598) (2,0,0) (3,0,0.196339) (4,0,-0.0112185) (5,0,0) (6,0,0.0259588) (7,0,-0.28318) (8,0,0) (9,0,-0.861051) (10,0,-0.133315) (11,0,0) 
ipopt_sol:
size: 3 1
(0,0,0.295787) (1,0,0.31974) (2,0,0.942911) 
policy_sol:
size: 3 1
(0,0,0.295787) (1,0,0.31974) (2,0,0.942911) 

policy_converges:
1
ipopt_converges:
1
