solve status: 0
N:
size: 12 4
(0,0,0.023616) (1,0,-0.999721) (3,0,-0.023616) (4,0,0.999721) (0,1,-0.999162) (1,1,-0.0409223) (6,1,0.999162) (7,1,0.0409223) (0,2,-0.702444) (1,2,-0.711739) (9,2,0.702444) (10,2,0.711739) (3,3,-0.71504) (4,3,0.699084) (6,3,0.71504) (7,3,-0.699084) 
Q:
size: 4 4
(0,0,2) (1,0,0.0173146) (2,0,0.694952) (3,0,0.715775) (0,1,0.0173146) (1,1,2) (2,1,0.730981) (3,1,0.685833) (0,2,0.694952) (1,2,0.730981) (2,2,2) (0,3,0.715775) (1,3,0.685833) (3,3,2) 
Minv:
size: 12 12
(0,0,1) (1,1,1) (2,2,2) (3,3,1) (4,4,1) (5,5,2) (6,6,1) (7,7,1) (8,8,2) (9,9,1) (10,10,1) (11,11,2) 
v0:
size: 12 1
(0,0,0.773055) (1,0,0.176365) (2,0,0) (3,0,-0.0321557) (4,0,-0.663997) (5,0,0) (6,0,-0.617603) (7,0,-0.470633) (8,0,0) (9,0,0.136555) (10,0,0.49839) (11,0,0) 
ipopt_sol:
size: 4 1
(0,0,0.808914) (1,0,1.40897) (2,0,0) (3,0,0) 
policy_sol:
size: 4 1
(0,0,0.808914) (1,0,1.40897) (2,0,0) (3,0,0) 

policy_converges:
1
ipopt_converges:
0
