solve status: 0
N:
size: 12 6
(0,0,0.0124764) (1,0,-0.999922) (3,0,-0.0124764) (4,0,0.999922) (0,1,-0.999983) (1,1,0.00580434) (6,1,0.999983) (7,1,-0.00580434) (0,2,-0.733735) (1,2,-0.679436) (9,2,0.733735) (10,2,0.679436) (3,3,-0.708325) (4,3,0.705887) (6,3,0.708325) (7,3,-0.705887) (3,4,-0.999201) (4,4,0.0399587) (9,4,0.999201) (10,4,-0.0399587) (6,5,-0.0393007) (7,5,-0.999227) (9,5,0.0393007) (10,5,0.999227) 
Q:
size: 6 6
(0,0,2) (1,0,-0.0182801) (2,0,0.670229) (3,0,0.714669) (4,0,0.052422) (0,1,-0.0182801) (1,1,2) (2,1,0.729779) (3,1,0.71241) (5,1,-0.0335001) (0,2,0.670229) (1,2,0.729779) (2,2,2) (4,2,0.705999) (5,2,0.707748) (0,3,0.714669) (1,3,0.71241) (3,3,2) (4,3,0.735965) (5,3,0.677504) (0,4,0.052422) (2,4,0.705999) (3,4,0.735965) (4,4,2) (5,4,-0.000658541) (1,5,-0.0335001) (2,5,0.707748) (3,5,0.677504) (4,5,-0.000658541) (5,5,2) 
Minv:
size: 12 12
(0,0,1) (1,1,1) (2,2,2) (3,3,1) (4,4,1) (5,5,2) (6,6,1) (7,7,1) (8,8,2) (9,9,1) (10,10,1) (11,11,2) 
v0:
size: 12 1
(0,0,0.484036) (1,0,0.841107) (2,0,0) (3,0,-0.606324) (4,0,-0.397969) (5,0,0) (6,0,-0.882061) (7,0,0.894948) (8,0,0) (9,0,-0.932332) (10,0,0.437507) (11,0,0) 
ipopt_sol:
size: 6 1
(0,0,1.02805) (1,0,1.16352) (2,0,0.407286) (3,0,0.191361) (4,0,0.118086) (5,0,0.26964) 
policy_sol:
size: 6 1
(0,0,0.913751) (1,0,1.03945) (2,0,0.574436) (3,0,0.359952) (4,0,0) (5,0,0.151262) 

policy_converges:
1
ipopt_converges:
1
