solve status: 0
N:
size: 12 4
(0,0,-0.0332654) (1,0,-0.999447) (3,0,0.0332654) (4,0,0.999447) (0,1,-0.999784) (1,1,0.0208052) (6,1,0.999784) (7,1,-0.0208052) (0,2,-0.714363) (1,2,-0.699775) (9,2,0.714363) (10,2,0.699775) (3,3,-0.999199) (4,3,0.0400139) (9,3,0.999199) (10,3,-0.0400139) 
Q:
size: 4 4
(0,0,2) (1,0,0.0124645) (2,0,0.723152) (3,0,0.00675299) (0,1,0.0124645) (1,1,2) (2,1,0.699649) (0,2,0.723152) (1,2,0.699649) (2,2,2) (3,2,0.68579) (0,3,0.00675299) (2,3,0.68579) (3,3,2) 
Minv:
size: 12 12
(0,0,1) (1,1,1) (2,2,2) (3,3,1) (4,4,1) (5,5,2) (6,6,1) (7,7,1) (8,8,2) (9,9,1) (10,10,1) (11,11,2) 
v0:
size: 12 1
(0,0,0.964907) (1,0,0.684782) (2,0,0) (3,0,-0.277294) (4,0,0.64966) (5,0,0) (6,0,0.395068) (7,0,-0.210023) (8,0,0) (9,0,-0.632916) (10,0,0.183023) (11,0,0) 
ipopt_sol:
size: 4 1
(0,0,0) (1,0,0.0330103) (2,0,1.481) (3,0,0) 
policy_sol:
size: 4 1
(0,0,0) (1,0,0.0330103) (2,0,1.481) (3,0,0) 

policy_converges:
1
ipopt_converges:
0
