solve status: 0
N:
size: 12 2
(0,0,-0.0196329) (1,0,-0.999807) (3,0,0.0196329) (4,0,0.999807) (0,1,-0.999387) (1,1,-0.0350095) (6,1,0.999387) (7,1,0.0350095) 
Q:
size: 2 2
(0,0,2) (1,0,0.0546237) (0,1,0.0546237) (1,1,2) 
Minv:
size: 12 12
(0,0,1) (1,1,1) (2,2,2) (3,3,1) (4,4,1) (5,5,2) (6,6,1) (7,7,1) (8,8,2) (9,9,1) (10,10,1) (11,11,2) 
v0:
size: 12 1
(0,0,0.249456) (1,0,-0.143453) (2,0,0) (3,0,-0.793414) (4,0,-0.911118) (5,0,0) (6,0,-0.103763) (7,0,-0.788781) (8,0,0) (9,0,-0.650028) (10,0,0.873766) (11,0,0) 
ipopt_sol:
size: 2 1
(0,0,0.778314) (1,0,0.354337) 
policy_sol:
size: 2 1
(0,0,0.778314) (1,0,0.354337) 

policy_converges:
1
ipopt_converges:
1
