solve status: 0
N:
size: 12 4
(0,0,-0.99998) (1,0,-0.00639891) (6,0,0.99998) (7,0,0.00639891) (3,1,-0.708878) (4,1,0.705331) (6,1,0.708878) (7,1,-0.705331) (3,2,-0.999582) (4,2,0.0289119) (9,2,0.999582) (10,2,-0.0289119) (6,3,-0.0368944) (7,3,-0.999319) (9,3,0.0368944) (10,3,0.999319) 
Q:
size: 4 4
(0,0,2) (1,0,0.70435) (3,0,-0.0432882) (0,1,0.70435) (1,1,2) (2,1,0.728974) (3,1,0.678697) (1,2,0.728974) (2,2,2) (3,2,0.00798673) (0,3,-0.0432882) (1,3,0.678697) (2,3,0.00798673) (3,3,2) 
Minv:
size: 12 12
(0,0,1) (1,1,1) (2,2,2) (3,3,1) (4,4,1) (5,5,2) (6,6,1) (7,7,1) (8,8,2) (9,9,1) (10,10,1) (11,11,2) 
v0:
size: 12 1
(0,0,0.756464) (1,0,-0.964891) (2,0,0) (3,0,0.52588) (4,0,-0.584623) (5,0,0) (6,0,0.224957) (7,0,0.554499) (8,0,0) (9,0,-0.290896) (10,0,0.359296) (11,0,0) 
ipopt_sol:
size: 4 1
(0,0,0.272735) (1,0,0.707144) (2,0,0.58598) (3,0,0) 
policy_sol:
size: 4 1
(0,0,0.272735) (1,0,0.707144) (2,0,0.58598) (3,0,0) 

policy_converges:
1
ipopt_converges:
0
