solve status: 0
N:
size: 12 5
(0,0,-0.0030203) (1,0,-0.999995) (3,0,0.0030203) (4,0,0.999995) (0,1,-0.99954) (1,1,0.0303218) (6,1,0.99954) (7,1,-0.0303218) (0,2,-0.712497) (1,2,-0.701675) (9,2,0.712497) (10,2,0.701675) (3,3,-0.718732) (4,3,0.695287) (6,3,0.718732) (7,3,-0.695287) (6,4,0.0418017) (7,4,-0.999126) (9,4,-0.0418017) (10,4,0.999126) 
Q:
size: 5 5
(0,0,2) (1,0,-0.0273028) (2,0,0.703824) (3,0,0.693113) (0,1,-0.0273028) (1,1,2) (2,1,0.690893) (3,1,0.739484) (4,1,0.0720778) (0,2,0.703824) (1,2,0.690893) (2,2,2) (4,2,0.671279) (0,3,0.693113) (1,3,0.739484) (3,3,2) (4,3,0.724724) (1,4,0.0720778) (2,4,0.671279) (3,4,0.724724) (4,4,2) 
Minv:
size: 12 12
(0,0,1) (1,1,1) (2,2,2) (3,3,1) (4,4,1) (5,5,2) (6,6,1) (7,7,1) (8,8,2) (9,9,1) (10,10,1) (11,11,2) 
v0:
size: 12 1
(0,0,0.727233) (1,0,0.772054) (2,0,0) (3,0,0.0050928) (4,0,0.111515) (5,0,0) (6,0,-0.631557) (7,0,0.114651) (8,0,0) (9,0,0.720573) (10,0,0.0674014) (11,0,0) 
ipopt_sol:
size: 5 1
(0,0,0.681086) (1,0,1.34554) (2,0,0) (3,0,0) (4,0,0.0552376) 
policy_sol:
size: 5 1
(0,0,0.681086) (1,0,1.34554) (2,0,0) (3,0,0) (4,0,0.0552376) 

policy_converges:
1
ipopt_converges:
0
