solve status: 0
N:
size: 12 5
(0,0,0.0543105) (1,0,-0.998524) (3,0,-0.0543105) (4,0,0.998524) (0,1,-0.999756) (1,1,0.0220933) (6,1,0.999756) (7,1,-0.0220933) (0,2,-0.717344) (1,2,-0.696719) (9,2,0.717344) (10,2,0.696719) (3,3,-0.7247) (4,3,0.689064) (6,3,0.7247) (7,3,-0.689064) (3,4,-0.999373) (4,4,0.0354011) (9,4,0.999373) (10,4,-0.0354011) 
Q:
size: 5 5
(0,0,2) (1,0,-0.076358) (2,0,0.656731) (3,0,0.727406) (4,0,0.0896253) (0,1,-0.076358) (1,1,2) (2,1,0.701776) (3,1,0.739747) (0,2,0.656731) (1,2,0.701776) (2,2,2) (4,2,0.69223) (0,3,0.727406) (1,3,0.739747) (3,3,2) (4,3,0.748639) (0,4,0.0896253) (2,4,0.69223) (3,4,0.748639) (4,4,2) 
Minv:
size: 12 12
(0,0,1) (1,1,1) (2,2,2) (3,3,1) (4,4,1) (5,5,2) (6,6,1) (7,7,1) (8,8,2) (9,9,1) (10,10,1) (11,11,2) 
v0:
size: 12 1
(0,0,-0.665085) (1,0,0.39841) (2,0,0) (3,0,0.575387) (4,0,-0.341085) (5,0,0) (6,0,-0.702248) (7,0,0.331151) (8,0,0) (9,0,-0.738495) (10,0,0.391835) (11,0,0) 
ipopt_sol:
size: 5 1
(0,0,0.451666) (1,0,0) (2,0,0) (3,0,0.850352) (4,0,1.00046) 
policy_sol:
size: 5 1
(0,0,0.451666) (1,0,0) (2,0,0) (3,0,0.850352) (4,0,1.00046) 

policy_converges:
1
ipopt_converges:
0
