solve status: 0
N:
size: 12 3
(0,0,-0.087865) (1,0,-0.996132) (3,0,0.087865) (4,0,0.996132) (3,1,-0.718201) (4,1,0.695836) (6,1,0.718201) (7,1,-0.695836) (3,2,-0.999992) (4,2,0.00393108) (9,2,0.999992) (10,2,-0.00393108) 
Q:
size: 3 3
(0,0,2) (1,0,0.63004) (2,0,-0.0839485) (0,1,0.63004) (1,1,2) (2,1,0.720931) (0,2,-0.0839485) (1,2,0.720931) (2,2,2) 
Minv:
size: 12 12
(0,0,1) (1,1,1) (2,2,2) (3,3,1) (4,4,1) (5,5,2) (6,6,1) (7,7,1) (8,8,2) (9,9,1) (10,10,1) (11,11,2) 
v0:
size: 12 1
(0,0,-0.313391) (1,0,0.610426) (2,0,0) (3,0,0.409296) (4,0,-0.282582) (5,0,0) (6,0,-0.219826) (7,0,-0.753338) (8,0,0) (9,0,-0.246888) (10,0,0.927068) (11,0,0) 
ipopt_sol:
size: 3 1
(0,0,0.855305) (1,0,0) (2,0,0.696836) 
policy_sol:
size: 3 1
(0,0,0.855305) (1,0,0) (2,0,0.696836) 

policy_converges:
1
ipopt_converges:
0
