solve status: 0
N:
size: 12 2
(0,0,-0.997531) (1,0,-0.0702298) (6,0,0.997531) (7,0,0.0702298) (6,1,-0.0393187) (7,1,-0.999227) (9,1,0.0393187) (10,1,0.999227) 
Q:
size: 2 2
(0,0,2) (1,0,-0.109397) (0,1,-0.109397) (1,1,2) 
Minv:
size: 12 12
(0,0,1) (1,1,1) (2,2,2) (3,3,1) (4,4,1) (5,5,2) (6,6,1) (7,7,1) (8,8,2) (9,9,1) (10,10,1) (11,11,2) 
v0:
size: 12 1
(0,0,0.483375) (1,0,0.166736) (2,0,0) (3,0,-0.257582) (4,0,0.471894) (5,0,0) (6,0,0.405495) (7,0,0.532943) (8,0,0) (9,0,0.883568) (10,0,0.0880843) (11,0,0) 
ipopt_sol:
size: 2 1
(0,0,0.0754805) (1,0,0.429847) 
policy_sol:
size: 2 1
(0,0,0.0754805) (1,0,0.429847) 

policy_converges:
1
ipopt_converges:
0
