solve status: 0
N:
size: 12 4
(0,0,0.0369277) (1,0,-0.999318) (3,0,-0.0369277) (4,0,0.999318) (3,1,-0.734375) (4,1,0.678743) (6,1,0.734375) (7,1,-0.678743) (3,2,-0.999471) (4,2,-0.0325226) (9,2,0.999471) (10,2,0.0325226) (6,3,0.018853) (7,3,-0.999822) (9,3,-0.018853) (10,3,0.999822) 
Q:
size: 4 4
(0,0,2) (1,0,0.705399) (2,0,0.00440773) (0,1,0.705399) (1,1,2) (2,1,0.711912) (3,1,0.692468) (0,2,0.00440773) (1,2,0.711912) (2,2,2) (3,2,0.0136738) (1,3,0.692468) (2,3,0.0136738) (3,3,2) 
Minv:
size: 12 12
(0,0,1) (1,1,1) (2,2,2) (3,3,1) (4,4,1) (5,5,2) (6,6,1) (7,7,1) (8,8,2) (9,9,1) (10,10,1) (11,11,2) 
v0:
size: 12 1
(0,0,-0.408574) (1,0,0.157773) (2,0,0) (3,0,0.800324) (4,0,-0.56455) (5,0,0) (6,0,0.828419) (7,0,0.627472) (8,0,0) (9,0,0.702664) (10,0,0.463433) (11,0,0) 
ipopt_sol:
size: 4 1
(0,0,0.557773) (1,0,0.591718) (2,0,0) (3,0,0) 
policy_sol:
size: 4 1
(0,0,0.557773) (1,0,0.591718) (2,0,0) (3,0,0) 

policy_converges:
1
ipopt_converges:
0
