solve status: 0
N:
size: 12 3
(0,0,-0.0195104) (1,0,-0.99981) (3,0,0.0195104) (4,0,0.99981) (0,1,-0.679291) (1,1,-0.733869) (9,1,0.679291) (10,1,0.733869) (6,2,0.00432195) (7,2,-0.999991) (9,2,-0.00432195) (10,2,0.999991) 
Q:
size: 3 3
(0,0,2) (1,0,0.746983) (0,1,0.746983) (1,1,2) (2,1,0.730927) (1,2,0.730927) (2,2,2) 
Minv:
size: 12 12
(0,0,1) (1,1,1) (2,2,2) (3,3,1) (4,4,1) (5,5,2) (6,6,1) (7,7,1) (8,8,2) (9,9,1) (10,10,1) (11,11,2) 
v0:
size: 12 1
(0,0,-0.665995) (1,0,0.415911) (2,0,0) (3,0,-0.905469) (4,0,-0.854721) (5,0,0) (6,0,0.931902) (7,0,0.182589) (8,0,0) (9,0,-0.379067) (10,0,-0.181762) (11,0,0) 
ipopt_sol:
size: 3 1
(0,0,1.27506) (1,0,0) (2,0,0.358682) 
policy_sol:
size: 3 1
(0,0,1.27506) (1,0,0) (2,0,0.358682) 

policy_converges:
1
ipopt_converges:
0
