solve status: 0
N:
size: 12 5
(0,0,-0.0458463) (1,0,-0.998949) (3,0,0.0458463) (4,0,0.998949) (0,1,-0.99995) (1,1,-0.0100016) (6,1,0.99995) (7,1,0.0100016) (0,2,-0.731454) (1,2,-0.681891) (9,2,0.731454) (10,2,0.681891) (3,3,-0.699183) (4,3,0.714943) (6,3,0.699183) (7,3,-0.714943) (6,4,0.0339059) (7,4,-0.999425) (9,4,-0.0339059) (10,4,0.999425) 
Q:
size: 5 5
(0,0,2) (1,0,0.0558351) (2,0,0.714708) (3,0,0.682136) (0,1,0.0558351) (1,1,2) (2,1,0.738237) (3,1,0.691997) (4,1,0.0239084) (0,2,0.714708) (1,2,0.738237) (2,2,2) (4,2,0.656698) (0,3,0.682136) (1,3,0.691997) (3,3,2) (4,3,0.738238) (1,4,0.0239084) (2,4,0.656698) (3,4,0.738238) (4,4,2) 
Minv:
size: 12 12
(0,0,1) (1,1,1) (2,2,2) (3,3,1) (4,4,1) (5,5,2) (6,6,1) (7,7,1) (8,8,2) (9,9,1) (10,10,1) (11,11,2) 
v0:
size: 12 1
(0,0,0.789348) (1,0,0.866779) (2,0,0) (3,0,0.539579) (4,0,0.198633) (5,0,0) (6,0,-0.726015) (7,0,0.685012) (8,0,0) (9,0,0.681386) (10,0,0.456698) (11,0,0) 
ipopt_sol:
size: 5 1
(0,0,0.427558) (1,0,1.2863) (2,0,0) (3,0,0.631624) (4,0,0.0273816) 
policy_sol:
size: 5 1
(0,0,0.427558) (1,0,1.2863) (2,0,0) (3,0,0.631624) (4,0,0.0273816) 

policy_converges:
1
ipopt_converges:
0
