solve status: 0
N:
size: 12 1
(3,0,-0.997141) (4,0,-0.0755645) (9,0,0.997141) (10,0,0.0755645) 
Q:
size: 1 1
(0,0,2) 
Minv:
size: 12 12
(0,0,1) (1,1,1) (2,2,2) (3,3,1) (4,4,1) (5,5,2) (6,6,1) (7,7,1) (8,8,2) (9,9,1) (10,10,1) (11,11,2) 
v0:
size: 12 1
(0,0,-0.987231) (1,0,-0.518341) (2,0,0) (3,0,-0.321299) (4,0,0.792466) (5,0,0) (6,0,0.458063) (7,0,-0.783535) (8,0,0) (9,0,-0.590791) (10,0,-0.335924) (11,0,0) 
ipopt_sol:
size: 1 1
(0,0,0.353987) 
policy_sol:
size: 1 1
(0,0,0.353987) 

policy_converges:
1
ipopt_converges:
1
