solve status: 0
N:
size: 12 5
(0,0,-0.0705817) (1,0,-0.997506) (3,0,0.0705817) (4,0,0.997506) (0,1,-0.99937) (1,1,-0.0354953) (6,1,0.99937) (7,1,0.0354953) (0,2,-0.705346) (1,2,-0.708863) (9,2,0.705346) (10,2,0.708863) (3,3,-0.677545) (4,3,0.735482) (6,3,0.677545) (7,3,-0.735482) (3,4,-0.999796) (4,4,-0.0201784) (9,4,0.999796) (10,4,0.0201784) 
Q:
size: 5 5
(0,0,2) (1,0,0.105944) (2,0,0.756879) (3,0,0.685825) (4,0,-0.0906954) (0,1,0.105944) (1,1,2) (2,1,0.730063) (3,1,0.651012) (0,2,0.756879) (1,2,0.730063) (2,2,2) (4,2,0.719506) (0,3,0.685825) (1,3,0.651012) (3,3,2) (4,3,0.662566) (0,4,-0.0906954) (2,4,0.719506) (3,4,0.662566) (4,4,2) 
Minv:
size: 12 12
(0,0,1) (1,1,1) (2,2,2) (3,3,1) (4,4,1) (5,5,2) (6,6,1) (7,7,1) (8,8,2) (9,9,1) (10,10,1) (11,11,2) 
v0:
size: 12 1
(0,0,-0.362551) (1,0,0.977108) (2,0,0) (3,0,0.0348327) (4,0,-0.602099) (5,0,0) (6,0,-0.724276) (7,0,-0.28203) (8,0,0) (9,0,-0.306559) (10,0,0.81322) (11,0,0) 
ipopt_sol:
size: 5 1
(0,0,1.54741) (1,0,0.324221) (2,0,0) (3,0,0) (4,0,0.382935) 
policy_sol:
size: 5 1
(0,0,1.54741) (1,0,0.324221) (2,0,0) (3,0,0) (4,0,0.382935) 

policy_converges:
1
ipopt_converges:
0
