solve status: 0
N:
size: 12 3
(0,0,-0.671519) (1,0,-0.740987) (9,0,0.671519) (10,0,0.740987) (3,1,-0.99806) (4,1,-0.0622656) (9,1,0.99806) (10,1,0.0622656) (6,2,0.0120971) (7,2,-0.999927) (9,2,-0.0120971) (10,2,0.999927) 
Q:
size: 3 3
(0,0,2) (1,0,0.716354) (2,0,0.73281) (0,1,0.716354) (1,1,2) (2,1,0.0501874) (0,2,0.73281) (1,2,0.0501874) (2,2,2) 
Minv:
size: 12 12
(0,0,1) (1,1,1) (2,2,2) (3,3,1) (4,4,1) (5,5,2) (6,6,1) (7,7,1) (8,8,2) (9,9,1) (10,10,1) (11,11,2) 
v0:
size: 12 1
(0,0,0.760345) (1,0,-0.158026) (2,0,0) (3,0,-0.137674) (4,0,0.44849) (5,0,0) (6,0,0.841961) (7,0,0.0823752) (8,0,0) (9,0,-0.303088) (10,0,-0.230043) (11,0,0) 
ipopt_sol:
size: 3 1
(0,0,0.760142) (1,0,0) (2,0,0.0200238) 
policy_sol:
size: 3 1
(0,0,0.760142) (1,0,0) (2,0,0.0200238) 

policy_converges:
1
ipopt_converges:
0
