solve status: 0
N:
size: 12 5
(0,0,-0.0154081) (1,0,-0.999881) (3,0,0.0154081) (4,0,0.999881) (0,1,-0.998049) (1,1,0.0624313) (6,1,0.998049) (7,1,-0.0624313) (0,2,-0.706202) (1,2,-0.708011) (9,2,0.706202) (10,2,0.708011) (3,3,-0.705666) (4,3,0.708544) (6,3,0.705666) (7,3,-0.708544) (6,4,0.0355259) (7,4,-0.999369) (9,4,-0.0355259) (10,4,0.999369) 
Q:
size: 5 5
(0,0,2) (1,0,-0.0470458) (2,0,0.718808) (3,0,0.697587) (0,1,-0.0470458) (1,1,2) (2,1,0.660622) (3,1,0.748525) (4,1,0.0978485) (0,2,0.718808) (1,2,0.660622) (2,2,2) (4,2,0.682475) (0,3,0.697587) (1,3,0.748525) (3,3,2) (4,3,0.733166) (1,4,0.0978485) (2,4,0.682475) (3,4,0.733166) (4,4,2) 
Minv:
size: 12 12
(0,0,1) (1,1,1) (2,2,2) (3,3,1) (4,4,1) (5,5,2) (6,6,1) (7,7,1) (8,8,2) (9,9,1) (10,10,1) (11,11,2) 
v0:
size: 12 1
(0,0,-0.338731) (1,0,0.709708) (2,0,0) (3,0,-0.772288) (4,0,0.163035) (5,0,0) (6,0,-0.753745) (7,0,0.385734) (8,0,0) (9,0,-0.692162) (10,0,0.292083) (11,0,0) 
ipopt_sol:
size: 5 1
(0,0,0.461562) (1,0,0.313751) (2,0,0.275755) (3,0,0) (4,0,0) 
policy_sol:
size: 5 1
(0,0,0.461562) (1,0,0.313751) (2,0,0.275755) (3,0,0) (4,0,0) 

policy_converges:
1
ipopt_converges:
0
