solve status: 0
N:
size: 12 3
(0,0,0.0757347) (1,0,-0.997128) (3,0,-0.0757347) (4,0,0.997128) (0,1,-0.700119) (1,1,-0.714026) (9,1,0.700119) (10,1,0.714026) (6,2,0.0171244) (7,2,-0.999853) (9,2,-0.0171244) (10,2,0.999853) 
Q:
size: 3 3
(0,0,2) (1,0,0.658952) (0,1,0.658952) (1,1,2) (2,1,0.701932) (1,2,0.701932) (2,2,2) 
Minv:
size: 12 12
(0,0,1) (1,1,1) (2,2,2) (3,3,1) (4,4,1) (5,5,2) (6,6,1) (7,7,1) (8,8,2) (9,9,1) (10,10,1) (11,11,2) 
v0:
size: 12 1
(0,0,0.417415) (1,0,0.650648) (2,0,0) (3,0,-0.801673) (4,0,-0.99755) (5,0,0) (6,0,0.93138) (7,0,0.725549) (8,0,0) (9,0,-0.489064) (10,0,0.0291765) (11,0,0) 
ipopt_sol:
size: 3 1
(0,0,1.40897) (1,0,0.431487) (2,0,0.520509) 
policy_sol:
size: 3 1
(0,0,1.40897) (1,0,0.431487) (2,0,0.520509) 

policy_converges:
1
ipopt_converges:
1
