solve status: 0
N:
size: 12 4
(0,0,-0.999941) (1,0,0.0108366) (6,0,0.999941) (7,0,-0.0108366) (0,1,-0.720569) (1,1,-0.693383) (9,1,0.720569) (10,1,0.693383) (3,2,-0.675537) (4,2,0.737326) (6,2,0.675537) (7,2,-0.737326) (6,3,-0.008054) (7,3,-0.999968) (9,3,0.008054) (10,3,0.999968) 
Q:
size: 4 4
(0,0,2) (1,0,0.713013) (2,0,0.683488) (3,0,0.00278269) (0,1,0.713013) (1,1,2) (3,1,0.699164) (0,2,0.683488) (2,2,2) (3,2,0.731861) (0,3,0.00278269) (1,3,0.699164) (2,3,0.731861) (3,3,2) 
Minv:
size: 12 12
(0,0,1) (1,1,1) (2,2,2) (3,3,1) (4,4,1) (5,5,2) (6,6,1) (7,7,1) (8,8,2) (9,9,1) (10,10,1) (11,11,2) 
v0:
size: 12 1
(0,0,0.871996) (1,0,-0.748953) (2,0,0) (3,0,-0.697501) (4,0,-0.592333) (5,0,0) (6,0,-0.532296) (7,0,0.140192) (8,0,0) (9,0,-0.553773) (10,0,-0.169874) (11,0,0) 
ipopt_sol:
size: 4 1
(0,0,1.40669) (1,0,0.01889) (2,0,0) (3,0,0.301669) 
policy_sol:
size: 4 1
(0,0,1.40669) (1,0,0.01889) (2,0,0) (3,0,0.301669) 

policy_converges:
1
ipopt_converges:
0
