solve status: 0
N:
size: 12 5
(0,0,-0.996867) (1,0,0.0791005) (6,0,0.996867) (7,0,-0.0791005) (0,1,-0.709514) (1,1,-0.704691) (9,1,0.709514) (10,1,0.704691) (3,2,-0.71599) (4,2,0.69811) (6,2,0.71599) (7,2,-0.69811) (3,3,-0.999696) (4,3,0.0246689) (9,3,0.999696) (10,3,-0.0246689) (6,4,0.0606032) (7,4,-0.998162) (9,4,-0.0606032) (10,4,0.998162) 
Q:
size: 5 5
(0,0,2) (1,0,0.65155) (2,0,0.768968) (4,0,0.139368) (0,1,0.65155) (1,1,2) (3,1,0.691914) (4,1,0.660397) (0,2,0.768968) (2,2,2) (3,2,0.732994) (4,2,0.740219) (1,3,0.691914) (2,3,0.732994) (3,3,2) (4,3,-0.0852083) (0,4,0.139368) (1,4,0.660397) (2,4,0.740219) (3,4,-0.0852083) (4,4,2) 
Minv:
size: 12 12
(0,0,1) (1,1,1) (2,2,2) (3,3,1) (4,4,1) (5,5,2) (6,6,1) (7,7,1) (8,8,2) (9,9,1) (10,10,1) (11,11,2) 
v0:
size: 12 1
(0,0,0.287157) (1,0,0.808047) (2,0,0) (3,0,0.260192) (4,0,0.842958) (5,0,0) (6,0,-0.693641) (7,0,0.311886) (8,0,0) (9,0,0.167391) (10,0,-0.738787) (11,0,0) 
ipopt_sol:
size: 5 1
(0,0,0.656763) (1,0,0.68762) (2,0,0) (3,0,0) (4,0,0.828106) 
policy_sol:
size: 5 1
(0,0,0.656763) (1,0,0.68762) (2,0,0) (3,0,0) (4,0,0.828106) 

policy_converges:
1
ipopt_converges:
0
