solve status: 0
N:
size: 12 3
(0,0,-0.999895) (1,0,-0.0144952) (6,0,0.999895) (7,0,0.0144952) (3,1,-0.65669) (4,1,0.754161) (6,1,0.65669) (7,1,-0.754161) (6,2,-0.035989) (7,2,-0.999352) (9,2,0.035989) (10,2,0.999352) 
Q:
size: 3 3
(0,0,2) (1,0,0.645689) (2,0,-0.050471) (0,1,0.645689) (1,1,2) (2,1,0.730038) (0,2,-0.050471) (1,2,0.730038) (2,2,2) 
Minv:
size: 12 12
(0,0,1) (1,1,1) (2,2,2) (3,3,1) (4,4,1) (5,5,2) (6,6,1) (7,7,1) (8,8,2) (9,9,1) (10,10,1) (11,11,2) 
v0:
size: 12 1
(0,0,-0.527769) (1,0,-0.822514) (2,0,0) (3,0,0.186675) (4,0,0.29366) (5,0,0) (6,0,-0.808209) (7,0,0.456756) (8,0,0) (9,0,0.691012) (10,0,0.351923) (11,0,0) 
ipopt_sol:
size: 3 1
(0,0,0.0125405) (1,0,0.772282) (2,0,0) 
policy_sol:
size: 3 1
(0,0,0.0125405) (1,0,0.772282) (2,0,0) 

policy_converges:
1
ipopt_converges:
0
