solve status: 0
N:
size: 12 6
(0,0,-0.00771318) (1,0,-0.99997) (3,0,0.00771318) (4,0,0.99997) (0,1,-0.998594) (1,1,0.0530025) (6,1,0.998594) (7,1,-0.0530025) (0,2,-0.697356) (1,2,-0.716725) (9,2,0.697356) (10,2,0.716725) (3,3,-0.699482) (4,3,0.714651) (6,3,0.699482) (7,3,-0.714651) (3,4,-0.998642) (4,4,-0.0520995) (9,4,0.998642) (10,4,0.0520995) (6,5,0.0143908) (7,5,-0.999896) (9,5,-0.0143908) (10,5,0.999896) 
Q:
size: 6 6
(0,0,2) (1,0,-0.0452986) (2,0,0.722082) (3,0,0.709234) (4,0,-0.0598006) (0,1,-0.0452986) (1,1,2) (2,1,0.658388) (3,1,0.736377) (5,1,0.0673676) (0,2,0.722082) (1,2,0.658388) (2,2,2) (4,2,0.73375) (5,2,0.706615) (0,3,0.709234) (1,3,0.736377) (3,3,2) (4,3,0.661299) (5,3,0.724643) (0,4,-0.0598006) (2,4,0.73375) (3,4,0.661299) (4,4,2) (5,4,0.0377228) (1,5,0.0673676) (2,5,0.706615) (3,5,0.724643) (4,5,0.0377228) (5,5,2) 
Minv:
size: 12 12
(0,0,1) (1,1,1) (2,2,2) (3,3,1) (4,4,1) (5,5,2) (6,6,1) (7,7,1) (8,8,2) (9,9,1) (10,10,1) (11,11,2) 
v0:
size: 12 1
(0,0,0.93203) (1,0,-0.0557952) (2,0,0) (3,0,-0.251722) (4,0,-0.714639) (5,0,0) (6,0,-0.957304) (7,0,0.715271) (8,0,0) (9,0,-0.492892) (10,0,-0.762837) (11,0,0) 
ipopt_sol:
size: 6 1
(0,0,0.553978) (1,0,1.74664) (2,0,0.246741) (3,0,0.188759) (4,0,0.0830529) (5,0,1.26867) 
policy_sol:
size: 6 1
(0,0,0.465606) (1,0,1.66541) (2,0,0.36403) (3,0,0.306358) (4,0,0) (5,0,1.18893) 

policy_converges:
1
ipopt_converges:
0
