solve status: 0
N:
size: 12 3
(0,0,0.0155394) (1,0,-0.999879) (3,0,-0.0155394) (4,0,0.999879) (0,1,-0.999514) (1,1,0.0311665) (6,1,0.999514) (7,1,-0.0311665) (0,2,-0.703216) (1,2,-0.710976) (9,2,0.703216) (10,2,0.710976) 
Q:
size: 3 3
(0,0,2) (1,0,-0.0466946) (2,0,0.699963) (0,1,-0.0466946) (1,1,2) (2,1,0.680716) (0,2,0.699963) (1,2,0.680716) (2,2,2) 
Minv:
size: 12 12
(0,0,1) (1,1,1) (2,2,2) (3,3,1) (4,4,1) (5,5,2) (6,6,1) (7,7,1) (8,8,2) (9,9,1) (10,10,1) (11,11,2) 
v0:
size: 12 1
(0,0,0.913386) (1,0,0.167903) (2,0,0) (3,0,-0.660683) (4,0,-0.488858) (5,0,0) (6,0,-0.219936) (7,0,-0.939595) (8,0,0) (9,0,0.353613) (10,0,0.285066) (11,0,0) 
ipopt_sol:
size: 3 1
(0,0,0.658222) (1,0,1.11362) (2,0,0) 
policy_sol:
size: 3 1
(0,0,0.658222) (1,0,1.11362) (2,0,0) 

policy_converges:
1
ipopt_converges:
0
