solve status: 0
N:
size: 12 3
(0,0,-0.000754544) (1,0,-1) (3,0,0.000754544) (4,0,1) (0,1,-0.723025) (1,1,-0.690822) (9,1,0.723025) (10,1,0.690822) (6,2,-0.0353077) (7,2,-0.999376) (9,2,0.0353077) (10,2,0.999376) 
Q:
size: 3 3
(0,0,2) (1,0,0.691367) (0,1,0.691367) (1,1,2) (2,1,0.715919) (1,2,0.715919) (2,2,2) 
Minv:
size: 12 12
(0,0,1) (1,1,1) (2,2,2) (3,3,1) (4,4,1) (5,5,2) (6,6,1) (7,7,1) (8,8,2) (9,9,1) (10,10,1) (11,11,2) 
v0:
size: 12 1
(0,0,0.3976) (1,0,0.636062) (2,0,0) (3,0,0.348158) (4,0,0.513337) (5,0,0) (6,0,0.994014) (7,0,0.238163) (8,0,0) (9,0,0.660753) (10,0,-0.0579825) (11,0,0) 
ipopt_sol:
size: 3 1
(0,0,0.0599985) (1,0,0.181565) (2,0,0.242735) 
policy_sol:
size: 3 1
(0,0,0.0599985) (1,0,0.181565) (2,0,0.242735) 

policy_converges:
1
ipopt_converges:
0
