solve status: 0
N:
size: 12 3
(0,0,-0.999769) (1,0,-0.0214773) (6,0,0.999769) (7,0,0.0214773) (0,1,-0.702413) (1,1,-0.711769) (9,1,0.702413) (10,1,0.711769) (6,2,0.0668125) (7,2,-0.997766) (9,2,-0.0668125) (10,2,0.997766) 
Q:
size: 3 3
(0,0,2) (1,0,0.717538) (2,0,0.0453677) (0,1,0.717538) (1,1,2) (2,1,0.663249) (0,2,0.0453677) (1,2,0.663249) (2,2,2) 
Minv:
size: 12 12
(0,0,1) (1,1,1) (2,2,2) (3,3,1) (4,4,1) (5,5,2) (6,6,1) (7,7,1) (8,8,2) (9,9,1) (10,10,1) (11,11,2) 
v0:
size: 12 1
(0,0,0.854216) (1,0,0.377937) (2,0,0) (3,0,-0.358577) (4,0,0.548699) (5,0,0) (6,0,-0.323162) (7,0,0.111648) (8,0,0) (9,0,0.0458038) (10,0,-0.380033) (11,0,0) 
ipopt_sol:
size: 3 1
(0,0,0.931109) (1,0,0.684729) (2,0,0.26704) 
policy_sol:
size: 3 1
(0,0,0.931109) (1,0,0.684729) (2,0,0.26704) 

policy_converges:
1
ipopt_converges:
1
