solve status: 0
N:
size: 12 3
(0,0,-0.0418924) (1,0,-0.999122) (3,0,0.0418924) (4,0,0.999122) (0,1,-0.999798) (1,1,0.0200821) (6,1,0.999798) (7,1,-0.0200821) (3,2,-0.701008) (4,2,0.713153) (6,2,0.701008) (7,2,-0.713153) 
Q:
size: 3 3
(0,0,2) (1,0,0.0218195) (2,0,0.683161) (0,1,0.0218195) (1,1,2) (2,1,0.715188) (0,2,0.683161) (1,2,0.715188) (2,2,2) 
Minv:
size: 12 12
(0,0,1) (1,1,1) (2,2,2) (3,3,1) (4,4,1) (5,5,2) (6,6,1) (7,7,1) (8,8,2) (9,9,1) (10,10,1) (11,11,2) 
v0:
size: 12 1
(0,0,0.00851144) (1,0,0.879917) (2,0,0) (3,0,0.644946) (4,0,-0.891274) (5,0,0) (6,0,-0.965896) (7,0,-0.226763) (8,0,0) (9,0,0.959808) (10,0,0.807801) (11,0,0) 
ipopt_sol:
size: 3 1
(0,0,1.43095) (1,0,0.616766) (2,0,0.893775) 
policy_sol:
size: 3 1
(0,0,1.43095) (1,0,0.616766) (2,0,0.893775) 

policy_converges:
1
ipopt_converges:
1
