solve status: 0
N:
size: 12 1
(3,0,-0.999995) (4,0,0.00324579) (9,0,0.999995) (10,0,-0.00324579) 
Q:
size: 1 1
(0,0,2) 
Minv:
size: 12 12
(0,0,1) (1,1,1) (2,2,2) (3,3,1) (4,4,1) (5,5,2) (6,6,1) (7,7,1) (8,8,2) (9,9,1) (10,10,1) (11,11,2) 
v0:
size: 12 1
(0,0,-0.822616) (1,0,-0.414604) (2,0,0) (3,0,0.517278) (4,0,0.167526) (5,0,0) (6,0,-0.0990647) (7,0,-0.57985) (8,0,0) (9,0,0.235414) (10,0,-0.110285) (11,0,0) 
ipopt_sol:
size: 1 1
(0,0,0.28096) 
policy_sol:
size: 1 1
(0,0,0.28096) 

policy_converges:
1
ipopt_converges:
1
