solve status: 0
N:
size: 12 5
(0,0,-0.0572833) (1,0,-0.998358) (3,0,0.0572833) (4,0,0.998358) (0,1,-0.999887) (1,1,0.0150273) (6,1,0.999887) (7,1,-0.0150273) (0,2,-0.718337) (1,2,-0.695696) (9,2,0.718337) (10,2,0.695696) (3,3,-0.701887) (4,3,0.712289) (6,3,0.701887) (7,3,-0.712289) (6,4,-0.0369635) (7,4,-0.999317) (9,4,0.0369635) (10,4,0.999317) 
Q:
size: 5 5
(0,0,2) (1,0,0.0422742) (2,0,0.735702) (3,0,0.670913) (0,1,0.0422742) (1,1,2) (2,1,0.707801) (3,1,0.712511) (4,1,-0.0219423) (0,2,0.735702) (1,2,0.707801) (2,2,2) (4,2,0.721772) (0,3,0.670913) (1,3,0.712511) (3,3,2) (4,3,0.685858) (1,4,-0.0219423) (2,4,0.721772) (3,4,0.685858) (4,4,2) 
Minv:
size: 12 12
(0,0,1) (1,1,1) (2,2,2) (3,3,1) (4,4,1) (5,5,2) (6,6,1) (7,7,1) (8,8,2) (9,9,1) (10,10,1) (11,11,2) 
v0:
size: 12 1
(0,0,0.740319) (1,0,-0.545465) (2,0,0) (3,0,-0.704125) (4,0,-0.888508) (5,0,0) (6,0,-0.766974) (7,0,0.962707) (8,0,0) (9,0,-0.52273) (10,0,0.123868) (11,0,0) 
ipopt_sol:
size: 5 1
(0,0,0.191848) (1,0,1.31434) (2,0,0) (3,0,0.612873) (4,0,0.633486) 
policy_sol:
size: 5 1
(0,0,0.191848) (1,0,1.31434) (2,0,0) (3,0,0.612873) (4,0,0.633486) 

policy_converges:
1
ipopt_converges:
0
