solve status: 0
N:
size: 12 1
(0,0,-0.999972) (1,0,-0.00743567) (6,0,0.999972) (7,0,0.00743567) 
Q:
size: 1 1
(0,0,2) 
Minv:
size: 12 12
(0,0,1) (1,1,1) (2,2,2) (3,3,1) (4,4,1) (5,5,2) (6,6,1) (7,7,1) (8,8,2) (9,9,1) (10,10,1) (11,11,2) 
v0:
size: 12 1
(0,0,-0.498071) (1,0,-0.534702) (2,0,0) (3,0,-0.910728) (4,0,0.894004) (5,0,0) (6,0,-0.566915) (7,0,-0.0422347) (8,0,0) (9,0,0.266109) (10,0,0.184122) (11,0,0) 
ipopt_sol:
size: 1 1
(0,0,0.0651803) 
policy_sol:
size: 1 1
(0,0,0.0651803) 

policy_converges:
1
ipopt_converges:
0
