solve status: 0
N:
size: 12 5
(0,0,0.0610027) (1,0,-0.998138) (3,0,-0.0610027) (4,0,0.998138) (0,1,-0.999637) (1,1,0.0269352) (6,1,0.999637) (7,1,-0.0269352) (3,2,-0.696657) (4,2,0.717404) (6,2,0.696657) (7,2,-0.717404) (3,3,-0.997431) (4,3,0.0716306) (9,3,0.997431) (10,3,-0.0716306) (6,4,0.0335708) (7,4,-0.999436) (9,4,-0.0335708) (10,4,0.999436) 
Q:
size: 5 5
(0,0,2) (1,0,-0.0878655) (2,0,0.758566) (3,0,0.132343) (0,1,-0.0878655) (1,1,2) (2,1,0.715728) (4,1,0.0604786) (0,2,0.758566) (1,2,0.715728) (2,2,2) (3,2,0.746256) (4,2,0.740387) (0,3,0.132343) (2,3,0.746256) (3,3,2) (4,3,-0.105075) (1,4,0.0604786) (2,4,0.740387) (3,4,-0.105075) (4,4,2) 
Minv:
size: 12 12
(0,0,1) (1,1,1) (2,2,2) (3,3,1) (4,4,1) (5,5,2) (6,6,1) (7,7,1) (8,8,2) (9,9,1) (10,10,1) (11,11,2) 
v0:
size: 12 1
(0,0,0.0702538) (1,0,0.519234) (2,0,0) (3,0,0.688252) (4,0,-0.800034) (5,0,0) (6,0,-0.29643) (7,0,0.493365) (8,0,0) (9,0,0.435463) (10,0,0.235418) (11,0,0) 
ipopt_sol:
size: 5 1
(0,0,0.867138) (1,0,0) (2,0,1.28498) (3,0,0) (4,0,0) 
policy_sol:
size: 5 1
(0,0,0.867138) (1,0,0) (2,0,1.28498) (3,0,0) (4,0,0) 

policy_converges:
1
ipopt_converges:
0
