solve status: 0
N:
size: 12 5
(0,0,-0.998814) (1,0,0.0486933) (6,0,0.998814) (7,0,-0.0486933) (0,1,-0.680101) (1,1,-0.733118) (9,1,0.680101) (10,1,0.733118) (3,2,-0.715909) (4,2,0.698193) (6,2,0.715909) (7,2,-0.698193) (3,3,-0.998597) (4,3,-0.0529593) (9,3,0.998597) (10,3,0.0529593) (6,4,0.0238727) (7,4,-0.999715) (9,4,-0.0238727) (10,4,0.999715) 
Q:
size: 5 5
(0,0,2) (1,0,0.643597) (2,0,0.749057) (4,0,0.0725238) (0,1,0.643597) (1,1,2) (3,1,0.717972) (4,1,0.716673) (0,2,0.749057) (2,2,2) (3,2,0.677929) (4,2,0.715085) (1,3,0.717972) (2,3,0.677929) (3,3,2) (4,3,0.029105) (0,4,0.0725238) (1,4,0.716673) (2,4,0.715085) (3,4,0.029105) (4,4,2) 
Minv:
size: 12 12
(0,0,1) (1,1,1) (2,2,2) (3,3,1) (4,4,1) (5,5,2) (6,6,1) (7,7,1) (8,8,2) (9,9,1) (10,10,1) (11,11,2) 
v0:
size: 12 1
(0,0,0.711217) (1,0,-0.17556) (2,0,0) (3,0,0.851742) (4,0,0.593118) (5,0,0) (6,0,-0.904121) (7,0,0.307094) (8,0,0) (9,0,-0.827282) (10,0,0.273064) (11,0,0) 
ipopt_sol:
size: 5 1
(0,0,1.63692) (1,0,0) (2,0,0) (3,0,1.69362) (4,0,0) 
policy_sol:
size: 5 1
(0,0,1.63692) (1,0,0) (2,0,0) (3,0,1.69362) (4,0,0) 

policy_converges:
1
ipopt_converges:
0
