solve status: 0
N:
size: 12 3
(0,0,-0.998602) (1,0,0.0528517) (6,0,0.998602) (7,0,-0.0528517) (0,1,-0.714324) (1,1,-0.699815) (9,1,0.714324) (10,1,0.699815) (3,2,-0.999777) (4,2,0.0211302) (9,2,0.999777) (10,2,-0.0211302) 
Q:
size: 3 3
(0,0,2) (1,0,0.676339) (0,1,0.676339) (1,1,2) (2,1,0.699377) (1,2,0.699377) (2,2,2) 
Minv:
size: 12 12
(0,0,1) (1,1,1) (2,2,2) (3,3,1) (4,4,1) (5,5,2) (6,6,1) (7,7,1) (8,8,2) (9,9,1) (10,10,1) (11,11,2) 
v0:
size: 12 1
(0,0,0.584644) (1,0,-0.838609) (2,0,0) (3,0,-0.39562) (4,0,0.100587) (5,0,0) (6,0,-0.850085) (7,0,-0.567709) (8,0,0) (9,0,-0.413056) (10,0,0.0807982) (11,0,0) 
ipopt_sol:
size: 3 1
(0,0,1.44704) (1,0,0) (2,0,0.0170136) 
policy_sol:
size: 3 1
(0,0,1.44704) (1,0,0) (2,0,0.0170136) 

policy_converges:
1
ipopt_converges:
0
