solve status: 0
N:
size: 12 2
(0,0,-0.998449) (1,0,0.0556734) (6,0,0.998449) (7,0,-0.0556734) (0,1,-0.703859) (1,1,-0.71034) (9,1,0.703859) (10,1,0.71034) 
Q:
size: 2 2
(0,0,2) (1,0,0.66322) (0,1,0.66322) (1,1,2) 
Minv:
size: 12 12
(0,0,1) (1,1,1) (2,2,2) (3,3,1) (4,4,1) (5,5,2) (6,6,1) (7,7,1) (8,8,2) (9,9,1) (10,10,1) (11,11,2) 
v0:
size: 12 1
(0,0,0.814566) (1,0,0.417255) (2,0,0) (3,0,-0.711896) (4,0,0.796253) (5,0,0) (6,0,-0.59938) (7,0,0.291484) (8,0,0) (9,0,0.292089) (10,0,0.423974) (11,0,0) 
ipopt_sol:
size: 2 1
(0,0,1.40475) (1,0,0) 
policy_sol:
size: 2 1
(0,0,1.40475) (1,0,0) 

policy_converges:
1
ipopt_converges:
0
