solve status: 0
N:
size: 12 2
(0,0,-0.999768) (1,0,-0.0215306) (6,0,0.999768) (7,0,0.0215306) (0,1,-0.691202) (1,1,-0.722662) (9,1,0.691202) (10,1,0.722662) 
Q:
size: 2 2
(0,0,2) (1,0,0.706601) (0,1,0.706601) (1,1,2) 
Minv:
size: 12 12
(0,0,1) (1,1,1) (2,2,2) (3,3,1) (4,4,1) (5,5,2) (6,6,1) (7,7,1) (8,8,2) (9,9,1) (10,10,1) (11,11,2) 
v0:
size: 12 1
(0,0,0.831158) (1,0,0.301128) (2,0,0) (3,0,0.232831) (4,0,0.755598) (5,0,0) (6,0,-0.450546) (7,0,-0.149512) (8,0,0) (9,0,0.751402) (10,0,-0.104085) (11,0,0) 
ipopt_sol:
size: 2 1
(0,0,1.29111) (1,0,0) 
policy_sol:
size: 2 1
(0,0,1.29111) (1,0,0) 

policy_converges:
1
ipopt_converges:
0
