solve status: 0
N:
size: 12 5
(0,0,0.0254991) (1,0,-0.999675) (3,0,-0.0254991) (4,0,0.999675) (0,1,-0.739005) (1,1,-0.6737) (9,1,0.739005) (10,1,0.6737) (3,2,-0.716257) (4,2,0.697837) (6,2,0.716257) (7,2,-0.697837) (3,3,-0.996915) (4,3,0.0784902) (9,3,0.996915) (10,3,-0.0784902) (6,4,-0.0118123) (7,4,-0.99993) (9,4,0.0118123) (10,4,0.99993) 
Q:
size: 5 5
(0,0,2) (1,0,0.654637) (2,0,0.715874) (3,0,0.103885) (0,1,0.654637) (1,1,2) (3,1,0.683846) (4,1,0.682383) (0,2,0.715874) (2,2,2) (3,2,0.76882) (4,2,0.689328) (0,3,0.103885) (1,3,0.683846) (2,3,0.76882) (3,3,2) (4,3,-0.0667089) (1,4,0.682383) (2,4,0.689328) (3,4,-0.0667089) (4,4,2) 
Minv:
size: 12 12
(0,0,1) (1,1,1) (2,2,2) (3,3,1) (4,4,1) (5,5,2) (6,6,1) (7,7,1) (8,8,2) (9,9,1) (10,10,1) (11,11,2) 
v0:
size: 12 1
(0,0,-0.177109) (1,0,0.928238) (2,0,0) (3,0,0.96049) (4,0,0.165492) (5,0,0) (6,0,-0.0846523) (7,0,0.219705) (8,0,0) (9,0,0.691155) (10,0,-0.904439) (11,0,0) 
ipopt_sol:
size: 5 1
(0,0,0.754124) (1,0,0) (2,0,0.0826704) (3,0,0.149978) (4,0,1.09141) 
policy_sol:
size: 5 1
(0,0,0.754124) (1,0,0) (2,0,0.0826704) (3,0,0.149978) (4,0,1.09141) 

policy_converges:
1
ipopt_converges:
0
