solve status: 0
N:
size: 12 2
(3,0,-0.702322) (4,0,0.71186) (6,0,0.702322) (7,0,-0.71186) (6,1,-0.0414997) (7,1,-0.999139) (9,1,0.0414997) (10,1,0.999139) 
Q:
size: 2 2
(0,0,2) (1,0,0.6821) (0,1,0.6821) (1,1,2) 
Minv:
size: 12 12
(0,0,1) (1,1,1) (2,2,2) (3,3,1) (4,4,1) (5,5,2) (6,6,1) (7,7,1) (8,8,2) (9,9,1) (10,10,1) (11,11,2) 
v0:
size: 12 1
(0,0,0.159417) (1,0,-0.618336) (2,0,0) (3,0,0.569317) (4,0,-0.384603) (5,0,0) (6,0,0.745155) (7,0,0.68716) (8,0,0) (9,0,0.564356) (10,0,-0.0802791) (11,0,0) 
ipopt_sol:
size: 2 1
(0,0,0.424791) (1,0,0.629406) 
policy_sol:
size: 2 1
(0,0,0.424791) (1,0,0.629406) 

policy_converges:
1
ipopt_converges:
1
