solve status: 0
N:
size: 12 3
(0,0,-0.0704873) (1,0,-0.997513) (3,0,0.0704873) (4,0,0.997513) (0,1,-0.998776) (1,1,0.0494629) (6,1,0.998776) (7,1,-0.0494629) (6,2,0.0446065) (7,2,-0.999005) (9,2,-0.0446065) (10,2,0.999005) 
Q:
size: 3 3
(0,0,2) (1,0,0.0210612) (0,1,0.0210612) (1,1,2) (2,1,0.0939656) (1,2,0.0939656) (2,2,2) 
Minv:
size: 12 12
(0,0,1) (1,1,1) (2,2,2) (3,3,1) (4,4,1) (5,5,2) (6,6,1) (7,7,1) (8,8,2) (9,9,1) (10,10,1) (11,11,2) 
v0:
size: 12 1
(0,0,0.547649) (1,0,-0.0618969) (2,0,0) (3,0,-0.413955) (4,0,-0.00101979) (5,0,0) (6,0,-0.030801) (7,0,0.0302238) (8,0,0) (9,0,0.905398) (10,0,-0.433768) (11,0,0) 
ipopt_sol:
size: 3 1
(0,0,0.00116047) (1,0,0.559782) (2,0,0.47899) 
policy_sol:
size: 3 1
(0,0,0.00116043) (1,0,0.559782) (2,0,0.47899) 

policy_converges:
1
ipopt_converges:
0
