solve status: 0
N:
size: 12 6
(0,0,-0.00275876) (1,0,-0.999996) (3,0,0.00275876) (4,0,0.999996) (0,1,-0.999283) (1,1,0.0378584) (6,1,0.999283) (7,1,-0.0378584) (0,2,-0.732158) (1,2,-0.681135) (9,2,0.732158) (10,2,0.681135) (3,3,-0.680878) (4,3,0.732396) (6,3,0.680878) (7,3,-0.732396) (3,4,-0.998166) (4,4,0.0605302) (9,4,0.998166) (10,4,-0.0605302) (6,5,-0.0438726) (7,5,-0.999037) (9,5,0.0438726) (10,5,0.999037) 
Q:
size: 6 6
(0,0,2) (1,0,-0.0351015) (2,0,0.683152) (3,0,0.730515) (4,0,0.0577763) (0,1,-0.0351015) (1,1,2) (2,1,0.705846) (3,1,0.708118) (5,1,-0.00601917) (0,2,0.683152) (1,2,0.705846) (2,2,2) (4,2,0.689586) (5,2,0.712601) (0,3,0.730515) (1,3,0.708118) (3,3,2) (4,3,0.723962) (5,3,0.701819) (0,4,0.0577763) (2,4,0.689586) (3,4,0.723962) (4,4,2) (5,4,-0.0166798) (1,5,-0.00601917) (2,5,0.712601) (3,5,0.701819) (4,5,-0.0166798) (5,5,2) 
Minv:
size: 12 12
(0,0,1) (1,1,1) (2,2,2) (3,3,1) (4,4,1) (5,5,2) (6,6,1) (7,7,1) (8,8,2) (9,9,1) (10,10,1) (11,11,2) 
v0:
size: 12 1
(0,0,0.977006) (1,0,0.684111) (2,0,0) (3,0,0.0696119) (4,0,0.0942617) (5,0,0) (6,0,0.403829) (7,0,0.488782) (8,0,0) (9,0,-0.278258) (10,0,-0.756573) (11,0,0) 
ipopt_sol:
size: 6 1
(0,0,0.0305363) (1,0,0) (2,0,1.64477) (3,0,0) (4,0,0) (5,0,0.688049) 
policy_sol:
size: 6 1
(0,0,0.0305363) (1,0,0) (2,0,1.64477) (3,0,0) (4,0,0) (5,0,0.688049) 

policy_converges:
1
ipopt_converges:
0
