solve status: 0
N:
size: 12 3
(0,0,-0.00699158) (1,0,-0.999976) (3,0,0.00699158) (4,0,0.999976) (0,1,-0.996729) (1,1,-0.0808178) (6,1,0.996729) (7,1,0.0808178) (0,2,-0.688155) (1,2,-0.725564) (9,2,0.688155) (10,2,0.725564) 
Q:
size: 3 3
(0,0,2) (1,0,0.0877845) (2,0,0.730357) (0,1,0.0877845) (1,1,2) (2,1,0.744542) (0,2,0.730357) (1,2,0.744542) (2,2,2) 
Minv:
size: 12 12
(0,0,1) (1,1,1) (2,2,2) (3,3,1) (4,4,1) (5,5,2) (6,6,1) (7,7,1) (8,8,2) (9,9,1) (10,10,1) (11,11,2) 
v0:
size: 12 1
(0,0,0.989502) (1,0,0.868419) (2,0,0) (3,0,-0.256592) (4,0,0.8603) (5,0,0) (6,0,0.838291) (7,0,-0.0579591) (8,0,0) (9,0,0.444448) (10,0,0.611394) (11,0,0) 
ipopt_sol:
size: 3 1
(0,0,0) (1,0,0.019187) (2,0,0.554427) 
policy_sol:
size: 3 1
(0,0,0) (1,0,0.019187) (2,0,0.554427) 

policy_converges:
1
ipopt_converges:
0
