solve status: 0
N:
size: 12 5
(0,0,0.0175868) (1,0,-0.999845) (3,0,-0.0175868) (4,0,0.999845) (0,1,-0.999877) (1,1,0.0156894) (6,1,0.999877) (7,1,-0.0156894) (0,2,-0.711329) (1,2,-0.702859) (9,2,0.711329) (10,2,0.702859) (3,3,-0.719282) (4,3,0.694719) (6,3,0.719282) (7,3,-0.694719) (3,4,-0.999995) (4,4,0.00304537) (9,4,0.999995) (10,4,-0.00304537) 
Q:
size: 5 5
(0,0,2) (1,0,-0.0332716) (2,0,0.69024) (3,0,0.707261) (4,0,0.0206317) (0,1,-0.0332716) (1,1,2) (2,1,0.700214) (3,1,0.730093) (0,2,0.69024) (1,2,0.700214) (2,2,2) (4,2,0.709186) (0,3,0.707261) (1,3,0.730093) (3,3,2) (4,3,0.721394) (0,4,0.0206317) (2,4,0.709186) (3,4,0.721394) (4,4,2) 
Minv:
size: 12 12
(0,0,1) (1,1,1) (2,2,2) (3,3,1) (4,4,1) (5,5,2) (6,6,1) (7,7,1) (8,8,2) (9,9,1) (10,10,1) (11,11,2) 
v0:
size: 12 1
(0,0,0.777973) (1,0,0.682168) (2,0,0) (3,0,0.623698) (4,0,-0.746754) (5,0,0) (6,0,-0.166529) (7,0,-0.891259) (8,0,0) (9,0,0.45429) (10,0,-0.843573) (11,0,0) 
ipopt_sol:
size: 5 1
(0,0,1.22076) (1,0,0.719665) (2,0,0.629358) (3,0,0) (4,0,0) 
policy_sol:
size: 5 1
(0,0,1.22076) (1,0,0.719665) (2,0,0.629358) (3,0,0) (4,0,0) 

policy_converges:
1
ipopt_converges:
0
