solve status: 0
N:
size: 12 5
(0,0,0.0243768) (1,0,-0.999703) (3,0,-0.0243768) (4,0,0.999703) (0,1,-0.999735) (1,1,0.0230056) (6,1,0.999735) (7,1,-0.0230056) (0,2,-0.730875) (1,2,-0.682511) (9,2,0.730875) (10,2,0.682511) (3,3,-0.693811) (4,3,0.720157) (6,3,0.693811) (7,3,-0.720157) (3,4,-0.998355) (4,4,0.0573342) (9,4,0.998355) (10,4,-0.0573342) 
Q:
size: 5 5
(0,0,2) (1,0,-0.0473691) (2,0,0.664492) (3,0,0.736856) (4,0,0.0816539) (0,1,-0.0473691) (1,1,2) (2,1,0.71498) (3,1,0.710195) (0,2,0.664492) (1,2,0.71498) (2,2,2) (4,2,0.690542) (0,3,0.736856) (1,3,0.710195) (3,3,2) (4,3,0.733959) (0,4,0.0816539) (2,4,0.690542) (3,4,0.733959) (4,4,2) 
Minv:
size: 12 12
(0,0,1) (1,1,1) (2,2,2) (3,3,1) (4,4,1) (5,5,2) (6,6,1) (7,7,1) (8,8,2) (9,9,1) (10,10,1) (11,11,2) 
v0:
size: 12 1
(0,0,0.336252) (1,0,0.884517) (2,0,0) (3,0,0.692587) (4,0,-0.413198) (5,0,0) (6,0,-0.0544226) (7,0,-0.132547) (8,0,0) (9,0,-0.580341) (10,0,0.272194) (11,0,0) 
ipopt_sol:
size: 5 1
(0,0,1.21775) (1,0,0.34546) (2,0,0.141417) (3,0,0) (4,0,1.21159) 
policy_sol:
size: 5 1
(0,0,1.21775) (1,0,0.34546) (2,0,0.141417) (3,0,0) (4,0,1.21159) 

policy_converges:
1
ipopt_converges:
0
