solve status: 0
N:
size: 12 4
(0,0,-0.0798106) (1,0,-0.99681) (3,0,0.0798106) (4,0,0.99681) (0,1,-0.719437) (1,1,-0.694558) (9,1,0.719437) (10,1,0.694558) (3,2,-0.695324) (4,2,0.718697) (6,2,0.695324) (7,2,-0.718697) (6,3,0.0123848) (7,3,-0.999923) (9,3,-0.0123848) (10,3,0.999923) 
Q:
size: 4 4
(0,0,2) (1,0,0.749761) (2,0,0.66091) (0,1,0.749761) (1,1,2) (3,1,0.685595) (0,2,0.66091) (2,2,2) (3,2,0.727253) (1,3,0.685595) (2,3,0.727253) (3,3,2) 
Minv:
size: 12 12
(0,0,1) (1,1,1) (2,2,2) (3,3,1) (4,4,1) (5,5,2) (6,6,1) (7,7,1) (8,8,2) (9,9,1) (10,10,1) (11,11,2) 
v0:
size: 12 1
(0,0,0.405908) (1,0,0.839072) (2,0,0) (3,0,-0.200381) (4,0,-0.391185) (5,0,0) (6,0,0.657258) (7,0,0.848536) (8,0,0) (9,0,-0.177848) (10,0,-0.790969) (11,0,0) 
ipopt_sol:
size: 4 1
(0,0,1.01409) (1,0,0.695239) (2,0,0) (3,0,1.39071) 
policy_sol:
size: 4 1
(0,0,1.01409) (1,0,0.695239) (2,0,0) (3,0,1.39071) 

policy_converges:
1
ipopt_converges:
0
