solve status: 0
N:
size: 12 5
(0,0,-0.0411219) (1,0,-0.999154) (3,0,0.0411219) (4,0,0.999154) (0,1,-0.999718) (1,1,-0.0237473) (6,1,0.999718) (7,1,0.0237473) (0,2,-0.682264) (1,2,-0.731106) (9,2,0.682264) (10,2,0.731106) (3,3,-0.714977) (4,3,0.699148) (6,3,0.714977) (7,3,-0.699148) (3,4,-0.998966) (4,4,-0.0454672) (9,4,0.998966) (10,4,0.0454672) 
Q:
size: 5 5
(0,0,2) (1,0,0.0648376) (2,0,0.758543) (3,0,0.669155) (4,0,-0.0865082) (0,1,0.0648376) (1,1,2) (2,1,0.699434) (3,1,0.698173) (0,2,0.758543) (1,2,0.699434) (2,2,2) (4,2,0.7148) (0,3,0.669155) (1,3,0.698173) (3,3,2) (4,3,0.68245) (0,4,-0.0865082) (2,4,0.7148) (3,4,0.68245) (4,4,2) 
Minv:
size: 12 12
(0,0,1) (1,1,1) (2,2,2) (3,3,1) (4,4,1) (5,5,2) (6,6,1) (7,7,1) (8,8,2) (9,9,1) (10,10,1) (11,11,2) 
v0:
size: 12 1
(0,0,0.761276) (1,0,0.242529) (2,0,0) (3,0,0.877281) (4,0,-0.329845) (5,0,0) (6,0,-0.160694) (7,0,-0.626704) (8,0,0) (9,0,-0.672351) (10,0,-0.648043) (11,0,0) 
ipopt_sol:
size: 5 1
(0,0,0.281157) (1,0,0.637862) (2,0,0.844612) (3,0,0) (4,0,1.27279) 
policy_sol:
size: 5 1
(0,0,0.281157) (1,0,0.637862) (2,0,0.844612) (3,0,0) (4,0,1.27279) 

policy_converges:
1
ipopt_converges:
0
