solve status: 0
N:
size: 12 5
(0,0,0.0386917) (1,0,-0.999251) (3,0,-0.0386917) (4,0,0.999251) (0,1,-0.707688) (1,1,-0.706525) (9,1,0.707688) (10,1,0.706525) (3,2,-0.712698) (4,2,0.701471) (6,2,0.712698) (7,2,-0.701471) (3,3,-0.999361) (4,3,0.0357399) (9,3,0.999361) (10,3,-0.0357399) (6,4,-0.0621399) (7,4,-0.998067) (9,4,0.0621399) (10,4,0.998067) 
Q:
size: 5 5
(0,0,2) (1,0,0.678614) (2,0,0.728521) (3,0,0.0743802) (0,1,0.678614) (1,1,2) (3,1,0.681985) (4,1,0.749135) (0,2,0.728521) (2,2,2) (3,2,0.737314) (4,2,0.655828) (0,3,0.0743802) (1,3,0.681985) (2,3,0.737314) (3,3,2) (4,3,0.0264293) (1,4,0.749135) (2,4,0.655828) (3,4,0.0264293) (4,4,2) 
Minv:
size: 12 12
(0,0,1) (1,1,1) (2,2,2) (3,3,1) (4,4,1) (5,5,2) (6,6,1) (7,7,1) (8,8,2) (9,9,1) (10,10,1) (11,11,2) 
v0:
size: 12 1
(0,0,-0.58383) (1,0,0.333949) (2,0,0) (3,0,0.452636) (4,0,-0.120904) (5,0,0) (6,0,-0.256588) (7,0,0.598538) (8,0,0) (9,0,-0.863396) (10,0,0.549746) (11,0,0) 
ipopt_sol:
size: 5 1
(0,0,0.274753) (1,0,0) (2,0,0.486204) (3,0,1.1497) (4,0,0) 
policy_sol:
size: 5 1
(0,0,0.274753) (1,0,0) (2,0,0.486204) (3,0,1.1497) (4,0,0) 

policy_converges:
1
ipopt_converges:
0
