solve status: 0
N:
size: 12 3
(0,0,-0.999976) (1,0,-0.0069247) (6,0,0.999976) (7,0,0.0069247) (0,1,-0.682527) (1,1,-0.73086) (9,1,0.682527) (10,1,0.73086) (3,2,-0.996962) (4,2,-0.0778915) (9,2,0.996962) (10,2,0.0778915) 
Q:
size: 3 3
(0,0,2) (1,0,0.687572) (0,1,0.687572) (1,1,2) (2,1,0.737381) (1,2,0.737381) (2,2,2) 
Minv:
size: 12 12
(0,0,1) (1,1,1) (2,2,2) (3,3,1) (4,4,1) (5,5,2) (6,6,1) (7,7,1) (8,8,2) (9,9,1) (10,10,1) (11,11,2) 
v0:
size: 12 1
(0,0,0.95974) (1,0,0.00976392) (2,0,0) (3,0,0.843811) (4,0,0.596877) (5,0,0) (6,0,0.524906) (7,0,-0.306813) (8,0,0) (9,0,-0.014258) (10,0,0.178936) (11,0,0) 
ipopt_sol:
size: 3 1
(0,0,0.407749) (1,0,0.0851289) (2,0,0.85663) 
policy_sol:
size: 3 1
(0,0,0.407749) (1,0,0.0851289) (2,0,0.85663) 

policy_converges:
1
ipopt_converges:
0
