solve status: 0
N:
size: 12 2
(0,0,-0.999068) (1,0,0.0431743) (6,0,0.999068) (7,0,-0.0431743) (0,1,-0.706409) (1,1,-0.707804) (9,1,0.706409) (10,1,0.707804) 
Q:
size: 2 2
(0,0,2) (1,0,0.675191) (0,1,0.675191) (1,1,2) 
Minv:
size: 12 12
(0,0,1) (1,1,1) (2,2,2) (3,3,1) (4,4,1) (5,5,2) (6,6,1) (7,7,1) (8,8,2) (9,9,1) (10,10,1) (11,11,2) 
v0:
size: 12 1
(0,0,0.183102) (1,0,0.0755393) (2,0,0) (3,0,-0.303598) (4,0,0.475717) (5,0,0) (6,0,-0.891027) (7,0,-0.393081) (8,0,0) (9,0,0.203681) (10,0,-0.369438) (11,0,0) 
ipopt_sol:
size: 2 1
(0,0,1.05289) (1,0,0) 
policy_sol:
size: 2 1
(0,0,1.05289) (1,0,0) 

policy_converges:
1
ipopt_converges:
0
