solve status: 0
N:
size: 12 5
(0,0,0.00591065) (1,0,-0.999983) (3,0,-0.00591065) (4,0,0.999983) (0,1,-0.999515) (1,1,0.031137) (6,1,0.999515) (7,1,-0.031137) (0,2,-0.727907) (1,2,-0.685676) (9,2,0.727907) (10,2,0.685676) (3,3,-0.694474) (4,3,0.719517) (6,3,0.694474) (7,3,-0.719517) (6,4,-0.00834433) (7,4,-0.999965) (9,4,0.00834433) (10,4,0.999965) 
Q:
size: 5 5
(0,0,2) (1,0,-0.0370442) (2,0,0.681362) (3,0,0.72361) (0,1,-0.0370442) (1,1,2) (2,1,0.706204) (3,1,0.716541) (4,1,0.0227956) (0,2,0.681362) (1,2,0.706204) (2,2,2) (4,2,0.691726) (0,3,0.72361) (1,3,0.716541) (3,3,2) (4,3,0.713697) (1,4,0.0227956) (2,4,0.691726) (3,4,0.713697) (4,4,2) 
Minv:
size: 12 12
(0,0,1) (1,1,1) (2,2,2) (3,3,1) (4,4,1) (5,5,2) (6,6,1) (7,7,1) (8,8,2) (9,9,1) (10,10,1) (11,11,2) 
v0:
size: 12 1
(0,0,-0.588902) (1,0,0.703121) (2,0,0) (3,0,-0.737754) (4,0,-0.28957) (5,0,0) (6,0,-0.919304) (7,0,0.0744226) (8,0,0) (9,0,-0.21854) (10,0,0.0536382) (11,0,0) 
ipopt_sol:
size: 5 1
(0,0,0.997889) (1,0,0.329022) (2,0,0) (3,0,0) (4,0,0.0111861) 
policy_sol:
size: 5 1
(0,0,0.997889) (1,0,0.329022) (2,0,0) (3,0,0) (4,0,0.0111861) 

policy_converges:
1
ipopt_converges:
0
