solve status: 0
N:
size: 12 2
(0,0,-0.0726988) (1,0,-0.997354) (3,0,0.0726988) (4,0,0.997354) (0,1,-0.695649) (1,1,-0.718382) (9,1,0.695649) (10,1,0.718382) 
Q:
size: 2 2
(0,0,2) (1,0,0.767054) (0,1,0.767054) (1,1,2) 
Minv:
size: 12 12
(0,0,1) (1,1,1) (2,2,2) (3,3,1) (4,4,1) (5,5,2) (6,6,1) (7,7,1) (8,8,2) (9,9,1) (10,10,1) (11,11,2) 
v0:
size: 12 1
(0,0,-0.241627) (1,0,0.994389) (2,0,0) (3,0,-0.747525) (4,0,-0.0582613) (5,0,0) (6,0,0.870935) (7,0,-0.665881) (8,0,0) (9,0,-0.357479) (10,0,-0.485264) (11,0,0) 
ipopt_sol:
size: 2 1
(0,0,0.759827) (1,0,0.852134) 
policy_sol:
size: 2 1
(0,0,0.759827) (1,0,0.852134) 

policy_converges:
1
ipopt_converges:
1
