solve status: 0
N:
size: 12 2
(0,0,-0.726112) (1,0,-0.687576) (9,0,0.726112) (10,0,0.687576) (6,1,-0.000738312) (7,1,-1) (9,1,0.000738312) (10,1,1) 
Q:
size: 2 2
(0,0,2) (1,0,0.688112) (0,1,0.688112) (1,1,2) 
Minv:
size: 12 12
(0,0,1) (1,1,1) (2,2,2) (3,3,1) (4,4,1) (5,5,2) (6,6,1) (7,7,1) (8,8,2) (9,9,1) (10,10,1) (11,11,2) 
v0:
size: 12 1
(0,0,0.457245) (1,0,0.2629) (2,0,0) (3,0,0.158051) (4,0,0.661716) (5,0,0) (6,0,0.609722) (7,0,0.26923) (8,0,0) (9,0,0.44979) (10,0,-0.861597) (11,0,0) 
ipopt_sol:
size: 2 1
(0,0,0.441777) (1,0,0.978949) 
policy_sol:
size: 2 1
(0,0,0.441777) (1,0,0.978949) 

policy_converges:
1
ipopt_converges:
1
