solve status: 0
N:
size: 12 4
(0,0,-0.999946) (1,0,-0.0104226) (6,0,0.999946) (7,0,0.0104226) (0,1,-0.727414) (1,1,-0.686199) (9,1,0.727414) (10,1,0.686199) (3,2,-0.99871) (4,2,0.0507808) (9,2,0.99871) (10,2,-0.0507808) (6,3,0.00496429) (7,3,-0.999988) (9,3,-0.00496429) (10,3,0.999988) 
Q:
size: 4 4
(0,0,2) (1,0,0.734526) (3,0,-0.00545844) (0,1,0.734526) (1,1,2) (2,1,0.69163) (3,1,0.682579) (1,2,0.69163) (2,2,2) (3,2,-0.0557381) (0,3,-0.00545844) (1,3,0.682579) (2,3,-0.0557381) (3,3,2) 
Minv:
size: 12 12
(0,0,1) (1,1,1) (2,2,2) (3,3,1) (4,4,1) (5,5,2) (6,6,1) (7,7,1) (8,8,2) (9,9,1) (10,10,1) (11,11,2) 
v0:
size: 12 1
(0,0,0.354299) (1,0,0.00422404) (2,0,0) (3,0,0.123932) (4,0,0.803919) (5,0,0) (6,0,0.0861684) (7,0,0.614605) (8,0,0) (9,0,-0.805761) (10,0,-0.917967) (11,0,0) 
ipopt_sol:
size: 4 1
(0,0,0) (1,0,0.846434) (2,0,0.583334) (3,0,1.2555) 
policy_sol:
size: 4 1
(0,0,0) (1,0,0.846434) (2,0,0.583334) (3,0,1.2555) 

policy_converges:
1
ipopt_converges:
0
