solve status: 0
N:
size: 12 3
(0,0,-0.0109595) (1,0,-0.99994) (3,0,0.0109595) (4,0,0.99994) (3,1,-0.702611) (4,1,0.711574) (6,1,0.702611) (7,1,-0.711574) (6,2,-0.00643684) (7,2,-0.999979) (9,2,0.00643684) (10,2,0.999979) 
Q:
size: 3 3
(0,0,2) (1,0,0.703831) (0,1,0.703831) (1,1,2) (2,1,0.707037) (1,2,0.707037) (2,2,2) 
Minv:
size: 12 12
(0,0,1) (1,1,1) (2,2,2) (3,3,1) (4,4,1) (5,5,2) (6,6,1) (7,7,1) (8,8,2) (9,9,1) (10,10,1) (11,11,2) 
v0:
size: 12 1
(0,0,-0.569276) (1,0,0.184483) (2,0,0) (3,0,0.202187) (4,0,-0.99622) (5,0,0) (6,0,0.0490909) (7,0,-0.0139137) (8,0,0) (9,0,0.493812) (10,0,-0.278338) (11,0,0) 
ipopt_sol:
size: 3 1
(0,0,1.03089) (1,0,0.401473) (2,0,0.119628) 
policy_sol:
size: 3 1
(0,0,1.03089) (1,0,0.401473) (2,0,0.119628) 

policy_converges:
1
ipopt_converges:
1
